unlimited
PROGRAM: shmem
Looking for /opt/programs/shmem/ebpf-collect.c
Initializing eBPF for Shared Memory monitoring...
BPF C code compiled and loaded.
[17:16:08] 
Start Indicator file defined '/mnt/flux/start_ebpf_collection'. Waiting.
[17:16:32] Start indicator found. Proceeding.
Attaching tracepoints...
  Kprobes for shm_open/shm_unlink should auto-attach if symbols exist.
Finished attaching probes.

--- Shared Memory Stats Summary at 17:16:37 ---
{"tgid": 12205, "comm": "lmp", "shmget": 1, "shmat": 1, "shmdt": 1, "rmid": 1, "get_mb": 0.00390625, "shmopen": 0, "unlink": 0, "mmap_sh": 1, "munmap": 27, "mmap_sh_mb": 4.000007629394531}
{"tgid": 12207, "comm": "lmp", "shmget": 1, "shmat": 1, "shmdt": 1, "rmid": 1, "get_mb": 0.00390625, "shmopen": 0, "unlink": 0, "mmap_sh": 1, "munmap": 27, "mmap_sh_mb": 4.000007629394531}
{"tgid": 12139, "comm": "lmp", "shmget": 1, "shmat": 1, "shmdt": 1, "rmid": 1, "get_mb": 0.00390625, "shmopen": 0, "unlink": 0, "mmap_sh": 1, "munmap": 27, "mmap_sh_mb": 4.000007629394531}
{"tgid": 12239, "comm": "lmp", "shmget": 1, "shmat": 1, "shmdt": 1, "rmid": 1, "get_mb": 0.00390625, "shmopen": 0, "unlink": 0, "mmap_sh": 1, "munmap": 27, "mmap_sh_mb": 4.000007629394531}
{"tgid": 12253, "comm": "lmp", "shmget": 1, "shmat": 1, "shmdt": 1, "rmid": 1, "get_mb": 0.00390625, "shmopen": 0, "unlink": 0, "mmap_sh": 1, "munmap": 27, "mmap_sh_mb": 4.000007629394531}
{"tgid": 12223, "comm": "lmp", "shmget": 1, "shmat": 1, "shmdt": 1, "rmid": 1, "get_mb": 0.00390625, "shmopen": 0, "unlink": 0, "mmap_sh": 1, "munmap": 27, "mmap_sh_mb": 4.000007629394531}
{"tgid": 12117, "comm": "lmp", "shmget": 1, "shmat": 1, "shmdt": 1, "rmid": 1, "get_mb": 0.00390625, "shmopen": 0, "unlink": 0, "mmap_sh": 1, "munmap": 27, "mmap_sh_mb": 4.000007629394531}
{"tgid": 12269, "comm": "lmp", "shmget": 1, "shmat": 1, "shmdt": 1, "rmid": 1, "get_mb": 0.00390625, "shmopen": 0, "unlink": 0, "mmap_sh": 1, "munmap": 27, "mmap_sh_mb": 4.000007629394531}
{"tgid": 12209, "comm": "lmp", "shmget": 1, "shmat": 1, "shmdt": 1, "rmid": 1, "get_mb": 0.00390625, "shmopen": 0, "unlink": 0, "mmap_sh": 1, "munmap": 27, "mmap_sh_mb": 4.000007629394531}
{"tgid": 12191, "comm": "lmp", "shmget": 1, "shmat": 1, "shmdt": 1, "rmid": 1, "get_mb": 0.00390625, "shmopen": 0, "unlink": 0, "mmap_sh": 1, "munmap": 27, "mmap_sh_mb": 4.000007629394531}
{"tgid": 12193, "comm": "lmp", "shmget": 1, "shmat": 1, "shmdt": 1, "rmid": 1, "get_mb": 0.00390625, "shmopen": 0, "unlink": 0, "mmap_sh": 1, "munmap": 27, "mmap_sh_mb": 4.000007629394531}
{"tgid": 12145, "comm": "lmp", "shmget": 1, "shmat": 1, "shmdt": 1, "rmid": 1, "get_mb": 0.00390625, "shmopen": 0, "unlink": 0, "mmap_sh": 1, "munmap": 27, "mmap_sh_mb": 4.000007629394531}
{"tgid": 12108, "comm": "lmp", "shmget": 1, "shmat": 1, "shmdt": 1, "rmid": 1, "get_mb": 0.00390625, "shmopen": 0, "unlink": 0, "mmap_sh": 1, "munmap": 27, "mmap_sh_mb": 4.000007629394531}
{"tgid": 12167, "comm": "lmp", "shmget": 1, "shmat": 1, "shmdt": 1, "rmid": 1, "get_mb": 0.00390625, "shmopen": 0, "unlink": 0, "mmap_sh": 1, "munmap": 27, "mmap_sh_mb": 4.000007629394531}
{"tgid": 12203, "comm": "lmp", "shmget": 1, "shmat": 1, "shmdt": 1, "rmid": 1, "get_mb": 0.00390625, "shmopen": 0, "unlink": 0, "mmap_sh": 1, "munmap": 27, "mmap_sh_mb": 4.000007629394531}
{"tgid": 12267, "comm": "lmp", "shmget": 1, "shmat": 1, "shmdt": 1, "rmid": 1, "get_mb": 0.00390625, "shmopen": 0, "unlink": 0, "mmap_sh": 1, "munmap": 27, "mmap_sh_mb": 4.000007629394531}
{"tgid": 12111, "comm": "lmp", "shmget": 1, "shmat": 1, "shmdt": 1, "rmid": 1, "get_mb": 0.00390625, "shmopen": 0, "unlink": 0, "mmap_sh": 1, "munmap": 27, "mmap_sh_mb": 4.000007629394531}
{"tgid": 12280, "comm": "lmp", "shmget": 1, "shmat": 1, "shmdt": 1, "rmid": 1, "get_mb": 0.00390625, "shmopen": 0, "unlink": 0, "mmap_sh": 1, "munmap": 27, "mmap_sh_mb": 4.000007629394531}
{"tgid": 12143, "comm": "lmp", "shmget": 1, "shmat": 1, "shmdt": 1, "rmid": 1, "get_mb": 0.00390625, "shmopen": 0, "unlink": 0, "mmap_sh": 1, "munmap": 27, "mmap_sh_mb": 4.000007629394531}
{"tgid": 12217, "comm": "lmp", "shmget": 1, "shmat": 1, "shmdt": 1, "rmid": 1, "get_mb": 0.00390625, "shmopen": 0, "unlink": 0, "mmap_sh": 1, "munmap": 27, "mmap_sh_mb": 4.000007629394531}

--- Shared Memory Stats Summary at 17:16:42 ---
{"tgid": 12205, "comm": "lmp", "shmget": 1, "shmat": 1, "shmdt": 1, "rmid": 1, "get_mb": 0.00390625, "shmopen": 0, "unlink": 0, "mmap_sh": 88, "munmap": 34, "mmap_sh_mb": 352.00067138671875}
{"tgid": 12207, "comm": "lmp", "shmget": 1, "shmat": 1, "shmdt": 1, "rmid": 1, "get_mb": 0.00390625, "shmopen": 0, "unlink": 0, "mmap_sh": 88, "munmap": 34, "mmap_sh_mb": 352.00067138671875}
{"tgid": 12139, "comm": "lmp", "shmget": 1, "shmat": 1, "shmdt": 1, "rmid": 1, "get_mb": 0.00390625, "shmopen": 0, "unlink": 0, "mmap_sh": 88, "munmap": 35, "mmap_sh_mb": 352.00067138671875}
{"tgid": 12239, "comm": "lmp", "shmget": 1, "shmat": 1, "shmdt": 1, "rmid": 1, "get_mb": 0.00390625, "shmopen": 0, "unlink": 0, "mmap_sh": 88, "munmap": 34, "mmap_sh_mb": 352.00067138671875}
{"tgid": 12253, "comm": "lmp", "shmget": 1, "shmat": 1, "shmdt": 1, "rmid": 1, "get_mb": 0.00390625, "shmopen": 0, "unlink": 0, "mmap_sh": 88, "munmap": 35, "mmap_sh_mb": 352.00067138671875}
{"tgid": 12223, "comm": "lmp", "shmget": 1, "shmat": 1, "shmdt": 1, "rmid": 1, "get_mb": 0.00390625, "shmopen": 0, "unlink": 0, "mmap_sh": 88, "munmap": 34, "mmap_sh_mb": 352.00067138671875}
{"tgid": 12117, "comm": "lmp", "shmget": 1, "shmat": 1, "shmdt": 1, "rmid": 1, "get_mb": 0.00390625, "shmopen": 0, "unlink": 0, "mmap_sh": 88, "munmap": 34, "mmap_sh_mb": 352.00067138671875}
{"tgid": 12269, "comm": "lmp", "shmget": 1, "shmat": 1, "shmdt": 1, "rmid": 1, "get_mb": 0.00390625, "shmopen": 0, "unlink": 0, "mmap_sh": 88, "munmap": 35, "mmap_sh_mb": 352.00067138671875}
{"tgid": 12209, "comm": "lmp", "shmget": 1, "shmat": 1, "shmdt": 1, "rmid": 1, "get_mb": 0.00390625, "shmopen": 0, "unlink": 0, "mmap_sh": 88, "munmap": 34, "mmap_sh_mb": 352.00067138671875}
{"tgid": 12191, "comm": "lmp", "shmget": 1, "shmat": 1, "shmdt": 1, "rmid": 1, "get_mb": 0.00390625, "shmopen": 0, "unlink": 0, "mmap_sh": 88, "munmap": 34, "mmap_sh_mb": 352.00067138671875}
{"tgid": 12193, "comm": "lmp", "shmget": 1, "shmat": 1, "shmdt": 1, "rmid": 1, "get_mb": 0.00390625, "shmopen": 0, "unlink": 0, "mmap_sh": 88, "munmap": 34, "mmap_sh_mb": 352.00067138671875}
{"tgid": 12145, "comm": "lmp", "shmget": 1, "shmat": 1, "shmdt": 1, "rmid": 1, "get_mb": 0.00390625, "shmopen": 0, "unlink": 0, "mmap_sh": 88, "munmap": 34, "mmap_sh_mb": 352.00067138671875}
{"tgid": 12108, "comm": "lmp", "shmget": 1, "shmat": 1, "shmdt": 1, "rmid": 1, "get_mb": 0.00390625, "shmopen": 0, "unlink": 0, "mmap_sh": 88, "munmap": 35, "mmap_sh_mb": 352.00067138671875}
{"tgid": 12167, "comm": "lmp", "shmget": 1, "shmat": 1, "shmdt": 1, "rmid": 1, "get_mb": 0.00390625, "shmopen": 0, "unlink": 0, "mmap_sh": 88, "munmap": 34, "mmap_sh_mb": 352.00067138671875}
{"tgid": 12203, "comm": "lmp", "shmget": 1, "shmat": 1, "shmdt": 1, "rmid": 1, "get_mb": 0.00390625, "shmopen": 0, "unlink": 0, "mmap_sh": 88, "munmap": 35, "mmap_sh_mb": 352.00067138671875}
{"tgid": 12267, "comm": "lmp", "shmget": 1, "shmat": 1, "shmdt": 1, "rmid": 1, "get_mb": 0.00390625, "shmopen": 0, "unlink": 0, "mmap_sh": 88, "munmap": 35, "mmap_sh_mb": 352.00067138671875}
{"tgid": 12111, "comm": "lmp", "shmget": 1, "shmat": 1, "shmdt": 1, "rmid": 1, "get_mb": 0.00390625, "shmopen": 0, "unlink": 0, "mmap_sh": 88, "munmap": 34, "mmap_sh_mb": 352.00067138671875}
{"tgid": 12280, "comm": "lmp", "shmget": 1, "shmat": 1, "shmdt": 1, "rmid": 1, "get_mb": 0.00390625, "shmopen": 0, "unlink": 0, "mmap_sh": 88, "munmap": 35, "mmap_sh_mb": 352.00067138671875}
{"tgid": 12143, "comm": "lmp", "shmget": 1, "shmat": 1, "shmdt": 1, "rmid": 1, "get_mb": 0.00390625, "shmopen": 0, "unlink": 0, "mmap_sh": 88, "munmap": 34, "mmap_sh_mb": 352.00067138671875}
{"tgid": 12217, "comm": "lmp", "shmget": 1, "shmat": 1, "shmdt": 1, "rmid": 1, "get_mb": 0.00390625, "shmopen": 0, "unlink": 0, "mmap_sh": 88, "munmap": 34, "mmap_sh_mb": 352.00067138671875}

--- Shared Memory Stats Summary at 17:16:47 ---
{"tgid": 12205, "comm": "lmp", "shmget": 1, "shmat": 1, "shmdt": 1, "rmid": 1, "get_mb": 0.00390625, "shmopen": 0, "unlink": 0, "mmap_sh": 88, "munmap": 34, "mmap_sh_mb": 352.00067138671875}
{"tgid": 12207, "comm": "lmp", "shmget": 1, "shmat": 1, "shmdt": 1, "rmid": 1, "get_mb": 0.00390625, "shmopen": 0, "unlink": 0, "mmap_sh": 88, "munmap": 34, "mmap_sh_mb": 352.00067138671875}
{"tgid": 12139, "comm": "lmp", "shmget": 1, "shmat": 1, "shmdt": 1, "rmid": 1, "get_mb": 0.00390625, "shmopen": 0, "unlink": 0, "mmap_sh": 88, "munmap": 35, "mmap_sh_mb": 352.00067138671875}
{"tgid": 12239, "comm": "lmp", "shmget": 1, "shmat": 1, "shmdt": 1, "rmid": 1, "get_mb": 0.00390625, "shmopen": 0, "unlink": 0, "mmap_sh": 88, "munmap": 34, "mmap_sh_mb": 352.00067138671875}
{"tgid": 12253, "comm": "lmp", "shmget": 1, "shmat": 1, "shmdt": 1, "rmid": 1, "get_mb": 0.00390625, "shmopen": 0, "unlink": 0, "mmap_sh": 88, "munmap": 35, "mmap_sh_mb": 352.00067138671875}
{"tgid": 12223, "comm": "lmp", "shmget": 1, "shmat": 1, "shmdt": 1, "rmid": 1, "get_mb": 0.00390625, "shmopen": 0, "unlink": 0, "mmap_sh": 88, "munmap": 34, "mmap_sh_mb": 352.00067138671875}
{"tgid": 12117, "comm": "lmp", "shmget": 1, "shmat": 1, "shmdt": 1, "rmid": 1, "get_mb": 0.00390625, "shmopen": 0, "unlink": 0, "mmap_sh": 88, "munmap": 34, "mmap_sh_mb": 352.00067138671875}
{"tgid": 12269, "comm": "lmp", "shmget": 1, "shmat": 1, "shmdt": 1, "rmid": 1, "get_mb": 0.00390625, "shmopen": 0, "unlink": 0, "mmap_sh": 88, "munmap": 35, "mmap_sh_mb": 352.00067138671875}
{"tgid": 12209, "comm": "lmp", "shmget": 1, "shmat": 1, "shmdt": 1, "rmid": 1, "get_mb": 0.00390625, "shmopen": 0, "unlink": 0, "mmap_sh": 88, "munmap": 34, "mmap_sh_mb": 352.00067138671875}
{"tgid": 12191, "comm": "lmp", "shmget": 1, "shmat": 1, "shmdt": 1, "rmid": 1, "get_mb": 0.00390625, "shmopen": 0, "unlink": 0, "mmap_sh": 88, "munmap": 34, "mmap_sh_mb": 352.00067138671875}
{"tgid": 12193, "comm": "lmp", "shmget": 1, "shmat": 1, "shmdt": 1, "rmid": 1, "get_mb": 0.00390625, "shmopen": 0, "unlink": 0, "mmap_sh": 88, "munmap": 34, "mmap_sh_mb": 352.00067138671875}
{"tgid": 12145, "comm": "lmp", "shmget": 1, "shmat": 1, "shmdt": 1, "rmid": 1, "get_mb": 0.00390625, "shmopen": 0, "unlink": 0, "mmap_sh": 88, "munmap": 34, "mmap_sh_mb": 352.00067138671875}
{"tgid": 12108, "comm": "lmp", "shmget": 1, "shmat": 1, "shmdt": 1, "rmid": 1, "get_mb": 0.00390625, "shmopen": 0, "unlink": 0, "mmap_sh": 88, "munmap": 35, "mmap_sh_mb": 352.00067138671875}
{"tgid": 12167, "comm": "lmp", "shmget": 1, "shmat": 1, "shmdt": 1, "rmid": 1, "get_mb": 0.00390625, "shmopen": 0, "unlink": 0, "mmap_sh": 88, "munmap": 34, "mmap_sh_mb": 352.00067138671875}
{"tgid": 12203, "comm": "lmp", "shmget": 1, "shmat": 1, "shmdt": 1, "rmid": 1, "get_mb": 0.00390625, "shmopen": 0, "unlink": 0, "mmap_sh": 88, "munmap": 35, "mmap_sh_mb": 352.00067138671875}
{"tgid": 12267, "comm": "lmp", "shmget": 1, "shmat": 1, "shmdt": 1, "rmid": 1, "get_mb": 0.00390625, "shmopen": 0, "unlink": 0, "mmap_sh": 88, "munmap": 35, "mmap_sh_mb": 352.00067138671875}
{"tgid": 12111, "comm": "lmp", "shmget": 1, "shmat": 1, "shmdt": 1, "rmid": 1, "get_mb": 0.00390625, "shmopen": 0, "unlink": 0, "mmap_sh": 88, "munmap": 34, "mmap_sh_mb": 352.00067138671875}
{"tgid": 12280, "comm": "lmp", "shmget": 1, "shmat": 1, "shmdt": 1, "rmid": 1, "get_mb": 0.00390625, "shmopen": 0, "unlink": 0, "mmap_sh": 88, "munmap": 35, "mmap_sh_mb": 352.00067138671875}
{"tgid": 12143, "comm": "lmp", "shmget": 1, "shmat": 1, "shmdt": 1, "rmid": 1, "get_mb": 0.00390625, "shmopen": 0, "unlink": 0, "mmap_sh": 88, "munmap": 34, "mmap_sh_mb": 352.00067138671875}
{"tgid": 12217, "comm": "lmp", "shmget": 1, "shmat": 1, "shmdt": 1, "rmid": 1, "get_mb": 0.00390625, "shmopen": 0, "unlink": 0, "mmap_sh": 88, "munmap": 34, "mmap_sh_mb": 352.00067138671875}

--- Shared Memory Stats Summary at 17:16:52 ---
{"tgid": 12205, "comm": "lmp", "shmget": 1, "shmat": 1, "shmdt": 1, "rmid": 1, "get_mb": 0.00390625, "shmopen": 0, "unlink": 0, "mmap_sh": 88, "munmap": 34, "mmap_sh_mb": 352.00067138671875}
{"tgid": 12207, "comm": "lmp", "shmget": 1, "shmat": 1, "shmdt": 1, "rmid": 1, "get_mb": 0.00390625, "shmopen": 0, "unlink": 0, "mmap_sh": 88, "munmap": 34, "mmap_sh_mb": 352.00067138671875}
{"tgid": 12139, "comm": "lmp", "shmget": 1, "shmat": 1, "shmdt": 1, "rmid": 1, "get_mb": 0.00390625, "shmopen": 0, "unlink": 0, "mmap_sh": 88, "munmap": 35, "mmap_sh_mb": 352.00067138671875}
{"tgid": 12239, "comm": "lmp", "shmget": 1, "shmat": 1, "shmdt": 1, "rmid": 1, "get_mb": 0.00390625, "shmopen": 0, "unlink": 0, "mmap_sh": 88, "munmap": 34, "mmap_sh_mb": 352.00067138671875}
{"tgid": 12253, "comm": "lmp", "shmget": 1, "shmat": 1, "shmdt": 1, "rmid": 1, "get_mb": 0.00390625, "shmopen": 0, "unlink": 0, "mmap_sh": 88, "munmap": 35, "mmap_sh_mb": 352.00067138671875}
{"tgid": 12223, "comm": "lmp", "shmget": 1, "shmat": 1, "shmdt": 1, "rmid": 1, "get_mb": 0.00390625, "shmopen": 0, "unlink": 0, "mmap_sh": 88, "munmap": 34, "mmap_sh_mb": 352.00067138671875}
{"tgid": 12117, "comm": "lmp", "shmget": 1, "shmat": 1, "shmdt": 1, "rmid": 1, "get_mb": 0.00390625, "shmopen": 0, "unlink": 0, "mmap_sh": 88, "munmap": 34, "mmap_sh_mb": 352.00067138671875}
{"tgid": 12269, "comm": "lmp", "shmget": 1, "shmat": 1, "shmdt": 1, "rmid": 1, "get_mb": 0.00390625, "shmopen": 0, "unlink": 0, "mmap_sh": 88, "munmap": 35, "mmap_sh_mb": 352.00067138671875}
{"tgid": 12209, "comm": "lmp", "shmget": 1, "shmat": 1, "shmdt": 1, "rmid": 1, "get_mb": 0.00390625, "shmopen": 0, "unlink": 0, "mmap_sh": 88, "munmap": 34, "mmap_sh_mb": 352.00067138671875}
{"tgid": 12191, "comm": "lmp", "shmget": 1, "shmat": 1, "shmdt": 1, "rmid": 1, "get_mb": 0.00390625, "shmopen": 0, "unlink": 0, "mmap_sh": 88, "munmap": 34, "mmap_sh_mb": 352.00067138671875}
{"tgid": 12193, "comm": "lmp", "shmget": 1, "shmat": 1, "shmdt": 1, "rmid": 1, "get_mb": 0.00390625, "shmopen": 0, "unlink": 0, "mmap_sh": 88, "munmap": 34, "mmap_sh_mb": 352.00067138671875}
{"tgid": 12145, "comm": "lmp", "shmget": 1, "shmat": 1, "shmdt": 1, "rmid": 1, "get_mb": 0.00390625, "shmopen": 0, "unlink": 0, "mmap_sh": 88, "munmap": 34, "mmap_sh_mb": 352.00067138671875}
{"tgid": 12108, "comm": "lmp", "shmget": 1, "shmat": 1, "shmdt": 1, "rmid": 1, "get_mb": 0.00390625, "shmopen": 0, "unlink": 0, "mmap_sh": 88, "munmap": 35, "mmap_sh_mb": 352.00067138671875}
{"tgid": 12167, "comm": "lmp", "shmget": 1, "shmat": 1, "shmdt": 1, "rmid": 1, "get_mb": 0.00390625, "shmopen": 0, "unlink": 0, "mmap_sh": 88, "munmap": 34, "mmap_sh_mb": 352.00067138671875}
{"tgid": 12203, "comm": "lmp", "shmget": 1, "shmat": 1, "shmdt": 1, "rmid": 1, "get_mb": 0.00390625, "shmopen": 0, "unlink": 0, "mmap_sh": 88, "munmap": 35, "mmap_sh_mb": 352.00067138671875}
{"tgid": 12267, "comm": "lmp", "shmget": 1, "shmat": 1, "shmdt": 1, "rmid": 1, "get_mb": 0.00390625, "shmopen": 0, "unlink": 0, "mmap_sh": 88, "munmap": 35, "mmap_sh_mb": 352.00067138671875}
{"tgid": 12111, "comm": "lmp", "shmget": 1, "shmat": 1, "shmdt": 1, "rmid": 1, "get_mb": 0.00390625, "shmopen": 0, "unlink": 0, "mmap_sh": 88, "munmap": 34, "mmap_sh_mb": 352.00067138671875}
{"tgid": 12280, "comm": "lmp", "shmget": 1, "shmat": 1, "shmdt": 1, "rmid": 1, "get_mb": 0.00390625, "shmopen": 0, "unlink": 0, "mmap_sh": 88, "munmap": 35, "mmap_sh_mb": 352.00067138671875}
{"tgid": 12143, "comm": "lmp", "shmget": 1, "shmat": 1, "shmdt": 1, "rmid": 1, "get_mb": 0.00390625, "shmopen": 0, "unlink": 0, "mmap_sh": 88, "munmap": 34, "mmap_sh_mb": 352.00067138671875}
{"tgid": 12217, "comm": "lmp", "shmget": 1, "shmat": 1, "shmdt": 1, "rmid": 1, "get_mb": 0.00390625, "shmopen": 0, "unlink": 0, "mmap_sh": 88, "munmap": 34, "mmap_sh_mb": 352.00067138671875}

--- Shared Memory Stats Summary at 17:16:57 ---
{"tgid": 12205, "comm": "lmp", "shmget": 1, "shmat": 1, "shmdt": 1, "rmid": 1, "get_mb": 0.00390625, "shmopen": 0, "unlink": 0, "mmap_sh": 88, "munmap": 34, "mmap_sh_mb": 352.00067138671875}
{"tgid": 12207, "comm": "lmp", "shmget": 1, "shmat": 1, "shmdt": 1, "rmid": 1, "get_mb": 0.00390625, "shmopen": 0, "unlink": 0, "mmap_sh": 88, "munmap": 34, "mmap_sh_mb": 352.00067138671875}
{"tgid": 12139, "comm": "lmp", "shmget": 1, "shmat": 1, "shmdt": 1, "rmid": 1, "get_mb": 0.00390625, "shmopen": 0, "unlink": 0, "mmap_sh": 88, "munmap": 35, "mmap_sh_mb": 352.00067138671875}
{"tgid": 12239, "comm": "lmp", "shmget": 1, "shmat": 1, "shmdt": 1, "rmid": 1, "get_mb": 0.00390625, "shmopen": 0, "unlink": 0, "mmap_sh": 88, "munmap": 34, "mmap_sh_mb": 352.00067138671875}
{"tgid": 12253, "comm": "lmp", "shmget": 1, "shmat": 1, "shmdt": 1, "rmid": 1, "get_mb": 0.00390625, "shmopen": 0, "unlink": 0, "mmap_sh": 88, "munmap": 35, "mmap_sh_mb": 352.00067138671875}
{"tgid": 12223, "comm": "lmp", "shmget": 1, "shmat": 1, "shmdt": 1, "rmid": 1, "get_mb": 0.00390625, "shmopen": 0, "unlink": 0, "mmap_sh": 88, "munmap": 34, "mmap_sh_mb": 352.00067138671875}
{"tgid": 12117, "comm": "lmp", "shmget": 1, "shmat": 1, "shmdt": 1, "rmid": 1, "get_mb": 0.00390625, "shmopen": 0, "unlink": 0, "mmap_sh": 88, "munmap": 34, "mmap_sh_mb": 352.00067138671875}
{"tgid": 12269, "comm": "lmp", "shmget": 1, "shmat": 1, "shmdt": 1, "rmid": 1, "get_mb": 0.00390625, "shmopen": 0, "unlink": 0, "mmap_sh": 88, "munmap": 35, "mmap_sh_mb": 352.00067138671875}
{"tgid": 12209, "comm": "lmp", "shmget": 1, "shmat": 1, "shmdt": 1, "rmid": 1, "get_mb": 0.00390625, "shmopen": 0, "unlink": 0, "mmap_sh": 88, "munmap": 34, "mmap_sh_mb": 352.00067138671875}
{"tgid": 12191, "comm": "lmp", "shmget": 1, "shmat": 1, "shmdt": 1, "rmid": 1, "get_mb": 0.00390625, "shmopen": 0, "unlink": 0, "mmap_sh": 88, "munmap": 34, "mmap_sh_mb": 352.00067138671875}
{"tgid": 12193, "comm": "lmp", "shmget": 1, "shmat": 1, "shmdt": 1, "rmid": 1, "get_mb": 0.00390625, "shmopen": 0, "unlink": 0, "mmap_sh": 88, "munmap": 34, "mmap_sh_mb": 352.00067138671875}
{"tgid": 12145, "comm": "lmp", "shmget": 1, "shmat": 1, "shmdt": 1, "rmid": 1, "get_mb": 0.00390625, "shmopen": 0, "unlink": 0, "mmap_sh": 88, "munmap": 34, "mmap_sh_mb": 352.00067138671875}
{"tgid": 12108, "comm": "lmp", "shmget": 1, "shmat": 1, "shmdt": 1, "rmid": 1, "get_mb": 0.00390625, "shmopen": 0, "unlink": 0, "mmap_sh": 88, "munmap": 35, "mmap_sh_mb": 352.00067138671875}
{"tgid": 12167, "comm": "lmp", "shmget": 1, "shmat": 1, "shmdt": 1, "rmid": 1, "get_mb": 0.00390625, "shmopen": 0, "unlink": 0, "mmap_sh": 88, "munmap": 34, "mmap_sh_mb": 352.00067138671875}
{"tgid": 12203, "comm": "lmp", "shmget": 1, "shmat": 1, "shmdt": 1, "rmid": 1, "get_mb": 0.00390625, "shmopen": 0, "unlink": 0, "mmap_sh": 88, "munmap": 35, "mmap_sh_mb": 352.00067138671875}
{"tgid": 12267, "comm": "lmp", "shmget": 1, "shmat": 1, "shmdt": 1, "rmid": 1, "get_mb": 0.00390625, "shmopen": 0, "unlink": 0, "mmap_sh": 88, "munmap": 35, "mmap_sh_mb": 352.00067138671875}
{"tgid": 12111, "comm": "lmp", "shmget": 1, "shmat": 1, "shmdt": 1, "rmid": 1, "get_mb": 0.00390625, "shmopen": 0, "unlink": 0, "mmap_sh": 88, "munmap": 34, "mmap_sh_mb": 352.00067138671875}
{"tgid": 12280, "comm": "lmp", "shmget": 1, "shmat": 1, "shmdt": 1, "rmid": 1, "get_mb": 0.00390625, "shmopen": 0, "unlink": 0, "mmap_sh": 88, "munmap": 35, "mmap_sh_mb": 352.00067138671875}
{"tgid": 12143, "comm": "lmp", "shmget": 1, "shmat": 1, "shmdt": 1, "rmid": 1, "get_mb": 0.00390625, "shmopen": 0, "unlink": 0, "mmap_sh": 88, "munmap": 34, "mmap_sh_mb": 352.00067138671875}
{"tgid": 12217, "comm": "lmp", "shmget": 1, "shmat": 1, "shmdt": 1, "rmid": 1, "get_mb": 0.00390625, "shmopen": 0, "unlink": 0, "mmap_sh": 88, "munmap": 34, "mmap_sh_mb": 352.00067138671875}

--- Shared Memory Stats Summary at 17:17:02 ---
{"tgid": 12205, "comm": "lmp", "shmget": 1, "shmat": 1, "shmdt": 1, "rmid": 1, "get_mb": 0.00390625, "shmopen": 0, "unlink": 0, "mmap_sh": 88, "munmap": 34, "mmap_sh_mb": 352.00067138671875}
{"tgid": 12207, "comm": "lmp", "shmget": 1, "shmat": 1, "shmdt": 1, "rmid": 1, "get_mb": 0.00390625, "shmopen": 0, "unlink": 0, "mmap_sh": 88, "munmap": 34, "mmap_sh_mb": 352.00067138671875}
{"tgid": 12139, "comm": "lmp", "shmget": 1, "shmat": 1, "shmdt": 1, "rmid": 1, "get_mb": 0.00390625, "shmopen": 0, "unlink": 0, "mmap_sh": 88, "munmap": 35, "mmap_sh_mb": 352.00067138671875}
{"tgid": 12239, "comm": "lmp", "shmget": 1, "shmat": 1, "shmdt": 1, "rmid": 1, "get_mb": 0.00390625, "shmopen": 0, "unlink": 0, "mmap_sh": 88, "munmap": 34, "mmap_sh_mb": 352.00067138671875}
{"tgid": 12253, "comm": "lmp", "shmget": 1, "shmat": 1, "shmdt": 1, "rmid": 1, "get_mb": 0.00390625, "shmopen": 0, "unlink": 0, "mmap_sh": 88, "munmap": 35, "mmap_sh_mb": 352.00067138671875}
{"tgid": 12223, "comm": "lmp", "shmget": 1, "shmat": 1, "shmdt": 1, "rmid": 1, "get_mb": 0.00390625, "shmopen": 0, "unlink": 0, "mmap_sh": 88, "munmap": 34, "mmap_sh_mb": 352.00067138671875}
{"tgid": 12117, "comm": "lmp", "shmget": 1, "shmat": 1, "shmdt": 1, "rmid": 1, "get_mb": 0.00390625, "shmopen": 0, "unlink": 0, "mmap_sh": 88, "munmap": 34, "mmap_sh_mb": 352.00067138671875}
{"tgid": 12269, "comm": "lmp", "shmget": 1, "shmat": 1, "shmdt": 1, "rmid": 1, "get_mb": 0.00390625, "shmopen": 0, "unlink": 0, "mmap_sh": 88, "munmap": 35, "mmap_sh_mb": 352.00067138671875}
{"tgid": 12209, "comm": "lmp", "shmget": 1, "shmat": 1, "shmdt": 1, "rmid": 1, "get_mb": 0.00390625, "shmopen": 0, "unlink": 0, "mmap_sh": 88, "munmap": 34, "mmap_sh_mb": 352.00067138671875}
{"tgid": 12191, "comm": "lmp", "shmget": 1, "shmat": 1, "shmdt": 1, "rmid": 1, "get_mb": 0.00390625, "shmopen": 0, "unlink": 0, "mmap_sh": 88, "munmap": 34, "mmap_sh_mb": 352.00067138671875}
{"tgid": 12193, "comm": "lmp", "shmget": 1, "shmat": 1, "shmdt": 1, "rmid": 1, "get_mb": 0.00390625, "shmopen": 0, "unlink": 0, "mmap_sh": 88, "munmap": 34, "mmap_sh_mb": 352.00067138671875}
{"tgid": 12145, "comm": "lmp", "shmget": 1, "shmat": 1, "shmdt": 1, "rmid": 1, "get_mb": 0.00390625, "shmopen": 0, "unlink": 0, "mmap_sh": 88, "munmap": 34, "mmap_sh_mb": 352.00067138671875}
{"tgid": 12108, "comm": "lmp", "shmget": 1, "shmat": 1, "shmdt": 1, "rmid": 1, "get_mb": 0.00390625, "shmopen": 0, "unlink": 0, "mmap_sh": 88, "munmap": 35, "mmap_sh_mb": 352.00067138671875}
{"tgid": 12167, "comm": "lmp", "shmget": 1, "shmat": 1, "shmdt": 1, "rmid": 1, "get_mb": 0.00390625, "shmopen": 0, "unlink": 0, "mmap_sh": 88, "munmap": 34, "mmap_sh_mb": 352.00067138671875}
{"tgid": 12203, "comm": "lmp", "shmget": 1, "shmat": 1, "shmdt": 1, "rmid": 1, "get_mb": 0.00390625, "shmopen": 0, "unlink": 0, "mmap_sh": 88, "munmap": 35, "mmap_sh_mb": 352.00067138671875}
{"tgid": 12267, "comm": "lmp", "shmget": 1, "shmat": 1, "shmdt": 1, "rmid": 1, "get_mb": 0.00390625, "shmopen": 0, "unlink": 0, "mmap_sh": 88, "munmap": 35, "mmap_sh_mb": 352.00067138671875}
{"tgid": 12111, "comm": "lmp", "shmget": 1, "shmat": 1, "shmdt": 1, "rmid": 1, "get_mb": 0.00390625, "shmopen": 0, "unlink": 0, "mmap_sh": 88, "munmap": 34, "mmap_sh_mb": 352.00067138671875}
{"tgid": 12280, "comm": "lmp", "shmget": 1, "shmat": 1, "shmdt": 1, "rmid": 1, "get_mb": 0.00390625, "shmopen": 0, "unlink": 0, "mmap_sh": 88, "munmap": 35, "mmap_sh_mb": 352.00067138671875}
{"tgid": 12143, "comm": "lmp", "shmget": 1, "shmat": 1, "shmdt": 1, "rmid": 1, "get_mb": 0.00390625, "shmopen": 0, "unlink": 0, "mmap_sh": 88, "munmap": 34, "mmap_sh_mb": 352.00067138671875}
{"tgid": 12217, "comm": "lmp", "shmget": 1, "shmat": 1, "shmdt": 1, "rmid": 1, "get_mb": 0.00390625, "shmopen": 0, "unlink": 0, "mmap_sh": 88, "munmap": 34, "mmap_sh_mb": 352.00067138671875}

--- Shared Memory Stats Summary at 17:17:07 ---
{"tgid": 12205, "comm": "lmp", "shmget": 1, "shmat": 1, "shmdt": 1, "rmid": 1, "get_mb": 0.00390625, "shmopen": 0, "unlink": 0, "mmap_sh": 88, "munmap": 34, "mmap_sh_mb": 352.00067138671875}
{"tgid": 12207, "comm": "lmp", "shmget": 1, "shmat": 1, "shmdt": 1, "rmid": 1, "get_mb": 0.00390625, "shmopen": 0, "unlink": 0, "mmap_sh": 88, "munmap": 34, "mmap_sh_mb": 352.00067138671875}
{"tgid": 12139, "comm": "lmp", "shmget": 1, "shmat": 1, "shmdt": 1, "rmid": 1, "get_mb": 0.00390625, "shmopen": 0, "unlink": 0, "mmap_sh": 88, "munmap": 35, "mmap_sh_mb": 352.00067138671875}
{"tgid": 12239, "comm": "lmp", "shmget": 1, "shmat": 1, "shmdt": 1, "rmid": 1, "get_mb": 0.00390625, "shmopen": 0, "unlink": 0, "mmap_sh": 88, "munmap": 34, "mmap_sh_mb": 352.00067138671875}
{"tgid": 12253, "comm": "lmp", "shmget": 1, "shmat": 1, "shmdt": 1, "rmid": 1, "get_mb": 0.00390625, "shmopen": 0, "unlink": 0, "mmap_sh": 88, "munmap": 35, "mmap_sh_mb": 352.00067138671875}
{"tgid": 12223, "comm": "lmp", "shmget": 1, "shmat": 1, "shmdt": 1, "rmid": 1, "get_mb": 0.00390625, "shmopen": 0, "unlink": 0, "mmap_sh": 88, "munmap": 34, "mmap_sh_mb": 352.00067138671875}
{"tgid": 12117, "comm": "lmp", "shmget": 1, "shmat": 1, "shmdt": 1, "rmid": 1, "get_mb": 0.00390625, "shmopen": 0, "unlink": 0, "mmap_sh": 88, "munmap": 34, "mmap_sh_mb": 352.00067138671875}
{"tgid": 12269, "comm": "lmp", "shmget": 1, "shmat": 1, "shmdt": 1, "rmid": 1, "get_mb": 0.00390625, "shmopen": 0, "unlink": 0, "mmap_sh": 88, "munmap": 35, "mmap_sh_mb": 352.00067138671875}
{"tgid": 12209, "comm": "lmp", "shmget": 1, "shmat": 1, "shmdt": 1, "rmid": 1, "get_mb": 0.00390625, "shmopen": 0, "unlink": 0, "mmap_sh": 88, "munmap": 34, "mmap_sh_mb": 352.00067138671875}
{"tgid": 12191, "comm": "lmp", "shmget": 1, "shmat": 1, "shmdt": 1, "rmid": 1, "get_mb": 0.00390625, "shmopen": 0, "unlink": 0, "mmap_sh": 88, "munmap": 34, "mmap_sh_mb": 352.00067138671875}
{"tgid": 12193, "comm": "lmp", "shmget": 1, "shmat": 1, "shmdt": 1, "rmid": 1, "get_mb": 0.00390625, "shmopen": 0, "unlink": 0, "mmap_sh": 88, "munmap": 34, "mmap_sh_mb": 352.00067138671875}
{"tgid": 12145, "comm": "lmp", "shmget": 1, "shmat": 1, "shmdt": 1, "rmid": 1, "get_mb": 0.00390625, "shmopen": 0, "unlink": 0, "mmap_sh": 88, "munmap": 34, "mmap_sh_mb": 352.00067138671875}
{"tgid": 12108, "comm": "lmp", "shmget": 1, "shmat": 1, "shmdt": 1, "rmid": 1, "get_mb": 0.00390625, "shmopen": 0, "unlink": 0, "mmap_sh": 88, "munmap": 35, "mmap_sh_mb": 352.00067138671875}
{"tgid": 12167, "comm": "lmp", "shmget": 1, "shmat": 1, "shmdt": 1, "rmid": 1, "get_mb": 0.00390625, "shmopen": 0, "unlink": 0, "mmap_sh": 88, "munmap": 34, "mmap_sh_mb": 352.00067138671875}
{"tgid": 12203, "comm": "lmp", "shmget": 1, "shmat": 1, "shmdt": 1, "rmid": 1, "get_mb": 0.00390625, "shmopen": 0, "unlink": 0, "mmap_sh": 88, "munmap": 35, "mmap_sh_mb": 352.00067138671875}
{"tgid": 12267, "comm": "lmp", "shmget": 1, "shmat": 1, "shmdt": 1, "rmid": 1, "get_mb": 0.00390625, "shmopen": 0, "unlink": 0, "mmap_sh": 88, "munmap": 35, "mmap_sh_mb": 352.00067138671875}
{"tgid": 12111, "comm": "lmp", "shmget": 1, "shmat": 1, "shmdt": 1, "rmid": 1, "get_mb": 0.00390625, "shmopen": 0, "unlink": 0, "mmap_sh": 88, "munmap": 34, "mmap_sh_mb": 352.00067138671875}
{"tgid": 12280, "comm": "lmp", "shmget": 1, "shmat": 1, "shmdt": 1, "rmid": 1, "get_mb": 0.00390625, "shmopen": 0, "unlink": 0, "mmap_sh": 88, "munmap": 35, "mmap_sh_mb": 352.00067138671875}
{"tgid": 12143, "comm": "lmp", "shmget": 1, "shmat": 1, "shmdt": 1, "rmid": 1, "get_mb": 0.00390625, "shmopen": 0, "unlink": 0, "mmap_sh": 88, "munmap": 34, "mmap_sh_mb": 352.00067138671875}
{"tgid": 12217, "comm": "lmp", "shmget": 1, "shmat": 1, "shmdt": 1, "rmid": 1, "get_mb": 0.00390625, "shmopen": 0, "unlink": 0, "mmap_sh": 88, "munmap": 34, "mmap_sh_mb": 352.00067138671875}

--- Shared Memory Stats Summary at 17:17:12 ---
{"tgid": 12205, "comm": "lmp", "shmget": 1, "shmat": 1, "shmdt": 1, "rmid": 1, "get_mb": 0.00390625, "shmopen": 0, "unlink": 0, "mmap_sh": 88, "munmap": 199, "mmap_sh_mb": 352.00067138671875}
{"tgid": 12207, "comm": "lmp", "shmget": 1, "shmat": 1, "shmdt": 1, "rmid": 1, "get_mb": 0.00390625, "shmopen": 0, "unlink": 0, "mmap_sh": 88, "munmap": 199, "mmap_sh_mb": 352.00067138671875}
{"tgid": 12139, "comm": "lmp", "shmget": 1, "shmat": 1, "shmdt": 1, "rmid": 1, "get_mb": 0.00390625, "shmopen": 0, "unlink": 0, "mmap_sh": 88, "munmap": 200, "mmap_sh_mb": 352.00067138671875}
{"tgid": 12239, "comm": "lmp", "shmget": 1, "shmat": 1, "shmdt": 1, "rmid": 1, "get_mb": 0.00390625, "shmopen": 0, "unlink": 0, "mmap_sh": 88, "munmap": 199, "mmap_sh_mb": 352.00067138671875}
{"tgid": 12253, "comm": "lmp", "shmget": 1, "shmat": 1, "shmdt": 1, "rmid": 1, "get_mb": 0.00390625, "shmopen": 0, "unlink": 0, "mmap_sh": 88, "munmap": 200, "mmap_sh_mb": 352.00067138671875}
{"tgid": 12223, "comm": "lmp", "shmget": 1, "shmat": 1, "shmdt": 1, "rmid": 1, "get_mb": 0.00390625, "shmopen": 0, "unlink": 0, "mmap_sh": 88, "munmap": 199, "mmap_sh_mb": 352.00067138671875}
{"tgid": 12117, "comm": "lmp", "shmget": 1, "shmat": 1, "shmdt": 1, "rmid": 1, "get_mb": 0.00390625, "shmopen": 0, "unlink": 0, "mmap_sh": 88, "munmap": 199, "mmap_sh_mb": 352.00067138671875}
{"tgid": 12269, "comm": "lmp", "shmget": 1, "shmat": 1, "shmdt": 1, "rmid": 1, "get_mb": 0.00390625, "shmopen": 0, "unlink": 0, "mmap_sh": 88, "munmap": 201, "mmap_sh_mb": 352.00067138671875}
{"tgid": 12209, "comm": "lmp", "shmget": 1, "shmat": 1, "shmdt": 1, "rmid": 1, "get_mb": 0.00390625, "shmopen": 0, "unlink": 0, "mmap_sh": 88, "munmap": 199, "mmap_sh_mb": 352.00067138671875}
{"tgid": 12191, "comm": "lmp", "shmget": 1, "shmat": 1, "shmdt": 1, "rmid": 1, "get_mb": 0.00390625, "shmopen": 0, "unlink": 0, "mmap_sh": 88, "munmap": 199, "mmap_sh_mb": 352.00067138671875}
{"tgid": 12193, "comm": "lmp", "shmget": 1, "shmat": 1, "shmdt": 1, "rmid": 1, "get_mb": 0.00390625, "shmopen": 0, "unlink": 0, "mmap_sh": 88, "munmap": 199, "mmap_sh_mb": 352.00067138671875}
{"tgid": 12145, "comm": "lmp", "shmget": 1, "shmat": 1, "shmdt": 1, "rmid": 1, "get_mb": 0.00390625, "shmopen": 0, "unlink": 0, "mmap_sh": 88, "munmap": 199, "mmap_sh_mb": 352.00067138671875}
{"tgid": 12108, "comm": "lmp", "shmget": 1, "shmat": 1, "shmdt": 1, "rmid": 1, "get_mb": 0.00390625, "shmopen": 0, "unlink": 0, "mmap_sh": 88, "munmap": 200, "mmap_sh_mb": 352.00067138671875}
{"tgid": 12167, "comm": "lmp", "shmget": 1, "shmat": 1, "shmdt": 1, "rmid": 1, "get_mb": 0.00390625, "shmopen": 0, "unlink": 0, "mmap_sh": 88, "munmap": 199, "mmap_sh_mb": 352.00067138671875}
{"tgid": 12203, "comm": "lmp", "shmget": 1, "shmat": 1, "shmdt": 1, "rmid": 1, "get_mb": 0.00390625, "shmopen": 0, "unlink": 0, "mmap_sh": 88, "munmap": 201, "mmap_sh_mb": 352.00067138671875}
{"tgid": 12267, "comm": "lmp", "shmget": 1, "shmat": 1, "shmdt": 1, "rmid": 1, "get_mb": 0.00390625, "shmopen": 0, "unlink": 0, "mmap_sh": 88, "munmap": 200, "mmap_sh_mb": 352.00067138671875}
{"tgid": 12111, "comm": "lmp", "shmget": 1, "shmat": 1, "shmdt": 1, "rmid": 1, "get_mb": 0.00390625, "shmopen": 0, "unlink": 0, "mmap_sh": 88, "munmap": 199, "mmap_sh_mb": 352.00067138671875}
{"tgid": 12280, "comm": "lmp", "shmget": 1, "shmat": 1, "shmdt": 1, "rmid": 1, "get_mb": 0.00390625, "shmopen": 0, "unlink": 0, "mmap_sh": 88, "munmap": 200, "mmap_sh_mb": 352.00067138671875}
{"tgid": 12143, "comm": "lmp", "shmget": 1, "shmat": 1, "shmdt": 1, "rmid": 1, "get_mb": 0.00390625, "shmopen": 0, "unlink": 0, "mmap_sh": 88, "munmap": 199, "mmap_sh_mb": 352.00067138671875}
{"tgid": 12217, "comm": "lmp", "shmget": 1, "shmat": 1, "shmdt": 1, "rmid": 1, "get_mb": 0.00390625, "shmopen": 0, "unlink": 0, "mmap_sh": 88, "munmap": 199, "mmap_sh_mb": 352.00067138671875}

--- Shared Memory Stats Summary at 17:17:17 ---
{"tgid": 12205, "comm": "lmp", "shmget": 1, "shmat": 1, "shmdt": 1, "rmid": 1, "get_mb": 0.00390625, "shmopen": 0, "unlink": 0, "mmap_sh": 88, "munmap": 199, "mmap_sh_mb": 352.00067138671875}
{"tgid": 12207, "comm": "lmp", "shmget": 1, "shmat": 1, "shmdt": 1, "rmid": 1, "get_mb": 0.00390625, "shmopen": 0, "unlink": 0, "mmap_sh": 88, "munmap": 199, "mmap_sh_mb": 352.00067138671875}
{"tgid": 12139, "comm": "lmp", "shmget": 1, "shmat": 1, "shmdt": 1, "rmid": 1, "get_mb": 0.00390625, "shmopen": 0, "unlink": 0, "mmap_sh": 88, "munmap": 200, "mmap_sh_mb": 352.00067138671875}
{"tgid": 12239, "comm": "lmp", "shmget": 1, "shmat": 1, "shmdt": 1, "rmid": 1, "get_mb": 0.00390625, "shmopen": 0, "unlink": 0, "mmap_sh": 88, "munmap": 199, "mmap_sh_mb": 352.00067138671875}
{"tgid": 12253, "comm": "lmp", "shmget": 1, "shmat": 1, "shmdt": 1, "rmid": 1, "get_mb": 0.00390625, "shmopen": 0, "unlink": 0, "mmap_sh": 88, "munmap": 200, "mmap_sh_mb": 352.00067138671875}
{"tgid": 12223, "comm": "lmp", "shmget": 1, "shmat": 1, "shmdt": 1, "rmid": 1, "get_mb": 0.00390625, "shmopen": 0, "unlink": 0, "mmap_sh": 88, "munmap": 199, "mmap_sh_mb": 352.00067138671875}
{"tgid": 12117, "comm": "lmp", "shmget": 1, "shmat": 1, "shmdt": 1, "rmid": 1, "get_mb": 0.00390625, "shmopen": 0, "unlink": 0, "mmap_sh": 88, "munmap": 199, "mmap_sh_mb": 352.00067138671875}
{"tgid": 12269, "comm": "lmp", "shmget": 1, "shmat": 1, "shmdt": 1, "rmid": 1, "get_mb": 0.00390625, "shmopen": 0, "unlink": 0, "mmap_sh": 88, "munmap": 201, "mmap_sh_mb": 352.00067138671875}
{"tgid": 12209, "comm": "lmp", "shmget": 1, "shmat": 1, "shmdt": 1, "rmid": 1, "get_mb": 0.00390625, "shmopen": 0, "unlink": 0, "mmap_sh": 88, "munmap": 199, "mmap_sh_mb": 352.00067138671875}
{"tgid": 12191, "comm": "lmp", "shmget": 1, "shmat": 1, "shmdt": 1, "rmid": 1, "get_mb": 0.00390625, "shmopen": 0, "unlink": 0, "mmap_sh": 88, "munmap": 199, "mmap_sh_mb": 352.00067138671875}
{"tgid": 12193, "comm": "lmp", "shmget": 1, "shmat": 1, "shmdt": 1, "rmid": 1, "get_mb": 0.00390625, "shmopen": 0, "unlink": 0, "mmap_sh": 88, "munmap": 199, "mmap_sh_mb": 352.00067138671875}
{"tgid": 12145, "comm": "lmp", "shmget": 1, "shmat": 1, "shmdt": 1, "rmid": 1, "get_mb": 0.00390625, "shmopen": 0, "unlink": 0, "mmap_sh": 88, "munmap": 199, "mmap_sh_mb": 352.00067138671875}
{"tgid": 12108, "comm": "lmp", "shmget": 1, "shmat": 1, "shmdt": 1, "rmid": 1, "get_mb": 0.00390625, "shmopen": 0, "unlink": 0, "mmap_sh": 88, "munmap": 200, "mmap_sh_mb": 352.00067138671875}
{"tgid": 12167, "comm": "lmp", "shmget": 1, "shmat": 1, "shmdt": 1, "rmid": 1, "get_mb": 0.00390625, "shmopen": 0, "unlink": 0, "mmap_sh": 88, "munmap": 199, "mmap_sh_mb": 352.00067138671875}
{"tgid": 12203, "comm": "lmp", "shmget": 1, "shmat": 1, "shmdt": 1, "rmid": 1, "get_mb": 0.00390625, "shmopen": 0, "unlink": 0, "mmap_sh": 88, "munmap": 201, "mmap_sh_mb": 352.00067138671875}
{"tgid": 12267, "comm": "lmp", "shmget": 1, "shmat": 1, "shmdt": 1, "rmid": 1, "get_mb": 0.00390625, "shmopen": 0, "unlink": 0, "mmap_sh": 88, "munmap": 200, "mmap_sh_mb": 352.00067138671875}
{"tgid": 12111, "comm": "lmp", "shmget": 1, "shmat": 1, "shmdt": 1, "rmid": 1, "get_mb": 0.00390625, "shmopen": 0, "unlink": 0, "mmap_sh": 88, "munmap": 199, "mmap_sh_mb": 352.00067138671875}
{"tgid": 12280, "comm": "lmp", "shmget": 1, "shmat": 1, "shmdt": 1, "rmid": 1, "get_mb": 0.00390625, "shmopen": 0, "unlink": 0, "mmap_sh": 88, "munmap": 200, "mmap_sh_mb": 352.00067138671875}
{"tgid": 12143, "comm": "lmp", "shmget": 1, "shmat": 1, "shmdt": 1, "rmid": 1, "get_mb": 0.00390625, "shmopen": 0, "unlink": 0, "mmap_sh": 88, "munmap": 199, "mmap_sh_mb": 352.00067138671875}
{"tgid": 12217, "comm": "lmp", "shmget": 1, "shmat": 1, "shmdt": 1, "rmid": 1, "get_mb": 0.00390625, "shmopen": 0, "unlink": 0, "mmap_sh": 88, "munmap": 199, "mmap_sh_mb": 352.00067138671875}

--- Shared Memory Stats Summary at 17:17:22 ---
{"tgid": 12205, "comm": "lmp", "shmget": 1, "shmat": 1, "shmdt": 1, "rmid": 1, "get_mb": 0.00390625, "shmopen": 0, "unlink": 0, "mmap_sh": 88, "munmap": 199, "mmap_sh_mb": 352.00067138671875}
{"tgid": 12207, "comm": "lmp", "shmget": 1, "shmat": 1, "shmdt": 1, "rmid": 1, "get_mb": 0.00390625, "shmopen": 0, "unlink": 0, "mmap_sh": 88, "munmap": 199, "mmap_sh_mb": 352.00067138671875}
{"tgid": 12139, "comm": "lmp", "shmget": 1, "shmat": 1, "shmdt": 1, "rmid": 1, "get_mb": 0.00390625, "shmopen": 0, "unlink": 0, "mmap_sh": 88, "munmap": 200, "mmap_sh_mb": 352.00067138671875}
{"tgid": 12239, "comm": "lmp", "shmget": 1, "shmat": 1, "shmdt": 1, "rmid": 1, "get_mb": 0.00390625, "shmopen": 0, "unlink": 0, "mmap_sh": 88, "munmap": 199, "mmap_sh_mb": 352.00067138671875}
{"tgid": 12253, "comm": "lmp", "shmget": 1, "shmat": 1, "shmdt": 1, "rmid": 1, "get_mb": 0.00390625, "shmopen": 0, "unlink": 0, "mmap_sh": 88, "munmap": 200, "mmap_sh_mb": 352.00067138671875}
{"tgid": 12223, "comm": "lmp", "shmget": 1, "shmat": 1, "shmdt": 1, "rmid": 1, "get_mb": 0.00390625, "shmopen": 0, "unlink": 0, "mmap_sh": 88, "munmap": 199, "mmap_sh_mb": 352.00067138671875}
{"tgid": 12117, "comm": "lmp", "shmget": 1, "shmat": 1, "shmdt": 1, "rmid": 1, "get_mb": 0.00390625, "shmopen": 0, "unlink": 0, "mmap_sh": 88, "munmap": 199, "mmap_sh_mb": 352.00067138671875}
{"tgid": 12269, "comm": "lmp", "shmget": 1, "shmat": 1, "shmdt": 1, "rmid": 1, "get_mb": 0.00390625, "shmopen": 0, "unlink": 0, "mmap_sh": 88, "munmap": 201, "mmap_sh_mb": 352.00067138671875}
{"tgid": 12209, "comm": "lmp", "shmget": 1, "shmat": 1, "shmdt": 1, "rmid": 1, "get_mb": 0.00390625, "shmopen": 0, "unlink": 0, "mmap_sh": 88, "munmap": 199, "mmap_sh_mb": 352.00067138671875}
{"tgid": 12191, "comm": "lmp", "shmget": 1, "shmat": 1, "shmdt": 1, "rmid": 1, "get_mb": 0.00390625, "shmopen": 0, "unlink": 0, "mmap_sh": 88, "munmap": 199, "mmap_sh_mb": 352.00067138671875}
{"tgid": 12193, "comm": "lmp", "shmget": 1, "shmat": 1, "shmdt": 1, "rmid": 1, "get_mb": 0.00390625, "shmopen": 0, "unlink": 0, "mmap_sh": 88, "munmap": 199, "mmap_sh_mb": 352.00067138671875}
{"tgid": 12145, "comm": "lmp", "shmget": 1, "shmat": 1, "shmdt": 1, "rmid": 1, "get_mb": 0.00390625, "shmopen": 0, "unlink": 0, "mmap_sh": 88, "munmap": 199, "mmap_sh_mb": 352.00067138671875}
{"tgid": 12108, "comm": "lmp", "shmget": 1, "shmat": 1, "shmdt": 1, "rmid": 1, "get_mb": 0.00390625, "shmopen": 0, "unlink": 0, "mmap_sh": 88, "munmap": 200, "mmap_sh_mb": 352.00067138671875}
{"tgid": 12167, "comm": "lmp", "shmget": 1, "shmat": 1, "shmdt": 1, "rmid": 1, "get_mb": 0.00390625, "shmopen": 0, "unlink": 0, "mmap_sh": 88, "munmap": 199, "mmap_sh_mb": 352.00067138671875}
{"tgid": 12203, "comm": "lmp", "shmget": 1, "shmat": 1, "shmdt": 1, "rmid": 1, "get_mb": 0.00390625, "shmopen": 0, "unlink": 0, "mmap_sh": 88, "munmap": 201, "mmap_sh_mb": 352.00067138671875}
{"tgid": 12267, "comm": "lmp", "shmget": 1, "shmat": 1, "shmdt": 1, "rmid": 1, "get_mb": 0.00390625, "shmopen": 0, "unlink": 0, "mmap_sh": 88, "munmap": 200, "mmap_sh_mb": 352.00067138671875}
{"tgid": 12111, "comm": "lmp", "shmget": 1, "shmat": 1, "shmdt": 1, "rmid": 1, "get_mb": 0.00390625, "shmopen": 0, "unlink": 0, "mmap_sh": 88, "munmap": 199, "mmap_sh_mb": 352.00067138671875}
{"tgid": 12280, "comm": "lmp", "shmget": 1, "shmat": 1, "shmdt": 1, "rmid": 1, "get_mb": 0.00390625, "shmopen": 0, "unlink": 0, "mmap_sh": 88, "munmap": 200, "mmap_sh_mb": 352.00067138671875}
{"tgid": 12143, "comm": "lmp", "shmget": 1, "shmat": 1, "shmdt": 1, "rmid": 1, "get_mb": 0.00390625, "shmopen": 0, "unlink": 0, "mmap_sh": 88, "munmap": 199, "mmap_sh_mb": 352.00067138671875}
{"tgid": 12217, "comm": "lmp", "shmget": 1, "shmat": 1, "shmdt": 1, "rmid": 1, "get_mb": 0.00390625, "shmopen": 0, "unlink": 0, "mmap_sh": 88, "munmap": 199, "mmap_sh_mb": 352.00067138671875}

--- Shared Memory Stats Summary at 17:17:27 ---
{"tgid": 12205, "comm": "lmp", "shmget": 1, "shmat": 1, "shmdt": 1, "rmid": 1, "get_mb": 0.00390625, "shmopen": 0, "unlink": 0, "mmap_sh": 88, "munmap": 199, "mmap_sh_mb": 352.00067138671875}
{"tgid": 12207, "comm": "lmp", "shmget": 1, "shmat": 1, "shmdt": 1, "rmid": 1, "get_mb": 0.00390625, "shmopen": 0, "unlink": 0, "mmap_sh": 88, "munmap": 199, "mmap_sh_mb": 352.00067138671875}
{"tgid": 12139, "comm": "lmp", "shmget": 1, "shmat": 1, "shmdt": 1, "rmid": 1, "get_mb": 0.00390625, "shmopen": 0, "unlink": 0, "mmap_sh": 88, "munmap": 200, "mmap_sh_mb": 352.00067138671875}
{"tgid": 12239, "comm": "lmp", "shmget": 1, "shmat": 1, "shmdt": 1, "rmid": 1, "get_mb": 0.00390625, "shmopen": 0, "unlink": 0, "mmap_sh": 88, "munmap": 199, "mmap_sh_mb": 352.00067138671875}
{"tgid": 12253, "comm": "lmp", "shmget": 1, "shmat": 1, "shmdt": 1, "rmid": 1, "get_mb": 0.00390625, "shmopen": 0, "unlink": 0, "mmap_sh": 88, "munmap": 200, "mmap_sh_mb": 352.00067138671875}
{"tgid": 12223, "comm": "lmp", "shmget": 1, "shmat": 1, "shmdt": 1, "rmid": 1, "get_mb": 0.00390625, "shmopen": 0, "unlink": 0, "mmap_sh": 88, "munmap": 199, "mmap_sh_mb": 352.00067138671875}
{"tgid": 12117, "comm": "lmp", "shmget": 1, "shmat": 1, "shmdt": 1, "rmid": 1, "get_mb": 0.00390625, "shmopen": 0, "unlink": 0, "mmap_sh": 88, "munmap": 199, "mmap_sh_mb": 352.00067138671875}
{"tgid": 12269, "comm": "lmp", "shmget": 1, "shmat": 1, "shmdt": 1, "rmid": 1, "get_mb": 0.00390625, "shmopen": 0, "unlink": 0, "mmap_sh": 88, "munmap": 201, "mmap_sh_mb": 352.00067138671875}
{"tgid": 12209, "comm": "lmp", "shmget": 1, "shmat": 1, "shmdt": 1, "rmid": 1, "get_mb": 0.00390625, "shmopen": 0, "unlink": 0, "mmap_sh": 88, "munmap": 199, "mmap_sh_mb": 352.00067138671875}
{"tgid": 12191, "comm": "lmp", "shmget": 1, "shmat": 1, "shmdt": 1, "rmid": 1, "get_mb": 0.00390625, "shmopen": 0, "unlink": 0, "mmap_sh": 88, "munmap": 199, "mmap_sh_mb": 352.00067138671875}
{"tgid": 12193, "comm": "lmp", "shmget": 1, "shmat": 1, "shmdt": 1, "rmid": 1, "get_mb": 0.00390625, "shmopen": 0, "unlink": 0, "mmap_sh": 88, "munmap": 199, "mmap_sh_mb": 352.00067138671875}
{"tgid": 12145, "comm": "lmp", "shmget": 1, "shmat": 1, "shmdt": 1, "rmid": 1, "get_mb": 0.00390625, "shmopen": 0, "unlink": 0, "mmap_sh": 88, "munmap": 199, "mmap_sh_mb": 352.00067138671875}
{"tgid": 12108, "comm": "lmp", "shmget": 1, "shmat": 1, "shmdt": 1, "rmid": 1, "get_mb": 0.00390625, "shmopen": 0, "unlink": 0, "mmap_sh": 88, "munmap": 200, "mmap_sh_mb": 352.00067138671875}
{"tgid": 12167, "comm": "lmp", "shmget": 1, "shmat": 1, "shmdt": 1, "rmid": 1, "get_mb": 0.00390625, "shmopen": 0, "unlink": 0, "mmap_sh": 88, "munmap": 199, "mmap_sh_mb": 352.00067138671875}
{"tgid": 12203, "comm": "lmp", "shmget": 1, "shmat": 1, "shmdt": 1, "rmid": 1, "get_mb": 0.00390625, "shmopen": 0, "unlink": 0, "mmap_sh": 88, "munmap": 201, "mmap_sh_mb": 352.00067138671875}
{"tgid": 12267, "comm": "lmp", "shmget": 1, "shmat": 1, "shmdt": 1, "rmid": 1, "get_mb": 0.00390625, "shmopen": 0, "unlink": 0, "mmap_sh": 88, "munmap": 200, "mmap_sh_mb": 352.00067138671875}
{"tgid": 12111, "comm": "lmp", "shmget": 1, "shmat": 1, "shmdt": 1, "rmid": 1, "get_mb": 0.00390625, "shmopen": 0, "unlink": 0, "mmap_sh": 88, "munmap": 199, "mmap_sh_mb": 352.00067138671875}
{"tgid": 12280, "comm": "lmp", "shmget": 1, "shmat": 1, "shmdt": 1, "rmid": 1, "get_mb": 0.00390625, "shmopen": 0, "unlink": 0, "mmap_sh": 88, "munmap": 200, "mmap_sh_mb": 352.00067138671875}
{"tgid": 12143, "comm": "lmp", "shmget": 1, "shmat": 1, "shmdt": 1, "rmid": 1, "get_mb": 0.00390625, "shmopen": 0, "unlink": 0, "mmap_sh": 88, "munmap": 199, "mmap_sh_mb": 352.00067138671875}
{"tgid": 12217, "comm": "lmp", "shmget": 1, "shmat": 1, "shmdt": 1, "rmid": 1, "get_mb": 0.00390625, "shmopen": 0, "unlink": 0, "mmap_sh": 88, "munmap": 199, "mmap_sh_mb": 352.00067138671875}

--- Shared Memory Stats Summary at 17:17:32 ---
{"tgid": 12205, "comm": "lmp", "shmget": 1, "shmat": 1, "shmdt": 1, "rmid": 1, "get_mb": 0.00390625, "shmopen": 0, "unlink": 0, "mmap_sh": 88, "munmap": 199, "mmap_sh_mb": 352.00067138671875}
{"tgid": 12207, "comm": "lmp", "shmget": 1, "shmat": 1, "shmdt": 1, "rmid": 1, "get_mb": 0.00390625, "shmopen": 0, "unlink": 0, "mmap_sh": 88, "munmap": 199, "mmap_sh_mb": 352.00067138671875}
{"tgid": 12139, "comm": "lmp", "shmget": 1, "shmat": 1, "shmdt": 1, "rmid": 1, "get_mb": 0.00390625, "shmopen": 0, "unlink": 0, "mmap_sh": 88, "munmap": 200, "mmap_sh_mb": 352.00067138671875}
{"tgid": 12239, "comm": "lmp", "shmget": 1, "shmat": 1, "shmdt": 1, "rmid": 1, "get_mb": 0.00390625, "shmopen": 0, "unlink": 0, "mmap_sh": 88, "munmap": 199, "mmap_sh_mb": 352.00067138671875}
{"tgid": 12253, "comm": "lmp", "shmget": 1, "shmat": 1, "shmdt": 1, "rmid": 1, "get_mb": 0.00390625, "shmopen": 0, "unlink": 0, "mmap_sh": 88, "munmap": 200, "mmap_sh_mb": 352.00067138671875}
{"tgid": 12223, "comm": "lmp", "shmget": 1, "shmat": 1, "shmdt": 1, "rmid": 1, "get_mb": 0.00390625, "shmopen": 0, "unlink": 0, "mmap_sh": 88, "munmap": 199, "mmap_sh_mb": 352.00067138671875}
{"tgid": 12117, "comm": "lmp", "shmget": 1, "shmat": 1, "shmdt": 1, "rmid": 1, "get_mb": 0.00390625, "shmopen": 0, "unlink": 0, "mmap_sh": 88, "munmap": 199, "mmap_sh_mb": 352.00067138671875}
{"tgid": 12269, "comm": "lmp", "shmget": 1, "shmat": 1, "shmdt": 1, "rmid": 1, "get_mb": 0.00390625, "shmopen": 0, "unlink": 0, "mmap_sh": 88, "munmap": 201, "mmap_sh_mb": 352.00067138671875}
{"tgid": 12209, "comm": "lmp", "shmget": 1, "shmat": 1, "shmdt": 1, "rmid": 1, "get_mb": 0.00390625, "shmopen": 0, "unlink": 0, "mmap_sh": 88, "munmap": 199, "mmap_sh_mb": 352.00067138671875}
{"tgid": 12191, "comm": "lmp", "shmget": 1, "shmat": 1, "shmdt": 1, "rmid": 1, "get_mb": 0.00390625, "shmopen": 0, "unlink": 0, "mmap_sh": 88, "munmap": 199, "mmap_sh_mb": 352.00067138671875}
{"tgid": 12193, "comm": "lmp", "shmget": 1, "shmat": 1, "shmdt": 1, "rmid": 1, "get_mb": 0.00390625, "shmopen": 0, "unlink": 0, "mmap_sh": 88, "munmap": 199, "mmap_sh_mb": 352.00067138671875}
{"tgid": 12145, "comm": "lmp", "shmget": 1, "shmat": 1, "shmdt": 1, "rmid": 1, "get_mb": 0.00390625, "shmopen": 0, "unlink": 0, "mmap_sh": 88, "munmap": 199, "mmap_sh_mb": 352.00067138671875}
{"tgid": 12108, "comm": "lmp", "shmget": 1, "shmat": 1, "shmdt": 1, "rmid": 1, "get_mb": 0.00390625, "shmopen": 0, "unlink": 0, "mmap_sh": 88, "munmap": 200, "mmap_sh_mb": 352.00067138671875}
{"tgid": 12167, "comm": "lmp", "shmget": 1, "shmat": 1, "shmdt": 1, "rmid": 1, "get_mb": 0.00390625, "shmopen": 0, "unlink": 0, "mmap_sh": 88, "munmap": 199, "mmap_sh_mb": 352.00067138671875}
{"tgid": 12203, "comm": "lmp", "shmget": 1, "shmat": 1, "shmdt": 1, "rmid": 1, "get_mb": 0.00390625, "shmopen": 0, "unlink": 0, "mmap_sh": 88, "munmap": 201, "mmap_sh_mb": 352.00067138671875}
{"tgid": 12267, "comm": "lmp", "shmget": 1, "shmat": 1, "shmdt": 1, "rmid": 1, "get_mb": 0.00390625, "shmopen": 0, "unlink": 0, "mmap_sh": 88, "munmap": 200, "mmap_sh_mb": 352.00067138671875}
{"tgid": 12111, "comm": "lmp", "shmget": 1, "shmat": 1, "shmdt": 1, "rmid": 1, "get_mb": 0.00390625, "shmopen": 0, "unlink": 0, "mmap_sh": 88, "munmap": 199, "mmap_sh_mb": 352.00067138671875}
{"tgid": 12280, "comm": "lmp", "shmget": 1, "shmat": 1, "shmdt": 1, "rmid": 1, "get_mb": 0.00390625, "shmopen": 0, "unlink": 0, "mmap_sh": 88, "munmap": 200, "mmap_sh_mb": 352.00067138671875}
{"tgid": 12143, "comm": "lmp", "shmget": 1, "shmat": 1, "shmdt": 1, "rmid": 1, "get_mb": 0.00390625, "shmopen": 0, "unlink": 0, "mmap_sh": 88, "munmap": 199, "mmap_sh_mb": 352.00067138671875}
{"tgid": 12217, "comm": "lmp", "shmget": 1, "shmat": 1, "shmdt": 1, "rmid": 1, "get_mb": 0.00390625, "shmopen": 0, "unlink": 0, "mmap_sh": 88, "munmap": 199, "mmap_sh_mb": 352.00067138671875}
[17:17:32] 
Indicator file '/mnt/flux/stop_ebpf_collection' found. Stopping.
Cleaning up BPF resources...
Cleanup complete.
