unlimited
PROGRAM: shmem
Looking for /opt/programs/shmem/ebpf-collect.c
Initializing eBPF for Shared Memory monitoring...
BPF C code compiled and loaded.
[17:16:04] 
Start Indicator file defined '/mnt/flux/start_ebpf_collection'. Waiting.
[17:16:32] Start indicator found. Proceeding.
Attaching tracepoints...
  Kprobes for shm_open/shm_unlink should auto-attach if symbols exist.
Finished attaching probes.

--- Shared Memory Stats Summary at 17:16:37 ---
{"tgid": 11847, "comm": "lmp", "shmget": 1, "shmat": 1, "shmdt": 1, "rmid": 1, "get_mb": 0.00390625, "shmopen": 0, "unlink": 0, "mmap_sh": 1, "munmap": 27, "mmap_sh_mb": 4.000007629394531}
{"tgid": 11869, "comm": "lmp", "shmget": 1, "shmat": 1, "shmdt": 1, "rmid": 1, "get_mb": 0.00390625, "shmopen": 0, "unlink": 0, "mmap_sh": 1, "munmap": 27, "mmap_sh_mb": 4.000007629394531}
{"tgid": 11845, "comm": "lmp", "shmget": 1, "shmat": 1, "shmdt": 1, "rmid": 1, "get_mb": 0.00390625, "shmopen": 0, "unlink": 0, "mmap_sh": 1, "munmap": 27, "mmap_sh_mb": 4.000007629394531}
{"tgid": 11955, "comm": "lmp", "shmget": 1, "shmat": 1, "shmdt": 1, "rmid": 1, "get_mb": 0.00390625, "shmopen": 0, "unlink": 0, "mmap_sh": 1, "munmap": 27, "mmap_sh_mb": 4.000007629394531}
{"tgid": 11891, "comm": "lmp", "shmget": 1, "shmat": 1, "shmdt": 1, "rmid": 1, "get_mb": 0.00390625, "shmopen": 0, "unlink": 0, "mmap_sh": 1, "munmap": 27, "mmap_sh_mb": 4.000007629394531}
{"tgid": 11935, "comm": "lmp", "shmget": 1, "shmat": 1, "shmdt": 1, "rmid": 1, "get_mb": 0.00390625, "shmopen": 0, "unlink": 0, "mmap_sh": 1, "munmap": 27, "mmap_sh_mb": 4.000007629394531}
{"tgid": 11875, "comm": "lmp", "shmget": 1, "shmat": 1, "shmdt": 1, "rmid": 1, "get_mb": 0.00390625, "shmopen": 0, "unlink": 0, "mmap_sh": 1, "munmap": 27, "mmap_sh_mb": 4.000007629394531}
{"tgid": 11825, "comm": "lmp", "shmget": 1, "shmat": 1, "shmdt": 1, "rmid": 1, "get_mb": 0.00390625, "shmopen": 0, "unlink": 0, "mmap_sh": 1, "munmap": 27, "mmap_sh_mb": 4.000007629394531}
{"tgid": 11816, "comm": "lmp", "shmget": 1, "shmat": 1, "shmdt": 1, "rmid": 1, "get_mb": 0.00390625, "shmopen": 0, "unlink": 0, "mmap_sh": 1, "munmap": 27, "mmap_sh_mb": 4.000007629394531}
{"tgid": 11867, "comm": "lmp", "shmget": 1, "shmat": 1, "shmdt": 1, "rmid": 1, "get_mb": 0.00390625, "shmopen": 0, "unlink": 0, "mmap_sh": 1, "munmap": 26, "mmap_sh_mb": 4.000007629394531}
{"tgid": 11975, "comm": "lmp", "shmget": 1, "shmat": 1, "shmdt": 1, "rmid": 1, "get_mb": 0.00390625, "shmopen": 0, "unlink": 0, "mmap_sh": 1, "munmap": 27, "mmap_sh_mb": 4.000007629394531}
{"tgid": 11855, "comm": "lmp", "shmget": 1, "shmat": 1, "shmdt": 1, "rmid": 1, "get_mb": 0.00390625, "shmopen": 0, "unlink": 0, "mmap_sh": 1, "munmap": 27, "mmap_sh_mb": 4.000007629394531}
{"tgid": 11963, "comm": "lmp", "shmget": 1, "shmat": 1, "shmdt": 1, "rmid": 1, "get_mb": 0.00390625, "shmopen": 0, "unlink": 0, "mmap_sh": 1, "munmap": 27, "mmap_sh_mb": 4.000007629394531}
{"tgid": 11877, "comm": "lmp", "shmget": 1, "shmat": 1, "shmdt": 1, "rmid": 1, "get_mb": 0.00390625, "shmopen": 0, "unlink": 0, "mmap_sh": 1, "munmap": 27, "mmap_sh_mb": 4.000007629394531}
{"tgid": 11907, "comm": "lmp", "shmget": 1, "shmat": 1, "shmdt": 1, "rmid": 1, "get_mb": 0.00390625, "shmopen": 0, "unlink": 0, "mmap_sh": 1, "munmap": 27, "mmap_sh_mb": 4.000007629394531}
{"tgid": 11941, "comm": "lmp", "shmget": 1, "shmat": 1, "shmdt": 1, "rmid": 1, "get_mb": 0.00390625, "shmopen": 0, "unlink": 0, "mmap_sh": 1, "munmap": 27, "mmap_sh_mb": 4.000007629394531}
{"tgid": 11957, "comm": "lmp", "shmget": 1, "shmat": 1, "shmdt": 1, "rmid": 1, "get_mb": 0.00390625, "shmopen": 0, "unlink": 0, "mmap_sh": 1, "munmap": 27, "mmap_sh_mb": 4.000007629394531}
{"tgid": 11919, "comm": "lmp", "shmget": 1, "shmat": 1, "shmdt": 1, "rmid": 1, "get_mb": 0.00390625, "shmopen": 0, "unlink": 0, "mmap_sh": 1, "munmap": 27, "mmap_sh_mb": 4.000007629394531}
{"tgid": 11925, "comm": "lmp", "shmget": 1, "shmat": 1, "shmdt": 1, "rmid": 1, "get_mb": 0.00390625, "shmopen": 0, "unlink": 0, "mmap_sh": 1, "munmap": 27, "mmap_sh_mb": 4.000007629394531}
{"tgid": 11969, "comm": "lmp", "shmget": 1, "shmat": 1, "shmdt": 1, "rmid": 1, "get_mb": 0.00390625, "shmopen": 0, "unlink": 0, "mmap_sh": 1, "munmap": 27, "mmap_sh_mb": 4.000007629394531}

--- Shared Memory Stats Summary at 17:16:42 ---
{"tgid": 11847, "comm": "lmp", "shmget": 1, "shmat": 1, "shmdt": 1, "rmid": 1, "get_mb": 0.00390625, "shmopen": 0, "unlink": 0, "mmap_sh": 88, "munmap": 34, "mmap_sh_mb": 352.00067138671875}
{"tgid": 11869, "comm": "lmp", "shmget": 1, "shmat": 1, "shmdt": 1, "rmid": 1, "get_mb": 0.00390625, "shmopen": 0, "unlink": 0, "mmap_sh": 88, "munmap": 34, "mmap_sh_mb": 352.00067138671875}
{"tgid": 11845, "comm": "lmp", "shmget": 1, "shmat": 1, "shmdt": 1, "rmid": 1, "get_mb": 0.00390625, "shmopen": 0, "unlink": 0, "mmap_sh": 88, "munmap": 35, "mmap_sh_mb": 352.00067138671875}
{"tgid": 11955, "comm": "lmp", "shmget": 1, "shmat": 1, "shmdt": 1, "rmid": 1, "get_mb": 0.00390625, "shmopen": 0, "unlink": 0, "mmap_sh": 88, "munmap": 35, "mmap_sh_mb": 352.00067138671875}
{"tgid": 11891, "comm": "lmp", "shmget": 1, "shmat": 1, "shmdt": 1, "rmid": 1, "get_mb": 0.00390625, "shmopen": 0, "unlink": 0, "mmap_sh": 88, "munmap": 35, "mmap_sh_mb": 352.00067138671875}
{"tgid": 11935, "comm": "lmp", "shmget": 1, "shmat": 1, "shmdt": 1, "rmid": 1, "get_mb": 0.00390625, "shmopen": 0, "unlink": 0, "mmap_sh": 88, "munmap": 35, "mmap_sh_mb": 352.00067138671875}
{"tgid": 11875, "comm": "lmp", "shmget": 1, "shmat": 1, "shmdt": 1, "rmid": 1, "get_mb": 0.00390625, "shmopen": 0, "unlink": 0, "mmap_sh": 88, "munmap": 35, "mmap_sh_mb": 352.00067138671875}
{"tgid": 11825, "comm": "lmp", "shmget": 1, "shmat": 1, "shmdt": 1, "rmid": 1, "get_mb": 0.00390625, "shmopen": 0, "unlink": 0, "mmap_sh": 88, "munmap": 34, "mmap_sh_mb": 352.00067138671875}
{"tgid": 11816, "comm": "lmp", "shmget": 1, "shmat": 1, "shmdt": 1, "rmid": 1, "get_mb": 0.00390625, "shmopen": 0, "unlink": 0, "mmap_sh": 88, "munmap": 35, "mmap_sh_mb": 352.00067138671875}
{"tgid": 11867, "comm": "lmp", "shmget": 1, "shmat": 1, "shmdt": 1, "rmid": 1, "get_mb": 0.00390625, "shmopen": 0, "unlink": 0, "mmap_sh": 88, "munmap": 33, "mmap_sh_mb": 352.00067138671875}
{"tgid": 11975, "comm": "lmp", "shmget": 1, "shmat": 1, "shmdt": 1, "rmid": 1, "get_mb": 0.00390625, "shmopen": 0, "unlink": 0, "mmap_sh": 88, "munmap": 35, "mmap_sh_mb": 352.00067138671875}
{"tgid": 11855, "comm": "lmp", "shmget": 1, "shmat": 1, "shmdt": 1, "rmid": 1, "get_mb": 0.00390625, "shmopen": 0, "unlink": 0, "mmap_sh": 88, "munmap": 34, "mmap_sh_mb": 352.00067138671875}
{"tgid": 11963, "comm": "lmp", "shmget": 1, "shmat": 1, "shmdt": 1, "rmid": 1, "get_mb": 0.00390625, "shmopen": 0, "unlink": 0, "mmap_sh": 88, "munmap": 35, "mmap_sh_mb": 352.00067138671875}
{"tgid": 11877, "comm": "lmp", "shmget": 1, "shmat": 1, "shmdt": 1, "rmid": 1, "get_mb": 0.00390625, "shmopen": 0, "unlink": 0, "mmap_sh": 88, "munmap": 35, "mmap_sh_mb": 352.00067138671875}
{"tgid": 11907, "comm": "lmp", "shmget": 1, "shmat": 1, "shmdt": 1, "rmid": 1, "get_mb": 0.00390625, "shmopen": 0, "unlink": 0, "mmap_sh": 88, "munmap": 35, "mmap_sh_mb": 352.00067138671875}
{"tgid": 11941, "comm": "lmp", "shmget": 1, "shmat": 1, "shmdt": 1, "rmid": 1, "get_mb": 0.00390625, "shmopen": 0, "unlink": 0, "mmap_sh": 88, "munmap": 35, "mmap_sh_mb": 352.00067138671875}
{"tgid": 11957, "comm": "lmp", "shmget": 1, "shmat": 1, "shmdt": 1, "rmid": 1, "get_mb": 0.00390625, "shmopen": 0, "unlink": 0, "mmap_sh": 88, "munmap": 35, "mmap_sh_mb": 352.00067138671875}
{"tgid": 11919, "comm": "lmp", "shmget": 1, "shmat": 1, "shmdt": 1, "rmid": 1, "get_mb": 0.00390625, "shmopen": 0, "unlink": 0, "mmap_sh": 88, "munmap": 35, "mmap_sh_mb": 352.00067138671875}
{"tgid": 11925, "comm": "lmp", "shmget": 1, "shmat": 1, "shmdt": 1, "rmid": 1, "get_mb": 0.00390625, "shmopen": 0, "unlink": 0, "mmap_sh": 88, "munmap": 35, "mmap_sh_mb": 352.00067138671875}
{"tgid": 11969, "comm": "lmp", "shmget": 1, "shmat": 1, "shmdt": 1, "rmid": 1, "get_mb": 0.00390625, "shmopen": 0, "unlink": 0, "mmap_sh": 88, "munmap": 35, "mmap_sh_mb": 352.00067138671875}

--- Shared Memory Stats Summary at 17:16:47 ---
{"tgid": 11847, "comm": "lmp", "shmget": 1, "shmat": 1, "shmdt": 1, "rmid": 1, "get_mb": 0.00390625, "shmopen": 0, "unlink": 0, "mmap_sh": 88, "munmap": 34, "mmap_sh_mb": 352.00067138671875}
{"tgid": 11869, "comm": "lmp", "shmget": 1, "shmat": 1, "shmdt": 1, "rmid": 1, "get_mb": 0.00390625, "shmopen": 0, "unlink": 0, "mmap_sh": 88, "munmap": 34, "mmap_sh_mb": 352.00067138671875}
{"tgid": 11845, "comm": "lmp", "shmget": 1, "shmat": 1, "shmdt": 1, "rmid": 1, "get_mb": 0.00390625, "shmopen": 0, "unlink": 0, "mmap_sh": 88, "munmap": 35, "mmap_sh_mb": 352.00067138671875}
{"tgid": 11955, "comm": "lmp", "shmget": 1, "shmat": 1, "shmdt": 1, "rmid": 1, "get_mb": 0.00390625, "shmopen": 0, "unlink": 0, "mmap_sh": 88, "munmap": 35, "mmap_sh_mb": 352.00067138671875}
{"tgid": 11891, "comm": "lmp", "shmget": 1, "shmat": 1, "shmdt": 1, "rmid": 1, "get_mb": 0.00390625, "shmopen": 0, "unlink": 0, "mmap_sh": 88, "munmap": 35, "mmap_sh_mb": 352.00067138671875}
{"tgid": 11935, "comm": "lmp", "shmget": 1, "shmat": 1, "shmdt": 1, "rmid": 1, "get_mb": 0.00390625, "shmopen": 0, "unlink": 0, "mmap_sh": 88, "munmap": 35, "mmap_sh_mb": 352.00067138671875}
{"tgid": 11875, "comm": "lmp", "shmget": 1, "shmat": 1, "shmdt": 1, "rmid": 1, "get_mb": 0.00390625, "shmopen": 0, "unlink": 0, "mmap_sh": 88, "munmap": 35, "mmap_sh_mb": 352.00067138671875}
{"tgid": 11825, "comm": "lmp", "shmget": 1, "shmat": 1, "shmdt": 1, "rmid": 1, "get_mb": 0.00390625, "shmopen": 0, "unlink": 0, "mmap_sh": 88, "munmap": 34, "mmap_sh_mb": 352.00067138671875}
{"tgid": 11816, "comm": "lmp", "shmget": 1, "shmat": 1, "shmdt": 1, "rmid": 1, "get_mb": 0.00390625, "shmopen": 0, "unlink": 0, "mmap_sh": 88, "munmap": 35, "mmap_sh_mb": 352.00067138671875}
{"tgid": 11867, "comm": "lmp", "shmget": 1, "shmat": 1, "shmdt": 1, "rmid": 1, "get_mb": 0.00390625, "shmopen": 0, "unlink": 0, "mmap_sh": 88, "munmap": 33, "mmap_sh_mb": 352.00067138671875}
{"tgid": 11975, "comm": "lmp", "shmget": 1, "shmat": 1, "shmdt": 1, "rmid": 1, "get_mb": 0.00390625, "shmopen": 0, "unlink": 0, "mmap_sh": 88, "munmap": 35, "mmap_sh_mb": 352.00067138671875}
{"tgid": 11855, "comm": "lmp", "shmget": 1, "shmat": 1, "shmdt": 1, "rmid": 1, "get_mb": 0.00390625, "shmopen": 0, "unlink": 0, "mmap_sh": 88, "munmap": 34, "mmap_sh_mb": 352.00067138671875}
{"tgid": 11963, "comm": "lmp", "shmget": 1, "shmat": 1, "shmdt": 1, "rmid": 1, "get_mb": 0.00390625, "shmopen": 0, "unlink": 0, "mmap_sh": 88, "munmap": 35, "mmap_sh_mb": 352.00067138671875}
{"tgid": 11877, "comm": "lmp", "shmget": 1, "shmat": 1, "shmdt": 1, "rmid": 1, "get_mb": 0.00390625, "shmopen": 0, "unlink": 0, "mmap_sh": 88, "munmap": 35, "mmap_sh_mb": 352.00067138671875}
{"tgid": 11907, "comm": "lmp", "shmget": 1, "shmat": 1, "shmdt": 1, "rmid": 1, "get_mb": 0.00390625, "shmopen": 0, "unlink": 0, "mmap_sh": 88, "munmap": 35, "mmap_sh_mb": 352.00067138671875}
{"tgid": 11941, "comm": "lmp", "shmget": 1, "shmat": 1, "shmdt": 1, "rmid": 1, "get_mb": 0.00390625, "shmopen": 0, "unlink": 0, "mmap_sh": 88, "munmap": 35, "mmap_sh_mb": 352.00067138671875}
{"tgid": 11957, "comm": "lmp", "shmget": 1, "shmat": 1, "shmdt": 1, "rmid": 1, "get_mb": 0.00390625, "shmopen": 0, "unlink": 0, "mmap_sh": 88, "munmap": 35, "mmap_sh_mb": 352.00067138671875}
{"tgid": 11919, "comm": "lmp", "shmget": 1, "shmat": 1, "shmdt": 1, "rmid": 1, "get_mb": 0.00390625, "shmopen": 0, "unlink": 0, "mmap_sh": 88, "munmap": 35, "mmap_sh_mb": 352.00067138671875}
{"tgid": 11925, "comm": "lmp", "shmget": 1, "shmat": 1, "shmdt": 1, "rmid": 1, "get_mb": 0.00390625, "shmopen": 0, "unlink": 0, "mmap_sh": 88, "munmap": 35, "mmap_sh_mb": 352.00067138671875}
{"tgid": 11969, "comm": "lmp", "shmget": 1, "shmat": 1, "shmdt": 1, "rmid": 1, "get_mb": 0.00390625, "shmopen": 0, "unlink": 0, "mmap_sh": 88, "munmap": 35, "mmap_sh_mb": 352.00067138671875}

--- Shared Memory Stats Summary at 17:16:52 ---
{"tgid": 11847, "comm": "lmp", "shmget": 1, "shmat": 1, "shmdt": 1, "rmid": 1, "get_mb": 0.00390625, "shmopen": 0, "unlink": 0, "mmap_sh": 88, "munmap": 34, "mmap_sh_mb": 352.00067138671875}
{"tgid": 11869, "comm": "lmp", "shmget": 1, "shmat": 1, "shmdt": 1, "rmid": 1, "get_mb": 0.00390625, "shmopen": 0, "unlink": 0, "mmap_sh": 88, "munmap": 34, "mmap_sh_mb": 352.00067138671875}
{"tgid": 11845, "comm": "lmp", "shmget": 1, "shmat": 1, "shmdt": 1, "rmid": 1, "get_mb": 0.00390625, "shmopen": 0, "unlink": 0, "mmap_sh": 88, "munmap": 35, "mmap_sh_mb": 352.00067138671875}
{"tgid": 11955, "comm": "lmp", "shmget": 1, "shmat": 1, "shmdt": 1, "rmid": 1, "get_mb": 0.00390625, "shmopen": 0, "unlink": 0, "mmap_sh": 88, "munmap": 35, "mmap_sh_mb": 352.00067138671875}
{"tgid": 11891, "comm": "lmp", "shmget": 1, "shmat": 1, "shmdt": 1, "rmid": 1, "get_mb": 0.00390625, "shmopen": 0, "unlink": 0, "mmap_sh": 88, "munmap": 35, "mmap_sh_mb": 352.00067138671875}
{"tgid": 11935, "comm": "lmp", "shmget": 1, "shmat": 1, "shmdt": 1, "rmid": 1, "get_mb": 0.00390625, "shmopen": 0, "unlink": 0, "mmap_sh": 88, "munmap": 35, "mmap_sh_mb": 352.00067138671875}
{"tgid": 11875, "comm": "lmp", "shmget": 1, "shmat": 1, "shmdt": 1, "rmid": 1, "get_mb": 0.00390625, "shmopen": 0, "unlink": 0, "mmap_sh": 88, "munmap": 35, "mmap_sh_mb": 352.00067138671875}
{"tgid": 11825, "comm": "lmp", "shmget": 1, "shmat": 1, "shmdt": 1, "rmid": 1, "get_mb": 0.00390625, "shmopen": 0, "unlink": 0, "mmap_sh": 88, "munmap": 34, "mmap_sh_mb": 352.00067138671875}
{"tgid": 11816, "comm": "lmp", "shmget": 1, "shmat": 1, "shmdt": 1, "rmid": 1, "get_mb": 0.00390625, "shmopen": 0, "unlink": 0, "mmap_sh": 88, "munmap": 35, "mmap_sh_mb": 352.00067138671875}
{"tgid": 11867, "comm": "lmp", "shmget": 1, "shmat": 1, "shmdt": 1, "rmid": 1, "get_mb": 0.00390625, "shmopen": 0, "unlink": 0, "mmap_sh": 88, "munmap": 33, "mmap_sh_mb": 352.00067138671875}
{"tgid": 11975, "comm": "lmp", "shmget": 1, "shmat": 1, "shmdt": 1, "rmid": 1, "get_mb": 0.00390625, "shmopen": 0, "unlink": 0, "mmap_sh": 88, "munmap": 35, "mmap_sh_mb": 352.00067138671875}
{"tgid": 11855, "comm": "lmp", "shmget": 1, "shmat": 1, "shmdt": 1, "rmid": 1, "get_mb": 0.00390625, "shmopen": 0, "unlink": 0, "mmap_sh": 88, "munmap": 34, "mmap_sh_mb": 352.00067138671875}
{"tgid": 11963, "comm": "lmp", "shmget": 1, "shmat": 1, "shmdt": 1, "rmid": 1, "get_mb": 0.00390625, "shmopen": 0, "unlink": 0, "mmap_sh": 88, "munmap": 35, "mmap_sh_mb": 352.00067138671875}
{"tgid": 11877, "comm": "lmp", "shmget": 1, "shmat": 1, "shmdt": 1, "rmid": 1, "get_mb": 0.00390625, "shmopen": 0, "unlink": 0, "mmap_sh": 88, "munmap": 35, "mmap_sh_mb": 352.00067138671875}
{"tgid": 11907, "comm": "lmp", "shmget": 1, "shmat": 1, "shmdt": 1, "rmid": 1, "get_mb": 0.00390625, "shmopen": 0, "unlink": 0, "mmap_sh": 88, "munmap": 35, "mmap_sh_mb": 352.00067138671875}
{"tgid": 11941, "comm": "lmp", "shmget": 1, "shmat": 1, "shmdt": 1, "rmid": 1, "get_mb": 0.00390625, "shmopen": 0, "unlink": 0, "mmap_sh": 88, "munmap": 35, "mmap_sh_mb": 352.00067138671875}
{"tgid": 11957, "comm": "lmp", "shmget": 1, "shmat": 1, "shmdt": 1, "rmid": 1, "get_mb": 0.00390625, "shmopen": 0, "unlink": 0, "mmap_sh": 88, "munmap": 35, "mmap_sh_mb": 352.00067138671875}
{"tgid": 11919, "comm": "lmp", "shmget": 1, "shmat": 1, "shmdt": 1, "rmid": 1, "get_mb": 0.00390625, "shmopen": 0, "unlink": 0, "mmap_sh": 88, "munmap": 35, "mmap_sh_mb": 352.00067138671875}
{"tgid": 11925, "comm": "lmp", "shmget": 1, "shmat": 1, "shmdt": 1, "rmid": 1, "get_mb": 0.00390625, "shmopen": 0, "unlink": 0, "mmap_sh": 88, "munmap": 35, "mmap_sh_mb": 352.00067138671875}
{"tgid": 11969, "comm": "lmp", "shmget": 1, "shmat": 1, "shmdt": 1, "rmid": 1, "get_mb": 0.00390625, "shmopen": 0, "unlink": 0, "mmap_sh": 88, "munmap": 35, "mmap_sh_mb": 352.00067138671875}

--- Shared Memory Stats Summary at 17:16:57 ---
{"tgid": 11847, "comm": "lmp", "shmget": 1, "shmat": 1, "shmdt": 1, "rmid": 1, "get_mb": 0.00390625, "shmopen": 0, "unlink": 0, "mmap_sh": 88, "munmap": 34, "mmap_sh_mb": 352.00067138671875}
{"tgid": 11869, "comm": "lmp", "shmget": 1, "shmat": 1, "shmdt": 1, "rmid": 1, "get_mb": 0.00390625, "shmopen": 0, "unlink": 0, "mmap_sh": 88, "munmap": 34, "mmap_sh_mb": 352.00067138671875}
{"tgid": 11845, "comm": "lmp", "shmget": 1, "shmat": 1, "shmdt": 1, "rmid": 1, "get_mb": 0.00390625, "shmopen": 0, "unlink": 0, "mmap_sh": 88, "munmap": 35, "mmap_sh_mb": 352.00067138671875}
{"tgid": 11955, "comm": "lmp", "shmget": 1, "shmat": 1, "shmdt": 1, "rmid": 1, "get_mb": 0.00390625, "shmopen": 0, "unlink": 0, "mmap_sh": 88, "munmap": 35, "mmap_sh_mb": 352.00067138671875}
{"tgid": 11891, "comm": "lmp", "shmget": 1, "shmat": 1, "shmdt": 1, "rmid": 1, "get_mb": 0.00390625, "shmopen": 0, "unlink": 0, "mmap_sh": 88, "munmap": 35, "mmap_sh_mb": 352.00067138671875}
{"tgid": 11935, "comm": "lmp", "shmget": 1, "shmat": 1, "shmdt": 1, "rmid": 1, "get_mb": 0.00390625, "shmopen": 0, "unlink": 0, "mmap_sh": 88, "munmap": 35, "mmap_sh_mb": 352.00067138671875}
{"tgid": 11875, "comm": "lmp", "shmget": 1, "shmat": 1, "shmdt": 1, "rmid": 1, "get_mb": 0.00390625, "shmopen": 0, "unlink": 0, "mmap_sh": 88, "munmap": 35, "mmap_sh_mb": 352.00067138671875}
{"tgid": 11825, "comm": "lmp", "shmget": 1, "shmat": 1, "shmdt": 1, "rmid": 1, "get_mb": 0.00390625, "shmopen": 0, "unlink": 0, "mmap_sh": 88, "munmap": 34, "mmap_sh_mb": 352.00067138671875}
{"tgid": 11816, "comm": "lmp", "shmget": 1, "shmat": 1, "shmdt": 1, "rmid": 1, "get_mb": 0.00390625, "shmopen": 0, "unlink": 0, "mmap_sh": 88, "munmap": 35, "mmap_sh_mb": 352.00067138671875}
{"tgid": 11867, "comm": "lmp", "shmget": 1, "shmat": 1, "shmdt": 1, "rmid": 1, "get_mb": 0.00390625, "shmopen": 0, "unlink": 0, "mmap_sh": 88, "munmap": 33, "mmap_sh_mb": 352.00067138671875}
{"tgid": 11975, "comm": "lmp", "shmget": 1, "shmat": 1, "shmdt": 1, "rmid": 1, "get_mb": 0.00390625, "shmopen": 0, "unlink": 0, "mmap_sh": 88, "munmap": 35, "mmap_sh_mb": 352.00067138671875}
{"tgid": 11855, "comm": "lmp", "shmget": 1, "shmat": 1, "shmdt": 1, "rmid": 1, "get_mb": 0.00390625, "shmopen": 0, "unlink": 0, "mmap_sh": 88, "munmap": 34, "mmap_sh_mb": 352.00067138671875}
{"tgid": 11963, "comm": "lmp", "shmget": 1, "shmat": 1, "shmdt": 1, "rmid": 1, "get_mb": 0.00390625, "shmopen": 0, "unlink": 0, "mmap_sh": 88, "munmap": 35, "mmap_sh_mb": 352.00067138671875}
{"tgid": 11877, "comm": "lmp", "shmget": 1, "shmat": 1, "shmdt": 1, "rmid": 1, "get_mb": 0.00390625, "shmopen": 0, "unlink": 0, "mmap_sh": 88, "munmap": 35, "mmap_sh_mb": 352.00067138671875}
{"tgid": 11907, "comm": "lmp", "shmget": 1, "shmat": 1, "shmdt": 1, "rmid": 1, "get_mb": 0.00390625, "shmopen": 0, "unlink": 0, "mmap_sh": 88, "munmap": 35, "mmap_sh_mb": 352.00067138671875}
{"tgid": 11941, "comm": "lmp", "shmget": 1, "shmat": 1, "shmdt": 1, "rmid": 1, "get_mb": 0.00390625, "shmopen": 0, "unlink": 0, "mmap_sh": 88, "munmap": 35, "mmap_sh_mb": 352.00067138671875}
{"tgid": 11957, "comm": "lmp", "shmget": 1, "shmat": 1, "shmdt": 1, "rmid": 1, "get_mb": 0.00390625, "shmopen": 0, "unlink": 0, "mmap_sh": 88, "munmap": 35, "mmap_sh_mb": 352.00067138671875}
{"tgid": 11919, "comm": "lmp", "shmget": 1, "shmat": 1, "shmdt": 1, "rmid": 1, "get_mb": 0.00390625, "shmopen": 0, "unlink": 0, "mmap_sh": 88, "munmap": 35, "mmap_sh_mb": 352.00067138671875}
{"tgid": 11925, "comm": "lmp", "shmget": 1, "shmat": 1, "shmdt": 1, "rmid": 1, "get_mb": 0.00390625, "shmopen": 0, "unlink": 0, "mmap_sh": 88, "munmap": 35, "mmap_sh_mb": 352.00067138671875}
{"tgid": 11969, "comm": "lmp", "shmget": 1, "shmat": 1, "shmdt": 1, "rmid": 1, "get_mb": 0.00390625, "shmopen": 0, "unlink": 0, "mmap_sh": 88, "munmap": 35, "mmap_sh_mb": 352.00067138671875}

--- Shared Memory Stats Summary at 17:17:02 ---
{"tgid": 11847, "comm": "lmp", "shmget": 1, "shmat": 1, "shmdt": 1, "rmid": 1, "get_mb": 0.00390625, "shmopen": 0, "unlink": 0, "mmap_sh": 88, "munmap": 34, "mmap_sh_mb": 352.00067138671875}
{"tgid": 11869, "comm": "lmp", "shmget": 1, "shmat": 1, "shmdt": 1, "rmid": 1, "get_mb": 0.00390625, "shmopen": 0, "unlink": 0, "mmap_sh": 88, "munmap": 34, "mmap_sh_mb": 352.00067138671875}
{"tgid": 11845, "comm": "lmp", "shmget": 1, "shmat": 1, "shmdt": 1, "rmid": 1, "get_mb": 0.00390625, "shmopen": 0, "unlink": 0, "mmap_sh": 88, "munmap": 35, "mmap_sh_mb": 352.00067138671875}
{"tgid": 11955, "comm": "lmp", "shmget": 1, "shmat": 1, "shmdt": 1, "rmid": 1, "get_mb": 0.00390625, "shmopen": 0, "unlink": 0, "mmap_sh": 88, "munmap": 35, "mmap_sh_mb": 352.00067138671875}
{"tgid": 11891, "comm": "lmp", "shmget": 1, "shmat": 1, "shmdt": 1, "rmid": 1, "get_mb": 0.00390625, "shmopen": 0, "unlink": 0, "mmap_sh": 88, "munmap": 35, "mmap_sh_mb": 352.00067138671875}
{"tgid": 11935, "comm": "lmp", "shmget": 1, "shmat": 1, "shmdt": 1, "rmid": 1, "get_mb": 0.00390625, "shmopen": 0, "unlink": 0, "mmap_sh": 88, "munmap": 35, "mmap_sh_mb": 352.00067138671875}
{"tgid": 11875, "comm": "lmp", "shmget": 1, "shmat": 1, "shmdt": 1, "rmid": 1, "get_mb": 0.00390625, "shmopen": 0, "unlink": 0, "mmap_sh": 88, "munmap": 35, "mmap_sh_mb": 352.00067138671875}
{"tgid": 11825, "comm": "lmp", "shmget": 1, "shmat": 1, "shmdt": 1, "rmid": 1, "get_mb": 0.00390625, "shmopen": 0, "unlink": 0, "mmap_sh": 88, "munmap": 34, "mmap_sh_mb": 352.00067138671875}
{"tgid": 11816, "comm": "lmp", "shmget": 1, "shmat": 1, "shmdt": 1, "rmid": 1, "get_mb": 0.00390625, "shmopen": 0, "unlink": 0, "mmap_sh": 88, "munmap": 35, "mmap_sh_mb": 352.00067138671875}
{"tgid": 11867, "comm": "lmp", "shmget": 1, "shmat": 1, "shmdt": 1, "rmid": 1, "get_mb": 0.00390625, "shmopen": 0, "unlink": 0, "mmap_sh": 88, "munmap": 33, "mmap_sh_mb": 352.00067138671875}
{"tgid": 11975, "comm": "lmp", "shmget": 1, "shmat": 1, "shmdt": 1, "rmid": 1, "get_mb": 0.00390625, "shmopen": 0, "unlink": 0, "mmap_sh": 88, "munmap": 35, "mmap_sh_mb": 352.00067138671875}
{"tgid": 11855, "comm": "lmp", "shmget": 1, "shmat": 1, "shmdt": 1, "rmid": 1, "get_mb": 0.00390625, "shmopen": 0, "unlink": 0, "mmap_sh": 88, "munmap": 34, "mmap_sh_mb": 352.00067138671875}
{"tgid": 11963, "comm": "lmp", "shmget": 1, "shmat": 1, "shmdt": 1, "rmid": 1, "get_mb": 0.00390625, "shmopen": 0, "unlink": 0, "mmap_sh": 88, "munmap": 35, "mmap_sh_mb": 352.00067138671875}
{"tgid": 11877, "comm": "lmp", "shmget": 1, "shmat": 1, "shmdt": 1, "rmid": 1, "get_mb": 0.00390625, "shmopen": 0, "unlink": 0, "mmap_sh": 88, "munmap": 35, "mmap_sh_mb": 352.00067138671875}
{"tgid": 11907, "comm": "lmp", "shmget": 1, "shmat": 1, "shmdt": 1, "rmid": 1, "get_mb": 0.00390625, "shmopen": 0, "unlink": 0, "mmap_sh": 88, "munmap": 35, "mmap_sh_mb": 352.00067138671875}
{"tgid": 11941, "comm": "lmp", "shmget": 1, "shmat": 1, "shmdt": 1, "rmid": 1, "get_mb": 0.00390625, "shmopen": 0, "unlink": 0, "mmap_sh": 88, "munmap": 35, "mmap_sh_mb": 352.00067138671875}
{"tgid": 11957, "comm": "lmp", "shmget": 1, "shmat": 1, "shmdt": 1, "rmid": 1, "get_mb": 0.00390625, "shmopen": 0, "unlink": 0, "mmap_sh": 88, "munmap": 35, "mmap_sh_mb": 352.00067138671875}
{"tgid": 11919, "comm": "lmp", "shmget": 1, "shmat": 1, "shmdt": 1, "rmid": 1, "get_mb": 0.00390625, "shmopen": 0, "unlink": 0, "mmap_sh": 88, "munmap": 35, "mmap_sh_mb": 352.00067138671875}
{"tgid": 11925, "comm": "lmp", "shmget": 1, "shmat": 1, "shmdt": 1, "rmid": 1, "get_mb": 0.00390625, "shmopen": 0, "unlink": 0, "mmap_sh": 88, "munmap": 35, "mmap_sh_mb": 352.00067138671875}
{"tgid": 11969, "comm": "lmp", "shmget": 1, "shmat": 1, "shmdt": 1, "rmid": 1, "get_mb": 0.00390625, "shmopen": 0, "unlink": 0, "mmap_sh": 88, "munmap": 35, "mmap_sh_mb": 352.00067138671875}

--- Shared Memory Stats Summary at 17:17:07 ---
{"tgid": 11847, "comm": "lmp", "shmget": 1, "shmat": 1, "shmdt": 1, "rmid": 1, "get_mb": 0.00390625, "shmopen": 0, "unlink": 0, "mmap_sh": 88, "munmap": 34, "mmap_sh_mb": 352.00067138671875}
{"tgid": 11869, "comm": "lmp", "shmget": 1, "shmat": 1, "shmdt": 1, "rmid": 1, "get_mb": 0.00390625, "shmopen": 0, "unlink": 0, "mmap_sh": 88, "munmap": 34, "mmap_sh_mb": 352.00067138671875}
{"tgid": 11845, "comm": "lmp", "shmget": 1, "shmat": 1, "shmdt": 1, "rmid": 1, "get_mb": 0.00390625, "shmopen": 0, "unlink": 0, "mmap_sh": 88, "munmap": 35, "mmap_sh_mb": 352.00067138671875}
{"tgid": 11955, "comm": "lmp", "shmget": 1, "shmat": 1, "shmdt": 1, "rmid": 1, "get_mb": 0.00390625, "shmopen": 0, "unlink": 0, "mmap_sh": 88, "munmap": 35, "mmap_sh_mb": 352.00067138671875}
{"tgid": 11891, "comm": "lmp", "shmget": 1, "shmat": 1, "shmdt": 1, "rmid": 1, "get_mb": 0.00390625, "shmopen": 0, "unlink": 0, "mmap_sh": 88, "munmap": 35, "mmap_sh_mb": 352.00067138671875}
{"tgid": 11935, "comm": "lmp", "shmget": 1, "shmat": 1, "shmdt": 1, "rmid": 1, "get_mb": 0.00390625, "shmopen": 0, "unlink": 0, "mmap_sh": 88, "munmap": 35, "mmap_sh_mb": 352.00067138671875}
{"tgid": 11875, "comm": "lmp", "shmget": 1, "shmat": 1, "shmdt": 1, "rmid": 1, "get_mb": 0.00390625, "shmopen": 0, "unlink": 0, "mmap_sh": 88, "munmap": 35, "mmap_sh_mb": 352.00067138671875}
{"tgid": 11825, "comm": "lmp", "shmget": 1, "shmat": 1, "shmdt": 1, "rmid": 1, "get_mb": 0.00390625, "shmopen": 0, "unlink": 0, "mmap_sh": 88, "munmap": 34, "mmap_sh_mb": 352.00067138671875}
{"tgid": 11816, "comm": "lmp", "shmget": 1, "shmat": 1, "shmdt": 1, "rmid": 1, "get_mb": 0.00390625, "shmopen": 0, "unlink": 0, "mmap_sh": 88, "munmap": 35, "mmap_sh_mb": 352.00067138671875}
{"tgid": 11867, "comm": "lmp", "shmget": 1, "shmat": 1, "shmdt": 1, "rmid": 1, "get_mb": 0.00390625, "shmopen": 0, "unlink": 0, "mmap_sh": 88, "munmap": 33, "mmap_sh_mb": 352.00067138671875}
{"tgid": 11975, "comm": "lmp", "shmget": 1, "shmat": 1, "shmdt": 1, "rmid": 1, "get_mb": 0.00390625, "shmopen": 0, "unlink": 0, "mmap_sh": 88, "munmap": 35, "mmap_sh_mb": 352.00067138671875}
{"tgid": 11855, "comm": "lmp", "shmget": 1, "shmat": 1, "shmdt": 1, "rmid": 1, "get_mb": 0.00390625, "shmopen": 0, "unlink": 0, "mmap_sh": 88, "munmap": 34, "mmap_sh_mb": 352.00067138671875}
{"tgid": 11963, "comm": "lmp", "shmget": 1, "shmat": 1, "shmdt": 1, "rmid": 1, "get_mb": 0.00390625, "shmopen": 0, "unlink": 0, "mmap_sh": 88, "munmap": 35, "mmap_sh_mb": 352.00067138671875}
{"tgid": 11877, "comm": "lmp", "shmget": 1, "shmat": 1, "shmdt": 1, "rmid": 1, "get_mb": 0.00390625, "shmopen": 0, "unlink": 0, "mmap_sh": 88, "munmap": 35, "mmap_sh_mb": 352.00067138671875}
{"tgid": 11907, "comm": "lmp", "shmget": 1, "shmat": 1, "shmdt": 1, "rmid": 1, "get_mb": 0.00390625, "shmopen": 0, "unlink": 0, "mmap_sh": 88, "munmap": 35, "mmap_sh_mb": 352.00067138671875}
{"tgid": 11941, "comm": "lmp", "shmget": 1, "shmat": 1, "shmdt": 1, "rmid": 1, "get_mb": 0.00390625, "shmopen": 0, "unlink": 0, "mmap_sh": 88, "munmap": 35, "mmap_sh_mb": 352.00067138671875}
{"tgid": 11957, "comm": "lmp", "shmget": 1, "shmat": 1, "shmdt": 1, "rmid": 1, "get_mb": 0.00390625, "shmopen": 0, "unlink": 0, "mmap_sh": 88, "munmap": 35, "mmap_sh_mb": 352.00067138671875}
{"tgid": 11919, "comm": "lmp", "shmget": 1, "shmat": 1, "shmdt": 1, "rmid": 1, "get_mb": 0.00390625, "shmopen": 0, "unlink": 0, "mmap_sh": 88, "munmap": 35, "mmap_sh_mb": 352.00067138671875}
{"tgid": 11925, "comm": "lmp", "shmget": 1, "shmat": 1, "shmdt": 1, "rmid": 1, "get_mb": 0.00390625, "shmopen": 0, "unlink": 0, "mmap_sh": 88, "munmap": 35, "mmap_sh_mb": 352.00067138671875}
{"tgid": 11969, "comm": "lmp", "shmget": 1, "shmat": 1, "shmdt": 1, "rmid": 1, "get_mb": 0.00390625, "shmopen": 0, "unlink": 0, "mmap_sh": 88, "munmap": 35, "mmap_sh_mb": 352.00067138671875}

--- Shared Memory Stats Summary at 17:17:12 ---
{"tgid": 11847, "comm": "lmp", "shmget": 1, "shmat": 1, "shmdt": 1, "rmid": 1, "get_mb": 0.00390625, "shmopen": 0, "unlink": 0, "mmap_sh": 88, "munmap": 199, "mmap_sh_mb": 352.00067138671875}
{"tgid": 11869, "comm": "lmp", "shmget": 1, "shmat": 1, "shmdt": 1, "rmid": 1, "get_mb": 0.00390625, "shmopen": 0, "unlink": 0, "mmap_sh": 88, "munmap": 199, "mmap_sh_mb": 352.00067138671875}
{"tgid": 11845, "comm": "lmp", "shmget": 1, "shmat": 1, "shmdt": 1, "rmid": 1, "get_mb": 0.00390625, "shmopen": 0, "unlink": 0, "mmap_sh": 88, "munmap": 201, "mmap_sh_mb": 352.00067138671875}
{"tgid": 11955, "comm": "lmp", "shmget": 1, "shmat": 1, "shmdt": 1, "rmid": 1, "get_mb": 0.00390625, "shmopen": 0, "unlink": 0, "mmap_sh": 88, "munmap": 201, "mmap_sh_mb": 352.00067138671875}
{"tgid": 11891, "comm": "lmp", "shmget": 1, "shmat": 1, "shmdt": 1, "rmid": 1, "get_mb": 0.00390625, "shmopen": 0, "unlink": 0, "mmap_sh": 88, "munmap": 200, "mmap_sh_mb": 352.00067138671875}
{"tgid": 11935, "comm": "lmp", "shmget": 1, "shmat": 1, "shmdt": 1, "rmid": 1, "get_mb": 0.00390625, "shmopen": 0, "unlink": 0, "mmap_sh": 88, "munmap": 200, "mmap_sh_mb": 352.00067138671875}
{"tgid": 11875, "comm": "lmp", "shmget": 1, "shmat": 1, "shmdt": 1, "rmid": 1, "get_mb": 0.00390625, "shmopen": 0, "unlink": 0, "mmap_sh": 88, "munmap": 200, "mmap_sh_mb": 352.00067138671875}
{"tgid": 11825, "comm": "lmp", "shmget": 1, "shmat": 1, "shmdt": 1, "rmid": 1, "get_mb": 0.00390625, "shmopen": 0, "unlink": 0, "mmap_sh": 88, "munmap": 199, "mmap_sh_mb": 352.00067138671875}
{"tgid": 11816, "comm": "lmp", "shmget": 1, "shmat": 1, "shmdt": 1, "rmid": 1, "get_mb": 0.00390625, "shmopen": 0, "unlink": 0, "mmap_sh": 88, "munmap": 200, "mmap_sh_mb": 352.00067138671875}
{"tgid": 11867, "comm": "lmp", "shmget": 1, "shmat": 1, "shmdt": 1, "rmid": 1, "get_mb": 0.00390625, "shmopen": 0, "unlink": 0, "mmap_sh": 88, "munmap": 199, "mmap_sh_mb": 352.00067138671875}
{"tgid": 11975, "comm": "lmp", "shmget": 1, "shmat": 1, "shmdt": 1, "rmid": 1, "get_mb": 0.00390625, "shmopen": 0, "unlink": 0, "mmap_sh": 88, "munmap": 200, "mmap_sh_mb": 352.00067138671875}
{"tgid": 11855, "comm": "lmp", "shmget": 1, "shmat": 1, "shmdt": 1, "rmid": 1, "get_mb": 0.00390625, "shmopen": 0, "unlink": 0, "mmap_sh": 88, "munmap": 199, "mmap_sh_mb": 352.00067138671875}
{"tgid": 11963, "comm": "lmp", "shmget": 1, "shmat": 1, "shmdt": 1, "rmid": 1, "get_mb": 0.00390625, "shmopen": 0, "unlink": 0, "mmap_sh": 88, "munmap": 200, "mmap_sh_mb": 352.00067138671875}
{"tgid": 11877, "comm": "lmp", "shmget": 1, "shmat": 1, "shmdt": 1, "rmid": 1, "get_mb": 0.00390625, "shmopen": 0, "unlink": 0, "mmap_sh": 88, "munmap": 200, "mmap_sh_mb": 352.00067138671875}
{"tgid": 11907, "comm": "lmp", "shmget": 1, "shmat": 1, "shmdt": 1, "rmid": 1, "get_mb": 0.00390625, "shmopen": 0, "unlink": 0, "mmap_sh": 88, "munmap": 200, "mmap_sh_mb": 352.00067138671875}
{"tgid": 11941, "comm": "lmp", "shmget": 1, "shmat": 1, "shmdt": 1, "rmid": 1, "get_mb": 0.00390625, "shmopen": 0, "unlink": 0, "mmap_sh": 88, "munmap": 200, "mmap_sh_mb": 352.00067138671875}
{"tgid": 11957, "comm": "lmp", "shmget": 1, "shmat": 1, "shmdt": 1, "rmid": 1, "get_mb": 0.00390625, "shmopen": 0, "unlink": 0, "mmap_sh": 88, "munmap": 200, "mmap_sh_mb": 352.00067138671875}
{"tgid": 11919, "comm": "lmp", "shmget": 1, "shmat": 1, "shmdt": 1, "rmid": 1, "get_mb": 0.00390625, "shmopen": 0, "unlink": 0, "mmap_sh": 88, "munmap": 200, "mmap_sh_mb": 352.00067138671875}
{"tgid": 11925, "comm": "lmp", "shmget": 1, "shmat": 1, "shmdt": 1, "rmid": 1, "get_mb": 0.00390625, "shmopen": 0, "unlink": 0, "mmap_sh": 88, "munmap": 200, "mmap_sh_mb": 352.00067138671875}
{"tgid": 11969, "comm": "lmp", "shmget": 1, "shmat": 1, "shmdt": 1, "rmid": 1, "get_mb": 0.00390625, "shmopen": 0, "unlink": 0, "mmap_sh": 88, "munmap": 200, "mmap_sh_mb": 352.00067138671875}

--- Shared Memory Stats Summary at 17:17:17 ---
{"tgid": 11847, "comm": "lmp", "shmget": 1, "shmat": 1, "shmdt": 1, "rmid": 1, "get_mb": 0.00390625, "shmopen": 0, "unlink": 0, "mmap_sh": 88, "munmap": 199, "mmap_sh_mb": 352.00067138671875}
{"tgid": 11869, "comm": "lmp", "shmget": 1, "shmat": 1, "shmdt": 1, "rmid": 1, "get_mb": 0.00390625, "shmopen": 0, "unlink": 0, "mmap_sh": 88, "munmap": 199, "mmap_sh_mb": 352.00067138671875}
{"tgid": 11845, "comm": "lmp", "shmget": 1, "shmat": 1, "shmdt": 1, "rmid": 1, "get_mb": 0.00390625, "shmopen": 0, "unlink": 0, "mmap_sh": 88, "munmap": 201, "mmap_sh_mb": 352.00067138671875}
{"tgid": 11955, "comm": "lmp", "shmget": 1, "shmat": 1, "shmdt": 1, "rmid": 1, "get_mb": 0.00390625, "shmopen": 0, "unlink": 0, "mmap_sh": 88, "munmap": 201, "mmap_sh_mb": 352.00067138671875}
{"tgid": 11891, "comm": "lmp", "shmget": 1, "shmat": 1, "shmdt": 1, "rmid": 1, "get_mb": 0.00390625, "shmopen": 0, "unlink": 0, "mmap_sh": 88, "munmap": 200, "mmap_sh_mb": 352.00067138671875}
{"tgid": 11935, "comm": "lmp", "shmget": 1, "shmat": 1, "shmdt": 1, "rmid": 1, "get_mb": 0.00390625, "shmopen": 0, "unlink": 0, "mmap_sh": 88, "munmap": 200, "mmap_sh_mb": 352.00067138671875}
{"tgid": 11875, "comm": "lmp", "shmget": 1, "shmat": 1, "shmdt": 1, "rmid": 1, "get_mb": 0.00390625, "shmopen": 0, "unlink": 0, "mmap_sh": 88, "munmap": 200, "mmap_sh_mb": 352.00067138671875}
{"tgid": 11825, "comm": "lmp", "shmget": 1, "shmat": 1, "shmdt": 1, "rmid": 1, "get_mb": 0.00390625, "shmopen": 0, "unlink": 0, "mmap_sh": 88, "munmap": 199, "mmap_sh_mb": 352.00067138671875}
{"tgid": 11816, "comm": "lmp", "shmget": 1, "shmat": 1, "shmdt": 1, "rmid": 1, "get_mb": 0.00390625, "shmopen": 0, "unlink": 0, "mmap_sh": 88, "munmap": 200, "mmap_sh_mb": 352.00067138671875}
{"tgid": 11867, "comm": "lmp", "shmget": 1, "shmat": 1, "shmdt": 1, "rmid": 1, "get_mb": 0.00390625, "shmopen": 0, "unlink": 0, "mmap_sh": 88, "munmap": 199, "mmap_sh_mb": 352.00067138671875}
{"tgid": 11975, "comm": "lmp", "shmget": 1, "shmat": 1, "shmdt": 1, "rmid": 1, "get_mb": 0.00390625, "shmopen": 0, "unlink": 0, "mmap_sh": 88, "munmap": 200, "mmap_sh_mb": 352.00067138671875}
{"tgid": 11855, "comm": "lmp", "shmget": 1, "shmat": 1, "shmdt": 1, "rmid": 1, "get_mb": 0.00390625, "shmopen": 0, "unlink": 0, "mmap_sh": 88, "munmap": 199, "mmap_sh_mb": 352.00067138671875}
{"tgid": 11963, "comm": "lmp", "shmget": 1, "shmat": 1, "shmdt": 1, "rmid": 1, "get_mb": 0.00390625, "shmopen": 0, "unlink": 0, "mmap_sh": 88, "munmap": 200, "mmap_sh_mb": 352.00067138671875}
{"tgid": 11877, "comm": "lmp", "shmget": 1, "shmat": 1, "shmdt": 1, "rmid": 1, "get_mb": 0.00390625, "shmopen": 0, "unlink": 0, "mmap_sh": 88, "munmap": 200, "mmap_sh_mb": 352.00067138671875}
{"tgid": 11907, "comm": "lmp", "shmget": 1, "shmat": 1, "shmdt": 1, "rmid": 1, "get_mb": 0.00390625, "shmopen": 0, "unlink": 0, "mmap_sh": 88, "munmap": 200, "mmap_sh_mb": 352.00067138671875}
{"tgid": 11941, "comm": "lmp", "shmget": 1, "shmat": 1, "shmdt": 1, "rmid": 1, "get_mb": 0.00390625, "shmopen": 0, "unlink": 0, "mmap_sh": 88, "munmap": 200, "mmap_sh_mb": 352.00067138671875}
{"tgid": 11957, "comm": "lmp", "shmget": 1, "shmat": 1, "shmdt": 1, "rmid": 1, "get_mb": 0.00390625, "shmopen": 0, "unlink": 0, "mmap_sh": 88, "munmap": 200, "mmap_sh_mb": 352.00067138671875}
{"tgid": 11919, "comm": "lmp", "shmget": 1, "shmat": 1, "shmdt": 1, "rmid": 1, "get_mb": 0.00390625, "shmopen": 0, "unlink": 0, "mmap_sh": 88, "munmap": 200, "mmap_sh_mb": 352.00067138671875}
{"tgid": 11925, "comm": "lmp", "shmget": 1, "shmat": 1, "shmdt": 1, "rmid": 1, "get_mb": 0.00390625, "shmopen": 0, "unlink": 0, "mmap_sh": 88, "munmap": 200, "mmap_sh_mb": 352.00067138671875}
{"tgid": 11969, "comm": "lmp", "shmget": 1, "shmat": 1, "shmdt": 1, "rmid": 1, "get_mb": 0.00390625, "shmopen": 0, "unlink": 0, "mmap_sh": 88, "munmap": 200, "mmap_sh_mb": 352.00067138671875}

--- Shared Memory Stats Summary at 17:17:22 ---
{"tgid": 11847, "comm": "lmp", "shmget": 1, "shmat": 1, "shmdt": 1, "rmid": 1, "get_mb": 0.00390625, "shmopen": 0, "unlink": 0, "mmap_sh": 88, "munmap": 199, "mmap_sh_mb": 352.00067138671875}
{"tgid": 11869, "comm": "lmp", "shmget": 1, "shmat": 1, "shmdt": 1, "rmid": 1, "get_mb": 0.00390625, "shmopen": 0, "unlink": 0, "mmap_sh": 88, "munmap": 199, "mmap_sh_mb": 352.00067138671875}
{"tgid": 11845, "comm": "lmp", "shmget": 1, "shmat": 1, "shmdt": 1, "rmid": 1, "get_mb": 0.00390625, "shmopen": 0, "unlink": 0, "mmap_sh": 88, "munmap": 201, "mmap_sh_mb": 352.00067138671875}
{"tgid": 11955, "comm": "lmp", "shmget": 1, "shmat": 1, "shmdt": 1, "rmid": 1, "get_mb": 0.00390625, "shmopen": 0, "unlink": 0, "mmap_sh": 88, "munmap": 201, "mmap_sh_mb": 352.00067138671875}
{"tgid": 11891, "comm": "lmp", "shmget": 1, "shmat": 1, "shmdt": 1, "rmid": 1, "get_mb": 0.00390625, "shmopen": 0, "unlink": 0, "mmap_sh": 88, "munmap": 200, "mmap_sh_mb": 352.00067138671875}
{"tgid": 11935, "comm": "lmp", "shmget": 1, "shmat": 1, "shmdt": 1, "rmid": 1, "get_mb": 0.00390625, "shmopen": 0, "unlink": 0, "mmap_sh": 88, "munmap": 200, "mmap_sh_mb": 352.00067138671875}
{"tgid": 11875, "comm": "lmp", "shmget": 1, "shmat": 1, "shmdt": 1, "rmid": 1, "get_mb": 0.00390625, "shmopen": 0, "unlink": 0, "mmap_sh": 88, "munmap": 200, "mmap_sh_mb": 352.00067138671875}
{"tgid": 11825, "comm": "lmp", "shmget": 1, "shmat": 1, "shmdt": 1, "rmid": 1, "get_mb": 0.00390625, "shmopen": 0, "unlink": 0, "mmap_sh": 88, "munmap": 199, "mmap_sh_mb": 352.00067138671875}
{"tgid": 11816, "comm": "lmp", "shmget": 1, "shmat": 1, "shmdt": 1, "rmid": 1, "get_mb": 0.00390625, "shmopen": 0, "unlink": 0, "mmap_sh": 88, "munmap": 200, "mmap_sh_mb": 352.00067138671875}
{"tgid": 11867, "comm": "lmp", "shmget": 1, "shmat": 1, "shmdt": 1, "rmid": 1, "get_mb": 0.00390625, "shmopen": 0, "unlink": 0, "mmap_sh": 88, "munmap": 199, "mmap_sh_mb": 352.00067138671875}
{"tgid": 11975, "comm": "lmp", "shmget": 1, "shmat": 1, "shmdt": 1, "rmid": 1, "get_mb": 0.00390625, "shmopen": 0, "unlink": 0, "mmap_sh": 88, "munmap": 200, "mmap_sh_mb": 352.00067138671875}
{"tgid": 11855, "comm": "lmp", "shmget": 1, "shmat": 1, "shmdt": 1, "rmid": 1, "get_mb": 0.00390625, "shmopen": 0, "unlink": 0, "mmap_sh": 88, "munmap": 199, "mmap_sh_mb": 352.00067138671875}
{"tgid": 11963, "comm": "lmp", "shmget": 1, "shmat": 1, "shmdt": 1, "rmid": 1, "get_mb": 0.00390625, "shmopen": 0, "unlink": 0, "mmap_sh": 88, "munmap": 200, "mmap_sh_mb": 352.00067138671875}
{"tgid": 11877, "comm": "lmp", "shmget": 1, "shmat": 1, "shmdt": 1, "rmid": 1, "get_mb": 0.00390625, "shmopen": 0, "unlink": 0, "mmap_sh": 88, "munmap": 200, "mmap_sh_mb": 352.00067138671875}
{"tgid": 11907, "comm": "lmp", "shmget": 1, "shmat": 1, "shmdt": 1, "rmid": 1, "get_mb": 0.00390625, "shmopen": 0, "unlink": 0, "mmap_sh": 88, "munmap": 200, "mmap_sh_mb": 352.00067138671875}
{"tgid": 11941, "comm": "lmp", "shmget": 1, "shmat": 1, "shmdt": 1, "rmid": 1, "get_mb": 0.00390625, "shmopen": 0, "unlink": 0, "mmap_sh": 88, "munmap": 200, "mmap_sh_mb": 352.00067138671875}
{"tgid": 11957, "comm": "lmp", "shmget": 1, "shmat": 1, "shmdt": 1, "rmid": 1, "get_mb": 0.00390625, "shmopen": 0, "unlink": 0, "mmap_sh": 88, "munmap": 200, "mmap_sh_mb": 352.00067138671875}
{"tgid": 11919, "comm": "lmp", "shmget": 1, "shmat": 1, "shmdt": 1, "rmid": 1, "get_mb": 0.00390625, "shmopen": 0, "unlink": 0, "mmap_sh": 88, "munmap": 200, "mmap_sh_mb": 352.00067138671875}
{"tgid": 11925, "comm": "lmp", "shmget": 1, "shmat": 1, "shmdt": 1, "rmid": 1, "get_mb": 0.00390625, "shmopen": 0, "unlink": 0, "mmap_sh": 88, "munmap": 200, "mmap_sh_mb": 352.00067138671875}
{"tgid": 11969, "comm": "lmp", "shmget": 1, "shmat": 1, "shmdt": 1, "rmid": 1, "get_mb": 0.00390625, "shmopen": 0, "unlink": 0, "mmap_sh": 88, "munmap": 200, "mmap_sh_mb": 352.00067138671875}

--- Shared Memory Stats Summary at 17:17:27 ---
{"tgid": 11847, "comm": "lmp", "shmget": 1, "shmat": 1, "shmdt": 1, "rmid": 1, "get_mb": 0.00390625, "shmopen": 0, "unlink": 0, "mmap_sh": 88, "munmap": 199, "mmap_sh_mb": 352.00067138671875}
{"tgid": 11869, "comm": "lmp", "shmget": 1, "shmat": 1, "shmdt": 1, "rmid": 1, "get_mb": 0.00390625, "shmopen": 0, "unlink": 0, "mmap_sh": 88, "munmap": 199, "mmap_sh_mb": 352.00067138671875}
{"tgid": 11845, "comm": "lmp", "shmget": 1, "shmat": 1, "shmdt": 1, "rmid": 1, "get_mb": 0.00390625, "shmopen": 0, "unlink": 0, "mmap_sh": 88, "munmap": 201, "mmap_sh_mb": 352.00067138671875}
{"tgid": 11955, "comm": "lmp", "shmget": 1, "shmat": 1, "shmdt": 1, "rmid": 1, "get_mb": 0.00390625, "shmopen": 0, "unlink": 0, "mmap_sh": 88, "munmap": 201, "mmap_sh_mb": 352.00067138671875}
{"tgid": 11891, "comm": "lmp", "shmget": 1, "shmat": 1, "shmdt": 1, "rmid": 1, "get_mb": 0.00390625, "shmopen": 0, "unlink": 0, "mmap_sh": 88, "munmap": 200, "mmap_sh_mb": 352.00067138671875}
{"tgid": 11935, "comm": "lmp", "shmget": 1, "shmat": 1, "shmdt": 1, "rmid": 1, "get_mb": 0.00390625, "shmopen": 0, "unlink": 0, "mmap_sh": 88, "munmap": 200, "mmap_sh_mb": 352.00067138671875}
{"tgid": 11875, "comm": "lmp", "shmget": 1, "shmat": 1, "shmdt": 1, "rmid": 1, "get_mb": 0.00390625, "shmopen": 0, "unlink": 0, "mmap_sh": 88, "munmap": 200, "mmap_sh_mb": 352.00067138671875}
{"tgid": 11825, "comm": "lmp", "shmget": 1, "shmat": 1, "shmdt": 1, "rmid": 1, "get_mb": 0.00390625, "shmopen": 0, "unlink": 0, "mmap_sh": 88, "munmap": 199, "mmap_sh_mb": 352.00067138671875}
{"tgid": 11816, "comm": "lmp", "shmget": 1, "shmat": 1, "shmdt": 1, "rmid": 1, "get_mb": 0.00390625, "shmopen": 0, "unlink": 0, "mmap_sh": 88, "munmap": 200, "mmap_sh_mb": 352.00067138671875}
{"tgid": 11867, "comm": "lmp", "shmget": 1, "shmat": 1, "shmdt": 1, "rmid": 1, "get_mb": 0.00390625, "shmopen": 0, "unlink": 0, "mmap_sh": 88, "munmap": 199, "mmap_sh_mb": 352.00067138671875}
{"tgid": 11975, "comm": "lmp", "shmget": 1, "shmat": 1, "shmdt": 1, "rmid": 1, "get_mb": 0.00390625, "shmopen": 0, "unlink": 0, "mmap_sh": 88, "munmap": 200, "mmap_sh_mb": 352.00067138671875}
{"tgid": 11855, "comm": "lmp", "shmget": 1, "shmat": 1, "shmdt": 1, "rmid": 1, "get_mb": 0.00390625, "shmopen": 0, "unlink": 0, "mmap_sh": 88, "munmap": 199, "mmap_sh_mb": 352.00067138671875}
{"tgid": 11963, "comm": "lmp", "shmget": 1, "shmat": 1, "shmdt": 1, "rmid": 1, "get_mb": 0.00390625, "shmopen": 0, "unlink": 0, "mmap_sh": 88, "munmap": 200, "mmap_sh_mb": 352.00067138671875}
{"tgid": 11877, "comm": "lmp", "shmget": 1, "shmat": 1, "shmdt": 1, "rmid": 1, "get_mb": 0.00390625, "shmopen": 0, "unlink": 0, "mmap_sh": 88, "munmap": 200, "mmap_sh_mb": 352.00067138671875}
{"tgid": 11907, "comm": "lmp", "shmget": 1, "shmat": 1, "shmdt": 1, "rmid": 1, "get_mb": 0.00390625, "shmopen": 0, "unlink": 0, "mmap_sh": 88, "munmap": 200, "mmap_sh_mb": 352.00067138671875}
{"tgid": 11941, "comm": "lmp", "shmget": 1, "shmat": 1, "shmdt": 1, "rmid": 1, "get_mb": 0.00390625, "shmopen": 0, "unlink": 0, "mmap_sh": 88, "munmap": 200, "mmap_sh_mb": 352.00067138671875}
{"tgid": 11957, "comm": "lmp", "shmget": 1, "shmat": 1, "shmdt": 1, "rmid": 1, "get_mb": 0.00390625, "shmopen": 0, "unlink": 0, "mmap_sh": 88, "munmap": 200, "mmap_sh_mb": 352.00067138671875}
{"tgid": 11919, "comm": "lmp", "shmget": 1, "shmat": 1, "shmdt": 1, "rmid": 1, "get_mb": 0.00390625, "shmopen": 0, "unlink": 0, "mmap_sh": 88, "munmap": 200, "mmap_sh_mb": 352.00067138671875}
{"tgid": 11925, "comm": "lmp", "shmget": 1, "shmat": 1, "shmdt": 1, "rmid": 1, "get_mb": 0.00390625, "shmopen": 0, "unlink": 0, "mmap_sh": 88, "munmap": 200, "mmap_sh_mb": 352.00067138671875}
{"tgid": 11969, "comm": "lmp", "shmget": 1, "shmat": 1, "shmdt": 1, "rmid": 1, "get_mb": 0.00390625, "shmopen": 0, "unlink": 0, "mmap_sh": 88, "munmap": 200, "mmap_sh_mb": 352.00067138671875}

--- Shared Memory Stats Summary at 17:17:32 ---
{"tgid": 11847, "comm": "lmp", "shmget": 1, "shmat": 1, "shmdt": 1, "rmid": 1, "get_mb": 0.00390625, "shmopen": 0, "unlink": 0, "mmap_sh": 88, "munmap": 199, "mmap_sh_mb": 352.00067138671875}
{"tgid": 11869, "comm": "lmp", "shmget": 1, "shmat": 1, "shmdt": 1, "rmid": 1, "get_mb": 0.00390625, "shmopen": 0, "unlink": 0, "mmap_sh": 88, "munmap": 199, "mmap_sh_mb": 352.00067138671875}
{"tgid": 11845, "comm": "lmp", "shmget": 1, "shmat": 1, "shmdt": 1, "rmid": 1, "get_mb": 0.00390625, "shmopen": 0, "unlink": 0, "mmap_sh": 88, "munmap": 201, "mmap_sh_mb": 352.00067138671875}
{"tgid": 11955, "comm": "lmp", "shmget": 1, "shmat": 1, "shmdt": 1, "rmid": 1, "get_mb": 0.00390625, "shmopen": 0, "unlink": 0, "mmap_sh": 88, "munmap": 201, "mmap_sh_mb": 352.00067138671875}
{"tgid": 11891, "comm": "lmp", "shmget": 1, "shmat": 1, "shmdt": 1, "rmid": 1, "get_mb": 0.00390625, "shmopen": 0, "unlink": 0, "mmap_sh": 88, "munmap": 200, "mmap_sh_mb": 352.00067138671875}
{"tgid": 11935, "comm": "lmp", "shmget": 1, "shmat": 1, "shmdt": 1, "rmid": 1, "get_mb": 0.00390625, "shmopen": 0, "unlink": 0, "mmap_sh": 88, "munmap": 200, "mmap_sh_mb": 352.00067138671875}
{"tgid": 11875, "comm": "lmp", "shmget": 1, "shmat": 1, "shmdt": 1, "rmid": 1, "get_mb": 0.00390625, "shmopen": 0, "unlink": 0, "mmap_sh": 88, "munmap": 200, "mmap_sh_mb": 352.00067138671875}
{"tgid": 11825, "comm": "lmp", "shmget": 1, "shmat": 1, "shmdt": 1, "rmid": 1, "get_mb": 0.00390625, "shmopen": 0, "unlink": 0, "mmap_sh": 88, "munmap": 199, "mmap_sh_mb": 352.00067138671875}
{"tgid": 11816, "comm": "lmp", "shmget": 1, "shmat": 1, "shmdt": 1, "rmid": 1, "get_mb": 0.00390625, "shmopen": 0, "unlink": 0, "mmap_sh": 88, "munmap": 200, "mmap_sh_mb": 352.00067138671875}
{"tgid": 11867, "comm": "lmp", "shmget": 1, "shmat": 1, "shmdt": 1, "rmid": 1, "get_mb": 0.00390625, "shmopen": 0, "unlink": 0, "mmap_sh": 88, "munmap": 199, "mmap_sh_mb": 352.00067138671875}
{"tgid": 11975, "comm": "lmp", "shmget": 1, "shmat": 1, "shmdt": 1, "rmid": 1, "get_mb": 0.00390625, "shmopen": 0, "unlink": 0, "mmap_sh": 88, "munmap": 200, "mmap_sh_mb": 352.00067138671875}
{"tgid": 11855, "comm": "lmp", "shmget": 1, "shmat": 1, "shmdt": 1, "rmid": 1, "get_mb": 0.00390625, "shmopen": 0, "unlink": 0, "mmap_sh": 88, "munmap": 199, "mmap_sh_mb": 352.00067138671875}
{"tgid": 11963, "comm": "lmp", "shmget": 1, "shmat": 1, "shmdt": 1, "rmid": 1, "get_mb": 0.00390625, "shmopen": 0, "unlink": 0, "mmap_sh": 88, "munmap": 200, "mmap_sh_mb": 352.00067138671875}
{"tgid": 11877, "comm": "lmp", "shmget": 1, "shmat": 1, "shmdt": 1, "rmid": 1, "get_mb": 0.00390625, "shmopen": 0, "unlink": 0, "mmap_sh": 88, "munmap": 200, "mmap_sh_mb": 352.00067138671875}
{"tgid": 11907, "comm": "lmp", "shmget": 1, "shmat": 1, "shmdt": 1, "rmid": 1, "get_mb": 0.00390625, "shmopen": 0, "unlink": 0, "mmap_sh": 88, "munmap": 200, "mmap_sh_mb": 352.00067138671875}
{"tgid": 11941, "comm": "lmp", "shmget": 1, "shmat": 1, "shmdt": 1, "rmid": 1, "get_mb": 0.00390625, "shmopen": 0, "unlink": 0, "mmap_sh": 88, "munmap": 200, "mmap_sh_mb": 352.00067138671875}
{"tgid": 11957, "comm": "lmp", "shmget": 1, "shmat": 1, "shmdt": 1, "rmid": 1, "get_mb": 0.00390625, "shmopen": 0, "unlink": 0, "mmap_sh": 88, "munmap": 200, "mmap_sh_mb": 352.00067138671875}
{"tgid": 11919, "comm": "lmp", "shmget": 1, "shmat": 1, "shmdt": 1, "rmid": 1, "get_mb": 0.00390625, "shmopen": 0, "unlink": 0, "mmap_sh": 88, "munmap": 200, "mmap_sh_mb": 352.00067138671875}
{"tgid": 11925, "comm": "lmp", "shmget": 1, "shmat": 1, "shmdt": 1, "rmid": 1, "get_mb": 0.00390625, "shmopen": 0, "unlink": 0, "mmap_sh": 88, "munmap": 200, "mmap_sh_mb": 352.00067138671875}
{"tgid": 11969, "comm": "lmp", "shmget": 1, "shmat": 1, "shmdt": 1, "rmid": 1, "get_mb": 0.00390625, "shmopen": 0, "unlink": 0, "mmap_sh": 88, "munmap": 200, "mmap_sh_mb": 352.00067138671875}
[17:17:32] 
Indicator file '/mnt/flux/stop_ebpf_collection' found. Stopping.
Cleaning up BPF resources...
Cleanup complete.
