unlimited
PROGRAM: shmem
Looking for /opt/programs/shmem/ebpf-collect.c
Initializing eBPF for Shared Memory monitoring...
BPF C code compiled and loaded.
[17:16:03] 
Start Indicator file defined '/mnt/flux/start_ebpf_collection'. Waiting.
[17:16:31] Start indicator found. Proceeding.
Attaching tracepoints...
  Kprobes for shm_open/shm_unlink should auto-attach if symbols exist.
Finished attaching probes.

--- Shared Memory Stats Summary at 17:16:36 ---
{"tgid": 11576, "comm": "lmp", "shmget": 1, "shmat": 1, "shmdt": 1, "rmid": 1, "get_mb": 0.00390625, "shmopen": 0, "unlink": 0, "mmap_sh": 1, "munmap": 27, "mmap_sh_mb": 4.000007629394531}
{"tgid": 11568, "comm": "lmp", "shmget": 1, "shmat": 1, "shmdt": 1, "rmid": 1, "get_mb": 0.00390625, "shmopen": 0, "unlink": 0, "mmap_sh": 1, "munmap": 27, "mmap_sh_mb": 4.000007629394531}
{"tgid": 11600, "comm": "lmp", "shmget": 1, "shmat": 1, "shmdt": 1, "rmid": 1, "get_mb": 0.00390625, "shmopen": 0, "unlink": 0, "mmap_sh": 1, "munmap": 27, "mmap_sh_mb": 4.000007629394531}
{"tgid": 11562, "comm": "lmp", "shmget": 1, "shmat": 1, "shmdt": 1, "rmid": 1, "get_mb": 0.00390625, "shmopen": 0, "unlink": 0, "mmap_sh": 1, "munmap": 27, "mmap_sh_mb": 4.000007629394531}
{"tgid": 11608, "comm": "lmp", "shmget": 1, "shmat": 1, "shmdt": 1, "rmid": 1, "get_mb": 0.00390625, "shmopen": 0, "unlink": 0, "mmap_sh": 1, "munmap": 27, "mmap_sh_mb": 4.000007629394531}
{"tgid": 11646, "comm": "lmp", "shmget": 1, "shmat": 1, "shmdt": 1, "rmid": 1, "get_mb": 0.00390625, "shmopen": 0, "unlink": 0, "mmap_sh": 1, "munmap": 27, "mmap_sh_mb": 4.000007629394531}
{"tgid": 11530, "comm": "lmp", "shmget": 1, "shmat": 1, "shmdt": 1, "rmid": 1, "get_mb": 0.00390625, "shmopen": 0, "unlink": 0, "mmap_sh": 1, "munmap": 27, "mmap_sh_mb": 4.000007629394531}
{"tgid": 11626, "comm": "lmp", "shmget": 1, "shmat": 1, "shmdt": 1, "rmid": 1, "get_mb": 0.00390625, "shmopen": 0, "unlink": 0, "mmap_sh": 1, "munmap": 27, "mmap_sh_mb": 4.000007629394531}
{"tgid": 11512, "comm": "lmp", "shmget": 1, "shmat": 1, "shmdt": 1, "rmid": 1, "get_mb": 0.00390625, "shmopen": 0, "unlink": 0, "mmap_sh": 1, "munmap": 27, "mmap_sh_mb": 4.000007629394531}
{"tgid": 11510, "comm": "lmp", "shmget": 1, "shmat": 1, "shmdt": 1, "rmid": 1, "get_mb": 0.00390625, "shmopen": 0, "unlink": 0, "mmap_sh": 1, "munmap": 27, "mmap_sh_mb": 4.000007629394531}
{"tgid": 11668, "comm": "lmp", "shmget": 1, "shmat": 1, "shmdt": 1, "rmid": 1, "get_mb": 0.00390625, "shmopen": 0, "unlink": 0, "mmap_sh": 1, "munmap": 27, "mmap_sh_mb": 4.000007629394531}
{"tgid": 11548, "comm": "lmp", "shmget": 1, "shmat": 1, "shmdt": 1, "rmid": 1, "get_mb": 0.00390625, "shmopen": 0, "unlink": 0, "mmap_sh": 1, "munmap": 27, "mmap_sh_mb": 4.000007629394531}
{"tgid": 11550, "comm": "lmp", "shmget": 1, "shmat": 1, "shmdt": 1, "rmid": 1, "get_mb": 0.00390625, "shmopen": 0, "unlink": 0, "mmap_sh": 1, "munmap": 27, "mmap_sh_mb": 4.000007629394531}
{"tgid": 11560, "comm": "lmp", "shmget": 1, "shmat": 1, "shmdt": 1, "rmid": 1, "get_mb": 0.00390625, "shmopen": 0, "unlink": 0, "mmap_sh": 1, "munmap": 27, "mmap_sh_mb": 4.000007629394531}
{"tgid": 11505, "comm": "lmp", "shmget": 1, "shmat": 1, "shmdt": 1, "rmid": 1, "get_mb": 0.00390625, "shmopen": 0, "unlink": 0, "mmap_sh": 1, "munmap": 27, "mmap_sh_mb": 4.000007629394531}
{"tgid": 11640, "comm": "lmp", "shmget": 1, "shmat": 1, "shmdt": 1, "rmid": 1, "get_mb": 0.00390625, "shmopen": 0, "unlink": 0, "mmap_sh": 1, "munmap": 27, "mmap_sh_mb": 4.000007629394531}
{"tgid": 11618, "comm": "lmp", "shmget": 1, "shmat": 1, "shmdt": 1, "rmid": 1, "get_mb": 0.00390625, "shmopen": 0, "unlink": 0, "mmap_sh": 1, "munmap": 27, "mmap_sh_mb": 4.000007629394531}
{"tgid": 11612, "comm": "lmp", "shmget": 1, "shmat": 1, "shmdt": 1, "rmid": 1, "get_mb": 0.00390625, "shmopen": 0, "unlink": 0, "mmap_sh": 1, "munmap": 27, "mmap_sh_mb": 4.000007629394531}
{"tgid": 11552, "comm": "lmp", "shmget": 1, "shmat": 1, "shmdt": 1, "rmid": 1, "get_mb": 0.00390625, "shmopen": 0, "unlink": 0, "mmap_sh": 1, "munmap": 27, "mmap_sh_mb": 4.000007629394531}
{"tgid": 11616, "comm": "lmp", "shmget": 1, "shmat": 1, "shmdt": 1, "rmid": 1, "get_mb": 0.00390625, "shmopen": 0, "unlink": 0, "mmap_sh": 1, "munmap": 27, "mmap_sh_mb": 4.000007629394531}

--- Shared Memory Stats Summary at 17:16:41 ---
{"tgid": 11576, "comm": "lmp", "shmget": 1, "shmat": 1, "shmdt": 1, "rmid": 1, "get_mb": 0.00390625, "shmopen": 0, "unlink": 0, "mmap_sh": 88, "munmap": 34, "mmap_sh_mb": 352.00067138671875}
{"tgid": 11568, "comm": "lmp", "shmget": 1, "shmat": 1, "shmdt": 1, "rmid": 1, "get_mb": 0.00390625, "shmopen": 0, "unlink": 0, "mmap_sh": 88, "munmap": 34, "mmap_sh_mb": 352.00067138671875}
{"tgid": 11600, "comm": "lmp", "shmget": 1, "shmat": 1, "shmdt": 1, "rmid": 1, "get_mb": 0.00390625, "shmopen": 0, "unlink": 0, "mmap_sh": 88, "munmap": 34, "mmap_sh_mb": 352.00067138671875}
{"tgid": 11562, "comm": "lmp", "shmget": 1, "shmat": 1, "shmdt": 1, "rmid": 1, "get_mb": 0.00390625, "shmopen": 0, "unlink": 0, "mmap_sh": 88, "munmap": 34, "mmap_sh_mb": 352.00067138671875}
{"tgid": 11608, "comm": "lmp", "shmget": 1, "shmat": 1, "shmdt": 1, "rmid": 1, "get_mb": 0.00390625, "shmopen": 0, "unlink": 0, "mmap_sh": 88, "munmap": 34, "mmap_sh_mb": 352.00067138671875}
{"tgid": 11646, "comm": "lmp", "shmget": 1, "shmat": 1, "shmdt": 1, "rmid": 1, "get_mb": 0.00390625, "shmopen": 0, "unlink": 0, "mmap_sh": 88, "munmap": 34, "mmap_sh_mb": 352.00067138671875}
{"tgid": 11530, "comm": "lmp", "shmget": 1, "shmat": 1, "shmdt": 1, "rmid": 1, "get_mb": 0.00390625, "shmopen": 0, "unlink": 0, "mmap_sh": 88, "munmap": 34, "mmap_sh_mb": 352.00067138671875}
{"tgid": 11626, "comm": "lmp", "shmget": 1, "shmat": 1, "shmdt": 1, "rmid": 1, "get_mb": 0.00390625, "shmopen": 0, "unlink": 0, "mmap_sh": 88, "munmap": 34, "mmap_sh_mb": 352.00067138671875}
{"tgid": 11512, "comm": "lmp", "shmget": 1, "shmat": 1, "shmdt": 1, "rmid": 1, "get_mb": 0.00390625, "shmopen": 0, "unlink": 0, "mmap_sh": 88, "munmap": 34, "mmap_sh_mb": 352.00067138671875}
{"tgid": 11510, "comm": "lmp", "shmget": 1, "shmat": 1, "shmdt": 1, "rmid": 1, "get_mb": 0.00390625, "shmopen": 0, "unlink": 0, "mmap_sh": 88, "munmap": 34, "mmap_sh_mb": 352.00067138671875}
{"tgid": 11668, "comm": "lmp", "shmget": 1, "shmat": 1, "shmdt": 1, "rmid": 1, "get_mb": 0.00390625, "shmopen": 0, "unlink": 0, "mmap_sh": 88, "munmap": 34, "mmap_sh_mb": 352.00067138671875}
{"tgid": 11548, "comm": "lmp", "shmget": 1, "shmat": 1, "shmdt": 1, "rmid": 1, "get_mb": 0.00390625, "shmopen": 0, "unlink": 0, "mmap_sh": 88, "munmap": 35, "mmap_sh_mb": 352.00067138671875}
{"tgid": 11550, "comm": "lmp", "shmget": 1, "shmat": 1, "shmdt": 1, "rmid": 1, "get_mb": 0.00390625, "shmopen": 0, "unlink": 0, "mmap_sh": 88, "munmap": 34, "mmap_sh_mb": 352.00067138671875}
{"tgid": 11560, "comm": "lmp", "shmget": 1, "shmat": 1, "shmdt": 1, "rmid": 1, "get_mb": 0.00390625, "shmopen": 0, "unlink": 0, "mmap_sh": 88, "munmap": 34, "mmap_sh_mb": 352.00067138671875}
{"tgid": 11505, "comm": "lmp", "shmget": 1, "shmat": 1, "shmdt": 1, "rmid": 1, "get_mb": 0.00390625, "shmopen": 0, "unlink": 0, "mmap_sh": 88, "munmap": 35, "mmap_sh_mb": 352.00067138671875}
{"tgid": 11640, "comm": "lmp", "shmget": 1, "shmat": 1, "shmdt": 1, "rmid": 1, "get_mb": 0.00390625, "shmopen": 0, "unlink": 0, "mmap_sh": 88, "munmap": 34, "mmap_sh_mb": 352.00067138671875}
{"tgid": 11618, "comm": "lmp", "shmget": 1, "shmat": 1, "shmdt": 1, "rmid": 1, "get_mb": 0.00390625, "shmopen": 0, "unlink": 0, "mmap_sh": 88, "munmap": 34, "mmap_sh_mb": 352.00067138671875}
{"tgid": 11612, "comm": "lmp", "shmget": 1, "shmat": 1, "shmdt": 1, "rmid": 1, "get_mb": 0.00390625, "shmopen": 0, "unlink": 0, "mmap_sh": 88, "munmap": 34, "mmap_sh_mb": 352.00067138671875}
{"tgid": 11552, "comm": "lmp", "shmget": 1, "shmat": 1, "shmdt": 1, "rmid": 1, "get_mb": 0.00390625, "shmopen": 0, "unlink": 0, "mmap_sh": 88, "munmap": 34, "mmap_sh_mb": 352.00067138671875}
{"tgid": 11616, "comm": "lmp", "shmget": 1, "shmat": 1, "shmdt": 1, "rmid": 1, "get_mb": 0.00390625, "shmopen": 0, "unlink": 0, "mmap_sh": 88, "munmap": 34, "mmap_sh_mb": 352.00067138671875}

--- Shared Memory Stats Summary at 17:16:46 ---
{"tgid": 11576, "comm": "lmp", "shmget": 1, "shmat": 1, "shmdt": 1, "rmid": 1, "get_mb": 0.00390625, "shmopen": 0, "unlink": 0, "mmap_sh": 88, "munmap": 34, "mmap_sh_mb": 352.00067138671875}
{"tgid": 11568, "comm": "lmp", "shmget": 1, "shmat": 1, "shmdt": 1, "rmid": 1, "get_mb": 0.00390625, "shmopen": 0, "unlink": 0, "mmap_sh": 88, "munmap": 34, "mmap_sh_mb": 352.00067138671875}
{"tgid": 11600, "comm": "lmp", "shmget": 1, "shmat": 1, "shmdt": 1, "rmid": 1, "get_mb": 0.00390625, "shmopen": 0, "unlink": 0, "mmap_sh": 88, "munmap": 34, "mmap_sh_mb": 352.00067138671875}
{"tgid": 11562, "comm": "lmp", "shmget": 1, "shmat": 1, "shmdt": 1, "rmid": 1, "get_mb": 0.00390625, "shmopen": 0, "unlink": 0, "mmap_sh": 88, "munmap": 34, "mmap_sh_mb": 352.00067138671875}
{"tgid": 11608, "comm": "lmp", "shmget": 1, "shmat": 1, "shmdt": 1, "rmid": 1, "get_mb": 0.00390625, "shmopen": 0, "unlink": 0, "mmap_sh": 88, "munmap": 34, "mmap_sh_mb": 352.00067138671875}
{"tgid": 11646, "comm": "lmp", "shmget": 1, "shmat": 1, "shmdt": 1, "rmid": 1, "get_mb": 0.00390625, "shmopen": 0, "unlink": 0, "mmap_sh": 88, "munmap": 34, "mmap_sh_mb": 352.00067138671875}
{"tgid": 11530, "comm": "lmp", "shmget": 1, "shmat": 1, "shmdt": 1, "rmid": 1, "get_mb": 0.00390625, "shmopen": 0, "unlink": 0, "mmap_sh": 88, "munmap": 34, "mmap_sh_mb": 352.00067138671875}
{"tgid": 11626, "comm": "lmp", "shmget": 1, "shmat": 1, "shmdt": 1, "rmid": 1, "get_mb": 0.00390625, "shmopen": 0, "unlink": 0, "mmap_sh": 88, "munmap": 34, "mmap_sh_mb": 352.00067138671875}
{"tgid": 11512, "comm": "lmp", "shmget": 1, "shmat": 1, "shmdt": 1, "rmid": 1, "get_mb": 0.00390625, "shmopen": 0, "unlink": 0, "mmap_sh": 88, "munmap": 34, "mmap_sh_mb": 352.00067138671875}
{"tgid": 11510, "comm": "lmp", "shmget": 1, "shmat": 1, "shmdt": 1, "rmid": 1, "get_mb": 0.00390625, "shmopen": 0, "unlink": 0, "mmap_sh": 88, "munmap": 34, "mmap_sh_mb": 352.00067138671875}
{"tgid": 11668, "comm": "lmp", "shmget": 1, "shmat": 1, "shmdt": 1, "rmid": 1, "get_mb": 0.00390625, "shmopen": 0, "unlink": 0, "mmap_sh": 88, "munmap": 34, "mmap_sh_mb": 352.00067138671875}
{"tgid": 11548, "comm": "lmp", "shmget": 1, "shmat": 1, "shmdt": 1, "rmid": 1, "get_mb": 0.00390625, "shmopen": 0, "unlink": 0, "mmap_sh": 88, "munmap": 35, "mmap_sh_mb": 352.00067138671875}
{"tgid": 11550, "comm": "lmp", "shmget": 1, "shmat": 1, "shmdt": 1, "rmid": 1, "get_mb": 0.00390625, "shmopen": 0, "unlink": 0, "mmap_sh": 88, "munmap": 34, "mmap_sh_mb": 352.00067138671875}
{"tgid": 11560, "comm": "lmp", "shmget": 1, "shmat": 1, "shmdt": 1, "rmid": 1, "get_mb": 0.00390625, "shmopen": 0, "unlink": 0, "mmap_sh": 88, "munmap": 34, "mmap_sh_mb": 352.00067138671875}
{"tgid": 11505, "comm": "lmp", "shmget": 1, "shmat": 1, "shmdt": 1, "rmid": 1, "get_mb": 0.00390625, "shmopen": 0, "unlink": 0, "mmap_sh": 88, "munmap": 35, "mmap_sh_mb": 352.00067138671875}
{"tgid": 11640, "comm": "lmp", "shmget": 1, "shmat": 1, "shmdt": 1, "rmid": 1, "get_mb": 0.00390625, "shmopen": 0, "unlink": 0, "mmap_sh": 88, "munmap": 34, "mmap_sh_mb": 352.00067138671875}
{"tgid": 11618, "comm": "lmp", "shmget": 1, "shmat": 1, "shmdt": 1, "rmid": 1, "get_mb": 0.00390625, "shmopen": 0, "unlink": 0, "mmap_sh": 88, "munmap": 34, "mmap_sh_mb": 352.00067138671875}
{"tgid": 11612, "comm": "lmp", "shmget": 1, "shmat": 1, "shmdt": 1, "rmid": 1, "get_mb": 0.00390625, "shmopen": 0, "unlink": 0, "mmap_sh": 88, "munmap": 34, "mmap_sh_mb": 352.00067138671875}
{"tgid": 11552, "comm": "lmp", "shmget": 1, "shmat": 1, "shmdt": 1, "rmid": 1, "get_mb": 0.00390625, "shmopen": 0, "unlink": 0, "mmap_sh": 88, "munmap": 34, "mmap_sh_mb": 352.00067138671875}
{"tgid": 11616, "comm": "lmp", "shmget": 1, "shmat": 1, "shmdt": 1, "rmid": 1, "get_mb": 0.00390625, "shmopen": 0, "unlink": 0, "mmap_sh": 88, "munmap": 34, "mmap_sh_mb": 352.00067138671875}

--- Shared Memory Stats Summary at 17:16:51 ---
{"tgid": 11576, "comm": "lmp", "shmget": 1, "shmat": 1, "shmdt": 1, "rmid": 1, "get_mb": 0.00390625, "shmopen": 0, "unlink": 0, "mmap_sh": 88, "munmap": 34, "mmap_sh_mb": 352.00067138671875}
{"tgid": 11568, "comm": "lmp", "shmget": 1, "shmat": 1, "shmdt": 1, "rmid": 1, "get_mb": 0.00390625, "shmopen": 0, "unlink": 0, "mmap_sh": 88, "munmap": 34, "mmap_sh_mb": 352.00067138671875}
{"tgid": 11600, "comm": "lmp", "shmget": 1, "shmat": 1, "shmdt": 1, "rmid": 1, "get_mb": 0.00390625, "shmopen": 0, "unlink": 0, "mmap_sh": 88, "munmap": 34, "mmap_sh_mb": 352.00067138671875}
{"tgid": 11562, "comm": "lmp", "shmget": 1, "shmat": 1, "shmdt": 1, "rmid": 1, "get_mb": 0.00390625, "shmopen": 0, "unlink": 0, "mmap_sh": 88, "munmap": 34, "mmap_sh_mb": 352.00067138671875}
{"tgid": 11608, "comm": "lmp", "shmget": 1, "shmat": 1, "shmdt": 1, "rmid": 1, "get_mb": 0.00390625, "shmopen": 0, "unlink": 0, "mmap_sh": 88, "munmap": 34, "mmap_sh_mb": 352.00067138671875}
{"tgid": 11646, "comm": "lmp", "shmget": 1, "shmat": 1, "shmdt": 1, "rmid": 1, "get_mb": 0.00390625, "shmopen": 0, "unlink": 0, "mmap_sh": 88, "munmap": 34, "mmap_sh_mb": 352.00067138671875}
{"tgid": 11530, "comm": "lmp", "shmget": 1, "shmat": 1, "shmdt": 1, "rmid": 1, "get_mb": 0.00390625, "shmopen": 0, "unlink": 0, "mmap_sh": 88, "munmap": 34, "mmap_sh_mb": 352.00067138671875}
{"tgid": 11626, "comm": "lmp", "shmget": 1, "shmat": 1, "shmdt": 1, "rmid": 1, "get_mb": 0.00390625, "shmopen": 0, "unlink": 0, "mmap_sh": 88, "munmap": 34, "mmap_sh_mb": 352.00067138671875}
{"tgid": 11512, "comm": "lmp", "shmget": 1, "shmat": 1, "shmdt": 1, "rmid": 1, "get_mb": 0.00390625, "shmopen": 0, "unlink": 0, "mmap_sh": 88, "munmap": 34, "mmap_sh_mb": 352.00067138671875}
{"tgid": 11510, "comm": "lmp", "shmget": 1, "shmat": 1, "shmdt": 1, "rmid": 1, "get_mb": 0.00390625, "shmopen": 0, "unlink": 0, "mmap_sh": 88, "munmap": 34, "mmap_sh_mb": 352.00067138671875}
{"tgid": 11668, "comm": "lmp", "shmget": 1, "shmat": 1, "shmdt": 1, "rmid": 1, "get_mb": 0.00390625, "shmopen": 0, "unlink": 0, "mmap_sh": 88, "munmap": 34, "mmap_sh_mb": 352.00067138671875}
{"tgid": 11548, "comm": "lmp", "shmget": 1, "shmat": 1, "shmdt": 1, "rmid": 1, "get_mb": 0.00390625, "shmopen": 0, "unlink": 0, "mmap_sh": 88, "munmap": 35, "mmap_sh_mb": 352.00067138671875}
{"tgid": 11550, "comm": "lmp", "shmget": 1, "shmat": 1, "shmdt": 1, "rmid": 1, "get_mb": 0.00390625, "shmopen": 0, "unlink": 0, "mmap_sh": 88, "munmap": 34, "mmap_sh_mb": 352.00067138671875}
{"tgid": 11560, "comm": "lmp", "shmget": 1, "shmat": 1, "shmdt": 1, "rmid": 1, "get_mb": 0.00390625, "shmopen": 0, "unlink": 0, "mmap_sh": 88, "munmap": 34, "mmap_sh_mb": 352.00067138671875}
{"tgid": 11505, "comm": "lmp", "shmget": 1, "shmat": 1, "shmdt": 1, "rmid": 1, "get_mb": 0.00390625, "shmopen": 0, "unlink": 0, "mmap_sh": 88, "munmap": 35, "mmap_sh_mb": 352.00067138671875}
{"tgid": 11640, "comm": "lmp", "shmget": 1, "shmat": 1, "shmdt": 1, "rmid": 1, "get_mb": 0.00390625, "shmopen": 0, "unlink": 0, "mmap_sh": 88, "munmap": 34, "mmap_sh_mb": 352.00067138671875}
{"tgid": 11618, "comm": "lmp", "shmget": 1, "shmat": 1, "shmdt": 1, "rmid": 1, "get_mb": 0.00390625, "shmopen": 0, "unlink": 0, "mmap_sh": 88, "munmap": 34, "mmap_sh_mb": 352.00067138671875}
{"tgid": 11612, "comm": "lmp", "shmget": 1, "shmat": 1, "shmdt": 1, "rmid": 1, "get_mb": 0.00390625, "shmopen": 0, "unlink": 0, "mmap_sh": 88, "munmap": 34, "mmap_sh_mb": 352.00067138671875}
{"tgid": 11552, "comm": "lmp", "shmget": 1, "shmat": 1, "shmdt": 1, "rmid": 1, "get_mb": 0.00390625, "shmopen": 0, "unlink": 0, "mmap_sh": 88, "munmap": 34, "mmap_sh_mb": 352.00067138671875}
{"tgid": 11616, "comm": "lmp", "shmget": 1, "shmat": 1, "shmdt": 1, "rmid": 1, "get_mb": 0.00390625, "shmopen": 0, "unlink": 0, "mmap_sh": 88, "munmap": 34, "mmap_sh_mb": 352.00067138671875}

--- Shared Memory Stats Summary at 17:16:56 ---
{"tgid": 11576, "comm": "lmp", "shmget": 1, "shmat": 1, "shmdt": 1, "rmid": 1, "get_mb": 0.00390625, "shmopen": 0, "unlink": 0, "mmap_sh": 88, "munmap": 34, "mmap_sh_mb": 352.00067138671875}
{"tgid": 11568, "comm": "lmp", "shmget": 1, "shmat": 1, "shmdt": 1, "rmid": 1, "get_mb": 0.00390625, "shmopen": 0, "unlink": 0, "mmap_sh": 88, "munmap": 34, "mmap_sh_mb": 352.00067138671875}
{"tgid": 11600, "comm": "lmp", "shmget": 1, "shmat": 1, "shmdt": 1, "rmid": 1, "get_mb": 0.00390625, "shmopen": 0, "unlink": 0, "mmap_sh": 88, "munmap": 34, "mmap_sh_mb": 352.00067138671875}
{"tgid": 11562, "comm": "lmp", "shmget": 1, "shmat": 1, "shmdt": 1, "rmid": 1, "get_mb": 0.00390625, "shmopen": 0, "unlink": 0, "mmap_sh": 88, "munmap": 34, "mmap_sh_mb": 352.00067138671875}
{"tgid": 11608, "comm": "lmp", "shmget": 1, "shmat": 1, "shmdt": 1, "rmid": 1, "get_mb": 0.00390625, "shmopen": 0, "unlink": 0, "mmap_sh": 88, "munmap": 34, "mmap_sh_mb": 352.00067138671875}
{"tgid": 11646, "comm": "lmp", "shmget": 1, "shmat": 1, "shmdt": 1, "rmid": 1, "get_mb": 0.00390625, "shmopen": 0, "unlink": 0, "mmap_sh": 88, "munmap": 34, "mmap_sh_mb": 352.00067138671875}
{"tgid": 11530, "comm": "lmp", "shmget": 1, "shmat": 1, "shmdt": 1, "rmid": 1, "get_mb": 0.00390625, "shmopen": 0, "unlink": 0, "mmap_sh": 88, "munmap": 34, "mmap_sh_mb": 352.00067138671875}
{"tgid": 11626, "comm": "lmp", "shmget": 1, "shmat": 1, "shmdt": 1, "rmid": 1, "get_mb": 0.00390625, "shmopen": 0, "unlink": 0, "mmap_sh": 88, "munmap": 34, "mmap_sh_mb": 352.00067138671875}
{"tgid": 11512, "comm": "lmp", "shmget": 1, "shmat": 1, "shmdt": 1, "rmid": 1, "get_mb": 0.00390625, "shmopen": 0, "unlink": 0, "mmap_sh": 88, "munmap": 34, "mmap_sh_mb": 352.00067138671875}
{"tgid": 11510, "comm": "lmp", "shmget": 1, "shmat": 1, "shmdt": 1, "rmid": 1, "get_mb": 0.00390625, "shmopen": 0, "unlink": 0, "mmap_sh": 88, "munmap": 34, "mmap_sh_mb": 352.00067138671875}
{"tgid": 11668, "comm": "lmp", "shmget": 1, "shmat": 1, "shmdt": 1, "rmid": 1, "get_mb": 0.00390625, "shmopen": 0, "unlink": 0, "mmap_sh": 88, "munmap": 34, "mmap_sh_mb": 352.00067138671875}
{"tgid": 11548, "comm": "lmp", "shmget": 1, "shmat": 1, "shmdt": 1, "rmid": 1, "get_mb": 0.00390625, "shmopen": 0, "unlink": 0, "mmap_sh": 88, "munmap": 35, "mmap_sh_mb": 352.00067138671875}
{"tgid": 11550, "comm": "lmp", "shmget": 1, "shmat": 1, "shmdt": 1, "rmid": 1, "get_mb": 0.00390625, "shmopen": 0, "unlink": 0, "mmap_sh": 88, "munmap": 34, "mmap_sh_mb": 352.00067138671875}
{"tgid": 11560, "comm": "lmp", "shmget": 1, "shmat": 1, "shmdt": 1, "rmid": 1, "get_mb": 0.00390625, "shmopen": 0, "unlink": 0, "mmap_sh": 88, "munmap": 34, "mmap_sh_mb": 352.00067138671875}
{"tgid": 11505, "comm": "lmp", "shmget": 1, "shmat": 1, "shmdt": 1, "rmid": 1, "get_mb": 0.00390625, "shmopen": 0, "unlink": 0, "mmap_sh": 88, "munmap": 35, "mmap_sh_mb": 352.00067138671875}
{"tgid": 11640, "comm": "lmp", "shmget": 1, "shmat": 1, "shmdt": 1, "rmid": 1, "get_mb": 0.00390625, "shmopen": 0, "unlink": 0, "mmap_sh": 88, "munmap": 34, "mmap_sh_mb": 352.00067138671875}
{"tgid": 11618, "comm": "lmp", "shmget": 1, "shmat": 1, "shmdt": 1, "rmid": 1, "get_mb": 0.00390625, "shmopen": 0, "unlink": 0, "mmap_sh": 88, "munmap": 34, "mmap_sh_mb": 352.00067138671875}
{"tgid": 11612, "comm": "lmp", "shmget": 1, "shmat": 1, "shmdt": 1, "rmid": 1, "get_mb": 0.00390625, "shmopen": 0, "unlink": 0, "mmap_sh": 88, "munmap": 34, "mmap_sh_mb": 352.00067138671875}
{"tgid": 11552, "comm": "lmp", "shmget": 1, "shmat": 1, "shmdt": 1, "rmid": 1, "get_mb": 0.00390625, "shmopen": 0, "unlink": 0, "mmap_sh": 88, "munmap": 34, "mmap_sh_mb": 352.00067138671875}
{"tgid": 11616, "comm": "lmp", "shmget": 1, "shmat": 1, "shmdt": 1, "rmid": 1, "get_mb": 0.00390625, "shmopen": 0, "unlink": 0, "mmap_sh": 88, "munmap": 34, "mmap_sh_mb": 352.00067138671875}

--- Shared Memory Stats Summary at 17:17:01 ---
{"tgid": 11576, "comm": "lmp", "shmget": 1, "shmat": 1, "shmdt": 1, "rmid": 1, "get_mb": 0.00390625, "shmopen": 0, "unlink": 0, "mmap_sh": 88, "munmap": 34, "mmap_sh_mb": 352.00067138671875}
{"tgid": 11568, "comm": "lmp", "shmget": 1, "shmat": 1, "shmdt": 1, "rmid": 1, "get_mb": 0.00390625, "shmopen": 0, "unlink": 0, "mmap_sh": 88, "munmap": 34, "mmap_sh_mb": 352.00067138671875}
{"tgid": 11600, "comm": "lmp", "shmget": 1, "shmat": 1, "shmdt": 1, "rmid": 1, "get_mb": 0.00390625, "shmopen": 0, "unlink": 0, "mmap_sh": 88, "munmap": 34, "mmap_sh_mb": 352.00067138671875}
{"tgid": 11562, "comm": "lmp", "shmget": 1, "shmat": 1, "shmdt": 1, "rmid": 1, "get_mb": 0.00390625, "shmopen": 0, "unlink": 0, "mmap_sh": 88, "munmap": 34, "mmap_sh_mb": 352.00067138671875}
{"tgid": 11608, "comm": "lmp", "shmget": 1, "shmat": 1, "shmdt": 1, "rmid": 1, "get_mb": 0.00390625, "shmopen": 0, "unlink": 0, "mmap_sh": 88, "munmap": 34, "mmap_sh_mb": 352.00067138671875}
{"tgid": 11646, "comm": "lmp", "shmget": 1, "shmat": 1, "shmdt": 1, "rmid": 1, "get_mb": 0.00390625, "shmopen": 0, "unlink": 0, "mmap_sh": 88, "munmap": 34, "mmap_sh_mb": 352.00067138671875}
{"tgid": 11530, "comm": "lmp", "shmget": 1, "shmat": 1, "shmdt": 1, "rmid": 1, "get_mb": 0.00390625, "shmopen": 0, "unlink": 0, "mmap_sh": 88, "munmap": 34, "mmap_sh_mb": 352.00067138671875}
{"tgid": 11626, "comm": "lmp", "shmget": 1, "shmat": 1, "shmdt": 1, "rmid": 1, "get_mb": 0.00390625, "shmopen": 0, "unlink": 0, "mmap_sh": 88, "munmap": 34, "mmap_sh_mb": 352.00067138671875}
{"tgid": 11512, "comm": "lmp", "shmget": 1, "shmat": 1, "shmdt": 1, "rmid": 1, "get_mb": 0.00390625, "shmopen": 0, "unlink": 0, "mmap_sh": 88, "munmap": 34, "mmap_sh_mb": 352.00067138671875}
{"tgid": 11510, "comm": "lmp", "shmget": 1, "shmat": 1, "shmdt": 1, "rmid": 1, "get_mb": 0.00390625, "shmopen": 0, "unlink": 0, "mmap_sh": 88, "munmap": 34, "mmap_sh_mb": 352.00067138671875}
{"tgid": 11668, "comm": "lmp", "shmget": 1, "shmat": 1, "shmdt": 1, "rmid": 1, "get_mb": 0.00390625, "shmopen": 0, "unlink": 0, "mmap_sh": 88, "munmap": 34, "mmap_sh_mb": 352.00067138671875}
{"tgid": 11548, "comm": "lmp", "shmget": 1, "shmat": 1, "shmdt": 1, "rmid": 1, "get_mb": 0.00390625, "shmopen": 0, "unlink": 0, "mmap_sh": 88, "munmap": 35, "mmap_sh_mb": 352.00067138671875}
{"tgid": 11550, "comm": "lmp", "shmget": 1, "shmat": 1, "shmdt": 1, "rmid": 1, "get_mb": 0.00390625, "shmopen": 0, "unlink": 0, "mmap_sh": 88, "munmap": 34, "mmap_sh_mb": 352.00067138671875}
{"tgid": 11560, "comm": "lmp", "shmget": 1, "shmat": 1, "shmdt": 1, "rmid": 1, "get_mb": 0.00390625, "shmopen": 0, "unlink": 0, "mmap_sh": 88, "munmap": 34, "mmap_sh_mb": 352.00067138671875}
{"tgid": 11505, "comm": "lmp", "shmget": 1, "shmat": 1, "shmdt": 1, "rmid": 1, "get_mb": 0.00390625, "shmopen": 0, "unlink": 0, "mmap_sh": 88, "munmap": 35, "mmap_sh_mb": 352.00067138671875}
{"tgid": 11640, "comm": "lmp", "shmget": 1, "shmat": 1, "shmdt": 1, "rmid": 1, "get_mb": 0.00390625, "shmopen": 0, "unlink": 0, "mmap_sh": 88, "munmap": 34, "mmap_sh_mb": 352.00067138671875}
{"tgid": 11618, "comm": "lmp", "shmget": 1, "shmat": 1, "shmdt": 1, "rmid": 1, "get_mb": 0.00390625, "shmopen": 0, "unlink": 0, "mmap_sh": 88, "munmap": 34, "mmap_sh_mb": 352.00067138671875}
{"tgid": 11612, "comm": "lmp", "shmget": 1, "shmat": 1, "shmdt": 1, "rmid": 1, "get_mb": 0.00390625, "shmopen": 0, "unlink": 0, "mmap_sh": 88, "munmap": 34, "mmap_sh_mb": 352.00067138671875}
{"tgid": 11552, "comm": "lmp", "shmget": 1, "shmat": 1, "shmdt": 1, "rmid": 1, "get_mb": 0.00390625, "shmopen": 0, "unlink": 0, "mmap_sh": 88, "munmap": 34, "mmap_sh_mb": 352.00067138671875}
{"tgid": 11616, "comm": "lmp", "shmget": 1, "shmat": 1, "shmdt": 1, "rmid": 1, "get_mb": 0.00390625, "shmopen": 0, "unlink": 0, "mmap_sh": 88, "munmap": 34, "mmap_sh_mb": 352.00067138671875}

--- Shared Memory Stats Summary at 17:17:06 ---
{"tgid": 11576, "comm": "lmp", "shmget": 1, "shmat": 1, "shmdt": 1, "rmid": 1, "get_mb": 0.00390625, "shmopen": 0, "unlink": 0, "mmap_sh": 88, "munmap": 34, "mmap_sh_mb": 352.00067138671875}
{"tgid": 11568, "comm": "lmp", "shmget": 1, "shmat": 1, "shmdt": 1, "rmid": 1, "get_mb": 0.00390625, "shmopen": 0, "unlink": 0, "mmap_sh": 88, "munmap": 34, "mmap_sh_mb": 352.00067138671875}
{"tgid": 11600, "comm": "lmp", "shmget": 1, "shmat": 1, "shmdt": 1, "rmid": 1, "get_mb": 0.00390625, "shmopen": 0, "unlink": 0, "mmap_sh": 88, "munmap": 34, "mmap_sh_mb": 352.00067138671875}
{"tgid": 11562, "comm": "lmp", "shmget": 1, "shmat": 1, "shmdt": 1, "rmid": 1, "get_mb": 0.00390625, "shmopen": 0, "unlink": 0, "mmap_sh": 88, "munmap": 34, "mmap_sh_mb": 352.00067138671875}
{"tgid": 11608, "comm": "lmp", "shmget": 1, "shmat": 1, "shmdt": 1, "rmid": 1, "get_mb": 0.00390625, "shmopen": 0, "unlink": 0, "mmap_sh": 88, "munmap": 34, "mmap_sh_mb": 352.00067138671875}
{"tgid": 11646, "comm": "lmp", "shmget": 1, "shmat": 1, "shmdt": 1, "rmid": 1, "get_mb": 0.00390625, "shmopen": 0, "unlink": 0, "mmap_sh": 88, "munmap": 34, "mmap_sh_mb": 352.00067138671875}
{"tgid": 11530, "comm": "lmp", "shmget": 1, "shmat": 1, "shmdt": 1, "rmid": 1, "get_mb": 0.00390625, "shmopen": 0, "unlink": 0, "mmap_sh": 88, "munmap": 34, "mmap_sh_mb": 352.00067138671875}
{"tgid": 11626, "comm": "lmp", "shmget": 1, "shmat": 1, "shmdt": 1, "rmid": 1, "get_mb": 0.00390625, "shmopen": 0, "unlink": 0, "mmap_sh": 88, "munmap": 34, "mmap_sh_mb": 352.00067138671875}
{"tgid": 11512, "comm": "lmp", "shmget": 1, "shmat": 1, "shmdt": 1, "rmid": 1, "get_mb": 0.00390625, "shmopen": 0, "unlink": 0, "mmap_sh": 88, "munmap": 34, "mmap_sh_mb": 352.00067138671875}
{"tgid": 11510, "comm": "lmp", "shmget": 1, "shmat": 1, "shmdt": 1, "rmid": 1, "get_mb": 0.00390625, "shmopen": 0, "unlink": 0, "mmap_sh": 88, "munmap": 34, "mmap_sh_mb": 352.00067138671875}
{"tgid": 11668, "comm": "lmp", "shmget": 1, "shmat": 1, "shmdt": 1, "rmid": 1, "get_mb": 0.00390625, "shmopen": 0, "unlink": 0, "mmap_sh": 88, "munmap": 34, "mmap_sh_mb": 352.00067138671875}
{"tgid": 11548, "comm": "lmp", "shmget": 1, "shmat": 1, "shmdt": 1, "rmid": 1, "get_mb": 0.00390625, "shmopen": 0, "unlink": 0, "mmap_sh": 88, "munmap": 35, "mmap_sh_mb": 352.00067138671875}
{"tgid": 11550, "comm": "lmp", "shmget": 1, "shmat": 1, "shmdt": 1, "rmid": 1, "get_mb": 0.00390625, "shmopen": 0, "unlink": 0, "mmap_sh": 88, "munmap": 34, "mmap_sh_mb": 352.00067138671875}
{"tgid": 11560, "comm": "lmp", "shmget": 1, "shmat": 1, "shmdt": 1, "rmid": 1, "get_mb": 0.00390625, "shmopen": 0, "unlink": 0, "mmap_sh": 88, "munmap": 34, "mmap_sh_mb": 352.00067138671875}
{"tgid": 11505, "comm": "lmp", "shmget": 1, "shmat": 1, "shmdt": 1, "rmid": 1, "get_mb": 0.00390625, "shmopen": 0, "unlink": 0, "mmap_sh": 88, "munmap": 35, "mmap_sh_mb": 352.00067138671875}
{"tgid": 11640, "comm": "lmp", "shmget": 1, "shmat": 1, "shmdt": 1, "rmid": 1, "get_mb": 0.00390625, "shmopen": 0, "unlink": 0, "mmap_sh": 88, "munmap": 34, "mmap_sh_mb": 352.00067138671875}
{"tgid": 11618, "comm": "lmp", "shmget": 1, "shmat": 1, "shmdt": 1, "rmid": 1, "get_mb": 0.00390625, "shmopen": 0, "unlink": 0, "mmap_sh": 88, "munmap": 34, "mmap_sh_mb": 352.00067138671875}
{"tgid": 11612, "comm": "lmp", "shmget": 1, "shmat": 1, "shmdt": 1, "rmid": 1, "get_mb": 0.00390625, "shmopen": 0, "unlink": 0, "mmap_sh": 88, "munmap": 34, "mmap_sh_mb": 352.00067138671875}
{"tgid": 11552, "comm": "lmp", "shmget": 1, "shmat": 1, "shmdt": 1, "rmid": 1, "get_mb": 0.00390625, "shmopen": 0, "unlink": 0, "mmap_sh": 88, "munmap": 34, "mmap_sh_mb": 352.00067138671875}
{"tgid": 11616, "comm": "lmp", "shmget": 1, "shmat": 1, "shmdt": 1, "rmid": 1, "get_mb": 0.00390625, "shmopen": 0, "unlink": 0, "mmap_sh": 88, "munmap": 34, "mmap_sh_mb": 352.00067138671875}

--- Shared Memory Stats Summary at 17:17:11 ---
{"tgid": 11576, "comm": "lmp", "shmget": 1, "shmat": 1, "shmdt": 1, "rmid": 1, "get_mb": 0.00390625, "shmopen": 0, "unlink": 0, "mmap_sh": 88, "munmap": 199, "mmap_sh_mb": 352.00067138671875}
{"tgid": 11568, "comm": "lmp", "shmget": 1, "shmat": 1, "shmdt": 1, "rmid": 1, "get_mb": 0.00390625, "shmopen": 0, "unlink": 0, "mmap_sh": 88, "munmap": 199, "mmap_sh_mb": 352.00067138671875}
{"tgid": 11600, "comm": "lmp", "shmget": 1, "shmat": 1, "shmdt": 1, "rmid": 1, "get_mb": 0.00390625, "shmopen": 0, "unlink": 0, "mmap_sh": 88, "munmap": 199, "mmap_sh_mb": 352.00067138671875}
{"tgid": 11562, "comm": "lmp", "shmget": 1, "shmat": 1, "shmdt": 1, "rmid": 1, "get_mb": 0.00390625, "shmopen": 0, "unlink": 0, "mmap_sh": 88, "munmap": 199, "mmap_sh_mb": 352.00067138671875}
{"tgid": 11608, "comm": "lmp", "shmget": 1, "shmat": 1, "shmdt": 1, "rmid": 1, "get_mb": 0.00390625, "shmopen": 0, "unlink": 0, "mmap_sh": 88, "munmap": 199, "mmap_sh_mb": 352.00067138671875}
{"tgid": 11646, "comm": "lmp", "shmget": 1, "shmat": 1, "shmdt": 1, "rmid": 1, "get_mb": 0.00390625, "shmopen": 0, "unlink": 0, "mmap_sh": 88, "munmap": 199, "mmap_sh_mb": 352.00067138671875}
{"tgid": 11530, "comm": "lmp", "shmget": 1, "shmat": 1, "shmdt": 1, "rmid": 1, "get_mb": 0.00390625, "shmopen": 0, "unlink": 0, "mmap_sh": 88, "munmap": 200, "mmap_sh_mb": 352.00067138671875}
{"tgid": 11626, "comm": "lmp", "shmget": 1, "shmat": 1, "shmdt": 1, "rmid": 1, "get_mb": 0.00390625, "shmopen": 0, "unlink": 0, "mmap_sh": 88, "munmap": 199, "mmap_sh_mb": 352.00067138671875}
{"tgid": 11512, "comm": "lmp", "shmget": 1, "shmat": 1, "shmdt": 1, "rmid": 1, "get_mb": 0.00390625, "shmopen": 0, "unlink": 0, "mmap_sh": 88, "munmap": 199, "mmap_sh_mb": 352.00067138671875}
{"tgid": 11510, "comm": "lmp", "shmget": 1, "shmat": 1, "shmdt": 1, "rmid": 1, "get_mb": 0.00390625, "shmopen": 0, "unlink": 0, "mmap_sh": 88, "munmap": 199, "mmap_sh_mb": 352.00067138671875}
{"tgid": 11668, "comm": "lmp", "shmget": 1, "shmat": 1, "shmdt": 1, "rmid": 1, "get_mb": 0.00390625, "shmopen": 0, "unlink": 0, "mmap_sh": 88, "munmap": 199, "mmap_sh_mb": 352.00067138671875}
{"tgid": 11548, "comm": "lmp", "shmget": 1, "shmat": 1, "shmdt": 1, "rmid": 1, "get_mb": 0.00390625, "shmopen": 0, "unlink": 0, "mmap_sh": 88, "munmap": 200, "mmap_sh_mb": 352.00067138671875}
{"tgid": 11550, "comm": "lmp", "shmget": 1, "shmat": 1, "shmdt": 1, "rmid": 1, "get_mb": 0.00390625, "shmopen": 0, "unlink": 0, "mmap_sh": 88, "munmap": 199, "mmap_sh_mb": 352.00067138671875}
{"tgid": 11560, "comm": "lmp", "shmget": 1, "shmat": 1, "shmdt": 1, "rmid": 1, "get_mb": 0.00390625, "shmopen": 0, "unlink": 0, "mmap_sh": 88, "munmap": 199, "mmap_sh_mb": 352.00067138671875}
{"tgid": 11505, "comm": "lmp", "shmget": 1, "shmat": 1, "shmdt": 1, "rmid": 1, "get_mb": 0.00390625, "shmopen": 0, "unlink": 0, "mmap_sh": 88, "munmap": 200, "mmap_sh_mb": 352.00067138671875}
{"tgid": 11640, "comm": "lmp", "shmget": 1, "shmat": 1, "shmdt": 1, "rmid": 1, "get_mb": 0.00390625, "shmopen": 0, "unlink": 0, "mmap_sh": 88, "munmap": 200, "mmap_sh_mb": 352.00067138671875}
{"tgid": 11618, "comm": "lmp", "shmget": 1, "shmat": 1, "shmdt": 1, "rmid": 1, "get_mb": 0.00390625, "shmopen": 0, "unlink": 0, "mmap_sh": 88, "munmap": 200, "mmap_sh_mb": 352.00067138671875}
{"tgid": 11612, "comm": "lmp", "shmget": 1, "shmat": 1, "shmdt": 1, "rmid": 1, "get_mb": 0.00390625, "shmopen": 0, "unlink": 0, "mmap_sh": 88, "munmap": 199, "mmap_sh_mb": 352.00067138671875}
{"tgid": 11552, "comm": "lmp", "shmget": 1, "shmat": 1, "shmdt": 1, "rmid": 1, "get_mb": 0.00390625, "shmopen": 0, "unlink": 0, "mmap_sh": 88, "munmap": 200, "mmap_sh_mb": 352.00067138671875}
{"tgid": 11616, "comm": "lmp", "shmget": 1, "shmat": 1, "shmdt": 1, "rmid": 1, "get_mb": 0.00390625, "shmopen": 0, "unlink": 0, "mmap_sh": 88, "munmap": 199, "mmap_sh_mb": 352.00067138671875}

--- Shared Memory Stats Summary at 17:17:16 ---
{"tgid": 11576, "comm": "lmp", "shmget": 1, "shmat": 1, "shmdt": 1, "rmid": 1, "get_mb": 0.00390625, "shmopen": 0, "unlink": 0, "mmap_sh": 88, "munmap": 199, "mmap_sh_mb": 352.00067138671875}
{"tgid": 11568, "comm": "lmp", "shmget": 1, "shmat": 1, "shmdt": 1, "rmid": 1, "get_mb": 0.00390625, "shmopen": 0, "unlink": 0, "mmap_sh": 88, "munmap": 199, "mmap_sh_mb": 352.00067138671875}
{"tgid": 11600, "comm": "lmp", "shmget": 1, "shmat": 1, "shmdt": 1, "rmid": 1, "get_mb": 0.00390625, "shmopen": 0, "unlink": 0, "mmap_sh": 88, "munmap": 199, "mmap_sh_mb": 352.00067138671875}
{"tgid": 11562, "comm": "lmp", "shmget": 1, "shmat": 1, "shmdt": 1, "rmid": 1, "get_mb": 0.00390625, "shmopen": 0, "unlink": 0, "mmap_sh": 88, "munmap": 199, "mmap_sh_mb": 352.00067138671875}
{"tgid": 11608, "comm": "lmp", "shmget": 1, "shmat": 1, "shmdt": 1, "rmid": 1, "get_mb": 0.00390625, "shmopen": 0, "unlink": 0, "mmap_sh": 88, "munmap": 199, "mmap_sh_mb": 352.00067138671875}
{"tgid": 11646, "comm": "lmp", "shmget": 1, "shmat": 1, "shmdt": 1, "rmid": 1, "get_mb": 0.00390625, "shmopen": 0, "unlink": 0, "mmap_sh": 88, "munmap": 199, "mmap_sh_mb": 352.00067138671875}
{"tgid": 11530, "comm": "lmp", "shmget": 1, "shmat": 1, "shmdt": 1, "rmid": 1, "get_mb": 0.00390625, "shmopen": 0, "unlink": 0, "mmap_sh": 88, "munmap": 200, "mmap_sh_mb": 352.00067138671875}
{"tgid": 11626, "comm": "lmp", "shmget": 1, "shmat": 1, "shmdt": 1, "rmid": 1, "get_mb": 0.00390625, "shmopen": 0, "unlink": 0, "mmap_sh": 88, "munmap": 199, "mmap_sh_mb": 352.00067138671875}
{"tgid": 11512, "comm": "lmp", "shmget": 1, "shmat": 1, "shmdt": 1, "rmid": 1, "get_mb": 0.00390625, "shmopen": 0, "unlink": 0, "mmap_sh": 88, "munmap": 199, "mmap_sh_mb": 352.00067138671875}
{"tgid": 11510, "comm": "lmp", "shmget": 1, "shmat": 1, "shmdt": 1, "rmid": 1, "get_mb": 0.00390625, "shmopen": 0, "unlink": 0, "mmap_sh": 88, "munmap": 199, "mmap_sh_mb": 352.00067138671875}
{"tgid": 11668, "comm": "lmp", "shmget": 1, "shmat": 1, "shmdt": 1, "rmid": 1, "get_mb": 0.00390625, "shmopen": 0, "unlink": 0, "mmap_sh": 88, "munmap": 199, "mmap_sh_mb": 352.00067138671875}
{"tgid": 11548, "comm": "lmp", "shmget": 1, "shmat": 1, "shmdt": 1, "rmid": 1, "get_mb": 0.00390625, "shmopen": 0, "unlink": 0, "mmap_sh": 88, "munmap": 200, "mmap_sh_mb": 352.00067138671875}
{"tgid": 11550, "comm": "lmp", "shmget": 1, "shmat": 1, "shmdt": 1, "rmid": 1, "get_mb": 0.00390625, "shmopen": 0, "unlink": 0, "mmap_sh": 88, "munmap": 199, "mmap_sh_mb": 352.00067138671875}
{"tgid": 11560, "comm": "lmp", "shmget": 1, "shmat": 1, "shmdt": 1, "rmid": 1, "get_mb": 0.00390625, "shmopen": 0, "unlink": 0, "mmap_sh": 88, "munmap": 199, "mmap_sh_mb": 352.00067138671875}
{"tgid": 11505, "comm": "lmp", "shmget": 1, "shmat": 1, "shmdt": 1, "rmid": 1, "get_mb": 0.00390625, "shmopen": 0, "unlink": 0, "mmap_sh": 88, "munmap": 200, "mmap_sh_mb": 352.00067138671875}
{"tgid": 11640, "comm": "lmp", "shmget": 1, "shmat": 1, "shmdt": 1, "rmid": 1, "get_mb": 0.00390625, "shmopen": 0, "unlink": 0, "mmap_sh": 88, "munmap": 200, "mmap_sh_mb": 352.00067138671875}
{"tgid": 11618, "comm": "lmp", "shmget": 1, "shmat": 1, "shmdt": 1, "rmid": 1, "get_mb": 0.00390625, "shmopen": 0, "unlink": 0, "mmap_sh": 88, "munmap": 200, "mmap_sh_mb": 352.00067138671875}
{"tgid": 11612, "comm": "lmp", "shmget": 1, "shmat": 1, "shmdt": 1, "rmid": 1, "get_mb": 0.00390625, "shmopen": 0, "unlink": 0, "mmap_sh": 88, "munmap": 199, "mmap_sh_mb": 352.00067138671875}
{"tgid": 11552, "comm": "lmp", "shmget": 1, "shmat": 1, "shmdt": 1, "rmid": 1, "get_mb": 0.00390625, "shmopen": 0, "unlink": 0, "mmap_sh": 88, "munmap": 200, "mmap_sh_mb": 352.00067138671875}
{"tgid": 11616, "comm": "lmp", "shmget": 1, "shmat": 1, "shmdt": 1, "rmid": 1, "get_mb": 0.00390625, "shmopen": 0, "unlink": 0, "mmap_sh": 88, "munmap": 199, "mmap_sh_mb": 352.00067138671875}

--- Shared Memory Stats Summary at 17:17:21 ---
{"tgid": 11576, "comm": "lmp", "shmget": 1, "shmat": 1, "shmdt": 1, "rmid": 1, "get_mb": 0.00390625, "shmopen": 0, "unlink": 0, "mmap_sh": 88, "munmap": 199, "mmap_sh_mb": 352.00067138671875}
{"tgid": 11568, "comm": "lmp", "shmget": 1, "shmat": 1, "shmdt": 1, "rmid": 1, "get_mb": 0.00390625, "shmopen": 0, "unlink": 0, "mmap_sh": 88, "munmap": 199, "mmap_sh_mb": 352.00067138671875}
{"tgid": 11600, "comm": "lmp", "shmget": 1, "shmat": 1, "shmdt": 1, "rmid": 1, "get_mb": 0.00390625, "shmopen": 0, "unlink": 0, "mmap_sh": 88, "munmap": 199, "mmap_sh_mb": 352.00067138671875}
{"tgid": 11562, "comm": "lmp", "shmget": 1, "shmat": 1, "shmdt": 1, "rmid": 1, "get_mb": 0.00390625, "shmopen": 0, "unlink": 0, "mmap_sh": 88, "munmap": 199, "mmap_sh_mb": 352.00067138671875}
{"tgid": 11608, "comm": "lmp", "shmget": 1, "shmat": 1, "shmdt": 1, "rmid": 1, "get_mb": 0.00390625, "shmopen": 0, "unlink": 0, "mmap_sh": 88, "munmap": 199, "mmap_sh_mb": 352.00067138671875}
{"tgid": 11646, "comm": "lmp", "shmget": 1, "shmat": 1, "shmdt": 1, "rmid": 1, "get_mb": 0.00390625, "shmopen": 0, "unlink": 0, "mmap_sh": 88, "munmap": 199, "mmap_sh_mb": 352.00067138671875}
{"tgid": 11530, "comm": "lmp", "shmget": 1, "shmat": 1, "shmdt": 1, "rmid": 1, "get_mb": 0.00390625, "shmopen": 0, "unlink": 0, "mmap_sh": 88, "munmap": 200, "mmap_sh_mb": 352.00067138671875}
{"tgid": 11626, "comm": "lmp", "shmget": 1, "shmat": 1, "shmdt": 1, "rmid": 1, "get_mb": 0.00390625, "shmopen": 0, "unlink": 0, "mmap_sh": 88, "munmap": 199, "mmap_sh_mb": 352.00067138671875}
{"tgid": 11512, "comm": "lmp", "shmget": 1, "shmat": 1, "shmdt": 1, "rmid": 1, "get_mb": 0.00390625, "shmopen": 0, "unlink": 0, "mmap_sh": 88, "munmap": 199, "mmap_sh_mb": 352.00067138671875}
{"tgid": 11510, "comm": "lmp", "shmget": 1, "shmat": 1, "shmdt": 1, "rmid": 1, "get_mb": 0.00390625, "shmopen": 0, "unlink": 0, "mmap_sh": 88, "munmap": 199, "mmap_sh_mb": 352.00067138671875}
{"tgid": 11668, "comm": "lmp", "shmget": 1, "shmat": 1, "shmdt": 1, "rmid": 1, "get_mb": 0.00390625, "shmopen": 0, "unlink": 0, "mmap_sh": 88, "munmap": 199, "mmap_sh_mb": 352.00067138671875}
{"tgid": 11548, "comm": "lmp", "shmget": 1, "shmat": 1, "shmdt": 1, "rmid": 1, "get_mb": 0.00390625, "shmopen": 0, "unlink": 0, "mmap_sh": 88, "munmap": 200, "mmap_sh_mb": 352.00067138671875}
{"tgid": 11550, "comm": "lmp", "shmget": 1, "shmat": 1, "shmdt": 1, "rmid": 1, "get_mb": 0.00390625, "shmopen": 0, "unlink": 0, "mmap_sh": 88, "munmap": 199, "mmap_sh_mb": 352.00067138671875}
{"tgid": 11560, "comm": "lmp", "shmget": 1, "shmat": 1, "shmdt": 1, "rmid": 1, "get_mb": 0.00390625, "shmopen": 0, "unlink": 0, "mmap_sh": 88, "munmap": 199, "mmap_sh_mb": 352.00067138671875}
{"tgid": 11505, "comm": "lmp", "shmget": 1, "shmat": 1, "shmdt": 1, "rmid": 1, "get_mb": 0.00390625, "shmopen": 0, "unlink": 0, "mmap_sh": 88, "munmap": 200, "mmap_sh_mb": 352.00067138671875}
{"tgid": 11640, "comm": "lmp", "shmget": 1, "shmat": 1, "shmdt": 1, "rmid": 1, "get_mb": 0.00390625, "shmopen": 0, "unlink": 0, "mmap_sh": 88, "munmap": 200, "mmap_sh_mb": 352.00067138671875}
{"tgid": 11618, "comm": "lmp", "shmget": 1, "shmat": 1, "shmdt": 1, "rmid": 1, "get_mb": 0.00390625, "shmopen": 0, "unlink": 0, "mmap_sh": 88, "munmap": 200, "mmap_sh_mb": 352.00067138671875}
{"tgid": 11612, "comm": "lmp", "shmget": 1, "shmat": 1, "shmdt": 1, "rmid": 1, "get_mb": 0.00390625, "shmopen": 0, "unlink": 0, "mmap_sh": 88, "munmap": 199, "mmap_sh_mb": 352.00067138671875}
{"tgid": 11552, "comm": "lmp", "shmget": 1, "shmat": 1, "shmdt": 1, "rmid": 1, "get_mb": 0.00390625, "shmopen": 0, "unlink": 0, "mmap_sh": 88, "munmap": 200, "mmap_sh_mb": 352.00067138671875}
{"tgid": 11616, "comm": "lmp", "shmget": 1, "shmat": 1, "shmdt": 1, "rmid": 1, "get_mb": 0.00390625, "shmopen": 0, "unlink": 0, "mmap_sh": 88, "munmap": 199, "mmap_sh_mb": 352.00067138671875}

--- Shared Memory Stats Summary at 17:17:26 ---
{"tgid": 11576, "comm": "lmp", "shmget": 1, "shmat": 1, "shmdt": 1, "rmid": 1, "get_mb": 0.00390625, "shmopen": 0, "unlink": 0, "mmap_sh": 88, "munmap": 199, "mmap_sh_mb": 352.00067138671875}
{"tgid": 11568, "comm": "lmp", "shmget": 1, "shmat": 1, "shmdt": 1, "rmid": 1, "get_mb": 0.00390625, "shmopen": 0, "unlink": 0, "mmap_sh": 88, "munmap": 199, "mmap_sh_mb": 352.00067138671875}
{"tgid": 11600, "comm": "lmp", "shmget": 1, "shmat": 1, "shmdt": 1, "rmid": 1, "get_mb": 0.00390625, "shmopen": 0, "unlink": 0, "mmap_sh": 88, "munmap": 199, "mmap_sh_mb": 352.00067138671875}
{"tgid": 11562, "comm": "lmp", "shmget": 1, "shmat": 1, "shmdt": 1, "rmid": 1, "get_mb": 0.00390625, "shmopen": 0, "unlink": 0, "mmap_sh": 88, "munmap": 199, "mmap_sh_mb": 352.00067138671875}
{"tgid": 11608, "comm": "lmp", "shmget": 1, "shmat": 1, "shmdt": 1, "rmid": 1, "get_mb": 0.00390625, "shmopen": 0, "unlink": 0, "mmap_sh": 88, "munmap": 199, "mmap_sh_mb": 352.00067138671875}
{"tgid": 11646, "comm": "lmp", "shmget": 1, "shmat": 1, "shmdt": 1, "rmid": 1, "get_mb": 0.00390625, "shmopen": 0, "unlink": 0, "mmap_sh": 88, "munmap": 199, "mmap_sh_mb": 352.00067138671875}
{"tgid": 11530, "comm": "lmp", "shmget": 1, "shmat": 1, "shmdt": 1, "rmid": 1, "get_mb": 0.00390625, "shmopen": 0, "unlink": 0, "mmap_sh": 88, "munmap": 200, "mmap_sh_mb": 352.00067138671875}
{"tgid": 11626, "comm": "lmp", "shmget": 1, "shmat": 1, "shmdt": 1, "rmid": 1, "get_mb": 0.00390625, "shmopen": 0, "unlink": 0, "mmap_sh": 88, "munmap": 199, "mmap_sh_mb": 352.00067138671875}
{"tgid": 11512, "comm": "lmp", "shmget": 1, "shmat": 1, "shmdt": 1, "rmid": 1, "get_mb": 0.00390625, "shmopen": 0, "unlink": 0, "mmap_sh": 88, "munmap": 199, "mmap_sh_mb": 352.00067138671875}
{"tgid": 11510, "comm": "lmp", "shmget": 1, "shmat": 1, "shmdt": 1, "rmid": 1, "get_mb": 0.00390625, "shmopen": 0, "unlink": 0, "mmap_sh": 88, "munmap": 199, "mmap_sh_mb": 352.00067138671875}
{"tgid": 11668, "comm": "lmp", "shmget": 1, "shmat": 1, "shmdt": 1, "rmid": 1, "get_mb": 0.00390625, "shmopen": 0, "unlink": 0, "mmap_sh": 88, "munmap": 199, "mmap_sh_mb": 352.00067138671875}
{"tgid": 11548, "comm": "lmp", "shmget": 1, "shmat": 1, "shmdt": 1, "rmid": 1, "get_mb": 0.00390625, "shmopen": 0, "unlink": 0, "mmap_sh": 88, "munmap": 200, "mmap_sh_mb": 352.00067138671875}
{"tgid": 11550, "comm": "lmp", "shmget": 1, "shmat": 1, "shmdt": 1, "rmid": 1, "get_mb": 0.00390625, "shmopen": 0, "unlink": 0, "mmap_sh": 88, "munmap": 199, "mmap_sh_mb": 352.00067138671875}
{"tgid": 11560, "comm": "lmp", "shmget": 1, "shmat": 1, "shmdt": 1, "rmid": 1, "get_mb": 0.00390625, "shmopen": 0, "unlink": 0, "mmap_sh": 88, "munmap": 199, "mmap_sh_mb": 352.00067138671875}
{"tgid": 11505, "comm": "lmp", "shmget": 1, "shmat": 1, "shmdt": 1, "rmid": 1, "get_mb": 0.00390625, "shmopen": 0, "unlink": 0, "mmap_sh": 88, "munmap": 200, "mmap_sh_mb": 352.00067138671875}
{"tgid": 11640, "comm": "lmp", "shmget": 1, "shmat": 1, "shmdt": 1, "rmid": 1, "get_mb": 0.00390625, "shmopen": 0, "unlink": 0, "mmap_sh": 88, "munmap": 200, "mmap_sh_mb": 352.00067138671875}
{"tgid": 11618, "comm": "lmp", "shmget": 1, "shmat": 1, "shmdt": 1, "rmid": 1, "get_mb": 0.00390625, "shmopen": 0, "unlink": 0, "mmap_sh": 88, "munmap": 200, "mmap_sh_mb": 352.00067138671875}
{"tgid": 11612, "comm": "lmp", "shmget": 1, "shmat": 1, "shmdt": 1, "rmid": 1, "get_mb": 0.00390625, "shmopen": 0, "unlink": 0, "mmap_sh": 88, "munmap": 199, "mmap_sh_mb": 352.00067138671875}
{"tgid": 11552, "comm": "lmp", "shmget": 1, "shmat": 1, "shmdt": 1, "rmid": 1, "get_mb": 0.00390625, "shmopen": 0, "unlink": 0, "mmap_sh": 88, "munmap": 200, "mmap_sh_mb": 352.00067138671875}
{"tgid": 11616, "comm": "lmp", "shmget": 1, "shmat": 1, "shmdt": 1, "rmid": 1, "get_mb": 0.00390625, "shmopen": 0, "unlink": 0, "mmap_sh": 88, "munmap": 199, "mmap_sh_mb": 352.00067138671875}

--- Shared Memory Stats Summary at 17:17:31 ---
{"tgid": 11576, "comm": "lmp", "shmget": 1, "shmat": 1, "shmdt": 1, "rmid": 1, "get_mb": 0.00390625, "shmopen": 0, "unlink": 0, "mmap_sh": 88, "munmap": 199, "mmap_sh_mb": 352.00067138671875}
{"tgid": 11568, "comm": "lmp", "shmget": 1, "shmat": 1, "shmdt": 1, "rmid": 1, "get_mb": 0.00390625, "shmopen": 0, "unlink": 0, "mmap_sh": 88, "munmap": 199, "mmap_sh_mb": 352.00067138671875}
{"tgid": 11600, "comm": "lmp", "shmget": 1, "shmat": 1, "shmdt": 1, "rmid": 1, "get_mb": 0.00390625, "shmopen": 0, "unlink": 0, "mmap_sh": 88, "munmap": 199, "mmap_sh_mb": 352.00067138671875}
{"tgid": 11562, "comm": "lmp", "shmget": 1, "shmat": 1, "shmdt": 1, "rmid": 1, "get_mb": 0.00390625, "shmopen": 0, "unlink": 0, "mmap_sh": 88, "munmap": 199, "mmap_sh_mb": 352.00067138671875}
{"tgid": 11608, "comm": "lmp", "shmget": 1, "shmat": 1, "shmdt": 1, "rmid": 1, "get_mb": 0.00390625, "shmopen": 0, "unlink": 0, "mmap_sh": 88, "munmap": 199, "mmap_sh_mb": 352.00067138671875}
{"tgid": 11646, "comm": "lmp", "shmget": 1, "shmat": 1, "shmdt": 1, "rmid": 1, "get_mb": 0.00390625, "shmopen": 0, "unlink": 0, "mmap_sh": 88, "munmap": 199, "mmap_sh_mb": 352.00067138671875}
{"tgid": 11530, "comm": "lmp", "shmget": 1, "shmat": 1, "shmdt": 1, "rmid": 1, "get_mb": 0.00390625, "shmopen": 0, "unlink": 0, "mmap_sh": 88, "munmap": 200, "mmap_sh_mb": 352.00067138671875}
{"tgid": 11626, "comm": "lmp", "shmget": 1, "shmat": 1, "shmdt": 1, "rmid": 1, "get_mb": 0.00390625, "shmopen": 0, "unlink": 0, "mmap_sh": 88, "munmap": 199, "mmap_sh_mb": 352.00067138671875}
{"tgid": 11512, "comm": "lmp", "shmget": 1, "shmat": 1, "shmdt": 1, "rmid": 1, "get_mb": 0.00390625, "shmopen": 0, "unlink": 0, "mmap_sh": 88, "munmap": 199, "mmap_sh_mb": 352.00067138671875}
{"tgid": 11510, "comm": "lmp", "shmget": 1, "shmat": 1, "shmdt": 1, "rmid": 1, "get_mb": 0.00390625, "shmopen": 0, "unlink": 0, "mmap_sh": 88, "munmap": 199, "mmap_sh_mb": 352.00067138671875}
{"tgid": 11668, "comm": "lmp", "shmget": 1, "shmat": 1, "shmdt": 1, "rmid": 1, "get_mb": 0.00390625, "shmopen": 0, "unlink": 0, "mmap_sh": 88, "munmap": 199, "mmap_sh_mb": 352.00067138671875}
{"tgid": 11548, "comm": "lmp", "shmget": 1, "shmat": 1, "shmdt": 1, "rmid": 1, "get_mb": 0.00390625, "shmopen": 0, "unlink": 0, "mmap_sh": 88, "munmap": 200, "mmap_sh_mb": 352.00067138671875}
{"tgid": 11550, "comm": "lmp", "shmget": 1, "shmat": 1, "shmdt": 1, "rmid": 1, "get_mb": 0.00390625, "shmopen": 0, "unlink": 0, "mmap_sh": 88, "munmap": 199, "mmap_sh_mb": 352.00067138671875}
{"tgid": 11560, "comm": "lmp", "shmget": 1, "shmat": 1, "shmdt": 1, "rmid": 1, "get_mb": 0.00390625, "shmopen": 0, "unlink": 0, "mmap_sh": 88, "munmap": 199, "mmap_sh_mb": 352.00067138671875}
{"tgid": 11505, "comm": "lmp", "shmget": 1, "shmat": 1, "shmdt": 1, "rmid": 1, "get_mb": 0.00390625, "shmopen": 0, "unlink": 0, "mmap_sh": 88, "munmap": 200, "mmap_sh_mb": 352.00067138671875}
{"tgid": 11640, "comm": "lmp", "shmget": 1, "shmat": 1, "shmdt": 1, "rmid": 1, "get_mb": 0.00390625, "shmopen": 0, "unlink": 0, "mmap_sh": 88, "munmap": 200, "mmap_sh_mb": 352.00067138671875}
{"tgid": 11618, "comm": "lmp", "shmget": 1, "shmat": 1, "shmdt": 1, "rmid": 1, "get_mb": 0.00390625, "shmopen": 0, "unlink": 0, "mmap_sh": 88, "munmap": 200, "mmap_sh_mb": 352.00067138671875}
{"tgid": 11612, "comm": "lmp", "shmget": 1, "shmat": 1, "shmdt": 1, "rmid": 1, "get_mb": 0.00390625, "shmopen": 0, "unlink": 0, "mmap_sh": 88, "munmap": 199, "mmap_sh_mb": 352.00067138671875}
{"tgid": 11552, "comm": "lmp", "shmget": 1, "shmat": 1, "shmdt": 1, "rmid": 1, "get_mb": 0.00390625, "shmopen": 0, "unlink": 0, "mmap_sh": 88, "munmap": 200, "mmap_sh_mb": 352.00067138671875}
{"tgid": 11616, "comm": "lmp", "shmget": 1, "shmat": 1, "shmdt": 1, "rmid": 1, "get_mb": 0.00390625, "shmopen": 0, "unlink": 0, "mmap_sh": 88, "munmap": 199, "mmap_sh_mb": 352.00067138671875}
[17:17:31] 
Indicator file '/mnt/flux/stop_ebpf_collection' found. Stopping.
Cleaning up BPF resources...
Cleanup complete.
