unlimited
PROGRAM: shmem
Looking for /opt/programs/shmem/ebpf-collect.c
Initializing eBPF for Shared Memory monitoring...
BPF C code compiled and loaded.
[15:18:58] 
Start Indicator file defined '/mnt/flux/start_ebpf_collection'. Waiting.
[15:19:15] Start indicator found. Proceeding.
Attaching tracepoints...
  Kprobes for shm_open/shm_unlink should auto-attach if symbols exist.
Finished attaching probes.

--- Shared Memory Stats Summary at 15:19:20 ---
{"tgid": 10663, "comm": "flux-shell", "shmget": 1, "shmat": 1, "shmdt": 1, "rmid": 1, "get_mb": 0.00390625, "shmopen": 0, "unlink": 0, "mmap_sh": 1, "munmap": 80, "mmap_sh_mb": 4.000007629394531}
{"tgid": 10579, "comm": "flux-shell", "shmget": 1, "shmat": 1, "shmdt": 1, "rmid": 1, "get_mb": 0.00390625, "shmopen": 0, "unlink": 0, "mmap_sh": 1, "munmap": 80, "mmap_sh_mb": 4.000007629394531}
{"tgid": 10677, "comm": "flux-shell", "shmget": 1, "shmat": 1, "shmdt": 1, "rmid": 1, "get_mb": 0.00390625, "shmopen": 0, "unlink": 0, "mmap_sh": 1, "munmap": 80, "mmap_sh_mb": 4.000007629394531}
{"tgid": 10615, "comm": "flux-shell", "shmget": 1, "shmat": 1, "shmdt": 1, "rmid": 1, "get_mb": 0.00390625, "shmopen": 0, "unlink": 0, "mmap_sh": 1, "munmap": 79, "mmap_sh_mb": 4.000007629394531}
{"tgid": 10665, "comm": "flux-shell", "shmget": 1, "shmat": 1, "shmdt": 1, "rmid": 1, "get_mb": 0.00390625, "shmopen": 0, "unlink": 0, "mmap_sh": 1, "munmap": 80, "mmap_sh_mb": 4.000007629394531}
{"tgid": 10551, "comm": "flux-shell", "shmget": 1, "shmat": 1, "shmdt": 1, "rmid": 1, "get_mb": 0.00390625, "shmopen": 0, "unlink": 0, "mmap_sh": 1, "munmap": 80, "mmap_sh_mb": 4.000007629394531}
{"tgid": 10545, "comm": "flux-shell", "shmget": 1, "shmat": 1, "shmdt": 1, "rmid": 1, "get_mb": 0.00390625, "shmopen": 0, "unlink": 0, "mmap_sh": 1, "munmap": 80, "mmap_sh_mb": 4.000007629394531}
{"tgid": 10715, "comm": "flux-shell", "shmget": 1, "shmat": 1, "shmdt": 1, "rmid": 1, "get_mb": 0.00390625, "shmopen": 0, "unlink": 0, "mmap_sh": 1, "munmap": 80, "mmap_sh_mb": 4.000007629394531}
{"tgid": 10703, "comm": "flux-shell", "shmget": 1, "shmat": 1, "shmdt": 1, "rmid": 1, "get_mb": 0.00390625, "shmopen": 0, "unlink": 0, "mmap_sh": 1, "munmap": 80, "mmap_sh_mb": 4.000007629394531}
{"tgid": 10695, "comm": "flux-shell", "shmget": 1, "shmat": 1, "shmdt": 1, "rmid": 1, "get_mb": 0.00390625, "shmopen": 0, "unlink": 0, "mmap_sh": 1, "munmap": 80, "mmap_sh_mb": 4.000007629394531}
{"tgid": 10705, "comm": "flux-shell", "shmget": 1, "shmat": 1, "shmdt": 1, "rmid": 1, "get_mb": 0.00390625, "shmopen": 0, "unlink": 0, "mmap_sh": 1, "munmap": 80, "mmap_sh_mb": 4.000007629394531}
{"tgid": 10548, "comm": "flux-shell", "shmget": 1, "shmat": 1, "shmdt": 1, "rmid": 1, "get_mb": 0.00390625, "shmopen": 0, "unlink": 0, "mmap_sh": 1, "munmap": 80, "mmap_sh_mb": 4.000007629394531}
{"tgid": 10575, "comm": "flux-shell", "shmget": 1, "shmat": 1, "shmdt": 1, "rmid": 1, "get_mb": 0.00390625, "shmopen": 0, "unlink": 0, "mmap_sh": 1, "munmap": 80, "mmap_sh_mb": 4.000007629394531}
{"tgid": 10641, "comm": "flux-shell", "shmget": 1, "shmat": 1, "shmdt": 1, "rmid": 1, "get_mb": 0.00390625, "shmopen": 0, "unlink": 0, "mmap_sh": 1, "munmap": 80, "mmap_sh_mb": 4.000007629394531}
{"tgid": 10599, "comm": "flux-shell", "shmget": 1, "shmat": 1, "shmdt": 1, "rmid": 1, "get_mb": 0.00390625, "shmopen": 0, "unlink": 0, "mmap_sh": 1, "munmap": 80, "mmap_sh_mb": 4.000007629394531}
{"tgid": 10629, "comm": "flux-shell", "shmget": 1, "shmat": 1, "shmdt": 1, "rmid": 1, "get_mb": 0.00390625, "shmopen": 0, "unlink": 0, "mmap_sh": 1, "munmap": 80, "mmap_sh_mb": 4.000007629394531}
{"tgid": 10611, "comm": "flux-shell", "shmget": 1, "shmat": 1, "shmdt": 1, "rmid": 1, "get_mb": 0.00390625, "shmopen": 0, "unlink": 0, "mmap_sh": 1, "munmap": 80, "mmap_sh_mb": 4.000007629394531}
{"tgid": 10697, "comm": "flux-shell", "shmget": 1, "shmat": 1, "shmdt": 1, "rmid": 1, "get_mb": 0.00390625, "shmopen": 0, "unlink": 0, "mmap_sh": 1, "munmap": 80, "mmap_sh_mb": 4.000007629394531}
{"tgid": 10655, "comm": "flux-shell", "shmget": 1, "shmat": 1, "shmdt": 1, "rmid": 1, "get_mb": 0.00390625, "shmopen": 0, "unlink": 0, "mmap_sh": 1, "munmap": 80, "mmap_sh_mb": 4.000007629394531}
{"tgid": 10675, "comm": "flux-shell", "shmget": 1, "shmat": 1, "shmdt": 1, "rmid": 1, "get_mb": 0.00390625, "shmopen": 0, "unlink": 0, "mmap_sh": 1, "munmap": 80, "mmap_sh_mb": 4.000007629394531}

--- Shared Memory Stats Summary at 15:19:25 ---
{"tgid": 10663, "comm": "flux-shell", "shmget": 1, "shmat": 1, "shmdt": 1, "rmid": 1, "get_mb": 0.00390625, "shmopen": 0, "unlink": 0, "mmap_sh": 1, "munmap": 80, "mmap_sh_mb": 4.000007629394531}
{"tgid": 10579, "comm": "flux-shell", "shmget": 1, "shmat": 1, "shmdt": 1, "rmid": 1, "get_mb": 0.00390625, "shmopen": 0, "unlink": 0, "mmap_sh": 1, "munmap": 80, "mmap_sh_mb": 4.000007629394531}
{"tgid": 10677, "comm": "flux-shell", "shmget": 1, "shmat": 1, "shmdt": 1, "rmid": 1, "get_mb": 0.00390625, "shmopen": 0, "unlink": 0, "mmap_sh": 1, "munmap": 80, "mmap_sh_mb": 4.000007629394531}
{"tgid": 10615, "comm": "flux-shell", "shmget": 1, "shmat": 1, "shmdt": 1, "rmid": 1, "get_mb": 0.00390625, "shmopen": 0, "unlink": 0, "mmap_sh": 1, "munmap": 79, "mmap_sh_mb": 4.000007629394531}
{"tgid": 10665, "comm": "flux-shell", "shmget": 1, "shmat": 1, "shmdt": 1, "rmid": 1, "get_mb": 0.00390625, "shmopen": 0, "unlink": 0, "mmap_sh": 1, "munmap": 80, "mmap_sh_mb": 4.000007629394531}
{"tgid": 10551, "comm": "flux-shell", "shmget": 1, "shmat": 1, "shmdt": 1, "rmid": 1, "get_mb": 0.00390625, "shmopen": 0, "unlink": 0, "mmap_sh": 1, "munmap": 80, "mmap_sh_mb": 4.000007629394531}
{"tgid": 10545, "comm": "flux-shell", "shmget": 1, "shmat": 1, "shmdt": 1, "rmid": 1, "get_mb": 0.00390625, "shmopen": 0, "unlink": 0, "mmap_sh": 1, "munmap": 80, "mmap_sh_mb": 4.000007629394531}
{"tgid": 10715, "comm": "flux-shell", "shmget": 1, "shmat": 1, "shmdt": 1, "rmid": 1, "get_mb": 0.00390625, "shmopen": 0, "unlink": 0, "mmap_sh": 1, "munmap": 80, "mmap_sh_mb": 4.000007629394531}
{"tgid": 10703, "comm": "flux-shell", "shmget": 1, "shmat": 1, "shmdt": 1, "rmid": 1, "get_mb": 0.00390625, "shmopen": 0, "unlink": 0, "mmap_sh": 1, "munmap": 80, "mmap_sh_mb": 4.000007629394531}
{"tgid": 10695, "comm": "flux-shell", "shmget": 1, "shmat": 1, "shmdt": 1, "rmid": 1, "get_mb": 0.00390625, "shmopen": 0, "unlink": 0, "mmap_sh": 1, "munmap": 80, "mmap_sh_mb": 4.000007629394531}
{"tgid": 10705, "comm": "flux-shell", "shmget": 1, "shmat": 1, "shmdt": 1, "rmid": 1, "get_mb": 0.00390625, "shmopen": 0, "unlink": 0, "mmap_sh": 1, "munmap": 80, "mmap_sh_mb": 4.000007629394531}
{"tgid": 10548, "comm": "flux-shell", "shmget": 1, "shmat": 1, "shmdt": 1, "rmid": 1, "get_mb": 0.00390625, "shmopen": 0, "unlink": 0, "mmap_sh": 1, "munmap": 80, "mmap_sh_mb": 4.000007629394531}
{"tgid": 10575, "comm": "flux-shell", "shmget": 1, "shmat": 1, "shmdt": 1, "rmid": 1, "get_mb": 0.00390625, "shmopen": 0, "unlink": 0, "mmap_sh": 1, "munmap": 80, "mmap_sh_mb": 4.000007629394531}
{"tgid": 10641, "comm": "flux-shell", "shmget": 1, "shmat": 1, "shmdt": 1, "rmid": 1, "get_mb": 0.00390625, "shmopen": 0, "unlink": 0, "mmap_sh": 1, "munmap": 80, "mmap_sh_mb": 4.000007629394531}
{"tgid": 10599, "comm": "flux-shell", "shmget": 1, "shmat": 1, "shmdt": 1, "rmid": 1, "get_mb": 0.00390625, "shmopen": 0, "unlink": 0, "mmap_sh": 1, "munmap": 80, "mmap_sh_mb": 4.000007629394531}
{"tgid": 10629, "comm": "flux-shell", "shmget": 1, "shmat": 1, "shmdt": 1, "rmid": 1, "get_mb": 0.00390625, "shmopen": 0, "unlink": 0, "mmap_sh": 1, "munmap": 80, "mmap_sh_mb": 4.000007629394531}
{"tgid": 10611, "comm": "flux-shell", "shmget": 1, "shmat": 1, "shmdt": 1, "rmid": 1, "get_mb": 0.00390625, "shmopen": 0, "unlink": 0, "mmap_sh": 1, "munmap": 80, "mmap_sh_mb": 4.000007629394531}
{"tgid": 10697, "comm": "flux-shell", "shmget": 1, "shmat": 1, "shmdt": 1, "rmid": 1, "get_mb": 0.00390625, "shmopen": 0, "unlink": 0, "mmap_sh": 1, "munmap": 80, "mmap_sh_mb": 4.000007629394531}
{"tgid": 10655, "comm": "flux-shell", "shmget": 1, "shmat": 1, "shmdt": 1, "rmid": 1, "get_mb": 0.00390625, "shmopen": 0, "unlink": 0, "mmap_sh": 1, "munmap": 80, "mmap_sh_mb": 4.000007629394531}
{"tgid": 10675, "comm": "flux-shell", "shmget": 1, "shmat": 1, "shmdt": 1, "rmid": 1, "get_mb": 0.00390625, "shmopen": 0, "unlink": 0, "mmap_sh": 1, "munmap": 80, "mmap_sh_mb": 4.000007629394531}

--- Shared Memory Stats Summary at 15:19:30 ---
{"tgid": 10663, "comm": "flux-shell", "shmget": 1, "shmat": 1, "shmdt": 1, "rmid": 1, "get_mb": 0.00390625, "shmopen": 0, "unlink": 0, "mmap_sh": 88, "munmap": 84, "mmap_sh_mb": 352.00067138671875}
{"tgid": 10579, "comm": "flux-shell", "shmget": 1, "shmat": 1, "shmdt": 1, "rmid": 1, "get_mb": 0.00390625, "shmopen": 0, "unlink": 0, "mmap_sh": 88, "munmap": 84, "mmap_sh_mb": 352.00067138671875}
{"tgid": 10677, "comm": "flux-shell", "shmget": 1, "shmat": 1, "shmdt": 1, "rmid": 1, "get_mb": 0.00390625, "shmopen": 0, "unlink": 0, "mmap_sh": 88, "munmap": 84, "mmap_sh_mb": 352.00067138671875}
{"tgid": 10615, "comm": "flux-shell", "shmget": 1, "shmat": 1, "shmdt": 1, "rmid": 1, "get_mb": 0.00390625, "shmopen": 0, "unlink": 0, "mmap_sh": 88, "munmap": 83, "mmap_sh_mb": 352.00067138671875}
{"tgid": 10665, "comm": "flux-shell", "shmget": 1, "shmat": 1, "shmdt": 1, "rmid": 1, "get_mb": 0.00390625, "shmopen": 0, "unlink": 0, "mmap_sh": 88, "munmap": 84, "mmap_sh_mb": 352.00067138671875}
{"tgid": 10551, "comm": "flux-shell", "shmget": 1, "shmat": 1, "shmdt": 1, "rmid": 1, "get_mb": 0.00390625, "shmopen": 0, "unlink": 0, "mmap_sh": 88, "munmap": 84, "mmap_sh_mb": 352.00067138671875}
{"tgid": 10545, "comm": "flux-shell", "shmget": 1, "shmat": 1, "shmdt": 1, "rmid": 1, "get_mb": 0.00390625, "shmopen": 0, "unlink": 0, "mmap_sh": 88, "munmap": 84, "mmap_sh_mb": 352.00067138671875}
{"tgid": 10715, "comm": "flux-shell", "shmget": 1, "shmat": 1, "shmdt": 1, "rmid": 1, "get_mb": 0.00390625, "shmopen": 0, "unlink": 0, "mmap_sh": 88, "munmap": 84, "mmap_sh_mb": 352.00067138671875}
{"tgid": 10703, "comm": "flux-shell", "shmget": 1, "shmat": 1, "shmdt": 1, "rmid": 1, "get_mb": 0.00390625, "shmopen": 0, "unlink": 0, "mmap_sh": 88, "munmap": 84, "mmap_sh_mb": 352.00067138671875}
{"tgid": 10695, "comm": "flux-shell", "shmget": 1, "shmat": 1, "shmdt": 1, "rmid": 1, "get_mb": 0.00390625, "shmopen": 0, "unlink": 0, "mmap_sh": 88, "munmap": 84, "mmap_sh_mb": 352.00067138671875}
{"tgid": 10705, "comm": "flux-shell", "shmget": 1, "shmat": 1, "shmdt": 1, "rmid": 1, "get_mb": 0.00390625, "shmopen": 0, "unlink": 0, "mmap_sh": 88, "munmap": 84, "mmap_sh_mb": 352.00067138671875}
{"tgid": 10548, "comm": "flux-shell", "shmget": 1, "shmat": 1, "shmdt": 1, "rmid": 1, "get_mb": 0.00390625, "shmopen": 0, "unlink": 0, "mmap_sh": 88, "munmap": 84, "mmap_sh_mb": 352.00067138671875}
{"tgid": 10575, "comm": "flux-shell", "shmget": 1, "shmat": 1, "shmdt": 1, "rmid": 1, "get_mb": 0.00390625, "shmopen": 0, "unlink": 0, "mmap_sh": 88, "munmap": 84, "mmap_sh_mb": 352.00067138671875}
{"tgid": 10641, "comm": "flux-shell", "shmget": 1, "shmat": 1, "shmdt": 1, "rmid": 1, "get_mb": 0.00390625, "shmopen": 0, "unlink": 0, "mmap_sh": 88, "munmap": 84, "mmap_sh_mb": 352.00067138671875}
{"tgid": 10599, "comm": "flux-shell", "shmget": 1, "shmat": 1, "shmdt": 1, "rmid": 1, "get_mb": 0.00390625, "shmopen": 0, "unlink": 0, "mmap_sh": 88, "munmap": 84, "mmap_sh_mb": 352.00067138671875}
{"tgid": 10629, "comm": "flux-shell", "shmget": 1, "shmat": 1, "shmdt": 1, "rmid": 1, "get_mb": 0.00390625, "shmopen": 0, "unlink": 0, "mmap_sh": 88, "munmap": 84, "mmap_sh_mb": 352.00067138671875}
{"tgid": 10611, "comm": "flux-shell", "shmget": 1, "shmat": 1, "shmdt": 1, "rmid": 1, "get_mb": 0.00390625, "shmopen": 0, "unlink": 0, "mmap_sh": 88, "munmap": 84, "mmap_sh_mb": 352.00067138671875}
{"tgid": 10697, "comm": "flux-shell", "shmget": 1, "shmat": 1, "shmdt": 1, "rmid": 1, "get_mb": 0.00390625, "shmopen": 0, "unlink": 0, "mmap_sh": 88, "munmap": 84, "mmap_sh_mb": 352.00067138671875}
{"tgid": 10655, "comm": "flux-shell", "shmget": 1, "shmat": 1, "shmdt": 1, "rmid": 1, "get_mb": 0.00390625, "shmopen": 0, "unlink": 0, "mmap_sh": 88, "munmap": 84, "mmap_sh_mb": 352.00067138671875}
{"tgid": 10675, "comm": "flux-shell", "shmget": 1, "shmat": 1, "shmdt": 1, "rmid": 1, "get_mb": 0.00390625, "shmopen": 0, "unlink": 0, "mmap_sh": 88, "munmap": 84, "mmap_sh_mb": 352.00067138671875}

--- Shared Memory Stats Summary at 15:19:35 ---
{"tgid": 10663, "comm": "flux-shell", "shmget": 1, "shmat": 1, "shmdt": 1, "rmid": 1, "get_mb": 0.00390625, "shmopen": 0, "unlink": 0, "mmap_sh": 88, "munmap": 91, "mmap_sh_mb": 352.00067138671875}
{"tgid": 10579, "comm": "flux-shell", "shmget": 1, "shmat": 1, "shmdt": 1, "rmid": 1, "get_mb": 0.00390625, "shmopen": 0, "unlink": 0, "mmap_sh": 88, "munmap": 91, "mmap_sh_mb": 352.00067138671875}
{"tgid": 10677, "comm": "flux-shell", "shmget": 1, "shmat": 1, "shmdt": 1, "rmid": 1, "get_mb": 0.00390625, "shmopen": 0, "unlink": 0, "mmap_sh": 88, "munmap": 90, "mmap_sh_mb": 352.00067138671875}
{"tgid": 10615, "comm": "flux-shell", "shmget": 1, "shmat": 1, "shmdt": 1, "rmid": 1, "get_mb": 0.00390625, "shmopen": 0, "unlink": 0, "mmap_sh": 88, "munmap": 90, "mmap_sh_mb": 352.00067138671875}
{"tgid": 10665, "comm": "flux-shell", "shmget": 1, "shmat": 1, "shmdt": 1, "rmid": 1, "get_mb": 0.00390625, "shmopen": 0, "unlink": 0, "mmap_sh": 88, "munmap": 91, "mmap_sh_mb": 352.00067138671875}
{"tgid": 10551, "comm": "flux-shell", "shmget": 1, "shmat": 1, "shmdt": 1, "rmid": 1, "get_mb": 0.00390625, "shmopen": 0, "unlink": 0, "mmap_sh": 88, "munmap": 90, "mmap_sh_mb": 352.00067138671875}
{"tgid": 10545, "comm": "flux-shell", "shmget": 1, "shmat": 1, "shmdt": 1, "rmid": 1, "get_mb": 0.00390625, "shmopen": 0, "unlink": 0, "mmap_sh": 88, "munmap": 91, "mmap_sh_mb": 352.00067138671875}
{"tgid": 10715, "comm": "flux-shell", "shmget": 1, "shmat": 1, "shmdt": 1, "rmid": 1, "get_mb": 0.00390625, "shmopen": 0, "unlink": 0, "mmap_sh": 88, "munmap": 90, "mmap_sh_mb": 352.00067138671875}
{"tgid": 10703, "comm": "flux-shell", "shmget": 1, "shmat": 1, "shmdt": 1, "rmid": 1, "get_mb": 0.00390625, "shmopen": 0, "unlink": 0, "mmap_sh": 88, "munmap": 91, "mmap_sh_mb": 352.00067138671875}
{"tgid": 10695, "comm": "flux-shell", "shmget": 1, "shmat": 1, "shmdt": 1, "rmid": 1, "get_mb": 0.00390625, "shmopen": 0, "unlink": 0, "mmap_sh": 88, "munmap": 90, "mmap_sh_mb": 352.00067138671875}
{"tgid": 10705, "comm": "flux-shell", "shmget": 1, "shmat": 1, "shmdt": 1, "rmid": 1, "get_mb": 0.00390625, "shmopen": 0, "unlink": 0, "mmap_sh": 88, "munmap": 90, "mmap_sh_mb": 352.00067138671875}
{"tgid": 10548, "comm": "flux-shell", "shmget": 1, "shmat": 1, "shmdt": 1, "rmid": 1, "get_mb": 0.00390625, "shmopen": 0, "unlink": 0, "mmap_sh": 88, "munmap": 91, "mmap_sh_mb": 352.00067138671875}
{"tgid": 10575, "comm": "flux-shell", "shmget": 1, "shmat": 1, "shmdt": 1, "rmid": 1, "get_mb": 0.00390625, "shmopen": 0, "unlink": 0, "mmap_sh": 88, "munmap": 91, "mmap_sh_mb": 352.00067138671875}
{"tgid": 10641, "comm": "flux-shell", "shmget": 1, "shmat": 1, "shmdt": 1, "rmid": 1, "get_mb": 0.00390625, "shmopen": 0, "unlink": 0, "mmap_sh": 88, "munmap": 90, "mmap_sh_mb": 352.00067138671875}
{"tgid": 10599, "comm": "flux-shell", "shmget": 1, "shmat": 1, "shmdt": 1, "rmid": 1, "get_mb": 0.00390625, "shmopen": 0, "unlink": 0, "mmap_sh": 88, "munmap": 91, "mmap_sh_mb": 352.00067138671875}
{"tgid": 10629, "comm": "flux-shell", "shmget": 1, "shmat": 1, "shmdt": 1, "rmid": 1, "get_mb": 0.00390625, "shmopen": 0, "unlink": 0, "mmap_sh": 88, "munmap": 90, "mmap_sh_mb": 352.00067138671875}
{"tgid": 10611, "comm": "flux-shell", "shmget": 1, "shmat": 1, "shmdt": 1, "rmid": 1, "get_mb": 0.00390625, "shmopen": 0, "unlink": 0, "mmap_sh": 88, "munmap": 90, "mmap_sh_mb": 352.00067138671875}
{"tgid": 10697, "comm": "flux-shell", "shmget": 1, "shmat": 1, "shmdt": 1, "rmid": 1, "get_mb": 0.00390625, "shmopen": 0, "unlink": 0, "mmap_sh": 88, "munmap": 90, "mmap_sh_mb": 352.00067138671875}
{"tgid": 10655, "comm": "flux-shell", "shmget": 1, "shmat": 1, "shmdt": 1, "rmid": 1, "get_mb": 0.00390625, "shmopen": 0, "unlink": 0, "mmap_sh": 88, "munmap": 91, "mmap_sh_mb": 352.00067138671875}
{"tgid": 10675, "comm": "flux-shell", "shmget": 1, "shmat": 1, "shmdt": 1, "rmid": 1, "get_mb": 0.00390625, "shmopen": 0, "unlink": 0, "mmap_sh": 88, "munmap": 90, "mmap_sh_mb": 352.00067138671875}

--- Shared Memory Stats Summary at 15:19:40 ---
{"tgid": 10663, "comm": "flux-shell", "shmget": 1, "shmat": 1, "shmdt": 1, "rmid": 1, "get_mb": 0.00390625, "shmopen": 0, "unlink": 0, "mmap_sh": 88, "munmap": 91, "mmap_sh_mb": 352.00067138671875}
{"tgid": 10579, "comm": "flux-shell", "shmget": 1, "shmat": 1, "shmdt": 1, "rmid": 1, "get_mb": 0.00390625, "shmopen": 0, "unlink": 0, "mmap_sh": 88, "munmap": 91, "mmap_sh_mb": 352.00067138671875}
{"tgid": 10677, "comm": "flux-shell", "shmget": 1, "shmat": 1, "shmdt": 1, "rmid": 1, "get_mb": 0.00390625, "shmopen": 0, "unlink": 0, "mmap_sh": 88, "munmap": 90, "mmap_sh_mb": 352.00067138671875}
{"tgid": 10615, "comm": "flux-shell", "shmget": 1, "shmat": 1, "shmdt": 1, "rmid": 1, "get_mb": 0.00390625, "shmopen": 0, "unlink": 0, "mmap_sh": 88, "munmap": 90, "mmap_sh_mb": 352.00067138671875}
{"tgid": 10665, "comm": "flux-shell", "shmget": 1, "shmat": 1, "shmdt": 1, "rmid": 1, "get_mb": 0.00390625, "shmopen": 0, "unlink": 0, "mmap_sh": 88, "munmap": 91, "mmap_sh_mb": 352.00067138671875}
{"tgid": 10551, "comm": "flux-shell", "shmget": 1, "shmat": 1, "shmdt": 1, "rmid": 1, "get_mb": 0.00390625, "shmopen": 0, "unlink": 0, "mmap_sh": 88, "munmap": 90, "mmap_sh_mb": 352.00067138671875}
{"tgid": 10545, "comm": "flux-shell", "shmget": 1, "shmat": 1, "shmdt": 1, "rmid": 1, "get_mb": 0.00390625, "shmopen": 0, "unlink": 0, "mmap_sh": 88, "munmap": 91, "mmap_sh_mb": 352.00067138671875}
{"tgid": 10715, "comm": "flux-shell", "shmget": 1, "shmat": 1, "shmdt": 1, "rmid": 1, "get_mb": 0.00390625, "shmopen": 0, "unlink": 0, "mmap_sh": 88, "munmap": 90, "mmap_sh_mb": 352.00067138671875}
{"tgid": 10703, "comm": "flux-shell", "shmget": 1, "shmat": 1, "shmdt": 1, "rmid": 1, "get_mb": 0.00390625, "shmopen": 0, "unlink": 0, "mmap_sh": 88, "munmap": 91, "mmap_sh_mb": 352.00067138671875}
{"tgid": 10695, "comm": "flux-shell", "shmget": 1, "shmat": 1, "shmdt": 1, "rmid": 1, "get_mb": 0.00390625, "shmopen": 0, "unlink": 0, "mmap_sh": 88, "munmap": 90, "mmap_sh_mb": 352.00067138671875}
{"tgid": 10705, "comm": "flux-shell", "shmget": 1, "shmat": 1, "shmdt": 1, "rmid": 1, "get_mb": 0.00390625, "shmopen": 0, "unlink": 0, "mmap_sh": 88, "munmap": 90, "mmap_sh_mb": 352.00067138671875}
{"tgid": 10548, "comm": "flux-shell", "shmget": 1, "shmat": 1, "shmdt": 1, "rmid": 1, "get_mb": 0.00390625, "shmopen": 0, "unlink": 0, "mmap_sh": 88, "munmap": 91, "mmap_sh_mb": 352.00067138671875}
{"tgid": 10575, "comm": "flux-shell", "shmget": 1, "shmat": 1, "shmdt": 1, "rmid": 1, "get_mb": 0.00390625, "shmopen": 0, "unlink": 0, "mmap_sh": 88, "munmap": 91, "mmap_sh_mb": 352.00067138671875}
{"tgid": 10641, "comm": "flux-shell", "shmget": 1, "shmat": 1, "shmdt": 1, "rmid": 1, "get_mb": 0.00390625, "shmopen": 0, "unlink": 0, "mmap_sh": 88, "munmap": 90, "mmap_sh_mb": 352.00067138671875}
{"tgid": 10599, "comm": "flux-shell", "shmget": 1, "shmat": 1, "shmdt": 1, "rmid": 1, "get_mb": 0.00390625, "shmopen": 0, "unlink": 0, "mmap_sh": 88, "munmap": 91, "mmap_sh_mb": 352.00067138671875}
{"tgid": 10629, "comm": "flux-shell", "shmget": 1, "shmat": 1, "shmdt": 1, "rmid": 1, "get_mb": 0.00390625, "shmopen": 0, "unlink": 0, "mmap_sh": 88, "munmap": 90, "mmap_sh_mb": 352.00067138671875}
{"tgid": 10611, "comm": "flux-shell", "shmget": 1, "shmat": 1, "shmdt": 1, "rmid": 1, "get_mb": 0.00390625, "shmopen": 0, "unlink": 0, "mmap_sh": 88, "munmap": 90, "mmap_sh_mb": 352.00067138671875}
{"tgid": 10697, "comm": "flux-shell", "shmget": 1, "shmat": 1, "shmdt": 1, "rmid": 1, "get_mb": 0.00390625, "shmopen": 0, "unlink": 0, "mmap_sh": 88, "munmap": 90, "mmap_sh_mb": 352.00067138671875}
{"tgid": 10655, "comm": "flux-shell", "shmget": 1, "shmat": 1, "shmdt": 1, "rmid": 1, "get_mb": 0.00390625, "shmopen": 0, "unlink": 0, "mmap_sh": 88, "munmap": 91, "mmap_sh_mb": 352.00067138671875}
{"tgid": 10675, "comm": "flux-shell", "shmget": 1, "shmat": 1, "shmdt": 1, "rmid": 1, "get_mb": 0.00390625, "shmopen": 0, "unlink": 0, "mmap_sh": 88, "munmap": 90, "mmap_sh_mb": 352.00067138671875}

--- Shared Memory Stats Summary at 15:19:45 ---
{"tgid": 10663, "comm": "flux-shell", "shmget": 1, "shmat": 1, "shmdt": 1, "rmid": 1, "get_mb": 0.00390625, "shmopen": 0, "unlink": 0, "mmap_sh": 88, "munmap": 91, "mmap_sh_mb": 352.00067138671875}
{"tgid": 10579, "comm": "flux-shell", "shmget": 1, "shmat": 1, "shmdt": 1, "rmid": 1, "get_mb": 0.00390625, "shmopen": 0, "unlink": 0, "mmap_sh": 88, "munmap": 91, "mmap_sh_mb": 352.00067138671875}
{"tgid": 10677, "comm": "flux-shell", "shmget": 1, "shmat": 1, "shmdt": 1, "rmid": 1, "get_mb": 0.00390625, "shmopen": 0, "unlink": 0, "mmap_sh": 88, "munmap": 90, "mmap_sh_mb": 352.00067138671875}
{"tgid": 10615, "comm": "flux-shell", "shmget": 1, "shmat": 1, "shmdt": 1, "rmid": 1, "get_mb": 0.00390625, "shmopen": 0, "unlink": 0, "mmap_sh": 88, "munmap": 90, "mmap_sh_mb": 352.00067138671875}
{"tgid": 10665, "comm": "flux-shell", "shmget": 1, "shmat": 1, "shmdt": 1, "rmid": 1, "get_mb": 0.00390625, "shmopen": 0, "unlink": 0, "mmap_sh": 88, "munmap": 91, "mmap_sh_mb": 352.00067138671875}
{"tgid": 10551, "comm": "flux-shell", "shmget": 1, "shmat": 1, "shmdt": 1, "rmid": 1, "get_mb": 0.00390625, "shmopen": 0, "unlink": 0, "mmap_sh": 88, "munmap": 90, "mmap_sh_mb": 352.00067138671875}
{"tgid": 10545, "comm": "flux-shell", "shmget": 1, "shmat": 1, "shmdt": 1, "rmid": 1, "get_mb": 0.00390625, "shmopen": 0, "unlink": 0, "mmap_sh": 88, "munmap": 91, "mmap_sh_mb": 352.00067138671875}
{"tgid": 10715, "comm": "flux-shell", "shmget": 1, "shmat": 1, "shmdt": 1, "rmid": 1, "get_mb": 0.00390625, "shmopen": 0, "unlink": 0, "mmap_sh": 88, "munmap": 90, "mmap_sh_mb": 352.00067138671875}
{"tgid": 10703, "comm": "flux-shell", "shmget": 1, "shmat": 1, "shmdt": 1, "rmid": 1, "get_mb": 0.00390625, "shmopen": 0, "unlink": 0, "mmap_sh": 88, "munmap": 91, "mmap_sh_mb": 352.00067138671875}
{"tgid": 10695, "comm": "flux-shell", "shmget": 1, "shmat": 1, "shmdt": 1, "rmid": 1, "get_mb": 0.00390625, "shmopen": 0, "unlink": 0, "mmap_sh": 88, "munmap": 90, "mmap_sh_mb": 352.00067138671875}
{"tgid": 10705, "comm": "flux-shell", "shmget": 1, "shmat": 1, "shmdt": 1, "rmid": 1, "get_mb": 0.00390625, "shmopen": 0, "unlink": 0, "mmap_sh": 88, "munmap": 90, "mmap_sh_mb": 352.00067138671875}
{"tgid": 10548, "comm": "flux-shell", "shmget": 1, "shmat": 1, "shmdt": 1, "rmid": 1, "get_mb": 0.00390625, "shmopen": 0, "unlink": 0, "mmap_sh": 88, "munmap": 91, "mmap_sh_mb": 352.00067138671875}
{"tgid": 10575, "comm": "flux-shell", "shmget": 1, "shmat": 1, "shmdt": 1, "rmid": 1, "get_mb": 0.00390625, "shmopen": 0, "unlink": 0, "mmap_sh": 88, "munmap": 91, "mmap_sh_mb": 352.00067138671875}
{"tgid": 10641, "comm": "flux-shell", "shmget": 1, "shmat": 1, "shmdt": 1, "rmid": 1, "get_mb": 0.00390625, "shmopen": 0, "unlink": 0, "mmap_sh": 88, "munmap": 90, "mmap_sh_mb": 352.00067138671875}
{"tgid": 10599, "comm": "flux-shell", "shmget": 1, "shmat": 1, "shmdt": 1, "rmid": 1, "get_mb": 0.00390625, "shmopen": 0, "unlink": 0, "mmap_sh": 88, "munmap": 91, "mmap_sh_mb": 352.00067138671875}
{"tgid": 10629, "comm": "flux-shell", "shmget": 1, "shmat": 1, "shmdt": 1, "rmid": 1, "get_mb": 0.00390625, "shmopen": 0, "unlink": 0, "mmap_sh": 88, "munmap": 90, "mmap_sh_mb": 352.00067138671875}
{"tgid": 10611, "comm": "flux-shell", "shmget": 1, "shmat": 1, "shmdt": 1, "rmid": 1, "get_mb": 0.00390625, "shmopen": 0, "unlink": 0, "mmap_sh": 88, "munmap": 90, "mmap_sh_mb": 352.00067138671875}
{"tgid": 10697, "comm": "flux-shell", "shmget": 1, "shmat": 1, "shmdt": 1, "rmid": 1, "get_mb": 0.00390625, "shmopen": 0, "unlink": 0, "mmap_sh": 88, "munmap": 90, "mmap_sh_mb": 352.00067138671875}
{"tgid": 10655, "comm": "flux-shell", "shmget": 1, "shmat": 1, "shmdt": 1, "rmid": 1, "get_mb": 0.00390625, "shmopen": 0, "unlink": 0, "mmap_sh": 88, "munmap": 91, "mmap_sh_mb": 352.00067138671875}
{"tgid": 10675, "comm": "flux-shell", "shmget": 1, "shmat": 1, "shmdt": 1, "rmid": 1, "get_mb": 0.00390625, "shmopen": 0, "unlink": 0, "mmap_sh": 88, "munmap": 90, "mmap_sh_mb": 352.00067138671875}

--- Shared Memory Stats Summary at 15:19:50 ---
{"tgid": 10663, "comm": "flux-shell", "shmget": 1, "shmat": 1, "shmdt": 1, "rmid": 1, "get_mb": 0.00390625, "shmopen": 0, "unlink": 0, "mmap_sh": 88, "munmap": 91, "mmap_sh_mb": 352.00067138671875}
{"tgid": 10579, "comm": "flux-shell", "shmget": 1, "shmat": 1, "shmdt": 1, "rmid": 1, "get_mb": 0.00390625, "shmopen": 0, "unlink": 0, "mmap_sh": 88, "munmap": 91, "mmap_sh_mb": 352.00067138671875}
{"tgid": 10677, "comm": "flux-shell", "shmget": 1, "shmat": 1, "shmdt": 1, "rmid": 1, "get_mb": 0.00390625, "shmopen": 0, "unlink": 0, "mmap_sh": 88, "munmap": 90, "mmap_sh_mb": 352.00067138671875}
{"tgid": 10615, "comm": "flux-shell", "shmget": 1, "shmat": 1, "shmdt": 1, "rmid": 1, "get_mb": 0.00390625, "shmopen": 0, "unlink": 0, "mmap_sh": 88, "munmap": 90, "mmap_sh_mb": 352.00067138671875}
{"tgid": 10665, "comm": "flux-shell", "shmget": 1, "shmat": 1, "shmdt": 1, "rmid": 1, "get_mb": 0.00390625, "shmopen": 0, "unlink": 0, "mmap_sh": 88, "munmap": 91, "mmap_sh_mb": 352.00067138671875}
{"tgid": 10551, "comm": "flux-shell", "shmget": 1, "shmat": 1, "shmdt": 1, "rmid": 1, "get_mb": 0.00390625, "shmopen": 0, "unlink": 0, "mmap_sh": 88, "munmap": 90, "mmap_sh_mb": 352.00067138671875}
{"tgid": 10545, "comm": "flux-shell", "shmget": 1, "shmat": 1, "shmdt": 1, "rmid": 1, "get_mb": 0.00390625, "shmopen": 0, "unlink": 0, "mmap_sh": 88, "munmap": 91, "mmap_sh_mb": 352.00067138671875}
{"tgid": 10715, "comm": "flux-shell", "shmget": 1, "shmat": 1, "shmdt": 1, "rmid": 1, "get_mb": 0.00390625, "shmopen": 0, "unlink": 0, "mmap_sh": 88, "munmap": 90, "mmap_sh_mb": 352.00067138671875}
{"tgid": 10703, "comm": "flux-shell", "shmget": 1, "shmat": 1, "shmdt": 1, "rmid": 1, "get_mb": 0.00390625, "shmopen": 0, "unlink": 0, "mmap_sh": 88, "munmap": 91, "mmap_sh_mb": 352.00067138671875}
{"tgid": 10695, "comm": "flux-shell", "shmget": 1, "shmat": 1, "shmdt": 1, "rmid": 1, "get_mb": 0.00390625, "shmopen": 0, "unlink": 0, "mmap_sh": 88, "munmap": 90, "mmap_sh_mb": 352.00067138671875}
{"tgid": 10705, "comm": "flux-shell", "shmget": 1, "shmat": 1, "shmdt": 1, "rmid": 1, "get_mb": 0.00390625, "shmopen": 0, "unlink": 0, "mmap_sh": 88, "munmap": 90, "mmap_sh_mb": 352.00067138671875}
{"tgid": 10548, "comm": "flux-shell", "shmget": 1, "shmat": 1, "shmdt": 1, "rmid": 1, "get_mb": 0.00390625, "shmopen": 0, "unlink": 0, "mmap_sh": 88, "munmap": 91, "mmap_sh_mb": 352.00067138671875}
{"tgid": 10575, "comm": "flux-shell", "shmget": 1, "shmat": 1, "shmdt": 1, "rmid": 1, "get_mb": 0.00390625, "shmopen": 0, "unlink": 0, "mmap_sh": 88, "munmap": 91, "mmap_sh_mb": 352.00067138671875}
{"tgid": 10641, "comm": "flux-shell", "shmget": 1, "shmat": 1, "shmdt": 1, "rmid": 1, "get_mb": 0.00390625, "shmopen": 0, "unlink": 0, "mmap_sh": 88, "munmap": 90, "mmap_sh_mb": 352.00067138671875}
{"tgid": 10599, "comm": "flux-shell", "shmget": 1, "shmat": 1, "shmdt": 1, "rmid": 1, "get_mb": 0.00390625, "shmopen": 0, "unlink": 0, "mmap_sh": 88, "munmap": 91, "mmap_sh_mb": 352.00067138671875}
{"tgid": 10629, "comm": "flux-shell", "shmget": 1, "shmat": 1, "shmdt": 1, "rmid": 1, "get_mb": 0.00390625, "shmopen": 0, "unlink": 0, "mmap_sh": 88, "munmap": 90, "mmap_sh_mb": 352.00067138671875}
{"tgid": 10611, "comm": "flux-shell", "shmget": 1, "shmat": 1, "shmdt": 1, "rmid": 1, "get_mb": 0.00390625, "shmopen": 0, "unlink": 0, "mmap_sh": 88, "munmap": 90, "mmap_sh_mb": 352.00067138671875}
{"tgid": 10697, "comm": "flux-shell", "shmget": 1, "shmat": 1, "shmdt": 1, "rmid": 1, "get_mb": 0.00390625, "shmopen": 0, "unlink": 0, "mmap_sh": 88, "munmap": 90, "mmap_sh_mb": 352.00067138671875}
{"tgid": 10655, "comm": "flux-shell", "shmget": 1, "shmat": 1, "shmdt": 1, "rmid": 1, "get_mb": 0.00390625, "shmopen": 0, "unlink": 0, "mmap_sh": 88, "munmap": 91, "mmap_sh_mb": 352.00067138671875}
{"tgid": 10675, "comm": "flux-shell", "shmget": 1, "shmat": 1, "shmdt": 1, "rmid": 1, "get_mb": 0.00390625, "shmopen": 0, "unlink": 0, "mmap_sh": 88, "munmap": 90, "mmap_sh_mb": 352.00067138671875}

--- Shared Memory Stats Summary at 15:19:55 ---
{"tgid": 10663, "comm": "flux-shell", "shmget": 1, "shmat": 1, "shmdt": 1, "rmid": 1, "get_mb": 0.00390625, "shmopen": 0, "unlink": 0, "mmap_sh": 88, "munmap": 91, "mmap_sh_mb": 352.00067138671875}
{"tgid": 10579, "comm": "flux-shell", "shmget": 1, "shmat": 1, "shmdt": 1, "rmid": 1, "get_mb": 0.00390625, "shmopen": 0, "unlink": 0, "mmap_sh": 88, "munmap": 91, "mmap_sh_mb": 352.00067138671875}
{"tgid": 10677, "comm": "flux-shell", "shmget": 1, "shmat": 1, "shmdt": 1, "rmid": 1, "get_mb": 0.00390625, "shmopen": 0, "unlink": 0, "mmap_sh": 88, "munmap": 90, "mmap_sh_mb": 352.00067138671875}
{"tgid": 10615, "comm": "flux-shell", "shmget": 1, "shmat": 1, "shmdt": 1, "rmid": 1, "get_mb": 0.00390625, "shmopen": 0, "unlink": 0, "mmap_sh": 88, "munmap": 90, "mmap_sh_mb": 352.00067138671875}
{"tgid": 10665, "comm": "flux-shell", "shmget": 1, "shmat": 1, "shmdt": 1, "rmid": 1, "get_mb": 0.00390625, "shmopen": 0, "unlink": 0, "mmap_sh": 88, "munmap": 91, "mmap_sh_mb": 352.00067138671875}
{"tgid": 10551, "comm": "flux-shell", "shmget": 1, "shmat": 1, "shmdt": 1, "rmid": 1, "get_mb": 0.00390625, "shmopen": 0, "unlink": 0, "mmap_sh": 88, "munmap": 90, "mmap_sh_mb": 352.00067138671875}
{"tgid": 10545, "comm": "flux-shell", "shmget": 1, "shmat": 1, "shmdt": 1, "rmid": 1, "get_mb": 0.00390625, "shmopen": 0, "unlink": 0, "mmap_sh": 88, "munmap": 91, "mmap_sh_mb": 352.00067138671875}
{"tgid": 10715, "comm": "flux-shell", "shmget": 1, "shmat": 1, "shmdt": 1, "rmid": 1, "get_mb": 0.00390625, "shmopen": 0, "unlink": 0, "mmap_sh": 88, "munmap": 90, "mmap_sh_mb": 352.00067138671875}
{"tgid": 10703, "comm": "flux-shell", "shmget": 1, "shmat": 1, "shmdt": 1, "rmid": 1, "get_mb": 0.00390625, "shmopen": 0, "unlink": 0, "mmap_sh": 88, "munmap": 91, "mmap_sh_mb": 352.00067138671875}
{"tgid": 10695, "comm": "flux-shell", "shmget": 1, "shmat": 1, "shmdt": 1, "rmid": 1, "get_mb": 0.00390625, "shmopen": 0, "unlink": 0, "mmap_sh": 88, "munmap": 90, "mmap_sh_mb": 352.00067138671875}
{"tgid": 10705, "comm": "flux-shell", "shmget": 1, "shmat": 1, "shmdt": 1, "rmid": 1, "get_mb": 0.00390625, "shmopen": 0, "unlink": 0, "mmap_sh": 88, "munmap": 90, "mmap_sh_mb": 352.00067138671875}
{"tgid": 10548, "comm": "flux-shell", "shmget": 1, "shmat": 1, "shmdt": 1, "rmid": 1, "get_mb": 0.00390625, "shmopen": 0, "unlink": 0, "mmap_sh": 88, "munmap": 91, "mmap_sh_mb": 352.00067138671875}
{"tgid": 10575, "comm": "flux-shell", "shmget": 1, "shmat": 1, "shmdt": 1, "rmid": 1, "get_mb": 0.00390625, "shmopen": 0, "unlink": 0, "mmap_sh": 88, "munmap": 91, "mmap_sh_mb": 352.00067138671875}
{"tgid": 10641, "comm": "flux-shell", "shmget": 1, "shmat": 1, "shmdt": 1, "rmid": 1, "get_mb": 0.00390625, "shmopen": 0, "unlink": 0, "mmap_sh": 88, "munmap": 90, "mmap_sh_mb": 352.00067138671875}
{"tgid": 10599, "comm": "flux-shell", "shmget": 1, "shmat": 1, "shmdt": 1, "rmid": 1, "get_mb": 0.00390625, "shmopen": 0, "unlink": 0, "mmap_sh": 88, "munmap": 91, "mmap_sh_mb": 352.00067138671875}
{"tgid": 10629, "comm": "flux-shell", "shmget": 1, "shmat": 1, "shmdt": 1, "rmid": 1, "get_mb": 0.00390625, "shmopen": 0, "unlink": 0, "mmap_sh": 88, "munmap": 90, "mmap_sh_mb": 352.00067138671875}
{"tgid": 10611, "comm": "flux-shell", "shmget": 1, "shmat": 1, "shmdt": 1, "rmid": 1, "get_mb": 0.00390625, "shmopen": 0, "unlink": 0, "mmap_sh": 88, "munmap": 90, "mmap_sh_mb": 352.00067138671875}
{"tgid": 10697, "comm": "flux-shell", "shmget": 1, "shmat": 1, "shmdt": 1, "rmid": 1, "get_mb": 0.00390625, "shmopen": 0, "unlink": 0, "mmap_sh": 88, "munmap": 90, "mmap_sh_mb": 352.00067138671875}
{"tgid": 10655, "comm": "flux-shell", "shmget": 1, "shmat": 1, "shmdt": 1, "rmid": 1, "get_mb": 0.00390625, "shmopen": 0, "unlink": 0, "mmap_sh": 88, "munmap": 91, "mmap_sh_mb": 352.00067138671875}
{"tgid": 10675, "comm": "flux-shell", "shmget": 1, "shmat": 1, "shmdt": 1, "rmid": 1, "get_mb": 0.00390625, "shmopen": 0, "unlink": 0, "mmap_sh": 88, "munmap": 90, "mmap_sh_mb": 352.00067138671875}

--- Shared Memory Stats Summary at 15:20:00 ---
{"tgid": 10663, "comm": "flux-shell", "shmget": 1, "shmat": 1, "shmdt": 1, "rmid": 1, "get_mb": 0.00390625, "shmopen": 0, "unlink": 0, "mmap_sh": 88, "munmap": 259, "mmap_sh_mb": 352.00067138671875}
{"tgid": 10579, "comm": "flux-shell", "shmget": 1, "shmat": 1, "shmdt": 1, "rmid": 1, "get_mb": 0.00390625, "shmopen": 0, "unlink": 0, "mmap_sh": 88, "munmap": 233, "mmap_sh_mb": 352.00067138671875}
{"tgid": 10677, "comm": "flux-shell", "shmget": 1, "shmat": 1, "shmdt": 1, "rmid": 1, "get_mb": 0.00390625, "shmopen": 0, "unlink": 0, "mmap_sh": 88, "munmap": 263, "mmap_sh_mb": 352.00067138671875}
{"tgid": 10615, "comm": "flux-shell", "shmget": 1, "shmat": 1, "shmdt": 1, "rmid": 1, "get_mb": 0.00390625, "shmopen": 0, "unlink": 0, "mmap_sh": 88, "munmap": 258, "mmap_sh_mb": 352.00067138671875}
{"tgid": 10665, "comm": "flux-shell", "shmget": 1, "shmat": 1, "shmdt": 1, "rmid": 1, "get_mb": 0.00390625, "shmopen": 0, "unlink": 0, "mmap_sh": 88, "munmap": 264, "mmap_sh_mb": 352.00067138671875}
{"tgid": 10551, "comm": "flux-shell", "shmget": 1, "shmat": 1, "shmdt": 1, "rmid": 1, "get_mb": 0.00390625, "shmopen": 0, "unlink": 0, "mmap_sh": 88, "munmap": 248, "mmap_sh_mb": 352.00067138671875}
{"tgid": 10545, "comm": "flux-shell", "shmget": 1, "shmat": 1, "shmdt": 1, "rmid": 1, "get_mb": 0.00390625, "shmopen": 0, "unlink": 0, "mmap_sh": 88, "munmap": 259, "mmap_sh_mb": 352.00067138671875}
{"tgid": 10715, "comm": "flux-shell", "shmget": 1, "shmat": 1, "shmdt": 1, "rmid": 1, "get_mb": 0.00390625, "shmopen": 0, "unlink": 0, "mmap_sh": 88, "munmap": 263, "mmap_sh_mb": 352.00067138671875}
{"tgid": 10703, "comm": "flux-shell", "shmget": 1, "shmat": 1, "shmdt": 1, "rmid": 1, "get_mb": 0.00390625, "shmopen": 0, "unlink": 0, "mmap_sh": 88, "munmap": 260, "mmap_sh_mb": 352.00067138671875}
{"tgid": 10695, "comm": "flux-shell", "shmget": 1, "shmat": 1, "shmdt": 1, "rmid": 1, "get_mb": 0.00390625, "shmopen": 0, "unlink": 0, "mmap_sh": 88, "munmap": 231, "mmap_sh_mb": 352.00067138671875}
{"tgid": 10705, "comm": "flux-shell", "shmget": 1, "shmat": 1, "shmdt": 1, "rmid": 1, "get_mb": 0.00390625, "shmopen": 0, "unlink": 0, "mmap_sh": 88, "munmap": 262, "mmap_sh_mb": 352.00067138671875}
{"tgid": 10548, "comm": "flux-shell", "shmget": 1, "shmat": 1, "shmdt": 1, "rmid": 1, "get_mb": 0.00390625, "shmopen": 0, "unlink": 0, "mmap_sh": 88, "munmap": 252, "mmap_sh_mb": 352.00067138671875}
{"tgid": 10575, "comm": "flux-shell", "shmget": 1, "shmat": 1, "shmdt": 1, "rmid": 1, "get_mb": 0.00390625, "shmopen": 0, "unlink": 0, "mmap_sh": 88, "munmap": 232, "mmap_sh_mb": 352.00067138671875}
{"tgid": 10641, "comm": "flux-shell", "shmget": 1, "shmat": 1, "shmdt": 1, "rmid": 1, "get_mb": 0.00390625, "shmopen": 0, "unlink": 0, "mmap_sh": 88, "munmap": 259, "mmap_sh_mb": 352.00067138671875}
{"tgid": 10599, "comm": "flux-shell", "shmget": 1, "shmat": 1, "shmdt": 1, "rmid": 1, "get_mb": 0.00390625, "shmopen": 0, "unlink": 0, "mmap_sh": 88, "munmap": 260, "mmap_sh_mb": 352.00067138671875}
{"tgid": 10629, "comm": "flux-shell", "shmget": 1, "shmat": 1, "shmdt": 1, "rmid": 1, "get_mb": 0.00390625, "shmopen": 0, "unlink": 0, "mmap_sh": 88, "munmap": 263, "mmap_sh_mb": 352.00067138671875}
{"tgid": 10611, "comm": "flux-shell", "shmget": 1, "shmat": 1, "shmdt": 1, "rmid": 1, "get_mb": 0.00390625, "shmopen": 0, "unlink": 0, "mmap_sh": 88, "munmap": 259, "mmap_sh_mb": 352.00067138671875}
{"tgid": 10697, "comm": "flux-shell", "shmget": 1, "shmat": 1, "shmdt": 1, "rmid": 1, "get_mb": 0.00390625, "shmopen": 0, "unlink": 0, "mmap_sh": 88, "munmap": 262, "mmap_sh_mb": 352.00067138671875}
{"tgid": 10655, "comm": "flux-shell", "shmget": 1, "shmat": 1, "shmdt": 1, "rmid": 1, "get_mb": 0.00390625, "shmopen": 0, "unlink": 0, "mmap_sh": 88, "munmap": 264, "mmap_sh_mb": 352.00067138671875}
{"tgid": 10675, "comm": "flux-shell", "shmget": 1, "shmat": 1, "shmdt": 1, "rmid": 1, "get_mb": 0.00390625, "shmopen": 0, "unlink": 0, "mmap_sh": 88, "munmap": 232, "mmap_sh_mb": 352.00067138671875}

--- Shared Memory Stats Summary at 15:20:05 ---
{"tgid": 10663, "comm": "flux-shell", "shmget": 1, "shmat": 1, "shmdt": 1, "rmid": 1, "get_mb": 0.00390625, "shmopen": 0, "unlink": 0, "mmap_sh": 88, "munmap": 264, "mmap_sh_mb": 352.00067138671875}
{"tgid": 10579, "comm": "flux-shell", "shmget": 1, "shmat": 1, "shmdt": 1, "rmid": 1, "get_mb": 0.00390625, "shmopen": 0, "unlink": 0, "mmap_sh": 88, "munmap": 264, "mmap_sh_mb": 352.00067138671875}
{"tgid": 10677, "comm": "flux-shell", "shmget": 1, "shmat": 1, "shmdt": 1, "rmid": 1, "get_mb": 0.00390625, "shmopen": 0, "unlink": 0, "mmap_sh": 88, "munmap": 263, "mmap_sh_mb": 352.00067138671875}
{"tgid": 10615, "comm": "flux-shell", "shmget": 1, "shmat": 1, "shmdt": 1, "rmid": 1, "get_mb": 0.00390625, "shmopen": 0, "unlink": 0, "mmap_sh": 88, "munmap": 263, "mmap_sh_mb": 352.00067138671875}
{"tgid": 10665, "comm": "flux-shell", "shmget": 1, "shmat": 1, "shmdt": 1, "rmid": 1, "get_mb": 0.00390625, "shmopen": 0, "unlink": 0, "mmap_sh": 88, "munmap": 264, "mmap_sh_mb": 352.00067138671875}
{"tgid": 10551, "comm": "flux-shell", "shmget": 1, "shmat": 1, "shmdt": 1, "rmid": 1, "get_mb": 0.00390625, "shmopen": 0, "unlink": 0, "mmap_sh": 88, "munmap": 263, "mmap_sh_mb": 352.00067138671875}
{"tgid": 10545, "comm": "flux-shell", "shmget": 1, "shmat": 1, "shmdt": 1, "rmid": 1, "get_mb": 0.00390625, "shmopen": 0, "unlink": 0, "mmap_sh": 88, "munmap": 264, "mmap_sh_mb": 352.00067138671875}
{"tgid": 10715, "comm": "flux-shell", "shmget": 1, "shmat": 1, "shmdt": 1, "rmid": 1, "get_mb": 0.00390625, "shmopen": 0, "unlink": 0, "mmap_sh": 88, "munmap": 263, "mmap_sh_mb": 352.00067138671875}
{"tgid": 10703, "comm": "flux-shell", "shmget": 1, "shmat": 1, "shmdt": 1, "rmid": 1, "get_mb": 0.00390625, "shmopen": 0, "unlink": 0, "mmap_sh": 88, "munmap": 264, "mmap_sh_mb": 352.00067138671875}
{"tgid": 10695, "comm": "flux-shell", "shmget": 1, "shmat": 1, "shmdt": 1, "rmid": 1, "get_mb": 0.00390625, "shmopen": 0, "unlink": 0, "mmap_sh": 88, "munmap": 262, "mmap_sh_mb": 352.00067138671875}
{"tgid": 10705, "comm": "flux-shell", "shmget": 1, "shmat": 1, "shmdt": 1, "rmid": 1, "get_mb": 0.00390625, "shmopen": 0, "unlink": 0, "mmap_sh": 88, "munmap": 262, "mmap_sh_mb": 352.00067138671875}
{"tgid": 10548, "comm": "flux-shell", "shmget": 1, "shmat": 1, "shmdt": 1, "rmid": 1, "get_mb": 0.00390625, "shmopen": 0, "unlink": 0, "mmap_sh": 88, "munmap": 264, "mmap_sh_mb": 352.00067138671875}
{"tgid": 10575, "comm": "flux-shell", "shmget": 1, "shmat": 1, "shmdt": 1, "rmid": 1, "get_mb": 0.00390625, "shmopen": 0, "unlink": 0, "mmap_sh": 88, "munmap": 263, "mmap_sh_mb": 352.00067138671875}
{"tgid": 10641, "comm": "flux-shell", "shmget": 1, "shmat": 1, "shmdt": 1, "rmid": 1, "get_mb": 0.00390625, "shmopen": 0, "unlink": 0, "mmap_sh": 88, "munmap": 263, "mmap_sh_mb": 352.00067138671875}
{"tgid": 10599, "comm": "flux-shell", "shmget": 1, "shmat": 1, "shmdt": 1, "rmid": 1, "get_mb": 0.00390625, "shmopen": 0, "unlink": 0, "mmap_sh": 88, "munmap": 264, "mmap_sh_mb": 352.00067138671875}
{"tgid": 10629, "comm": "flux-shell", "shmget": 1, "shmat": 1, "shmdt": 1, "rmid": 1, "get_mb": 0.00390625, "shmopen": 0, "unlink": 0, "mmap_sh": 88, "munmap": 263, "mmap_sh_mb": 352.00067138671875}
{"tgid": 10611, "comm": "flux-shell", "shmget": 1, "shmat": 1, "shmdt": 1, "rmid": 1, "get_mb": 0.00390625, "shmopen": 0, "unlink": 0, "mmap_sh": 88, "munmap": 263, "mmap_sh_mb": 352.00067138671875}
{"tgid": 10697, "comm": "flux-shell", "shmget": 1, "shmat": 1, "shmdt": 1, "rmid": 1, "get_mb": 0.00390625, "shmopen": 0, "unlink": 0, "mmap_sh": 88, "munmap": 262, "mmap_sh_mb": 352.00067138671875}
{"tgid": 10655, "comm": "flux-shell", "shmget": 1, "shmat": 1, "shmdt": 1, "rmid": 1, "get_mb": 0.00390625, "shmopen": 0, "unlink": 0, "mmap_sh": 88, "munmap": 264, "mmap_sh_mb": 352.00067138671875}
{"tgid": 10675, "comm": "flux-shell", "shmget": 1, "shmat": 1, "shmdt": 1, "rmid": 1, "get_mb": 0.00390625, "shmopen": 0, "unlink": 0, "mmap_sh": 88, "munmap": 263, "mmap_sh_mb": 352.00067138671875}

--- Shared Memory Stats Summary at 15:20:10 ---
{"tgid": 10876, "comm": "flux-shell", "shmget": 1, "shmat": 1, "shmdt": 1, "rmid": 1, "get_mb": 0.00390625, "shmopen": 0, "unlink": 0, "mmap_sh": 88, "munmap": 83, "mmap_sh_mb": 352.00067138671875}
{"tgid": 10934, "comm": "flux-shell", "shmget": 1, "shmat": 1, "shmdt": 1, "rmid": 1, "get_mb": 0.00390625, "shmopen": 0, "unlink": 0, "mmap_sh": 88, "munmap": 83, "mmap_sh_mb": 352.00067138671875}
{"tgid": 10902, "comm": "flux-shell", "shmget": 1, "shmat": 1, "shmdt": 1, "rmid": 1, "get_mb": 0.00390625, "shmopen": 0, "unlink": 0, "mmap_sh": 88, "munmap": 83, "mmap_sh_mb": 352.00067138671875}
{"tgid": 10884, "comm": "flux-shell", "shmget": 1, "shmat": 1, "shmdt": 1, "rmid": 1, "get_mb": 0.00390625, "shmopen": 0, "unlink": 0, "mmap_sh": 88, "munmap": 83, "mmap_sh_mb": 352.00067138671875}
{"tgid": 10663, "comm": "flux-shell", "shmget": 1, "shmat": 1, "shmdt": 1, "rmid": 1, "get_mb": 0.00390625, "shmopen": 0, "unlink": 0, "mmap_sh": 88, "munmap": 264, "mmap_sh_mb": 352.00067138671875}
{"tgid": 10579, "comm": "flux-shell", "shmget": 1, "shmat": 1, "shmdt": 1, "rmid": 1, "get_mb": 0.00390625, "shmopen": 0, "unlink": 0, "mmap_sh": 88, "munmap": 264, "mmap_sh_mb": 352.00067138671875}
{"tgid": 10677, "comm": "flux-shell", "shmget": 1, "shmat": 1, "shmdt": 1, "rmid": 1, "get_mb": 0.00390625, "shmopen": 0, "unlink": 0, "mmap_sh": 88, "munmap": 263, "mmap_sh_mb": 352.00067138671875}
{"tgid": 10615, "comm": "flux-shell", "shmget": 1, "shmat": 1, "shmdt": 1, "rmid": 1, "get_mb": 0.00390625, "shmopen": 0, "unlink": 0, "mmap_sh": 88, "munmap": 263, "mmap_sh_mb": 352.00067138671875}
{"tgid": 11016, "comm": "flux-shell", "shmget": 1, "shmat": 1, "shmdt": 1, "rmid": 1, "get_mb": 0.00390625, "shmopen": 0, "unlink": 0, "mmap_sh": 88, "munmap": 83, "mmap_sh_mb": 352.00067138671875}
{"tgid": 10665, "comm": "flux-shell", "shmget": 1, "shmat": 1, "shmdt": 1, "rmid": 1, "get_mb": 0.00390625, "shmopen": 0, "unlink": 0, "mmap_sh": 88, "munmap": 264, "mmap_sh_mb": 352.00067138671875}
{"tgid": 10551, "comm": "flux-shell", "shmget": 1, "shmat": 1, "shmdt": 1, "rmid": 1, "get_mb": 0.00390625, "shmopen": 0, "unlink": 0, "mmap_sh": 88, "munmap": 263, "mmap_sh_mb": 352.00067138671875}
{"tgid": 10910, "comm": "flux-shell", "shmget": 1, "shmat": 1, "shmdt": 1, "rmid": 1, "get_mb": 0.00390625, "shmopen": 0, "unlink": 0, "mmap_sh": 88, "munmap": 83, "mmap_sh_mb": 352.00067138671875}
{"tgid": 10953, "comm": "flux-shell", "shmget": 1, "shmat": 1, "shmdt": 1, "rmid": 1, "get_mb": 0.00390625, "shmopen": 0, "unlink": 0, "mmap_sh": 88, "munmap": 83, "mmap_sh_mb": 352.00067138671875}
{"tgid": 10890, "comm": "flux-shell", "shmget": 1, "shmat": 1, "shmdt": 1, "rmid": 1, "get_mb": 0.00390625, "shmopen": 0, "unlink": 0, "mmap_sh": 88, "munmap": 83, "mmap_sh_mb": 352.00067138671875}
{"tgid": 10900, "comm": "flux-shell", "shmget": 1, "shmat": 1, "shmdt": 1, "rmid": 1, "get_mb": 0.00390625, "shmopen": 0, "unlink": 0, "mmap_sh": 88, "munmap": 83, "mmap_sh_mb": 352.00067138671875}
{"tgid": 10545, "comm": "flux-shell", "shmget": 1, "shmat": 1, "shmdt": 1, "rmid": 1, "get_mb": 0.00390625, "shmopen": 0, "unlink": 0, "mmap_sh": 88, "munmap": 264, "mmap_sh_mb": 352.00067138671875}
{"tgid": 10715, "comm": "flux-shell", "shmget": 1, "shmat": 1, "shmdt": 1, "rmid": 1, "get_mb": 0.00390625, "shmopen": 0, "unlink": 0, "mmap_sh": 88, "munmap": 263, "mmap_sh_mb": 352.00067138671875}
{"tgid": 10703, "comm": "flux-shell", "shmget": 1, "shmat": 1, "shmdt": 1, "rmid": 1, "get_mb": 0.00390625, "shmopen": 0, "unlink": 0, "mmap_sh": 88, "munmap": 264, "mmap_sh_mb": 352.00067138671875}
{"tgid": 10695, "comm": "flux-shell", "shmget": 1, "shmat": 1, "shmdt": 1, "rmid": 1, "get_mb": 0.00390625, "shmopen": 0, "unlink": 0, "mmap_sh": 88, "munmap": 262, "mmap_sh_mb": 352.00067138671875}
{"tgid": 10980, "comm": "flux-shell", "shmget": 1, "shmat": 1, "shmdt": 1, "rmid": 1, "get_mb": 0.00390625, "shmopen": 0, "unlink": 0, "mmap_sh": 88, "munmap": 83, "mmap_sh_mb": 352.00067138671875}

--- Shared Memory Stats Summary at 15:20:15 ---
{"tgid": 10876, "comm": "flux-shell", "shmget": 1, "shmat": 1, "shmdt": 1, "rmid": 1, "get_mb": 0.00390625, "shmopen": 0, "unlink": 0, "mmap_sh": 88, "munmap": 91, "mmap_sh_mb": 352.00067138671875}
{"tgid": 10934, "comm": "flux-shell", "shmget": 1, "shmat": 1, "shmdt": 1, "rmid": 1, "get_mb": 0.00390625, "shmopen": 0, "unlink": 0, "mmap_sh": 88, "munmap": 90, "mmap_sh_mb": 352.00067138671875}
{"tgid": 10902, "comm": "flux-shell", "shmget": 1, "shmat": 1, "shmdt": 1, "rmid": 1, "get_mb": 0.00390625, "shmopen": 0, "unlink": 0, "mmap_sh": 88, "munmap": 90, "mmap_sh_mb": 352.00067138671875}
{"tgid": 10884, "comm": "flux-shell", "shmget": 1, "shmat": 1, "shmdt": 1, "rmid": 1, "get_mb": 0.00390625, "shmopen": 0, "unlink": 0, "mmap_sh": 88, "munmap": 91, "mmap_sh_mb": 352.00067138671875}
{"tgid": 10663, "comm": "flux-shell", "shmget": 1, "shmat": 1, "shmdt": 1, "rmid": 1, "get_mb": 0.00390625, "shmopen": 0, "unlink": 0, "mmap_sh": 88, "munmap": 264, "mmap_sh_mb": 352.00067138671875}
{"tgid": 10579, "comm": "flux-shell", "shmget": 1, "shmat": 1, "shmdt": 1, "rmid": 1, "get_mb": 0.00390625, "shmopen": 0, "unlink": 0, "mmap_sh": 88, "munmap": 264, "mmap_sh_mb": 352.00067138671875}
{"tgid": 10677, "comm": "flux-shell", "shmget": 1, "shmat": 1, "shmdt": 1, "rmid": 1, "get_mb": 0.00390625, "shmopen": 0, "unlink": 0, "mmap_sh": 88, "munmap": 263, "mmap_sh_mb": 352.00067138671875}
{"tgid": 10615, "comm": "flux-shell", "shmget": 1, "shmat": 1, "shmdt": 1, "rmid": 1, "get_mb": 0.00390625, "shmopen": 0, "unlink": 0, "mmap_sh": 88, "munmap": 263, "mmap_sh_mb": 352.00067138671875}
{"tgid": 11016, "comm": "flux-shell", "shmget": 1, "shmat": 1, "shmdt": 1, "rmid": 1, "get_mb": 0.00390625, "shmopen": 0, "unlink": 0, "mmap_sh": 88, "munmap": 91, "mmap_sh_mb": 352.00067138671875}
{"tgid": 10665, "comm": "flux-shell", "shmget": 1, "shmat": 1, "shmdt": 1, "rmid": 1, "get_mb": 0.00390625, "shmopen": 0, "unlink": 0, "mmap_sh": 88, "munmap": 264, "mmap_sh_mb": 352.00067138671875}
{"tgid": 10551, "comm": "flux-shell", "shmget": 1, "shmat": 1, "shmdt": 1, "rmid": 1, "get_mb": 0.00390625, "shmopen": 0, "unlink": 0, "mmap_sh": 88, "munmap": 263, "mmap_sh_mb": 352.00067138671875}
{"tgid": 10910, "comm": "flux-shell", "shmget": 1, "shmat": 1, "shmdt": 1, "rmid": 1, "get_mb": 0.00390625, "shmopen": 0, "unlink": 0, "mmap_sh": 88, "munmap": 91, "mmap_sh_mb": 352.00067138671875}
{"tgid": 10953, "comm": "flux-shell", "shmget": 1, "shmat": 1, "shmdt": 1, "rmid": 1, "get_mb": 0.00390625, "shmopen": 0, "unlink": 0, "mmap_sh": 88, "munmap": 91, "mmap_sh_mb": 352.00067138671875}
{"tgid": 10890, "comm": "flux-shell", "shmget": 1, "shmat": 1, "shmdt": 1, "rmid": 1, "get_mb": 0.00390625, "shmopen": 0, "unlink": 0, "mmap_sh": 88, "munmap": 91, "mmap_sh_mb": 352.00067138671875}
{"tgid": 10900, "comm": "flux-shell", "shmget": 1, "shmat": 1, "shmdt": 1, "rmid": 1, "get_mb": 0.00390625, "shmopen": 0, "unlink": 0, "mmap_sh": 88, "munmap": 90, "mmap_sh_mb": 352.00067138671875}
{"tgid": 10545, "comm": "flux-shell", "shmget": 1, "shmat": 1, "shmdt": 1, "rmid": 1, "get_mb": 0.00390625, "shmopen": 0, "unlink": 0, "mmap_sh": 88, "munmap": 264, "mmap_sh_mb": 352.00067138671875}
{"tgid": 10715, "comm": "flux-shell", "shmget": 1, "shmat": 1, "shmdt": 1, "rmid": 1, "get_mb": 0.00390625, "shmopen": 0, "unlink": 0, "mmap_sh": 88, "munmap": 263, "mmap_sh_mb": 352.00067138671875}
{"tgid": 10703, "comm": "flux-shell", "shmget": 1, "shmat": 1, "shmdt": 1, "rmid": 1, "get_mb": 0.00390625, "shmopen": 0, "unlink": 0, "mmap_sh": 88, "munmap": 264, "mmap_sh_mb": 352.00067138671875}
{"tgid": 10695, "comm": "flux-shell", "shmget": 1, "shmat": 1, "shmdt": 1, "rmid": 1, "get_mb": 0.00390625, "shmopen": 0, "unlink": 0, "mmap_sh": 88, "munmap": 262, "mmap_sh_mb": 352.00067138671875}
{"tgid": 10980, "comm": "flux-shell", "shmget": 1, "shmat": 1, "shmdt": 1, "rmid": 1, "get_mb": 0.00390625, "shmopen": 0, "unlink": 0, "mmap_sh": 88, "munmap": 91, "mmap_sh_mb": 352.00067138671875}

--- Shared Memory Stats Summary at 15:20:20 ---
{"tgid": 10876, "comm": "flux-shell", "shmget": 1, "shmat": 1, "shmdt": 1, "rmid": 1, "get_mb": 0.00390625, "shmopen": 0, "unlink": 0, "mmap_sh": 88, "munmap": 91, "mmap_sh_mb": 352.00067138671875}
{"tgid": 10934, "comm": "flux-shell", "shmget": 1, "shmat": 1, "shmdt": 1, "rmid": 1, "get_mb": 0.00390625, "shmopen": 0, "unlink": 0, "mmap_sh": 88, "munmap": 90, "mmap_sh_mb": 352.00067138671875}
{"tgid": 10902, "comm": "flux-shell", "shmget": 1, "shmat": 1, "shmdt": 1, "rmid": 1, "get_mb": 0.00390625, "shmopen": 0, "unlink": 0, "mmap_sh": 88, "munmap": 90, "mmap_sh_mb": 352.00067138671875}
{"tgid": 10884, "comm": "flux-shell", "shmget": 1, "shmat": 1, "shmdt": 1, "rmid": 1, "get_mb": 0.00390625, "shmopen": 0, "unlink": 0, "mmap_sh": 88, "munmap": 91, "mmap_sh_mb": 352.00067138671875}
{"tgid": 10663, "comm": "flux-shell", "shmget": 1, "shmat": 1, "shmdt": 1, "rmid": 1, "get_mb": 0.00390625, "shmopen": 0, "unlink": 0, "mmap_sh": 88, "munmap": 264, "mmap_sh_mb": 352.00067138671875}
{"tgid": 10579, "comm": "flux-shell", "shmget": 1, "shmat": 1, "shmdt": 1, "rmid": 1, "get_mb": 0.00390625, "shmopen": 0, "unlink": 0, "mmap_sh": 88, "munmap": 264, "mmap_sh_mb": 352.00067138671875}
{"tgid": 10677, "comm": "flux-shell", "shmget": 1, "shmat": 1, "shmdt": 1, "rmid": 1, "get_mb": 0.00390625, "shmopen": 0, "unlink": 0, "mmap_sh": 88, "munmap": 263, "mmap_sh_mb": 352.00067138671875}
{"tgid": 10615, "comm": "flux-shell", "shmget": 1, "shmat": 1, "shmdt": 1, "rmid": 1, "get_mb": 0.00390625, "shmopen": 0, "unlink": 0, "mmap_sh": 88, "munmap": 263, "mmap_sh_mb": 352.00067138671875}
{"tgid": 11016, "comm": "flux-shell", "shmget": 1, "shmat": 1, "shmdt": 1, "rmid": 1, "get_mb": 0.00390625, "shmopen": 0, "unlink": 0, "mmap_sh": 88, "munmap": 91, "mmap_sh_mb": 352.00067138671875}
{"tgid": 10665, "comm": "flux-shell", "shmget": 1, "shmat": 1, "shmdt": 1, "rmid": 1, "get_mb": 0.00390625, "shmopen": 0, "unlink": 0, "mmap_sh": 88, "munmap": 264, "mmap_sh_mb": 352.00067138671875}
{"tgid": 10551, "comm": "flux-shell", "shmget": 1, "shmat": 1, "shmdt": 1, "rmid": 1, "get_mb": 0.00390625, "shmopen": 0, "unlink": 0, "mmap_sh": 88, "munmap": 263, "mmap_sh_mb": 352.00067138671875}
{"tgid": 10910, "comm": "flux-shell", "shmget": 1, "shmat": 1, "shmdt": 1, "rmid": 1, "get_mb": 0.00390625, "shmopen": 0, "unlink": 0, "mmap_sh": 88, "munmap": 91, "mmap_sh_mb": 352.00067138671875}
{"tgid": 10953, "comm": "flux-shell", "shmget": 1, "shmat": 1, "shmdt": 1, "rmid": 1, "get_mb": 0.00390625, "shmopen": 0, "unlink": 0, "mmap_sh": 88, "munmap": 91, "mmap_sh_mb": 352.00067138671875}
{"tgid": 10890, "comm": "flux-shell", "shmget": 1, "shmat": 1, "shmdt": 1, "rmid": 1, "get_mb": 0.00390625, "shmopen": 0, "unlink": 0, "mmap_sh": 88, "munmap": 91, "mmap_sh_mb": 352.00067138671875}
{"tgid": 10900, "comm": "flux-shell", "shmget": 1, "shmat": 1, "shmdt": 1, "rmid": 1, "get_mb": 0.00390625, "shmopen": 0, "unlink": 0, "mmap_sh": 88, "munmap": 90, "mmap_sh_mb": 352.00067138671875}
{"tgid": 10545, "comm": "flux-shell", "shmget": 1, "shmat": 1, "shmdt": 1, "rmid": 1, "get_mb": 0.00390625, "shmopen": 0, "unlink": 0, "mmap_sh": 88, "munmap": 264, "mmap_sh_mb": 352.00067138671875}
{"tgid": 10715, "comm": "flux-shell", "shmget": 1, "shmat": 1, "shmdt": 1, "rmid": 1, "get_mb": 0.00390625, "shmopen": 0, "unlink": 0, "mmap_sh": 88, "munmap": 263, "mmap_sh_mb": 352.00067138671875}
{"tgid": 10703, "comm": "flux-shell", "shmget": 1, "shmat": 1, "shmdt": 1, "rmid": 1, "get_mb": 0.00390625, "shmopen": 0, "unlink": 0, "mmap_sh": 88, "munmap": 264, "mmap_sh_mb": 352.00067138671875}
{"tgid": 10695, "comm": "flux-shell", "shmget": 1, "shmat": 1, "shmdt": 1, "rmid": 1, "get_mb": 0.00390625, "shmopen": 0, "unlink": 0, "mmap_sh": 88, "munmap": 262, "mmap_sh_mb": 352.00067138671875}
{"tgid": 10980, "comm": "flux-shell", "shmget": 1, "shmat": 1, "shmdt": 1, "rmid": 1, "get_mb": 0.00390625, "shmopen": 0, "unlink": 0, "mmap_sh": 88, "munmap": 91, "mmap_sh_mb": 352.00067138671875}

--- Shared Memory Stats Summary at 15:20:25 ---
{"tgid": 10876, "comm": "flux-shell", "shmget": 1, "shmat": 1, "shmdt": 1, "rmid": 1, "get_mb": 0.00390625, "shmopen": 0, "unlink": 0, "mmap_sh": 88, "munmap": 91, "mmap_sh_mb": 352.00067138671875}
{"tgid": 10934, "comm": "flux-shell", "shmget": 1, "shmat": 1, "shmdt": 1, "rmid": 1, "get_mb": 0.00390625, "shmopen": 0, "unlink": 0, "mmap_sh": 88, "munmap": 90, "mmap_sh_mb": 352.00067138671875}
{"tgid": 10902, "comm": "flux-shell", "shmget": 1, "shmat": 1, "shmdt": 1, "rmid": 1, "get_mb": 0.00390625, "shmopen": 0, "unlink": 0, "mmap_sh": 88, "munmap": 90, "mmap_sh_mb": 352.00067138671875}
{"tgid": 10884, "comm": "flux-shell", "shmget": 1, "shmat": 1, "shmdt": 1, "rmid": 1, "get_mb": 0.00390625, "shmopen": 0, "unlink": 0, "mmap_sh": 88, "munmap": 91, "mmap_sh_mb": 352.00067138671875}
{"tgid": 10663, "comm": "flux-shell", "shmget": 1, "shmat": 1, "shmdt": 1, "rmid": 1, "get_mb": 0.00390625, "shmopen": 0, "unlink": 0, "mmap_sh": 88, "munmap": 264, "mmap_sh_mb": 352.00067138671875}
{"tgid": 10579, "comm": "flux-shell", "shmget": 1, "shmat": 1, "shmdt": 1, "rmid": 1, "get_mb": 0.00390625, "shmopen": 0, "unlink": 0, "mmap_sh": 88, "munmap": 264, "mmap_sh_mb": 352.00067138671875}
{"tgid": 10677, "comm": "flux-shell", "shmget": 1, "shmat": 1, "shmdt": 1, "rmid": 1, "get_mb": 0.00390625, "shmopen": 0, "unlink": 0, "mmap_sh": 88, "munmap": 263, "mmap_sh_mb": 352.00067138671875}
{"tgid": 10615, "comm": "flux-shell", "shmget": 1, "shmat": 1, "shmdt": 1, "rmid": 1, "get_mb": 0.00390625, "shmopen": 0, "unlink": 0, "mmap_sh": 88, "munmap": 263, "mmap_sh_mb": 352.00067138671875}
{"tgid": 11016, "comm": "flux-shell", "shmget": 1, "shmat": 1, "shmdt": 1, "rmid": 1, "get_mb": 0.00390625, "shmopen": 0, "unlink": 0, "mmap_sh": 88, "munmap": 91, "mmap_sh_mb": 352.00067138671875}
{"tgid": 10665, "comm": "flux-shell", "shmget": 1, "shmat": 1, "shmdt": 1, "rmid": 1, "get_mb": 0.00390625, "shmopen": 0, "unlink": 0, "mmap_sh": 88, "munmap": 264, "mmap_sh_mb": 352.00067138671875}
{"tgid": 10551, "comm": "flux-shell", "shmget": 1, "shmat": 1, "shmdt": 1, "rmid": 1, "get_mb": 0.00390625, "shmopen": 0, "unlink": 0, "mmap_sh": 88, "munmap": 263, "mmap_sh_mb": 352.00067138671875}
{"tgid": 10910, "comm": "flux-shell", "shmget": 1, "shmat": 1, "shmdt": 1, "rmid": 1, "get_mb": 0.00390625, "shmopen": 0, "unlink": 0, "mmap_sh": 88, "munmap": 91, "mmap_sh_mb": 352.00067138671875}
{"tgid": 10953, "comm": "flux-shell", "shmget": 1, "shmat": 1, "shmdt": 1, "rmid": 1, "get_mb": 0.00390625, "shmopen": 0, "unlink": 0, "mmap_sh": 88, "munmap": 91, "mmap_sh_mb": 352.00067138671875}
{"tgid": 10890, "comm": "flux-shell", "shmget": 1, "shmat": 1, "shmdt": 1, "rmid": 1, "get_mb": 0.00390625, "shmopen": 0, "unlink": 0, "mmap_sh": 88, "munmap": 91, "mmap_sh_mb": 352.00067138671875}
{"tgid": 10900, "comm": "flux-shell", "shmget": 1, "shmat": 1, "shmdt": 1, "rmid": 1, "get_mb": 0.00390625, "shmopen": 0, "unlink": 0, "mmap_sh": 88, "munmap": 90, "mmap_sh_mb": 352.00067138671875}
{"tgid": 10545, "comm": "flux-shell", "shmget": 1, "shmat": 1, "shmdt": 1, "rmid": 1, "get_mb": 0.00390625, "shmopen": 0, "unlink": 0, "mmap_sh": 88, "munmap": 264, "mmap_sh_mb": 352.00067138671875}
{"tgid": 10715, "comm": "flux-shell", "shmget": 1, "shmat": 1, "shmdt": 1, "rmid": 1, "get_mb": 0.00390625, "shmopen": 0, "unlink": 0, "mmap_sh": 88, "munmap": 263, "mmap_sh_mb": 352.00067138671875}
{"tgid": 10703, "comm": "flux-shell", "shmget": 1, "shmat": 1, "shmdt": 1, "rmid": 1, "get_mb": 0.00390625, "shmopen": 0, "unlink": 0, "mmap_sh": 88, "munmap": 264, "mmap_sh_mb": 352.00067138671875}
{"tgid": 10695, "comm": "flux-shell", "shmget": 1, "shmat": 1, "shmdt": 1, "rmid": 1, "get_mb": 0.00390625, "shmopen": 0, "unlink": 0, "mmap_sh": 88, "munmap": 262, "mmap_sh_mb": 352.00067138671875}
{"tgid": 10980, "comm": "flux-shell", "shmget": 1, "shmat": 1, "shmdt": 1, "rmid": 1, "get_mb": 0.00390625, "shmopen": 0, "unlink": 0, "mmap_sh": 88, "munmap": 91, "mmap_sh_mb": 352.00067138671875}

--- Shared Memory Stats Summary at 15:20:30 ---
{"tgid": 10876, "comm": "flux-shell", "shmget": 1, "shmat": 1, "shmdt": 1, "rmid": 1, "get_mb": 0.00390625, "shmopen": 0, "unlink": 0, "mmap_sh": 88, "munmap": 91, "mmap_sh_mb": 352.00067138671875}
{"tgid": 10934, "comm": "flux-shell", "shmget": 1, "shmat": 1, "shmdt": 1, "rmid": 1, "get_mb": 0.00390625, "shmopen": 0, "unlink": 0, "mmap_sh": 88, "munmap": 90, "mmap_sh_mb": 352.00067138671875}
{"tgid": 10902, "comm": "flux-shell", "shmget": 1, "shmat": 1, "shmdt": 1, "rmid": 1, "get_mb": 0.00390625, "shmopen": 0, "unlink": 0, "mmap_sh": 88, "munmap": 90, "mmap_sh_mb": 352.00067138671875}
{"tgid": 10884, "comm": "flux-shell", "shmget": 1, "shmat": 1, "shmdt": 1, "rmid": 1, "get_mb": 0.00390625, "shmopen": 0, "unlink": 0, "mmap_sh": 88, "munmap": 91, "mmap_sh_mb": 352.00067138671875}
{"tgid": 10663, "comm": "flux-shell", "shmget": 1, "shmat": 1, "shmdt": 1, "rmid": 1, "get_mb": 0.00390625, "shmopen": 0, "unlink": 0, "mmap_sh": 88, "munmap": 264, "mmap_sh_mb": 352.00067138671875}
{"tgid": 10579, "comm": "flux-shell", "shmget": 1, "shmat": 1, "shmdt": 1, "rmid": 1, "get_mb": 0.00390625, "shmopen": 0, "unlink": 0, "mmap_sh": 88, "munmap": 264, "mmap_sh_mb": 352.00067138671875}
{"tgid": 10677, "comm": "flux-shell", "shmget": 1, "shmat": 1, "shmdt": 1, "rmid": 1, "get_mb": 0.00390625, "shmopen": 0, "unlink": 0, "mmap_sh": 88, "munmap": 263, "mmap_sh_mb": 352.00067138671875}
{"tgid": 10615, "comm": "flux-shell", "shmget": 1, "shmat": 1, "shmdt": 1, "rmid": 1, "get_mb": 0.00390625, "shmopen": 0, "unlink": 0, "mmap_sh": 88, "munmap": 263, "mmap_sh_mb": 352.00067138671875}
{"tgid": 11016, "comm": "flux-shell", "shmget": 1, "shmat": 1, "shmdt": 1, "rmid": 1, "get_mb": 0.00390625, "shmopen": 0, "unlink": 0, "mmap_sh": 88, "munmap": 91, "mmap_sh_mb": 352.00067138671875}
{"tgid": 10665, "comm": "flux-shell", "shmget": 1, "shmat": 1, "shmdt": 1, "rmid": 1, "get_mb": 0.00390625, "shmopen": 0, "unlink": 0, "mmap_sh": 88, "munmap": 264, "mmap_sh_mb": 352.00067138671875}
{"tgid": 10551, "comm": "flux-shell", "shmget": 1, "shmat": 1, "shmdt": 1, "rmid": 1, "get_mb": 0.00390625, "shmopen": 0, "unlink": 0, "mmap_sh": 88, "munmap": 263, "mmap_sh_mb": 352.00067138671875}
{"tgid": 10910, "comm": "flux-shell", "shmget": 1, "shmat": 1, "shmdt": 1, "rmid": 1, "get_mb": 0.00390625, "shmopen": 0, "unlink": 0, "mmap_sh": 88, "munmap": 91, "mmap_sh_mb": 352.00067138671875}
{"tgid": 10953, "comm": "flux-shell", "shmget": 1, "shmat": 1, "shmdt": 1, "rmid": 1, "get_mb": 0.00390625, "shmopen": 0, "unlink": 0, "mmap_sh": 88, "munmap": 91, "mmap_sh_mb": 352.00067138671875}
{"tgid": 10890, "comm": "flux-shell", "shmget": 1, "shmat": 1, "shmdt": 1, "rmid": 1, "get_mb": 0.00390625, "shmopen": 0, "unlink": 0, "mmap_sh": 88, "munmap": 91, "mmap_sh_mb": 352.00067138671875}
{"tgid": 10900, "comm": "flux-shell", "shmget": 1, "shmat": 1, "shmdt": 1, "rmid": 1, "get_mb": 0.00390625, "shmopen": 0, "unlink": 0, "mmap_sh": 88, "munmap": 90, "mmap_sh_mb": 352.00067138671875}
{"tgid": 10545, "comm": "flux-shell", "shmget": 1, "shmat": 1, "shmdt": 1, "rmid": 1, "get_mb": 0.00390625, "shmopen": 0, "unlink": 0, "mmap_sh": 88, "munmap": 264, "mmap_sh_mb": 352.00067138671875}
{"tgid": 10715, "comm": "flux-shell", "shmget": 1, "shmat": 1, "shmdt": 1, "rmid": 1, "get_mb": 0.00390625, "shmopen": 0, "unlink": 0, "mmap_sh": 88, "munmap": 263, "mmap_sh_mb": 352.00067138671875}
{"tgid": 10703, "comm": "flux-shell", "shmget": 1, "shmat": 1, "shmdt": 1, "rmid": 1, "get_mb": 0.00390625, "shmopen": 0, "unlink": 0, "mmap_sh": 88, "munmap": 264, "mmap_sh_mb": 352.00067138671875}
{"tgid": 10695, "comm": "flux-shell", "shmget": 1, "shmat": 1, "shmdt": 1, "rmid": 1, "get_mb": 0.00390625, "shmopen": 0, "unlink": 0, "mmap_sh": 88, "munmap": 262, "mmap_sh_mb": 352.00067138671875}
{"tgid": 10980, "comm": "flux-shell", "shmget": 1, "shmat": 1, "shmdt": 1, "rmid": 1, "get_mb": 0.00390625, "shmopen": 0, "unlink": 0, "mmap_sh": 88, "munmap": 91, "mmap_sh_mb": 352.00067138671875}

--- Shared Memory Stats Summary at 15:20:35 ---
{"tgid": 10876, "comm": "flux-shell", "shmget": 1, "shmat": 1, "shmdt": 1, "rmid": 1, "get_mb": 0.00390625, "shmopen": 0, "unlink": 0, "mmap_sh": 88, "munmap": 91, "mmap_sh_mb": 352.00067138671875}
{"tgid": 10934, "comm": "flux-shell", "shmget": 1, "shmat": 1, "shmdt": 1, "rmid": 1, "get_mb": 0.00390625, "shmopen": 0, "unlink": 0, "mmap_sh": 88, "munmap": 90, "mmap_sh_mb": 352.00067138671875}
{"tgid": 10902, "comm": "flux-shell", "shmget": 1, "shmat": 1, "shmdt": 1, "rmid": 1, "get_mb": 0.00390625, "shmopen": 0, "unlink": 0, "mmap_sh": 88, "munmap": 90, "mmap_sh_mb": 352.00067138671875}
{"tgid": 10884, "comm": "flux-shell", "shmget": 1, "shmat": 1, "shmdt": 1, "rmid": 1, "get_mb": 0.00390625, "shmopen": 0, "unlink": 0, "mmap_sh": 88, "munmap": 91, "mmap_sh_mb": 352.00067138671875}
{"tgid": 10663, "comm": "flux-shell", "shmget": 1, "shmat": 1, "shmdt": 1, "rmid": 1, "get_mb": 0.00390625, "shmopen": 0, "unlink": 0, "mmap_sh": 88, "munmap": 264, "mmap_sh_mb": 352.00067138671875}
{"tgid": 10579, "comm": "flux-shell", "shmget": 1, "shmat": 1, "shmdt": 1, "rmid": 1, "get_mb": 0.00390625, "shmopen": 0, "unlink": 0, "mmap_sh": 88, "munmap": 264, "mmap_sh_mb": 352.00067138671875}
{"tgid": 10677, "comm": "flux-shell", "shmget": 1, "shmat": 1, "shmdt": 1, "rmid": 1, "get_mb": 0.00390625, "shmopen": 0, "unlink": 0, "mmap_sh": 88, "munmap": 263, "mmap_sh_mb": 352.00067138671875}
{"tgid": 10615, "comm": "flux-shell", "shmget": 1, "shmat": 1, "shmdt": 1, "rmid": 1, "get_mb": 0.00390625, "shmopen": 0, "unlink": 0, "mmap_sh": 88, "munmap": 263, "mmap_sh_mb": 352.00067138671875}
{"tgid": 11016, "comm": "flux-shell", "shmget": 1, "shmat": 1, "shmdt": 1, "rmid": 1, "get_mb": 0.00390625, "shmopen": 0, "unlink": 0, "mmap_sh": 88, "munmap": 91, "mmap_sh_mb": 352.00067138671875}
{"tgid": 10665, "comm": "flux-shell", "shmget": 1, "shmat": 1, "shmdt": 1, "rmid": 1, "get_mb": 0.00390625, "shmopen": 0, "unlink": 0, "mmap_sh": 88, "munmap": 264, "mmap_sh_mb": 352.00067138671875}
{"tgid": 10551, "comm": "flux-shell", "shmget": 1, "shmat": 1, "shmdt": 1, "rmid": 1, "get_mb": 0.00390625, "shmopen": 0, "unlink": 0, "mmap_sh": 88, "munmap": 263, "mmap_sh_mb": 352.00067138671875}
{"tgid": 10910, "comm": "flux-shell", "shmget": 1, "shmat": 1, "shmdt": 1, "rmid": 1, "get_mb": 0.00390625, "shmopen": 0, "unlink": 0, "mmap_sh": 88, "munmap": 91, "mmap_sh_mb": 352.00067138671875}
{"tgid": 10953, "comm": "flux-shell", "shmget": 1, "shmat": 1, "shmdt": 1, "rmid": 1, "get_mb": 0.00390625, "shmopen": 0, "unlink": 0, "mmap_sh": 88, "munmap": 91, "mmap_sh_mb": 352.00067138671875}
{"tgid": 10890, "comm": "flux-shell", "shmget": 1, "shmat": 1, "shmdt": 1, "rmid": 1, "get_mb": 0.00390625, "shmopen": 0, "unlink": 0, "mmap_sh": 88, "munmap": 91, "mmap_sh_mb": 352.00067138671875}
{"tgid": 10900, "comm": "flux-shell", "shmget": 1, "shmat": 1, "shmdt": 1, "rmid": 1, "get_mb": 0.00390625, "shmopen": 0, "unlink": 0, "mmap_sh": 88, "munmap": 90, "mmap_sh_mb": 352.00067138671875}
{"tgid": 10545, "comm": "flux-shell", "shmget": 1, "shmat": 1, "shmdt": 1, "rmid": 1, "get_mb": 0.00390625, "shmopen": 0, "unlink": 0, "mmap_sh": 88, "munmap": 264, "mmap_sh_mb": 352.00067138671875}
{"tgid": 10715, "comm": "flux-shell", "shmget": 1, "shmat": 1, "shmdt": 1, "rmid": 1, "get_mb": 0.00390625, "shmopen": 0, "unlink": 0, "mmap_sh": 88, "munmap": 263, "mmap_sh_mb": 352.00067138671875}
{"tgid": 10703, "comm": "flux-shell", "shmget": 1, "shmat": 1, "shmdt": 1, "rmid": 1, "get_mb": 0.00390625, "shmopen": 0, "unlink": 0, "mmap_sh": 88, "munmap": 264, "mmap_sh_mb": 352.00067138671875}
{"tgid": 10695, "comm": "flux-shell", "shmget": 1, "shmat": 1, "shmdt": 1, "rmid": 1, "get_mb": 0.00390625, "shmopen": 0, "unlink": 0, "mmap_sh": 88, "munmap": 262, "mmap_sh_mb": 352.00067138671875}
{"tgid": 10980, "comm": "flux-shell", "shmget": 1, "shmat": 1, "shmdt": 1, "rmid": 1, "get_mb": 0.00390625, "shmopen": 0, "unlink": 0, "mmap_sh": 88, "munmap": 91, "mmap_sh_mb": 352.00067138671875}

--- Shared Memory Stats Summary at 15:20:40 ---
{"tgid": 10876, "comm": "flux-shell", "shmget": 1, "shmat": 1, "shmdt": 1, "rmid": 1, "get_mb": 0.00390625, "shmopen": 0, "unlink": 0, "mmap_sh": 88, "munmap": 91, "mmap_sh_mb": 352.00067138671875}
{"tgid": 10934, "comm": "flux-shell", "shmget": 1, "shmat": 1, "shmdt": 1, "rmid": 1, "get_mb": 0.00390625, "shmopen": 0, "unlink": 0, "mmap_sh": 88, "munmap": 90, "mmap_sh_mb": 352.00067138671875}
{"tgid": 10902, "comm": "flux-shell", "shmget": 1, "shmat": 1, "shmdt": 1, "rmid": 1, "get_mb": 0.00390625, "shmopen": 0, "unlink": 0, "mmap_sh": 88, "munmap": 90, "mmap_sh_mb": 352.00067138671875}
{"tgid": 10884, "comm": "flux-shell", "shmget": 1, "shmat": 1, "shmdt": 1, "rmid": 1, "get_mb": 0.00390625, "shmopen": 0, "unlink": 0, "mmap_sh": 88, "munmap": 91, "mmap_sh_mb": 352.00067138671875}
{"tgid": 10663, "comm": "flux-shell", "shmget": 1, "shmat": 1, "shmdt": 1, "rmid": 1, "get_mb": 0.00390625, "shmopen": 0, "unlink": 0, "mmap_sh": 88, "munmap": 264, "mmap_sh_mb": 352.00067138671875}
{"tgid": 10579, "comm": "flux-shell", "shmget": 1, "shmat": 1, "shmdt": 1, "rmid": 1, "get_mb": 0.00390625, "shmopen": 0, "unlink": 0, "mmap_sh": 88, "munmap": 264, "mmap_sh_mb": 352.00067138671875}
{"tgid": 10677, "comm": "flux-shell", "shmget": 1, "shmat": 1, "shmdt": 1, "rmid": 1, "get_mb": 0.00390625, "shmopen": 0, "unlink": 0, "mmap_sh": 88, "munmap": 263, "mmap_sh_mb": 352.00067138671875}
{"tgid": 10615, "comm": "flux-shell", "shmget": 1, "shmat": 1, "shmdt": 1, "rmid": 1, "get_mb": 0.00390625, "shmopen": 0, "unlink": 0, "mmap_sh": 88, "munmap": 263, "mmap_sh_mb": 352.00067138671875}
{"tgid": 11016, "comm": "flux-shell", "shmget": 1, "shmat": 1, "shmdt": 1, "rmid": 1, "get_mb": 0.00390625, "shmopen": 0, "unlink": 0, "mmap_sh": 88, "munmap": 91, "mmap_sh_mb": 352.00067138671875}
{"tgid": 10665, "comm": "flux-shell", "shmget": 1, "shmat": 1, "shmdt": 1, "rmid": 1, "get_mb": 0.00390625, "shmopen": 0, "unlink": 0, "mmap_sh": 88, "munmap": 264, "mmap_sh_mb": 352.00067138671875}
{"tgid": 10551, "comm": "flux-shell", "shmget": 1, "shmat": 1, "shmdt": 1, "rmid": 1, "get_mb": 0.00390625, "shmopen": 0, "unlink": 0, "mmap_sh": 88, "munmap": 263, "mmap_sh_mb": 352.00067138671875}
{"tgid": 10910, "comm": "flux-shell", "shmget": 1, "shmat": 1, "shmdt": 1, "rmid": 1, "get_mb": 0.00390625, "shmopen": 0, "unlink": 0, "mmap_sh": 88, "munmap": 91, "mmap_sh_mb": 352.00067138671875}
{"tgid": 10953, "comm": "flux-shell", "shmget": 1, "shmat": 1, "shmdt": 1, "rmid": 1, "get_mb": 0.00390625, "shmopen": 0, "unlink": 0, "mmap_sh": 88, "munmap": 91, "mmap_sh_mb": 352.00067138671875}
{"tgid": 10890, "comm": "flux-shell", "shmget": 1, "shmat": 1, "shmdt": 1, "rmid": 1, "get_mb": 0.00390625, "shmopen": 0, "unlink": 0, "mmap_sh": 88, "munmap": 91, "mmap_sh_mb": 352.00067138671875}
{"tgid": 10900, "comm": "flux-shell", "shmget": 1, "shmat": 1, "shmdt": 1, "rmid": 1, "get_mb": 0.00390625, "shmopen": 0, "unlink": 0, "mmap_sh": 88, "munmap": 90, "mmap_sh_mb": 352.00067138671875}
{"tgid": 10545, "comm": "flux-shell", "shmget": 1, "shmat": 1, "shmdt": 1, "rmid": 1, "get_mb": 0.00390625, "shmopen": 0, "unlink": 0, "mmap_sh": 88, "munmap": 264, "mmap_sh_mb": 352.00067138671875}
{"tgid": 10715, "comm": "flux-shell", "shmget": 1, "shmat": 1, "shmdt": 1, "rmid": 1, "get_mb": 0.00390625, "shmopen": 0, "unlink": 0, "mmap_sh": 88, "munmap": 263, "mmap_sh_mb": 352.00067138671875}
{"tgid": 10703, "comm": "flux-shell", "shmget": 1, "shmat": 1, "shmdt": 1, "rmid": 1, "get_mb": 0.00390625, "shmopen": 0, "unlink": 0, "mmap_sh": 88, "munmap": 264, "mmap_sh_mb": 352.00067138671875}
{"tgid": 10695, "comm": "flux-shell", "shmget": 1, "shmat": 1, "shmdt": 1, "rmid": 1, "get_mb": 0.00390625, "shmopen": 0, "unlink": 0, "mmap_sh": 88, "munmap": 262, "mmap_sh_mb": 352.00067138671875}
{"tgid": 10980, "comm": "flux-shell", "shmget": 1, "shmat": 1, "shmdt": 1, "rmid": 1, "get_mb": 0.00390625, "shmopen": 0, "unlink": 0, "mmap_sh": 88, "munmap": 91, "mmap_sh_mb": 352.00067138671875}

--- Shared Memory Stats Summary at 15:20:45 ---
{"tgid": 10876, "comm": "flux-shell", "shmget": 1, "shmat": 1, "shmdt": 1, "rmid": 1, "get_mb": 0.00390625, "shmopen": 0, "unlink": 0, "mmap_sh": 88, "munmap": 264, "mmap_sh_mb": 352.00067138671875}
{"tgid": 10934, "comm": "flux-shell", "shmget": 1, "shmat": 1, "shmdt": 1, "rmid": 1, "get_mb": 0.00390625, "shmopen": 0, "unlink": 0, "mmap_sh": 88, "munmap": 263, "mmap_sh_mb": 352.00067138671875}
{"tgid": 10902, "comm": "flux-shell", "shmget": 1, "shmat": 1, "shmdt": 1, "rmid": 1, "get_mb": 0.00390625, "shmopen": 0, "unlink": 0, "mmap_sh": 88, "munmap": 263, "mmap_sh_mb": 352.00067138671875}
{"tgid": 10884, "comm": "flux-shell", "shmget": 1, "shmat": 1, "shmdt": 1, "rmid": 1, "get_mb": 0.00390625, "shmopen": 0, "unlink": 0, "mmap_sh": 88, "munmap": 264, "mmap_sh_mb": 352.00067138671875}
{"tgid": 10663, "comm": "flux-shell", "shmget": 1, "shmat": 1, "shmdt": 1, "rmid": 1, "get_mb": 0.00390625, "shmopen": 0, "unlink": 0, "mmap_sh": 88, "munmap": 264, "mmap_sh_mb": 352.00067138671875}
{"tgid": 10579, "comm": "flux-shell", "shmget": 1, "shmat": 1, "shmdt": 1, "rmid": 1, "get_mb": 0.00390625, "shmopen": 0, "unlink": 0, "mmap_sh": 88, "munmap": 264, "mmap_sh_mb": 352.00067138671875}
{"tgid": 10677, "comm": "flux-shell", "shmget": 1, "shmat": 1, "shmdt": 1, "rmid": 1, "get_mb": 0.00390625, "shmopen": 0, "unlink": 0, "mmap_sh": 88, "munmap": 263, "mmap_sh_mb": 352.00067138671875}
{"tgid": 10615, "comm": "flux-shell", "shmget": 1, "shmat": 1, "shmdt": 1, "rmid": 1, "get_mb": 0.00390625, "shmopen": 0, "unlink": 0, "mmap_sh": 88, "munmap": 263, "mmap_sh_mb": 352.00067138671875}
{"tgid": 11016, "comm": "flux-shell", "shmget": 1, "shmat": 1, "shmdt": 1, "rmid": 1, "get_mb": 0.00390625, "shmopen": 0, "unlink": 0, "mmap_sh": 88, "munmap": 264, "mmap_sh_mb": 352.00067138671875}
{"tgid": 10665, "comm": "flux-shell", "shmget": 1, "shmat": 1, "shmdt": 1, "rmid": 1, "get_mb": 0.00390625, "shmopen": 0, "unlink": 0, "mmap_sh": 88, "munmap": 264, "mmap_sh_mb": 352.00067138671875}
{"tgid": 10551, "comm": "flux-shell", "shmget": 1, "shmat": 1, "shmdt": 1, "rmid": 1, "get_mb": 0.00390625, "shmopen": 0, "unlink": 0, "mmap_sh": 88, "munmap": 263, "mmap_sh_mb": 352.00067138671875}
{"tgid": 10910, "comm": "flux-shell", "shmget": 1, "shmat": 1, "shmdt": 1, "rmid": 1, "get_mb": 0.00390625, "shmopen": 0, "unlink": 0, "mmap_sh": 88, "munmap": 264, "mmap_sh_mb": 352.00067138671875}
{"tgid": 10953, "comm": "flux-shell", "shmget": 1, "shmat": 1, "shmdt": 1, "rmid": 1, "get_mb": 0.00390625, "shmopen": 0, "unlink": 0, "mmap_sh": 88, "munmap": 264, "mmap_sh_mb": 352.00067138671875}
{"tgid": 10890, "comm": "flux-shell", "shmget": 1, "shmat": 1, "shmdt": 1, "rmid": 1, "get_mb": 0.00390625, "shmopen": 0, "unlink": 0, "mmap_sh": 88, "munmap": 264, "mmap_sh_mb": 352.00067138671875}
{"tgid": 10900, "comm": "flux-shell", "shmget": 1, "shmat": 1, "shmdt": 1, "rmid": 1, "get_mb": 0.00390625, "shmopen": 0, "unlink": 0, "mmap_sh": 88, "munmap": 263, "mmap_sh_mb": 352.00067138671875}
{"tgid": 10545, "comm": "flux-shell", "shmget": 1, "shmat": 1, "shmdt": 1, "rmid": 1, "get_mb": 0.00390625, "shmopen": 0, "unlink": 0, "mmap_sh": 88, "munmap": 264, "mmap_sh_mb": 352.00067138671875}
{"tgid": 10715, "comm": "flux-shell", "shmget": 1, "shmat": 1, "shmdt": 1, "rmid": 1, "get_mb": 0.00390625, "shmopen": 0, "unlink": 0, "mmap_sh": 88, "munmap": 263, "mmap_sh_mb": 352.00067138671875}
{"tgid": 10703, "comm": "flux-shell", "shmget": 1, "shmat": 1, "shmdt": 1, "rmid": 1, "get_mb": 0.00390625, "shmopen": 0, "unlink": 0, "mmap_sh": 88, "munmap": 264, "mmap_sh_mb": 352.00067138671875}
{"tgid": 10695, "comm": "flux-shell", "shmget": 1, "shmat": 1, "shmdt": 1, "rmid": 1, "get_mb": 0.00390625, "shmopen": 0, "unlink": 0, "mmap_sh": 88, "munmap": 262, "mmap_sh_mb": 352.00067138671875}
{"tgid": 10980, "comm": "flux-shell", "shmget": 1, "shmat": 1, "shmdt": 1, "rmid": 1, "get_mb": 0.00390625, "shmopen": 0, "unlink": 0, "mmap_sh": 88, "munmap": 264, "mmap_sh_mb": 352.00067138671875}

--- Shared Memory Stats Summary at 15:20:50 ---
{"tgid": 10876, "comm": "flux-shell", "shmget": 1, "shmat": 1, "shmdt": 1, "rmid": 1, "get_mb": 0.00390625, "shmopen": 0, "unlink": 0, "mmap_sh": 88, "munmap": 264, "mmap_sh_mb": 352.00067138671875}
{"tgid": 10934, "comm": "flux-shell", "shmget": 1, "shmat": 1, "shmdt": 1, "rmid": 1, "get_mb": 0.00390625, "shmopen": 0, "unlink": 0, "mmap_sh": 88, "munmap": 263, "mmap_sh_mb": 352.00067138671875}
{"tgid": 10902, "comm": "flux-shell", "shmget": 1, "shmat": 1, "shmdt": 1, "rmid": 1, "get_mb": 0.00390625, "shmopen": 0, "unlink": 0, "mmap_sh": 88, "munmap": 263, "mmap_sh_mb": 352.00067138671875}
{"tgid": 10884, "comm": "flux-shell", "shmget": 1, "shmat": 1, "shmdt": 1, "rmid": 1, "get_mb": 0.00390625, "shmopen": 0, "unlink": 0, "mmap_sh": 88, "munmap": 264, "mmap_sh_mb": 352.00067138671875}
{"tgid": 10663, "comm": "flux-shell", "shmget": 1, "shmat": 1, "shmdt": 1, "rmid": 1, "get_mb": 0.00390625, "shmopen": 0, "unlink": 0, "mmap_sh": 88, "munmap": 264, "mmap_sh_mb": 352.00067138671875}
{"tgid": 10579, "comm": "flux-shell", "shmget": 1, "shmat": 1, "shmdt": 1, "rmid": 1, "get_mb": 0.00390625, "shmopen": 0, "unlink": 0, "mmap_sh": 88, "munmap": 264, "mmap_sh_mb": 352.00067138671875}
{"tgid": 10677, "comm": "flux-shell", "shmget": 1, "shmat": 1, "shmdt": 1, "rmid": 1, "get_mb": 0.00390625, "shmopen": 0, "unlink": 0, "mmap_sh": 88, "munmap": 263, "mmap_sh_mb": 352.00067138671875}
{"tgid": 10615, "comm": "flux-shell", "shmget": 1, "shmat": 1, "shmdt": 1, "rmid": 1, "get_mb": 0.00390625, "shmopen": 0, "unlink": 0, "mmap_sh": 88, "munmap": 263, "mmap_sh_mb": 352.00067138671875}
{"tgid": 11016, "comm": "flux-shell", "shmget": 1, "shmat": 1, "shmdt": 1, "rmid": 1, "get_mb": 0.00390625, "shmopen": 0, "unlink": 0, "mmap_sh": 88, "munmap": 264, "mmap_sh_mb": 352.00067138671875}
{"tgid": 10665, "comm": "flux-shell", "shmget": 1, "shmat": 1, "shmdt": 1, "rmid": 1, "get_mb": 0.00390625, "shmopen": 0, "unlink": 0, "mmap_sh": 88, "munmap": 264, "mmap_sh_mb": 352.00067138671875}
{"tgid": 10551, "comm": "flux-shell", "shmget": 1, "shmat": 1, "shmdt": 1, "rmid": 1, "get_mb": 0.00390625, "shmopen": 0, "unlink": 0, "mmap_sh": 88, "munmap": 263, "mmap_sh_mb": 352.00067138671875}
{"tgid": 10910, "comm": "flux-shell", "shmget": 1, "shmat": 1, "shmdt": 1, "rmid": 1, "get_mb": 0.00390625, "shmopen": 0, "unlink": 0, "mmap_sh": 88, "munmap": 264, "mmap_sh_mb": 352.00067138671875}
{"tgid": 10953, "comm": "flux-shell", "shmget": 1, "shmat": 1, "shmdt": 1, "rmid": 1, "get_mb": 0.00390625, "shmopen": 0, "unlink": 0, "mmap_sh": 88, "munmap": 264, "mmap_sh_mb": 352.00067138671875}
{"tgid": 10890, "comm": "flux-shell", "shmget": 1, "shmat": 1, "shmdt": 1, "rmid": 1, "get_mb": 0.00390625, "shmopen": 0, "unlink": 0, "mmap_sh": 88, "munmap": 264, "mmap_sh_mb": 352.00067138671875}
{"tgid": 10900, "comm": "flux-shell", "shmget": 1, "shmat": 1, "shmdt": 1, "rmid": 1, "get_mb": 0.00390625, "shmopen": 0, "unlink": 0, "mmap_sh": 88, "munmap": 263, "mmap_sh_mb": 352.00067138671875}
{"tgid": 10545, "comm": "flux-shell", "shmget": 1, "shmat": 1, "shmdt": 1, "rmid": 1, "get_mb": 0.00390625, "shmopen": 0, "unlink": 0, "mmap_sh": 88, "munmap": 264, "mmap_sh_mb": 352.00067138671875}
{"tgid": 10715, "comm": "flux-shell", "shmget": 1, "shmat": 1, "shmdt": 1, "rmid": 1, "get_mb": 0.00390625, "shmopen": 0, "unlink": 0, "mmap_sh": 88, "munmap": 263, "mmap_sh_mb": 352.00067138671875}
{"tgid": 10703, "comm": "flux-shell", "shmget": 1, "shmat": 1, "shmdt": 1, "rmid": 1, "get_mb": 0.00390625, "shmopen": 0, "unlink": 0, "mmap_sh": 88, "munmap": 264, "mmap_sh_mb": 352.00067138671875}
{"tgid": 10695, "comm": "flux-shell", "shmget": 1, "shmat": 1, "shmdt": 1, "rmid": 1, "get_mb": 0.00390625, "shmopen": 0, "unlink": 0, "mmap_sh": 88, "munmap": 262, "mmap_sh_mb": 352.00067138671875}
{"tgid": 10980, "comm": "flux-shell", "shmget": 1, "shmat": 1, "shmdt": 1, "rmid": 1, "get_mb": 0.00390625, "shmopen": 0, "unlink": 0, "mmap_sh": 88, "munmap": 264, "mmap_sh_mb": 352.00067138671875}
[15:20:50] 
Indicator file '/mnt/flux/stop_ebpf_collection' found. Stopping.
Cleaning up BPF resources...
Cleanup complete.
