unlimited
PROGRAM: futex
Looking for /opt/programs/futex/ebpf-collect.c
[15:15:41] Starting eBPF (Tracepoints for futex syscalls).
[15:15:42] BPF program loaded and tracepoints automatically attached.
[15:15:42] Start Indicator file defined '/mnt/flux/start_ebpf_collection'. Waiting.
[15:16:02] Start indicator found. Proceeding.
[15:16:02] Ring buffers opened. Polling for events...
[15:17:38] 
Indicator file '/mnt/flux/stop_ebpf_collection' found. Stopping.
[15:17:38] Cleaning up BPF resources...
{
  "final_aggregated_futex_summary_river": [
    {
      "tgid": 3855,
      "comm": "kubelet",
      "cgroup_id": 6640,
      "wait_duration_stats_ns": {
        "count": 8705.0,
        "sum": 3638900555140.9883,
        "mean": 418024187.83928645,
        "median": 18352429.745512698,
        "min": 588,
        "max": 99017250951,
        "variance_ns2": 1.4470788597902211e+19,
        "iqr_ns": 41262982.783641234,
        "q1_ns": 2244684.71652237,
        "q3_ns": 43507667.50016361
      },
      "futex_op_counts": {
        "128": 8705
      },
      "first_seen_ts_ns": 271422112742,
      "last_seen_ts_ns": 387749785458
    },
    {
      "tgid": 3671,
      "comm": "containerd",
      "cgroup_id": 6520,
      "wait_duration_stats_ns": {
        "count": 4211.0,
        "sum": 1514056076378.0054,
        "mean": 359547869.00451326,
        "median": 5184029.037567646,
        "min": 588,
        "max": 66654439959,
        "variance_ns2": 1.3978369049755937e+19,
        "iqr_ns": 133444209.8967742,
        "q1_ns": 54283.64130840882,
        "q3_ns": 133498493.53808261
      },
      "futex_op_counts": {
        "128": 4211
      },
      "first_seen_ts_ns": 271441918165,
      "last_seen_ts_ns": 387772904518
    },
    {
      "tgid": 7269,
      "comm": "containerd-shim",
      "cgroup_id": 6520,
      "wait_duration_stats_ns": {
        "count": 772.0,
        "sum": 660805950207.9995,
        "mean": 855966256.7461134,
        "median": 1514531.7928304174,
        "min": 447,
        "max": 16522996759,
        "variance_ns2": 6.202069346068566e+18,
        "iqr_ns": 99361788.81377043,
        "q1_ns": 123683.69633568957,
        "q3_ns": 99485472.51010612
      },
      "futex_op_counts": {
        "128": 772
      },
      "first_seen_ts_ns": 297167513133,
      "last_seen_ts_ns": 387417801323
    },
    {
      "tgid": 7114,
      "comm": "fluent-bit-gke-",
      "cgroup_id": 8539,
      "wait_duration_stats_ns": {
        "count": 304.0,
        "sum": 606500881239.0002,
        "mean": 1995068688.286185,
        "median": 600904272.2988867,
        "min": 610,
        "max": 106722424987,
        "variance_ns2": 6.789603030981063e+19,
        "iqr_ns": 1230395499.3427978,
        "q1_ns": 58229850.33284243,
        "q3_ns": 1288625349.67564
      },
      "futex_op_counts": {
        "128": 304
      },
      "first_seen_ts_ns": 271454887363,
      "last_seen_ts_ns": 387224045547
    },
    {
      "tgid": 3921,
      "comm": "node-problem-de",
      "cgroup_id": 6700,
      "wait_duration_stats_ns": {
        "count": 531.0,
        "sum": 561649801815.9994,
        "mean": 1057720907.3747635,
        "median": 498213029.13506985,
        "min": 1644,
        "max": 38150153823,
        "variance_ns2": 1.6925236325279885e+19,
        "iqr_ns": 798638678.2355921,
        "q1_ns": 2893052.594809749,
        "q3_ns": 801531730.8304019
      },
      "futex_op_counts": {
        "128": 531
      },
      "first_seen_ts_ns": 272783810203,
      "last_seen_ts_ns": 387257049626
    },
    {
      "tgid": 4232,
      "comm": "containerd-shim",
      "cgroup_id": 6520,
      "wait_duration_stats_ns": {
        "count": 123.0,
        "sum": 482964965776.0,
        "mean": 3926544437.203252,
        "median": 2419352524.0485725,
        "min": 1638,
        "max": 30004423482,
        "variance_ns2": 3.93000536964818e+19,
        "iqr_ns": 5082106720.874753,
        "q1_ns": 12475404.711088043,
        "q3_ns": 5094582125.585841
      },
      "futex_op_counts": {
        "128": 123
      },
      "first_seen_ts_ns": 297169654389,
      "last_seen_ts_ns": 387416382670
    },
    {
      "tgid": 6195,
      "comm": "containerd-shim",
      "cgroup_id": 6520,
      "wait_duration_stats_ns": {
        "count": 215.0,
        "sum": 480612962204.0005,
        "mean": 2235409126.530235,
        "median": 26022681.83096753,
        "min": 596,
        "max": 29996221017,
        "variance_ns2": 2.2305795001736405e+19,
        "iqr_ns": 5533914695.161209,
        "q1_ns": 1166990.6019973466,
        "q3_ns": 5535081685.7632065
      },
      "futex_op_counts": {
        "128": 215
      },
      "first_seen_ts_ns": 297166923335,
      "last_seen_ts_ns": 387417241650
    },
    {
      "tgid": 5684,
      "comm": "containerd-shim",
      "cgroup_id": 6520,
      "wait_duration_stats_ns": {
        "count": 299.0,
        "sum": 480562807292.9996,
        "mean": 1607233469.2073565,
        "median": 11082586.844910111,
        "min": 600,
        "max": 30003533380,
        "variance_ns2": 1.5776545855752223e+19,
        "iqr_ns": 2082541835.3975053,
        "q1_ns": 918328.6404945597,
        "q3_ns": 2083460164.0379999
      },
      "futex_op_counts": {
        "128": 299
      },
      "first_seen_ts_ns": 297164499457,
      "last_seen_ts_ns": 387416807669
    },
    {
      "tgid": 7869,
      "comm": "containerd-shim",
      "cgroup_id": 6520,
      "wait_duration_stats_ns": {
        "count": 232.0,
        "sum": 475291590687.99994,
        "mean": 2048670649.5172412,
        "median": 67554480.96184513,
        "min": 3353,
        "max": 59999926829,
        "variance_ns2": 2.83752154170663e+19,
        "iqr_ns": 2316207654.3925033,
        "q1_ns": 4838473.7352578025,
        "q3_ns": 2321046128.127761
      },
      "futex_op_counts": {
        "128": 232
      },
      "first_seen_ts_ns": 297165159244,
      "last_seen_ts_ns": 387772819420
    },
    {
      "tgid": 5763,
      "comm": "containerd-shim",
      "cgroup_id": 6520,
      "wait_duration_stats_ns": {
        "count": 259.0,
        "sum": 463385359665.9999,
        "mean": 1789132662.8030884,
        "median": 5513808.820010271,
        "min": 1087,
        "max": 59990796134,
        "variance_ns2": 2.639936021585799e+19,
        "iqr_ns": 5474490556.94016,
        "q1_ns": 1501021.9158790754,
        "q3_ns": 5475991578.856039
      },
      "futex_op_counts": {
        "128": 259
      },
      "first_seen_ts_ns": 297166357710,
      "last_seen_ts_ns": 387419358771
    },
    {
      "tgid": 6739,
      "comm": "prometheus",
      "cgroup_id": 8302,
      "wait_duration_stats_ns": {
        "count": 4839.0,
        "sum": 449335659870.99976,
        "mean": 92857131.61210988,
        "median": 44348485.408723004,
        "min": 612,
        "max": 41994512777,
        "variance_ns2": 5.272323094310518e+17,
        "iqr_ns": 10156609.617302053,
        "q1_ns": 39986968.26719841,
        "q3_ns": 50143577.88450047
      },
      "futex_op_counts": {
        "128": 4839
      },
      "first_seen_ts_ns": 271447577263,
      "last_seen_ts_ns": 387774808912
    },
    {
      "tgid": 4287,
      "comm": "kube-proxy",
      "cgroup_id": 7373,
      "wait_duration_stats_ns": {
        "count": 286.0,
        "sum": 436430369734.99994,
        "mean": 1525980313.7587411,
        "median": 312054102.1378381,
        "min": 769,
        "max": 31765244284,
        "variance_ns2": 1.4262304221347125e+19,
        "iqr_ns": 1872826999.6642332,
        "q1_ns": 17096208.80572981,
        "q3_ns": 1889923208.469963
      },
      "futex_op_counts": {
        "128": 286
      },
      "first_seen_ts_ns": 271838225457,
      "last_seen_ts_ns": 387450521156
    },
    {
      "tgid": 7037,
      "comm": "config-reloader",
      "cgroup_id": 8460,
      "wait_duration_stats_ns": {
        "count": 55.0,
        "sum": 394389630447.00006,
        "mean": 7170720553.58182,
        "median": 4358707804.599808,
        "min": 2084,
        "max": 60000823377,
        "variance_ns2": 1.516930260778375e+20,
        "iqr_ns": 6226509808.554538,
        "q1_ns": 990744619.5782334,
        "q3_ns": 7217254428.1327715
      },
      "futex_op_counts": {
        "128": 55
      },
      "first_seen_ts_ns": 296599350957,
      "last_seen_ts_ns": 386677164854
    },
    {
      "tgid": 1728,
      "comm": "google_osconfig",
      "cgroup_id": 4234,
      "wait_duration_stats_ns": {
        "count": 98.0,
        "sum": 279621096496.00006,
        "mean": 2853276494.8571434,
        "median": 3347700779.461906,
        "min": 2685,
        "max": 30000545529,
        "variance_ns2": 2.8912307296713163e+19,
        "iqr_ns": 4839865630.122999,
        "q1_ns": 37402068.61265448,
        "q3_ns": 4877267698.735654
      },
      "futex_op_counts": {
        "128": 98
      },
      "first_seen_ts_ns": 294812445531,
      "last_seen_ts_ns": 384848627140
    },
    {
      "tgid": 7179,
      "comm": "main",
      "cgroup_id": 8618,
      "wait_duration_stats_ns": {
        "count": 86.0,
        "sum": 256809850261.0001,
        "mean": 2986161049.5465126,
        "median": 3150964966.3220754,
        "min": 8095,
        "max": 59984525335,
        "variance_ns2": 4.452473440821847e+19,
        "iqr_ns": 4864367318.344881,
        "q1_ns": 18891911.13561479,
        "q3_ns": 4883259229.480495
      },
      "futex_op_counts": {
        "128": 86
      },
      "first_seen_ts_ns": 295270320299,
      "last_seen_ts_ns": 386271268243
    },
    {
      "tgid": 5952,
      "comm": "main",
      "cgroup_id": 7907,
      "wait_duration_stats_ns": {
        "count": 165.0,
        "sum": 249751270874.00006,
        "mean": 1513644065.9030306,
        "median": 120622486.62044525,
        "min": 18113,
        "max": 59937350135,
        "variance_ns2": 2.525825686268675e+19,
        "iqr_ns": 3119759855.391571,
        "q1_ns": 6538874.837028223,
        "q3_ns": 3126298730.228599
      },
      "futex_op_counts": {
        "128": 165
      },
      "first_seen_ts_ns": 293614420346,
      "last_seen_ts_ns": 383626253560
    },
    {
      "tgid": 2762,
      "comm": "dockerd",
      "cgroup_id": 6400,
      "wait_duration_stats_ns": {
        "count": 26.0,
        "sum": 199855262483.0,
        "mean": 7686740864.730769,
        "median": 9820563685.880625,
        "min": 6476290,
        "max": 10002812972,
        "variance_ns2": 1.8265170075487982e+19,
        "iqr_ns": 2866058242.4748507,
        "q1_ns": 7129551708.8275,
        "q3_ns": 9995609951.302351
      },
      "futex_op_counts": {
        "128": 26
      },
      "first_seen_ts_ns": 292382056503,
      "last_seen_ts_ns": 382388068702
    },
    {
      "tgid": 1727,
      "comm": "google_guest_ag",
      "cgroup_id": 4174,
      "wait_duration_stats_ns": {
        "count": 74.0,
        "sum": 190258490695.99988,
        "mean": 2571060685.0810795,
        "median": 3583028931.1732116,
        "min": 2975,
        "max": 5004476368,
        "variance_ns2": 5.327559450818699e+18,
        "iqr_ns": 4533490222.4766445,
        "q1_ns": 291741867.9642474,
        "q3_ns": 4825232090.440892
      },
      "futex_op_counts": {
        "128": 74
      },
      "first_seen_ts_ns": 295093753900,
      "last_seen_ts_ns": 385136702888
    },
    {
      "tgid": 7354,
      "comm": "csi-node-driver",
      "cgroup_id": 8855,
      "wait_duration_stats_ns": {
        "count": 18.0,
        "sum": 120001414105.0,
        "mean": 6666745228.055555,
        "median": 45956.292667128575,
        "min": 2360,
        "max": 60000142480,
        "variance_ns2": 3.7647096943586836e+20,
        "iqr_ns": 105000.45334609174,
        "q1_ns": 13155.242649281936,
        "q3_ns": 118155.69599537368
      },
      "futex_op_counts": {
        "128": 18
      },
      "first_seen_ts_ns": 272394864871,
      "last_seen_ts_ns": 332396358083
    },
    {
      "tgid": 5914,
      "comm": "otelsvc",
      "cgroup_id": 7828,
      "wait_duration_stats_ns": {
        "count": 309.0,
        "sum": 98313016843.0,
        "mean": 318165103.0517799,
        "median": 470420027.4762392,
        "min": 27511,
        "max": 2006171135,
        "variance_ns2": 5.644125160005503e+16,
        "iqr_ns": 428373202.88944614,
        "q1_ns": 65053566.82561318,
        "q3_ns": 493426769.71505934
      },
      "futex_op_counts": {
        "128": 309
      },
      "first_seen_ts_ns": 271586455382,
      "last_seen_ts_ns": 387586219749
    },
    {
      "tgid": 7679,
      "comm": "gce-pd-csi-driv",
      "cgroup_id": 8934,
      "wait_duration_stats_ns": {
        "count": 172.0,
        "sum": 96078845243.99997,
        "mean": 558597937.4651161,
        "median": 589958518.3651178,
        "min": 23381723,
        "max": 599903189,
        "variance_ns2": 1.1759546871132342e+16,
        "iqr_ns": 80110.86369049549,
        "q1_ns": 589852794.261409,
        "q3_ns": 589932905.1250995
      },
      "futex_op_counts": {
        "128": 172
      },
      "first_seen_ts_ns": 272261480724,
      "last_seen_ts_ns": 387461486170
    },
    {
      "tgid": 9439,
      "comm": "log-counter",
      "cgroup_id": 6700,
      "wait_duration_stats_ns": {
        "count": 1041.0,
        "sum": 15702924287.000002,
        "mean": 15084461.370797312,
        "median": 220763.48265224101,
        "min": 509,
        "max": 1065501224,
        "variance_ns2": 1.4371714307761062e+16,
        "iqr_ns": 2348274.402283479,
        "q1_ns": 45308.066231555626,
        "q3_ns": 2393582.4685150348
      },
      "futex_op_counts": {
        "128": 1041
      },
      "first_seen_ts_ns": 342795753602,
      "last_seen_ts_ns": 343861455149
    },
    {
      "tgid": 9466,
      "comm": "log-counter",
      "cgroup_id": 6700,
      "wait_duration_stats_ns": {
        "count": 908.0,
        "sum": 15527526615.999998,
        "mean": 17100800.23788546,
        "median": 250456.9229674101,
        "min": 525,
        "max": 1052567818,
        "variance_ns2": 1.6392430877102556e+16,
        "iqr_ns": 2670938.2209273106,
        "q1_ns": 35030.64251202932,
        "q3_ns": 2705968.86343934
      },
      "futex_op_counts": {
        "128": 908
      },
      "first_seen_ts_ns": 343864488656,
      "last_seen_ts_ns": 344917234823
    },
    {
      "tgid": 9405,
      "comm": "log-counter",
      "cgroup_id": 6700,
      "wait_duration_stats_ns": {
        "count": 501.0,
        "sum": 14231503628.0,
        "mean": 28406194.866267465,
        "median": 641061.5164885409,
        "min": 465,
        "max": 1027093647,
        "variance_ns2": 2.4498561198870588e+16,
        "iqr_ns": 6589223.917332418,
        "q1_ns": 86092.09867551146,
        "q3_ns": 6675316.01600793
      },
      "futex_op_counts": {
        "128": 501
      },
      "first_seen_ts_ns": 341789491634,
      "last_seen_ts_ns": 342816741929
    },
    {
      "tgid": 9432,
      "comm": "log-counter",
      "cgroup_id": 6700,
      "wait_duration_stats_ns": {
        "count": 20.0,
        "sum": 5000834976.0,
        "mean": 250041748.79999998,
        "median": 44456364.40027533,
        "min": 17546,
        "max": 1003227465,
        "variance_ns2": 1.7324897238999987e+17,
        "iqr_ns": 278527598.9976866,
        "q1_ns": 2232459.6247247164,
        "q3_ns": 280760058.6224114
      },
      "futex_op_counts": {
        "128": 20
      },
      "first_seen_ts_ns": 341843723147,
      "last_seen_ts_ns": 342847145595
    },
    {
      "tgid": 9406,
      "comm": "log-counter",
      "cgroup_id": 6700,
      "wait_duration_stats_ns": {
        "count": 21.0,
        "sum": 5000588077.0,
        "mean": 238123241.76190478,
        "median": 51260030.79839506,
        "min": 9100,
        "max": 1003110931,
        "variance_ns2": 1.662193500865291e+17,
        "iqr_ns": 224426971.03709358,
        "q1_ns": 5092347.964911083,
        "q3_ns": 229519319.00200465
      },
      "futex_op_counts": {
        "128": 21
      },
      "first_seen_ts_ns": 341789490555,
      "last_seen_ts_ns": 342792769685
    },
    {
      "tgid": 9459,
      "comm": "log-counter",
      "cgroup_id": 6700,
      "wait_duration_stats_ns": {
        "count": 17.0,
        "sum": 4998793064.0,
        "mean": 294046650.8235294,
        "median": 27970996.272367343,
        "min": 16321,
        "max": 1002759162,
        "variance_ns2": 2.1976139256908925e+17,
        "iqr_ns": 341779047.78300697,
        "q1_ns": 7607382.218906603,
        "q3_ns": 349386430.00191355
      },
      "futex_op_counts": {
        "128": 17
      },
      "first_seen_ts_ns": 342880806708,
      "last_seen_ts_ns": 343883706837
    },
    {
      "tgid": 9108,
      "comm": "runc",
      "cgroup_id": 6520,
      "wait_duration_stats_ns": {
        "count": 303.0,
        "sum": 818988492.0,
        "mean": 2702932.3168316833,
        "median": 91385.38710748326,
        "min": 8799,
        "max": 135811361,
        "variance_ns2": 275486956945843.6,
        "iqr_ns": 388387.90394813125,
        "q1_ns": 21480.11270895224,
        "q3_ns": 409868.01665708347
      },
      "futex_op_counts": {
        "128": 303
      },
      "first_seen_ts_ns": 307914597480,
      "last_seen_ts_ns": 308053497425
    },
    {
      "tgid": 9129,
      "comm": "runc",
      "cgroup_id": 6520,
      "wait_duration_stats_ns": {
        "count": 337.0,
        "sum": 751675070.9999999,
        "mean": 2230489.8249258157,
        "median": 117583.52151230449,
        "min": 8317,
        "max": 101744553,
        "variance_ns2": 158491972417490.25,
        "iqr_ns": 3806088.0601538364,
        "q1_ns": 22550.288652520878,
        "q3_ns": 3828638.3488063575
      },
      "futex_op_counts": {
        "128": 337
      },
      "first_seen_ts_ns": 317919163350,
      "last_seen_ts_ns": 318033283798
    },
    {
      "tgid": 9506,
      "comm": "runc",
      "cgroup_id": 6520,
      "wait_duration_stats_ns": {
        "count": 341.0,
        "sum": 669821891.0,
        "mean": 1964287.0703812316,
        "median": 67240.73373123977,
        "min": 621,
        "max": 111504165,
        "variance_ns2": 158269545715465.0,
        "iqr_ns": 325426.10618257016,
        "q1_ns": 20327.802476339086,
        "q3_ns": 345753.90865890926
      },
      "futex_op_counts": {
        "128": 341
      },
      "first_seen_ts_ns": 357918138450,
      "last_seen_ts_ns": 358032628208
    },
    {
      "tgid": 9551,
      "comm": "runc",
      "cgroup_id": 6520,
      "wait_duration_stats_ns": {
        "count": 300.0,
        "sum": 601599082.0,
        "mean": 2005330.2733333334,
        "median": 82819.27665195201,
        "min": 734,
        "max": 85272285,
        "variance_ns2": 100449920956017.39,
        "iqr_ns": 618464.8051559767,
        "q1_ns": 25465.943383297174,
        "q3_ns": 643930.7485392739
      },
      "futex_op_counts": {
        "128": 300
      },
      "first_seen_ts_ns": 377914112159,
      "last_seen_ts_ns": 378003907903
    },
    {
      "tgid": 9526,
      "comm": "runc",
      "cgroup_id": 6520,
      "wait_duration_stats_ns": {
        "count": 277.0,
        "sum": 594557046.0,
        "mean": 2146415.3285198556,
        "median": 85430.23329789995,
        "min": 5426,
        "max": 98514583,
        "variance_ns2": 141045440761756.7,
        "iqr_ns": 484533.1141865396,
        "q1_ns": 23109.2715877045,
        "q3_ns": 507642.3857742441
      },
      "futex_op_counts": {
        "128": 277
      },
      "first_seen_ts_ns": 367915158350,
      "last_seen_ts_ns": 368016500406
    },
    {
      "tgid": 9149,
      "comm": "runc",
      "cgroup_id": 6520,
      "wait_duration_stats_ns": {
        "count": 238.0,
        "sum": 542990151.0,
        "mean": 2281471.222689076,
        "median": 110162.48318481896,
        "min": 2076,
        "max": 81572995,
        "variance_ns2": 121744321569569.66,
        "iqr_ns": 489826.7181371828,
        "q1_ns": 24798.90781258275,
        "q3_ns": 514625.62594976556
      },
      "futex_op_counts": {
        "128": 238
      },
      "first_seen_ts_ns": 327917018625,
      "last_seen_ts_ns": 328001509868
    },
    {
      "tgid": 9202,
      "comm": "runc",
      "cgroup_id": 6520,
      "wait_duration_stats_ns": {
        "count": 288.0,
        "sum": 532234596.99999994,
        "mean": 1848036.7951388888,
        "median": 104201.01566433108,
        "min": 7755,
        "max": 76250738,
        "variance_ns2": 62621396514543.77,
        "iqr_ns": 698954.3577860184,
        "q1_ns": 24844.301713250654,
        "q3_ns": 723798.6594992691
      },
      "futex_op_counts": {
        "128": 288
      },
      "first_seen_ts_ns": 337915144293,
      "last_seen_ts_ns": 337994412764
    },
    {
      "tgid": 9118,
      "comm": "runc:[2:INIT]",
      "cgroup_id": 8855,
      "wait_duration_stats_ns": {
        "count": 29.0,
        "sum": 439838324.0,
        "mean": 15166838.75862069,
        "median": 4038294.13907097,
        "min": 627,
        "max": 90829972,
        "variance_ns2": 898811266968187.6,
        "iqr_ns": 17589763.944859672,
        "q1_ns": 736328.897621933,
        "q3_ns": 18326092.842481606
      },
      "futex_op_counts": {
        "128": 29
      },
      "first_seen_ts_ns": 307939114153,
      "last_seen_ts_ns": 308053492232
    },
    {
      "tgid": 9516,
      "comm": "runc:[2:INIT]",
      "cgroup_id": 8855,
      "wait_duration_stats_ns": {
        "count": 27.0,
        "sum": 426700034.9999998,
        "mean": 15803704.999999994,
        "median": 3185102.710253112,
        "min": 26622,
        "max": 72889627,
        "variance_ns2": 585249178133933.9,
        "iqr_ns": 13679513.0388932,
        "q1_ns": 2069304.2334850808,
        "q3_ns": 15748817.27237828
      },
      "futex_op_counts": {
        "128": 27
      },
      "first_seen_ts_ns": 357940307122,
      "last_seen_ts_ns": 358032692786
    },
    {
      "tgid": 9537,
      "comm": "runc:[2:INIT]",
      "cgroup_id": 8855,
      "wait_duration_stats_ns": {
        "count": 35.0,
        "sum": 359226242.99999994,
        "mean": 10263606.94285714,
        "median": 2046074.365641899,
        "min": 532,
        "max": 57944072,
        "variance_ns2": 272445079036179.12,
        "iqr_ns": 13686153.204138672,
        "q1_ns": 123596.59188246528,
        "q3_ns": 13809749.796021137
      },
      "futex_op_counts": {
        "128": 35
      },
      "first_seen_ts_ns": 367939353226,
      "last_seen_ts_ns": 368016545044
    },
    {
      "tgid": 9140,
      "comm": "runc:[2:INIT]",
      "cgroup_id": 8855,
      "wait_duration_stats_ns": {
        "count": 30.0,
        "sum": 290980958.0,
        "mean": 9699365.266666666,
        "median": 1211687.8495177813,
        "min": 3039,
        "max": 56026678,
        "variance_ns2": 261203084754433.53,
        "iqr_ns": 7367111.635106676,
        "q1_ns": 256950.71766042596,
        "q3_ns": 7624062.352767102
      },
      "futex_op_counts": {
        "128": 30
      },
      "first_seen_ts_ns": 317961019023,
      "last_seen_ts_ns": 318032966002
    },
    {
      "tgid": 9563,
      "comm": "runc:[2:INIT]",
      "cgroup_id": 8855,
      "wait_duration_stats_ns": {
        "count": 48.0,
        "sum": 224872866.00000006,
        "mean": 4684851.375000001,
        "median": 391868.835914009,
        "min": 898,
        "max": 33387166,
        "variance_ns2": 84178589377192.02,
        "iqr_ns": 4849091.185931153,
        "q1_ns": 78660.61573560712,
        "q3_ns": 4927751.80166676
      },
      "futex_op_counts": {
        "128": 48
      },
      "first_seen_ts_ns": 377950239181,
      "last_seen_ts_ns": 378003017582
    },
    {
      "tgid": 9086,
      "comm": "runc",
      "cgroup_id": 6520,
      "wait_duration_stats_ns": {
        "count": 335.0,
        "sum": 208266129.99999997,
        "mean": 621689.9402985073,
        "median": 38419.52774874657,
        "min": 654,
        "max": 31068078,
        "variance_ns2": 14975125459226.764,
        "iqr_ns": 124469.85849526242,
        "q1_ns": 16646.025929503056,
        "q3_ns": 141115.88442476548
      },
      "futex_op_counts": {
        "128": 335
      },
      "first_seen_ts_ns": 297911664894,
      "last_seen_ts_ns": 297945527641
    },
    {
      "tgid": 9160,
      "comm": "runc:[2:INIT]",
      "cgroup_id": 8855,
      "wait_duration_stats_ns": {
        "count": 24.0,
        "sum": 206147452.0,
        "mean": 8589477.166666666,
        "median": 1518274.9082966244,
        "min": 16911,
        "max": 38087635,
        "variance_ns2": 177874564658554.2,
        "iqr_ns": 9893627.319440162,
        "q1_ns": 346815.19353466836,
        "q3_ns": 10240442.51297483
      },
      "futex_op_counts": {
        "128": 24
      },
      "first_seen_ts_ns": 327943458825,
      "last_seen_ts_ns": 328000524363
    },
    {
      "tgid": 9484,
      "comm": "runc",
      "cgroup_id": 6520,
      "wait_duration_stats_ns": {
        "count": 384.0,
        "sum": 190346017.0,
        "mean": 495692.7526041666,
        "median": 28822.480794594165,
        "min": 733,
        "max": 32999870,
        "variance_ns2": 12328075981679.904,
        "iqr_ns": 91604.1535060745,
        "q1_ns": 16864.40659523172,
        "q3_ns": 108468.56010130621
      },
      "futex_op_counts": {
        "128": 384
      },
      "first_seen_ts_ns": 347911401721,
      "last_seen_ts_ns": 347947339636
    },
    {
      "tgid": 9214,
      "comm": "runc:[2:INIT]",
      "cgroup_id": 8855,
      "wait_duration_stats_ns": {
        "count": 28.0,
        "sum": 178394888.99999997,
        "mean": 6371246.0357142845,
        "median": 4519569.845490376,
        "min": 19245,
        "max": 23587118,
        "variance_ns2": 57429016660941.07,
        "iqr_ns": 10039084.535566935,
        "q1_ns": 332930.0722904246,
        "q3_ns": 10372014.60785736
      },
      "futex_op_counts": {
        "128": 28
      },
      "first_seen_ts_ns": 337959024095,
      "last_seen_ts_ns": 337994341037
    },
    {
      "tgid": 9495,
      "comm": "runc:[2:INIT]",
      "cgroup_id": 8855,
      "wait_duration_stats_ns": {
        "count": 29.0,
        "sum": 121775358.0,
        "mean": 4199150.275862069,
        "median": 915740.3152665173,
        "min": 592,
        "max": 15330144,
        "variance_ns2": 34512258739764.78,
        "iqr_ns": 7219378.373971575,
        "q1_ns": 88995.9191061567,
        "q3_ns": 7308374.2930777315
      },
      "futex_op_counts": {
        "128": 29
      },
      "first_seen_ts_ns": 347919293180,
      "last_seen_ts_ns": 347947312219
    },
    {
      "tgid": 9097,
      "comm": "runc:[2:INIT]",
      "cgroup_id": 8855,
      "wait_duration_stats_ns": {
        "count": 32.0,
        "sum": 110878117.00000001,
        "mean": 3464941.1562500005,
        "median": 377289.77632819046,
        "min": 531,
        "max": 15424629,
        "variance_ns2": 28791820979643.16,
        "iqr_ns": 5068232.097457656,
        "q1_ns": 42124.071111111116,
        "q3_ns": 5110356.168568767
      },
      "futex_op_counts": {
        "128": 32
      },
      "first_seen_ts_ns": 297919552843,
      "last_seen_ts_ns": 297945476784
    },
    {
      "tgid": 9160,
      "comm": "csi-node-driver",
      "cgroup_id": 8855,
      "wait_duration_stats_ns": {
        "count": 19.0,
        "sum": 15692615.0,
        "mean": 825927.1052631579,
        "median": 164382.77549027733,
        "min": 14873,
        "max": 4454665,
        "variance_ns2": 1511295576358.3215,
        "iqr_ns": 794009.5591406845,
        "q1_ns": 29275.243809523807,
        "q3_ns": 823284.8029502083
      },
      "futex_op_counts": {
        "128": 19
      },
      "first_seen_ts_ns": 328005501450,
      "last_seen_ts_ns": 328010014393
    },
    {
      "tgid": 9214,
      "comm": "csi-node-driver",
      "cgroup_id": 8855,
      "wait_duration_stats_ns": {
        "count": 20.0,
        "sum": 15215220.0,
        "mean": 760761.0,
        "median": 492283.2218459356,
        "min": 14825,
        "max": 3566171,
        "variance_ns2": 1140343108728.842,
        "iqr_ns": 1467106.255320572,
        "q1_ns": 28923.083333333332,
        "q3_ns": 1496029.3386539053
      },
      "futex_op_counts": {
        "128": 20
      },
      "first_seen_ts_ns": 338003393238,
      "last_seen_ts_ns": 338007711440
    },
    {
      "tgid": 9516,
      "comm": "csi-node-driver",
      "cgroup_id": 8855,
      "wait_duration_stats_ns": {
        "count": 14.0,
        "sum": 11891175.0,
        "mean": 849369.6428571428,
        "median": 93776.65407407409,
        "min": 2666,
        "max": 4792785,
        "variance_ns2": 1984302754345.0166,
        "iqr_ns": 1079636.5627083331,
        "q1_ns": 26573.212291666663,
        "q3_ns": 1106209.775
      },
      "futex_op_counts": {
        "128": 14
      },
      "first_seen_ts_ns": 358038219998,
      "last_seen_ts_ns": 358043015032
    },
    {
      "tgid": 9537,
      "comm": "csi-node-driver",
      "cgroup_id": 8855,
      "wait_duration_stats_ns": {
        "count": 17.0,
        "sum": 11625846.999999998,
        "mean": 683873.3529411764,
        "median": 154668.4924490345,
        "min": 19013,
        "max": 5538003,
        "variance_ns2": 1786882219589.743,
        "iqr_ns": 814743.7408464828,
        "q1_ns": 61675.55562267295,
        "q3_ns": 876419.2964691558
      },
      "futex_op_counts": {
        "128": 17
      },
      "first_seen_ts_ns": 368025484597,
      "last_seen_ts_ns": 368031013966
    },
    {
      "tgid": 9563,
      "comm": "csi-node-driver",
      "cgroup_id": 8855,
      "wait_duration_stats_ns": {
        "count": 24.0,
        "sum": 10759513.999999996,
        "mean": 448313.0833333332,
        "median": 117279.87755707245,
        "min": 12781,
        "max": 1713539,
        "variance_ns2": 334826920480.60144,
        "iqr_ns": 450863.1665533818,
        "q1_ns": 49169.605177989244,
        "q3_ns": 500032.771731371
      },
      "futex_op_counts": {
        "128": 24
      },
      "first_seen_ts_ns": 378008844560,
      "last_seen_ts_ns": 378012606526
    },
    {
      "tgid": 9118,
      "comm": "csi-node-driver",
      "cgroup_id": 8855,
      "wait_duration_stats_ns": {
        "count": 24.0,
        "sum": 9442761.0,
        "mean": 393448.375,
        "median": 112015.2048728601,
        "min": 12695,
        "max": 1650814,
        "variance_ns2": 286950373644.59235,
        "iqr_ns": 480296.5481774951,
        "q1_ns": 27668.740508116047,
        "q3_ns": 507965.2886856111
      },
      "futex_op_counts": {
        "128": 24
      },
      "first_seen_ts_ns": 308060262038,
      "last_seen_ts_ns": 308063550387
    },
    {
      "tgid": 9495,
      "comm": "csi-node-driver",
      "cgroup_id": 8855,
      "wait_duration_stats_ns": {
        "count": 23.0,
        "sum": 9174395.0,
        "mean": 398886.7391304348,
        "median": 73016.34692639363,
        "min": 10083,
        "max": 1825958,
        "variance_ns2": 296781156072.4743,
        "iqr_ns": 509438.3932165628,
        "q1_ns": 30786.060366843034,
        "q3_ns": 540224.4535834058
      },
      "futex_op_counts": {
        "128": 23
      },
      "first_seen_ts_ns": 347948921292,
      "last_seen_ts_ns": 347952106999
    },
    {
      "tgid": 9097,
      "comm": "csi-node-driver",
      "cgroup_id": 8855,
      "wait_duration_stats_ns": {
        "count": 19.0,
        "sum": 8331956.000000001,
        "mean": 438524.00000000006,
        "median": 130865.71158854167,
        "min": 2426,
        "max": 1691683,
        "variance_ns2": 287398561797.55554,
        "iqr_ns": 706070.3776397156,
        "q1_ns": 28233.006220238098,
        "q3_ns": 734303.3838599536
      },
      "futex_op_counts": {
        "128": 19
      },
      "first_seen_ts_ns": 297946946719,
      "last_seen_ts_ns": 297949932592
    },
    {
      "tgid": 9140,
      "comm": "csi-node-driver",
      "cgroup_id": 8855,
      "wait_duration_stats_ns": {
        "count": 12.0,
        "sum": 3362642.0,
        "mean": 280220.1666666667,
        "median": 41619.46944444444,
        "min": 23074,
        "max": 1727942,
        "variance_ns2": 324393256535.42426,
        "iqr_ns": 296976.05180555553,
        "q1_ns": 32195.493333333336,
        "q3_ns": 329171.5451388889
      },
      "futex_op_counts": {
        "128": 12
      },
      "first_seen_ts_ns": 318035328309,
      "last_seen_ts_ns": 318038548562
    },
    {
      "tgid": 8693,
      "comm": "flux-broker-41",
      "cgroup_id": 9336,
      "wait_duration_stats_ns": {
        "count": 276.0,
        "sum": 2783245.9999999995,
        "mean": 10084.224637681158,
        "median": 946.5704616636393,
        "min": 390,
        "max": 1270083,
        "variance_ns2": 6057120994.16026,
        "iqr_ns": 4513.277505898641,
        "q1_ns": 520.6848690860814,
        "q3_ns": 5033.962374984722
      },
      "futex_op_counts": {
        "128": 276
      },
      "first_seen_ts_ns": 291624154085,
      "last_seen_ts_ns": 387767100455
    },
    {
      "tgid": 8693,
      "comm": "ZMQbg/Reaper",
      "cgroup_id": 9336,
      "wait_duration_stats_ns": {
        "count": 1.0,
        "sum": 35364.0,
        "mean": 35364.0,
        "median": 35364.0,
        "min": 35364,
        "max": 35364,
        "variance_ns2": null,
        "iqr_ns": 0.0,
        "q1_ns": 35364.0,
        "q3_ns": 35364.0
      },
      "futex_op_counts": {
        "128": 1
      },
      "first_seen_ts_ns": 387769734005,
      "last_seen_ts_ns": 387769734005
    },
    {
      "tgid": 8693,
      "comm": "ZMQbg/IO/0",
      "cgroup_id": 9336,
      "wait_duration_stats_ns": {
        "count": 13.0,
        "sum": 11889.000000000002,
        "mean": 914.5384615384617,
        "median": 548.0,
        "min": 472,
        "max": 2390,
        "variance_ns2": 548636.4358974359,
        "iqr_ns": 284.95833333333326,
        "q1_ns": 495.70833333333337,
        "q3_ns": 780.6666666666666
      },
      "futex_op_counts": {
        "128": 13
      },
      "first_seen_ts_ns": 339517563005,
      "last_seen_ts_ns": 383520100598
    },
    {
      "tgid": 9302,
      "comm": "lmp",
      "cgroup_id": 9336,
      "wait_duration_stats_ns": {
        "count": 1.0,
        "sum": 8796.0,
        "mean": 8796.0,
        "median": 8796.0,
        "min": 8796,
        "max": 8796,
        "variance_ns2": null,
        "iqr_ns": 0.0,
        "q1_ns": 8796.0,
        "q3_ns": 8796.0
      },
      "futex_op_counts": {
        "128": 1
      },
      "first_seen_ts_ns": 383493353284,
      "last_seen_ts_ns": 383493353284
    },
    {
      "tgid": 9054,
      "comm": "lmp",
      "cgroup_id": 9336,
      "wait_duration_stats_ns": {
        "count": 1.0,
        "sum": 8236.0,
        "mean": 8236.0,
        "median": 8236.0,
        "min": 8236,
        "max": 8236,
        "variance_ns2": null,
        "iqr_ns": 0.0,
        "q1_ns": 8236.0,
        "q3_ns": 8236.0
      },
      "futex_op_counts": {
        "128": 1
      },
      "first_seen_ts_ns": 339495574570,
      "last_seen_ts_ns": 339495574570
    },
    {
      "tgid": 8934,
      "comm": "lmp",
      "cgroup_id": 9336,
      "wait_duration_stats_ns": {
        "count": 1.0,
        "sum": 7977.0,
        "mean": 7977.0,
        "median": 7977.0,
        "min": 7977,
        "max": 7977,
        "variance_ns2": null,
        "iqr_ns": 0.0,
        "q1_ns": 7977.0,
        "q3_ns": 7977.0
      },
      "futex_op_counts": {
        "128": 1
      },
      "first_seen_ts_ns": 339494701347,
      "last_seen_ts_ns": 339494701347
    },
    {
      "tgid": 8960,
      "comm": "lmp",
      "cgroup_id": 9336,
      "wait_duration_stats_ns": {
        "count": 1.0,
        "sum": 7813.0,
        "mean": 7813.0,
        "median": 7813.0,
        "min": 7813,
        "max": 7813,
        "variance_ns2": null,
        "iqr_ns": 0.0,
        "q1_ns": 7813.0,
        "q3_ns": 7813.0
      },
      "futex_op_counts": {
        "128": 1
      },
      "first_seen_ts_ns": 339493638173,
      "last_seen_ts_ns": 339493638173
    },
    {
      "tgid": 8908,
      "comm": "lmp",
      "cgroup_id": 9336,
      "wait_duration_stats_ns": {
        "count": 1.0,
        "sum": 7778.0,
        "mean": 7778.0,
        "median": 7778.0,
        "min": 7778,
        "max": 7778,
        "variance_ns2": null,
        "iqr_ns": 0.0,
        "q1_ns": 7778.0,
        "q3_ns": 7778.0
      },
      "futex_op_counts": {
        "128": 1
      },
      "first_seen_ts_ns": 339496162940,
      "last_seen_ts_ns": 339496162940
    },
    {
      "tgid": 8956,
      "comm": "lmp",
      "cgroup_id": 9336,
      "wait_duration_stats_ns": {
        "count": 1.0,
        "sum": 7732.0,
        "mean": 7732.0,
        "median": 7732.0,
        "min": 7732,
        "max": 7732,
        "variance_ns2": null,
        "iqr_ns": 0.0,
        "q1_ns": 7732.0,
        "q3_ns": 7732.0
      },
      "futex_op_counts": {
        "128": 1
      },
      "first_seen_ts_ns": 339494877712,
      "last_seen_ts_ns": 339494877712
    },
    {
      "tgid": 8896,
      "comm": "lmp",
      "cgroup_id": 9336,
      "wait_duration_stats_ns": {
        "count": 1.0,
        "sum": 7122.0,
        "mean": 7122.0,
        "median": 7122.0,
        "min": 7122,
        "max": 7122,
        "variance_ns2": null,
        "iqr_ns": 0.0,
        "q1_ns": 7122.0,
        "q3_ns": 7122.0
      },
      "futex_op_counts": {
        "128": 1
      },
      "first_seen_ts_ns": 339496383742,
      "last_seen_ts_ns": 339496383742
    },
    {
      "tgid": 9317,
      "comm": "lmp",
      "cgroup_id": 9336,
      "wait_duration_stats_ns": {
        "count": 1.0,
        "sum": 6724.0,
        "mean": 6724.0,
        "median": 6724.0,
        "min": 6724,
        "max": 6724,
        "variance_ns2": null,
        "iqr_ns": 0.0,
        "q1_ns": 6724.0,
        "q3_ns": 6724.0
      },
      "futex_op_counts": {
        "128": 1
      },
      "first_seen_ts_ns": 383488350422,
      "last_seen_ts_ns": 383488350422
    },
    {
      "tgid": 845,
      "comm": "multipathd",
      "cgroup_id": 1702,
      "wait_duration_stats_ns": {
        "count": 2.0,
        "sum": 6394.0,
        "mean": 3197.0,
        "median": 3595.0,
        "min": 2799,
        "max": 3595,
        "variance_ns2": 316808.0,
        "iqr_ns": 796.0,
        "q1_ns": 2799.0,
        "q3_ns": 3595.0
      },
      "futex_op_counts": {
        "128": 2
      },
      "first_seen_ts_ns": 357559296553,
      "last_seen_ts_ns": 375560313568
    }
  ]
}
[15:17:39] Cleanup complete.
