unlimited
PROGRAM: futex
Looking for /opt/programs/futex/ebpf-collect.c
[15:15:37] Starting eBPF (Tracepoints for futex syscalls).
[15:15:37] BPF program loaded and tracepoints automatically attached.
[15:15:37] Start Indicator file defined '/mnt/flux/start_ebpf_collection'. Waiting.
[15:16:02] Start indicator found. Proceeding.
[15:16:02] Ring buffers opened. Polling for events...
[15:17:38] 
Indicator file '/mnt/flux/stop_ebpf_collection' found. Stopping.
[15:17:38] Cleaning up BPF resources...
{
  "final_aggregated_futex_summary_river": [
    {
      "tgid": 3884,
      "comm": "kubelet",
      "cgroup_id": 6640,
      "wait_duration_stats_ns": {
        "count": 9052.0,
        "sum": 2404230376703.991,
        "mean": 265602118.50463888,
        "median": 18328342.629910927,
        "min": 528,
        "max": 36510275415,
        "variance_ns2": 5.299552912876514e+18,
        "iqr_ns": 39121489.27267944,
        "q1_ns": 1817709.0000214165,
        "q3_ns": 40939198.27270085
      },
      "futex_op_counts": {
        "128": 9052
      },
      "first_seen_ts_ns": 266820616635,
      "last_seen_ts_ns": 387767698323
    },
    {
      "tgid": 3694,
      "comm": "containerd",
      "cgroup_id": 6520,
      "wait_duration_stats_ns": {
        "count": 4137.0,
        "sum": 1640363270506.9983,
        "mean": 396510338.5320276,
        "median": 790701.2445546152,
        "min": 584,
        "max": 59996238892,
        "variance_ns2": 1.2404452155500745e+19,
        "iqr_ns": 112675178.48421866,
        "q1_ns": 55355.570454655,
        "q3_ns": 112730534.05467331
      },
      "futex_op_counts": {
        "128": 4137
      },
      "first_seen_ts_ns": 266889544847,
      "last_seen_ts_ns": 387785965592
    },
    {
      "tgid": 7173,
      "comm": "kube-dns",
      "cgroup_id": 8453,
      "wait_duration_stats_ns": {
        "count": 361.0,
        "sum": 1126599898323.0007,
        "mean": 3120775341.61496,
        "median": 778114844.7464434,
        "min": 937,
        "max": 91688135068,
        "variance_ns2": 1.724400009526696e+20,
        "iqr_ns": 1141229783.8725693,
        "q1_ns": 85913527.50497101,
        "q3_ns": 1227143311.3775403
      },
      "futex_op_counts": {
        "128": 361
      },
      "first_seen_ts_ns": 266857546284,
      "last_seen_ts_ns": 386625901313
    },
    {
      "tgid": 7363,
      "comm": "sidecar",
      "cgroup_id": 8690,
      "wait_duration_stats_ns": {
        "count": 490.0,
        "sum": 947351375690.0001,
        "mean": 1933370154.469388,
        "median": 58516541.733123034,
        "min": 557,
        "max": 39998452676,
        "variance_ns2": 3.2946878327805317e+19,
        "iqr_ns": 1367809716.486533,
        "q1_ns": 427158.0176438706,
        "q3_ns": 1368236874.5041769
      },
      "futex_op_counts": {
        "128": 490
      },
      "first_seen_ts_ns": 291675157853,
      "last_seen_ts_ns": 387271535678
    },
    {
      "tgid": 8049,
      "comm": "containerd-shim",
      "cgroup_id": 6520,
      "wait_duration_stats_ns": {
        "count": 741.0,
        "sum": 666219639088.9996,
        "mean": 899081834.1282046,
        "median": 610255.8842329518,
        "min": 413,
        "max": 35358535702,
        "variance_ns2": 7.314495163580067e+18,
        "iqr_ns": 28794462.787415344,
        "q1_ns": 217024.2793476953,
        "q3_ns": 29011487.06676304
      },
      "futex_op_counts": {
        "128": 741
      },
      "first_seen_ts_ns": 268338486390,
      "last_seen_ts_ns": 380317135845
    },
    {
      "tgid": 6560,
      "comm": "fluent-bit-gke-",
      "cgroup_id": 8137,
      "wait_duration_stats_ns": {
        "count": 275.0,
        "sum": 626958049189.0002,
        "mean": 2279847451.5963645,
        "median": 849194613.9951177,
        "min": 1122,
        "max": 110159947020,
        "variance_ns2": 7.353898126051646e+19,
        "iqr_ns": 1423916468.7729487,
        "q1_ns": 108489939.58315095,
        "q3_ns": 1532406408.3560996
      },
      "futex_op_counts": {
        "128": 275
      },
      "first_seen_ts_ns": 268209065362,
      "last_seen_ts_ns": 387198071848
    },
    {
      "tgid": 3950,
      "comm": "node-problem-de",
      "cgroup_id": 6700,
      "wait_duration_stats_ns": {
        "count": 425.0,
        "sum": 482269196605.0002,
        "mean": 1134751050.8352945,
        "median": 631030986.7486458,
        "min": 1538,
        "max": 59995495009,
        "variance_ns2": 1.918249613233132e+19,
        "iqr_ns": 866186554.1966823,
        "q1_ns": 35202821.03552965,
        "q3_ns": 901389375.232212
      },
      "futex_op_counts": {
        "128": 425
      },
      "first_seen_ts_ns": 291564047921,
      "last_seen_ts_ns": 387723077410
    },
    {
      "tgid": 8660,
      "comm": "containerd-shim",
      "cgroup_id": 6520,
      "wait_duration_stats_ns": {
        "count": 241.0,
        "sum": 475849140715.0003,
        "mean": 1974477762.3029058,
        "median": 36607674.47241871,
        "min": 2618,
        "max": 59989322302,
        "variance_ns2": 2.9448297260540965e+19,
        "iqr_ns": 3083309999.370995,
        "q1_ns": 971054.2140337205,
        "q3_ns": 3084281053.5850286
      },
      "futex_op_counts": {
        "128": 241
      },
      "first_seen_ts_ns": 266973205742,
      "last_seen_ts_ns": 387788358014
    },
    {
      "tgid": 7919,
      "comm": "prometheus",
      "cgroup_id": 9006,
      "wait_duration_stats_ns": {
        "count": 4773.0,
        "sum": 454974813886.9998,
        "mean": 95322609.23674834,
        "median": 43620312.231504574,
        "min": 11440,
        "max": 39747420635,
        "variance_ns2": 7.557681923855581e+17,
        "iqr_ns": 10657788.869525194,
        "q1_ns": 39503186.99733587,
        "q3_ns": 50160975.86686107
      },
      "futex_op_counts": {
        "128": 4773
      },
      "first_seen_ts_ns": 266843505881,
      "last_seen_ts_ns": 387754335265
    },
    {
      "tgid": 5879,
      "comm": "containerd-shim",
      "cgroup_id": 6520,
      "wait_duration_stats_ns": {
        "count": 210.0,
        "sum": 452679424581.00006,
        "mean": 2155616307.5285716,
        "median": 16749202.716435881,
        "min": 2900,
        "max": 56643877131,
        "variance_ns2": 3.5396749715262427e+19,
        "iqr_ns": 2790632863.1939907,
        "q1_ns": 2569565.0571160684,
        "q3_ns": 2793202428.2511067
      },
      "futex_op_counts": {
        "128": 210
      },
      "first_seen_ts_ns": 299496967085,
      "last_seen_ts_ns": 380316599889
    },
    {
      "tgid": 7515,
      "comm": "containerd-shim",
      "cgroup_id": 6520,
      "wait_duration_stats_ns": {
        "count": 224.0,
        "sum": 449225079524.9999,
        "mean": 2005469105.022321,
        "median": 32620196.480474394,
        "min": 2542,
        "max": 79353933986,
        "variance_ns2": 4.033322958146215e+19,
        "iqr_ns": 4251666882.2162127,
        "q1_ns": 632561.0620469842,
        "q3_ns": 4252299443.2782598
      },
      "futex_op_counts": {
        "128": 224
      },
      "first_seen_ts_ns": 299494126423,
      "last_seen_ts_ns": 380312022608
    },
    {
      "tgid": 4339,
      "comm": "kube-proxy",
      "cgroup_id": 7366,
      "wait_duration_stats_ns": {
        "count": 198.0,
        "sum": 448445572134.0,
        "mean": 2264876626.939394,
        "median": 900460345.3345076,
        "min": 2037,
        "max": 34350014174,
        "variance_ns2": 3.444277908247432e+19,
        "iqr_ns": 2751003314.6010756,
        "q1_ns": 37773823.0461974,
        "q3_ns": 2788777137.647273
      },
      "futex_op_counts": {
        "128": 198
      },
      "first_seen_ts_ns": 295546253989,
      "last_seen_ts_ns": 385551168269
    },
    {
      "tgid": 6906,
      "comm": "containerd-shim",
      "cgroup_id": 6520,
      "wait_duration_stats_ns": {
        "count": 362.0,
        "sum": 436953669870.9999,
        "mean": 1207054336.6602206,
        "median": 5378304.282441189,
        "min": 1027,
        "max": 55233469712,
        "variance_ns2": 1.5550721315173442e+19,
        "iqr_ns": 2558599899.191132,
        "q1_ns": 403334.92277348554,
        "q3_ns": 2559003234.1139054
      },
      "futex_op_counts": {
        "128": 362
      },
      "first_seen_ts_ns": 299495897225,
      "last_seen_ts_ns": 380312795823
    },
    {
      "tgid": 5892,
      "comm": "containerd-shim",
      "cgroup_id": 6520,
      "wait_duration_stats_ns": {
        "count": 239.0,
        "sum": 434695092106.0,
        "mean": 1818807916.7615063,
        "median": 8824304.506999742,
        "min": 1319,
        "max": 30002640639,
        "variance_ns2": 2.080209069680249e+19,
        "iqr_ns": 2399985336.4730306,
        "q1_ns": 339116.05650684086,
        "q3_ns": 2400324452.529537
      },
      "futex_op_counts": {
        "128": 239
      },
      "first_seen_ts_ns": 299498921427,
      "last_seen_ts_ns": 380310615418
    },
    {
      "tgid": 4278,
      "comm": "containerd-shim",
      "cgroup_id": 6520,
      "wait_duration_stats_ns": {
        "count": 129.0,
        "sum": 360717378611.0001,
        "mean": 2796258748.9224815,
        "median": 461028936.8570534,
        "min": 3203,
        "max": 30001116826,
        "variance_ns2": 2.422745263048884e+19,
        "iqr_ns": 5446623409.613685,
        "q1_ns": 15341535.757086322,
        "q3_ns": 5461964945.370771
      },
      "futex_op_counts": {
        "128": 129
      },
      "first_seen_ts_ns": 299501657633,
      "last_seen_ts_ns": 380308676176
    },
    {
      "tgid": 8018,
      "comm": "config-reloader",
      "cgroup_id": 9085,
      "wait_duration_stats_ns": {
        "count": 60.0,
        "sum": 333155589024.9999,
        "mean": 5552593150.416665,
        "median": 4445694077.109994,
        "min": 6788,
        "max": 60000024879,
        "variance_ns2": 1.2170623868455426e+20,
        "iqr_ns": 5457768977.886547,
        "q1_ns": 62250265.657248236,
        "q3_ns": 5520019243.543796
      },
      "futex_op_counts": {
        "128": 60
      },
      "first_seen_ts_ns": 295604222803,
      "last_seen_ts_ns": 385679209625
    },
    {
      "tgid": 1736,
      "comm": "google_osconfig",
      "cgroup_id": 4234,
      "wait_duration_stats_ns": {
        "count": 113.0,
        "sum": 280180729205.0001,
        "mean": 2479475479.6902666,
        "median": 2616321726.984709,
        "min": 2778,
        "max": 30001066674,
        "variance_ns2": 2.577542845437084e+19,
        "iqr_ns": 4543942380.459701,
        "q1_ns": 45301701.29938263,
        "q3_ns": 4589244081.759083
      },
      "futex_op_counts": {
        "128": 113
      },
      "first_seen_ts_ns": 295406498487,
      "last_seen_ts_ns": 385539804445
    },
    {
      "tgid": 7289,
      "comm": "dnsmasq-nanny",
      "cgroup_id": 8532,
      "wait_duration_stats_ns": {
        "count": 49.0,
        "sum": 272853799769.00012,
        "mean": 5568444893.244901,
        "median": 7710522520.240248,
        "min": 847,
        "max": 20001012110,
        "variance_ns2": 2.8767524023059345e+19,
        "iqr_ns": 8721958477.484756,
        "q1_ns": 1092278036.2331758,
        "q3_ns": 9814236513.717932
      },
      "futex_op_counts": {
        "128": 49
      },
      "first_seen_ts_ns": 301120675931,
      "last_seen_ts_ns": 382121084593
    },
    {
      "tgid": 6724,
      "comm": "main",
      "cgroup_id": 8216,
      "wait_duration_stats_ns": {
        "count": 91.0,
        "sum": 264811779283.99988,
        "mean": 2910019552.5714273,
        "median": 2777114233.3338213,
        "min": 3926,
        "max": 59980891563,
        "variance_ns2": 4.231846309982994e+19,
        "iqr_ns": 5022173604.233196,
        "q1_ns": 37511720.22770343,
        "q3_ns": 5059685324.460899
      },
      "futex_op_counts": {
        "128": 91
      },
      "first_seen_ts_ns": 292762174315,
      "last_seen_ts_ns": 387766184045
    },
    {
      "tgid": 7428,
      "comm": "main",
      "cgroup_id": 8769,
      "wait_duration_stats_ns": {
        "count": 84.0,
        "sum": 264771653469.00003,
        "mean": 3152043493.6785717,
        "median": 3402421208.3609643,
        "min": 23804,
        "max": 59997680047,
        "variance_ns2": 4.541269776849283e+19,
        "iqr_ns": 4891653269.262194,
        "q1_ns": 18539967.956719898,
        "q3_ns": 4910193237.218914
      },
      "futex_op_counts": {
        "128": 84
      },
      "first_seen_ts_ns": 292260043730,
      "last_seen_ts_ns": 387262163430
    },
    {
      "tgid": 6170,
      "comm": "main",
      "cgroup_id": 7900,
      "wait_duration_stats_ns": {
        "count": 176.0,
        "sum": 249779911942.0,
        "mean": 1419204045.125,
        "median": 91036072.84403533,
        "min": 645,
        "max": 59886638612,
        "variance_ns2": 2.37429389452004e+19,
        "iqr_ns": 3375693958.460071,
        "q1_ns": 9724451.311605968,
        "q3_ns": 3385418409.771677
      },
      "futex_op_counts": {
        "128": 176
      },
      "first_seen_ts_ns": 294779810536,
      "last_seen_ts_ns": 384791266052
    },
    {
      "tgid": 2773,
      "comm": "dockerd",
      "cgroup_id": 6400,
      "wait_duration_stats_ns": {
        "count": 26.0,
        "sum": 199867459579.99997,
        "mean": 7687209983.846152,
        "median": 9813051079.418596,
        "min": 5807866,
        "max": 10010662486,
        "variance_ns2": 1.825895503601491e+19,
        "iqr_ns": 2864127331.5685444,
        "q1_ns": 7130687815.188583,
        "q3_ns": 9994815146.757128
      },
      "futex_op_counts": {
        "128": 26
      },
      "first_seen_ts_ns": 292932430362,
      "last_seen_ts_ns": 382942288760
    },
    {
      "tgid": 1735,
      "comm": "google_guest_ag",
      "cgroup_id": 4174,
      "wait_duration_stats_ns": {
        "count": 95.0,
        "sum": 189811573505.0001,
        "mean": 1998016563.2105272,
        "median": 2317824065.3802114,
        "min": 2539,
        "max": 5006703768,
        "variance_ns2": 4.770695107377065e+18,
        "iqr_ns": 4402637554.0724,
        "q1_ns": 24028778.923664715,
        "q3_ns": 4426666332.996065
      },
      "futex_op_counts": {
        "128": 95
      },
      "first_seen_ts_ns": 295954048788,
      "last_seen_ts_ns": 385991013742
    },
    {
      "tgid": 6306,
      "comm": "otelsvc",
      "cgroup_id": 7979,
      "wait_duration_stats_ns": {
        "count": 324.0,
        "sum": 145918026119.00015,
        "mean": 450364278.1450622,
        "median": 453635498.8642473,
        "min": 51854,
        "max": 32147254365,
        "variance_ns2": 4.119220279218191e+18,
        "iqr_ns": 467211613.51827586,
        "q1_ns": 28209501.52284903,
        "q3_ns": 495421115.0411249
      },
      "futex_op_counts": {
        "128": 324
      },
      "first_seen_ts_ns": 267700951200,
      "last_seen_ts_ns": 387700948609
    },
    {
      "tgid": 8131,
      "comm": "csi-node-driver",
      "cgroup_id": 9322,
      "wait_duration_stats_ns": {
        "count": 2.0,
        "sum": 120000283808.0,
        "mean": 60000141904.0,
        "median": 60000206990.0,
        "min": 60000076818,
        "max": 60000206990,
        "variance_ns2": 8472374792.0,
        "iqr_ns": 130172.0,
        "q1_ns": 60000076818.0,
        "q3_ns": 60000206990.0
      },
      "futex_op_counts": {
        "128": 2
      },
      "first_seen_ts_ns": 333158816816,
      "last_seen_ts_ns": 333158871757
    },
    {
      "tgid": 8463,
      "comm": "gce-pd-csi-driv",
      "cgroup_id": 9401,
      "wait_duration_stats_ns": {
        "count": 172.0,
        "sum": 95888156548.99995,
        "mean": 557489282.2616277,
        "median": 589918603.1973739,
        "min": 20488391,
        "max": 589947783,
        "variance_ns2": 1.189365680523581e+16,
        "iqr_ns": 455687.5816696882,
        "q1_ns": 589462188.6863112,
        "q3_ns": 589917876.2679809
      },
      "futex_op_counts": {
        "128": 172
      },
      "first_seen_ts_ns": 267667510401,
      "last_seen_ts_ns": 387667498716
    },
    {
      "tgid": 10033,
      "comm": "log-counter",
      "cgroup_id": 6700,
      "wait_duration_stats_ns": {
        "count": 599.0,
        "sum": 16359293829.0,
        "mean": 27311008.061769616,
        "median": 605514.6977944574,
        "min": 573,
        "max": 1035206749,
        "variance_ns2": 2.5704528750471596e+16,
        "iqr_ns": 5547275.081509723,
        "q1_ns": 65439.45592805033,
        "q3_ns": 5612714.537437773
      },
      "futex_op_counts": {
        "128": 599
      },
      "first_seen_ts_ns": 339728839196,
      "last_seen_ts_ns": 340768060251
    },
    {
      "tgid": 10268,
      "comm": "log-counter",
      "cgroup_id": 6700,
      "wait_duration_stats_ns": {
        "count": 1061.0,
        "sum": 15566032692.0,
        "mean": 14671095.845428841,
        "median": 224271.00354817387,
        "min": 507,
        "max": 1056477223,
        "variance_ns2": 1.4107076011161628e+16,
        "iqr_ns": 2119026.6094697327,
        "q1_ns": 48696.958180424896,
        "q3_ns": 2167723.5676501575
      },
      "futex_op_counts": {
        "128": 1061
      },
      "first_seen_ts_ns": 342376508694,
      "last_seen_ts_ns": 343433177909
    },
    {
      "tgid": 10247,
      "comm": "log-counter",
      "cgroup_id": 6700,
      "wait_duration_stats_ns": {
        "count": 901.0,
        "sum": 14872308629.999996,
        "mean": 16506446.87014428,
        "median": 302512.77514608984,
        "min": 542,
        "max": 1622378908,
        "variance_ns2": 1.7168917453887842e+16,
        "iqr_ns": 3220153.4960782225,
        "q1_ns": 134614.85642769886,
        "q3_ns": 3354768.3525059214
      },
      "futex_op_counts": {
        "128": 901
      },
      "first_seen_ts_ns": 340746143609,
      "last_seen_ts_ns": 342373528478
    },
    {
      "tgid": 10063,
      "comm": "log-counter",
      "cgroup_id": 6700,
      "wait_duration_stats_ns": {
        "count": 20.0,
        "sum": 5013398627.0,
        "mean": 250669931.35,
        "median": 44795565.58993718,
        "min": 9082,
        "max": 1008002921,
        "variance_ns2": 1.7887941998897085e+17,
        "iqr_ns": 296805565.9594444,
        "q1_ns": 2602634.4343413007,
        "q3_ns": 299408200.3937857
      },
      "futex_op_counts": {
        "128": 20
      },
      "first_seen_ts_ns": 339784925836,
      "last_seen_ts_ns": 340793079450
    },
    {
      "tgid": 10034,
      "comm": "log-counter",
      "cgroup_id": 6700,
      "wait_duration_stats_ns": {
        "count": 24.0,
        "sum": 5011893393.0,
        "mean": 208828891.375,
        "median": 28600930.34105979,
        "min": 7974,
        "max": 1006723964,
        "variance_ns2": 1.5427258681026262e+17,
        "iqr_ns": 239631332.4270141,
        "q1_ns": 899816.9297658231,
        "q3_ns": 240531149.35677993
      },
      "futex_op_counts": {
        "128": 24
      },
      "first_seen_ts_ns": 339729196712,
      "last_seen_ts_ns": 340736073953
    },
    {
      "tgid": 10262,
      "comm": "log-counter",
      "cgroup_id": 6700,
      "wait_duration_stats_ns": {
        "count": 15.0,
        "sum": 4188978043.0,
        "mean": 279265202.8666667,
        "median": 52973872.845679015,
        "min": 858770,
        "max": 1024077374,
        "variance_ns2": 2.049113775542479e+17,
        "iqr_ns": 204971135.46156138,
        "q1_ns": 10670503.208333334,
        "q3_ns": 215641638.66989473
      },
      "futex_op_counts": {
        "128": 15
      },
      "first_seen_ts_ns": 341036080128,
      "last_seen_ts_ns": 342093154479
    },
    {
      "tgid": 9911,
      "comm": "runc",
      "cgroup_id": 6520,
      "wait_duration_stats_ns": {
        "count": 324.0,
        "sum": 888194143.9999999,
        "mean": 2741339.9506172836,
        "median": 101002.39737719306,
        "min": 449,
        "max": 101252361,
        "variance_ns2": 223675473517623.62,
        "iqr_ns": 586346.2510136169,
        "q1_ns": 18946.71912118203,
        "q3_ns": 605292.9701347989
      },
      "futex_op_counts": {
        "128": 324
      },
      "first_seen_ts_ns": 308343109416,
      "last_seen_ts_ns": 308460294350
    },
    {
      "tgid": 10330,
      "comm": "runc",
      "cgroup_id": 6520,
      "wait_duration_stats_ns": {
        "count": 340.0,
        "sum": 785482483.0000001,
        "mean": 2310242.597058824,
        "median": 155189.04542263134,
        "min": 908,
        "max": 86783823,
        "variance_ns2": 111090040447347.34,
        "iqr_ns": 962998.0349399479,
        "q1_ns": 30603.872006078313,
        "q3_ns": 993601.9069460263
      },
      "futex_op_counts": {
        "128": 340
      },
      "first_seen_ts_ns": 368344145798,
      "last_seen_ts_ns": 368450288543
    },
    {
      "tgid": 9955,
      "comm": "runc",
      "cgroup_id": 6520,
      "wait_duration_stats_ns": {
        "count": 262.0,
        "sum": 780529627.0000002,
        "mean": 2979120.7137404587,
        "median": 114848.60104028323,
        "min": 5244,
        "max": 84528278,
        "variance_ns2": 177193278599594.44,
        "iqr_ns": 781706.9022953894,
        "q1_ns": 25131.666051036267,
        "q3_ns": 806838.5683464257
      },
      "futex_op_counts": {
        "128": 262
      },
      "first_seen_ts_ns": 328347153315,
      "last_seen_ts_ns": 328454011987
    },
    {
      "tgid": 9934,
      "comm": "runc",
      "cgroup_id": 6520,
      "wait_duration_stats_ns": {
        "count": 280.0,
        "sum": 666172176.0000001,
        "mean": 2379186.3428571434,
        "median": 152634.81231152976,
        "min": 1140,
        "max": 108220409,
        "variance_ns2": 139698169577271.14,
        "iqr_ns": 850151.0053710098,
        "q1_ns": 25712.863568780715,
        "q3_ns": 875863.8689397905
      },
      "futex_op_counts": {
        "128": 280
      },
      "first_seen_ts_ns": 318346235254,
      "last_seen_ts_ns": 318457719092
    },
    {
      "tgid": 10009,
      "comm": "runc",
      "cgroup_id": 6520,
      "wait_duration_stats_ns": {
        "count": 280.0,
        "sum": 607794773.9999999,
        "mean": 2170695.621428571,
        "median": 93385.59975832023,
        "min": 3515,
        "max": 81757536,
        "variance_ns2": 115777185802501.61,
        "iqr_ns": 404685.0246439588,
        "q1_ns": 21657.51113500785,
        "q3_ns": 426342.5357789666
      },
      "futex_op_counts": {
        "128": 280
      },
      "first_seen_ts_ns": 338345115471,
      "last_seen_ts_ns": 338435896807
    },
    {
      "tgid": 10357,
      "comm": "runc",
      "cgroup_id": 6520,
      "wait_duration_stats_ns": {
        "count": 293.0,
        "sum": 573790674.0,
        "mean": 1958329.9453924915,
        "median": 80010.00407250061,
        "min": 722,
        "max": 93600214,
        "variance_ns2": 115424120765865.62,
        "iqr_ns": 325264.30542477744,
        "q1_ns": 19935.349917634187,
        "q3_ns": 345199.65534241166
      },
      "futex_op_counts": {
        "128": 293
      },
      "first_seen_ts_ns": 378344245413,
      "last_seen_ts_ns": 378441664764
    },
    {
      "tgid": 10308,
      "comm": "runc",
      "cgroup_id": 6520,
      "wait_duration_stats_ns": {
        "count": 346.0,
        "sum": 518859948.0,
        "mean": 1499595.225433526,
        "median": 67874.7821351286,
        "min": 732,
        "max": 86640051,
        "variance_ns2": 87356258719456.16,
        "iqr_ns": 308099.0175274797,
        "q1_ns": 21757.966961273232,
        "q3_ns": 329856.9844887529
      },
      "futex_op_counts": {
        "128": 346
      },
      "first_seen_ts_ns": 358345094374,
      "last_seen_ts_ns": 358435618031
    },
    {
      "tgid": 9944,
      "comm": "runc:[2:INIT]",
      "cgroup_id": 9322,
      "wait_duration_stats_ns": {
        "count": 31.0,
        "sum": 378220586.99999994,
        "mean": 12200664.096774193,
        "median": 3104448.670843651,
        "min": 16951,
        "max": 59883182,
        "variance_ns2": 400620706989271.4,
        "iqr_ns": 18040262.865670674,
        "q1_ns": 560003.2433146317,
        "q3_ns": 18600266.108985305
      },
      "futex_op_counts": {
        "128": 31
      },
      "first_seen_ts_ns": 318378245002,
      "last_seen_ts_ns": 318457576515
    },
    {
      "tgid": 10367,
      "comm": "runc:[2:INIT]",
      "cgroup_id": 9322,
      "wait_duration_stats_ns": {
        "count": 26.0,
        "sum": 311210194.0,
        "mean": 11969622.846153846,
        "median": 1812092.632017463,
        "min": 18415,
        "max": 51913770,
        "variance_ns2": 285435689544500.06,
        "iqr_ns": 12407036.982918426,
        "q1_ns": 133748.61279378147,
        "q3_ns": 12540785.595712207
      },
      "futex_op_counts": {
        "128": 26
      },
      "first_seen_ts_ns": 378372210549,
      "last_seen_ts_ns": 378440852619
    },
    {
      "tgid": 10343,
      "comm": "runc:[2:INIT]",
      "cgroup_id": 9322,
      "wait_duration_stats_ns": {
        "count": 27.0,
        "sum": 307769513.0,
        "mean": 11398870.851851853,
        "median": 3146101.744563897,
        "min": 17652,
        "max": 49133627,
        "variance_ns2": 273856063244762.72,
        "iqr_ns": 9262159.32673083,
        "q1_ns": 436100.07224716747,
        "q3_ns": 9698259.398977999
      },
      "futex_op_counts": {
        "128": 27
      },
      "first_seen_ts_ns": 368385011912,
      "last_seen_ts_ns": 368449302102
    },
    {
      "tgid": 9967,
      "comm": "runc:[2:INIT]",
      "cgroup_id": 9322,
      "wait_duration_stats_ns": {
        "count": 25.0,
        "sum": 300825222.99999994,
        "mean": 12033008.919999998,
        "median": 2357758.473531696,
        "min": 22043,
        "max": 49952961,
        "variance_ns2": 289897401791897.2,
        "iqr_ns": 15584237.539683083,
        "q1_ns": 768883.7249539234,
        "q3_ns": 16353121.264637006
      },
      "futex_op_counts": {
        "128": 25
      },
      "first_seen_ts_ns": 328387009534,
      "last_seen_ts_ns": 328448835371
    },
    {
      "tgid": 10021,
      "comm": "runc:[2:INIT]",
      "cgroup_id": 9322,
      "wait_duration_stats_ns": {
        "count": 27.0,
        "sum": 296104795.00000006,
        "mean": 10966844.259259261,
        "median": 4876860.882537449,
        "min": 22287,
        "max": 48042319,
        "variance_ns2": 225961268083790.72,
        "iqr_ns": 16540837.906685207,
        "q1_ns": 60634.28422169399,
        "q3_ns": 16601472.1909069
      },
      "futex_op_counts": {
        "128": 27
      },
      "first_seen_ts_ns": 338372248338,
      "last_seen_ts_ns": 338435903649
    },
    {
      "tgid": 9923,
      "comm": "runc:[2:INIT]",
      "cgroup_id": 9322,
      "wait_duration_stats_ns": {
        "count": 25.0,
        "sum": 278630493.0,
        "mean": 11145219.719999999,
        "median": 1256588.656466518,
        "min": 2747,
        "max": 61487220,
        "variance_ns2": 378342651732353.25,
        "iqr_ns": 10838740.32477898,
        "q1_ns": 88939.57682291667,
        "q3_ns": 10927679.901601896
      },
      "futex_op_counts": {
        "128": 25
      },
      "first_seen_ts_ns": 308382098767,
      "last_seen_ts_ns": 308460237023
    },
    {
      "tgid": 10285,
      "comm": "runc",
      "cgroup_id": 6520,
      "wait_duration_stats_ns": {
        "count": 373.0,
        "sum": 240806418.99999997,
        "mean": 645593.6166219838,
        "median": 44159.05670069774,
        "min": 535,
        "max": 37846101,
        "variance_ns2": 13890056849514.188,
        "iqr_ns": 151031.3083907325,
        "q1_ns": 14562.196288024074,
        "q3_ns": 165593.50467875658
      },
      "futex_op_counts": {
        "128": 373
      },
      "first_seen_ts_ns": 348340718370,
      "last_seen_ts_ns": 348381366395
    },
    {
      "tgid": 10319,
      "comm": "runc:[2:INIT]",
      "cgroup_id": 9322,
      "wait_duration_stats_ns": {
        "count": 24.0,
        "sum": 219349616.00000006,
        "mean": 9139567.333333336,
        "median": 1744115.8094215975,
        "min": 21779,
        "max": 36866901,
        "variance_ns2": 162001017293129.56,
        "iqr_ns": 7811625.618705637,
        "q1_ns": 1607066.9375646405,
        "q3_ns": 9418692.556270277
      },
      "futex_op_counts": {
        "128": 24
      },
      "first_seen_ts_ns": 358377128604,
      "last_seen_ts_ns": 358435662627
    },
    {
      "tgid": 9887,
      "comm": "runc",
      "cgroup_id": 6520,
      "wait_duration_stats_ns": {
        "count": 353.0,
        "sum": 209317105.0,
        "mean": 592966.3031161473,
        "median": 34057.41293800959,
        "min": 1015,
        "max": 31350717,
        "variance_ns2": 14605995516018.727,
        "iqr_ns": 121245.84658338336,
        "q1_ns": 13889.201765433922,
        "q3_ns": 135135.04834881728
      },
      "futex_op_counts": {
        "128": 353
      },
      "first_seen_ts_ns": 298413547796,
      "last_seen_ts_ns": 298447700141
    },
    {
      "tgid": 10297,
      "comm": "runc:[2:INIT]",
      "cgroup_id": 9322,
      "wait_duration_stats_ns": {
        "count": 27.0,
        "sum": 147962091.0,
        "mean": 5480077.444444444,
        "median": 1255038.0011574447,
        "min": 15585,
        "max": 17906860,
        "variance_ns2": 54260864903949.414,
        "iqr_ns": 10044661.385281086,
        "q1_ns": 39811.683950617284,
        "q3_ns": 10084473.069231704
      },
      "futex_op_counts": {
        "128": 27
      },
      "first_seen_ts_ns": 348348097994,
      "last_seen_ts_ns": 348381385314
    },
    {
      "tgid": 9898,
      "comm": "runc:[2:INIT]",
      "cgroup_id": 9322,
      "wait_duration_stats_ns": {
        "count": 29.0,
        "sum": 113306475.0,
        "mean": 3907119.827586207,
        "median": 735605.4860224319,
        "min": 605,
        "max": 15438956,
        "variance_ns2": 31464918289560.363,
        "iqr_ns": 6844863.873564426,
        "q1_ns": 69085.96304333938,
        "q3_ns": 6913949.836607765
      },
      "futex_op_counts": {
        "128": 29
      },
      "first_seen_ts_ns": 298421247576,
      "last_seen_ts_ns": 298447704863
    },
    {
      "tgid": 9564,
      "comm": "runc",
      "cgroup_id": 6520,
      "wait_duration_stats_ns": {
        "count": 163.0,
        "sum": 15339830.00000001,
        "mean": 94109.38650306754,
        "median": 22389.436980355247,
        "min": 676,
        "max": 2806254,
        "variance_ns2": 162987658906.39917,
        "iqr_ns": 18011.95572883741,
        "q1_ns": 15918.307004781647,
        "q3_ns": 33930.262733619056
      },
      "futex_op_counts": {
        "128": 163
      },
      "first_seen_ts_ns": 268489730503,
      "last_seen_ts_ns": 268493779610
    },
    {
      "tgid": 9923,
      "comm": "csi-node-driver",
      "cgroup_id": 9322,
      "wait_duration_stats_ns": {
        "count": 14.0,
        "sum": 11412726.0,
        "mean": 815194.7142857143,
        "median": 55596.30055555556,
        "min": 2604,
        "max": 4725653,
        "variance_ns2": 2309946533920.681,
        "iqr_ns": 385812.7656249999,
        "q1_ns": 21116.0,
        "q3_ns": 406928.7656249999
      },
      "futex_op_counts": {
        "128": 14
      },
      "first_seen_ts_ns": 308465241064,
      "last_seen_ts_ns": 308470011162
    },
    {
      "tgid": 9967,
      "comm": "csi-node-driver",
      "cgroup_id": 9322,
      "wait_duration_stats_ns": {
        "count": 17.0,
        "sum": 9514123.0,
        "mean": 559654.2941176471,
        "median": 149625.52117925166,
        "min": 14693,
        "max": 3303034,
        "variance_ns2": 900664272113.4706,
        "iqr_ns": 811296.456085327,
        "q1_ns": 50060.64329294217,
        "q3_ns": 861357.0993782692
      },
      "futex_op_counts": {
        "128": 17
      },
      "first_seen_ts_ns": 328450534868,
      "last_seen_ts_ns": 328453862706
    },
    {
      "tgid": 10343,
      "comm": "csi-node-driver",
      "cgroup_id": 9322,
      "wait_duration_stats_ns": {
        "count": 22.0,
        "sum": 9410527.000000002,
        "mean": 427751.22727272735,
        "median": 71065.5640628062,
        "min": 7095,
        "max": 1957540,
        "variance_ns2": 371020670733.13635,
        "iqr_ns": 253857.06190476194,
        "q1_ns": 27348.0,
        "q3_ns": 281205.06190476194
      },
      "futex_op_counts": {
        "128": 22
      },
      "first_seen_ts_ns": 368451643941,
      "last_seen_ts_ns": 368454881613
    },
    {
      "tgid": 10319,
      "comm": "csi-node-driver",
      "cgroup_id": 9322,
      "wait_duration_stats_ns": {
        "count": 26.0,
        "sum": 9379473.0,
        "mean": 360748.96153846156,
        "median": 36320.93283456617,
        "min": 3323,
        "max": 1745647,
        "variance_ns2": 273018677528.7584,
        "iqr_ns": 332157.0337026948,
        "q1_ns": 28287.670141414143,
        "q3_ns": 360444.70384410897
      },
      "futex_op_counts": {
        "128": 26
      },
      "first_seen_ts_ns": 358440231898,
      "last_seen_ts_ns": 358443541872
    },
    {
      "tgid": 10367,
      "comm": "csi-node-driver",
      "cgroup_id": 9322,
      "wait_duration_stats_ns": {
        "count": 22.0,
        "sum": 9334763.000000002,
        "mean": 424307.4090909092,
        "median": 116835.95245751554,
        "min": 1200,
        "max": 1706938,
        "variance_ns2": 308141322024.91986,
        "iqr_ns": 347446.59837635775,
        "q1_ns": 22781.810939304614,
        "q3_ns": 370228.40931566234
      },
      "futex_op_counts": {
        "128": 22
      },
      "first_seen_ts_ns": 378450277187,
      "last_seen_ts_ns": 378453519424
    },
    {
      "tgid": 10297,
      "comm": "csi-node-driver",
      "cgroup_id": 9322,
      "wait_duration_stats_ns": {
        "count": 20.0,
        "sum": 9190322.0,
        "mean": 459516.1,
        "median": 59889.34065152393,
        "min": 8066,
        "max": 1917540,
        "variance_ns2": 342593585152.2,
        "iqr_ns": 817976.2164070794,
        "q1_ns": 21344.6,
        "q3_ns": 839320.8164070793
      },
      "futex_op_counts": {
        "128": 20
      },
      "first_seen_ts_ns": 348383460503,
      "last_seen_ts_ns": 348386671746
    },
    {
      "tgid": 9944,
      "comm": "csi-node-driver",
      "cgroup_id": 9322,
      "wait_duration_stats_ns": {
        "count": 21.0,
        "sum": 9114709.0,
        "mean": 434033.7619047619,
        "median": 76662.1103226293,
        "min": 9302,
        "max": 3127019,
        "variance_ns2": 559315577010.9905,
        "iqr_ns": 608216.8561330531,
        "q1_ns": 24246.269791666666,
        "q3_ns": 632463.1259247197
      },
      "futex_op_counts": {
        "128": 21
      },
      "first_seen_ts_ns": 318463396427,
      "last_seen_ts_ns": 318466554421
    },
    {
      "tgid": 9898,
      "comm": "csi-node-driver",
      "cgroup_id": 9322,
      "wait_duration_stats_ns": {
        "count": 21.0,
        "sum": 8976294.0,
        "mean": 427442.5714285714,
        "median": 201136.39726318256,
        "min": 15310,
        "max": 1823213,
        "variance_ns2": 304282488703.25714,
        "iqr_ns": 758987.6275615775,
        "q1_ns": 45629.36761663055,
        "q3_ns": 804616.995178208
      },
      "futex_op_counts": {
        "128": 21
      },
      "first_seen_ts_ns": 298449521091,
      "last_seen_ts_ns": 298452603092
    },
    {
      "tgid": 10021,
      "comm": "csi-node-driver",
      "cgroup_id": 9322,
      "wait_duration_stats_ns": {
        "count": 22.0,
        "sum": 8554876.000000002,
        "mean": 388858.00000000006,
        "median": 142810.01157335556,
        "min": 19447,
        "max": 1769647,
        "variance_ns2": 277576224989.5238,
        "iqr_ns": 141605.89353806694,
        "q1_ns": 45609.33948612064,
        "q3_ns": 187215.2330241876
      },
      "futex_op_counts": {
        "128": 22
      },
      "first_seen_ts_ns": 338439992794,
      "last_seen_ts_ns": 338443268904
    },
    {
      "tgid": 9483,
      "comm": "flux-broker-44",
      "cgroup_id": 9803,
      "wait_duration_stats_ns": {
        "count": 267.0,
        "sum": 5004918.999999998,
        "mean": 18745.0149812734,
        "median": 632.1455030481691,
        "min": 396,
        "max": 3868234,
        "variance_ns2": 56004160108.65394,
        "iqr_ns": 3716.270450374658,
        "q1_ns": 492.70864068936584,
        "q3_ns": 4208.979091064024
      },
      "futex_op_counts": {
        "128": 267
      },
      "first_seen_ts_ns": 291630857010,
      "last_seen_ts_ns": 387769814657
    },
    {
      "tgid": 838,
      "comm": "multipathd",
      "cgroup_id": 1702,
      "wait_duration_stats_ns": {
        "count": 13.0,
        "sum": 51362.0,
        "mean": 3950.923076923077,
        "median": 2645.1180555555557,
        "min": 1921,
        "max": 12527,
        "variance_ns2": 13640735.91025641,
        "iqr_ns": 1799.5437499999998,
        "q1_ns": 2071.90625,
        "q3_ns": 3871.45
      },
      "futex_op_counts": {
        "128": 13
      },
      "first_seen_ts_ns": 303927031207,
      "last_seen_ts_ns": 373930447025
    },
    {
      "tgid": 9483,
      "comm": "ZMQbg/Reaper",
      "cgroup_id": 9803,
      "wait_duration_stats_ns": {
        "count": 1.0,
        "sum": 38771.0,
        "mean": 38771.0,
        "median": 38771.0,
        "min": 38771,
        "max": 38771,
        "variance_ns2": null,
        "iqr_ns": 0.0,
        "q1_ns": 38771.0,
        "q3_ns": 38771.0
      },
      "futex_op_counts": {
        "128": 1
      },
      "first_seen_ts_ns": 387781467956,
      "last_seen_ts_ns": 387781467956
    },
    {
      "tgid": 9483,
      "comm": "ZMQbg/IO/0",
      "cgroup_id": 9803,
      "wait_duration_stats_ns": {
        "count": 22.0,
        "sum": 28528.99999999999,
        "mean": 1296.7727272727268,
        "median": 606.8587198515769,
        "min": 443,
        "max": 13319,
        "variance_ns2": 7403978.660173161,
        "iqr_ns": 158.4374275636178,
        "q1_ns": 515.3179012345679,
        "q3_ns": 673.7553287981857
      },
      "futex_op_counts": {
        "128": 22
      },
      "first_seen_ts_ns": 339505992523,
      "last_seen_ts_ns": 383530035925
    },
    {
      "tgid": 10183,
      "comm": "lmp",
      "cgroup_id": 9803,
      "wait_duration_stats_ns": {
        "count": 1.0,
        "sum": 8444.0,
        "mean": 8444.0,
        "median": 8444.0,
        "min": 8444,
        "max": 8444,
        "variance_ns2": null,
        "iqr_ns": 0.0,
        "q1_ns": 8444.0,
        "q3_ns": 8444.0
      },
      "futex_op_counts": {
        "128": 1
      },
      "first_seen_ts_ns": 383504416811,
      "last_seen_ts_ns": 383504416811
    },
    {
      "tgid": 9786,
      "comm": "lmp",
      "cgroup_id": 9803,
      "wait_duration_stats_ns": {
        "count": 1.0,
        "sum": 8189.0,
        "mean": 8189.0,
        "median": 8189.0,
        "min": 8189,
        "max": 8189,
        "variance_ns2": null,
        "iqr_ns": 0.0,
        "q1_ns": 8189.0,
        "q3_ns": 8189.0
      },
      "futex_op_counts": {
        "128": 1
      },
      "first_seen_ts_ns": 339509318620,
      "last_seen_ts_ns": 339509318620
    },
    {
      "tgid": 10225,
      "comm": "lmp",
      "cgroup_id": 9803,
      "wait_duration_stats_ns": {
        "count": 1.0,
        "sum": 8135.0,
        "mean": 8135.0,
        "median": 8135.0,
        "min": 8135,
        "max": 8135,
        "variance_ns2": null,
        "iqr_ns": 0.0,
        "q1_ns": 8135.0,
        "q3_ns": 8135.0
      },
      "futex_op_counts": {
        "128": 1
      },
      "first_seen_ts_ns": 383504613600,
      "last_seen_ts_ns": 383504613600
    },
    {
      "tgid": 9820,
      "comm": "lmp",
      "cgroup_id": 9803,
      "wait_duration_stats_ns": {
        "count": 1.0,
        "sum": 8033.0,
        "mean": 8033.0,
        "median": 8033.0,
        "min": 8033,
        "max": 8033,
        "variance_ns2": null,
        "iqr_ns": 0.0,
        "q1_ns": 8033.0,
        "q3_ns": 8033.0
      },
      "futex_op_counts": {
        "128": 1
      },
      "first_seen_ts_ns": 339509305216,
      "last_seen_ts_ns": 339509305216
    },
    {
      "tgid": 10179,
      "comm": "lmp",
      "cgroup_id": 9803,
      "wait_duration_stats_ns": {
        "count": 1.0,
        "sum": 7806.0,
        "mean": 7806.0,
        "median": 7806.0,
        "min": 7806,
        "max": 7806,
        "variance_ns2": null,
        "iqr_ns": 0.0,
        "q1_ns": 7806.0,
        "q3_ns": 7806.0
      },
      "futex_op_counts": {
        "128": 1
      },
      "first_seen_ts_ns": 383505053525,
      "last_seen_ts_ns": 383505053525
    },
    {
      "tgid": 9792,
      "comm": "lmp",
      "cgroup_id": 9803,
      "wait_duration_stats_ns": {
        "count": 1.0,
        "sum": 7774.0,
        "mean": 7774.0,
        "median": 7774.0,
        "min": 7774,
        "max": 7774,
        "variance_ns2": null,
        "iqr_ns": 0.0,
        "q1_ns": 7774.0,
        "q3_ns": 7774.0
      },
      "futex_op_counts": {
        "128": 1
      },
      "first_seen_ts_ns": 339509514569,
      "last_seen_ts_ns": 339509514569
    },
    {
      "tgid": 10112,
      "comm": "lmp",
      "cgroup_id": 9803,
      "wait_duration_stats_ns": {
        "count": 1.0,
        "sum": 7750.0,
        "mean": 7750.0,
        "median": 7750.0,
        "min": 7750,
        "max": 7750,
        "variance_ns2": null,
        "iqr_ns": 0.0,
        "q1_ns": 7750.0,
        "q3_ns": 7750.0
      },
      "futex_op_counts": {
        "128": 1
      },
      "first_seen_ts_ns": 383505316518,
      "last_seen_ts_ns": 383505316518
    },
    {
      "tgid": 9832,
      "comm": "lmp",
      "cgroup_id": 9803,
      "wait_duration_stats_ns": {
        "count": 1.0,
        "sum": 7606.0,
        "mean": 7606.0,
        "median": 7606.0,
        "min": 7606,
        "max": 7606,
        "variance_ns2": null,
        "iqr_ns": 0.0,
        "q1_ns": 7606.0,
        "q3_ns": 7606.0
      },
      "futex_op_counts": {
        "128": 1
      },
      "first_seen_ts_ns": 339509545537,
      "last_seen_ts_ns": 339509545537
    },
    {
      "tgid": 10191,
      "comm": "lmp",
      "cgroup_id": 9803,
      "wait_duration_stats_ns": {
        "count": 1.0,
        "sum": 7523.0,
        "mean": 7523.0,
        "median": 7523.0,
        "min": 7523,
        "max": 7523,
        "variance_ns2": null,
        "iqr_ns": 0.0,
        "q1_ns": 7523.0,
        "q3_ns": 7523.0
      },
      "futex_op_counts": {
        "128": 1
      },
      "first_seen_ts_ns": 383504775763,
      "last_seen_ts_ns": 383504775763
    },
    {
      "tgid": 9742,
      "comm": "lmp",
      "cgroup_id": 9803,
      "wait_duration_stats_ns": {
        "count": 1.0,
        "sum": 7443.0,
        "mean": 7443.0,
        "median": 7443.0,
        "min": 7443,
        "max": 7443,
        "variance_ns2": null,
        "iqr_ns": 0.0,
        "q1_ns": 7443.0,
        "q3_ns": 7443.0
      },
      "futex_op_counts": {
        "128": 1
      },
      "first_seen_ts_ns": 339509652211,
      "last_seen_ts_ns": 339509652211
    },
    {
      "tgid": 10131,
      "comm": "lmp",
      "cgroup_id": 9803,
      "wait_duration_stats_ns": {
        "count": 1.0,
        "sum": 7217.0,
        "mean": 7217.0,
        "median": 7217.0,
        "min": 7217,
        "max": 7217,
        "variance_ns2": null,
        "iqr_ns": 0.0,
        "q1_ns": 7217.0,
        "q3_ns": 7217.0
      },
      "futex_op_counts": {
        "128": 1
      },
      "first_seen_ts_ns": 383504898736,
      "last_seen_ts_ns": 383504898736
    }
  ]
}
[15:17:39] Cleanup complete.
