unlimited
PROGRAM: shmem
Looking for /opt/programs/shmem/ebpf-collect.c
Initializing eBPF for Shared Memory monitoring...
BPF C code compiled and loaded.
[15:15:42] 
Start Indicator file defined '/mnt/flux/start_ebpf_collection'. Waiting.
[15:16:02] Start indicator found. Proceeding.
Attaching tracepoints...
  Kprobes for shm_open/shm_unlink should auto-attach if symbols exist.
Finished attaching probes.

--- Shared Memory Stats Summary at 15:16:07 ---
{"tgid": 8956, "comm": "flux-shell", "shmget": 1, "shmat": 1, "shmdt": 1, "rmid": 1, "get_mb": 0.00390625, "shmopen": 0, "unlink": 0, "mmap_sh": 1, "munmap": 62, "mmap_sh_mb": 4.000007629394531}
{"tgid": 8854, "comm": "flux-shell", "shmget": 1, "shmat": 1, "shmdt": 1, "rmid": 1, "get_mb": 0.00390625, "shmopen": 0, "unlink": 0, "mmap_sh": 1, "munmap": 62, "mmap_sh_mb": 4.000007629394531}
{"tgid": 8825, "comm": "flux-shell", "shmget": 1, "shmat": 1, "shmdt": 1, "rmid": 1, "get_mb": 0.00390625, "shmopen": 0, "unlink": 0, "mmap_sh": 1, "munmap": 62, "mmap_sh_mb": 4.000007629394531}
{"tgid": 8922, "comm": "flux-shell", "shmget": 1, "shmat": 1, "shmdt": 1, "rmid": 1, "get_mb": 0.00390625, "shmopen": 0, "unlink": 0, "mmap_sh": 1, "munmap": 62, "mmap_sh_mb": 4.000007629394531}
{"tgid": 8870, "comm": "flux-shell", "shmget": 1, "shmat": 1, "shmdt": 1, "rmid": 1, "get_mb": 0.00390625, "shmopen": 0, "unlink": 0, "mmap_sh": 1, "munmap": 62, "mmap_sh_mb": 4.000007629394531}
{"tgid": 8814, "comm": "flux-shell", "shmget": 1, "shmat": 1, "shmdt": 1, "rmid": 1, "get_mb": 0.00390625, "shmopen": 0, "unlink": 0, "mmap_sh": 1, "munmap": 62, "mmap_sh_mb": 4.000007629394531}
{"tgid": 8900, "comm": "flux-shell", "shmget": 1, "shmat": 1, "shmdt": 1, "rmid": 1, "get_mb": 0.00390625, "shmopen": 0, "unlink": 0, "mmap_sh": 1, "munmap": 62, "mmap_sh_mb": 4.000007629394531}
{"tgid": 8948, "comm": "flux-shell", "shmget": 1, "shmat": 1, "shmdt": 1, "rmid": 1, "get_mb": 0.00390625, "shmopen": 0, "unlink": 0, "mmap_sh": 1, "munmap": 62, "mmap_sh_mb": 4.000007629394531}
{"tgid": 8916, "comm": "flux-shell", "shmget": 1, "shmat": 1, "shmdt": 1, "rmid": 1, "get_mb": 0.00390625, "shmopen": 0, "unlink": 0, "mmap_sh": 1, "munmap": 62, "mmap_sh_mb": 4.000007629394531}
{"tgid": 8970, "comm": "flux-shell", "shmget": 1, "shmat": 1, "shmdt": 1, "rmid": 1, "get_mb": 0.00390625, "shmopen": 0, "unlink": 0, "mmap_sh": 1, "munmap": 62, "mmap_sh_mb": 4.000007629394531}
{"tgid": 8934, "comm": "flux-shell", "shmget": 1, "shmat": 1, "shmdt": 1, "rmid": 1, "get_mb": 0.00390625, "shmopen": 0, "unlink": 0, "mmap_sh": 1, "munmap": 62, "mmap_sh_mb": 4.000007629394531}
{"tgid": 8928, "comm": "flux-shell", "shmget": 1, "shmat": 1, "shmdt": 1, "rmid": 1, "get_mb": 0.00390625, "shmopen": 0, "unlink": 0, "mmap_sh": 1, "munmap": 62, "mmap_sh_mb": 4.000007629394531}
{"tgid": 8880, "comm": "flux-shell", "shmget": 1, "shmat": 1, "shmdt": 1, "rmid": 1, "get_mb": 0.00390625, "shmopen": 0, "unlink": 0, "mmap_sh": 1, "munmap": 62, "mmap_sh_mb": 4.000007629394531}
{"tgid": 8940, "comm": "flux-shell", "shmget": 1, "shmat": 1, "shmdt": 1, "rmid": 1, "get_mb": 0.00390625, "shmopen": 0, "unlink": 0, "mmap_sh": 1, "munmap": 62, "mmap_sh_mb": 4.000007629394531}
{"tgid": 8838, "comm": "flux-shell", "shmget": 1, "shmat": 1, "shmdt": 1, "rmid": 1, "get_mb": 0.00390625, "shmopen": 0, "unlink": 0, "mmap_sh": 1, "munmap": 62, "mmap_sh_mb": 4.000007629394531}
{"tgid": 8865, "comm": "flux-shell", "shmget": 1, "shmat": 1, "shmdt": 1, "rmid": 1, "get_mb": 0.00390625, "shmopen": 0, "unlink": 0, "mmap_sh": 1, "munmap": 62, "mmap_sh_mb": 4.000007629394531}
{"tgid": 8958, "comm": "flux-shell", "shmget": 1, "shmat": 1, "shmdt": 1, "rmid": 1, "get_mb": 0.00390625, "shmopen": 0, "unlink": 0, "mmap_sh": 1, "munmap": 62, "mmap_sh_mb": 4.000007629394531}
{"tgid": 8833, "comm": "flux-shell", "shmget": 1, "shmat": 1, "shmdt": 1, "rmid": 1, "get_mb": 0.00390625, "shmopen": 0, "unlink": 0, "mmap_sh": 1, "munmap": 61, "mmap_sh_mb": 4.000007629394531}
{"tgid": 8924, "comm": "flux-shell", "shmget": 1, "shmat": 1, "shmdt": 1, "rmid": 1, "get_mb": 0.00390625, "shmopen": 0, "unlink": 0, "mmap_sh": 1, "munmap": 62, "mmap_sh_mb": 4.000007629394531}
{"tgid": 8823, "comm": "flux-shell", "shmget": 1, "shmat": 1, "shmdt": 1, "rmid": 1, "get_mb": 0.00390625, "shmopen": 0, "unlink": 0, "mmap_sh": 1, "munmap": 62, "mmap_sh_mb": 4.000007629394531}

--- Shared Memory Stats Summary at 15:16:12 ---
{"tgid": 8956, "comm": "flux-shell", "shmget": 1, "shmat": 1, "shmdt": 1, "rmid": 1, "get_mb": 0.00390625, "shmopen": 0, "unlink": 0, "mmap_sh": 88, "munmap": 65, "mmap_sh_mb": 352.00067138671875}
{"tgid": 8854, "comm": "flux-shell", "shmget": 1, "shmat": 1, "shmdt": 1, "rmid": 1, "get_mb": 0.00390625, "shmopen": 0, "unlink": 0, "mmap_sh": 88, "munmap": 65, "mmap_sh_mb": 352.00067138671875}
{"tgid": 8825, "comm": "flux-shell", "shmget": 1, "shmat": 1, "shmdt": 1, "rmid": 1, "get_mb": 0.00390625, "shmopen": 0, "unlink": 0, "mmap_sh": 88, "munmap": 65, "mmap_sh_mb": 352.00067138671875}
{"tgid": 8922, "comm": "flux-shell", "shmget": 1, "shmat": 1, "shmdt": 1, "rmid": 1, "get_mb": 0.00390625, "shmopen": 0, "unlink": 0, "mmap_sh": 88, "munmap": 65, "mmap_sh_mb": 352.00067138671875}
{"tgid": 8870, "comm": "flux-shell", "shmget": 1, "shmat": 1, "shmdt": 1, "rmid": 1, "get_mb": 0.00390625, "shmopen": 0, "unlink": 0, "mmap_sh": 88, "munmap": 65, "mmap_sh_mb": 352.00067138671875}
{"tgid": 8814, "comm": "flux-shell", "shmget": 1, "shmat": 1, "shmdt": 1, "rmid": 1, "get_mb": 0.00390625, "shmopen": 0, "unlink": 0, "mmap_sh": 88, "munmap": 65, "mmap_sh_mb": 352.00067138671875}
{"tgid": 8900, "comm": "flux-shell", "shmget": 1, "shmat": 1, "shmdt": 1, "rmid": 1, "get_mb": 0.00390625, "shmopen": 0, "unlink": 0, "mmap_sh": 88, "munmap": 65, "mmap_sh_mb": 352.00067138671875}
{"tgid": 8948, "comm": "flux-shell", "shmget": 1, "shmat": 1, "shmdt": 1, "rmid": 1, "get_mb": 0.00390625, "shmopen": 0, "unlink": 0, "mmap_sh": 88, "munmap": 65, "mmap_sh_mb": 352.00067138671875}
{"tgid": 8916, "comm": "flux-shell", "shmget": 1, "shmat": 1, "shmdt": 1, "rmid": 1, "get_mb": 0.00390625, "shmopen": 0, "unlink": 0, "mmap_sh": 88, "munmap": 65, "mmap_sh_mb": 352.00067138671875}
{"tgid": 8970, "comm": "flux-shell", "shmget": 1, "shmat": 1, "shmdt": 1, "rmid": 1, "get_mb": 0.00390625, "shmopen": 0, "unlink": 0, "mmap_sh": 88, "munmap": 65, "mmap_sh_mb": 352.00067138671875}
{"tgid": 8934, "comm": "flux-shell", "shmget": 1, "shmat": 1, "shmdt": 1, "rmid": 1, "get_mb": 0.00390625, "shmopen": 0, "unlink": 0, "mmap_sh": 88, "munmap": 65, "mmap_sh_mb": 352.00067138671875}
{"tgid": 8928, "comm": "flux-shell", "shmget": 1, "shmat": 1, "shmdt": 1, "rmid": 1, "get_mb": 0.00390625, "shmopen": 0, "unlink": 0, "mmap_sh": 88, "munmap": 65, "mmap_sh_mb": 352.00067138671875}
{"tgid": 8880, "comm": "flux-shell", "shmget": 1, "shmat": 1, "shmdt": 1, "rmid": 1, "get_mb": 0.00390625, "shmopen": 0, "unlink": 0, "mmap_sh": 88, "munmap": 65, "mmap_sh_mb": 352.00067138671875}
{"tgid": 8940, "comm": "flux-shell", "shmget": 1, "shmat": 1, "shmdt": 1, "rmid": 1, "get_mb": 0.00390625, "shmopen": 0, "unlink": 0, "mmap_sh": 88, "munmap": 65, "mmap_sh_mb": 352.00067138671875}
{"tgid": 8838, "comm": "flux-shell", "shmget": 1, "shmat": 1, "shmdt": 1, "rmid": 1, "get_mb": 0.00390625, "shmopen": 0, "unlink": 0, "mmap_sh": 88, "munmap": 65, "mmap_sh_mb": 352.00067138671875}
{"tgid": 8865, "comm": "flux-shell", "shmget": 1, "shmat": 1, "shmdt": 1, "rmid": 1, "get_mb": 0.00390625, "shmopen": 0, "unlink": 0, "mmap_sh": 88, "munmap": 65, "mmap_sh_mb": 352.00067138671875}
{"tgid": 8958, "comm": "flux-shell", "shmget": 1, "shmat": 1, "shmdt": 1, "rmid": 1, "get_mb": 0.00390625, "shmopen": 0, "unlink": 0, "mmap_sh": 88, "munmap": 65, "mmap_sh_mb": 352.00067138671875}
{"tgid": 8833, "comm": "flux-shell", "shmget": 1, "shmat": 1, "shmdt": 1, "rmid": 1, "get_mb": 0.00390625, "shmopen": 0, "unlink": 0, "mmap_sh": 88, "munmap": 64, "mmap_sh_mb": 352.00067138671875}
{"tgid": 8924, "comm": "flux-shell", "shmget": 1, "shmat": 1, "shmdt": 1, "rmid": 1, "get_mb": 0.00390625, "shmopen": 0, "unlink": 0, "mmap_sh": 88, "munmap": 65, "mmap_sh_mb": 352.00067138671875}
{"tgid": 8823, "comm": "flux-shell", "shmget": 1, "shmat": 1, "shmdt": 1, "rmid": 1, "get_mb": 0.00390625, "shmopen": 0, "unlink": 0, "mmap_sh": 88, "munmap": 65, "mmap_sh_mb": 352.00067138671875}

--- Shared Memory Stats Summary at 15:16:17 ---
{"tgid": 8956, "comm": "flux-shell", "shmget": 1, "shmat": 1, "shmdt": 1, "rmid": 1, "get_mb": 0.00390625, "shmopen": 0, "unlink": 0, "mmap_sh": 88, "munmap": 73, "mmap_sh_mb": 352.00067138671875}
{"tgid": 8854, "comm": "flux-shell", "shmget": 1, "shmat": 1, "shmdt": 1, "rmid": 1, "get_mb": 0.00390625, "shmopen": 0, "unlink": 0, "mmap_sh": 88, "munmap": 72, "mmap_sh_mb": 352.00067138671875}
{"tgid": 8825, "comm": "flux-shell", "shmget": 1, "shmat": 1, "shmdt": 1, "rmid": 1, "get_mb": 0.00390625, "shmopen": 0, "unlink": 0, "mmap_sh": 88, "munmap": 72, "mmap_sh_mb": 352.00067138671875}
{"tgid": 8922, "comm": "flux-shell", "shmget": 1, "shmat": 1, "shmdt": 1, "rmid": 1, "get_mb": 0.00390625, "shmopen": 0, "unlink": 0, "mmap_sh": 88, "munmap": 72, "mmap_sh_mb": 352.00067138671875}
{"tgid": 8870, "comm": "flux-shell", "shmget": 1, "shmat": 1, "shmdt": 1, "rmid": 1, "get_mb": 0.00390625, "shmopen": 0, "unlink": 0, "mmap_sh": 88, "munmap": 73, "mmap_sh_mb": 352.00067138671875}
{"tgid": 8814, "comm": "flux-shell", "shmget": 1, "shmat": 1, "shmdt": 1, "rmid": 1, "get_mb": 0.00390625, "shmopen": 0, "unlink": 0, "mmap_sh": 88, "munmap": 72, "mmap_sh_mb": 352.00067138671875}
{"tgid": 8900, "comm": "flux-shell", "shmget": 1, "shmat": 1, "shmdt": 1, "rmid": 1, "get_mb": 0.00390625, "shmopen": 0, "unlink": 0, "mmap_sh": 88, "munmap": 72, "mmap_sh_mb": 352.00067138671875}
{"tgid": 8948, "comm": "flux-shell", "shmget": 1, "shmat": 1, "shmdt": 1, "rmid": 1, "get_mb": 0.00390625, "shmopen": 0, "unlink": 0, "mmap_sh": 88, "munmap": 72, "mmap_sh_mb": 352.00067138671875}
{"tgid": 8916, "comm": "flux-shell", "shmget": 1, "shmat": 1, "shmdt": 1, "rmid": 1, "get_mb": 0.00390625, "shmopen": 0, "unlink": 0, "mmap_sh": 88, "munmap": 73, "mmap_sh_mb": 352.00067138671875}
{"tgid": 8970, "comm": "flux-shell", "shmget": 1, "shmat": 1, "shmdt": 1, "rmid": 1, "get_mb": 0.00390625, "shmopen": 0, "unlink": 0, "mmap_sh": 88, "munmap": 72, "mmap_sh_mb": 352.00067138671875}
{"tgid": 8934, "comm": "flux-shell", "shmget": 1, "shmat": 1, "shmdt": 1, "rmid": 1, "get_mb": 0.00390625, "shmopen": 0, "unlink": 0, "mmap_sh": 88, "munmap": 72, "mmap_sh_mb": 352.00067138671875}
{"tgid": 8928, "comm": "flux-shell", "shmget": 1, "shmat": 1, "shmdt": 1, "rmid": 1, "get_mb": 0.00390625, "shmopen": 0, "unlink": 0, "mmap_sh": 88, "munmap": 73, "mmap_sh_mb": 352.00067138671875}
{"tgid": 8880, "comm": "flux-shell", "shmget": 1, "shmat": 1, "shmdt": 1, "rmid": 1, "get_mb": 0.00390625, "shmopen": 0, "unlink": 0, "mmap_sh": 88, "munmap": 72, "mmap_sh_mb": 352.00067138671875}
{"tgid": 8940, "comm": "flux-shell", "shmget": 1, "shmat": 1, "shmdt": 1, "rmid": 1, "get_mb": 0.00390625, "shmopen": 0, "unlink": 0, "mmap_sh": 88, "munmap": 72, "mmap_sh_mb": 352.00067138671875}
{"tgid": 8838, "comm": "flux-shell", "shmget": 1, "shmat": 1, "shmdt": 1, "rmid": 1, "get_mb": 0.00390625, "shmopen": 0, "unlink": 0, "mmap_sh": 88, "munmap": 72, "mmap_sh_mb": 352.00067138671875}
{"tgid": 8865, "comm": "flux-shell", "shmget": 1, "shmat": 1, "shmdt": 1, "rmid": 1, "get_mb": 0.00390625, "shmopen": 0, "unlink": 0, "mmap_sh": 88, "munmap": 73, "mmap_sh_mb": 352.00067138671875}
{"tgid": 8958, "comm": "flux-shell", "shmget": 1, "shmat": 1, "shmdt": 1, "rmid": 1, "get_mb": 0.00390625, "shmopen": 0, "unlink": 0, "mmap_sh": 88, "munmap": 72, "mmap_sh_mb": 352.00067138671875}
{"tgid": 8833, "comm": "flux-shell", "shmget": 1, "shmat": 1, "shmdt": 1, "rmid": 1, "get_mb": 0.00390625, "shmopen": 0, "unlink": 0, "mmap_sh": 88, "munmap": 72, "mmap_sh_mb": 352.00067138671875}
{"tgid": 8924, "comm": "flux-shell", "shmget": 1, "shmat": 1, "shmdt": 1, "rmid": 1, "get_mb": 0.00390625, "shmopen": 0, "unlink": 0, "mmap_sh": 88, "munmap": 73, "mmap_sh_mb": 352.00067138671875}
{"tgid": 8823, "comm": "flux-shell", "shmget": 1, "shmat": 1, "shmdt": 1, "rmid": 1, "get_mb": 0.00390625, "shmopen": 0, "unlink": 0, "mmap_sh": 88, "munmap": 73, "mmap_sh_mb": 352.00067138671875}

--- Shared Memory Stats Summary at 15:16:22 ---
{"tgid": 8956, "comm": "flux-shell", "shmget": 1, "shmat": 1, "shmdt": 1, "rmid": 1, "get_mb": 0.00390625, "shmopen": 0, "unlink": 0, "mmap_sh": 88, "munmap": 73, "mmap_sh_mb": 352.00067138671875}
{"tgid": 8854, "comm": "flux-shell", "shmget": 1, "shmat": 1, "shmdt": 1, "rmid": 1, "get_mb": 0.00390625, "shmopen": 0, "unlink": 0, "mmap_sh": 88, "munmap": 72, "mmap_sh_mb": 352.00067138671875}
{"tgid": 8825, "comm": "flux-shell", "shmget": 1, "shmat": 1, "shmdt": 1, "rmid": 1, "get_mb": 0.00390625, "shmopen": 0, "unlink": 0, "mmap_sh": 88, "munmap": 72, "mmap_sh_mb": 352.00067138671875}
{"tgid": 8922, "comm": "flux-shell", "shmget": 1, "shmat": 1, "shmdt": 1, "rmid": 1, "get_mb": 0.00390625, "shmopen": 0, "unlink": 0, "mmap_sh": 88, "munmap": 72, "mmap_sh_mb": 352.00067138671875}
{"tgid": 8870, "comm": "flux-shell", "shmget": 1, "shmat": 1, "shmdt": 1, "rmid": 1, "get_mb": 0.00390625, "shmopen": 0, "unlink": 0, "mmap_sh": 88, "munmap": 73, "mmap_sh_mb": 352.00067138671875}
{"tgid": 8814, "comm": "flux-shell", "shmget": 1, "shmat": 1, "shmdt": 1, "rmid": 1, "get_mb": 0.00390625, "shmopen": 0, "unlink": 0, "mmap_sh": 88, "munmap": 72, "mmap_sh_mb": 352.00067138671875}
{"tgid": 8900, "comm": "flux-shell", "shmget": 1, "shmat": 1, "shmdt": 1, "rmid": 1, "get_mb": 0.00390625, "shmopen": 0, "unlink": 0, "mmap_sh": 88, "munmap": 72, "mmap_sh_mb": 352.00067138671875}
{"tgid": 8948, "comm": "flux-shell", "shmget": 1, "shmat": 1, "shmdt": 1, "rmid": 1, "get_mb": 0.00390625, "shmopen": 0, "unlink": 0, "mmap_sh": 88, "munmap": 72, "mmap_sh_mb": 352.00067138671875}
{"tgid": 8916, "comm": "flux-shell", "shmget": 1, "shmat": 1, "shmdt": 1, "rmid": 1, "get_mb": 0.00390625, "shmopen": 0, "unlink": 0, "mmap_sh": 88, "munmap": 73, "mmap_sh_mb": 352.00067138671875}
{"tgid": 8970, "comm": "flux-shell", "shmget": 1, "shmat": 1, "shmdt": 1, "rmid": 1, "get_mb": 0.00390625, "shmopen": 0, "unlink": 0, "mmap_sh": 88, "munmap": 72, "mmap_sh_mb": 352.00067138671875}
{"tgid": 8934, "comm": "flux-shell", "shmget": 1, "shmat": 1, "shmdt": 1, "rmid": 1, "get_mb": 0.00390625, "shmopen": 0, "unlink": 0, "mmap_sh": 88, "munmap": 72, "mmap_sh_mb": 352.00067138671875}
{"tgid": 8928, "comm": "flux-shell", "shmget": 1, "shmat": 1, "shmdt": 1, "rmid": 1, "get_mb": 0.00390625, "shmopen": 0, "unlink": 0, "mmap_sh": 88, "munmap": 73, "mmap_sh_mb": 352.00067138671875}
{"tgid": 8880, "comm": "flux-shell", "shmget": 1, "shmat": 1, "shmdt": 1, "rmid": 1, "get_mb": 0.00390625, "shmopen": 0, "unlink": 0, "mmap_sh": 88, "munmap": 72, "mmap_sh_mb": 352.00067138671875}
{"tgid": 8940, "comm": "flux-shell", "shmget": 1, "shmat": 1, "shmdt": 1, "rmid": 1, "get_mb": 0.00390625, "shmopen": 0, "unlink": 0, "mmap_sh": 88, "munmap": 72, "mmap_sh_mb": 352.00067138671875}
{"tgid": 8838, "comm": "flux-shell", "shmget": 1, "shmat": 1, "shmdt": 1, "rmid": 1, "get_mb": 0.00390625, "shmopen": 0, "unlink": 0, "mmap_sh": 88, "munmap": 72, "mmap_sh_mb": 352.00067138671875}
{"tgid": 8865, "comm": "flux-shell", "shmget": 1, "shmat": 1, "shmdt": 1, "rmid": 1, "get_mb": 0.00390625, "shmopen": 0, "unlink": 0, "mmap_sh": 88, "munmap": 73, "mmap_sh_mb": 352.00067138671875}
{"tgid": 8958, "comm": "flux-shell", "shmget": 1, "shmat": 1, "shmdt": 1, "rmid": 1, "get_mb": 0.00390625, "shmopen": 0, "unlink": 0, "mmap_sh": 88, "munmap": 72, "mmap_sh_mb": 352.00067138671875}
{"tgid": 8833, "comm": "flux-shell", "shmget": 1, "shmat": 1, "shmdt": 1, "rmid": 1, "get_mb": 0.00390625, "shmopen": 0, "unlink": 0, "mmap_sh": 88, "munmap": 72, "mmap_sh_mb": 352.00067138671875}
{"tgid": 8924, "comm": "flux-shell", "shmget": 1, "shmat": 1, "shmdt": 1, "rmid": 1, "get_mb": 0.00390625, "shmopen": 0, "unlink": 0, "mmap_sh": 88, "munmap": 73, "mmap_sh_mb": 352.00067138671875}
{"tgid": 8823, "comm": "flux-shell", "shmget": 1, "shmat": 1, "shmdt": 1, "rmid": 1, "get_mb": 0.00390625, "shmopen": 0, "unlink": 0, "mmap_sh": 88, "munmap": 73, "mmap_sh_mb": 352.00067138671875}

--- Shared Memory Stats Summary at 15:16:27 ---
{"tgid": 8956, "comm": "flux-shell", "shmget": 1, "shmat": 1, "shmdt": 1, "rmid": 1, "get_mb": 0.00390625, "shmopen": 0, "unlink": 0, "mmap_sh": 88, "munmap": 73, "mmap_sh_mb": 352.00067138671875}
{"tgid": 8854, "comm": "flux-shell", "shmget": 1, "shmat": 1, "shmdt": 1, "rmid": 1, "get_mb": 0.00390625, "shmopen": 0, "unlink": 0, "mmap_sh": 88, "munmap": 72, "mmap_sh_mb": 352.00067138671875}
{"tgid": 8825, "comm": "flux-shell", "shmget": 1, "shmat": 1, "shmdt": 1, "rmid": 1, "get_mb": 0.00390625, "shmopen": 0, "unlink": 0, "mmap_sh": 88, "munmap": 72, "mmap_sh_mb": 352.00067138671875}
{"tgid": 8922, "comm": "flux-shell", "shmget": 1, "shmat": 1, "shmdt": 1, "rmid": 1, "get_mb": 0.00390625, "shmopen": 0, "unlink": 0, "mmap_sh": 88, "munmap": 72, "mmap_sh_mb": 352.00067138671875}
{"tgid": 8870, "comm": "flux-shell", "shmget": 1, "shmat": 1, "shmdt": 1, "rmid": 1, "get_mb": 0.00390625, "shmopen": 0, "unlink": 0, "mmap_sh": 88, "munmap": 73, "mmap_sh_mb": 352.00067138671875}
{"tgid": 8814, "comm": "flux-shell", "shmget": 1, "shmat": 1, "shmdt": 1, "rmid": 1, "get_mb": 0.00390625, "shmopen": 0, "unlink": 0, "mmap_sh": 88, "munmap": 72, "mmap_sh_mb": 352.00067138671875}
{"tgid": 8900, "comm": "flux-shell", "shmget": 1, "shmat": 1, "shmdt": 1, "rmid": 1, "get_mb": 0.00390625, "shmopen": 0, "unlink": 0, "mmap_sh": 88, "munmap": 72, "mmap_sh_mb": 352.00067138671875}
{"tgid": 8948, "comm": "flux-shell", "shmget": 1, "shmat": 1, "shmdt": 1, "rmid": 1, "get_mb": 0.00390625, "shmopen": 0, "unlink": 0, "mmap_sh": 88, "munmap": 72, "mmap_sh_mb": 352.00067138671875}
{"tgid": 8916, "comm": "flux-shell", "shmget": 1, "shmat": 1, "shmdt": 1, "rmid": 1, "get_mb": 0.00390625, "shmopen": 0, "unlink": 0, "mmap_sh": 88, "munmap": 73, "mmap_sh_mb": 352.00067138671875}
{"tgid": 8970, "comm": "flux-shell", "shmget": 1, "shmat": 1, "shmdt": 1, "rmid": 1, "get_mb": 0.00390625, "shmopen": 0, "unlink": 0, "mmap_sh": 88, "munmap": 72, "mmap_sh_mb": 352.00067138671875}
{"tgid": 8934, "comm": "flux-shell", "shmget": 1, "shmat": 1, "shmdt": 1, "rmid": 1, "get_mb": 0.00390625, "shmopen": 0, "unlink": 0, "mmap_sh": 88, "munmap": 72, "mmap_sh_mb": 352.00067138671875}
{"tgid": 8928, "comm": "flux-shell", "shmget": 1, "shmat": 1, "shmdt": 1, "rmid": 1, "get_mb": 0.00390625, "shmopen": 0, "unlink": 0, "mmap_sh": 88, "munmap": 73, "mmap_sh_mb": 352.00067138671875}
{"tgid": 8880, "comm": "flux-shell", "shmget": 1, "shmat": 1, "shmdt": 1, "rmid": 1, "get_mb": 0.00390625, "shmopen": 0, "unlink": 0, "mmap_sh": 88, "munmap": 72, "mmap_sh_mb": 352.00067138671875}
{"tgid": 8940, "comm": "flux-shell", "shmget": 1, "shmat": 1, "shmdt": 1, "rmid": 1, "get_mb": 0.00390625, "shmopen": 0, "unlink": 0, "mmap_sh": 88, "munmap": 72, "mmap_sh_mb": 352.00067138671875}
{"tgid": 8838, "comm": "flux-shell", "shmget": 1, "shmat": 1, "shmdt": 1, "rmid": 1, "get_mb": 0.00390625, "shmopen": 0, "unlink": 0, "mmap_sh": 88, "munmap": 72, "mmap_sh_mb": 352.00067138671875}
{"tgid": 8865, "comm": "flux-shell", "shmget": 1, "shmat": 1, "shmdt": 1, "rmid": 1, "get_mb": 0.00390625, "shmopen": 0, "unlink": 0, "mmap_sh": 88, "munmap": 73, "mmap_sh_mb": 352.00067138671875}
{"tgid": 8958, "comm": "flux-shell", "shmget": 1, "shmat": 1, "shmdt": 1, "rmid": 1, "get_mb": 0.00390625, "shmopen": 0, "unlink": 0, "mmap_sh": 88, "munmap": 72, "mmap_sh_mb": 352.00067138671875}
{"tgid": 8833, "comm": "flux-shell", "shmget": 1, "shmat": 1, "shmdt": 1, "rmid": 1, "get_mb": 0.00390625, "shmopen": 0, "unlink": 0, "mmap_sh": 88, "munmap": 72, "mmap_sh_mb": 352.00067138671875}
{"tgid": 8924, "comm": "flux-shell", "shmget": 1, "shmat": 1, "shmdt": 1, "rmid": 1, "get_mb": 0.00390625, "shmopen": 0, "unlink": 0, "mmap_sh": 88, "munmap": 73, "mmap_sh_mb": 352.00067138671875}
{"tgid": 8823, "comm": "flux-shell", "shmget": 1, "shmat": 1, "shmdt": 1, "rmid": 1, "get_mb": 0.00390625, "shmopen": 0, "unlink": 0, "mmap_sh": 88, "munmap": 73, "mmap_sh_mb": 352.00067138671875}

--- Shared Memory Stats Summary at 15:16:32 ---
{"tgid": 8956, "comm": "flux-shell", "shmget": 1, "shmat": 1, "shmdt": 1, "rmid": 1, "get_mb": 0.00390625, "shmopen": 0, "unlink": 0, "mmap_sh": 88, "munmap": 73, "mmap_sh_mb": 352.00067138671875}
{"tgid": 8854, "comm": "flux-shell", "shmget": 1, "shmat": 1, "shmdt": 1, "rmid": 1, "get_mb": 0.00390625, "shmopen": 0, "unlink": 0, "mmap_sh": 88, "munmap": 72, "mmap_sh_mb": 352.00067138671875}
{"tgid": 8825, "comm": "flux-shell", "shmget": 1, "shmat": 1, "shmdt": 1, "rmid": 1, "get_mb": 0.00390625, "shmopen": 0, "unlink": 0, "mmap_sh": 88, "munmap": 72, "mmap_sh_mb": 352.00067138671875}
{"tgid": 8922, "comm": "flux-shell", "shmget": 1, "shmat": 1, "shmdt": 1, "rmid": 1, "get_mb": 0.00390625, "shmopen": 0, "unlink": 0, "mmap_sh": 88, "munmap": 72, "mmap_sh_mb": 352.00067138671875}
{"tgid": 8870, "comm": "flux-shell", "shmget": 1, "shmat": 1, "shmdt": 1, "rmid": 1, "get_mb": 0.00390625, "shmopen": 0, "unlink": 0, "mmap_sh": 88, "munmap": 73, "mmap_sh_mb": 352.00067138671875}
{"tgid": 8814, "comm": "flux-shell", "shmget": 1, "shmat": 1, "shmdt": 1, "rmid": 1, "get_mb": 0.00390625, "shmopen": 0, "unlink": 0, "mmap_sh": 88, "munmap": 72, "mmap_sh_mb": 352.00067138671875}
{"tgid": 8900, "comm": "flux-shell", "shmget": 1, "shmat": 1, "shmdt": 1, "rmid": 1, "get_mb": 0.00390625, "shmopen": 0, "unlink": 0, "mmap_sh": 88, "munmap": 72, "mmap_sh_mb": 352.00067138671875}
{"tgid": 8948, "comm": "flux-shell", "shmget": 1, "shmat": 1, "shmdt": 1, "rmid": 1, "get_mb": 0.00390625, "shmopen": 0, "unlink": 0, "mmap_sh": 88, "munmap": 72, "mmap_sh_mb": 352.00067138671875}
{"tgid": 8916, "comm": "flux-shell", "shmget": 1, "shmat": 1, "shmdt": 1, "rmid": 1, "get_mb": 0.00390625, "shmopen": 0, "unlink": 0, "mmap_sh": 88, "munmap": 73, "mmap_sh_mb": 352.00067138671875}
{"tgid": 8970, "comm": "flux-shell", "shmget": 1, "shmat": 1, "shmdt": 1, "rmid": 1, "get_mb": 0.00390625, "shmopen": 0, "unlink": 0, "mmap_sh": 88, "munmap": 72, "mmap_sh_mb": 352.00067138671875}
{"tgid": 8934, "comm": "flux-shell", "shmget": 1, "shmat": 1, "shmdt": 1, "rmid": 1, "get_mb": 0.00390625, "shmopen": 0, "unlink": 0, "mmap_sh": 88, "munmap": 72, "mmap_sh_mb": 352.00067138671875}
{"tgid": 8928, "comm": "flux-shell", "shmget": 1, "shmat": 1, "shmdt": 1, "rmid": 1, "get_mb": 0.00390625, "shmopen": 0, "unlink": 0, "mmap_sh": 88, "munmap": 73, "mmap_sh_mb": 352.00067138671875}
{"tgid": 8880, "comm": "flux-shell", "shmget": 1, "shmat": 1, "shmdt": 1, "rmid": 1, "get_mb": 0.00390625, "shmopen": 0, "unlink": 0, "mmap_sh": 88, "munmap": 72, "mmap_sh_mb": 352.00067138671875}
{"tgid": 8940, "comm": "flux-shell", "shmget": 1, "shmat": 1, "shmdt": 1, "rmid": 1, "get_mb": 0.00390625, "shmopen": 0, "unlink": 0, "mmap_sh": 88, "munmap": 72, "mmap_sh_mb": 352.00067138671875}
{"tgid": 8838, "comm": "flux-shell", "shmget": 1, "shmat": 1, "shmdt": 1, "rmid": 1, "get_mb": 0.00390625, "shmopen": 0, "unlink": 0, "mmap_sh": 88, "munmap": 72, "mmap_sh_mb": 352.00067138671875}
{"tgid": 8865, "comm": "flux-shell", "shmget": 1, "shmat": 1, "shmdt": 1, "rmid": 1, "get_mb": 0.00390625, "shmopen": 0, "unlink": 0, "mmap_sh": 88, "munmap": 73, "mmap_sh_mb": 352.00067138671875}
{"tgid": 8958, "comm": "flux-shell", "shmget": 1, "shmat": 1, "shmdt": 1, "rmid": 1, "get_mb": 0.00390625, "shmopen": 0, "unlink": 0, "mmap_sh": 88, "munmap": 72, "mmap_sh_mb": 352.00067138671875}
{"tgid": 8833, "comm": "flux-shell", "shmget": 1, "shmat": 1, "shmdt": 1, "rmid": 1, "get_mb": 0.00390625, "shmopen": 0, "unlink": 0, "mmap_sh": 88, "munmap": 72, "mmap_sh_mb": 352.00067138671875}
{"tgid": 8924, "comm": "flux-shell", "shmget": 1, "shmat": 1, "shmdt": 1, "rmid": 1, "get_mb": 0.00390625, "shmopen": 0, "unlink": 0, "mmap_sh": 88, "munmap": 73, "mmap_sh_mb": 352.00067138671875}
{"tgid": 8823, "comm": "flux-shell", "shmget": 1, "shmat": 1, "shmdt": 1, "rmid": 1, "get_mb": 0.00390625, "shmopen": 0, "unlink": 0, "mmap_sh": 88, "munmap": 73, "mmap_sh_mb": 352.00067138671875}

--- Shared Memory Stats Summary at 15:16:37 ---
{"tgid": 8956, "comm": "flux-shell", "shmget": 1, "shmat": 1, "shmdt": 1, "rmid": 1, "get_mb": 0.00390625, "shmopen": 0, "unlink": 0, "mmap_sh": 88, "munmap": 73, "mmap_sh_mb": 352.00067138671875}
{"tgid": 8854, "comm": "flux-shell", "shmget": 1, "shmat": 1, "shmdt": 1, "rmid": 1, "get_mb": 0.00390625, "shmopen": 0, "unlink": 0, "mmap_sh": 88, "munmap": 72, "mmap_sh_mb": 352.00067138671875}
{"tgid": 8825, "comm": "flux-shell", "shmget": 1, "shmat": 1, "shmdt": 1, "rmid": 1, "get_mb": 0.00390625, "shmopen": 0, "unlink": 0, "mmap_sh": 88, "munmap": 72, "mmap_sh_mb": 352.00067138671875}
{"tgid": 8922, "comm": "flux-shell", "shmget": 1, "shmat": 1, "shmdt": 1, "rmid": 1, "get_mb": 0.00390625, "shmopen": 0, "unlink": 0, "mmap_sh": 88, "munmap": 72, "mmap_sh_mb": 352.00067138671875}
{"tgid": 8870, "comm": "flux-shell", "shmget": 1, "shmat": 1, "shmdt": 1, "rmid": 1, "get_mb": 0.00390625, "shmopen": 0, "unlink": 0, "mmap_sh": 88, "munmap": 73, "mmap_sh_mb": 352.00067138671875}
{"tgid": 8814, "comm": "flux-shell", "shmget": 1, "shmat": 1, "shmdt": 1, "rmid": 1, "get_mb": 0.00390625, "shmopen": 0, "unlink": 0, "mmap_sh": 88, "munmap": 72, "mmap_sh_mb": 352.00067138671875}
{"tgid": 8900, "comm": "flux-shell", "shmget": 1, "shmat": 1, "shmdt": 1, "rmid": 1, "get_mb": 0.00390625, "shmopen": 0, "unlink": 0, "mmap_sh": 88, "munmap": 72, "mmap_sh_mb": 352.00067138671875}
{"tgid": 8948, "comm": "flux-shell", "shmget": 1, "shmat": 1, "shmdt": 1, "rmid": 1, "get_mb": 0.00390625, "shmopen": 0, "unlink": 0, "mmap_sh": 88, "munmap": 72, "mmap_sh_mb": 352.00067138671875}
{"tgid": 8916, "comm": "flux-shell", "shmget": 1, "shmat": 1, "shmdt": 1, "rmid": 1, "get_mb": 0.00390625, "shmopen": 0, "unlink": 0, "mmap_sh": 88, "munmap": 73, "mmap_sh_mb": 352.00067138671875}
{"tgid": 8970, "comm": "flux-shell", "shmget": 1, "shmat": 1, "shmdt": 1, "rmid": 1, "get_mb": 0.00390625, "shmopen": 0, "unlink": 0, "mmap_sh": 88, "munmap": 72, "mmap_sh_mb": 352.00067138671875}
{"tgid": 8934, "comm": "flux-shell", "shmget": 1, "shmat": 1, "shmdt": 1, "rmid": 1, "get_mb": 0.00390625, "shmopen": 0, "unlink": 0, "mmap_sh": 88, "munmap": 72, "mmap_sh_mb": 352.00067138671875}
{"tgid": 8928, "comm": "flux-shell", "shmget": 1, "shmat": 1, "shmdt": 1, "rmid": 1, "get_mb": 0.00390625, "shmopen": 0, "unlink": 0, "mmap_sh": 88, "munmap": 73, "mmap_sh_mb": 352.00067138671875}
{"tgid": 8880, "comm": "flux-shell", "shmget": 1, "shmat": 1, "shmdt": 1, "rmid": 1, "get_mb": 0.00390625, "shmopen": 0, "unlink": 0, "mmap_sh": 88, "munmap": 72, "mmap_sh_mb": 352.00067138671875}
{"tgid": 8940, "comm": "flux-shell", "shmget": 1, "shmat": 1, "shmdt": 1, "rmid": 1, "get_mb": 0.00390625, "shmopen": 0, "unlink": 0, "mmap_sh": 88, "munmap": 72, "mmap_sh_mb": 352.00067138671875}
{"tgid": 8838, "comm": "flux-shell", "shmget": 1, "shmat": 1, "shmdt": 1, "rmid": 1, "get_mb": 0.00390625, "shmopen": 0, "unlink": 0, "mmap_sh": 88, "munmap": 72, "mmap_sh_mb": 352.00067138671875}
{"tgid": 8865, "comm": "flux-shell", "shmget": 1, "shmat": 1, "shmdt": 1, "rmid": 1, "get_mb": 0.00390625, "shmopen": 0, "unlink": 0, "mmap_sh": 88, "munmap": 73, "mmap_sh_mb": 352.00067138671875}
{"tgid": 8958, "comm": "flux-shell", "shmget": 1, "shmat": 1, "shmdt": 1, "rmid": 1, "get_mb": 0.00390625, "shmopen": 0, "unlink": 0, "mmap_sh": 88, "munmap": 72, "mmap_sh_mb": 352.00067138671875}
{"tgid": 8833, "comm": "flux-shell", "shmget": 1, "shmat": 1, "shmdt": 1, "rmid": 1, "get_mb": 0.00390625, "shmopen": 0, "unlink": 0, "mmap_sh": 88, "munmap": 72, "mmap_sh_mb": 352.00067138671875}
{"tgid": 8924, "comm": "flux-shell", "shmget": 1, "shmat": 1, "shmdt": 1, "rmid": 1, "get_mb": 0.00390625, "shmopen": 0, "unlink": 0, "mmap_sh": 88, "munmap": 73, "mmap_sh_mb": 352.00067138671875}
{"tgid": 8823, "comm": "flux-shell", "shmget": 1, "shmat": 1, "shmdt": 1, "rmid": 1, "get_mb": 0.00390625, "shmopen": 0, "unlink": 0, "mmap_sh": 88, "munmap": 73, "mmap_sh_mb": 352.00067138671875}

--- Shared Memory Stats Summary at 15:16:42 ---
{"tgid": 8956, "comm": "flux-shell", "shmget": 1, "shmat": 1, "shmdt": 1, "rmid": 1, "get_mb": 0.00390625, "shmopen": 0, "unlink": 0, "mmap_sh": 88, "munmap": 73, "mmap_sh_mb": 352.00067138671875}
{"tgid": 8854, "comm": "flux-shell", "shmget": 1, "shmat": 1, "shmdt": 1, "rmid": 1, "get_mb": 0.00390625, "shmopen": 0, "unlink": 0, "mmap_sh": 88, "munmap": 72, "mmap_sh_mb": 352.00067138671875}
{"tgid": 8825, "comm": "flux-shell", "shmget": 1, "shmat": 1, "shmdt": 1, "rmid": 1, "get_mb": 0.00390625, "shmopen": 0, "unlink": 0, "mmap_sh": 88, "munmap": 72, "mmap_sh_mb": 352.00067138671875}
{"tgid": 8922, "comm": "flux-shell", "shmget": 1, "shmat": 1, "shmdt": 1, "rmid": 1, "get_mb": 0.00390625, "shmopen": 0, "unlink": 0, "mmap_sh": 88, "munmap": 72, "mmap_sh_mb": 352.00067138671875}
{"tgid": 8870, "comm": "flux-shell", "shmget": 1, "shmat": 1, "shmdt": 1, "rmid": 1, "get_mb": 0.00390625, "shmopen": 0, "unlink": 0, "mmap_sh": 88, "munmap": 73, "mmap_sh_mb": 352.00067138671875}
{"tgid": 8814, "comm": "flux-shell", "shmget": 1, "shmat": 1, "shmdt": 1, "rmid": 1, "get_mb": 0.00390625, "shmopen": 0, "unlink": 0, "mmap_sh": 88, "munmap": 72, "mmap_sh_mb": 352.00067138671875}
{"tgid": 8900, "comm": "flux-shell", "shmget": 1, "shmat": 1, "shmdt": 1, "rmid": 1, "get_mb": 0.00390625, "shmopen": 0, "unlink": 0, "mmap_sh": 88, "munmap": 72, "mmap_sh_mb": 352.00067138671875}
{"tgid": 8948, "comm": "flux-shell", "shmget": 1, "shmat": 1, "shmdt": 1, "rmid": 1, "get_mb": 0.00390625, "shmopen": 0, "unlink": 0, "mmap_sh": 88, "munmap": 72, "mmap_sh_mb": 352.00067138671875}
{"tgid": 8916, "comm": "flux-shell", "shmget": 1, "shmat": 1, "shmdt": 1, "rmid": 1, "get_mb": 0.00390625, "shmopen": 0, "unlink": 0, "mmap_sh": 88, "munmap": 73, "mmap_sh_mb": 352.00067138671875}
{"tgid": 8970, "comm": "flux-shell", "shmget": 1, "shmat": 1, "shmdt": 1, "rmid": 1, "get_mb": 0.00390625, "shmopen": 0, "unlink": 0, "mmap_sh": 88, "munmap": 72, "mmap_sh_mb": 352.00067138671875}
{"tgid": 8934, "comm": "flux-shell", "shmget": 1, "shmat": 1, "shmdt": 1, "rmid": 1, "get_mb": 0.00390625, "shmopen": 0, "unlink": 0, "mmap_sh": 88, "munmap": 72, "mmap_sh_mb": 352.00067138671875}
{"tgid": 8928, "comm": "flux-shell", "shmget": 1, "shmat": 1, "shmdt": 1, "rmid": 1, "get_mb": 0.00390625, "shmopen": 0, "unlink": 0, "mmap_sh": 88, "munmap": 73, "mmap_sh_mb": 352.00067138671875}
{"tgid": 8880, "comm": "flux-shell", "shmget": 1, "shmat": 1, "shmdt": 1, "rmid": 1, "get_mb": 0.00390625, "shmopen": 0, "unlink": 0, "mmap_sh": 88, "munmap": 72, "mmap_sh_mb": 352.00067138671875}
{"tgid": 8940, "comm": "flux-shell", "shmget": 1, "shmat": 1, "shmdt": 1, "rmid": 1, "get_mb": 0.00390625, "shmopen": 0, "unlink": 0, "mmap_sh": 88, "munmap": 72, "mmap_sh_mb": 352.00067138671875}
{"tgid": 8838, "comm": "flux-shell", "shmget": 1, "shmat": 1, "shmdt": 1, "rmid": 1, "get_mb": 0.00390625, "shmopen": 0, "unlink": 0, "mmap_sh": 88, "munmap": 72, "mmap_sh_mb": 352.00067138671875}
{"tgid": 8865, "comm": "flux-shell", "shmget": 1, "shmat": 1, "shmdt": 1, "rmid": 1, "get_mb": 0.00390625, "shmopen": 0, "unlink": 0, "mmap_sh": 88, "munmap": 73, "mmap_sh_mb": 352.00067138671875}
{"tgid": 8958, "comm": "flux-shell", "shmget": 1, "shmat": 1, "shmdt": 1, "rmid": 1, "get_mb": 0.00390625, "shmopen": 0, "unlink": 0, "mmap_sh": 88, "munmap": 72, "mmap_sh_mb": 352.00067138671875}
{"tgid": 8833, "comm": "flux-shell", "shmget": 1, "shmat": 1, "shmdt": 1, "rmid": 1, "get_mb": 0.00390625, "shmopen": 0, "unlink": 0, "mmap_sh": 88, "munmap": 72, "mmap_sh_mb": 352.00067138671875}
{"tgid": 8924, "comm": "flux-shell", "shmget": 1, "shmat": 1, "shmdt": 1, "rmid": 1, "get_mb": 0.00390625, "shmopen": 0, "unlink": 0, "mmap_sh": 88, "munmap": 73, "mmap_sh_mb": 352.00067138671875}
{"tgid": 8823, "comm": "flux-shell", "shmget": 1, "shmat": 1, "shmdt": 1, "rmid": 1, "get_mb": 0.00390625, "shmopen": 0, "unlink": 0, "mmap_sh": 88, "munmap": 73, "mmap_sh_mb": 352.00067138671875}

--- Shared Memory Stats Summary at 15:16:47 ---
{"tgid": 8956, "comm": "flux-shell", "shmget": 1, "shmat": 1, "shmdt": 1, "rmid": 1, "get_mb": 0.00390625, "shmopen": 0, "unlink": 0, "mmap_sh": 88, "munmap": 73, "mmap_sh_mb": 352.00067138671875}
{"tgid": 8854, "comm": "flux-shell", "shmget": 1, "shmat": 1, "shmdt": 1, "rmid": 1, "get_mb": 0.00390625, "shmopen": 0, "unlink": 0, "mmap_sh": 88, "munmap": 72, "mmap_sh_mb": 352.00067138671875}
{"tgid": 8825, "comm": "flux-shell", "shmget": 1, "shmat": 1, "shmdt": 1, "rmid": 1, "get_mb": 0.00390625, "shmopen": 0, "unlink": 0, "mmap_sh": 88, "munmap": 72, "mmap_sh_mb": 352.00067138671875}
{"tgid": 8922, "comm": "flux-shell", "shmget": 1, "shmat": 1, "shmdt": 1, "rmid": 1, "get_mb": 0.00390625, "shmopen": 0, "unlink": 0, "mmap_sh": 88, "munmap": 72, "mmap_sh_mb": 352.00067138671875}
{"tgid": 8870, "comm": "flux-shell", "shmget": 1, "shmat": 1, "shmdt": 1, "rmid": 1, "get_mb": 0.00390625, "shmopen": 0, "unlink": 0, "mmap_sh": 88, "munmap": 73, "mmap_sh_mb": 352.00067138671875}
{"tgid": 8814, "comm": "flux-shell", "shmget": 1, "shmat": 1, "shmdt": 1, "rmid": 1, "get_mb": 0.00390625, "shmopen": 0, "unlink": 0, "mmap_sh": 88, "munmap": 72, "mmap_sh_mb": 352.00067138671875}
{"tgid": 8900, "comm": "flux-shell", "shmget": 1, "shmat": 1, "shmdt": 1, "rmid": 1, "get_mb": 0.00390625, "shmopen": 0, "unlink": 0, "mmap_sh": 88, "munmap": 72, "mmap_sh_mb": 352.00067138671875}
{"tgid": 8948, "comm": "flux-shell", "shmget": 1, "shmat": 1, "shmdt": 1, "rmid": 1, "get_mb": 0.00390625, "shmopen": 0, "unlink": 0, "mmap_sh": 88, "munmap": 72, "mmap_sh_mb": 352.00067138671875}
{"tgid": 8916, "comm": "flux-shell", "shmget": 1, "shmat": 1, "shmdt": 1, "rmid": 1, "get_mb": 0.00390625, "shmopen": 0, "unlink": 0, "mmap_sh": 88, "munmap": 73, "mmap_sh_mb": 352.00067138671875}
{"tgid": 8970, "comm": "flux-shell", "shmget": 1, "shmat": 1, "shmdt": 1, "rmid": 1, "get_mb": 0.00390625, "shmopen": 0, "unlink": 0, "mmap_sh": 88, "munmap": 72, "mmap_sh_mb": 352.00067138671875}
{"tgid": 8934, "comm": "flux-shell", "shmget": 1, "shmat": 1, "shmdt": 1, "rmid": 1, "get_mb": 0.00390625, "shmopen": 0, "unlink": 0, "mmap_sh": 88, "munmap": 72, "mmap_sh_mb": 352.00067138671875}
{"tgid": 8928, "comm": "flux-shell", "shmget": 1, "shmat": 1, "shmdt": 1, "rmid": 1, "get_mb": 0.00390625, "shmopen": 0, "unlink": 0, "mmap_sh": 88, "munmap": 73, "mmap_sh_mb": 352.00067138671875}
{"tgid": 8880, "comm": "flux-shell", "shmget": 1, "shmat": 1, "shmdt": 1, "rmid": 1, "get_mb": 0.00390625, "shmopen": 0, "unlink": 0, "mmap_sh": 88, "munmap": 72, "mmap_sh_mb": 352.00067138671875}
{"tgid": 8940, "comm": "flux-shell", "shmget": 1, "shmat": 1, "shmdt": 1, "rmid": 1, "get_mb": 0.00390625, "shmopen": 0, "unlink": 0, "mmap_sh": 88, "munmap": 72, "mmap_sh_mb": 352.00067138671875}
{"tgid": 8838, "comm": "flux-shell", "shmget": 1, "shmat": 1, "shmdt": 1, "rmid": 1, "get_mb": 0.00390625, "shmopen": 0, "unlink": 0, "mmap_sh": 88, "munmap": 72, "mmap_sh_mb": 352.00067138671875}
{"tgid": 8865, "comm": "flux-shell", "shmget": 1, "shmat": 1, "shmdt": 1, "rmid": 1, "get_mb": 0.00390625, "shmopen": 0, "unlink": 0, "mmap_sh": 88, "munmap": 73, "mmap_sh_mb": 352.00067138671875}
{"tgid": 8958, "comm": "flux-shell", "shmget": 1, "shmat": 1, "shmdt": 1, "rmid": 1, "get_mb": 0.00390625, "shmopen": 0, "unlink": 0, "mmap_sh": 88, "munmap": 72, "mmap_sh_mb": 352.00067138671875}
{"tgid": 8833, "comm": "flux-shell", "shmget": 1, "shmat": 1, "shmdt": 1, "rmid": 1, "get_mb": 0.00390625, "shmopen": 0, "unlink": 0, "mmap_sh": 88, "munmap": 72, "mmap_sh_mb": 352.00067138671875}
{"tgid": 8924, "comm": "flux-shell", "shmget": 1, "shmat": 1, "shmdt": 1, "rmid": 1, "get_mb": 0.00390625, "shmopen": 0, "unlink": 0, "mmap_sh": 88, "munmap": 73, "mmap_sh_mb": 352.00067138671875}
{"tgid": 8823, "comm": "flux-shell", "shmget": 1, "shmat": 1, "shmdt": 1, "rmid": 1, "get_mb": 0.00390625, "shmopen": 0, "unlink": 0, "mmap_sh": 88, "munmap": 73, "mmap_sh_mb": 352.00067138671875}

--- Shared Memory Stats Summary at 15:16:52 ---
{"tgid": 8956, "comm": "flux-shell", "shmget": 1, "shmat": 1, "shmdt": 1, "rmid": 1, "get_mb": 0.00390625, "shmopen": 0, "unlink": 0, "mmap_sh": 88, "munmap": 261, "mmap_sh_mb": 352.00067138671875}
{"tgid": 8854, "comm": "flux-shell", "shmget": 1, "shmat": 1, "shmdt": 1, "rmid": 1, "get_mb": 0.00390625, "shmopen": 0, "unlink": 0, "mmap_sh": 88, "munmap": 259, "mmap_sh_mb": 352.00067138671875}
{"tgid": 8825, "comm": "flux-shell", "shmget": 1, "shmat": 1, "shmdt": 1, "rmid": 1, "get_mb": 0.00390625, "shmopen": 0, "unlink": 0, "mmap_sh": 88, "munmap": 260, "mmap_sh_mb": 352.00067138671875}
{"tgid": 8922, "comm": "flux-shell", "shmget": 1, "shmat": 1, "shmdt": 1, "rmid": 1, "get_mb": 0.00390625, "shmopen": 0, "unlink": 0, "mmap_sh": 88, "munmap": 260, "mmap_sh_mb": 352.00067138671875}
{"tgid": 8870, "comm": "flux-shell", "shmget": 1, "shmat": 1, "shmdt": 1, "rmid": 1, "get_mb": 0.00390625, "shmopen": 0, "unlink": 0, "mmap_sh": 88, "munmap": 261, "mmap_sh_mb": 352.00067138671875}
{"tgid": 8814, "comm": "flux-shell", "shmget": 1, "shmat": 1, "shmdt": 1, "rmid": 1, "get_mb": 0.00390625, "shmopen": 0, "unlink": 0, "mmap_sh": 88, "munmap": 259, "mmap_sh_mb": 352.00067138671875}
{"tgid": 8900, "comm": "flux-shell", "shmget": 1, "shmat": 1, "shmdt": 1, "rmid": 1, "get_mb": 0.00390625, "shmopen": 0, "unlink": 0, "mmap_sh": 88, "munmap": 260, "mmap_sh_mb": 352.00067138671875}
{"tgid": 8948, "comm": "flux-shell", "shmget": 1, "shmat": 1, "shmdt": 1, "rmid": 1, "get_mb": 0.00390625, "shmopen": 0, "unlink": 0, "mmap_sh": 88, "munmap": 260, "mmap_sh_mb": 352.00067138671875}
{"tgid": 8916, "comm": "flux-shell", "shmget": 1, "shmat": 1, "shmdt": 1, "rmid": 1, "get_mb": 0.00390625, "shmopen": 0, "unlink": 0, "mmap_sh": 88, "munmap": 261, "mmap_sh_mb": 352.00067138671875}
{"tgid": 8970, "comm": "flux-shell", "shmget": 1, "shmat": 1, "shmdt": 1, "rmid": 1, "get_mb": 0.00390625, "shmopen": 0, "unlink": 0, "mmap_sh": 88, "munmap": 259, "mmap_sh_mb": 352.00067138671875}
{"tgid": 8934, "comm": "flux-shell", "shmget": 1, "shmat": 1, "shmdt": 1, "rmid": 1, "get_mb": 0.00390625, "shmopen": 0, "unlink": 0, "mmap_sh": 88, "munmap": 259, "mmap_sh_mb": 352.00067138671875}
{"tgid": 8928, "comm": "flux-shell", "shmget": 1, "shmat": 1, "shmdt": 1, "rmid": 1, "get_mb": 0.00390625, "shmopen": 0, "unlink": 0, "mmap_sh": 88, "munmap": 261, "mmap_sh_mb": 352.00067138671875}
{"tgid": 8880, "comm": "flux-shell", "shmget": 1, "shmat": 1, "shmdt": 1, "rmid": 1, "get_mb": 0.00390625, "shmopen": 0, "unlink": 0, "mmap_sh": 88, "munmap": 260, "mmap_sh_mb": 352.00067138671875}
{"tgid": 8940, "comm": "flux-shell", "shmget": 1, "shmat": 1, "shmdt": 1, "rmid": 1, "get_mb": 0.00390625, "shmopen": 0, "unlink": 0, "mmap_sh": 88, "munmap": 259, "mmap_sh_mb": 352.00067138671875}
{"tgid": 8838, "comm": "flux-shell", "shmget": 1, "shmat": 1, "shmdt": 1, "rmid": 1, "get_mb": 0.00390625, "shmopen": 0, "unlink": 0, "mmap_sh": 88, "munmap": 259, "mmap_sh_mb": 352.00067138671875}
{"tgid": 8865, "comm": "flux-shell", "shmget": 1, "shmat": 1, "shmdt": 1, "rmid": 1, "get_mb": 0.00390625, "shmopen": 0, "unlink": 0, "mmap_sh": 88, "munmap": 261, "mmap_sh_mb": 352.00067138671875}
{"tgid": 8958, "comm": "flux-shell", "shmget": 1, "shmat": 1, "shmdt": 1, "rmid": 1, "get_mb": 0.00390625, "shmopen": 0, "unlink": 0, "mmap_sh": 88, "munmap": 258, "mmap_sh_mb": 352.00067138671875}
{"tgid": 8833, "comm": "flux-shell", "shmget": 1, "shmat": 1, "shmdt": 1, "rmid": 1, "get_mb": 0.00390625, "shmopen": 0, "unlink": 0, "mmap_sh": 88, "munmap": 260, "mmap_sh_mb": 352.00067138671875}
{"tgid": 8924, "comm": "flux-shell", "shmget": 1, "shmat": 1, "shmdt": 1, "rmid": 1, "get_mb": 0.00390625, "shmopen": 0, "unlink": 0, "mmap_sh": 88, "munmap": 261, "mmap_sh_mb": 352.00067138671875}
{"tgid": 8823, "comm": "flux-shell", "shmget": 1, "shmat": 1, "shmdt": 1, "rmid": 1, "get_mb": 0.00390625, "shmopen": 0, "unlink": 0, "mmap_sh": 88, "munmap": 261, "mmap_sh_mb": 352.00067138671875}

--- Shared Memory Stats Summary at 15:16:57 ---
{"tgid": 8956, "comm": "flux-shell", "shmget": 1, "shmat": 1, "shmdt": 1, "rmid": 1, "get_mb": 0.00390625, "shmopen": 0, "unlink": 0, "mmap_sh": 88, "munmap": 261, "mmap_sh_mb": 352.00067138671875}
{"tgid": 8854, "comm": "flux-shell", "shmget": 1, "shmat": 1, "shmdt": 1, "rmid": 1, "get_mb": 0.00390625, "shmopen": 0, "unlink": 0, "mmap_sh": 88, "munmap": 259, "mmap_sh_mb": 352.00067138671875}
{"tgid": 8825, "comm": "flux-shell", "shmget": 1, "shmat": 1, "shmdt": 1, "rmid": 1, "get_mb": 0.00390625, "shmopen": 0, "unlink": 0, "mmap_sh": 88, "munmap": 260, "mmap_sh_mb": 352.00067138671875}
{"tgid": 8922, "comm": "flux-shell", "shmget": 1, "shmat": 1, "shmdt": 1, "rmid": 1, "get_mb": 0.00390625, "shmopen": 0, "unlink": 0, "mmap_sh": 88, "munmap": 260, "mmap_sh_mb": 352.00067138671875}
{"tgid": 8870, "comm": "flux-shell", "shmget": 1, "shmat": 1, "shmdt": 1, "rmid": 1, "get_mb": 0.00390625, "shmopen": 0, "unlink": 0, "mmap_sh": 88, "munmap": 261, "mmap_sh_mb": 352.00067138671875}
{"tgid": 8814, "comm": "flux-shell", "shmget": 1, "shmat": 1, "shmdt": 1, "rmid": 1, "get_mb": 0.00390625, "shmopen": 0, "unlink": 0, "mmap_sh": 88, "munmap": 259, "mmap_sh_mb": 352.00067138671875}
{"tgid": 8900, "comm": "flux-shell", "shmget": 1, "shmat": 1, "shmdt": 1, "rmid": 1, "get_mb": 0.00390625, "shmopen": 0, "unlink": 0, "mmap_sh": 88, "munmap": 260, "mmap_sh_mb": 352.00067138671875}
{"tgid": 8948, "comm": "flux-shell", "shmget": 1, "shmat": 1, "shmdt": 1, "rmid": 1, "get_mb": 0.00390625, "shmopen": 0, "unlink": 0, "mmap_sh": 88, "munmap": 260, "mmap_sh_mb": 352.00067138671875}
{"tgid": 8916, "comm": "flux-shell", "shmget": 1, "shmat": 1, "shmdt": 1, "rmid": 1, "get_mb": 0.00390625, "shmopen": 0, "unlink": 0, "mmap_sh": 88, "munmap": 261, "mmap_sh_mb": 352.00067138671875}
{"tgid": 8970, "comm": "flux-shell", "shmget": 1, "shmat": 1, "shmdt": 1, "rmid": 1, "get_mb": 0.00390625, "shmopen": 0, "unlink": 0, "mmap_sh": 88, "munmap": 259, "mmap_sh_mb": 352.00067138671875}
{"tgid": 8934, "comm": "flux-shell", "shmget": 1, "shmat": 1, "shmdt": 1, "rmid": 1, "get_mb": 0.00390625, "shmopen": 0, "unlink": 0, "mmap_sh": 88, "munmap": 259, "mmap_sh_mb": 352.00067138671875}
{"tgid": 8928, "comm": "flux-shell", "shmget": 1, "shmat": 1, "shmdt": 1, "rmid": 1, "get_mb": 0.00390625, "shmopen": 0, "unlink": 0, "mmap_sh": 88, "munmap": 261, "mmap_sh_mb": 352.00067138671875}
{"tgid": 8880, "comm": "flux-shell", "shmget": 1, "shmat": 1, "shmdt": 1, "rmid": 1, "get_mb": 0.00390625, "shmopen": 0, "unlink": 0, "mmap_sh": 88, "munmap": 260, "mmap_sh_mb": 352.00067138671875}
{"tgid": 8940, "comm": "flux-shell", "shmget": 1, "shmat": 1, "shmdt": 1, "rmid": 1, "get_mb": 0.00390625, "shmopen": 0, "unlink": 0, "mmap_sh": 88, "munmap": 259, "mmap_sh_mb": 352.00067138671875}
{"tgid": 8838, "comm": "flux-shell", "shmget": 1, "shmat": 1, "shmdt": 1, "rmid": 1, "get_mb": 0.00390625, "shmopen": 0, "unlink": 0, "mmap_sh": 88, "munmap": 259, "mmap_sh_mb": 352.00067138671875}
{"tgid": 8865, "comm": "flux-shell", "shmget": 1, "shmat": 1, "shmdt": 1, "rmid": 1, "get_mb": 0.00390625, "shmopen": 0, "unlink": 0, "mmap_sh": 88, "munmap": 261, "mmap_sh_mb": 352.00067138671875}
{"tgid": 8958, "comm": "flux-shell", "shmget": 1, "shmat": 1, "shmdt": 1, "rmid": 1, "get_mb": 0.00390625, "shmopen": 0, "unlink": 0, "mmap_sh": 88, "munmap": 258, "mmap_sh_mb": 352.00067138671875}
{"tgid": 8833, "comm": "flux-shell", "shmget": 1, "shmat": 1, "shmdt": 1, "rmid": 1, "get_mb": 0.00390625, "shmopen": 0, "unlink": 0, "mmap_sh": 88, "munmap": 260, "mmap_sh_mb": 352.00067138671875}
{"tgid": 8924, "comm": "flux-shell", "shmget": 1, "shmat": 1, "shmdt": 1, "rmid": 1, "get_mb": 0.00390625, "shmopen": 0, "unlink": 0, "mmap_sh": 88, "munmap": 261, "mmap_sh_mb": 352.00067138671875}
{"tgid": 8823, "comm": "flux-shell", "shmget": 1, "shmat": 1, "shmdt": 1, "rmid": 1, "get_mb": 0.00390625, "shmopen": 0, "unlink": 0, "mmap_sh": 88, "munmap": 261, "mmap_sh_mb": 352.00067138671875}

--- Shared Memory Stats Summary at 15:17:02 ---
{"tgid": 9297, "comm": "flux-shell", "shmget": 1, "shmat": 1, "shmdt": 1, "rmid": 1, "get_mb": 0.00390625, "shmopen": 0, "unlink": 0, "mmap_sh": 88, "munmap": 65, "mmap_sh_mb": 352.00067138671875}
{"tgid": 9177, "comm": "flux-shell", "shmget": 1, "shmat": 1, "shmdt": 1, "rmid": 1, "get_mb": 0.00390625, "shmopen": 0, "unlink": 0, "mmap_sh": 88, "munmap": 65, "mmap_sh_mb": 352.00067138671875}
{"tgid": 8956, "comm": "flux-shell", "shmget": 1, "shmat": 1, "shmdt": 1, "rmid": 1, "get_mb": 0.00390625, "shmopen": 0, "unlink": 0, "mmap_sh": 88, "munmap": 261, "mmap_sh_mb": 352.00067138671875}
{"tgid": 8854, "comm": "flux-shell", "shmget": 1, "shmat": 1, "shmdt": 1, "rmid": 1, "get_mb": 0.00390625, "shmopen": 0, "unlink": 0, "mmap_sh": 88, "munmap": 259, "mmap_sh_mb": 352.00067138671875}
{"tgid": 8825, "comm": "flux-shell", "shmget": 1, "shmat": 1, "shmdt": 1, "rmid": 1, "get_mb": 0.00390625, "shmopen": 0, "unlink": 0, "mmap_sh": 88, "munmap": 260, "mmap_sh_mb": 352.00067138671875}
{"tgid": 9305, "comm": "flux-shell", "shmget": 1, "shmat": 1, "shmdt": 1, "rmid": 1, "get_mb": 0.00390625, "shmopen": 0, "unlink": 0, "mmap_sh": 88, "munmap": 65, "mmap_sh_mb": 352.00067138671875}
{"tgid": 8922, "comm": "flux-shell", "shmget": 1, "shmat": 1, "shmdt": 1, "rmid": 1, "get_mb": 0.00390625, "shmopen": 0, "unlink": 0, "mmap_sh": 88, "munmap": 260, "mmap_sh_mb": 352.00067138671875}
{"tgid": 9180, "comm": "flux-shell", "shmget": 1, "shmat": 1, "shmdt": 1, "rmid": 1, "get_mb": 0.00390625, "shmopen": 0, "unlink": 0, "mmap_sh": 88, "munmap": 65, "mmap_sh_mb": 352.00067138671875}
{"tgid": 9321, "comm": "flux-shell", "shmget": 1, "shmat": 1, "shmdt": 1, "rmid": 1, "get_mb": 0.00390625, "shmopen": 0, "unlink": 0, "mmap_sh": 88, "munmap": 65, "mmap_sh_mb": 352.00067138671875}
{"tgid": 8870, "comm": "flux-shell", "shmget": 1, "shmat": 1, "shmdt": 1, "rmid": 1, "get_mb": 0.00390625, "shmopen": 0, "unlink": 0, "mmap_sh": 88, "munmap": 261, "mmap_sh_mb": 352.00067138671875}
{"tgid": 8814, "comm": "flux-shell", "shmget": 1, "shmat": 1, "shmdt": 1, "rmid": 1, "get_mb": 0.00390625, "shmopen": 0, "unlink": 0, "mmap_sh": 88, "munmap": 259, "mmap_sh_mb": 352.00067138671875}
{"tgid": 9217, "comm": "flux-shell", "shmget": 1, "shmat": 1, "shmdt": 1, "rmid": 1, "get_mb": 0.00390625, "shmopen": 0, "unlink": 0, "mmap_sh": 88, "munmap": 65, "mmap_sh_mb": 352.00067138671875}
{"tgid": 9327, "comm": "flux-shell", "shmget": 1, "shmat": 1, "shmdt": 1, "rmid": 1, "get_mb": 0.00390625, "shmopen": 0, "unlink": 0, "mmap_sh": 88, "munmap": 65, "mmap_sh_mb": 352.00067138671875}
{"tgid": 9287, "comm": "flux-shell", "shmget": 1, "shmat": 1, "shmdt": 1, "rmid": 1, "get_mb": 0.00390625, "shmopen": 0, "unlink": 0, "mmap_sh": 88, "munmap": 65, "mmap_sh_mb": 352.00067138671875}
{"tgid": 9219, "comm": "flux-shell", "shmget": 1, "shmat": 1, "shmdt": 1, "rmid": 1, "get_mb": 0.00390625, "shmopen": 0, "unlink": 0, "mmap_sh": 88, "munmap": 65, "mmap_sh_mb": 352.00067138671875}
{"tgid": 9315, "comm": "flux-shell", "shmget": 1, "shmat": 1, "shmdt": 1, "rmid": 1, "get_mb": 0.00390625, "shmopen": 0, "unlink": 0, "mmap_sh": 88, "munmap": 65, "mmap_sh_mb": 352.00067138671875}
{"tgid": 9313, "comm": "flux-shell", "shmget": 1, "shmat": 1, "shmdt": 1, "rmid": 1, "get_mb": 0.00390625, "shmopen": 0, "unlink": 0, "mmap_sh": 88, "munmap": 65, "mmap_sh_mb": 352.00067138671875}
{"tgid": 9299, "comm": "flux-shell", "shmget": 1, "shmat": 1, "shmdt": 1, "rmid": 1, "get_mb": 0.00390625, "shmopen": 0, "unlink": 0, "mmap_sh": 88, "munmap": 65, "mmap_sh_mb": 352.00067138671875}
{"tgid": 9277, "comm": "flux-shell", "shmget": 1, "shmat": 1, "shmdt": 1, "rmid": 1, "get_mb": 0.00390625, "shmopen": 0, "unlink": 0, "mmap_sh": 88, "munmap": 65, "mmap_sh_mb": 352.00067138671875}
{"tgid": 8900, "comm": "flux-shell", "shmget": 1, "shmat": 1, "shmdt": 1, "rmid": 1, "get_mb": 0.00390625, "shmopen": 0, "unlink": 0, "mmap_sh": 88, "munmap": 260, "mmap_sh_mb": 352.00067138671875}

--- Shared Memory Stats Summary at 15:17:07 ---
{"tgid": 9297, "comm": "flux-shell", "shmget": 1, "shmat": 1, "shmdt": 1, "rmid": 1, "get_mb": 0.00390625, "shmopen": 0, "unlink": 0, "mmap_sh": 88, "munmap": 73, "mmap_sh_mb": 352.00067138671875}
{"tgid": 9177, "comm": "flux-shell", "shmget": 1, "shmat": 1, "shmdt": 1, "rmid": 1, "get_mb": 0.00390625, "shmopen": 0, "unlink": 0, "mmap_sh": 88, "munmap": 72, "mmap_sh_mb": 352.00067138671875}
{"tgid": 8956, "comm": "flux-shell", "shmget": 1, "shmat": 1, "shmdt": 1, "rmid": 1, "get_mb": 0.00390625, "shmopen": 0, "unlink": 0, "mmap_sh": 88, "munmap": 261, "mmap_sh_mb": 352.00067138671875}
{"tgid": 8854, "comm": "flux-shell", "shmget": 1, "shmat": 1, "shmdt": 1, "rmid": 1, "get_mb": 0.00390625, "shmopen": 0, "unlink": 0, "mmap_sh": 88, "munmap": 259, "mmap_sh_mb": 352.00067138671875}
{"tgid": 8825, "comm": "flux-shell", "shmget": 1, "shmat": 1, "shmdt": 1, "rmid": 1, "get_mb": 0.00390625, "shmopen": 0, "unlink": 0, "mmap_sh": 88, "munmap": 260, "mmap_sh_mb": 352.00067138671875}
{"tgid": 9305, "comm": "flux-shell", "shmget": 1, "shmat": 1, "shmdt": 1, "rmid": 1, "get_mb": 0.00390625, "shmopen": 0, "unlink": 0, "mmap_sh": 88, "munmap": 72, "mmap_sh_mb": 352.00067138671875}
{"tgid": 8922, "comm": "flux-shell", "shmget": 1, "shmat": 1, "shmdt": 1, "rmid": 1, "get_mb": 0.00390625, "shmopen": 0, "unlink": 0, "mmap_sh": 88, "munmap": 260, "mmap_sh_mb": 352.00067138671875}
{"tgid": 9180, "comm": "flux-shell", "shmget": 1, "shmat": 1, "shmdt": 1, "rmid": 1, "get_mb": 0.00390625, "shmopen": 0, "unlink": 0, "mmap_sh": 88, "munmap": 72, "mmap_sh_mb": 352.00067138671875}
{"tgid": 9321, "comm": "flux-shell", "shmget": 1, "shmat": 1, "shmdt": 1, "rmid": 1, "get_mb": 0.00390625, "shmopen": 0, "unlink": 0, "mmap_sh": 88, "munmap": 73, "mmap_sh_mb": 352.00067138671875}
{"tgid": 8870, "comm": "flux-shell", "shmget": 1, "shmat": 1, "shmdt": 1, "rmid": 1, "get_mb": 0.00390625, "shmopen": 0, "unlink": 0, "mmap_sh": 88, "munmap": 261, "mmap_sh_mb": 352.00067138671875}
{"tgid": 8814, "comm": "flux-shell", "shmget": 1, "shmat": 1, "shmdt": 1, "rmid": 1, "get_mb": 0.00390625, "shmopen": 0, "unlink": 0, "mmap_sh": 88, "munmap": 259, "mmap_sh_mb": 352.00067138671875}
{"tgid": 9217, "comm": "flux-shell", "shmget": 1, "shmat": 1, "shmdt": 1, "rmid": 1, "get_mb": 0.00390625, "shmopen": 0, "unlink": 0, "mmap_sh": 88, "munmap": 72, "mmap_sh_mb": 352.00067138671875}
{"tgid": 9327, "comm": "flux-shell", "shmget": 1, "shmat": 1, "shmdt": 1, "rmid": 1, "get_mb": 0.00390625, "shmopen": 0, "unlink": 0, "mmap_sh": 88, "munmap": 73, "mmap_sh_mb": 352.00067138671875}
{"tgid": 9287, "comm": "flux-shell", "shmget": 1, "shmat": 1, "shmdt": 1, "rmid": 1, "get_mb": 0.00390625, "shmopen": 0, "unlink": 0, "mmap_sh": 88, "munmap": 72, "mmap_sh_mb": 352.00067138671875}
{"tgid": 9219, "comm": "flux-shell", "shmget": 1, "shmat": 1, "shmdt": 1, "rmid": 1, "get_mb": 0.00390625, "shmopen": 0, "unlink": 0, "mmap_sh": 88, "munmap": 72, "mmap_sh_mb": 352.00067138671875}
{"tgid": 9315, "comm": "flux-shell", "shmget": 1, "shmat": 1, "shmdt": 1, "rmid": 1, "get_mb": 0.00390625, "shmopen": 0, "unlink": 0, "mmap_sh": 88, "munmap": 72, "mmap_sh_mb": 352.00067138671875}
{"tgid": 9313, "comm": "flux-shell", "shmget": 1, "shmat": 1, "shmdt": 1, "rmid": 1, "get_mb": 0.00390625, "shmopen": 0, "unlink": 0, "mmap_sh": 88, "munmap": 72, "mmap_sh_mb": 352.00067138671875}
{"tgid": 9299, "comm": "flux-shell", "shmget": 1, "shmat": 1, "shmdt": 1, "rmid": 1, "get_mb": 0.00390625, "shmopen": 0, "unlink": 0, "mmap_sh": 88, "munmap": 73, "mmap_sh_mb": 352.00067138671875}
{"tgid": 9277, "comm": "flux-shell", "shmget": 1, "shmat": 1, "shmdt": 1, "rmid": 1, "get_mb": 0.00390625, "shmopen": 0, "unlink": 0, "mmap_sh": 88, "munmap": 72, "mmap_sh_mb": 352.00067138671875}
{"tgid": 8900, "comm": "flux-shell", "shmget": 1, "shmat": 1, "shmdt": 1, "rmid": 1, "get_mb": 0.00390625, "shmopen": 0, "unlink": 0, "mmap_sh": 88, "munmap": 260, "mmap_sh_mb": 352.00067138671875}

--- Shared Memory Stats Summary at 15:17:12 ---
{"tgid": 9297, "comm": "flux-shell", "shmget": 1, "shmat": 1, "shmdt": 1, "rmid": 1, "get_mb": 0.00390625, "shmopen": 0, "unlink": 0, "mmap_sh": 88, "munmap": 73, "mmap_sh_mb": 352.00067138671875}
{"tgid": 9177, "comm": "flux-shell", "shmget": 1, "shmat": 1, "shmdt": 1, "rmid": 1, "get_mb": 0.00390625, "shmopen": 0, "unlink": 0, "mmap_sh": 88, "munmap": 72, "mmap_sh_mb": 352.00067138671875}
{"tgid": 8956, "comm": "flux-shell", "shmget": 1, "shmat": 1, "shmdt": 1, "rmid": 1, "get_mb": 0.00390625, "shmopen": 0, "unlink": 0, "mmap_sh": 88, "munmap": 261, "mmap_sh_mb": 352.00067138671875}
{"tgid": 8854, "comm": "flux-shell", "shmget": 1, "shmat": 1, "shmdt": 1, "rmid": 1, "get_mb": 0.00390625, "shmopen": 0, "unlink": 0, "mmap_sh": 88, "munmap": 259, "mmap_sh_mb": 352.00067138671875}
{"tgid": 8825, "comm": "flux-shell", "shmget": 1, "shmat": 1, "shmdt": 1, "rmid": 1, "get_mb": 0.00390625, "shmopen": 0, "unlink": 0, "mmap_sh": 88, "munmap": 260, "mmap_sh_mb": 352.00067138671875}
{"tgid": 9305, "comm": "flux-shell", "shmget": 1, "shmat": 1, "shmdt": 1, "rmid": 1, "get_mb": 0.00390625, "shmopen": 0, "unlink": 0, "mmap_sh": 88, "munmap": 72, "mmap_sh_mb": 352.00067138671875}
{"tgid": 8922, "comm": "flux-shell", "shmget": 1, "shmat": 1, "shmdt": 1, "rmid": 1, "get_mb": 0.00390625, "shmopen": 0, "unlink": 0, "mmap_sh": 88, "munmap": 260, "mmap_sh_mb": 352.00067138671875}
{"tgid": 9180, "comm": "flux-shell", "shmget": 1, "shmat": 1, "shmdt": 1, "rmid": 1, "get_mb": 0.00390625, "shmopen": 0, "unlink": 0, "mmap_sh": 88, "munmap": 72, "mmap_sh_mb": 352.00067138671875}
{"tgid": 9321, "comm": "flux-shell", "shmget": 1, "shmat": 1, "shmdt": 1, "rmid": 1, "get_mb": 0.00390625, "shmopen": 0, "unlink": 0, "mmap_sh": 88, "munmap": 73, "mmap_sh_mb": 352.00067138671875}
{"tgid": 8870, "comm": "flux-shell", "shmget": 1, "shmat": 1, "shmdt": 1, "rmid": 1, "get_mb": 0.00390625, "shmopen": 0, "unlink": 0, "mmap_sh": 88, "munmap": 261, "mmap_sh_mb": 352.00067138671875}
{"tgid": 8814, "comm": "flux-shell", "shmget": 1, "shmat": 1, "shmdt": 1, "rmid": 1, "get_mb": 0.00390625, "shmopen": 0, "unlink": 0, "mmap_sh": 88, "munmap": 259, "mmap_sh_mb": 352.00067138671875}
{"tgid": 9217, "comm": "flux-shell", "shmget": 1, "shmat": 1, "shmdt": 1, "rmid": 1, "get_mb": 0.00390625, "shmopen": 0, "unlink": 0, "mmap_sh": 88, "munmap": 72, "mmap_sh_mb": 352.00067138671875}
{"tgid": 9327, "comm": "flux-shell", "shmget": 1, "shmat": 1, "shmdt": 1, "rmid": 1, "get_mb": 0.00390625, "shmopen": 0, "unlink": 0, "mmap_sh": 88, "munmap": 73, "mmap_sh_mb": 352.00067138671875}
{"tgid": 9287, "comm": "flux-shell", "shmget": 1, "shmat": 1, "shmdt": 1, "rmid": 1, "get_mb": 0.00390625, "shmopen": 0, "unlink": 0, "mmap_sh": 88, "munmap": 72, "mmap_sh_mb": 352.00067138671875}
{"tgid": 9219, "comm": "flux-shell", "shmget": 1, "shmat": 1, "shmdt": 1, "rmid": 1, "get_mb": 0.00390625, "shmopen": 0, "unlink": 0, "mmap_sh": 88, "munmap": 72, "mmap_sh_mb": 352.00067138671875}
{"tgid": 9315, "comm": "flux-shell", "shmget": 1, "shmat": 1, "shmdt": 1, "rmid": 1, "get_mb": 0.00390625, "shmopen": 0, "unlink": 0, "mmap_sh": 88, "munmap": 72, "mmap_sh_mb": 352.00067138671875}
{"tgid": 9313, "comm": "flux-shell", "shmget": 1, "shmat": 1, "shmdt": 1, "rmid": 1, "get_mb": 0.00390625, "shmopen": 0, "unlink": 0, "mmap_sh": 88, "munmap": 72, "mmap_sh_mb": 352.00067138671875}
{"tgid": 9299, "comm": "flux-shell", "shmget": 1, "shmat": 1, "shmdt": 1, "rmid": 1, "get_mb": 0.00390625, "shmopen": 0, "unlink": 0, "mmap_sh": 88, "munmap": 73, "mmap_sh_mb": 352.00067138671875}
{"tgid": 9277, "comm": "flux-shell", "shmget": 1, "shmat": 1, "shmdt": 1, "rmid": 1, "get_mb": 0.00390625, "shmopen": 0, "unlink": 0, "mmap_sh": 88, "munmap": 72, "mmap_sh_mb": 352.00067138671875}
{"tgid": 8900, "comm": "flux-shell", "shmget": 1, "shmat": 1, "shmdt": 1, "rmid": 1, "get_mb": 0.00390625, "shmopen": 0, "unlink": 0, "mmap_sh": 88, "munmap": 260, "mmap_sh_mb": 352.00067138671875}

--- Shared Memory Stats Summary at 15:17:17 ---
{"tgid": 9297, "comm": "flux-shell", "shmget": 1, "shmat": 1, "shmdt": 1, "rmid": 1, "get_mb": 0.00390625, "shmopen": 0, "unlink": 0, "mmap_sh": 88, "munmap": 73, "mmap_sh_mb": 352.00067138671875}
{"tgid": 9177, "comm": "flux-shell", "shmget": 1, "shmat": 1, "shmdt": 1, "rmid": 1, "get_mb": 0.00390625, "shmopen": 0, "unlink": 0, "mmap_sh": 88, "munmap": 72, "mmap_sh_mb": 352.00067138671875}
{"tgid": 8956, "comm": "flux-shell", "shmget": 1, "shmat": 1, "shmdt": 1, "rmid": 1, "get_mb": 0.00390625, "shmopen": 0, "unlink": 0, "mmap_sh": 88, "munmap": 261, "mmap_sh_mb": 352.00067138671875}
{"tgid": 8854, "comm": "flux-shell", "shmget": 1, "shmat": 1, "shmdt": 1, "rmid": 1, "get_mb": 0.00390625, "shmopen": 0, "unlink": 0, "mmap_sh": 88, "munmap": 259, "mmap_sh_mb": 352.00067138671875}
{"tgid": 8825, "comm": "flux-shell", "shmget": 1, "shmat": 1, "shmdt": 1, "rmid": 1, "get_mb": 0.00390625, "shmopen": 0, "unlink": 0, "mmap_sh": 88, "munmap": 260, "mmap_sh_mb": 352.00067138671875}
{"tgid": 9305, "comm": "flux-shell", "shmget": 1, "shmat": 1, "shmdt": 1, "rmid": 1, "get_mb": 0.00390625, "shmopen": 0, "unlink": 0, "mmap_sh": 88, "munmap": 72, "mmap_sh_mb": 352.00067138671875}
{"tgid": 8922, "comm": "flux-shell", "shmget": 1, "shmat": 1, "shmdt": 1, "rmid": 1, "get_mb": 0.00390625, "shmopen": 0, "unlink": 0, "mmap_sh": 88, "munmap": 260, "mmap_sh_mb": 352.00067138671875}
{"tgid": 9180, "comm": "flux-shell", "shmget": 1, "shmat": 1, "shmdt": 1, "rmid": 1, "get_mb": 0.00390625, "shmopen": 0, "unlink": 0, "mmap_sh": 88, "munmap": 72, "mmap_sh_mb": 352.00067138671875}
{"tgid": 9321, "comm": "flux-shell", "shmget": 1, "shmat": 1, "shmdt": 1, "rmid": 1, "get_mb": 0.00390625, "shmopen": 0, "unlink": 0, "mmap_sh": 88, "munmap": 73, "mmap_sh_mb": 352.00067138671875}
{"tgid": 8870, "comm": "flux-shell", "shmget": 1, "shmat": 1, "shmdt": 1, "rmid": 1, "get_mb": 0.00390625, "shmopen": 0, "unlink": 0, "mmap_sh": 88, "munmap": 261, "mmap_sh_mb": 352.00067138671875}
{"tgid": 8814, "comm": "flux-shell", "shmget": 1, "shmat": 1, "shmdt": 1, "rmid": 1, "get_mb": 0.00390625, "shmopen": 0, "unlink": 0, "mmap_sh": 88, "munmap": 259, "mmap_sh_mb": 352.00067138671875}
{"tgid": 9217, "comm": "flux-shell", "shmget": 1, "shmat": 1, "shmdt": 1, "rmid": 1, "get_mb": 0.00390625, "shmopen": 0, "unlink": 0, "mmap_sh": 88, "munmap": 72, "mmap_sh_mb": 352.00067138671875}
{"tgid": 9327, "comm": "flux-shell", "shmget": 1, "shmat": 1, "shmdt": 1, "rmid": 1, "get_mb": 0.00390625, "shmopen": 0, "unlink": 0, "mmap_sh": 88, "munmap": 73, "mmap_sh_mb": 352.00067138671875}
{"tgid": 9287, "comm": "flux-shell", "shmget": 1, "shmat": 1, "shmdt": 1, "rmid": 1, "get_mb": 0.00390625, "shmopen": 0, "unlink": 0, "mmap_sh": 88, "munmap": 72, "mmap_sh_mb": 352.00067138671875}
{"tgid": 9219, "comm": "flux-shell", "shmget": 1, "shmat": 1, "shmdt": 1, "rmid": 1, "get_mb": 0.00390625, "shmopen": 0, "unlink": 0, "mmap_sh": 88, "munmap": 72, "mmap_sh_mb": 352.00067138671875}
{"tgid": 9315, "comm": "flux-shell", "shmget": 1, "shmat": 1, "shmdt": 1, "rmid": 1, "get_mb": 0.00390625, "shmopen": 0, "unlink": 0, "mmap_sh": 88, "munmap": 72, "mmap_sh_mb": 352.00067138671875}
{"tgid": 9313, "comm": "flux-shell", "shmget": 1, "shmat": 1, "shmdt": 1, "rmid": 1, "get_mb": 0.00390625, "shmopen": 0, "unlink": 0, "mmap_sh": 88, "munmap": 72, "mmap_sh_mb": 352.00067138671875}
{"tgid": 9299, "comm": "flux-shell", "shmget": 1, "shmat": 1, "shmdt": 1, "rmid": 1, "get_mb": 0.00390625, "shmopen": 0, "unlink": 0, "mmap_sh": 88, "munmap": 73, "mmap_sh_mb": 352.00067138671875}
{"tgid": 9277, "comm": "flux-shell", "shmget": 1, "shmat": 1, "shmdt": 1, "rmid": 1, "get_mb": 0.00390625, "shmopen": 0, "unlink": 0, "mmap_sh": 88, "munmap": 72, "mmap_sh_mb": 352.00067138671875}
{"tgid": 8900, "comm": "flux-shell", "shmget": 1, "shmat": 1, "shmdt": 1, "rmid": 1, "get_mb": 0.00390625, "shmopen": 0, "unlink": 0, "mmap_sh": 88, "munmap": 260, "mmap_sh_mb": 352.00067138671875}

--- Shared Memory Stats Summary at 15:17:22 ---
{"tgid": 9297, "comm": "flux-shell", "shmget": 1, "shmat": 1, "shmdt": 1, "rmid": 1, "get_mb": 0.00390625, "shmopen": 0, "unlink": 0, "mmap_sh": 88, "munmap": 73, "mmap_sh_mb": 352.00067138671875}
{"tgid": 9177, "comm": "flux-shell", "shmget": 1, "shmat": 1, "shmdt": 1, "rmid": 1, "get_mb": 0.00390625, "shmopen": 0, "unlink": 0, "mmap_sh": 88, "munmap": 72, "mmap_sh_mb": 352.00067138671875}
{"tgid": 8956, "comm": "flux-shell", "shmget": 1, "shmat": 1, "shmdt": 1, "rmid": 1, "get_mb": 0.00390625, "shmopen": 0, "unlink": 0, "mmap_sh": 88, "munmap": 261, "mmap_sh_mb": 352.00067138671875}
{"tgid": 8854, "comm": "flux-shell", "shmget": 1, "shmat": 1, "shmdt": 1, "rmid": 1, "get_mb": 0.00390625, "shmopen": 0, "unlink": 0, "mmap_sh": 88, "munmap": 259, "mmap_sh_mb": 352.00067138671875}
{"tgid": 8825, "comm": "flux-shell", "shmget": 1, "shmat": 1, "shmdt": 1, "rmid": 1, "get_mb": 0.00390625, "shmopen": 0, "unlink": 0, "mmap_sh": 88, "munmap": 260, "mmap_sh_mb": 352.00067138671875}
{"tgid": 9305, "comm": "flux-shell", "shmget": 1, "shmat": 1, "shmdt": 1, "rmid": 1, "get_mb": 0.00390625, "shmopen": 0, "unlink": 0, "mmap_sh": 88, "munmap": 72, "mmap_sh_mb": 352.00067138671875}
{"tgid": 8922, "comm": "flux-shell", "shmget": 1, "shmat": 1, "shmdt": 1, "rmid": 1, "get_mb": 0.00390625, "shmopen": 0, "unlink": 0, "mmap_sh": 88, "munmap": 260, "mmap_sh_mb": 352.00067138671875}
{"tgid": 9180, "comm": "flux-shell", "shmget": 1, "shmat": 1, "shmdt": 1, "rmid": 1, "get_mb": 0.00390625, "shmopen": 0, "unlink": 0, "mmap_sh": 88, "munmap": 72, "mmap_sh_mb": 352.00067138671875}
{"tgid": 9321, "comm": "flux-shell", "shmget": 1, "shmat": 1, "shmdt": 1, "rmid": 1, "get_mb": 0.00390625, "shmopen": 0, "unlink": 0, "mmap_sh": 88, "munmap": 73, "mmap_sh_mb": 352.00067138671875}
{"tgid": 8870, "comm": "flux-shell", "shmget": 1, "shmat": 1, "shmdt": 1, "rmid": 1, "get_mb": 0.00390625, "shmopen": 0, "unlink": 0, "mmap_sh": 88, "munmap": 261, "mmap_sh_mb": 352.00067138671875}
{"tgid": 8814, "comm": "flux-shell", "shmget": 1, "shmat": 1, "shmdt": 1, "rmid": 1, "get_mb": 0.00390625, "shmopen": 0, "unlink": 0, "mmap_sh": 88, "munmap": 259, "mmap_sh_mb": 352.00067138671875}
{"tgid": 9217, "comm": "flux-shell", "shmget": 1, "shmat": 1, "shmdt": 1, "rmid": 1, "get_mb": 0.00390625, "shmopen": 0, "unlink": 0, "mmap_sh": 88, "munmap": 72, "mmap_sh_mb": 352.00067138671875}
{"tgid": 9327, "comm": "flux-shell", "shmget": 1, "shmat": 1, "shmdt": 1, "rmid": 1, "get_mb": 0.00390625, "shmopen": 0, "unlink": 0, "mmap_sh": 88, "munmap": 73, "mmap_sh_mb": 352.00067138671875}
{"tgid": 9287, "comm": "flux-shell", "shmget": 1, "shmat": 1, "shmdt": 1, "rmid": 1, "get_mb": 0.00390625, "shmopen": 0, "unlink": 0, "mmap_sh": 88, "munmap": 72, "mmap_sh_mb": 352.00067138671875}
{"tgid": 9219, "comm": "flux-shell", "shmget": 1, "shmat": 1, "shmdt": 1, "rmid": 1, "get_mb": 0.00390625, "shmopen": 0, "unlink": 0, "mmap_sh": 88, "munmap": 72, "mmap_sh_mb": 352.00067138671875}
{"tgid": 9315, "comm": "flux-shell", "shmget": 1, "shmat": 1, "shmdt": 1, "rmid": 1, "get_mb": 0.00390625, "shmopen": 0, "unlink": 0, "mmap_sh": 88, "munmap": 72, "mmap_sh_mb": 352.00067138671875}
{"tgid": 9313, "comm": "flux-shell", "shmget": 1, "shmat": 1, "shmdt": 1, "rmid": 1, "get_mb": 0.00390625, "shmopen": 0, "unlink": 0, "mmap_sh": 88, "munmap": 72, "mmap_sh_mb": 352.00067138671875}
{"tgid": 9299, "comm": "flux-shell", "shmget": 1, "shmat": 1, "shmdt": 1, "rmid": 1, "get_mb": 0.00390625, "shmopen": 0, "unlink": 0, "mmap_sh": 88, "munmap": 73, "mmap_sh_mb": 352.00067138671875}
{"tgid": 9277, "comm": "flux-shell", "shmget": 1, "shmat": 1, "shmdt": 1, "rmid": 1, "get_mb": 0.00390625, "shmopen": 0, "unlink": 0, "mmap_sh": 88, "munmap": 72, "mmap_sh_mb": 352.00067138671875}
{"tgid": 8900, "comm": "flux-shell", "shmget": 1, "shmat": 1, "shmdt": 1, "rmid": 1, "get_mb": 0.00390625, "shmopen": 0, "unlink": 0, "mmap_sh": 88, "munmap": 260, "mmap_sh_mb": 352.00067138671875}

--- Shared Memory Stats Summary at 15:17:27 ---
{"tgid": 9297, "comm": "flux-shell", "shmget": 1, "shmat": 1, "shmdt": 1, "rmid": 1, "get_mb": 0.00390625, "shmopen": 0, "unlink": 0, "mmap_sh": 88, "munmap": 73, "mmap_sh_mb": 352.00067138671875}
{"tgid": 9177, "comm": "flux-shell", "shmget": 1, "shmat": 1, "shmdt": 1, "rmid": 1, "get_mb": 0.00390625, "shmopen": 0, "unlink": 0, "mmap_sh": 88, "munmap": 72, "mmap_sh_mb": 352.00067138671875}
{"tgid": 8956, "comm": "flux-shell", "shmget": 1, "shmat": 1, "shmdt": 1, "rmid": 1, "get_mb": 0.00390625, "shmopen": 0, "unlink": 0, "mmap_sh": 88, "munmap": 261, "mmap_sh_mb": 352.00067138671875}
{"tgid": 8854, "comm": "flux-shell", "shmget": 1, "shmat": 1, "shmdt": 1, "rmid": 1, "get_mb": 0.00390625, "shmopen": 0, "unlink": 0, "mmap_sh": 88, "munmap": 259, "mmap_sh_mb": 352.00067138671875}
{"tgid": 8825, "comm": "flux-shell", "shmget": 1, "shmat": 1, "shmdt": 1, "rmid": 1, "get_mb": 0.00390625, "shmopen": 0, "unlink": 0, "mmap_sh": 88, "munmap": 260, "mmap_sh_mb": 352.00067138671875}
{"tgid": 9305, "comm": "flux-shell", "shmget": 1, "shmat": 1, "shmdt": 1, "rmid": 1, "get_mb": 0.00390625, "shmopen": 0, "unlink": 0, "mmap_sh": 88, "munmap": 72, "mmap_sh_mb": 352.00067138671875}
{"tgid": 8922, "comm": "flux-shell", "shmget": 1, "shmat": 1, "shmdt": 1, "rmid": 1, "get_mb": 0.00390625, "shmopen": 0, "unlink": 0, "mmap_sh": 88, "munmap": 260, "mmap_sh_mb": 352.00067138671875}
{"tgid": 9180, "comm": "flux-shell", "shmget": 1, "shmat": 1, "shmdt": 1, "rmid": 1, "get_mb": 0.00390625, "shmopen": 0, "unlink": 0, "mmap_sh": 88, "munmap": 72, "mmap_sh_mb": 352.00067138671875}
{"tgid": 9321, "comm": "flux-shell", "shmget": 1, "shmat": 1, "shmdt": 1, "rmid": 1, "get_mb": 0.00390625, "shmopen": 0, "unlink": 0, "mmap_sh": 88, "munmap": 73, "mmap_sh_mb": 352.00067138671875}
{"tgid": 8870, "comm": "flux-shell", "shmget": 1, "shmat": 1, "shmdt": 1, "rmid": 1, "get_mb": 0.00390625, "shmopen": 0, "unlink": 0, "mmap_sh": 88, "munmap": 261, "mmap_sh_mb": 352.00067138671875}
{"tgid": 8814, "comm": "flux-shell", "shmget": 1, "shmat": 1, "shmdt": 1, "rmid": 1, "get_mb": 0.00390625, "shmopen": 0, "unlink": 0, "mmap_sh": 88, "munmap": 259, "mmap_sh_mb": 352.00067138671875}
{"tgid": 9217, "comm": "flux-shell", "shmget": 1, "shmat": 1, "shmdt": 1, "rmid": 1, "get_mb": 0.00390625, "shmopen": 0, "unlink": 0, "mmap_sh": 88, "munmap": 72, "mmap_sh_mb": 352.00067138671875}
{"tgid": 9327, "comm": "flux-shell", "shmget": 1, "shmat": 1, "shmdt": 1, "rmid": 1, "get_mb": 0.00390625, "shmopen": 0, "unlink": 0, "mmap_sh": 88, "munmap": 73, "mmap_sh_mb": 352.00067138671875}
{"tgid": 9287, "comm": "flux-shell", "shmget": 1, "shmat": 1, "shmdt": 1, "rmid": 1, "get_mb": 0.00390625, "shmopen": 0, "unlink": 0, "mmap_sh": 88, "munmap": 72, "mmap_sh_mb": 352.00067138671875}
{"tgid": 9219, "comm": "flux-shell", "shmget": 1, "shmat": 1, "shmdt": 1, "rmid": 1, "get_mb": 0.00390625, "shmopen": 0, "unlink": 0, "mmap_sh": 88, "munmap": 72, "mmap_sh_mb": 352.00067138671875}
{"tgid": 9315, "comm": "flux-shell", "shmget": 1, "shmat": 1, "shmdt": 1, "rmid": 1, "get_mb": 0.00390625, "shmopen": 0, "unlink": 0, "mmap_sh": 88, "munmap": 72, "mmap_sh_mb": 352.00067138671875}
{"tgid": 9313, "comm": "flux-shell", "shmget": 1, "shmat": 1, "shmdt": 1, "rmid": 1, "get_mb": 0.00390625, "shmopen": 0, "unlink": 0, "mmap_sh": 88, "munmap": 72, "mmap_sh_mb": 352.00067138671875}
{"tgid": 9299, "comm": "flux-shell", "shmget": 1, "shmat": 1, "shmdt": 1, "rmid": 1, "get_mb": 0.00390625, "shmopen": 0, "unlink": 0, "mmap_sh": 88, "munmap": 73, "mmap_sh_mb": 352.00067138671875}
{"tgid": 9277, "comm": "flux-shell", "shmget": 1, "shmat": 1, "shmdt": 1, "rmid": 1, "get_mb": 0.00390625, "shmopen": 0, "unlink": 0, "mmap_sh": 88, "munmap": 72, "mmap_sh_mb": 352.00067138671875}
{"tgid": 8900, "comm": "flux-shell", "shmget": 1, "shmat": 1, "shmdt": 1, "rmid": 1, "get_mb": 0.00390625, "shmopen": 0, "unlink": 0, "mmap_sh": 88, "munmap": 260, "mmap_sh_mb": 352.00067138671875}

--- Shared Memory Stats Summary at 15:17:32 ---
{"tgid": 9297, "comm": "flux-shell", "shmget": 1, "shmat": 1, "shmdt": 1, "rmid": 1, "get_mb": 0.00390625, "shmopen": 0, "unlink": 0, "mmap_sh": 88, "munmap": 73, "mmap_sh_mb": 352.00067138671875}
{"tgid": 9177, "comm": "flux-shell", "shmget": 1, "shmat": 1, "shmdt": 1, "rmid": 1, "get_mb": 0.00390625, "shmopen": 0, "unlink": 0, "mmap_sh": 88, "munmap": 72, "mmap_sh_mb": 352.00067138671875}
{"tgid": 8956, "comm": "flux-shell", "shmget": 1, "shmat": 1, "shmdt": 1, "rmid": 1, "get_mb": 0.00390625, "shmopen": 0, "unlink": 0, "mmap_sh": 88, "munmap": 261, "mmap_sh_mb": 352.00067138671875}
{"tgid": 8854, "comm": "flux-shell", "shmget": 1, "shmat": 1, "shmdt": 1, "rmid": 1, "get_mb": 0.00390625, "shmopen": 0, "unlink": 0, "mmap_sh": 88, "munmap": 259, "mmap_sh_mb": 352.00067138671875}
{"tgid": 8825, "comm": "flux-shell", "shmget": 1, "shmat": 1, "shmdt": 1, "rmid": 1, "get_mb": 0.00390625, "shmopen": 0, "unlink": 0, "mmap_sh": 88, "munmap": 260, "mmap_sh_mb": 352.00067138671875}
{"tgid": 9305, "comm": "flux-shell", "shmget": 1, "shmat": 1, "shmdt": 1, "rmid": 1, "get_mb": 0.00390625, "shmopen": 0, "unlink": 0, "mmap_sh": 88, "munmap": 72, "mmap_sh_mb": 352.00067138671875}
{"tgid": 8922, "comm": "flux-shell", "shmget": 1, "shmat": 1, "shmdt": 1, "rmid": 1, "get_mb": 0.00390625, "shmopen": 0, "unlink": 0, "mmap_sh": 88, "munmap": 260, "mmap_sh_mb": 352.00067138671875}
{"tgid": 9180, "comm": "flux-shell", "shmget": 1, "shmat": 1, "shmdt": 1, "rmid": 1, "get_mb": 0.00390625, "shmopen": 0, "unlink": 0, "mmap_sh": 88, "munmap": 72, "mmap_sh_mb": 352.00067138671875}
{"tgid": 9321, "comm": "flux-shell", "shmget": 1, "shmat": 1, "shmdt": 1, "rmid": 1, "get_mb": 0.00390625, "shmopen": 0, "unlink": 0, "mmap_sh": 88, "munmap": 73, "mmap_sh_mb": 352.00067138671875}
{"tgid": 8870, "comm": "flux-shell", "shmget": 1, "shmat": 1, "shmdt": 1, "rmid": 1, "get_mb": 0.00390625, "shmopen": 0, "unlink": 0, "mmap_sh": 88, "munmap": 261, "mmap_sh_mb": 352.00067138671875}
{"tgid": 8814, "comm": "flux-shell", "shmget": 1, "shmat": 1, "shmdt": 1, "rmid": 1, "get_mb": 0.00390625, "shmopen": 0, "unlink": 0, "mmap_sh": 88, "munmap": 259, "mmap_sh_mb": 352.00067138671875}
{"tgid": 9217, "comm": "flux-shell", "shmget": 1, "shmat": 1, "shmdt": 1, "rmid": 1, "get_mb": 0.00390625, "shmopen": 0, "unlink": 0, "mmap_sh": 88, "munmap": 72, "mmap_sh_mb": 352.00067138671875}
{"tgid": 9327, "comm": "flux-shell", "shmget": 1, "shmat": 1, "shmdt": 1, "rmid": 1, "get_mb": 0.00390625, "shmopen": 0, "unlink": 0, "mmap_sh": 88, "munmap": 73, "mmap_sh_mb": 352.00067138671875}
{"tgid": 9287, "comm": "flux-shell", "shmget": 1, "shmat": 1, "shmdt": 1, "rmid": 1, "get_mb": 0.00390625, "shmopen": 0, "unlink": 0, "mmap_sh": 88, "munmap": 72, "mmap_sh_mb": 352.00067138671875}
{"tgid": 9219, "comm": "flux-shell", "shmget": 1, "shmat": 1, "shmdt": 1, "rmid": 1, "get_mb": 0.00390625, "shmopen": 0, "unlink": 0, "mmap_sh": 88, "munmap": 72, "mmap_sh_mb": 352.00067138671875}
{"tgid": 9315, "comm": "flux-shell", "shmget": 1, "shmat": 1, "shmdt": 1, "rmid": 1, "get_mb": 0.00390625, "shmopen": 0, "unlink": 0, "mmap_sh": 88, "munmap": 72, "mmap_sh_mb": 352.00067138671875}
{"tgid": 9313, "comm": "flux-shell", "shmget": 1, "shmat": 1, "shmdt": 1, "rmid": 1, "get_mb": 0.00390625, "shmopen": 0, "unlink": 0, "mmap_sh": 88, "munmap": 72, "mmap_sh_mb": 352.00067138671875}
{"tgid": 9299, "comm": "flux-shell", "shmget": 1, "shmat": 1, "shmdt": 1, "rmid": 1, "get_mb": 0.00390625, "shmopen": 0, "unlink": 0, "mmap_sh": 88, "munmap": 73, "mmap_sh_mb": 352.00067138671875}
{"tgid": 9277, "comm": "flux-shell", "shmget": 1, "shmat": 1, "shmdt": 1, "rmid": 1, "get_mb": 0.00390625, "shmopen": 0, "unlink": 0, "mmap_sh": 88, "munmap": 72, "mmap_sh_mb": 352.00067138671875}
{"tgid": 8900, "comm": "flux-shell", "shmget": 1, "shmat": 1, "shmdt": 1, "rmid": 1, "get_mb": 0.00390625, "shmopen": 0, "unlink": 0, "mmap_sh": 88, "munmap": 260, "mmap_sh_mb": 352.00067138671875}

--- Shared Memory Stats Summary at 15:17:37 ---
{"tgid": 9297, "comm": "flux-shell", "shmget": 1, "shmat": 1, "shmdt": 1, "rmid": 1, "get_mb": 0.00390625, "shmopen": 0, "unlink": 0, "mmap_sh": 88, "munmap": 261, "mmap_sh_mb": 352.00067138671875}
{"tgid": 9177, "comm": "flux-shell", "shmget": 1, "shmat": 1, "shmdt": 1, "rmid": 1, "get_mb": 0.00390625, "shmopen": 0, "unlink": 0, "mmap_sh": 88, "munmap": 259, "mmap_sh_mb": 352.00067138671875}
{"tgid": 8956, "comm": "flux-shell", "shmget": 1, "shmat": 1, "shmdt": 1, "rmid": 1, "get_mb": 0.00390625, "shmopen": 0, "unlink": 0, "mmap_sh": 88, "munmap": 261, "mmap_sh_mb": 352.00067138671875}
{"tgid": 8854, "comm": "flux-shell", "shmget": 1, "shmat": 1, "shmdt": 1, "rmid": 1, "get_mb": 0.00390625, "shmopen": 0, "unlink": 0, "mmap_sh": 88, "munmap": 259, "mmap_sh_mb": 352.00067138671875}
{"tgid": 8825, "comm": "flux-shell", "shmget": 1, "shmat": 1, "shmdt": 1, "rmid": 1, "get_mb": 0.00390625, "shmopen": 0, "unlink": 0, "mmap_sh": 88, "munmap": 260, "mmap_sh_mb": 352.00067138671875}
{"tgid": 9305, "comm": "flux-shell", "shmget": 1, "shmat": 1, "shmdt": 1, "rmid": 1, "get_mb": 0.00390625, "shmopen": 0, "unlink": 0, "mmap_sh": 88, "munmap": 260, "mmap_sh_mb": 352.00067138671875}
{"tgid": 8922, "comm": "flux-shell", "shmget": 1, "shmat": 1, "shmdt": 1, "rmid": 1, "get_mb": 0.00390625, "shmopen": 0, "unlink": 0, "mmap_sh": 88, "munmap": 260, "mmap_sh_mb": 352.00067138671875}
{"tgid": 9180, "comm": "flux-shell", "shmget": 1, "shmat": 1, "shmdt": 1, "rmid": 1, "get_mb": 0.00390625, "shmopen": 0, "unlink": 0, "mmap_sh": 88, "munmap": 260, "mmap_sh_mb": 352.00067138671875}
{"tgid": 9321, "comm": "flux-shell", "shmget": 1, "shmat": 1, "shmdt": 1, "rmid": 1, "get_mb": 0.00390625, "shmopen": 0, "unlink": 0, "mmap_sh": 88, "munmap": 261, "mmap_sh_mb": 352.00067138671875}
{"tgid": 8870, "comm": "flux-shell", "shmget": 1, "shmat": 1, "shmdt": 1, "rmid": 1, "get_mb": 0.00390625, "shmopen": 0, "unlink": 0, "mmap_sh": 88, "munmap": 261, "mmap_sh_mb": 352.00067138671875}
{"tgid": 8814, "comm": "flux-shell", "shmget": 1, "shmat": 1, "shmdt": 1, "rmid": 1, "get_mb": 0.00390625, "shmopen": 0, "unlink": 0, "mmap_sh": 88, "munmap": 259, "mmap_sh_mb": 352.00067138671875}
{"tgid": 9217, "comm": "flux-shell", "shmget": 1, "shmat": 1, "shmdt": 1, "rmid": 1, "get_mb": 0.00390625, "shmopen": 0, "unlink": 0, "mmap_sh": 88, "munmap": 260, "mmap_sh_mb": 352.00067138671875}
{"tgid": 9327, "comm": "flux-shell", "shmget": 1, "shmat": 1, "shmdt": 1, "rmid": 1, "get_mb": 0.00390625, "shmopen": 0, "unlink": 0, "mmap_sh": 88, "munmap": 261, "mmap_sh_mb": 352.00067138671875}
{"tgid": 9287, "comm": "flux-shell", "shmget": 1, "shmat": 1, "shmdt": 1, "rmid": 1, "get_mb": 0.00390625, "shmopen": 0, "unlink": 0, "mmap_sh": 88, "munmap": 260, "mmap_sh_mb": 352.00067138671875}
{"tgid": 9219, "comm": "flux-shell", "shmget": 1, "shmat": 1, "shmdt": 1, "rmid": 1, "get_mb": 0.00390625, "shmopen": 0, "unlink": 0, "mmap_sh": 88, "munmap": 260, "mmap_sh_mb": 352.00067138671875}
{"tgid": 9315, "comm": "flux-shell", "shmget": 1, "shmat": 1, "shmdt": 1, "rmid": 1, "get_mb": 0.00390625, "shmopen": 0, "unlink": 0, "mmap_sh": 88, "munmap": 260, "mmap_sh_mb": 352.00067138671875}
{"tgid": 9313, "comm": "flux-shell", "shmget": 1, "shmat": 1, "shmdt": 1, "rmid": 1, "get_mb": 0.00390625, "shmopen": 0, "unlink": 0, "mmap_sh": 88, "munmap": 260, "mmap_sh_mb": 352.00067138671875}
{"tgid": 9299, "comm": "flux-shell", "shmget": 1, "shmat": 1, "shmdt": 1, "rmid": 1, "get_mb": 0.00390625, "shmopen": 0, "unlink": 0, "mmap_sh": 88, "munmap": 261, "mmap_sh_mb": 352.00067138671875}
{"tgid": 9277, "comm": "flux-shell", "shmget": 1, "shmat": 1, "shmdt": 1, "rmid": 1, "get_mb": 0.00390625, "shmopen": 0, "unlink": 0, "mmap_sh": 88, "munmap": 260, "mmap_sh_mb": 352.00067138671875}
{"tgid": 8900, "comm": "flux-shell", "shmget": 1, "shmat": 1, "shmdt": 1, "rmid": 1, "get_mb": 0.00390625, "shmopen": 0, "unlink": 0, "mmap_sh": 88, "munmap": 260, "mmap_sh_mb": 352.00067138671875}

--- Shared Memory Stats Summary at 15:17:42 ---
{"tgid": 9297, "comm": "flux-shell", "shmget": 1, "shmat": 1, "shmdt": 1, "rmid": 1, "get_mb": 0.00390625, "shmopen": 0, "unlink": 0, "mmap_sh": 88, "munmap": 261, "mmap_sh_mb": 352.00067138671875}
{"tgid": 9177, "comm": "flux-shell", "shmget": 1, "shmat": 1, "shmdt": 1, "rmid": 1, "get_mb": 0.00390625, "shmopen": 0, "unlink": 0, "mmap_sh": 88, "munmap": 259, "mmap_sh_mb": 352.00067138671875}
{"tgid": 8956, "comm": "flux-shell", "shmget": 1, "shmat": 1, "shmdt": 1, "rmid": 1, "get_mb": 0.00390625, "shmopen": 0, "unlink": 0, "mmap_sh": 88, "munmap": 261, "mmap_sh_mb": 352.00067138671875}
{"tgid": 8854, "comm": "flux-shell", "shmget": 1, "shmat": 1, "shmdt": 1, "rmid": 1, "get_mb": 0.00390625, "shmopen": 0, "unlink": 0, "mmap_sh": 88, "munmap": 259, "mmap_sh_mb": 352.00067138671875}
{"tgid": 8825, "comm": "flux-shell", "shmget": 1, "shmat": 1, "shmdt": 1, "rmid": 1, "get_mb": 0.00390625, "shmopen": 0, "unlink": 0, "mmap_sh": 88, "munmap": 260, "mmap_sh_mb": 352.00067138671875}
{"tgid": 9305, "comm": "flux-shell", "shmget": 1, "shmat": 1, "shmdt": 1, "rmid": 1, "get_mb": 0.00390625, "shmopen": 0, "unlink": 0, "mmap_sh": 88, "munmap": 260, "mmap_sh_mb": 352.00067138671875}
{"tgid": 8922, "comm": "flux-shell", "shmget": 1, "shmat": 1, "shmdt": 1, "rmid": 1, "get_mb": 0.00390625, "shmopen": 0, "unlink": 0, "mmap_sh": 88, "munmap": 260, "mmap_sh_mb": 352.00067138671875}
{"tgid": 9180, "comm": "flux-shell", "shmget": 1, "shmat": 1, "shmdt": 1, "rmid": 1, "get_mb": 0.00390625, "shmopen": 0, "unlink": 0, "mmap_sh": 88, "munmap": 260, "mmap_sh_mb": 352.00067138671875}
{"tgid": 9321, "comm": "flux-shell", "shmget": 1, "shmat": 1, "shmdt": 1, "rmid": 1, "get_mb": 0.00390625, "shmopen": 0, "unlink": 0, "mmap_sh": 88, "munmap": 261, "mmap_sh_mb": 352.00067138671875}
{"tgid": 8870, "comm": "flux-shell", "shmget": 1, "shmat": 1, "shmdt": 1, "rmid": 1, "get_mb": 0.00390625, "shmopen": 0, "unlink": 0, "mmap_sh": 88, "munmap": 261, "mmap_sh_mb": 352.00067138671875}
{"tgid": 8814, "comm": "flux-shell", "shmget": 1, "shmat": 1, "shmdt": 1, "rmid": 1, "get_mb": 0.00390625, "shmopen": 0, "unlink": 0, "mmap_sh": 88, "munmap": 259, "mmap_sh_mb": 352.00067138671875}
{"tgid": 9217, "comm": "flux-shell", "shmget": 1, "shmat": 1, "shmdt": 1, "rmid": 1, "get_mb": 0.00390625, "shmopen": 0, "unlink": 0, "mmap_sh": 88, "munmap": 260, "mmap_sh_mb": 352.00067138671875}
{"tgid": 9327, "comm": "flux-shell", "shmget": 1, "shmat": 1, "shmdt": 1, "rmid": 1, "get_mb": 0.00390625, "shmopen": 0, "unlink": 0, "mmap_sh": 88, "munmap": 261, "mmap_sh_mb": 352.00067138671875}
{"tgid": 9287, "comm": "flux-shell", "shmget": 1, "shmat": 1, "shmdt": 1, "rmid": 1, "get_mb": 0.00390625, "shmopen": 0, "unlink": 0, "mmap_sh": 88, "munmap": 260, "mmap_sh_mb": 352.00067138671875}
{"tgid": 9219, "comm": "flux-shell", "shmget": 1, "shmat": 1, "shmdt": 1, "rmid": 1, "get_mb": 0.00390625, "shmopen": 0, "unlink": 0, "mmap_sh": 88, "munmap": 260, "mmap_sh_mb": 352.00067138671875}
{"tgid": 9315, "comm": "flux-shell", "shmget": 1, "shmat": 1, "shmdt": 1, "rmid": 1, "get_mb": 0.00390625, "shmopen": 0, "unlink": 0, "mmap_sh": 88, "munmap": 260, "mmap_sh_mb": 352.00067138671875}
{"tgid": 9313, "comm": "flux-shell", "shmget": 1, "shmat": 1, "shmdt": 1, "rmid": 1, "get_mb": 0.00390625, "shmopen": 0, "unlink": 0, "mmap_sh": 88, "munmap": 260, "mmap_sh_mb": 352.00067138671875}
{"tgid": 9299, "comm": "flux-shell", "shmget": 1, "shmat": 1, "shmdt": 1, "rmid": 1, "get_mb": 0.00390625, "shmopen": 0, "unlink": 0, "mmap_sh": 88, "munmap": 261, "mmap_sh_mb": 352.00067138671875}
{"tgid": 9277, "comm": "flux-shell", "shmget": 1, "shmat": 1, "shmdt": 1, "rmid": 1, "get_mb": 0.00390625, "shmopen": 0, "unlink": 0, "mmap_sh": 88, "munmap": 260, "mmap_sh_mb": 352.00067138671875}
{"tgid": 8900, "comm": "flux-shell", "shmget": 1, "shmat": 1, "shmdt": 1, "rmid": 1, "get_mb": 0.00390625, "shmopen": 0, "unlink": 0, "mmap_sh": 88, "munmap": 260, "mmap_sh_mb": 352.00067138671875}
[15:17:42] 
Indicator file '/mnt/flux/stop_ebpf_collection' found. Stopping.
Cleaning up BPF resources...
Cleanup complete.
