unlimited
PROGRAM: cpu
Looking for /opt/programs/cpu/ebpf-collect.c
[15:15:51] Waiting for start indicator file: '/mnt/flux/start_ebpf_collection'.
[15:16:02] Start indicator found. Proceeding with monitoring.
[15:16:02] Initializing eBPF for CPU Scheduling monitoring...
[15:16:02] BPF C code compiled and loaded.
[15:16:02] Attached tracepoints.
[15:16:02] Monitoring CPU scheduling events (polling aggregated map)... Press Ctrl+C to stop.
[15:17:38] Stop indicator file '/mnt/flux/stop_ebpf_collection' found. Stopping.
[15:17:38] Initiating cleanup sequence...
{
  "final_aggregated_summary_river": [
    {
      "tgid": 114,
      "comm": "python3",
      "cgroup_id": 9250,
      "on_cpu_stats_ns": {
        "count": 607.0,
        "sum_ns": 17271508.04386399,
        "mean_ns": 28453.884751011516,
        "median_ns": 25395.983471052004,
        "min_ns": 5995.0,
        "max_ns": 359541.0,
        "variance_ns2": 540515547.6737174,
        "iqr_ns": 16979.125910443614,
        "q1_ns": 15811.655135208599,
        "q3_ns": 32790.78104565221
      },
      "runq_latency_stats_ns": {
        "count": 607.0,
        "sum_ns": 34100561.03664331,
        "mean_ns": 56178.84849529376,
        "median_ns": 6179.296522688617,
        "min_ns": 986.3571428571429,
        "max_ns": 3091382.0,
        "variance_ns2": 106195788081.38576,
        "iqr_ns": 3158.580547529992,
        "q1_ns": 4447.5601335465135,
        "q3_ns": 7606.140681076506
      },
      "first_seen_ts_ns": 1747581363017742353,
      "last_seen_ts_ns": 1747581458942087696,
      "duration_active_s": 95.924345343
    },
    {
      "tgid": 252,
      "comm": "lmp",
      "cgroup_id": 9329,
      "on_cpu_stats_ns": {
        "count": 85.0,
        "sum_ns": 3372235.666666667,
        "mean_ns": 39673.36078431373,
        "median_ns": 37732.049289189556,
        "min_ns": 7671.0,
        "max_ns": 131793.0,
        "variance_ns2": 412729991.5005602,
        "iqr_ns": 27515.59657867498,
        "q1_ns": 25505.812825279863,
        "q3_ns": 53021.40940395484
      },
      "runq_latency_stats_ns": {
        "count": 85.0,
        "sum_ns": 8834659.833333336,
        "mean_ns": 103937.17450980395,
        "median_ns": 5017.843869813269,
        "min_ns": 1010.0,
        "max_ns": 3999862.0,
        "variance_ns2": 298171876163.7374,
        "iqr_ns": 17003.676878249003,
        "q1_ns": 3982.906339195995,
        "q3_ns": 20986.583217444997
      },
      "first_seen_ts_ns": 1747581363420194106,
      "last_seen_ts_ns": 1747581411197987177,
      "duration_active_s": 47.777793071
    },
    {
      "tgid": 288,
      "comm": "lmp",
      "cgroup_id": 9329,
      "on_cpu_stats_ns": {
        "count": 77.0,
        "sum_ns": 2893445.500000001,
        "mean_ns": 37577.2142857143,
        "median_ns": 32719.148096541183,
        "min_ns": 7701.0,
        "max_ns": 279731.0,
        "variance_ns2": 1129831169.4962406,
        "iqr_ns": 26690.069816851632,
        "q1_ns": 20961.523109446964,
        "q3_ns": 47651.592926298596
      },
      "runq_latency_stats_ns": {
        "count": 77.0,
        "sum_ns": 16158293.000000004,
        "mean_ns": 209847.96103896108,
        "median_ns": 8235.269152361838,
        "min_ns": 1747.0,
        "max_ns": 3998041.0,
        "variance_ns2": 576872036781.5449,
        "iqr_ns": 26398.839856094328,
        "q1_ns": 4830.141207722863,
        "q3_ns": 31228.98106381719
      },
      "first_seen_ts_ns": 1747581363420194106,
      "last_seen_ts_ns": 1747581412397561558,
      "duration_active_s": 48.977367452
    },
    {
      "tgid": 204,
      "comm": "lmp",
      "cgroup_id": 9329,
      "on_cpu_stats_ns": {
        "count": 60.0,
        "sum_ns": 2195147.333333332,
        "mean_ns": 36585.78888888887,
        "median_ns": 32146.805881148728,
        "min_ns": 6252.0,
        "max_ns": 162774.0,
        "variance_ns2": 1016828270.9565598,
        "iqr_ns": 36866.67250353293,
        "q1_ns": 15537.745830016738,
        "q3_ns": 52404.41833354967
      },
      "runq_latency_stats_ns": {
        "count": 60.0,
        "sum_ns": 13514229.666666666,
        "mean_ns": 225237.1611111111,
        "median_ns": 10415.271637354423,
        "min_ns": 1591.0,
        "max_ns": 4075216.0,
        "variance_ns2": 551889536069.1958,
        "iqr_ns": 84258.28765380118,
        "q1_ns": 3405.1401707713103,
        "q3_ns": 87663.42782457249
      },
      "first_seen_ts_ns": 1747581363420194106,
      "last_seen_ts_ns": 1747581412397561558,
      "duration_active_s": 48.977367452
    },
    {
      "tgid": 228,
      "comm": "lmp",
      "cgroup_id": 9329,
      "on_cpu_stats_ns": {
        "count": 46.0,
        "sum_ns": 1845971.0000000005,
        "mean_ns": 40129.804347826095,
        "median_ns": 29424.92661291707,
        "min_ns": 9426.0,
        "max_ns": 169107.0,
        "variance_ns2": 1266557466.3497584,
        "iqr_ns": 24774.361266023956,
        "q1_ns": 18740.461374900686,
        "q3_ns": 43514.82264092464
      },
      "runq_latency_stats_ns": {
        "count": 46.0,
        "sum_ns": 6517982.000000003,
        "mean_ns": 141695.26086956527,
        "median_ns": 4678.056036597448,
        "min_ns": 1400.0,
        "max_ns": 3000354.0,
        "variance_ns2": 377145246071.3083,
        "iqr_ns": 37308.85031304275,
        "q1_ns": 3210.723491176463,
        "q3_ns": 40519.57380421921
      },
      "first_seen_ts_ns": 1747581363017742353,
      "last_seen_ts_ns": 1747581410685154527,
      "duration_active_s": 47.667412174
    },
    {
      "tgid": 1,
      "comm": "pause",
      "cgroup_id": 9092,
      "on_cpu_stats_ns": {
        "count": 11.0,
        "sum_ns": 1753118.6666666667,
        "mean_ns": 159374.42424242425,
        "median_ns": 128516.84259259258,
        "min_ns": 83375.0,
        "max_ns": 592147.3333333334,
        "variance_ns2": 20904559480.55758,
        "iqr_ns": 27918.399999999994,
        "q1_ns": 105413.5,
        "q3_ns": 133331.9
      },
      "runq_latency_stats_ns": {
        "count": 11.0,
        "sum_ns": 1970789.5,
        "mean_ns": 179162.68181818182,
        "median_ns": 4367.074074074074,
        "min_ns": 1854.8333333333333,
        "max_ns": 1864368.0,
        "variance_ns2": 312801393891.00256,
        "iqr_ns": 1836.3055555555557,
        "q1_ns": 3822.6944444444443,
        "q3_ns": 5659.0
      },
      "first_seen_ts_ns": 1747581372716197561,
      "last_seen_ts_ns": 1747581458942087696,
      "duration_active_s": 86.225890135
    },
    {
      "tgid": 83,
      "comm": "flux-broker-18",
      "cgroup_id": 9329,
      "on_cpu_stats_ns": {
        "count": 52.0,
        "sum_ns": 1502177.2302093972,
        "mean_ns": 28888.023657873022,
        "median_ns": 24334.114525049245,
        "min_ns": 7740.0,
        "max_ns": 100499.0,
        "variance_ns2": 470064744.77699596,
        "iqr_ns": 20160.820991627756,
        "q1_ns": 13791.185904854427,
        "q3_ns": 33952.006896482184
      },
      "runq_latency_stats_ns": {
        "count": 52.0,
        "sum_ns": 499022.03217568947,
        "mean_ns": 9596.577541840183,
        "median_ns": 5374.947093675584,
        "min_ns": 1035.0,
        "max_ns": 102825.0,
        "variance_ns2": 274326632.65465784,
        "iqr_ns": 3813.508771437011,
        "q1_ns": 2762.1413649925935,
        "q3_ns": 6575.650136429605
      },
      "first_seen_ts_ns": 1747581363523975751,
      "last_seen_ts_ns": 1747581458026212159,
      "duration_active_s": 94.502236408
    },
    {
      "tgid": 190,
      "comm": "lmp",
      "cgroup_id": 9329,
      "on_cpu_stats_ns": {
        "count": 28.0,
        "sum_ns": 651563.9431818182,
        "mean_ns": 23270.14082792208,
        "median_ns": 21417.51672017976,
        "min_ns": 8456.0,
        "max_ns": 41513.0,
        "variance_ns2": 77902892.51029555,
        "iqr_ns": 11953.910621490277,
        "q1_ns": 15194.615896849036,
        "q3_ns": 27148.526518339313
      },
      "runq_latency_stats_ns": {
        "count": 28.0,
        "sum_ns": 158035.92045454544,
        "mean_ns": 5644.140016233766,
        "median_ns": 6766.595110832891,
        "min_ns": 1134.3181818181818,
        "max_ns": 8719.0,
        "variance_ns2": 5059899.387425904,
        "iqr_ns": 2999.5374585552518,
        "q1_ns": 4088.8386116807733,
        "q3_ns": 7088.376070236025
      },
      "first_seen_ts_ns": 1747581364065204661,
      "last_seen_ts_ns": 1747581406026950121,
      "duration_active_s": 41.96174546
    },
    {
      "tgid": 28,
      "comm": "bash",
      "cgroup_id": 9250,
      "on_cpu_stats_ns": {
        "count": 30.0,
        "sum_ns": 611027.485083301,
        "mean_ns": 20367.582836110032,
        "median_ns": 15840.166590210752,
        "min_ns": 9023.0,
        "max_ns": 50966.0,
        "variance_ns2": 98683096.78848769,
        "iqr_ns": 12597.010851577317,
        "q1_ns": 12427.83901757293,
        "q3_ns": 25024.849869150246
      },
      "runq_latency_stats_ns": {
        "count": 30.0,
        "sum_ns": 173068.04152137417,
        "mean_ns": 5768.934717379138,
        "median_ns": 6558.756998571914,
        "min_ns": 1095.943820224719,
        "max_ns": 10424.0,
        "variance_ns2": 5147462.378465848,
        "iqr_ns": 3523.3741464049763,
        "q1_ns": 3460.447143136401,
        "q3_ns": 6983.821289541377
      },
      "first_seen_ts_ns": 1747581364065204661,
      "last_seen_ts_ns": 1747581458026212159,
      "duration_active_s": 93.961007498
    },
    {
      "tgid": 448,
      "comm": "lmp",
      "cgroup_id": 9329,
      "on_cpu_stats_ns": {
        "count": 26.0,
        "sum_ns": 574859.5049162166,
        "mean_ns": 22109.980958316024,
        "median_ns": 20436.178698366562,
        "min_ns": 8657.481927710844,
        "max_ns": 62495.0,
        "variance_ns2": 158443493.20066392,
        "iqr_ns": 15905.284688114005,
        "q1_ns": 15485.558683811321,
        "q3_ns": 31390.843371925326
      },
      "runq_latency_stats_ns": {
        "count": 26.0,
        "sum_ns": 156987.38138761942,
        "mean_ns": 6037.976207216132,
        "median_ns": 6852.274207745077,
        "min_ns": 1177.7951807228915,
        "max_ns": 11468.0,
        "variance_ns2": 6927247.081673226,
        "iqr_ns": 4368.720370738944,
        "q1_ns": 2995.1496471191413,
        "q3_ns": 7363.870017858086
      },
      "first_seen_ts_ns": 1747581412722119175,
      "last_seen_ts_ns": 1747581454067080156,
      "duration_active_s": 41.344960981
    },
    {
      "tgid": 515,
      "comm": "lmp",
      "cgroup_id": 9329,
      "on_cpu_stats_ns": {
        "count": 18.0,
        "sum_ns": 447780.2711864407,
        "mean_ns": 24876.68173258004,
        "median_ns": 24118.083713231998,
        "min_ns": 11218.271186440677,
        "max_ns": 73791.0,
        "variance_ns2": 212427548.11641538,
        "iqr_ns": 12319.083318472349,
        "q1_ns": 17603.34885534369,
        "q3_ns": 29922.43217381604
      },
      "runq_latency_stats_ns": {
        "count": 18.0,
        "sum_ns": 196374.42372881353,
        "mean_ns": 10909.690207156307,
        "median_ns": 7571.31870787934,
        "min_ns": 1278.4237288135594,
        "max_ns": 96147.0,
        "variance_ns2": 459802928.22001135,
        "iqr_ns": 7007.357766823077,
        "q1_ns": 2612.6004657310864,
        "q3_ns": 9619.958232554163
      },
      "first_seen_ts_ns": 1747581411712521764,
      "last_seen_ts_ns": 1747581454577947590,
      "duration_active_s": 42.865425826
    },
    {
      "tgid": 431,
      "comm": "lmp",
      "cgroup_id": 9329,
      "on_cpu_stats_ns": {
        "count": 16.0,
        "sum_ns": 387044.85393258434,
        "mean_ns": 24190.30337078652,
        "median_ns": 26092.020599250936,
        "min_ns": 10659.85393258427,
        "max_ns": 55625.0,
        "variance_ns2": 172787924.14220428,
        "iqr_ns": 15578.71172443176,
        "q1_ns": 16393.38315696649,
        "q3_ns": 31972.09488139825
      },
      "runq_latency_stats_ns": {
        "count": 16.0,
        "sum_ns": 1124886.1853932585,
        "mean_ns": 70305.38658707865,
        "median_ns": 6871.911397211819,
        "min_ns": 1165.685393258427,
        "max_ns": 1039721.5,
        "variance_ns2": 66832816697.143265,
        "iqr_ns": 105842.79972919516,
        "q1_ns": 5690.666517857142,
        "q3_ns": 111533.4662470523
      },
      "first_seen_ts_ns": 1747581412066123508,
      "last_seen_ts_ns": 1747581454067080156,
      "duration_active_s": 42.000956648
    },
    {
      "tgid": 521,
      "comm": "lmp",
      "cgroup_id": 9329,
      "on_cpu_stats_ns": {
        "count": 17.0,
        "sum_ns": 373837.56849315076,
        "mean_ns": 21990.445205479456,
        "median_ns": 22538.686170906716,
        "min_ns": 8843.068493150686,
        "max_ns": 45631.0,
        "variance_ns2": 114440633.1203908,
        "iqr_ns": 6555.620065830099,
        "q1_ns": 14792.469255888627,
        "q3_ns": 21348.089321718726
      },
      "runq_latency_stats_ns": {
        "count": 17.0,
        "sum_ns": 129313.77397260272,
        "mean_ns": 7606.69258662369,
        "median_ns": 5934.60700638424,
        "min_ns": 1121.2739726027398,
        "max_ns": 40996.5,
        "variance_ns2": 80662779.8591192,
        "iqr_ns": 4531.631484624839,
        "q1_ns": 3041.788095238095,
        "q3_ns": 7573.4195798629335
      },
      "first_seen_ts_ns": 1747581411712521764,
      "last_seen_ts_ns": 1747581454577947590,
      "duration_active_s": 42.865425826
    },
    {
      "tgid": 208,
      "comm": "lmp",
      "cgroup_id": 9329,
      "on_cpu_stats_ns": {
        "count": 16.0,
        "sum_ns": 373261.4954545455,
        "mean_ns": 23328.843465909093,
        "median_ns": 22011.27963383838,
        "min_ns": 8434.0,
        "max_ns": 52580.0,
        "variance_ns2": 141037383.1205316,
        "iqr_ns": 9915.008418209876,
        "q1_ns": 16124.70125140292,
        "q3_ns": 26039.709669612796
      },
      "runq_latency_stats_ns": {
        "count": 16.0,
        "sum_ns": 98408.35681818183,
        "mean_ns": 6150.522301136364,
        "median_ns": 7389.271151244589,
        "min_ns": 1360.5568181818182,
        "max_ns": 9926.0,
        "variance_ns2": 6428895.524472603,
        "iqr_ns": 4545.27844854798,
        "q1_ns": 3626.0,
        "q3_ns": 8171.27844854798
      },
      "first_seen_ts_ns": 1747581364065204661,
      "last_seen_ts_ns": 1747581410062385739,
      "duration_active_s": 45.997181078
    },
    {
      "tgid": 485,
      "comm": "lmp",
      "cgroup_id": 9329,
      "on_cpu_stats_ns": {
        "count": 15.0,
        "sum_ns": 366100.28313253017,
        "mean_ns": 24406.685542168678,
        "median_ns": 21625.75304126028,
        "min_ns": 11715.783132530121,
        "max_ns": 64828.0,
        "variance_ns2": 230262095.2388497,
        "iqr_ns": 11373.263088066553,
        "q1_ns": 13561.236911933447,
        "q3_ns": 24934.5
      },
      "runq_latency_stats_ns": {
        "count": 15.0,
        "sum_ns": 86816.22289156626,
        "mean_ns": 5787.748192771084,
        "median_ns": 6192.091435185185,
        "min_ns": 1193.7228915662652,
        "max_ns": 10259.0,
        "variance_ns2": 6956327.17485536,
        "iqr_ns": 2428.692817297396,
        "q1_ns": 4577.074666666666,
        "q3_ns": 7005.767483964062
      },
      "first_seen_ts_ns": 1747581412066123508,
      "last_seen_ts_ns": 1747581454067080156,
      "duration_active_s": 42.000956648
    },
    {
      "tgid": 214,
      "comm": "lmp",
      "cgroup_id": 9329,
      "on_cpu_stats_ns": {
        "count": 16.0,
        "sum_ns": 362216.8181818182,
        "mean_ns": 22638.551136363636,
        "median_ns": 24605.618575757573,
        "min_ns": 9082.0,
        "max_ns": 40279.0,
        "variance_ns2": 81310240.07214187,
        "iqr_ns": 11148.022404601572,
        "q1_ns": 16150.478914141411,
        "q3_ns": 27298.501318742983
      },
      "runq_latency_stats_ns": {
        "count": 16.0,
        "sum_ns": 95108.42045454547,
        "mean_ns": 5944.276278409092,
        "median_ns": 6422.4709722222215,
        "min_ns": 1358.4204545454545,
        "max_ns": 8141.0,
        "variance_ns2": 4353968.836427663,
        "iqr_ns": 2566.392572550906,
        "q1_ns": 4870.201058201058,
        "q3_ns": 7436.593630751964
      },
      "first_seen_ts_ns": 1747581364065204661,
      "last_seen_ts_ns": 1747581410062385739,
      "duration_active_s": 45.997181078
    },
    {
      "tgid": 413,
      "comm": "lmp",
      "cgroup_id": 9329,
      "on_cpu_stats_ns": {
        "count": 14.0,
        "sum_ns": 352477.797752809,
        "mean_ns": 25176.985553772072,
        "median_ns": 25737.93409737828,
        "min_ns": 10171.797752808989,
        "max_ns": 55562.0,
        "variance_ns2": 158479625.19047567,
        "iqr_ns": 8946.768825054998,
        "q1_ns": 17314.539682539682,
        "q3_ns": 26261.30850759468
      },
      "runq_latency_stats_ns": {
        "count": 14.0,
        "sum_ns": 93276.34831460673,
        "mean_ns": 6662.5963081861955,
        "median_ns": 7665.123400436954,
        "min_ns": 1057.3483146067415,
        "max_ns": 12072.0,
        "variance_ns2": 11598690.81049332,
        "iqr_ns": 4860.347214821997,
        "q1_ns": 3509.996006944444,
        "q3_ns": 8370.343221766441
      },
      "first_seen_ts_ns": 1747581412722119175,
      "last_seen_ts_ns": 1747581454067080156,
      "duration_active_s": 41.344960981
    },
    {
      "tgid": 497,
      "comm": "lmp",
      "cgroup_id": 9329,
      "on_cpu_stats_ns": {
        "count": 16.0,
        "sum_ns": 340541.8125,
        "mean_ns": 21283.86328125,
        "median_ns": 20387.854,
        "min_ns": 9520.0,
        "max_ns": 44629.0,
        "variance_ns2": 107471367.19907227,
        "iqr_ns": 13697.035416666666,
        "q1_ns": 13196.972916666666,
        "q3_ns": 26894.00833333333
      },
      "runq_latency_stats_ns": {
        "count": 16.0,
        "sum_ns": 90648.48437499999,
        "mean_ns": 5665.530273437499,
        "median_ns": 6906.6773090277775,
        "min_ns": 1132.484375,
        "max_ns": 8482.0,
        "variance_ns2": 6545425.892788697,
        "iqr_ns": 4193.375599647266,
        "q1_ns": 3151.25,
        "q3_ns": 7344.625599647266
      },
      "first_seen_ts_ns": 1747581412722119175,
      "last_seen_ts_ns": 1747581454577947590,
      "duration_active_s": 41.855828415
    },
    {
      "tgid": 455,
      "comm": "lmp",
      "cgroup_id": 9329,
      "on_cpu_stats_ns": {
        "count": 15.0,
        "sum_ns": 338641.6024096386,
        "mean_ns": 22576.10682730924,
        "median_ns": 19515.529659839358,
        "min_ns": 9946.602409638554,
        "max_ns": 48455.0,
        "variance_ns2": 139040263.30887476,
        "iqr_ns": 18085.435138769364,
        "q1_ns": 11937.63179563492,
        "q3_ns": 30023.066934404284
      },
      "runq_latency_stats_ns": {
        "count": 15.0,
        "sum_ns": 101707.421686747,
        "mean_ns": 6780.494779116466,
        "median_ns": 6256.020803463285,
        "min_ns": 1087.421686746988,
        "max_ns": 18344.0,
        "variance_ns2": 17803585.155744493,
        "iqr_ns": 3262.640871422196,
        "q1_ns": 5078.501587301587,
        "q3_ns": 8341.142458723783
      },
      "first_seen_ts_ns": 1747581412066123508,
      "last_seen_ts_ns": 1747581454067080156,
      "duration_active_s": 42.000956648
    },
    {
      "tgid": 491,
      "comm": "lmp",
      "cgroup_id": 9329,
      "on_cpu_stats_ns": {
        "count": 15.0,
        "sum_ns": 336805.8855421687,
        "mean_ns": 22453.725702811247,
        "median_ns": 22333.98918689042,
        "min_ns": 6718.0,
        "max_ns": 49285.0,
        "variance_ns2": 160583095.39278388,
        "iqr_ns": 15788.231716449129,
        "q1_ns": 14365.435811997992,
        "q3_ns": 30153.66752844712
      },
      "runq_latency_stats_ns": {
        "count": 15.0,
        "sum_ns": 91388.63855421687,
        "mean_ns": 6092.575903614458,
        "median_ns": 6789.8934627398485,
        "min_ns": 1133.6385542168675,
        "max_ns": 11723.0,
        "variance_ns2": 6797068.446575285,
        "iqr_ns": 3480.0711135048823,
        "q1_ns": 4807.594666666666,
        "q3_ns": 8287.665780171548
      },
      "first_seen_ts_ns": 1747581412066123508,
      "last_seen_ts_ns": 1747581454067080156,
      "duration_active_s": 42.000956648
    },
    {
      "tgid": 437,
      "comm": "lmp",
      "cgroup_id": 9329,
      "on_cpu_stats_ns": {
        "count": 16.0,
        "sum_ns": 336686.39887640445,
        "mean_ns": 21042.899929775278,
        "median_ns": 22368.268333333333,
        "min_ns": 7840.5,
        "max_ns": 41393.0,
        "variance_ns2": 94545634.61415738,
        "iqr_ns": 12727.546319444446,
        "q1_ns": 13413.453680555554,
        "q3_ns": 26141.0
      },
      "runq_latency_stats_ns": {
        "count": 16.0,
        "sum_ns": 81789.30337078651,
        "mean_ns": 5111.831460674157,
        "median_ns": 5670.203226435706,
        "min_ns": 1106.3033707865168,
        "max_ns": 7485.0,
        "variance_ns2": 4906486.702053613,
        "iqr_ns": 4239.913539111622,
        "q1_ns": 2954.760416666667,
        "q3_ns": 7194.673955778289
      },
      "first_seen_ts_ns": 1747581412066123508,
      "last_seen_ts_ns": 1747581454067080156,
      "duration_active_s": 42.000956648
    },
    {
      "tgid": 467,
      "comm": "lmp",
      "cgroup_id": 9329,
      "on_cpu_stats_ns": {
        "count": 14.0,
        "sum_ns": 336146.5301204819,
        "mean_ns": 24010.466437177278,
        "median_ns": 23859.942857142858,
        "min_ns": 10840.0,
        "max_ns": 58557.0,
        "variance_ns2": 237365357.38694745,
        "iqr_ns": 23275.198313492067,
        "q1_ns": 12840.476686507938,
        "q3_ns": 36115.675
      },
      "runq_latency_stats_ns": {
        "count": 14.0,
        "sum_ns": 80086.19277108434,
        "mean_ns": 5720.442340791738,
        "median_ns": 6743.729116465863,
        "min_ns": 1170.1927710843374,
        "max_ns": 10397.0,
        "variance_ns2": 7055527.775459842,
        "iqr_ns": 3986.6021264422766,
        "q1_ns": 3332.651785714286,
        "q3_ns": 7319.253912156562
      },
      "first_seen_ts_ns": 1747581412722119175,
      "last_seen_ts_ns": 1747581454067080156,
      "duration_active_s": 41.344960981
    },
    {
      "tgid": 316,
      "comm": "lmp",
      "cgroup_id": 9329,
      "on_cpu_stats_ns": {
        "count": 14.0,
        "sum_ns": 334881.71590909094,
        "mean_ns": 23920.122564935067,
        "median_ns": 22162.5726010101,
        "min_ns": 9184.0,
        "max_ns": 47891.0,
        "variance_ns2": 150650400.74003056,
        "iqr_ns": 15547.636698165516,
        "q1_ns": 19560.488230519477,
        "q3_ns": 35108.12492868499
      },
      "runq_latency_stats_ns": {
        "count": 14.0,
        "sum_ns": 99494.97727272728,
        "mean_ns": 7106.784090909091,
        "median_ns": 6172.630601937745,
        "min_ns": 1272.9772727272727,
        "max_ns": 13920.0,
        "variance_ns2": 12711480.117669264,
        "iqr_ns": 5041.568059125482,
        "q1_ns": 4258.5,
        "q3_ns": 9300.068059125482
      },
      "first_seen_ts_ns": 1747581364065204661,
      "last_seen_ts_ns": 1747581410062385739,
      "duration_active_s": 45.997181078
    },
    {
      "tgid": 503,
      "comm": "lmp",
      "cgroup_id": 9329,
      "on_cpu_stats_ns": {
        "count": 15.0,
        "sum_ns": 333264.5733333333,
        "mean_ns": 22217.63822222222,
        "median_ns": 19313.931361904764,
        "min_ns": 8701.0,
        "max_ns": 49491.0,
        "variance_ns2": 151644887.3232474,
        "iqr_ns": 13061.31206944444,
        "q1_ns": 13121.98126388889,
        "q3_ns": 26183.29333333333
      },
      "runq_latency_stats_ns": {
        "count": 15.0,
        "sum_ns": 92529.32,
        "mean_ns": 6168.6213333333335,
        "median_ns": 6701.220444444443,
        "min_ns": 1210.32,
        "max_ns": 9549.0,
        "variance_ns2": 6077733.01368381,
        "iqr_ns": 2971.172523148148,
        "q1_ns": 4880.34,
        "q3_ns": 7851.512523148148
      },
      "first_seen_ts_ns": 1747581412722119175,
      "last_seen_ts_ns": 1747581454067080156,
      "duration_active_s": 41.344960981
    },
    {
      "tgid": 310,
      "comm": "lmp",
      "cgroup_id": 9329,
      "on_cpu_stats_ns": {
        "count": 15.0,
        "sum_ns": 332503.9681818182,
        "mean_ns": 22166.931212121213,
        "median_ns": 22249.250315656565,
        "min_ns": 7229.0,
        "max_ns": 45017.0,
        "variance_ns2": 123766510.72811942,
        "iqr_ns": 11687.069954405164,
        "q1_ns": 15693.611434483726,
        "q3_ns": 27380.68138888889
      },
      "runq_latency_stats_ns": {
        "count": 15.0,
        "sum_ns": 91176.55,
        "mean_ns": 6078.4366666666665,
        "median_ns": 7461.4021342592605,
        "min_ns": 941.05,
        "max_ns": 9391.0,
        "variance_ns2": 8030050.3351666685,
        "iqr_ns": 5135.238591307944,
        "q1_ns": 3042.3893333333335,
        "q3_ns": 8177.627924641278
      },
      "first_seen_ts_ns": 1747581363017742353,
      "last_seen_ts_ns": 1747581410062385739,
      "duration_active_s": 47.044643386
    },
    {
      "tgid": 479,
      "comm": "lmp",
      "cgroup_id": 9329,
      "on_cpu_stats_ns": {
        "count": 15.0,
        "sum_ns": 329162.17142857146,
        "mean_ns": 21944.144761904765,
        "median_ns": 23621.175682397963,
        "min_ns": 10989.171428571428,
        "max_ns": 40826.0,
        "variance_ns2": 73884968.40821768,
        "iqr_ns": 11264.048161670917,
        "q1_ns": 16078.584899553573,
        "q3_ns": 27342.63306122449
      },
      "runq_latency_stats_ns": {
        "count": 15.0,
        "sum_ns": 142270.67142857143,
        "mean_ns": 9484.711428571429,
        "median_ns": 6111.740095238094,
        "min_ns": 1184.6714285714286,
        "max_ns": 66095.0,
        "variance_ns2": 251818312.08175513,
        "iqr_ns": 5991.599589002268,
        "q1_ns": 3254.0,
        "q3_ns": 9245.599589002268
      },
      "first_seen_ts_ns": 1747581412066123508,
      "last_seen_ts_ns": 1747581454067080156,
      "duration_active_s": 42.000956648
    },
    {
      "tgid": 202,
      "comm": "lmp",
      "cgroup_id": 9329,
      "on_cpu_stats_ns": {
        "count": 14.0,
        "sum_ns": 326660.47727272724,
        "mean_ns": 23332.89123376623,
        "median_ns": 21898.39337121212,
        "min_ns": 16120.0,
        "max_ns": 43582.0,
        "variance_ns2": 73390286.70408286,
        "iqr_ns": 7716.3197054874145,
        "q1_ns": 17382.1781024531,
        "q3_ns": 25098.497807940515
      },
      "runq_latency_stats_ns": {
        "count": 14.0,
        "sum_ns": 90070.75,
        "mean_ns": 6433.625,
        "median_ns": 6791.194444444444,
        "min_ns": 1223.75,
        "max_ns": 10848.0,
        "variance_ns2": 7774579.545673077,
        "iqr_ns": 3020.464763374486,
        "q1_ns": 5005.229166666666,
        "q3_ns": 8025.693930041152
      },
      "first_seen_ts_ns": 1747581364065204661,
      "last_seen_ts_ns": 1747581406026950121,
      "duration_active_s": 41.96174546
    },
    {
      "tgid": 461,
      "comm": "lmp",
      "cgroup_id": 9329,
      "on_cpu_stats_ns": {
        "count": 14.0,
        "sum_ns": 326547.98795180715,
        "mean_ns": 23324.85628227194,
        "median_ns": 21742.148286479256,
        "min_ns": 7269.0,
        "max_ns": 73741.0,
        "variance_ns2": 279818339.37165076,
        "iqr_ns": 14170.230772255687,
        "q1_ns": 12688.461162148596,
        "q3_ns": 26858.691934404284
      },
      "runq_latency_stats_ns": {
        "count": 14.0,
        "sum_ns": 100692.11445783133,
        "mean_ns": 7192.293889845095,
        "median_ns": 6144.964673660628,
        "min_ns": 1193.6144578313254,
        "max_ns": 28672.5,
        "variance_ns2": 42526530.31948467,
        "iqr_ns": 2812.825829582289,
        "q1_ns": 4990.974206349207,
        "q3_ns": 7803.800035931496
      },
      "first_seen_ts_ns": 1747581412066123508,
      "last_seen_ts_ns": 1747581454067080156,
      "duration_active_s": 42.000956648
    },
    {
      "tgid": 262,
      "comm": "lmp",
      "cgroup_id": 9329,
      "on_cpu_stats_ns": {
        "count": 16.0,
        "sum_ns": 325061.13636363635,
        "mean_ns": 20316.321022727272,
        "median_ns": 21573.415765151516,
        "min_ns": 8274.0,
        "max_ns": 44423.0,
        "variance_ns2": 93614423.4731319,
        "iqr_ns": 13025.327534382628,
        "q1_ns": 13428.112578162578,
        "q3_ns": 26453.440112545206
      },
      "runq_latency_stats_ns": {
        "count": 16.0,
        "sum_ns": 90571.75,
        "mean_ns": 5660.734375,
        "median_ns": 6470.341433118387,
        "min_ns": 1265.75,
        "max_ns": 9570.0,
        "variance_ns2": 5435556.82890625,
        "iqr_ns": 4147.024616345436,
        "q1_ns": 3361.0,
        "q3_ns": 7508.024616345436
      },
      "first_seen_ts_ns": 1747581364065204661,
      "last_seen_ts_ns": 1747581410062385739,
      "duration_active_s": 45.997181078
    },
    {
      "tgid": 473,
      "comm": "lmp",
      "cgroup_id": 9329,
      "on_cpu_stats_ns": {
        "count": 16.0,
        "sum_ns": 324455.04166666674,
        "mean_ns": 20278.44010416667,
        "median_ns": 17790.130357142858,
        "min_ns": 6315.0,
        "max_ns": 46770.0,
        "variance_ns2": 124725569.57406685,
        "iqr_ns": 10220.451273148148,
        "q1_ns": 12795.048726851852,
        "q3_ns": 23015.5
      },
      "runq_latency_stats_ns": {
        "count": 16.0,
        "sum_ns": 105783.70833333334,
        "mean_ns": 6611.481770833334,
        "median_ns": 5794.949226190476,
        "min_ns": 1151.2083333333333,
        "max_ns": 35256.5,
        "variance_ns2": 63724305.30531686,
        "iqr_ns": 5844.619345238092,
        "q1_ns": 2867.6217261904762,
        "q3_ns": 8712.241071428569
      },
      "first_seen_ts_ns": 1747581412066123508,
      "last_seen_ts_ns": 1747581454067080156,
      "duration_active_s": 42.000956648
    },
    {
      "tgid": 286,
      "comm": "lmp",
      "cgroup_id": 9329,
      "on_cpu_stats_ns": {
        "count": 15.0,
        "sum_ns": 322586.5931818182,
        "mean_ns": 21505.77287878788,
        "median_ns": 22639.182647907644,
        "min_ns": 8705.0,
        "max_ns": 56755.0,
        "variance_ns2": 140072392.19453987,
        "iqr_ns": 13739.56133820847,
        "q1_ns": 11335.0,
        "q3_ns": 25074.56133820847
      },
      "runq_latency_stats_ns": {
        "count": 15.0,
        "sum_ns": 83628.75227272727,
        "mean_ns": 5575.250151515152,
        "median_ns": 6199.669620310246,
        "min_ns": 1216.4,
        "max_ns": 9978.0,
        "variance_ns2": 6786184.195454889,
        "iqr_ns": 3048.452272476751,
        "q1_ns": 4555.457142857143,
        "q3_ns": 7603.909415333894
      },
      "first_seen_ts_ns": 1747581364065204661,
      "last_seen_ts_ns": 1747581411607368112,
      "duration_active_s": 47.542163451
    },
    {
      "tgid": 226,
      "comm": "lmp",
      "cgroup_id": 9329,
      "on_cpu_stats_ns": {
        "count": 16.0,
        "sum_ns": 321099.5795454546,
        "mean_ns": 20068.72372159091,
        "median_ns": 20224.975509860506,
        "min_ns": 6293.0,
        "max_ns": 37630.0,
        "variance_ns2": 87180658.81824587,
        "iqr_ns": 13229.904130424613,
        "q1_ns": 14243.80681818182,
        "q3_ns": 27473.710948606433
      },
      "runq_latency_stats_ns": {
        "count": 16.0,
        "sum_ns": 88281.28409090909,
        "mean_ns": 5517.580255681818,
        "median_ns": 6191.133331078645,
        "min_ns": 1246.284090909091,
        "max_ns": 8529.0,
        "variance_ns2": 5487188.46593438,
        "iqr_ns": 3399.946515151515,
        "q1_ns": 3550.0,
        "q3_ns": 6949.946515151515
      },
      "first_seen_ts_ns": 1747581364065204661,
      "last_seen_ts_ns": 1747581410062385739,
      "duration_active_s": 45.997181078
    },
    {
      "tgid": 232,
      "comm": "lmp",
      "cgroup_id": 9329,
      "on_cpu_stats_ns": {
        "count": 15.0,
        "sum_ns": 316851.61363636365,
        "mean_ns": 21123.44090909091,
        "median_ns": 21425.42869382602,
        "min_ns": 8730.0,
        "max_ns": 38128.0,
        "variance_ns2": 85011882.4841942,
        "iqr_ns": 9997.126323753408,
        "q1_ns": 17522.20468073593,
        "q3_ns": 27519.331004489337
      },
      "runq_latency_stats_ns": {
        "count": 15.0,
        "sum_ns": 99630.03409090909,
        "mean_ns": 6642.002272727273,
        "median_ns": 7237.602446388488,
        "min_ns": 1155.034090909091,
        "max_ns": 10172.0,
        "variance_ns2": 6408262.991960599,
        "iqr_ns": 4260.412244760768,
        "q1_ns": 4330.223985890652,
        "q3_ns": 8590.63623065142
      },
      "first_seen_ts_ns": 1747581364065204661,
      "last_seen_ts_ns": 1747581410062385739,
      "duration_active_s": 45.997181078
    },
    {
      "tgid": 180,
      "comm": "lmp",
      "cgroup_id": 9329,
      "on_cpu_stats_ns": {
        "count": 13.0,
        "sum_ns": 312552.85227272724,
        "mean_ns": 24042.527097902097,
        "median_ns": 23925.648863636365,
        "min_ns": 9424.0,
        "max_ns": 38356.0,
        "variance_ns2": 78859496.6175004,
        "iqr_ns": 14672.029865528635,
        "q1_ns": 14473.201106902357,
        "q3_ns": 29145.230972430993
      },
      "runq_latency_stats_ns": {
        "count": 13.0,
        "sum_ns": 82609.0,
        "mean_ns": 6354.538461538462,
        "median_ns": 6807.587962962964,
        "min_ns": 1137.0,
        "max_ns": 13372.0,
        "variance_ns2": 9334798.269230768,
        "iqr_ns": 3725.6024305555566,
        "q1_ns": 4778.12037037037,
        "q3_ns": 8503.722800925927
      },
      "first_seen_ts_ns": 1747581364065204661,
      "last_seen_ts_ns": 1747581406026950121,
      "duration_active_s": 41.96174546
    },
    {
      "tgid": 238,
      "comm": "lmp",
      "cgroup_id": 9329,
      "on_cpu_stats_ns": {
        "count": 15.0,
        "sum_ns": 310533.39772727276,
        "mean_ns": 20702.226515151517,
        "median_ns": 22827.51371212121,
        "min_ns": 9318.0,
        "max_ns": 36152.0,
        "variance_ns2": 56336995.22255879,
        "iqr_ns": 8469.840786335579,
        "q1_ns": 14993.863083964647,
        "q3_ns": 23463.703870300225
      },
      "runq_latency_stats_ns": {
        "count": 15.0,
        "sum_ns": 86786.82954545456,
        "mean_ns": 5785.788636363637,
        "median_ns": 6564.260138888889,
        "min_ns": 1067.8295454545455,
        "max_ns": 8584.0,
        "variance_ns2": 4548671.912001917,
        "iqr_ns": 2303.235286288813,
        "q1_ns": 4674.586666666667,
        "q3_ns": 6977.82195295548
      },
      "first_seen_ts_ns": 1747581364065204661,
      "last_seen_ts_ns": 1747581410062385739,
      "duration_active_s": 45.997181078
    },
    {
      "tgid": 328,
      "comm": "lmp",
      "cgroup_id": 9329,
      "on_cpu_stats_ns": {
        "count": 15.0,
        "sum_ns": 310326.45454545453,
        "mean_ns": 20688.4303030303,
        "median_ns": 20280.53143939394,
        "min_ns": 7435.0,
        "max_ns": 43366.0,
        "variance_ns2": 94865602.05013776,
        "iqr_ns": 6538.5169696969715,
        "q1_ns": 15826.898181818182,
        "q3_ns": 22365.415151515153
      },
      "runq_latency_stats_ns": {
        "count": 15.0,
        "sum_ns": 95166.5909090909,
        "mean_ns": 6344.439393939393,
        "median_ns": 6203.630941558442,
        "min_ns": 1227.590909090909,
        "max_ns": 10587.0,
        "variance_ns2": 8655673.292109407,
        "iqr_ns": 4132.68694309163,
        "q1_ns": 4305.3452380952385,
        "q3_ns": 8438.032181186869
      },
      "first_seen_ts_ns": 1747581364065204661,
      "last_seen_ts_ns": 1747581410062385739,
      "duration_active_s": 45.997181078
    },
    {
      "tgid": 529,
      "comm": "lmp",
      "cgroup_id": 9329,
      "on_cpu_stats_ns": {
        "count": 14.0,
        "sum_ns": 310122.1454545454,
        "mean_ns": 22151.581818181814,
        "median_ns": 23784.379912878787,
        "min_ns": 9256.0,
        "max_ns": 49756.0,
        "variance_ns2": 136844524.9881246,
        "iqr_ns": 14840.979002525253,
        "q1_ns": 13835.253977272727,
        "q3_ns": 28676.23297979798
      },
      "runq_latency_stats_ns": {
        "count": 14.0,
        "sum_ns": 79365.43636363637,
        "mean_ns": 5668.959740259741,
        "median_ns": 6061.427186147186,
        "min_ns": 1300.4363636363637,
        "max_ns": 8074.0,
        "variance_ns2": 4628734.94017437,
        "iqr_ns": 2948.775965118558,
        "q1_ns": 4372.204761904762,
        "q3_ns": 7320.98072702332
      },
      "first_seen_ts_ns": 1747581412722119175,
      "last_seen_ts_ns": 1747581454067080156,
      "duration_active_s": 41.344960981
    },
    {
      "tgid": 280,
      "comm": "lmp",
      "cgroup_id": 9329,
      "on_cpu_stats_ns": {
        "count": 14.0,
        "sum_ns": 310019.4431818182,
        "mean_ns": 22144.24594155844,
        "median_ns": 20187.640332176645,
        "min_ns": 8217.0,
        "max_ns": 44792.0,
        "variance_ns2": 98860549.92287046,
        "iqr_ns": 9009.004248211277,
        "q1_ns": 16631.95686026936,
        "q3_ns": 25640.96110848064
      },
      "runq_latency_stats_ns": {
        "count": 14.0,
        "sum_ns": 101039.68181818181,
        "mean_ns": 7217.120129870129,
        "median_ns": 8378.04436026936,
        "min_ns": 2056.681818181818,
        "max_ns": 10614.0,
        "variance_ns2": 8206573.195043594,
        "iqr_ns": 3006.1082351290697,
        "q1_ns": 6669.0,
        "q3_ns": 9675.10823512907
      },
      "first_seen_ts_ns": 1747581364065204661,
      "last_seen_ts_ns": 1747581410062385739,
      "duration_active_s": 45.997181078
    },
    {
      "tgid": 268,
      "comm": "lmp",
      "cgroup_id": 9329,
      "on_cpu_stats_ns": {
        "count": 15.0,
        "sum_ns": 309939.74999999994,
        "mean_ns": 20662.649999999998,
        "median_ns": 20429.20553571429,
        "min_ns": 8454.0,
        "max_ns": 40794.0,
        "variance_ns2": 95339506.58749999,
        "iqr_ns": 11725.116121031744,
        "q1_ns": 15838.968253968254,
        "q3_ns": 27564.084375
      },
      "runq_latency_stats_ns": {
        "count": 15.0,
        "sum_ns": 86570.39772727274,
        "mean_ns": 5771.359848484849,
        "median_ns": 6769.750927021956,
        "min_ns": 1182.3977272727273,
        "max_ns": 8048.0,
        "variance_ns2": 4172702.491065279,
        "iqr_ns": 2519.9015290000516,
        "q1_ns": 4630.573333333334,
        "q3_ns": 7150.474862333385
      },
      "first_seen_ts_ns": 1747581364065204661,
      "last_seen_ts_ns": 1747581410062385739,
      "duration_active_s": 45.997181078
    },
    {
      "tgid": 244,
      "comm": "lmp",
      "cgroup_id": 9329,
      "on_cpu_stats_ns": {
        "count": 15.0,
        "sum_ns": 309936.24999999994,
        "mean_ns": 20662.416666666664,
        "median_ns": 21577.70021267361,
        "min_ns": 7256.0,
        "max_ns": 32156.0,
        "variance_ns2": 54884896.31845237,
        "iqr_ns": 8582.542008377426,
        "q1_ns": 17495.76875,
        "q3_ns": 26078.310758377425
      },
      "runq_latency_stats_ns": {
        "count": 15.0,
        "sum_ns": 87336.95454545453,
        "mean_ns": 5822.4636363636355,
        "median_ns": 6345.701178451178,
        "min_ns": 1343.9545454545455,
        "max_ns": 8512.0,
        "variance_ns2": 4340374.490613932,
        "iqr_ns": 1935.1516924230164,
        "q1_ns": 4986.019047619047,
        "q3_ns": 6921.170740042064
      },
      "first_seen_ts_ns": 1747581364065204661,
      "last_seen_ts_ns": 1747581410062385739,
      "duration_active_s": 45.997181078
    },
    {
      "tgid": 256,
      "comm": "lmp",
      "cgroup_id": 9329,
      "on_cpu_stats_ns": {
        "count": 15.0,
        "sum_ns": 309125.3068181819,
        "mean_ns": 20608.35378787879,
        "median_ns": 20248.69140625,
        "min_ns": 7329.0,
        "max_ns": 36427.0,
        "variance_ns2": 64871421.43917626,
        "iqr_ns": 9855.409375100211,
        "q1_ns": 15660.087230639729,
        "q3_ns": 25515.49660573994
      },
      "runq_latency_stats_ns": {
        "count": 15.0,
        "sum_ns": 92491.60227272726,
        "mean_ns": 6166.106818181817,
        "median_ns": 6288.175492424243,
        "min_ns": 1302.6022727272727,
        "max_ns": 9747.0,
        "variance_ns2": 5278846.020177834,
        "iqr_ns": 2660.5412487789417,
        "q1_ns": 4879.262433862434,
        "q3_ns": 7539.803682641375
      },
      "first_seen_ts_ns": 1747581364065204661,
      "last_seen_ts_ns": 1747581410062385739,
      "duration_active_s": 45.997181078
    },
    {
      "tgid": 220,
      "comm": "lmp",
      "cgroup_id": 9329,
      "on_cpu_stats_ns": {
        "count": 15.0,
        "sum_ns": 306954.8522727273,
        "mean_ns": 20463.65681818182,
        "median_ns": 21269.583333333332,
        "min_ns": 9059.0,
        "max_ns": 41128.0,
        "variance_ns2": 80547616.22439861,
        "iqr_ns": 10381.661731902353,
        "q1_ns": 16502.444065656568,
        "q3_ns": 26884.10579755892
      },
      "runq_latency_stats_ns": {
        "count": 15.0,
        "sum_ns": 84340.9318181818,
        "mean_ns": 5622.7287878787865,
        "median_ns": 7024.943698893699,
        "min_ns": 1120.9318181818182,
        "max_ns": 8070.0,
        "variance_ns2": 4524280.629314248,
        "iqr_ns": 2694.8150499372023,
        "q1_ns": 4878.601190476191,
        "q3_ns": 7573.416240413393
      },
      "first_seen_ts_ns": 1747581364065204661,
      "last_seen_ts_ns": 1747581410062385739,
      "duration_active_s": 45.997181078
    },
    {
      "tgid": 298,
      "comm": "lmp",
      "cgroup_id": 9329,
      "on_cpu_stats_ns": {
        "count": 14.0,
        "sum_ns": 305429.78409090906,
        "mean_ns": 21816.413149350647,
        "median_ns": 21138.932765151512,
        "min_ns": 7637.0,
        "max_ns": 45526.0,
        "variance_ns2": 120693678.09423885,
        "iqr_ns": 11857.209448653199,
        "q1_ns": 14336.78409090909,
        "q3_ns": 26193.99353956229
      },
      "runq_latency_stats_ns": {
        "count": 14.0,
        "sum_ns": 94224.51136363638,
        "mean_ns": 6730.322240259741,
        "median_ns": 6871.016372053872,
        "min_ns": 1914.0,
        "max_ns": 13634.0,
        "variance_ns2": 9627124.640805926,
        "iqr_ns": 4321.082860549943,
        "q1_ns": 3789.365757575758,
        "q3_ns": 8110.448618125701
      },
      "first_seen_ts_ns": 1747581364065204661,
      "last_seen_ts_ns": 1747581410062385739,
      "duration_active_s": 45.997181078
    },
    {
      "tgid": 352,
      "comm": "lmp",
      "cgroup_id": 9329,
      "on_cpu_stats_ns": {
        "count": 14.0,
        "sum_ns": 300955.7159090909,
        "mean_ns": 21496.83685064935,
        "median_ns": 21172.426136363636,
        "min_ns": 7423.0,
        "max_ns": 44588.0,
        "variance_ns2": 127293753.26775287,
        "iqr_ns": 13934.623681507534,
        "q1_ns": 12370.542715097405,
        "q3_ns": 26305.16639660494
      },
      "runq_latency_stats_ns": {
        "count": 14.0,
        "sum_ns": 85316.87499999999,
        "mean_ns": 6094.062499999999,
        "median_ns": 6833.335934744268,
        "min_ns": 1094.875,
        "max_ns": 10604.0,
        "variance_ns2": 6625329.746995196,
        "iqr_ns": 3838.9938973806256,
        "q1_ns": 4186.991402116402,
        "q3_ns": 8025.985299497028
      },
      "first_seen_ts_ns": 1747581364065204661,
      "last_seen_ts_ns": 1747581410062385739,
      "duration_active_s": 45.997181078
    },
    {
      "tgid": 407,
      "comm": "lmp",
      "cgroup_id": 9329,
      "on_cpu_stats_ns": {
        "count": 14.0,
        "sum_ns": 300119.56741573033,
        "mean_ns": 21437.11195826645,
        "median_ns": 21503.52946317104,
        "min_ns": 8495.067415730337,
        "max_ns": 43165.0,
        "variance_ns2": 99428844.62233044,
        "iqr_ns": 11458.537377426695,
        "q1_ns": 15766.99408436214,
        "q3_ns": 27225.531461788836
      },
      "runq_latency_stats_ns": {
        "count": 14.0,
        "sum_ns": 112127.19101123596,
        "mean_ns": 8009.08507223114,
        "median_ns": 6011.87327447833,
        "min_ns": 1337.191011235955,
        "max_ns": 24878.0,
        "variance_ns2": 34593732.46778698,
        "iqr_ns": 1957.129957760123,
        "q1_ns": 4731.817901234568,
        "q3_ns": 6688.947858994691
      },
      "first_seen_ts_ns": 1747581412066123508,
      "last_seen_ts_ns": 1747581454067080156,
      "duration_active_s": 42.000956648
    },
    {
      "tgid": 395,
      "comm": "lmp",
      "cgroup_id": 9329,
      "on_cpu_stats_ns": {
        "count": 14.0,
        "sum_ns": 297347.3483146068,
        "mean_ns": 21239.0963081862,
        "median_ns": 18037.528353932583,
        "min_ns": 9976.348314606741,
        "max_ns": 54360.0,
        "variance_ns2": 138679711.60435677,
        "iqr_ns": 10510.630698234347,
        "q1_ns": 11784.634126984127,
        "q3_ns": 22295.264825218474
      },
      "runq_latency_stats_ns": {
        "count": 14.0,
        "sum_ns": 79673.4382022472,
        "mean_ns": 5690.959871589085,
        "median_ns": 6402.062952856549,
        "min_ns": 1253.438202247191,
        "max_ns": 8625.0,
        "variance_ns2": 5075249.0527947005,
        "iqr_ns": 2409.754490047163,
        "q1_ns": 4680.816666666667,
        "q3_ns": 7090.57115671383
      },
      "first_seen_ts_ns": 1747581412722119175,
      "last_seen_ts_ns": 1747581454067080156,
      "duration_active_s": 41.344960981
    },
    {
      "tgid": 340,
      "comm": "lmp",
      "cgroup_id": 9329,
      "on_cpu_stats_ns": {
        "count": 14.0,
        "sum_ns": 297058.88636363635,
        "mean_ns": 21218.491883116883,
        "median_ns": 19538.020707070707,
        "min_ns": 4054.0,
        "max_ns": 41371.0,
        "variance_ns2": 124358107.96071254,
        "iqr_ns": 13607.41782273796,
        "q1_ns": 12769.63354978355,
        "q3_ns": 26377.05137252151
      },
      "runq_latency_stats_ns": {
        "count": 14.0,
        "sum_ns": 88046.46590909091,
        "mean_ns": 6289.033279220779,
        "median_ns": 6883.814408369408,
        "min_ns": 1087.465909090909,
        "max_ns": 10419.0,
        "variance_ns2": 7044958.529491107,
        "iqr_ns": 3551.0742043450364,
        "q1_ns": 4826.389880952381,
        "q3_ns": 8377.464085297417
      },
      "first_seen_ts_ns": 1747581364065204661,
      "last_seen_ts_ns": 1747581410062385739,
      "duration_active_s": 45.997181078
    },
    {
      "tgid": 274,
      "comm": "lmp",
      "cgroup_id": 9329,
      "on_cpu_stats_ns": {
        "count": 15.0,
        "sum_ns": 295830.2045454546,
        "mean_ns": 19722.013636363637,
        "median_ns": 17577.683743686866,
        "min_ns": 8546.0,
        "max_ns": 39399.0,
        "variance_ns2": 93478096.47032174,
        "iqr_ns": 14471.429420555869,
        "q1_ns": 12033.5,
        "q3_ns": 26504.92942055587
      },
      "runq_latency_stats_ns": {
        "count": 15.0,
        "sum_ns": 110616.60227272726,
        "mean_ns": 7374.440151515151,
        "median_ns": 7584.478116883117,
        "min_ns": 1352.6022727272727,
        "max_ns": 15943.0,
        "variance_ns2": 17989853.12028606,
        "iqr_ns": 3136.2611654115553,
        "q1_ns": 4742.739417989418,
        "q3_ns": 7879.0005834009735
      },
      "first_seen_ts_ns": 1747581364065204661,
      "last_seen_ts_ns": 1747581411607368112,
      "duration_active_s": 47.542163451
    },
    {
      "tgid": 383,
      "comm": "lmp",
      "cgroup_id": 9329,
      "on_cpu_stats_ns": {
        "count": 14.0,
        "sum_ns": 293040.41573033703,
        "mean_ns": 20931.458266452646,
        "median_ns": 18495.71412687266,
        "min_ns": 10440.0,
        "max_ns": 51560.0,
        "variance_ns2": 132196693.68168703,
        "iqr_ns": 16014.211042001072,
        "q1_ns": 11731.548789459604,
        "q3_ns": 27745.759831460677
      },
      "runq_latency_stats_ns": {
        "count": 14.0,
        "sum_ns": 88325.58426966291,
        "mean_ns": 6308.970304975922,
        "median_ns": 7647.497179333655,
        "min_ns": 1278.5842696629213,
        "max_ns": 9607.0,
        "variance_ns2": 6753389.4159752,
        "iqr_ns": 3097.2748941248474,
        "q1_ns": 4940.678412698413,
        "q3_ns": 8037.95330682326
      },
      "first_seen_ts_ns": 1747581412722119175,
      "last_seen_ts_ns": 1747581454067080156,
      "duration_active_s": 41.344960981
    },
    {
      "tgid": 419,
      "comm": "lmp",
      "cgroup_id": 9329,
      "on_cpu_stats_ns": {
        "count": 13.0,
        "sum_ns": 291885.3033707865,
        "mean_ns": 22452.715643906653,
        "median_ns": 22843.00577403246,
        "min_ns": 9995.303370786516,
        "max_ns": 56417.0,
        "variance_ns2": 172066878.68786314,
        "iqr_ns": 14649.079588014978,
        "q1_ns": 12068.0,
        "q3_ns": 26717.079588014978
      },
      "runq_latency_stats_ns": {
        "count": 13.0,
        "sum_ns": 85999.03370786516,
        "mean_ns": 6615.310285220397,
        "median_ns": 7223.678213457668,
        "min_ns": 1127.0337078651685,
        "max_ns": 13322.0,
        "variance_ns2": 9912577.89766735,
        "iqr_ns": 3798.9090969703884,
        "q1_ns": 5009.88955026455,
        "q3_ns": 8808.798647234938
      },
      "first_seen_ts_ns": 1747581412722119175,
      "last_seen_ts_ns": 1747581454067080156,
      "duration_active_s": 41.344960981
    },
    {
      "tgid": 250,
      "comm": "lmp",
      "cgroup_id": 9329,
      "on_cpu_stats_ns": {
        "count": 15.0,
        "sum_ns": 286387.2159090909,
        "mean_ns": 19092.48106060606,
        "median_ns": 20262.614129870126,
        "min_ns": 6812.0,
        "max_ns": 31359.0,
        "variance_ns2": 58725264.33817271,
        "iqr_ns": 8129.216118476428,
        "q1_ns": 16136.99539983165,
        "q3_ns": 24266.21151830808
      },
      "runq_latency_stats_ns": {
        "count": 15.0,
        "sum_ns": 80256.69318181818,
        "mean_ns": 5350.446212121212,
        "median_ns": 5274.626936026936,
        "min_ns": 1235.6931818181818,
        "max_ns": 8082.0,
        "variance_ns2": 4436799.757682753,
        "iqr_ns": 4239.157150870686,
        "q1_ns": 2135.7333333333336,
        "q3_ns": 6374.890484204019
      },
      "first_seen_ts_ns": 1747581363124539895,
      "last_seen_ts_ns": 1747581410062385739,
      "duration_active_s": 46.937845844
    },
    {
      "tgid": 425,
      "comm": "lmp",
      "cgroup_id": 9329,
      "on_cpu_stats_ns": {
        "count": 14.0,
        "sum_ns": 284753.8314606742,
        "mean_ns": 20339.559390048154,
        "median_ns": 18736.354166666668,
        "min_ns": 8176.0,
        "max_ns": 38773.0,
        "variance_ns2": 104261719.93313159,
        "iqr_ns": 15946.289903245945,
        "q1_ns": 12618.816526217228,
        "q3_ns": 28565.106429463172
      },
      "runq_latency_stats_ns": {
        "count": 14.0,
        "sum_ns": 68239.01123595505,
        "mean_ns": 4874.215088282504,
        "median_ns": 5766.921655547752,
        "min_ns": 1142.0112359550562,
        "max_ns": 9142.0,
        "variance_ns2": 5404111.729790471,
        "iqr_ns": 1945.8334523948852,
        "q1_ns": 3702.574776158708,
        "q3_ns": 5648.408228553593
      },
      "first_seen_ts_ns": 1747581412722119175,
      "last_seen_ts_ns": 1747581454067080156,
      "duration_active_s": 41.344960981
    },
    {
      "tgid": 509,
      "comm": "lmp",
      "cgroup_id": 9329,
      "on_cpu_stats_ns": {
        "count": 14.0,
        "sum_ns": 279800.5121951219,
        "mean_ns": 19985.750871080138,
        "median_ns": 15568.691711382115,
        "min_ns": 6663.0,
        "max_ns": 43211.0,
        "variance_ns2": 106264418.95521702,
        "iqr_ns": 11871.775533536584,
        "q1_ns": 12953.843978658537,
        "q3_ns": 24825.61951219512
      },
      "runq_latency_stats_ns": {
        "count": 14.0,
        "sum_ns": 80602.51219512193,
        "mean_ns": 5757.322299651567,
        "median_ns": 6580.094539295393,
        "min_ns": 1238.5121951219512,
        "max_ns": 8235.0,
        "variance_ns2": 3373742.276042518,
        "iqr_ns": 1404.2099593495932,
        "q1_ns": 5298.0,
        "q3_ns": 6702.209959349593
      },
      "first_seen_ts_ns": 1747581412722119175,
      "last_seen_ts_ns": 1747581454067080156,
      "duration_active_s": 41.344960981
    },
    {
      "tgid": 371,
      "comm": "lmp",
      "cgroup_id": 9329,
      "on_cpu_stats_ns": {
        "count": 14.0,
        "sum_ns": 276148.12359550566,
        "mean_ns": 19724.86597110755,
        "median_ns": 20661.056423220976,
        "min_ns": 7300.0,
        "max_ns": 41480.0,
        "variance_ns2": 91399499.17975515,
        "iqr_ns": 10620.025807026928,
        "q1_ns": 12935.970447654718,
        "q3_ns": 23555.996254681646
      },
      "runq_latency_stats_ns": {
        "count": 14.0,
        "sum_ns": 81037.65168539327,
        "mean_ns": 5788.4036918138045,
        "median_ns": 6834.831668747399,
        "min_ns": 1358.6516853932585,
        "max_ns": 8388.0,
        "variance_ns2": 5090822.554659268,
        "iqr_ns": 2405.9980055023816,
        "q1_ns": 4832.602222222222,
        "q3_ns": 7238.600227724603
      },
      "first_seen_ts_ns": 1747581412722119175,
      "last_seen_ts_ns": 1747581454067080156,
      "duration_active_s": 41.344960981
    },
    {
      "tgid": 304,
      "comm": "lmp",
      "cgroup_id": 9329,
      "on_cpu_stats_ns": {
        "count": 13.0,
        "sum_ns": 273797.3522727273,
        "mean_ns": 21061.334790209792,
        "median_ns": 20399.35848063973,
        "min_ns": 8004.0,
        "max_ns": 46468.0,
        "variance_ns2": 103484342.50065893,
        "iqr_ns": 12526.300315829765,
        "q1_ns": 12852.0,
        "q3_ns": 25378.300315829765
      },
      "runq_latency_stats_ns": {
        "count": 13.0,
        "sum_ns": 85173.72727272728,
        "mean_ns": 6551.825174825175,
        "median_ns": 7645.8124201195615,
        "min_ns": 1283.7272727272727,
        "max_ns": 12192.0,
        "variance_ns2": 7819542.7609663075,
        "iqr_ns": 1511.3630158136311,
        "q1_ns": 7375.755731922398,
        "q3_ns": 8887.118747736029
      },
      "first_seen_ts_ns": 1747581364065204661,
      "last_seen_ts_ns": 1747581410062385739,
      "duration_active_s": 45.997181078
    },
    {
      "tgid": 377,
      "comm": "lmp",
      "cgroup_id": 9329,
      "on_cpu_stats_ns": {
        "count": 13.0,
        "sum_ns": 270340.67415730335,
        "mean_ns": 20795.436473638718,
        "median_ns": 19089.514383062837,
        "min_ns": 8880.0,
        "max_ns": 47398.0,
        "variance_ns2": 122692960.3886051,
        "iqr_ns": 12847.102975886624,
        "q1_ns": 12817.170117353307,
        "q3_ns": 25664.27309323993
      },
      "runq_latency_stats_ns": {
        "count": 13.0,
        "sum_ns": 84695.95505617978,
        "mean_ns": 6515.073465859983,
        "median_ns": 7350.269257958801,
        "min_ns": 1229.9550561797753,
        "max_ns": 9031.0,
        "variance_ns2": 4384518.165669641,
        "iqr_ns": 1174.3962546816474,
        "q1_ns": 6263.85,
        "q3_ns": 7438.246254681648
      },
      "first_seen_ts_ns": 1747581412722119175,
      "last_seen_ts_ns": 1747581454067080156,
      "duration_active_s": 41.344960981
    },
    {
      "tgid": 346,
      "comm": "lmp",
      "cgroup_id": 9329,
      "on_cpu_stats_ns": {
        "count": 13.0,
        "sum_ns": 268524.09090909094,
        "mean_ns": 20655.699300699303,
        "median_ns": 19169.506060606058,
        "min_ns": 7575.0,
        "max_ns": 40704.0,
        "variance_ns2": 90623495.40273364,
        "iqr_ns": 12675.51463754139,
        "q1_ns": 11804.25187878788,
        "q3_ns": 24479.76651632927
      },
      "runq_latency_stats_ns": {
        "count": 13.0,
        "sum_ns": 83725.80681818182,
        "mean_ns": 6440.4466783216785,
        "median_ns": 7262.824144219978,
        "min_ns": 1278.8068181818182,
        "max_ns": 10112.0,
        "variance_ns2": 6288998.455522224,
        "iqr_ns": 2005.264618406285,
        "q1_ns": 5779.933333333333,
        "q3_ns": 7785.1979517396185
      },
      "first_seen_ts_ns": 1747581364065204661,
      "last_seen_ts_ns": 1747581410062385739,
      "duration_active_s": 45.997181078
    },
    {
      "tgid": 322,
      "comm": "lmp",
      "cgroup_id": 9329,
      "on_cpu_stats_ns": {
        "count": 13.0,
        "sum_ns": 256538.36363636365,
        "mean_ns": 19733.72027972028,
        "median_ns": 20679.622334455664,
        "min_ns": 7440.0,
        "max_ns": 36576.0,
        "variance_ns2": 89064830.74443741,
        "iqr_ns": 9819.059737587513,
        "q1_ns": 14843.811568061568,
        "q3_ns": 24662.87130564908
      },
      "runq_latency_stats_ns": {
        "count": 13.0,
        "sum_ns": 88097.11363636365,
        "mean_ns": 6776.701048951049,
        "median_ns": 6799.536931818182,
        "min_ns": 1182.1136363636363,
        "max_ns": 11844.0,
        "variance_ns2": 8151199.438347637,
        "iqr_ns": 1239.0747813786002,
        "q1_ns": 7551.188271604939,
        "q3_ns": 8790.263052983539
      },
      "first_seen_ts_ns": 1747581364065204661,
      "last_seen_ts_ns": 1747581410062385739,
      "duration_active_s": 45.997181078
    },
    {
      "tgid": 365,
      "comm": "lmp",
      "cgroup_id": 9329,
      "on_cpu_stats_ns": {
        "count": 13.0,
        "sum_ns": 245271.67415730332,
        "mean_ns": 18867.0518582541,
        "median_ns": 16797.049566947564,
        "min_ns": 8651.0,
        "max_ns": 34450.0,
        "variance_ns2": 61658601.60050368,
        "iqr_ns": 12396.22684877699,
        "q1_ns": 11199.509927590512,
        "q3_ns": 23595.736776367503
      },
      "runq_latency_stats_ns": {
        "count": 13.0,
        "sum_ns": 80584.44943820225,
        "mean_ns": 6198.803802938634,
        "median_ns": 6886.8502290663455,
        "min_ns": 1140.4494382022472,
        "max_ns": 7858.0,
        "variance_ns2": 3832112.7738209697,
        "iqr_ns": 1753.5104221574884,
        "q1_ns": 5726.327777777778,
        "q3_ns": 7479.838199935266
      },
      "first_seen_ts_ns": 1747581412722119175,
      "last_seen_ts_ns": 1747581454067080156,
      "duration_active_s": 41.344960981
    },
    {
      "tgid": 334,
      "comm": "lmp",
      "cgroup_id": 9329,
      "on_cpu_stats_ns": {
        "count": 13.0,
        "sum_ns": 235258.38636363638,
        "mean_ns": 18096.798951048953,
        "median_ns": 20085.3630050505,
        "min_ns": 7475.0,
        "max_ns": 30130.0,
        "variance_ns2": 49666030.08607491,
        "iqr_ns": 10773.020190329218,
        "q1_ns": 11217.0,
        "q3_ns": 21990.020190329218
      },
      "runq_latency_stats_ns": {
        "count": 13.0,
        "sum_ns": 87421.68181818182,
        "mean_ns": 6724.744755244756,
        "median_ns": 6869.902146464647,
        "min_ns": 1327.6818181818182,
        "max_ns": 10372.0,
        "variance_ns2": 6346398.559069719,
        "iqr_ns": 1258.3889757361976,
        "q1_ns": 7424.6956202234,
        "q3_ns": 8683.084595959597
      },
      "first_seen_ts_ns": 1747581364065204661,
      "last_seen_ts_ns": 1747581410062385739,
      "duration_active_s": 45.997181078
    },
    {
      "tgid": 389,
      "comm": "lmp",
      "cgroup_id": 9329,
      "on_cpu_stats_ns": {
        "count": 14.0,
        "sum_ns": 233645.89887640445,
        "mean_ns": 16688.992776886033,
        "median_ns": 15716.813150228882,
        "min_ns": 10300.898876404495,
        "max_ns": 38002.0,
        "variance_ns2": 75692832.76650397,
        "iqr_ns": 6841.765667915104,
        "q1_ns": 12313.5,
        "q3_ns": 19155.265667915104
      },
      "runq_latency_stats_ns": {
        "count": 14.0,
        "sum_ns": 77644.28089887642,
        "mean_ns": 5546.020064205458,
        "median_ns": 6662.460743406678,
        "min_ns": 1128.2808988764045,
        "max_ns": 8798.0,
        "variance_ns2": 6201412.926984326,
        "iqr_ns": 2786.147770643838,
        "q1_ns": 4739.095238095238,
        "q3_ns": 7525.243008739076
      },
      "first_seen_ts_ns": 1747581412722119175,
      "last_seen_ts_ns": 1747581454067080156,
      "duration_active_s": 41.344960981
    },
    {
      "tgid": 401,
      "comm": "lmp",
      "cgroup_id": 9329,
      "on_cpu_stats_ns": {
        "count": 13.0,
        "sum_ns": 231862.34444444443,
        "mean_ns": 17835.564957264956,
        "median_ns": 17983.297903806582,
        "min_ns": 5230.0,
        "max_ns": 24642.0,
        "variance_ns2": 47839310.48633429,
        "iqr_ns": 9588.033553624959,
        "q1_ns": 14137.003555555555,
        "q3_ns": 23725.037109180514
      },
      "runq_latency_stats_ns": {
        "count": 13.0,
        "sum_ns": 78815.66666666667,
        "mean_ns": 6062.74358974359,
        "median_ns": 7157.506878306877,
        "min_ns": 1326.6666666666667,
        "max_ns": 8876.0,
        "variance_ns2": 5132332.632478633,
        "iqr_ns": 1865.8466666666673,
        "q1_ns": 5793.464444444445,
        "q3_ns": 7659.311111111112
      },
      "first_seen_ts_ns": 1747581412722119175,
      "last_seen_ts_ns": 1747581454067080156,
      "duration_active_s": 41.344960981
    },
    {
      "tgid": 292,
      "comm": "lmp",
      "cgroup_id": 9329,
      "on_cpu_stats_ns": {
        "count": 14.0,
        "sum_ns": 225671.73863636365,
        "mean_ns": 16119.409902597403,
        "median_ns": 14723.712950994319,
        "min_ns": 5788.0,
        "max_ns": 33853.0,
        "variance_ns2": 50046101.18270154,
        "iqr_ns": 6371.094499684345,
        "q1_ns": 12704.450954861111,
        "q3_ns": 19075.545454545456
      },
      "runq_latency_stats_ns": {
        "count": 13.0,
        "sum_ns": 81612.12499999999,
        "mean_ns": 6277.855769230769,
        "median_ns": 5713.260243055556,
        "min_ns": 1419.125,
        "max_ns": 12502.0,
        "variance_ns2": 11014254.582932694,
        "iqr_ns": 5920.139484126985,
        "q1_ns": 2545.9,
        "q3_ns": 8466.039484126984
      },
      "first_seen_ts_ns": 1747581364065204661,
      "last_seen_ts_ns": 1747581410062385739,
      "duration_active_s": 45.997181078
    },
    {
      "tgid": 359,
      "comm": "lmp",
      "cgroup_id": 9329,
      "on_cpu_stats_ns": {
        "count": 10.0,
        "sum_ns": 197839.0,
        "mean_ns": 19783.9,
        "median_ns": 21466.652777777777,
        "min_ns": 12057.0,
        "max_ns": 23083.0,
        "variance_ns2": 17089912.766666666,
        "iqr_ns": 1005.625,
        "q1_ns": 20626.375,
        "q3_ns": 21632.0
      },
      "runq_latency_stats_ns": {
        "count": 10.0,
        "sum_ns": 89337.5,
        "mean_ns": 8933.75,
        "median_ns": 7491.0,
        "min_ns": 6086.0,
        "max_ns": 24056.5,
        "variance_ns2": 28628467.847222228,
        "iqr_ns": 927.911458333333,
        "q1_ns": 6955.421875,
        "q3_ns": 7883.333333333333
      },
      "first_seen_ts_ns": 1747581412066123508,
      "last_seen_ts_ns": 1747581454067080156,
      "duration_active_s": 42.000956648
    },
    {
      "tgid": 282,
      "comm": "lmp",
      "cgroup_id": 9329,
      "on_cpu_stats_ns": {
        "count": 2.0,
        "sum_ns": 187148.0,
        "mean_ns": 93574.0,
        "median_ns": 151559.0,
        "min_ns": 35589.0,
        "max_ns": 151559.0,
        "variance_ns2": 6724520450.0,
        "iqr_ns": 115970.0,
        "q1_ns": 35589.0,
        "q3_ns": 151559.0
      },
      "runq_latency_stats_ns": {
        "count": 2.0,
        "sum_ns": 37808.0,
        "mean_ns": 18904.0,
        "median_ns": 35550.0,
        "min_ns": 2258.0,
        "max_ns": 35550.0,
        "variance_ns2": 554178632.0,
        "iqr_ns": 33292.0,
        "q1_ns": 2258.0,
        "q3_ns": 35550.0
      },
      "first_seen_ts_ns": 1747581363633302003,
      "last_seen_ts_ns": 1747581407284515424,
      "duration_active_s": 43.651213421
    },
    {
      "tgid": 358,
      "comm": "lmp",
      "cgroup_id": 9329,
      "on_cpu_stats_ns": {
        "count": 9.0,
        "sum_ns": 181768.00000000003,
        "mean_ns": 20196.44444444445,
        "median_ns": 21445.3,
        "min_ns": 11517.0,
        "max_ns": 28506.0,
        "variance_ns2": 28267516.277777784,
        "iqr_ns": 3222.8250000000007,
        "q1_ns": 19337.175,
        "q3_ns": 22560.0
      },
      "runq_latency_stats_ns": {
        "count": 9.0,
        "sum_ns": 63746.0,
        "mean_ns": 7082.888888888889,
        "median_ns": 6930.0,
        "min_ns": 6068.0,
        "max_ns": 8264.0,
        "variance_ns2": 458965.3611111111,
        "iqr_ns": 989.0,
        "q1_ns": 6631.625,
        "q3_ns": 7620.625
      },
      "first_seen_ts_ns": 1747581421996366328,
      "last_seen_ts_ns": 1747581454067080156,
      "duration_active_s": 32.070713828
    },
    {
      "tgid": 179,
      "comm": "flux-shell",
      "cgroup_id": 9329,
      "on_cpu_stats_ns": {
        "count": 4.0,
        "sum_ns": 161107.0,
        "mean_ns": 40276.75,
        "median_ns": 25137.0,
        "min_ns": 20122.0,
        "max_ns": 94356.0,
        "variance_ns2": 1304286030.25,
        "iqr_ns": 72864.0,
        "q1_ns": 21492.0,
        "q3_ns": 94356.0
      },
      "runq_latency_stats_ns": {
        "count": 4.0,
        "sum_ns": 41702.5,
        "mean_ns": 10425.625,
        "median_ns": 13716.5,
        "min_ns": 2120.0,
        "max_ns": 21623.0,
        "variance_ns2": 81139774.56250001,
        "iqr_ns": 17380.0,
        "q1_ns": 4243.0,
        "q3_ns": 21623.0
      },
      "first_seen_ts_ns": 1747581363633302003,
      "last_seen_ts_ns": 1747581412066123508,
      "duration_active_s": 48.432821505
    },
    {
      "tgid": 312,
      "comm": "lmp",
      "cgroup_id": 9329,
      "on_cpu_stats_ns": {
        "count": 4.0,
        "sum_ns": 116625.33333333333,
        "mean_ns": 29156.333333333332,
        "median_ns": 18862.0,
        "min_ns": 15548.0,
        "max_ns": 66173.33333333333,
        "variance_ns2": 611134687.5555556,
        "iqr_ns": 50131.33333333333,
        "q1_ns": 16042.0,
        "q3_ns": 66173.33333333333
      },
      "runq_latency_stats_ns": {
        "count": 4.0,
        "sum_ns": 4113547.5,
        "mean_ns": 1028386.875,
        "median_ns": 55121.0,
        "min_ns": 3092.5,
        "max_ns": 4050893.0,
        "variance_ns2": 4060827816479.3965,
        "iqr_ns": 4046452.0,
        "q1_ns": 4441.0,
        "q3_ns": 4050893.0
      },
      "first_seen_ts_ns": 1747581363633302003,
      "last_seen_ts_ns": 1747581407390737705,
      "duration_active_s": 43.757435702
    },
    {
      "tgid": 185,
      "comm": "lmp",
      "cgroup_id": 9329,
      "on_cpu_stats_ns": {
        "count": 5.0,
        "sum_ns": 104079.0,
        "mean_ns": 20815.8,
        "median_ns": 16765.0,
        "min_ns": 9893.0,
        "max_ns": 40182.0,
        "variance_ns2": 133823055.7,
        "iqr_ns": 5455.0,
        "q1_ns": 15892.0,
        "q3_ns": 21347.0
      },
      "runq_latency_stats_ns": {
        "count": 5.0,
        "sum_ns": 3236532.000000001,
        "mean_ns": 647306.4000000001,
        "median_ns": 71249.0,
        "min_ns": 4890.0,
        "max_ns": 3040660.0,
        "variance_ns2": 1790926684363.3003,
        "iqr_ns": 41305.0,
        "q1_ns": 39214.0,
        "q3_ns": 80519.0
      },
      "first_seen_ts_ns": 1747581363523975751,
      "last_seen_ts_ns": 1747581406558724053,
      "duration_active_s": 43.034748302
    },
    {
      "tgid": 234,
      "comm": "lmp",
      "cgroup_id": 9329,
      "on_cpu_stats_ns": {
        "count": 4.0,
        "sum_ns": 103782.5,
        "mean_ns": 25945.625,
        "median_ns": 29592.0,
        "min_ns": 15005.0,
        "max_ns": 38260.0,
        "variance_ns2": 103279604.22916667,
        "iqr_ns": 17334.5,
        "q1_ns": 20925.5,
        "q3_ns": 38260.0
      },
      "runq_latency_stats_ns": {
        "count": 4.0,
        "sum_ns": 129610.0,
        "mean_ns": 32402.5,
        "median_ns": 23861.0,
        "min_ns": 3766.0,
        "max_ns": 90733.0,
        "variance_ns2": 1580960613.6666667,
        "iqr_ns": 79483.0,
        "q1_ns": 11250.0,
        "q3_ns": 90733.0
      },
      "first_seen_ts_ns": 1747581363523975751,
      "last_seen_ts_ns": 1747581406558724053,
      "duration_active_s": 43.034748302
    },
    {
      "tgid": 197,
      "comm": "lmp",
      "cgroup_id": 9329,
      "on_cpu_stats_ns": {
        "count": 5.0,
        "sum_ns": 97425.0,
        "mean_ns": 19485.0,
        "median_ns": 18322.0,
        "min_ns": 14538.0,
        "max_ns": 27932.0,
        "variance_ns2": 28881608.000000004,
        "iqr_ns": 5589.0,
        "q1_ns": 15522.0,
        "q3_ns": 21111.0
      },
      "runq_latency_stats_ns": {
        "count": 5.0,
        "sum_ns": 7063022.0,
        "mean_ns": 1412604.4,
        "median_ns": 91257.0,
        "min_ns": 3655.0,
        "max_ns": 3968066.0,
        "variance_ns2": 3687547095523.3,
        "iqr_ns": 2991128.0,
        "q1_ns": 4458.0,
        "q3_ns": 2995586.0
      },
      "first_seen_ts_ns": 1747581363523975751,
      "last_seen_ts_ns": 1747581406558724053,
      "duration_active_s": 43.034748302
    },
    {
      "tgid": 527,
      "comm": "lmp",
      "cgroup_id": 9329,
      "on_cpu_stats_ns": {
        "count": 3.0,
        "sum_ns": 95249.5,
        "mean_ns": 31749.833333333332,
        "median_ns": 34652.0,
        "min_ns": 22031.5,
        "max_ns": 38566.0,
        "variance_ns2": 74664351.08333334,
        "iqr_ns": 16534.5,
        "q1_ns": 22031.5,
        "q3_ns": 38566.0
      },
      "runq_latency_stats_ns": {
        "count": 3.0,
        "sum_ns": 117882.0,
        "mean_ns": 39294.0,
        "median_ns": 36838.0,
        "min_ns": 1463.0,
        "max_ns": 79581.0,
        "variance_ns2": 1530129433.0,
        "iqr_ns": 78118.0,
        "q1_ns": 1463.0,
        "q3_ns": 79581.0
      },
      "first_seen_ts_ns": 1747581411712521764,
      "last_seen_ts_ns": 1747581454577947590,
      "duration_active_s": 42.865425826
    },
    {
      "tgid": 210,
      "comm": "lmp",
      "cgroup_id": 9329,
      "on_cpu_stats_ns": {
        "count": 4.0,
        "sum_ns": 88641.0,
        "mean_ns": 22160.25,
        "median_ns": 20987.0,
        "min_ns": 11780.0,
        "max_ns": 36824.0,
        "variance_ns2": 111275108.25,
        "iqr_ns": 17774.0,
        "q1_ns": 19050.0,
        "q3_ns": 36824.0
      },
      "runq_latency_stats_ns": {
        "count": 4.0,
        "sum_ns": 2038905.0,
        "mean_ns": 509726.25,
        "median_ns": 4403.0,
        "min_ns": 3055.0,
        "max_ns": 2028067.0,
        "variance_ns2": 1024604166855.5835,
        "iqr_ns": 2024687.0,
        "q1_ns": 3380.0,
        "q3_ns": 2028067.0
      },
      "first_seen_ts_ns": 1747581363633302003,
      "last_seen_ts_ns": 1747581406558724053,
      "duration_active_s": 42.92542205
    },
    {
      "tgid": 264,
      "comm": "lmp",
      "cgroup_id": 9329,
      "on_cpu_stats_ns": {
        "count": 3.0,
        "sum_ns": 86602.0,
        "mean_ns": 28867.333333333332,
        "median_ns": 33654.0,
        "min_ns": 17885.0,
        "max_ns": 35063.0,
        "variance_ns2": 90955054.33333334,
        "iqr_ns": 17178.0,
        "q1_ns": 17885.0,
        "q3_ns": 35063.0
      },
      "runq_latency_stats_ns": {
        "count": 3.0,
        "sum_ns": 78766.0,
        "mean_ns": 26255.333333333336,
        "median_ns": 3678.0,
        "min_ns": 1956.0,
        "max_ns": 73132.0,
        "variance_ns2": 1648807729.3333335,
        "iqr_ns": 71176.0,
        "q1_ns": 1956.0,
        "q3_ns": 73132.0
      },
      "first_seen_ts_ns": 1747581363633302003,
      "last_seen_ts_ns": 1747581406558724053,
      "duration_active_s": 42.92542205
    },
    {
      "tgid": 216,
      "comm": "lmp",
      "cgroup_id": 9329,
      "on_cpu_stats_ns": {
        "count": 3.0,
        "sum_ns": 84063.0,
        "mean_ns": 28021.0,
        "median_ns": 31014.0,
        "min_ns": 19794.0,
        "max_ns": 33255.0,
        "variance_ns2": 52018167.0,
        "iqr_ns": 13461.0,
        "q1_ns": 19794.0,
        "q3_ns": 33255.0
      },
      "runq_latency_stats_ns": {
        "count": 3.0,
        "sum_ns": 2026035.0,
        "mean_ns": 675345.0,
        "median_ns": 62489.0,
        "min_ns": 1087.0,
        "max_ns": 1962459.0,
        "variance_ns2": 1243439388148.0,
        "iqr_ns": 1961372.0,
        "q1_ns": 1087.0,
        "q3_ns": 1962459.0
      },
      "first_seen_ts_ns": 1747581363633302003,
      "last_seen_ts_ns": 1747581406558724053,
      "duration_active_s": 42.92542205
    },
    {
      "tgid": 330,
      "comm": "lmp",
      "cgroup_id": 9329,
      "on_cpu_stats_ns": {
        "count": 2.0,
        "sum_ns": 81844.0,
        "mean_ns": 40922.0,
        "median_ns": 47628.0,
        "min_ns": 34216.0,
        "max_ns": 47628.0,
        "variance_ns2": 89940872.0,
        "iqr_ns": 13412.0,
        "q1_ns": 34216.0,
        "q3_ns": 47628.0
      },
      "runq_latency_stats_ns": {
        "count": 2.0,
        "sum_ns": 1040580.0,
        "mean_ns": 520290.0,
        "median_ns": 1038335.0,
        "min_ns": 2245.0,
        "max_ns": 1038335.0,
        "variance_ns2": 536741244050.0,
        "iqr_ns": 1036090.0,
        "q1_ns": 2245.0,
        "q3_ns": 1038335.0
      },
      "first_seen_ts_ns": 1747581363633302003,
      "last_seen_ts_ns": 1747581406558724053,
      "duration_active_s": 42.92542205
    },
    {
      "tgid": 222,
      "comm": "lmp",
      "cgroup_id": 9329,
      "on_cpu_stats_ns": {
        "count": 3.0,
        "sum_ns": 77385.0,
        "mean_ns": 25795.0,
        "median_ns": 30241.0,
        "min_ns": 8509.0,
        "max_ns": 38635.0,
        "variance_ns2": 241719156.0,
        "iqr_ns": 30126.0,
        "q1_ns": 8509.0,
        "q3_ns": 38635.0
      },
      "runq_latency_stats_ns": {
        "count": 3.0,
        "sum_ns": 96374.0,
        "mean_ns": 32124.666666666668,
        "median_ns": 22913.0,
        "min_ns": 2208.0,
        "max_ns": 71253.0,
        "variance_ns2": 1255444108.3333335,
        "iqr_ns": 69045.0,
        "q1_ns": 2208.0,
        "q3_ns": 71253.0
      },
      "first_seen_ts_ns": 1747581363633302003,
      "last_seen_ts_ns": 1747581406558724053,
      "duration_active_s": 42.92542205
    },
    {
      "tgid": 294,
      "comm": "lmp",
      "cgroup_id": 9329,
      "on_cpu_stats_ns": {
        "count": 3.0,
        "sum_ns": 74722.0,
        "mean_ns": 24907.333333333336,
        "median_ns": 23426.0,
        "min_ns": 9805.0,
        "max_ns": 41491.0,
        "variance_ns2": 252646410.33333337,
        "iqr_ns": 31686.0,
        "q1_ns": 9805.0,
        "q3_ns": 41491.0
      },
      "runq_latency_stats_ns": {
        "count": 3.0,
        "sum_ns": 23262.0,
        "mean_ns": 7754.0,
        "median_ns": 2517.0,
        "min_ns": 2087.0,
        "max_ns": 18658.0,
        "variance_ns2": 89219137.0,
        "iqr_ns": 16571.0,
        "q1_ns": 2087.0,
        "q3_ns": 18658.0
      },
      "first_seen_ts_ns": 1747581363633302003,
      "last_seen_ts_ns": 1747581406558724053,
      "duration_active_s": 42.92542205
    },
    {
      "tgid": 324,
      "comm": "lmp",
      "cgroup_id": 9329,
      "on_cpu_stats_ns": {
        "count": 4.0,
        "sum_ns": 73273.0,
        "mean_ns": 18318.25,
        "median_ns": 18153.0,
        "min_ns": 14624.0,
        "max_ns": 24656.0,
        "variance_ns2": 19994529.583333332,
        "iqr_ns": 8816.0,
        "q1_ns": 15840.0,
        "q3_ns": 24656.0
      },
      "runq_latency_stats_ns": {
        "count": 4.0,
        "sum_ns": 3131893.0,
        "mean_ns": 782973.25,
        "median_ns": 45632.0,
        "min_ns": 2776.0,
        "max_ns": 3080670.0,
        "variance_ns2": 2346812372620.9165,
        "iqr_ns": 3077855.0,
        "q1_ns": 2815.0,
        "q3_ns": 3080670.0
      },
      "first_seen_ts_ns": 1747581363633302003,
      "last_seen_ts_ns": 1747581381094709953,
      "duration_active_s": 17.46140795
    },
    {
      "tgid": 300,
      "comm": "lmp",
      "cgroup_id": 9329,
      "on_cpu_stats_ns": {
        "count": 2.0,
        "sum_ns": 71391.0,
        "mean_ns": 35695.5,
        "median_ns": 43441.0,
        "min_ns": 27950.0,
        "max_ns": 43441.0,
        "variance_ns2": 119985540.5,
        "iqr_ns": 15491.0,
        "q1_ns": 27950.0,
        "q3_ns": 43441.0
      },
      "runq_latency_stats_ns": {
        "count": 2.0,
        "sum_ns": 31033.0,
        "mean_ns": 15516.5,
        "median_ns": 19340.0,
        "min_ns": 11693.0,
        "max_ns": 19340.0,
        "variance_ns2": 29238304.5,
        "iqr_ns": 7647.0,
        "q1_ns": 11693.0,
        "q3_ns": 19340.0
      },
      "first_seen_ts_ns": 1747581363633302003,
      "last_seen_ts_ns": 1747581406558724053,
      "duration_active_s": 42.92542205
    },
    {
      "tgid": 246,
      "comm": "lmp",
      "cgroup_id": 9329,
      "on_cpu_stats_ns": {
        "count": 4.0,
        "sum_ns": 69182.0,
        "mean_ns": 17295.5,
        "median_ns": 17845.0,
        "min_ns": 8657.0,
        "max_ns": 29730.0,
        "variance_ns2": 82808597.66666669,
        "iqr_ns": 16780.0,
        "q1_ns": 12950.0,
        "q3_ns": 29730.0
      },
      "runq_latency_stats_ns": {
        "count": 4.0,
        "sum_ns": 2996186.0,
        "mean_ns": 749046.5,
        "median_ns": 4805.0,
        "min_ns": 2999.0,
        "max_ns": 2985236.0,
        "variance_ns2": 2222464439463.0,
        "iqr_ns": 2982090.0,
        "q1_ns": 3146.0,
        "q3_ns": 2985236.0
      },
      "first_seen_ts_ns": 1747581363523975751,
      "last_seen_ts_ns": 1747581406558724053,
      "duration_active_s": 43.034748302
    },
    {
      "tgid": 258,
      "comm": "lmp",
      "cgroup_id": 9329,
      "on_cpu_stats_ns": {
        "count": 2.0,
        "sum_ns": 64393.0,
        "mean_ns": 32196.5,
        "median_ns": 35297.0,
        "min_ns": 29096.0,
        "max_ns": 35297.0,
        "variance_ns2": 19226200.5,
        "iqr_ns": 6201.0,
        "q1_ns": 29096.0,
        "q3_ns": 35297.0
      },
      "runq_latency_stats_ns": {
        "count": 2.0,
        "sum_ns": 58691.0,
        "mean_ns": 29345.5,
        "median_ns": 45223.0,
        "min_ns": 13468.0,
        "max_ns": 45223.0,
        "variance_ns2": 504190012.5,
        "iqr_ns": 31755.0,
        "q1_ns": 13468.0,
        "q3_ns": 45223.0
      },
      "first_seen_ts_ns": 1747581363633302003,
      "last_seen_ts_ns": 1747581406558724053,
      "duration_active_s": 42.92542205
    },
    {
      "tgid": 270,
      "comm": "lmp",
      "cgroup_id": 9329,
      "on_cpu_stats_ns": {
        "count": 5.0,
        "sum_ns": 58985.0,
        "mean_ns": 11797.0,
        "median_ns": 12047.0,
        "min_ns": 9490.0,
        "max_ns": 13705.0,
        "variance_ns2": 2470653.4999999995,
        "iqr_ns": 1301.0,
        "q1_ns": 11221.0,
        "q3_ns": 12522.0
      },
      "runq_latency_stats_ns": {
        "count": 5.0,
        "sum_ns": 4031069.0,
        "mean_ns": 806213.8,
        "median_ns": 2537.0,
        "min_ns": 2156.0,
        "max_ns": 3974620.0,
        "variance_ns2": 3137535997268.2007,
        "iqr_ns": 46752.0,
        "q1_ns": 2502.0,
        "q3_ns": 49254.0
      },
      "first_seen_ts_ns": 1747581363633302003,
      "last_seen_ts_ns": 1747581406558724053,
      "duration_active_s": 42.92542205
    },
    {
      "tgid": 318,
      "comm": "lmp",
      "cgroup_id": 9329,
      "on_cpu_stats_ns": {
        "count": 2.0,
        "sum_ns": 55154.0,
        "mean_ns": 27577.0,
        "median_ns": 39347.0,
        "min_ns": 15807.0,
        "max_ns": 39347.0,
        "variance_ns2": 277065800.0,
        "iqr_ns": 23540.0,
        "q1_ns": 15807.0,
        "q3_ns": 39347.0
      },
      "runq_latency_stats_ns": {
        "count": 2.0,
        "sum_ns": 2795737.0,
        "mean_ns": 1397868.5,
        "median_ns": 2792811.0,
        "min_ns": 2926.0,
        "max_ns": 2792811.0,
        "variance_ns2": 3891729156612.5,
        "iqr_ns": 2789885.0,
        "q1_ns": 2926.0,
        "q3_ns": 2792811.0
      },
      "first_seen_ts_ns": 1747581363633302003,
      "last_seen_ts_ns": 1747581406558724053,
      "duration_active_s": 42.92542205
    },
    {
      "tgid": 276,
      "comm": "lmp",
      "cgroup_id": 9329,
      "on_cpu_stats_ns": {
        "count": 3.0,
        "sum_ns": 47097.0,
        "mean_ns": 15699.0,
        "median_ns": 14086.0,
        "min_ns": 8980.0,
        "max_ns": 24031.0,
        "variance_ns2": 58584477.0,
        "iqr_ns": 15051.0,
        "q1_ns": 8980.0,
        "q3_ns": 24031.0
      },
      "runq_latency_stats_ns": {
        "count": 3.0,
        "sum_ns": 1992671.0000000002,
        "mean_ns": 664223.6666666667,
        "median_ns": 13212.0,
        "min_ns": 1993.0,
        "max_ns": 1977466.0,
        "variance_ns2": 1293485536034.3335,
        "iqr_ns": 1975473.0,
        "q1_ns": 1993.0,
        "q3_ns": 1977466.0
      },
      "first_seen_ts_ns": 1747581363633302003,
      "last_seen_ts_ns": 1747581407284515424,
      "duration_active_s": 43.651213421
    },
    {
      "tgid": 443,
      "comm": "lmp",
      "cgroup_id": 9329,
      "on_cpu_stats_ns": {
        "count": 2.0,
        "sum_ns": 44856.5,
        "mean_ns": 22428.25,
        "median_ns": 25499.5,
        "min_ns": 19357.0,
        "max_ns": 25499.5,
        "variance_ns2": 18865153.125,
        "iqr_ns": 6142.5,
        "q1_ns": 19357.0,
        "q3_ns": 25499.5
      },
      "runq_latency_stats_ns": {
        "count": 2.0,
        "sum_ns": 6104.5,
        "mean_ns": 3052.25,
        "median_ns": 4027.5,
        "min_ns": 2077.0,
        "max_ns": 4027.5,
        "variance_ns2": 1902225.125,
        "iqr_ns": 1950.5,
        "q1_ns": 2077.0,
        "q3_ns": 4027.5
      },
      "first_seen_ts_ns": 1747581412066123508,
      "last_seen_ts_ns": 1747581425235953498,
      "duration_active_s": 13.16982999
    },
    {
      "tgid": 336,
      "comm": "lmp",
      "cgroup_id": 9329,
      "on_cpu_stats_ns": {
        "count": 1.0,
        "sum_ns": 44321.0,
        "mean_ns": 44321.0,
        "median_ns": 44321.0,
        "min_ns": 44321.0,
        "max_ns": 44321.0,
        "variance_ns2": null,
        "iqr_ns": 0.0,
        "q1_ns": 44321.0,
        "q3_ns": 44321.0
      },
      "runq_latency_stats_ns": {
        "count": 1.0,
        "sum_ns": 19204.0,
        "mean_ns": 19204.0,
        "median_ns": 19204.0,
        "min_ns": 19204.0,
        "max_ns": 19204.0,
        "variance_ns2": null,
        "iqr_ns": 0.0,
        "q1_ns": 19204.0,
        "q3_ns": 19204.0
      },
      "first_seen_ts_ns": 1747581363633302003,
      "last_seen_ts_ns": 1747581363633302003,
      "duration_active_s": 0
    },
    {
      "tgid": 306,
      "comm": "lmp",
      "cgroup_id": 9329,
      "on_cpu_stats_ns": {
        "count": 2.0,
        "sum_ns": 44102.0,
        "mean_ns": 22051.0,
        "median_ns": 27843.0,
        "min_ns": 16259.0,
        "max_ns": 27843.0,
        "variance_ns2": 67094528.0,
        "iqr_ns": 11584.0,
        "q1_ns": 16259.0,
        "q3_ns": 27843.0
      },
      "runq_latency_stats_ns": {
        "count": 2.0,
        "sum_ns": 3067765.0,
        "mean_ns": 1533882.5,
        "median_ns": 3063524.0,
        "min_ns": 4241.0,
        "max_ns": 3063524.0,
        "variance_ns2": 4679606237044.5,
        "iqr_ns": 3059283.0,
        "q1_ns": 4241.0,
        "q3_ns": 3063524.0
      },
      "first_seen_ts_ns": 1747581363633302003,
      "last_seen_ts_ns": 1747581407390737705,
      "duration_active_s": 43.757435702
    },
    {
      "tgid": 240,
      "comm": "lmp",
      "cgroup_id": 9329,
      "on_cpu_stats_ns": {
        "count": 3.0,
        "sum_ns": 40225.5,
        "mean_ns": 13408.5,
        "median_ns": 15069.5,
        "min_ns": 9854.0,
        "max_ns": 15302.0,
        "variance_ns2": 9489366.75,
        "iqr_ns": 5448.0,
        "q1_ns": 9854.0,
        "q3_ns": 15302.0
      },
      "runq_latency_stats_ns": {
        "count": 3.0,
        "sum_ns": 2070864.5000000002,
        "mean_ns": 690288.1666666667,
        "median_ns": 38292.0,
        "min_ns": 3927.5,
        "max_ns": 2028645.0,
        "variance_ns2": 1343694489712.5835,
        "iqr_ns": 2024717.5,
        "q1_ns": 3927.5,
        "q3_ns": 2028645.0
      },
      "first_seen_ts_ns": 1747581363633302003,
      "last_seen_ts_ns": 1747581406558724053,
      "duration_active_s": 42.92542205
    },
    {
      "tgid": 192,
      "comm": "lmp",
      "cgroup_id": 9329,
      "on_cpu_stats_ns": {
        "count": 1.0,
        "sum_ns": 36761.0,
        "mean_ns": 36761.0,
        "median_ns": 36761.0,
        "min_ns": 36761.0,
        "max_ns": 36761.0,
        "variance_ns2": null,
        "iqr_ns": 0.0,
        "q1_ns": 36761.0,
        "q3_ns": 36761.0
      },
      "runq_latency_stats_ns": {
        "count": 1.0,
        "sum_ns": 1065.0,
        "mean_ns": 1065.0,
        "median_ns": 1065.0,
        "min_ns": 1065.0,
        "max_ns": 1065.0,
        "variance_ns2": null,
        "iqr_ns": 0.0,
        "q1_ns": 1065.0,
        "q3_ns": 1065.0
      },
      "first_seen_ts_ns": 1747581406558724053,
      "last_seen_ts_ns": 1747581406558724053,
      "duration_active_s": 0
    },
    {
      "tgid": 348,
      "comm": "lmp",
      "cgroup_id": 9329,
      "on_cpu_stats_ns": {
        "count": 1.0,
        "sum_ns": 34723.0,
        "mean_ns": 34723.0,
        "median_ns": 34723.0,
        "min_ns": 34723.0,
        "max_ns": 34723.0,
        "variance_ns2": null,
        "iqr_ns": 0.0,
        "q1_ns": 34723.0,
        "q3_ns": 34723.0
      },
      "runq_latency_stats_ns": {
        "count": 1.0,
        "sum_ns": 32563.0,
        "mean_ns": 32563.0,
        "median_ns": 32563.0,
        "min_ns": 32563.0,
        "max_ns": 32563.0,
        "variance_ns2": null,
        "iqr_ns": 0.0,
        "q1_ns": 32563.0,
        "q3_ns": 32563.0
      },
      "first_seen_ts_ns": 1747581363633302003,
      "last_seen_ts_ns": 1747581363633302003,
      "duration_active_s": 0
    },
    {
      "tgid": 181,
      "comm": "lmp",
      "cgroup_id": 9329,
      "on_cpu_stats_ns": {
        "count": 1.0,
        "sum_ns": 29744.0,
        "mean_ns": 29744.0,
        "median_ns": 29744.0,
        "min_ns": 29744.0,
        "max_ns": 29744.0,
        "variance_ns2": null,
        "iqr_ns": 0.0,
        "q1_ns": 29744.0,
        "q3_ns": 29744.0
      },
      "runq_latency_stats_ns": {
        "count": 1.0,
        "sum_ns": 1173.0,
        "mean_ns": 1173.0,
        "median_ns": 1173.0,
        "min_ns": 1173.0,
        "max_ns": 1173.0,
        "variance_ns2": null,
        "iqr_ns": 0.0,
        "q1_ns": 1173.0,
        "q3_ns": 1173.0
      },
      "first_seen_ts_ns": 1747581406558724053,
      "last_seen_ts_ns": 1747581406558724053,
      "duration_active_s": 0
    },
    {
      "tgid": 83,
      "comm": "ZMQbg/Reaper",
      "cgroup_id": 9329,
      "on_cpu_stats_ns": {
        "count": 1.0,
        "sum_ns": 28836.0,
        "mean_ns": 28836.0,
        "median_ns": 28836.0,
        "min_ns": 28836.0,
        "max_ns": 28836.0,
        "variance_ns2": null,
        "iqr_ns": 0.0,
        "q1_ns": 28836.0,
        "q3_ns": 28836.0
      },
      "runq_latency_stats_ns": {
        "count": 1.0,
        "sum_ns": 1406.0,
        "mean_ns": 1406.0,
        "median_ns": 1406.0,
        "min_ns": 1406.0,
        "max_ns": 1406.0,
        "variance_ns2": null,
        "iqr_ns": 0.0,
        "q1_ns": 1406.0,
        "q3_ns": 1406.0
      },
      "first_seen_ts_ns": 1747581406558724053,
      "last_seen_ts_ns": 1747581406558724053,
      "duration_active_s": 0
    },
    {
      "tgid": 342,
      "comm": "lmp",
      "cgroup_id": 9329,
      "on_cpu_stats_ns": {
        "count": 1.0,
        "sum_ns": 15694.0,
        "mean_ns": 15694.0,
        "median_ns": 15694.0,
        "min_ns": 15694.0,
        "max_ns": 15694.0,
        "variance_ns2": null,
        "iqr_ns": 0.0,
        "q1_ns": 15694.0,
        "q3_ns": 15694.0
      },
      "runq_latency_stats_ns": {
        "count": 1.0,
        "sum_ns": 3056835.0,
        "mean_ns": 3056835.0,
        "median_ns": 3056835.0,
        "min_ns": 3056835.0,
        "max_ns": 3056835.0,
        "variance_ns2": null,
        "iqr_ns": 0.0,
        "q1_ns": 3056835.0,
        "q3_ns": 3056835.0
      },
      "first_seen_ts_ns": 1747581363633302003,
      "last_seen_ts_ns": 1747581363633302003,
      "duration_active_s": 0
    }
  ]
}
[15:17:38] Cleanup complete. Exiting.
