unlimited
PROGRAM: futex
Looking for /opt/programs/futex/ebpf-collect.c
[19:24:53] Starting eBPF (Tracepoints for futex syscalls).
[19:24:55] BPF program loaded and tracepoints automatically attached.
[19:24:55] Start Indicator file defined '/mnt/flux/start_ebpf_collection'. Waiting.
[19:25:48] Start indicator found. Proceeding.
[19:25:48] Ring buffers opened. Polling for events...
[19:26:57] 
Indicator file '/mnt/flux/stop_ebpf_collection' found. Stopping.
[19:26:57] Cleaning up BPF resources...
{
  "final_aggregated_futex_summary_river": [
    {
      "tgid": 5601,
      "comm": "containerd-shim",
      "cgroup_id": 6520,
      "wait_duration_stats_ns": {
        "count": 564.0,
        "sum": 489586822761.9996,
        "mean": 868061742.4858148,
        "median": 3217649.791144032,
        "min": 639,
        "max": 16425364197,
        "variance_ns2": 6.05022233457768e+18,
        "iqr_ns": 136638111.48672292,
        "q1_ns": 328815.73165425996,
        "q3_ns": 136966927.21837717
      },
      "futex_op_counts": {
        "128": 564
      },
      "first_seen_ts_ns": 532946138838,
      "last_seen_ts_ns": 596608721477
    },
    {
      "tgid": 3681,
      "comm": "containerd-shim",
      "cgroup_id": 6520,
      "wait_duration_stats_ns": {
        "count": 207.0,
        "sum": 355677831064.0,
        "mean": 1718250391.6135266,
        "median": 12550858.257970333,
        "min": 5382,
        "max": 53223751578,
        "variance_ns2": 2.6227399660685144e+19,
        "iqr_ns": 2055454858.5748034,
        "q1_ns": 3608416.2166140587,
        "q3_ns": 2059063274.7914174
      },
      "futex_op_counts": {
        "128": 207
      },
      "first_seen_ts_ns": 533187409559,
      "last_seen_ts_ns": 596614836954
    },
    {
      "tgid": 2231,
      "comm": "containerd",
      "cgroup_id": 6520,
      "wait_duration_stats_ns": {
        "count": 2510.0,
        "sum": 353657316314.9999,
        "mean": 140899329.2091633,
        "median": 612922.4622423532,
        "min": 4435,
        "max": 20019288838,
        "variance_ns2": 6.247187715017423e+17,
        "iqr_ns": 129716267.99945045,
        "q1_ns": 258919.06653457493,
        "q3_ns": 129975187.06598502
      },
      "futex_op_counts": {
        "128": 2510
      },
      "first_seen_ts_ns": 480332942743,
      "last_seen_ts_ns": 601500757814
    },
    {
      "tgid": 6604,
      "comm": "containerd-shim",
      "cgroup_id": 6520,
      "wait_duration_stats_ns": {
        "count": 175.0,
        "sum": 352185962939.00024,
        "mean": 2012491216.794287,
        "median": 16494775.808907345,
        "min": 5162,
        "max": 43050964492,
        "variance_ns2": 2.3605921176124785e+19,
        "iqr_ns": 2769418697.508631,
        "q1_ns": 5665025.75361417,
        "q3_ns": 2775083723.262245
      },
      "futex_op_counts": {
        "128": 175
      },
      "first_seen_ts_ns": 533208030158,
      "last_seen_ts_ns": 601504969694
    },
    {
      "tgid": 4220,
      "comm": "containerd-shim",
      "cgroup_id": 6520,
      "wait_duration_stats_ns": {
        "count": 159.0,
        "sum": 346730398815.0001,
        "mean": 2180694332.169812,
        "median": 33446870.443193167,
        "min": 4758,
        "max": 60002777321,
        "variance_ns2": 4.301248206908472e+19,
        "iqr_ns": 2137936415.0370352,
        "q1_ns": 3771040.322056096,
        "q3_ns": 2141707455.3590913
      },
      "futex_op_counts": {
        "128": 159
      },
      "first_seen_ts_ns": 533210006356,
      "last_seen_ts_ns": 596611343107
    },
    {
      "tgid": 4430,
      "comm": "containerd-shim",
      "cgroup_id": 6520,
      "wait_duration_stats_ns": {
        "count": 89.0,
        "sum": 339381769437.0,
        "mean": 3813278308.2808986,
        "median": 1539220579.9927082,
        "min": 4804,
        "max": 30000960231,
        "variance_ns2": 4.0272299889538245e+19,
        "iqr_ns": 5104246024.598297,
        "q1_ns": 27330013.364417695,
        "q3_ns": 5131576037.962715
      },
      "futex_op_counts": {
        "128": 89
      },
      "first_seen_ts_ns": 532642118518,
      "last_seen_ts_ns": 596609684133
    },
    {
      "tgid": 4986,
      "comm": "containerd-shim",
      "cgroup_id": 6520,
      "wait_duration_stats_ns": {
        "count": 175.0,
        "sum": 331425599259.99994,
        "mean": 1893860567.1999998,
        "median": 14943307.303641573,
        "min": 5344,
        "max": 30002371631,
        "variance_ns2": 2.2755246587071144e+19,
        "iqr_ns": 1325745016.914526,
        "q1_ns": 1908678.872198225,
        "q3_ns": 1327653695.7867243
      },
      "futex_op_counts": {
        "128": 175
      },
      "first_seen_ts_ns": 533208165890,
      "last_seen_ts_ns": 596610472572
    },
    {
      "tgid": 4829,
      "comm": "containerd-shim",
      "cgroup_id": 6520,
      "wait_duration_stats_ns": {
        "count": 81.0,
        "sum": 330552417075.9999,
        "mean": 4080894037.9753075,
        "median": 2613891039.9457283,
        "min": 4750,
        "max": 29998638306,
        "variance_ns2": 3.9944303349863825e+19,
        "iqr_ns": 4090398349.872938,
        "q1_ns": 78995443.94731574,
        "q3_ns": 4169393793.820254
      },
      "futex_op_counts": {
        "128": 81
      },
      "first_seen_ts_ns": 533217869320,
      "last_seen_ts_ns": 596612901850
    },
    {
      "tgid": 3810,
      "comm": "containerd-shim",
      "cgroup_id": 6520,
      "wait_duration_stats_ns": {
        "count": 143.0,
        "sum": 328089397877.9998,
        "mean": 2294331453.6923065,
        "median": 4044654.1998269036,
        "min": 971,
        "max": 29999312464,
        "variance_ns2": 2.085579812157541e+19,
        "iqr_ns": 3419314989.6791654,
        "q1_ns": 1713175.0514237115,
        "q3_ns": 3421028164.730589
      },
      "futex_op_counts": {
        "128": 143
      },
      "first_seen_ts_ns": 533213018002,
      "last_seen_ts_ns": 596614193683
    },
    {
      "tgid": 5408,
      "comm": "containerd-shim",
      "cgroup_id": 6520,
      "wait_duration_stats_ns": {
        "count": 82.0,
        "sum": 320646579458.0,
        "mean": 3910324139.731707,
        "median": 2265912011.721964,
        "min": 4788,
        "max": 60001513498,
        "variance_ns2": 6.520931907137319e+19,
        "iqr_ns": 3386586315.7636623,
        "q1_ns": 52104979.148502395,
        "q3_ns": 3438691294.9121647
      },
      "futex_op_counts": {
        "128": 82
      },
      "first_seen_ts_ns": 533202045998,
      "last_seen_ts_ns": 600333275595
    },
    {
      "tgid": 2637,
      "comm": "containerd-shim",
      "cgroup_id": 6520,
      "wait_duration_stats_ns": {
        "count": 76.0,
        "sum": 309003277246.99994,
        "mean": 4065832595.3552623,
        "median": 2400079254.049921,
        "min": 4943,
        "max": 29999964195,
        "variance_ns2": 4.3178469956675e+19,
        "iqr_ns": 6380151249.665221,
        "q1_ns": 7173673.042237897,
        "q3_ns": 6387324922.707459
      },
      "futex_op_counts": {
        "128": 76
      },
      "first_seen_ts_ns": 533223012626,
      "last_seen_ts_ns": 596605796211
    },
    {
      "tgid": 2709,
      "comm": "kube-proxy",
      "cgroup_id": 7366,
      "wait_duration_stats_ns": {
        "count": 144.0,
        "sum": 303752243550.99994,
        "mean": 2109390580.2152772,
        "median": 607477008.2646327,
        "min": 5084,
        "max": 60034703581,
        "variance_ns2": 3.8496777246004625e+19,
        "iqr_ns": 2873786044.98656,
        "q1_ns": 6662266.42096388,
        "q3_ns": 2880448311.4075236
      },
      "futex_op_counts": {
        "128": 144
      },
      "first_seen_ts_ns": 532805175729,
      "last_seen_ts_ns": 601452131515
    },
    {
      "tgid": 2386,
      "comm": "kubelet",
      "cgroup_id": 6640,
      "wait_duration_stats_ns": {
        "count": 6069.0,
        "sum": 269505261344.00043,
        "mean": 44406864.61426931,
        "median": 18913146.121045,
        "min": 900,
        "max": 29575561279,
        "variance_ns2": 2.3573728503839696e+17,
        "iqr_ns": 37466388.52169182,
        "q1_ns": 3383735.54820747,
        "q3_ns": 40850124.06989929
      },
      "futex_op_counts": {
        "128": 6069
      },
      "first_seen_ts_ns": 480019292150,
      "last_seen_ts_ns": 601490179148
    },
    {
      "tgid": 2440,
      "comm": "node-problem-de",
      "cgroup_id": 6700,
      "wait_duration_stats_ns": {
        "count": 438.0,
        "sum": 230298977500.0001,
        "mean": 525796752.28310525,
        "median": 291088589.20233953,
        "min": 4623,
        "max": 24008109625,
        "variance_ns2": 3.3156805945480146e+18,
        "iqr_ns": 932379964.643537,
        "q1_ns": 20602131.07289842,
        "q3_ns": 952982095.7164354
      },
      "futex_op_counts": {
        "128": 438
      },
      "first_seen_ts_ns": 481467825482,
      "last_seen_ts_ns": 601468062454
    },
    {
      "tgid": 6193,
      "comm": "dcgm-exporter",
      "cgroup_id": 10435,
      "wait_duration_stats_ns": {
        "count": 50.0,
        "sum": 229210654291.99997,
        "mean": 4584213085.839999,
        "median": 249988069.8114468,
        "min": 6435,
        "max": 29999063770,
        "variance_ns2": 5.911327176485996e+19,
        "iqr_ns": 8063411383.448615,
        "q1_ns": 19223202.645938378,
        "q3_ns": 8082634586.094553
      },
      "futex_op_counts": {
        "128": 50
      },
      "first_seen_ts_ns": 480357429169,
      "last_seen_ts_ns": 600359608633
    },
    {
      "tgid": 4677,
      "comm": "gpu-maintenance",
      "cgroup_id": 8776,
      "wait_duration_stats_ns": {
        "count": 135.0,
        "sum": 224405346012.00018,
        "mean": 1662261822.3111124,
        "median": 746195870.3406076,
        "min": 5340,
        "max": 28590162516,
        "variance_ns2": 1.6458656196024689e+19,
        "iqr_ns": 5779826463.687122,
        "q1_ns": 9485248.336927567,
        "q3_ns": 5789311712.02405
      },
      "futex_op_counts": {
        "128": 135
      },
      "first_seen_ts_ns": 537327120856,
      "last_seen_ts_ns": 600458792154
    },
    {
      "tgid": 4921,
      "comm": "operator",
      "cgroup_id": 9171,
      "wait_duration_stats_ns": {
        "count": 600.0,
        "sum": 219067543408.0001,
        "mean": 365112572.3466668,
        "median": 479205146.7057603,
        "min": 5916,
        "max": 4999992214,
        "variance_ns2": 9.335096438448218e+16,
        "iqr_ns": 415944720.20975935,
        "q1_ns": 83712573.6834661,
        "q3_ns": 499657293.89322543
      },
      "futex_op_counts": {
        "128": 600
      },
      "first_seen_ts_ns": 480626723016,
      "last_seen_ts_ns": 601204201354
    },
    {
      "tgid": 6153,
      "comm": "config-reloader",
      "cgroup_id": 10356,
      "wait_duration_stats_ns": {
        "count": 17.0,
        "sum": 208495404834.0,
        "mean": 12264435578.470589,
        "median": 9999233592.664732,
        "min": 1553515348,
        "max": 68452070930,
        "variance_ns2": 2.1730995659626306e+20,
        "iqr_ns": 886420434.2407455,
        "q1_ns": 9120293691.071754,
        "q3_ns": 10006714125.3125
      },
      "futex_op_counts": {
        "128": 17
      },
      "first_seen_ts_ns": 539120440007,
      "last_seen_ts_ns": 599182383746
    },
    {
      "tgid": 5906,
      "comm": "prometheus",
      "cgroup_id": 10277,
      "wait_duration_stats_ns": {
        "count": 3394.0,
        "sum": 202074221624.99982,
        "mean": 59538662.8241013,
        "median": 45099368.704063274,
        "min": 6820,
        "max": 10000194106,
        "variance_ns2": 8.092625249516653e+16,
        "iqr_ns": 10206015.152664728,
        "q1_ns": 39957361.45894843,
        "q3_ns": 50163376.61161316
      },
      "futex_op_counts": {
        "128": 3394
      },
      "first_seen_ts_ns": 480000984331,
      "last_seen_ts_ns": 601477794199
    },
    {
      "tgid": 654,
      "comm": "google_osconfig",
      "cgroup_id": 4234,
      "wait_duration_stats_ns": {
        "count": 74.0,
        "sum": 200067305772.0,
        "mean": 2703612240.1621623,
        "median": 285186540.62398696,
        "min": 5700,
        "max": 29999197229,
        "variance_ns2": 2.5690569786441253e+19,
        "iqr_ns": 4781149785.77985,
        "q1_ns": 75654563.39884526,
        "q3_ns": 4856804349.178696
      },
      "futex_op_counts": {
        "128": 74
      },
      "first_seen_ts_ns": 480850934881,
      "last_seen_ts_ns": 600969350915
    },
    {
      "tgid": 4085,
      "comm": "main",
      "cgroup_id": 8058,
      "wait_duration_stats_ns": {
        "count": 110.0,
        "sum": 199795211351.99994,
        "mean": 1816320103.1999996,
        "median": 998635710.6546656,
        "min": 677,
        "max": 59894814103,
        "variance_ns2": 3.593389082911401e+19,
        "iqr_ns": 4200643689.4670687,
        "q1_ns": 13247704.652204808,
        "q3_ns": 4213891394.1192737
      },
      "futex_op_counts": {
        "128": 110
      },
      "first_seen_ts_ns": 480419820567,
      "last_seen_ts_ns": 600420474618
    },
    {
      "tgid": 653,
      "comm": "google_guest_ag",
      "cgroup_id": 4174,
      "wait_duration_stats_ns": {
        "count": 46.0,
        "sum": 199792000737.0001,
        "mean": 4343304363.847828,
        "median": 3727836149.197455,
        "min": 2223,
        "max": 60024099092,
        "variance_ns2": 7.3273911735987315e+19,
        "iqr_ns": 3668021171.6395926,
        "q1_ns": 1295006596.4405303,
        "q3_ns": 4963027768.080123
      },
      "futex_op_counts": {
        "128": 46
      },
      "first_seen_ts_ns": 481935349428,
      "last_seen_ts_ns": 600703960864
    },
    {
      "tgid": 4498,
      "comm": "fluent-bit-gke-",
      "cgroup_id": 8618,
      "wait_duration_stats_ns": {
        "count": 198.0,
        "sum": 193705486698.99997,
        "mean": 978310538.8838383,
        "median": 741402776.7774578,
        "min": 5828,
        "max": 14127867436,
        "variance_ns2": 2.2730649308878633e+18,
        "iqr_ns": 1365166587.8645015,
        "q1_ns": 131713105.28709209,
        "q3_ns": 1496879693.1515934
      },
      "futex_op_counts": {
        "128": 198
      },
      "first_seen_ts_ns": 481001728368,
      "last_seen_ts_ns": 601111548409
    },
    {
      "tgid": 5899,
      "comm": "main",
      "cgroup_id": 10198,
      "wait_duration_stats_ns": {
        "count": 67.0,
        "sum": 189907782114.99997,
        "mean": 2834444509.179104,
        "median": 1382270518.7449493,
        "min": 20189,
        "max": 55012265093,
        "variance_ns2": 4.784812469417517e+19,
        "iqr_ns": 4843207848.041447,
        "q1_ns": 4554553.452235338,
        "q3_ns": 4847762401.493682
      },
      "futex_op_counts": {
        "128": 67
      },
      "first_seen_ts_ns": 537003161260,
      "last_seen_ts_ns": 597097529748
    },
    {
      "tgid": 4615,
      "comm": "main",
      "cgroup_id": 8697,
      "wait_duration_stats_ns": {
        "count": 50.0,
        "sum": 183383358265.0,
        "mean": 3667667165.2999997,
        "median": 3841612964.8006687,
        "min": 144827,
        "max": 45025712092,
        "variance_ns2": 4.12274347131736e+19,
        "iqr_ns": 4514133614.5771265,
        "q1_ns": 431900021.51520467,
        "q3_ns": 4946033636.092331
      },
      "futex_op_counts": {
        "128": 50
      },
      "first_seen_ts_ns": 535136272494,
      "last_seen_ts_ns": 600239076194
    },
    {
      "tgid": 1444,
      "comm": "dockerd",
      "cgroup_id": 6400,
      "wait_duration_stats_ns": {
        "count": 19.0,
        "sum": 149900320276.0,
        "mean": 7889490540.842105,
        "median": 9038111250.885956,
        "min": 20603,
        "max": 10009008536,
        "variance_ns2": 1.7509716855196822e+19,
        "iqr_ns": 8233889264.431547,
        "q1_ns": 1743108133.0254536,
        "q3_ns": 9976997397.457
      },
      "futex_op_counts": {
        "128": 19
      },
      "first_seen_ts_ns": 534307832958,
      "last_seen_ts_ns": 594312410784
    },
    {
      "tgid": 5693,
      "comm": "nvidia-gpu-devi",
      "cgroup_id": 10040,
      "wait_duration_stats_ns": {
        "count": 119.0,
        "sum": 140343729836.99994,
        "mean": 1179359074.2605038,
        "median": 959284844.4227984,
        "min": 14782,
        "max": 5005145326,
        "variance_ns2": 1.8516976717454474e+18,
        "iqr_ns": 573578848.1362438,
        "q1_ns": 447331782.45784706,
        "q3_ns": 1020910630.5940908
      },
      "futex_op_counts": {
        "128": 119
      },
      "first_seen_ts_ns": 481376856980,
      "last_seen_ts_ns": 601376860132
    },
    {
      "tgid": 4020,
      "comm": "otelsvc",
      "cgroup_id": 7979,
      "wait_duration_stats_ns": {
        "count": 246.0,
        "sum": 126558886926.00005,
        "mean": 514467020.0243904,
        "median": 404151576.39065146,
        "min": 53699,
        "max": 32988626781,
        "variance_ns2": 6.549239571460895e+18,
        "iqr_ns": 467237671.4173408,
        "q1_ns": 37995351.20578076,
        "q3_ns": 505233022.62312156
      },
      "futex_op_counts": {
        "128": 246
      },
      "first_seen_ts_ns": 480745290326,
      "last_seen_ts_ns": 601245508152
    },
    {
      "tgid": 6410,
      "comm": "gce-pd-csi-driv",
      "cgroup_id": 10514,
      "wait_duration_stats_ns": {
        "count": 131.0,
        "sum": 71206150376.99998,
        "mean": 543558399.8244274,
        "median": 589809150.8145031,
        "min": 5462,
        "max": 598431348,
        "variance_ns2": 1.8779478853721076e+16,
        "iqr_ns": 1674772.5805499554,
        "q1_ns": 588221175.3869216,
        "q3_ns": 589895947.9674716
      },
      "futex_op_counts": {
        "128": 131
      },
      "first_seen_ts_ns": 480815385601,
      "last_seen_ts_ns": 601415381328
    },
    {
      "tgid": 5750,
      "comm": "csi-node-driver",
      "cgroup_id": 10119,
      "wait_duration_stats_ns": {
        "count": 1.0,
        "sum": 60000077556.0,
        "mean": 60000077556.0,
        "median": 60000077556.0,
        "min": 60000077556,
        "max": 60000077556,
        "variance_ns2": null,
        "iqr_ns": 0.0,
        "q1_ns": 60000077556.0,
        "q3_ns": 60000077556.0
      },
      "futex_op_counts": {
        "128": 1
      },
      "first_seen_ts_ns": 543658674539,
      "last_seen_ts_ns": 543658674539
    },
    {
      "tgid": 8276,
      "comm": "runc",
      "cgroup_id": 6520,
      "wait_duration_stats_ns": {
        "count": 244.0,
        "sum": 392623695.99999994,
        "mean": 1609113.508196721,
        "median": 64161.70008656424,
        "min": 5101,
        "max": 42849429,
        "variance_ns2": 54787622702318.4,
        "iqr_ns": 463306.97587364854,
        "q1_ns": 14683.61985191903,
        "q3_ns": 477990.59572556755
      },
      "futex_op_counts": {
        "128": 244
      },
      "first_seen_ts_ns": 562962152882,
      "last_seen_ts_ns": 563013177812
    },
    {
      "tgid": 8298,
      "comm": "runc",
      "cgroup_id": 6520,
      "wait_duration_stats_ns": {
        "count": 286.0,
        "sum": 345154476.00000006,
        "mean": 1206833.8321678324,
        "median": 58434.12257791688,
        "min": 5233,
        "max": 42054077,
        "variance_ns2": 37233694826045.69,
        "iqr_ns": 266331.8489789803,
        "q1_ns": 19649.837838720825,
        "q3_ns": 285981.68681770115
      },
      "futex_op_counts": {
        "128": 286
      },
      "first_seen_ts_ns": 572952067476,
      "last_seen_ts_ns": 573000382282
    },
    {
      "tgid": 8351,
      "comm": "runc",
      "cgroup_id": 6520,
      "wait_duration_stats_ns": {
        "count": 279.0,
        "sum": 324506749.00000006,
        "mean": 1163106.6272401435,
        "median": 54948.844250103095,
        "min": 702,
        "max": 40061382,
        "variance_ns2": 35390115509509.914,
        "iqr_ns": 290947.8504260422,
        "q1_ns": 14685.671052058577,
        "q3_ns": 305633.5214781008
      },
      "futex_op_counts": {
        "128": 279
      },
      "first_seen_ts_ns": 592951831085,
      "last_seen_ts_ns": 592997975204
    },
    {
      "tgid": 8160,
      "comm": "runc",
      "cgroup_id": 6520,
      "wait_duration_stats_ns": {
        "count": 260.0,
        "sum": 270322139.00000006,
        "mean": 1039700.5346153848,
        "median": 49612.23029990123,
        "min": 5273,
        "max": 38775417,
        "variance_ns2": 26192241725692.445,
        "iqr_ns": 177459.59718053677,
        "q1_ns": 13568.053013265468,
        "q3_ns": 191027.65019380226
      },
      "futex_op_counts": {
        "128": 260
      },
      "first_seen_ts_ns": 532951163498,
      "last_seen_ts_ns": 532996299137
    },
    {
      "tgid": 8244,
      "comm": "runc",
      "cgroup_id": 6520,
      "wait_duration_stats_ns": {
        "count": 256.0,
        "sum": 262311931.99999994,
        "mean": 1024655.9843749998,
        "median": 47068.42560759747,
        "min": 4939,
        "max": 29445566,
        "variance_ns2": 24415973742869.223,
        "iqr_ns": 839908.4203946275,
        "q1_ns": 13544.288215770786,
        "q3_ns": 853452.7086103982
      },
      "futex_op_counts": {
        "128": 256
      },
      "first_seen_ts_ns": 552950186919,
      "last_seen_ts_ns": 552983830826
    },
    {
      "tgid": 8327,
      "comm": "runc",
      "cgroup_id": 6520,
      "wait_duration_stats_ns": {
        "count": 308.0,
        "sum": 258223404.99999997,
        "mean": 838387.6785714285,
        "median": 44905.57787917935,
        "min": 620,
        "max": 36088548,
        "variance_ns2": 20370148325686.812,
        "iqr_ns": 247532.63470403824,
        "q1_ns": 16582.940732032785,
        "q3_ns": 264115.575436071
      },
      "futex_op_counts": {
        "128": 308
      },
      "first_seen_ts_ns": 582951311213,
      "last_seen_ts_ns": 582993684910
    },
    {
      "tgid": 8192,
      "comm": "runc",
      "cgroup_id": 6520,
      "wait_duration_stats_ns": {
        "count": 310.0,
        "sum": 254918742.00000003,
        "mean": 822318.5225806453,
        "median": 44706.940440696926,
        "min": 604,
        "max": 36414468,
        "variance_ns2": 19887723804496.098,
        "iqr_ns": 153579.7808812649,
        "q1_ns": 16967.97575971703,
        "q3_ns": 170547.7566409819
      },
      "futex_op_counts": {
        "128": 310
      },
      "first_seen_ts_ns": 542951042544,
      "last_seen_ts_ns": 542992437130
    },
    {
      "tgid": 8310,
      "comm": "runc:[2:INIT]",
      "cgroup_id": 10119,
      "wait_duration_stats_ns": {
        "count": 30.0,
        "sum": 148256135.0,
        "mean": 4941871.166666667,
        "median": 714955.9598680096,
        "min": 5723,
        "max": 27414936,
        "variance_ns2": 69632213592099.445,
        "iqr_ns": 5458420.536195016,
        "q1_ns": 80989.65235996323,
        "q3_ns": 5539410.188554979
      },
      "futex_op_counts": {
        "128": 30
      },
      "first_seen_ts_ns": 572967022855,
      "last_seen_ts_ns": 573004115027
    },
    {
      "tgid": 8289,
      "comm": "runc:[2:INIT]",
      "cgroup_id": 10119,
      "wait_duration_stats_ns": {
        "count": 25.0,
        "sum": 140850888.0,
        "mean": 5634035.52,
        "median": 1179594.6145255864,
        "min": 5630,
        "max": 23810842,
        "variance_ns2": 66023752376393.34,
        "iqr_ns": 9559625.127342306,
        "q1_ns": 139244.76216415208,
        "q3_ns": 9698869.889506457
      },
      "futex_op_counts": {
        "128": 25
      },
      "first_seen_ts_ns": 562977151150,
      "last_seen_ts_ns": 563013515785
    },
    {
      "tgid": 8363,
      "comm": "runc:[2:INIT]",
      "cgroup_id": 10119,
      "wait_duration_stats_ns": {
        "count": 30.0,
        "sum": 130733440.99999999,
        "mean": 4357781.366666666,
        "median": 574508.5999485886,
        "min": 686,
        "max": 25883129,
        "variance_ns2": 64933580656217.27,
        "iqr_ns": 4706954.085912428,
        "q1_ns": 75830.27741246592,
        "q3_ns": 4782784.363324894
      },
      "futex_op_counts": {
        "128": 30
      },
      "first_seen_ts_ns": 592965160159,
      "last_seen_ts_ns": 592997992642
    },
    {
      "tgid": 8203,
      "comm": "runc:[2:INIT]",
      "cgroup_id": 10119,
      "wait_duration_stats_ns": {
        "count": 36.0,
        "sum": 122609859.99999999,
        "mean": 3405829.444444444,
        "median": 493331.0893650304,
        "min": 21213,
        "max": 24118476,
        "variance_ns2": 48018815172466.2,
        "iqr_ns": 3226812.0302859177,
        "q1_ns": 99405.0909155172,
        "q3_ns": 3326217.121201435
      },
      "futex_op_counts": {
        "128": 36
      },
      "first_seen_ts_ns": 542965073543,
      "last_seen_ts_ns": 542995063972
    },
    {
      "tgid": 8338,
      "comm": "runc:[2:INIT]",
      "cgroup_id": 10119,
      "wait_duration_stats_ns": {
        "count": 30.0,
        "sum": 111210475.0,
        "mean": 3707015.8333333335,
        "median": 485033.8020114029,
        "min": 16159,
        "max": 22363877,
        "variance_ns2": 47658480691747.586,
        "iqr_ns": 3088900.3663774543,
        "q1_ns": 128627.97046707515,
        "q3_ns": 3217528.3368445295
      },
      "futex_op_counts": {
        "128": 30
      },
      "first_seen_ts_ns": 582966609984,
      "last_seen_ts_ns": 582994278863
    },
    {
      "tgid": 8178,
      "comm": "runc:[2:INIT]",
      "cgroup_id": 10119,
      "wait_duration_stats_ns": {
        "count": 27.0,
        "sum": 109951468.99999999,
        "mean": 4072276.629629629,
        "median": 523780.8065694844,
        "min": 6521,
        "max": 20620156,
        "variance_ns2": 44695373468500.086,
        "iqr_ns": 4706206.245835541,
        "q1_ns": 69238.78970072753,
        "q3_ns": 4775445.035536269
      },
      "futex_op_counts": {
        "128": 27
      },
      "first_seen_ts_ns": 532967503261,
      "last_seen_ts_ns": 532995083776
    },
    {
      "tgid": 8257,
      "comm": "runc:[2:INIT]",
      "cgroup_id": 10119,
      "wait_duration_stats_ns": {
        "count": 25.0,
        "sum": 98891903.0,
        "mean": 3955676.12,
        "median": 929752.5053415813,
        "min": 22706,
        "max": 18975993,
        "variance_ns2": 39148302286647.11,
        "iqr_ns": 5322352.392017421,
        "q1_ns": 127595.17906969493,
        "q3_ns": 5449947.571087116
      },
      "futex_op_counts": {
        "128": 25
      },
      "first_seen_ts_ns": 552959309163,
      "last_seen_ts_ns": 552983704773
    },
    {
      "tgid": 8338,
      "comm": "csi-node-driver",
      "cgroup_id": 10119,
      "wait_duration_stats_ns": {
        "count": 16.0,
        "sum": 14377106.0,
        "mean": 898569.125,
        "median": 171942.65982142856,
        "min": 13881,
        "max": 4699492,
        "variance_ns2": 2080217852873.183,
        "iqr_ns": 1234670.6174389145,
        "q1_ns": 60615.725549768526,
        "q3_ns": 1295286.342988683
      },
      "futex_op_counts": {
        "128": 16
      },
      "first_seen_ts_ns": 582997624036,
      "last_seen_ts_ns": 583004976274
    },
    {
      "tgid": 8289,
      "comm": "csi-node-driver",
      "cgroup_id": 10119,
      "wait_duration_stats_ns": {
        "count": 13.0,
        "sum": 13395648.999999998,
        "mean": 1030434.5384615384,
        "median": 447148.79999999993,
        "min": 11286,
        "max": 4671878,
        "variance_ns2": 2305813748277.4355,
        "iqr_ns": 1304879.038253968,
        "q1_ns": 59605.38888888889,
        "q3_ns": 1364484.427142857
      },
      "futex_op_counts": {
        "128": 13
      },
      "first_seen_ts_ns": 563016548093,
      "last_seen_ts_ns": 563023363249
    },
    {
      "tgid": 8363,
      "comm": "csi-node-driver",
      "cgroup_id": 10119,
      "wait_duration_stats_ns": {
        "count": 16.0,
        "sum": 12935441.999999998,
        "mean": 808465.1249999999,
        "median": 137703.29025449467,
        "min": 19095,
        "max": 3196462,
        "variance_ns2": 1247776636136.3833,
        "iqr_ns": 1130084.171730518,
        "q1_ns": 28960.769722222227,
        "q3_ns": 1159044.9414527402
      },
      "futex_op_counts": {
        "128": 16
      },
      "first_seen_ts_ns": 593002302254,
      "last_seen_ts_ns": 593008840823
    },
    {
      "tgid": 8178,
      "comm": "csi-node-driver",
      "cgroup_id": 10119,
      "wait_duration_stats_ns": {
        "count": 13.0,
        "sum": 11218064.000000002,
        "mean": 862928.0000000001,
        "median": 401227.6481481481,
        "min": 6654,
        "max": 3433979,
        "variance_ns2": 1234947985311.8333,
        "iqr_ns": 1264567.6351851851,
        "q1_ns": 20354.475925925923,
        "q3_ns": 1284922.111111111
      },
      "futex_op_counts": {
        "128": 13
      },
      "first_seen_ts_ns": 532997581840,
      "last_seen_ts_ns": 533003346283
    },
    {
      "tgid": 8203,
      "comm": "csi-node-driver",
      "cgroup_id": 10119,
      "wait_duration_stats_ns": {
        "count": 15.0,
        "sum": 10237646.0,
        "mean": 682509.7333333334,
        "median": 153220.83188657404,
        "min": 9726,
        "max": 2641635,
        "variance_ns2": 986128036463.638,
        "iqr_ns": 705483.8160734953,
        "q1_ns": 19589.8505931713,
        "q3_ns": 725073.6666666666
      },
      "futex_op_counts": {
        "128": 15
      },
      "first_seen_ts_ns": 542996990390,
      "last_seen_ts_ns": 543002232496
    },
    {
      "tgid": 8310,
      "comm": "csi-node-driver",
      "cgroup_id": 10119,
      "wait_duration_stats_ns": {
        "count": 12.0,
        "sum": 10134248.999999998,
        "mean": 844520.7499999999,
        "median": 216250.27777777778,
        "min": 10600,
        "max": 3135559,
        "variance_ns2": 1186837401403.2954,
        "iqr_ns": 800996.6777777777,
        "q1_ns": 31269.76666666667,
        "q3_ns": 832266.4444444444
      },
      "futex_op_counts": {
        "128": 12
      },
      "first_seen_ts_ns": 573006098599,
      "last_seen_ts_ns": 573011370651
    },
    {
      "tgid": 7949,
      "comm": "flux-broker-10",
      "cgroup_id": 10909,
      "wait_duration_stats_ns": {
        "count": 178.0,
        "sum": 7324955.000000002,
        "mean": 41151.43258426967,
        "median": 8751.585528306616,
        "min": 1220,
        "max": 865972,
        "variance_ns2": 13480449407.105587,
        "iqr_ns": 22839.27982458123,
        "q1_ns": 7778.126760700835,
        "q3_ns": 30617.406585282064
      },
      "futex_op_counts": {
        "128": 178
      },
      "first_seen_ts_ns": 481174824470,
      "last_seen_ts_ns": 601498036111
    },
    {
      "tgid": 8257,
      "comm": "csi-node-driver",
      "cgroup_id": 10119,
      "wait_duration_stats_ns": {
        "count": 16.0,
        "sum": 7117805.000000001,
        "mean": 444862.81250000006,
        "median": 87389.58926799888,
        "min": 8208,
        "max": 2135569,
        "variance_ns2": 471208089972.5625,
        "iqr_ns": 484678.0135185185,
        "q1_ns": 22400.658333333333,
        "q3_ns": 507078.6718518518
      },
      "futex_op_counts": {
        "128": 16
      },
      "first_seen_ts_ns": 552985576914,
      "last_seen_ts_ns": 552989721290
    },
    {
      "tgid": 187,
      "comm": "multipathd",
      "cgroup_id": 1702,
      "wait_duration_stats_ns": {
        "count": 5.0,
        "sum": 110091.0,
        "mean": 22018.2,
        "median": 1970.0,
        "min": 1757,
        "max": 62906,
        "variance_ns2": 819370287.2,
        "iqr_ns": 39826.0,
        "q1_ns": 1816.0,
        "q3_ns": 41642.0
      },
      "futex_op_counts": {
        "128": 5
      },
      "first_seen_ts_ns": 540051903832,
      "last_seen_ts_ns": 575054359948
    },
    {
      "tgid": 8267,
      "comm": "lmp_gpu",
      "cgroup_id": 10909,
      "wait_duration_stats_ns": {
        "count": 1.0,
        "sum": 78002.0,
        "mean": 78002.0,
        "median": 78002.0,
        "min": 78002,
        "max": 78002,
        "variance_ns2": null,
        "iqr_ns": 0.0,
        "q1_ns": 78002.0,
        "q3_ns": 78002.0
      },
      "futex_op_counts": {
        "128": 1
      },
      "first_seen_ts_ns": 574629759280,
      "last_seen_ts_ns": 574629759280
    },
    {
      "tgid": 8157,
      "comm": "lmp_gpu",
      "cgroup_id": 10909,
      "wait_duration_stats_ns": {
        "count": 1.0,
        "sum": 9175.0,
        "mean": 9175.0,
        "median": 9175.0,
        "min": 9175,
        "max": 9175,
        "variance_ns2": null,
        "iqr_ns": 0.0,
        "q1_ns": 9175.0,
        "q3_ns": 9175.0
      },
      "futex_op_counts": {
        "128": 1
      },
      "first_seen_ts_ns": 553463191134,
      "last_seen_ts_ns": 553463191134
    }
  ]
}
[19:26:57] Cleanup complete.
