unlimited
PROGRAM: futex
Looking for /opt/programs/futex/ebpf-collect.c
[14:36:19] Starting eBPF (Tracepoints for futex syscalls).
[14:36:21] BPF program loaded and tracepoints automatically attached.
[14:36:21] Start Indicator file defined '/mnt/flux/start_ebpf_collection'. Waiting.
[14:36:28] Start indicator found. Proceeding.
[14:36:28] Ring buffers opened. Polling for events...
[14:37:39] 
Indicator file '/mnt/flux/stop_ebpf_collection' found. Stopping.
[14:37:39] Cleaning up BPF resources...
{
  "final_aggregated_futex_summary_river": [
    {
      "tgid": 3861,
      "comm": "kubelet",
      "cgroup_id": 6640,
      "wait_duration_stats_ns": {
        "count": 6286.0,
        "sum": 1760604539405.0059,
        "mean": 280083445.65781194,
        "median": 12105706.723187525,
        "min": 365,
        "max": 38634256762,
        "variance_ns2": 7.757946891910832e+18,
        "iqr_ns": 49338347.82971907,
        "q1_ns": 1346206.3257190804,
        "q3_ns": 50684554.15543815
      },
      "futex_op_counts": {
        "128": 6286
      },
      "first_seen_ts_ns": 297019632444,
      "last_seen_ts_ns": 375843311874
    },
    {
      "tgid": 8210,
      "comm": "sidecar",
      "cgroup_id": 8769,
      "wait_duration_stats_ns": {
        "count": 342.0,
        "sum": 827112082170.0,
        "mean": 2418456380.614035,
        "median": 36335179.47841653,
        "min": 710,
        "max": 43104977945,
        "variance_ns2": 5.671278516688756e+19,
        "iqr_ns": 1965129350.0405204,
        "q1_ns": 302165.7859622984,
        "q3_ns": 1965431515.8264828
      },
      "futex_op_counts": {
        "128": 342
      },
      "first_seen_ts_ns": 298269128012,
      "last_seen_ts_ns": 375888129717
    },
    {
      "tgid": 9167,
      "comm": "containerd-shim",
      "cgroup_id": 6520,
      "wait_duration_stats_ns": {
        "count": 557.0,
        "sum": 479684740035.99976,
        "mean": 861193429.1490121,
        "median": 219703.26661828218,
        "min": 476,
        "max": 11016102305,
        "variance_ns2": 5.986943159601968e+18,
        "iqr_ns": 13274745.521548461,
        "q1_ns": 38970.06200899922,
        "q3_ns": 13313715.58355746
      },
      "futex_op_counts": {
        "128": 557
      },
      "first_seen_ts_ns": 311323125823,
      "last_seen_ts_ns": 374602697243
    },
    {
      "tgid": 3677,
      "comm": "containerd",
      "cgroup_id": 6520,
      "wait_duration_stats_ns": {
        "count": 3016.0,
        "sum": 456219878393.0002,
        "mean": 151266537.9287136,
        "median": 406791.64568534377,
        "min": 589,
        "max": 29713066385,
        "variance_ns2": 6.404470806797923e+17,
        "iqr_ns": 98619626.07121849,
        "q1_ns": 78370.44032246649,
        "q3_ns": 98697996.51154096
      },
      "futex_op_counts": {
        "128": 3016
      },
      "first_seen_ts_ns": 297610983211,
      "last_seen_ts_ns": 375885451401
    },
    {
      "tgid": 8300,
      "comm": "fluent-bit-gke-",
      "cgroup_id": 8848,
      "wait_duration_stats_ns": {
        "count": 268.0,
        "sum": 379495361274.00006,
        "mean": 1416027467.4402988,
        "median": 556495548.9572732,
        "min": 618,
        "max": 59999384689,
        "variance_ns2": 1.8860977068238283e+19,
        "iqr_ns": 1304085306.6677678,
        "q1_ns": 58875804.65893473,
        "q3_ns": 1362961111.3267026
      },
      "futex_op_counts": {
        "128": 268
      },
      "first_seen_ts_ns": 298000574794,
      "last_seen_ts_ns": 375664143053
    },
    {
      "tgid": 9041,
      "comm": "prometheus",
      "cgroup_id": 9401,
      "wait_duration_stats_ns": {
        "count": 3616.0,
        "sum": 375051573896.0004,
        "mean": 103720014.90486738,
        "median": 40826980.62715007,
        "min": 1942,
        "max": 48943568885,
        "variance_ns2": 1.1807578825749087e+18,
        "iqr_ns": 10972825.655848041,
        "q1_ns": 39168642.88222998,
        "q3_ns": 50141468.53807802
      },
      "futex_op_counts": {
        "128": 3616
      },
      "first_seen_ts_ns": 297068394226,
      "last_seen_ts_ns": 375885951079
    },
    {
      "tgid": 9798,
      "comm": "containerd-shim",
      "cgroup_id": 6520,
      "wait_duration_stats_ns": {
        "count": 194.0,
        "sum": 344968733533.9999,
        "mean": 1778189348.1134014,
        "median": 17225454.489793636,
        "min": 3167,
        "max": 30003829384,
        "variance_ns2": 1.5804224917105623e+19,
        "iqr_ns": 971226986.8244451,
        "q1_ns": 3193412.312822576,
        "q3_ns": 974420399.1372677
      },
      "futex_op_counts": {
        "128": 194
      },
      "first_seen_ts_ns": 297237885210,
      "last_seen_ts_ns": 375888159087
    },
    {
      "tgid": 7159,
      "comm": "containerd-shim",
      "cgroup_id": 6520,
      "wait_duration_stats_ns": {
        "count": 187.0,
        "sum": 330670787290.0001,
        "mean": 1768292980.1604285,
        "median": 18732470.003452316,
        "min": 917,
        "max": 30795899810,
        "variance_ns2": 2.110621291817907e+19,
        "iqr_ns": 2566150486.4475636,
        "q1_ns": 2786980.6827481505,
        "q3_ns": 2568937467.130312
      },
      "futex_op_counts": {
        "128": 187
      },
      "first_seen_ts_ns": 309419020089,
      "last_seen_ts_ns": 372139810982
    },
    {
      "tgid": 7550,
      "comm": "containerd-shim",
      "cgroup_id": 6520,
      "wait_duration_stats_ns": {
        "count": 317.0,
        "sum": 330578438890.00024,
        "mean": 1042834192.0820197,
        "median": 2869912.363641993,
        "min": 807,
        "max": 29981657974,
        "variance_ns2": 1.1108147964962972e+19,
        "iqr_ns": 129546921.68734296,
        "q1_ns": 1067795.527282078,
        "q3_ns": 130614717.21462503
      },
      "futex_op_counts": {
        "128": 317
      },
      "first_seen_ts_ns": 310808092439,
      "last_seen_ts_ns": 372137346339
    },
    {
      "tgid": 4311,
      "comm": "kube-proxy",
      "cgroup_id": 7366,
      "wait_duration_stats_ns": {
        "count": 279.0,
        "sum": 322209702554.9997,
        "mean": 1154873485.860214,
        "median": 6257850.918639361,
        "min": 834,
        "max": 27843319796,
        "variance_ns2": 1.3820823084370825e+19,
        "iqr_ns": 829385502.371456,
        "q1_ns": 1170296.3919121257,
        "q3_ns": 830555798.7633681
      },
      "futex_op_counts": {
        "128": 279
      },
      "first_seen_ts_ns": 306558017213,
      "last_seen_ts_ns": 371556891173
    },
    {
      "tgid": 7679,
      "comm": "proxy-agent",
      "cgroup_id": 8374,
      "wait_duration_stats_ns": {
        "count": 202.0,
        "sum": 304450183254.0001,
        "mean": 1507179125.0198026,
        "median": 204368155.69081074,
        "min": 2645,
        "max": 13652820328,
        "variance_ns2": 6.677726620062573e+18,
        "iqr_ns": 2455228783.527447,
        "q1_ns": 9403894.526762303,
        "q3_ns": 2464632678.0542097
      },
      "futex_op_counts": {
        "128": 202
      },
      "first_seen_ts_ns": 297597624779,
      "last_seen_ts_ns": 371328075471
    },
    {
      "tgid": 4241,
      "comm": "containerd-shim",
      "cgroup_id": 6520,
      "wait_duration_stats_ns": {
        "count": 111.0,
        "sum": 300699768694.0,
        "mean": 2709006925.171171,
        "median": 185146788.1922742,
        "min": 953,
        "max": 29997931899,
        "variance_ns2": 2.887632509280079e+19,
        "iqr_ns": 7215882335.092397,
        "q1_ns": 8567111.688665193,
        "q3_ns": 7224449446.781062
      },
      "futex_op_counts": {
        "128": 111
      },
      "first_seen_ts_ns": 311286476892,
      "last_seen_ts_ns": 372135550600
    },
    {
      "tgid": 6749,
      "comm": "containerd-shim",
      "cgroup_id": 6520,
      "wait_duration_stats_ns": {
        "count": 225.0,
        "sum": 283892566863.9999,
        "mean": 1261744741.6177773,
        "median": 3369890.753682314,
        "min": 3280,
        "max": 16191114867,
        "variance_ns2": 1.0036254694405392e+19,
        "iqr_ns": 756881534.9247946,
        "q1_ns": 1388071.7466482252,
        "q3_ns": 758269606.6714427
      },
      "futex_op_counts": {
        "128": 225
      },
      "first_seen_ts_ns": 311327028096,
      "last_seen_ts_ns": 372137812396
    },
    {
      "tgid": 8667,
      "comm": "containerd-shim",
      "cgroup_id": 6520,
      "wait_duration_stats_ns": {
        "count": 138.0,
        "sum": 281610506592.99994,
        "mean": 2040655844.8768113,
        "median": 80636546.35432309,
        "min": 3068,
        "max": 17453207383,
        "variance_ns2": 1.6118072840671267e+19,
        "iqr_ns": 895063676.6041818,
        "q1_ns": 3976364.573274926,
        "q3_ns": 899040041.1774567
      },
      "futex_op_counts": {
        "128": 138
      },
      "first_seen_ts_ns": 311332553489,
      "last_seen_ts_ns": 372138342119
    },
    {
      "tgid": 6827,
      "comm": "containerd-shim",
      "cgroup_id": 6520,
      "wait_duration_stats_ns": {
        "count": 158.0,
        "sum": 265889534479.99997,
        "mean": 1682845154.9367087,
        "median": 60094207.9888065,
        "min": 2810,
        "max": 13878949341,
        "variance_ns2": 1.134297235937821e+19,
        "iqr_ns": 3824526615.049223,
        "q1_ns": 836120.488793914,
        "q3_ns": 3825362735.538017
      },
      "futex_op_counts": {
        "128": 158
      },
      "first_seen_ts_ns": 311341016200,
      "last_seen_ts_ns": 372133488464
    },
    {
      "tgid": 3930,
      "comm": "node-problem-de",
      "cgroup_id": 6700,
      "wait_duration_stats_ns": {
        "count": 336.0,
        "sum": 250972421984.00024,
        "mean": 746941732.0952388,
        "median": 601670579.0694793,
        "min": 1620,
        "max": 37728665781,
        "variance_ns2": 6.142034660248861e+18,
        "iqr_ns": 937544933.8067667,
        "q1_ns": 64626168.76576452,
        "q3_ns": 1002171102.5725312
      },
      "futex_op_counts": {
        "128": 336
      },
      "first_seen_ts_ns": 297756254974,
      "last_seen_ts_ns": 375756621380
    },
    {
      "tgid": 7832,
      "comm": "kube-dns",
      "cgroup_id": 8453,
      "wait_duration_stats_ns": {
        "count": 242.0,
        "sum": 249487032461.00006,
        "mean": 1030938150.6652895,
        "median": 784015578.3464488,
        "min": 2377,
        "max": 16270207947,
        "variance_ns2": 3.191883448769781e+18,
        "iqr_ns": 989614885.8082623,
        "q1_ns": 142639746.84358904,
        "q3_ns": 1132254632.6518514
      },
      "futex_op_counts": {
        "128": 242
      },
      "first_seen_ts_ns": 299869585817,
      "last_seen_ts_ns": 375661078126
    },
    {
      "tgid": 8022,
      "comm": "dnsmasq-nanny",
      "cgroup_id": 8611,
      "wait_duration_stats_ns": {
        "count": 21.0,
        "sum": 209912002384.0,
        "mean": 9995809637.333334,
        "median": 9998846905.394917,
        "min": 9976761480,
        "max": 10005760659,
        "variance_ns2": 47027518201821.08,
        "iqr_ns": 6670614.825431824,
        "q1_ns": 9993430453.35257,
        "q3_ns": 10000101068.178001
      },
      "futex_op_counts": {
        "128": 21
      },
      "first_seen_ts_ns": 312613836355,
      "last_seen_ts_ns": 372623296869
    },
    {
      "tgid": 1737,
      "comm": "google_osconfig",
      "cgroup_id": 4234,
      "wait_duration_stats_ns": {
        "count": 81.0,
        "sum": 205196704945.00006,
        "mean": 2533292653.641976,
        "median": 435389192.1152475,
        "min": 691,
        "max": 30004052744,
        "variance_ns2": 2.4720685229477577e+19,
        "iqr_ns": 4832049008.201005,
        "q1_ns": 6309726.029441815,
        "q3_ns": 4838358734.230447
      },
      "futex_op_counts": {
        "128": 81
      },
      "first_seen_ts_ns": 299296581445,
      "last_seen_ts_ns": 374332048031
    },
    {
      "tgid": 1736,
      "comm": "google_guest_ag",
      "cgroup_id": 4174,
      "wait_duration_stats_ns": {
        "count": 68.0,
        "sum": 201131236597.00003,
        "mean": 2957812302.8970594,
        "median": 2267245916.743365,
        "min": 4759,
        "max": 60021553893,
        "variance_ns2": 5.4153231156211786e+19,
        "iqr_ns": 3108822361.569738,
        "q1_ns": 266173367.94620574,
        "q3_ns": 3374995729.5159435
      },
      "futex_op_counts": {
        "128": 68
      },
      "first_seen_ts_ns": 299753528175,
      "last_seen_ts_ns": 374786270523
    },
    {
      "tgid": 9252,
      "comm": "csi-node-driver",
      "cgroup_id": 9717,
      "wait_duration_stats_ns": {
        "count": 18.0,
        "sum": 183002553153.0,
        "mean": 10166808508.5,
        "median": 734787003.5754471,
        "min": 17687,
        "max": 61000827958,
        "variance_ns2": 5.330931512144499e+20,
        "iqr_ns": 11358365402.442427,
        "q1_ns": 238129440.20494047,
        "q3_ns": 11596494842.647367
      },
      "futex_op_counts": {
        "128": 18
      },
      "first_seen_ts_ns": 307977222624,
      "last_seen_ts_ns": 368979234488
    },
    {
      "tgid": 9136,
      "comm": "config-reloader",
      "cgroup_id": 9480,
      "wait_duration_stats_ns": {
        "count": 27.0,
        "sum": 179999758647.99997,
        "mean": 6666657727.703703,
        "median": 8018237227.736481,
        "min": 36794,
        "max": 36018528756,
        "variance_ns2": 5.447853340673687e+19,
        "iqr_ns": 8707324023.733788,
        "q1_ns": 1239011671.5979095,
        "q3_ns": 9946335695.331697
      },
      "futex_op_counts": {
        "128": 27
      },
      "first_seen_ts_ns": 315728161792,
      "last_seen_ts_ns": 375786152974
    },
    {
      "tgid": 7464,
      "comm": "main",
      "cgroup_id": 8137,
      "wait_duration_stats_ns": {
        "count": 87.0,
        "sum": 149832477164.99997,
        "mean": 1722212381.2068963,
        "median": 1508890267.1019282,
        "min": 578,
        "max": 5004088586,
        "variance_ns2": 5.668486196799294e+18,
        "iqr_ns": 4767323562.995883,
        "q1_ns": 24058382.073392045,
        "q3_ns": 4791381945.069275
      },
      "futex_op_counts": {
        "128": 87
      },
      "first_seen_ts_ns": 305220536230,
      "last_seen_ts_ns": 375225335856
    },
    {
      "tgid": 2766,
      "comm": "dockerd",
      "cgroup_id": 6400,
      "wait_duration_stats_ns": {
        "count": 20.0,
        "sum": 140048235059.0,
        "mean": 7002411752.95,
        "median": 8151505563.496932,
        "min": 4812589,
        "max": 10000971504,
        "variance_ns2": 2.1891133358609895e+19,
        "iqr_ns": 8888373118.142181,
        "q1_ns": 1078946380.3333702,
        "q3_ns": 9967319498.475552
      },
      "futex_op_counts": {
        "128": 20
      },
      "first_seen_ts_ns": 312016282198,
      "last_seen_ts_ns": 372101375659
    },
    {
      "tgid": 8399,
      "comm": "main",
      "cgroup_id": 9006,
      "wait_duration_stats_ns": {
        "count": 55.0,
        "sum": 139916892171.0,
        "mean": 2543943494.018182,
        "median": 3679058150.955315,
        "min": 41593,
        "max": 5003751953,
        "variance_ns2": 5.610553861007941e+18,
        "iqr_ns": 4692554608.076132,
        "q1_ns": 250649288.52993387,
        "q3_ns": 4943203896.606066
      },
      "futex_op_counts": {
        "128": 55
      },
      "first_seen_ts_ns": 309300854899,
      "last_seen_ts_ns": 374301793812
    },
    {
      "tgid": 7886,
      "comm": "main",
      "cgroup_id": 8532,
      "wait_duration_stats_ns": {
        "count": 59.0,
        "sum": 139882922766.00003,
        "mean": 2370896996.033899,
        "median": 3347461516.4851527,
        "min": 11153,
        "max": 5004064641,
        "variance_ns2": 6.026464472519078e+18,
        "iqr_ns": 4896793204.941061,
        "q1_ns": 64737246.492207825,
        "q3_ns": 4961530451.433269
      },
      "futex_op_counts": {
        "128": 59
      },
      "first_seen_ts_ns": 307053639753,
      "last_seen_ts_ns": 372054463246
    },
    {
      "tgid": 8356,
      "comm": "main",
      "cgroup_id": 8927,
      "wait_duration_stats_ns": {
        "count": 46.0,
        "sum": 139830822778.99997,
        "mean": 3039800495.1956515,
        "median": 4932766543.347809,
        "min": 57124,
        "max": 5004880991,
        "variance_ns2": 6.052823756582902e+18,
        "iqr_ns": 3871800353.3208895,
        "q1_ns": 1117295049.1929824,
        "q3_ns": 4989095402.513872
      },
      "futex_op_counts": {
        "128": 46
      },
      "first_seen_ts_ns": 308867017771,
      "last_seen_ts_ns": 373867344767
    },
    {
      "tgid": 7394,
      "comm": "otelsvc",
      "cgroup_id": 7979,
      "wait_duration_stats_ns": {
        "count": 266.0,
        "sum": 108471302475.00006,
        "mean": 407786851.40977466,
        "median": 404825629.83848095,
        "min": 84219,
        "max": 36524547391,
        "variance_ns2": 4.992099755975709e+18,
        "iqr_ns": 482462565.6091282,
        "q1_ns": 3753744.6070469376,
        "q3_ns": 486216310.21617514
      },
      "futex_op_counts": {
        "128": 266
      },
      "first_seen_ts_ns": 297631445041,
      "last_seen_ts_ns": 375661129938
    },
    {
      "tgid": 9569,
      "comm": "gce-pd-csi-driv",
      "cgroup_id": 9796,
      "wait_duration_stats_ns": {
        "count": 131.0,
        "sum": 73079493783.00002,
        "mean": 557858731.1679391,
        "median": 589944051.5232097,
        "min": 72757990,
        "max": 600270009,
        "variance_ns2": 1.115728357550665e+16,
        "iqr_ns": 193559.89934527874,
        "q1_ns": 589707976.9311379,
        "q3_ns": 589901536.8304832
      },
      "futex_op_counts": {
        "128": 131
      },
      "first_seen_ts_ns": 297837330162,
      "last_seen_ts_ns": 375837332394
    },
    {
      "tgid": 11238,
      "comm": "log-counter",
      "cgroup_id": 6700,
      "wait_duration_stats_ns": {
        "count": 989.0,
        "sum": 17719717652.999996,
        "mean": 17916802.48028311,
        "median": 266826.0358963814,
        "min": 456,
        "max": 1067001698,
        "variance_ns2": 1.7107281254948776e+16,
        "iqr_ns": 3318767.9468376553,
        "q1_ns": 49510.17258771228,
        "q3_ns": 3368278.1194253676
      },
      "futex_op_counts": {
        "128": 989
      },
      "first_seen_ts_ns": 341797466032,
      "last_seen_ts_ns": 342865311230
    },
    {
      "tgid": 11266,
      "comm": "log-counter",
      "cgroup_id": 6700,
      "wait_duration_stats_ns": {
        "count": 1037.0,
        "sum": 16645211578.0,
        "mean": 16051312.99710704,
        "median": 265166.7168193643,
        "min": 478,
        "max": 1058083165,
        "variance_ns2": 1.4586686765028632e+16,
        "iqr_ns": 2803422.1480545364,
        "q1_ns": 50481.349104799134,
        "q3_ns": 2853903.4971593358
      },
      "futex_op_counts": {
        "128": 1037
      },
      "first_seen_ts_ns": 342868909780,
      "last_seen_ts_ns": 343927193965
    },
    {
      "tgid": 11216,
      "comm": "log-counter",
      "cgroup_id": 6700,
      "wait_duration_stats_ns": {
        "count": 352.0,
        "sum": 9506580003.999998,
        "mean": 27007329.556818176,
        "median": 574536.0696858079,
        "min": 617,
        "max": 1314330623,
        "variance_ns2": 2.320515313473115e+16,
        "iqr_ns": 10119423.112045214,
        "q1_ns": 176410.44071747406,
        "q3_ns": 10295833.552762687
      },
      "futex_op_counts": {
        "128": 352
      },
      "first_seen_ts_ns": 340776088331,
      "last_seen_ts_ns": 342108601742
    },
    {
      "tgid": 11231,
      "comm": "log-counter",
      "cgroup_id": 6700,
      "wait_duration_stats_ns": {
        "count": 15.0,
        "sum": 5054960392.0,
        "mean": 336997359.46666664,
        "median": 135113228.2829861,
        "min": 401488,
        "max": 1016668995,
        "variance_ns2": 2.0872092632115293e+17,
        "iqr_ns": 509186137.28641605,
        "q1_ns": 15051448.988333333,
        "q3_ns": 524237586.2747494
      },
      "futex_op_counts": {
        "128": 15
      },
      "first_seen_ts_ns": 341182171903,
      "last_seen_ts_ns": 342205852198
    },
    {
      "tgid": 11209,
      "comm": "log-counter",
      "cgroup_id": 6700,
      "wait_duration_stats_ns": {
        "count": 18.0,
        "sum": 5045398448.0,
        "mean": 280299913.7777778,
        "median": 58195989.584965974,
        "min": 6593,
        "max": 1023046634,
        "variance_ns2": 1.7627279575454298e+17,
        "iqr_ns": 351886928.9317166,
        "q1_ns": 6848628.527039493,
        "q3_ns": 358735557.4587561
      },
      "futex_op_counts": {
        "128": 18
      },
      "first_seen_ts_ns": 340764154530,
      "last_seen_ts_ns": 341794158479
    },
    {
      "tgid": 11260,
      "comm": "log-counter",
      "cgroup_id": 6700,
      "wait_duration_stats_ns": {
        "count": 18.0,
        "sum": 3997040310.0,
        "mean": 222057795.0,
        "median": 27471917.01032187,
        "min": 7416,
        "max": 1002590537,
        "variance_ns2": 1.8210052935991354e+17,
        "iqr_ns": 69122500.22838797,
        "q1_ns": 3435136.7269767113,
        "q3_ns": 72557636.95536467
      },
      "futex_op_counts": {
        "128": 18
      },
      "first_seen_ts_ns": 342240403960,
      "last_seen_ts_ns": 343243134585
    },
    {
      "tgid": 11308,
      "comm": "runc",
      "cgroup_id": 6520,
      "wait_duration_stats_ns": {
        "count": 320.0,
        "sum": 626171087.9999998,
        "mean": 1956784.6499999994,
        "median": 133657.63560267346,
        "min": 991,
        "max": 92134097,
        "variance_ns2": 83539860254816.73,
        "iqr_ns": 753898.4502825679,
        "q1_ns": 33078.25909847121,
        "q3_ns": 786976.7093810391
      },
      "futex_op_counts": {
        "128": 320
      },
      "first_seen_ts_ns": 353566405621,
      "last_seen_ts_ns": 353661394291
    },
    {
      "tgid": 11007,
      "comm": "runc",
      "cgroup_id": 6520,
      "wait_duration_stats_ns": {
        "count": 317.0,
        "sum": 599993923.0,
        "mean": 1892725.309148265,
        "median": 124639.56428145793,
        "min": 9310,
        "max": 95646436,
        "variance_ns2": 90112371154955.08,
        "iqr_ns": 883901.2666015718,
        "q1_ns": 24362.4256333178,
        "q3_ns": 908263.6922348896
      },
      "futex_op_counts": {
        "128": 317
      },
      "first_seen_ts_ns": 333568012995,
      "last_seen_ts_ns": 333666894265
    },
    {
      "tgid": 10986,
      "comm": "runc",
      "cgroup_id": 6520,
      "wait_duration_stats_ns": {
        "count": 323.0,
        "sum": 588351884.0000001,
        "mean": 1821522.860681115,
        "median": 78887.33496449895,
        "min": 3074,
        "max": 83088568,
        "variance_ns2": 100113866340836.33,
        "iqr_ns": 444393.2279936249,
        "q1_ns": 22848.993395959977,
        "q3_ns": 467242.2213895849
      },
      "futex_op_counts": {
        "128": 323
      },
      "first_seen_ts_ns": 323569086462,
      "last_seen_ts_ns": 323656113075
    },
    {
      "tgid": 11332,
      "comm": "runc",
      "cgroup_id": 6520,
      "wait_duration_stats_ns": {
        "count": 338.0,
        "sum": 521917079.0,
        "mean": 1544133.3698224851,
        "median": 66841.75740437122,
        "min": 920,
        "max": 78333886,
        "variance_ns2": 70444791982241.4,
        "iqr_ns": 374113.4365514773,
        "q1_ns": 19038.297325889194,
        "q3_ns": 393151.73387736647
      },
      "futex_op_counts": {
        "128": 338
      },
      "first_seen_ts_ns": 363571878892,
      "last_seen_ts_ns": 363654303152
    },
    {
      "tgid": 10964,
      "comm": "runc",
      "cgroup_id": 6520,
      "wait_duration_stats_ns": {
        "count": 293.0,
        "sum": 488806819.0,
        "mean": 1668282.6587030718,
        "median": 68774.6150702688,
        "min": 752,
        "max": 70913787,
        "variance_ns2": 71180784055015.5,
        "iqr_ns": 1555272.8324651339,
        "q1_ns": 20776.150119418206,
        "q3_ns": 1576048.9825845521
      },
      "futex_op_counts": {
        "128": 293
      },
      "first_seen_ts_ns": 313567101729,
      "last_seen_ts_ns": 313644024210
    },
    {
      "tgid": 10997,
      "comm": "runc:[2:INIT]",
      "cgroup_id": 9717,
      "wait_duration_stats_ns": {
        "count": 36.0,
        "sum": 298582189.99999994,
        "mean": 8293949.722222221,
        "median": 552519.53540165,
        "min": 15082,
        "max": 48147941,
        "variance_ns2": 240213386815253.8,
        "iqr_ns": 10908427.005933039,
        "q1_ns": 72129.64579679529,
        "q3_ns": 10980556.651729833
      },
      "futex_op_counts": {
        "128": 36
      },
      "first_seen_ts_ns": 323592170574,
      "last_seen_ts_ns": 323656184257
    },
    {
      "tgid": 11017,
      "comm": "runc:[2:INIT]",
      "cgroup_id": 9717,
      "wait_duration_stats_ns": {
        "count": 50.0,
        "sum": 296897052.00000006,
        "mean": 5937941.040000001,
        "median": 1271649.1003103473,
        "min": 1997,
        "max": 43454154,
        "variance_ns2": 147485158811401.1,
        "iqr_ns": 3121998.048799418,
        "q1_ns": 133006.92941094446,
        "q3_ns": 3255004.9782103626
      },
      "futex_op_counts": {
        "128": 50
      },
      "first_seen_ts_ns": 333601096654,
      "last_seen_ts_ns": 333664085335
    },
    {
      "tgid": 11344,
      "comm": "runc:[2:INIT]",
      "cgroup_id": 9717,
      "wait_duration_stats_ns": {
        "count": 30.0,
        "sum": 294721255.0,
        "mean": 9824041.833333334,
        "median": 3597465.6011300236,
        "min": 1023,
        "max": 46167023,
        "variance_ns2": 206043627711829.2,
        "iqr_ns": 16408431.330460599,
        "q1_ns": 109838.7157615619,
        "q3_ns": 16518270.046222162
      },
      "futex_op_counts": {
        "128": 30
      },
      "first_seen_ts_ns": 363595013199,
      "last_seen_ts_ns": 363653470021
    },
    {
      "tgid": 11320,
      "comm": "runc:[2:INIT]",
      "cgroup_id": 9717,
      "wait_duration_stats_ns": {
        "count": 35.0,
        "sum": 285883336.99999994,
        "mean": 8168095.342857142,
        "median": 1844450.7109166211,
        "min": 19703,
        "max": 44571371,
        "variance_ns2": 153958707947933.5,
        "iqr_ns": 9705618.673119783,
        "q1_ns": 341357.8465104883,
        "q3_ns": 10046976.519630272
      },
      "futex_op_counts": {
        "128": 35
      },
      "first_seen_ts_ns": 353604184778,
      "last_seen_ts_ns": 353661469634
    },
    {
      "tgid": 11284,
      "comm": "runc",
      "cgroup_id": 6520,
      "wait_duration_stats_ns": {
        "count": 372.0,
        "sum": 262399818.0,
        "mean": 705375.8548387097,
        "median": 46062.10628333988,
        "min": 663,
        "max": 40829102,
        "variance_ns2": 15787053912298.191,
        "iqr_ns": 205137.93688157728,
        "q1_ns": 18534.2772633653,
        "q3_ns": 223672.21414494258
      },
      "futex_op_counts": {
        "128": 372
      },
      "first_seen_ts_ns": 343564328359,
      "last_seen_ts_ns": 343608018079
    },
    {
      "tgid": 11386,
      "comm": "runc",
      "cgroup_id": 6520,
      "wait_duration_stats_ns": {
        "count": 357.0,
        "sum": 207147376.00000003,
        "mean": 580244.7507002802,
        "median": 36740.40695596574,
        "min": 738,
        "max": 30763397,
        "variance_ns2": 13902159517248.762,
        "iqr_ns": 117359.81054156146,
        "q1_ns": 16386.332241313263,
        "q3_ns": 133746.14278287473
      },
      "futex_op_counts": {
        "128": 357
      },
      "first_seen_ts_ns": 373563736001,
      "last_seen_ts_ns": 373597441309
    },
    {
      "tgid": 10975,
      "comm": "runc:[2:INIT]",
      "cgroup_id": 9717,
      "wait_duration_stats_ns": {
        "count": 30.0,
        "sum": 181717019.99999994,
        "mean": 6057233.999999998,
        "median": 1733488.1251981528,
        "min": 650,
        "max": 26354670,
        "variance_ns2": 52122741290193.914,
        "iqr_ns": 10137275.773547018,
        "q1_ns": 311067.83631476364,
        "q3_ns": 10448343.609861782
      },
      "futex_op_counts": {
        "128": 30
      },
      "first_seen_ts_ns": 313607012938,
      "last_seen_ts_ns": 313641203256
    },
    {
      "tgid": 11295,
      "comm": "runc:[2:INIT]",
      "cgroup_id": 9717,
      "wait_duration_stats_ns": {
        "count": 29.0,
        "sum": 157256556.0,
        "mean": 5422639.862068965,
        "median": 933146.3352092663,
        "min": 515,
        "max": 19464817,
        "variance_ns2": 59920012336039.766,
        "iqr_ns": 9074548.15227914,
        "q1_ns": 62546.724351683864,
        "q3_ns": 9137094.876630824
      },
      "futex_op_counts": {
        "128": 29
      },
      "first_seen_ts_ns": 343572738542,
      "last_seen_ts_ns": 343608016843
    },
    {
      "tgid": 11397,
      "comm": "runc:[2:INIT]",
      "cgroup_id": 9717,
      "wait_duration_stats_ns": {
        "count": 28.0,
        "sum": 110265218.0,
        "mean": 3938043.5,
        "median": 935332.2412108725,
        "min": 946,
        "max": 15441456,
        "variance_ns2": 30994755984640.11,
        "iqr_ns": 7184158.964069893,
        "q1_ns": 31572.635185185187,
        "q3_ns": 7215731.599255078
      },
      "futex_op_counts": {
        "128": 28
      },
      "first_seen_ts_ns": 373571641692,
      "last_seen_ts_ns": 373597407997
    },
    {
      "tgid": 10975,
      "comm": "csi-node-driver",
      "cgroup_id": 9717,
      "wait_duration_stats_ns": {
        "count": 15.0,
        "sum": 12201371.999999998,
        "mean": 813424.7999999999,
        "median": 161547.06030092592,
        "min": 10837,
        "max": 5518602,
        "variance_ns2": 2271821653349.457,
        "iqr_ns": 806071.5294270833,
        "q1_ns": 20643.490017361113,
        "q3_ns": 826715.0194444444
      },
      "futex_op_counts": {
        "128": 15
      },
      "first_seen_ts_ns": 313650429986,
      "last_seen_ts_ns": 313656015791
    },
    {
      "tgid": 11344,
      "comm": "csi-node-driver",
      "cgroup_id": 9717,
      "wait_duration_stats_ns": {
        "count": 17.0,
        "sum": 11446640.0,
        "mean": 673331.7647058824,
        "median": 196302.0387224702,
        "min": 13745,
        "max": 5280292,
        "variance_ns2": 1654072740176.5662,
        "iqr_ns": 870284.6514989458,
        "q1_ns": 50783.330891927086,
        "q3_ns": 921067.9823908729
      },
      "futex_op_counts": {
        "128": 17
      },
      "first_seen_ts_ns": 363655738303,
      "last_seen_ts_ns": 363661011302
    },
    {
      "tgid": 11320,
      "comm": "csi-node-driver",
      "cgroup_id": 9717,
      "wait_duration_stats_ns": {
        "count": 23.0,
        "sum": 11379099.0,
        "mean": 494743.4347826087,
        "median": 99368.97824384151,
        "min": 16243,
        "max": 1958446,
        "variance_ns2": 464779055118.4387,
        "iqr_ns": 574539.0357489478,
        "q1_ns": 26517.418533333333,
        "q3_ns": 601056.4542822811
      },
      "futex_op_counts": {
        "128": 23
      },
      "first_seen_ts_ns": 353671592927,
      "last_seen_ts_ns": 353675514545
    },
    {
      "tgid": 11295,
      "comm": "csi-node-driver",
      "cgroup_id": 9717,
      "wait_duration_stats_ns": {
        "count": 25.0,
        "sum": 10805510.999999998,
        "mean": 432220.43999999994,
        "median": 81648.6212101186,
        "min": 8777,
        "max": 1989009,
        "variance_ns2": 329181164552.42334,
        "iqr_ns": 597560.8669624241,
        "q1_ns": 41324.763117283954,
        "q3_ns": 638885.6300797081
      },
      "futex_op_counts": {
        "128": 25
      },
      "first_seen_ts_ns": 343609845110,
      "last_seen_ts_ns": 343613542854
    },
    {
      "tgid": 10997,
      "comm": "csi-node-driver",
      "cgroup_id": 9717,
      "wait_duration_stats_ns": {
        "count": 24.0,
        "sum": 10285880.0,
        "mean": 428578.3333333333,
        "median": 56845.62322555497,
        "min": 8120,
        "max": 2077036,
        "variance_ns2": 378390866964.4928,
        "iqr_ns": 570297.9546955434,
        "q1_ns": 30846.333333333332,
        "q3_ns": 601144.2880288768
      },
      "futex_op_counts": {
        "128": 24
      },
      "first_seen_ts_ns": 323660517922,
      "last_seen_ts_ns": 323664116455
    },
    {
      "tgid": 11397,
      "comm": "csi-node-driver",
      "cgroup_id": 9717,
      "wait_duration_stats_ns": {
        "count": 20.0,
        "sum": 8790485.0,
        "mean": 439524.25,
        "median": 139858.2274951172,
        "min": 9635,
        "max": 1812721,
        "variance_ns2": 329469871377.1448,
        "iqr_ns": 741514.4969531415,
        "q1_ns": 32771.976581790135,
        "q3_ns": 774286.4735349317
      },
      "futex_op_counts": {
        "128": 20
      },
      "first_seen_ts_ns": 373599127244,
      "last_seen_ts_ns": 373602204603
    },
    {
      "tgid": 10588,
      "comm": "flux-broker-9",
      "cgroup_id": 10198,
      "wait_duration_stats_ns": {
        "count": 252.0,
        "sum": 7098187.000000008,
        "mean": 28167.408730158764,
        "median": 854.0145763636365,
        "min": 425,
        "max": 3809446,
        "variance_ns2": 73687662648.09924,
        "iqr_ns": 5559.63494050338,
        "q1_ns": 527.091046700114,
        "q3_ns": 6086.725987203494
      },
      "futex_op_counts": {
        "128": 252
      },
      "first_seen_ts_ns": 304858261835,
      "last_seen_ts_ns": 375871144129
    },
    {
      "tgid": 11017,
      "comm": "csi-node-driver",
      "cgroup_id": 9717,
      "wait_duration_stats_ns": {
        "count": 17.0,
        "sum": 6889807.0,
        "mean": 405282.76470588235,
        "median": 119025.97058673471,
        "min": 11671,
        "max": 1883838,
        "variance_ns2": 384897562921.69116,
        "iqr_ns": 459316.7004196944,
        "q1_ns": 30018.890798611108,
        "q3_ns": 489335.5912183055
      },
      "futex_op_counts": {
        "128": 17
      },
      "first_seen_ts_ns": 333666106288,
      "last_seen_ts_ns": 333669733020
    },
    {
      "tgid": 842,
      "comm": "multipathd",
      "cgroup_id": 1702,
      "wait_duration_stats_ns": {
        "count": 9.0,
        "sum": 29571.000000000004,
        "mean": 3285.666666666667,
        "median": 3198.6666666666665,
        "min": 1485,
        "max": 4814,
        "variance_ns2": 954652.0,
        "iqr_ns": 711.2055555555557,
        "q1_ns": 2851.6666666666665,
        "q3_ns": 3562.8722222222223
      },
      "futex_op_counts": {
        "128": 9
      },
      "first_seen_ts_ns": 311570991467,
      "last_seen_ts_ns": 368574872863
    },
    {
      "tgid": 10588,
      "comm": "ZMQbg/IO/0",
      "cgroup_id": 10198,
      "wait_duration_stats_ns": {
        "count": 16.0,
        "sum": 11175.000000000002,
        "mean": 698.4375000000001,
        "median": 516.4295634920635,
        "min": 441,
        "max": 1931,
        "variance_ns2": 230756.6625,
        "iqr_ns": 221.5894414131393,
        "q1_ns": 474.64781746031747,
        "q3_ns": 696.2372588734568
      },
      "futex_op_counts": {
        "128": 16
      },
      "first_seen_ts_ns": 339643470738,
      "last_seen_ts_ns": 371355220768
    },
    {
      "tgid": 11071,
      "comm": "lmp",
      "cgroup_id": 10198,
      "wait_duration_stats_ns": {
        "count": 1.0,
        "sum": 8232.0,
        "mean": 8232.0,
        "median": 8232.0,
        "min": 8232,
        "max": 8232,
        "variance_ns2": null,
        "iqr_ns": 0.0,
        "q1_ns": 8232.0,
        "q3_ns": 8232.0
      },
      "futex_op_counts": {
        "128": 1
      },
      "first_seen_ts_ns": 371333557139,
      "last_seen_ts_ns": 371333557139
    },
    {
      "tgid": 11191,
      "comm": "lmp",
      "cgroup_id": 10198,
      "wait_duration_stats_ns": {
        "count": 1.0,
        "sum": 8188.0,
        "mean": 8188.0,
        "median": 8188.0,
        "min": 8188,
        "max": 8188,
        "variance_ns2": null,
        "iqr_ns": 0.0,
        "q1_ns": 8188.0,
        "q3_ns": 8188.0
      },
      "futex_op_counts": {
        "128": 1
      },
      "first_seen_ts_ns": 371334085225,
      "last_seen_ts_ns": 371334085225
    },
    {
      "tgid": 11203,
      "comm": "lmp",
      "cgroup_id": 10198,
      "wait_duration_stats_ns": {
        "count": 1.0,
        "sum": 8137.0,
        "mean": 8137.0,
        "median": 8137.0,
        "min": 8137,
        "max": 8137,
        "variance_ns2": null,
        "iqr_ns": 0.0,
        "q1_ns": 8137.0,
        "q3_ns": 8137.0
      },
      "futex_op_counts": {
        "128": 1
      },
      "first_seen_ts_ns": 371334144725,
      "last_seen_ts_ns": 371334144725
    },
    {
      "tgid": 11033,
      "comm": "lmp",
      "cgroup_id": 10198,
      "wait_duration_stats_ns": {
        "count": 1.0,
        "sum": 8105.0,
        "mean": 8105.0,
        "median": 8105.0,
        "min": 8105,
        "max": 8105,
        "variance_ns2": null,
        "iqr_ns": 0.0,
        "q1_ns": 8105.0,
        "q3_ns": 8105.0
      },
      "futex_op_counts": {
        "128": 1
      },
      "first_seen_ts_ns": 371333281437,
      "last_seen_ts_ns": 371333281437
    },
    {
      "tgid": 10845,
      "comm": "lmp",
      "cgroup_id": 10198,
      "wait_duration_stats_ns": {
        "count": 1.0,
        "sum": 8062.0,
        "mean": 8062.0,
        "median": 8062.0,
        "min": 8062,
        "max": 8062,
        "variance_ns2": null,
        "iqr_ns": 0.0,
        "q1_ns": 8062.0,
        "q3_ns": 8062.0
      },
      "futex_op_counts": {
        "128": 1
      },
      "first_seen_ts_ns": 339620906626,
      "last_seen_ts_ns": 339620906626
    },
    {
      "tgid": 11161,
      "comm": "lmp",
      "cgroup_id": 10198,
      "wait_duration_stats_ns": {
        "count": 1.0,
        "sum": 7998.0,
        "mean": 7998.0,
        "median": 7998.0,
        "min": 7998,
        "max": 7998,
        "variance_ns2": null,
        "iqr_ns": 0.0,
        "q1_ns": 7998.0,
        "q3_ns": 7998.0
      },
      "futex_op_counts": {
        "128": 1
      },
      "first_seen_ts_ns": 371332648450,
      "last_seen_ts_ns": 371332648450
    },
    {
      "tgid": 11149,
      "comm": "lmp",
      "cgroup_id": 10198,
      "wait_duration_stats_ns": {
        "count": 1.0,
        "sum": 7877.0,
        "mean": 7877.0,
        "median": 7877.0,
        "min": 7877,
        "max": 7877,
        "variance_ns2": null,
        "iqr_ns": 0.0,
        "q1_ns": 7877.0,
        "q3_ns": 7877.0
      },
      "futex_op_counts": {
        "128": 1
      },
      "first_seen_ts_ns": 371331844877,
      "last_seen_ts_ns": 371331844877
    },
    {
      "tgid": 10841,
      "comm": "lmp",
      "cgroup_id": 10198,
      "wait_duration_stats_ns": {
        "count": 1.0,
        "sum": 7858.0,
        "mean": 7858.0,
        "median": 7858.0,
        "min": 7858,
        "max": 7858,
        "variance_ns2": null,
        "iqr_ns": 0.0,
        "q1_ns": 7858.0,
        "q3_ns": 7858.0
      },
      "futex_op_counts": {
        "128": 1
      },
      "first_seen_ts_ns": 339619795887,
      "last_seen_ts_ns": 339619795887
    },
    {
      "tgid": 10871,
      "comm": "lmp",
      "cgroup_id": 10198,
      "wait_duration_stats_ns": {
        "count": 1.0,
        "sum": 7855.0,
        "mean": 7855.0,
        "median": 7855.0,
        "min": 7855,
        "max": 7855,
        "variance_ns2": null,
        "iqr_ns": 0.0,
        "q1_ns": 7855.0,
        "q3_ns": 7855.0
      },
      "futex_op_counts": {
        "128": 1
      },
      "first_seen_ts_ns": 339620032364,
      "last_seen_ts_ns": 339620032364
    },
    {
      "tgid": 11103,
      "comm": "lmp",
      "cgroup_id": 10198,
      "wait_duration_stats_ns": {
        "count": 1.0,
        "sum": 7827.0,
        "mean": 7827.0,
        "median": 7827.0,
        "min": 7827,
        "max": 7827,
        "variance_ns2": null,
        "iqr_ns": 0.0,
        "q1_ns": 7827.0,
        "q3_ns": 7827.0
      },
      "futex_op_counts": {
        "128": 1
      },
      "first_seen_ts_ns": 371331868987,
      "last_seen_ts_ns": 371331868987
    },
    {
      "tgid": 11032,
      "comm": "lmp",
      "cgroup_id": 10198,
      "wait_duration_stats_ns": {
        "count": 1.0,
        "sum": 7825.0,
        "mean": 7825.0,
        "median": 7825.0,
        "min": 7825,
        "max": 7825,
        "variance_ns2": null,
        "iqr_ns": 0.0,
        "q1_ns": 7825.0,
        "q3_ns": 7825.0
      },
      "futex_op_counts": {
        "128": 1
      },
      "first_seen_ts_ns": 371333369453,
      "last_seen_ts_ns": 371333369453
    },
    {
      "tgid": 11073,
      "comm": "lmp",
      "cgroup_id": 10198,
      "wait_duration_stats_ns": {
        "count": 1.0,
        "sum": 7642.0,
        "mean": 7642.0,
        "median": 7642.0,
        "min": 7642,
        "max": 7642,
        "variance_ns2": null,
        "iqr_ns": 0.0,
        "q1_ns": 7642.0,
        "q3_ns": 7642.0
      },
      "futex_op_counts": {
        "128": 1
      },
      "first_seen_ts_ns": 371333100652,
      "last_seen_ts_ns": 371333100652
    },
    {
      "tgid": 11093,
      "comm": "lmp",
      "cgroup_id": 10198,
      "wait_duration_stats_ns": {
        "count": 1.0,
        "sum": 7632.0,
        "mean": 7632.0,
        "median": 7632.0,
        "min": 7632,
        "max": 7632,
        "variance_ns2": null,
        "iqr_ns": 0.0,
        "q1_ns": 7632.0,
        "q3_ns": 7632.0
      },
      "futex_op_counts": {
        "128": 1
      },
      "first_seen_ts_ns": 371332925757,
      "last_seen_ts_ns": 371332925757
    },
    {
      "tgid": 11177,
      "comm": "lmp",
      "cgroup_id": 10198,
      "wait_duration_stats_ns": {
        "count": 1.0,
        "sum": 7555.0,
        "mean": 7555.0,
        "median": 7555.0,
        "min": 7555,
        "max": 7555,
        "variance_ns2": null,
        "iqr_ns": 0.0,
        "q1_ns": 7555.0,
        "q3_ns": 7555.0
      },
      "futex_op_counts": {
        "128": 1
      },
      "first_seen_ts_ns": 371332671945,
      "last_seen_ts_ns": 371332671945
    },
    {
      "tgid": 10821,
      "comm": "lmp",
      "cgroup_id": 10198,
      "wait_duration_stats_ns": {
        "count": 1.0,
        "sum": 7533.0,
        "mean": 7533.0,
        "median": 7533.0,
        "min": 7533,
        "max": 7533,
        "variance_ns2": null,
        "iqr_ns": 0.0,
        "q1_ns": 7533.0,
        "q3_ns": 7533.0
      },
      "futex_op_counts": {
        "128": 1
      },
      "first_seen_ts_ns": 339620802909,
      "last_seen_ts_ns": 339620802909
    },
    {
      "tgid": 11115,
      "comm": "lmp",
      "cgroup_id": 10198,
      "wait_duration_stats_ns": {
        "count": 1.0,
        "sum": 7460.0,
        "mean": 7460.0,
        "median": 7460.0,
        "min": 7460,
        "max": 7460,
        "variance_ns2": null,
        "iqr_ns": 0.0,
        "q1_ns": 7460.0,
        "q3_ns": 7460.0
      },
      "futex_op_counts": {
        "128": 1
      },
      "first_seen_ts_ns": 371333247713,
      "last_seen_ts_ns": 371333247713
    },
    {
      "tgid": 11087,
      "comm": "lmp",
      "cgroup_id": 10198,
      "wait_duration_stats_ns": {
        "count": 1.0,
        "sum": 7450.0,
        "mean": 7450.0,
        "median": 7450.0,
        "min": 7450,
        "max": 7450,
        "variance_ns2": null,
        "iqr_ns": 0.0,
        "q1_ns": 7450.0,
        "q3_ns": 7450.0
      },
      "futex_op_counts": {
        "128": 1
      },
      "first_seen_ts_ns": 371332899060,
      "last_seen_ts_ns": 371332899060
    },
    {
      "tgid": 10819,
      "comm": "lmp",
      "cgroup_id": 10198,
      "wait_duration_stats_ns": {
        "count": 1.0,
        "sum": 7408.0,
        "mean": 7408.0,
        "median": 7408.0,
        "min": 7408,
        "max": 7408,
        "variance_ns2": null,
        "iqr_ns": 0.0,
        "q1_ns": 7408.0,
        "q3_ns": 7408.0
      },
      "futex_op_counts": {
        "128": 1
      },
      "first_seen_ts_ns": 339620504907,
      "last_seen_ts_ns": 339620504907
    },
    {
      "tgid": 11095,
      "comm": "lmp",
      "cgroup_id": 10198,
      "wait_duration_stats_ns": {
        "count": 1.0,
        "sum": 7284.0,
        "mean": 7284.0,
        "median": 7284.0,
        "min": 7284,
        "max": 7284,
        "variance_ns2": null,
        "iqr_ns": 0.0,
        "q1_ns": 7284.0,
        "q3_ns": 7284.0
      },
      "futex_op_counts": {
        "128": 1
      },
      "first_seen_ts_ns": 371331837310,
      "last_seen_ts_ns": 371331837310
    },
    {
      "tgid": 11187,
      "comm": "lmp",
      "cgroup_id": 10198,
      "wait_duration_stats_ns": {
        "count": 1.0,
        "sum": 7198.0,
        "mean": 7198.0,
        "median": 7198.0,
        "min": 7198,
        "max": 7198,
        "variance_ns2": null,
        "iqr_ns": 0.0,
        "q1_ns": 7198.0,
        "q3_ns": 7198.0
      },
      "futex_op_counts": {
        "128": 1
      },
      "first_seen_ts_ns": 371331845675,
      "last_seen_ts_ns": 371331845675
    },
    {
      "tgid": 11052,
      "comm": "lmp",
      "cgroup_id": 10198,
      "wait_duration_stats_ns": {
        "count": 1.0,
        "sum": 7196.0,
        "mean": 7196.0,
        "median": 7196.0,
        "min": 7196,
        "max": 7196,
        "variance_ns2": null,
        "iqr_ns": 0.0,
        "q1_ns": 7196.0,
        "q3_ns": 7196.0
      },
      "futex_op_counts": {
        "128": 1
      },
      "first_seen_ts_ns": 371333469353,
      "last_seen_ts_ns": 371333469353
    }
  ]
}
[14:37:40] Cleanup complete.
