unlimited
PROGRAM: shmem
Looking for /opt/programs/shmem/ebpf-collect.c
Initializing eBPF for Shared Memory monitoring...
BPF C code compiled and loaded.
[22:52:41] 
Start Indicator file defined '/mnt/flux/start_ebpf_collection'. Waiting.
[22:53:41] Start indicator found. Proceeding.
Attaching tracepoints...
  Kprobes for shm_open/shm_unlink should auto-attach if symbols exist.
Finished attaching probes.

--- Shared Memory Stats Summary at 22:53:46 ---
{"tgid": 8585, "comm": "lmp_gpu", "shmget": 1, "shmat": 1, "shmdt": 1, "rmid": 1, "get_mb": 0.00390625, "shmopen": 0, "unlink": 0, "mmap_sh": 37, "munmap": 60, "mmap_sh_mb": 87.23046875}
{"tgid": 8600, "comm": "runc", "shmget": 0, "shmat": 0, "shmdt": 0, "rmid": 0, "get_mb": 0.0, "shmopen": 0, "unlink": 0, "mmap_sh": 0, "munmap": 9, "mmap_sh_mb": 0.0}
{"tgid": 8612, "comm": "runc:[2:INIT]", "shmget": 0, "shmat": 0, "shmdt": 0, "rmid": 0, "get_mb": 0.0, "shmopen": 0, "unlink": 0, "mmap_sh": 0, "munmap": 4, "mmap_sh_mb": 0.0}
{"tgid": 8587, "comm": "modprobe", "shmget": 0, "shmat": 0, "shmdt": 0, "rmid": 0, "get_mb": 0.0, "shmopen": 0, "unlink": 0, "mmap_sh": 0, "munmap": 6, "mmap_sh_mb": 0.0}
{"tgid": 8610, "comm": "6", "shmget": 0, "shmat": 0, "shmdt": 0, "rmid": 0, "get_mb": 0.0, "shmopen": 0, "unlink": 0, "mmap_sh": 0, "munmap": 1, "mmap_sh_mb": 0.0}

--- Shared Memory Stats Summary at 22:53:51 ---
{"tgid": 8585, "comm": "lmp_gpu", "shmget": 1, "shmat": 1, "shmdt": 1, "rmid": 1, "get_mb": 0.00390625, "shmopen": 0, "unlink": 0, "mmap_sh": 37, "munmap": 65, "mmap_sh_mb": 87.23046875}
{"tgid": 8600, "comm": "runc", "shmget": 0, "shmat": 0, "shmdt": 0, "rmid": 0, "get_mb": 0.0, "shmopen": 0, "unlink": 0, "mmap_sh": 0, "munmap": 9, "mmap_sh_mb": 0.0}
{"tgid": 8612, "comm": "runc:[2:INIT]", "shmget": 0, "shmat": 0, "shmdt": 0, "rmid": 0, "get_mb": 0.0, "shmopen": 0, "unlink": 0, "mmap_sh": 0, "munmap": 4, "mmap_sh_mb": 0.0}
{"tgid": 8587, "comm": "modprobe", "shmget": 0, "shmat": 0, "shmdt": 0, "rmid": 0, "get_mb": 0.0, "shmopen": 0, "unlink": 0, "mmap_sh": 0, "munmap": 6, "mmap_sh_mb": 0.0}
{"tgid": 8610, "comm": "6", "shmget": 0, "shmat": 0, "shmdt": 0, "rmid": 0, "get_mb": 0.0, "shmopen": 0, "unlink": 0, "mmap_sh": 0, "munmap": 1, "mmap_sh_mb": 0.0}

--- Shared Memory Stats Summary at 22:53:56 ---
{"tgid": 8585, "comm": "lmp_gpu", "shmget": 1, "shmat": 1, "shmdt": 1, "rmid": 1, "get_mb": 0.00390625, "shmopen": 0, "unlink": 0, "mmap_sh": 37, "munmap": 135, "mmap_sh_mb": 87.23046875}
{"tgid": 8642, "comm": "flux-shell", "shmget": 0, "shmat": 0, "shmdt": 0, "rmid": 0, "get_mb": 0.0, "shmopen": 0, "unlink": 0, "mmap_sh": 1, "munmap": 1, "mmap_sh_mb": 0.025751113891601562}
{"tgid": 8643, "comm": "lmp_gpu", "shmget": 1, "shmat": 1, "shmdt": 1, "rmid": 1, "get_mb": 0.00390625, "shmopen": 0, "unlink": 0, "mmap_sh": 0, "munmap": 16, "mmap_sh_mb": 0.0}
{"tgid": 8378, "comm": "flux-broker-102", "shmget": 0, "shmat": 0, "shmdt": 0, "rmid": 0, "get_mb": 0.0, "shmopen": 0, "unlink": 0, "mmap_sh": 0, "munmap": 1, "mmap_sh_mb": 0.0}
{"tgid": 8600, "comm": "runc", "shmget": 0, "shmat": 0, "shmdt": 0, "rmid": 0, "get_mb": 0.0, "shmopen": 0, "unlink": 0, "mmap_sh": 0, "munmap": 9, "mmap_sh_mb": 0.0}
{"tgid": 8612, "comm": "runc:[2:INIT]", "shmget": 0, "shmat": 0, "shmdt": 0, "rmid": 0, "get_mb": 0.0, "shmopen": 0, "unlink": 0, "mmap_sh": 0, "munmap": 4, "mmap_sh_mb": 0.0}
{"tgid": 8621, "comm": "runc", "shmget": 0, "shmat": 0, "shmdt": 0, "rmid": 0, "get_mb": 0.0, "shmopen": 0, "unlink": 0, "mmap_sh": 0, "munmap": 9, "mmap_sh_mb": 0.0}
{"tgid": 8584, "comm": "flux-shell", "shmget": 0, "shmat": 0, "shmdt": 0, "rmid": 0, "get_mb": 0.0, "shmopen": 0, "unlink": 0, "mmap_sh": 0, "munmap": 3, "mmap_sh_mb": 0.0}
{"tgid": 8633, "comm": "runc:[2:INIT]", "shmget": 0, "shmat": 0, "shmdt": 0, "rmid": 0, "get_mb": 0.0, "shmopen": 0, "unlink": 0, "mmap_sh": 0, "munmap": 6, "mmap_sh_mb": 0.0}
{"tgid": 8631, "comm": "6", "shmget": 0, "shmat": 0, "shmdt": 0, "rmid": 0, "get_mb": 0.0, "shmopen": 0, "unlink": 0, "mmap_sh": 0, "munmap": 1, "mmap_sh_mb": 0.0}
{"tgid": 8587, "comm": "modprobe", "shmget": 0, "shmat": 0, "shmdt": 0, "rmid": 0, "get_mb": 0.0, "shmopen": 0, "unlink": 0, "mmap_sh": 0, "munmap": 6, "mmap_sh_mb": 0.0}
{"tgid": 8610, "comm": "6", "shmget": 0, "shmat": 0, "shmdt": 0, "rmid": 0, "get_mb": 0.0, "shmopen": 0, "unlink": 0, "mmap_sh": 0, "munmap": 1, "mmap_sh_mb": 0.0}

--- Shared Memory Stats Summary at 22:54:01 ---
{"tgid": 8585, "comm": "lmp_gpu", "shmget": 1, "shmat": 1, "shmdt": 1, "rmid": 1, "get_mb": 0.00390625, "shmopen": 0, "unlink": 0, "mmap_sh": 37, "munmap": 135, "mmap_sh_mb": 87.23046875}
{"tgid": 8643, "comm": "lmp_gpu", "shmget": 1, "shmat": 1, "shmdt": 1, "rmid": 1, "get_mb": 0.00390625, "shmopen": 0, "unlink": 0, "mmap_sh": 37, "munmap": 61, "mmap_sh_mb": 87.23046875}
{"tgid": 8642, "comm": "flux-shell", "shmget": 0, "shmat": 0, "shmdt": 0, "rmid": 0, "get_mb": 0.0, "shmopen": 0, "unlink": 0, "mmap_sh": 1, "munmap": 1, "mmap_sh_mb": 0.025751113891601562}
{"tgid": 8378, "comm": "flux-broker-102", "shmget": 0, "shmat": 0, "shmdt": 0, "rmid": 0, "get_mb": 0.0, "shmopen": 0, "unlink": 0, "mmap_sh": 0, "munmap": 1, "mmap_sh_mb": 0.0}
{"tgid": 8600, "comm": "runc", "shmget": 0, "shmat": 0, "shmdt": 0, "rmid": 0, "get_mb": 0.0, "shmopen": 0, "unlink": 0, "mmap_sh": 0, "munmap": 9, "mmap_sh_mb": 0.0}
{"tgid": 8612, "comm": "runc:[2:INIT]", "shmget": 0, "shmat": 0, "shmdt": 0, "rmid": 0, "get_mb": 0.0, "shmopen": 0, "unlink": 0, "mmap_sh": 0, "munmap": 4, "mmap_sh_mb": 0.0}
{"tgid": 8621, "comm": "runc", "shmget": 0, "shmat": 0, "shmdt": 0, "rmid": 0, "get_mb": 0.0, "shmopen": 0, "unlink": 0, "mmap_sh": 0, "munmap": 9, "mmap_sh_mb": 0.0}
{"tgid": 8584, "comm": "flux-shell", "shmget": 0, "shmat": 0, "shmdt": 0, "rmid": 0, "get_mb": 0.0, "shmopen": 0, "unlink": 0, "mmap_sh": 0, "munmap": 3, "mmap_sh_mb": 0.0}
{"tgid": 8633, "comm": "runc:[2:INIT]", "shmget": 0, "shmat": 0, "shmdt": 0, "rmid": 0, "get_mb": 0.0, "shmopen": 0, "unlink": 0, "mmap_sh": 0, "munmap": 6, "mmap_sh_mb": 0.0}
{"tgid": 8631, "comm": "6", "shmget": 0, "shmat": 0, "shmdt": 0, "rmid": 0, "get_mb": 0.0, "shmopen": 0, "unlink": 0, "mmap_sh": 0, "munmap": 1, "mmap_sh_mb": 0.0}
{"tgid": 8587, "comm": "modprobe", "shmget": 0, "shmat": 0, "shmdt": 0, "rmid": 0, "get_mb": 0.0, "shmopen": 0, "unlink": 0, "mmap_sh": 0, "munmap": 6, "mmap_sh_mb": 0.0}
{"tgid": 8610, "comm": "6", "shmget": 0, "shmat": 0, "shmdt": 0, "rmid": 0, "get_mb": 0.0, "shmopen": 0, "unlink": 0, "mmap_sh": 0, "munmap": 1, "mmap_sh_mb": 0.0}

--- Shared Memory Stats Summary at 22:54:06 ---
{"tgid": 8585, "comm": "lmp_gpu", "shmget": 1, "shmat": 1, "shmdt": 1, "rmid": 1, "get_mb": 0.00390625, "shmopen": 0, "unlink": 0, "mmap_sh": 37, "munmap": 135, "mmap_sh_mb": 87.23046875}
{"tgid": 8643, "comm": "lmp_gpu", "shmget": 1, "shmat": 1, "shmdt": 1, "rmid": 1, "get_mb": 0.00390625, "shmopen": 0, "unlink": 0, "mmap_sh": 37, "munmap": 67, "mmap_sh_mb": 87.23046875}
{"tgid": 8642, "comm": "flux-shell", "shmget": 0, "shmat": 0, "shmdt": 0, "rmid": 0, "get_mb": 0.0, "shmopen": 0, "unlink": 0, "mmap_sh": 1, "munmap": 1, "mmap_sh_mb": 0.025751113891601562}
{"tgid": 8659, "comm": "6", "shmget": 0, "shmat": 0, "shmdt": 0, "rmid": 0, "get_mb": 0.0, "shmopen": 0, "unlink": 0, "mmap_sh": 0, "munmap": 1, "mmap_sh_mb": 0.0}
{"tgid": 8378, "comm": "flux-broker-102", "shmget": 0, "shmat": 0, "shmdt": 0, "rmid": 0, "get_mb": 0.0, "shmopen": 0, "unlink": 0, "mmap_sh": 0, "munmap": 1, "mmap_sh_mb": 0.0}
{"tgid": 8650, "comm": "runc", "shmget": 0, "shmat": 0, "shmdt": 0, "rmid": 0, "get_mb": 0.0, "shmopen": 0, "unlink": 0, "mmap_sh": 0, "munmap": 7, "mmap_sh_mb": 0.0}
{"tgid": 8600, "comm": "runc", "shmget": 0, "shmat": 0, "shmdt": 0, "rmid": 0, "get_mb": 0.0, "shmopen": 0, "unlink": 0, "mmap_sh": 0, "munmap": 9, "mmap_sh_mb": 0.0}
{"tgid": 8612, "comm": "runc:[2:INIT]", "shmget": 0, "shmat": 0, "shmdt": 0, "rmid": 0, "get_mb": 0.0, "shmopen": 0, "unlink": 0, "mmap_sh": 0, "munmap": 4, "mmap_sh_mb": 0.0}
{"tgid": 8661, "comm": "runc:[2:INIT]", "shmget": 0, "shmat": 0, "shmdt": 0, "rmid": 0, "get_mb": 0.0, "shmopen": 0, "unlink": 0, "mmap_sh": 0, "munmap": 4, "mmap_sh_mb": 0.0}
{"tgid": 8621, "comm": "runc", "shmget": 0, "shmat": 0, "shmdt": 0, "rmid": 0, "get_mb": 0.0, "shmopen": 0, "unlink": 0, "mmap_sh": 0, "munmap": 9, "mmap_sh_mb": 0.0}
{"tgid": 8584, "comm": "flux-shell", "shmget": 0, "shmat": 0, "shmdt": 0, "rmid": 0, "get_mb": 0.0, "shmopen": 0, "unlink": 0, "mmap_sh": 0, "munmap": 3, "mmap_sh_mb": 0.0}
{"tgid": 8633, "comm": "runc:[2:INIT]", "shmget": 0, "shmat": 0, "shmdt": 0, "rmid": 0, "get_mb": 0.0, "shmopen": 0, "unlink": 0, "mmap_sh": 0, "munmap": 6, "mmap_sh_mb": 0.0}
{"tgid": 8631, "comm": "6", "shmget": 0, "shmat": 0, "shmdt": 0, "rmid": 0, "get_mb": 0.0, "shmopen": 0, "unlink": 0, "mmap_sh": 0, "munmap": 1, "mmap_sh_mb": 0.0}
{"tgid": 8587, "comm": "modprobe", "shmget": 0, "shmat": 0, "shmdt": 0, "rmid": 0, "get_mb": 0.0, "shmopen": 0, "unlink": 0, "mmap_sh": 0, "munmap": 6, "mmap_sh_mb": 0.0}
{"tgid": 8610, "comm": "6", "shmget": 0, "shmat": 0, "shmdt": 0, "rmid": 0, "get_mb": 0.0, "shmopen": 0, "unlink": 0, "mmap_sh": 0, "munmap": 1, "mmap_sh_mb": 0.0}

--- Shared Memory Stats Summary at 22:54:11 ---
{"tgid": 8671, "comm": "lmp_gpu", "shmget": 1, "shmat": 1, "shmdt": 1, "rmid": 1, "get_mb": 0.00390625, "shmopen": 0, "unlink": 0, "mmap_sh": 37, "munmap": 58, "mmap_sh_mb": 87.23046875}
{"tgid": 8585, "comm": "lmp_gpu", "shmget": 1, "shmat": 1, "shmdt": 1, "rmid": 1, "get_mb": 0.00390625, "shmopen": 0, "unlink": 0, "mmap_sh": 37, "munmap": 135, "mmap_sh_mb": 87.23046875}
{"tgid": 8643, "comm": "lmp_gpu", "shmget": 1, "shmat": 1, "shmdt": 1, "rmid": 1, "get_mb": 0.00390625, "shmopen": 0, "unlink": 0, "mmap_sh": 37, "munmap": 135, "mmap_sh_mb": 87.23046875}
{"tgid": 8670, "comm": "flux-shell", "shmget": 0, "shmat": 0, "shmdt": 0, "rmid": 0, "get_mb": 0.0, "shmopen": 0, "unlink": 0, "mmap_sh": 1, "munmap": 1, "mmap_sh_mb": 0.025751113891601562}
{"tgid": 8642, "comm": "flux-shell", "shmget": 0, "shmat": 0, "shmdt": 0, "rmid": 0, "get_mb": 0.0, "shmopen": 0, "unlink": 0, "mmap_sh": 1, "munmap": 4, "mmap_sh_mb": 0.025751113891601562}
{"tgid": 8659, "comm": "6", "shmget": 0, "shmat": 0, "shmdt": 0, "rmid": 0, "get_mb": 0.0, "shmopen": 0, "unlink": 0, "mmap_sh": 0, "munmap": 1, "mmap_sh_mb": 0.0}
{"tgid": 8378, "comm": "flux-broker-102", "shmget": 0, "shmat": 0, "shmdt": 0, "rmid": 0, "get_mb": 0.0, "shmopen": 0, "unlink": 0, "mmap_sh": 0, "munmap": 2, "mmap_sh_mb": 0.0}
{"tgid": 8650, "comm": "runc", "shmget": 0, "shmat": 0, "shmdt": 0, "rmid": 0, "get_mb": 0.0, "shmopen": 0, "unlink": 0, "mmap_sh": 0, "munmap": 7, "mmap_sh_mb": 0.0}
{"tgid": 8600, "comm": "runc", "shmget": 0, "shmat": 0, "shmdt": 0, "rmid": 0, "get_mb": 0.0, "shmopen": 0, "unlink": 0, "mmap_sh": 0, "munmap": 9, "mmap_sh_mb": 0.0}
{"tgid": 8612, "comm": "runc:[2:INIT]", "shmget": 0, "shmat": 0, "shmdt": 0, "rmid": 0, "get_mb": 0.0, "shmopen": 0, "unlink": 0, "mmap_sh": 0, "munmap": 4, "mmap_sh_mb": 0.0}
{"tgid": 8661, "comm": "runc:[2:INIT]", "shmget": 0, "shmat": 0, "shmdt": 0, "rmid": 0, "get_mb": 0.0, "shmopen": 0, "unlink": 0, "mmap_sh": 0, "munmap": 4, "mmap_sh_mb": 0.0}
{"tgid": 8621, "comm": "runc", "shmget": 0, "shmat": 0, "shmdt": 0, "rmid": 0, "get_mb": 0.0, "shmopen": 0, "unlink": 0, "mmap_sh": 0, "munmap": 9, "mmap_sh_mb": 0.0}
{"tgid": 8584, "comm": "flux-shell", "shmget": 0, "shmat": 0, "shmdt": 0, "rmid": 0, "get_mb": 0.0, "shmopen": 0, "unlink": 0, "mmap_sh": 0, "munmap": 3, "mmap_sh_mb": 0.0}
{"tgid": 8633, "comm": "runc:[2:INIT]", "shmget": 0, "shmat": 0, "shmdt": 0, "rmid": 0, "get_mb": 0.0, "shmopen": 0, "unlink": 0, "mmap_sh": 0, "munmap": 6, "mmap_sh_mb": 0.0}
{"tgid": 8631, "comm": "6", "shmget": 0, "shmat": 0, "shmdt": 0, "rmid": 0, "get_mb": 0.0, "shmopen": 0, "unlink": 0, "mmap_sh": 0, "munmap": 1, "mmap_sh_mb": 0.0}
{"tgid": 8587, "comm": "modprobe", "shmget": 0, "shmat": 0, "shmdt": 0, "rmid": 0, "get_mb": 0.0, "shmopen": 0, "unlink": 0, "mmap_sh": 0, "munmap": 6, "mmap_sh_mb": 0.0}
{"tgid": 8610, "comm": "6", "shmget": 0, "shmat": 0, "shmdt": 0, "rmid": 0, "get_mb": 0.0, "shmopen": 0, "unlink": 0, "mmap_sh": 0, "munmap": 1, "mmap_sh_mb": 0.0}

--- Shared Memory Stats Summary at 22:54:16 ---
{"tgid": 8671, "comm": "lmp_gpu", "shmget": 1, "shmat": 1, "shmdt": 1, "rmid": 1, "get_mb": 0.00390625, "shmopen": 0, "unlink": 0, "mmap_sh": 37, "munmap": 61, "mmap_sh_mb": 87.23046875}
{"tgid": 8585, "comm": "lmp_gpu", "shmget": 1, "shmat": 1, "shmdt": 1, "rmid": 1, "get_mb": 0.00390625, "shmopen": 0, "unlink": 0, "mmap_sh": 37, "munmap": 135, "mmap_sh_mb": 87.23046875}
{"tgid": 8643, "comm": "lmp_gpu", "shmget": 1, "shmat": 1, "shmdt": 1, "rmid": 1, "get_mb": 0.00390625, "shmopen": 0, "unlink": 0, "mmap_sh": 37, "munmap": 135, "mmap_sh_mb": 87.23046875}
{"tgid": 8670, "comm": "flux-shell", "shmget": 0, "shmat": 0, "shmdt": 0, "rmid": 0, "get_mb": 0.0, "shmopen": 0, "unlink": 0, "mmap_sh": 1, "munmap": 1, "mmap_sh_mb": 0.025751113891601562}
{"tgid": 8642, "comm": "flux-shell", "shmget": 0, "shmat": 0, "shmdt": 0, "rmid": 0, "get_mb": 0.0, "shmopen": 0, "unlink": 0, "mmap_sh": 1, "munmap": 4, "mmap_sh_mb": 0.025751113891601562}
{"tgid": 8690, "comm": "runc:[2:INIT]", "shmget": 0, "shmat": 0, "shmdt": 0, "rmid": 0, "get_mb": 0.0, "shmopen": 0, "unlink": 0, "mmap_sh": 0, "munmap": 6, "mmap_sh_mb": 0.0}
{"tgid": 8659, "comm": "6", "shmget": 0, "shmat": 0, "shmdt": 0, "rmid": 0, "get_mb": 0.0, "shmopen": 0, "unlink": 0, "mmap_sh": 0, "munmap": 1, "mmap_sh_mb": 0.0}
{"tgid": 8378, "comm": "flux-broker-102", "shmget": 0, "shmat": 0, "shmdt": 0, "rmid": 0, "get_mb": 0.0, "shmopen": 0, "unlink": 0, "mmap_sh": 0, "munmap": 2, "mmap_sh_mb": 0.0}
{"tgid": 8650, "comm": "runc", "shmget": 0, "shmat": 0, "shmdt": 0, "rmid": 0, "get_mb": 0.0, "shmopen": 0, "unlink": 0, "mmap_sh": 0, "munmap": 7, "mmap_sh_mb": 0.0}
{"tgid": 8600, "comm": "runc", "shmget": 0, "shmat": 0, "shmdt": 0, "rmid": 0, "get_mb": 0.0, "shmopen": 0, "unlink": 0, "mmap_sh": 0, "munmap": 9, "mmap_sh_mb": 0.0}
{"tgid": 8612, "comm": "runc:[2:INIT]", "shmget": 0, "shmat": 0, "shmdt": 0, "rmid": 0, "get_mb": 0.0, "shmopen": 0, "unlink": 0, "mmap_sh": 0, "munmap": 4, "mmap_sh_mb": 0.0}
{"tgid": 8678, "comm": "runc", "shmget": 0, "shmat": 0, "shmdt": 0, "rmid": 0, "get_mb": 0.0, "shmopen": 0, "unlink": 0, "mmap_sh": 0, "munmap": 9, "mmap_sh_mb": 0.0}
{"tgid": 8661, "comm": "runc:[2:INIT]", "shmget": 0, "shmat": 0, "shmdt": 0, "rmid": 0, "get_mb": 0.0, "shmopen": 0, "unlink": 0, "mmap_sh": 0, "munmap": 4, "mmap_sh_mb": 0.0}
{"tgid": 8621, "comm": "runc", "shmget": 0, "shmat": 0, "shmdt": 0, "rmid": 0, "get_mb": 0.0, "shmopen": 0, "unlink": 0, "mmap_sh": 0, "munmap": 9, "mmap_sh_mb": 0.0}
{"tgid": 8584, "comm": "flux-shell", "shmget": 0, "shmat": 0, "shmdt": 0, "rmid": 0, "get_mb": 0.0, "shmopen": 0, "unlink": 0, "mmap_sh": 0, "munmap": 3, "mmap_sh_mb": 0.0}
{"tgid": 8633, "comm": "runc:[2:INIT]", "shmget": 0, "shmat": 0, "shmdt": 0, "rmid": 0, "get_mb": 0.0, "shmopen": 0, "unlink": 0, "mmap_sh": 0, "munmap": 6, "mmap_sh_mb": 0.0}
{"tgid": 8631, "comm": "6", "shmget": 0, "shmat": 0, "shmdt": 0, "rmid": 0, "get_mb": 0.0, "shmopen": 0, "unlink": 0, "mmap_sh": 0, "munmap": 1, "mmap_sh_mb": 0.0}
{"tgid": 8587, "comm": "modprobe", "shmget": 0, "shmat": 0, "shmdt": 0, "rmid": 0, "get_mb": 0.0, "shmopen": 0, "unlink": 0, "mmap_sh": 0, "munmap": 6, "mmap_sh_mb": 0.0}
{"tgid": 8688, "comm": "6", "shmget": 0, "shmat": 0, "shmdt": 0, "rmid": 0, "get_mb": 0.0, "shmopen": 0, "unlink": 0, "mmap_sh": 0, "munmap": 1, "mmap_sh_mb": 0.0}
{"tgid": 8610, "comm": "6", "shmget": 0, "shmat": 0, "shmdt": 0, "rmid": 0, "get_mb": 0.0, "shmopen": 0, "unlink": 0, "mmap_sh": 0, "munmap": 1, "mmap_sh_mb": 0.0}

--- Shared Memory Stats Summary at 22:54:21 ---
{"tgid": 8671, "comm": "lmp_gpu", "shmget": 1, "shmat": 1, "shmdt": 1, "rmid": 1, "get_mb": 0.00390625, "shmopen": 0, "unlink": 0, "mmap_sh": 37, "munmap": 133, "mmap_sh_mb": 87.23046875}
{"tgid": 8585, "comm": "lmp_gpu", "shmget": 1, "shmat": 1, "shmdt": 1, "rmid": 1, "get_mb": 0.00390625, "shmopen": 0, "unlink": 0, "mmap_sh": 37, "munmap": 135, "mmap_sh_mb": 87.23046875}
{"tgid": 8643, "comm": "lmp_gpu", "shmget": 1, "shmat": 1, "shmdt": 1, "rmid": 1, "get_mb": 0.00390625, "shmopen": 0, "unlink": 0, "mmap_sh": 37, "munmap": 135, "mmap_sh_mb": 87.23046875}
{"tgid": 8670, "comm": "flux-shell", "shmget": 0, "shmat": 0, "shmdt": 0, "rmid": 0, "get_mb": 0.0, "shmopen": 0, "unlink": 0, "mmap_sh": 1, "munmap": 4, "mmap_sh_mb": 0.025751113891601562}
{"tgid": 8701, "comm": "lsblk", "shmget": 0, "shmat": 0, "shmdt": 0, "rmid": 0, "get_mb": 0.0, "shmopen": 0, "unlink": 0, "mmap_sh": 1, "munmap": 1, "mmap_sh_mb": 0.025775909423828125}
{"tgid": 8642, "comm": "flux-shell", "shmget": 0, "shmat": 0, "shmdt": 0, "rmid": 0, "get_mb": 0.0, "shmopen": 0, "unlink": 0, "mmap_sh": 1, "munmap": 4, "mmap_sh_mb": 0.025751113891601562}
{"tgid": 8690, "comm": "runc:[2:INIT]", "shmget": 0, "shmat": 0, "shmdt": 0, "rmid": 0, "get_mb": 0.0, "shmopen": 0, "unlink": 0, "mmap_sh": 0, "munmap": 6, "mmap_sh_mb": 0.0}
{"tgid": 8659, "comm": "6", "shmget": 0, "shmat": 0, "shmdt": 0, "rmid": 0, "get_mb": 0.0, "shmopen": 0, "unlink": 0, "mmap_sh": 0, "munmap": 1, "mmap_sh_mb": 0.0}
{"tgid": 8700, "comm": "ip6tables", "shmget": 0, "shmat": 0, "shmdt": 0, "rmid": 0, "get_mb": 0.0, "shmopen": 0, "unlink": 0, "mmap_sh": 0, "munmap": 2, "mmap_sh_mb": 0.0}
{"tgid": 8378, "comm": "flux-broker-102", "shmget": 0, "shmat": 0, "shmdt": 0, "rmid": 0, "get_mb": 0.0, "shmopen": 0, "unlink": 0, "mmap_sh": 0, "munmap": 2, "mmap_sh_mb": 0.0}
{"tgid": 8650, "comm": "runc", "shmget": 0, "shmat": 0, "shmdt": 0, "rmid": 0, "get_mb": 0.0, "shmopen": 0, "unlink": 0, "mmap_sh": 0, "munmap": 7, "mmap_sh_mb": 0.0}
{"tgid": 8600, "comm": "runc", "shmget": 0, "shmat": 0, "shmdt": 0, "rmid": 0, "get_mb": 0.0, "shmopen": 0, "unlink": 0, "mmap_sh": 0, "munmap": 9, "mmap_sh_mb": 0.0}
{"tgid": 8612, "comm": "runc:[2:INIT]", "shmget": 0, "shmat": 0, "shmdt": 0, "rmid": 0, "get_mb": 0.0, "shmopen": 0, "unlink": 0, "mmap_sh": 0, "munmap": 4, "mmap_sh_mb": 0.0}
{"tgid": 8678, "comm": "runc", "shmget": 0, "shmat": 0, "shmdt": 0, "rmid": 0, "get_mb": 0.0, "shmopen": 0, "unlink": 0, "mmap_sh": 0, "munmap": 9, "mmap_sh_mb": 0.0}
{"tgid": 8661, "comm": "runc:[2:INIT]", "shmget": 0, "shmat": 0, "shmdt": 0, "rmid": 0, "get_mb": 0.0, "shmopen": 0, "unlink": 0, "mmap_sh": 0, "munmap": 4, "mmap_sh_mb": 0.0}
{"tgid": 8621, "comm": "runc", "shmget": 0, "shmat": 0, "shmdt": 0, "rmid": 0, "get_mb": 0.0, "shmopen": 0, "unlink": 0, "mmap_sh": 0, "munmap": 9, "mmap_sh_mb": 0.0}
{"tgid": 8584, "comm": "flux-shell", "shmget": 0, "shmat": 0, "shmdt": 0, "rmid": 0, "get_mb": 0.0, "shmopen": 0, "unlink": 0, "mmap_sh": 0, "munmap": 3, "mmap_sh_mb": 0.0}
{"tgid": 8633, "comm": "runc:[2:INIT]", "shmget": 0, "shmat": 0, "shmdt": 0, "rmid": 0, "get_mb": 0.0, "shmopen": 0, "unlink": 0, "mmap_sh": 0, "munmap": 6, "mmap_sh_mb": 0.0}
{"tgid": 8631, "comm": "6", "shmget": 0, "shmat": 0, "shmdt": 0, "rmid": 0, "get_mb": 0.0, "shmopen": 0, "unlink": 0, "mmap_sh": 0, "munmap": 1, "mmap_sh_mb": 0.0}
{"tgid": 8587, "comm": "modprobe", "shmget": 0, "shmat": 0, "shmdt": 0, "rmid": 0, "get_mb": 0.0, "shmopen": 0, "unlink": 0, "mmap_sh": 0, "munmap": 6, "mmap_sh_mb": 0.0}

--- Shared Memory Stats Summary at 22:54:26 ---
{"tgid": 8671, "comm": "lmp_gpu", "shmget": 1, "shmat": 1, "shmdt": 1, "rmid": 1, "get_mb": 0.00390625, "shmopen": 0, "unlink": 0, "mmap_sh": 37, "munmap": 133, "mmap_sh_mb": 87.23046875}
{"tgid": 8585, "comm": "lmp_gpu", "shmget": 1, "shmat": 1, "shmdt": 1, "rmid": 1, "get_mb": 0.00390625, "shmopen": 0, "unlink": 0, "mmap_sh": 37, "munmap": 135, "mmap_sh_mb": 87.23046875}
{"tgid": 8643, "comm": "lmp_gpu", "shmget": 1, "shmat": 1, "shmdt": 1, "rmid": 1, "get_mb": 0.00390625, "shmopen": 0, "unlink": 0, "mmap_sh": 37, "munmap": 135, "mmap_sh_mb": 87.23046875}
{"tgid": 8670, "comm": "flux-shell", "shmget": 0, "shmat": 0, "shmdt": 0, "rmid": 0, "get_mb": 0.0, "shmopen": 0, "unlink": 0, "mmap_sh": 1, "munmap": 4, "mmap_sh_mb": 0.025751113891601562}
{"tgid": 8701, "comm": "lsblk", "shmget": 0, "shmat": 0, "shmdt": 0, "rmid": 0, "get_mb": 0.0, "shmopen": 0, "unlink": 0, "mmap_sh": 1, "munmap": 1, "mmap_sh_mb": 0.025775909423828125}
{"tgid": 8642, "comm": "flux-shell", "shmget": 0, "shmat": 0, "shmdt": 0, "rmid": 0, "get_mb": 0.0, "shmopen": 0, "unlink": 0, "mmap_sh": 1, "munmap": 4, "mmap_sh_mb": 0.025751113891601562}
{"tgid": 8690, "comm": "runc:[2:INIT]", "shmget": 0, "shmat": 0, "shmdt": 0, "rmid": 0, "get_mb": 0.0, "shmopen": 0, "unlink": 0, "mmap_sh": 0, "munmap": 6, "mmap_sh_mb": 0.0}
{"tgid": 8659, "comm": "6", "shmget": 0, "shmat": 0, "shmdt": 0, "rmid": 0, "get_mb": 0.0, "shmopen": 0, "unlink": 0, "mmap_sh": 0, "munmap": 1, "mmap_sh_mb": 0.0}
{"tgid": 8700, "comm": "ip6tables", "shmget": 0, "shmat": 0, "shmdt": 0, "rmid": 0, "get_mb": 0.0, "shmopen": 0, "unlink": 0, "mmap_sh": 0, "munmap": 2, "mmap_sh_mb": 0.0}
{"tgid": 8702, "comm": "runc", "shmget": 0, "shmat": 0, "shmdt": 0, "rmid": 0, "get_mb": 0.0, "shmopen": 0, "unlink": 0, "mmap_sh": 0, "munmap": 8, "mmap_sh_mb": 0.0}
{"tgid": 8711, "comm": "6", "shmget": 0, "shmat": 0, "shmdt": 0, "rmid": 0, "get_mb": 0.0, "shmopen": 0, "unlink": 0, "mmap_sh": 0, "munmap": 1, "mmap_sh_mb": 0.0}
{"tgid": 8378, "comm": "flux-broker-102", "shmget": 0, "shmat": 0, "shmdt": 0, "rmid": 0, "get_mb": 0.0, "shmopen": 0, "unlink": 0, "mmap_sh": 0, "munmap": 2, "mmap_sh_mb": 0.0}
{"tgid": 8650, "comm": "runc", "shmget": 0, "shmat": 0, "shmdt": 0, "rmid": 0, "get_mb": 0.0, "shmopen": 0, "unlink": 0, "mmap_sh": 0, "munmap": 7, "mmap_sh_mb": 0.0}
{"tgid": 8600, "comm": "runc", "shmget": 0, "shmat": 0, "shmdt": 0, "rmid": 0, "get_mb": 0.0, "shmopen": 0, "unlink": 0, "mmap_sh": 0, "munmap": 9, "mmap_sh_mb": 0.0}
{"tgid": 8612, "comm": "runc:[2:INIT]", "shmget": 0, "shmat": 0, "shmdt": 0, "rmid": 0, "get_mb": 0.0, "shmopen": 0, "unlink": 0, "mmap_sh": 0, "munmap": 4, "mmap_sh_mb": 0.0}
{"tgid": 8713, "comm": "runc:[2:INIT]", "shmget": 0, "shmat": 0, "shmdt": 0, "rmid": 0, "get_mb": 0.0, "shmopen": 0, "unlink": 0, "mmap_sh": 0, "munmap": 4, "mmap_sh_mb": 0.0}
{"tgid": 8678, "comm": "runc", "shmget": 0, "shmat": 0, "shmdt": 0, "rmid": 0, "get_mb": 0.0, "shmopen": 0, "unlink": 0, "mmap_sh": 0, "munmap": 9, "mmap_sh_mb": 0.0}
{"tgid": 8661, "comm": "runc:[2:INIT]", "shmget": 0, "shmat": 0, "shmdt": 0, "rmid": 0, "get_mb": 0.0, "shmopen": 0, "unlink": 0, "mmap_sh": 0, "munmap": 4, "mmap_sh_mb": 0.0}
{"tgid": 8621, "comm": "runc", "shmget": 0, "shmat": 0, "shmdt": 0, "rmid": 0, "get_mb": 0.0, "shmopen": 0, "unlink": 0, "mmap_sh": 0, "munmap": 9, "mmap_sh_mb": 0.0}
{"tgid": 8584, "comm": "flux-shell", "shmget": 0, "shmat": 0, "shmdt": 0, "rmid": 0, "get_mb": 0.0, "shmopen": 0, "unlink": 0, "mmap_sh": 0, "munmap": 3, "mmap_sh_mb": 0.0}

--- Shared Memory Stats Summary at 22:54:31 ---
{"tgid": 8671, "comm": "lmp_gpu", "shmget": 1, "shmat": 1, "shmdt": 1, "rmid": 1, "get_mb": 0.00390625, "shmopen": 0, "unlink": 0, "mmap_sh": 37, "munmap": 133, "mmap_sh_mb": 87.23046875}
{"tgid": 8585, "comm": "lmp_gpu", "shmget": 1, "shmat": 1, "shmdt": 1, "rmid": 1, "get_mb": 0.00390625, "shmopen": 0, "unlink": 0, "mmap_sh": 37, "munmap": 135, "mmap_sh_mb": 87.23046875}
{"tgid": 8643, "comm": "lmp_gpu", "shmget": 1, "shmat": 1, "shmdt": 1, "rmid": 1, "get_mb": 0.00390625, "shmopen": 0, "unlink": 0, "mmap_sh": 37, "munmap": 135, "mmap_sh_mb": 87.23046875}
{"tgid": 8670, "comm": "flux-shell", "shmget": 0, "shmat": 0, "shmdt": 0, "rmid": 0, "get_mb": 0.0, "shmopen": 0, "unlink": 0, "mmap_sh": 1, "munmap": 4, "mmap_sh_mb": 0.025751113891601562}
{"tgid": 8701, "comm": "lsblk", "shmget": 0, "shmat": 0, "shmdt": 0, "rmid": 0, "get_mb": 0.0, "shmopen": 0, "unlink": 0, "mmap_sh": 1, "munmap": 1, "mmap_sh_mb": 0.025775909423828125}
{"tgid": 8642, "comm": "flux-shell", "shmget": 0, "shmat": 0, "shmdt": 0, "rmid": 0, "get_mb": 0.0, "shmopen": 0, "unlink": 0, "mmap_sh": 1, "munmap": 4, "mmap_sh_mb": 0.025751113891601562}
{"tgid": 8690, "comm": "runc:[2:INIT]", "shmget": 0, "shmat": 0, "shmdt": 0, "rmid": 0, "get_mb": 0.0, "shmopen": 0, "unlink": 0, "mmap_sh": 0, "munmap": 6, "mmap_sh_mb": 0.0}
{"tgid": 8659, "comm": "6", "shmget": 0, "shmat": 0, "shmdt": 0, "rmid": 0, "get_mb": 0.0, "shmopen": 0, "unlink": 0, "mmap_sh": 0, "munmap": 1, "mmap_sh_mb": 0.0}
{"tgid": 8700, "comm": "ip6tables", "shmget": 0, "shmat": 0, "shmdt": 0, "rmid": 0, "get_mb": 0.0, "shmopen": 0, "unlink": 0, "mmap_sh": 0, "munmap": 2, "mmap_sh_mb": 0.0}
{"tgid": 8702, "comm": "runc", "shmget": 0, "shmat": 0, "shmdt": 0, "rmid": 0, "get_mb": 0.0, "shmopen": 0, "unlink": 0, "mmap_sh": 0, "munmap": 8, "mmap_sh_mb": 0.0}
{"tgid": 8711, "comm": "6", "shmget": 0, "shmat": 0, "shmdt": 0, "rmid": 0, "get_mb": 0.0, "shmopen": 0, "unlink": 0, "mmap_sh": 0, "munmap": 1, "mmap_sh_mb": 0.0}
{"tgid": 8378, "comm": "flux-broker-102", "shmget": 0, "shmat": 0, "shmdt": 0, "rmid": 0, "get_mb": 0.0, "shmopen": 0, "unlink": 0, "mmap_sh": 0, "munmap": 2, "mmap_sh_mb": 0.0}
{"tgid": 8650, "comm": "runc", "shmget": 0, "shmat": 0, "shmdt": 0, "rmid": 0, "get_mb": 0.0, "shmopen": 0, "unlink": 0, "mmap_sh": 0, "munmap": 7, "mmap_sh_mb": 0.0}
{"tgid": 8600, "comm": "runc", "shmget": 0, "shmat": 0, "shmdt": 0, "rmid": 0, "get_mb": 0.0, "shmopen": 0, "unlink": 0, "mmap_sh": 0, "munmap": 9, "mmap_sh_mb": 0.0}
{"tgid": 8612, "comm": "runc:[2:INIT]", "shmget": 0, "shmat": 0, "shmdt": 0, "rmid": 0, "get_mb": 0.0, "shmopen": 0, "unlink": 0, "mmap_sh": 0, "munmap": 4, "mmap_sh_mb": 0.0}
{"tgid": 8713, "comm": "runc:[2:INIT]", "shmget": 0, "shmat": 0, "shmdt": 0, "rmid": 0, "get_mb": 0.0, "shmopen": 0, "unlink": 0, "mmap_sh": 0, "munmap": 4, "mmap_sh_mb": 0.0}
{"tgid": 8678, "comm": "runc", "shmget": 0, "shmat": 0, "shmdt": 0, "rmid": 0, "get_mb": 0.0, "shmopen": 0, "unlink": 0, "mmap_sh": 0, "munmap": 9, "mmap_sh_mb": 0.0}
{"tgid": 8661, "comm": "runc:[2:INIT]", "shmget": 0, "shmat": 0, "shmdt": 0, "rmid": 0, "get_mb": 0.0, "shmopen": 0, "unlink": 0, "mmap_sh": 0, "munmap": 4, "mmap_sh_mb": 0.0}
{"tgid": 8621, "comm": "runc", "shmget": 0, "shmat": 0, "shmdt": 0, "rmid": 0, "get_mb": 0.0, "shmopen": 0, "unlink": 0, "mmap_sh": 0, "munmap": 9, "mmap_sh_mb": 0.0}
{"tgid": 8584, "comm": "flux-shell", "shmget": 0, "shmat": 0, "shmdt": 0, "rmid": 0, "get_mb": 0.0, "shmopen": 0, "unlink": 0, "mmap_sh": 0, "munmap": 3, "mmap_sh_mb": 0.0}

--- Shared Memory Stats Summary at 22:54:36 ---
{"tgid": 8671, "comm": "lmp_gpu", "shmget": 1, "shmat": 1, "shmdt": 1, "rmid": 1, "get_mb": 0.00390625, "shmopen": 0, "unlink": 0, "mmap_sh": 37, "munmap": 133, "mmap_sh_mb": 87.23046875}
{"tgid": 8585, "comm": "lmp_gpu", "shmget": 1, "shmat": 1, "shmdt": 1, "rmid": 1, "get_mb": 0.00390625, "shmopen": 0, "unlink": 0, "mmap_sh": 37, "munmap": 135, "mmap_sh_mb": 87.23046875}
{"tgid": 8643, "comm": "lmp_gpu", "shmget": 1, "shmat": 1, "shmdt": 1, "rmid": 1, "get_mb": 0.00390625, "shmopen": 0, "unlink": 0, "mmap_sh": 37, "munmap": 135, "mmap_sh_mb": 87.23046875}
{"tgid": 8670, "comm": "flux-shell", "shmget": 0, "shmat": 0, "shmdt": 0, "rmid": 0, "get_mb": 0.0, "shmopen": 0, "unlink": 0, "mmap_sh": 1, "munmap": 4, "mmap_sh_mb": 0.025751113891601562}
{"tgid": 8701, "comm": "lsblk", "shmget": 0, "shmat": 0, "shmdt": 0, "rmid": 0, "get_mb": 0.0, "shmopen": 0, "unlink": 0, "mmap_sh": 1, "munmap": 1, "mmap_sh_mb": 0.025775909423828125}
{"tgid": 8642, "comm": "flux-shell", "shmget": 0, "shmat": 0, "shmdt": 0, "rmid": 0, "get_mb": 0.0, "shmopen": 0, "unlink": 0, "mmap_sh": 1, "munmap": 4, "mmap_sh_mb": 0.025751113891601562}
{"tgid": 8726, "comm": "ip6tables", "shmget": 0, "shmat": 0, "shmdt": 0, "rmid": 0, "get_mb": 0.0, "shmopen": 0, "unlink": 0, "mmap_sh": 0, "munmap": 3, "mmap_sh_mb": 0.0}
{"tgid": 8690, "comm": "runc:[2:INIT]", "shmget": 0, "shmat": 0, "shmdt": 0, "rmid": 0, "get_mb": 0.0, "shmopen": 0, "unlink": 0, "mmap_sh": 0, "munmap": 6, "mmap_sh_mb": 0.0}
{"tgid": 8754, "comm": "modprobe", "shmget": 0, "shmat": 0, "shmdt": 0, "rmid": 0, "get_mb": 0.0, "shmopen": 0, "unlink": 0, "mmap_sh": 0, "munmap": 6, "mmap_sh_mb": 0.0}
{"tgid": 8742, "comm": "ip6tables", "shmget": 0, "shmat": 0, "shmdt": 0, "rmid": 0, "get_mb": 0.0, "shmopen": 0, "unlink": 0, "mmap_sh": 0, "munmap": 2, "mmap_sh_mb": 0.0}
{"tgid": 8659, "comm": "6", "shmget": 0, "shmat": 0, "shmdt": 0, "rmid": 0, "get_mb": 0.0, "shmopen": 0, "unlink": 0, "mmap_sh": 0, "munmap": 1, "mmap_sh_mb": 0.0}
{"tgid": 8700, "comm": "ip6tables", "shmget": 0, "shmat": 0, "shmdt": 0, "rmid": 0, "get_mb": 0.0, "shmopen": 0, "unlink": 0, "mmap_sh": 0, "munmap": 2, "mmap_sh_mb": 0.0}
{"tgid": 8702, "comm": "runc", "shmget": 0, "shmat": 0, "shmdt": 0, "rmid": 0, "get_mb": 0.0, "shmopen": 0, "unlink": 0, "mmap_sh": 0, "munmap": 8, "mmap_sh_mb": 0.0}
{"tgid": 8751, "comm": "ip6tables-save", "shmget": 0, "shmat": 0, "shmdt": 0, "rmid": 0, "get_mb": 0.0, "shmopen": 0, "unlink": 0, "mmap_sh": 0, "munmap": 1, "mmap_sh_mb": 0.0}
{"tgid": 8744, "comm": "ip6tables", "shmget": 0, "shmat": 0, "shmdt": 0, "rmid": 0, "get_mb": 0.0, "shmopen": 0, "unlink": 0, "mmap_sh": 0, "munmap": 2, "mmap_sh_mb": 0.0}
{"tgid": 8711, "comm": "6", "shmget": 0, "shmat": 0, "shmdt": 0, "rmid": 0, "get_mb": 0.0, "shmopen": 0, "unlink": 0, "mmap_sh": 0, "munmap": 1, "mmap_sh_mb": 0.0}
{"tgid": 8736, "comm": "ip6tables", "shmget": 0, "shmat": 0, "shmdt": 0, "rmid": 0, "get_mb": 0.0, "shmopen": 0, "unlink": 0, "mmap_sh": 0, "munmap": 3, "mmap_sh_mb": 0.0}
{"tgid": 8738, "comm": "ip6tables", "shmget": 0, "shmat": 0, "shmdt": 0, "rmid": 0, "get_mb": 0.0, "shmopen": 0, "unlink": 0, "mmap_sh": 0, "munmap": 3, "mmap_sh_mb": 0.0}
{"tgid": 8728, "comm": "ip6tables", "shmget": 0, "shmat": 0, "shmdt": 0, "rmid": 0, "get_mb": 0.0, "shmopen": 0, "unlink": 0, "mmap_sh": 0, "munmap": 3, "mmap_sh_mb": 0.0}
{"tgid": 8378, "comm": "flux-broker-102", "shmget": 0, "shmat": 0, "shmdt": 0, "rmid": 0, "get_mb": 0.0, "shmopen": 0, "unlink": 0, "mmap_sh": 0, "munmap": 2, "mmap_sh_mb": 0.0}

--- Shared Memory Stats Summary at 22:54:41 ---
{"tgid": 8671, "comm": "lmp_gpu", "shmget": 1, "shmat": 1, "shmdt": 1, "rmid": 1, "get_mb": 0.00390625, "shmopen": 0, "unlink": 0, "mmap_sh": 37, "munmap": 133, "mmap_sh_mb": 87.23046875}
{"tgid": 8585, "comm": "lmp_gpu", "shmget": 1, "shmat": 1, "shmdt": 1, "rmid": 1, "get_mb": 0.00390625, "shmopen": 0, "unlink": 0, "mmap_sh": 37, "munmap": 135, "mmap_sh_mb": 87.23046875}
{"tgid": 8643, "comm": "lmp_gpu", "shmget": 1, "shmat": 1, "shmdt": 1, "rmid": 1, "get_mb": 0.00390625, "shmopen": 0, "unlink": 0, "mmap_sh": 37, "munmap": 135, "mmap_sh_mb": 87.23046875}
{"tgid": 8670, "comm": "flux-shell", "shmget": 0, "shmat": 0, "shmdt": 0, "rmid": 0, "get_mb": 0.0, "shmopen": 0, "unlink": 0, "mmap_sh": 1, "munmap": 4, "mmap_sh_mb": 0.025751113891601562}
{"tgid": 8701, "comm": "lsblk", "shmget": 0, "shmat": 0, "shmdt": 0, "rmid": 0, "get_mb": 0.0, "shmopen": 0, "unlink": 0, "mmap_sh": 1, "munmap": 1, "mmap_sh_mb": 0.025775909423828125}
{"tgid": 8642, "comm": "flux-shell", "shmget": 0, "shmat": 0, "shmdt": 0, "rmid": 0, "get_mb": 0.0, "shmopen": 0, "unlink": 0, "mmap_sh": 1, "munmap": 4, "mmap_sh_mb": 0.025751113891601562}
{"tgid": 8726, "comm": "ip6tables", "shmget": 0, "shmat": 0, "shmdt": 0, "rmid": 0, "get_mb": 0.0, "shmopen": 0, "unlink": 0, "mmap_sh": 0, "munmap": 3, "mmap_sh_mb": 0.0}
{"tgid": 8690, "comm": "runc:[2:INIT]", "shmget": 0, "shmat": 0, "shmdt": 0, "rmid": 0, "get_mb": 0.0, "shmopen": 0, "unlink": 0, "mmap_sh": 0, "munmap": 6, "mmap_sh_mb": 0.0}
{"tgid": 8754, "comm": "modprobe", "shmget": 0, "shmat": 0, "shmdt": 0, "rmid": 0, "get_mb": 0.0, "shmopen": 0, "unlink": 0, "mmap_sh": 0, "munmap": 6, "mmap_sh_mb": 0.0}
{"tgid": 8775, "comm": "iptables", "shmget": 0, "shmat": 0, "shmdt": 0, "rmid": 0, "get_mb": 0.0, "shmopen": 0, "unlink": 0, "mmap_sh": 0, "munmap": 1, "mmap_sh_mb": 0.0}
{"tgid": 8742, "comm": "ip6tables", "shmget": 0, "shmat": 0, "shmdt": 0, "rmid": 0, "get_mb": 0.0, "shmopen": 0, "unlink": 0, "mmap_sh": 0, "munmap": 2, "mmap_sh_mb": 0.0}
{"tgid": 8659, "comm": "6", "shmget": 0, "shmat": 0, "shmdt": 0, "rmid": 0, "get_mb": 0.0, "shmopen": 0, "unlink": 0, "mmap_sh": 0, "munmap": 1, "mmap_sh_mb": 0.0}
{"tgid": 8700, "comm": "ip6tables", "shmget": 0, "shmat": 0, "shmdt": 0, "rmid": 0, "get_mb": 0.0, "shmopen": 0, "unlink": 0, "mmap_sh": 0, "munmap": 2, "mmap_sh_mb": 0.0}
{"tgid": 8702, "comm": "runc", "shmget": 0, "shmat": 0, "shmdt": 0, "rmid": 0, "get_mb": 0.0, "shmopen": 0, "unlink": 0, "mmap_sh": 0, "munmap": 8, "mmap_sh_mb": 0.0}
{"tgid": 8751, "comm": "ip6tables-save", "shmget": 0, "shmat": 0, "shmdt": 0, "rmid": 0, "get_mb": 0.0, "shmopen": 0, "unlink": 0, "mmap_sh": 0, "munmap": 1, "mmap_sh_mb": 0.0}
{"tgid": 8744, "comm": "ip6tables", "shmget": 0, "shmat": 0, "shmdt": 0, "rmid": 0, "get_mb": 0.0, "shmopen": 0, "unlink": 0, "mmap_sh": 0, "munmap": 2, "mmap_sh_mb": 0.0}
{"tgid": 8711, "comm": "6", "shmget": 0, "shmat": 0, "shmdt": 0, "rmid": 0, "get_mb": 0.0, "shmopen": 0, "unlink": 0, "mmap_sh": 0, "munmap": 1, "mmap_sh_mb": 0.0}
{"tgid": 8736, "comm": "ip6tables", "shmget": 0, "shmat": 0, "shmdt": 0, "rmid": 0, "get_mb": 0.0, "shmopen": 0, "unlink": 0, "mmap_sh": 0, "munmap": 3, "mmap_sh_mb": 0.0}
{"tgid": 8776, "comm": "ip6tables", "shmget": 0, "shmat": 0, "shmdt": 0, "rmid": 0, "get_mb": 0.0, "shmopen": 0, "unlink": 0, "mmap_sh": 0, "munmap": 1, "mmap_sh_mb": 0.0}
{"tgid": 8738, "comm": "ip6tables", "shmget": 0, "shmat": 0, "shmdt": 0, "rmid": 0, "get_mb": 0.0, "shmopen": 0, "unlink": 0, "mmap_sh": 0, "munmap": 3, "mmap_sh_mb": 0.0}

--- Shared Memory Stats Summary at 22:54:46 ---
{"tgid": 8671, "comm": "lmp_gpu", "shmget": 1, "shmat": 1, "shmdt": 1, "rmid": 1, "get_mb": 0.00390625, "shmopen": 0, "unlink": 0, "mmap_sh": 37, "munmap": 133, "mmap_sh_mb": 87.23046875}
{"tgid": 8585, "comm": "lmp_gpu", "shmget": 1, "shmat": 1, "shmdt": 1, "rmid": 1, "get_mb": 0.00390625, "shmopen": 0, "unlink": 0, "mmap_sh": 37, "munmap": 135, "mmap_sh_mb": 87.23046875}
{"tgid": 8643, "comm": "lmp_gpu", "shmget": 1, "shmat": 1, "shmdt": 1, "rmid": 1, "get_mb": 0.00390625, "shmopen": 0, "unlink": 0, "mmap_sh": 37, "munmap": 135, "mmap_sh_mb": 87.23046875}
{"tgid": 8670, "comm": "flux-shell", "shmget": 0, "shmat": 0, "shmdt": 0, "rmid": 0, "get_mb": 0.0, "shmopen": 0, "unlink": 0, "mmap_sh": 1, "munmap": 4, "mmap_sh_mb": 0.025751113891601562}
{"tgid": 8701, "comm": "lsblk", "shmget": 0, "shmat": 0, "shmdt": 0, "rmid": 0, "get_mb": 0.0, "shmopen": 0, "unlink": 0, "mmap_sh": 1, "munmap": 1, "mmap_sh_mb": 0.025775909423828125}
{"tgid": 8642, "comm": "flux-shell", "shmget": 0, "shmat": 0, "shmdt": 0, "rmid": 0, "get_mb": 0.0, "shmopen": 0, "unlink": 0, "mmap_sh": 1, "munmap": 4, "mmap_sh_mb": 0.025751113891601562}
{"tgid": 8726, "comm": "ip6tables", "shmget": 0, "shmat": 0, "shmdt": 0, "rmid": 0, "get_mb": 0.0, "shmopen": 0, "unlink": 0, "mmap_sh": 0, "munmap": 3, "mmap_sh_mb": 0.0}
{"tgid": 8690, "comm": "runc:[2:INIT]", "shmget": 0, "shmat": 0, "shmdt": 0, "rmid": 0, "get_mb": 0.0, "shmopen": 0, "unlink": 0, "mmap_sh": 0, "munmap": 6, "mmap_sh_mb": 0.0}
{"tgid": 8786, "comm": "6", "shmget": 0, "shmat": 0, "shmdt": 0, "rmid": 0, "get_mb": 0.0, "shmopen": 0, "unlink": 0, "mmap_sh": 0, "munmap": 1, "mmap_sh_mb": 0.0}
{"tgid": 8754, "comm": "modprobe", "shmget": 0, "shmat": 0, "shmdt": 0, "rmid": 0, "get_mb": 0.0, "shmopen": 0, "unlink": 0, "mmap_sh": 0, "munmap": 6, "mmap_sh_mb": 0.0}
{"tgid": 8775, "comm": "iptables", "shmget": 0, "shmat": 0, "shmdt": 0, "rmid": 0, "get_mb": 0.0, "shmopen": 0, "unlink": 0, "mmap_sh": 0, "munmap": 1, "mmap_sh_mb": 0.0}
{"tgid": 8742, "comm": "ip6tables", "shmget": 0, "shmat": 0, "shmdt": 0, "rmid": 0, "get_mb": 0.0, "shmopen": 0, "unlink": 0, "mmap_sh": 0, "munmap": 2, "mmap_sh_mb": 0.0}
{"tgid": 8659, "comm": "6", "shmget": 0, "shmat": 0, "shmdt": 0, "rmid": 0, "get_mb": 0.0, "shmopen": 0, "unlink": 0, "mmap_sh": 0, "munmap": 1, "mmap_sh_mb": 0.0}
{"tgid": 8788, "comm": "runc:[2:INIT]", "shmget": 0, "shmat": 0, "shmdt": 0, "rmid": 0, "get_mb": 0.0, "shmopen": 0, "unlink": 0, "mmap_sh": 0, "munmap": 4, "mmap_sh_mb": 0.0}
{"tgid": 8700, "comm": "ip6tables", "shmget": 0, "shmat": 0, "shmdt": 0, "rmid": 0, "get_mb": 0.0, "shmopen": 0, "unlink": 0, "mmap_sh": 0, "munmap": 2, "mmap_sh_mb": 0.0}
{"tgid": 8702, "comm": "runc", "shmget": 0, "shmat": 0, "shmdt": 0, "rmid": 0, "get_mb": 0.0, "shmopen": 0, "unlink": 0, "mmap_sh": 0, "munmap": 8, "mmap_sh_mb": 0.0}
{"tgid": 8751, "comm": "ip6tables-save", "shmget": 0, "shmat": 0, "shmdt": 0, "rmid": 0, "get_mb": 0.0, "shmopen": 0, "unlink": 0, "mmap_sh": 0, "munmap": 1, "mmap_sh_mb": 0.0}
{"tgid": 8744, "comm": "ip6tables", "shmget": 0, "shmat": 0, "shmdt": 0, "rmid": 0, "get_mb": 0.0, "shmopen": 0, "unlink": 0, "mmap_sh": 0, "munmap": 2, "mmap_sh_mb": 0.0}
{"tgid": 8711, "comm": "6", "shmget": 0, "shmat": 0, "shmdt": 0, "rmid": 0, "get_mb": 0.0, "shmopen": 0, "unlink": 0, "mmap_sh": 0, "munmap": 1, "mmap_sh_mb": 0.0}
{"tgid": 8736, "comm": "ip6tables", "shmget": 0, "shmat": 0, "shmdt": 0, "rmid": 0, "get_mb": 0.0, "shmopen": 0, "unlink": 0, "mmap_sh": 0, "munmap": 3, "mmap_sh_mb": 0.0}

--- Shared Memory Stats Summary at 22:54:51 ---
{"tgid": 8671, "comm": "lmp_gpu", "shmget": 1, "shmat": 1, "shmdt": 1, "rmid": 1, "get_mb": 0.00390625, "shmopen": 0, "unlink": 0, "mmap_sh": 37, "munmap": 133, "mmap_sh_mb": 87.23046875}
{"tgid": 8585, "comm": "lmp_gpu", "shmget": 1, "shmat": 1, "shmdt": 1, "rmid": 1, "get_mb": 0.00390625, "shmopen": 0, "unlink": 0, "mmap_sh": 37, "munmap": 135, "mmap_sh_mb": 87.23046875}
{"tgid": 8643, "comm": "lmp_gpu", "shmget": 1, "shmat": 1, "shmdt": 1, "rmid": 1, "get_mb": 0.00390625, "shmopen": 0, "unlink": 0, "mmap_sh": 37, "munmap": 135, "mmap_sh_mb": 87.23046875}
{"tgid": 8670, "comm": "flux-shell", "shmget": 0, "shmat": 0, "shmdt": 0, "rmid": 0, "get_mb": 0.0, "shmopen": 0, "unlink": 0, "mmap_sh": 1, "munmap": 4, "mmap_sh_mb": 0.025751113891601562}
{"tgid": 8701, "comm": "lsblk", "shmget": 0, "shmat": 0, "shmdt": 0, "rmid": 0, "get_mb": 0.0, "shmopen": 0, "unlink": 0, "mmap_sh": 1, "munmap": 1, "mmap_sh_mb": 0.025775909423828125}
{"tgid": 8642, "comm": "flux-shell", "shmget": 0, "shmat": 0, "shmdt": 0, "rmid": 0, "get_mb": 0.0, "shmopen": 0, "unlink": 0, "mmap_sh": 1, "munmap": 4, "mmap_sh_mb": 0.025751113891601562}
{"tgid": 8726, "comm": "ip6tables", "shmget": 0, "shmat": 0, "shmdt": 0, "rmid": 0, "get_mb": 0.0, "shmopen": 0, "unlink": 0, "mmap_sh": 0, "munmap": 3, "mmap_sh_mb": 0.0}
{"tgid": 8690, "comm": "runc:[2:INIT]", "shmget": 0, "shmat": 0, "shmdt": 0, "rmid": 0, "get_mb": 0.0, "shmopen": 0, "unlink": 0, "mmap_sh": 0, "munmap": 6, "mmap_sh_mb": 0.0}
{"tgid": 8786, "comm": "6", "shmget": 0, "shmat": 0, "shmdt": 0, "rmid": 0, "get_mb": 0.0, "shmopen": 0, "unlink": 0, "mmap_sh": 0, "munmap": 1, "mmap_sh_mb": 0.0}
{"tgid": 8754, "comm": "modprobe", "shmget": 0, "shmat": 0, "shmdt": 0, "rmid": 0, "get_mb": 0.0, "shmopen": 0, "unlink": 0, "mmap_sh": 0, "munmap": 6, "mmap_sh_mb": 0.0}
{"tgid": 8775, "comm": "iptables", "shmget": 0, "shmat": 0, "shmdt": 0, "rmid": 0, "get_mb": 0.0, "shmopen": 0, "unlink": 0, "mmap_sh": 0, "munmap": 1, "mmap_sh_mb": 0.0}
{"tgid": 8742, "comm": "ip6tables", "shmget": 0, "shmat": 0, "shmdt": 0, "rmid": 0, "get_mb": 0.0, "shmopen": 0, "unlink": 0, "mmap_sh": 0, "munmap": 2, "mmap_sh_mb": 0.0}
{"tgid": 8659, "comm": "6", "shmget": 0, "shmat": 0, "shmdt": 0, "rmid": 0, "get_mb": 0.0, "shmopen": 0, "unlink": 0, "mmap_sh": 0, "munmap": 1, "mmap_sh_mb": 0.0}
{"tgid": 8788, "comm": "runc:[2:INIT]", "shmget": 0, "shmat": 0, "shmdt": 0, "rmid": 0, "get_mb": 0.0, "shmopen": 0, "unlink": 0, "mmap_sh": 0, "munmap": 4, "mmap_sh_mb": 0.0}
{"tgid": 8700, "comm": "ip6tables", "shmget": 0, "shmat": 0, "shmdt": 0, "rmid": 0, "get_mb": 0.0, "shmopen": 0, "unlink": 0, "mmap_sh": 0, "munmap": 2, "mmap_sh_mb": 0.0}
{"tgid": 8702, "comm": "runc", "shmget": 0, "shmat": 0, "shmdt": 0, "rmid": 0, "get_mb": 0.0, "shmopen": 0, "unlink": 0, "mmap_sh": 0, "munmap": 8, "mmap_sh_mb": 0.0}
{"tgid": 8751, "comm": "ip6tables-save", "shmget": 0, "shmat": 0, "shmdt": 0, "rmid": 0, "get_mb": 0.0, "shmopen": 0, "unlink": 0, "mmap_sh": 0, "munmap": 1, "mmap_sh_mb": 0.0}
{"tgid": 8744, "comm": "ip6tables", "shmget": 0, "shmat": 0, "shmdt": 0, "rmid": 0, "get_mb": 0.0, "shmopen": 0, "unlink": 0, "mmap_sh": 0, "munmap": 2, "mmap_sh_mb": 0.0}
{"tgid": 8711, "comm": "6", "shmget": 0, "shmat": 0, "shmdt": 0, "rmid": 0, "get_mb": 0.0, "shmopen": 0, "unlink": 0, "mmap_sh": 0, "munmap": 1, "mmap_sh_mb": 0.0}
{"tgid": 8736, "comm": "ip6tables", "shmget": 0, "shmat": 0, "shmdt": 0, "rmid": 0, "get_mb": 0.0, "shmopen": 0, "unlink": 0, "mmap_sh": 0, "munmap": 3, "mmap_sh_mb": 0.0}

--- Shared Memory Stats Summary at 22:54:56 ---
{"tgid": 8671, "comm": "lmp_gpu", "shmget": 1, "shmat": 1, "shmdt": 1, "rmid": 1, "get_mb": 0.00390625, "shmopen": 0, "unlink": 0, "mmap_sh": 37, "munmap": 133, "mmap_sh_mb": 87.23046875}
{"tgid": 8585, "comm": "lmp_gpu", "shmget": 1, "shmat": 1, "shmdt": 1, "rmid": 1, "get_mb": 0.00390625, "shmopen": 0, "unlink": 0, "mmap_sh": 37, "munmap": 135, "mmap_sh_mb": 87.23046875}
{"tgid": 8643, "comm": "lmp_gpu", "shmget": 1, "shmat": 1, "shmdt": 1, "rmid": 1, "get_mb": 0.00390625, "shmopen": 0, "unlink": 0, "mmap_sh": 37, "munmap": 135, "mmap_sh_mb": 87.23046875}
{"tgid": 8670, "comm": "flux-shell", "shmget": 0, "shmat": 0, "shmdt": 0, "rmid": 0, "get_mb": 0.0, "shmopen": 0, "unlink": 0, "mmap_sh": 1, "munmap": 4, "mmap_sh_mb": 0.025751113891601562}
{"tgid": 8701, "comm": "lsblk", "shmget": 0, "shmat": 0, "shmdt": 0, "rmid": 0, "get_mb": 0.0, "shmopen": 0, "unlink": 0, "mmap_sh": 1, "munmap": 1, "mmap_sh_mb": 0.025775909423828125}
{"tgid": 8642, "comm": "flux-shell", "shmget": 0, "shmat": 0, "shmdt": 0, "rmid": 0, "get_mb": 0.0, "shmopen": 0, "unlink": 0, "mmap_sh": 1, "munmap": 4, "mmap_sh_mb": 0.025751113891601562}
{"tgid": 8726, "comm": "ip6tables", "shmget": 0, "shmat": 0, "shmdt": 0, "rmid": 0, "get_mb": 0.0, "shmopen": 0, "unlink": 0, "mmap_sh": 0, "munmap": 3, "mmap_sh_mb": 0.0}
{"tgid": 8690, "comm": "runc:[2:INIT]", "shmget": 0, "shmat": 0, "shmdt": 0, "rmid": 0, "get_mb": 0.0, "shmopen": 0, "unlink": 0, "mmap_sh": 0, "munmap": 6, "mmap_sh_mb": 0.0}
{"tgid": 8786, "comm": "6", "shmget": 0, "shmat": 0, "shmdt": 0, "rmid": 0, "get_mb": 0.0, "shmopen": 0, "unlink": 0, "mmap_sh": 0, "munmap": 1, "mmap_sh_mb": 0.0}
{"tgid": 8754, "comm": "modprobe", "shmget": 0, "shmat": 0, "shmdt": 0, "rmid": 0, "get_mb": 0.0, "shmopen": 0, "unlink": 0, "mmap_sh": 0, "munmap": 6, "mmap_sh_mb": 0.0}
{"tgid": 8775, "comm": "iptables", "shmget": 0, "shmat": 0, "shmdt": 0, "rmid": 0, "get_mb": 0.0, "shmopen": 0, "unlink": 0, "mmap_sh": 0, "munmap": 1, "mmap_sh_mb": 0.0}
{"tgid": 8742, "comm": "ip6tables", "shmget": 0, "shmat": 0, "shmdt": 0, "rmid": 0, "get_mb": 0.0, "shmopen": 0, "unlink": 0, "mmap_sh": 0, "munmap": 2, "mmap_sh_mb": 0.0}
{"tgid": 8659, "comm": "6", "shmget": 0, "shmat": 0, "shmdt": 0, "rmid": 0, "get_mb": 0.0, "shmopen": 0, "unlink": 0, "mmap_sh": 0, "munmap": 1, "mmap_sh_mb": 0.0}
{"tgid": 8788, "comm": "runc:[2:INIT]", "shmget": 0, "shmat": 0, "shmdt": 0, "rmid": 0, "get_mb": 0.0, "shmopen": 0, "unlink": 0, "mmap_sh": 0, "munmap": 4, "mmap_sh_mb": 0.0}
{"tgid": 8700, "comm": "ip6tables", "shmget": 0, "shmat": 0, "shmdt": 0, "rmid": 0, "get_mb": 0.0, "shmopen": 0, "unlink": 0, "mmap_sh": 0, "munmap": 2, "mmap_sh_mb": 0.0}
{"tgid": 8702, "comm": "runc", "shmget": 0, "shmat": 0, "shmdt": 0, "rmid": 0, "get_mb": 0.0, "shmopen": 0, "unlink": 0, "mmap_sh": 0, "munmap": 8, "mmap_sh_mb": 0.0}
{"tgid": 8751, "comm": "ip6tables-save", "shmget": 0, "shmat": 0, "shmdt": 0, "rmid": 0, "get_mb": 0.0, "shmopen": 0, "unlink": 0, "mmap_sh": 0, "munmap": 1, "mmap_sh_mb": 0.0}
{"tgid": 8744, "comm": "ip6tables", "shmget": 0, "shmat": 0, "shmdt": 0, "rmid": 0, "get_mb": 0.0, "shmopen": 0, "unlink": 0, "mmap_sh": 0, "munmap": 2, "mmap_sh_mb": 0.0}
{"tgid": 8711, "comm": "6", "shmget": 0, "shmat": 0, "shmdt": 0, "rmid": 0, "get_mb": 0.0, "shmopen": 0, "unlink": 0, "mmap_sh": 0, "munmap": 1, "mmap_sh_mb": 0.0}
{"tgid": 8736, "comm": "ip6tables", "shmget": 0, "shmat": 0, "shmdt": 0, "rmid": 0, "get_mb": 0.0, "shmopen": 0, "unlink": 0, "mmap_sh": 0, "munmap": 3, "mmap_sh_mb": 0.0}

--- Shared Memory Stats Summary at 22:55:01 ---
{"tgid": 8671, "comm": "lmp_gpu", "shmget": 1, "shmat": 1, "shmdt": 1, "rmid": 1, "get_mb": 0.00390625, "shmopen": 0, "unlink": 0, "mmap_sh": 37, "munmap": 133, "mmap_sh_mb": 87.23046875}
{"tgid": 8585, "comm": "lmp_gpu", "shmget": 1, "shmat": 1, "shmdt": 1, "rmid": 1, "get_mb": 0.00390625, "shmopen": 0, "unlink": 0, "mmap_sh": 37, "munmap": 135, "mmap_sh_mb": 87.23046875}
{"tgid": 8643, "comm": "lmp_gpu", "shmget": 1, "shmat": 1, "shmdt": 1, "rmid": 1, "get_mb": 0.00390625, "shmopen": 0, "unlink": 0, "mmap_sh": 37, "munmap": 135, "mmap_sh_mb": 87.23046875}
{"tgid": 8670, "comm": "flux-shell", "shmget": 0, "shmat": 0, "shmdt": 0, "rmid": 0, "get_mb": 0.0, "shmopen": 0, "unlink": 0, "mmap_sh": 1, "munmap": 4, "mmap_sh_mb": 0.025751113891601562}
{"tgid": 8819, "comm": "bash", "shmget": 0, "shmat": 0, "shmdt": 0, "rmid": 0, "get_mb": 0.0, "shmopen": 0, "unlink": 0, "mmap_sh": 1, "munmap": 2, "mmap_sh_mb": 0.025751113891601562}
{"tgid": 8701, "comm": "lsblk", "shmget": 0, "shmat": 0, "shmdt": 0, "rmid": 0, "get_mb": 0.0, "shmopen": 0, "unlink": 0, "mmap_sh": 1, "munmap": 1, "mmap_sh_mb": 0.025775909423828125}
{"tgid": 8837, "comm": "touch", "shmget": 0, "shmat": 0, "shmdt": 0, "rmid": 0, "get_mb": 0.0, "shmopen": 0, "unlink": 0, "mmap_sh": 1, "munmap": 1, "mmap_sh_mb": 0.025751113891601562}
{"tgid": 8642, "comm": "flux-shell", "shmget": 0, "shmat": 0, "shmdt": 0, "rmid": 0, "get_mb": 0.0, "shmopen": 0, "unlink": 0, "mmap_sh": 1, "munmap": 4, "mmap_sh_mb": 0.025751113891601562}
{"tgid": 8836, "comm": "touch", "shmget": 0, "shmat": 0, "shmdt": 0, "rmid": 0, "get_mb": 0.0, "shmopen": 0, "unlink": 0, "mmap_sh": 1, "munmap": 1, "mmap_sh_mb": 0.025751113891601562}
{"tgid": 8726, "comm": "ip6tables", "shmget": 0, "shmat": 0, "shmdt": 0, "rmid": 0, "get_mb": 0.0, "shmopen": 0, "unlink": 0, "mmap_sh": 0, "munmap": 3, "mmap_sh_mb": 0.0}
{"tgid": 8690, "comm": "runc:[2:INIT]", "shmget": 0, "shmat": 0, "shmdt": 0, "rmid": 0, "get_mb": 0.0, "shmopen": 0, "unlink": 0, "mmap_sh": 0, "munmap": 6, "mmap_sh_mb": 0.0}
{"tgid": 8786, "comm": "6", "shmget": 0, "shmat": 0, "shmdt": 0, "rmid": 0, "get_mb": 0.0, "shmopen": 0, "unlink": 0, "mmap_sh": 0, "munmap": 1, "mmap_sh_mb": 0.0}
{"tgid": 8754, "comm": "modprobe", "shmget": 0, "shmat": 0, "shmdt": 0, "rmid": 0, "get_mb": 0.0, "shmopen": 0, "unlink": 0, "mmap_sh": 0, "munmap": 6, "mmap_sh_mb": 0.0}
{"tgid": 8775, "comm": "iptables", "shmget": 0, "shmat": 0, "shmdt": 0, "rmid": 0, "get_mb": 0.0, "shmopen": 0, "unlink": 0, "mmap_sh": 0, "munmap": 1, "mmap_sh_mb": 0.0}
{"tgid": 8742, "comm": "ip6tables", "shmget": 0, "shmat": 0, "shmdt": 0, "rmid": 0, "get_mb": 0.0, "shmopen": 0, "unlink": 0, "mmap_sh": 0, "munmap": 2, "mmap_sh_mb": 0.0}
{"tgid": 8822, "comm": "01-sched-fluxio", "shmget": 0, "shmat": 0, "shmdt": 0, "rmid": 0, "get_mb": 0.0, "shmopen": 0, "unlink": 0, "mmap_sh": 0, "munmap": 1, "mmap_sh_mb": 0.0}
{"tgid": 8659, "comm": "6", "shmget": 0, "shmat": 0, "shmdt": 0, "rmid": 0, "get_mb": 0.0, "shmopen": 0, "unlink": 0, "mmap_sh": 0, "munmap": 1, "mmap_sh_mb": 0.0}
{"tgid": 8788, "comm": "runc:[2:INIT]", "shmget": 0, "shmat": 0, "shmdt": 0, "rmid": 0, "get_mb": 0.0, "shmopen": 0, "unlink": 0, "mmap_sh": 0, "munmap": 4, "mmap_sh_mb": 0.0}
{"tgid": 8700, "comm": "ip6tables", "shmget": 0, "shmat": 0, "shmdt": 0, "rmid": 0, "get_mb": 0.0, "shmopen": 0, "unlink": 0, "mmap_sh": 0, "munmap": 2, "mmap_sh_mb": 0.0}
{"tgid": 8849, "comm": "runc", "shmget": 0, "shmat": 0, "shmdt": 0, "rmid": 0, "get_mb": 0.0, "shmopen": 0, "unlink": 0, "mmap_sh": 0, "munmap": 7, "mmap_sh_mb": 0.0}
[22:55:01] 
Indicator file '/mnt/flux/stop_ebpf_collection' found. Stopping.
Cleaning up BPF resources...
Cleanup complete.
