unlimited
PROGRAM: tcp
Looking for /opt/programs/tcp/ebpf-collect.c
[22:52:28] Start Indicator file defined '/mnt/flux/start_ebpf_collection'. Waiting.
[22:53:41] Start indicator found. Proceeding.
[22:53:41] Starting eBPF for TCP network monitoring with RiverML conditional statistics.
[22:53:42] BPF C code compilation attempt complete.
[22:53:42] Attempting to explicitly attach all BPF programs...
[22:53:42]   SUCCESS: Attached syscalls:sys_enter_socket to tp_enter_socket
[22:53:42]   SUCCESS: Attached syscalls:sys_exit_socket to tp_exit_socket
[22:53:42]   SUCCESS: Attached syscalls:sys_enter_connect to tp_enter_connect
[22:53:42]   SUCCESS: Attached syscalls:sys_exit_connect to tp_exit_connect
[22:53:42]   SUCCESS: Attached syscalls:sys_exit_accept4 to tp_exit_accept4
[22:53:42]   SUCCESS: Attached syscalls:sys_enter_close to tp_enter_close
[22:53:42]   SUCCESS: Attached syscalls:sys_enter_sendto to tp_enter_sendto
[22:53:42]   SUCCESS: Attached syscalls:sys_exit_sendto to tp_exit_sendto
[22:53:42]   SUCCESS: Attached syscalls:sys_enter_recvfrom to tp_enter_recvfrom
[22:53:42]   SUCCESS: Attached syscalls:sys_exit_recvfrom to tp_exit_recvfrom
[22:53:42]   SUCCESS: Attached syscalls:sys_enter_write to tp_enter_write
[22:53:42]   SUCCESS: Attached syscalls:sys_exit_write to tp_exit_write
[22:53:42]   SUCCESS: Attached syscalls:sys_enter_read to tp_enter_read
[22:53:42]   SUCCESS: Attached syscalls:sys_exit_read to tp_exit_read
[22:53:42] Ring buffer 'events' opened. Polling for events...
[22:55:01] Indicator file '/mnt/flux/stop_ebpf_collection' found. Stopping.
[22:55:01] Cleaning up BPF resources...
[22:55:01] Cleanup complete.
[22:55:01] 
--- FINAL AGGREGATED STATISTICS (JSON) ---
{
  "connect_event_stats": {
    "TGID(2388)_COMM(kubelet)_EVT(CONNECT)": {
      "duration_stats": {
        "count": 27,
        "max": 276039.0,
        "mean": 108089.8888888889,
        "min": 9380.0,
        "p50": 66227.89192867317,
        "p95": 268624.3888888889,
        "p99": 268624.3888888889,
        "var": 9409975445.794874
      },
      "ret_val_stats": {
        "count": 27,
        "max": 0.0,
        "mean": -80.92592592592591,
        "min": -115.0,
        "var": 2863.5327635327635
      }
    },
    "TGID(3869)_COMM(otelsvc)_EVT(CONNECT)": {
      "duration_stats": {
        "count": 1,
        "max": 89226.0,
        "mean": 89226.0,
        "min": 89226.0,
        "p50": 89226.0,
        "p95": 89226.0,
        "p99": 89226.0,
        "var": 0.0
      },
      "ret_val_stats": {
        "count": 1,
        "max": -115.0,
        "mean": -115.0,
        "min": -115.0,
        "var": 0.0
      }
    },
    "TGID(4245)_COMM(flb-pipeline)_EVT(CONNECT)": {
      "duration_stats": {
        "count": 1,
        "max": 60271.0,
        "mean": 60271.0,
        "min": 60271.0,
        "p50": 60271.0,
        "p95": 60271.0,
        "p99": 60271.0,
        "var": 0.0
      },
      "ret_val_stats": {
        "count": 1,
        "max": -115.0,
        "mean": -115.0,
        "min": -115.0,
        "var": 0.0
      }
    },
    "TGID(4474)_COMM(main)_EVT(CONNECT)": {
      "duration_stats": {
        "count": 2,
        "max": 97135.0,
        "mean": 87574.0,
        "min": 78013.0,
        "p50": 97135.0,
        "p95": 97135.0,
        "p99": 97135.0,
        "var": 182825442.0
      },
      "ret_val_stats": {
        "count": 2,
        "max": -115.0,
        "mean": -115.0,
        "min": -115.0,
        "var": 0.0
      }
    },
    "TGID(4744)_COMM(gpu-maintenance)_EVT(CONNECT)": {
      "duration_stats": {
        "count": 12,
        "max": 55731.0,
        "mean": 44125.33333333333,
        "min": 32213.0,
        "p50": 45111.666666666664,
        "p95": 51212.69537037037,
        "p99": 51212.69537037037,
        "var": 74563599.33333339
      },
      "ret_val_stats": {
        "count": 12,
        "max": -115.0,
        "mean": -115.0,
        "min": -115.0,
        "var": 0.0
      }
    },
    "TGID(5596)_COMM(prometheus)_EVT(CONNECT)": {
      "duration_stats": {
        "count": 2,
        "max": 112996.0,
        "mean": 102732.5,
        "min": 92469.0,
        "p50": 112996.0,
        "p95": 112996.0,
        "p99": 112996.0,
        "var": 210678864.5
      },
      "ret_val_stats": {
        "count": 2,
        "max": -115.0,
        "mean": -115.0,
        "min": -115.0,
        "var": 0.0
      }
    },
    "TGID(5658)_COMM(nvidia-gpu-devi)_EVT(CONNECT)": {
      "duration_stats": {
        "count": 3,
        "max": 24750.0,
        "mean": 23693.666666666668,
        "min": 22771.0,
        "p50": 23560.0,
        "p95": 24750.0,
        "p99": 24750.0,
        "var": 992510.3333333342
      },
      "ret_val_stats": {
        "count": 3,
        "max": 0.0,
        "mean": 0.0,
        "min": 0.0,
        "var": 0.0
      }
    },
    "TGID(6109)_COMM(dcgm-exporter)_EVT(CONNECT)": {
      "duration_stats": {
        "count": 3,
        "max": 19177.0,
        "mean": 17489.0,
        "min": 15934.0,
        "p50": 17356.0,
        "p95": 19177.0,
        "p99": 19177.0,
        "var": 2642529.0
      },
      "ret_val_stats": {
        "count": 3,
        "max": 0.0,
        "mean": 0.0,
        "min": 0.0,
        "var": 0.0
      }
    },
    "TGID(651)_COMM(chronyd)_EVT(CONNECT)": {
      "duration_stats": {
        "count": 1,
        "max": 10331.0,
        "mean": 10331.0,
        "min": 10331.0,
        "p50": 10331.0,
        "p95": 10331.0,
        "p99": 10331.0,
        "var": 0.0
      },
      "ret_val_stats": {
        "count": 1,
        "max": 0.0,
        "mean": 0.0,
        "min": 0.0,
        "var": 0.0
      }
    },
    "TGID(8364)_COMM(lmp_gpu)_EVT(CONNECT)": {
      "duration_stats": {
        "count": 1,
        "max": 38415.0,
        "mean": 38415.0,
        "min": 38415.0,
        "p50": 38415.0,
        "p95": 38415.0,
        "p99": 38415.0,
        "var": 0.0
      },
      "ret_val_stats": {
        "count": 1,
        "max": -115.0,
        "mean": -115.0,
        "min": -115.0,
        "var": 0.0
      }
    },
    "TGID(8422)_COMM(flux-shell)_EVT(CONNECT)": {
      "duration_stats": {
        "count": 1,
        "max": 18123.0,
        "mean": 18123.0,
        "min": 18123.0,
        "p50": 18123.0,
        "p95": 18123.0,
        "p99": 18123.0,
        "var": 0.0
      },
      "ret_val_stats": {
        "count": 1,
        "max": 0.0,
        "mean": 0.0,
        "min": 0.0,
        "var": 0.0
      }
    },
    "TGID(8423)_COMM(lmp_gpu)_EVT(CONNECT)": {
      "duration_stats": {
        "count": 9,
        "max": 37598.0,
        "mean": 23336.777777777774,
        "min": 9925.0,
        "p50": 23415.5,
        "p95": 25202.666666666664,
        "p99": 25202.666666666664,
        "var": 89347370.44444445
      },
      "ret_val_stats": {
        "count": 9,
        "max": -2.0,
        "mean": -102.44444444444444,
        "min": -115.0,
        "var": 1418.7777777777778
      }
    },
    "TGID(8453)_COMM(flux-shell)_EVT(CONNECT)": {
      "duration_stats": {
        "count": 1,
        "max": 16801.0,
        "mean": 16801.0,
        "min": 16801.0,
        "p50": 16801.0,
        "p95": 16801.0,
        "p99": 16801.0,
        "var": 0.0
      },
      "ret_val_stats": {
        "count": 1,
        "max": 0.0,
        "mean": 0.0,
        "min": 0.0,
        "var": 0.0
      }
    },
    "TGID(8454)_COMM(lmp_gpu)_EVT(CONNECT)": {
      "duration_stats": {
        "count": 9,
        "max": 34869.0,
        "mean": 21322.66666666667,
        "min": 9326.0,
        "p50": 19182.0,
        "p95": 22380.666666666668,
        "p99": 22380.666666666668,
        "var": 61983962.499999985
      },
      "ret_val_stats": {
        "count": 9,
        "max": -2.0,
        "mean": -102.44444444444444,
        "min": -115.0,
        "var": 1418.7777777777778
      }
    },
    "TGID(8597)_COMM(bash)_EVT(CONNECT)": {
      "duration_stats": {
        "count": 2,
        "max": 11753.0,
        "mean": 7799.5,
        "min": 3846.0,
        "p50": 11753.0,
        "p95": 11753.0,
        "p99": 11753.0,
        "var": 31260324.5
      },
      "ret_val_stats": {
        "count": 2,
        "max": -2.0,
        "mean": -2.0,
        "min": -2.0,
        "var": 0.0
      }
    },
    "TGID(8598)_COMM(flux)_EVT(CONNECT)": {
      "duration_stats": {
        "count": 1,
        "max": 27606.0,
        "mean": 27606.0,
        "min": 27606.0,
        "p50": 27606.0,
        "p95": 27606.0,
        "p99": 27606.0,
        "var": 0.0
      },
      "ret_val_stats": {
        "count": 1,
        "max": 0.0,
        "mean": 0.0,
        "min": 0.0,
        "var": 0.0
      }
    },
    "TGID(8601)_COMM(flux)_EVT(CONNECT)": {
      "duration_stats": {
        "count": 1,
        "max": 14705.0,
        "mean": 14705.0,
        "min": 14705.0,
        "p50": 14705.0,
        "p95": 14705.0,
        "p99": 14705.0,
        "var": 0.0
      },
      "ret_val_stats": {
        "count": 1,
        "max": 0.0,
        "mean": 0.0,
        "min": 0.0,
        "var": 0.0
      }
    },
    "TGID(8602)_COMM(flux-module)_EVT(CONNECT)": {
      "duration_stats": {
        "count": 1,
        "max": 17564.0,
        "mean": 17564.0,
        "min": 17564.0,
        "p50": 17564.0,
        "p95": 17564.0,
        "p99": 17564.0,
        "var": 0.0
      },
      "ret_val_stats": {
        "count": 1,
        "max": 0.0,
        "mean": 0.0,
        "min": 0.0,
        "var": 0.0
      }
    },
    "TGID(8603)_COMM(flux-module)_EVT(CONNECT)": {
      "duration_stats": {
        "count": 1,
        "max": 15003.0,
        "mean": 15003.0,
        "min": 15003.0,
        "p50": 15003.0,
        "p95": 15003.0,
        "p99": 15003.0,
        "var": 0.0
      },
      "ret_val_stats": {
        "count": 1,
        "max": 0.0,
        "mean": 0.0,
        "min": 0.0,
        "var": 0.0
      }
    },
    "TGID(8604)_COMM(flux-module)_EVT(CONNECT)": {
      "duration_stats": {
        "count": 1,
        "max": 15245.0,
        "mean": 15245.0,
        "min": 15245.0,
        "p50": 15245.0,
        "p95": 15245.0,
        "p99": 15245.0,
        "var": 0.0
      },
      "ret_val_stats": {
        "count": 1,
        "max": 0.0,
        "mean": 0.0,
        "min": 0.0,
        "var": 0.0
      }
    },
    "TGID(8605)_COMM(flux-module)_EVT(CONNECT)": {
      "duration_stats": {
        "count": 1,
        "max": 14337.0,
        "mean": 14337.0,
        "min": 14337.0,
        "p50": 14337.0,
        "p95": 14337.0,
        "p99": 14337.0,
        "var": 0.0
      },
      "ret_val_stats": {
        "count": 1,
        "max": 0.0,
        "mean": 0.0,
        "min": 0.0,
        "var": 0.0
      }
    },
    "TGID(8606)_COMM(flux-module)_EVT(CONNECT)": {
      "duration_stats": {
        "count": 1,
        "max": 15212.0,
        "mean": 15212.0,
        "min": 15212.0,
        "p50": 15212.0,
        "p95": 15212.0,
        "p99": 15212.0,
        "var": 0.0
      },
      "ret_val_stats": {
        "count": 1,
        "max": 0.0,
        "mean": 0.0,
        "min": 0.0,
        "var": 0.0
      }
    },
    "TGID(8607)_COMM(flux-module)_EVT(CONNECT)": {
      "duration_stats": {
        "count": 1,
        "max": 14645.0,
        "mean": 14645.0,
        "min": 14645.0,
        "p50": 14645.0,
        "p95": 14645.0,
        "p99": 14645.0,
        "var": 0.0
      },
      "ret_val_stats": {
        "count": 1,
        "max": 0.0,
        "mean": 0.0,
        "min": 0.0,
        "var": 0.0
      }
    },
    "TGID(8608)_COMM(flux-module)_EVT(CONNECT)": {
      "duration_stats": {
        "count": 1,
        "max": 14699.0,
        "mean": 14699.0,
        "min": 14699.0,
        "p50": 14699.0,
        "p95": 14699.0,
        "p99": 14699.0,
        "var": 0.0
      },
      "ret_val_stats": {
        "count": 1,
        "max": 0.0,
        "mean": 0.0,
        "min": 0.0,
        "var": 0.0
      }
    },
    "TGID(8609)_COMM(flux-module)_EVT(CONNECT)": {
      "duration_stats": {
        "count": 1,
        "max": 13473.0,
        "mean": 13473.0,
        "min": 13473.0,
        "p50": 13473.0,
        "p95": 13473.0,
        "p99": 13473.0,
        "var": 0.0
      },
      "ret_val_stats": {
        "count": 1,
        "max": 0.0,
        "mean": 0.0,
        "min": 0.0,
        "var": 0.0
      }
    },
    "TGID(8611)_COMM(flux)_EVT(CONNECT)": {
      "duration_stats": {
        "count": 1,
        "max": 12450.0,
        "mean": 12450.0,
        "min": 12450.0,
        "p50": 12450.0,
        "p95": 12450.0,
        "p99": 12450.0,
        "var": 0.0
      },
      "ret_val_stats": {
        "count": 1,
        "max": 0.0,
        "mean": 0.0,
        "min": 0.0,
        "var": 0.0
      }
    },
    "TGID(8612)_COMM(flux)_EVT(CONNECT)": {
      "duration_stats": {
        "count": 1,
        "max": 12240.0,
        "mean": 12240.0,
        "min": 12240.0,
        "p50": 12240.0,
        "p95": 12240.0,
        "p99": 12240.0,
        "var": 0.0
      },
      "ret_val_stats": {
        "count": 1,
        "max": 0.0,
        "mean": 0.0,
        "min": 0.0,
        "var": 0.0
      }
    },
    "TGID(8613)_COMM(flux-module)_EVT(CONNECT)": {
      "duration_stats": {
        "count": 1,
        "max": 24840.0,
        "mean": 24840.0,
        "min": 24840.0,
        "p50": 24840.0,
        "p95": 24840.0,
        "p99": 24840.0,
        "var": 0.0
      },
      "ret_val_stats": {
        "count": 1,
        "max": 0.0,
        "mean": 0.0,
        "min": 0.0,
        "var": 0.0
      }
    },
    "TGID(8628)_COMM(runc)_EVT(CONNECT)": {
      "duration_stats": {
        "count": 1,
        "max": 14982.0,
        "mean": 14982.0,
        "min": 14982.0,
        "p50": 14982.0,
        "p95": 14982.0,
        "p99": 14982.0,
        "var": 0.0
      },
      "ret_val_stats": {
        "count": 1,
        "max": 0.0,
        "mean": 0.0,
        "min": 0.0,
        "var": 0.0
      }
    }
  },
  "duration_stats_by_bucket": {
    "TGID(2233)_COMM(containerd)_EVT(READ_SOCK)_BUCKET(0B-1KB)": {
      "count": 1,
      "max": 3863.0,
      "mean": 3863.0,
      "min": 3863.0,
      "p50": 3863.0,
      "p95": 3863.0,
      "p99": 3863.0,
      "var": 0.0
    },
    "TGID(2233)_COMM(containerd)_EVT(WRITE_SOCK)_BUCKET(0B-1KB)": {
      "count": 2,
      "max": 7466.0,
      "mean": 6401.5,
      "min": 5337.0,
      "p50": 7466.0,
      "p95": 7466.0,
      "p99": 7466.0,
      "var": 2266320.5
    },
    "TGID(2388)_COMM(kubelet)_EVT(READ_SOCK)_BUCKET(0B-1KB)": {
      "count": 77,
      "max": 22479.0,
      "mean": 5048.961038961041,
      "min": 826.0,
      "p50": 3887.505456383949,
      "p95": 13266.944723844686,
      "p99": 14831.988589645414,
      "var": 14777136.458988382
    },
    "TGID(2388)_COMM(kubelet)_EVT(READ_SOCK)_BUCKET(16KB-64KB)": {
      "count": 2,
      "max": 9595.0,
      "mean": 9207.5,
      "min": 8820.0,
      "p50": 9595.0,
      "p95": 9595.0,
      "p99": 9595.0,
      "var": 300312.5
    },
    "TGID(2388)_COMM(kubelet)_EVT(READ_SOCK)_BUCKET(1KB-16KB)": {
      "count": 6,
      "max": 11211.0,
      "mean": 9935.666666666666,
      "min": 8748.0,
      "p50": 9572.0,
      "p95": 9958.333333333334,
      "p99": 9958.333333333334,
      "var": 777048.2666666667
    },
    "TGID(2388)_COMM(kubelet)_EVT(WRITE_SOCK)_BUCKET(0B-1KB)": {
      "count": 83,
      "max": 337871.0,
      "mean": 20796.81927710844,
      "min": 1960.0,
      "p50": 10040.61255048947,
      "p95": 44166.271016961786,
      "p99": 155884.31634356763,
      "var": 2342693832.8084044
    },
    "TGID(2639)_COMM(containerd-shim)_EVT(READ_SOCK)_BUCKET(0B-1KB)": {
      "count": 1,
      "max": 19225.0,
      "mean": 19225.0,
      "min": 19225.0,
      "p50": 19225.0,
      "p95": 19225.0,
      "p99": 19225.0,
      "var": 0.0
    },
    "TGID(2639)_COMM(containerd-shim)_EVT(WRITE_SOCK)_BUCKET(0B-1KB)": {
      "count": 1,
      "max": 6429.0,
      "mean": 6429.0,
      "min": 6429.0,
      "p50": 6429.0,
      "p95": 6429.0,
      "p99": 6429.0,
      "var": 0.0
    },
    "TGID(3656)_COMM(containerd-shim)_EVT(READ_SOCK)_BUCKET(0B-1KB)": {
      "count": 2,
      "max": 8574.0,
      "mean": 4735.5,
      "min": 897.0,
      "p50": 8574.0,
      "p95": 8574.0,
      "p99": 8574.0,
      "var": 29468164.5
    },
    "TGID(3675)_COMM(containerd-shim)_EVT(READ_SOCK)_BUCKET(0B-1KB)": {
      "count": 1,
      "max": 5922.0,
      "mean": 5922.0,
      "min": 5922.0,
      "p50": 5922.0,
      "p95": 5922.0,
      "p99": 5922.0,
      "var": 0.0
    },
    "TGID(3675)_COMM(containerd-shim)_EVT(WRITE_SOCK)_BUCKET(0B-1KB)": {
      "count": 1,
      "max": 6415.0,
      "mean": 6415.0,
      "min": 6415.0,
      "p50": 6415.0,
      "p95": 6415.0,
      "p99": 6415.0,
      "var": 0.0
    },
    "TGID(3869)_COMM(otelsvc)_EVT(READ_SOCK)_BUCKET(0B-1KB)": {
      "count": 4,
      "max": 16690.0,
      "mean": 11015.75,
      "min": 802.0,
      "p50": 13741.0,
      "p95": 16690.0,
      "p99": 16690.0,
      "var": 49078764.25
    },
    "TGID(3869)_COMM(otelsvc)_EVT(READ_SOCK)_BUCKET(1KB-16KB)": {
      "count": 1,
      "max": 9096.0,
      "mean": 9096.0,
      "min": 9096.0,
      "p50": 9096.0,
      "p95": 9096.0,
      "p99": 9096.0,
      "var": 0.0
    },
    "TGID(3869)_COMM(otelsvc)_EVT(WRITE_SOCK)_BUCKET(0B-1KB)": {
      "count": 3,
      "max": 218256.0,
      "mean": 95986.66666666667,
      "min": 33107.0,
      "p50": 36597.0,
      "p95": 218256.0,
      "p99": 218256.0,
      "var": 11215387430.333334
    },
    "TGID(4245)_COMM(flb-pipeline)_EVT(TCP_RECV)_BUCKET(0B-1KB)": {
      "count": 2,
      "max": 4039.0,
      "mean": 3275.0,
      "min": 2511.0,
      "p50": 4039.0,
      "p95": 4039.0,
      "p99": 4039.0,
      "var": 1167392.0
    },
    "TGID(4245)_COMM(flb-pipeline)_EVT(TCP_SEND)_BUCKET(0B-1KB)": {
      "count": 3,
      "max": 31955.0,
      "mean": 18379.0,
      "min": 11121.0,
      "p50": 12061.0,
      "p95": 31955.0,
      "p99": 31955.0,
      "var": 138451732.0
    },
    "TGID(4245)_COMM(flb-pipeline)_EVT(TCP_SEND)_BUCKET(1KB-16KB)": {
      "count": 1,
      "max": 18338.0,
      "mean": 18338.0,
      "min": 18338.0,
      "p50": 18338.0,
      "p95": 18338.0,
      "p99": 18338.0,
      "var": 0.0
    },
    "TGID(4245)_COMM(monkey: wrk/0)_EVT(TCP_RECV)_BUCKET(0B-1KB)": {
      "count": 4,
      "max": 4677.0,
      "mean": 3898.75,
      "min": 2881.0,
      "p50": 4172.0,
      "p95": 4677.0,
      "p99": 4677.0,
      "var": 572430.9166666666
    },
    "TGID(4245)_COMM(monkey: wrk/0)_EVT(TCP_SEND)_BUCKET(0B-1KB)": {
      "count": 10,
      "max": 30963.0,
      "mean": 12944.300000000001,
      "min": 8895.0,
      "p50": 10559.2,
      "p95": 14019.0,
      "p99": 14019.0,
      "var": 48393045.788888894
    },
    "TGID(4245)_COMM(monkey: wrk/0)_EVT(TCP_SEND)_BUCKET(1KB-16KB)": {
      "count": 2,
      "max": 14274.0,
      "mean": 13950.5,
      "min": 13627.0,
      "p50": 14274.0,
      "p95": 14274.0,
      "p99": 14274.0,
      "var": 209304.5
    },
    "TGID(4312)_COMM(fluent-bit-gke-)_EVT(READ_SOCK)_BUCKET(0B-1KB)": {
      "count": 10,
      "max": 161129.0,
      "mean": 22051.500000000004,
      "min": 4600.0,
      "p50": 11107.722222222223,
      "p95": 23942.0,
      "p99": 23942.0,
      "var": 2389737744.5000005
    },
    "TGID(4312)_COMM(fluent-bit-gke-)_EVT(WRITE_SOCK)_BUCKET(0B-1KB)": {
      "count": 7,
      "max": 108542.0,
      "mean": 38084.571428571435,
      "min": 8202.0,
      "p50": 28593.88888888889,
      "p95": 35980.0,
      "p99": 35980.0,
      "var": 1133137052.6190476
    },
    "TGID(4312)_COMM(fluent-bit-gke-)_EVT(WRITE_SOCK)_BUCKET(1KB-16KB)": {
      "count": 1,
      "max": 60319.0,
      "mean": 60319.0,
      "min": 60319.0,
      "p50": 60319.0,
      "p95": 60319.0,
      "p99": 60319.0,
      "var": 0.0
    },
    "TGID(4347)_COMM(containerd-shim)_EVT(READ_SOCK)_BUCKET(0B-1KB)": {
      "count": 1,
      "max": 7500.0,
      "mean": 7500.0,
      "min": 7500.0,
      "p50": 7500.0,
      "p95": 7500.0,
      "p99": 7500.0,
      "var": 0.0
    },
    "TGID(4347)_COMM(containerd-shim)_EVT(WRITE_SOCK)_BUCKET(0B-1KB)": {
      "count": 1,
      "max": 5082.0,
      "mean": 5082.0,
      "min": 5082.0,
      "p50": 5082.0,
      "p95": 5082.0,
      "p99": 5082.0,
      "var": 0.0
    },
    "TGID(4474)_COMM(main)_EVT(READ_SOCK)_BUCKET(0B-1KB)": {
      "count": 1,
      "max": 5488.0,
      "mean": 5488.0,
      "min": 5488.0,
      "p50": 5488.0,
      "p95": 5488.0,
      "p99": 5488.0,
      "var": 0.0
    },
    "TGID(4474)_COMM(main)_EVT(READ_SOCK)_BUCKET(1KB-16KB)": {
      "count": 8,
      "max": 3388.0,
      "mean": 2128.375,
      "min": 1341.0,
      "p50": 1926.0,
      "p95": 2224.0,
      "p99": 2224.0,
      "var": 469974.2678571428
    },
    "TGID(4474)_COMM(main)_EVT(WRITE_SOCK)_BUCKET(0B-1KB)": {
      "count": 2,
      "max": 33916.0,
      "mean": 24787.0,
      "min": 15658.0,
      "p50": 33916.0,
      "p95": 33916.0,
      "p99": 33916.0,
      "var": 166677282.0
    },
    "TGID(4744)_COMM(gpu-maintenance)_EVT(READ_SOCK)_BUCKET(0B-1KB)": {
      "count": 15,
      "max": 17649.0,
      "mean": 4883.933333333333,
      "min": 2616.0,
      "p50": 3554.3015873015875,
      "p95": 4716.333333333333,
      "p99": 4716.333333333333,
      "var": 13420688.495238096
    },
    "TGID(4744)_COMM(gpu-maintenance)_EVT(WRITE_SOCK)_BUCKET(0B-1KB)": {
      "count": 13,
      "max": 41082.0,
      "mean": 23388.384615384613,
      "min": 14760.0,
      "p50": 20211.089236111107,
      "p95": 28232.267489711932,
      "p99": 28232.267489711932,
      "var": 72456873.0897436
    },
    "TGID(4744)_COMM(gpu-maintenance)_EVT(WRITE_SOCK)_BUCKET(1KB-16KB)": {
      "count": 1,
      "max": 34444.0,
      "mean": 34444.0,
      "min": 34444.0,
      "p50": 34444.0,
      "p95": 34444.0,
      "p99": 34444.0,
      "var": 0.0
    },
    "TGID(4966)_COMM(containerd-shim)_EVT(READ_SOCK)_BUCKET(0B-1KB)": {
      "count": 9,
      "max": 4210.0,
      "mean": 2118.3333333333335,
      "min": 776.0,
      "p50": 1800.0,
      "p95": 2013.5555555555554,
      "p99": 2013.5555555555554,
      "var": 1062125.75
    },
    "TGID(4966)_COMM(containerd-shim)_EVT(WRITE_SOCK)_BUCKET(1KB-16KB)": {
      "count": 2,
      "max": 19582.0,
      "mean": 19405.0,
      "min": 19228.0,
      "p50": 19582.0,
      "p95": 19582.0,
      "p99": 19582.0,
      "var": 62658.0
    },
    "TGID(5596)_COMM(prometheus)_EVT(READ_SOCK)_BUCKET(0B-1KB)": {
      "count": 21,
      "max": 34401.0,
      "mean": 7525.38095238095,
      "min": 1905.0,
      "p50": 5123.368788580247,
      "p95": 18670.652700617284,
      "p99": 18670.652700617284,
      "var": 57673445.147619046
    },
    "TGID(5596)_COMM(prometheus)_EVT(READ_SOCK)_BUCKET(1KB-16KB)": {
      "count": 4,
      "max": 4979.0,
      "mean": 3726.75,
      "min": 2912.0,
      "p50": 3729.0,
      "p95": 4979.0,
      "p99": 4979.0,
      "var": 808444.25
    },
    "TGID(5596)_COMM(prometheus)_EVT(WRITE_SOCK)_BUCKET(0B-1KB)": {
      "count": 18,
      "max": 362324.0,
      "mean": 78221.05555555556,
      "min": 21523.0,
      "p50": 43536.04413743549,
      "p95": 142093.2361111111,
      "p99": 142093.2361111111,
      "var": 7620556998.643791
    },
    "TGID(5658)_COMM(nvidia-gpu-devi)_EVT(READ_SOCK)_BUCKET(0B-1KB)": {
      "count": 8,
      "max": 10507.0,
      "mean": 8058.625000000001,
      "min": 5779.0,
      "p50": 7462.0,
      "p95": 8813.618055555555,
      "p99": 8813.618055555555,
      "var": 2574676.2678571423
    },
    "TGID(5658)_COMM(nvidia-gpu-devi)_EVT(WRITE_SOCK)_BUCKET(0B-1KB)": {
      "count": 14,
      "max": 8487.0,
      "mean": 6008.071428571428,
      "min": 1487.0,
      "p50": 6589.912499999999,
      "p95": 8220.925379372427,
      "p99": 8220.925379372427,
      "var": 6796980.071428572
    },
    "TGID(6109)_COMM(dcgm-exporter)_EVT(READ_SOCK)_BUCKET(0B-1KB)": {
      "count": 13,
      "max": 20406.0,
      "mean": 8282.153846153844,
      "min": 3572.0,
      "p50": 5292.666666666666,
      "p95": 11992.5625,
      "p99": 11992.5625,
      "var": 30642325.641025636
    },
    "TGID(6109)_COMM(dcgm-exporter)_EVT(WRITE_SOCK)_BUCKET(0B-1KB)": {
      "count": 20,
      "max": 302600.0,
      "mean": 21392.2,
      "min": 2279.0,
      "p50": 5827.166666666666,
      "p95": 52743.60666778044,
      "p99": 52743.60666778044,
      "var": 4391941086.589473
    },
    "TGID(6109)_COMM(dcgm-exporter)_EVT(WRITE_SOCK)_BUCKET(1KB-16KB)": {
      "count": 4,
      "max": 35486.0,
      "mean": 23004.0,
      "min": 12782.0,
      "p50": 29763.0,
      "p95": 35486.0,
      "p99": 35486.0,
      "var": 129105350.0
    },
    "TGID(6364)_COMM(containerd-shim)_EVT(READ_SOCK)_BUCKET(0B-1KB)": {
      "count": 1,
      "max": 28158.0,
      "mean": 28158.0,
      "min": 28158.0,
      "p50": 28158.0,
      "p95": 28158.0,
      "p99": 28158.0,
      "var": 0.0
    },
    "TGID(6364)_COMM(containerd-shim)_EVT(WRITE_SOCK)_BUCKET(0B-1KB)": {
      "count": 2,
      "max": 6094.0,
      "mean": 5369.5,
      "min": 4645.0,
      "p50": 6094.0,
      "p95": 6094.0,
      "p99": 6094.0,
      "var": 1049800.5
    },
    "TGID(646)_COMM(dbus-daemon)_EVT(READ_SOCK)_BUCKET(0B-1KB)": {
      "count": 1,
      "max": 30174.0,
      "mean": 30174.0,
      "min": 30174.0,
      "p50": 30174.0,
      "p95": 30174.0,
      "p99": 30174.0,
      "var": 0.0
    },
    "TGID(646)_COMM(dbus-daemon)_EVT(TCP_SEND)_BUCKET(0B-1KB)": {
      "count": 1,
      "max": 3494.0,
      "mean": 3494.0,
      "min": 3494.0,
      "p50": 3494.0,
      "p95": 3494.0,
      "p99": 3494.0,
      "var": 0.0
    },
    "TGID(8083)_COMM(flux-broker-12)_EVT(READ_SOCK)_BUCKET(0B-1KB)": {
      "count": 113,
      "max": 36961.0,
      "mean": 2984.9911504424776,
      "min": 833.0,
      "p50": 2051.0886846965477,
      "p95": 9603.023537552242,
      "p99": 10038.423508903623,
      "var": 14127620.473135266
    },
    "TGID(8083)_COMM(flux-broker-12)_EVT(WRITE_SOCK)_BUCKET(0B-1KB)": {
      "count": 72,
      "max": 22286.0,
      "mean": 7270.180555555556,
      "min": 1468.0,
      "p50": 7218.975628019883,
      "p95": 12987.576893653966,
      "p99": 14733.64715159744,
      "var": 10984379.840179967
    },
    "TGID(8083)_COMM(flux-broker-12)_EVT(WRITE_SOCK)_BUCKET(1KB-16KB)": {
      "count": 4,
      "max": 12462.0,
      "mean": 10812.75,
      "min": 9010.0,
      "p50": 11125.0,
      "p95": 12462.0,
      "p99": 12462.0,
      "var": 2030878.25
    },
    "TGID(8364)_COMM(lmp_gpu)_EVT(TCP_RECV)_BUCKET(0B-1KB)": {
      "count": 1,
      "max": 1775.0,
      "mean": 1775.0,
      "min": 1775.0,
      "p50": 1775.0,
      "p95": 1775.0,
      "p99": 1775.0,
      "var": 0.0
    },
    "TGID(8364)_COMM(lmp_gpu)_EVT(TCP_SEND)_BUCKET(0B-1KB)": {
      "count": 1,
      "max": 8900.0,
      "mean": 8900.0,
      "min": 8900.0,
      "p50": 8900.0,
      "p95": 8900.0,
      "p99": 8900.0,
      "var": 0.0
    },
    "TGID(8422)_COMM(flux-shell)_EVT(READ_SOCK)_BUCKET(0B-1KB)": {
      "count": 21,
      "max": 90117.0,
      "mean": 6109.380952380951,
      "min": 1180.0,
      "p50": 1624.5818612520395,
      "p95": 3336.333333333333,
      "p99": 3336.333333333333,
      "var": 371010678.8476192
    },
    "TGID(8422)_COMM(flux-shell)_EVT(READ_SOCK)_BUCKET(1KB-16KB)": {
      "count": 2,
      "max": 5166.0,
      "mean": 4557.5,
      "min": 3949.0,
      "p50": 5166.0,
      "p95": 5166.0,
      "p99": 5166.0,
      "var": 740544.5
    },
    "TGID(8422)_COMM(flux-shell)_EVT(WRITE_SOCK)_BUCKET(0B-1KB)": {
      "count": 12,
      "max": 21926.0,
      "mean": 7161.416666666667,
      "min": 1377.0,
      "p50": 4813.0625,
      "p95": 10978.34670138889,
      "p99": 10978.34670138889,
      "var": 31538762.265151512
    },
    "TGID(8423)_COMM(lmp_gpu)_EVT(TCP_RECV)_BUCKET(0B-1KB)": {
      "count": 8,
      "max": 2595.0,
      "mean": 2076.875,
      "min": 1607.0,
      "p50": 2041.3333333333333,
      "p95": 2189.435185185185,
      "p99": 2189.435185185185,
      "var": 121356.98214285717
    },
    "TGID(8423)_COMM(lmp_gpu)_EVT(TCP_SEND)_BUCKET(0B-1KB)": {
      "count": 8,
      "max": 8802.0,
      "mean": 7539.5,
      "min": 5746.0,
      "p50": 7434.833333333333,
      "p95": 7823.0,
      "p99": 7823.0,
      "var": 917438.0
    },
    "TGID(8430)_COMM(runc)_EVT(WRITE_SOCK)_BUCKET(0B-1KB)": {
      "count": 1,
      "max": 8598.0,
      "mean": 8598.0,
      "min": 8598.0,
      "p50": 8598.0,
      "p95": 8598.0,
      "p99": 8598.0,
      "var": 0.0
    },
    "TGID(8439)_COMM(runc:[0:PARENT])_EVT(WRITE_SOCK)_BUCKET(0B-1KB)": {
      "count": 1,
      "max": 2742.0,
      "mean": 2742.0,
      "min": 2742.0,
      "p50": 2742.0,
      "p95": 2742.0,
      "p99": 2742.0,
      "var": 0.0
    },
    "TGID(8453)_COMM(flux-shell)_EVT(READ_SOCK)_BUCKET(0B-1KB)": {
      "count": 21,
      "max": 78849.0,
      "mean": 5837.095238095239,
      "min": 1684.0,
      "p50": 2085.264028503964,
      "p95": 15416.05925925926,
      "p99": 15416.05925925926,
      "var": 279987287.59047616
    },
    "TGID(8453)_COMM(flux-shell)_EVT(READ_SOCK)_BUCKET(1KB-16KB)": {
      "count": 2,
      "max": 8060.0,
      "mean": 5775.5,
      "min": 3491.0,
      "p50": 8060.0,
      "p95": 8060.0,
      "p99": 8060.0,
      "var": 10437880.5
    },
    "TGID(8453)_COMM(flux-shell)_EVT(WRITE_SOCK)_BUCKET(0B-1KB)": {
      "count": 12,
      "max": 15621.0,
      "mean": 7173.666666666666,
      "min": 1639.0,
      "p50": 6546.09375,
      "p95": 9717.637014991182,
      "p99": 9717.637014991182,
      "var": 17407911.515151516
    },
    "TGID(8454)_COMM(lmp_gpu)_EVT(TCP_RECV)_BUCKET(0B-1KB)": {
      "count": 8,
      "max": 2343.0,
      "mean": 1990.875,
      "min": 1611.0,
      "p50": 1991.3333333333333,
      "p95": 2162.0,
      "p99": 2162.0,
      "var": 86509.83928571429
    },
    "TGID(8454)_COMM(lmp_gpu)_EVT(TCP_SEND)_BUCKET(0B-1KB)": {
      "count": 8,
      "max": 8325.0,
      "mean": 7435.25,
      "min": 6170.0,
      "p50": 7577.166666666667,
      "p95": 7932.0,
      "p99": 7932.0,
      "var": 798694.4999999999
    },
    "TGID(8461)_COMM(runc)_EVT(WRITE_SOCK)_BUCKET(0B-1KB)": {
      "count": 1,
      "max": 5508.0,
      "mean": 5508.0,
      "min": 5508.0,
      "p50": 5508.0,
      "p95": 5508.0,
      "p99": 5508.0,
      "var": 0.0
    },
    "TGID(8564)_COMM(6)_EVT(READ_SOCK)_BUCKET(0B-1KB)": {
      "count": 2,
      "max": 65273.0,
      "mean": 33867.0,
      "min": 2461.0,
      "p50": 65273.0,
      "p95": 65273.0,
      "p99": 65273.0,
      "var": 1972673672.0
    },
    "TGID(8564)_COMM(runc:[0:PARENT])_EVT(WRITE_SOCK)_BUCKET(0B-1KB)": {
      "count": 1,
      "max": 3128.0,
      "mean": 3128.0,
      "min": 3128.0,
      "p50": 3128.0,
      "p95": 3128.0,
      "p99": 3128.0,
      "var": 0.0
    },
    "TGID(8566)_COMM(runc:[2:INIT])_EVT(READ_SOCK)_BUCKET(0B-1KB)": {
      "count": 2,
      "max": 3331794.0,
      "mean": 1666961.5,
      "min": 2129.0,
      "p50": 3331794.0,
      "p95": 3331794.0,
      "p99": 3331794.0,
      "var": 5543334506112.5
    },
    "TGID(8566)_COMM(runc:[2:INIT])_EVT(READ_SOCK)_BUCKET(1KB-16KB)": {
      "count": 4,
      "max": 15120.0,
      "mean": 6276.0,
      "min": 1212.0,
      "p50": 5544.0,
      "p95": 15120.0,
      "p99": 15120.0,
      "var": 37895520.0
    },
    "TGID(8598)_COMM(flux)_EVT(READ_SOCK)_BUCKET(0B-1KB)": {
      "count": 3,
      "max": 95701.0,
      "mean": 33002.0,
      "min": 1416.0,
      "p50": 1889.0,
      "p95": 95701.0,
      "p99": 95701.0,
      "var": 2948429383.0
    },
    "TGID(8598)_COMM(flux)_EVT(WRITE_SOCK)_BUCKET(0B-1KB)": {
      "count": 1,
      "max": 9883.0,
      "mean": 9883.0,
      "min": 9883.0,
      "p50": 9883.0,
      "p95": 9883.0,
      "p99": 9883.0,
      "var": 0.0
    },
    "TGID(8601)_COMM(flux)_EVT(READ_SOCK)_BUCKET(0B-1KB)": {
      "count": 3,
      "max": 92377.0,
      "mean": 32196.0,
      "min": 1930.0,
      "p50": 2281.0,
      "p95": 92377.0,
      "p99": 92377.0,
      "var": 2716345371.0
    },
    "TGID(8601)_COMM(flux)_EVT(WRITE_SOCK)_BUCKET(0B-1KB)": {
      "count": 1,
      "max": 7914.0,
      "mean": 7914.0,
      "min": 7914.0,
      "p50": 7914.0,
      "p95": 7914.0,
      "p99": 7914.0,
      "var": 0.0
    },
    "TGID(8602)_COMM(flux-module)_EVT(READ_SOCK)_BUCKET(0B-1KB)": {
      "count": 3,
      "max": 4940.0,
      "mean": 3122.0,
      "min": 1964.0,
      "p50": 2462.0,
      "p95": 4940.0,
      "p99": 4940.0,
      "var": 2540844.0
    },
    "TGID(8602)_COMM(flux-module)_EVT(WRITE_SOCK)_BUCKET(0B-1KB)": {
      "count": 1,
      "max": 9589.0,
      "mean": 9589.0,
      "min": 9589.0,
      "p50": 9589.0,
      "p95": 9589.0,
      "p99": 9589.0,
      "var": 0.0
    },
    "TGID(8603)_COMM(flux-module)_EVT(READ_SOCK)_BUCKET(0B-1KB)": {
      "count": 3,
      "max": 142872.0,
      "mean": 49241.333333333336,
      "min": 2263.0,
      "p50": 2589.0,
      "p95": 142872.0,
      "p99": 142872.0,
      "var": 6575052874.333334
    },
    "TGID(8603)_COMM(flux-module)_EVT(WRITE_SOCK)_BUCKET(0B-1KB)": {
      "count": 1,
      "max": 8293.0,
      "mean": 8293.0,
      "min": 8293.0,
      "p50": 8293.0,
      "p95": 8293.0,
      "p99": 8293.0,
      "var": 0.0
    },
    "TGID(8604)_COMM(flux-module)_EVT(READ_SOCK)_BUCKET(0B-1KB)": {
      "count": 3,
      "max": 5206.0,
      "mean": 3621.3333333333335,
      "min": 2668.0,
      "p50": 2990.0,
      "p95": 5206.0,
      "p99": 5206.0,
      "var": 1909297.3333333335
    },
    "TGID(8604)_COMM(flux-module)_EVT(WRITE_SOCK)_BUCKET(0B-1KB)": {
      "count": 1,
      "max": 8818.0,
      "mean": 8818.0,
      "min": 8818.0,
      "p50": 8818.0,
      "p95": 8818.0,
      "p99": 8818.0,
      "var": 0.0
    },
    "TGID(8605)_COMM(flux-module)_EVT(READ_SOCK)_BUCKET(0B-1KB)": {
      "count": 3,
      "max": 136571.0,
      "mean": 47078.333333333336,
      "min": 2320.0,
      "p50": 2344.0,
      "p95": 136571.0,
      "p99": 136571.0,
      "var": 6006703184.333334
    },
    "TGID(8605)_COMM(flux-module)_EVT(WRITE_SOCK)_BUCKET(0B-1KB)": {
      "count": 1,
      "max": 8808.0,
      "mean": 8808.0,
      "min": 8808.0,
      "p50": 8808.0,
      "p95": 8808.0,
      "p99": 8808.0,
      "var": 0.0
    },
    "TGID(8606)_COMM(flux-module)_EVT(READ_SOCK)_BUCKET(0B-1KB)": {
      "count": 3,
      "max": 77168.0,
      "mean": 26915.0,
      "min": 1545.0,
      "p50": 2032.0,
      "p95": 77168.0,
      "p99": 77168.0,
      "var": 1894082299.0
    },
    "TGID(8606)_COMM(flux-module)_EVT(WRITE_SOCK)_BUCKET(0B-1KB)": {
      "count": 1,
      "max": 8990.0,
      "mean": 8990.0,
      "min": 8990.0,
      "p50": 8990.0,
      "p95": 8990.0,
      "p99": 8990.0,
      "var": 0.0
    },
    "TGID(8607)_COMM(flux-module)_EVT(READ_SOCK)_BUCKET(0B-1KB)": {
      "count": 3,
      "max": 77785.0,
      "mean": 27521.666666666668,
      "min": 2342.0,
      "p50": 2438.0,
      "p95": 77785.0,
      "p99": 77785.0,
      "var": 1894804312.3333335
    },
    "TGID(8607)_COMM(flux-module)_EVT(WRITE_SOCK)_BUCKET(0B-1KB)": {
      "count": 1,
      "max": 7791.0,
      "mean": 7791.0,
      "min": 7791.0,
      "p50": 7791.0,
      "p95": 7791.0,
      "p99": 7791.0,
      "var": 0.0
    },
    "TGID(8608)_COMM(flux-module)_EVT(READ_SOCK)_BUCKET(0B-1KB)": {
      "count": 3,
      "max": 135737.0,
      "mean": 47128.333333333336,
      "min": 2798.0,
      "p50": 2850.0,
      "p95": 135737.0,
      "p99": 135737.0,
      "var": 5888622532.333334
    },
    "TGID(8608)_COMM(flux-module)_EVT(WRITE_SOCK)_BUCKET(0B-1KB)": {
      "count": 1,
      "max": 7828.0,
      "mean": 7828.0,
      "min": 7828.0,
      "p50": 7828.0,
      "p95": 7828.0,
      "p99": 7828.0,
      "var": 0.0
    },
    "TGID(8609)_COMM(flux-module)_EVT(READ_SOCK)_BUCKET(0B-1KB)": {
      "count": 3,
      "max": 129030.0,
      "mean": 44386.66666666667,
      "min": 2045.0,
      "p50": 2085.0,
      "p95": 129030.0,
      "p99": 129030.0,
      "var": 5373370808.333334
    },
    "TGID(8609)_COMM(flux-module)_EVT(WRITE_SOCK)_BUCKET(0B-1KB)": {
      "count": 1,
      "max": 7978.0,
      "mean": 7978.0,
      "min": 7978.0,
      "p50": 7978.0,
      "p95": 7978.0,
      "p99": 7978.0,
      "var": 0.0
    },
    "TGID(8611)_COMM(flux)_EVT(READ_SOCK)_BUCKET(0B-1KB)": {
      "count": 3,
      "max": 96379.0,
      "mean": 33070.333333333336,
      "min": 1271.0,
      "p50": 1561.0,
      "p95": 96379.0,
      "p99": 96379.0,
      "var": 3006011481.3333335
    },
    "TGID(8611)_COMM(flux)_EVT(WRITE_SOCK)_BUCKET(0B-1KB)": {
      "count": 1,
      "max": 7835.0,
      "mean": 7835.0,
      "min": 7835.0,
      "p50": 7835.0,
      "p95": 7835.0,
      "p99": 7835.0,
      "var": 0.0
    },
    "TGID(8612)_COMM(flux)_EVT(READ_SOCK)_BUCKET(0B-1KB)": {
      "count": 3,
      "max": 50738.0,
      "mean": 18474.0,
      "min": 2286.0,
      "p50": 2398.0,
      "p95": 50738.0,
      "p99": 50738.0,
      "var": 780727408.0
    },
    "TGID(8612)_COMM(flux)_EVT(WRITE_SOCK)_BUCKET(0B-1KB)": {
      "count": 1,
      "max": 9407.0,
      "mean": 9407.0,
      "min": 9407.0,
      "p50": 9407.0,
      "p95": 9407.0,
      "p99": 9407.0,
      "var": 0.0
    },
    "TGID(8613)_COMM(flux-module)_EVT(READ_SOCK)_BUCKET(0B-1KB)": {
      "count": 3,
      "max": 195902.0,
      "mean": 67172.66666666667,
      "min": 2697.0,
      "p50": 2919.0,
      "p95": 195902.0,
      "p99": 195902.0,
      "var": 12428443266.333334
    },
    "TGID(8613)_COMM(flux-module)_EVT(WRITE_SOCK)_BUCKET(0B-1KB)": {
      "count": 1,
      "max": 7674.0,
      "mean": 7674.0,
      "min": 7674.0,
      "p50": 7674.0,
      "p95": 7674.0,
      "p99": 7674.0,
      "var": 0.0
    },
    "TGID(8628)_COMM(runc)_EVT(WRITE_SOCK)_BUCKET(0B-1KB)": {
      "count": 1,
      "max": 2795.0,
      "mean": 2795.0,
      "min": 2795.0,
      "p50": 2795.0,
      "p95": 2795.0,
      "p99": 2795.0,
      "var": 0.0
    }
  },
  "overall_byte_stats": {
    "TGID(2233)_COMM(containerd)_EVT(READ_SOCK)": {
      "count": 1,
      "max": 1.0,
      "mean": 1.0,
      "min": 1.0,
      "var": 0.0
    },
    "TGID(2233)_COMM(containerd)_EVT(WRITE_SOCK)": {
      "count": 2,
      "max": 1.0,
      "mean": 1.0,
      "min": 1.0,
      "var": 0.0
    },
    "TGID(2388)_COMM(kubelet)_EVT(READ_SOCK)": {
      "count": 85,
      "max": 17960.0,
      "mean": 1100.1176470588236,
      "min": 0.0,
      "var": 12519206.795518205
    },
    "TGID(2388)_COMM(kubelet)_EVT(WRITE_SOCK)": {
      "count": 83,
      "max": 808.0,
      "mean": 105.79518072289154,
      "min": 8.0,
      "var": 41324.091683808416
    },
    "TGID(2639)_COMM(containerd-shim)_EVT(READ_SOCK)": {
      "count": 1,
      "max": 155.0,
      "mean": 155.0,
      "min": 155.0,
      "var": 0.0
    },
    "TGID(2639)_COMM(containerd-shim)_EVT(WRITE_SOCK)": {
      "count": 1,
      "max": 207.0,
      "mean": 207.0,
      "min": 207.0,
      "var": 0.0
    },
    "TGID(3656)_COMM(containerd-shim)_EVT(READ_SOCK)": {
      "count": 2,
      "max": 44.0,
      "mean": 22.0,
      "min": 0.0,
      "var": 968.0
    },
    "TGID(3675)_COMM(containerd-shim)_EVT(READ_SOCK)": {
      "count": 1,
      "max": 155.0,
      "mean": 155.0,
      "min": 155.0,
      "var": 0.0
    },
    "TGID(3675)_COMM(containerd-shim)_EVT(WRITE_SOCK)": {
      "count": 1,
      "max": 200.0,
      "mean": 200.0,
      "min": 200.0,
      "var": 0.0
    },
    "TGID(3869)_COMM(otelsvc)_EVT(READ_SOCK)": {
      "count": 5,
      "max": 3093.0,
      "mean": 694.2,
      "min": 0.0,
      "var": 1811002.7000000002
    },
    "TGID(3869)_COMM(otelsvc)_EVT(WRITE_SOCK)": {
      "count": 3,
      "max": 251.0,
      "mean": 172.0,
      "min": 39.0,
      "var": 13423.0
    },
    "TGID(4245)_COMM(flb-pipeline)_EVT(TCP_RECV)": {
      "count": 2,
      "max": 75.0,
      "mean": 75.0,
      "min": 75.0,
      "var": 0.0
    },
    "TGID(4245)_COMM(flb-pipeline)_EVT(TCP_SEND)": {
      "count": 4,
      "max": 1114.0,
      "mean": 409.0,
      "min": 150.0,
      "var": 221204.66666666666
    },
    "TGID(4245)_COMM(monkey: wrk/0)_EVT(TCP_RECV)": {
      "count": 4,
      "max": 272.0,
      "mean": 162.0,
      "min": 0.0,
      "var": 17936.0
    },
    "TGID(4245)_COMM(monkey: wrk/0)_EVT(TCP_SEND)": {
      "count": 12,
      "max": 15773.0,
      "mean": 2681.7499999999995,
      "min": 2.0,
      "var": 37420932.20454546
    },
    "TGID(4312)_COMM(fluent-bit-gke-)_EVT(READ_SOCK)": {
      "count": 10,
      "max": 372.0,
      "mean": 124.2,
      "min": 0.0,
      "var": 13269.288888888892
    },
    "TGID(4312)_COMM(fluent-bit-gke-)_EVT(WRITE_SOCK)": {
      "count": 8,
      "max": 3093.0,
      "mean": 440.00000000000006,
      "min": 1.0,
      "var": 1152434.0
    },
    "TGID(4347)_COMM(containerd-shim)_EVT(READ_SOCK)": {
      "count": 1,
      "max": 155.0,
      "mean": 155.0,
      "min": 155.0,
      "var": 0.0
    },
    "TGID(4347)_COMM(containerd-shim)_EVT(WRITE_SOCK)": {
      "count": 1,
      "max": 198.0,
      "mean": 198.0,
      "min": 198.0,
      "var": 0.0
    },
    "TGID(4474)_COMM(main)_EVT(READ_SOCK)": {
      "count": 9,
      "max": 4096.0,
      "mean": 3540.6666666666665,
      "min": 153.0,
      "var": 1667488.7499999998
    },
    "TGID(4474)_COMM(main)_EVT(WRITE_SOCK)": {
      "count": 2,
      "max": 272.0,
      "mean": 272.0,
      "min": 272.0,
      "var": 0.0
    },
    "TGID(4744)_COMM(gpu-maintenance)_EVT(READ_SOCK)": {
      "count": 15,
      "max": 315.0,
      "mean": 279.33333333333337,
      "min": 39.0,
      "var": 6481.95238095238
    },
    "TGID(4744)_COMM(gpu-maintenance)_EVT(WRITE_SOCK)": {
      "count": 14,
      "max": 4262.0,
      "mean": 461.07142857142867,
      "min": 69.0,
      "var": 1197625.9175824176
    },
    "TGID(4966)_COMM(containerd-shim)_EVT(READ_SOCK)": {
      "count": 9,
      "max": 4.0,
      "mean": 0.9999999999999999,
      "min": 0.0,
      "var": 1.5
    },
    "TGID(4966)_COMM(containerd-shim)_EVT(WRITE_SOCK)": {
      "count": 2,
      "max": 2045.0,
      "mean": 2045.0,
      "min": 2045.0,
      "var": 0.0
    },
    "TGID(5596)_COMM(prometheus)_EVT(READ_SOCK)": {
      "count": 25,
      "max": 4721.0,
      "mean": 776.8799999999999,
      "min": 0.0,
      "var": 2634163.36
    },
    "TGID(5596)_COMM(prometheus)_EVT(WRITE_SOCK)": {
      "count": 18,
      "max": 293.0,
      "mean": 179.22222222222226,
      "min": 164.0,
      "var": 1714.300653594771
    },
    "TGID(5658)_COMM(nvidia-gpu-devi)_EVT(READ_SOCK)": {
      "count": 8,
      "max": 838.0,
      "mean": 323.25,
      "min": 24.0,
      "var": 167939.35714285713
    },
    "TGID(5658)_COMM(nvidia-gpu-devi)_EVT(WRITE_SOCK)": {
      "count": 14,
      "max": 136.0,
      "mean": 55.28571428571428,
      "min": 9.0,
      "var": 2579.604395604396
    },
    "TGID(6109)_COMM(dcgm-exporter)_EVT(READ_SOCK)": {
      "count": 13,
      "max": 838.0,
      "mean": 246.61538461538467,
      "min": 9.0,
      "var": 116093.92307692308
    },
    "TGID(6109)_COMM(dcgm-exporter)_EVT(WRITE_SOCK)": {
      "count": 24,
      "max": 4721.0,
      "mean": 769.7500000000001,
      "min": 7.0,
      "var": 2781363.413043478
    },
    "TGID(6364)_COMM(containerd-shim)_EVT(READ_SOCK)": {
      "count": 1,
      "max": 155.0,
      "mean": 155.0,
      "min": 155.0,
      "var": 0.0
    },
    "TGID(6364)_COMM(containerd-shim)_EVT(WRITE_SOCK)": {
      "count": 2,
      "max": 223.0,
      "mean": 112.0,
      "min": 1.0,
      "var": 24642.0
    },
    "TGID(646)_COMM(dbus-daemon)_EVT(READ_SOCK)": {
      "count": 1,
      "max": 6.0,
      "mean": 6.0,
      "min": 6.0,
      "var": 0.0
    },
    "TGID(646)_COMM(dbus-daemon)_EVT(TCP_SEND)": {
      "count": 1,
      "max": 19.0,
      "mean": 19.0,
      "min": 19.0,
      "var": 0.0
    },
    "TGID(8083)_COMM(flux-broker-12)_EVT(READ_SOCK)": {
      "count": 113,
      "max": 99.0,
      "mean": 24.504424778761052,
      "min": 0.0,
      "var": 742.0379266750948
    },
    "TGID(8083)_COMM(flux-broker-12)_EVT(WRITE_SOCK)": {
      "count": 76,
      "max": 6977.0,
      "mean": 367.3552631578948,
      "min": 1.0,
      "var": 2060926.3387719293
    },
    "TGID(8364)_COMM(lmp_gpu)_EVT(TCP_RECV)": {
      "count": 1,
      "max": 24.0,
      "mean": 24.0,
      "min": 24.0,
      "var": 0.0
    },
    "TGID(8364)_COMM(lmp_gpu)_EVT(TCP_SEND)": {
      "count": 1,
      "max": 24.0,
      "mean": 24.0,
      "min": 24.0,
      "var": 0.0
    },
    "TGID(8422)_COMM(flux-shell)_EVT(READ_SOCK)": {
      "count": 23,
      "max": 6969.0,
      "mean": 589.0869565217391,
      "min": 1.0,
      "var": 3372764.628458498
    },
    "TGID(8422)_COMM(flux-shell)_EVT(WRITE_SOCK)": {
      "count": 12,
      "max": 107.0,
      "mean": 73.5,
      "min": 48.0,
      "var": 292.8181818181818
    },
    "TGID(8423)_COMM(lmp_gpu)_EVT(TCP_RECV)": {
      "count": 8,
      "max": 24.0,
      "mean": 24.0,
      "min": 24.0,
      "var": 0.0
    },
    "TGID(8423)_COMM(lmp_gpu)_EVT(TCP_SEND)": {
      "count": 8,
      "max": 24.0,
      "mean": 24.0,
      "min": 24.0,
      "var": 0.0
    },
    "TGID(8430)_COMM(runc)_EVT(WRITE_SOCK)": {
      "count": 1,
      "max": 188.0,
      "mean": 188.0,
      "min": 188.0,
      "var": 0.0
    },
    "TGID(8439)_COMM(runc:[0:PARENT])_EVT(WRITE_SOCK)": {
      "count": 1,
      "max": 4.0,
      "mean": 4.0,
      "min": 4.0,
      "var": 0.0
    },
    "TGID(8453)_COMM(flux-shell)_EVT(READ_SOCK)": {
      "count": 23,
      "max": 6969.0,
      "mean": 589.0869565217391,
      "min": 1.0,
      "var": 3372764.628458498
    },
    "TGID(8453)_COMM(flux-shell)_EVT(WRITE_SOCK)": {
      "count": 12,
      "max": 107.0,
      "mean": 73.5,
      "min": 48.0,
      "var": 292.8181818181818
    },
    "TGID(8454)_COMM(lmp_gpu)_EVT(TCP_RECV)": {
      "count": 8,
      "max": 24.0,
      "mean": 24.0,
      "min": 24.0,
      "var": 0.0
    },
    "TGID(8454)_COMM(lmp_gpu)_EVT(TCP_SEND)": {
      "count": 8,
      "max": 24.0,
      "mean": 24.0,
      "min": 24.0,
      "var": 0.0
    },
    "TGID(8461)_COMM(runc)_EVT(WRITE_SOCK)": {
      "count": 1,
      "max": 188.0,
      "mean": 188.0,
      "min": 188.0,
      "var": 0.0
    },
    "TGID(8564)_COMM(6)_EVT(READ_SOCK)": {
      "count": 2,
      "max": 172.0,
      "mean": 94.0,
      "min": 16.0,
      "var": 12168.0
    },
    "TGID(8564)_COMM(runc:[0:PARENT])_EVT(WRITE_SOCK)": {
      "count": 1,
      "max": 38.0,
      "mean": 38.0,
      "min": 38.0,
      "var": 0.0
    },
    "TGID(8566)_COMM(runc:[2:INIT])_EVT(READ_SOCK)": {
      "count": 6,
      "max": 16193.0,
      "mean": 5344.166666666666,
      "min": 512.0,
      "var": 36048729.76666667
    },
    "TGID(8598)_COMM(flux)_EVT(READ_SOCK)": {
      "count": 3,
      "max": 57.0,
      "mean": 22.0,
      "min": 1.0,
      "var": 931.0
    },
    "TGID(8598)_COMM(flux)_EVT(WRITE_SOCK)": {
      "count": 1,
      "max": 56.0,
      "mean": 56.0,
      "min": 56.0,
      "var": 0.0
    },
    "TGID(8601)_COMM(flux)_EVT(READ_SOCK)": {
      "count": 3,
      "max": 57.0,
      "mean": 22.0,
      "min": 1.0,
      "var": 931.0
    },
    "TGID(8601)_COMM(flux)_EVT(WRITE_SOCK)": {
      "count": 1,
      "max": 56.0,
      "mean": 56.0,
      "min": 56.0,
      "var": 0.0
    },
    "TGID(8602)_COMM(flux-module)_EVT(READ_SOCK)": {
      "count": 3,
      "max": 35.0,
      "mean": 14.666666666666666,
      "min": 1.0,
      "var": 322.33333333333337
    },
    "TGID(8602)_COMM(flux-module)_EVT(WRITE_SOCK)": {
      "count": 1,
      "max": 64.0,
      "mean": 64.0,
      "min": 64.0,
      "var": 0.0
    },
    "TGID(8603)_COMM(flux-module)_EVT(READ_SOCK)": {
      "count": 3,
      "max": 35.0,
      "mean": 14.666666666666666,
      "min": 1.0,
      "var": 322.33333333333337
    },
    "TGID(8603)_COMM(flux-module)_EVT(WRITE_SOCK)": {
      "count": 1,
      "max": 64.0,
      "mean": 64.0,
      "min": 64.0,
      "var": 0.0
    },
    "TGID(8604)_COMM(flux-module)_EVT(READ_SOCK)": {
      "count": 3,
      "max": 35.0,
      "mean": 14.666666666666666,
      "min": 1.0,
      "var": 322.33333333333337
    },
    "TGID(8604)_COMM(flux-module)_EVT(WRITE_SOCK)": {
      "count": 1,
      "max": 66.0,
      "mean": 66.0,
      "min": 66.0,
      "var": 0.0
    },
    "TGID(8605)_COMM(flux-module)_EVT(READ_SOCK)": {
      "count": 3,
      "max": 35.0,
      "mean": 14.666666666666666,
      "min": 1.0,
      "var": 322.33333333333337
    },
    "TGID(8605)_COMM(flux-module)_EVT(WRITE_SOCK)": {
      "count": 1,
      "max": 62.0,
      "mean": 62.0,
      "min": 62.0,
      "var": 0.0
    },
    "TGID(8606)_COMM(flux-module)_EVT(READ_SOCK)": {
      "count": 3,
      "max": 35.0,
      "mean": 14.666666666666666,
      "min": 1.0,
      "var": 322.33333333333337
    },
    "TGID(8606)_COMM(flux-module)_EVT(WRITE_SOCK)": {
      "count": 1,
      "max": 61.0,
      "mean": 61.0,
      "min": 61.0,
      "var": 0.0
    },
    "TGID(8607)_COMM(flux-module)_EVT(READ_SOCK)": {
      "count": 3,
      "max": 35.0,
      "mean": 14.666666666666666,
      "min": 1.0,
      "var": 322.33333333333337
    },
    "TGID(8607)_COMM(flux-module)_EVT(WRITE_SOCK)": {
      "count": 1,
      "max": 63.0,
      "mean": 63.0,
      "min": 63.0,
      "var": 0.0
    },
    "TGID(8608)_COMM(flux-module)_EVT(READ_SOCK)": {
      "count": 3,
      "max": 35.0,
      "mean": 14.666666666666666,
      "min": 1.0,
      "var": 322.33333333333337
    },
    "TGID(8608)_COMM(flux-module)_EVT(WRITE_SOCK)": {
      "count": 1,
      "max": 65.0,
      "mean": 65.0,
      "min": 65.0,
      "var": 0.0
    },
    "TGID(8609)_COMM(flux-module)_EVT(READ_SOCK)": {
      "count": 3,
      "max": 35.0,
      "mean": 14.666666666666666,
      "min": 1.0,
      "var": 322.33333333333337
    },
    "TGID(8609)_COMM(flux-module)_EVT(WRITE_SOCK)": {
      "count": 1,
      "max": 59.0,
      "mean": 59.0,
      "min": 59.0,
      "var": 0.0
    },
    "TGID(8611)_COMM(flux)_EVT(READ_SOCK)": {
      "count": 3,
      "max": 31.0,
      "mean": 13.333333333333332,
      "min": 1.0,
      "var": 246.33333333333334
    },
    "TGID(8611)_COMM(flux)_EVT(WRITE_SOCK)": {
      "count": 1,
      "max": 74.0,
      "mean": 74.0,
      "min": 74.0,
      "var": 0.0
    },
    "TGID(8612)_COMM(flux)_EVT(READ_SOCK)": {
      "count": 3,
      "max": 36.0,
      "mean": 15.0,
      "min": 1.0,
      "var": 343.0
    },
    "TGID(8612)_COMM(flux)_EVT(WRITE_SOCK)": {
      "count": 1,
      "max": 44.0,
      "mean": 44.0,
      "min": 44.0,
      "var": 0.0
    },
    "TGID(8613)_COMM(flux-module)_EVT(READ_SOCK)": {
      "count": 3,
      "max": 35.0,
      "mean": 14.666666666666666,
      "min": 1.0,
      "var": 322.33333333333337
    },
    "TGID(8613)_COMM(flux-module)_EVT(WRITE_SOCK)": {
      "count": 1,
      "max": 63.0,
      "mean": 63.0,
      "min": 63.0,
      "var": 0.0
    },
    "TGID(8628)_COMM(runc)_EVT(WRITE_SOCK)": {
      "count": 1,
      "max": 6.0,
      "mean": 6.0,
      "min": 6.0,
      "var": 0.0
    }
  }
}
[22:55:01] --- END OF FINAL STATISTICS ---
