unlimited
PROGRAM: shmem
Looking for /opt/programs/shmem/ebpf-collect.c
Initializing eBPF for Shared Memory monitoring...
BPF C code compiled and loaded.
[22:52:35] 
Start Indicator file defined '/mnt/flux/start_ebpf_collection'. Waiting.
[22:53:41] Start indicator found. Proceeding.
Attaching tracepoints...
  Kprobes for shm_open/shm_unlink should auto-attach if symbols exist.
Finished attaching probes.

--- Shared Memory Stats Summary at 22:53:46 ---
{"tgid": 8601, "comm": "lmp_gpu", "shmget": 1, "shmat": 1, "shmdt": 1, "rmid": 1, "get_mb": 0.00390625, "shmopen": 0, "unlink": 0, "mmap_sh": 37, "munmap": 58, "mmap_sh_mb": 87.23046875}
{"tgid": 8600, "comm": "flux-shell", "shmget": 0, "shmat": 0, "shmdt": 0, "rmid": 0, "get_mb": 0.0, "shmopen": 0, "unlink": 0, "mmap_sh": 1, "munmap": 1, "mmap_sh_mb": 0.025751113891601562}
{"tgid": 8603, "comm": "modprobe", "shmget": 0, "shmat": 0, "shmdt": 0, "rmid": 0, "get_mb": 0.0, "shmopen": 0, "unlink": 0, "mmap_sh": 0, "munmap": 6, "mmap_sh_mb": 0.0}
{"tgid": 8376, "comm": "flux-broker-104", "shmget": 0, "shmat": 0, "shmdt": 0, "rmid": 0, "get_mb": 0.0, "shmopen": 0, "unlink": 0, "mmap_sh": 0, "munmap": 1, "mmap_sh_mb": 0.0}

--- Shared Memory Stats Summary at 22:53:51 ---
{"tgid": 8601, "comm": "lmp_gpu", "shmget": 1, "shmat": 1, "shmdt": 1, "rmid": 1, "get_mb": 0.00390625, "shmopen": 0, "unlink": 0, "mmap_sh": 37, "munmap": 61, "mmap_sh_mb": 87.23046875}
{"tgid": 8600, "comm": "flux-shell", "shmget": 0, "shmat": 0, "shmdt": 0, "rmid": 0, "get_mb": 0.0, "shmopen": 0, "unlink": 0, "mmap_sh": 1, "munmap": 1, "mmap_sh_mb": 0.025751113891601562}
{"tgid": 8627, "comm": "runc:[2:INIT]", "shmget": 0, "shmat": 0, "shmdt": 0, "rmid": 0, "get_mb": 0.0, "shmopen": 0, "unlink": 0, "mmap_sh": 0, "munmap": 4, "mmap_sh_mb": 0.0}
{"tgid": 8625, "comm": "6", "shmget": 0, "shmat": 0, "shmdt": 0, "rmid": 0, "get_mb": 0.0, "shmopen": 0, "unlink": 0, "mmap_sh": 0, "munmap": 1, "mmap_sh_mb": 0.0}
{"tgid": 8616, "comm": "runc", "shmget": 0, "shmat": 0, "shmdt": 0, "rmid": 0, "get_mb": 0.0, "shmopen": 0, "unlink": 0, "mmap_sh": 0, "munmap": 7, "mmap_sh_mb": 0.0}
{"tgid": 8603, "comm": "modprobe", "shmget": 0, "shmat": 0, "shmdt": 0, "rmid": 0, "get_mb": 0.0, "shmopen": 0, "unlink": 0, "mmap_sh": 0, "munmap": 6, "mmap_sh_mb": 0.0}
{"tgid": 8376, "comm": "flux-broker-104", "shmget": 0, "shmat": 0, "shmdt": 0, "rmid": 0, "get_mb": 0.0, "shmopen": 0, "unlink": 0, "mmap_sh": 0, "munmap": 1, "mmap_sh_mb": 0.0}

--- Shared Memory Stats Summary at 22:53:56 ---
{"tgid": 8601, "comm": "lmp_gpu", "shmget": 1, "shmat": 1, "shmdt": 1, "rmid": 1, "get_mb": 0.00390625, "shmopen": 0, "unlink": 0, "mmap_sh": 37, "munmap": 127, "mmap_sh_mb": 87.23046875}
{"tgid": 8636, "comm": "flux-shell", "shmget": 0, "shmat": 0, "shmdt": 0, "rmid": 0, "get_mb": 0.0, "shmopen": 0, "unlink": 0, "mmap_sh": 1, "munmap": 1, "mmap_sh_mb": 0.025751113891601562}
{"tgid": 8600, "comm": "flux-shell", "shmget": 0, "shmat": 0, "shmdt": 0, "rmid": 0, "get_mb": 0.0, "shmopen": 0, "unlink": 0, "mmap_sh": 1, "munmap": 4, "mmap_sh_mb": 0.025751113891601562}
{"tgid": 8627, "comm": "runc:[2:INIT]", "shmget": 0, "shmat": 0, "shmdt": 0, "rmid": 0, "get_mb": 0.0, "shmopen": 0, "unlink": 0, "mmap_sh": 0, "munmap": 4, "mmap_sh_mb": 0.0}
{"tgid": 8625, "comm": "6", "shmget": 0, "shmat": 0, "shmdt": 0, "rmid": 0, "get_mb": 0.0, "shmopen": 0, "unlink": 0, "mmap_sh": 0, "munmap": 1, "mmap_sh_mb": 0.0}
{"tgid": 8616, "comm": "runc", "shmget": 0, "shmat": 0, "shmdt": 0, "rmid": 0, "get_mb": 0.0, "shmopen": 0, "unlink": 0, "mmap_sh": 0, "munmap": 7, "mmap_sh_mb": 0.0}
{"tgid": 8603, "comm": "modprobe", "shmget": 0, "shmat": 0, "shmdt": 0, "rmid": 0, "get_mb": 0.0, "shmopen": 0, "unlink": 0, "mmap_sh": 0, "munmap": 6, "mmap_sh_mb": 0.0}
{"tgid": 8376, "comm": "flux-broker-104", "shmget": 0, "shmat": 0, "shmdt": 0, "rmid": 0, "get_mb": 0.0, "shmopen": 0, "unlink": 0, "mmap_sh": 0, "munmap": 2, "mmap_sh_mb": 0.0}

--- Shared Memory Stats Summary at 22:54:01 ---
{"tgid": 8601, "comm": "lmp_gpu", "shmget": 1, "shmat": 1, "shmdt": 1, "rmid": 1, "get_mb": 0.00390625, "shmopen": 0, "unlink": 0, "mmap_sh": 37, "munmap": 127, "mmap_sh_mb": 87.23046875}
{"tgid": 8637, "comm": "lmp_gpu", "shmget": 1, "shmat": 1, "shmdt": 1, "rmid": 1, "get_mb": 0.00390625, "shmopen": 0, "unlink": 0, "mmap_sh": 37, "munmap": 61, "mmap_sh_mb": 87.23046875}
{"tgid": 8636, "comm": "flux-shell", "shmget": 0, "shmat": 0, "shmdt": 0, "rmid": 0, "get_mb": 0.0, "shmopen": 0, "unlink": 0, "mmap_sh": 1, "munmap": 1, "mmap_sh_mb": 0.025751113891601562}
{"tgid": 8600, "comm": "flux-shell", "shmget": 0, "shmat": 0, "shmdt": 0, "rmid": 0, "get_mb": 0.0, "shmopen": 0, "unlink": 0, "mmap_sh": 1, "munmap": 4, "mmap_sh_mb": 0.025751113891601562}
{"tgid": 8627, "comm": "runc:[2:INIT]", "shmget": 0, "shmat": 0, "shmdt": 0, "rmid": 0, "get_mb": 0.0, "shmopen": 0, "unlink": 0, "mmap_sh": 0, "munmap": 4, "mmap_sh_mb": 0.0}
{"tgid": 8625, "comm": "6", "shmget": 0, "shmat": 0, "shmdt": 0, "rmid": 0, "get_mb": 0.0, "shmopen": 0, "unlink": 0, "mmap_sh": 0, "munmap": 1, "mmap_sh_mb": 0.0}
{"tgid": 8644, "comm": "runc", "shmget": 0, "shmat": 0, "shmdt": 0, "rmid": 0, "get_mb": 0.0, "shmopen": 0, "unlink": 0, "mmap_sh": 0, "munmap": 8, "mmap_sh_mb": 0.0}
{"tgid": 8655, "comm": "6", "shmget": 0, "shmat": 0, "shmdt": 0, "rmid": 0, "get_mb": 0.0, "shmopen": 0, "unlink": 0, "mmap_sh": 0, "munmap": 1, "mmap_sh_mb": 0.0}
{"tgid": 8657, "comm": "runc:[2:INIT]", "shmget": 0, "shmat": 0, "shmdt": 0, "rmid": 0, "get_mb": 0.0, "shmopen": 0, "unlink": 0, "mmap_sh": 0, "munmap": 4, "mmap_sh_mb": 0.0}
{"tgid": 8616, "comm": "runc", "shmget": 0, "shmat": 0, "shmdt": 0, "rmid": 0, "get_mb": 0.0, "shmopen": 0, "unlink": 0, "mmap_sh": 0, "munmap": 7, "mmap_sh_mb": 0.0}
{"tgid": 8603, "comm": "modprobe", "shmget": 0, "shmat": 0, "shmdt": 0, "rmid": 0, "get_mb": 0.0, "shmopen": 0, "unlink": 0, "mmap_sh": 0, "munmap": 6, "mmap_sh_mb": 0.0}
{"tgid": 8376, "comm": "flux-broker-104", "shmget": 0, "shmat": 0, "shmdt": 0, "rmid": 0, "get_mb": 0.0, "shmopen": 0, "unlink": 0, "mmap_sh": 0, "munmap": 2, "mmap_sh_mb": 0.0}

--- Shared Memory Stats Summary at 22:54:06 ---
{"tgid": 8601, "comm": "lmp_gpu", "shmget": 1, "shmat": 1, "shmdt": 1, "rmid": 1, "get_mb": 0.00390625, "shmopen": 0, "unlink": 0, "mmap_sh": 37, "munmap": 127, "mmap_sh_mb": 87.23046875}
{"tgid": 8637, "comm": "lmp_gpu", "shmget": 1, "shmat": 1, "shmdt": 1, "rmid": 1, "get_mb": 0.00390625, "shmopen": 0, "unlink": 0, "mmap_sh": 37, "munmap": 67, "mmap_sh_mb": 87.23046875}
{"tgid": 8636, "comm": "flux-shell", "shmget": 0, "shmat": 0, "shmdt": 0, "rmid": 0, "get_mb": 0.0, "shmopen": 0, "unlink": 0, "mmap_sh": 1, "munmap": 1, "mmap_sh_mb": 0.025751113891601562}
{"tgid": 8600, "comm": "flux-shell", "shmget": 0, "shmat": 0, "shmdt": 0, "rmid": 0, "get_mb": 0.0, "shmopen": 0, "unlink": 0, "mmap_sh": 1, "munmap": 4, "mmap_sh_mb": 0.025751113891601562}
{"tgid": 8668, "comm": "lsblk", "shmget": 0, "shmat": 0, "shmdt": 0, "rmid": 0, "get_mb": 0.0, "shmopen": 0, "unlink": 0, "mmap_sh": 1, "munmap": 1, "mmap_sh_mb": 0.025775909423828125}
{"tgid": 8627, "comm": "runc:[2:INIT]", "shmget": 0, "shmat": 0, "shmdt": 0, "rmid": 0, "get_mb": 0.0, "shmopen": 0, "unlink": 0, "mmap_sh": 0, "munmap": 4, "mmap_sh_mb": 0.0}
{"tgid": 8625, "comm": "6", "shmget": 0, "shmat": 0, "shmdt": 0, "rmid": 0, "get_mb": 0.0, "shmopen": 0, "unlink": 0, "mmap_sh": 0, "munmap": 1, "mmap_sh_mb": 0.0}
{"tgid": 8667, "comm": "ip6tables", "shmget": 0, "shmat": 0, "shmdt": 0, "rmid": 0, "get_mb": 0.0, "shmopen": 0, "unlink": 0, "mmap_sh": 0, "munmap": 2, "mmap_sh_mb": 0.0}
{"tgid": 8644, "comm": "runc", "shmget": 0, "shmat": 0, "shmdt": 0, "rmid": 0, "get_mb": 0.0, "shmopen": 0, "unlink": 0, "mmap_sh": 0, "munmap": 8, "mmap_sh_mb": 0.0}
{"tgid": 8655, "comm": "6", "shmget": 0, "shmat": 0, "shmdt": 0, "rmid": 0, "get_mb": 0.0, "shmopen": 0, "unlink": 0, "mmap_sh": 0, "munmap": 1, "mmap_sh_mb": 0.0}
{"tgid": 8666, "comm": "iptables", "shmget": 0, "shmat": 0, "shmdt": 0, "rmid": 0, "get_mb": 0.0, "shmopen": 0, "unlink": 0, "mmap_sh": 0, "munmap": 2, "mmap_sh_mb": 0.0}
{"tgid": 8657, "comm": "runc:[2:INIT]", "shmget": 0, "shmat": 0, "shmdt": 0, "rmid": 0, "get_mb": 0.0, "shmopen": 0, "unlink": 0, "mmap_sh": 0, "munmap": 4, "mmap_sh_mb": 0.0}
{"tgid": 8616, "comm": "runc", "shmget": 0, "shmat": 0, "shmdt": 0, "rmid": 0, "get_mb": 0.0, "shmopen": 0, "unlink": 0, "mmap_sh": 0, "munmap": 7, "mmap_sh_mb": 0.0}
{"tgid": 8603, "comm": "modprobe", "shmget": 0, "shmat": 0, "shmdt": 0, "rmid": 0, "get_mb": 0.0, "shmopen": 0, "unlink": 0, "mmap_sh": 0, "munmap": 6, "mmap_sh_mb": 0.0}
{"tgid": 8376, "comm": "flux-broker-104", "shmget": 0, "shmat": 0, "shmdt": 0, "rmid": 0, "get_mb": 0.0, "shmopen": 0, "unlink": 0, "mmap_sh": 0, "munmap": 2, "mmap_sh_mb": 0.0}

--- Shared Memory Stats Summary at 22:54:11 ---
{"tgid": 8601, "comm": "lmp_gpu", "shmget": 1, "shmat": 1, "shmdt": 1, "rmid": 1, "get_mb": 0.00390625, "shmopen": 0, "unlink": 0, "mmap_sh": 37, "munmap": 127, "mmap_sh_mb": 87.23046875}
{"tgid": 8637, "comm": "lmp_gpu", "shmget": 1, "shmat": 1, "shmdt": 1, "rmid": 1, "get_mb": 0.00390625, "shmopen": 0, "unlink": 0, "mmap_sh": 37, "munmap": 135, "mmap_sh_mb": 87.23046875}
{"tgid": 8670, "comm": "lmp_gpu", "shmget": 1, "shmat": 1, "shmdt": 1, "rmid": 1, "get_mb": 0.00390625, "shmopen": 0, "unlink": 0, "mmap_sh": 37, "munmap": 61, "mmap_sh_mb": 87.23046875}
{"tgid": 8636, "comm": "flux-shell", "shmget": 0, "shmat": 0, "shmdt": 0, "rmid": 0, "get_mb": 0.0, "shmopen": 0, "unlink": 0, "mmap_sh": 1, "munmap": 4, "mmap_sh_mb": 0.025751113891601562}
{"tgid": 8600, "comm": "flux-shell", "shmget": 0, "shmat": 0, "shmdt": 0, "rmid": 0, "get_mb": 0.0, "shmopen": 0, "unlink": 0, "mmap_sh": 1, "munmap": 4, "mmap_sh_mb": 0.025751113891601562}
{"tgid": 8669, "comm": "flux-shell", "shmget": 0, "shmat": 0, "shmdt": 0, "rmid": 0, "get_mb": 0.0, "shmopen": 0, "unlink": 0, "mmap_sh": 1, "munmap": 1, "mmap_sh_mb": 0.025751113891601562}
{"tgid": 8668, "comm": "lsblk", "shmget": 0, "shmat": 0, "shmdt": 0, "rmid": 0, "get_mb": 0.0, "shmopen": 0, "unlink": 0, "mmap_sh": 1, "munmap": 1, "mmap_sh_mb": 0.025775909423828125}
{"tgid": 8627, "comm": "runc:[2:INIT]", "shmget": 0, "shmat": 0, "shmdt": 0, "rmid": 0, "get_mb": 0.0, "shmopen": 0, "unlink": 0, "mmap_sh": 0, "munmap": 4, "mmap_sh_mb": 0.0}
{"tgid": 8625, "comm": "6", "shmget": 0, "shmat": 0, "shmdt": 0, "rmid": 0, "get_mb": 0.0, "shmopen": 0, "unlink": 0, "mmap_sh": 0, "munmap": 1, "mmap_sh_mb": 0.0}
{"tgid": 8677, "comm": "runc", "shmget": 0, "shmat": 0, "shmdt": 0, "rmid": 0, "get_mb": 0.0, "shmopen": 0, "unlink": 0, "mmap_sh": 0, "munmap": 7, "mmap_sh_mb": 0.0}
{"tgid": 8667, "comm": "ip6tables", "shmget": 0, "shmat": 0, "shmdt": 0, "rmid": 0, "get_mb": 0.0, "shmopen": 0, "unlink": 0, "mmap_sh": 0, "munmap": 2, "mmap_sh_mb": 0.0}
{"tgid": 8644, "comm": "runc", "shmget": 0, "shmat": 0, "shmdt": 0, "rmid": 0, "get_mb": 0.0, "shmopen": 0, "unlink": 0, "mmap_sh": 0, "munmap": 8, "mmap_sh_mb": 0.0}
{"tgid": 8655, "comm": "6", "shmget": 0, "shmat": 0, "shmdt": 0, "rmid": 0, "get_mb": 0.0, "shmopen": 0, "unlink": 0, "mmap_sh": 0, "munmap": 1, "mmap_sh_mb": 0.0}
{"tgid": 8689, "comm": "runc:[2:INIT]", "shmget": 0, "shmat": 0, "shmdt": 0, "rmid": 0, "get_mb": 0.0, "shmopen": 0, "unlink": 0, "mmap_sh": 0, "munmap": 4, "mmap_sh_mb": 0.0}
{"tgid": 8666, "comm": "iptables", "shmget": 0, "shmat": 0, "shmdt": 0, "rmid": 0, "get_mb": 0.0, "shmopen": 0, "unlink": 0, "mmap_sh": 0, "munmap": 2, "mmap_sh_mb": 0.0}
{"tgid": 8657, "comm": "runc:[2:INIT]", "shmget": 0, "shmat": 0, "shmdt": 0, "rmid": 0, "get_mb": 0.0, "shmopen": 0, "unlink": 0, "mmap_sh": 0, "munmap": 4, "mmap_sh_mb": 0.0}
{"tgid": 8616, "comm": "runc", "shmget": 0, "shmat": 0, "shmdt": 0, "rmid": 0, "get_mb": 0.0, "shmopen": 0, "unlink": 0, "mmap_sh": 0, "munmap": 7, "mmap_sh_mb": 0.0}
{"tgid": 8603, "comm": "modprobe", "shmget": 0, "shmat": 0, "shmdt": 0, "rmid": 0, "get_mb": 0.0, "shmopen": 0, "unlink": 0, "mmap_sh": 0, "munmap": 6, "mmap_sh_mb": 0.0}
{"tgid": 8687, "comm": "6", "shmget": 0, "shmat": 0, "shmdt": 0, "rmid": 0, "get_mb": 0.0, "shmopen": 0, "unlink": 0, "mmap_sh": 0, "munmap": 1, "mmap_sh_mb": 0.0}
{"tgid": 8376, "comm": "flux-broker-104", "shmget": 0, "shmat": 0, "shmdt": 0, "rmid": 0, "get_mb": 0.0, "shmopen": 0, "unlink": 0, "mmap_sh": 0, "munmap": 3, "mmap_sh_mb": 0.0}

--- Shared Memory Stats Summary at 22:54:16 ---
{"tgid": 8601, "comm": "lmp_gpu", "shmget": 1, "shmat": 1, "shmdt": 1, "rmid": 1, "get_mb": 0.00390625, "shmopen": 0, "unlink": 0, "mmap_sh": 37, "munmap": 127, "mmap_sh_mb": 87.23046875}
{"tgid": 8637, "comm": "lmp_gpu", "shmget": 1, "shmat": 1, "shmdt": 1, "rmid": 1, "get_mb": 0.00390625, "shmopen": 0, "unlink": 0, "mmap_sh": 37, "munmap": 135, "mmap_sh_mb": 87.23046875}
{"tgid": 8670, "comm": "lmp_gpu", "shmget": 1, "shmat": 1, "shmdt": 1, "rmid": 1, "get_mb": 0.00390625, "shmopen": 0, "unlink": 0, "mmap_sh": 37, "munmap": 64, "mmap_sh_mb": 87.23046875}
{"tgid": 8636, "comm": "flux-shell", "shmget": 0, "shmat": 0, "shmdt": 0, "rmid": 0, "get_mb": 0.0, "shmopen": 0, "unlink": 0, "mmap_sh": 1, "munmap": 4, "mmap_sh_mb": 0.025751113891601562}
{"tgid": 8600, "comm": "flux-shell", "shmget": 0, "shmat": 0, "shmdt": 0, "rmid": 0, "get_mb": 0.0, "shmopen": 0, "unlink": 0, "mmap_sh": 1, "munmap": 4, "mmap_sh_mb": 0.025751113891601562}
{"tgid": 8669, "comm": "flux-shell", "shmget": 0, "shmat": 0, "shmdt": 0, "rmid": 0, "get_mb": 0.0, "shmopen": 0, "unlink": 0, "mmap_sh": 1, "munmap": 1, "mmap_sh_mb": 0.025751113891601562}
{"tgid": 8668, "comm": "lsblk", "shmget": 0, "shmat": 0, "shmdt": 0, "rmid": 0, "get_mb": 0.0, "shmopen": 0, "unlink": 0, "mmap_sh": 1, "munmap": 1, "mmap_sh_mb": 0.025775909423828125}
{"tgid": 8627, "comm": "runc:[2:INIT]", "shmget": 0, "shmat": 0, "shmdt": 0, "rmid": 0, "get_mb": 0.0, "shmopen": 0, "unlink": 0, "mmap_sh": 0, "munmap": 4, "mmap_sh_mb": 0.0}
{"tgid": 8625, "comm": "6", "shmget": 0, "shmat": 0, "shmdt": 0, "rmid": 0, "get_mb": 0.0, "shmopen": 0, "unlink": 0, "mmap_sh": 0, "munmap": 1, "mmap_sh_mb": 0.0}
{"tgid": 8677, "comm": "runc", "shmget": 0, "shmat": 0, "shmdt": 0, "rmid": 0, "get_mb": 0.0, "shmopen": 0, "unlink": 0, "mmap_sh": 0, "munmap": 7, "mmap_sh_mb": 0.0}
{"tgid": 8667, "comm": "ip6tables", "shmget": 0, "shmat": 0, "shmdt": 0, "rmid": 0, "get_mb": 0.0, "shmopen": 0, "unlink": 0, "mmap_sh": 0, "munmap": 2, "mmap_sh_mb": 0.0}
{"tgid": 8644, "comm": "runc", "shmget": 0, "shmat": 0, "shmdt": 0, "rmid": 0, "get_mb": 0.0, "shmopen": 0, "unlink": 0, "mmap_sh": 0, "munmap": 8, "mmap_sh_mb": 0.0}
{"tgid": 8655, "comm": "6", "shmget": 0, "shmat": 0, "shmdt": 0, "rmid": 0, "get_mb": 0.0, "shmopen": 0, "unlink": 0, "mmap_sh": 0, "munmap": 1, "mmap_sh_mb": 0.0}
{"tgid": 8689, "comm": "runc:[2:INIT]", "shmget": 0, "shmat": 0, "shmdt": 0, "rmid": 0, "get_mb": 0.0, "shmopen": 0, "unlink": 0, "mmap_sh": 0, "munmap": 4, "mmap_sh_mb": 0.0}
{"tgid": 8666, "comm": "iptables", "shmget": 0, "shmat": 0, "shmdt": 0, "rmid": 0, "get_mb": 0.0, "shmopen": 0, "unlink": 0, "mmap_sh": 0, "munmap": 2, "mmap_sh_mb": 0.0}
{"tgid": 8657, "comm": "runc:[2:INIT]", "shmget": 0, "shmat": 0, "shmdt": 0, "rmid": 0, "get_mb": 0.0, "shmopen": 0, "unlink": 0, "mmap_sh": 0, "munmap": 4, "mmap_sh_mb": 0.0}
{"tgid": 8616, "comm": "runc", "shmget": 0, "shmat": 0, "shmdt": 0, "rmid": 0, "get_mb": 0.0, "shmopen": 0, "unlink": 0, "mmap_sh": 0, "munmap": 7, "mmap_sh_mb": 0.0}
{"tgid": 8603, "comm": "modprobe", "shmget": 0, "shmat": 0, "shmdt": 0, "rmid": 0, "get_mb": 0.0, "shmopen": 0, "unlink": 0, "mmap_sh": 0, "munmap": 6, "mmap_sh_mb": 0.0}
{"tgid": 8687, "comm": "6", "shmget": 0, "shmat": 0, "shmdt": 0, "rmid": 0, "get_mb": 0.0, "shmopen": 0, "unlink": 0, "mmap_sh": 0, "munmap": 1, "mmap_sh_mb": 0.0}
{"tgid": 8376, "comm": "flux-broker-104", "shmget": 0, "shmat": 0, "shmdt": 0, "rmid": 0, "get_mb": 0.0, "shmopen": 0, "unlink": 0, "mmap_sh": 0, "munmap": 3, "mmap_sh_mb": 0.0}

--- Shared Memory Stats Summary at 22:54:21 ---
{"tgid": 8601, "comm": "lmp_gpu", "shmget": 1, "shmat": 1, "shmdt": 1, "rmid": 1, "get_mb": 0.00390625, "shmopen": 0, "unlink": 0, "mmap_sh": 37, "munmap": 127, "mmap_sh_mb": 87.23046875}
{"tgid": 8637, "comm": "lmp_gpu", "shmget": 1, "shmat": 1, "shmdt": 1, "rmid": 1, "get_mb": 0.00390625, "shmopen": 0, "unlink": 0, "mmap_sh": 37, "munmap": 135, "mmap_sh_mb": 87.23046875}
{"tgid": 8670, "comm": "lmp_gpu", "shmget": 1, "shmat": 1, "shmdt": 1, "rmid": 1, "get_mb": 0.00390625, "shmopen": 0, "unlink": 0, "mmap_sh": 37, "munmap": 136, "mmap_sh_mb": 87.23046875}
{"tgid": 8636, "comm": "flux-shell", "shmget": 0, "shmat": 0, "shmdt": 0, "rmid": 0, "get_mb": 0.0, "shmopen": 0, "unlink": 0, "mmap_sh": 1, "munmap": 4, "mmap_sh_mb": 0.025751113891601562}
{"tgid": 8600, "comm": "flux-shell", "shmget": 0, "shmat": 0, "shmdt": 0, "rmid": 0, "get_mb": 0.0, "shmopen": 0, "unlink": 0, "mmap_sh": 1, "munmap": 4, "mmap_sh_mb": 0.025751113891601562}
{"tgid": 8669, "comm": "flux-shell", "shmget": 0, "shmat": 0, "shmdt": 0, "rmid": 0, "get_mb": 0.0, "shmopen": 0, "unlink": 0, "mmap_sh": 1, "munmap": 4, "mmap_sh_mb": 0.025751113891601562}
{"tgid": 8668, "comm": "lsblk", "shmget": 0, "shmat": 0, "shmdt": 0, "rmid": 0, "get_mb": 0.0, "shmopen": 0, "unlink": 0, "mmap_sh": 1, "munmap": 1, "mmap_sh_mb": 0.025775909423828125}
{"tgid": 8627, "comm": "runc:[2:INIT]", "shmget": 0, "shmat": 0, "shmdt": 0, "rmid": 0, "get_mb": 0.0, "shmopen": 0, "unlink": 0, "mmap_sh": 0, "munmap": 4, "mmap_sh_mb": 0.0}
{"tgid": 8625, "comm": "6", "shmget": 0, "shmat": 0, "shmdt": 0, "rmid": 0, "get_mb": 0.0, "shmopen": 0, "unlink": 0, "mmap_sh": 0, "munmap": 1, "mmap_sh_mb": 0.0}
{"tgid": 8677, "comm": "runc", "shmget": 0, "shmat": 0, "shmdt": 0, "rmid": 0, "get_mb": 0.0, "shmopen": 0, "unlink": 0, "mmap_sh": 0, "munmap": 7, "mmap_sh_mb": 0.0}
{"tgid": 8667, "comm": "ip6tables", "shmget": 0, "shmat": 0, "shmdt": 0, "rmid": 0, "get_mb": 0.0, "shmopen": 0, "unlink": 0, "mmap_sh": 0, "munmap": 2, "mmap_sh_mb": 0.0}
{"tgid": 8644, "comm": "runc", "shmget": 0, "shmat": 0, "shmdt": 0, "rmid": 0, "get_mb": 0.0, "shmopen": 0, "unlink": 0, "mmap_sh": 0, "munmap": 8, "mmap_sh_mb": 0.0}
{"tgid": 8655, "comm": "6", "shmget": 0, "shmat": 0, "shmdt": 0, "rmid": 0, "get_mb": 0.0, "shmopen": 0, "unlink": 0, "mmap_sh": 0, "munmap": 1, "mmap_sh_mb": 0.0}
{"tgid": 8689, "comm": "runc:[2:INIT]", "shmget": 0, "shmat": 0, "shmdt": 0, "rmid": 0, "get_mb": 0.0, "shmopen": 0, "unlink": 0, "mmap_sh": 0, "munmap": 4, "mmap_sh_mb": 0.0}
{"tgid": 8698, "comm": "runc", "shmget": 0, "shmat": 0, "shmdt": 0, "rmid": 0, "get_mb": 0.0, "shmopen": 0, "unlink": 0, "mmap_sh": 0, "munmap": 7, "mmap_sh_mb": 0.0}
{"tgid": 8666, "comm": "iptables", "shmget": 0, "shmat": 0, "shmdt": 0, "rmid": 0, "get_mb": 0.0, "shmopen": 0, "unlink": 0, "mmap_sh": 0, "munmap": 2, "mmap_sh_mb": 0.0}
{"tgid": 8709, "comm": "runc:[2:INIT]", "shmget": 0, "shmat": 0, "shmdt": 0, "rmid": 0, "get_mb": 0.0, "shmopen": 0, "unlink": 0, "mmap_sh": 0, "munmap": 6, "mmap_sh_mb": 0.0}
{"tgid": 8657, "comm": "runc:[2:INIT]", "shmget": 0, "shmat": 0, "shmdt": 0, "rmid": 0, "get_mb": 0.0, "shmopen": 0, "unlink": 0, "mmap_sh": 0, "munmap": 4, "mmap_sh_mb": 0.0}
{"tgid": 8707, "comm": "6", "shmget": 0, "shmat": 0, "shmdt": 0, "rmid": 0, "get_mb": 0.0, "shmopen": 0, "unlink": 0, "mmap_sh": 0, "munmap": 1, "mmap_sh_mb": 0.0}
{"tgid": 8616, "comm": "runc", "shmget": 0, "shmat": 0, "shmdt": 0, "rmid": 0, "get_mb": 0.0, "shmopen": 0, "unlink": 0, "mmap_sh": 0, "munmap": 7, "mmap_sh_mb": 0.0}

--- Shared Memory Stats Summary at 22:54:26 ---
{"tgid": 8601, "comm": "lmp_gpu", "shmget": 1, "shmat": 1, "shmdt": 1, "rmid": 1, "get_mb": 0.00390625, "shmopen": 0, "unlink": 0, "mmap_sh": 37, "munmap": 127, "mmap_sh_mb": 87.23046875}
{"tgid": 8637, "comm": "lmp_gpu", "shmget": 1, "shmat": 1, "shmdt": 1, "rmid": 1, "get_mb": 0.00390625, "shmopen": 0, "unlink": 0, "mmap_sh": 37, "munmap": 135, "mmap_sh_mb": 87.23046875}
{"tgid": 8670, "comm": "lmp_gpu", "shmget": 1, "shmat": 1, "shmdt": 1, "rmid": 1, "get_mb": 0.00390625, "shmopen": 0, "unlink": 0, "mmap_sh": 37, "munmap": 136, "mmap_sh_mb": 87.23046875}
{"tgid": 8636, "comm": "flux-shell", "shmget": 0, "shmat": 0, "shmdt": 0, "rmid": 0, "get_mb": 0.0, "shmopen": 0, "unlink": 0, "mmap_sh": 1, "munmap": 4, "mmap_sh_mb": 0.025751113891601562}
{"tgid": 8600, "comm": "flux-shell", "shmget": 0, "shmat": 0, "shmdt": 0, "rmid": 0, "get_mb": 0.0, "shmopen": 0, "unlink": 0, "mmap_sh": 1, "munmap": 4, "mmap_sh_mb": 0.025751113891601562}
{"tgid": 8669, "comm": "flux-shell", "shmget": 0, "shmat": 0, "shmdt": 0, "rmid": 0, "get_mb": 0.0, "shmopen": 0, "unlink": 0, "mmap_sh": 1, "munmap": 4, "mmap_sh_mb": 0.025751113891601562}
{"tgid": 8668, "comm": "lsblk", "shmget": 0, "shmat": 0, "shmdt": 0, "rmid": 0, "get_mb": 0.0, "shmopen": 0, "unlink": 0, "mmap_sh": 1, "munmap": 1, "mmap_sh_mb": 0.025775909423828125}
{"tgid": 8719, "comm": "ip6tables", "shmget": 0, "shmat": 0, "shmdt": 0, "rmid": 0, "get_mb": 0.0, "shmopen": 0, "unlink": 0, "mmap_sh": 0, "munmap": 3, "mmap_sh_mb": 0.0}
{"tgid": 8627, "comm": "runc:[2:INIT]", "shmget": 0, "shmat": 0, "shmdt": 0, "rmid": 0, "get_mb": 0.0, "shmopen": 0, "unlink": 0, "mmap_sh": 0, "munmap": 4, "mmap_sh_mb": 0.0}
{"tgid": 8625, "comm": "6", "shmget": 0, "shmat": 0, "shmdt": 0, "rmid": 0, "get_mb": 0.0, "shmopen": 0, "unlink": 0, "mmap_sh": 0, "munmap": 1, "mmap_sh_mb": 0.0}
{"tgid": 8677, "comm": "runc", "shmget": 0, "shmat": 0, "shmdt": 0, "rmid": 0, "get_mb": 0.0, "shmopen": 0, "unlink": 0, "mmap_sh": 0, "munmap": 7, "mmap_sh_mb": 0.0}
{"tgid": 8733, "comm": "ip6tables", "shmget": 0, "shmat": 0, "shmdt": 0, "rmid": 0, "get_mb": 0.0, "shmopen": 0, "unlink": 0, "mmap_sh": 0, "munmap": 3, "mmap_sh_mb": 0.0}
{"tgid": 8739, "comm": "ip6tables", "shmget": 0, "shmat": 0, "shmdt": 0, "rmid": 0, "get_mb": 0.0, "shmopen": 0, "unlink": 0, "mmap_sh": 0, "munmap": 2, "mmap_sh_mb": 0.0}
{"tgid": 8749, "comm": "modprobe", "shmget": 0, "shmat": 0, "shmdt": 0, "rmid": 0, "get_mb": 0.0, "shmopen": 0, "unlink": 0, "mmap_sh": 0, "munmap": 6, "mmap_sh_mb": 0.0}
{"tgid": 8667, "comm": "ip6tables", "shmget": 0, "shmat": 0, "shmdt": 0, "rmid": 0, "get_mb": 0.0, "shmopen": 0, "unlink": 0, "mmap_sh": 0, "munmap": 2, "mmap_sh_mb": 0.0}
{"tgid": 8748, "comm": "modprobe", "shmget": 0, "shmat": 0, "shmdt": 0, "rmid": 0, "get_mb": 0.0, "shmopen": 0, "unlink": 0, "mmap_sh": 0, "munmap": 6, "mmap_sh_mb": 0.0}
{"tgid": 8644, "comm": "runc", "shmget": 0, "shmat": 0, "shmdt": 0, "rmid": 0, "get_mb": 0.0, "shmopen": 0, "unlink": 0, "mmap_sh": 0, "munmap": 8, "mmap_sh_mb": 0.0}
{"tgid": 8741, "comm": "ip6tables", "shmget": 0, "shmat": 0, "shmdt": 0, "rmid": 0, "get_mb": 0.0, "shmopen": 0, "unlink": 0, "mmap_sh": 0, "munmap": 2, "mmap_sh_mb": 0.0}
{"tgid": 8655, "comm": "6", "shmget": 0, "shmat": 0, "shmdt": 0, "rmid": 0, "get_mb": 0.0, "shmopen": 0, "unlink": 0, "mmap_sh": 0, "munmap": 1, "mmap_sh_mb": 0.0}
{"tgid": 8727, "comm": "ip6tables", "shmget": 0, "shmat": 0, "shmdt": 0, "rmid": 0, "get_mb": 0.0, "shmopen": 0, "unlink": 0, "mmap_sh": 0, "munmap": 3, "mmap_sh_mb": 0.0}

--- Shared Memory Stats Summary at 22:54:31 ---
{"tgid": 8601, "comm": "lmp_gpu", "shmget": 1, "shmat": 1, "shmdt": 1, "rmid": 1, "get_mb": 0.00390625, "shmopen": 0, "unlink": 0, "mmap_sh": 37, "munmap": 127, "mmap_sh_mb": 87.23046875}
{"tgid": 8637, "comm": "lmp_gpu", "shmget": 1, "shmat": 1, "shmdt": 1, "rmid": 1, "get_mb": 0.00390625, "shmopen": 0, "unlink": 0, "mmap_sh": 37, "munmap": 135, "mmap_sh_mb": 87.23046875}
{"tgid": 8670, "comm": "lmp_gpu", "shmget": 1, "shmat": 1, "shmdt": 1, "rmid": 1, "get_mb": 0.00390625, "shmopen": 0, "unlink": 0, "mmap_sh": 37, "munmap": 136, "mmap_sh_mb": 87.23046875}
{"tgid": 8636, "comm": "flux-shell", "shmget": 0, "shmat": 0, "shmdt": 0, "rmid": 0, "get_mb": 0.0, "shmopen": 0, "unlink": 0, "mmap_sh": 1, "munmap": 4, "mmap_sh_mb": 0.025751113891601562}
{"tgid": 8600, "comm": "flux-shell", "shmget": 0, "shmat": 0, "shmdt": 0, "rmid": 0, "get_mb": 0.0, "shmopen": 0, "unlink": 0, "mmap_sh": 1, "munmap": 4, "mmap_sh_mb": 0.025751113891601562}
{"tgid": 8669, "comm": "flux-shell", "shmget": 0, "shmat": 0, "shmdt": 0, "rmid": 0, "get_mb": 0.0, "shmopen": 0, "unlink": 0, "mmap_sh": 1, "munmap": 4, "mmap_sh_mb": 0.025751113891601562}
{"tgid": 8668, "comm": "lsblk", "shmget": 0, "shmat": 0, "shmdt": 0, "rmid": 0, "get_mb": 0.0, "shmopen": 0, "unlink": 0, "mmap_sh": 1, "munmap": 1, "mmap_sh_mb": 0.025775909423828125}
{"tgid": 8719, "comm": "ip6tables", "shmget": 0, "shmat": 0, "shmdt": 0, "rmid": 0, "get_mb": 0.0, "shmopen": 0, "unlink": 0, "mmap_sh": 0, "munmap": 3, "mmap_sh_mb": 0.0}
{"tgid": 8627, "comm": "runc:[2:INIT]", "shmget": 0, "shmat": 0, "shmdt": 0, "rmid": 0, "get_mb": 0.0, "shmopen": 0, "unlink": 0, "mmap_sh": 0, "munmap": 4, "mmap_sh_mb": 0.0}
{"tgid": 8625, "comm": "6", "shmget": 0, "shmat": 0, "shmdt": 0, "rmid": 0, "get_mb": 0.0, "shmopen": 0, "unlink": 0, "mmap_sh": 0, "munmap": 1, "mmap_sh_mb": 0.0}
{"tgid": 8677, "comm": "runc", "shmget": 0, "shmat": 0, "shmdt": 0, "rmid": 0, "get_mb": 0.0, "shmopen": 0, "unlink": 0, "mmap_sh": 0, "munmap": 7, "mmap_sh_mb": 0.0}
{"tgid": 8733, "comm": "ip6tables", "shmget": 0, "shmat": 0, "shmdt": 0, "rmid": 0, "get_mb": 0.0, "shmopen": 0, "unlink": 0, "mmap_sh": 0, "munmap": 3, "mmap_sh_mb": 0.0}
{"tgid": 8739, "comm": "ip6tables", "shmget": 0, "shmat": 0, "shmdt": 0, "rmid": 0, "get_mb": 0.0, "shmopen": 0, "unlink": 0, "mmap_sh": 0, "munmap": 2, "mmap_sh_mb": 0.0}
{"tgid": 8749, "comm": "modprobe", "shmget": 0, "shmat": 0, "shmdt": 0, "rmid": 0, "get_mb": 0.0, "shmopen": 0, "unlink": 0, "mmap_sh": 0, "munmap": 6, "mmap_sh_mb": 0.0}
{"tgid": 8667, "comm": "ip6tables", "shmget": 0, "shmat": 0, "shmdt": 0, "rmid": 0, "get_mb": 0.0, "shmopen": 0, "unlink": 0, "mmap_sh": 0, "munmap": 2, "mmap_sh_mb": 0.0}
{"tgid": 8748, "comm": "modprobe", "shmget": 0, "shmat": 0, "shmdt": 0, "rmid": 0, "get_mb": 0.0, "shmopen": 0, "unlink": 0, "mmap_sh": 0, "munmap": 6, "mmap_sh_mb": 0.0}
{"tgid": 8644, "comm": "runc", "shmget": 0, "shmat": 0, "shmdt": 0, "rmid": 0, "get_mb": 0.0, "shmopen": 0, "unlink": 0, "mmap_sh": 0, "munmap": 8, "mmap_sh_mb": 0.0}
{"tgid": 8741, "comm": "ip6tables", "shmget": 0, "shmat": 0, "shmdt": 0, "rmid": 0, "get_mb": 0.0, "shmopen": 0, "unlink": 0, "mmap_sh": 0, "munmap": 2, "mmap_sh_mb": 0.0}
{"tgid": 8655, "comm": "6", "shmget": 0, "shmat": 0, "shmdt": 0, "rmid": 0, "get_mb": 0.0, "shmopen": 0, "unlink": 0, "mmap_sh": 0, "munmap": 1, "mmap_sh_mb": 0.0}
{"tgid": 8727, "comm": "ip6tables", "shmget": 0, "shmat": 0, "shmdt": 0, "rmid": 0, "get_mb": 0.0, "shmopen": 0, "unlink": 0, "mmap_sh": 0, "munmap": 3, "mmap_sh_mb": 0.0}

--- Shared Memory Stats Summary at 22:54:36 ---
{"tgid": 8601, "comm": "lmp_gpu", "shmget": 1, "shmat": 1, "shmdt": 1, "rmid": 1, "get_mb": 0.00390625, "shmopen": 0, "unlink": 0, "mmap_sh": 37, "munmap": 127, "mmap_sh_mb": 87.23046875}
{"tgid": 8637, "comm": "lmp_gpu", "shmget": 1, "shmat": 1, "shmdt": 1, "rmid": 1, "get_mb": 0.00390625, "shmopen": 0, "unlink": 0, "mmap_sh": 37, "munmap": 135, "mmap_sh_mb": 87.23046875}
{"tgid": 8670, "comm": "lmp_gpu", "shmget": 1, "shmat": 1, "shmdt": 1, "rmid": 1, "get_mb": 0.00390625, "shmopen": 0, "unlink": 0, "mmap_sh": 37, "munmap": 136, "mmap_sh_mb": 87.23046875}
{"tgid": 8636, "comm": "flux-shell", "shmget": 0, "shmat": 0, "shmdt": 0, "rmid": 0, "get_mb": 0.0, "shmopen": 0, "unlink": 0, "mmap_sh": 1, "munmap": 4, "mmap_sh_mb": 0.025751113891601562}
{"tgid": 8600, "comm": "flux-shell", "shmget": 0, "shmat": 0, "shmdt": 0, "rmid": 0, "get_mb": 0.0, "shmopen": 0, "unlink": 0, "mmap_sh": 1, "munmap": 4, "mmap_sh_mb": 0.025751113891601562}
{"tgid": 8669, "comm": "flux-shell", "shmget": 0, "shmat": 0, "shmdt": 0, "rmid": 0, "get_mb": 0.0, "shmopen": 0, "unlink": 0, "mmap_sh": 1, "munmap": 4, "mmap_sh_mb": 0.025751113891601562}
{"tgid": 8668, "comm": "lsblk", "shmget": 0, "shmat": 0, "shmdt": 0, "rmid": 0, "get_mb": 0.0, "shmopen": 0, "unlink": 0, "mmap_sh": 1, "munmap": 1, "mmap_sh_mb": 0.025775909423828125}
{"tgid": 8719, "comm": "ip6tables", "shmget": 0, "shmat": 0, "shmdt": 0, "rmid": 0, "get_mb": 0.0, "shmopen": 0, "unlink": 0, "mmap_sh": 0, "munmap": 3, "mmap_sh_mb": 0.0}
{"tgid": 8627, "comm": "runc:[2:INIT]", "shmget": 0, "shmat": 0, "shmdt": 0, "rmid": 0, "get_mb": 0.0, "shmopen": 0, "unlink": 0, "mmap_sh": 0, "munmap": 4, "mmap_sh_mb": 0.0}
{"tgid": 8625, "comm": "6", "shmget": 0, "shmat": 0, "shmdt": 0, "rmid": 0, "get_mb": 0.0, "shmopen": 0, "unlink": 0, "mmap_sh": 0, "munmap": 1, "mmap_sh_mb": 0.0}
{"tgid": 8677, "comm": "runc", "shmget": 0, "shmat": 0, "shmdt": 0, "rmid": 0, "get_mb": 0.0, "shmopen": 0, "unlink": 0, "mmap_sh": 0, "munmap": 7, "mmap_sh_mb": 0.0}
{"tgid": 8771, "comm": "iptables", "shmget": 0, "shmat": 0, "shmdt": 0, "rmid": 0, "get_mb": 0.0, "shmopen": 0, "unlink": 0, "mmap_sh": 0, "munmap": 1, "mmap_sh_mb": 0.0}
{"tgid": 8733, "comm": "ip6tables", "shmget": 0, "shmat": 0, "shmdt": 0, "rmid": 0, "get_mb": 0.0, "shmopen": 0, "unlink": 0, "mmap_sh": 0, "munmap": 3, "mmap_sh_mb": 0.0}
{"tgid": 8739, "comm": "ip6tables", "shmget": 0, "shmat": 0, "shmdt": 0, "rmid": 0, "get_mb": 0.0, "shmopen": 0, "unlink": 0, "mmap_sh": 0, "munmap": 2, "mmap_sh_mb": 0.0}
{"tgid": 8749, "comm": "modprobe", "shmget": 0, "shmat": 0, "shmdt": 0, "rmid": 0, "get_mb": 0.0, "shmopen": 0, "unlink": 0, "mmap_sh": 0, "munmap": 6, "mmap_sh_mb": 0.0}
{"tgid": 8667, "comm": "ip6tables", "shmget": 0, "shmat": 0, "shmdt": 0, "rmid": 0, "get_mb": 0.0, "shmopen": 0, "unlink": 0, "mmap_sh": 0, "munmap": 2, "mmap_sh_mb": 0.0}
{"tgid": 8748, "comm": "modprobe", "shmget": 0, "shmat": 0, "shmdt": 0, "rmid": 0, "get_mb": 0.0, "shmopen": 0, "unlink": 0, "mmap_sh": 0, "munmap": 6, "mmap_sh_mb": 0.0}
{"tgid": 8644, "comm": "runc", "shmget": 0, "shmat": 0, "shmdt": 0, "rmid": 0, "get_mb": 0.0, "shmopen": 0, "unlink": 0, "mmap_sh": 0, "munmap": 8, "mmap_sh_mb": 0.0}
{"tgid": 8741, "comm": "ip6tables", "shmget": 0, "shmat": 0, "shmdt": 0, "rmid": 0, "get_mb": 0.0, "shmopen": 0, "unlink": 0, "mmap_sh": 0, "munmap": 2, "mmap_sh_mb": 0.0}
{"tgid": 8655, "comm": "6", "shmget": 0, "shmat": 0, "shmdt": 0, "rmid": 0, "get_mb": 0.0, "shmopen": 0, "unlink": 0, "mmap_sh": 0, "munmap": 1, "mmap_sh_mb": 0.0}

--- Shared Memory Stats Summary at 22:54:41 ---
{"tgid": 8601, "comm": "lmp_gpu", "shmget": 1, "shmat": 1, "shmdt": 1, "rmid": 1, "get_mb": 0.00390625, "shmopen": 0, "unlink": 0, "mmap_sh": 37, "munmap": 127, "mmap_sh_mb": 87.23046875}
{"tgid": 8637, "comm": "lmp_gpu", "shmget": 1, "shmat": 1, "shmdt": 1, "rmid": 1, "get_mb": 0.00390625, "shmopen": 0, "unlink": 0, "mmap_sh": 37, "munmap": 135, "mmap_sh_mb": 87.23046875}
{"tgid": 8670, "comm": "lmp_gpu", "shmget": 1, "shmat": 1, "shmdt": 1, "rmid": 1, "get_mb": 0.00390625, "shmopen": 0, "unlink": 0, "mmap_sh": 37, "munmap": 136, "mmap_sh_mb": 87.23046875}
{"tgid": 8636, "comm": "flux-shell", "shmget": 0, "shmat": 0, "shmdt": 0, "rmid": 0, "get_mb": 0.0, "shmopen": 0, "unlink": 0, "mmap_sh": 1, "munmap": 4, "mmap_sh_mb": 0.025751113891601562}
{"tgid": 8600, "comm": "flux-shell", "shmget": 0, "shmat": 0, "shmdt": 0, "rmid": 0, "get_mb": 0.0, "shmopen": 0, "unlink": 0, "mmap_sh": 1, "munmap": 4, "mmap_sh_mb": 0.025751113891601562}
{"tgid": 8669, "comm": "flux-shell", "shmget": 0, "shmat": 0, "shmdt": 0, "rmid": 0, "get_mb": 0.0, "shmopen": 0, "unlink": 0, "mmap_sh": 1, "munmap": 4, "mmap_sh_mb": 0.025751113891601562}
{"tgid": 8668, "comm": "lsblk", "shmget": 0, "shmat": 0, "shmdt": 0, "rmid": 0, "get_mb": 0.0, "shmopen": 0, "unlink": 0, "mmap_sh": 1, "munmap": 1, "mmap_sh_mb": 0.025775909423828125}
{"tgid": 8719, "comm": "ip6tables", "shmget": 0, "shmat": 0, "shmdt": 0, "rmid": 0, "get_mb": 0.0, "shmopen": 0, "unlink": 0, "mmap_sh": 0, "munmap": 3, "mmap_sh_mb": 0.0}
{"tgid": 8627, "comm": "runc:[2:INIT]", "shmget": 0, "shmat": 0, "shmdt": 0, "rmid": 0, "get_mb": 0.0, "shmopen": 0, "unlink": 0, "mmap_sh": 0, "munmap": 4, "mmap_sh_mb": 0.0}
{"tgid": 8625, "comm": "6", "shmget": 0, "shmat": 0, "shmdt": 0, "rmid": 0, "get_mb": 0.0, "shmopen": 0, "unlink": 0, "mmap_sh": 0, "munmap": 1, "mmap_sh_mb": 0.0}
{"tgid": 8677, "comm": "runc", "shmget": 0, "shmat": 0, "shmdt": 0, "rmid": 0, "get_mb": 0.0, "shmopen": 0, "unlink": 0, "mmap_sh": 0, "munmap": 7, "mmap_sh_mb": 0.0}
{"tgid": 8771, "comm": "iptables", "shmget": 0, "shmat": 0, "shmdt": 0, "rmid": 0, "get_mb": 0.0, "shmopen": 0, "unlink": 0, "mmap_sh": 0, "munmap": 1, "mmap_sh_mb": 0.0}
{"tgid": 8733, "comm": "ip6tables", "shmget": 0, "shmat": 0, "shmdt": 0, "rmid": 0, "get_mb": 0.0, "shmopen": 0, "unlink": 0, "mmap_sh": 0, "munmap": 3, "mmap_sh_mb": 0.0}
{"tgid": 8739, "comm": "ip6tables", "shmget": 0, "shmat": 0, "shmdt": 0, "rmid": 0, "get_mb": 0.0, "shmopen": 0, "unlink": 0, "mmap_sh": 0, "munmap": 2, "mmap_sh_mb": 0.0}
{"tgid": 8749, "comm": "modprobe", "shmget": 0, "shmat": 0, "shmdt": 0, "rmid": 0, "get_mb": 0.0, "shmopen": 0, "unlink": 0, "mmap_sh": 0, "munmap": 6, "mmap_sh_mb": 0.0}
{"tgid": 8667, "comm": "ip6tables", "shmget": 0, "shmat": 0, "shmdt": 0, "rmid": 0, "get_mb": 0.0, "shmopen": 0, "unlink": 0, "mmap_sh": 0, "munmap": 2, "mmap_sh_mb": 0.0}
{"tgid": 8748, "comm": "modprobe", "shmget": 0, "shmat": 0, "shmdt": 0, "rmid": 0, "get_mb": 0.0, "shmopen": 0, "unlink": 0, "mmap_sh": 0, "munmap": 6, "mmap_sh_mb": 0.0}
{"tgid": 8644, "comm": "runc", "shmget": 0, "shmat": 0, "shmdt": 0, "rmid": 0, "get_mb": 0.0, "shmopen": 0, "unlink": 0, "mmap_sh": 0, "munmap": 8, "mmap_sh_mb": 0.0}
{"tgid": 8741, "comm": "ip6tables", "shmget": 0, "shmat": 0, "shmdt": 0, "rmid": 0, "get_mb": 0.0, "shmopen": 0, "unlink": 0, "mmap_sh": 0, "munmap": 2, "mmap_sh_mb": 0.0}
{"tgid": 8655, "comm": "6", "shmget": 0, "shmat": 0, "shmdt": 0, "rmid": 0, "get_mb": 0.0, "shmopen": 0, "unlink": 0, "mmap_sh": 0, "munmap": 1, "mmap_sh_mb": 0.0}

--- Shared Memory Stats Summary at 22:54:46 ---
{"tgid": 8601, "comm": "lmp_gpu", "shmget": 1, "shmat": 1, "shmdt": 1, "rmid": 1, "get_mb": 0.00390625, "shmopen": 0, "unlink": 0, "mmap_sh": 37, "munmap": 127, "mmap_sh_mb": 87.23046875}
{"tgid": 8637, "comm": "lmp_gpu", "shmget": 1, "shmat": 1, "shmdt": 1, "rmid": 1, "get_mb": 0.00390625, "shmopen": 0, "unlink": 0, "mmap_sh": 37, "munmap": 135, "mmap_sh_mb": 87.23046875}
{"tgid": 8670, "comm": "lmp_gpu", "shmget": 1, "shmat": 1, "shmdt": 1, "rmid": 1, "get_mb": 0.00390625, "shmopen": 0, "unlink": 0, "mmap_sh": 37, "munmap": 136, "mmap_sh_mb": 87.23046875}
{"tgid": 8636, "comm": "flux-shell", "shmget": 0, "shmat": 0, "shmdt": 0, "rmid": 0, "get_mb": 0.0, "shmopen": 0, "unlink": 0, "mmap_sh": 1, "munmap": 4, "mmap_sh_mb": 0.025751113891601562}
{"tgid": 8600, "comm": "flux-shell", "shmget": 0, "shmat": 0, "shmdt": 0, "rmid": 0, "get_mb": 0.0, "shmopen": 0, "unlink": 0, "mmap_sh": 1, "munmap": 4, "mmap_sh_mb": 0.025751113891601562}
{"tgid": 8669, "comm": "flux-shell", "shmget": 0, "shmat": 0, "shmdt": 0, "rmid": 0, "get_mb": 0.0, "shmopen": 0, "unlink": 0, "mmap_sh": 1, "munmap": 4, "mmap_sh_mb": 0.025751113891601562}
{"tgid": 8668, "comm": "lsblk", "shmget": 0, "shmat": 0, "shmdt": 0, "rmid": 0, "get_mb": 0.0, "shmopen": 0, "unlink": 0, "mmap_sh": 1, "munmap": 1, "mmap_sh_mb": 0.025775909423828125}
{"tgid": 8719, "comm": "ip6tables", "shmget": 0, "shmat": 0, "shmdt": 0, "rmid": 0, "get_mb": 0.0, "shmopen": 0, "unlink": 0, "mmap_sh": 0, "munmap": 3, "mmap_sh_mb": 0.0}
{"tgid": 8627, "comm": "runc:[2:INIT]", "shmget": 0, "shmat": 0, "shmdt": 0, "rmid": 0, "get_mb": 0.0, "shmopen": 0, "unlink": 0, "mmap_sh": 0, "munmap": 4, "mmap_sh_mb": 0.0}
{"tgid": 8625, "comm": "6", "shmget": 0, "shmat": 0, "shmdt": 0, "rmid": 0, "get_mb": 0.0, "shmopen": 0, "unlink": 0, "mmap_sh": 0, "munmap": 1, "mmap_sh_mb": 0.0}
{"tgid": 8677, "comm": "runc", "shmget": 0, "shmat": 0, "shmdt": 0, "rmid": 0, "get_mb": 0.0, "shmopen": 0, "unlink": 0, "mmap_sh": 0, "munmap": 7, "mmap_sh_mb": 0.0}
{"tgid": 8771, "comm": "iptables", "shmget": 0, "shmat": 0, "shmdt": 0, "rmid": 0, "get_mb": 0.0, "shmopen": 0, "unlink": 0, "mmap_sh": 0, "munmap": 1, "mmap_sh_mb": 0.0}
{"tgid": 8733, "comm": "ip6tables", "shmget": 0, "shmat": 0, "shmdt": 0, "rmid": 0, "get_mb": 0.0, "shmopen": 0, "unlink": 0, "mmap_sh": 0, "munmap": 3, "mmap_sh_mb": 0.0}
{"tgid": 8739, "comm": "ip6tables", "shmget": 0, "shmat": 0, "shmdt": 0, "rmid": 0, "get_mb": 0.0, "shmopen": 0, "unlink": 0, "mmap_sh": 0, "munmap": 2, "mmap_sh_mb": 0.0}
{"tgid": 8749, "comm": "modprobe", "shmget": 0, "shmat": 0, "shmdt": 0, "rmid": 0, "get_mb": 0.0, "shmopen": 0, "unlink": 0, "mmap_sh": 0, "munmap": 6, "mmap_sh_mb": 0.0}
{"tgid": 8667, "comm": "ip6tables", "shmget": 0, "shmat": 0, "shmdt": 0, "rmid": 0, "get_mb": 0.0, "shmopen": 0, "unlink": 0, "mmap_sh": 0, "munmap": 2, "mmap_sh_mb": 0.0}
{"tgid": 8748, "comm": "modprobe", "shmget": 0, "shmat": 0, "shmdt": 0, "rmid": 0, "get_mb": 0.0, "shmopen": 0, "unlink": 0, "mmap_sh": 0, "munmap": 6, "mmap_sh_mb": 0.0}
{"tgid": 8644, "comm": "runc", "shmget": 0, "shmat": 0, "shmdt": 0, "rmid": 0, "get_mb": 0.0, "shmopen": 0, "unlink": 0, "mmap_sh": 0, "munmap": 8, "mmap_sh_mb": 0.0}
{"tgid": 8741, "comm": "ip6tables", "shmget": 0, "shmat": 0, "shmdt": 0, "rmid": 0, "get_mb": 0.0, "shmopen": 0, "unlink": 0, "mmap_sh": 0, "munmap": 2, "mmap_sh_mb": 0.0}
{"tgid": 8655, "comm": "6", "shmget": 0, "shmat": 0, "shmdt": 0, "rmid": 0, "get_mb": 0.0, "shmopen": 0, "unlink": 0, "mmap_sh": 0, "munmap": 1, "mmap_sh_mb": 0.0}

--- Shared Memory Stats Summary at 22:54:51 ---
{"tgid": 8601, "comm": "lmp_gpu", "shmget": 1, "shmat": 1, "shmdt": 1, "rmid": 1, "get_mb": 0.00390625, "shmopen": 0, "unlink": 0, "mmap_sh": 37, "munmap": 127, "mmap_sh_mb": 87.23046875}
{"tgid": 8637, "comm": "lmp_gpu", "shmget": 1, "shmat": 1, "shmdt": 1, "rmid": 1, "get_mb": 0.00390625, "shmopen": 0, "unlink": 0, "mmap_sh": 37, "munmap": 135, "mmap_sh_mb": 87.23046875}
{"tgid": 8670, "comm": "lmp_gpu", "shmget": 1, "shmat": 1, "shmdt": 1, "rmid": 1, "get_mb": 0.00390625, "shmopen": 0, "unlink": 0, "mmap_sh": 37, "munmap": 136, "mmap_sh_mb": 87.23046875}
{"tgid": 8636, "comm": "flux-shell", "shmget": 0, "shmat": 0, "shmdt": 0, "rmid": 0, "get_mb": 0.0, "shmopen": 0, "unlink": 0, "mmap_sh": 1, "munmap": 4, "mmap_sh_mb": 0.025751113891601562}
{"tgid": 8600, "comm": "flux-shell", "shmget": 0, "shmat": 0, "shmdt": 0, "rmid": 0, "get_mb": 0.0, "shmopen": 0, "unlink": 0, "mmap_sh": 1, "munmap": 4, "mmap_sh_mb": 0.025751113891601562}
{"tgid": 8669, "comm": "flux-shell", "shmget": 0, "shmat": 0, "shmdt": 0, "rmid": 0, "get_mb": 0.0, "shmopen": 0, "unlink": 0, "mmap_sh": 1, "munmap": 4, "mmap_sh_mb": 0.025751113891601562}
{"tgid": 8668, "comm": "lsblk", "shmget": 0, "shmat": 0, "shmdt": 0, "rmid": 0, "get_mb": 0.0, "shmopen": 0, "unlink": 0, "mmap_sh": 1, "munmap": 1, "mmap_sh_mb": 0.025775909423828125}
{"tgid": 8719, "comm": "ip6tables", "shmget": 0, "shmat": 0, "shmdt": 0, "rmid": 0, "get_mb": 0.0, "shmopen": 0, "unlink": 0, "mmap_sh": 0, "munmap": 3, "mmap_sh_mb": 0.0}
{"tgid": 8627, "comm": "runc:[2:INIT]", "shmget": 0, "shmat": 0, "shmdt": 0, "rmid": 0, "get_mb": 0.0, "shmopen": 0, "unlink": 0, "mmap_sh": 0, "munmap": 4, "mmap_sh_mb": 0.0}
{"tgid": 8625, "comm": "6", "shmget": 0, "shmat": 0, "shmdt": 0, "rmid": 0, "get_mb": 0.0, "shmopen": 0, "unlink": 0, "mmap_sh": 0, "munmap": 1, "mmap_sh_mb": 0.0}
{"tgid": 8677, "comm": "runc", "shmget": 0, "shmat": 0, "shmdt": 0, "rmid": 0, "get_mb": 0.0, "shmopen": 0, "unlink": 0, "mmap_sh": 0, "munmap": 7, "mmap_sh_mb": 0.0}
{"tgid": 8771, "comm": "iptables", "shmget": 0, "shmat": 0, "shmdt": 0, "rmid": 0, "get_mb": 0.0, "shmopen": 0, "unlink": 0, "mmap_sh": 0, "munmap": 1, "mmap_sh_mb": 0.0}
{"tgid": 8733, "comm": "ip6tables", "shmget": 0, "shmat": 0, "shmdt": 0, "rmid": 0, "get_mb": 0.0, "shmopen": 0, "unlink": 0, "mmap_sh": 0, "munmap": 3, "mmap_sh_mb": 0.0}
{"tgid": 8739, "comm": "ip6tables", "shmget": 0, "shmat": 0, "shmdt": 0, "rmid": 0, "get_mb": 0.0, "shmopen": 0, "unlink": 0, "mmap_sh": 0, "munmap": 2, "mmap_sh_mb": 0.0}
{"tgid": 8749, "comm": "modprobe", "shmget": 0, "shmat": 0, "shmdt": 0, "rmid": 0, "get_mb": 0.0, "shmopen": 0, "unlink": 0, "mmap_sh": 0, "munmap": 6, "mmap_sh_mb": 0.0}
{"tgid": 8667, "comm": "ip6tables", "shmget": 0, "shmat": 0, "shmdt": 0, "rmid": 0, "get_mb": 0.0, "shmopen": 0, "unlink": 0, "mmap_sh": 0, "munmap": 2, "mmap_sh_mb": 0.0}
{"tgid": 8748, "comm": "modprobe", "shmget": 0, "shmat": 0, "shmdt": 0, "rmid": 0, "get_mb": 0.0, "shmopen": 0, "unlink": 0, "mmap_sh": 0, "munmap": 6, "mmap_sh_mb": 0.0}
{"tgid": 8644, "comm": "runc", "shmget": 0, "shmat": 0, "shmdt": 0, "rmid": 0, "get_mb": 0.0, "shmopen": 0, "unlink": 0, "mmap_sh": 0, "munmap": 8, "mmap_sh_mb": 0.0}
{"tgid": 8741, "comm": "ip6tables", "shmget": 0, "shmat": 0, "shmdt": 0, "rmid": 0, "get_mb": 0.0, "shmopen": 0, "unlink": 0, "mmap_sh": 0, "munmap": 2, "mmap_sh_mb": 0.0}
{"tgid": 8655, "comm": "6", "shmget": 0, "shmat": 0, "shmdt": 0, "rmid": 0, "get_mb": 0.0, "shmopen": 0, "unlink": 0, "mmap_sh": 0, "munmap": 1, "mmap_sh_mb": 0.0}

--- Shared Memory Stats Summary at 22:54:56 ---
{"tgid": 8601, "comm": "lmp_gpu", "shmget": 1, "shmat": 1, "shmdt": 1, "rmid": 1, "get_mb": 0.00390625, "shmopen": 0, "unlink": 0, "mmap_sh": 37, "munmap": 127, "mmap_sh_mb": 87.23046875}
{"tgid": 8637, "comm": "lmp_gpu", "shmget": 1, "shmat": 1, "shmdt": 1, "rmid": 1, "get_mb": 0.00390625, "shmopen": 0, "unlink": 0, "mmap_sh": 37, "munmap": 135, "mmap_sh_mb": 87.23046875}
{"tgid": 8670, "comm": "lmp_gpu", "shmget": 1, "shmat": 1, "shmdt": 1, "rmid": 1, "get_mb": 0.00390625, "shmopen": 0, "unlink": 0, "mmap_sh": 37, "munmap": 136, "mmap_sh_mb": 87.23046875}
{"tgid": 8636, "comm": "flux-shell", "shmget": 0, "shmat": 0, "shmdt": 0, "rmid": 0, "get_mb": 0.0, "shmopen": 0, "unlink": 0, "mmap_sh": 1, "munmap": 4, "mmap_sh_mb": 0.025751113891601562}
{"tgid": 8600, "comm": "flux-shell", "shmget": 0, "shmat": 0, "shmdt": 0, "rmid": 0, "get_mb": 0.0, "shmopen": 0, "unlink": 0, "mmap_sh": 1, "munmap": 4, "mmap_sh_mb": 0.025751113891601562}
{"tgid": 8669, "comm": "flux-shell", "shmget": 0, "shmat": 0, "shmdt": 0, "rmid": 0, "get_mb": 0.0, "shmopen": 0, "unlink": 0, "mmap_sh": 1, "munmap": 4, "mmap_sh_mb": 0.025751113891601562}
{"tgid": 8668, "comm": "lsblk", "shmget": 0, "shmat": 0, "shmdt": 0, "rmid": 0, "get_mb": 0.0, "shmopen": 0, "unlink": 0, "mmap_sh": 1, "munmap": 1, "mmap_sh_mb": 0.025775909423828125}
{"tgid": 8719, "comm": "ip6tables", "shmget": 0, "shmat": 0, "shmdt": 0, "rmid": 0, "get_mb": 0.0, "shmopen": 0, "unlink": 0, "mmap_sh": 0, "munmap": 3, "mmap_sh_mb": 0.0}
{"tgid": 8627, "comm": "runc:[2:INIT]", "shmget": 0, "shmat": 0, "shmdt": 0, "rmid": 0, "get_mb": 0.0, "shmopen": 0, "unlink": 0, "mmap_sh": 0, "munmap": 4, "mmap_sh_mb": 0.0}
{"tgid": 8625, "comm": "6", "shmget": 0, "shmat": 0, "shmdt": 0, "rmid": 0, "get_mb": 0.0, "shmopen": 0, "unlink": 0, "mmap_sh": 0, "munmap": 1, "mmap_sh_mb": 0.0}
{"tgid": 8677, "comm": "runc", "shmget": 0, "shmat": 0, "shmdt": 0, "rmid": 0, "get_mb": 0.0, "shmopen": 0, "unlink": 0, "mmap_sh": 0, "munmap": 7, "mmap_sh_mb": 0.0}
{"tgid": 8771, "comm": "iptables", "shmget": 0, "shmat": 0, "shmdt": 0, "rmid": 0, "get_mb": 0.0, "shmopen": 0, "unlink": 0, "mmap_sh": 0, "munmap": 1, "mmap_sh_mb": 0.0}
{"tgid": 8733, "comm": "ip6tables", "shmget": 0, "shmat": 0, "shmdt": 0, "rmid": 0, "get_mb": 0.0, "shmopen": 0, "unlink": 0, "mmap_sh": 0, "munmap": 3, "mmap_sh_mb": 0.0}
{"tgid": 8739, "comm": "ip6tables", "shmget": 0, "shmat": 0, "shmdt": 0, "rmid": 0, "get_mb": 0.0, "shmopen": 0, "unlink": 0, "mmap_sh": 0, "munmap": 2, "mmap_sh_mb": 0.0}
{"tgid": 8749, "comm": "modprobe", "shmget": 0, "shmat": 0, "shmdt": 0, "rmid": 0, "get_mb": 0.0, "shmopen": 0, "unlink": 0, "mmap_sh": 0, "munmap": 6, "mmap_sh_mb": 0.0}
{"tgid": 8667, "comm": "ip6tables", "shmget": 0, "shmat": 0, "shmdt": 0, "rmid": 0, "get_mb": 0.0, "shmopen": 0, "unlink": 0, "mmap_sh": 0, "munmap": 2, "mmap_sh_mb": 0.0}
{"tgid": 8748, "comm": "modprobe", "shmget": 0, "shmat": 0, "shmdt": 0, "rmid": 0, "get_mb": 0.0, "shmopen": 0, "unlink": 0, "mmap_sh": 0, "munmap": 6, "mmap_sh_mb": 0.0}
{"tgid": 8644, "comm": "runc", "shmget": 0, "shmat": 0, "shmdt": 0, "rmid": 0, "get_mb": 0.0, "shmopen": 0, "unlink": 0, "mmap_sh": 0, "munmap": 8, "mmap_sh_mb": 0.0}
{"tgid": 8741, "comm": "ip6tables", "shmget": 0, "shmat": 0, "shmdt": 0, "rmid": 0, "get_mb": 0.0, "shmopen": 0, "unlink": 0, "mmap_sh": 0, "munmap": 2, "mmap_sh_mb": 0.0}
{"tgid": 8655, "comm": "6", "shmget": 0, "shmat": 0, "shmdt": 0, "rmid": 0, "get_mb": 0.0, "shmopen": 0, "unlink": 0, "mmap_sh": 0, "munmap": 1, "mmap_sh_mb": 0.0}

--- Shared Memory Stats Summary at 22:55:01 ---
{"tgid": 8601, "comm": "lmp_gpu", "shmget": 1, "shmat": 1, "shmdt": 1, "rmid": 1, "get_mb": 0.00390625, "shmopen": 0, "unlink": 0, "mmap_sh": 37, "munmap": 127, "mmap_sh_mb": 87.23046875}
{"tgid": 8637, "comm": "lmp_gpu", "shmget": 1, "shmat": 1, "shmdt": 1, "rmid": 1, "get_mb": 0.00390625, "shmopen": 0, "unlink": 0, "mmap_sh": 37, "munmap": 135, "mmap_sh_mb": 87.23046875}
{"tgid": 8670, "comm": "lmp_gpu", "shmget": 1, "shmat": 1, "shmdt": 1, "rmid": 1, "get_mb": 0.00390625, "shmopen": 0, "unlink": 0, "mmap_sh": 37, "munmap": 136, "mmap_sh_mb": 87.23046875}
{"tgid": 8636, "comm": "flux-shell", "shmget": 0, "shmat": 0, "shmdt": 0, "rmid": 0, "get_mb": 0.0, "shmopen": 0, "unlink": 0, "mmap_sh": 1, "munmap": 4, "mmap_sh_mb": 0.025751113891601562}
{"tgid": 8600, "comm": "flux-shell", "shmget": 0, "shmat": 0, "shmdt": 0, "rmid": 0, "get_mb": 0.0, "shmopen": 0, "unlink": 0, "mmap_sh": 1, "munmap": 4, "mmap_sh_mb": 0.025751113891601562}
{"tgid": 8669, "comm": "flux-shell", "shmget": 0, "shmat": 0, "shmdt": 0, "rmid": 0, "get_mb": 0.0, "shmopen": 0, "unlink": 0, "mmap_sh": 1, "munmap": 4, "mmap_sh_mb": 0.025751113891601562}
{"tgid": 8668, "comm": "lsblk", "shmget": 0, "shmat": 0, "shmdt": 0, "rmid": 0, "get_mb": 0.0, "shmopen": 0, "unlink": 0, "mmap_sh": 1, "munmap": 1, "mmap_sh_mb": 0.025775909423828125}
{"tgid": 8850, "comm": "touch", "shmget": 0, "shmat": 0, "shmdt": 0, "rmid": 0, "get_mb": 0.0, "shmopen": 0, "unlink": 0, "mmap_sh": 1, "munmap": 1, "mmap_sh_mb": 0.025751113891601562}
{"tgid": 8832, "comm": "bash", "shmget": 0, "shmat": 0, "shmdt": 0, "rmid": 0, "get_mb": 0.0, "shmopen": 0, "unlink": 0, "mmap_sh": 1, "munmap": 2, "mmap_sh_mb": 0.025751113891601562}
{"tgid": 8849, "comm": "touch", "shmget": 0, "shmat": 0, "shmdt": 0, "rmid": 0, "get_mb": 0.0, "shmopen": 0, "unlink": 0, "mmap_sh": 1, "munmap": 1, "mmap_sh_mb": 0.025751113891601562}
{"tgid": 8837, "comm": "flux", "shmget": 0, "shmat": 0, "shmdt": 0, "rmid": 0, "get_mb": 0.0, "shmopen": 0, "unlink": 0, "mmap_sh": 0, "munmap": 2, "mmap_sh_mb": 0.0}
{"tgid": 8719, "comm": "ip6tables", "shmget": 0, "shmat": 0, "shmdt": 0, "rmid": 0, "get_mb": 0.0, "shmopen": 0, "unlink": 0, "mmap_sh": 0, "munmap": 3, "mmap_sh_mb": 0.0}
{"tgid": 8627, "comm": "runc:[2:INIT]", "shmget": 0, "shmat": 0, "shmdt": 0, "rmid": 0, "get_mb": 0.0, "shmopen": 0, "unlink": 0, "mmap_sh": 0, "munmap": 4, "mmap_sh_mb": 0.0}
{"tgid": 8823, "comm": "runc:[2:INIT]", "shmget": 0, "shmat": 0, "shmdt": 0, "rmid": 0, "get_mb": 0.0, "shmopen": 0, "unlink": 0, "mmap_sh": 0, "munmap": 4, "mmap_sh_mb": 0.0}
{"tgid": 8625, "comm": "6", "shmget": 0, "shmat": 0, "shmdt": 0, "rmid": 0, "get_mb": 0.0, "shmopen": 0, "unlink": 0, "mmap_sh": 0, "munmap": 1, "mmap_sh_mb": 0.0}
{"tgid": 8677, "comm": "runc", "shmget": 0, "shmat": 0, "shmdt": 0, "rmid": 0, "get_mb": 0.0, "shmopen": 0, "unlink": 0, "mmap_sh": 0, "munmap": 7, "mmap_sh_mb": 0.0}
{"tgid": 8771, "comm": "iptables", "shmget": 0, "shmat": 0, "shmdt": 0, "rmid": 0, "get_mb": 0.0, "shmopen": 0, "unlink": 0, "mmap_sh": 0, "munmap": 1, "mmap_sh_mb": 0.0}
{"tgid": 8733, "comm": "ip6tables", "shmget": 0, "shmat": 0, "shmdt": 0, "rmid": 0, "get_mb": 0.0, "shmopen": 0, "unlink": 0, "mmap_sh": 0, "munmap": 3, "mmap_sh_mb": 0.0}
{"tgid": 8739, "comm": "ip6tables", "shmget": 0, "shmat": 0, "shmdt": 0, "rmid": 0, "get_mb": 0.0, "shmopen": 0, "unlink": 0, "mmap_sh": 0, "munmap": 2, "mmap_sh_mb": 0.0}
{"tgid": 8840, "comm": "flux", "shmget": 0, "shmat": 0, "shmdt": 0, "rmid": 0, "get_mb": 0.0, "shmopen": 0, "unlink": 0, "mmap_sh": 0, "munmap": 2, "mmap_sh_mb": 0.0}
[22:55:01] 
Indicator file '/mnt/flux/stop_ebpf_collection' found. Stopping.
Cleaning up BPF resources...
Cleanup complete.
