unlimited
PROGRAM: tcp
Looking for /opt/programs/tcp/ebpf-collect.c
[22:52:34] Start Indicator file defined '/mnt/flux/start_ebpf_collection'. Waiting.
[22:53:41] Start indicator found. Proceeding.
[22:53:41] Starting eBPF for TCP network monitoring with RiverML conditional statistics.
[22:53:43] BPF C code compilation attempt complete.
[22:53:43] Attempting to explicitly attach all BPF programs...
[22:53:43]   SUCCESS: Attached syscalls:sys_enter_socket to tp_enter_socket
[22:53:43]   SUCCESS: Attached syscalls:sys_exit_socket to tp_exit_socket
[22:53:43]   SUCCESS: Attached syscalls:sys_enter_connect to tp_enter_connect
[22:53:43]   SUCCESS: Attached syscalls:sys_exit_connect to tp_exit_connect
[22:53:43]   SUCCESS: Attached syscalls:sys_exit_accept4 to tp_exit_accept4
[22:53:43]   SUCCESS: Attached syscalls:sys_enter_close to tp_enter_close
[22:53:43]   SUCCESS: Attached syscalls:sys_enter_sendto to tp_enter_sendto
[22:53:43]   SUCCESS: Attached syscalls:sys_exit_sendto to tp_exit_sendto
[22:53:43]   SUCCESS: Attached syscalls:sys_enter_recvfrom to tp_enter_recvfrom
[22:53:43]   SUCCESS: Attached syscalls:sys_exit_recvfrom to tp_exit_recvfrom
[22:53:43]   SUCCESS: Attached syscalls:sys_enter_write to tp_enter_write
[22:53:43]   SUCCESS: Attached syscalls:sys_exit_write to tp_exit_write
[22:53:43]   SUCCESS: Attached syscalls:sys_enter_read to tp_enter_read
[22:53:43]   SUCCESS: Attached syscalls:sys_exit_read to tp_exit_read
[22:53:43] Ring buffer 'events' opened. Polling for events...
[22:55:01] Indicator file '/mnt/flux/stop_ebpf_collection' found. Stopping.
[22:55:01] Cleaning up BPF resources...
[22:55:01] Cleanup complete.
[22:55:01] 
--- FINAL AGGREGATED STATISTICS (JSON) ---
{
  "connect_event_stats": {
    "TGID(2388)_COMM(kubelet)_EVT(CONNECT)": {
      "duration_stats": {
        "count": 46,
        "max": 792042.0,
        "mean": 168978.8043478261,
        "min": 9015.0,
        "p50": 116119.26105360556,
        "p95": 514830.43081735005,
        "p99": 514830.43081735005,
        "var": 27999673110.160866
      },
      "ret_val_stats": {
        "count": 46,
        "max": 0.0,
        "mean": -95.0,
        "min": -115.0,
        "var": 1942.2222222222222
      }
    },
    "TGID(4035)_COMM(operator)_EVT(CONNECT)": {
      "duration_stats": {
        "count": 16,
        "max": 279570.0,
        "mean": 88148.56250000001,
        "min": 35734.0,
        "p50": 81956.09359850363,
        "p95": 149343.0,
        "p99": 149343.0,
        "var": 5335660685.729168
      },
      "ret_val_stats": {
        "count": 16,
        "max": -115.0,
        "mean": -115.0,
        "min": -115.0,
        "var": 0.0
      }
    },
    "TGID(4128)_COMM(otelsvc)_EVT(CONNECT)": {
      "duration_stats": {
        "count": 2,
        "max": 147361.0,
        "mean": 127277.5,
        "min": 107194.0,
        "p50": 147361.0,
        "p95": 147361.0,
        "p99": 147361.0,
        "var": 806693944.5
      },
      "ret_val_stats": {
        "count": 2,
        "max": -115.0,
        "mean": -115.0,
        "min": -115.0,
        "var": 0.0
      }
    },
    "TGID(4166)_COMM(gpu-maintenance)_EVT(CONNECT)": {
      "duration_stats": {
        "count": 12,
        "max": 217924.0,
        "mean": 95492.83333333333,
        "min": 47358.0,
        "p50": 59548.56527777777,
        "p95": 115212.66666666666,
        "p99": 115212.66666666666,
        "var": 4528098603.60606
      },
      "ret_val_stats": {
        "count": 12,
        "max": -115.0,
        "mean": -115.0,
        "min": -115.0,
        "var": 0.0
      }
    },
    "TGID(4932)_COMM(prometheus)_EVT(CONNECT)": {
      "duration_stats": {
        "count": 3,
        "max": 124755.0,
        "mean": 113111.33333333333,
        "min": 93876.0,
        "p50": 120703.0,
        "p95": 124755.0,
        "p99": 124755.0,
        "var": 281603212.3333334
      },
      "ret_val_stats": {
        "count": 3,
        "max": -115.0,
        "mean": -115.0,
        "min": -115.0,
        "var": 0.0
      }
    },
    "TGID(5592)_COMM(main)_EVT(CONNECT)": {
      "duration_stats": {
        "count": 1,
        "max": 123076.0,
        "mean": 123076.0,
        "min": 123076.0,
        "p50": 123076.0,
        "p95": 123076.0,
        "p99": 123076.0,
        "var": 0.0
      },
      "ret_val_stats": {
        "count": 1,
        "max": -115.0,
        "mean": -115.0,
        "min": -115.0,
        "var": 0.0
      }
    },
    "TGID(5962)_COMM(nvidia-gpu-devi)_EVT(CONNECT)": {
      "duration_stats": {
        "count": 3,
        "max": 28478.0,
        "mean": 26391.333333333332,
        "min": 22238.0,
        "p50": 28458.0,
        "p95": 28478.0,
        "p99": 28478.0,
        "var": 12937733.33333333
      },
      "ret_val_stats": {
        "count": 3,
        "max": 0.0,
        "mean": 0.0,
        "min": 0.0,
        "var": 0.0
      }
    },
    "TGID(6319)_COMM(dcgm-exporter)_EVT(CONNECT)": {
      "duration_stats": {
        "count": 3,
        "max": 28807.0,
        "mean": 22473.0,
        "min": 19305.0,
        "p50": 19307.0,
        "p95": 28807.0,
        "p99": 28807.0,
        "var": 30089668.0
      },
      "ret_val_stats": {
        "count": 3,
        "max": 0.0,
        "mean": 0.0,
        "min": 0.0,
        "var": 0.0
      }
    },
    "TGID(648)_COMM(chronyd)_EVT(CONNECT)": {
      "duration_stats": {
        "count": 1,
        "max": 10689.0,
        "mean": 10689.0,
        "min": 10689.0,
        "p50": 10689.0,
        "p95": 10689.0,
        "p99": 10689.0,
        "var": 0.0
      },
      "ret_val_stats": {
        "count": 1,
        "max": 0.0,
        "mean": 0.0,
        "min": 0.0,
        "var": 0.0
      }
    },
    "TGID(8464)_COMM(flux-shell)_EVT(CONNECT)": {
      "duration_stats": {
        "count": 1,
        "max": 37445.0,
        "mean": 37445.0,
        "min": 37445.0,
        "p50": 37445.0,
        "p95": 37445.0,
        "p99": 37445.0,
        "var": 0.0
      },
      "ret_val_stats": {
        "count": 1,
        "max": 0.0,
        "mean": 0.0,
        "min": 0.0,
        "var": 0.0
      }
    },
    "TGID(8465)_COMM(lmp_gpu)_EVT(CONNECT)": {
      "duration_stats": {
        "count": 9,
        "max": 44615.0,
        "mean": 27555.222222222223,
        "min": 10227.0,
        "p50": 24797.0,
        "p95": 27684.888888888887,
        "p99": 27684.888888888887,
        "var": 152628924.44444445
      },
      "ret_val_stats": {
        "count": 9,
        "max": -2.0,
        "mean": -102.44444444444444,
        "min": -115.0,
        "var": 1418.7777777777778
      }
    },
    "TGID(8492)_COMM(flux-shell)_EVT(CONNECT)": {
      "duration_stats": {
        "count": 1,
        "max": 33280.0,
        "mean": 33280.0,
        "min": 33280.0,
        "p50": 33280.0,
        "p95": 33280.0,
        "p99": 33280.0,
        "var": 0.0
      },
      "ret_val_stats": {
        "count": 1,
        "max": 0.0,
        "mean": 0.0,
        "min": 0.0,
        "var": 0.0
      }
    },
    "TGID(8493)_COMM(lmp_gpu)_EVT(CONNECT)": {
      "duration_stats": {
        "count": 9,
        "max": 44320.0,
        "mean": 28128.222222222226,
        "min": 10142.0,
        "p50": 26822.611111111113,
        "p95": 26065.75,
        "p99": 26065.75,
        "var": 180652689.19444442
      },
      "ret_val_stats": {
        "count": 9,
        "max": -2.0,
        "mean": -102.44444444444444,
        "min": -115.0,
        "var": 1418.7777777777778
      }
    },
    "TGID(8657)_COMM(bash)_EVT(CONNECT)": {
      "duration_stats": {
        "count": 2,
        "max": 32687.0,
        "mean": 18454.5,
        "min": 4222.0,
        "p50": 32687.0,
        "p95": 32687.0,
        "p99": 32687.0,
        "var": 405128112.5
      },
      "ret_val_stats": {
        "count": 2,
        "max": -2.0,
        "mean": -2.0,
        "min": -2.0,
        "var": 0.0
      }
    },
    "TGID(8658)_COMM(flux)_EVT(CONNECT)": {
      "duration_stats": {
        "count": 1,
        "max": 21998.0,
        "mean": 21998.0,
        "min": 21998.0,
        "p50": 21998.0,
        "p95": 21998.0,
        "p99": 21998.0,
        "var": 0.0
      },
      "ret_val_stats": {
        "count": 1,
        "max": 0.0,
        "mean": 0.0,
        "min": 0.0,
        "var": 0.0
      }
    },
    "TGID(8661)_COMM(flux)_EVT(CONNECT)": {
      "duration_stats": {
        "count": 1,
        "max": 18970.0,
        "mean": 18970.0,
        "min": 18970.0,
        "p50": 18970.0,
        "p95": 18970.0,
        "p99": 18970.0,
        "var": 0.0
      },
      "ret_val_stats": {
        "count": 1,
        "max": 0.0,
        "mean": 0.0,
        "min": 0.0,
        "var": 0.0
      }
    },
    "TGID(8662)_COMM(flux-module)_EVT(CONNECT)": {
      "duration_stats": {
        "count": 1,
        "max": 20517.0,
        "mean": 20517.0,
        "min": 20517.0,
        "p50": 20517.0,
        "p95": 20517.0,
        "p99": 20517.0,
        "var": 0.0
      },
      "ret_val_stats": {
        "count": 1,
        "max": 0.0,
        "mean": 0.0,
        "min": 0.0,
        "var": 0.0
      }
    },
    "TGID(8663)_COMM(flux-module)_EVT(CONNECT)": {
      "duration_stats": {
        "count": 1,
        "max": 25716.0,
        "mean": 25716.0,
        "min": 25716.0,
        "p50": 25716.0,
        "p95": 25716.0,
        "p99": 25716.0,
        "var": 0.0
      },
      "ret_val_stats": {
        "count": 1,
        "max": 0.0,
        "mean": 0.0,
        "min": 0.0,
        "var": 0.0
      }
    },
    "TGID(8664)_COMM(flux-module)_EVT(CONNECT)": {
      "duration_stats": {
        "count": 1,
        "max": 20385.0,
        "mean": 20385.0,
        "min": 20385.0,
        "p50": 20385.0,
        "p95": 20385.0,
        "p99": 20385.0,
        "var": 0.0
      },
      "ret_val_stats": {
        "count": 1,
        "max": 0.0,
        "mean": 0.0,
        "min": 0.0,
        "var": 0.0
      }
    },
    "TGID(8665)_COMM(flux-module)_EVT(CONNECT)": {
      "duration_stats": {
        "count": 1,
        "max": 22615.0,
        "mean": 22615.0,
        "min": 22615.0,
        "p50": 22615.0,
        "p95": 22615.0,
        "p99": 22615.0,
        "var": 0.0
      },
      "ret_val_stats": {
        "count": 1,
        "max": 0.0,
        "mean": 0.0,
        "min": 0.0,
        "var": 0.0
      }
    },
    "TGID(8666)_COMM(flux-module)_EVT(CONNECT)": {
      "duration_stats": {
        "count": 1,
        "max": 22393.0,
        "mean": 22393.0,
        "min": 22393.0,
        "p50": 22393.0,
        "p95": 22393.0,
        "p99": 22393.0,
        "var": 0.0
      },
      "ret_val_stats": {
        "count": 1,
        "max": 0.0,
        "mean": 0.0,
        "min": 0.0,
        "var": 0.0
      }
    },
    "TGID(8667)_COMM(flux-module)_EVT(CONNECT)": {
      "duration_stats": {
        "count": 1,
        "max": 20768.0,
        "mean": 20768.0,
        "min": 20768.0,
        "p50": 20768.0,
        "p95": 20768.0,
        "p99": 20768.0,
        "var": 0.0
      },
      "ret_val_stats": {
        "count": 1,
        "max": 0.0,
        "mean": 0.0,
        "min": 0.0,
        "var": 0.0
      }
    },
    "TGID(8668)_COMM(flux-module)_EVT(CONNECT)": {
      "duration_stats": {
        "count": 1,
        "max": 21456.0,
        "mean": 21456.0,
        "min": 21456.0,
        "p50": 21456.0,
        "p95": 21456.0,
        "p99": 21456.0,
        "var": 0.0
      },
      "ret_val_stats": {
        "count": 1,
        "max": 0.0,
        "mean": 0.0,
        "min": 0.0,
        "var": 0.0
      }
    },
    "TGID(8669)_COMM(flux-module)_EVT(CONNECT)": {
      "duration_stats": {
        "count": 1,
        "max": 23907.0,
        "mean": 23907.0,
        "min": 23907.0,
        "p50": 23907.0,
        "p95": 23907.0,
        "p99": 23907.0,
        "var": 0.0
      },
      "ret_val_stats": {
        "count": 1,
        "max": 0.0,
        "mean": 0.0,
        "min": 0.0,
        "var": 0.0
      }
    },
    "TGID(8671)_COMM(flux)_EVT(CONNECT)": {
      "duration_stats": {
        "count": 1,
        "max": 18382.0,
        "mean": 18382.0,
        "min": 18382.0,
        "p50": 18382.0,
        "p95": 18382.0,
        "p99": 18382.0,
        "var": 0.0
      },
      "ret_val_stats": {
        "count": 1,
        "max": 0.0,
        "mean": 0.0,
        "min": 0.0,
        "var": 0.0
      }
    },
    "TGID(8672)_COMM(flux)_EVT(CONNECT)": {
      "duration_stats": {
        "count": 1,
        "max": 18270.0,
        "mean": 18270.0,
        "min": 18270.0,
        "p50": 18270.0,
        "p95": 18270.0,
        "p99": 18270.0,
        "var": 0.0
      },
      "ret_val_stats": {
        "count": 1,
        "max": 0.0,
        "mean": 0.0,
        "min": 0.0,
        "var": 0.0
      }
    },
    "TGID(8673)_COMM(flux-module)_EVT(CONNECT)": {
      "duration_stats": {
        "count": 1,
        "max": 40392.0,
        "mean": 40392.0,
        "min": 40392.0,
        "p50": 40392.0,
        "p95": 40392.0,
        "p99": 40392.0,
        "var": 0.0
      },
      "ret_val_stats": {
        "count": 1,
        "max": 0.0,
        "mean": 0.0,
        "min": 0.0,
        "var": 0.0
      }
    },
    "TGID(8688)_COMM(runc)_EVT(CONNECT)": {
      "duration_stats": {
        "count": 1,
        "max": 19899.0,
        "mean": 19899.0,
        "min": 19899.0,
        "p50": 19899.0,
        "p95": 19899.0,
        "p99": 19899.0,
        "var": 0.0
      },
      "ret_val_stats": {
        "count": 1,
        "max": 0.0,
        "mean": 0.0,
        "min": 0.0,
        "var": 0.0
      }
    }
  },
  "duration_stats_by_bucket": {
    "TGID(1445)_COMM(dockerd)_EVT(WRITE_SOCK)_BUCKET(0B-1KB)": {
      "count": 1,
      "max": 12586.0,
      "mean": 12586.0,
      "min": 12586.0,
      "p50": 12586.0,
      "p95": 12586.0,
      "p99": 12586.0,
      "var": 0.0
    },
    "TGID(2233)_COMM(containerd)_EVT(READ_SOCK)_BUCKET(0B-1KB)": {
      "count": 5,
      "max": 347189.0,
      "mean": 75009.4,
      "min": 3011.0,
      "p50": 7376.0,
      "p95": 347189.0,
      "p99": 347189.0,
      "var": 23157499230.3
    },
    "TGID(2233)_COMM(containerd)_EVT(WRITE_SOCK)_BUCKET(0B-1KB)": {
      "count": 32,
      "max": 35615.0,
      "mean": 8049.40625,
      "min": 3087.0,
      "p50": 6405.287634097039,
      "p95": 21389.379925458627,
      "p99": 21389.43139457883,
      "var": 47763668.95866934
    },
    "TGID(2388)_COMM(kubelet)_EVT(READ_SOCK)_BUCKET(0B-1KB)": {
      "count": 124,
      "max": 27802.0,
      "mean": 5528.612903225808,
      "min": 944.0,
      "p50": 4745.166060047551,
      "p95": 13583.550079472678,
      "p99": 21170.34381801161,
      "var": 16718045.247311827
    },
    "TGID(2388)_COMM(kubelet)_EVT(READ_SOCK)_BUCKET(16KB-64KB)": {
      "count": 12,
      "max": 18321.0,
      "mean": 14450.333333333332,
      "min": 10813.0,
      "p50": 14547.406666666668,
      "p95": 17365.666666666668,
      "p99": 17365.666666666668,
      "var": 5826983.333333333
    },
    "TGID(2388)_COMM(kubelet)_EVT(READ_SOCK)_BUCKET(1KB-16KB)": {
      "count": 31,
      "max": 25152.0,
      "mean": 10013.741935483873,
      "min": 3450.0,
      "p50": 9232.818838165562,
      "p95": 18283.892472665695,
      "p99": 18272.415165884286,
      "var": 23551721.73118279
    },
    "TGID(2388)_COMM(kubelet)_EVT(WRITE_SOCK)_BUCKET(0B-1KB)": {
      "count": 178,
      "max": 300462.0,
      "mean": 20784.606741573032,
      "min": 2016.0,
      "p50": 10125.386355418988,
      "p95": 99244.41256297728,
      "p99": 199915.64889154793,
      "var": 1702955223.4376962
    },
    "TGID(2538)_COMM(containerd-shim)_EVT(WRITE_SOCK)_BUCKET(0B-1KB)": {
      "count": 1,
      "max": 31105.0,
      "mean": 31105.0,
      "min": 31105.0,
      "p50": 31105.0,
      "p95": 31105.0,
      "p99": 31105.0,
      "var": 0.0
    },
    "TGID(2663)_COMM(kube-proxy)_EVT(READ_SOCK)_BUCKET(0B-1KB)": {
      "count": 1,
      "max": 5671.0,
      "mean": 5671.0,
      "min": 5671.0,
      "p50": 5671.0,
      "p95": 5671.0,
      "p99": 5671.0,
      "var": 0.0
    },
    "TGID(2663)_COMM(kube-proxy)_EVT(WRITE_SOCK)_BUCKET(1KB-16KB)": {
      "count": 4,
      "max": 62068.0,
      "mean": 37873.5,
      "min": 19169.0,
      "p50": 36952.0,
      "p95": 62068.0,
      "p99": 62068.0,
      "var": 318984168.3333333
    },
    "TGID(3549)_COMM(containerd-shim)_EVT(READ_SOCK)_BUCKET(0B-1KB)": {
      "count": 1,
      "max": 2570.0,
      "mean": 2570.0,
      "min": 2570.0,
      "p50": 2570.0,
      "p95": 2570.0,
      "p99": 2570.0,
      "var": 0.0
    },
    "TGID(3549)_COMM(containerd-shim)_EVT(WRITE_SOCK)_BUCKET(0B-1KB)": {
      "count": 2,
      "max": 66577.0,
      "mean": 42434.5,
      "min": 18292.0,
      "p50": 66577.0,
      "p95": 66577.0,
      "p99": 66577.0,
      "var": 1165720612.5
    },
    "TGID(3566)_COMM(containerd-shim)_EVT(WRITE_SOCK)_BUCKET(0B-1KB)": {
      "count": 1,
      "max": 17160.0,
      "mean": 17160.0,
      "min": 17160.0,
      "p50": 17160.0,
      "p95": 17160.0,
      "p99": 17160.0,
      "var": 0.0
    },
    "TGID(3651)_COMM(containerd-shim)_EVT(WRITE_SOCK)_BUCKET(0B-1KB)": {
      "count": 1,
      "max": 7801.0,
      "mean": 7801.0,
      "min": 7801.0,
      "p50": 7801.0,
      "p95": 7801.0,
      "p99": 7801.0,
      "var": 0.0
    },
    "TGID(3747)_COMM(containerd-shim)_EVT(READ_SOCK)_BUCKET(0B-1KB)": {
      "count": 1,
      "max": 1796.0,
      "mean": 1796.0,
      "min": 1796.0,
      "p50": 1796.0,
      "p95": 1796.0,
      "p99": 1796.0,
      "var": 0.0
    },
    "TGID(3747)_COMM(containerd-shim)_EVT(WRITE_SOCK)_BUCKET(0B-1KB)": {
      "count": 1,
      "max": 20351.0,
      "mean": 20351.0,
      "min": 20351.0,
      "p50": 20351.0,
      "p95": 20351.0,
      "p99": 20351.0,
      "var": 0.0
    },
    "TGID(3962)_COMM(containerd-shim)_EVT(WRITE_SOCK)_BUCKET(0B-1KB)": {
      "count": 1,
      "max": 6183.0,
      "mean": 6183.0,
      "min": 6183.0,
      "p50": 6183.0,
      "p95": 6183.0,
      "p99": 6183.0,
      "var": 0.0
    },
    "TGID(4035)_COMM(operator)_EVT(READ_SOCK)_BUCKET(0B-1KB)": {
      "count": 74,
      "max": 40978.0,
      "mean": 8394.067567567567,
      "min": 1718.0,
      "p50": 5146.674703542606,
      "p95": 26143.809659286468,
      "p99": 28676.61884989817,
      "var": 58680660.66660494
    },
    "TGID(4035)_COMM(operator)_EVT(READ_SOCK)_BUCKET(1KB-16KB)": {
      "count": 16,
      "max": 6580.0,
      "mean": 3249.1875,
      "min": 2283.0,
      "p50": 3217.9333333333334,
      "p95": 3761.555555555555,
      "p99": 3761.555555555555,
      "var": 986616.2958333333
    },
    "TGID(4035)_COMM(operator)_EVT(WRITE_SOCK)_BUCKET(0B-1KB)": {
      "count": 80,
      "max": 1819994.0,
      "mean": 100575.21250000001,
      "min": 5222.0,
      "p50": 22904.863168054417,
      "p95": 539286.8644204311,
      "p99": 601736.7544800618,
      "var": 76392772147.35933
    },
    "TGID(4035)_COMM(operator)_EVT(WRITE_SOCK)_BUCKET(1KB-16KB)": {
      "count": 16,
      "max": 1071551.0,
      "mean": 241993.5,
      "min": 13958.0,
      "p50": 121344.27839285716,
      "p95": 567231.5111111111,
      "p99": 567231.5111111111,
      "var": 154850341589.0667
    },
    "TGID(4079)_COMM(main)_EVT(READ_SOCK)_BUCKET(0B-1KB)": {
      "count": 4,
      "max": 16457.0,
      "mean": 7952.499999999999,
      "min": 3657.0,
      "p50": 6576.0,
      "p95": 16457.0,
      "p99": 16457.0,
      "var": 33565216.333333336
    },
    "TGID(4079)_COMM(main)_EVT(WRITE_SOCK)_BUCKET(0B-1KB)": {
      "count": 2,
      "max": 12727.0,
      "mean": 12372.0,
      "min": 12017.0,
      "p50": 12727.0,
      "p95": 12727.0,
      "p99": 12727.0,
      "var": 252050.0
    },
    "TGID(4079)_COMM(main)_EVT(WRITE_SOCK)_BUCKET(1KB-16KB)": {
      "count": 2,
      "max": 22687.0,
      "mean": 17511.0,
      "min": 12335.0,
      "p50": 22687.0,
      "p95": 22687.0,
      "p99": 22687.0,
      "var": 53581952.0
    },
    "TGID(4128)_COMM(otelsvc)_EVT(READ_SOCK)_BUCKET(0B-1KB)": {
      "count": 2,
      "max": 5651.0,
      "mean": 5396.0,
      "min": 5141.0,
      "p50": 5651.0,
      "p95": 5651.0,
      "p99": 5651.0,
      "var": 130050.0
    },
    "TGID(4128)_COMM(otelsvc)_EVT(READ_SOCK)_BUCKET(1KB-16KB)": {
      "count": 2,
      "max": 6915.0,
      "mean": 5872.0,
      "min": 4829.0,
      "p50": 6915.0,
      "p95": 6915.0,
      "p99": 6915.0,
      "var": 2175698.0
    },
    "TGID(4128)_COMM(otelsvc)_EVT(WRITE_SOCK)_BUCKET(0B-1KB)": {
      "count": 4,
      "max": 1645585.0,
      "mean": 454928.75,
      "min": 20873.0,
      "p50": 117539.0,
      "p95": 1645585.0,
      "p99": 1645585.0,
      "var": 631878732030.9166
    },
    "TGID(4166)_COMM(gpu-maintenance)_EVT(READ_SOCK)_BUCKET(0B-1KB)": {
      "count": 12,
      "max": 10937.0,
      "mean": 6433.833333333334,
      "min": 5137.0,
      "p50": 5929.815972222223,
      "p95": 6475.5,
      "p99": 6475.5,
      "var": 2322039.787878787
    },
    "TGID(4166)_COMM(gpu-maintenance)_EVT(WRITE_SOCK)_BUCKET(0B-1KB)": {
      "count": 12,
      "max": 371820.0,
      "mean": 53288.58333333333,
      "min": 16419.0,
      "p50": 23645.375,
      "p95": 88678.2111111111,
      "p99": 88678.2111111111,
      "var": 10100955952.44697
    },
    "TGID(4227)_COMM(containerd-shim)_EVT(READ_SOCK)_BUCKET(0B-1KB)": {
      "count": 2,
      "max": 2260.0,
      "mean": 2052.5,
      "min": 1845.0,
      "p50": 2260.0,
      "p95": 2260.0,
      "p99": 2260.0,
      "var": 86112.5
    },
    "TGID(4436)_COMM(containerd-shim)_EVT(READ_SOCK)_BUCKET(0B-1KB)": {
      "count": 4,
      "max": 47848.0,
      "mean": 13433.75,
      "min": 1782.0,
      "p50": 2243.0,
      "p95": 47848.0,
      "p99": 47848.0,
      "var": 526414054.9166667
    },
    "TGID(4436)_COMM(containerd-shim)_EVT(WRITE_SOCK)_BUCKET(1KB-16KB)": {
      "count": 2,
      "max": 21450.0,
      "mean": 21281.5,
      "min": 21113.0,
      "p50": 21450.0,
      "p95": 21450.0,
      "p99": 21450.0,
      "var": 56784.5
    },
    "TGID(4932)_COMM(prometheus)_EVT(READ_SOCK)_BUCKET(0B-1KB)": {
      "count": 25,
      "max": 40702.0,
      "mean": 9472.200000000003,
      "min": 1555.0,
      "p50": 6355.299347322678,
      "p95": 22368.548580542265,
      "p99": 22368.548580542265,
      "var": 74494987.66666667
    },
    "TGID(4932)_COMM(prometheus)_EVT(READ_SOCK)_BUCKET(1KB-16KB)": {
      "count": 6,
      "max": 4739.0,
      "mean": 3757.6666666666665,
      "min": 2065.0,
      "p50": 3962.0,
      "p95": 3962.0,
      "p99": 3962.0,
      "var": 1182195.066666667
    },
    "TGID(4932)_COMM(prometheus)_EVT(WRITE_SOCK)_BUCKET(0B-1KB)": {
      "count": 19,
      "max": 437245.0,
      "mean": 105838.0,
      "min": 26710.0,
      "p50": 74278.41536443151,
      "p95": 248736.9375,
      "p99": 248736.9375,
      "var": 11745928722.222221
    },
    "TGID(5155)_COMM(config-reloader)_EVT(READ_SOCK)_BUCKET(0B-1KB)": {
      "count": 3,
      "max": 1393.0,
      "mean": 1019.6666666666666,
      "min": 828.0,
      "p50": 838.0,
      "p95": 1393.0,
      "p99": 1393.0,
      "var": 104558.33333333333
    },
    "TGID(5155)_COMM(config-reloader)_EVT(READ_SOCK)_BUCKET(1KB-16KB)": {
      "count": 3,
      "max": 7915.0,
      "mean": 6025.666666666667,
      "min": 4867.0,
      "p50": 5295.0,
      "p95": 7915.0,
      "p99": 7915.0,
      "var": 2722981.3333333335
    },
    "TGID(5256)_COMM(monkey: wrk/0)_EVT(TCP_RECV)_BUCKET(0B-1KB)": {
      "count": 5,
      "max": 4783.0,
      "mean": 4022.6,
      "min": 2812.0,
      "p50": 4213.0,
      "p95": 4783.0,
      "p99": 4783.0,
      "var": 629016.3
    },
    "TGID(5256)_COMM(monkey: wrk/0)_EVT(TCP_SEND)_BUCKET(0B-1KB)": {
      "count": 11,
      "max": 16950.0,
      "mean": 10282.0,
      "min": 8524.0,
      "p50": 9341.651666666667,
      "p95": 10391.666666666666,
      "p99": 10391.666666666666,
      "var": 5902170.000000001
    },
    "TGID(5256)_COMM(monkey: wrk/0)_EVT(TCP_SEND)_BUCKET(1KB-16KB)": {
      "count": 1,
      "max": 14557.0,
      "mean": 14557.0,
      "min": 14557.0,
      "p50": 14557.0,
      "p95": 14557.0,
      "p99": 14557.0,
      "var": 0.0
    },
    "TGID(5463)_COMM(fluent-bit-gke-)_EVT(READ_SOCK)_BUCKET(0B-1KB)": {
      "count": 5,
      "max": 6238.0,
      "mean": 4172.2,
      "min": 2826.0,
      "p50": 3853.0,
      "p95": 6238.0,
      "p99": 6238.0,
      "var": 1602996.2000000002
    },
    "TGID(5463)_COMM(fluent-bit-gke-)_EVT(WRITE_SOCK)_BUCKET(0B-1KB)": {
      "count": 8,
      "max": 32437.0,
      "mean": 15984.625000000002,
      "min": 7318.0,
      "p50": 12805.0,
      "p95": 19857.041666666664,
      "p99": 19857.041666666664,
      "var": 74421273.98214285
    },
    "TGID(5463)_COMM(fluent-bit-gke-)_EVT(WRITE_SOCK)_BUCKET(1KB-16KB)": {
      "count": 2,
      "max": 979972.0,
      "mean": 514458.5,
      "min": 48945.0,
      "p50": 979972.0,
      "p95": 979972.0,
      "p99": 979972.0,
      "var": 433405637364.5
    },
    "TGID(5592)_COMM(main)_EVT(READ_SOCK)_BUCKET(0B-1KB)": {
      "count": 3,
      "max": 7960.0,
      "mean": 6927.0,
      "min": 5558.0,
      "p50": 7263.0,
      "p95": 7960.0,
      "p99": 7960.0,
      "var": 1527073.0
    },
    "TGID(5592)_COMM(main)_EVT(READ_SOCK)_BUCKET(1KB-16KB)": {
      "count": 4,
      "max": 2259.0,
      "mean": 1871.75,
      "min": 1502.0,
      "p50": 2175.0,
      "p95": 2259.0,
      "p99": 2259.0,
      "var": 160506.25
    },
    "TGID(5592)_COMM(main)_EVT(WRITE_SOCK)_BUCKET(0B-1KB)": {
      "count": 1,
      "max": 18343.0,
      "mean": 18343.0,
      "min": 18343.0,
      "p50": 18343.0,
      "p95": 18343.0,
      "p99": 18343.0,
      "var": 0.0
    },
    "TGID(5962)_COMM(nvidia-gpu-devi)_EVT(READ_SOCK)_BUCKET(0B-1KB)": {
      "count": 6,
      "max": 9527.0,
      "mean": 7333.333333333334,
      "min": 5227.0,
      "p50": 6701.0,
      "p95": 6701.0,
      "p99": 6701.0,
      "var": 2930480.666666666
    },
    "TGID(5962)_COMM(nvidia-gpu-devi)_EVT(WRITE_SOCK)_BUCKET(0B-1KB)": {
      "count": 12,
      "max": 21200.0,
      "mean": 8407.583333333334,
      "min": 1952.0,
      "p50": 6861.0,
      "p95": 10551.683950617282,
      "p99": 10551.683950617282,
      "var": 42596381.53787878
    },
    "TGID(6106)_COMM(containerd-shim)_EVT(WRITE_SOCK)_BUCKET(0B-1KB)": {
      "count": 1,
      "max": 7886.0,
      "mean": 7886.0,
      "min": 7886.0,
      "p50": 7886.0,
      "p95": 7886.0,
      "p99": 7886.0,
      "var": 0.0
    },
    "TGID(6319)_COMM(dcgm-exporter)_EVT(READ_SOCK)_BUCKET(0B-1KB)": {
      "count": 13,
      "max": 8622.0,
      "mean": 5360.846153846153,
      "min": 2166.0,
      "p50": 5479.8125,
      "p95": 6211.920138888889,
      "p99": 6211.920138888889,
      "var": 2481258.3076923075
    },
    "TGID(6319)_COMM(dcgm-exporter)_EVT(WRITE_SOCK)_BUCKET(0B-1KB)": {
      "count": 18,
      "max": 13762.0,
      "mean": 7399.944444444445,
      "min": 1850.0,
      "p50": 7873.294662147266,
      "p95": 11715.074074074075,
      "p99": 11715.074074074075,
      "var": 14358314.996732026
    },
    "TGID(6319)_COMM(dcgm-exporter)_EVT(WRITE_SOCK)_BUCKET(1KB-16KB)": {
      "count": 6,
      "max": 137388.0,
      "mean": 50577.16666666667,
      "min": 15321.0,
      "p50": 37858.0,
      "p95": 51161.33333333333,
      "p99": 51161.33333333333,
      "var": 2052274663.7666664
    },
    "TGID(655)_COMM(google_osconfig)_EVT(WRITE_SOCK)_BUCKET(0B-1KB)": {
      "count": 1,
      "max": 12106.0,
      "mean": 12106.0,
      "min": 12106.0,
      "p50": 12106.0,
      "p95": 12106.0,
      "p99": 12106.0,
      "var": 0.0
    },
    "TGID(8173)_COMM(flux-broker-2)_EVT(READ_SOCK)_BUCKET(0B-1KB)": {
      "count": 107,
      "max": 9898.0,
      "mean": 3458.579439252335,
      "min": 992.0,
      "p50": 2670.396655158936,
      "p95": 8627.93485866618,
      "p99": 9120.137705863082,
      "var": 4783690.227120437
    },
    "TGID(8173)_COMM(flux-broker-2)_EVT(WRITE_SOCK)_BUCKET(0B-1KB)": {
      "count": 66,
      "max": 25691.0,
      "mean": 8518.075757575756,
      "min": 2792.0,
      "p50": 8458.390778000803,
      "p95": 13534.540076002355,
      "p99": 16841.791358024933,
      "var": 10972301.36340326
    },
    "TGID(8173)_COMM(flux-broker-2)_EVT(WRITE_SOCK)_BUCKET(1KB-16KB)": {
      "count": 4,
      "max": 16851.0,
      "mean": 15051.25,
      "min": 11951.0,
      "p50": 16430.0,
      "p95": 16851.0,
      "p99": 16851.0,
      "var": 4919241.583333333
    },
    "TGID(8464)_COMM(flux-shell)_EVT(READ_SOCK)_BUCKET(0B-1KB)": {
      "count": 21,
      "max": 107335.0,
      "mean": 7627.571428571429,
      "min": 1742.0,
      "p50": 2352.427242063492,
      "p95": 3760.7083333333335,
      "p99": 3760.7083333333335,
      "var": 522369750.65714294
    },
    "TGID(8464)_COMM(flux-shell)_EVT(READ_SOCK)_BUCKET(1KB-16KB)": {
      "count": 2,
      "max": 5249.0,
      "mean": 4695.5,
      "min": 4142.0,
      "p50": 5249.0,
      "p95": 5249.0,
      "p99": 5249.0,
      "var": 612724.5
    },
    "TGID(8464)_COMM(flux-shell)_EVT(WRITE_SOCK)_BUCKET(0B-1KB)": {
      "count": 12,
      "max": 12608.0,
      "mean": 7775.166666666667,
      "min": 2359.0,
      "p50": 8251.5625,
      "p95": 9995.033333333333,
      "p99": 9995.033333333333,
      "var": 10072716.878787879
    },
    "TGID(8465)_COMM(lmp_gpu)_EVT(TCP_RECV)_BUCKET(0B-1KB)": {
      "count": 8,
      "max": 3695.0,
      "mean": 2698.875,
      "min": 1974.0,
      "p50": 2846.0,
      "p95": 2957.3333333333335,
      "p99": 2957.3333333333335,
      "var": 396370.6964285714
    },
    "TGID(8465)_COMM(lmp_gpu)_EVT(TCP_SEND)_BUCKET(0B-1KB)": {
      "count": 8,
      "max": 10471.0,
      "mean": 8586.625,
      "min": 6554.0,
      "p50": 8311.0,
      "p95": 9143.555555555555,
      "p99": 9143.555555555555,
      "var": 2288591.125
    },
    "TGID(8472)_COMM(runc)_EVT(WRITE_SOCK)_BUCKET(0B-1KB)": {
      "count": 1,
      "max": 15846.0,
      "mean": 15846.0,
      "min": 15846.0,
      "p50": 15846.0,
      "p95": 15846.0,
      "p99": 15846.0,
      "var": 0.0
    },
    "TGID(8492)_COMM(flux-shell)_EVT(READ_SOCK)_BUCKET(0B-1KB)": {
      "count": 21,
      "max": 104781.0,
      "mean": 8309.476190476189,
      "min": 1541.0,
      "p50": 2864.06401543949,
      "p95": 21418.668148148146,
      "p99": 21418.668148148146,
      "var": 498721570.2619047
    },
    "TGID(8492)_COMM(flux-shell)_EVT(READ_SOCK)_BUCKET(1KB-16KB)": {
      "count": 2,
      "max": 9549.0,
      "mean": 7256.0,
      "min": 4963.0,
      "p50": 9549.0,
      "p95": 9549.0,
      "p99": 9549.0,
      "var": 10515698.0
    },
    "TGID(8492)_COMM(flux-shell)_EVT(WRITE_SOCK)_BUCKET(0B-1KB)": {
      "count": 12,
      "max": 12627.0,
      "mean": 7635.333333333334,
      "min": 2125.0,
      "p50": 6137.733333333334,
      "p95": 10337.865873015873,
      "p99": 10337.865873015873,
      "var": 12543420.060606062
    },
    "TGID(8493)_COMM(lmp_gpu)_EVT(TCP_RECV)_BUCKET(0B-1KB)": {
      "count": 8,
      "max": 3113.0,
      "mean": 2523.625,
      "min": 2059.0,
      "p50": 2452.0,
      "p95": 2738.6666666666665,
      "p99": 2738.6666666666665,
      "var": 169169.98214285713
    },
    "TGID(8493)_COMM(lmp_gpu)_EVT(TCP_SEND)_BUCKET(0B-1KB)": {
      "count": 8,
      "max": 10401.0,
      "mean": 7842.75,
      "min": 6183.0,
      "p50": 7065.0,
      "p95": 7879.333333333333,
      "p99": 7879.333333333333,
      "var": 2549723.6428571427
    },
    "TGID(8658)_COMM(flux)_EVT(READ_SOCK)_BUCKET(0B-1KB)": {
      "count": 3,
      "max": 6893.0,
      "mean": 4442.333333333333,
      "min": 3118.0,
      "p50": 3316.0,
      "p95": 6893.0,
      "p99": 6893.0,
      "var": 4514126.333333333
    },
    "TGID(8658)_COMM(flux)_EVT(WRITE_SOCK)_BUCKET(0B-1KB)": {
      "count": 1,
      "max": 10415.0,
      "mean": 10415.0,
      "min": 10415.0,
      "p50": 10415.0,
      "p95": 10415.0,
      "p99": 10415.0,
      "var": 0.0
    },
    "TGID(8661)_COMM(flux)_EVT(READ_SOCK)_BUCKET(0B-1KB)": {
      "count": 3,
      "max": 107458.0,
      "mean": 37554.0,
      "min": 2594.0,
      "p50": 2610.0,
      "p95": 107458.0,
      "p99": 107458.0,
      "var": 3664926976.0
    },
    "TGID(8661)_COMM(flux)_EVT(WRITE_SOCK)_BUCKET(0B-1KB)": {
      "count": 1,
      "max": 9763.0,
      "mean": 9763.0,
      "min": 9763.0,
      "p50": 9763.0,
      "p95": 9763.0,
      "p99": 9763.0,
      "var": 0.0
    },
    "TGID(8662)_COMM(flux-module)_EVT(READ_SOCK)_BUCKET(0B-1KB)": {
      "count": 3,
      "max": 105248.0,
      "mean": 36680.66666666667,
      "min": 2305.0,
      "p50": 2489.0,
      "p95": 105248.0,
      "p99": 105248.0,
      "var": 3526117864.3333335
    },
    "TGID(8662)_COMM(flux-module)_EVT(WRITE_SOCK)_BUCKET(0B-1KB)": {
      "count": 1,
      "max": 9774.0,
      "mean": 9774.0,
      "min": 9774.0,
      "p50": 9774.0,
      "p95": 9774.0,
      "p99": 9774.0,
      "var": 0.0
    },
    "TGID(8663)_COMM(flux-module)_EVT(READ_SOCK)_BUCKET(0B-1KB)": {
      "count": 3,
      "max": 356525.0,
      "mean": 127100.66666666667,
      "min": 4459.0,
      "p50": 20318.0,
      "p95": 356525.0,
      "p99": 356525.0,
      "var": 39539520514.333336
    },
    "TGID(8663)_COMM(flux-module)_EVT(WRITE_SOCK)_BUCKET(0B-1KB)": {
      "count": 1,
      "max": 9764.0,
      "mean": 9764.0,
      "min": 9764.0,
      "p50": 9764.0,
      "p95": 9764.0,
      "p99": 9764.0,
      "var": 0.0
    },
    "TGID(8664)_COMM(flux-module)_EVT(READ_SOCK)_BUCKET(0B-1KB)": {
      "count": 3,
      "max": 203119.0,
      "mean": 69624.0,
      "min": 2777.0,
      "p50": 2976.0,
      "p95": 203119.0,
      "p99": 203119.0,
      "var": 13365696169.0
    },
    "TGID(8664)_COMM(flux-module)_EVT(WRITE_SOCK)_BUCKET(0B-1KB)": {
      "count": 1,
      "max": 16158.0,
      "mean": 16158.0,
      "min": 16158.0,
      "p50": 16158.0,
      "p95": 16158.0,
      "p99": 16158.0,
      "var": 0.0
    },
    "TGID(8665)_COMM(flux-module)_EVT(READ_SOCK)_BUCKET(0B-1KB)": {
      "count": 3,
      "max": 116133.0,
      "mean": 40212.333333333336,
      "min": 1976.0,
      "p50": 2528.0,
      "p95": 116133.0,
      "p99": 116133.0,
      "var": 4323036896.333333
    },
    "TGID(8665)_COMM(flux-module)_EVT(WRITE_SOCK)_BUCKET(0B-1KB)": {
      "count": 1,
      "max": 8957.0,
      "mean": 8957.0,
      "min": 8957.0,
      "p50": 8957.0,
      "p95": 8957.0,
      "p99": 8957.0,
      "var": 0.0
    },
    "TGID(8666)_COMM(flux-module)_EVT(READ_SOCK)_BUCKET(0B-1KB)": {
      "count": 3,
      "max": 6250.0,
      "mean": 3850.3333333333335,
      "min": 2572.0,
      "p50": 2729.0,
      "p95": 6250.0,
      "p99": 6250.0,
      "var": 4324962.333333334
    },
    "TGID(8666)_COMM(flux-module)_EVT(WRITE_SOCK)_BUCKET(0B-1KB)": {
      "count": 1,
      "max": 9390.0,
      "mean": 9390.0,
      "min": 9390.0,
      "p50": 9390.0,
      "p95": 9390.0,
      "p99": 9390.0,
      "var": 0.0
    },
    "TGID(8667)_COMM(flux-module)_EVT(READ_SOCK)_BUCKET(0B-1KB)": {
      "count": 3,
      "max": 233550.0,
      "mean": 80061.0,
      "min": 3071.0,
      "p50": 3562.0,
      "p95": 233550.0,
      "p99": 233550.0,
      "var": 17669215111.0
    },
    "TGID(8667)_COMM(flux-module)_EVT(WRITE_SOCK)_BUCKET(0B-1KB)": {
      "count": 1,
      "max": 9664.0,
      "mean": 9664.0,
      "min": 9664.0,
      "p50": 9664.0,
      "p95": 9664.0,
      "p99": 9664.0,
      "var": 0.0
    },
    "TGID(8668)_COMM(flux-module)_EVT(READ_SOCK)_BUCKET(0B-1KB)": {
      "count": 3,
      "max": 186316.0,
      "mean": 63848.333333333336,
      "min": 2469.0,
      "p50": 2760.0,
      "p95": 186316.0,
      "p99": 186316.0,
      "var": 11248768204.333334
    },
    "TGID(8668)_COMM(flux-module)_EVT(WRITE_SOCK)_BUCKET(0B-1KB)": {
      "count": 1,
      "max": 9674.0,
      "mean": 9674.0,
      "min": 9674.0,
      "p50": 9674.0,
      "p95": 9674.0,
      "p99": 9674.0,
      "var": 0.0
    },
    "TGID(8669)_COMM(flux-module)_EVT(READ_SOCK)_BUCKET(0B-1KB)": {
      "count": 3,
      "max": 124007.0,
      "mean": 43211.333333333336,
      "min": 2550.0,
      "p50": 3077.0,
      "p95": 124007.0,
      "p99": 124007.0,
      "var": 4896024246.333334
    },
    "TGID(8669)_COMM(flux-module)_EVT(WRITE_SOCK)_BUCKET(0B-1KB)": {
      "count": 1,
      "max": 8960.0,
      "mean": 8960.0,
      "min": 8960.0,
      "p50": 8960.0,
      "p95": 8960.0,
      "p99": 8960.0,
      "var": 0.0
    },
    "TGID(8671)_COMM(flux)_EVT(READ_SOCK)_BUCKET(0B-1KB)": {
      "count": 3,
      "max": 99131.0,
      "mean": 34576.66666666667,
      "min": 2078.0,
      "p50": 2521.0,
      "p95": 99131.0,
      "p99": 99131.0,
      "var": 3125495526.3333335
    },
    "TGID(8671)_COMM(flux)_EVT(WRITE_SOCK)_BUCKET(0B-1KB)": {
      "count": 1,
      "max": 9870.0,
      "mean": 9870.0,
      "min": 9870.0,
      "p50": 9870.0,
      "p95": 9870.0,
      "p99": 9870.0,
      "var": 0.0
    },
    "TGID(8672)_COMM(flux)_EVT(READ_SOCK)_BUCKET(0B-1KB)": {
      "count": 3,
      "max": 97491.0,
      "mean": 34047.0,
      "min": 2032.0,
      "p50": 2618.0,
      "p95": 97491.0,
      "p99": 97491.0,
      "var": 3018941701.0
    },
    "TGID(8672)_COMM(flux)_EVT(WRITE_SOCK)_BUCKET(0B-1KB)": {
      "count": 1,
      "max": 8743.0,
      "mean": 8743.0,
      "min": 8743.0,
      "p50": 8743.0,
      "p95": 8743.0,
      "p99": 8743.0,
      "var": 0.0
    },
    "TGID(8673)_COMM(flux-module)_EVT(READ_SOCK)_BUCKET(0B-1KB)": {
      "count": 3,
      "max": 101240.0,
      "mean": 35266.333333333336,
      "min": 2275.0,
      "p50": 2284.0,
      "p95": 101240.0,
      "p99": 101240.0,
      "var": 3264393540.3333335
    },
    "TGID(8673)_COMM(flux-module)_EVT(WRITE_SOCK)_BUCKET(0B-1KB)": {
      "count": 1,
      "max": 7237.0,
      "mean": 7237.0,
      "min": 7237.0,
      "p50": 7237.0,
      "p95": 7237.0,
      "p99": 7237.0,
      "var": 0.0
    }
  },
  "overall_byte_stats": {
    "TGID(1445)_COMM(dockerd)_EVT(WRITE_SOCK)": {
      "count": 1,
      "max": 1.0,
      "mean": 1.0,
      "min": 1.0,
      "var": 0.0
    },
    "TGID(2233)_COMM(containerd)_EVT(READ_SOCK)": {
      "count": 5,
      "max": 204.0,
      "mean": 204.0,
      "min": 204.0,
      "var": 0.0
    },
    "TGID(2233)_COMM(containerd)_EVT(WRITE_SOCK)": {
      "count": 32,
      "max": 155.0,
      "mean": 25.031249999999996,
      "min": 1.0,
      "var": 3219.1280241935497
    },
    "TGID(2388)_COMM(kubelet)_EVT(READ_SOCK)": {
      "count": 167,
      "max": 25927.0,
      "mean": 2329.4730538922154,
      "min": 0.0,
      "var": 28593359.817040622
    },
    "TGID(2388)_COMM(kubelet)_EVT(WRITE_SOCK)": {
      "count": 178,
      "max": 893.0,
      "mean": 85.11235955056188,
      "min": 8.0,
      "var": 24252.98165428808
    },
    "TGID(2538)_COMM(containerd-shim)_EVT(WRITE_SOCK)": {
      "count": 1,
      "max": 1.0,
      "mean": 1.0,
      "min": 1.0,
      "var": 0.0
    },
    "TGID(2663)_COMM(kube-proxy)_EVT(READ_SOCK)": {
      "count": 1,
      "max": 255.0,
      "mean": 255.0,
      "min": 255.0,
      "var": 0.0
    },
    "TGID(2663)_COMM(kube-proxy)_EVT(WRITE_SOCK)": {
      "count": 4,
      "max": 4096.0,
      "mean": 3335.25,
      "min": 1053.0,
      "var": 2314962.25
    },
    "TGID(3549)_COMM(containerd-shim)_EVT(READ_SOCK)": {
      "count": 1,
      "max": 1.0,
      "mean": 1.0,
      "min": 1.0,
      "var": 0.0
    },
    "TGID(3549)_COMM(containerd-shim)_EVT(WRITE_SOCK)": {
      "count": 2,
      "max": 1.0,
      "mean": 1.0,
      "min": 1.0,
      "var": 0.0
    },
    "TGID(3566)_COMM(containerd-shim)_EVT(WRITE_SOCK)": {
      "count": 1,
      "max": 1.0,
      "mean": 1.0,
      "min": 1.0,
      "var": 0.0
    },
    "TGID(3651)_COMM(containerd-shim)_EVT(WRITE_SOCK)": {
      "count": 1,
      "max": 1.0,
      "mean": 1.0,
      "min": 1.0,
      "var": 0.0
    },
    "TGID(3747)_COMM(containerd-shim)_EVT(READ_SOCK)": {
      "count": 1,
      "max": 1.0,
      "mean": 1.0,
      "min": 1.0,
      "var": 0.0
    },
    "TGID(3747)_COMM(containerd-shim)_EVT(WRITE_SOCK)": {
      "count": 1,
      "max": 1.0,
      "mean": 1.0,
      "min": 1.0,
      "var": 0.0
    },
    "TGID(3962)_COMM(containerd-shim)_EVT(WRITE_SOCK)": {
      "count": 1,
      "max": 1.0,
      "mean": 1.0,
      "min": 1.0,
      "var": 0.0
    },
    "TGID(4035)_COMM(operator)_EVT(READ_SOCK)": {
      "count": 90,
      "max": 1056.0,
      "mean": 373.25555555555576,
      "min": 0.0,
      "var": 133871.4058676654
    },
    "TGID(4035)_COMM(operator)_EVT(WRITE_SOCK)": {
      "count": 96,
      "max": 1632.0,
      "mean": 358.66666666666663,
      "min": 24.0,
      "var": 333872.05614035093
    },
    "TGID(4079)_COMM(main)_EVT(READ_SOCK)": {
      "count": 4,
      "max": 194.0,
      "mean": 116.25,
      "min": 39.0,
      "var": 7956.916666666667
    },
    "TGID(4079)_COMM(main)_EVT(WRITE_SOCK)": {
      "count": 4,
      "max": 14875.0,
      "mean": 4993.0,
      "min": 69.0,
      "var": 48715544.0
    },
    "TGID(4128)_COMM(otelsvc)_EVT(READ_SOCK)": {
      "count": 4,
      "max": 3113.0,
      "mean": 1606.75,
      "min": 101.0,
      "var": 3023044.25
    },
    "TGID(4128)_COMM(otelsvc)_EVT(WRITE_SOCK)": {
      "count": 4,
      "max": 252.0,
      "mean": 239.5,
      "min": 226.0,
      "var": 209.0
    },
    "TGID(4166)_COMM(gpu-maintenance)_EVT(READ_SOCK)": {
      "count": 12,
      "max": 315.0,
      "mean": 315.0,
      "min": 315.0,
      "var": 0.0
    },
    "TGID(4166)_COMM(gpu-maintenance)_EVT(WRITE_SOCK)": {
      "count": 12,
      "max": 177.0,
      "mean": 177.0,
      "min": 177.0,
      "var": 0.0
    },
    "TGID(4227)_COMM(containerd-shim)_EVT(READ_SOCK)": {
      "count": 2,
      "max": 1.0,
      "mean": 1.0,
      "min": 1.0,
      "var": 0.0
    },
    "TGID(4436)_COMM(containerd-shim)_EVT(READ_SOCK)": {
      "count": 4,
      "max": 1.0,
      "mean": 0.5,
      "min": 0.0,
      "var": 0.3333333333333333
    },
    "TGID(4436)_COMM(containerd-shim)_EVT(WRITE_SOCK)": {
      "count": 2,
      "max": 2045.0,
      "mean": 2045.0,
      "min": 2045.0,
      "var": 0.0
    },
    "TGID(4932)_COMM(prometheus)_EVT(READ_SOCK)": {
      "count": 31,
      "max": 4706.0,
      "mean": 909.3548387096772,
      "min": 0.0,
      "var": 3040375.83655914
    },
    "TGID(4932)_COMM(prometheus)_EVT(WRITE_SOCK)": {
      "count": 19,
      "max": 293.0,
      "mean": 185.21052631578948,
      "min": 164.0,
      "var": 2300.397660818713
    },
    "TGID(5155)_COMM(config-reloader)_EVT(READ_SOCK)": {
      "count": 6,
      "max": 7985.0,
      "mean": 3992.5,
      "min": 0.0,
      "var": 19128067.5
    },
    "TGID(5256)_COMM(monkey: wrk/0)_EVT(TCP_RECV)": {
      "count": 5,
      "max": 272.0,
      "mean": 96.4,
      "min": 0.0,
      "var": 12392.300000000003
    },
    "TGID(5256)_COMM(monkey: wrk/0)_EVT(TCP_SEND)": {
      "count": 12,
      "max": 15776.0,
      "mean": 1417.25,
      "min": 2.0,
      "var": 20499272.386363637
    },
    "TGID(5463)_COMM(fluent-bit-gke-)_EVT(READ_SOCK)": {
      "count": 5,
      "max": 252.0,
      "mean": 145.6,
      "min": 0.0,
      "var": 11524.8
    },
    "TGID(5463)_COMM(fluent-bit-gke-)_EVT(WRITE_SOCK)": {
      "count": 10,
      "max": 3113.0,
      "mean": 641.9000000000001,
      "min": 1.0,
      "var": 1696959.4333333333
    },
    "TGID(5592)_COMM(main)_EVT(READ_SOCK)": {
      "count": 7,
      "max": 4096.0,
      "mean": 2276.5714285714284,
      "min": 0.0,
      "var": 4381773.285714285
    },
    "TGID(5592)_COMM(main)_EVT(WRITE_SOCK)": {
      "count": 1,
      "max": 272.0,
      "mean": 272.0,
      "min": 272.0,
      "var": 0.0
    },
    "TGID(5962)_COMM(nvidia-gpu-devi)_EVT(READ_SOCK)": {
      "count": 6,
      "max": 893.0,
      "mean": 458.5,
      "min": 24.0,
      "var": 226548.3
    },
    "TGID(5962)_COMM(nvidia-gpu-devi)_EVT(WRITE_SOCK)": {
      "count": 12,
      "max": 136.0,
      "mean": 64.5,
      "min": 9.0,
      "var": 2845.3636363636365
    },
    "TGID(6106)_COMM(containerd-shim)_EVT(WRITE_SOCK)": {
      "count": 1,
      "max": 1.0,
      "mean": 1.0,
      "min": 1.0,
      "var": 0.0
    },
    "TGID(6319)_COMM(dcgm-exporter)_EVT(READ_SOCK)": {
      "count": 13,
      "max": 893.0,
      "mean": 280.53846153846155,
      "min": 9.0,
      "var": 127079.76923076925
    },
    "TGID(6319)_COMM(dcgm-exporter)_EVT(WRITE_SOCK)": {
      "count": 24,
      "max": 4706.0,
      "mean": 1135.0833333333335,
      "min": 7.0,
      "var": 3731146.166666667
    },
    "TGID(655)_COMM(google_osconfig)_EVT(WRITE_SOCK)": {
      "count": 1,
      "max": 1.0,
      "mean": 1.0,
      "min": 1.0,
      "var": 0.0
    },
    "TGID(8173)_COMM(flux-broker-2)_EVT(READ_SOCK)": {
      "count": 107,
      "max": 99.0,
      "mean": 25.42990654205609,
      "min": 0.0,
      "var": 767.7568330100514
    },
    "TGID(8173)_COMM(flux-broker-2)_EVT(WRITE_SOCK)": {
      "count": 70,
      "max": 6977.0,
      "mean": 398.0714285714287,
      "min": 1.0,
      "var": 2227671.197722567
    },
    "TGID(8464)_COMM(flux-shell)_EVT(READ_SOCK)": {
      "count": 23,
      "max": 6969.0,
      "mean": 588.9999999999999,
      "min": 1.0,
      "var": 3372340.181818181
    },
    "TGID(8464)_COMM(flux-shell)_EVT(WRITE_SOCK)": {
      "count": 12,
      "max": 107.0,
      "mean": 73.5,
      "min": 48.0,
      "var": 292.8181818181818
    },
    "TGID(8465)_COMM(lmp_gpu)_EVT(TCP_RECV)": {
      "count": 8,
      "max": 24.0,
      "mean": 24.0,
      "min": 24.0,
      "var": 0.0
    },
    "TGID(8465)_COMM(lmp_gpu)_EVT(TCP_SEND)": {
      "count": 8,
      "max": 24.0,
      "mean": 24.0,
      "min": 24.0,
      "var": 0.0
    },
    "TGID(8472)_COMM(runc)_EVT(WRITE_SOCK)": {
      "count": 1,
      "max": 188.0,
      "mean": 188.0,
      "min": 188.0,
      "var": 0.0
    },
    "TGID(8492)_COMM(flux-shell)_EVT(READ_SOCK)": {
      "count": 23,
      "max": 6969.0,
      "mean": 588.9999999999999,
      "min": 1.0,
      "var": 3372340.181818181
    },
    "TGID(8492)_COMM(flux-shell)_EVT(WRITE_SOCK)": {
      "count": 12,
      "max": 107.0,
      "mean": 73.5,
      "min": 48.0,
      "var": 292.8181818181818
    },
    "TGID(8493)_COMM(lmp_gpu)_EVT(TCP_RECV)": {
      "count": 8,
      "max": 24.0,
      "mean": 24.0,
      "min": 24.0,
      "var": 0.0
    },
    "TGID(8493)_COMM(lmp_gpu)_EVT(TCP_SEND)": {
      "count": 8,
      "max": 24.0,
      "mean": 24.0,
      "min": 24.0,
      "var": 0.0
    },
    "TGID(8658)_COMM(flux)_EVT(READ_SOCK)": {
      "count": 3,
      "max": 56.0,
      "mean": 21.666666666666664,
      "min": 1.0,
      "var": 896.3333333333334
    },
    "TGID(8658)_COMM(flux)_EVT(WRITE_SOCK)": {
      "count": 1,
      "max": 56.0,
      "mean": 56.0,
      "min": 56.0,
      "var": 0.0
    },
    "TGID(8661)_COMM(flux)_EVT(READ_SOCK)": {
      "count": 3,
      "max": 56.0,
      "mean": 21.666666666666664,
      "min": 1.0,
      "var": 896.3333333333334
    },
    "TGID(8661)_COMM(flux)_EVT(WRITE_SOCK)": {
      "count": 1,
      "max": 56.0,
      "mean": 56.0,
      "min": 56.0,
      "var": 0.0
    },
    "TGID(8662)_COMM(flux-module)_EVT(READ_SOCK)": {
      "count": 3,
      "max": 35.0,
      "mean": 14.666666666666666,
      "min": 1.0,
      "var": 322.33333333333337
    },
    "TGID(8662)_COMM(flux-module)_EVT(WRITE_SOCK)": {
      "count": 1,
      "max": 64.0,
      "mean": 64.0,
      "min": 64.0,
      "var": 0.0
    },
    "TGID(8663)_COMM(flux-module)_EVT(READ_SOCK)": {
      "count": 3,
      "max": 35.0,
      "mean": 14.666666666666666,
      "min": 1.0,
      "var": 322.33333333333337
    },
    "TGID(8663)_COMM(flux-module)_EVT(WRITE_SOCK)": {
      "count": 1,
      "max": 64.0,
      "mean": 64.0,
      "min": 64.0,
      "var": 0.0
    },
    "TGID(8664)_COMM(flux-module)_EVT(READ_SOCK)": {
      "count": 3,
      "max": 35.0,
      "mean": 14.666666666666666,
      "min": 1.0,
      "var": 322.33333333333337
    },
    "TGID(8664)_COMM(flux-module)_EVT(WRITE_SOCK)": {
      "count": 1,
      "max": 66.0,
      "mean": 66.0,
      "min": 66.0,
      "var": 0.0
    },
    "TGID(8665)_COMM(flux-module)_EVT(READ_SOCK)": {
      "count": 3,
      "max": 35.0,
      "mean": 14.666666666666666,
      "min": 1.0,
      "var": 322.33333333333337
    },
    "TGID(8665)_COMM(flux-module)_EVT(WRITE_SOCK)": {
      "count": 1,
      "max": 62.0,
      "mean": 62.0,
      "min": 62.0,
      "var": 0.0
    },
    "TGID(8666)_COMM(flux-module)_EVT(READ_SOCK)": {
      "count": 3,
      "max": 35.0,
      "mean": 14.666666666666666,
      "min": 1.0,
      "var": 322.33333333333337
    },
    "TGID(8666)_COMM(flux-module)_EVT(WRITE_SOCK)": {
      "count": 1,
      "max": 61.0,
      "mean": 61.0,
      "min": 61.0,
      "var": 0.0
    },
    "TGID(8667)_COMM(flux-module)_EVT(READ_SOCK)": {
      "count": 3,
      "max": 35.0,
      "mean": 14.666666666666666,
      "min": 1.0,
      "var": 322.33333333333337
    },
    "TGID(8667)_COMM(flux-module)_EVT(WRITE_SOCK)": {
      "count": 1,
      "max": 63.0,
      "mean": 63.0,
      "min": 63.0,
      "var": 0.0
    },
    "TGID(8668)_COMM(flux-module)_EVT(READ_SOCK)": {
      "count": 3,
      "max": 35.0,
      "mean": 14.666666666666666,
      "min": 1.0,
      "var": 322.33333333333337
    },
    "TGID(8668)_COMM(flux-module)_EVT(WRITE_SOCK)": {
      "count": 1,
      "max": 65.0,
      "mean": 65.0,
      "min": 65.0,
      "var": 0.0
    },
    "TGID(8669)_COMM(flux-module)_EVT(READ_SOCK)": {
      "count": 3,
      "max": 35.0,
      "mean": 14.666666666666666,
      "min": 1.0,
      "var": 322.33333333333337
    },
    "TGID(8669)_COMM(flux-module)_EVT(WRITE_SOCK)": {
      "count": 1,
      "max": 59.0,
      "mean": 59.0,
      "min": 59.0,
      "var": 0.0
    },
    "TGID(8671)_COMM(flux)_EVT(READ_SOCK)": {
      "count": 3,
      "max": 31.0,
      "mean": 13.333333333333332,
      "min": 1.0,
      "var": 246.33333333333334
    },
    "TGID(8671)_COMM(flux)_EVT(WRITE_SOCK)": {
      "count": 1,
      "max": 74.0,
      "mean": 74.0,
      "min": 74.0,
      "var": 0.0
    },
    "TGID(8672)_COMM(flux)_EVT(READ_SOCK)": {
      "count": 3,
      "max": 36.0,
      "mean": 15.0,
      "min": 1.0,
      "var": 343.0
    },
    "TGID(8672)_COMM(flux)_EVT(WRITE_SOCK)": {
      "count": 1,
      "max": 44.0,
      "mean": 44.0,
      "min": 44.0,
      "var": 0.0
    },
    "TGID(8673)_COMM(flux-module)_EVT(READ_SOCK)": {
      "count": 3,
      "max": 35.0,
      "mean": 14.666666666666666,
      "min": 1.0,
      "var": 322.33333333333337
    },
    "TGID(8673)_COMM(flux-module)_EVT(WRITE_SOCK)": {
      "count": 1,
      "max": 63.0,
      "mean": 63.0,
      "min": 63.0,
      "var": 0.0
    }
  }
}
[22:55:01] --- END OF FINAL STATISTICS ---
