unlimited
PROGRAM: shmem
Looking for /opt/programs/shmem/ebpf-collect.c
Initializing eBPF for Shared Memory monitoring...
BPF C code compiled and loaded.
[21:01:45] 
Start Indicator file defined '/mnt/flux/start_ebpf_collection'. Waiting.
[21:01:51] Start indicator found. Proceeding.
Attaching tracepoints...
  Kprobes for shm_open/shm_unlink should auto-attach if symbols exist.
Finished attaching probes.

--- Shared Memory Stats Summary at 21:01:56 ---
{"tgid": 8607, "comm": "lmp_gpu", "shmget": 1, "shmat": 1, "shmdt": 1, "rmid": 1, "get_mb": 0.00390625, "shmopen": 0, "unlink": 0, "mmap_sh": 37, "munmap": 82, "mmap_sh_mb": 87.23046875}
{"tgid": 8606, "comm": "flux-shell", "shmget": 0, "shmat": 0, "shmdt": 0, "rmid": 0, "get_mb": 0.0, "shmopen": 0, "unlink": 0, "mmap_sh": 1, "munmap": 1, "mmap_sh_mb": 0.025751113891601562}
{"tgid": 8625, "comm": "runc:[2:INIT]", "shmget": 0, "shmat": 0, "shmdt": 0, "rmid": 0, "get_mb": 0.0, "shmopen": 0, "unlink": 0, "mmap_sh": 0, "munmap": 6, "mmap_sh_mb": 0.0}
{"tgid": 8623, "comm": "6", "shmget": 0, "shmat": 0, "shmdt": 0, "rmid": 0, "get_mb": 0.0, "shmopen": 0, "unlink": 0, "mmap_sh": 0, "munmap": 1, "mmap_sh_mb": 0.0}
{"tgid": 8539, "comm": "flux-broker-60", "shmget": 0, "shmat": 0, "shmdt": 0, "rmid": 0, "get_mb": 0.0, "shmopen": 0, "unlink": 0, "mmap_sh": 0, "munmap": 1, "mmap_sh_mb": 0.0}
{"tgid": 8614, "comm": "runc", "shmget": 0, "shmat": 0, "shmdt": 0, "rmid": 0, "get_mb": 0.0, "shmopen": 0, "unlink": 0, "mmap_sh": 0, "munmap": 7, "mmap_sh_mb": 0.0}

--- Shared Memory Stats Summary at 21:02:01 ---
{"tgid": 8607, "comm": "lmp_gpu", "shmget": 1, "shmat": 1, "shmdt": 1, "rmid": 1, "get_mb": 0.00390625, "shmopen": 0, "unlink": 0, "mmap_sh": 37, "munmap": 92, "mmap_sh_mb": 87.23046875}
{"tgid": 8606, "comm": "flux-shell", "shmget": 0, "shmat": 0, "shmdt": 0, "rmid": 0, "get_mb": 0.0, "shmopen": 0, "unlink": 0, "mmap_sh": 1, "munmap": 1, "mmap_sh_mb": 0.025751113891601562}
{"tgid": 8625, "comm": "runc:[2:INIT]", "shmget": 0, "shmat": 0, "shmdt": 0, "rmid": 0, "get_mb": 0.0, "shmopen": 0, "unlink": 0, "mmap_sh": 0, "munmap": 6, "mmap_sh_mb": 0.0}
{"tgid": 8623, "comm": "6", "shmget": 0, "shmat": 0, "shmdt": 0, "rmid": 0, "get_mb": 0.0, "shmopen": 0, "unlink": 0, "mmap_sh": 0, "munmap": 1, "mmap_sh_mb": 0.0}
{"tgid": 8539, "comm": "flux-broker-60", "shmget": 0, "shmat": 0, "shmdt": 0, "rmid": 0, "get_mb": 0.0, "shmopen": 0, "unlink": 0, "mmap_sh": 0, "munmap": 1, "mmap_sh_mb": 0.0}
{"tgid": 8614, "comm": "runc", "shmget": 0, "shmat": 0, "shmdt": 0, "rmid": 0, "get_mb": 0.0, "shmopen": 0, "unlink": 0, "mmap_sh": 0, "munmap": 7, "mmap_sh_mb": 0.0}

--- Shared Memory Stats Summary at 21:02:06 ---
{"tgid": 8658, "comm": "lmp_gpu", "shmget": 1, "shmat": 1, "shmdt": 1, "rmid": 1, "get_mb": 0.00390625, "shmopen": 0, "unlink": 0, "mmap_sh": 37, "munmap": 64, "mmap_sh_mb": 87.23046875}
{"tgid": 8607, "comm": "lmp_gpu", "shmget": 1, "shmat": 1, "shmdt": 1, "rmid": 1, "get_mb": 0.00390625, "shmopen": 0, "unlink": 0, "mmap_sh": 37, "munmap": 165, "mmap_sh_mb": 87.23046875}
{"tgid": 8657, "comm": "flux-shell", "shmget": 0, "shmat": 0, "shmdt": 0, "rmid": 0, "get_mb": 0.0, "shmopen": 0, "unlink": 0, "mmap_sh": 1, "munmap": 1, "mmap_sh_mb": 0.025751113891601562}
{"tgid": 8606, "comm": "flux-shell", "shmget": 0, "shmat": 0, "shmdt": 0, "rmid": 0, "get_mb": 0.0, "shmopen": 0, "unlink": 0, "mmap_sh": 1, "munmap": 4, "mmap_sh_mb": 0.025751113891601562}
{"tgid": 8625, "comm": "runc:[2:INIT]", "shmget": 0, "shmat": 0, "shmdt": 0, "rmid": 0, "get_mb": 0.0, "shmopen": 0, "unlink": 0, "mmap_sh": 0, "munmap": 6, "mmap_sh_mb": 0.0}
{"tgid": 8648, "comm": "runc:[2:INIT]", "shmget": 0, "shmat": 0, "shmdt": 0, "rmid": 0, "get_mb": 0.0, "shmopen": 0, "unlink": 0, "mmap_sh": 0, "munmap": 6, "mmap_sh_mb": 0.0}
{"tgid": 8623, "comm": "6", "shmget": 0, "shmat": 0, "shmdt": 0, "rmid": 0, "get_mb": 0.0, "shmopen": 0, "unlink": 0, "mmap_sh": 0, "munmap": 1, "mmap_sh_mb": 0.0}
{"tgid": 8539, "comm": "flux-broker-60", "shmget": 0, "shmat": 0, "shmdt": 0, "rmid": 0, "get_mb": 0.0, "shmopen": 0, "unlink": 0, "mmap_sh": 0, "munmap": 2, "mmap_sh_mb": 0.0}
{"tgid": 8646, "comm": "6", "shmget": 0, "shmat": 0, "shmdt": 0, "rmid": 0, "get_mb": 0.0, "shmopen": 0, "unlink": 0, "mmap_sh": 0, "munmap": 1, "mmap_sh_mb": 0.0}
{"tgid": 8614, "comm": "runc", "shmget": 0, "shmat": 0, "shmdt": 0, "rmid": 0, "get_mb": 0.0, "shmopen": 0, "unlink": 0, "mmap_sh": 0, "munmap": 7, "mmap_sh_mb": 0.0}
{"tgid": 8635, "comm": "runc", "shmget": 0, "shmat": 0, "shmdt": 0, "rmid": 0, "get_mb": 0.0, "shmopen": 0, "unlink": 0, "mmap_sh": 0, "munmap": 9, "mmap_sh_mb": 0.0}

--- Shared Memory Stats Summary at 21:02:11 ---
{"tgid": 8658, "comm": "lmp_gpu", "shmget": 1, "shmat": 1, "shmdt": 1, "rmid": 1, "get_mb": 0.00390625, "shmopen": 0, "unlink": 0, "mmap_sh": 37, "munmap": 81, "mmap_sh_mb": 87.23046875}
{"tgid": 8607, "comm": "lmp_gpu", "shmget": 1, "shmat": 1, "shmdt": 1, "rmid": 1, "get_mb": 0.00390625, "shmopen": 0, "unlink": 0, "mmap_sh": 37, "munmap": 165, "mmap_sh_mb": 87.23046875}
{"tgid": 8657, "comm": "flux-shell", "shmget": 0, "shmat": 0, "shmdt": 0, "rmid": 0, "get_mb": 0.0, "shmopen": 0, "unlink": 0, "mmap_sh": 1, "munmap": 1, "mmap_sh_mb": 0.025751113891601562}
{"tgid": 8606, "comm": "flux-shell", "shmget": 0, "shmat": 0, "shmdt": 0, "rmid": 0, "get_mb": 0.0, "shmopen": 0, "unlink": 0, "mmap_sh": 1, "munmap": 4, "mmap_sh_mb": 0.025751113891601562}
{"tgid": 8625, "comm": "runc:[2:INIT]", "shmget": 0, "shmat": 0, "shmdt": 0, "rmid": 0, "get_mb": 0.0, "shmopen": 0, "unlink": 0, "mmap_sh": 0, "munmap": 6, "mmap_sh_mb": 0.0}
{"tgid": 8648, "comm": "runc:[2:INIT]", "shmget": 0, "shmat": 0, "shmdt": 0, "rmid": 0, "get_mb": 0.0, "shmopen": 0, "unlink": 0, "mmap_sh": 0, "munmap": 6, "mmap_sh_mb": 0.0}
{"tgid": 8623, "comm": "6", "shmget": 0, "shmat": 0, "shmdt": 0, "rmid": 0, "get_mb": 0.0, "shmopen": 0, "unlink": 0, "mmap_sh": 0, "munmap": 1, "mmap_sh_mb": 0.0}
{"tgid": 8539, "comm": "flux-broker-60", "shmget": 0, "shmat": 0, "shmdt": 0, "rmid": 0, "get_mb": 0.0, "shmopen": 0, "unlink": 0, "mmap_sh": 0, "munmap": 2, "mmap_sh_mb": 0.0}
{"tgid": 8646, "comm": "6", "shmget": 0, "shmat": 0, "shmdt": 0, "rmid": 0, "get_mb": 0.0, "shmopen": 0, "unlink": 0, "mmap_sh": 0, "munmap": 1, "mmap_sh_mb": 0.0}
{"tgid": 8614, "comm": "runc", "shmget": 0, "shmat": 0, "shmdt": 0, "rmid": 0, "get_mb": 0.0, "shmopen": 0, "unlink": 0, "mmap_sh": 0, "munmap": 7, "mmap_sh_mb": 0.0}
{"tgid": 8635, "comm": "runc", "shmget": 0, "shmat": 0, "shmdt": 0, "rmid": 0, "get_mb": 0.0, "shmopen": 0, "unlink": 0, "mmap_sh": 0, "munmap": 9, "mmap_sh_mb": 0.0}

--- Shared Memory Stats Summary at 21:02:16 ---
{"tgid": 8658, "comm": "lmp_gpu", "shmget": 1, "shmat": 1, "shmdt": 1, "rmid": 1, "get_mb": 0.00390625, "shmopen": 0, "unlink": 0, "mmap_sh": 37, "munmap": 120, "mmap_sh_mb": 87.23046875}
{"tgid": 8607, "comm": "lmp_gpu", "shmget": 1, "shmat": 1, "shmdt": 1, "rmid": 1, "get_mb": 0.00390625, "shmopen": 0, "unlink": 0, "mmap_sh": 37, "munmap": 165, "mmap_sh_mb": 87.23046875}
{"tgid": 8657, "comm": "flux-shell", "shmget": 0, "shmat": 0, "shmdt": 0, "rmid": 0, "get_mb": 0.0, "shmopen": 0, "unlink": 0, "mmap_sh": 1, "munmap": 1, "mmap_sh_mb": 0.025751113891601562}
{"tgid": 8606, "comm": "flux-shell", "shmget": 0, "shmat": 0, "shmdt": 0, "rmid": 0, "get_mb": 0.0, "shmopen": 0, "unlink": 0, "mmap_sh": 1, "munmap": 4, "mmap_sh_mb": 0.025751113891601562}
{"tgid": 8625, "comm": "runc:[2:INIT]", "shmget": 0, "shmat": 0, "shmdt": 0, "rmid": 0, "get_mb": 0.0, "shmopen": 0, "unlink": 0, "mmap_sh": 0, "munmap": 6, "mmap_sh_mb": 0.0}
{"tgid": 8711, "comm": "ip6tables-save", "shmget": 0, "shmat": 0, "shmdt": 0, "rmid": 0, "get_mb": 0.0, "shmopen": 0, "unlink": 0, "mmap_sh": 0, "munmap": 1, "mmap_sh_mb": 0.0}
{"tgid": 8704, "comm": "ip6tables", "shmget": 0, "shmat": 0, "shmdt": 0, "rmid": 0, "get_mb": 0.0, "shmopen": 0, "unlink": 0, "mmap_sh": 0, "munmap": 2, "mmap_sh_mb": 0.0}
{"tgid": 8713, "comm": "modprobe", "shmget": 0, "shmat": 0, "shmdt": 0, "rmid": 0, "get_mb": 0.0, "shmopen": 0, "unlink": 0, "mmap_sh": 0, "munmap": 6, "mmap_sh_mb": 0.0}
{"tgid": 8714, "comm": "modprobe", "shmget": 0, "shmat": 0, "shmdt": 0, "rmid": 0, "get_mb": 0.0, "shmopen": 0, "unlink": 0, "mmap_sh": 0, "munmap": 6, "mmap_sh_mb": 0.0}
{"tgid": 8708, "comm": "ip6tables", "shmget": 0, "shmat": 0, "shmdt": 0, "rmid": 0, "get_mb": 0.0, "shmopen": 0, "unlink": 0, "mmap_sh": 0, "munmap": 1, "mmap_sh_mb": 0.0}
{"tgid": 8700, "comm": "ip6tables", "shmget": 0, "shmat": 0, "shmdt": 0, "rmid": 0, "get_mb": 0.0, "shmopen": 0, "unlink": 0, "mmap_sh": 0, "munmap": 3, "mmap_sh_mb": 0.0}
{"tgid": 8696, "comm": "ip6tables", "shmget": 0, "shmat": 0, "shmdt": 0, "rmid": 0, "get_mb": 0.0, "shmopen": 0, "unlink": 0, "mmap_sh": 0, "munmap": 3, "mmap_sh_mb": 0.0}
{"tgid": 8712, "comm": "ip6tables-resto", "shmget": 0, "shmat": 0, "shmdt": 0, "rmid": 0, "get_mb": 0.0, "shmopen": 0, "unlink": 0, "mmap_sh": 0, "munmap": 1, "mmap_sh_mb": 0.0}
{"tgid": 8688, "comm": "ip6tables", "shmget": 0, "shmat": 0, "shmdt": 0, "rmid": 0, "get_mb": 0.0, "shmopen": 0, "unlink": 0, "mmap_sh": 0, "munmap": 3, "mmap_sh_mb": 0.0}
{"tgid": 8648, "comm": "runc:[2:INIT]", "shmget": 0, "shmat": 0, "shmdt": 0, "rmid": 0, "get_mb": 0.0, "shmopen": 0, "unlink": 0, "mmap_sh": 0, "munmap": 6, "mmap_sh_mb": 0.0}
{"tgid": 8623, "comm": "6", "shmget": 0, "shmat": 0, "shmdt": 0, "rmid": 0, "get_mb": 0.0, "shmopen": 0, "unlink": 0, "mmap_sh": 0, "munmap": 1, "mmap_sh_mb": 0.0}
{"tgid": 8694, "comm": "ip6tables", "shmget": 0, "shmat": 0, "shmdt": 0, "rmid": 0, "get_mb": 0.0, "shmopen": 0, "unlink": 0, "mmap_sh": 0, "munmap": 3, "mmap_sh_mb": 0.0}
{"tgid": 8686, "comm": "ip6tables", "shmget": 0, "shmat": 0, "shmdt": 0, "rmid": 0, "get_mb": 0.0, "shmopen": 0, "unlink": 0, "mmap_sh": 0, "munmap": 3, "mmap_sh_mb": 0.0}
{"tgid": 8674, "comm": "runc:[2:INIT]", "shmget": 0, "shmat": 0, "shmdt": 0, "rmid": 0, "get_mb": 0.0, "shmopen": 0, "unlink": 0, "mmap_sh": 0, "munmap": 4, "mmap_sh_mb": 0.0}
{"tgid": 8710, "comm": "ip6tables", "shmget": 0, "shmat": 0, "shmdt": 0, "rmid": 0, "get_mb": 0.0, "shmopen": 0, "unlink": 0, "mmap_sh": 0, "munmap": 1, "mmap_sh_mb": 0.0}

--- Shared Memory Stats Summary at 21:02:21 ---
{"tgid": 8716, "comm": "lmp_gpu", "shmget": 1, "shmat": 1, "shmdt": 1, "rmid": 1, "get_mb": 0.00390625, "shmopen": 0, "unlink": 0, "mmap_sh": 37, "munmap": 85, "mmap_sh_mb": 87.23046875}
{"tgid": 8658, "comm": "lmp_gpu", "shmget": 1, "shmat": 1, "shmdt": 1, "rmid": 1, "get_mb": 0.00390625, "shmopen": 0, "unlink": 0, "mmap_sh": 37, "munmap": 160, "mmap_sh_mb": 87.23046875}
{"tgid": 8607, "comm": "lmp_gpu", "shmget": 1, "shmat": 1, "shmdt": 1, "rmid": 1, "get_mb": 0.00390625, "shmopen": 0, "unlink": 0, "mmap_sh": 37, "munmap": 165, "mmap_sh_mb": 87.23046875}
{"tgid": 8657, "comm": "flux-shell", "shmget": 0, "shmat": 0, "shmdt": 0, "rmid": 0, "get_mb": 0.0, "shmopen": 0, "unlink": 0, "mmap_sh": 1, "munmap": 4, "mmap_sh_mb": 0.025751113891601562}
{"tgid": 8715, "comm": "flux-shell", "shmget": 0, "shmat": 0, "shmdt": 0, "rmid": 0, "get_mb": 0.0, "shmopen": 0, "unlink": 0, "mmap_sh": 1, "munmap": 1, "mmap_sh_mb": 0.025751113891601562}
{"tgid": 8606, "comm": "flux-shell", "shmget": 0, "shmat": 0, "shmdt": 0, "rmid": 0, "get_mb": 0.0, "shmopen": 0, "unlink": 0, "mmap_sh": 1, "munmap": 4, "mmap_sh_mb": 0.025751113891601562}
{"tgid": 8625, "comm": "runc:[2:INIT]", "shmget": 0, "shmat": 0, "shmdt": 0, "rmid": 0, "get_mb": 0.0, "shmopen": 0, "unlink": 0, "mmap_sh": 0, "munmap": 6, "mmap_sh_mb": 0.0}
{"tgid": 8711, "comm": "ip6tables-save", "shmget": 0, "shmat": 0, "shmdt": 0, "rmid": 0, "get_mb": 0.0, "shmopen": 0, "unlink": 0, "mmap_sh": 0, "munmap": 1, "mmap_sh_mb": 0.0}
{"tgid": 8704, "comm": "ip6tables", "shmget": 0, "shmat": 0, "shmdt": 0, "rmid": 0, "get_mb": 0.0, "shmopen": 0, "unlink": 0, "mmap_sh": 0, "munmap": 2, "mmap_sh_mb": 0.0}
{"tgid": 8713, "comm": "modprobe", "shmget": 0, "shmat": 0, "shmdt": 0, "rmid": 0, "get_mb": 0.0, "shmopen": 0, "unlink": 0, "mmap_sh": 0, "munmap": 6, "mmap_sh_mb": 0.0}
{"tgid": 8714, "comm": "modprobe", "shmget": 0, "shmat": 0, "shmdt": 0, "rmid": 0, "get_mb": 0.0, "shmopen": 0, "unlink": 0, "mmap_sh": 0, "munmap": 6, "mmap_sh_mb": 0.0}
{"tgid": 8708, "comm": "ip6tables", "shmget": 0, "shmat": 0, "shmdt": 0, "rmid": 0, "get_mb": 0.0, "shmopen": 0, "unlink": 0, "mmap_sh": 0, "munmap": 1, "mmap_sh_mb": 0.0}
{"tgid": 8700, "comm": "ip6tables", "shmget": 0, "shmat": 0, "shmdt": 0, "rmid": 0, "get_mb": 0.0, "shmopen": 0, "unlink": 0, "mmap_sh": 0, "munmap": 3, "mmap_sh_mb": 0.0}
{"tgid": 8696, "comm": "ip6tables", "shmget": 0, "shmat": 0, "shmdt": 0, "rmid": 0, "get_mb": 0.0, "shmopen": 0, "unlink": 0, "mmap_sh": 0, "munmap": 3, "mmap_sh_mb": 0.0}
{"tgid": 8712, "comm": "ip6tables-resto", "shmget": 0, "shmat": 0, "shmdt": 0, "rmid": 0, "get_mb": 0.0, "shmopen": 0, "unlink": 0, "mmap_sh": 0, "munmap": 1, "mmap_sh_mb": 0.0}
{"tgid": 8688, "comm": "ip6tables", "shmget": 0, "shmat": 0, "shmdt": 0, "rmid": 0, "get_mb": 0.0, "shmopen": 0, "unlink": 0, "mmap_sh": 0, "munmap": 3, "mmap_sh_mb": 0.0}
{"tgid": 8648, "comm": "runc:[2:INIT]", "shmget": 0, "shmat": 0, "shmdt": 0, "rmid": 0, "get_mb": 0.0, "shmopen": 0, "unlink": 0, "mmap_sh": 0, "munmap": 6, "mmap_sh_mb": 0.0}
{"tgid": 8623, "comm": "6", "shmget": 0, "shmat": 0, "shmdt": 0, "rmid": 0, "get_mb": 0.0, "shmopen": 0, "unlink": 0, "mmap_sh": 0, "munmap": 1, "mmap_sh_mb": 0.0}
{"tgid": 8694, "comm": "ip6tables", "shmget": 0, "shmat": 0, "shmdt": 0, "rmid": 0, "get_mb": 0.0, "shmopen": 0, "unlink": 0, "mmap_sh": 0, "munmap": 3, "mmap_sh_mb": 0.0}
{"tgid": 8686, "comm": "ip6tables", "shmget": 0, "shmat": 0, "shmdt": 0, "rmid": 0, "get_mb": 0.0, "shmopen": 0, "unlink": 0, "mmap_sh": 0, "munmap": 3, "mmap_sh_mb": 0.0}

--- Shared Memory Stats Summary at 21:02:26 ---
{"tgid": 8716, "comm": "lmp_gpu", "shmget": 1, "shmat": 1, "shmdt": 1, "rmid": 1, "get_mb": 0.00390625, "shmopen": 0, "unlink": 0, "mmap_sh": 37, "munmap": 94, "mmap_sh_mb": 87.23046875}
{"tgid": 8658, "comm": "lmp_gpu", "shmget": 1, "shmat": 1, "shmdt": 1, "rmid": 1, "get_mb": 0.00390625, "shmopen": 0, "unlink": 0, "mmap_sh": 37, "munmap": 160, "mmap_sh_mb": 87.23046875}
{"tgid": 8607, "comm": "lmp_gpu", "shmget": 1, "shmat": 1, "shmdt": 1, "rmid": 1, "get_mb": 0.00390625, "shmopen": 0, "unlink": 0, "mmap_sh": 37, "munmap": 165, "mmap_sh_mb": 87.23046875}
{"tgid": 8743, "comm": "lsblk", "shmget": 0, "shmat": 0, "shmdt": 0, "rmid": 0, "get_mb": 0.0, "shmopen": 0, "unlink": 0, "mmap_sh": 1, "munmap": 1, "mmap_sh_mb": 0.025775909423828125}
{"tgid": 8657, "comm": "flux-shell", "shmget": 0, "shmat": 0, "shmdt": 0, "rmid": 0, "get_mb": 0.0, "shmopen": 0, "unlink": 0, "mmap_sh": 1, "munmap": 4, "mmap_sh_mb": 0.025751113891601562}
{"tgid": 8715, "comm": "flux-shell", "shmget": 0, "shmat": 0, "shmdt": 0, "rmid": 0, "get_mb": 0.0, "shmopen": 0, "unlink": 0, "mmap_sh": 1, "munmap": 1, "mmap_sh_mb": 0.025751113891601562}
{"tgid": 8606, "comm": "flux-shell", "shmget": 0, "shmat": 0, "shmdt": 0, "rmid": 0, "get_mb": 0.0, "shmopen": 0, "unlink": 0, "mmap_sh": 1, "munmap": 4, "mmap_sh_mb": 0.025751113891601562}
{"tgid": 8625, "comm": "runc:[2:INIT]", "shmget": 0, "shmat": 0, "shmdt": 0, "rmid": 0, "get_mb": 0.0, "shmopen": 0, "unlink": 0, "mmap_sh": 0, "munmap": 6, "mmap_sh_mb": 0.0}
{"tgid": 8711, "comm": "ip6tables-save", "shmget": 0, "shmat": 0, "shmdt": 0, "rmid": 0, "get_mb": 0.0, "shmopen": 0, "unlink": 0, "mmap_sh": 0, "munmap": 1, "mmap_sh_mb": 0.0}
{"tgid": 8704, "comm": "ip6tables", "shmget": 0, "shmat": 0, "shmdt": 0, "rmid": 0, "get_mb": 0.0, "shmopen": 0, "unlink": 0, "mmap_sh": 0, "munmap": 2, "mmap_sh_mb": 0.0}
{"tgid": 8713, "comm": "modprobe", "shmget": 0, "shmat": 0, "shmdt": 0, "rmid": 0, "get_mb": 0.0, "shmopen": 0, "unlink": 0, "mmap_sh": 0, "munmap": 6, "mmap_sh_mb": 0.0}
{"tgid": 8741, "comm": "ip6tables", "shmget": 0, "shmat": 0, "shmdt": 0, "rmid": 0, "get_mb": 0.0, "shmopen": 0, "unlink": 0, "mmap_sh": 0, "munmap": 2, "mmap_sh_mb": 0.0}
{"tgid": 8714, "comm": "modprobe", "shmget": 0, "shmat": 0, "shmdt": 0, "rmid": 0, "get_mb": 0.0, "shmopen": 0, "unlink": 0, "mmap_sh": 0, "munmap": 6, "mmap_sh_mb": 0.0}
{"tgid": 8708, "comm": "ip6tables", "shmget": 0, "shmat": 0, "shmdt": 0, "rmid": 0, "get_mb": 0.0, "shmopen": 0, "unlink": 0, "mmap_sh": 0, "munmap": 1, "mmap_sh_mb": 0.0}
{"tgid": 8700, "comm": "ip6tables", "shmget": 0, "shmat": 0, "shmdt": 0, "rmid": 0, "get_mb": 0.0, "shmopen": 0, "unlink": 0, "mmap_sh": 0, "munmap": 3, "mmap_sh_mb": 0.0}
{"tgid": 8696, "comm": "ip6tables", "shmget": 0, "shmat": 0, "shmdt": 0, "rmid": 0, "get_mb": 0.0, "shmopen": 0, "unlink": 0, "mmap_sh": 0, "munmap": 3, "mmap_sh_mb": 0.0}
{"tgid": 8731, "comm": "6", "shmget": 0, "shmat": 0, "shmdt": 0, "rmid": 0, "get_mb": 0.0, "shmopen": 0, "unlink": 0, "mmap_sh": 0, "munmap": 1, "mmap_sh_mb": 0.0}
{"tgid": 8712, "comm": "ip6tables-resto", "shmget": 0, "shmat": 0, "shmdt": 0, "rmid": 0, "get_mb": 0.0, "shmopen": 0, "unlink": 0, "mmap_sh": 0, "munmap": 1, "mmap_sh_mb": 0.0}
{"tgid": 8688, "comm": "ip6tables", "shmget": 0, "shmat": 0, "shmdt": 0, "rmid": 0, "get_mb": 0.0, "shmopen": 0, "unlink": 0, "mmap_sh": 0, "munmap": 3, "mmap_sh_mb": 0.0}
{"tgid": 8723, "comm": "runc", "shmget": 0, "shmat": 0, "shmdt": 0, "rmid": 0, "get_mb": 0.0, "shmopen": 0, "unlink": 0, "mmap_sh": 0, "munmap": 6, "mmap_sh_mb": 0.0}

--- Shared Memory Stats Summary at 21:02:31 ---
{"tgid": 8716, "comm": "lmp_gpu", "shmget": 1, "shmat": 1, "shmdt": 1, "rmid": 1, "get_mb": 0.00390625, "shmopen": 0, "unlink": 0, "mmap_sh": 37, "munmap": 169, "mmap_sh_mb": 87.23046875}
{"tgid": 8658, "comm": "lmp_gpu", "shmget": 1, "shmat": 1, "shmdt": 1, "rmid": 1, "get_mb": 0.00390625, "shmopen": 0, "unlink": 0, "mmap_sh": 37, "munmap": 160, "mmap_sh_mb": 87.23046875}
{"tgid": 8607, "comm": "lmp_gpu", "shmget": 1, "shmat": 1, "shmdt": 1, "rmid": 1, "get_mb": 0.00390625, "shmopen": 0, "unlink": 0, "mmap_sh": 37, "munmap": 165, "mmap_sh_mb": 87.23046875}
{"tgid": 8743, "comm": "lsblk", "shmget": 0, "shmat": 0, "shmdt": 0, "rmid": 0, "get_mb": 0.0, "shmopen": 0, "unlink": 0, "mmap_sh": 1, "munmap": 1, "mmap_sh_mb": 0.025775909423828125}
{"tgid": 8657, "comm": "flux-shell", "shmget": 0, "shmat": 0, "shmdt": 0, "rmid": 0, "get_mb": 0.0, "shmopen": 0, "unlink": 0, "mmap_sh": 1, "munmap": 4, "mmap_sh_mb": 0.025751113891601562}
{"tgid": 8715, "comm": "flux-shell", "shmget": 0, "shmat": 0, "shmdt": 0, "rmid": 0, "get_mb": 0.0, "shmopen": 0, "unlink": 0, "mmap_sh": 1, "munmap": 4, "mmap_sh_mb": 0.025751113891601562}
{"tgid": 8606, "comm": "flux-shell", "shmget": 0, "shmat": 0, "shmdt": 0, "rmid": 0, "get_mb": 0.0, "shmopen": 0, "unlink": 0, "mmap_sh": 1, "munmap": 4, "mmap_sh_mb": 0.025751113891601562}
{"tgid": 8625, "comm": "runc:[2:INIT]", "shmget": 0, "shmat": 0, "shmdt": 0, "rmid": 0, "get_mb": 0.0, "shmopen": 0, "unlink": 0, "mmap_sh": 0, "munmap": 6, "mmap_sh_mb": 0.0}
{"tgid": 8711, "comm": "ip6tables-save", "shmget": 0, "shmat": 0, "shmdt": 0, "rmid": 0, "get_mb": 0.0, "shmopen": 0, "unlink": 0, "mmap_sh": 0, "munmap": 1, "mmap_sh_mb": 0.0}
{"tgid": 8704, "comm": "ip6tables", "shmget": 0, "shmat": 0, "shmdt": 0, "rmid": 0, "get_mb": 0.0, "shmopen": 0, "unlink": 0, "mmap_sh": 0, "munmap": 2, "mmap_sh_mb": 0.0}
{"tgid": 8713, "comm": "modprobe", "shmget": 0, "shmat": 0, "shmdt": 0, "rmid": 0, "get_mb": 0.0, "shmopen": 0, "unlink": 0, "mmap_sh": 0, "munmap": 6, "mmap_sh_mb": 0.0}
{"tgid": 8741, "comm": "ip6tables", "shmget": 0, "shmat": 0, "shmdt": 0, "rmid": 0, "get_mb": 0.0, "shmopen": 0, "unlink": 0, "mmap_sh": 0, "munmap": 2, "mmap_sh_mb": 0.0}
{"tgid": 8714, "comm": "modprobe", "shmget": 0, "shmat": 0, "shmdt": 0, "rmid": 0, "get_mb": 0.0, "shmopen": 0, "unlink": 0, "mmap_sh": 0, "munmap": 6, "mmap_sh_mb": 0.0}
{"tgid": 8708, "comm": "ip6tables", "shmget": 0, "shmat": 0, "shmdt": 0, "rmid": 0, "get_mb": 0.0, "shmopen": 0, "unlink": 0, "mmap_sh": 0, "munmap": 1, "mmap_sh_mb": 0.0}
{"tgid": 8700, "comm": "ip6tables", "shmget": 0, "shmat": 0, "shmdt": 0, "rmid": 0, "get_mb": 0.0, "shmopen": 0, "unlink": 0, "mmap_sh": 0, "munmap": 3, "mmap_sh_mb": 0.0}
{"tgid": 8696, "comm": "ip6tables", "shmget": 0, "shmat": 0, "shmdt": 0, "rmid": 0, "get_mb": 0.0, "shmopen": 0, "unlink": 0, "mmap_sh": 0, "munmap": 3, "mmap_sh_mb": 0.0}
{"tgid": 8731, "comm": "6", "shmget": 0, "shmat": 0, "shmdt": 0, "rmid": 0, "get_mb": 0.0, "shmopen": 0, "unlink": 0, "mmap_sh": 0, "munmap": 1, "mmap_sh_mb": 0.0}
{"tgid": 8712, "comm": "ip6tables-resto", "shmget": 0, "shmat": 0, "shmdt": 0, "rmid": 0, "get_mb": 0.0, "shmopen": 0, "unlink": 0, "mmap_sh": 0, "munmap": 1, "mmap_sh_mb": 0.0}
{"tgid": 8688, "comm": "ip6tables", "shmget": 0, "shmat": 0, "shmdt": 0, "rmid": 0, "get_mb": 0.0, "shmopen": 0, "unlink": 0, "mmap_sh": 0, "munmap": 3, "mmap_sh_mb": 0.0}
{"tgid": 8723, "comm": "runc", "shmget": 0, "shmat": 0, "shmdt": 0, "rmid": 0, "get_mb": 0.0, "shmopen": 0, "unlink": 0, "mmap_sh": 0, "munmap": 6, "mmap_sh_mb": 0.0}

--- Shared Memory Stats Summary at 21:02:36 ---
{"tgid": 8716, "comm": "lmp_gpu", "shmget": 1, "shmat": 1, "shmdt": 1, "rmid": 1, "get_mb": 0.00390625, "shmopen": 0, "unlink": 0, "mmap_sh": 37, "munmap": 169, "mmap_sh_mb": 87.23046875}
{"tgid": 8658, "comm": "lmp_gpu", "shmget": 1, "shmat": 1, "shmdt": 1, "rmid": 1, "get_mb": 0.00390625, "shmopen": 0, "unlink": 0, "mmap_sh": 37, "munmap": 160, "mmap_sh_mb": 87.23046875}
{"tgid": 8607, "comm": "lmp_gpu", "shmget": 1, "shmat": 1, "shmdt": 1, "rmid": 1, "get_mb": 0.00390625, "shmopen": 0, "unlink": 0, "mmap_sh": 37, "munmap": 165, "mmap_sh_mb": 87.23046875}
{"tgid": 8743, "comm": "lsblk", "shmget": 0, "shmat": 0, "shmdt": 0, "rmid": 0, "get_mb": 0.0, "shmopen": 0, "unlink": 0, "mmap_sh": 1, "munmap": 1, "mmap_sh_mb": 0.025775909423828125}
{"tgid": 8657, "comm": "flux-shell", "shmget": 0, "shmat": 0, "shmdt": 0, "rmid": 0, "get_mb": 0.0, "shmopen": 0, "unlink": 0, "mmap_sh": 1, "munmap": 4, "mmap_sh_mb": 0.025751113891601562}
{"tgid": 8715, "comm": "flux-shell", "shmget": 0, "shmat": 0, "shmdt": 0, "rmid": 0, "get_mb": 0.0, "shmopen": 0, "unlink": 0, "mmap_sh": 1, "munmap": 4, "mmap_sh_mb": 0.025751113891601562}
{"tgid": 8606, "comm": "flux-shell", "shmget": 0, "shmat": 0, "shmdt": 0, "rmid": 0, "get_mb": 0.0, "shmopen": 0, "unlink": 0, "mmap_sh": 1, "munmap": 4, "mmap_sh_mb": 0.025751113891601562}
{"tgid": 8625, "comm": "runc:[2:INIT]", "shmget": 0, "shmat": 0, "shmdt": 0, "rmid": 0, "get_mb": 0.0, "shmopen": 0, "unlink": 0, "mmap_sh": 0, "munmap": 6, "mmap_sh_mb": 0.0}
{"tgid": 8756, "comm": "runc:[2:INIT]", "shmget": 0, "shmat": 0, "shmdt": 0, "rmid": 0, "get_mb": 0.0, "shmopen": 0, "unlink": 0, "mmap_sh": 0, "munmap": 6, "mmap_sh_mb": 0.0}
{"tgid": 8711, "comm": "ip6tables-save", "shmget": 0, "shmat": 0, "shmdt": 0, "rmid": 0, "get_mb": 0.0, "shmopen": 0, "unlink": 0, "mmap_sh": 0, "munmap": 1, "mmap_sh_mb": 0.0}
{"tgid": 8704, "comm": "ip6tables", "shmget": 0, "shmat": 0, "shmdt": 0, "rmid": 0, "get_mb": 0.0, "shmopen": 0, "unlink": 0, "mmap_sh": 0, "munmap": 2, "mmap_sh_mb": 0.0}
{"tgid": 8713, "comm": "modprobe", "shmget": 0, "shmat": 0, "shmdt": 0, "rmid": 0, "get_mb": 0.0, "shmopen": 0, "unlink": 0, "mmap_sh": 0, "munmap": 6, "mmap_sh_mb": 0.0}
{"tgid": 8741, "comm": "ip6tables", "shmget": 0, "shmat": 0, "shmdt": 0, "rmid": 0, "get_mb": 0.0, "shmopen": 0, "unlink": 0, "mmap_sh": 0, "munmap": 2, "mmap_sh_mb": 0.0}
{"tgid": 8714, "comm": "modprobe", "shmget": 0, "shmat": 0, "shmdt": 0, "rmid": 0, "get_mb": 0.0, "shmopen": 0, "unlink": 0, "mmap_sh": 0, "munmap": 6, "mmap_sh_mb": 0.0}
{"tgid": 8708, "comm": "ip6tables", "shmget": 0, "shmat": 0, "shmdt": 0, "rmid": 0, "get_mb": 0.0, "shmopen": 0, "unlink": 0, "mmap_sh": 0, "munmap": 1, "mmap_sh_mb": 0.0}
{"tgid": 8700, "comm": "ip6tables", "shmget": 0, "shmat": 0, "shmdt": 0, "rmid": 0, "get_mb": 0.0, "shmopen": 0, "unlink": 0, "mmap_sh": 0, "munmap": 3, "mmap_sh_mb": 0.0}
{"tgid": 8696, "comm": "ip6tables", "shmget": 0, "shmat": 0, "shmdt": 0, "rmid": 0, "get_mb": 0.0, "shmopen": 0, "unlink": 0, "mmap_sh": 0, "munmap": 3, "mmap_sh_mb": 0.0}
{"tgid": 8731, "comm": "6", "shmget": 0, "shmat": 0, "shmdt": 0, "rmid": 0, "get_mb": 0.0, "shmopen": 0, "unlink": 0, "mmap_sh": 0, "munmap": 1, "mmap_sh_mb": 0.0}
{"tgid": 8712, "comm": "ip6tables-resto", "shmget": 0, "shmat": 0, "shmdt": 0, "rmid": 0, "get_mb": 0.0, "shmopen": 0, "unlink": 0, "mmap_sh": 0, "munmap": 1, "mmap_sh_mb": 0.0}
{"tgid": 8688, "comm": "ip6tables", "shmget": 0, "shmat": 0, "shmdt": 0, "rmid": 0, "get_mb": 0.0, "shmopen": 0, "unlink": 0, "mmap_sh": 0, "munmap": 3, "mmap_sh_mb": 0.0}

--- Shared Memory Stats Summary at 21:02:41 ---
{"tgid": 8716, "comm": "lmp_gpu", "shmget": 1, "shmat": 1, "shmdt": 1, "rmid": 1, "get_mb": 0.00390625, "shmopen": 0, "unlink": 0, "mmap_sh": 37, "munmap": 169, "mmap_sh_mb": 87.23046875}
{"tgid": 8658, "comm": "lmp_gpu", "shmget": 1, "shmat": 1, "shmdt": 1, "rmid": 1, "get_mb": 0.00390625, "shmopen": 0, "unlink": 0, "mmap_sh": 37, "munmap": 160, "mmap_sh_mb": 87.23046875}
{"tgid": 8607, "comm": "lmp_gpu", "shmget": 1, "shmat": 1, "shmdt": 1, "rmid": 1, "get_mb": 0.00390625, "shmopen": 0, "unlink": 0, "mmap_sh": 37, "munmap": 165, "mmap_sh_mb": 87.23046875}
{"tgid": 8743, "comm": "lsblk", "shmget": 0, "shmat": 0, "shmdt": 0, "rmid": 0, "get_mb": 0.0, "shmopen": 0, "unlink": 0, "mmap_sh": 1, "munmap": 1, "mmap_sh_mb": 0.025775909423828125}
{"tgid": 8657, "comm": "flux-shell", "shmget": 0, "shmat": 0, "shmdt": 0, "rmid": 0, "get_mb": 0.0, "shmopen": 0, "unlink": 0, "mmap_sh": 1, "munmap": 4, "mmap_sh_mb": 0.025751113891601562}
{"tgid": 8782, "comm": "touch", "shmget": 0, "shmat": 0, "shmdt": 0, "rmid": 0, "get_mb": 0.0, "shmopen": 0, "unlink": 0, "mmap_sh": 1, "munmap": 1, "mmap_sh_mb": 0.025751113891601562}
{"tgid": 8783, "comm": "touch", "shmget": 0, "shmat": 0, "shmdt": 0, "rmid": 0, "get_mb": 0.0, "shmopen": 0, "unlink": 0, "mmap_sh": 1, "munmap": 1, "mmap_sh_mb": 0.025751113891601562}
{"tgid": 8715, "comm": "flux-shell", "shmget": 0, "shmat": 0, "shmdt": 0, "rmid": 0, "get_mb": 0.0, "shmopen": 0, "unlink": 0, "mmap_sh": 1, "munmap": 4, "mmap_sh_mb": 0.025751113891601562}
{"tgid": 8606, "comm": "flux-shell", "shmget": 0, "shmat": 0, "shmdt": 0, "rmid": 0, "get_mb": 0.0, "shmopen": 0, "unlink": 0, "mmap_sh": 1, "munmap": 4, "mmap_sh_mb": 0.025751113891601562}
{"tgid": 8765, "comm": "bash", "shmget": 0, "shmat": 0, "shmdt": 0, "rmid": 0, "get_mb": 0.0, "shmopen": 0, "unlink": 0, "mmap_sh": 1, "munmap": 2, "mmap_sh_mb": 0.025751113891601562}
{"tgid": 8625, "comm": "runc:[2:INIT]", "shmget": 0, "shmat": 0, "shmdt": 0, "rmid": 0, "get_mb": 0.0, "shmopen": 0, "unlink": 0, "mmap_sh": 0, "munmap": 6, "mmap_sh_mb": 0.0}
{"tgid": 8756, "comm": "runc:[2:INIT]", "shmget": 0, "shmat": 0, "shmdt": 0, "rmid": 0, "get_mb": 0.0, "shmopen": 0, "unlink": 0, "mmap_sh": 0, "munmap": 6, "mmap_sh_mb": 0.0}
{"tgid": 8769, "comm": "flux", "shmget": 0, "shmat": 0, "shmdt": 0, "rmid": 0, "get_mb": 0.0, "shmopen": 0, "unlink": 0, "mmap_sh": 0, "munmap": 1, "mmap_sh_mb": 0.0}
{"tgid": 8779, "comm": "flux", "shmget": 0, "shmat": 0, "shmdt": 0, "rmid": 0, "get_mb": 0.0, "shmopen": 0, "unlink": 0, "mmap_sh": 0, "munmap": 1, "mmap_sh_mb": 0.0}
{"tgid": 8796, "comm": "runc", "shmget": 0, "shmat": 0, "shmdt": 0, "rmid": 0, "get_mb": 0.0, "shmopen": 0, "unlink": 0, "mmap_sh": 0, "munmap": 5, "mmap_sh_mb": 0.0}
{"tgid": 8766, "comm": "flux", "shmget": 0, "shmat": 0, "shmdt": 0, "rmid": 0, "get_mb": 0.0, "shmopen": 0, "unlink": 0, "mmap_sh": 0, "munmap": 1, "mmap_sh_mb": 0.0}
{"tgid": 8711, "comm": "ip6tables-save", "shmget": 0, "shmat": 0, "shmdt": 0, "rmid": 0, "get_mb": 0.0, "shmopen": 0, "unlink": 0, "mmap_sh": 0, "munmap": 1, "mmap_sh_mb": 0.0}
{"tgid": 8704, "comm": "ip6tables", "shmget": 0, "shmat": 0, "shmdt": 0, "rmid": 0, "get_mb": 0.0, "shmopen": 0, "unlink": 0, "mmap_sh": 0, "munmap": 2, "mmap_sh_mb": 0.0}
{"tgid": 8713, "comm": "modprobe", "shmget": 0, "shmat": 0, "shmdt": 0, "rmid": 0, "get_mb": 0.0, "shmopen": 0, "unlink": 0, "mmap_sh": 0, "munmap": 6, "mmap_sh_mb": 0.0}
{"tgid": 8781, "comm": "flux", "shmget": 0, "shmat": 0, "shmdt": 0, "rmid": 0, "get_mb": 0.0, "shmopen": 0, "unlink": 0, "mmap_sh": 0, "munmap": 2, "mmap_sh_mb": 0.0}
[21:02:41] 
Indicator file '/mnt/flux/stop_ebpf_collection' found. Stopping.
Cleaning up BPF resources...
Cleanup complete.
