unlimited
More programs than nodes - will randomly select.
PROGRAM: shmem
Looking for /opt/programs/shmem/ebpf-collect.c
Initializing eBPF for Shared Memory monitoring...
BPF C code compiled and loaded.
[16:18:59] 
Start Indicator file defined '/mnt/flux/start_ebpf_collection'. Waiting.
[16:19:09] Start indicator found. Proceeding.
Attaching tracepoints...
  Kprobes for shm_open/shm_unlink should auto-attach if symbols exist.
Finished attaching probes.

--- Shared Memory Stats Summary at 16:19:14 ---
{"tgid": 14947, "comm": "lmp", "shmget": 0, "shmat": 0, "shmdt": 0, "rmid": 0, "get_mb": 0.0, "shmopen": 0, "unlink": 0, "mmap_sh": 88, "munmap": 28, "mmap_sh_mb": 352.00067138671875}
{"tgid": 14951, "comm": "lmp", "shmget": 1, "shmat": 1, "shmdt": 1, "rmid": 1, "get_mb": 0.00390625, "shmopen": 0, "unlink": 0, "mmap_sh": 88, "munmap": 34, "mmap_sh_mb": 352.00067138671875}
{"tgid": 14953, "comm": "lmp", "shmget": 1, "shmat": 1, "shmdt": 1, "rmid": 1, "get_mb": 0.00390625, "shmopen": 0, "unlink": 0, "mmap_sh": 88, "munmap": 34, "mmap_sh_mb": 352.00067138671875}
{"tgid": 14948, "comm": "lmp", "shmget": 1, "shmat": 1, "shmdt": 1, "rmid": 1, "get_mb": 0.00390625, "shmopen": 0, "unlink": 0, "mmap_sh": 88, "munmap": 33, "mmap_sh_mb": 352.00067138671875}
{"tgid": 14955, "comm": "lmp", "shmget": 1, "shmat": 1, "shmdt": 1, "rmid": 1, "get_mb": 0.00390625, "shmopen": 0, "unlink": 0, "mmap_sh": 88, "munmap": 34, "mmap_sh_mb": 352.00067138671875}
{"tgid": 14886, "comm": "lmp", "shmget": 0, "shmat": 0, "shmdt": 0, "rmid": 0, "get_mb": 0.0, "shmopen": 0, "unlink": 0, "mmap_sh": 88, "munmap": 27, "mmap_sh_mb": 352.00067138671875}
{"tgid": 14898, "comm": "lmp", "shmget": 0, "shmat": 0, "shmdt": 0, "rmid": 0, "get_mb": 0.0, "shmopen": 0, "unlink": 0, "mmap_sh": 88, "munmap": 27, "mmap_sh_mb": 352.00067138671875}
{"tgid": 14904, "comm": "lmp", "shmget": 0, "shmat": 0, "shmdt": 0, "rmid": 0, "get_mb": 0.0, "shmopen": 0, "unlink": 0, "mmap_sh": 88, "munmap": 28, "mmap_sh_mb": 352.00067138671875}
{"tgid": 14787, "comm": "lmp", "shmget": 0, "shmat": 0, "shmdt": 0, "rmid": 0, "get_mb": 0.0, "shmopen": 0, "unlink": 0, "mmap_sh": 88, "munmap": 28, "mmap_sh_mb": 352.00067138671875}
{"tgid": 14858, "comm": "lmp", "shmget": 0, "shmat": 0, "shmdt": 0, "rmid": 0, "get_mb": 0.0, "shmopen": 0, "unlink": 0, "mmap_sh": 88, "munmap": 27, "mmap_sh_mb": 352.00067138671875}
{"tgid": 14814, "comm": "lmp", "shmget": 0, "shmat": 0, "shmdt": 0, "rmid": 0, "get_mb": 0.0, "shmopen": 0, "unlink": 0, "mmap_sh": 88, "munmap": 27, "mmap_sh_mb": 352.00067138671875}
{"tgid": 14942, "comm": "lmp", "shmget": 0, "shmat": 0, "shmdt": 0, "rmid": 0, "get_mb": 0.0, "shmopen": 0, "unlink": 0, "mmap_sh": 88, "munmap": 27, "mmap_sh_mb": 352.00067138671875}
{"tgid": 14912, "comm": "lmp", "shmget": 0, "shmat": 0, "shmdt": 0, "rmid": 0, "get_mb": 0.0, "shmopen": 0, "unlink": 0, "mmap_sh": 88, "munmap": 27, "mmap_sh_mb": 352.00067138671875}
{"tgid": 14812, "comm": "lmp", "shmget": 0, "shmat": 0, "shmdt": 0, "rmid": 0, "get_mb": 0.0, "shmopen": 0, "unlink": 0, "mmap_sh": 88, "munmap": 28, "mmap_sh_mb": 352.00067138671875}
{"tgid": 14876, "comm": "lmp", "shmget": 0, "shmat": 0, "shmdt": 0, "rmid": 0, "get_mb": 0.0, "shmopen": 0, "unlink": 0, "mmap_sh": 88, "munmap": 28, "mmap_sh_mb": 352.00067138671875}
{"tgid": 14944, "comm": "lmp", "shmget": 0, "shmat": 0, "shmdt": 0, "rmid": 0, "get_mb": 0.0, "shmopen": 0, "unlink": 0, "mmap_sh": 88, "munmap": 27, "mmap_sh_mb": 352.00067138671875}
{"tgid": 14902, "comm": "lmp", "shmget": 0, "shmat": 0, "shmdt": 0, "rmid": 0, "get_mb": 0.0, "shmopen": 0, "unlink": 0, "mmap_sh": 88, "munmap": 27, "mmap_sh_mb": 352.00067138671875}
{"tgid": 14824, "comm": "lmp", "shmget": 0, "shmat": 0, "shmdt": 0, "rmid": 0, "get_mb": 0.0, "shmopen": 0, "unlink": 0, "mmap_sh": 88, "munmap": 27, "mmap_sh_mb": 352.00067138671875}
{"tgid": 14888, "comm": "lmp", "shmget": 0, "shmat": 0, "shmdt": 0, "rmid": 0, "get_mb": 0.0, "shmopen": 0, "unlink": 0, "mmap_sh": 88, "munmap": 27, "mmap_sh_mb": 352.00067138671875}
{"tgid": 14894, "comm": "lmp", "shmget": 0, "shmat": 0, "shmdt": 0, "rmid": 0, "get_mb": 0.0, "shmopen": 0, "unlink": 0, "mmap_sh": 88, "munmap": 27, "mmap_sh_mb": 352.00067138671875}

--- Shared Memory Stats Summary at 16:19:19 ---
{"tgid": 14947, "comm": "lmp", "shmget": 0, "shmat": 0, "shmdt": 0, "rmid": 0, "get_mb": 0.0, "shmopen": 0, "unlink": 0, "mmap_sh": 88, "munmap": 28, "mmap_sh_mb": 352.00067138671875}
{"tgid": 14951, "comm": "lmp", "shmget": 1, "shmat": 1, "shmdt": 1, "rmid": 1, "get_mb": 0.00390625, "shmopen": 0, "unlink": 0, "mmap_sh": 88, "munmap": 34, "mmap_sh_mb": 352.00067138671875}
{"tgid": 14953, "comm": "lmp", "shmget": 1, "shmat": 1, "shmdt": 1, "rmid": 1, "get_mb": 0.00390625, "shmopen": 0, "unlink": 0, "mmap_sh": 88, "munmap": 34, "mmap_sh_mb": 352.00067138671875}
{"tgid": 14948, "comm": "lmp", "shmget": 1, "shmat": 1, "shmdt": 1, "rmid": 1, "get_mb": 0.00390625, "shmopen": 0, "unlink": 0, "mmap_sh": 88, "munmap": 33, "mmap_sh_mb": 352.00067138671875}
{"tgid": 14955, "comm": "lmp", "shmget": 1, "shmat": 1, "shmdt": 1, "rmid": 1, "get_mb": 0.00390625, "shmopen": 0, "unlink": 0, "mmap_sh": 88, "munmap": 34, "mmap_sh_mb": 352.00067138671875}
{"tgid": 14886, "comm": "lmp", "shmget": 0, "shmat": 0, "shmdt": 0, "rmid": 0, "get_mb": 0.0, "shmopen": 0, "unlink": 0, "mmap_sh": 88, "munmap": 27, "mmap_sh_mb": 352.00067138671875}
{"tgid": 14898, "comm": "lmp", "shmget": 0, "shmat": 0, "shmdt": 0, "rmid": 0, "get_mb": 0.0, "shmopen": 0, "unlink": 0, "mmap_sh": 88, "munmap": 27, "mmap_sh_mb": 352.00067138671875}
{"tgid": 14904, "comm": "lmp", "shmget": 0, "shmat": 0, "shmdt": 0, "rmid": 0, "get_mb": 0.0, "shmopen": 0, "unlink": 0, "mmap_sh": 88, "munmap": 28, "mmap_sh_mb": 352.00067138671875}
{"tgid": 14787, "comm": "lmp", "shmget": 0, "shmat": 0, "shmdt": 0, "rmid": 0, "get_mb": 0.0, "shmopen": 0, "unlink": 0, "mmap_sh": 88, "munmap": 28, "mmap_sh_mb": 352.00067138671875}
{"tgid": 14858, "comm": "lmp", "shmget": 0, "shmat": 0, "shmdt": 0, "rmid": 0, "get_mb": 0.0, "shmopen": 0, "unlink": 0, "mmap_sh": 88, "munmap": 27, "mmap_sh_mb": 352.00067138671875}
{"tgid": 14814, "comm": "lmp", "shmget": 0, "shmat": 0, "shmdt": 0, "rmid": 0, "get_mb": 0.0, "shmopen": 0, "unlink": 0, "mmap_sh": 88, "munmap": 27, "mmap_sh_mb": 352.00067138671875}
{"tgid": 14942, "comm": "lmp", "shmget": 0, "shmat": 0, "shmdt": 0, "rmid": 0, "get_mb": 0.0, "shmopen": 0, "unlink": 0, "mmap_sh": 88, "munmap": 27, "mmap_sh_mb": 352.00067138671875}
{"tgid": 14912, "comm": "lmp", "shmget": 0, "shmat": 0, "shmdt": 0, "rmid": 0, "get_mb": 0.0, "shmopen": 0, "unlink": 0, "mmap_sh": 88, "munmap": 27, "mmap_sh_mb": 352.00067138671875}
{"tgid": 14812, "comm": "lmp", "shmget": 0, "shmat": 0, "shmdt": 0, "rmid": 0, "get_mb": 0.0, "shmopen": 0, "unlink": 0, "mmap_sh": 88, "munmap": 28, "mmap_sh_mb": 352.00067138671875}
{"tgid": 14876, "comm": "lmp", "shmget": 0, "shmat": 0, "shmdt": 0, "rmid": 0, "get_mb": 0.0, "shmopen": 0, "unlink": 0, "mmap_sh": 88, "munmap": 28, "mmap_sh_mb": 352.00067138671875}
{"tgid": 14944, "comm": "lmp", "shmget": 0, "shmat": 0, "shmdt": 0, "rmid": 0, "get_mb": 0.0, "shmopen": 0, "unlink": 0, "mmap_sh": 88, "munmap": 27, "mmap_sh_mb": 352.00067138671875}
{"tgid": 14902, "comm": "lmp", "shmget": 0, "shmat": 0, "shmdt": 0, "rmid": 0, "get_mb": 0.0, "shmopen": 0, "unlink": 0, "mmap_sh": 88, "munmap": 27, "mmap_sh_mb": 352.00067138671875}
{"tgid": 14824, "comm": "lmp", "shmget": 0, "shmat": 0, "shmdt": 0, "rmid": 0, "get_mb": 0.0, "shmopen": 0, "unlink": 0, "mmap_sh": 88, "munmap": 27, "mmap_sh_mb": 352.00067138671875}
{"tgid": 14888, "comm": "lmp", "shmget": 0, "shmat": 0, "shmdt": 0, "rmid": 0, "get_mb": 0.0, "shmopen": 0, "unlink": 0, "mmap_sh": 88, "munmap": 27, "mmap_sh_mb": 352.00067138671875}
{"tgid": 14894, "comm": "lmp", "shmget": 0, "shmat": 0, "shmdt": 0, "rmid": 0, "get_mb": 0.0, "shmopen": 0, "unlink": 0, "mmap_sh": 88, "munmap": 27, "mmap_sh_mb": 352.00067138671875}

--- Shared Memory Stats Summary at 16:19:24 ---
{"tgid": 14947, "comm": "lmp", "shmget": 0, "shmat": 0, "shmdt": 0, "rmid": 0, "get_mb": 0.0, "shmopen": 0, "unlink": 0, "mmap_sh": 88, "munmap": 28, "mmap_sh_mb": 352.00067138671875}
{"tgid": 14951, "comm": "lmp", "shmget": 1, "shmat": 1, "shmdt": 1, "rmid": 1, "get_mb": 0.00390625, "shmopen": 0, "unlink": 0, "mmap_sh": 88, "munmap": 34, "mmap_sh_mb": 352.00067138671875}
{"tgid": 14953, "comm": "lmp", "shmget": 1, "shmat": 1, "shmdt": 1, "rmid": 1, "get_mb": 0.00390625, "shmopen": 0, "unlink": 0, "mmap_sh": 88, "munmap": 34, "mmap_sh_mb": 352.00067138671875}
{"tgid": 14948, "comm": "lmp", "shmget": 1, "shmat": 1, "shmdt": 1, "rmid": 1, "get_mb": 0.00390625, "shmopen": 0, "unlink": 0, "mmap_sh": 88, "munmap": 33, "mmap_sh_mb": 352.00067138671875}
{"tgid": 14955, "comm": "lmp", "shmget": 1, "shmat": 1, "shmdt": 1, "rmid": 1, "get_mb": 0.00390625, "shmopen": 0, "unlink": 0, "mmap_sh": 88, "munmap": 34, "mmap_sh_mb": 352.00067138671875}
{"tgid": 14886, "comm": "lmp", "shmget": 0, "shmat": 0, "shmdt": 0, "rmid": 0, "get_mb": 0.0, "shmopen": 0, "unlink": 0, "mmap_sh": 88, "munmap": 27, "mmap_sh_mb": 352.00067138671875}
{"tgid": 14898, "comm": "lmp", "shmget": 0, "shmat": 0, "shmdt": 0, "rmid": 0, "get_mb": 0.0, "shmopen": 0, "unlink": 0, "mmap_sh": 88, "munmap": 27, "mmap_sh_mb": 352.00067138671875}
{"tgid": 14904, "comm": "lmp", "shmget": 0, "shmat": 0, "shmdt": 0, "rmid": 0, "get_mb": 0.0, "shmopen": 0, "unlink": 0, "mmap_sh": 88, "munmap": 28, "mmap_sh_mb": 352.00067138671875}
{"tgid": 14787, "comm": "lmp", "shmget": 0, "shmat": 0, "shmdt": 0, "rmid": 0, "get_mb": 0.0, "shmopen": 0, "unlink": 0, "mmap_sh": 88, "munmap": 28, "mmap_sh_mb": 352.00067138671875}
{"tgid": 14858, "comm": "lmp", "shmget": 0, "shmat": 0, "shmdt": 0, "rmid": 0, "get_mb": 0.0, "shmopen": 0, "unlink": 0, "mmap_sh": 88, "munmap": 27, "mmap_sh_mb": 352.00067138671875}
{"tgid": 14814, "comm": "lmp", "shmget": 0, "shmat": 0, "shmdt": 0, "rmid": 0, "get_mb": 0.0, "shmopen": 0, "unlink": 0, "mmap_sh": 88, "munmap": 27, "mmap_sh_mb": 352.00067138671875}
{"tgid": 14942, "comm": "lmp", "shmget": 0, "shmat": 0, "shmdt": 0, "rmid": 0, "get_mb": 0.0, "shmopen": 0, "unlink": 0, "mmap_sh": 88, "munmap": 27, "mmap_sh_mb": 352.00067138671875}
{"tgid": 14912, "comm": "lmp", "shmget": 0, "shmat": 0, "shmdt": 0, "rmid": 0, "get_mb": 0.0, "shmopen": 0, "unlink": 0, "mmap_sh": 88, "munmap": 27, "mmap_sh_mb": 352.00067138671875}
{"tgid": 14812, "comm": "lmp", "shmget": 0, "shmat": 0, "shmdt": 0, "rmid": 0, "get_mb": 0.0, "shmopen": 0, "unlink": 0, "mmap_sh": 88, "munmap": 28, "mmap_sh_mb": 352.00067138671875}
{"tgid": 14876, "comm": "lmp", "shmget": 0, "shmat": 0, "shmdt": 0, "rmid": 0, "get_mb": 0.0, "shmopen": 0, "unlink": 0, "mmap_sh": 88, "munmap": 28, "mmap_sh_mb": 352.00067138671875}
{"tgid": 14944, "comm": "lmp", "shmget": 0, "shmat": 0, "shmdt": 0, "rmid": 0, "get_mb": 0.0, "shmopen": 0, "unlink": 0, "mmap_sh": 88, "munmap": 27, "mmap_sh_mb": 352.00067138671875}
{"tgid": 14902, "comm": "lmp", "shmget": 0, "shmat": 0, "shmdt": 0, "rmid": 0, "get_mb": 0.0, "shmopen": 0, "unlink": 0, "mmap_sh": 88, "munmap": 27, "mmap_sh_mb": 352.00067138671875}
{"tgid": 14824, "comm": "lmp", "shmget": 0, "shmat": 0, "shmdt": 0, "rmid": 0, "get_mb": 0.0, "shmopen": 0, "unlink": 0, "mmap_sh": 88, "munmap": 27, "mmap_sh_mb": 352.00067138671875}
{"tgid": 14888, "comm": "lmp", "shmget": 0, "shmat": 0, "shmdt": 0, "rmid": 0, "get_mb": 0.0, "shmopen": 0, "unlink": 0, "mmap_sh": 88, "munmap": 27, "mmap_sh_mb": 352.00067138671875}
{"tgid": 14894, "comm": "lmp", "shmget": 0, "shmat": 0, "shmdt": 0, "rmid": 0, "get_mb": 0.0, "shmopen": 0, "unlink": 0, "mmap_sh": 88, "munmap": 27, "mmap_sh_mb": 352.00067138671875}

--- Shared Memory Stats Summary at 16:19:29 ---
{"tgid": 14947, "comm": "lmp", "shmget": 0, "shmat": 0, "shmdt": 0, "rmid": 0, "get_mb": 0.0, "shmopen": 0, "unlink": 0, "mmap_sh": 88, "munmap": 28, "mmap_sh_mb": 352.00067138671875}
{"tgid": 14951, "comm": "lmp", "shmget": 1, "shmat": 1, "shmdt": 1, "rmid": 1, "get_mb": 0.00390625, "shmopen": 0, "unlink": 0, "mmap_sh": 88, "munmap": 34, "mmap_sh_mb": 352.00067138671875}
{"tgid": 14953, "comm": "lmp", "shmget": 1, "shmat": 1, "shmdt": 1, "rmid": 1, "get_mb": 0.00390625, "shmopen": 0, "unlink": 0, "mmap_sh": 88, "munmap": 34, "mmap_sh_mb": 352.00067138671875}
{"tgid": 14948, "comm": "lmp", "shmget": 1, "shmat": 1, "shmdt": 1, "rmid": 1, "get_mb": 0.00390625, "shmopen": 0, "unlink": 0, "mmap_sh": 88, "munmap": 33, "mmap_sh_mb": 352.00067138671875}
{"tgid": 14955, "comm": "lmp", "shmget": 1, "shmat": 1, "shmdt": 1, "rmid": 1, "get_mb": 0.00390625, "shmopen": 0, "unlink": 0, "mmap_sh": 88, "munmap": 34, "mmap_sh_mb": 352.00067138671875}
{"tgid": 14886, "comm": "lmp", "shmget": 0, "shmat": 0, "shmdt": 0, "rmid": 0, "get_mb": 0.0, "shmopen": 0, "unlink": 0, "mmap_sh": 88, "munmap": 27, "mmap_sh_mb": 352.00067138671875}
{"tgid": 14898, "comm": "lmp", "shmget": 0, "shmat": 0, "shmdt": 0, "rmid": 0, "get_mb": 0.0, "shmopen": 0, "unlink": 0, "mmap_sh": 88, "munmap": 27, "mmap_sh_mb": 352.00067138671875}
{"tgid": 14904, "comm": "lmp", "shmget": 0, "shmat": 0, "shmdt": 0, "rmid": 0, "get_mb": 0.0, "shmopen": 0, "unlink": 0, "mmap_sh": 88, "munmap": 28, "mmap_sh_mb": 352.00067138671875}
{"tgid": 14787, "comm": "lmp", "shmget": 0, "shmat": 0, "shmdt": 0, "rmid": 0, "get_mb": 0.0, "shmopen": 0, "unlink": 0, "mmap_sh": 88, "munmap": 28, "mmap_sh_mb": 352.00067138671875}
{"tgid": 14858, "comm": "lmp", "shmget": 0, "shmat": 0, "shmdt": 0, "rmid": 0, "get_mb": 0.0, "shmopen": 0, "unlink": 0, "mmap_sh": 88, "munmap": 27, "mmap_sh_mb": 352.00067138671875}
{"tgid": 14814, "comm": "lmp", "shmget": 0, "shmat": 0, "shmdt": 0, "rmid": 0, "get_mb": 0.0, "shmopen": 0, "unlink": 0, "mmap_sh": 88, "munmap": 27, "mmap_sh_mb": 352.00067138671875}
{"tgid": 14942, "comm": "lmp", "shmget": 0, "shmat": 0, "shmdt": 0, "rmid": 0, "get_mb": 0.0, "shmopen": 0, "unlink": 0, "mmap_sh": 88, "munmap": 27, "mmap_sh_mb": 352.00067138671875}
{"tgid": 14912, "comm": "lmp", "shmget": 0, "shmat": 0, "shmdt": 0, "rmid": 0, "get_mb": 0.0, "shmopen": 0, "unlink": 0, "mmap_sh": 88, "munmap": 27, "mmap_sh_mb": 352.00067138671875}
{"tgid": 14812, "comm": "lmp", "shmget": 0, "shmat": 0, "shmdt": 0, "rmid": 0, "get_mb": 0.0, "shmopen": 0, "unlink": 0, "mmap_sh": 88, "munmap": 28, "mmap_sh_mb": 352.00067138671875}
{"tgid": 14876, "comm": "lmp", "shmget": 0, "shmat": 0, "shmdt": 0, "rmid": 0, "get_mb": 0.0, "shmopen": 0, "unlink": 0, "mmap_sh": 88, "munmap": 28, "mmap_sh_mb": 352.00067138671875}
{"tgid": 14944, "comm": "lmp", "shmget": 0, "shmat": 0, "shmdt": 0, "rmid": 0, "get_mb": 0.0, "shmopen": 0, "unlink": 0, "mmap_sh": 88, "munmap": 27, "mmap_sh_mb": 352.00067138671875}
{"tgid": 14902, "comm": "lmp", "shmget": 0, "shmat": 0, "shmdt": 0, "rmid": 0, "get_mb": 0.0, "shmopen": 0, "unlink": 0, "mmap_sh": 88, "munmap": 27, "mmap_sh_mb": 352.00067138671875}
{"tgid": 14824, "comm": "lmp", "shmget": 0, "shmat": 0, "shmdt": 0, "rmid": 0, "get_mb": 0.0, "shmopen": 0, "unlink": 0, "mmap_sh": 88, "munmap": 27, "mmap_sh_mb": 352.00067138671875}
{"tgid": 14888, "comm": "lmp", "shmget": 0, "shmat": 0, "shmdt": 0, "rmid": 0, "get_mb": 0.0, "shmopen": 0, "unlink": 0, "mmap_sh": 88, "munmap": 27, "mmap_sh_mb": 352.00067138671875}
{"tgid": 14894, "comm": "lmp", "shmget": 0, "shmat": 0, "shmdt": 0, "rmid": 0, "get_mb": 0.0, "shmopen": 0, "unlink": 0, "mmap_sh": 88, "munmap": 27, "mmap_sh_mb": 352.00067138671875}

--- Shared Memory Stats Summary at 16:19:34 ---
{"tgid": 14947, "comm": "lmp", "shmget": 0, "shmat": 0, "shmdt": 0, "rmid": 0, "get_mb": 0.0, "shmopen": 0, "unlink": 0, "mmap_sh": 88, "munmap": 28, "mmap_sh_mb": 352.00067138671875}
{"tgid": 14951, "comm": "lmp", "shmget": 1, "shmat": 1, "shmdt": 1, "rmid": 1, "get_mb": 0.00390625, "shmopen": 0, "unlink": 0, "mmap_sh": 88, "munmap": 34, "mmap_sh_mb": 352.00067138671875}
{"tgid": 14953, "comm": "lmp", "shmget": 1, "shmat": 1, "shmdt": 1, "rmid": 1, "get_mb": 0.00390625, "shmopen": 0, "unlink": 0, "mmap_sh": 88, "munmap": 34, "mmap_sh_mb": 352.00067138671875}
{"tgid": 14948, "comm": "lmp", "shmget": 1, "shmat": 1, "shmdt": 1, "rmid": 1, "get_mb": 0.00390625, "shmopen": 0, "unlink": 0, "mmap_sh": 88, "munmap": 33, "mmap_sh_mb": 352.00067138671875}
{"tgid": 14955, "comm": "lmp", "shmget": 1, "shmat": 1, "shmdt": 1, "rmid": 1, "get_mb": 0.00390625, "shmopen": 0, "unlink": 0, "mmap_sh": 88, "munmap": 34, "mmap_sh_mb": 352.00067138671875}
{"tgid": 14886, "comm": "lmp", "shmget": 0, "shmat": 0, "shmdt": 0, "rmid": 0, "get_mb": 0.0, "shmopen": 0, "unlink": 0, "mmap_sh": 88, "munmap": 27, "mmap_sh_mb": 352.00067138671875}
{"tgid": 14898, "comm": "lmp", "shmget": 0, "shmat": 0, "shmdt": 0, "rmid": 0, "get_mb": 0.0, "shmopen": 0, "unlink": 0, "mmap_sh": 88, "munmap": 27, "mmap_sh_mb": 352.00067138671875}
{"tgid": 14904, "comm": "lmp", "shmget": 0, "shmat": 0, "shmdt": 0, "rmid": 0, "get_mb": 0.0, "shmopen": 0, "unlink": 0, "mmap_sh": 88, "munmap": 28, "mmap_sh_mb": 352.00067138671875}
{"tgid": 14787, "comm": "lmp", "shmget": 0, "shmat": 0, "shmdt": 0, "rmid": 0, "get_mb": 0.0, "shmopen": 0, "unlink": 0, "mmap_sh": 88, "munmap": 28, "mmap_sh_mb": 352.00067138671875}
{"tgid": 14858, "comm": "lmp", "shmget": 0, "shmat": 0, "shmdt": 0, "rmid": 0, "get_mb": 0.0, "shmopen": 0, "unlink": 0, "mmap_sh": 88, "munmap": 27, "mmap_sh_mb": 352.00067138671875}
{"tgid": 14814, "comm": "lmp", "shmget": 0, "shmat": 0, "shmdt": 0, "rmid": 0, "get_mb": 0.0, "shmopen": 0, "unlink": 0, "mmap_sh": 88, "munmap": 27, "mmap_sh_mb": 352.00067138671875}
{"tgid": 14942, "comm": "lmp", "shmget": 0, "shmat": 0, "shmdt": 0, "rmid": 0, "get_mb": 0.0, "shmopen": 0, "unlink": 0, "mmap_sh": 88, "munmap": 27, "mmap_sh_mb": 352.00067138671875}
{"tgid": 14912, "comm": "lmp", "shmget": 0, "shmat": 0, "shmdt": 0, "rmid": 0, "get_mb": 0.0, "shmopen": 0, "unlink": 0, "mmap_sh": 88, "munmap": 27, "mmap_sh_mb": 352.00067138671875}
{"tgid": 14812, "comm": "lmp", "shmget": 0, "shmat": 0, "shmdt": 0, "rmid": 0, "get_mb": 0.0, "shmopen": 0, "unlink": 0, "mmap_sh": 88, "munmap": 28, "mmap_sh_mb": 352.00067138671875}
{"tgid": 14876, "comm": "lmp", "shmget": 0, "shmat": 0, "shmdt": 0, "rmid": 0, "get_mb": 0.0, "shmopen": 0, "unlink": 0, "mmap_sh": 88, "munmap": 28, "mmap_sh_mb": 352.00067138671875}
{"tgid": 14944, "comm": "lmp", "shmget": 0, "shmat": 0, "shmdt": 0, "rmid": 0, "get_mb": 0.0, "shmopen": 0, "unlink": 0, "mmap_sh": 88, "munmap": 27, "mmap_sh_mb": 352.00067138671875}
{"tgid": 14902, "comm": "lmp", "shmget": 0, "shmat": 0, "shmdt": 0, "rmid": 0, "get_mb": 0.0, "shmopen": 0, "unlink": 0, "mmap_sh": 88, "munmap": 27, "mmap_sh_mb": 352.00067138671875}
{"tgid": 14824, "comm": "lmp", "shmget": 0, "shmat": 0, "shmdt": 0, "rmid": 0, "get_mb": 0.0, "shmopen": 0, "unlink": 0, "mmap_sh": 88, "munmap": 27, "mmap_sh_mb": 352.00067138671875}
{"tgid": 14888, "comm": "lmp", "shmget": 0, "shmat": 0, "shmdt": 0, "rmid": 0, "get_mb": 0.0, "shmopen": 0, "unlink": 0, "mmap_sh": 88, "munmap": 27, "mmap_sh_mb": 352.00067138671875}
{"tgid": 14894, "comm": "lmp", "shmget": 0, "shmat": 0, "shmdt": 0, "rmid": 0, "get_mb": 0.0, "shmopen": 0, "unlink": 0, "mmap_sh": 88, "munmap": 27, "mmap_sh_mb": 352.00067138671875}

--- Shared Memory Stats Summary at 16:19:39 ---
{"tgid": 14947, "comm": "lmp", "shmget": 0, "shmat": 0, "shmdt": 0, "rmid": 0, "get_mb": 0.0, "shmopen": 0, "unlink": 0, "mmap_sh": 88, "munmap": 28, "mmap_sh_mb": 352.00067138671875}
{"tgid": 14951, "comm": "lmp", "shmget": 1, "shmat": 1, "shmdt": 1, "rmid": 1, "get_mb": 0.00390625, "shmopen": 0, "unlink": 0, "mmap_sh": 88, "munmap": 34, "mmap_sh_mb": 352.00067138671875}
{"tgid": 14953, "comm": "lmp", "shmget": 1, "shmat": 1, "shmdt": 1, "rmid": 1, "get_mb": 0.00390625, "shmopen": 0, "unlink": 0, "mmap_sh": 88, "munmap": 34, "mmap_sh_mb": 352.00067138671875}
{"tgid": 14948, "comm": "lmp", "shmget": 1, "shmat": 1, "shmdt": 1, "rmid": 1, "get_mb": 0.00390625, "shmopen": 0, "unlink": 0, "mmap_sh": 88, "munmap": 33, "mmap_sh_mb": 352.00067138671875}
{"tgid": 14955, "comm": "lmp", "shmget": 1, "shmat": 1, "shmdt": 1, "rmid": 1, "get_mb": 0.00390625, "shmopen": 0, "unlink": 0, "mmap_sh": 88, "munmap": 34, "mmap_sh_mb": 352.00067138671875}
{"tgid": 14886, "comm": "lmp", "shmget": 0, "shmat": 0, "shmdt": 0, "rmid": 0, "get_mb": 0.0, "shmopen": 0, "unlink": 0, "mmap_sh": 88, "munmap": 27, "mmap_sh_mb": 352.00067138671875}
{"tgid": 14898, "comm": "lmp", "shmget": 0, "shmat": 0, "shmdt": 0, "rmid": 0, "get_mb": 0.0, "shmopen": 0, "unlink": 0, "mmap_sh": 88, "munmap": 27, "mmap_sh_mb": 352.00067138671875}
{"tgid": 14904, "comm": "lmp", "shmget": 0, "shmat": 0, "shmdt": 0, "rmid": 0, "get_mb": 0.0, "shmopen": 0, "unlink": 0, "mmap_sh": 88, "munmap": 28, "mmap_sh_mb": 352.00067138671875}
{"tgid": 14787, "comm": "lmp", "shmget": 0, "shmat": 0, "shmdt": 0, "rmid": 0, "get_mb": 0.0, "shmopen": 0, "unlink": 0, "mmap_sh": 88, "munmap": 28, "mmap_sh_mb": 352.00067138671875}
{"tgid": 14858, "comm": "lmp", "shmget": 0, "shmat": 0, "shmdt": 0, "rmid": 0, "get_mb": 0.0, "shmopen": 0, "unlink": 0, "mmap_sh": 88, "munmap": 27, "mmap_sh_mb": 352.00067138671875}
{"tgid": 14814, "comm": "lmp", "shmget": 0, "shmat": 0, "shmdt": 0, "rmid": 0, "get_mb": 0.0, "shmopen": 0, "unlink": 0, "mmap_sh": 88, "munmap": 27, "mmap_sh_mb": 352.00067138671875}
{"tgid": 14942, "comm": "lmp", "shmget": 0, "shmat": 0, "shmdt": 0, "rmid": 0, "get_mb": 0.0, "shmopen": 0, "unlink": 0, "mmap_sh": 88, "munmap": 27, "mmap_sh_mb": 352.00067138671875}
{"tgid": 14912, "comm": "lmp", "shmget": 0, "shmat": 0, "shmdt": 0, "rmid": 0, "get_mb": 0.0, "shmopen": 0, "unlink": 0, "mmap_sh": 88, "munmap": 27, "mmap_sh_mb": 352.00067138671875}
{"tgid": 14812, "comm": "lmp", "shmget": 0, "shmat": 0, "shmdt": 0, "rmid": 0, "get_mb": 0.0, "shmopen": 0, "unlink": 0, "mmap_sh": 88, "munmap": 28, "mmap_sh_mb": 352.00067138671875}
{"tgid": 14876, "comm": "lmp", "shmget": 0, "shmat": 0, "shmdt": 0, "rmid": 0, "get_mb": 0.0, "shmopen": 0, "unlink": 0, "mmap_sh": 88, "munmap": 28, "mmap_sh_mb": 352.00067138671875}
{"tgid": 14944, "comm": "lmp", "shmget": 0, "shmat": 0, "shmdt": 0, "rmid": 0, "get_mb": 0.0, "shmopen": 0, "unlink": 0, "mmap_sh": 88, "munmap": 27, "mmap_sh_mb": 352.00067138671875}
{"tgid": 14902, "comm": "lmp", "shmget": 0, "shmat": 0, "shmdt": 0, "rmid": 0, "get_mb": 0.0, "shmopen": 0, "unlink": 0, "mmap_sh": 88, "munmap": 27, "mmap_sh_mb": 352.00067138671875}
{"tgid": 14824, "comm": "lmp", "shmget": 0, "shmat": 0, "shmdt": 0, "rmid": 0, "get_mb": 0.0, "shmopen": 0, "unlink": 0, "mmap_sh": 88, "munmap": 27, "mmap_sh_mb": 352.00067138671875}
{"tgid": 14888, "comm": "lmp", "shmget": 0, "shmat": 0, "shmdt": 0, "rmid": 0, "get_mb": 0.0, "shmopen": 0, "unlink": 0, "mmap_sh": 88, "munmap": 27, "mmap_sh_mb": 352.00067138671875}
{"tgid": 14894, "comm": "lmp", "shmget": 0, "shmat": 0, "shmdt": 0, "rmid": 0, "get_mb": 0.0, "shmopen": 0, "unlink": 0, "mmap_sh": 88, "munmap": 27, "mmap_sh_mb": 352.00067138671875}

--- Shared Memory Stats Summary at 16:19:44 ---
{"tgid": 14947, "comm": "lmp", "shmget": 0, "shmat": 0, "shmdt": 0, "rmid": 0, "get_mb": 0.0, "shmopen": 0, "unlink": 0, "mmap_sh": 88, "munmap": 28, "mmap_sh_mb": 352.00067138671875}
{"tgid": 14951, "comm": "lmp", "shmget": 1, "shmat": 1, "shmdt": 1, "rmid": 1, "get_mb": 0.00390625, "shmopen": 0, "unlink": 0, "mmap_sh": 88, "munmap": 34, "mmap_sh_mb": 352.00067138671875}
{"tgid": 14953, "comm": "lmp", "shmget": 1, "shmat": 1, "shmdt": 1, "rmid": 1, "get_mb": 0.00390625, "shmopen": 0, "unlink": 0, "mmap_sh": 88, "munmap": 34, "mmap_sh_mb": 352.00067138671875}
{"tgid": 14948, "comm": "lmp", "shmget": 1, "shmat": 1, "shmdt": 1, "rmid": 1, "get_mb": 0.00390625, "shmopen": 0, "unlink": 0, "mmap_sh": 88, "munmap": 33, "mmap_sh_mb": 352.00067138671875}
{"tgid": 14955, "comm": "lmp", "shmget": 1, "shmat": 1, "shmdt": 1, "rmid": 1, "get_mb": 0.00390625, "shmopen": 0, "unlink": 0, "mmap_sh": 88, "munmap": 34, "mmap_sh_mb": 352.00067138671875}
{"tgid": 14886, "comm": "lmp", "shmget": 0, "shmat": 0, "shmdt": 0, "rmid": 0, "get_mb": 0.0, "shmopen": 0, "unlink": 0, "mmap_sh": 88, "munmap": 27, "mmap_sh_mb": 352.00067138671875}
{"tgid": 14898, "comm": "lmp", "shmget": 0, "shmat": 0, "shmdt": 0, "rmid": 0, "get_mb": 0.0, "shmopen": 0, "unlink": 0, "mmap_sh": 88, "munmap": 27, "mmap_sh_mb": 352.00067138671875}
{"tgid": 14904, "comm": "lmp", "shmget": 0, "shmat": 0, "shmdt": 0, "rmid": 0, "get_mb": 0.0, "shmopen": 0, "unlink": 0, "mmap_sh": 88, "munmap": 28, "mmap_sh_mb": 352.00067138671875}
{"tgid": 14787, "comm": "lmp", "shmget": 0, "shmat": 0, "shmdt": 0, "rmid": 0, "get_mb": 0.0, "shmopen": 0, "unlink": 0, "mmap_sh": 88, "munmap": 28, "mmap_sh_mb": 352.00067138671875}
{"tgid": 14858, "comm": "lmp", "shmget": 0, "shmat": 0, "shmdt": 0, "rmid": 0, "get_mb": 0.0, "shmopen": 0, "unlink": 0, "mmap_sh": 88, "munmap": 27, "mmap_sh_mb": 352.00067138671875}
{"tgid": 14814, "comm": "lmp", "shmget": 0, "shmat": 0, "shmdt": 0, "rmid": 0, "get_mb": 0.0, "shmopen": 0, "unlink": 0, "mmap_sh": 88, "munmap": 27, "mmap_sh_mb": 352.00067138671875}
{"tgid": 14942, "comm": "lmp", "shmget": 0, "shmat": 0, "shmdt": 0, "rmid": 0, "get_mb": 0.0, "shmopen": 0, "unlink": 0, "mmap_sh": 88, "munmap": 27, "mmap_sh_mb": 352.00067138671875}
{"tgid": 14912, "comm": "lmp", "shmget": 0, "shmat": 0, "shmdt": 0, "rmid": 0, "get_mb": 0.0, "shmopen": 0, "unlink": 0, "mmap_sh": 88, "munmap": 27, "mmap_sh_mb": 352.00067138671875}
{"tgid": 14812, "comm": "lmp", "shmget": 0, "shmat": 0, "shmdt": 0, "rmid": 0, "get_mb": 0.0, "shmopen": 0, "unlink": 0, "mmap_sh": 88, "munmap": 28, "mmap_sh_mb": 352.00067138671875}
{"tgid": 14876, "comm": "lmp", "shmget": 0, "shmat": 0, "shmdt": 0, "rmid": 0, "get_mb": 0.0, "shmopen": 0, "unlink": 0, "mmap_sh": 88, "munmap": 28, "mmap_sh_mb": 352.00067138671875}
{"tgid": 14944, "comm": "lmp", "shmget": 0, "shmat": 0, "shmdt": 0, "rmid": 0, "get_mb": 0.0, "shmopen": 0, "unlink": 0, "mmap_sh": 88, "munmap": 27, "mmap_sh_mb": 352.00067138671875}
{"tgid": 14902, "comm": "lmp", "shmget": 0, "shmat": 0, "shmdt": 0, "rmid": 0, "get_mb": 0.0, "shmopen": 0, "unlink": 0, "mmap_sh": 88, "munmap": 27, "mmap_sh_mb": 352.00067138671875}
{"tgid": 14824, "comm": "lmp", "shmget": 0, "shmat": 0, "shmdt": 0, "rmid": 0, "get_mb": 0.0, "shmopen": 0, "unlink": 0, "mmap_sh": 88, "munmap": 27, "mmap_sh_mb": 352.00067138671875}
{"tgid": 14888, "comm": "lmp", "shmget": 0, "shmat": 0, "shmdt": 0, "rmid": 0, "get_mb": 0.0, "shmopen": 0, "unlink": 0, "mmap_sh": 88, "munmap": 27, "mmap_sh_mb": 352.00067138671875}
{"tgid": 14894, "comm": "lmp", "shmget": 0, "shmat": 0, "shmdt": 0, "rmid": 0, "get_mb": 0.0, "shmopen": 0, "unlink": 0, "mmap_sh": 88, "munmap": 27, "mmap_sh_mb": 352.00067138671875}

--- Shared Memory Stats Summary at 16:19:49 ---
{"tgid": 14947, "comm": "lmp", "shmget": 0, "shmat": 0, "shmdt": 0, "rmid": 0, "get_mb": 0.0, "shmopen": 0, "unlink": 0, "mmap_sh": 88, "munmap": 28, "mmap_sh_mb": 352.00067138671875}
{"tgid": 14951, "comm": "lmp", "shmget": 1, "shmat": 1, "shmdt": 1, "rmid": 1, "get_mb": 0.00390625, "shmopen": 0, "unlink": 0, "mmap_sh": 88, "munmap": 34, "mmap_sh_mb": 352.00067138671875}
{"tgid": 14953, "comm": "lmp", "shmget": 1, "shmat": 1, "shmdt": 1, "rmid": 1, "get_mb": 0.00390625, "shmopen": 0, "unlink": 0, "mmap_sh": 88, "munmap": 34, "mmap_sh_mb": 352.00067138671875}
{"tgid": 14948, "comm": "lmp", "shmget": 1, "shmat": 1, "shmdt": 1, "rmid": 1, "get_mb": 0.00390625, "shmopen": 0, "unlink": 0, "mmap_sh": 88, "munmap": 33, "mmap_sh_mb": 352.00067138671875}
{"tgid": 14955, "comm": "lmp", "shmget": 1, "shmat": 1, "shmdt": 1, "rmid": 1, "get_mb": 0.00390625, "shmopen": 0, "unlink": 0, "mmap_sh": 88, "munmap": 34, "mmap_sh_mb": 352.00067138671875}
{"tgid": 14886, "comm": "lmp", "shmget": 0, "shmat": 0, "shmdt": 0, "rmid": 0, "get_mb": 0.0, "shmopen": 0, "unlink": 0, "mmap_sh": 88, "munmap": 27, "mmap_sh_mb": 352.00067138671875}
{"tgid": 14898, "comm": "lmp", "shmget": 0, "shmat": 0, "shmdt": 0, "rmid": 0, "get_mb": 0.0, "shmopen": 0, "unlink": 0, "mmap_sh": 88, "munmap": 27, "mmap_sh_mb": 352.00067138671875}
{"tgid": 14904, "comm": "lmp", "shmget": 0, "shmat": 0, "shmdt": 0, "rmid": 0, "get_mb": 0.0, "shmopen": 0, "unlink": 0, "mmap_sh": 88, "munmap": 28, "mmap_sh_mb": 352.00067138671875}
{"tgid": 14787, "comm": "lmp", "shmget": 0, "shmat": 0, "shmdt": 0, "rmid": 0, "get_mb": 0.0, "shmopen": 0, "unlink": 0, "mmap_sh": 88, "munmap": 28, "mmap_sh_mb": 352.00067138671875}
{"tgid": 14858, "comm": "lmp", "shmget": 0, "shmat": 0, "shmdt": 0, "rmid": 0, "get_mb": 0.0, "shmopen": 0, "unlink": 0, "mmap_sh": 88, "munmap": 27, "mmap_sh_mb": 352.00067138671875}
{"tgid": 14814, "comm": "lmp", "shmget": 0, "shmat": 0, "shmdt": 0, "rmid": 0, "get_mb": 0.0, "shmopen": 0, "unlink": 0, "mmap_sh": 88, "munmap": 27, "mmap_sh_mb": 352.00067138671875}
{"tgid": 14942, "comm": "lmp", "shmget": 0, "shmat": 0, "shmdt": 0, "rmid": 0, "get_mb": 0.0, "shmopen": 0, "unlink": 0, "mmap_sh": 88, "munmap": 27, "mmap_sh_mb": 352.00067138671875}
{"tgid": 14912, "comm": "lmp", "shmget": 0, "shmat": 0, "shmdt": 0, "rmid": 0, "get_mb": 0.0, "shmopen": 0, "unlink": 0, "mmap_sh": 88, "munmap": 27, "mmap_sh_mb": 352.00067138671875}
{"tgid": 14812, "comm": "lmp", "shmget": 0, "shmat": 0, "shmdt": 0, "rmid": 0, "get_mb": 0.0, "shmopen": 0, "unlink": 0, "mmap_sh": 88, "munmap": 28, "mmap_sh_mb": 352.00067138671875}
{"tgid": 14876, "comm": "lmp", "shmget": 0, "shmat": 0, "shmdt": 0, "rmid": 0, "get_mb": 0.0, "shmopen": 0, "unlink": 0, "mmap_sh": 88, "munmap": 28, "mmap_sh_mb": 352.00067138671875}
{"tgid": 14944, "comm": "lmp", "shmget": 0, "shmat": 0, "shmdt": 0, "rmid": 0, "get_mb": 0.0, "shmopen": 0, "unlink": 0, "mmap_sh": 88, "munmap": 27, "mmap_sh_mb": 352.00067138671875}
{"tgid": 14902, "comm": "lmp", "shmget": 0, "shmat": 0, "shmdt": 0, "rmid": 0, "get_mb": 0.0, "shmopen": 0, "unlink": 0, "mmap_sh": 88, "munmap": 27, "mmap_sh_mb": 352.00067138671875}
{"tgid": 14824, "comm": "lmp", "shmget": 0, "shmat": 0, "shmdt": 0, "rmid": 0, "get_mb": 0.0, "shmopen": 0, "unlink": 0, "mmap_sh": 88, "munmap": 27, "mmap_sh_mb": 352.00067138671875}
{"tgid": 14888, "comm": "lmp", "shmget": 0, "shmat": 0, "shmdt": 0, "rmid": 0, "get_mb": 0.0, "shmopen": 0, "unlink": 0, "mmap_sh": 88, "munmap": 27, "mmap_sh_mb": 352.00067138671875}
{"tgid": 14894, "comm": "lmp", "shmget": 0, "shmat": 0, "shmdt": 0, "rmid": 0, "get_mb": 0.0, "shmopen": 0, "unlink": 0, "mmap_sh": 88, "munmap": 27, "mmap_sh_mb": 352.00067138671875}

--- Shared Memory Stats Summary at 16:19:54 ---
{"tgid": 14947, "comm": "lmp", "shmget": 0, "shmat": 0, "shmdt": 0, "rmid": 0, "get_mb": 0.0, "shmopen": 0, "unlink": 0, "mmap_sh": 88, "munmap": 28, "mmap_sh_mb": 352.00067138671875}
{"tgid": 14951, "comm": "lmp", "shmget": 1, "shmat": 1, "shmdt": 1, "rmid": 1, "get_mb": 0.00390625, "shmopen": 0, "unlink": 0, "mmap_sh": 88, "munmap": 34, "mmap_sh_mb": 352.00067138671875}
{"tgid": 14953, "comm": "lmp", "shmget": 1, "shmat": 1, "shmdt": 1, "rmid": 1, "get_mb": 0.00390625, "shmopen": 0, "unlink": 0, "mmap_sh": 88, "munmap": 34, "mmap_sh_mb": 352.00067138671875}
{"tgid": 14948, "comm": "lmp", "shmget": 1, "shmat": 1, "shmdt": 1, "rmid": 1, "get_mb": 0.00390625, "shmopen": 0, "unlink": 0, "mmap_sh": 88, "munmap": 33, "mmap_sh_mb": 352.00067138671875}
{"tgid": 14955, "comm": "lmp", "shmget": 1, "shmat": 1, "shmdt": 1, "rmid": 1, "get_mb": 0.00390625, "shmopen": 0, "unlink": 0, "mmap_sh": 88, "munmap": 34, "mmap_sh_mb": 352.00067138671875}
{"tgid": 14886, "comm": "lmp", "shmget": 0, "shmat": 0, "shmdt": 0, "rmid": 0, "get_mb": 0.0, "shmopen": 0, "unlink": 0, "mmap_sh": 88, "munmap": 27, "mmap_sh_mb": 352.00067138671875}
{"tgid": 14898, "comm": "lmp", "shmget": 0, "shmat": 0, "shmdt": 0, "rmid": 0, "get_mb": 0.0, "shmopen": 0, "unlink": 0, "mmap_sh": 88, "munmap": 27, "mmap_sh_mb": 352.00067138671875}
{"tgid": 14904, "comm": "lmp", "shmget": 0, "shmat": 0, "shmdt": 0, "rmid": 0, "get_mb": 0.0, "shmopen": 0, "unlink": 0, "mmap_sh": 88, "munmap": 28, "mmap_sh_mb": 352.00067138671875}
{"tgid": 14787, "comm": "lmp", "shmget": 0, "shmat": 0, "shmdt": 0, "rmid": 0, "get_mb": 0.0, "shmopen": 0, "unlink": 0, "mmap_sh": 88, "munmap": 28, "mmap_sh_mb": 352.00067138671875}
{"tgid": 14858, "comm": "lmp", "shmget": 0, "shmat": 0, "shmdt": 0, "rmid": 0, "get_mb": 0.0, "shmopen": 0, "unlink": 0, "mmap_sh": 88, "munmap": 27, "mmap_sh_mb": 352.00067138671875}
{"tgid": 14814, "comm": "lmp", "shmget": 0, "shmat": 0, "shmdt": 0, "rmid": 0, "get_mb": 0.0, "shmopen": 0, "unlink": 0, "mmap_sh": 88, "munmap": 27, "mmap_sh_mb": 352.00067138671875}
{"tgid": 14942, "comm": "lmp", "shmget": 0, "shmat": 0, "shmdt": 0, "rmid": 0, "get_mb": 0.0, "shmopen": 0, "unlink": 0, "mmap_sh": 88, "munmap": 27, "mmap_sh_mb": 352.00067138671875}
{"tgid": 14912, "comm": "lmp", "shmget": 0, "shmat": 0, "shmdt": 0, "rmid": 0, "get_mb": 0.0, "shmopen": 0, "unlink": 0, "mmap_sh": 88, "munmap": 27, "mmap_sh_mb": 352.00067138671875}
{"tgid": 14812, "comm": "lmp", "shmget": 0, "shmat": 0, "shmdt": 0, "rmid": 0, "get_mb": 0.0, "shmopen": 0, "unlink": 0, "mmap_sh": 88, "munmap": 28, "mmap_sh_mb": 352.00067138671875}
{"tgid": 14876, "comm": "lmp", "shmget": 0, "shmat": 0, "shmdt": 0, "rmid": 0, "get_mb": 0.0, "shmopen": 0, "unlink": 0, "mmap_sh": 88, "munmap": 28, "mmap_sh_mb": 352.00067138671875}
{"tgid": 14944, "comm": "lmp", "shmget": 0, "shmat": 0, "shmdt": 0, "rmid": 0, "get_mb": 0.0, "shmopen": 0, "unlink": 0, "mmap_sh": 88, "munmap": 27, "mmap_sh_mb": 352.00067138671875}
{"tgid": 14902, "comm": "lmp", "shmget": 0, "shmat": 0, "shmdt": 0, "rmid": 0, "get_mb": 0.0, "shmopen": 0, "unlink": 0, "mmap_sh": 88, "munmap": 27, "mmap_sh_mb": 352.00067138671875}
{"tgid": 14824, "comm": "lmp", "shmget": 0, "shmat": 0, "shmdt": 0, "rmid": 0, "get_mb": 0.0, "shmopen": 0, "unlink": 0, "mmap_sh": 88, "munmap": 27, "mmap_sh_mb": 352.00067138671875}
{"tgid": 14888, "comm": "lmp", "shmget": 0, "shmat": 0, "shmdt": 0, "rmid": 0, "get_mb": 0.0, "shmopen": 0, "unlink": 0, "mmap_sh": 88, "munmap": 27, "mmap_sh_mb": 352.00067138671875}
{"tgid": 14894, "comm": "lmp", "shmget": 0, "shmat": 0, "shmdt": 0, "rmid": 0, "get_mb": 0.0, "shmopen": 0, "unlink": 0, "mmap_sh": 88, "munmap": 27, "mmap_sh_mb": 352.00067138671875}

--- Shared Memory Stats Summary at 16:19:59 ---
{"tgid": 14947, "comm": "lmp", "shmget": 0, "shmat": 0, "shmdt": 0, "rmid": 0, "get_mb": 0.0, "shmopen": 0, "unlink": 0, "mmap_sh": 88, "munmap": 28, "mmap_sh_mb": 352.00067138671875}
{"tgid": 14951, "comm": "lmp", "shmget": 1, "shmat": 1, "shmdt": 1, "rmid": 1, "get_mb": 0.00390625, "shmopen": 0, "unlink": 0, "mmap_sh": 88, "munmap": 34, "mmap_sh_mb": 352.00067138671875}
{"tgid": 14953, "comm": "lmp", "shmget": 1, "shmat": 1, "shmdt": 1, "rmid": 1, "get_mb": 0.00390625, "shmopen": 0, "unlink": 0, "mmap_sh": 88, "munmap": 34, "mmap_sh_mb": 352.00067138671875}
{"tgid": 14948, "comm": "lmp", "shmget": 1, "shmat": 1, "shmdt": 1, "rmid": 1, "get_mb": 0.00390625, "shmopen": 0, "unlink": 0, "mmap_sh": 88, "munmap": 33, "mmap_sh_mb": 352.00067138671875}
{"tgid": 14955, "comm": "lmp", "shmget": 1, "shmat": 1, "shmdt": 1, "rmid": 1, "get_mb": 0.00390625, "shmopen": 0, "unlink": 0, "mmap_sh": 88, "munmap": 34, "mmap_sh_mb": 352.00067138671875}
{"tgid": 14886, "comm": "lmp", "shmget": 0, "shmat": 0, "shmdt": 0, "rmid": 0, "get_mb": 0.0, "shmopen": 0, "unlink": 0, "mmap_sh": 88, "munmap": 27, "mmap_sh_mb": 352.00067138671875}
{"tgid": 14898, "comm": "lmp", "shmget": 0, "shmat": 0, "shmdt": 0, "rmid": 0, "get_mb": 0.0, "shmopen": 0, "unlink": 0, "mmap_sh": 88, "munmap": 27, "mmap_sh_mb": 352.00067138671875}
{"tgid": 14904, "comm": "lmp", "shmget": 0, "shmat": 0, "shmdt": 0, "rmid": 0, "get_mb": 0.0, "shmopen": 0, "unlink": 0, "mmap_sh": 88, "munmap": 28, "mmap_sh_mb": 352.00067138671875}
{"tgid": 14787, "comm": "lmp", "shmget": 0, "shmat": 0, "shmdt": 0, "rmid": 0, "get_mb": 0.0, "shmopen": 0, "unlink": 0, "mmap_sh": 88, "munmap": 28, "mmap_sh_mb": 352.00067138671875}
{"tgid": 14858, "comm": "lmp", "shmget": 0, "shmat": 0, "shmdt": 0, "rmid": 0, "get_mb": 0.0, "shmopen": 0, "unlink": 0, "mmap_sh": 88, "munmap": 27, "mmap_sh_mb": 352.00067138671875}
{"tgid": 14814, "comm": "lmp", "shmget": 0, "shmat": 0, "shmdt": 0, "rmid": 0, "get_mb": 0.0, "shmopen": 0, "unlink": 0, "mmap_sh": 88, "munmap": 27, "mmap_sh_mb": 352.00067138671875}
{"tgid": 14942, "comm": "lmp", "shmget": 0, "shmat": 0, "shmdt": 0, "rmid": 0, "get_mb": 0.0, "shmopen": 0, "unlink": 0, "mmap_sh": 88, "munmap": 27, "mmap_sh_mb": 352.00067138671875}
{"tgid": 14912, "comm": "lmp", "shmget": 0, "shmat": 0, "shmdt": 0, "rmid": 0, "get_mb": 0.0, "shmopen": 0, "unlink": 0, "mmap_sh": 88, "munmap": 27, "mmap_sh_mb": 352.00067138671875}
{"tgid": 14812, "comm": "lmp", "shmget": 0, "shmat": 0, "shmdt": 0, "rmid": 0, "get_mb": 0.0, "shmopen": 0, "unlink": 0, "mmap_sh": 88, "munmap": 28, "mmap_sh_mb": 352.00067138671875}
{"tgid": 14876, "comm": "lmp", "shmget": 0, "shmat": 0, "shmdt": 0, "rmid": 0, "get_mb": 0.0, "shmopen": 0, "unlink": 0, "mmap_sh": 88, "munmap": 28, "mmap_sh_mb": 352.00067138671875}
{"tgid": 14944, "comm": "lmp", "shmget": 0, "shmat": 0, "shmdt": 0, "rmid": 0, "get_mb": 0.0, "shmopen": 0, "unlink": 0, "mmap_sh": 88, "munmap": 27, "mmap_sh_mb": 352.00067138671875}
{"tgid": 14902, "comm": "lmp", "shmget": 0, "shmat": 0, "shmdt": 0, "rmid": 0, "get_mb": 0.0, "shmopen": 0, "unlink": 0, "mmap_sh": 88, "munmap": 27, "mmap_sh_mb": 352.00067138671875}
{"tgid": 14824, "comm": "lmp", "shmget": 0, "shmat": 0, "shmdt": 0, "rmid": 0, "get_mb": 0.0, "shmopen": 0, "unlink": 0, "mmap_sh": 88, "munmap": 27, "mmap_sh_mb": 352.00067138671875}
{"tgid": 14888, "comm": "lmp", "shmget": 0, "shmat": 0, "shmdt": 0, "rmid": 0, "get_mb": 0.0, "shmopen": 0, "unlink": 0, "mmap_sh": 88, "munmap": 27, "mmap_sh_mb": 352.00067138671875}
{"tgid": 14894, "comm": "lmp", "shmget": 0, "shmat": 0, "shmdt": 0, "rmid": 0, "get_mb": 0.0, "shmopen": 0, "unlink": 0, "mmap_sh": 88, "munmap": 27, "mmap_sh_mb": 352.00067138671875}

--- Shared Memory Stats Summary at 16:20:04 ---
{"tgid": 14947, "comm": "lmp", "shmget": 0, "shmat": 0, "shmdt": 0, "rmid": 0, "get_mb": 0.0, "shmopen": 0, "unlink": 0, "mmap_sh": 88, "munmap": 28, "mmap_sh_mb": 352.00067138671875}
{"tgid": 14951, "comm": "lmp", "shmget": 1, "shmat": 1, "shmdt": 1, "rmid": 1, "get_mb": 0.00390625, "shmopen": 0, "unlink": 0, "mmap_sh": 88, "munmap": 34, "mmap_sh_mb": 352.00067138671875}
{"tgid": 14953, "comm": "lmp", "shmget": 1, "shmat": 1, "shmdt": 1, "rmid": 1, "get_mb": 0.00390625, "shmopen": 0, "unlink": 0, "mmap_sh": 88, "munmap": 34, "mmap_sh_mb": 352.00067138671875}
{"tgid": 14948, "comm": "lmp", "shmget": 1, "shmat": 1, "shmdt": 1, "rmid": 1, "get_mb": 0.00390625, "shmopen": 0, "unlink": 0, "mmap_sh": 88, "munmap": 33, "mmap_sh_mb": 352.00067138671875}
{"tgid": 14955, "comm": "lmp", "shmget": 1, "shmat": 1, "shmdt": 1, "rmid": 1, "get_mb": 0.00390625, "shmopen": 0, "unlink": 0, "mmap_sh": 88, "munmap": 34, "mmap_sh_mb": 352.00067138671875}
{"tgid": 14886, "comm": "lmp", "shmget": 0, "shmat": 0, "shmdt": 0, "rmid": 0, "get_mb": 0.0, "shmopen": 0, "unlink": 0, "mmap_sh": 88, "munmap": 27, "mmap_sh_mb": 352.00067138671875}
{"tgid": 14898, "comm": "lmp", "shmget": 0, "shmat": 0, "shmdt": 0, "rmid": 0, "get_mb": 0.0, "shmopen": 0, "unlink": 0, "mmap_sh": 88, "munmap": 27, "mmap_sh_mb": 352.00067138671875}
{"tgid": 14904, "comm": "lmp", "shmget": 0, "shmat": 0, "shmdt": 0, "rmid": 0, "get_mb": 0.0, "shmopen": 0, "unlink": 0, "mmap_sh": 88, "munmap": 28, "mmap_sh_mb": 352.00067138671875}
{"tgid": 14787, "comm": "lmp", "shmget": 0, "shmat": 0, "shmdt": 0, "rmid": 0, "get_mb": 0.0, "shmopen": 0, "unlink": 0, "mmap_sh": 88, "munmap": 28, "mmap_sh_mb": 352.00067138671875}
{"tgid": 14858, "comm": "lmp", "shmget": 0, "shmat": 0, "shmdt": 0, "rmid": 0, "get_mb": 0.0, "shmopen": 0, "unlink": 0, "mmap_sh": 88, "munmap": 27, "mmap_sh_mb": 352.00067138671875}
{"tgid": 14814, "comm": "lmp", "shmget": 0, "shmat": 0, "shmdt": 0, "rmid": 0, "get_mb": 0.0, "shmopen": 0, "unlink": 0, "mmap_sh": 88, "munmap": 27, "mmap_sh_mb": 352.00067138671875}
{"tgid": 14942, "comm": "lmp", "shmget": 0, "shmat": 0, "shmdt": 0, "rmid": 0, "get_mb": 0.0, "shmopen": 0, "unlink": 0, "mmap_sh": 88, "munmap": 27, "mmap_sh_mb": 352.00067138671875}
{"tgid": 14912, "comm": "lmp", "shmget": 0, "shmat": 0, "shmdt": 0, "rmid": 0, "get_mb": 0.0, "shmopen": 0, "unlink": 0, "mmap_sh": 88, "munmap": 27, "mmap_sh_mb": 352.00067138671875}
{"tgid": 14812, "comm": "lmp", "shmget": 0, "shmat": 0, "shmdt": 0, "rmid": 0, "get_mb": 0.0, "shmopen": 0, "unlink": 0, "mmap_sh": 88, "munmap": 28, "mmap_sh_mb": 352.00067138671875}
{"tgid": 14876, "comm": "lmp", "shmget": 0, "shmat": 0, "shmdt": 0, "rmid": 0, "get_mb": 0.0, "shmopen": 0, "unlink": 0, "mmap_sh": 88, "munmap": 28, "mmap_sh_mb": 352.00067138671875}
{"tgid": 14944, "comm": "lmp", "shmget": 0, "shmat": 0, "shmdt": 0, "rmid": 0, "get_mb": 0.0, "shmopen": 0, "unlink": 0, "mmap_sh": 88, "munmap": 27, "mmap_sh_mb": 352.00067138671875}
{"tgid": 14902, "comm": "lmp", "shmget": 0, "shmat": 0, "shmdt": 0, "rmid": 0, "get_mb": 0.0, "shmopen": 0, "unlink": 0, "mmap_sh": 88, "munmap": 27, "mmap_sh_mb": 352.00067138671875}
{"tgid": 14824, "comm": "lmp", "shmget": 0, "shmat": 0, "shmdt": 0, "rmid": 0, "get_mb": 0.0, "shmopen": 0, "unlink": 0, "mmap_sh": 88, "munmap": 27, "mmap_sh_mb": 352.00067138671875}
{"tgid": 14888, "comm": "lmp", "shmget": 0, "shmat": 0, "shmdt": 0, "rmid": 0, "get_mb": 0.0, "shmopen": 0, "unlink": 0, "mmap_sh": 88, "munmap": 27, "mmap_sh_mb": 352.00067138671875}
{"tgid": 14894, "comm": "lmp", "shmget": 0, "shmat": 0, "shmdt": 0, "rmid": 0, "get_mb": 0.0, "shmopen": 0, "unlink": 0, "mmap_sh": 88, "munmap": 27, "mmap_sh_mb": 352.00067138671875}

--- Shared Memory Stats Summary at 16:20:09 ---
{"tgid": 14947, "comm": "lmp", "shmget": 0, "shmat": 0, "shmdt": 0, "rmid": 0, "get_mb": 0.0, "shmopen": 0, "unlink": 0, "mmap_sh": 88, "munmap": 28, "mmap_sh_mb": 352.00067138671875}
{"tgid": 14951, "comm": "lmp", "shmget": 1, "shmat": 1, "shmdt": 1, "rmid": 1, "get_mb": 0.00390625, "shmopen": 0, "unlink": 0, "mmap_sh": 88, "munmap": 34, "mmap_sh_mb": 352.00067138671875}
{"tgid": 14953, "comm": "lmp", "shmget": 1, "shmat": 1, "shmdt": 1, "rmid": 1, "get_mb": 0.00390625, "shmopen": 0, "unlink": 0, "mmap_sh": 88, "munmap": 34, "mmap_sh_mb": 352.00067138671875}
{"tgid": 14948, "comm": "lmp", "shmget": 1, "shmat": 1, "shmdt": 1, "rmid": 1, "get_mb": 0.00390625, "shmopen": 0, "unlink": 0, "mmap_sh": 88, "munmap": 33, "mmap_sh_mb": 352.00067138671875}
{"tgid": 14955, "comm": "lmp", "shmget": 1, "shmat": 1, "shmdt": 1, "rmid": 1, "get_mb": 0.00390625, "shmopen": 0, "unlink": 0, "mmap_sh": 88, "munmap": 34, "mmap_sh_mb": 352.00067138671875}
{"tgid": 14886, "comm": "lmp", "shmget": 0, "shmat": 0, "shmdt": 0, "rmid": 0, "get_mb": 0.0, "shmopen": 0, "unlink": 0, "mmap_sh": 88, "munmap": 27, "mmap_sh_mb": 352.00067138671875}
{"tgid": 14898, "comm": "lmp", "shmget": 0, "shmat": 0, "shmdt": 0, "rmid": 0, "get_mb": 0.0, "shmopen": 0, "unlink": 0, "mmap_sh": 88, "munmap": 27, "mmap_sh_mb": 352.00067138671875}
{"tgid": 14904, "comm": "lmp", "shmget": 0, "shmat": 0, "shmdt": 0, "rmid": 0, "get_mb": 0.0, "shmopen": 0, "unlink": 0, "mmap_sh": 88, "munmap": 28, "mmap_sh_mb": 352.00067138671875}
{"tgid": 14787, "comm": "lmp", "shmget": 0, "shmat": 0, "shmdt": 0, "rmid": 0, "get_mb": 0.0, "shmopen": 0, "unlink": 0, "mmap_sh": 88, "munmap": 28, "mmap_sh_mb": 352.00067138671875}
{"tgid": 14858, "comm": "lmp", "shmget": 0, "shmat": 0, "shmdt": 0, "rmid": 0, "get_mb": 0.0, "shmopen": 0, "unlink": 0, "mmap_sh": 88, "munmap": 27, "mmap_sh_mb": 352.00067138671875}
{"tgid": 14814, "comm": "lmp", "shmget": 0, "shmat": 0, "shmdt": 0, "rmid": 0, "get_mb": 0.0, "shmopen": 0, "unlink": 0, "mmap_sh": 88, "munmap": 27, "mmap_sh_mb": 352.00067138671875}
{"tgid": 14942, "comm": "lmp", "shmget": 0, "shmat": 0, "shmdt": 0, "rmid": 0, "get_mb": 0.0, "shmopen": 0, "unlink": 0, "mmap_sh": 88, "munmap": 27, "mmap_sh_mb": 352.00067138671875}
{"tgid": 14912, "comm": "lmp", "shmget": 0, "shmat": 0, "shmdt": 0, "rmid": 0, "get_mb": 0.0, "shmopen": 0, "unlink": 0, "mmap_sh": 88, "munmap": 27, "mmap_sh_mb": 352.00067138671875}
{"tgid": 14812, "comm": "lmp", "shmget": 0, "shmat": 0, "shmdt": 0, "rmid": 0, "get_mb": 0.0, "shmopen": 0, "unlink": 0, "mmap_sh": 88, "munmap": 28, "mmap_sh_mb": 352.00067138671875}
{"tgid": 14876, "comm": "lmp", "shmget": 0, "shmat": 0, "shmdt": 0, "rmid": 0, "get_mb": 0.0, "shmopen": 0, "unlink": 0, "mmap_sh": 88, "munmap": 28, "mmap_sh_mb": 352.00067138671875}
{"tgid": 14944, "comm": "lmp", "shmget": 0, "shmat": 0, "shmdt": 0, "rmid": 0, "get_mb": 0.0, "shmopen": 0, "unlink": 0, "mmap_sh": 88, "munmap": 27, "mmap_sh_mb": 352.00067138671875}
{"tgid": 14902, "comm": "lmp", "shmget": 0, "shmat": 0, "shmdt": 0, "rmid": 0, "get_mb": 0.0, "shmopen": 0, "unlink": 0, "mmap_sh": 88, "munmap": 27, "mmap_sh_mb": 352.00067138671875}
{"tgid": 14824, "comm": "lmp", "shmget": 0, "shmat": 0, "shmdt": 0, "rmid": 0, "get_mb": 0.0, "shmopen": 0, "unlink": 0, "mmap_sh": 88, "munmap": 27, "mmap_sh_mb": 352.00067138671875}
{"tgid": 14888, "comm": "lmp", "shmget": 0, "shmat": 0, "shmdt": 0, "rmid": 0, "get_mb": 0.0, "shmopen": 0, "unlink": 0, "mmap_sh": 88, "munmap": 27, "mmap_sh_mb": 352.00067138671875}
{"tgid": 14894, "comm": "lmp", "shmget": 0, "shmat": 0, "shmdt": 0, "rmid": 0, "get_mb": 0.0, "shmopen": 0, "unlink": 0, "mmap_sh": 88, "munmap": 27, "mmap_sh_mb": 352.00067138671875}

--- Shared Memory Stats Summary at 16:20:14 ---
{"tgid": 14947, "comm": "lmp", "shmget": 0, "shmat": 0, "shmdt": 0, "rmid": 0, "get_mb": 0.0, "shmopen": 0, "unlink": 0, "mmap_sh": 88, "munmap": 28, "mmap_sh_mb": 352.00067138671875}
{"tgid": 14951, "comm": "lmp", "shmget": 1, "shmat": 1, "shmdt": 1, "rmid": 1, "get_mb": 0.00390625, "shmopen": 0, "unlink": 0, "mmap_sh": 88, "munmap": 34, "mmap_sh_mb": 352.00067138671875}
{"tgid": 14953, "comm": "lmp", "shmget": 1, "shmat": 1, "shmdt": 1, "rmid": 1, "get_mb": 0.00390625, "shmopen": 0, "unlink": 0, "mmap_sh": 88, "munmap": 34, "mmap_sh_mb": 352.00067138671875}
{"tgid": 14948, "comm": "lmp", "shmget": 1, "shmat": 1, "shmdt": 1, "rmid": 1, "get_mb": 0.00390625, "shmopen": 0, "unlink": 0, "mmap_sh": 88, "munmap": 33, "mmap_sh_mb": 352.00067138671875}
{"tgid": 14955, "comm": "lmp", "shmget": 1, "shmat": 1, "shmdt": 1, "rmid": 1, "get_mb": 0.00390625, "shmopen": 0, "unlink": 0, "mmap_sh": 88, "munmap": 34, "mmap_sh_mb": 352.00067138671875}
{"tgid": 14886, "comm": "lmp", "shmget": 0, "shmat": 0, "shmdt": 0, "rmid": 0, "get_mb": 0.0, "shmopen": 0, "unlink": 0, "mmap_sh": 88, "munmap": 27, "mmap_sh_mb": 352.00067138671875}
{"tgid": 14898, "comm": "lmp", "shmget": 0, "shmat": 0, "shmdt": 0, "rmid": 0, "get_mb": 0.0, "shmopen": 0, "unlink": 0, "mmap_sh": 88, "munmap": 27, "mmap_sh_mb": 352.00067138671875}
{"tgid": 14904, "comm": "lmp", "shmget": 0, "shmat": 0, "shmdt": 0, "rmid": 0, "get_mb": 0.0, "shmopen": 0, "unlink": 0, "mmap_sh": 88, "munmap": 28, "mmap_sh_mb": 352.00067138671875}
{"tgid": 14787, "comm": "lmp", "shmget": 0, "shmat": 0, "shmdt": 0, "rmid": 0, "get_mb": 0.0, "shmopen": 0, "unlink": 0, "mmap_sh": 88, "munmap": 28, "mmap_sh_mb": 352.00067138671875}
{"tgid": 14858, "comm": "lmp", "shmget": 0, "shmat": 0, "shmdt": 0, "rmid": 0, "get_mb": 0.0, "shmopen": 0, "unlink": 0, "mmap_sh": 88, "munmap": 27, "mmap_sh_mb": 352.00067138671875}
{"tgid": 14814, "comm": "lmp", "shmget": 0, "shmat": 0, "shmdt": 0, "rmid": 0, "get_mb": 0.0, "shmopen": 0, "unlink": 0, "mmap_sh": 88, "munmap": 27, "mmap_sh_mb": 352.00067138671875}
{"tgid": 14942, "comm": "lmp", "shmget": 0, "shmat": 0, "shmdt": 0, "rmid": 0, "get_mb": 0.0, "shmopen": 0, "unlink": 0, "mmap_sh": 88, "munmap": 27, "mmap_sh_mb": 352.00067138671875}
{"tgid": 14912, "comm": "lmp", "shmget": 0, "shmat": 0, "shmdt": 0, "rmid": 0, "get_mb": 0.0, "shmopen": 0, "unlink": 0, "mmap_sh": 88, "munmap": 27, "mmap_sh_mb": 352.00067138671875}
{"tgid": 14812, "comm": "lmp", "shmget": 0, "shmat": 0, "shmdt": 0, "rmid": 0, "get_mb": 0.0, "shmopen": 0, "unlink": 0, "mmap_sh": 88, "munmap": 28, "mmap_sh_mb": 352.00067138671875}
{"tgid": 14876, "comm": "lmp", "shmget": 0, "shmat": 0, "shmdt": 0, "rmid": 0, "get_mb": 0.0, "shmopen": 0, "unlink": 0, "mmap_sh": 88, "munmap": 28, "mmap_sh_mb": 352.00067138671875}
{"tgid": 14944, "comm": "lmp", "shmget": 0, "shmat": 0, "shmdt": 0, "rmid": 0, "get_mb": 0.0, "shmopen": 0, "unlink": 0, "mmap_sh": 88, "munmap": 27, "mmap_sh_mb": 352.00067138671875}
{"tgid": 14902, "comm": "lmp", "shmget": 0, "shmat": 0, "shmdt": 0, "rmid": 0, "get_mb": 0.0, "shmopen": 0, "unlink": 0, "mmap_sh": 88, "munmap": 27, "mmap_sh_mb": 352.00067138671875}
{"tgid": 14824, "comm": "lmp", "shmget": 0, "shmat": 0, "shmdt": 0, "rmid": 0, "get_mb": 0.0, "shmopen": 0, "unlink": 0, "mmap_sh": 88, "munmap": 27, "mmap_sh_mb": 352.00067138671875}
{"tgid": 14888, "comm": "lmp", "shmget": 0, "shmat": 0, "shmdt": 0, "rmid": 0, "get_mb": 0.0, "shmopen": 0, "unlink": 0, "mmap_sh": 88, "munmap": 27, "mmap_sh_mb": 352.00067138671875}
{"tgid": 14894, "comm": "lmp", "shmget": 0, "shmat": 0, "shmdt": 0, "rmid": 0, "get_mb": 0.0, "shmopen": 0, "unlink": 0, "mmap_sh": 88, "munmap": 27, "mmap_sh_mb": 352.00067138671875}

--- Shared Memory Stats Summary at 16:20:19 ---
{"tgid": 14947, "comm": "lmp", "shmget": 0, "shmat": 0, "shmdt": 0, "rmid": 0, "get_mb": 0.0, "shmopen": 0, "unlink": 0, "mmap_sh": 88, "munmap": 28, "mmap_sh_mb": 352.00067138671875}
{"tgid": 14951, "comm": "lmp", "shmget": 1, "shmat": 1, "shmdt": 1, "rmid": 1, "get_mb": 0.00390625, "shmopen": 0, "unlink": 0, "mmap_sh": 88, "munmap": 34, "mmap_sh_mb": 352.00067138671875}
{"tgid": 14953, "comm": "lmp", "shmget": 1, "shmat": 1, "shmdt": 1, "rmid": 1, "get_mb": 0.00390625, "shmopen": 0, "unlink": 0, "mmap_sh": 88, "munmap": 34, "mmap_sh_mb": 352.00067138671875}
{"tgid": 14948, "comm": "lmp", "shmget": 1, "shmat": 1, "shmdt": 1, "rmid": 1, "get_mb": 0.00390625, "shmopen": 0, "unlink": 0, "mmap_sh": 88, "munmap": 33, "mmap_sh_mb": 352.00067138671875}
{"tgid": 14955, "comm": "lmp", "shmget": 1, "shmat": 1, "shmdt": 1, "rmid": 1, "get_mb": 0.00390625, "shmopen": 0, "unlink": 0, "mmap_sh": 88, "munmap": 34, "mmap_sh_mb": 352.00067138671875}
{"tgid": 14886, "comm": "lmp", "shmget": 0, "shmat": 0, "shmdt": 0, "rmid": 0, "get_mb": 0.0, "shmopen": 0, "unlink": 0, "mmap_sh": 88, "munmap": 27, "mmap_sh_mb": 352.00067138671875}
{"tgid": 14898, "comm": "lmp", "shmget": 0, "shmat": 0, "shmdt": 0, "rmid": 0, "get_mb": 0.0, "shmopen": 0, "unlink": 0, "mmap_sh": 88, "munmap": 27, "mmap_sh_mb": 352.00067138671875}
{"tgid": 14904, "comm": "lmp", "shmget": 0, "shmat": 0, "shmdt": 0, "rmid": 0, "get_mb": 0.0, "shmopen": 0, "unlink": 0, "mmap_sh": 88, "munmap": 28, "mmap_sh_mb": 352.00067138671875}
{"tgid": 14787, "comm": "lmp", "shmget": 0, "shmat": 0, "shmdt": 0, "rmid": 0, "get_mb": 0.0, "shmopen": 0, "unlink": 0, "mmap_sh": 88, "munmap": 28, "mmap_sh_mb": 352.00067138671875}
{"tgid": 14858, "comm": "lmp", "shmget": 0, "shmat": 0, "shmdt": 0, "rmid": 0, "get_mb": 0.0, "shmopen": 0, "unlink": 0, "mmap_sh": 88, "munmap": 27, "mmap_sh_mb": 352.00067138671875}
{"tgid": 14814, "comm": "lmp", "shmget": 0, "shmat": 0, "shmdt": 0, "rmid": 0, "get_mb": 0.0, "shmopen": 0, "unlink": 0, "mmap_sh": 88, "munmap": 27, "mmap_sh_mb": 352.00067138671875}
{"tgid": 14942, "comm": "lmp", "shmget": 0, "shmat": 0, "shmdt": 0, "rmid": 0, "get_mb": 0.0, "shmopen": 0, "unlink": 0, "mmap_sh": 88, "munmap": 27, "mmap_sh_mb": 352.00067138671875}
{"tgid": 14912, "comm": "lmp", "shmget": 0, "shmat": 0, "shmdt": 0, "rmid": 0, "get_mb": 0.0, "shmopen": 0, "unlink": 0, "mmap_sh": 88, "munmap": 27, "mmap_sh_mb": 352.00067138671875}
{"tgid": 14812, "comm": "lmp", "shmget": 0, "shmat": 0, "shmdt": 0, "rmid": 0, "get_mb": 0.0, "shmopen": 0, "unlink": 0, "mmap_sh": 88, "munmap": 28, "mmap_sh_mb": 352.00067138671875}
{"tgid": 14876, "comm": "lmp", "shmget": 0, "shmat": 0, "shmdt": 0, "rmid": 0, "get_mb": 0.0, "shmopen": 0, "unlink": 0, "mmap_sh": 88, "munmap": 28, "mmap_sh_mb": 352.00067138671875}
{"tgid": 14944, "comm": "lmp", "shmget": 0, "shmat": 0, "shmdt": 0, "rmid": 0, "get_mb": 0.0, "shmopen": 0, "unlink": 0, "mmap_sh": 88, "munmap": 27, "mmap_sh_mb": 352.00067138671875}
{"tgid": 14902, "comm": "lmp", "shmget": 0, "shmat": 0, "shmdt": 0, "rmid": 0, "get_mb": 0.0, "shmopen": 0, "unlink": 0, "mmap_sh": 88, "munmap": 27, "mmap_sh_mb": 352.00067138671875}
{"tgid": 14824, "comm": "lmp", "shmget": 0, "shmat": 0, "shmdt": 0, "rmid": 0, "get_mb": 0.0, "shmopen": 0, "unlink": 0, "mmap_sh": 88, "munmap": 27, "mmap_sh_mb": 352.00067138671875}
{"tgid": 14888, "comm": "lmp", "shmget": 0, "shmat": 0, "shmdt": 0, "rmid": 0, "get_mb": 0.0, "shmopen": 0, "unlink": 0, "mmap_sh": 88, "munmap": 27, "mmap_sh_mb": 352.00067138671875}
{"tgid": 14894, "comm": "lmp", "shmget": 0, "shmat": 0, "shmdt": 0, "rmid": 0, "get_mb": 0.0, "shmopen": 0, "unlink": 0, "mmap_sh": 88, "munmap": 27, "mmap_sh_mb": 352.00067138671875}

--- Shared Memory Stats Summary at 16:20:24 ---
{"tgid": 14947, "comm": "lmp", "shmget": 0, "shmat": 0, "shmdt": 0, "rmid": 0, "get_mb": 0.0, "shmopen": 0, "unlink": 0, "mmap_sh": 88, "munmap": 28, "mmap_sh_mb": 352.00067138671875}
{"tgid": 14951, "comm": "lmp", "shmget": 1, "shmat": 1, "shmdt": 1, "rmid": 1, "get_mb": 0.00390625, "shmopen": 0, "unlink": 0, "mmap_sh": 88, "munmap": 34, "mmap_sh_mb": 352.00067138671875}
{"tgid": 14953, "comm": "lmp", "shmget": 1, "shmat": 1, "shmdt": 1, "rmid": 1, "get_mb": 0.00390625, "shmopen": 0, "unlink": 0, "mmap_sh": 88, "munmap": 34, "mmap_sh_mb": 352.00067138671875}
{"tgid": 14948, "comm": "lmp", "shmget": 1, "shmat": 1, "shmdt": 1, "rmid": 1, "get_mb": 0.00390625, "shmopen": 0, "unlink": 0, "mmap_sh": 88, "munmap": 33, "mmap_sh_mb": 352.00067138671875}
{"tgid": 14955, "comm": "lmp", "shmget": 1, "shmat": 1, "shmdt": 1, "rmid": 1, "get_mb": 0.00390625, "shmopen": 0, "unlink": 0, "mmap_sh": 88, "munmap": 34, "mmap_sh_mb": 352.00067138671875}
{"tgid": 14886, "comm": "lmp", "shmget": 0, "shmat": 0, "shmdt": 0, "rmid": 0, "get_mb": 0.0, "shmopen": 0, "unlink": 0, "mmap_sh": 88, "munmap": 27, "mmap_sh_mb": 352.00067138671875}
{"tgid": 14898, "comm": "lmp", "shmget": 0, "shmat": 0, "shmdt": 0, "rmid": 0, "get_mb": 0.0, "shmopen": 0, "unlink": 0, "mmap_sh": 88, "munmap": 27, "mmap_sh_mb": 352.00067138671875}
{"tgid": 14904, "comm": "lmp", "shmget": 0, "shmat": 0, "shmdt": 0, "rmid": 0, "get_mb": 0.0, "shmopen": 0, "unlink": 0, "mmap_sh": 88, "munmap": 28, "mmap_sh_mb": 352.00067138671875}
{"tgid": 14787, "comm": "lmp", "shmget": 0, "shmat": 0, "shmdt": 0, "rmid": 0, "get_mb": 0.0, "shmopen": 0, "unlink": 0, "mmap_sh": 88, "munmap": 28, "mmap_sh_mb": 352.00067138671875}
{"tgid": 14858, "comm": "lmp", "shmget": 0, "shmat": 0, "shmdt": 0, "rmid": 0, "get_mb": 0.0, "shmopen": 0, "unlink": 0, "mmap_sh": 88, "munmap": 27, "mmap_sh_mb": 352.00067138671875}
{"tgid": 14814, "comm": "lmp", "shmget": 0, "shmat": 0, "shmdt": 0, "rmid": 0, "get_mb": 0.0, "shmopen": 0, "unlink": 0, "mmap_sh": 88, "munmap": 27, "mmap_sh_mb": 352.00067138671875}
{"tgid": 14942, "comm": "lmp", "shmget": 0, "shmat": 0, "shmdt": 0, "rmid": 0, "get_mb": 0.0, "shmopen": 0, "unlink": 0, "mmap_sh": 88, "munmap": 27, "mmap_sh_mb": 352.00067138671875}
{"tgid": 14912, "comm": "lmp", "shmget": 0, "shmat": 0, "shmdt": 0, "rmid": 0, "get_mb": 0.0, "shmopen": 0, "unlink": 0, "mmap_sh": 88, "munmap": 27, "mmap_sh_mb": 352.00067138671875}
{"tgid": 14812, "comm": "lmp", "shmget": 0, "shmat": 0, "shmdt": 0, "rmid": 0, "get_mb": 0.0, "shmopen": 0, "unlink": 0, "mmap_sh": 88, "munmap": 28, "mmap_sh_mb": 352.00067138671875}
{"tgid": 14876, "comm": "lmp", "shmget": 0, "shmat": 0, "shmdt": 0, "rmid": 0, "get_mb": 0.0, "shmopen": 0, "unlink": 0, "mmap_sh": 88, "munmap": 28, "mmap_sh_mb": 352.00067138671875}
{"tgid": 14944, "comm": "lmp", "shmget": 0, "shmat": 0, "shmdt": 0, "rmid": 0, "get_mb": 0.0, "shmopen": 0, "unlink": 0, "mmap_sh": 88, "munmap": 27, "mmap_sh_mb": 352.00067138671875}
{"tgid": 14902, "comm": "lmp", "shmget": 0, "shmat": 0, "shmdt": 0, "rmid": 0, "get_mb": 0.0, "shmopen": 0, "unlink": 0, "mmap_sh": 88, "munmap": 27, "mmap_sh_mb": 352.00067138671875}
{"tgid": 14824, "comm": "lmp", "shmget": 0, "shmat": 0, "shmdt": 0, "rmid": 0, "get_mb": 0.0, "shmopen": 0, "unlink": 0, "mmap_sh": 88, "munmap": 27, "mmap_sh_mb": 352.00067138671875}
{"tgid": 14888, "comm": "lmp", "shmget": 0, "shmat": 0, "shmdt": 0, "rmid": 0, "get_mb": 0.0, "shmopen": 0, "unlink": 0, "mmap_sh": 88, "munmap": 27, "mmap_sh_mb": 352.00067138671875}
{"tgid": 14894, "comm": "lmp", "shmget": 0, "shmat": 0, "shmdt": 0, "rmid": 0, "get_mb": 0.0, "shmopen": 0, "unlink": 0, "mmap_sh": 88, "munmap": 27, "mmap_sh_mb": 352.00067138671875}

--- Shared Memory Stats Summary at 16:20:29 ---
{"tgid": 14947, "comm": "lmp", "shmget": 0, "shmat": 0, "shmdt": 0, "rmid": 0, "get_mb": 0.0, "shmopen": 0, "unlink": 0, "mmap_sh": 88, "munmap": 28, "mmap_sh_mb": 352.00067138671875}
{"tgid": 14951, "comm": "lmp", "shmget": 1, "shmat": 1, "shmdt": 1, "rmid": 1, "get_mb": 0.00390625, "shmopen": 0, "unlink": 0, "mmap_sh": 88, "munmap": 34, "mmap_sh_mb": 352.00067138671875}
{"tgid": 14953, "comm": "lmp", "shmget": 1, "shmat": 1, "shmdt": 1, "rmid": 1, "get_mb": 0.00390625, "shmopen": 0, "unlink": 0, "mmap_sh": 88, "munmap": 34, "mmap_sh_mb": 352.00067138671875}
{"tgid": 14948, "comm": "lmp", "shmget": 1, "shmat": 1, "shmdt": 1, "rmid": 1, "get_mb": 0.00390625, "shmopen": 0, "unlink": 0, "mmap_sh": 88, "munmap": 33, "mmap_sh_mb": 352.00067138671875}
{"tgid": 14955, "comm": "lmp", "shmget": 1, "shmat": 1, "shmdt": 1, "rmid": 1, "get_mb": 0.00390625, "shmopen": 0, "unlink": 0, "mmap_sh": 88, "munmap": 34, "mmap_sh_mb": 352.00067138671875}
{"tgid": 14886, "comm": "lmp", "shmget": 0, "shmat": 0, "shmdt": 0, "rmid": 0, "get_mb": 0.0, "shmopen": 0, "unlink": 0, "mmap_sh": 88, "munmap": 27, "mmap_sh_mb": 352.00067138671875}
{"tgid": 14898, "comm": "lmp", "shmget": 0, "shmat": 0, "shmdt": 0, "rmid": 0, "get_mb": 0.0, "shmopen": 0, "unlink": 0, "mmap_sh": 88, "munmap": 27, "mmap_sh_mb": 352.00067138671875}
{"tgid": 14904, "comm": "lmp", "shmget": 0, "shmat": 0, "shmdt": 0, "rmid": 0, "get_mb": 0.0, "shmopen": 0, "unlink": 0, "mmap_sh": 88, "munmap": 28, "mmap_sh_mb": 352.00067138671875}
{"tgid": 14787, "comm": "lmp", "shmget": 0, "shmat": 0, "shmdt": 0, "rmid": 0, "get_mb": 0.0, "shmopen": 0, "unlink": 0, "mmap_sh": 88, "munmap": 28, "mmap_sh_mb": 352.00067138671875}
{"tgid": 14858, "comm": "lmp", "shmget": 0, "shmat": 0, "shmdt": 0, "rmid": 0, "get_mb": 0.0, "shmopen": 0, "unlink": 0, "mmap_sh": 88, "munmap": 27, "mmap_sh_mb": 352.00067138671875}
{"tgid": 14814, "comm": "lmp", "shmget": 0, "shmat": 0, "shmdt": 0, "rmid": 0, "get_mb": 0.0, "shmopen": 0, "unlink": 0, "mmap_sh": 88, "munmap": 27, "mmap_sh_mb": 352.00067138671875}
{"tgid": 14942, "comm": "lmp", "shmget": 0, "shmat": 0, "shmdt": 0, "rmid": 0, "get_mb": 0.0, "shmopen": 0, "unlink": 0, "mmap_sh": 88, "munmap": 27, "mmap_sh_mb": 352.00067138671875}
{"tgid": 14912, "comm": "lmp", "shmget": 0, "shmat": 0, "shmdt": 0, "rmid": 0, "get_mb": 0.0, "shmopen": 0, "unlink": 0, "mmap_sh": 88, "munmap": 27, "mmap_sh_mb": 352.00067138671875}
{"tgid": 14812, "comm": "lmp", "shmget": 0, "shmat": 0, "shmdt": 0, "rmid": 0, "get_mb": 0.0, "shmopen": 0, "unlink": 0, "mmap_sh": 88, "munmap": 28, "mmap_sh_mb": 352.00067138671875}
{"tgid": 14876, "comm": "lmp", "shmget": 0, "shmat": 0, "shmdt": 0, "rmid": 0, "get_mb": 0.0, "shmopen": 0, "unlink": 0, "mmap_sh": 88, "munmap": 28, "mmap_sh_mb": 352.00067138671875}
{"tgid": 14944, "comm": "lmp", "shmget": 0, "shmat": 0, "shmdt": 0, "rmid": 0, "get_mb": 0.0, "shmopen": 0, "unlink": 0, "mmap_sh": 88, "munmap": 27, "mmap_sh_mb": 352.00067138671875}
{"tgid": 14902, "comm": "lmp", "shmget": 0, "shmat": 0, "shmdt": 0, "rmid": 0, "get_mb": 0.0, "shmopen": 0, "unlink": 0, "mmap_sh": 88, "munmap": 27, "mmap_sh_mb": 352.00067138671875}
{"tgid": 14824, "comm": "lmp", "shmget": 0, "shmat": 0, "shmdt": 0, "rmid": 0, "get_mb": 0.0, "shmopen": 0, "unlink": 0, "mmap_sh": 88, "munmap": 27, "mmap_sh_mb": 352.00067138671875}
{"tgid": 14888, "comm": "lmp", "shmget": 0, "shmat": 0, "shmdt": 0, "rmid": 0, "get_mb": 0.0, "shmopen": 0, "unlink": 0, "mmap_sh": 88, "munmap": 27, "mmap_sh_mb": 352.00067138671875}
{"tgid": 14894, "comm": "lmp", "shmget": 0, "shmat": 0, "shmdt": 0, "rmid": 0, "get_mb": 0.0, "shmopen": 0, "unlink": 0, "mmap_sh": 88, "munmap": 27, "mmap_sh_mb": 352.00067138671875}

--- Shared Memory Stats Summary at 16:20:34 ---
{"tgid": 14947, "comm": "lmp", "shmget": 0, "shmat": 0, "shmdt": 0, "rmid": 0, "get_mb": 0.0, "shmopen": 0, "unlink": 0, "mmap_sh": 88, "munmap": 28, "mmap_sh_mb": 352.00067138671875}
{"tgid": 14951, "comm": "lmp", "shmget": 1, "shmat": 1, "shmdt": 1, "rmid": 1, "get_mb": 0.00390625, "shmopen": 0, "unlink": 0, "mmap_sh": 88, "munmap": 34, "mmap_sh_mb": 352.00067138671875}
{"tgid": 14953, "comm": "lmp", "shmget": 1, "shmat": 1, "shmdt": 1, "rmid": 1, "get_mb": 0.00390625, "shmopen": 0, "unlink": 0, "mmap_sh": 88, "munmap": 34, "mmap_sh_mb": 352.00067138671875}
{"tgid": 14948, "comm": "lmp", "shmget": 1, "shmat": 1, "shmdt": 1, "rmid": 1, "get_mb": 0.00390625, "shmopen": 0, "unlink": 0, "mmap_sh": 88, "munmap": 33, "mmap_sh_mb": 352.00067138671875}
{"tgid": 14955, "comm": "lmp", "shmget": 1, "shmat": 1, "shmdt": 1, "rmid": 1, "get_mb": 0.00390625, "shmopen": 0, "unlink": 0, "mmap_sh": 88, "munmap": 34, "mmap_sh_mb": 352.00067138671875}
{"tgid": 14886, "comm": "lmp", "shmget": 0, "shmat": 0, "shmdt": 0, "rmid": 0, "get_mb": 0.0, "shmopen": 0, "unlink": 0, "mmap_sh": 88, "munmap": 27, "mmap_sh_mb": 352.00067138671875}
{"tgid": 14898, "comm": "lmp", "shmget": 0, "shmat": 0, "shmdt": 0, "rmid": 0, "get_mb": 0.0, "shmopen": 0, "unlink": 0, "mmap_sh": 88, "munmap": 27, "mmap_sh_mb": 352.00067138671875}
{"tgid": 14904, "comm": "lmp", "shmget": 0, "shmat": 0, "shmdt": 0, "rmid": 0, "get_mb": 0.0, "shmopen": 0, "unlink": 0, "mmap_sh": 88, "munmap": 28, "mmap_sh_mb": 352.00067138671875}
{"tgid": 14787, "comm": "lmp", "shmget": 0, "shmat": 0, "shmdt": 0, "rmid": 0, "get_mb": 0.0, "shmopen": 0, "unlink": 0, "mmap_sh": 88, "munmap": 28, "mmap_sh_mb": 352.00067138671875}
{"tgid": 14858, "comm": "lmp", "shmget": 0, "shmat": 0, "shmdt": 0, "rmid": 0, "get_mb": 0.0, "shmopen": 0, "unlink": 0, "mmap_sh": 88, "munmap": 27, "mmap_sh_mb": 352.00067138671875}
{"tgid": 14814, "comm": "lmp", "shmget": 0, "shmat": 0, "shmdt": 0, "rmid": 0, "get_mb": 0.0, "shmopen": 0, "unlink": 0, "mmap_sh": 88, "munmap": 27, "mmap_sh_mb": 352.00067138671875}
{"tgid": 14942, "comm": "lmp", "shmget": 0, "shmat": 0, "shmdt": 0, "rmid": 0, "get_mb": 0.0, "shmopen": 0, "unlink": 0, "mmap_sh": 88, "munmap": 27, "mmap_sh_mb": 352.00067138671875}
{"tgid": 14912, "comm": "lmp", "shmget": 0, "shmat": 0, "shmdt": 0, "rmid": 0, "get_mb": 0.0, "shmopen": 0, "unlink": 0, "mmap_sh": 88, "munmap": 27, "mmap_sh_mb": 352.00067138671875}
{"tgid": 14812, "comm": "lmp", "shmget": 0, "shmat": 0, "shmdt": 0, "rmid": 0, "get_mb": 0.0, "shmopen": 0, "unlink": 0, "mmap_sh": 88, "munmap": 28, "mmap_sh_mb": 352.00067138671875}
{"tgid": 14876, "comm": "lmp", "shmget": 0, "shmat": 0, "shmdt": 0, "rmid": 0, "get_mb": 0.0, "shmopen": 0, "unlink": 0, "mmap_sh": 88, "munmap": 28, "mmap_sh_mb": 352.00067138671875}
{"tgid": 14944, "comm": "lmp", "shmget": 0, "shmat": 0, "shmdt": 0, "rmid": 0, "get_mb": 0.0, "shmopen": 0, "unlink": 0, "mmap_sh": 88, "munmap": 27, "mmap_sh_mb": 352.00067138671875}
{"tgid": 14902, "comm": "lmp", "shmget": 0, "shmat": 0, "shmdt": 0, "rmid": 0, "get_mb": 0.0, "shmopen": 0, "unlink": 0, "mmap_sh": 88, "munmap": 27, "mmap_sh_mb": 352.00067138671875}
{"tgid": 14824, "comm": "lmp", "shmget": 0, "shmat": 0, "shmdt": 0, "rmid": 0, "get_mb": 0.0, "shmopen": 0, "unlink": 0, "mmap_sh": 88, "munmap": 27, "mmap_sh_mb": 352.00067138671875}
{"tgid": 14888, "comm": "lmp", "shmget": 0, "shmat": 0, "shmdt": 0, "rmid": 0, "get_mb": 0.0, "shmopen": 0, "unlink": 0, "mmap_sh": 88, "munmap": 27, "mmap_sh_mb": 352.00067138671875}
{"tgid": 14894, "comm": "lmp", "shmget": 0, "shmat": 0, "shmdt": 0, "rmid": 0, "get_mb": 0.0, "shmopen": 0, "unlink": 0, "mmap_sh": 88, "munmap": 27, "mmap_sh_mb": 352.00067138671875}

--- Shared Memory Stats Summary at 16:20:39 ---
{"tgid": 14947, "comm": "lmp", "shmget": 0, "shmat": 0, "shmdt": 0, "rmid": 0, "get_mb": 0.0, "shmopen": 0, "unlink": 0, "mmap_sh": 88, "munmap": 28, "mmap_sh_mb": 352.00067138671875}
{"tgid": 14951, "comm": "lmp", "shmget": 1, "shmat": 1, "shmdt": 1, "rmid": 1, "get_mb": 0.00390625, "shmopen": 0, "unlink": 0, "mmap_sh": 88, "munmap": 34, "mmap_sh_mb": 352.00067138671875}
{"tgid": 14953, "comm": "lmp", "shmget": 1, "shmat": 1, "shmdt": 1, "rmid": 1, "get_mb": 0.00390625, "shmopen": 0, "unlink": 0, "mmap_sh": 88, "munmap": 34, "mmap_sh_mb": 352.00067138671875}
{"tgid": 14948, "comm": "lmp", "shmget": 1, "shmat": 1, "shmdt": 1, "rmid": 1, "get_mb": 0.00390625, "shmopen": 0, "unlink": 0, "mmap_sh": 88, "munmap": 33, "mmap_sh_mb": 352.00067138671875}
{"tgid": 14955, "comm": "lmp", "shmget": 1, "shmat": 1, "shmdt": 1, "rmid": 1, "get_mb": 0.00390625, "shmopen": 0, "unlink": 0, "mmap_sh": 88, "munmap": 34, "mmap_sh_mb": 352.00067138671875}
{"tgid": 14886, "comm": "lmp", "shmget": 0, "shmat": 0, "shmdt": 0, "rmid": 0, "get_mb": 0.0, "shmopen": 0, "unlink": 0, "mmap_sh": 88, "munmap": 27, "mmap_sh_mb": 352.00067138671875}
{"tgid": 14898, "comm": "lmp", "shmget": 0, "shmat": 0, "shmdt": 0, "rmid": 0, "get_mb": 0.0, "shmopen": 0, "unlink": 0, "mmap_sh": 88, "munmap": 27, "mmap_sh_mb": 352.00067138671875}
{"tgid": 14904, "comm": "lmp", "shmget": 0, "shmat": 0, "shmdt": 0, "rmid": 0, "get_mb": 0.0, "shmopen": 0, "unlink": 0, "mmap_sh": 88, "munmap": 28, "mmap_sh_mb": 352.00067138671875}
{"tgid": 14787, "comm": "lmp", "shmget": 0, "shmat": 0, "shmdt": 0, "rmid": 0, "get_mb": 0.0, "shmopen": 0, "unlink": 0, "mmap_sh": 88, "munmap": 28, "mmap_sh_mb": 352.00067138671875}
{"tgid": 14858, "comm": "lmp", "shmget": 0, "shmat": 0, "shmdt": 0, "rmid": 0, "get_mb": 0.0, "shmopen": 0, "unlink": 0, "mmap_sh": 88, "munmap": 27, "mmap_sh_mb": 352.00067138671875}
{"tgid": 14814, "comm": "lmp", "shmget": 0, "shmat": 0, "shmdt": 0, "rmid": 0, "get_mb": 0.0, "shmopen": 0, "unlink": 0, "mmap_sh": 88, "munmap": 27, "mmap_sh_mb": 352.00067138671875}
{"tgid": 14942, "comm": "lmp", "shmget": 0, "shmat": 0, "shmdt": 0, "rmid": 0, "get_mb": 0.0, "shmopen": 0, "unlink": 0, "mmap_sh": 88, "munmap": 27, "mmap_sh_mb": 352.00067138671875}
{"tgid": 14912, "comm": "lmp", "shmget": 0, "shmat": 0, "shmdt": 0, "rmid": 0, "get_mb": 0.0, "shmopen": 0, "unlink": 0, "mmap_sh": 88, "munmap": 27, "mmap_sh_mb": 352.00067138671875}
{"tgid": 14812, "comm": "lmp", "shmget": 0, "shmat": 0, "shmdt": 0, "rmid": 0, "get_mb": 0.0, "shmopen": 0, "unlink": 0, "mmap_sh": 88, "munmap": 28, "mmap_sh_mb": 352.00067138671875}
{"tgid": 14876, "comm": "lmp", "shmget": 0, "shmat": 0, "shmdt": 0, "rmid": 0, "get_mb": 0.0, "shmopen": 0, "unlink": 0, "mmap_sh": 88, "munmap": 28, "mmap_sh_mb": 352.00067138671875}
{"tgid": 14944, "comm": "lmp", "shmget": 0, "shmat": 0, "shmdt": 0, "rmid": 0, "get_mb": 0.0, "shmopen": 0, "unlink": 0, "mmap_sh": 88, "munmap": 27, "mmap_sh_mb": 352.00067138671875}
{"tgid": 14902, "comm": "lmp", "shmget": 0, "shmat": 0, "shmdt": 0, "rmid": 0, "get_mb": 0.0, "shmopen": 0, "unlink": 0, "mmap_sh": 88, "munmap": 27, "mmap_sh_mb": 352.00067138671875}
{"tgid": 14824, "comm": "lmp", "shmget": 0, "shmat": 0, "shmdt": 0, "rmid": 0, "get_mb": 0.0, "shmopen": 0, "unlink": 0, "mmap_sh": 88, "munmap": 27, "mmap_sh_mb": 352.00067138671875}
{"tgid": 14888, "comm": "lmp", "shmget": 0, "shmat": 0, "shmdt": 0, "rmid": 0, "get_mb": 0.0, "shmopen": 0, "unlink": 0, "mmap_sh": 88, "munmap": 27, "mmap_sh_mb": 352.00067138671875}
{"tgid": 14894, "comm": "lmp", "shmget": 0, "shmat": 0, "shmdt": 0, "rmid": 0, "get_mb": 0.0, "shmopen": 0, "unlink": 0, "mmap_sh": 88, "munmap": 27, "mmap_sh_mb": 352.00067138671875}

--- Shared Memory Stats Summary at 16:20:44 ---
{"tgid": 14947, "comm": "lmp", "shmget": 0, "shmat": 0, "shmdt": 0, "rmid": 0, "get_mb": 0.0, "shmopen": 0, "unlink": 0, "mmap_sh": 88, "munmap": 28, "mmap_sh_mb": 352.00067138671875}
{"tgid": 14951, "comm": "lmp", "shmget": 1, "shmat": 1, "shmdt": 1, "rmid": 1, "get_mb": 0.00390625, "shmopen": 0, "unlink": 0, "mmap_sh": 88, "munmap": 34, "mmap_sh_mb": 352.00067138671875}
{"tgid": 14953, "comm": "lmp", "shmget": 1, "shmat": 1, "shmdt": 1, "rmid": 1, "get_mb": 0.00390625, "shmopen": 0, "unlink": 0, "mmap_sh": 88, "munmap": 34, "mmap_sh_mb": 352.00067138671875}
{"tgid": 14948, "comm": "lmp", "shmget": 1, "shmat": 1, "shmdt": 1, "rmid": 1, "get_mb": 0.00390625, "shmopen": 0, "unlink": 0, "mmap_sh": 88, "munmap": 33, "mmap_sh_mb": 352.00067138671875}
{"tgid": 14955, "comm": "lmp", "shmget": 1, "shmat": 1, "shmdt": 1, "rmid": 1, "get_mb": 0.00390625, "shmopen": 0, "unlink": 0, "mmap_sh": 88, "munmap": 34, "mmap_sh_mb": 352.00067138671875}
{"tgid": 14886, "comm": "lmp", "shmget": 0, "shmat": 0, "shmdt": 0, "rmid": 0, "get_mb": 0.0, "shmopen": 0, "unlink": 0, "mmap_sh": 88, "munmap": 27, "mmap_sh_mb": 352.00067138671875}
{"tgid": 14898, "comm": "lmp", "shmget": 0, "shmat": 0, "shmdt": 0, "rmid": 0, "get_mb": 0.0, "shmopen": 0, "unlink": 0, "mmap_sh": 88, "munmap": 27, "mmap_sh_mb": 352.00067138671875}
{"tgid": 14904, "comm": "lmp", "shmget": 0, "shmat": 0, "shmdt": 0, "rmid": 0, "get_mb": 0.0, "shmopen": 0, "unlink": 0, "mmap_sh": 88, "munmap": 28, "mmap_sh_mb": 352.00067138671875}
{"tgid": 14787, "comm": "lmp", "shmget": 0, "shmat": 0, "shmdt": 0, "rmid": 0, "get_mb": 0.0, "shmopen": 0, "unlink": 0, "mmap_sh": 88, "munmap": 28, "mmap_sh_mb": 352.00067138671875}
{"tgid": 14858, "comm": "lmp", "shmget": 0, "shmat": 0, "shmdt": 0, "rmid": 0, "get_mb": 0.0, "shmopen": 0, "unlink": 0, "mmap_sh": 88, "munmap": 27, "mmap_sh_mb": 352.00067138671875}
{"tgid": 14814, "comm": "lmp", "shmget": 0, "shmat": 0, "shmdt": 0, "rmid": 0, "get_mb": 0.0, "shmopen": 0, "unlink": 0, "mmap_sh": 88, "munmap": 27, "mmap_sh_mb": 352.00067138671875}
{"tgid": 14942, "comm": "lmp", "shmget": 0, "shmat": 0, "shmdt": 0, "rmid": 0, "get_mb": 0.0, "shmopen": 0, "unlink": 0, "mmap_sh": 88, "munmap": 27, "mmap_sh_mb": 352.00067138671875}
{"tgid": 14912, "comm": "lmp", "shmget": 0, "shmat": 0, "shmdt": 0, "rmid": 0, "get_mb": 0.0, "shmopen": 0, "unlink": 0, "mmap_sh": 88, "munmap": 27, "mmap_sh_mb": 352.00067138671875}
{"tgid": 14812, "comm": "lmp", "shmget": 0, "shmat": 0, "shmdt": 0, "rmid": 0, "get_mb": 0.0, "shmopen": 0, "unlink": 0, "mmap_sh": 88, "munmap": 28, "mmap_sh_mb": 352.00067138671875}
{"tgid": 14876, "comm": "lmp", "shmget": 0, "shmat": 0, "shmdt": 0, "rmid": 0, "get_mb": 0.0, "shmopen": 0, "unlink": 0, "mmap_sh": 88, "munmap": 28, "mmap_sh_mb": 352.00067138671875}
{"tgid": 14944, "comm": "lmp", "shmget": 0, "shmat": 0, "shmdt": 0, "rmid": 0, "get_mb": 0.0, "shmopen": 0, "unlink": 0, "mmap_sh": 88, "munmap": 27, "mmap_sh_mb": 352.00067138671875}
{"tgid": 14902, "comm": "lmp", "shmget": 0, "shmat": 0, "shmdt": 0, "rmid": 0, "get_mb": 0.0, "shmopen": 0, "unlink": 0, "mmap_sh": 88, "munmap": 27, "mmap_sh_mb": 352.00067138671875}
{"tgid": 14824, "comm": "lmp", "shmget": 0, "shmat": 0, "shmdt": 0, "rmid": 0, "get_mb": 0.0, "shmopen": 0, "unlink": 0, "mmap_sh": 88, "munmap": 27, "mmap_sh_mb": 352.00067138671875}
{"tgid": 14888, "comm": "lmp", "shmget": 0, "shmat": 0, "shmdt": 0, "rmid": 0, "get_mb": 0.0, "shmopen": 0, "unlink": 0, "mmap_sh": 88, "munmap": 27, "mmap_sh_mb": 352.00067138671875}
{"tgid": 14894, "comm": "lmp", "shmget": 0, "shmat": 0, "shmdt": 0, "rmid": 0, "get_mb": 0.0, "shmopen": 0, "unlink": 0, "mmap_sh": 88, "munmap": 27, "mmap_sh_mb": 352.00067138671875}

--- Shared Memory Stats Summary at 16:20:49 ---
{"tgid": 14947, "comm": "lmp", "shmget": 0, "shmat": 0, "shmdt": 0, "rmid": 0, "get_mb": 0.0, "shmopen": 0, "unlink": 0, "mmap_sh": 88, "munmap": 234, "mmap_sh_mb": 352.00067138671875}
{"tgid": 14951, "comm": "lmp", "shmget": 1, "shmat": 1, "shmdt": 1, "rmid": 1, "get_mb": 0.00390625, "shmopen": 0, "unlink": 0, "mmap_sh": 88, "munmap": 240, "mmap_sh_mb": 352.00067138671875}
{"tgid": 14953, "comm": "lmp", "shmget": 1, "shmat": 1, "shmdt": 1, "rmid": 1, "get_mb": 0.00390625, "shmopen": 0, "unlink": 0, "mmap_sh": 88, "munmap": 240, "mmap_sh_mb": 352.00067138671875}
{"tgid": 14948, "comm": "lmp", "shmget": 1, "shmat": 1, "shmdt": 1, "rmid": 1, "get_mb": 0.00390625, "shmopen": 0, "unlink": 0, "mmap_sh": 88, "munmap": 239, "mmap_sh_mb": 352.00067138671875}
{"tgid": 14955, "comm": "lmp", "shmget": 1, "shmat": 1, "shmdt": 1, "rmid": 1, "get_mb": 0.00390625, "shmopen": 0, "unlink": 0, "mmap_sh": 88, "munmap": 240, "mmap_sh_mb": 352.00067138671875}
{"tgid": 14886, "comm": "lmp", "shmget": 0, "shmat": 0, "shmdt": 0, "rmid": 0, "get_mb": 0.0, "shmopen": 0, "unlink": 0, "mmap_sh": 88, "munmap": 234, "mmap_sh_mb": 352.00067138671875}
{"tgid": 14898, "comm": "lmp", "shmget": 0, "shmat": 0, "shmdt": 0, "rmid": 0, "get_mb": 0.0, "shmopen": 0, "unlink": 0, "mmap_sh": 88, "munmap": 234, "mmap_sh_mb": 352.00067138671875}
{"tgid": 14904, "comm": "lmp", "shmget": 0, "shmat": 0, "shmdt": 0, "rmid": 0, "get_mb": 0.0, "shmopen": 0, "unlink": 0, "mmap_sh": 88, "munmap": 235, "mmap_sh_mb": 352.00067138671875}
{"tgid": 14787, "comm": "lmp", "shmget": 0, "shmat": 0, "shmdt": 0, "rmid": 0, "get_mb": 0.0, "shmopen": 0, "unlink": 0, "mmap_sh": 88, "munmap": 235, "mmap_sh_mb": 352.00067138671875}
{"tgid": 14858, "comm": "lmp", "shmget": 0, "shmat": 0, "shmdt": 0, "rmid": 0, "get_mb": 0.0, "shmopen": 0, "unlink": 0, "mmap_sh": 88, "munmap": 233, "mmap_sh_mb": 352.00067138671875}
{"tgid": 14814, "comm": "lmp", "shmget": 0, "shmat": 0, "shmdt": 0, "rmid": 0, "get_mb": 0.0, "shmopen": 0, "unlink": 0, "mmap_sh": 88, "munmap": 233, "mmap_sh_mb": 352.00067138671875}
{"tgid": 14942, "comm": "lmp", "shmget": 0, "shmat": 0, "shmdt": 0, "rmid": 0, "get_mb": 0.0, "shmopen": 0, "unlink": 0, "mmap_sh": 88, "munmap": 233, "mmap_sh_mb": 352.00067138671875}
{"tgid": 14912, "comm": "lmp", "shmget": 0, "shmat": 0, "shmdt": 0, "rmid": 0, "get_mb": 0.0, "shmopen": 0, "unlink": 0, "mmap_sh": 88, "munmap": 233, "mmap_sh_mb": 352.00067138671875}
{"tgid": 14812, "comm": "lmp", "shmget": 0, "shmat": 0, "shmdt": 0, "rmid": 0, "get_mb": 0.0, "shmopen": 0, "unlink": 0, "mmap_sh": 88, "munmap": 234, "mmap_sh_mb": 352.00067138671875}
{"tgid": 14876, "comm": "lmp", "shmget": 0, "shmat": 0, "shmdt": 0, "rmid": 0, "get_mb": 0.0, "shmopen": 0, "unlink": 0, "mmap_sh": 88, "munmap": 235, "mmap_sh_mb": 352.00067138671875}
{"tgid": 14944, "comm": "lmp", "shmget": 0, "shmat": 0, "shmdt": 0, "rmid": 0, "get_mb": 0.0, "shmopen": 0, "unlink": 0, "mmap_sh": 88, "munmap": 233, "mmap_sh_mb": 352.00067138671875}
{"tgid": 14902, "comm": "lmp", "shmget": 0, "shmat": 0, "shmdt": 0, "rmid": 0, "get_mb": 0.0, "shmopen": 0, "unlink": 0, "mmap_sh": 88, "munmap": 234, "mmap_sh_mb": 352.00067138671875}
{"tgid": 14824, "comm": "lmp", "shmget": 0, "shmat": 0, "shmdt": 0, "rmid": 0, "get_mb": 0.0, "shmopen": 0, "unlink": 0, "mmap_sh": 88, "munmap": 233, "mmap_sh_mb": 352.00067138671875}
{"tgid": 14888, "comm": "lmp", "shmget": 0, "shmat": 0, "shmdt": 0, "rmid": 0, "get_mb": 0.0, "shmopen": 0, "unlink": 0, "mmap_sh": 88, "munmap": 234, "mmap_sh_mb": 352.00067138671875}
{"tgid": 14894, "comm": "lmp", "shmget": 0, "shmat": 0, "shmdt": 0, "rmid": 0, "get_mb": 0.0, "shmopen": 0, "unlink": 0, "mmap_sh": 88, "munmap": 234, "mmap_sh_mb": 352.00067138671875}

--- Shared Memory Stats Summary at 16:20:54 ---
{"tgid": 14947, "comm": "lmp", "shmget": 0, "shmat": 0, "shmdt": 0, "rmid": 0, "get_mb": 0.0, "shmopen": 0, "unlink": 0, "mmap_sh": 88, "munmap": 234, "mmap_sh_mb": 352.00067138671875}
{"tgid": 14951, "comm": "lmp", "shmget": 1, "shmat": 1, "shmdt": 1, "rmid": 1, "get_mb": 0.00390625, "shmopen": 0, "unlink": 0, "mmap_sh": 88, "munmap": 240, "mmap_sh_mb": 352.00067138671875}
{"tgid": 14953, "comm": "lmp", "shmget": 1, "shmat": 1, "shmdt": 1, "rmid": 1, "get_mb": 0.00390625, "shmopen": 0, "unlink": 0, "mmap_sh": 88, "munmap": 240, "mmap_sh_mb": 352.00067138671875}
{"tgid": 14948, "comm": "lmp", "shmget": 1, "shmat": 1, "shmdt": 1, "rmid": 1, "get_mb": 0.00390625, "shmopen": 0, "unlink": 0, "mmap_sh": 88, "munmap": 239, "mmap_sh_mb": 352.00067138671875}
{"tgid": 14955, "comm": "lmp", "shmget": 1, "shmat": 1, "shmdt": 1, "rmid": 1, "get_mb": 0.00390625, "shmopen": 0, "unlink": 0, "mmap_sh": 88, "munmap": 240, "mmap_sh_mb": 352.00067138671875}
{"tgid": 14886, "comm": "lmp", "shmget": 0, "shmat": 0, "shmdt": 0, "rmid": 0, "get_mb": 0.0, "shmopen": 0, "unlink": 0, "mmap_sh": 88, "munmap": 234, "mmap_sh_mb": 352.00067138671875}
{"tgid": 14898, "comm": "lmp", "shmget": 0, "shmat": 0, "shmdt": 0, "rmid": 0, "get_mb": 0.0, "shmopen": 0, "unlink": 0, "mmap_sh": 88, "munmap": 234, "mmap_sh_mb": 352.00067138671875}
{"tgid": 14904, "comm": "lmp", "shmget": 0, "shmat": 0, "shmdt": 0, "rmid": 0, "get_mb": 0.0, "shmopen": 0, "unlink": 0, "mmap_sh": 88, "munmap": 235, "mmap_sh_mb": 352.00067138671875}
{"tgid": 14787, "comm": "lmp", "shmget": 0, "shmat": 0, "shmdt": 0, "rmid": 0, "get_mb": 0.0, "shmopen": 0, "unlink": 0, "mmap_sh": 88, "munmap": 235, "mmap_sh_mb": 352.00067138671875}
{"tgid": 14858, "comm": "lmp", "shmget": 0, "shmat": 0, "shmdt": 0, "rmid": 0, "get_mb": 0.0, "shmopen": 0, "unlink": 0, "mmap_sh": 88, "munmap": 233, "mmap_sh_mb": 352.00067138671875}
{"tgid": 14814, "comm": "lmp", "shmget": 0, "shmat": 0, "shmdt": 0, "rmid": 0, "get_mb": 0.0, "shmopen": 0, "unlink": 0, "mmap_sh": 88, "munmap": 233, "mmap_sh_mb": 352.00067138671875}
{"tgid": 14942, "comm": "lmp", "shmget": 0, "shmat": 0, "shmdt": 0, "rmid": 0, "get_mb": 0.0, "shmopen": 0, "unlink": 0, "mmap_sh": 88, "munmap": 233, "mmap_sh_mb": 352.00067138671875}
{"tgid": 14912, "comm": "lmp", "shmget": 0, "shmat": 0, "shmdt": 0, "rmid": 0, "get_mb": 0.0, "shmopen": 0, "unlink": 0, "mmap_sh": 88, "munmap": 233, "mmap_sh_mb": 352.00067138671875}
{"tgid": 14812, "comm": "lmp", "shmget": 0, "shmat": 0, "shmdt": 0, "rmid": 0, "get_mb": 0.0, "shmopen": 0, "unlink": 0, "mmap_sh": 88, "munmap": 234, "mmap_sh_mb": 352.00067138671875}
{"tgid": 14876, "comm": "lmp", "shmget": 0, "shmat": 0, "shmdt": 0, "rmid": 0, "get_mb": 0.0, "shmopen": 0, "unlink": 0, "mmap_sh": 88, "munmap": 235, "mmap_sh_mb": 352.00067138671875}
{"tgid": 14944, "comm": "lmp", "shmget": 0, "shmat": 0, "shmdt": 0, "rmid": 0, "get_mb": 0.0, "shmopen": 0, "unlink": 0, "mmap_sh": 88, "munmap": 233, "mmap_sh_mb": 352.00067138671875}
{"tgid": 14902, "comm": "lmp", "shmget": 0, "shmat": 0, "shmdt": 0, "rmid": 0, "get_mb": 0.0, "shmopen": 0, "unlink": 0, "mmap_sh": 88, "munmap": 234, "mmap_sh_mb": 352.00067138671875}
{"tgid": 14824, "comm": "lmp", "shmget": 0, "shmat": 0, "shmdt": 0, "rmid": 0, "get_mb": 0.0, "shmopen": 0, "unlink": 0, "mmap_sh": 88, "munmap": 233, "mmap_sh_mb": 352.00067138671875}
{"tgid": 14888, "comm": "lmp", "shmget": 0, "shmat": 0, "shmdt": 0, "rmid": 0, "get_mb": 0.0, "shmopen": 0, "unlink": 0, "mmap_sh": 88, "munmap": 234, "mmap_sh_mb": 352.00067138671875}
{"tgid": 14894, "comm": "lmp", "shmget": 0, "shmat": 0, "shmdt": 0, "rmid": 0, "get_mb": 0.0, "shmopen": 0, "unlink": 0, "mmap_sh": 88, "munmap": 234, "mmap_sh_mb": 352.00067138671875}

--- Shared Memory Stats Summary at 16:20:59 ---
{"tgid": 14947, "comm": "lmp", "shmget": 0, "shmat": 0, "shmdt": 0, "rmid": 0, "get_mb": 0.0, "shmopen": 0, "unlink": 0, "mmap_sh": 88, "munmap": 234, "mmap_sh_mb": 352.00067138671875}
{"tgid": 14951, "comm": "lmp", "shmget": 1, "shmat": 1, "shmdt": 1, "rmid": 1, "get_mb": 0.00390625, "shmopen": 0, "unlink": 0, "mmap_sh": 88, "munmap": 240, "mmap_sh_mb": 352.00067138671875}
{"tgid": 14953, "comm": "lmp", "shmget": 1, "shmat": 1, "shmdt": 1, "rmid": 1, "get_mb": 0.00390625, "shmopen": 0, "unlink": 0, "mmap_sh": 88, "munmap": 240, "mmap_sh_mb": 352.00067138671875}
{"tgid": 14948, "comm": "lmp", "shmget": 1, "shmat": 1, "shmdt": 1, "rmid": 1, "get_mb": 0.00390625, "shmopen": 0, "unlink": 0, "mmap_sh": 88, "munmap": 239, "mmap_sh_mb": 352.00067138671875}
{"tgid": 14955, "comm": "lmp", "shmget": 1, "shmat": 1, "shmdt": 1, "rmid": 1, "get_mb": 0.00390625, "shmopen": 0, "unlink": 0, "mmap_sh": 88, "munmap": 240, "mmap_sh_mb": 352.00067138671875}
{"tgid": 14886, "comm": "lmp", "shmget": 0, "shmat": 0, "shmdt": 0, "rmid": 0, "get_mb": 0.0, "shmopen": 0, "unlink": 0, "mmap_sh": 88, "munmap": 234, "mmap_sh_mb": 352.00067138671875}
{"tgid": 14898, "comm": "lmp", "shmget": 0, "shmat": 0, "shmdt": 0, "rmid": 0, "get_mb": 0.0, "shmopen": 0, "unlink": 0, "mmap_sh": 88, "munmap": 234, "mmap_sh_mb": 352.00067138671875}
{"tgid": 14904, "comm": "lmp", "shmget": 0, "shmat": 0, "shmdt": 0, "rmid": 0, "get_mb": 0.0, "shmopen": 0, "unlink": 0, "mmap_sh": 88, "munmap": 235, "mmap_sh_mb": 352.00067138671875}
{"tgid": 14787, "comm": "lmp", "shmget": 0, "shmat": 0, "shmdt": 0, "rmid": 0, "get_mb": 0.0, "shmopen": 0, "unlink": 0, "mmap_sh": 88, "munmap": 235, "mmap_sh_mb": 352.00067138671875}
{"tgid": 14858, "comm": "lmp", "shmget": 0, "shmat": 0, "shmdt": 0, "rmid": 0, "get_mb": 0.0, "shmopen": 0, "unlink": 0, "mmap_sh": 88, "munmap": 233, "mmap_sh_mb": 352.00067138671875}
{"tgid": 14814, "comm": "lmp", "shmget": 0, "shmat": 0, "shmdt": 0, "rmid": 0, "get_mb": 0.0, "shmopen": 0, "unlink": 0, "mmap_sh": 88, "munmap": 233, "mmap_sh_mb": 352.00067138671875}
{"tgid": 14942, "comm": "lmp", "shmget": 0, "shmat": 0, "shmdt": 0, "rmid": 0, "get_mb": 0.0, "shmopen": 0, "unlink": 0, "mmap_sh": 88, "munmap": 233, "mmap_sh_mb": 352.00067138671875}
{"tgid": 14912, "comm": "lmp", "shmget": 0, "shmat": 0, "shmdt": 0, "rmid": 0, "get_mb": 0.0, "shmopen": 0, "unlink": 0, "mmap_sh": 88, "munmap": 233, "mmap_sh_mb": 352.00067138671875}
{"tgid": 14812, "comm": "lmp", "shmget": 0, "shmat": 0, "shmdt": 0, "rmid": 0, "get_mb": 0.0, "shmopen": 0, "unlink": 0, "mmap_sh": 88, "munmap": 234, "mmap_sh_mb": 352.00067138671875}
{"tgid": 14876, "comm": "lmp", "shmget": 0, "shmat": 0, "shmdt": 0, "rmid": 0, "get_mb": 0.0, "shmopen": 0, "unlink": 0, "mmap_sh": 88, "munmap": 235, "mmap_sh_mb": 352.00067138671875}
{"tgid": 14944, "comm": "lmp", "shmget": 0, "shmat": 0, "shmdt": 0, "rmid": 0, "get_mb": 0.0, "shmopen": 0, "unlink": 0, "mmap_sh": 88, "munmap": 233, "mmap_sh_mb": 352.00067138671875}
{"tgid": 14902, "comm": "lmp", "shmget": 0, "shmat": 0, "shmdt": 0, "rmid": 0, "get_mb": 0.0, "shmopen": 0, "unlink": 0, "mmap_sh": 88, "munmap": 234, "mmap_sh_mb": 352.00067138671875}
{"tgid": 14824, "comm": "lmp", "shmget": 0, "shmat": 0, "shmdt": 0, "rmid": 0, "get_mb": 0.0, "shmopen": 0, "unlink": 0, "mmap_sh": 88, "munmap": 233, "mmap_sh_mb": 352.00067138671875}
{"tgid": 14888, "comm": "lmp", "shmget": 0, "shmat": 0, "shmdt": 0, "rmid": 0, "get_mb": 0.0, "shmopen": 0, "unlink": 0, "mmap_sh": 88, "munmap": 234, "mmap_sh_mb": 352.00067138671875}
{"tgid": 14894, "comm": "lmp", "shmget": 0, "shmat": 0, "shmdt": 0, "rmid": 0, "get_mb": 0.0, "shmopen": 0, "unlink": 0, "mmap_sh": 88, "munmap": 234, "mmap_sh_mb": 352.00067138671875}

--- Shared Memory Stats Summary at 16:21:04 ---
{"tgid": 14947, "comm": "lmp", "shmget": 0, "shmat": 0, "shmdt": 0, "rmid": 0, "get_mb": 0.0, "shmopen": 0, "unlink": 0, "mmap_sh": 88, "munmap": 234, "mmap_sh_mb": 352.00067138671875}
{"tgid": 14951, "comm": "lmp", "shmget": 1, "shmat": 1, "shmdt": 1, "rmid": 1, "get_mb": 0.00390625, "shmopen": 0, "unlink": 0, "mmap_sh": 88, "munmap": 240, "mmap_sh_mb": 352.00067138671875}
{"tgid": 14953, "comm": "lmp", "shmget": 1, "shmat": 1, "shmdt": 1, "rmid": 1, "get_mb": 0.00390625, "shmopen": 0, "unlink": 0, "mmap_sh": 88, "munmap": 240, "mmap_sh_mb": 352.00067138671875}
{"tgid": 14948, "comm": "lmp", "shmget": 1, "shmat": 1, "shmdt": 1, "rmid": 1, "get_mb": 0.00390625, "shmopen": 0, "unlink": 0, "mmap_sh": 88, "munmap": 239, "mmap_sh_mb": 352.00067138671875}
{"tgid": 14955, "comm": "lmp", "shmget": 1, "shmat": 1, "shmdt": 1, "rmid": 1, "get_mb": 0.00390625, "shmopen": 0, "unlink": 0, "mmap_sh": 88, "munmap": 240, "mmap_sh_mb": 352.00067138671875}
{"tgid": 14886, "comm": "lmp", "shmget": 0, "shmat": 0, "shmdt": 0, "rmid": 0, "get_mb": 0.0, "shmopen": 0, "unlink": 0, "mmap_sh": 88, "munmap": 234, "mmap_sh_mb": 352.00067138671875}
{"tgid": 14898, "comm": "lmp", "shmget": 0, "shmat": 0, "shmdt": 0, "rmid": 0, "get_mb": 0.0, "shmopen": 0, "unlink": 0, "mmap_sh": 88, "munmap": 234, "mmap_sh_mb": 352.00067138671875}
{"tgid": 14904, "comm": "lmp", "shmget": 0, "shmat": 0, "shmdt": 0, "rmid": 0, "get_mb": 0.0, "shmopen": 0, "unlink": 0, "mmap_sh": 88, "munmap": 235, "mmap_sh_mb": 352.00067138671875}
{"tgid": 14787, "comm": "lmp", "shmget": 0, "shmat": 0, "shmdt": 0, "rmid": 0, "get_mb": 0.0, "shmopen": 0, "unlink": 0, "mmap_sh": 88, "munmap": 235, "mmap_sh_mb": 352.00067138671875}
{"tgid": 14858, "comm": "lmp", "shmget": 0, "shmat": 0, "shmdt": 0, "rmid": 0, "get_mb": 0.0, "shmopen": 0, "unlink": 0, "mmap_sh": 88, "munmap": 233, "mmap_sh_mb": 352.00067138671875}
{"tgid": 14814, "comm": "lmp", "shmget": 0, "shmat": 0, "shmdt": 0, "rmid": 0, "get_mb": 0.0, "shmopen": 0, "unlink": 0, "mmap_sh": 88, "munmap": 233, "mmap_sh_mb": 352.00067138671875}
{"tgid": 14942, "comm": "lmp", "shmget": 0, "shmat": 0, "shmdt": 0, "rmid": 0, "get_mb": 0.0, "shmopen": 0, "unlink": 0, "mmap_sh": 88, "munmap": 233, "mmap_sh_mb": 352.00067138671875}
{"tgid": 14912, "comm": "lmp", "shmget": 0, "shmat": 0, "shmdt": 0, "rmid": 0, "get_mb": 0.0, "shmopen": 0, "unlink": 0, "mmap_sh": 88, "munmap": 233, "mmap_sh_mb": 352.00067138671875}
{"tgid": 14812, "comm": "lmp", "shmget": 0, "shmat": 0, "shmdt": 0, "rmid": 0, "get_mb": 0.0, "shmopen": 0, "unlink": 0, "mmap_sh": 88, "munmap": 234, "mmap_sh_mb": 352.00067138671875}
{"tgid": 14876, "comm": "lmp", "shmget": 0, "shmat": 0, "shmdt": 0, "rmid": 0, "get_mb": 0.0, "shmopen": 0, "unlink": 0, "mmap_sh": 88, "munmap": 235, "mmap_sh_mb": 352.00067138671875}
{"tgid": 14944, "comm": "lmp", "shmget": 0, "shmat": 0, "shmdt": 0, "rmid": 0, "get_mb": 0.0, "shmopen": 0, "unlink": 0, "mmap_sh": 88, "munmap": 233, "mmap_sh_mb": 352.00067138671875}
{"tgid": 14902, "comm": "lmp", "shmget": 0, "shmat": 0, "shmdt": 0, "rmid": 0, "get_mb": 0.0, "shmopen": 0, "unlink": 0, "mmap_sh": 88, "munmap": 234, "mmap_sh_mb": 352.00067138671875}
{"tgid": 14824, "comm": "lmp", "shmget": 0, "shmat": 0, "shmdt": 0, "rmid": 0, "get_mb": 0.0, "shmopen": 0, "unlink": 0, "mmap_sh": 88, "munmap": 233, "mmap_sh_mb": 352.00067138671875}
{"tgid": 14888, "comm": "lmp", "shmget": 0, "shmat": 0, "shmdt": 0, "rmid": 0, "get_mb": 0.0, "shmopen": 0, "unlink": 0, "mmap_sh": 88, "munmap": 234, "mmap_sh_mb": 352.00067138671875}
{"tgid": 14894, "comm": "lmp", "shmget": 0, "shmat": 0, "shmdt": 0, "rmid": 0, "get_mb": 0.0, "shmopen": 0, "unlink": 0, "mmap_sh": 88, "munmap": 234, "mmap_sh_mb": 352.00067138671875}

--- Shared Memory Stats Summary at 16:21:09 ---
{"tgid": 15409, "comm": "ldconfig", "shmget": 0, "shmat": 0, "shmdt": 0, "rmid": 0, "get_mb": 0.0, "shmopen": 0, "unlink": 0, "mmap_sh": 465, "munmap": 465, "mmap_sh_mb": 217.01867485046387}
{"tgid": 14947, "comm": "lmp", "shmget": 0, "shmat": 0, "shmdt": 0, "rmid": 0, "get_mb": 0.0, "shmopen": 0, "unlink": 0, "mmap_sh": 88, "munmap": 234, "mmap_sh_mb": 352.00067138671875}
{"tgid": 14951, "comm": "lmp", "shmget": 1, "shmat": 1, "shmdt": 1, "rmid": 1, "get_mb": 0.00390625, "shmopen": 0, "unlink": 0, "mmap_sh": 88, "munmap": 240, "mmap_sh_mb": 352.00067138671875}
{"tgid": 14953, "comm": "lmp", "shmget": 1, "shmat": 1, "shmdt": 1, "rmid": 1, "get_mb": 0.00390625, "shmopen": 0, "unlink": 0, "mmap_sh": 88, "munmap": 240, "mmap_sh_mb": 352.00067138671875}
{"tgid": 14948, "comm": "lmp", "shmget": 1, "shmat": 1, "shmdt": 1, "rmid": 1, "get_mb": 0.00390625, "shmopen": 0, "unlink": 0, "mmap_sh": 88, "munmap": 239, "mmap_sh_mb": 352.00067138671875}
{"tgid": 14955, "comm": "lmp", "shmget": 1, "shmat": 1, "shmdt": 1, "rmid": 1, "get_mb": 0.00390625, "shmopen": 0, "unlink": 0, "mmap_sh": 88, "munmap": 240, "mmap_sh_mb": 352.00067138671875}
{"tgid": 14886, "comm": "lmp", "shmget": 0, "shmat": 0, "shmdt": 0, "rmid": 0, "get_mb": 0.0, "shmopen": 0, "unlink": 0, "mmap_sh": 88, "munmap": 234, "mmap_sh_mb": 352.00067138671875}
{"tgid": 14898, "comm": "lmp", "shmget": 0, "shmat": 0, "shmdt": 0, "rmid": 0, "get_mb": 0.0, "shmopen": 0, "unlink": 0, "mmap_sh": 88, "munmap": 234, "mmap_sh_mb": 352.00067138671875}
{"tgid": 14904, "comm": "lmp", "shmget": 0, "shmat": 0, "shmdt": 0, "rmid": 0, "get_mb": 0.0, "shmopen": 0, "unlink": 0, "mmap_sh": 88, "munmap": 235, "mmap_sh_mb": 352.00067138671875}
{"tgid": 14787, "comm": "lmp", "shmget": 0, "shmat": 0, "shmdt": 0, "rmid": 0, "get_mb": 0.0, "shmopen": 0, "unlink": 0, "mmap_sh": 88, "munmap": 235, "mmap_sh_mb": 352.00067138671875}
{"tgid": 14858, "comm": "lmp", "shmget": 0, "shmat": 0, "shmdt": 0, "rmid": 0, "get_mb": 0.0, "shmopen": 0, "unlink": 0, "mmap_sh": 88, "munmap": 233, "mmap_sh_mb": 352.00067138671875}
{"tgid": 14814, "comm": "lmp", "shmget": 0, "shmat": 0, "shmdt": 0, "rmid": 0, "get_mb": 0.0, "shmopen": 0, "unlink": 0, "mmap_sh": 88, "munmap": 233, "mmap_sh_mb": 352.00067138671875}
{"tgid": 14942, "comm": "lmp", "shmget": 0, "shmat": 0, "shmdt": 0, "rmid": 0, "get_mb": 0.0, "shmopen": 0, "unlink": 0, "mmap_sh": 88, "munmap": 233, "mmap_sh_mb": 352.00067138671875}
{"tgid": 14912, "comm": "lmp", "shmget": 0, "shmat": 0, "shmdt": 0, "rmid": 0, "get_mb": 0.0, "shmopen": 0, "unlink": 0, "mmap_sh": 88, "munmap": 233, "mmap_sh_mb": 352.00067138671875}
{"tgid": 14812, "comm": "lmp", "shmget": 0, "shmat": 0, "shmdt": 0, "rmid": 0, "get_mb": 0.0, "shmopen": 0, "unlink": 0, "mmap_sh": 88, "munmap": 234, "mmap_sh_mb": 352.00067138671875}
{"tgid": 14876, "comm": "lmp", "shmget": 0, "shmat": 0, "shmdt": 0, "rmid": 0, "get_mb": 0.0, "shmopen": 0, "unlink": 0, "mmap_sh": 88, "munmap": 235, "mmap_sh_mb": 352.00067138671875}
{"tgid": 14944, "comm": "lmp", "shmget": 0, "shmat": 0, "shmdt": 0, "rmid": 0, "get_mb": 0.0, "shmopen": 0, "unlink": 0, "mmap_sh": 88, "munmap": 233, "mmap_sh_mb": 352.00067138671875}
{"tgid": 14902, "comm": "lmp", "shmget": 0, "shmat": 0, "shmdt": 0, "rmid": 0, "get_mb": 0.0, "shmopen": 0, "unlink": 0, "mmap_sh": 88, "munmap": 234, "mmap_sh_mb": 352.00067138671875}
{"tgid": 14824, "comm": "lmp", "shmget": 0, "shmat": 0, "shmdt": 0, "rmid": 0, "get_mb": 0.0, "shmopen": 0, "unlink": 0, "mmap_sh": 88, "munmap": 233, "mmap_sh_mb": 352.00067138671875}
{"tgid": 14888, "comm": "lmp", "shmget": 0, "shmat": 0, "shmdt": 0, "rmid": 0, "get_mb": 0.0, "shmopen": 0, "unlink": 0, "mmap_sh": 88, "munmap": 234, "mmap_sh_mb": 352.00067138671875}
[16:21:09] 
Indicator file '/mnt/flux/stop_ebpf_collection' found. Stopping.
Cleaning up BPF resources...
Cleanup complete.
