unlimited
PROGRAM: futex
Looking for /opt/programs/futex/ebpf-collect.c
[16:53:43] Starting eBPF (Tracepoints for futex syscalls).
[16:53:43] BPF program loaded and tracepoints automatically attached.
[16:53:43] Start Indicator file defined '/mnt/flux/start_ebpf_collection'. Waiting.
[16:53:53] Start indicator found. Proceeding.
[16:53:53] Ring buffers opened. Polling for events...
[16:54:36] 
Indicator file '/mnt/flux/stop_ebpf_collection' found. Stopping.
[16:54:36] Cleaning up BPF resources...
{
  "final_aggregated_futex_summary_river": [
    {
      "tgid": 3867,
      "comm": "kubelet",
      "cgroup_id": 6640,
      "wait_duration_stats_ns": {
        "count": 4622.0,
        "sum": 1547551570562.9976,
        "mean": 334822927.42600554,
        "median": 15917327.947346978,
        "min": 631,
        "max": 38242864090,
        "variance_ns2": 9.904155318423386e+18,
        "iqr_ns": 36085801.417393215,
        "q1_ns": 1530152.5700763313,
        "q3_ns": 37615953.98746955
      },
      "futex_op_counts": {
        "128": 4622
      },
      "first_seen_ts_ns": 299899931717,
      "last_seen_ts_ns": 352941941250
    },
    {
      "tgid": 9707,
      "comm": "containerd-shim",
      "cgroup_id": 6520,
      "wait_duration_stats_ns": {
        "count": 307.0,
        "sum": 298256839271.0,
        "mean": 971520649.0912051,
        "median": 2314077.1109028473,
        "min": 2545,
        "max": 19986912380,
        "variance_ns2": 6.853654742644424e+18,
        "iqr_ns": 105612861.69769175,
        "q1_ns": 244378.4632434944,
        "q3_ns": 105857240.16093525
      },
      "futex_op_counts": {
        "128": 307
      },
      "first_seen_ts_ns": 312110234462,
      "last_seen_ts_ns": 352303851035
    },
    {
      "tgid": 3675,
      "comm": "containerd",
      "cgroup_id": 6520,
      "wait_duration_stats_ns": {
        "count": 2462.0,
        "sum": 268659099237.00027,
        "mean": 109122298.63403748,
        "median": 163582.68675991456,
        "min": 694,
        "max": 15422505554,
        "variance_ns2": 3.239481906053475e+17,
        "iqr_ns": 115236528.56790888,
        "q1_ns": 59461.85615812589,
        "q3_ns": 115295990.424067
      },
      "futex_op_counts": {
        "128": 2462
      },
      "first_seen_ts_ns": 299899654409,
      "last_seen_ts_ns": 352943831036
    },
    {
      "tgid": 6964,
      "comm": "fluent-bit-gke-",
      "cgroup_id": 7979,
      "wait_duration_stats_ns": {
        "count": 172.0,
        "sum": 245911131991.00003,
        "mean": 1429715883.6686049,
        "median": 482683821.2810621,
        "min": 1948,
        "max": 37919393233,
        "variance_ns2": 1.9001617857414935e+19,
        "iqr_ns": 1084233194.1876402,
        "q1_ns": 31464342.22193544,
        "q3_ns": 1115697536.4095757
      },
      "futex_op_counts": {
        "128": 172
      },
      "first_seen_ts_ns": 300782337538,
      "last_seen_ts_ns": 352298428475
    },
    {
      "tgid": 7594,
      "comm": "containerd-shim",
      "cgroup_id": 6520,
      "wait_duration_stats_ns": {
        "count": 192.0,
        "sum": 230331836913.99994,
        "mean": 1199644983.927083,
        "median": 27940564.89672615,
        "min": 877,
        "max": 30511264118,
        "variance_ns2": 1.2108252053203743e+19,
        "iqr_ns": 1304618593.0121415,
        "q1_ns": 719796.0562558352,
        "q3_ns": 1305338389.0683973
      },
      "futex_op_counts": {
        "128": 192
      },
      "first_seen_ts_ns": 309296644973,
      "last_seen_ts_ns": 352309044271
    },
    {
      "tgid": 8989,
      "comm": "containerd-shim",
      "cgroup_id": 6520,
      "wait_duration_stats_ns": {
        "count": 117.0,
        "sum": 229207324946.9999,
        "mean": 1959036965.3589735,
        "median": 29654859.759458065,
        "min": 3077,
        "max": 42852606017,
        "variance_ns2": 2.9084034116531794e+19,
        "iqr_ns": 2662024983.82111,
        "q1_ns": 3322830.553023357,
        "q3_ns": 2665347814.374133
      },
      "futex_op_counts": {
        "128": 117
      },
      "first_seen_ts_ns": 312105981755,
      "last_seen_ts_ns": 352302971694
    },
    {
      "tgid": 8846,
      "comm": "sidecar",
      "cgroup_id": 10191,
      "wait_duration_stats_ns": {
        "count": 202.0,
        "sum": 226913068677.0001,
        "mean": 1123332023.1534657,
        "median": 21548827.799435593,
        "min": 12636,
        "max": 20000824855,
        "variance_ns2": 7.220367109733748e+18,
        "iqr_ns": 1459000668.092999,
        "q1_ns": 147090.3368406449,
        "q3_ns": 1459147758.4298396
      },
      "futex_op_counts": {
        "128": 202
      },
      "first_seen_ts_ns": 309484980259,
      "last_seen_ts_ns": 352495297306
    },
    {
      "tgid": 4109,
      "comm": "kube-proxy",
      "cgroup_id": 7366,
      "wait_duration_stats_ns": {
        "count": 139.0,
        "sum": 224634839039.0,
        "mean": 1616077978.6978416,
        "median": 161244589.70197263,
        "min": 1643,
        "max": 38316184295,
        "variance_ns2": 2.9207240809339777e+19,
        "iqr_ns": 1918133750.6832738,
        "q1_ns": 4037491.695097839,
        "q3_ns": 1922171242.3783717
      },
      "futex_op_counts": {
        "128": 139
      },
      "first_seen_ts_ns": 300343850532,
      "last_seen_ts_ns": 351804708010
    },
    {
      "tgid": 7917,
      "comm": "containerd-shim",
      "cgroup_id": 6520,
      "wait_duration_stats_ns": {
        "count": 97.0,
        "sum": 219385890165.00012,
        "mean": 2261710207.886599,
        "median": 51641905.26163614,
        "min": 570,
        "max": 29999934960,
        "variance_ns2": 2.423920035199156e+19,
        "iqr_ns": 2899753947.1969967,
        "q1_ns": 12318895.00060653,
        "q3_ns": 2912072842.197603
      },
      "futex_op_counts": {
        "128": 97
      },
      "first_seen_ts_ns": 309641717544,
      "last_seen_ts_ns": 352307935703
    },
    {
      "tgid": 7709,
      "comm": "containerd-shim",
      "cgroup_id": 6520,
      "wait_duration_stats_ns": {
        "count": 101.0,
        "sum": 218030200543.99988,
        "mean": 2158714856.871286,
        "median": 41766877.42464113,
        "min": 3016,
        "max": 30005218728,
        "variance_ns2": 2.328313838877227e+19,
        "iqr_ns": 3494927514.2053213,
        "q1_ns": 11192741.08762094,
        "q3_ns": 3506120255.292942
      },
      "futex_op_counts": {
        "128": 101
      },
      "first_seen_ts_ns": 309337910816,
      "last_seen_ts_ns": 352306284460
    },
    {
      "tgid": 6381,
      "comm": "containerd-shim",
      "cgroup_id": 6520,
      "wait_duration_stats_ns": {
        "count": 179.0,
        "sum": 212663949651.99997,
        "mean": 1188066757.832402,
        "median": 2280077.542485999,
        "min": 2816,
        "max": 28414965611,
        "variance_ns2": 1.2871974252320336e+19,
        "iqr_ns": 1038611878.8480705,
        "q1_ns": 758774.6958661373,
        "q3_ns": 1039370653.5439366
      },
      "futex_op_counts": {
        "128": 179
      },
      "first_seen_ts_ns": 312101569931,
      "last_seen_ts_ns": 352307142672
    },
    {
      "tgid": 10381,
      "comm": "containerd-shim",
      "cgroup_id": 6520,
      "wait_duration_stats_ns": {
        "count": 108.0,
        "sum": 209873099801.99997,
        "mean": 1943269442.611111,
        "median": 27543212.18223666,
        "min": 2744,
        "max": 29717171891,
        "variance_ns2": 2.0998442975653085e+19,
        "iqr_ns": 2824187332.349648,
        "q1_ns": 858089.0527977523,
        "q3_ns": 2825045421.402446
      },
      "futex_op_counts": {
        "128": 108
      },
      "first_seen_ts_ns": 312104373608,
      "last_seen_ts_ns": 352946211671
    },
    {
      "tgid": 7737,
      "comm": "containerd-shim",
      "cgroup_id": 6520,
      "wait_duration_stats_ns": {
        "count": 66.0,
        "sum": 203508838441.00003,
        "mean": 3083467249.106061,
        "median": 1407435578.6275992,
        "min": 3217,
        "max": 29999312343,
        "variance_ns2": 3.0129782343031853e+19,
        "iqr_ns": 2755086415.5657077,
        "q1_ns": 20860774.120152567,
        "q3_ns": 2775947189.68586
      },
      "futex_op_counts": {
        "128": 66
      },
      "first_seen_ts_ns": 309348486517,
      "last_seen_ts_ns": 352301297745
    },
    {
      "tgid": 7289,
      "comm": "containerd-shim",
      "cgroup_id": 6520,
      "wait_duration_stats_ns": {
        "count": 58.0,
        "sum": 189799939093.99997,
        "mean": 3272412742.9999995,
        "median": 1098135982.7427056,
        "min": 4135,
        "max": 30005718484,
        "variance_ns2": 3.5896438819533443e+19,
        "iqr_ns": 3270609861.348299,
        "q1_ns": 53029010.9724773,
        "q3_ns": 3323638872.3207765
      },
      "futex_op_counts": {
        "128": 58
      },
      "first_seen_ts_ns": 312112205789,
      "last_seen_ts_ns": 352305281882
    },
    {
      "tgid": 7526,
      "comm": "containerd-shim",
      "cgroup_id": 6520,
      "wait_duration_stats_ns": {
        "count": 90.0,
        "sum": 189124346451.00003,
        "mean": 2101381627.2333338,
        "median": 83602963.14476472,
        "min": 3514,
        "max": 30002039268,
        "variance_ns2": 2.5109173582053126e+19,
        "iqr_ns": 2141222085.3409426,
        "q1_ns": 2095761.4522912984,
        "q3_ns": 2143317846.7932339
      },
      "futex_op_counts": {
        "128": 90
      },
      "first_seen_ts_ns": 310252090883,
      "last_seen_ts_ns": 352309931220
    },
    {
      "tgid": 8008,
      "comm": "containerd-shim",
      "cgroup_id": 6520,
      "wait_duration_stats_ns": {
        "count": 56.0,
        "sum": 184326090730.99997,
        "mean": 3291537334.4821424,
        "median": 2435483300.866905,
        "min": 10030,
        "max": 30001639901,
        "variance_ns2": 2.720023578434535e+19,
        "iqr_ns": 5159706085.597113,
        "q1_ns": 28444405.91925425,
        "q3_ns": 5188150491.516367
      },
      "futex_op_counts": {
        "128": 56
      },
      "first_seen_ts_ns": 309713221637,
      "last_seen_ts_ns": 352301733973
    },
    {
      "tgid": 8444,
      "comm": "event-exporter",
      "cgroup_id": 9638,
      "wait_duration_stats_ns": {
        "count": 1375.0,
        "sum": 179909456154.0001,
        "mean": 130843240.8392728,
        "median": 33097953.75450466,
        "min": 564,
        "max": 17876537513,
        "variance_ns2": 7.664613330182959e+17,
        "iqr_ns": 124374196.05509663,
        "q1_ns": 573630.9411531463,
        "q3_ns": 124947826.99624978
      },
      "futex_op_counts": {
        "128": 1375
      },
      "first_seen_ts_ns": 300012439024,
      "last_seen_ts_ns": 350746165266
    },
    {
      "tgid": 4056,
      "comm": "containerd-shim",
      "cgroup_id": 6520,
      "wait_duration_stats_ns": {
        "count": 79.0,
        "sum": 176998189431.99997,
        "mean": 2240483410.5316453,
        "median": 235070441.43854856,
        "min": 2589,
        "max": 29998626932,
        "variance_ns2": 1.9971287550385754e+19,
        "iqr_ns": 5542633429.765238,
        "q1_ns": 15514705.691259684,
        "q3_ns": 5558148135.456497
      },
      "futex_op_counts": {
        "128": 79
      },
      "first_seen_ts_ns": 311665062163,
      "last_seen_ts_ns": 352304354067
    },
    {
      "tgid": 9578,
      "comm": "prometheus",
      "cgroup_id": 10665,
      "wait_duration_stats_ns": {
        "count": 2194.0,
        "sum": 175375937619.00006,
        "mean": 79934338.02142209,
        "median": 45034364.142530255,
        "min": 12346,
        "max": 12416705528,
        "variance_ns2": 1.6710023964957648e+17,
        "iqr_ns": 10210846.939721175,
        "q1_ns": 39929015.81106027,
        "q3_ns": 50139862.75078145
      },
      "futex_op_counts": {
        "128": 2194
      },
      "first_seen_ts_ns": 299905724900,
      "last_seen_ts_ns": 352928418760
    },
    {
      "tgid": 8289,
      "comm": "kube-dns",
      "cgroup_id": 9480,
      "wait_duration_stats_ns": {
        "count": 158.0,
        "sum": 173821904752.0,
        "mean": 1100138637.670886,
        "median": 563957666.3519973,
        "min": 1475,
        "max": 19996943602,
        "variance_ns2": 4.748378013991799e+18,
        "iqr_ns": 1063421062.6207348,
        "q1_ns": 170290775.7763735,
        "q3_ns": 1233711838.3971083
      },
      "futex_op_counts": {
        "128": 158
      },
      "first_seen_ts_ns": 300392452448,
      "last_seen_ts_ns": 351831823555
    },
    {
      "tgid": 6526,
      "comm": "containerd-shim",
      "cgroup_id": 6520,
      "wait_duration_stats_ns": {
        "count": 111.0,
        "sum": 173523324468.0,
        "mean": 1563273193.4054055,
        "median": 28934746.89331633,
        "min": 3033,
        "max": 29991713016,
        "variance_ns2": 1.4046404530429553e+19,
        "iqr_ns": 2373655978.2859483,
        "q1_ns": 3483484.824244285,
        "q3_ns": 2377139463.110193
      },
      "futex_op_counts": {
        "128": 111
      },
      "first_seen_ts_ns": 312106981596,
      "last_seen_ts_ns": 352306658815
    },
    {
      "tgid": 8155,
      "comm": "kube-state-metr",
      "cgroup_id": 9322,
      "wait_duration_stats_ns": {
        "count": 100.0,
        "sum": 158773550666.00006,
        "mean": 1587735506.6600006,
        "median": 818676163.5606108,
        "min": 18576,
        "max": 12839673034,
        "variance_ns2": 5.365855718713742e+18,
        "iqr_ns": 2168066436.937491,
        "q1_ns": 67636131.89873229,
        "q3_ns": 2235702568.836223
      },
      "futex_op_counts": {
        "128": 100
      },
      "first_seen_ts_ns": 310174253252,
      "last_seen_ts_ns": 352174549067
    },
    {
      "tgid": 8367,
      "comm": "cluster-proport",
      "cgroup_id": 9559,
      "wait_duration_stats_ns": {
        "count": 138.0,
        "sum": 150233279793.9999,
        "mean": 1088646955.0289848,
        "median": 38609372.329311416,
        "min": 2809,
        "max": 20010115620,
        "variance_ns2": 9.74983496204673e+18,
        "iqr_ns": 476263006.53028226,
        "q1_ns": 11962569.033412151,
        "q3_ns": 488225575.5636944
      },
      "futex_op_counts": {
        "128": 138
      },
      "first_seen_ts_ns": 300818347294,
      "last_seen_ts_ns": 350841610535
    },
    {
      "tgid": 8519,
      "comm": "cluster-proport",
      "cgroup_id": 9717,
      "wait_duration_stats_ns": {
        "count": 143.0,
        "sum": 149952603659.99997,
        "mean": 1048619606.0139858,
        "median": 20208597.3103817,
        "min": 3764,
        "max": 10002779514,
        "variance_ns2": 7.753554231689848e+18,
        "iqr_ns": 685677712.356336,
        "q1_ns": 9486308.483225217,
        "q3_ns": 695164020.8395612
      },
      "futex_op_counts": {
        "128": 143
      },
      "first_seen_ts_ns": 301056166950,
      "last_seen_ts_ns": 351062977199
    },
    {
      "tgid": 8771,
      "comm": "dnsmasq-nanny",
      "cgroup_id": 10112,
      "wait_duration_stats_ns": {
        "count": 15.0,
        "sum": 149948664899.99997,
        "mean": 9996577659.999998,
        "median": 9999752063.208334,
        "min": 9989860252,
        "max": 10000159966,
        "variance_ns2": 23926647342779.02,
        "iqr_ns": 6714316.956771851,
        "q1_ns": 9993237805.876562,
        "q3_ns": 9999952122.833334
      },
      "futex_op_counts": {
        "128": 15
      },
      "first_seen_ts_ns": 311839629145,
      "last_seen_ts_ns": 351849325769
    },
    {
      "tgid": 8205,
      "comm": "proxy-agent",
      "cgroup_id": 9401,
      "wait_duration_stats_ns": {
        "count": 96.0,
        "sum": 142262834920.0,
        "mean": 1481904530.4166667,
        "median": 48257614.81329055,
        "min": 710,
        "max": 10000305866,
        "variance_ns2": 6.254371584907136e+18,
        "iqr_ns": 1483767919.6220703,
        "q1_ns": 1741250.2072157382,
        "q3_ns": 1485509169.829286
      },
      "futex_op_counts": {
        "128": 96
      },
      "first_seen_ts_ns": 300310095865,
      "last_seen_ts_ns": 350336567834
    },
    {
      "tgid": 7841,
      "comm": "404-server-with",
      "cgroup_id": 9085,
      "wait_duration_stats_ns": {
        "count": 16.0,
        "sum": 139998529762.00003,
        "mean": 8749908110.125002,
        "median": 9823029606.40243,
        "min": 19258,
        "max": 10000512414,
        "variance_ns2": 1.166613546843308e+19,
        "iqr_ns": 1895830148.7157001,
        "q1_ns": 8104429954.7843,
        "q3_ns": 10000260103.5
      },
      "futex_op_counts": {
        "128": 16
      },
      "first_seen_ts_ns": 318991421279,
      "last_seen_ts_ns": 348991818479
    },
    {
      "tgid": 8710,
      "comm": "monitor",
      "cgroup_id": 10033,
      "wait_duration_stats_ns": {
        "count": 35.0,
        "sum": 129959566025.00003,
        "mean": 3713130457.857144,
        "median": 103338284.24769224,
        "min": 16946,
        "max": 29929410980,
        "variance_ns2": 4.139702882394963e+19,
        "iqr_ns": 6677048185.7368355,
        "q1_ns": 5274777.913341108,
        "q3_ns": 6682322963.650177
      },
      "futex_op_counts": {
        "128": 35
      },
      "first_seen_ts_ns": 311744415131,
      "last_seen_ts_ns": 351753506411
    },
    {
      "tgid": 3933,
      "comm": "node-problem-de",
      "cgroup_id": 6700,
      "wait_duration_stats_ns": {
        "count": 244.0,
        "sum": 124570089620.99998,
        "mean": 510533154.1844262,
        "median": 512324834.20829815,
        "min": 2849,
        "max": 16007374106,
        "variance_ns2": 1.55034535866993e+18,
        "iqr_ns": 892289465.3689532,
        "q1_ns": 40829164.69208109,
        "q3_ns": 933118630.0610343
      },
      "futex_op_counts": {
        "128": 244
      },
      "first_seen_ts_ns": 301288645914,
      "last_seen_ts_ns": 352289313207
    },
    {
      "tgid": 1732,
      "comm": "google_osconfig",
      "cgroup_id": 4234,
      "wait_duration_stats_ns": {
        "count": 41.0,
        "sum": 119798307756.00002,
        "mean": 2921909945.268293,
        "median": 1185846421.1899824,
        "min": 19623053,
        "max": 29648147492,
        "variance_ns2": 2.3983383287480484e+19,
        "iqr_ns": 4816095771.415767,
        "q1_ns": 89454146.83015874,
        "q3_ns": 4905549918.245926
      },
      "futex_op_counts": {
        "128": 41
      },
      "first_seen_ts_ns": 309728698272,
      "last_seen_ts_ns": 349871609955
    },
    {
      "tgid": 2760,
      "comm": "dockerd",
      "cgroup_id": 6400,
      "wait_duration_stats_ns": {
        "count": 14.0,
        "sum": 99918832355.0,
        "mean": 7137059453.928572,
        "median": 5616092979.3495,
        "min": 7194627,
        "max": 10000035472,
        "variance_ns2": 2.182908126171714e+19,
        "iqr_ns": 8883987986.419306,
        "q1_ns": 921334623.6483334,
        "q3_ns": 9805322610.067638
      },
      "futex_op_counts": {
        "128": 14
      },
      "first_seen_ts_ns": 312383975618,
      "last_seen_ts_ns": 352393119439
    },
    {
      "tgid": 8658,
      "comm": "main",
      "cgroup_id": 9954,
      "wait_duration_stats_ns": {
        "count": 47.0,
        "sum": 94855441082.00002,
        "mean": 2018200874.0851068,
        "median": 1926324793.3618124,
        "min": 860,
        "max": 5003814298,
        "variance_ns2": 5.749466230227875e+18,
        "iqr_ns": 4419470328.289338,
        "q1_ns": 58367614.74146919,
        "q3_ns": 4477837943.0308075
      },
      "futex_op_counts": {
        "128": 47
      },
      "first_seen_ts_ns": 301607273168,
      "last_seen_ts_ns": 351607370247
    },
    {
      "tgid": 9238,
      "comm": "main",
      "cgroup_id": 10507,
      "wait_duration_stats_ns": {
        "count": 89.0,
        "sum": 89952564476.00005,
        "mean": 1010702971.64045,
        "median": 346622085.1628584,
        "min": 10866,
        "max": 5003998854,
        "variance_ns2": 4.025626425568108e+18,
        "iqr_ns": 3924284596.704605,
        "q1_ns": 2706834.1041580653,
        "q3_ns": 3926991430.808763
      },
      "futex_op_counts": {
        "128": 89
      },
      "first_seen_ts_ns": 310109286105,
      "last_seen_ts_ns": 350113221595
    },
    {
      "tgid": 7025,
      "comm": "main",
      "cgroup_id": 8058,
      "wait_duration_stats_ns": {
        "count": 40.0,
        "sum": 89942473365.99998,
        "mean": 2248561834.1499996,
        "median": 1965468694.440743,
        "min": 117078,
        "max": 5000056735,
        "variance_ns2": 5.792839246700742e+18,
        "iqr_ns": 4733803603.281585,
        "q1_ns": 213797012.77570134,
        "q3_ns": 4947600616.057286
      },
      "futex_op_counts": {
        "128": 40
      },
      "first_seen_ts_ns": 311340814220,
      "last_seen_ts_ns": 351341782101
    },
    {
      "tgid": 1731,
      "comm": "google_guest_ag",
      "cgroup_id": 4174,
      "wait_duration_stats_ns": {
        "count": 31.0,
        "sum": 89908875084.00002,
        "mean": 2900286293.0322585,
        "median": 2261991466.000691,
        "min": 119125142,
        "max": 5003826768,
        "variance_ns2": 4.3271796015228544e+18,
        "iqr_ns": 4108963986.750675,
        "q1_ns": 589405063.402836,
        "q3_ns": 4698369050.153511
      },
      "futex_op_counts": {
        "128": 31
      },
      "first_seen_ts_ns": 309707818608,
      "last_seen_ts_ns": 350346611456
    },
    {
      "tgid": 8579,
      "comm": "main",
      "cgroup_id": 9796,
      "wait_duration_stats_ns": {
        "count": 42.0,
        "sum": 89875654991.99998,
        "mean": 2139896547.4285712,
        "median": 2250462551.709571,
        "min": 189935,
        "max": 5003810145,
        "variance_ns2": 6.213701739205743e+18,
        "iqr_ns": 4880316016.209867,
        "q1_ns": 69865708.51052417,
        "q3_ns": 4950181724.72039
      },
      "futex_op_counts": {
        "128": 42
      },
      "first_seen_ts_ns": 301103720129,
      "last_seen_ts_ns": 351104315006
    },
    {
      "tgid": 9678,
      "comm": "config-reloader",
      "cgroup_id": 10744,
      "wait_duration_stats_ns": {
        "count": 12.0,
        "sum": 87688640399.0,
        "mean": 7307386699.916667,
        "median": 8225315783.895834,
        "min": 53744117,
        "max": 10008682273,
        "variance_ns2": 1.3387418143986231e+19,
        "iqr_ns": 4072717291.1475296,
        "q1_ns": 5542453677.0,
        "q3_ns": 9615170968.14753
      },
      "futex_op_counts": {
        "128": 12
      },
      "first_seen_ts_ns": 314803073925,
      "last_seen_ts_ns": 347090056175
    },
    {
      "tgid": 8899,
      "comm": "main",
      "cgroup_id": 10270,
      "wait_duration_stats_ns": {
        "count": 36.0,
        "sum": 79892107134.00002,
        "mean": 2219225198.166667,
        "median": 2125122078.604532,
        "min": 114325,
        "max": 5003806829,
        "variance_ns2": 6.301326410220662e+18,
        "iqr_ns": 4775007545.131414,
        "q1_ns": 14764715.135636587,
        "q3_ns": 4789772260.267051
      },
      "futex_op_counts": {
        "128": 36
      },
      "first_seen_ts_ns": 313035418680,
      "last_seen_ts_ns": 348052138472
    },
    {
      "tgid": 9202,
      "comm": "otelsvc",
      "cgroup_id": 10428,
      "wait_duration_stats_ns": {
        "count": 173.0,
        "sum": 65123946831.999985,
        "mean": 376438999.02890164,
        "median": 347758166.30437547,
        "min": 80973,
        "max": 21095126468,
        "variance_ns2": 2.5611673184786345e+18,
        "iqr_ns": 410246848.9645977,
        "q1_ns": 9917142.182876114,
        "q3_ns": 420163991.1474738
      },
      "futex_op_counts": {
        "128": 173
      },
      "first_seen_ts_ns": 300048348767,
      "last_seen_ts_ns": 352548372624
    },
    {
      "tgid": 10115,
      "comm": "gce-pd-csi-driv",
      "cgroup_id": 11060,
      "wait_duration_stats_ns": {
        "count": 79.0,
        "sum": 44196995413.999985,
        "mean": 559455638.1518985,
        "median": 589847240.6496322,
        "min": 18968129,
        "max": 589991491,
        "variance_ns2": 1.1157041712626608e+16,
        "iqr_ns": 2042659.0969190598,
        "q1_ns": 587881621.8337412,
        "q3_ns": 589924280.9306602
      },
      "futex_op_counts": {
        "128": 79
      },
      "first_seen_ts_ns": 300567555274,
      "last_seen_ts_ns": 352767552666
    },
    {
      "tgid": 11663,
      "comm": "log-counter",
      "cgroup_id": 6700,
      "wait_duration_stats_ns": {
        "count": 1168.0,
        "sum": 14431930717.999998,
        "mean": 12356105.06678082,
        "median": 233414.9147914932,
        "min": 610,
        "max": 1319467543,
        "variance_ns2": 1.0952016328040784e+16,
        "iqr_ns": 1022355.3810937643,
        "q1_ns": 155252.92643578662,
        "q3_ns": 1177608.307529551
      },
      "futex_op_counts": {
        "128": 1168
      },
      "first_seen_ts_ns": 345328516514,
      "last_seen_ts_ns": 346649020694
    },
    {
      "tgid": 11632,
      "comm": "log-counter",
      "cgroup_id": 6700,
      "wait_duration_stats_ns": {
        "count": 667.0,
        "sum": 12638696886.999998,
        "mean": 18948571.04497751,
        "median": 385899.8164620105,
        "min": 556,
        "max": 1210010513,
        "variance_ns2": 1.6028306131557072e+16,
        "iqr_ns": 2376501.2653401047,
        "q1_ns": 167828.6535544672,
        "q3_ns": 2544329.9188945717
      },
      "futex_op_counts": {
        "128": 667
      },
      "first_seen_ts_ns": 344303223771,
      "last_seen_ts_ns": 345516093484
    },
    {
      "tgid": 11711,
      "comm": "log-counter",
      "cgroup_id": 6700,
      "wait_duration_stats_ns": {
        "count": 908.0,
        "sum": 12451793280.0,
        "mean": 13713428.72246696,
        "median": 238617.65120325453,
        "min": 504,
        "max": 1193709200,
        "variance_ns2": 1.2473272302467458e+16,
        "iqr_ns": 1100078.0846166885,
        "q1_ns": 150882.18960818625,
        "q3_ns": 1250960.2742248748
      },
      "futex_op_counts": {
        "128": 908
      },
      "first_seen_ts_ns": 346655144520,
      "last_seen_ts_ns": 347849100792
    },
    {
      "tgid": 11680,
      "comm": "log-counter",
      "cgroup_id": 6700,
      "wait_duration_stats_ns": {
        "count": 18.0,
        "sum": 5167124991.0,
        "mean": 287062499.5,
        "median": 37425071.36908881,
        "min": 17479,
        "max": 1045483692,
        "variance_ns2": 2.1249070067542083e+17,
        "iqr_ns": 363929133.0453942,
        "q1_ns": 4957598.974512471,
        "q3_ns": 368886732.01990664
      },
      "futex_op_counts": {
        "128": 18
      },
      "first_seen_ts_ns": 345814477936,
      "last_seen_ts_ns": 346860470251
    },
    {
      "tgid": 11656,
      "comm": "log-counter",
      "cgroup_id": 6700,
      "wait_duration_stats_ns": {
        "count": 23.0,
        "sum": 5106280616.0,
        "mean": 222012200.6956522,
        "median": 47428264.52290617,
        "min": 14552,
        "max": 1024806259,
        "variance_ns2": 1.676065907639634e+17,
        "iqr_ns": 225864000.97344106,
        "q1_ns": 2754312.34175485,
        "q3_ns": 228618313.31519592
      },
      "futex_op_counts": {
        "128": 23
      },
      "first_seen_ts_ns": 344697163261,
      "last_seen_ts_ns": 345722232167
    },
    {
      "tgid": 11633,
      "comm": "log-counter",
      "cgroup_id": 6700,
      "wait_duration_stats_ns": {
        "count": 24.0,
        "sum": 5036113568.0,
        "mean": 209838065.33333334,
        "median": 21069082.369744536,
        "min": 12192,
        "max": 1014864711,
        "variance_ns2": 1.504718950566696e+17,
        "iqr_ns": 200318782.7182493,
        "q1_ns": 210244.26328956825,
        "q3_ns": 200529026.98153886
      },
      "futex_op_counts": {
        "128": 24
      },
      "first_seen_ts_ns": 344303211580,
      "last_seen_ts_ns": 345318329385
    },
    {
      "tgid": 11561,
      "comm": "runc",
      "cgroup_id": 6520,
      "wait_duration_stats_ns": {
        "count": 316.0,
        "sum": 699852816.9999999,
        "mean": 2214724.1044303793,
        "median": 87599.13186996261,
        "min": 7692,
        "max": 97360941,
        "variance_ns2": 137681118362572.27,
        "iqr_ns": 538570.2500074235,
        "q1_ns": 23503.83101647654,
        "q3_ns": 562074.0810239
      },
      "futex_op_counts": {
        "128": 316
      },
      "first_seen_ts_ns": 315807085043,
      "last_seen_ts_ns": 315911882486
    },
    {
      "tgid": 11681,
      "comm": "runc",
      "cgroup_id": 6520,
      "wait_duration_stats_ns": {
        "count": 276.0,
        "sum": 597435483.0000001,
        "mean": 2164621.3152173916,
        "median": 233539.50999310229,
        "min": 8657,
        "max": 79328850,
        "variance_ns2": 74179744333508.2,
        "iqr_ns": 1858251.8882434883,
        "q1_ns": 30382.237020949877,
        "q3_ns": 1888634.125264438
      },
      "futex_op_counts": {
        "128": 276
      },
      "first_seen_ts_ns": 345805458807,
      "last_seen_ts_ns": 345901065814
    },
    {
      "tgid": 11604,
      "comm": "runc",
      "cgroup_id": 6520,
      "wait_duration_stats_ns": {
        "count": 260.0,
        "sum": 415791820.0,
        "mean": 1599199.3076923077,
        "median": 97527.7554974558,
        "min": 877,
        "max": 62204240,
        "variance_ns2": 52589078833001.836,
        "iqr_ns": 832837.068797869,
        "q1_ns": 18394.95877474076,
        "q3_ns": 851232.0275726098
      },
      "futex_op_counts": {
        "128": 260
      },
      "first_seen_ts_ns": 335801502877,
      "last_seen_ts_ns": 335868014859
    },
    {
      "tgid": 11583,
      "comm": "runc",
      "cgroup_id": 6520,
      "wait_duration_stats_ns": {
        "count": 360.0,
        "sum": 381659649.00000006,
        "mean": 1060165.691666667,
        "median": 47341.87592457136,
        "min": 724,
        "max": 54074888,
        "variance_ns2": 42219723607839.87,
        "iqr_ns": 286525.793433915,
        "q1_ns": 15511.309821292898,
        "q3_ns": 302037.1032552079
      },
      "futex_op_counts": {
        "128": 360
      },
      "first_seen_ts_ns": 325805170336,
      "last_seen_ts_ns": 325863985883
    },
    {
      "tgid": 11572,
      "comm": "runc:[2:INIT]",
      "cgroup_id": 10981,
      "wait_duration_stats_ns": {
        "count": 33.0,
        "sum": 291742836.99999994,
        "mean": 8840692.03030303,
        "median": 2384229.473507032,
        "min": 14818,
        "max": 40495777,
        "variance_ns2": 158592429704671.7,
        "iqr_ns": 12177318.522575233,
        "q1_ns": 219457.41303247714,
        "q3_ns": 12396775.93560771
      },
      "futex_op_counts": {
        "128": 33
      },
      "first_seen_ts_ns": 315844470797,
      "last_seen_ts_ns": 315911530786
    },
    {
      "tgid": 11616,
      "comm": "runc:[2:INIT]",
      "cgroup_id": 10981,
      "wait_duration_stats_ns": {
        "count": 30.0,
        "sum": 184299308.0,
        "mean": 6143310.266666667,
        "median": 849952.2282721403,
        "min": 2742,
        "max": 24415211,
        "variance_ns2": 68570936329323.51,
        "iqr_ns": 11581930.844648845,
        "q1_ns": 77865.1544532536,
        "q3_ns": 11659795.999102099
      },
      "futex_op_counts": {
        "128": 30
      },
      "first_seen_ts_ns": 335820014350,
      "last_seen_ts_ns": 335862012371
    },
    {
      "tgid": 11594,
      "comm": "runc:[2:INIT]",
      "cgroup_id": 10981,
      "wait_duration_stats_ns": {
        "count": 28.0,
        "sum": 181134042.0,
        "mean": 6469072.928571428,
        "median": 1608571.1842374213,
        "min": 11452,
        "max": 25159061,
        "variance_ns2": 83211887699352.14,
        "iqr_ns": 8098966.050525807,
        "q1_ns": 36592.174937675896,
        "q3_ns": 8135558.225463483
      },
      "futex_op_counts": {
        "128": 28
      },
      "first_seen_ts_ns": 325822163812,
      "last_seen_ts_ns": 325863147876
    },
    {
      "tgid": 11698,
      "comm": "runc:[2:INIT]",
      "cgroup_id": 10981,
      "wait_duration_stats_ns": {
        "count": 24.0,
        "sum": 140751742.00000003,
        "mean": 5864655.916666668,
        "median": 4891282.271243604,
        "min": 4610,
        "max": 19247826,
        "variance_ns2": 40341103180857.56,
        "iqr_ns": 11124533.928317295,
        "q1_ns": 360137.86577182985,
        "q3_ns": 11484671.794089125
      },
      "futex_op_counts": {
        "128": 24
      },
      "first_seen_ts_ns": 345863831858,
      "last_seen_ts_ns": 345898828310
    },
    {
      "tgid": 11698,
      "comm": "csi-node-driver",
      "cgroup_id": 10981,
      "wait_duration_stats_ns": {
        "count": 18.0,
        "sum": 16555993.999999998,
        "mean": 919777.4444444444,
        "median": 346726.5658764909,
        "min": 17392,
        "max": 4186463,
        "variance_ns2": 1389321885118.732,
        "iqr_ns": 1441559.1069028277,
        "q1_ns": 68032.07648837593,
        "q3_ns": 1509591.1833912036
      },
      "futex_op_counts": {
        "128": 18
      },
      "first_seen_ts_ns": 345903234872,
      "last_seen_ts_ns": 345906355749
    },
    {
      "tgid": 11572,
      "comm": "csi-node-driver",
      "cgroup_id": 10981,
      "wait_duration_stats_ns": {
        "count": 13.0,
        "sum": 9932755.0,
        "mean": 764058.076923077,
        "median": 36148.40111111111,
        "min": 14195,
        "max": 6650698,
        "variance_ns2": 3429245658190.5767,
        "iqr_ns": 204998.09046296292,
        "q1_ns": 26177.687314814815,
        "q3_ns": 231175.77777777775
      },
      "futex_op_counts": {
        "128": 13
      },
      "first_seen_ts_ns": 315916329889,
      "last_seen_ts_ns": 315923010827
    },
    {
      "tgid": 11594,
      "comm": "csi-node-driver",
      "cgroup_id": 10981,
      "wait_duration_stats_ns": {
        "count": 22.0,
        "sum": 9678110.0,
        "mean": 439914.0909090909,
        "median": 94223.54687008337,
        "min": 14147,
        "max": 1735391,
        "variance_ns2": 304999445629.89606,
        "iqr_ns": 521709.0344322183,
        "q1_ns": 28807.508868165787,
        "q3_ns": 550516.5433003841
      },
      "futex_op_counts": {
        "128": 22
      },
      "first_seen_ts_ns": 325865440112,
      "last_seen_ts_ns": 325868776458
    },
    {
      "tgid": 11616,
      "comm": "csi-node-driver",
      "cgroup_id": 10981,
      "wait_duration_stats_ns": {
        "count": 20.0,
        "sum": 8919392.000000002,
        "mean": 445969.6000000001,
        "median": 45635.97853806453,
        "min": 17447,
        "max": 3075721,
        "variance_ns2": 558239749863.6211,
        "iqr_ns": 521760.46056938625,
        "q1_ns": 24848.171643518515,
        "q3_ns": 546608.6322129047
      },
      "futex_op_counts": {
        "128": 20
      },
      "first_seen_ts_ns": 335863715104,
      "last_seen_ts_ns": 335866823056
    },
    {
      "tgid": 11180,
      "comm": "flux-broker-11",
      "cgroup_id": 11462,
      "wait_duration_stats_ns": {
        "count": 120.0,
        "sum": 3690451.9999999977,
        "mean": 30753.76666666665,
        "median": 1351.5673029422353,
        "min": 366,
        "max": 3185248,
        "variance_ns2": 84428263753.42406,
        "iqr_ns": 5328.07071160086,
        "q1_ns": 493.7932378257626,
        "q3_ns": 5821.863949426623
      },
      "futex_op_counts": {
        "128": 120
      },
      "first_seen_ts_ns": 309359770748,
      "last_seen_ts_ns": 352931085724
    },
    {
      "tgid": 9793,
      "comm": "csi-node-driver",
      "cgroup_id": 10981,
      "wait_duration_stats_ns": {
        "count": 11.0,
        "sum": 467446.0,
        "mean": 42495.09090909091,
        "median": 25235.75,
        "min": 1368,
        "max": 131734,
        "variance_ns2": 1945281298.490909,
        "iqr_ns": 29496.715277777774,
        "q1_ns": 9654.125,
        "q3_ns": 39150.840277777774
      },
      "futex_op_counts": {
        "128": 11
      },
      "first_seen_ts_ns": 300294851130,
      "last_seen_ts_ns": 300295984292
    },
    {
      "tgid": 11512,
      "comm": "lmp",
      "cgroup_id": 11462,
      "wait_duration_stats_ns": {
        "count": 1.0,
        "sum": 8818.0,
        "mean": 8818.0,
        "median": 8818.0,
        "min": 8818,
        "max": 8818,
        "variance_ns2": null,
        "iqr_ns": 0.0,
        "q1_ns": 8818.0,
        "q3_ns": 8818.0
      },
      "futex_op_counts": {
        "128": 1
      },
      "first_seen_ts_ns": 348184477605,
      "last_seen_ts_ns": 348184477605
    },
    {
      "tgid": 11385,
      "comm": "lmp",
      "cgroup_id": 11462,
      "wait_duration_stats_ns": {
        "count": 1.0,
        "sum": 8582.0,
        "mean": 8582.0,
        "median": 8582.0,
        "min": 8582,
        "max": 8582,
        "variance_ns2": null,
        "iqr_ns": 0.0,
        "q1_ns": 8582.0,
        "q3_ns": 8582.0
      },
      "futex_op_counts": {
        "128": 1
      },
      "first_seen_ts_ns": 348184620205,
      "last_seen_ts_ns": 348184620205
    },
    {
      "tgid": 11522,
      "comm": "lmp",
      "cgroup_id": 11462,
      "wait_duration_stats_ns": {
        "count": 1.0,
        "sum": 8179.0,
        "mean": 8179.0,
        "median": 8179.0,
        "min": 8179,
        "max": 8179,
        "variance_ns2": null,
        "iqr_ns": 0.0,
        "q1_ns": 8179.0,
        "q3_ns": 8179.0
      },
      "futex_op_counts": {
        "128": 1
      },
      "first_seen_ts_ns": 348184381279,
      "last_seen_ts_ns": 348184381279
    },
    {
      "tgid": 11490,
      "comm": "lmp",
      "cgroup_id": 11462,
      "wait_duration_stats_ns": {
        "count": 1.0,
        "sum": 8146.0,
        "mean": 8146.0,
        "median": 8146.0,
        "min": 8146,
        "max": 8146,
        "variance_ns2": null,
        "iqr_ns": 0.0,
        "q1_ns": 8146.0,
        "q3_ns": 8146.0
      },
      "futex_op_counts": {
        "128": 1
      },
      "first_seen_ts_ns": 348184591430,
      "last_seen_ts_ns": 348184591430
    },
    {
      "tgid": 11383,
      "comm": "lmp",
      "cgroup_id": 11462,
      "wait_duration_stats_ns": {
        "count": 1.0,
        "sum": 7980.0,
        "mean": 7980.0,
        "median": 7980.0,
        "min": 7980,
        "max": 7980,
        "variance_ns2": null,
        "iqr_ns": 0.0,
        "q1_ns": 7980.0,
        "q3_ns": 7980.0
      },
      "futex_op_counts": {
        "128": 1
      },
      "first_seen_ts_ns": 348184620250,
      "last_seen_ts_ns": 348184620250
    },
    {
      "tgid": 11486,
      "comm": "lmp",
      "cgroup_id": 11462,
      "wait_duration_stats_ns": {
        "count": 1.0,
        "sum": 7978.0,
        "mean": 7978.0,
        "median": 7978.0,
        "min": 7978,
        "max": 7978,
        "variance_ns2": null,
        "iqr_ns": 0.0,
        "q1_ns": 7978.0,
        "q3_ns": 7978.0
      },
      "futex_op_counts": {
        "128": 1
      },
      "first_seen_ts_ns": 348184051426,
      "last_seen_ts_ns": 348184051426
    },
    {
      "tgid": 11520,
      "comm": "lmp",
      "cgroup_id": 11462,
      "wait_duration_stats_ns": {
        "count": 1.0,
        "sum": 7695.0,
        "mean": 7695.0,
        "median": 7695.0,
        "min": 7695,
        "max": 7695,
        "variance_ns2": null,
        "iqr_ns": 0.0,
        "q1_ns": 7695.0,
        "q3_ns": 7695.0
      },
      "futex_op_counts": {
        "128": 1
      },
      "first_seen_ts_ns": 348184269408,
      "last_seen_ts_ns": 348184269408
    },
    {
      "tgid": 11542,
      "comm": "lmp",
      "cgroup_id": 11462,
      "wait_duration_stats_ns": {
        "count": 1.0,
        "sum": 7682.0,
        "mean": 7682.0,
        "median": 7682.0,
        "min": 7682,
        "max": 7682,
        "variance_ns2": null,
        "iqr_ns": 0.0,
        "q1_ns": 7682.0,
        "q3_ns": 7682.0
      },
      "futex_op_counts": {
        "128": 1
      },
      "first_seen_ts_ns": 348184273582,
      "last_seen_ts_ns": 348184273582
    },
    {
      "tgid": 11442,
      "comm": "lmp",
      "cgroup_id": 11462,
      "wait_duration_stats_ns": {
        "count": 1.0,
        "sum": 7621.0,
        "mean": 7621.0,
        "median": 7621.0,
        "min": 7621,
        "max": 7621,
        "variance_ns2": null,
        "iqr_ns": 0.0,
        "q1_ns": 7621.0,
        "q3_ns": 7621.0
      },
      "futex_op_counts": {
        "128": 1
      },
      "first_seen_ts_ns": 348184570978,
      "last_seen_ts_ns": 348184570978
    },
    {
      "tgid": 11444,
      "comm": "lmp",
      "cgroup_id": 11462,
      "wait_duration_stats_ns": {
        "count": 1.0,
        "sum": 7473.0,
        "mean": 7473.0,
        "median": 7473.0,
        "min": 7473,
        "max": 7473,
        "variance_ns2": null,
        "iqr_ns": 0.0,
        "q1_ns": 7473.0,
        "q3_ns": 7473.0
      },
      "futex_op_counts": {
        "128": 1
      },
      "first_seen_ts_ns": 348184400160,
      "last_seen_ts_ns": 348184400160
    },
    {
      "tgid": 11180,
      "comm": "ZMQbg/IO/0",
      "cgroup_id": 11462,
      "wait_duration_stats_ns": {
        "count": 7.0,
        "sum": 6215.0,
        "mean": 887.8571428571429,
        "median": 640.0,
        "min": 495,
        "max": 1645,
        "variance_ns2": 254291.14285714287,
        "iqr_ns": 64.44444444444446,
        "q1_ns": 575.5555555555555,
        "q3_ns": 640.0
      },
      "futex_op_counts": {
        "128": 7
      },
      "first_seen_ts_ns": 348209323003,
      "last_seen_ts_ns": 348212230797
    },
    {
      "tgid": 843,
      "comm": "multipathd",
      "cgroup_id": 1702,
      "wait_duration_stats_ns": {
        "count": 2.0,
        "sum": 5422.0,
        "mean": 2711.0,
        "median": 2968.0,
        "min": 2454,
        "max": 2968,
        "variance_ns2": 132098.0,
        "iqr_ns": 514.0,
        "q1_ns": 2454.0,
        "q3_ns": 2968.0
      },
      "futex_op_counts": {
        "128": 2
      },
      "first_seen_ts_ns": 330589640149,
      "last_seen_ts_ns": 343590430136
    }
  ]
}
[16:54:37] Cleanup complete.
