unlimited
PROGRAM: futex
Looking for /opt/programs/futex/ebpf-collect.c
[19:04:41] Starting eBPF (Tracepoints for futex syscalls).
[19:04:43] BPF program loaded and tracepoints automatically attached.
[19:04:43] Start Indicator file defined '/mnt/flux/start_ebpf_collection'. Waiting.
[19:05:14] Start indicator found. Proceeding.
[19:05:14] Ring buffers opened. Polling for events...
[19:06:43] 
Indicator file '/mnt/flux/stop_ebpf_collection' found. Stopping.
[19:06:43] Cleaning up BPF resources...
{
  "final_aggregated_futex_summary_river": [
    {
      "tgid": 6088,
      "comm": "containerd-shim",
      "cgroup_id": 6520,
      "wait_duration_stats_ns": {
        "count": 729.0,
        "sum": 614507096319.9996,
        "mean": 842945262.4417005,
        "median": 1908179.1719578553,
        "min": 751,
        "max": 19996934859,
        "variance_ns2": 6.239411611889801e+18,
        "iqr_ns": 35402311.30400795,
        "q1_ns": 215958.66427823156,
        "q3_ns": 35618269.96828618
      },
      "futex_op_counts": {
        "128": 729
      },
      "first_seen_ts_ns": 529187124423,
      "last_seen_ts_ns": 614727447044
    },
    {
      "tgid": 2247,
      "comm": "containerd",
      "cgroup_id": 6520,
      "wait_duration_stats_ns": {
        "count": 3277.0,
        "sum": 451221244630.99963,
        "mean": 137693391.70918512,
        "median": 398752.1144541463,
        "min": 4521,
        "max": 30008965736,
        "variance_ns2": 8.955303162571552e+17,
        "iqr_ns": 40375776.644569054,
        "q1_ns": 151925.3106139456,
        "q3_ns": 40527701.955183
      },
      "futex_op_counts": {
        "128": 3277
      },
      "first_seen_ts_ns": 496646419225,
      "last_seen_ts_ns": 616680509514
    },
    {
      "tgid": 5959,
      "comm": "containerd-shim",
      "cgroup_id": 6520,
      "wait_duration_stats_ns": {
        "count": 100.0,
        "sum": 437268732906.9999,
        "mean": 4372687329.069999,
        "median": 1115786562.9840817,
        "min": 1474,
        "max": 29999377538,
        "variance_ns2": 4.870244822418217e+19,
        "iqr_ns": 6229034198.565929,
        "q1_ns": 14198195.593551438,
        "q3_ns": 6243232394.159481
      },
      "futex_op_counts": {
        "128": 100
      },
      "first_seen_ts_ns": 529184667432,
      "last_seen_ts_ns": 614460982066
    },
    {
      "tgid": 4084,
      "comm": "containerd-shim",
      "cgroup_id": 6520,
      "wait_duration_stats_ns": {
        "count": 221.0,
        "sum": 429910624222.99963,
        "mean": 1945296942.1855187,
        "median": 6051004.912331814,
        "min": 707,
        "max": 29998202148,
        "variance_ns2": 1.8705080693241344e+19,
        "iqr_ns": 1190794358.3328526,
        "q1_ns": 817469.591622111,
        "q3_ns": 1191611827.9244747
      },
      "futex_op_counts": {
        "128": 221
      },
      "first_seen_ts_ns": 529178488239,
      "last_seen_ts_ns": 614457331472
    },
    {
      "tgid": 4014,
      "comm": "containerd-shim",
      "cgroup_id": 6520,
      "wait_duration_stats_ns": {
        "count": 211.0,
        "sum": 429296670512.99994,
        "mean": 2034581376.8388622,
        "median": 10359415.230178382,
        "min": 4642,
        "max": 29997234434,
        "variance_ns2": 1.8538089547209863e+19,
        "iqr_ns": 2162406715.6231685,
        "q1_ns": 173829.21078889613,
        "q3_ns": 2162580544.833957
      },
      "futex_op_counts": {
        "128": 211
      },
      "first_seen_ts_ns": 529191085740,
      "last_seen_ts_ns": 614452310962
    },
    {
      "tgid": 6993,
      "comm": "containerd-shim",
      "cgroup_id": 6520,
      "wait_duration_stats_ns": {
        "count": 206.0,
        "sum": 428091189120.9999,
        "mean": 2078112568.5485432,
        "median": 24929757.91740992,
        "min": 2650,
        "max": 29999966989,
        "variance_ns2": 2.2093035442169905e+19,
        "iqr_ns": 1555608510.6478348,
        "q1_ns": 2787575.669508385,
        "q3_ns": 1558396086.3173432
      },
      "futex_op_counts": {
        "128": 206
      },
      "first_seen_ts_ns": 496953737411,
      "last_seen_ts_ns": 616684540469
    },
    {
      "tgid": 4072,
      "comm": "containerd-shim",
      "cgroup_id": 6520,
      "wait_duration_stats_ns": {
        "count": 298.0,
        "sum": 424943325826.99994,
        "mean": 1425984314.8557045,
        "median": 5956600.349647479,
        "min": 4733,
        "max": 29997928105,
        "variance_ns2": 1.4160299316208757e+19,
        "iqr_ns": 99665254.7417194,
        "q1_ns": 198802.93349567562,
        "q3_ns": 99864057.67521507
      },
      "futex_op_counts": {
        "128": 298
      },
      "first_seen_ts_ns": 529181781567,
      "last_seen_ts_ns": 614459498523
    },
    {
      "tgid": 4450,
      "comm": "containerd-shim",
      "cgroup_id": 6520,
      "wait_duration_stats_ns": {
        "count": 208.0,
        "sum": 420441593879.00006,
        "mean": 2021353816.725962,
        "median": 6778755.509951167,
        "min": 1357,
        "max": 30003842879,
        "variance_ns2": 2.2215420450585833e+19,
        "iqr_ns": 713838921.085123,
        "q1_ns": 668070.6753067302,
        "q3_ns": 714506991.7604296
      },
      "futex_op_counts": {
        "128": 208
      },
      "first_seen_ts_ns": 529189846536,
      "last_seen_ts_ns": 615066046546
    },
    {
      "tgid": 2663,
      "comm": "containerd-shim",
      "cgroup_id": 6520,
      "wait_duration_stats_ns": {
        "count": 114.0,
        "sum": 417073403860.0001,
        "mean": 3658538630.3508782,
        "median": 422122079.9773878,
        "min": 1402,
        "max": 30001675604,
        "variance_ns2": 4.455075991488582e+19,
        "iqr_ns": 6852336437.109128,
        "q1_ns": 9556387.083326358,
        "q3_ns": 6861892824.192454
      },
      "futex_op_counts": {
        "128": 114
      },
      "first_seen_ts_ns": 529180722199,
      "last_seen_ts_ns": 616338008894
    },
    {
      "tgid": 5586,
      "comm": "containerd-shim",
      "cgroup_id": 6520,
      "wait_duration_stats_ns": {
        "count": 257.0,
        "sum": 412379850974.0,
        "mean": 1604590859.8210118,
        "median": 10104965.33495663,
        "min": 4623,
        "max": 29996901554,
        "variance_ns2": 1.6142973781872708e+19,
        "iqr_ns": 303261879.0947148,
        "q1_ns": 1324176.8303840852,
        "q3_ns": 304586055.9250989
      },
      "futex_op_counts": {
        "128": 257
      },
      "first_seen_ts_ns": 529183535517,
      "last_seen_ts_ns": 614460349044
    },
    {
      "tgid": 5192,
      "comm": "containerd-shim",
      "cgroup_id": 6520,
      "wait_duration_stats_ns": {
        "count": 197.0,
        "sum": 396937554595.9998,
        "mean": 2014911444.6497452,
        "median": 25709508.00926198,
        "min": 5229,
        "max": 29999810352,
        "variance_ns2": 1.7973006759779471e+19,
        "iqr_ns": 1338274661.4842713,
        "q1_ns": 2492988.281766474,
        "q3_ns": 1340767649.7660377
      },
      "futex_op_counts": {
        "128": 197
      },
      "first_seen_ts_ns": 529186983274,
      "last_seen_ts_ns": 614454846219
    },
    {
      "tgid": 4650,
      "comm": "containerd-shim",
      "cgroup_id": 6520,
      "wait_duration_stats_ns": {
        "count": 115.0,
        "sum": 386503556158.0001,
        "mean": 3360900488.3304358,
        "median": 326816758.4362919,
        "min": 4778,
        "max": 29991858444,
        "variance_ns2": 3.306429417356995e+19,
        "iqr_ns": 6816664252.707885,
        "q1_ns": 1268908.9470731374,
        "q3_ns": 6817933161.654958
      },
      "futex_op_counts": {
        "128": 115
      },
      "first_seen_ts_ns": 529179250340,
      "last_seen_ts_ns": 616142459647
    },
    {
      "tgid": 2402,
      "comm": "kubelet",
      "cgroup_id": 6640,
      "wait_duration_stats_ns": {
        "count": 7721.0,
        "sum": 344458078662.0001,
        "mean": 44613143.201916866,
        "median": 16264332.285420595,
        "min": 808,
        "max": 20232211876,
        "variance_ns2": 1.8376066676846707e+17,
        "iqr_ns": 40868223.71348505,
        "q1_ns": 3182799.622769316,
        "q3_ns": 44051023.336254366
      },
      "futex_op_counts": {
        "128": 7721
      },
      "first_seen_ts_ns": 496496020961,
      "last_seen_ts_ns": 616671549205
    },
    {
      "tgid": 2729,
      "comm": "kube-proxy",
      "cgroup_id": 7366,
      "wait_duration_stats_ns": {
        "count": 127.0,
        "sum": 299502008600.0,
        "mean": 2358283532.2834644,
        "median": 1007231529.8319535,
        "min": 6755,
        "max": 60041839949,
        "variance_ns2": 4.173601182582131e+19,
        "iqr_ns": 3997156641.8800564,
        "q1_ns": 40586729.679563075,
        "q3_ns": 4037743371.5596194
      },
      "futex_op_counts": {
        "128": 127
      },
      "first_seen_ts_ns": 498935683668,
      "last_seen_ts_ns": 611729776004
    },
    {
      "tgid": 2493,
      "comm": "node-problem-de",
      "cgroup_id": 6969,
      "wait_duration_stats_ns": {
        "count": 395.0,
        "sum": 275802076640.9999,
        "mean": 698233105.4202529,
        "median": 462224851.42750704,
        "min": 4575,
        "max": 30644597359,
        "variance_ns2": 5.130464021318369e+18,
        "iqr_ns": 946557538.9826353,
        "q1_ns": 53511532.53819881,
        "q3_ns": 1000069071.5208341
      },
      "futex_op_counts": {
        "128": 395
      },
      "first_seen_ts_ns": 498263690009,
      "last_seen_ts_ns": 616264530112
    },
    {
      "tgid": 5354,
      "comm": "proxy-agent",
      "cgroup_id": 9329,
      "wait_duration_stats_ns": {
        "count": 375.0,
        "sum": 272210664087.99988,
        "mean": 725895104.2346663,
        "median": 1774657.2482578387,
        "min": 5751,
        "max": 14207291561,
        "variance_ns2": 2.2204464348140288e+18,
        "iqr_ns": 818900594.2564838,
        "q1_ns": 940823.2038486777,
        "q3_ns": 819841417.4603325
      },
      "futex_op_counts": {
        "128": 375
      },
      "first_seen_ts_ns": 499347256874,
      "last_seen_ts_ns": 615287757504
    },
    {
      "tgid": 5130,
      "comm": "fluent-bit-gke-",
      "cgroup_id": 9092,
      "wait_duration_stats_ns": {
        "count": 254.0,
        "sum": 270699623942.0,
        "mean": 1065746550.9527559,
        "median": 621476654.0548229,
        "min": 5409,
        "max": 25612258292,
        "variance_ns2": 5.055312679825635e+18,
        "iqr_ns": 1403770040.8703275,
        "q1_ns": 82942165.14915824,
        "q3_ns": 1486712206.0194857
      },
      "futex_op_counts": {
        "128": 254
      },
      "first_seen_ts_ns": 497002661276,
      "last_seen_ts_ns": 615897061808
    },
    {
      "tgid": 663,
      "comm": "google_osconfig",
      "cgroup_id": 4234,
      "wait_duration_stats_ns": {
        "count": 90.0,
        "sum": 269995177822.99997,
        "mean": 2999946420.255555,
        "median": 181633203.1408902,
        "min": 28592,
        "max": 30003048357,
        "variance_ns2": 3.0614354727009473e+19,
        "iqr_ns": 4557917689.797897,
        "q1_ns": 90024999.45389716,
        "q3_ns": 4647942689.251795
      },
      "futex_op_counts": {
        "128": 90
      },
      "first_seen_ts_ns": 529794695304,
      "last_seen_ts_ns": 615079685062
    },
    {
      "tgid": 6628,
      "comm": "dcgm-exporter",
      "cgroup_id": 10514,
      "wait_duration_stats_ns": {
        "count": 52.0,
        "sum": 269954165689.0001,
        "mean": 5191426263.250002,
        "median": 790060204.5181589,
        "min": 6020,
        "max": 29997294965,
        "variance_ns2": 7.155199577710477e+19,
        "iqr_ns": 10951976800.031136,
        "q1_ns": 35403671.01671622,
        "q3_ns": 10987380471.047852
      },
      "futex_op_counts": {
        "128": 52
      },
      "first_seen_ts_ns": 529855354051,
      "last_seen_ts_ns": 601854049455
    },
    {
      "tgid": 5003,
      "comm": "gpu-maintenance",
      "cgroup_id": 8855,
      "wait_duration_stats_ns": {
        "count": 175.0,
        "sum": 269653615089.99982,
        "mean": 1540877800.5142846,
        "median": 53567612.02336509,
        "min": 6095,
        "max": 19864575876,
        "variance_ns2": 1.099056919105342e+19,
        "iqr_ns": 3491053142.0010314,
        "q1_ns": 2713834.0712732547,
        "q3_ns": 3493766976.0723047
      },
      "futex_op_counts": {
        "128": 175
      },
      "first_seen_ts_ns": 531338854500,
      "last_seen_ts_ns": 611339066487
    },
    {
      "tgid": 6475,
      "comm": "config-reloader",
      "cgroup_id": 10435,
      "wait_duration_stats_ns": {
        "count": 35.0,
        "sum": 267553240304.99997,
        "mean": 7644378294.428571,
        "median": 6499822116.938223,
        "min": 2811,
        "max": 59996484313,
        "variance_ns2": 1.0330466856046277e+20,
        "iqr_ns": 8346080777.298481,
        "q1_ns": 1807493036.342247,
        "q3_ns": 10153573813.640728
      },
      "futex_op_counts": {
        "128": 35
      },
      "first_seen_ts_ns": 530153100386,
      "last_seen_ts_ns": 612711213927
    },
    {
      "tgid": 6305,
      "comm": "prometheus",
      "cgroup_id": 10277,
      "wait_duration_stats_ns": {
        "count": 4376.0,
        "sum": 260285810057.99982,
        "mean": 59480303.94378424,
        "median": 42687595.93585664,
        "min": 5483,
        "max": 5952433409,
        "variance_ns2": 6.780078022156325e+16,
        "iqr_ns": 10559035.247226462,
        "q1_ns": 39604484.03998456,
        "q3_ns": 50163519.28721102
      },
      "futex_op_counts": {
        "128": 4376
      },
      "first_seen_ts_ns": 496494873397,
      "last_seen_ts_ns": 616649637423
    },
    {
      "tgid": 4305,
      "comm": "event-exporter",
      "cgroup_id": 8216,
      "wait_duration_stats_ns": {
        "count": 79.0,
        "sum": 250549140146.00006,
        "mean": 3171508103.113925,
        "median": 2523879052.664192,
        "min": 128139,
        "max": 30002728991,
        "variance_ns2": 2.0202608742694527e+19,
        "iqr_ns": 3694328129.672165,
        "q1_ns": 335841107.89052165,
        "q3_ns": 4030169237.5626864
      },
      "futex_op_counts": {
        "128": 79
      },
      "first_seen_ts_ns": 528313681649,
      "last_seen_ts_ns": 613321569920
    },
    {
      "tgid": 661,
      "comm": "google_guest_ag",
      "cgroup_id": 4174,
      "wait_duration_stats_ns": {
        "count": 75.0,
        "sum": 239839799677.0,
        "mean": 3197863995.693333,
        "median": 2722492037.095482,
        "min": 4605,
        "max": 55063856987,
        "variance_ns2": 4.0896073438054605e+19,
        "iqr_ns": 3942184401.26289,
        "q1_ns": 414740352.1153956,
        "q3_ns": 4356924753.378285
      },
      "futex_op_counts": {
        "128": 75
      },
      "first_seen_ts_ns": 529794893032,
      "last_seen_ts_ns": 615980745195
    },
    {
      "tgid": 5298,
      "comm": "main",
      "cgroup_id": 9250,
      "wait_duration_stats_ns": {
        "count": 101.0,
        "sum": 239833432724.0,
        "mean": 2374588442.811881,
        "median": 1084285234.61631,
        "min": 5374,
        "max": 59932681685,
        "variance_ns2": 3.894150896052053e+19,
        "iqr_ns": 5096144150.7855,
        "q1_ns": 39742401.664550394,
        "q3_ns": 5135886552.45005
      },
      "futex_op_counts": {
        "128": 101
      },
      "first_seen_ts_ns": 531088514883,
      "last_seen_ts_ns": 616093220212
    },
    {
      "tgid": 5437,
      "comm": "main",
      "cgroup_id": 9408,
      "wait_duration_stats_ns": {
        "count": 101.0,
        "sum": 239807883389.0001,
        "mean": 2374335479.099011,
        "median": 354680682.96145236,
        "min": 5510,
        "max": 59965469307,
        "variance_ns2": 3.9189313061173944e+19,
        "iqr_ns": 4869794018.946852,
        "q1_ns": 20255445.512024164,
        "q3_ns": 4890049464.458876
      },
      "futex_op_counts": {
        "128": 101
      },
      "first_seen_ts_ns": 498446362198,
      "last_seen_ts_ns": 613449798469
    },
    {
      "tgid": 4747,
      "comm": "main",
      "cgroup_id": 8776,
      "wait_duration_stats_ns": {
        "count": 126.0,
        "sum": 229437191628.99994,
        "mean": 1820930092.2936504,
        "median": 969456480.5049396,
        "min": 5220,
        "max": 59883890212,
        "variance_ns2": 3.2044419343248675e+19,
        "iqr_ns": 4245109254.761211,
        "q1_ns": 34250105.864403054,
        "q3_ns": 4279359360.625614
      },
      "futex_op_counts": {
        "128": 126
      },
      "first_seen_ts_ns": 497178619725,
      "last_seen_ts_ns": 612212099642
    },
    {
      "tgid": 4740,
      "comm": "monitor",
      "cgroup_id": 8697,
      "wait_duration_stats_ns": {
        "count": 43.0,
        "sum": 219775362738.0,
        "mean": 5111054947.395349,
        "median": 5227065964.561693,
        "min": 32825,
        "max": 59963461663,
        "variance_ns2": 9.589164161112639e+19,
        "iqr_ns": 5679440549.78524,
        "q1_ns": 436304768.21752906,
        "q3_ns": 6115745318.002769
      },
      "futex_op_counts": {
        "128": 43
      },
      "first_seen_ts_ns": 537146159012,
      "last_seen_ts_ns": 607156046028
    },
    {
      "tgid": 6069,
      "comm": "nvidia-gpu-devi",
      "cgroup_id": 10040,
      "wait_duration_stats_ns": {
        "count": 150.0,
        "sum": 211478685001.99994,
        "mean": 1409857900.0133328,
        "median": 968198967.3280017,
        "min": 5751,
        "max": 30001098099,
        "variance_ns2": 7.500263255365318e+18,
        "iqr_ns": 448484414.24782586,
        "q1_ns": 485872778.00496864,
        "q3_ns": 934357192.2527945
      },
      "futex_op_counts": {
        "128": 150
      },
      "first_seen_ts_ns": 497249578951,
      "last_seen_ts_ns": 616249580802
    },
    {
      "tgid": 1458,
      "comm": "dockerd",
      "cgroup_id": 6400,
      "wait_duration_stats_ns": {
        "count": 25.0,
        "sum": 190089781130.00003,
        "mean": 7603591245.200001,
        "median": 9518303207.159508,
        "min": 8250667,
        "max": 10009935460,
        "variance_ns2": 1.884720150526128e+19,
        "iqr_ns": 2716893240.6592064,
        "q1_ns": 7230136001.577688,
        "q3_ns": 9947029242.236895
      },
      "futex_op_counts": {
        "128": 25
      },
      "first_seen_ts_ns": 533444968359,
      "last_seen_ts_ns": 613565349321
    },
    {
      "tgid": 6350,
      "comm": "main",
      "cgroup_id": 10356,
      "wait_duration_stats_ns": {
        "count": 69.0,
        "sum": 169972012439.00003,
        "mean": 2463362499.1159425,
        "median": 1420667457.215738,
        "min": 5915,
        "max": 5003211637,
        "variance_ns2": 6.203853686841568e+18,
        "iqr_ns": 4889188763.406175,
        "q1_ns": 101370354.3807554,
        "q3_ns": 4990559117.78693
      },
      "futex_op_counts": {
        "128": 69
      },
      "first_seen_ts_ns": 496761288082,
      "last_seen_ts_ns": 611783297260
    },
    {
      "tgid": 6844,
      "comm": "gce-pd-csi-driv",
      "cgroup_id": 10593,
      "wait_duration_stats_ns": {
        "count": 163.0,
        "sum": 90761646814.00003,
        "mean": 556819919.1042947,
        "median": 589904226.8947204,
        "min": 73777338,
        "max": 599959776,
        "variance_ns2": 1.1892510090872564e+16,
        "iqr_ns": 78746.97487151623,
        "q1_ns": 589834128.5962468,
        "q3_ns": 589912875.5711184
      },
      "futex_op_counts": {
        "128": 163
      },
      "first_seen_ts_ns": 497135383152,
      "last_seen_ts_ns": 616535353594
    },
    {
      "tgid": 4382,
      "comm": "otelsvc",
      "cgroup_id": 8295,
      "wait_duration_stats_ns": {
        "count": 364.0,
        "sum": 89630920677.00003,
        "mean": 246238793.06868142,
        "median": 311724708.54255575,
        "min": 5426,
        "max": 498715729,
        "variance_ns2": 5.077030588232998e+16,
        "iqr_ns": 485279767.12583196,
        "q1_ns": 2721338.3953407956,
        "q3_ns": 488001105.52117276
      },
      "futex_op_counts": {
        "128": 364
      },
      "first_seen_ts_ns": 496866320816,
      "last_seen_ts_ns": 616366317468
    },
    {
      "tgid": 6261,
      "comm": "csi-node-driver",
      "cgroup_id": 10198,
      "wait_duration_stats_ns": {
        "count": 1.0,
        "sum": 60000162099.0,
        "mean": 60000162099.0,
        "median": 60000162099.0,
        "min": 60000162099,
        "max": 60000162099,
        "variance_ns2": null,
        "iqr_ns": 0.0,
        "q1_ns": 60000162099.0,
        "q3_ns": 60000162099.0
      },
      "futex_op_counts": {
        "128": 1
      },
      "first_seen_ts_ns": 563242158310,
      "last_seen_ts_ns": 563242158310
    },
    {
      "tgid": 8476,
      "comm": "runc",
      "cgroup_id": 6520,
      "wait_duration_stats_ns": {
        "count": 286.0,
        "sum": 340460777.00000006,
        "mean": 1190422.2972027974,
        "median": 63134.738984389456,
        "min": 776,
        "max": 40171098,
        "variance_ns2": 31584820157033.49,
        "iqr_ns": 321266.7800559637,
        "q1_ns": 18093.1356591198,
        "q3_ns": 339359.91571508354
      },
      "futex_op_counts": {
        "128": 286
      },
      "first_seen_ts_ns": 533685275297,
      "last_seen_ts_ns": 533734525481
    },
    {
      "tgid": 8519,
      "comm": "runc",
      "cgroup_id": 6520,
      "wait_duration_stats_ns": {
        "count": 310.0,
        "sum": 331299604.00000006,
        "mean": 1068708.4000000001,
        "median": 62080.98392851668,
        "min": 735,
        "max": 35193180,
        "variance_ns2": 26652745402237.97,
        "iqr_ns": 301491.6516154137,
        "q1_ns": 18572.071618276634,
        "q3_ns": 320063.72323369037
      },
      "futex_op_counts": {
        "128": 310
      },
      "first_seen_ts_ns": 553685190038,
      "last_seen_ts_ns": 553728737893
    },
    {
      "tgid": 8499,
      "comm": "runc",
      "cgroup_id": 6520,
      "wait_duration_stats_ns": {
        "count": 301.0,
        "sum": 310277283.0,
        "mean": 1030821.53820598,
        "median": 57199.018268796186,
        "min": 715,
        "max": 43064997,
        "variance_ns2": 28111115083260.918,
        "iqr_ns": 324986.78659038147,
        "q1_ns": 19161.031152024447,
        "q3_ns": 344147.8177424059
      },
      "futex_op_counts": {
        "128": 301
      },
      "first_seen_ts_ns": 543683994573,
      "last_seen_ts_ns": 543733956198
    },
    {
      "tgid": 8603,
      "comm": "runc",
      "cgroup_id": 6520,
      "wait_duration_stats_ns": {
        "count": 219.0,
        "sum": 295430525.0,
        "mean": 1348997.8310502283,
        "median": 106469.72181157772,
        "min": 1408,
        "max": 37412708,
        "variance_ns2": 36673339054634.98,
        "iqr_ns": 289744.8642455899,
        "q1_ns": 14891.396345241566,
        "q3_ns": 304636.26059083146
      },
      "futex_op_counts": {
        "128": 219
      },
      "first_seen_ts_ns": 573694659684,
      "last_seen_ts_ns": 573737688897
    },
    {
      "tgid": 8654,
      "comm": "runc",
      "cgroup_id": 6520,
      "wait_duration_stats_ns": {
        "count": 290.0,
        "sum": 294753109.0000001,
        "mean": 1016390.0310344831,
        "median": 52235.486883735226,
        "min": 653,
        "max": 40325077,
        "variance_ns2": 27394692937416.438,
        "iqr_ns": 247544.85332268823,
        "q1_ns": 15895.0706221621,
        "q3_ns": 263439.92394485034
      },
      "futex_op_counts": {
        "128": 290
      },
      "first_seen_ts_ns": 593685742334,
      "last_seen_ts_ns": 593732925752
    },
    {
      "tgid": 8570,
      "comm": "runc",
      "cgroup_id": 6520,
      "wait_duration_stats_ns": {
        "count": 252.0,
        "sum": 279220681.00000006,
        "mean": 1108018.5753968256,
        "median": 38359.89624937516,
        "min": 4811,
        "max": 39428598,
        "variance_ns2": 33886721974299.11,
        "iqr_ns": 284756.0338278328,
        "q1_ns": 12394.17302436488,
        "q3_ns": 297150.20685219765
      },
      "futex_op_counts": {
        "128": 252
      },
      "first_seen_ts_ns": 563689620624,
      "last_seen_ts_ns": 563734690057
    },
    {
      "tgid": 8676,
      "comm": "runc",
      "cgroup_id": 6520,
      "wait_duration_stats_ns": {
        "count": 268.0,
        "sum": 268068944.0,
        "mean": 1000257.2537313433,
        "median": 46088.68909294893,
        "min": 4980,
        "max": 32770921,
        "variance_ns2": 24345812159386.234,
        "iqr_ns": 322241.3524926276,
        "q1_ns": 12823.936695352255,
        "q3_ns": 335065.2891879798
      },
      "futex_op_counts": {
        "128": 268
      },
      "first_seen_ts_ns": 603684706261,
      "last_seen_ts_ns": 603723770129
    },
    {
      "tgid": 8631,
      "comm": "runc",
      "cgroup_id": 6520,
      "wait_duration_stats_ns": {
        "count": 282.0,
        "sum": 251916013.99999997,
        "mean": 893319.1985815602,
        "median": 39342.166480110885,
        "min": 677,
        "max": 36309512,
        "variance_ns2": 21977223508296.562,
        "iqr_ns": 153489.4245326626,
        "q1_ns": 15018.327542760437,
        "q3_ns": 168507.75207542305
      },
      "futex_op_counts": {
        "128": 282
      },
      "first_seen_ts_ns": 583686089186,
      "last_seen_ts_ns": 583728887599
    },
    {
      "tgid": 8697,
      "comm": "gce_workload_ce",
      "cgroup_id": 11127,
      "wait_duration_stats_ns": {
        "count": 21.0,
        "sum": 227060146.99999997,
        "mean": 10812387.952380951,
        "median": 861050.5561157408,
        "min": 6240,
        "max": 61841427,
        "variance_ns2": 378588567102308.94,
        "iqr_ns": 9432995.58090883,
        "q1_ns": 147123.59470486114,
        "q3_ns": 9580119.17561369
      },
      "futex_op_counts": {
        "128": 21
      },
      "first_seen_ts_ns": 612416678265,
      "last_seen_ts_ns": 612478657265
    },
    {
      "tgid": 8705,
      "comm": "runc",
      "cgroup_id": 6520,
      "wait_duration_stats_ns": {
        "count": 219.0,
        "sum": 220446843.0,
        "mean": 1006606.5890410959,
        "median": 49478.04610236811,
        "min": 5017,
        "max": 31807501,
        "variance_ns2": 25709020635204.82,
        "iqr_ns": 281333.7622960164,
        "q1_ns": 9765.868097006627,
        "q3_ns": 291099.630393023
      },
      "futex_op_counts": {
        "128": 219
      },
      "first_seen_ts_ns": 613683303846,
      "last_seen_ts_ns": 613720441419
    },
    {
      "tgid": 8587,
      "comm": "runc:[2:INIT]",
      "cgroup_id": 10198,
      "wait_duration_stats_ns": {
        "count": 43.0,
        "sum": 128941393.99999997,
        "mean": 2998637.069767441,
        "median": 192856.3971161603,
        "min": 5502,
        "max": 25915285,
        "variance_ns2": 46723970038262.54,
        "iqr_ns": 1999202.184785042,
        "q1_ns": 35003.88685371166,
        "q3_ns": 2034206.0716387536
      },
      "futex_op_counts": {
        "128": 43
      },
      "first_seen_ts_ns": 563702607731,
      "last_seen_ts_ns": 563734631441
    },
    {
      "tgid": 8510,
      "comm": "runc:[2:INIT]",
      "cgroup_id": 10198,
      "wait_duration_stats_ns": {
        "count": 31.0,
        "sum": 120659744.99999999,
        "mean": 3892249.838709677,
        "median": 850014.0341427816,
        "min": 11880,
        "max": 23082243,
        "variance_ns2": 49712757314444.14,
        "iqr_ns": 4641954.355626779,
        "q1_ns": 107334.33248590598,
        "q3_ns": 4749288.6881126845
      },
      "futex_op_counts": {
        "128": 31
      },
      "first_seen_ts_ns": 543702381070,
      "last_seen_ts_ns": 543734038713
    },
    {
      "tgid": 8488,
      "comm": "runc:[2:INIT]",
      "cgroup_id": 10198,
      "wait_duration_stats_ns": {
        "count": 25.0,
        "sum": 120199102.0,
        "mean": 4807964.08,
        "median": 1747146.3420315892,
        "min": 710,
        "max": 23035099,
        "variance_ns2": 56325495663358.5,
        "iqr_ns": 6860586.952542017,
        "q1_ns": 321318.53448624886,
        "q3_ns": 7181905.487028266
      },
      "futex_op_counts": {
        "128": 25
      },
      "first_seen_ts_ns": 533704799018,
      "last_seen_ts_ns": 533734375290
    },
    {
      "tgid": 8665,
      "comm": "runc:[2:INIT]",
      "cgroup_id": 10198,
      "wait_duration_stats_ns": {
        "count": 26.0,
        "sum": 114175543.00000001,
        "mean": 4391367.038461539,
        "median": 830985.1742431317,
        "min": 7481,
        "max": 22762377,
        "variance_ns2": 53522203605740.51,
        "iqr_ns": 4402875.128658919,
        "q1_ns": 108051.42880214179,
        "q3_ns": 4510926.557461061
      },
      "futex_op_counts": {
        "128": 26
      },
      "first_seen_ts_ns": 593706048244,
      "last_seen_ts_ns": 593734033217
    },
    {
      "tgid": 8642,
      "comm": "runc:[2:INIT]",
      "cgroup_id": 10198,
      "wait_duration_stats_ns": {
        "count": 38.0,
        "sum": 113802410.0,
        "mean": 2994800.263157895,
        "median": 423378.1497187239,
        "min": 12370,
        "max": 23144622,
        "variance_ns2": 41780402118685.33,
        "iqr_ns": 3044904.487828326,
        "q1_ns": 85132.41461364843,
        "q3_ns": 3130036.9024419743
      },
      "futex_op_counts": {
        "128": 38
      },
      "first_seen_ts_ns": 583701927184,
      "last_seen_ts_ns": 583730825072
    },
    {
      "tgid": 8716,
      "comm": "runc:[2:INIT]",
      "cgroup_id": 10198,
      "wait_duration_stats_ns": {
        "count": 29.0,
        "sum": 112423714.00000001,
        "mean": 3876679.7931034486,
        "median": 832826.7133288387,
        "min": 753,
        "max": 19777499,
        "variance_ns2": 37705738815097.67,
        "iqr_ns": 5425410.097891493,
        "q1_ns": 172322.9835361909,
        "q3_ns": 5597733.081427684
      },
      "futex_op_counts": {
        "128": 29
      },
      "first_seen_ts_ns": 613692833514,
      "last_seen_ts_ns": 613720504857
    },
    {
      "tgid": 8688,
      "comm": "runc:[2:INIT]",
      "cgroup_id": 10198,
      "wait_duration_stats_ns": {
        "count": 28.0,
        "sum": 110435954.0,
        "mean": 3944141.214285714,
        "median": 432492.89374066505,
        "min": 970,
        "max": 23353968,
        "variance_ns2": 54234349426064.016,
        "iqr_ns": 3676763.4783112556,
        "q1_ns": 30574.54088137167,
        "q3_ns": 3707338.019192627
      },
      "futex_op_counts": {
        "128": 28
      },
      "first_seen_ts_ns": 603697225942,
      "last_seen_ts_ns": 603725617530
    },
    {
      "tgid": 8532,
      "comm": "runc:[2:INIT]",
      "cgroup_id": 10198,
      "wait_duration_stats_ns": {
        "count": 29.0,
        "sum": 99823949.0,
        "mean": 3442205.1379310344,
        "median": 526720.4767916428,
        "min": 5462,
        "max": 21239425,
        "variance_ns2": 43800840629491.555,
        "iqr_ns": 3049007.986071368,
        "q1_ns": 78533.73513143937,
        "q3_ns": 3127541.7212028075
      },
      "futex_op_counts": {
        "128": 29
      },
      "first_seen_ts_ns": 553703342378,
      "last_seen_ts_ns": 553728718103
    },
    {
      "tgid": 8615,
      "comm": "runc:[2:INIT]",
      "cgroup_id": 10198,
      "wait_duration_stats_ns": {
        "count": 41.0,
        "sum": 92919332.0,
        "mean": 2266325.1707317075,
        "median": 292830.897821583,
        "min": 11571,
        "max": 22930768,
        "variance_ns2": 28820707641608.65,
        "iqr_ns": 2073413.1559018195,
        "q1_ns": 90091.21462678758,
        "q3_ns": 2163504.370528607
      },
      "futex_op_counts": {
        "128": 41
      },
      "first_seen_ts_ns": 573709076884,
      "last_seen_ts_ns": 573739426947
    },
    {
      "tgid": 8665,
      "comm": "csi-node-driver",
      "cgroup_id": 10198,
      "wait_duration_stats_ns": {
        "count": 14.0,
        "sum": 14403240.0,
        "mean": 1028802.8571428572,
        "median": 501138.14920634916,
        "min": 15767,
        "max": 3213238,
        "variance_ns2": 1253260400814.2856,
        "iqr_ns": 1689424.1629960313,
        "q1_ns": 106063.0,
        "q3_ns": 1795487.1629960313
      },
      "futex_op_counts": {
        "128": 14
      },
      "first_seen_ts_ns": 593737128532,
      "last_seen_ts_ns": 593741765478
    },
    {
      "tgid": 8532,
      "comm": "csi-node-driver",
      "cgroup_id": 10198,
      "wait_duration_stats_ns": {
        "count": 16.0,
        "sum": 11996056.0,
        "mean": 749753.5,
        "median": 72025.62777777779,
        "min": 14730,
        "max": 4042289,
        "variance_ns2": 1276543355964.5337,
        "iqr_ns": 556395.6461175409,
        "q1_ns": 94393.68733924898,
        "q3_ns": 650789.3334567898
      },
      "futex_op_counts": {
        "128": 16
      },
      "first_seen_ts_ns": 553732380365,
      "last_seen_ts_ns": 553738369943
    },
    {
      "tgid": 8587,
      "comm": "csi-node-driver",
      "cgroup_id": 10198,
      "wait_duration_stats_ns": {
        "count": 14.0,
        "sum": 10730127.0,
        "mean": 766437.6428571428,
        "median": 136344.512345679,
        "min": 12657,
        "max": 2734572,
        "variance_ns2": 1177817207271.478,
        "iqr_ns": 726769.7449074073,
        "q1_ns": 37580.3125,
        "q3_ns": 764350.0574074073
      },
      "futex_op_counts": {
        "128": 14
      },
      "first_seen_ts_ns": 563736601614,
      "last_seen_ts_ns": 563742173983
    },
    {
      "tgid": 8642,
      "comm": "csi-node-driver",
      "cgroup_id": 10198,
      "wait_duration_stats_ns": {
        "count": 18.0,
        "sum": 10064040.0,
        "mean": 559113.3333333334,
        "median": 34263.10833333332,
        "min": 12116,
        "max": 2581956,
        "variance_ns2": 828846266595.7646,
        "iqr_ns": 240409.99481481474,
        "q1_ns": 25192.277777777777,
        "q3_ns": 265602.2725925925
      },
      "futex_op_counts": {
        "128": 18
      },
      "first_seen_ts_ns": 583733696438,
      "last_seen_ts_ns": 583739023462
    },
    {
      "tgid": 8716,
      "comm": "csi-node-driver",
      "cgroup_id": 10198,
      "wait_duration_stats_ns": {
        "count": 16.0,
        "sum": 9570950.999999998,
        "mean": 598184.4374999999,
        "median": 108064.05121527778,
        "min": 1256,
        "max": 2153418,
        "variance_ns2": 672608160566.1292,
        "iqr_ns": 920031.4214285713,
        "q1_ns": 14213.116666666676,
        "q3_ns": 934244.538095238
      },
      "futex_op_counts": {
        "128": 16
      },
      "first_seen_ts_ns": 613722568792,
      "last_seen_ts_ns": 613726686335
    },
    {
      "tgid": 8510,
      "comm": "csi-node-driver",
      "cgroup_id": 10198,
      "wait_duration_stats_ns": {
        "count": 15.0,
        "sum": 8713040.999999998,
        "mean": 580869.3999999999,
        "median": 288524.027717939,
        "min": 12683,
        "max": 2538688,
        "variance_ns2": 665040101069.1143,
        "iqr_ns": 664573.3736882714,
        "q1_ns": 33943.070756172856,
        "q3_ns": 698516.4444444443
      },
      "futex_op_counts": {
        "128": 15
      },
      "first_seen_ts_ns": 543737525023,
      "last_seen_ts_ns": 543741831584
    },
    {
      "tgid": 8488,
      "comm": "csi-node-driver",
      "cgroup_id": 10198,
      "wait_duration_stats_ns": {
        "count": 15.0,
        "sum": 8618438.000000002,
        "mean": 574562.5333333334,
        "median": 171863.89660493826,
        "min": 8184,
        "max": 2876059,
        "variance_ns2": 862806273512.6954,
        "iqr_ns": 611868.359375,
        "q1_ns": 17353.109375,
        "q3_ns": 629221.46875
      },
      "futex_op_counts": {
        "128": 15
      },
      "first_seen_ts_ns": 533737373642,
      "last_seen_ts_ns": 533742060196
    },
    {
      "tgid": 8615,
      "comm": "csi-node-driver",
      "cgroup_id": 10198,
      "wait_duration_stats_ns": {
        "count": 17.0,
        "sum": 8184813.999999999,
        "mean": 481459.6470588235,
        "median": 79455.19200140372,
        "min": 16827,
        "max": 2302491,
        "variance_ns2": 552201592867.9927,
        "iqr_ns": 698087.6313214486,
        "q1_ns": 36692.53163580248,
        "q3_ns": 734780.1629572511
      },
      "futex_op_counts": {
        "128": 17
      },
      "first_seen_ts_ns": 573742654231,
      "last_seen_ts_ns": 573746826096
    },
    {
      "tgid": 8688,
      "comm": "csi-node-driver",
      "cgroup_id": 10198,
      "wait_duration_stats_ns": {
        "count": 18.0,
        "sum": 7585389.0,
        "mean": 421410.5,
        "median": 75624.22780970983,
        "min": 12408,
        "max": 2080597,
        "variance_ns2": 449709663415.44116,
        "iqr_ns": 87932.77831790128,
        "q1_ns": 35120.729089506174,
        "q3_ns": 123053.50740740745
      },
      "futex_op_counts": {
        "128": 18
      },
      "first_seen_ts_ns": 603727401667,
      "last_seen_ts_ns": 603731291394
    },
    {
      "tgid": 8294,
      "comm": "flux-broker-5",
      "cgroup_id": 11048,
      "wait_duration_stats_ns": {
        "count": 117.0,
        "sum": 3677081.0,
        "mean": 31428.042735042734,
        "median": 11825.679102687696,
        "min": 1279,
        "max": 1232190,
        "variance_ns2": 13774896953.903328,
        "iqr_ns": 23789.618819125542,
        "q1_ns": 6982.252546184454,
        "q3_ns": 30771.87136531
      },
      "futex_op_counts": {
        "128": 117
      },
      "first_seen_ts_ns": 527665269263,
      "last_seen_ts_ns": 616677823741
    },
    {
      "tgid": 8542,
      "comm": "lmp_gpu",
      "cgroup_id": 11048,
      "wait_duration_stats_ns": {
        "count": 1.0,
        "sum": 93600.0,
        "mean": 93600.0,
        "median": 93600.0,
        "min": 93600,
        "max": 93600,
        "variance_ns2": null,
        "iqr_ns": 0.0,
        "q1_ns": 93600.0,
        "q3_ns": 93600.0
      },
      "futex_op_counts": {
        "128": 1
      },
      "first_seen_ts_ns": 582796093648,
      "last_seen_ts_ns": 582796093648
    },
    {
      "tgid": 8624,
      "comm": "lmp_gpu",
      "cgroup_id": 11048,
      "wait_duration_stats_ns": {
        "count": 1.0,
        "sum": 79206.0,
        "mean": 79206.0,
        "median": 79206.0,
        "min": 79206,
        "max": 79206,
        "variance_ns2": null,
        "iqr_ns": 0.0,
        "q1_ns": 79206.0,
        "q3_ns": 79206.0
      },
      "futex_op_counts": {
        "128": 1
      },
      "first_seen_ts_ns": 610534414795,
      "last_seen_ts_ns": 610534414795
    },
    {
      "tgid": 8459,
      "comm": "lmp_gpu",
      "cgroup_id": 11048,
      "wait_duration_stats_ns": {
        "count": 1.0,
        "sum": 76874.0,
        "mean": 76874.0,
        "median": 76874.0,
        "min": 76874,
        "max": 76874,
        "variance_ns2": null,
        "iqr_ns": 0.0,
        "q1_ns": 76874.0,
        "q3_ns": 76874.0
      },
      "futex_op_counts": {
        "128": 1
      },
      "first_seen_ts_ns": 555417280949,
      "last_seen_ts_ns": 555417280949
    },
    {
      "tgid": 186,
      "comm": "multipathd",
      "cgroup_id": 1702,
      "wait_duration_stats_ns": {
        "count": 8.0,
        "sum": 25074.0,
        "mean": 3134.25,
        "median": 1593.0,
        "min": 837,
        "max": 14349,
        "variance_ns2": 20699953.35714286,
        "iqr_ns": 466.0,
        "q1_ns": 1318.0,
        "q3_ns": 1784.0
      },
      "futex_op_counts": {
        "128": 8
      },
      "first_seen_ts_ns": 496847382747,
      "last_seen_ts_ns": 601854871306
    }
  ]
}
[19:06:43] Cleanup complete.
