unlimited
PROGRAM: cpu
Looking for /opt/programs/cpu/ebpf-collect.c
[14:55:19] Waiting for start indicator file: '/mnt/flux/start_ebpf_collection'.
[14:55:31] Start indicator found. Proceeding with monitoring.
[14:55:31] Initializing eBPF for CPU Scheduling monitoring...
[14:55:32] BPF C code compiled and loaded.
[14:55:32] Attached tracepoints.
[14:55:32] Monitoring CPU scheduling events (polling aggregated map)... Press Ctrl+C to stop.
[14:56:41] Stop indicator file '/mnt/flux/stop_ebpf_collection' found. Stopping.
[14:56:41] Initiating cleanup sequence...
{
  "final_aggregated_summary_river": [
    {
      "tgid": 113,
      "comm": "python3",
      "cgroup_id": 9250,
      "on_cpu_stats_ns": {
        "count": 506.0,
        "sum_ns": 13476979.813432006,
        "mean_ns": 26634.347457375505,
        "median_ns": 22010.269192376363,
        "min_ns": 4472.0,
        "max_ns": 200057.0,
        "variance_ns2": 442746924.37867415,
        "iqr_ns": 16708.7704825652,
        "q1_ns": 14775.7438780702,
        "q3_ns": 31484.5143606354
      },
      "runq_latency_stats_ns": {
        "count": 506.0,
        "sum_ns": 44633030.469456404,
        "mean_ns": 88207.57009773992,
        "median_ns": 6174.822786553598,
        "min_ns": 923.8,
        "max_ns": 3051225.0,
        "variance_ns2": 192606521544.5794,
        "iqr_ns": 43167.732433196536,
        "q1_ns": 3857.869561286444,
        "q3_ns": 47025.60199448298
      },
      "first_seen_ts_ns": 1747580132376413152,
      "last_seen_ts_ns": 1747580201650542409,
      "duration_active_s": 69.274129257
    },
    {
      "tgid": 270,
      "comm": "lmp",
      "cgroup_id": 9329,
      "on_cpu_stats_ns": {
        "count": 54.0,
        "sum_ns": 2051862.4999999995,
        "mean_ns": 37997.45370370369,
        "median_ns": 34879.5272004794,
        "min_ns": 5378.0,
        "max_ns": 138624.0,
        "variance_ns2": 660886327.9647974,
        "iqr_ns": 28667.168336324463,
        "q1_ns": 22994.68084154616,
        "q3_ns": 51661.84917787062
      },
      "runq_latency_stats_ns": {
        "count": 54.0,
        "sum_ns": 6422678.500000004,
        "mean_ns": 118938.4907407408,
        "median_ns": 4293.270084969368,
        "min_ns": 1297.0,
        "max_ns": 3023523.0,
        "variance_ns2": 328104495590.2311,
        "iqr_ns": 3190.5678713159873,
        "q1_ns": 3909.380884658062,
        "q3_ns": 7099.948755974049
      },
      "first_seen_ts_ns": 1747580132376413152,
      "last_seen_ts_ns": 1747580165421876122,
      "duration_active_s": 33.04546297
    },
    {
      "tgid": 1,
      "comm": "pause",
      "cgroup_id": 9013,
      "on_cpu_stats_ns": {
        "count": 10.0,
        "sum_ns": 1961749.8333333335,
        "mean_ns": 196174.98333333334,
        "median_ns": 134278.7962962963,
        "min_ns": 95615.0,
        "max_ns": 634895.6666666666,
        "variance_ns2": 25567031667.311417,
        "iqr_ns": 42358.22222222222,
        "q1_ns": 120481.0,
        "q3_ns": 162839.22222222222
      },
      "runq_latency_stats_ns": {
        "count": 10.0,
        "sum_ns": 5985892.033333333,
        "mean_ns": 598589.2033333334,
        "median_ns": 6155.948148148148,
        "min_ns": 2767.8333333333335,
        "max_ns": 3671264.0,
        "variance_ns2": 1673479812092.517,
        "iqr_ns": 205383.05555555553,
        "q1_ns": 4509.0,
        "q3_ns": 209892.05555555553
      },
      "first_seen_ts_ns": 1747580134638448995,
      "last_seen_ts_ns": 1747580201650542409,
      "duration_active_s": 67.012093414
    },
    {
      "tgid": 486,
      "comm": "lmp",
      "cgroup_id": 9329,
      "on_cpu_stats_ns": {
        "count": 35.0,
        "sum_ns": 1645203.5,
        "mean_ns": 47005.81428571429,
        "median_ns": 38114.94229922465,
        "min_ns": 12406.0,
        "max_ns": 95211.0,
        "variance_ns2": 499295752.73655456,
        "iqr_ns": 27985.499556719038,
        "q1_ns": 31380.055864352576,
        "q3_ns": 59365.555421071615
      },
      "runq_latency_stats_ns": {
        "count": 35.0,
        "sum_ns": 260680.5,
        "mean_ns": 7448.0142857142855,
        "median_ns": 5711.470758473701,
        "min_ns": 2733.0,
        "max_ns": 61217.0,
        "variance_ns2": 92174644.56596638,
        "iqr_ns": 2490.2709675354963,
        "q1_ns": 4196.055060799674,
        "q3_ns": 6686.32602833517
      },
      "first_seen_ts_ns": 1747580168083756646,
      "last_seen_ts_ns": 1747580197104417912,
      "duration_active_s": 29.020661266
    },
    {
      "tgid": 301,
      "comm": "lmp",
      "cgroup_id": 9329,
      "on_cpu_stats_ns": {
        "count": 38.0,
        "sum_ns": 1622518.833333333,
        "mean_ns": 42697.86403508771,
        "median_ns": 37932.40256837683,
        "min_ns": 8752.0,
        "max_ns": 122749.0,
        "variance_ns2": 723495402.6394223,
        "iqr_ns": 24456.832798972646,
        "q1_ns": 25412.826882160218,
        "q3_ns": 49869.65968113286
      },
      "runq_latency_stats_ns": {
        "count": 38.0,
        "sum_ns": 6446233.166666664,
        "mean_ns": 169637.71491228064,
        "median_ns": 6446.831197306587,
        "min_ns": 1416.0,
        "max_ns": 3019358.0,
        "variance_ns2": 460470463343.80914,
        "iqr_ns": 8698.145460871427,
        "q1_ns": 5370.809384775451,
        "q3_ns": 14068.954845646876
      },
      "first_seen_ts_ns": 1747580132376413152,
      "last_seen_ts_ns": 1747580165421876122,
      "duration_active_s": 33.04546297
    },
    {
      "tgid": 193,
      "comm": "lmp",
      "cgroup_id": 9329,
      "on_cpu_stats_ns": {
        "count": 45.0,
        "sum_ns": 1547790.0000000005,
        "mean_ns": 34395.33333333334,
        "median_ns": 30305.109010582684,
        "min_ns": 8457.5,
        "max_ns": 114971.0,
        "variance_ns2": 403076777.64772725,
        "iqr_ns": 20439.683984249485,
        "q1_ns": 23666.5589895814,
        "q3_ns": 44106.242973830886
      },
      "runq_latency_stats_ns": {
        "count": 45.0,
        "sum_ns": 495249.4000000001,
        "mean_ns": 11005.542222222224,
        "median_ns": 4280.900406124655,
        "min_ns": 1560.0,
        "max_ns": 216694.0,
        "variance_ns2": 1041325720.4597676,
        "iqr_ns": 2293.338521229236,
        "q1_ns": 3252.7231365394446,
        "q3_ns": 5546.061657768681
      },
      "first_seen_ts_ns": 1747580132787828049,
      "last_seen_ts_ns": 1747580166959697842,
      "duration_active_s": 34.171869793
    },
    {
      "tgid": 241,
      "comm": "lmp",
      "cgroup_id": 9329,
      "on_cpu_stats_ns": {
        "count": 37.0,
        "sum_ns": 1363596.0000000002,
        "mean_ns": 36853.945945945954,
        "median_ns": 32749.20037782088,
        "min_ns": 10056.5,
        "max_ns": 99686.0,
        "variance_ns2": 396390656.0664414,
        "iqr_ns": 23713.797991147614,
        "q1_ns": 23268.149284593732,
        "q3_ns": 46981.947275741346
      },
      "runq_latency_stats_ns": {
        "count": 37.0,
        "sum_ns": 5437273.0,
        "mean_ns": 146953.32432432432,
        "median_ns": 5296.687600104301,
        "min_ns": 1297.0,
        "max_ns": 4051859.0,
        "variance_ns2": 462046570641.1557,
        "iqr_ns": 25618.31227554191,
        "q1_ns": 4561.769938116571,
        "q3_ns": 30180.08221365848
      },
      "first_seen_ts_ns": 1747580132787828049,
      "last_seen_ts_ns": 1747580165421876122,
      "duration_active_s": 32.634048073
    },
    {
      "tgid": 82,
      "comm": "flux-broker-12",
      "cgroup_id": 9329,
      "on_cpu_stats_ns": {
        "count": 40.0,
        "sum_ns": 908332.7522407171,
        "mean_ns": 22708.318806017927,
        "median_ns": 18056.124173954842,
        "min_ns": 5977.0,
        "max_ns": 92920.0,
        "variance_ns2": 363755690.3682916,
        "iqr_ns": 15900.148780318252,
        "q1_ns": 13471.662619335666,
        "q3_ns": 29371.811399653918
      },
      "runq_latency_stats_ns": {
        "count": 40.0,
        "sum_ns": 2388200.377080666,
        "mean_ns": 59705.00942701665,
        "median_ns": 5422.379630728999,
        "min_ns": 1150.9545454545455,
        "max_ns": 2014763.0,
        "variance_ns2": 100729888732.29329,
        "iqr_ns": 7959.976696102776,
        "q1_ns": 1826.0852243848644,
        "q3_ns": 9786.06192048764
      },
      "first_seen_ts_ns": 1747580132679185007,
      "last_seen_ts_ns": 1747580201041360787,
      "duration_active_s": 68.36217578
    },
    {
      "tgid": 396,
      "comm": "lmp",
      "cgroup_id": 9329,
      "on_cpu_stats_ns": {
        "count": 20.0,
        "sum_ns": 780061.9999999998,
        "mean_ns": 39003.09999999999,
        "median_ns": 36965.49798334858,
        "min_ns": 20913.0,
        "max_ns": 88317.0,
        "variance_ns2": 267661739.8842105,
        "iqr_ns": 19431.01314333814,
        "q1_ns": 26810.24973544974,
        "q3_ns": 46241.26287878788
      },
      "runq_latency_stats_ns": {
        "count": 20.0,
        "sum_ns": 108080.99999999999,
        "mean_ns": 5404.049999999999,
        "median_ns": 5519.298095238095,
        "min_ns": 2612.0,
        "max_ns": 8523.0,
        "variance_ns2": 1416930.0500000005,
        "iqr_ns": 1392.8252728174602,
        "q1_ns": 4819.125520833333,
        "q3_ns": 6211.9507936507935
      },
      "first_seen_ts_ns": 1747580176325875303,
      "last_seen_ts_ns": 1747580195354415438,
      "duration_active_s": 19.028540135
    },
    {
      "tgid": 287,
      "comm": "lmp",
      "cgroup_id": 9329,
      "on_cpu_stats_ns": {
        "count": 14.0,
        "sum_ns": 466144.62162162154,
        "mean_ns": 33296.04440154439,
        "median_ns": 20941.774324324324,
        "min_ns": 11781.0,
        "max_ns": 202190.0,
        "variance_ns2": 2395270235.7157507,
        "iqr_ns": 20318.8011344678,
        "q1_ns": 18561.66366366366,
        "q3_ns": 38880.46479813146
      },
      "runq_latency_stats_ns": {
        "count": 14.0,
        "sum_ns": 117493.2972972973,
        "mean_ns": 8392.378378378378,
        "median_ns": 6510.316554054054,
        "min_ns": 1139.2972972972973,
        "max_ns": 36297.0,
        "variance_ns2": 90065138.03764679,
        "iqr_ns": 5522.458301828614,
        "q1_ns": 2184.573412698413,
        "q3_ns": 7707.031714527027
      },
      "first_seen_ts_ns": 1747580133008850420,
      "last_seen_ts_ns": 1747580164998181390,
      "duration_active_s": 31.98933097
    },
    {
      "tgid": 208,
      "comm": "lmp",
      "cgroup_id": 9329,
      "on_cpu_stats_ns": {
        "count": 20.0,
        "sum_ns": 378732.63636363635,
        "mean_ns": 18936.631818181817,
        "median_ns": 19533.86997533659,
        "min_ns": 10637.0,
        "max_ns": 34260.0,
        "variance_ns2": 31635468.336863864,
        "iqr_ns": 8518.255069462524,
        "q1_ns": 13046.00992965368,
        "q3_ns": 21564.264999116203
      },
      "runq_latency_stats_ns": {
        "count": 20.0,
        "sum_ns": 149081.69696969702,
        "mean_ns": 7454.08484848485,
        "median_ns": 5894.722894542128,
        "min_ns": 1067.6969696969697,
        "max_ns": 50838.0,
        "variance_ns2": 109129266.3289933,
        "iqr_ns": 5139.399231585224,
        "q1_ns": 2135.519451888499,
        "q3_ns": 7274.918683473723
      },
      "first_seen_ts_ns": 1747580133008850420,
      "last_seen_ts_ns": 1747580164998181390,
      "duration_active_s": 31.98933097
    },
    {
      "tgid": 184,
      "comm": "lmp",
      "cgroup_id": 9329,
      "on_cpu_stats_ns": {
        "count": 21.0,
        "sum_ns": 366389.69696969696,
        "mean_ns": 17447.128427128428,
        "median_ns": 16043.950288600288,
        "min_ns": 5807.0,
        "max_ns": 31412.0,
        "variance_ns2": 45426327.79567537,
        "iqr_ns": 9338.302631933982,
        "q1_ns": 12256.05342034632,
        "q3_ns": 21594.3560522803
      },
      "runq_latency_stats_ns": {
        "count": 21.0,
        "sum_ns": 96580.72727272726,
        "mean_ns": 4599.082251082251,
        "median_ns": 5619.803353106122,
        "min_ns": 1166.6969696969697,
        "max_ns": 6972.0,
        "variance_ns2": 3922974.479351961,
        "iqr_ns": 3552.160638768031,
        "q1_ns": 2677.6387665317075,
        "q3_ns": 6229.799405299738
      },
      "first_seen_ts_ns": 1747580133008850420,
      "last_seen_ts_ns": 1747580164998181390,
      "duration_active_s": 31.98933097
    },
    {
      "tgid": 364,
      "comm": "lmp",
      "cgroup_id": 9329,
      "on_cpu_stats_ns": {
        "count": 16.0,
        "sum_ns": 362595.64285714284,
        "mean_ns": 22662.227678571428,
        "median_ns": 21390.68024781341,
        "min_ns": 9213.142857142857,
        "max_ns": 38387.0,
        "variance_ns2": 69691640.6246386,
        "iqr_ns": 13173.6996633611,
        "q1_ns": 13369.392584194173,
        "q3_ns": 26543.092247555272
      },
      "runq_latency_stats_ns": {
        "count": 16.0,
        "sum_ns": 109236.98214285714,
        "mean_ns": 6827.311383928572,
        "median_ns": 7176.821553612765,
        "min_ns": 1147.125,
        "max_ns": 9701.0,
        "variance_ns2": 7294885.827549692,
        "iqr_ns": 3722.016600563,
        "q1_ns": 4852.935833333333,
        "q3_ns": 8574.952433896333
      },
      "first_seen_ts_ns": 1747580168739471462,
      "last_seen_ts_ns": 1747580193053809051,
      "duration_active_s": 24.314337589
    },
    {
      "tgid": 28,
      "comm": "bash",
      "cgroup_id": 9250,
      "on_cpu_stats_ns": {
        "count": 20.0,
        "sum_ns": 351881.6488888889,
        "mean_ns": 17594.082444444444,
        "median_ns": 20239.751550094297,
        "min_ns": 5963.0,
        "max_ns": 29571.0,
        "variance_ns2": 52533421.53991833,
        "iqr_ns": 9618.90498187736,
        "q1_ns": 12682.29464298928,
        "q3_ns": 22301.19962486664
      },
      "runq_latency_stats_ns": {
        "count": 20.0,
        "sum_ns": 108702.8688888889,
        "mean_ns": 5435.143444444445,
        "median_ns": 5291.526746031747,
        "min_ns": 873.0,
        "max_ns": 15916.0,
        "variance_ns2": 11519461.981631434,
        "iqr_ns": 2990.142314548124,
        "q1_ns": 3400.362411816578,
        "q3_ns": 6390.504726364702
      },
      "first_seen_ts_ns": 1747580133008850420,
      "last_seen_ts_ns": 1747580201041360787,
      "duration_active_s": 68.032510367
    },
    {
      "tgid": 341,
      "comm": "lmp",
      "cgroup_id": 9329,
      "on_cpu_stats_ns": {
        "count": 14.0,
        "sum_ns": 345679.30952380947,
        "mean_ns": 24691.379251700677,
        "median_ns": 20845.681216931214,
        "min_ns": 12923.0,
        "max_ns": 54054.0,
        "variance_ns2": 159219563.6656606,
        "iqr_ns": 10210.81216931217,
        "q1_ns": 16155.18783068783,
        "q3_ns": 26366.0
      },
      "runq_latency_stats_ns": {
        "count": 14.0,
        "sum_ns": 1055376.1428571427,
        "mean_ns": 75384.01020408163,
        "median_ns": 6919.913690476191,
        "min_ns": 1172.142857142857,
        "max_ns": 980748.0,
        "variance_ns2": 67908687542.19927,
        "iqr_ns": 3721.4346528186043,
        "q1_ns": 3736.4333333333334,
        "q3_ns": 7457.867986151938
      },
      "first_seen_ts_ns": 1747580132679185007,
      "last_seen_ts_ns": 1747580164998181390,
      "duration_active_s": 32.318996383
    },
    {
      "tgid": 275,
      "comm": "lmp",
      "cgroup_id": 9329,
      "on_cpu_stats_ns": {
        "count": 16.0,
        "sum_ns": 336750.0833333333,
        "mean_ns": 21046.880208333332,
        "median_ns": 19501.870274470897,
        "min_ns": 9154.0,
        "max_ns": 40787.0,
        "variance_ns2": 78427796.2296007,
        "iqr_ns": 10587.177532517637,
        "q1_ns": 15278.188227513228,
        "q3_ns": 25865.365760030865
      },
      "runq_latency_stats_ns": {
        "count": 16.0,
        "sum_ns": 422037.77083333343,
        "mean_ns": 26377.36067708334,
        "median_ns": 4065.162822420635,
        "min_ns": 1410.0,
        "max_ns": 328705.0,
        "variance_ns2": 6528176210.939742,
        "iqr_ns": 7136.263643904321,
        "q1_ns": 2558.236356095679,
        "q3_ns": 9694.5
      },
      "first_seen_ts_ns": 1747580133008850420,
      "last_seen_ts_ns": 1747580168083756646,
      "duration_active_s": 35.074906226
    },
    {
      "tgid": 82,
      "comm": "ZMQbg/Reaper",
      "cgroup_id": 9329,
      "on_cpu_stats_ns": {
        "count": 10.0,
        "sum_ns": 323081.5,
        "mean_ns": 32308.15,
        "median_ns": 29845.833333333332,
        "min_ns": 8153.0,
        "max_ns": 77265.0,
        "variance_ns2": 449767566.22499996,
        "iqr_ns": 26475.078189300417,
        "q1_ns": 11613.0,
        "q3_ns": 38088.07818930042
      },
      "runq_latency_stats_ns": {
        "count": 10.0,
        "sum_ns": 90842.00000000003,
        "mean_ns": 9084.200000000003,
        "median_ns": 4174.475,
        "min_ns": 1534.0,
        "max_ns": 43162.0,
        "variance_ns2": 167014855.51111114,
        "iqr_ns": 9793.661574074073,
        "q1_ns": 2587.85,
        "q3_ns": 12381.511574074073
      },
      "first_seen_ts_ns": 1747580132679185007,
      "last_seen_ts_ns": 1747580194522026011,
      "duration_active_s": 61.842841004
    },
    {
      "tgid": 305,
      "comm": "lmp",
      "cgroup_id": 9329,
      "on_cpu_stats_ns": {
        "count": 12.0,
        "sum_ns": 317325.68181818177,
        "mean_ns": 26443.806818181816,
        "median_ns": 24807.922474747473,
        "min_ns": 10174.0,
        "max_ns": 60760.0,
        "variance_ns2": 207729968.7784091,
        "iqr_ns": 9041.511600378784,
        "q1_ns": 19659.227272727272,
        "q3_ns": 28700.738873106056
      },
      "runq_latency_stats_ns": {
        "count": 12.0,
        "sum_ns": 117698.86363636365,
        "mean_ns": 9808.238636363638,
        "median_ns": 6329.0,
        "min_ns": 1178.8636363636363,
        "max_ns": 58052.0,
        "variance_ns2": 235065290.88171494,
        "iqr_ns": 10930.35606060606,
        "q1_ns": 4595.0,
        "q3_ns": 15525.35606060606
      },
      "first_seen_ts_ns": 1747580132679185007,
      "last_seen_ts_ns": 1747580164998181390,
      "duration_active_s": 32.318996383
    },
    {
      "tgid": 299,
      "comm": "lmp",
      "cgroup_id": 9329,
      "on_cpu_stats_ns": {
        "count": 12.0,
        "sum_ns": 297983.18181818177,
        "mean_ns": 24831.931818181816,
        "median_ns": 25831.664772727272,
        "min_ns": 9181.0,
        "max_ns": 41237.0,
        "variance_ns2": 88389024.58471073,
        "iqr_ns": 11787.937499999993,
        "q1_ns": 19867.59090909091,
        "q3_ns": 31655.528409090904
      },
      "runq_latency_stats_ns": {
        "count": 12.0,
        "sum_ns": 320254.68181818177,
        "mean_ns": 26687.89015151515,
        "median_ns": 11077.717171717171,
        "min_ns": 1213.6818181818182,
        "max_ns": 262088.0,
        "variance_ns2": 5503732536.880337,
        "iqr_ns": 45828.41877104377,
        "q1_ns": 2551.125,
        "q3_ns": 48379.54377104377
      },
      "first_seen_ts_ns": 1747580133008850420,
      "last_seen_ts_ns": 1747580164998181390,
      "duration_active_s": 31.98933097
    },
    {
      "tgid": 311,
      "comm": "lmp",
      "cgroup_id": 9329,
      "on_cpu_stats_ns": {
        "count": 13.0,
        "sum_ns": 281581.5,
        "mean_ns": 21660.115384615383,
        "median_ns": 18734.131999999998,
        "min_ns": 11278.0,
        "max_ns": 36478.0,
        "variance_ns2": 45029646.58974359,
        "iqr_ns": 6912.333829365078,
        "q1_ns": 17057.702083333334,
        "q3_ns": 23970.03591269841
      },
      "runq_latency_stats_ns": {
        "count": 13.0,
        "sum_ns": 3201181.590909091,
        "mean_ns": 246244.73776223775,
        "median_ns": 6518.0,
        "min_ns": 1402.090909090909,
        "max_ns": 3080665.0,
        "variance_ns2": 725429910047.1212,
        "iqr_ns": 676.5165945165945,
        "q1_ns": 5752.030303030303,
        "q3_ns": 6428.5468975468975
      },
      "first_seen_ts_ns": 1747580132679185007,
      "last_seen_ts_ns": 1747580164998181390,
      "duration_active_s": 32.318996383
    },
    {
      "tgid": 347,
      "comm": "lmp",
      "cgroup_id": 9329,
      "on_cpu_stats_ns": {
        "count": 12.0,
        "sum_ns": 274773.72727272724,
        "mean_ns": 22897.810606060604,
        "median_ns": 20343.636363636364,
        "min_ns": 12407.0,
        "max_ns": 47213.0,
        "variance_ns2": 76305615.14118458,
        "iqr_ns": 6331.222853535353,
        "q1_ns": 18076.0,
        "q3_ns": 24407.222853535353
      },
      "runq_latency_stats_ns": {
        "count": 12.0,
        "sum_ns": 2210619.8181818184,
        "mean_ns": 184218.3181818182,
        "median_ns": 10925.887878787878,
        "min_ns": 1205.8181818181818,
        "max_ns": 2070460.0,
        "variance_ns2": 353361044074.05786,
        "iqr_ns": 27404.0,
        "q1_ns": 3884.0,
        "q3_ns": 31288.0
      },
      "first_seen_ts_ns": 1747580132679185007,
      "last_seen_ts_ns": 1747580164998181390,
      "duration_active_s": 32.318996383
    },
    {
      "tgid": 323,
      "comm": "lmp",
      "cgroup_id": 9329,
      "on_cpu_stats_ns": {
        "count": 12.0,
        "sum_ns": 269590.8636363636,
        "mean_ns": 22465.9053030303,
        "median_ns": 19988.284848484847,
        "min_ns": 11177.0,
        "max_ns": 36048.0,
        "variance_ns2": 61789287.36380856,
        "iqr_ns": 10835.752904040404,
        "q1_ns": 14919.914772727272,
        "q3_ns": 25755.667676767676
      },
      "runq_latency_stats_ns": {
        "count": 12.0,
        "sum_ns": 4131121.40909091,
        "mean_ns": 344260.1174242425,
        "median_ns": 84552.99105639731,
        "min_ns": 1286.409090909091,
        "max_ns": 4070167.0,
        "variance_ns2": 1376770334086.174,
        "iqr_ns": 674507.0961700337,
        "q1_ns": 4280.0,
        "q3_ns": 678787.0961700337
      },
      "first_seen_ts_ns": 1747580132679185007,
      "last_seen_ts_ns": 1747580164998181390,
      "duration_active_s": 32.318996383
    },
    {
      "tgid": 293,
      "comm": "lmp",
      "cgroup_id": 9329,
      "on_cpu_stats_ns": {
        "count": 12.0,
        "sum_ns": 248250.63636363638,
        "mean_ns": 20687.553030303032,
        "median_ns": 22348.72954545455,
        "min_ns": 11646.0,
        "max_ns": 32535.0,
        "variance_ns2": 51411678.380854,
        "iqr_ns": 9404.674242424242,
        "q1_ns": 16221.30303030303,
        "q3_ns": 25625.977272727272
      },
      "runq_latency_stats_ns": {
        "count": 12.0,
        "sum_ns": 82667.13636363635,
        "mean_ns": 6888.92803030303,
        "median_ns": 5819.856060606061,
        "min_ns": 1045.1363636363637,
        "max_ns": 29214.0,
        "variance_ns2": 54617689.55802341,
        "iqr_ns": 6600.538106060605,
        "q1_ns": 1755.3333333333335,
        "q3_ns": 8355.871439393939
      },
      "first_seen_ts_ns": 1747580133008850420,
      "last_seen_ts_ns": 1747580164998181390,
      "duration_active_s": 31.98933097
    },
    {
      "tgid": 442,
      "comm": "lmp",
      "cgroup_id": 9329,
      "on_cpu_stats_ns": {
        "count": 12.0,
        "sum_ns": 244658.50000000003,
        "mean_ns": 20388.208333333336,
        "median_ns": 24188.256250000002,
        "min_ns": 8666.0,
        "max_ns": 29315.0,
        "variance_ns2": 52309001.88446968,
        "iqr_ns": 12411.057291666668,
        "q1_ns": 13372.0,
        "q3_ns": 25783.057291666668
      },
      "runq_latency_stats_ns": {
        "count": 12.0,
        "sum_ns": 77016.0,
        "mean_ns": 6418.0,
        "median_ns": 5722.008333333333,
        "min_ns": 1357.0,
        "max_ns": 13710.0,
        "variance_ns2": 8589000.181818182,
        "iqr_ns": 1469.075520833334,
        "q1_ns": 4960.333333333333,
        "q3_ns": 6429.408854166667
      },
      "first_seen_ts_ns": 1747580168739471462,
      "last_seen_ts_ns": 1747580193053809051,
      "duration_active_s": 24.314337589
    },
    {
      "tgid": 197,
      "comm": "lmp",
      "cgroup_id": 9329,
      "on_cpu_stats_ns": {
        "count": 13.0,
        "sum_ns": 238518.8484848485,
        "mean_ns": 18347.603729603732,
        "median_ns": 18747.434659090904,
        "min_ns": 10266.0,
        "max_ns": 26930.0,
        "variance_ns2": 25807657.122201025,
        "iqr_ns": 7374.016170226663,
        "q1_ns": 13310.754422532198,
        "q3_ns": 20684.77059275886
      },
      "runq_latency_stats_ns": {
        "count": 13.0,
        "sum_ns": 96491.22727272726,
        "mean_ns": 7422.402097902097,
        "median_ns": 5818.133733164984,
        "min_ns": 1201.2272727272727,
        "max_ns": 38206.0,
        "variance_ns2": 89476905.93520872,
        "iqr_ns": 4906.818897306397,
        "q1_ns": 4720.043981481482,
        "q3_ns": 9626.862878787879
      },
      "first_seen_ts_ns": 1747580132679185007,
      "last_seen_ts_ns": 1747580164998181390,
      "duration_active_s": 32.318996383
    },
    {
      "tgid": 263,
      "comm": "lmp",
      "cgroup_id": 9329,
      "on_cpu_stats_ns": {
        "count": 12.0,
        "sum_ns": 235759.186440678,
        "mean_ns": 19646.5988700565,
        "median_ns": 12711.533333333333,
        "min_ns": 10039.0,
        "max_ns": 61811.0,
        "variance_ns2": 201882740.92315865,
        "iqr_ns": 5279.416666666668,
        "q1_ns": 12322.805555555555,
        "q3_ns": 17602.222222222223
      },
      "runq_latency_stats_ns": {
        "count": 12.0,
        "sum_ns": 4106780.5932203396,
        "mean_ns": 342231.71610169497,
        "median_ns": 8535.218644067798,
        "min_ns": 1122.593220338983,
        "max_ns": 4026297.0,
        "variance_ns2": 1346109902038.6003,
        "iqr_ns": 12838.843691148775,
        "q1_ns": 2794.0,
        "q3_ns": 15632.843691148775
      },
      "first_seen_ts_ns": 1747580132679185007,
      "last_seen_ts_ns": 1747580164998181390,
      "duration_active_s": 32.318996383
    },
    {
      "tgid": 317,
      "comm": "lmp",
      "cgroup_id": 9329,
      "on_cpu_stats_ns": {
        "count": 12.0,
        "sum_ns": 231733.36363636365,
        "mean_ns": 19311.113636363636,
        "median_ns": 22312.051515151517,
        "min_ns": 10539.0,
        "max_ns": 28827.0,
        "variance_ns2": 45043857.543388434,
        "iqr_ns": 11952.779545454545,
        "q1_ns": 11759.363636363636,
        "q3_ns": 23712.14318181818
      },
      "runq_latency_stats_ns": {
        "count": 12.0,
        "sum_ns": 2120811.7272727275,
        "mean_ns": 176734.3106060606,
        "median_ns": 9009.549242424242,
        "min_ns": 1089.7272727272727,
        "max_ns": 2022644.0,
        "variance_ns2": 338040650102.9758,
        "iqr_ns": 12167.534752284751,
        "q1_ns": 3056.75,
        "q3_ns": 15224.284752284751
      },
      "first_seen_ts_ns": 1747580132679185007,
      "last_seen_ts_ns": 1747580164998181390,
      "duration_active_s": 32.318996383
    },
    {
      "tgid": 335,
      "comm": "lmp",
      "cgroup_id": 9329,
      "on_cpu_stats_ns": {
        "count": 10.0,
        "sum_ns": 227598.9545454546,
        "mean_ns": 22759.895454545458,
        "median_ns": 20827.32575757576,
        "min_ns": 12957.0,
        "max_ns": 46700.0,
        "variance_ns2": 112525398.2911157,
        "iqr_ns": 4887.660984848488,
        "q1_ns": 17040.333333333332,
        "q3_ns": 21927.99431818182
      },
      "runq_latency_stats_ns": {
        "count": 10.0,
        "sum_ns": 56901.27272727273,
        "mean_ns": 5690.127272727273,
        "median_ns": 6270.944444444444,
        "min_ns": 1187.2727272727273,
        "max_ns": 8329.0,
        "variance_ns2": 4148501.858953168,
        "iqr_ns": 1921.6409932659926,
        "q1_ns": 4640.0,
        "q3_ns": 6561.640993265993
      },
      "first_seen_ts_ns": 1747580133008850420,
      "last_seen_ts_ns": 1747580164998181390,
      "duration_active_s": 31.98933097
    },
    {
      "tgid": 221,
      "comm": "lmp",
      "cgroup_id": 9329,
      "on_cpu_stats_ns": {
        "count": 11.0,
        "sum_ns": 219858.04545454547,
        "mean_ns": 19987.095041322315,
        "median_ns": 22369.03941919192,
        "min_ns": 10507.0,
        "max_ns": 27029.0,
        "variance_ns2": 36638489.43572502,
        "iqr_ns": 4822.651515151516,
        "q1_ns": 18928.348484848484,
        "q3_ns": 23751.0
      },
      "runq_latency_stats_ns": {
        "count": 11.0,
        "sum_ns": 58687.51515151515,
        "mean_ns": 5335.228650137741,
        "median_ns": 6199.888888888889,
        "min_ns": 1146.5151515151515,
        "max_ns": 7469.0,
        "variance_ns2": 4841624.175089741,
        "iqr_ns": 2405.074074074074,
        "q1_ns": 4338.0,
        "q3_ns": 6743.074074074074
      },
      "first_seen_ts_ns": 1747580132679185007,
      "last_seen_ts_ns": 1747580164998181390,
      "duration_active_s": 32.318996383
    },
    {
      "tgid": 281,
      "comm": "lmp",
      "cgroup_id": 9329,
      "on_cpu_stats_ns": {
        "count": 11.0,
        "sum_ns": 214832.7333333334,
        "mean_ns": 19530.24848484849,
        "median_ns": 19088.922222222223,
        "min_ns": 11008.0,
        "max_ns": 26530.0,
        "variance_ns2": 25078018.52919192,
        "iqr_ns": 6636.991975308645,
        "q1_ns": 15904.2125,
        "q3_ns": 22541.204475308645
      },
      "runq_latency_stats_ns": {
        "count": 11.0,
        "sum_ns": 110753.39999999998,
        "mean_ns": 10068.490909090908,
        "median_ns": 6145.5,
        "min_ns": 1284.9,
        "max_ns": 55172.0,
        "variance_ns2": 229330607.72090906,
        "iqr_ns": 8612.412499999999,
        "q1_ns": 4159.375,
        "q3_ns": 12771.787499999999
      },
      "first_seen_ts_ns": 1747580133008850420,
      "last_seen_ts_ns": 1747580164998181390,
      "duration_active_s": 31.98933097
    },
    {
      "tgid": 215,
      "comm": "lmp",
      "cgroup_id": 9329,
      "on_cpu_stats_ns": {
        "count": 11.0,
        "sum_ns": 206871.99999999997,
        "mean_ns": 18806.545454545452,
        "median_ns": 19740.666666666668,
        "min_ns": 10020.0,
        "max_ns": 24373.0,
        "variance_ns2": 18300835.07272728,
        "iqr_ns": 4957.791666666668,
        "q1_ns": 16406.0,
        "q3_ns": 21363.791666666668
      },
      "runq_latency_stats_ns": {
        "count": 11.0,
        "sum_ns": 3052763.9848484844,
        "mean_ns": 277523.9986225895,
        "median_ns": 4940.171085858586,
        "min_ns": 1189.9848484848485,
        "max_ns": 2984984.0,
        "variance_ns2": 806364430622.1757,
        "iqr_ns": 2606.5,
        "q1_ns": 3961.5,
        "q3_ns": 6568.0
      },
      "first_seen_ts_ns": 1747580132679185007,
      "last_seen_ts_ns": 1747580164998181390,
      "duration_active_s": 32.318996383
    },
    {
      "tgid": 329,
      "comm": "lmp",
      "cgroup_id": 9329,
      "on_cpu_stats_ns": {
        "count": 10.0,
        "sum_ns": 206680.18181818182,
        "mean_ns": 20668.01818181818,
        "median_ns": 21599.113636363636,
        "min_ns": 11309.181818181818,
        "max_ns": 38411.0,
        "variance_ns2": 66420747.417447194,
        "iqr_ns": 3640.333333333332,
        "q1_ns": 17557.666666666668,
        "q3_ns": 21198.0
      },
      "runq_latency_stats_ns": {
        "count": 10.0,
        "sum_ns": 63814.5,
        "mean_ns": 6381.45,
        "median_ns": 6901.5,
        "min_ns": 1503.5,
        "max_ns": 11430.0,
        "variance_ns2": 8585127.580555556,
        "iqr_ns": 3762.24074074074,
        "q1_ns": 4818.666666666667,
        "q3_ns": 8580.907407407407
      },
      "first_seen_ts_ns": 1747580133008850420,
      "last_seen_ts_ns": 1747580164998181390,
      "duration_active_s": 31.98933097
    },
    {
      "tgid": 460,
      "comm": "lmp",
      "cgroup_id": 9329,
      "on_cpu_stats_ns": {
        "count": 9.0,
        "sum_ns": 204787.8333333333,
        "mean_ns": 22754.2037037037,
        "median_ns": 21747.45833333334,
        "min_ns": 11274.0,
        "max_ns": 42047.0,
        "variance_ns2": 84644597.16512345,
        "iqr_ns": 8984.510802469136,
        "q1_ns": 17437.0,
        "q3_ns": 26421.510802469136
      },
      "runq_latency_stats_ns": {
        "count": 9.0,
        "sum_ns": 51268.0,
        "mean_ns": 5696.444444444444,
        "median_ns": 6045.930555555557,
        "min_ns": 1292.5,
        "max_ns": 8716.0,
        "variance_ns2": 7510275.715277779,
        "iqr_ns": 3260.8518518518513,
        "q1_ns": 3528.0,
        "q3_ns": 6788.851851851851
      },
      "first_seen_ts_ns": 1747580168739471462,
      "last_seen_ts_ns": 1747580193053809051,
      "duration_active_s": 24.314337589
    },
    {
      "tgid": 269,
      "comm": "lmp",
      "cgroup_id": 9329,
      "on_cpu_stats_ns": {
        "count": 10.0,
        "sum_ns": 202346.6078431373,
        "mean_ns": 20234.660784313728,
        "median_ns": 19411.13071895425,
        "min_ns": 7310.0,
        "max_ns": 34395.0,
        "variance_ns2": 74860925.47311288,
        "iqr_ns": 9524.227033405954,
        "q1_ns": 14190.313725490196,
        "q3_ns": 23714.54075889615
      },
      "runq_latency_stats_ns": {
        "count": 10.0,
        "sum_ns": 2117930.2941176468,
        "mean_ns": 211793.02941176467,
        "median_ns": 4672.174705882353,
        "min_ns": 1133.2941176470588,
        "max_ns": 1983130.0,
        "variance_ns2": 387937025225.8255,
        "iqr_ns": 26879.0,
        "q1_ns": 5572.0,
        "q3_ns": 32451.0
      },
      "first_seen_ts_ns": 1747580132679185007,
      "last_seen_ts_ns": 1747580164998181390,
      "duration_active_s": 32.318996383
    },
    {
      "tgid": 227,
      "comm": "lmp",
      "cgroup_id": 9329,
      "on_cpu_stats_ns": {
        "count": 10.0,
        "sum_ns": 198536.7636363636,
        "mean_ns": 19853.67636363636,
        "median_ns": 18252.0,
        "min_ns": 11438.763636363636,
        "max_ns": 34540.0,
        "variance_ns2": 45669039.7787181,
        "iqr_ns": 5106.969898989899,
        "q1_ns": 15449.657373737375,
        "q3_ns": 20556.627272727274
      },
      "runq_latency_stats_ns": {
        "count": 10.0,
        "sum_ns": 55768.8,
        "mean_ns": 5576.88,
        "median_ns": 5777.97,
        "min_ns": 1206.8,
        "max_ns": 8270.0,
        "variance_ns2": 6293956.099555556,
        "iqr_ns": 2159.666666666666,
        "q1_ns": 4813.0,
        "q3_ns": 6972.666666666666
      },
      "first_seen_ts_ns": 1747580133008850420,
      "last_seen_ts_ns": 1747580164998181390,
      "duration_active_s": 31.98933097
    },
    {
      "tgid": 484,
      "comm": "lmp",
      "cgroup_id": 9329,
      "on_cpu_stats_ns": {
        "count": 9.0,
        "sum_ns": 195604.0,
        "mean_ns": 21733.777777777777,
        "median_ns": 19675.666666666668,
        "min_ns": 8149.0,
        "max_ns": 42994.0,
        "variance_ns2": 114001754.19444446,
        "iqr_ns": 8297.269675925923,
        "q1_ns": 16770.0,
        "q3_ns": 25067.269675925923
      },
      "runq_latency_stats_ns": {
        "count": 9.0,
        "sum_ns": 47505.8,
        "mean_ns": 5278.422222222222,
        "median_ns": 4915.218518518519,
        "min_ns": 1228.8,
        "max_ns": 9715.0,
        "variance_ns2": 9325387.004444445,
        "iqr_ns": 3594.592764060355,
        "q1_ns": 3120.0,
        "q3_ns": 6714.592764060355
      },
      "first_seen_ts_ns": 1747580168739471462,
      "last_seen_ts_ns": 1747580193053809051,
      "duration_active_s": 24.314337589
    },
    {
      "tgid": 496,
      "comm": "lmp",
      "cgroup_id": 9329,
      "on_cpu_stats_ns": {
        "count": 9.0,
        "sum_ns": 193432.125,
        "mean_ns": 21492.458333333332,
        "median_ns": 23254.645833333332,
        "min_ns": 8246.0,
        "max_ns": 38604.0,
        "variance_ns2": 88606792.3046875,
        "iqr_ns": 8614.90480324074,
        "q1_ns": 18179.875,
        "q3_ns": 26794.77980324074
      },
      "runq_latency_stats_ns": {
        "count": 9.0,
        "sum_ns": 45205.0,
        "mean_ns": 5022.777777777777,
        "median_ns": 5059.7739197530855,
        "min_ns": 977.875,
        "max_ns": 8557.0,
        "variance_ns2": 9082115.526475696,
        "iqr_ns": 4162.001350308641,
        "q1_ns": 2401.5,
        "q3_ns": 6563.501350308641
      },
      "first_seen_ts_ns": 1747580168739471462,
      "last_seen_ts_ns": 1747580193053809051,
      "duration_active_s": 24.314337589
    },
    {
      "tgid": 358,
      "comm": "lmp",
      "cgroup_id": 9329,
      "on_cpu_stats_ns": {
        "count": 8.0,
        "sum_ns": 192272.18181818182,
        "mean_ns": 24034.022727272728,
        "median_ns": 23527.696969696968,
        "min_ns": 10094.0,
        "max_ns": 45153.0,
        "variance_ns2": 118346248.99114521,
        "iqr_ns": 4705.939393939392,
        "q1_ns": 21214.060606060608,
        "q3_ns": 25920.0
      },
      "runq_latency_stats_ns": {
        "count": 8.0,
        "sum_ns": 58437.18181818182,
        "mean_ns": 7304.647727272728,
        "median_ns": 7171.5,
        "min_ns": 1234.1818181818182,
        "max_ns": 14078.0,
        "variance_ns2": 14355412.05770366,
        "iqr_ns": 1369.666666666666,
        "q1_ns": 6533.333333333334,
        "q3_ns": 7903.0
      },
      "first_seen_ts_ns": 1747580168739471462,
      "last_seen_ts_ns": 1747580193053809051,
      "duration_active_s": 24.314337589
    },
    {
      "tgid": 233,
      "comm": "lmp",
      "cgroup_id": 9329,
      "on_cpu_stats_ns": {
        "count": 11.0,
        "sum_ns": 192062.71212121213,
        "mean_ns": 17460.24655647383,
        "median_ns": 18491.393602693606,
        "min_ns": 9856.0,
        "max_ns": 22649.0,
        "variance_ns2": 19846717.280812256,
        "iqr_ns": 6670.20932576797,
        "q1_ns": 13863.0,
        "q3_ns": 20533.20932576797
      },
      "runq_latency_stats_ns": {
        "count": 11.0,
        "sum_ns": 2067547.287878788,
        "mean_ns": 187958.8443526171,
        "median_ns": 41543.884995791246,
        "min_ns": 1197.2878787878788,
        "max_ns": 2018134.0,
        "variance_ns2": 368456010562.818,
        "iqr_ns": 335011.42887205386,
        "q1_ns": 1481.0,
        "q3_ns": 336492.42887205386
      },
      "first_seen_ts_ns": 1747580132679185007,
      "last_seen_ts_ns": 1747580164998181390,
      "duration_active_s": 32.318996383
    },
    {
      "tgid": 424,
      "comm": "lmp",
      "cgroup_id": 9329,
      "on_cpu_stats_ns": {
        "count": 9.0,
        "sum_ns": 191809.14285714284,
        "mean_ns": 21312.126984126982,
        "median_ns": 21126.42857142857,
        "min_ns": 9345.0,
        "max_ns": 29903.0,
        "variance_ns2": 34592394.680839,
        "iqr_ns": 4722.375000000004,
        "q1_ns": 17752.73214285714,
        "q3_ns": 22475.107142857145
      },
      "runq_latency_stats_ns": {
        "count": 9.0,
        "sum_ns": 47649.85714285714,
        "mean_ns": 5294.428571428571,
        "median_ns": 5507.031746031747,
        "min_ns": 1204.857142857143,
        "max_ns": 8484.0,
        "variance_ns2": 6141466.581632655,
        "iqr_ns": 2531.613756613757,
        "q1_ns": 3569.0,
        "q3_ns": 6100.613756613757
      },
      "first_seen_ts_ns": 1747580168739471462,
      "last_seen_ts_ns": 1747580193053809051,
      "duration_active_s": 24.314337589
    },
    {
      "tgid": 376,
      "comm": "lmp",
      "cgroup_id": 9329,
      "on_cpu_stats_ns": {
        "count": 8.0,
        "sum_ns": 189331.375,
        "mean_ns": 23666.421875,
        "median_ns": 23176.166666666668,
        "min_ns": 10256.375,
        "max_ns": 46122.0,
        "variance_ns2": 128309422.31668527,
        "iqr_ns": 9835.625,
        "q1_ns": 16265.375,
        "q3_ns": 26101.0
      },
      "runq_latency_stats_ns": {
        "count": 8.0,
        "sum_ns": 57208.625,
        "mean_ns": 7151.078125,
        "median_ns": 7243.0,
        "min_ns": 1603.125,
        "max_ns": 9472.0,
        "variance_ns2": 6871750.4595424095,
        "iqr_ns": 1786.416666666666,
        "q1_ns": 6256.166666666667,
        "q3_ns": 8042.583333333333
      },
      "first_seen_ts_ns": 1747580168739471462,
      "last_seen_ts_ns": 1747580193053809051,
      "duration_active_s": 24.314337589
    },
    {
      "tgid": 472,
      "comm": "lmp",
      "cgroup_id": 9329,
      "on_cpu_stats_ns": {
        "count": 9.0,
        "sum_ns": 188148.54166666666,
        "mean_ns": 20905.39351851852,
        "median_ns": 22945.254999999997,
        "min_ns": 10723.0,
        "max_ns": 30466.0,
        "variance_ns2": 30318211.55516976,
        "iqr_ns": 5399.266261574077,
        "q1_ns": 18578.432291666664,
        "q3_ns": 23977.69855324074
      },
      "runq_latency_stats_ns": {
        "count": 9.0,
        "sum_ns": 49790.45833333333,
        "mean_ns": 5532.273148148148,
        "median_ns": 7050.858333333334,
        "min_ns": 1063.625,
        "max_ns": 8463.0,
        "variance_ns2": 8502605.020447532,
        "iqr_ns": 4306.429783950617,
        "q1_ns": 3306.5,
        "q3_ns": 7612.929783950617
      },
      "first_seen_ts_ns": 1747580168739471462,
      "last_seen_ts_ns": 1747580193053809051,
      "duration_active_s": 24.314337589
    },
    {
      "tgid": 251,
      "comm": "lmp",
      "cgroup_id": 9329,
      "on_cpu_stats_ns": {
        "count": 10.0,
        "sum_ns": 184341.96,
        "mean_ns": 18434.196,
        "median_ns": 20788.742222222223,
        "min_ns": 10788.0,
        "max_ns": 23453.0,
        "variance_ns2": 20116425.61082667,
        "iqr_ns": 6840.327277777778,
        "q1_ns": 15067.986666666668,
        "q3_ns": 21908.313944444446
      },
      "runq_latency_stats_ns": {
        "count": 10.0,
        "sum_ns": 114455.38,
        "mean_ns": 11445.538,
        "median_ns": 8902.472222222223,
        "min_ns": 1083.38,
        "max_ns": 66316.0,
        "variance_ns2": 376885257.90332896,
        "iqr_ns": 12046.810787037037,
        "q1_ns": 5235.0,
        "q3_ns": 17281.810787037037
      },
      "first_seen_ts_ns": 1747580132679185007,
      "last_seen_ts_ns": 1747580164998181390,
      "duration_active_s": 32.318996383
    },
    {
      "tgid": 454,
      "comm": "lmp",
      "cgroup_id": 9329,
      "on_cpu_stats_ns": {
        "count": 9.0,
        "sum_ns": 183816.73333333334,
        "mean_ns": 20424.08148148148,
        "median_ns": 19990.22592592593,
        "min_ns": 12020.0,
        "max_ns": 27973.0,
        "variance_ns2": 23354370.409753088,
        "iqr_ns": 3195.3472222222226,
        "q1_ns": 17932.0,
        "q3_ns": 21127.347222222223
      },
      "runq_latency_stats_ns": {
        "count": 9.0,
        "sum_ns": 58325.299999999996,
        "mean_ns": 6480.5888888888885,
        "median_ns": 6671.766666666666,
        "min_ns": 1159.0,
        "max_ns": 12327.0,
        "variance_ns2": 14410234.196111113,
        "iqr_ns": 4418.366666666667,
        "q1_ns": 4359.5,
        "q3_ns": 8777.866666666667
      },
      "first_seen_ts_ns": 1747580167585158951,
      "last_seen_ts_ns": 1747580193053809051,
      "duration_active_s": 25.4686501
    },
    {
      "tgid": 191,
      "comm": "lmp",
      "cgroup_id": 9329,
      "on_cpu_stats_ns": {
        "count": 11.0,
        "sum_ns": 182249.4393939394,
        "mean_ns": 16568.13085399449,
        "median_ns": 17246.073232323233,
        "min_ns": 7249.0,
        "max_ns": 22976.0,
        "variance_ns2": 23533529.88835045,
        "iqr_ns": 6734.156460437711,
        "q1_ns": 12954.84353956229,
        "q3_ns": 19689.0
      },
      "runq_latency_stats_ns": {
        "count": 11.0,
        "sum_ns": 3166769.4242424243,
        "mean_ns": 287888.129476584,
        "median_ns": 9267.17803030303,
        "min_ns": 1254.4242424242425,
        "max_ns": 3072703.0,
        "variance_ns2": 853263864598.2389,
        "iqr_ns": 2552.0,
        "q1_ns": 3893.0,
        "q3_ns": 6445.0
      },
      "first_seen_ts_ns": 1747580132679185007,
      "last_seen_ts_ns": 1747580164998181390,
      "duration_active_s": 32.318996383
    },
    {
      "tgid": 466,
      "comm": "lmp",
      "cgroup_id": 9329,
      "on_cpu_stats_ns": {
        "count": 9.0,
        "sum_ns": 180971.6666666667,
        "mean_ns": 20107.962962962964,
        "median_ns": 21990.40740740741,
        "min_ns": 8857.0,
        "max_ns": 25153.0,
        "variance_ns2": 29325599.09567901,
        "iqr_ns": 4848.354166666668,
        "q1_ns": 17952.666666666668,
        "q3_ns": 22801.020833333336
      },
      "runq_latency_stats_ns": {
        "count": 9.0,
        "sum_ns": 48227.833333333336,
        "mean_ns": 5358.648148148149,
        "median_ns": 6803.825,
        "min_ns": 928.0,
        "max_ns": 8794.0,
        "variance_ns2": 8038479.239197531,
        "iqr_ns": 3828.7376543209875,
        "q1_ns": 3323.0,
        "q3_ns": 7151.7376543209875
      },
      "first_seen_ts_ns": 1747580168739471462,
      "last_seen_ts_ns": 1747580193053809051,
      "duration_active_s": 24.314337589
    },
    {
      "tgid": 178,
      "comm": "flux-shell",
      "cgroup_id": 9329,
      "on_cpu_stats_ns": {
        "count": 11.0,
        "sum_ns": 179855.1551724138,
        "mean_ns": 16350.468652037618,
        "median_ns": 17595.80603448276,
        "min_ns": 8721.0,
        "max_ns": 24731.0,
        "variance_ns2": 27519403.209085513,
        "iqr_ns": 9932.094401041668,
        "q1_ns": 11930.905598958332,
        "q3_ns": 21863.0
      },
      "runq_latency_stats_ns": {
        "count": 11.0,
        "sum_ns": 99135.43103448277,
        "mean_ns": 9012.311912225707,
        "median_ns": 6211.100694444444,
        "min_ns": 1230.4310344827586,
        "max_ns": 52903.0,
        "variance_ns2": 216711686.54949197,
        "iqr_ns": 11323.91137452107,
        "q1_ns": 1808.0,
        "q3_ns": 13131.91137452107
      },
      "first_seen_ts_ns": 1747580133008850420,
      "last_seen_ts_ns": 1747580164998181390,
      "duration_active_s": 31.98933097
    },
    {
      "tgid": 430,
      "comm": "lmp",
      "cgroup_id": 9329,
      "on_cpu_stats_ns": {
        "count": 10.0,
        "sum_ns": 176935.00000000003,
        "mean_ns": 17693.500000000004,
        "median_ns": 17453.5,
        "min_ns": 9095.0,
        "max_ns": 28958.0,
        "variance_ns2": 40631024.94444445,
        "iqr_ns": 8643.222222222223,
        "q1_ns": 13788.0,
        "q3_ns": 22431.222222222223
      },
      "runq_latency_stats_ns": {
        "count": 10.0,
        "sum_ns": 47418.25,
        "mean_ns": 4741.825,
        "median_ns": 4384.756172839506,
        "min_ns": 1096.25,
        "max_ns": 8747.0,
        "variance_ns2": 6910635.861805556,
        "iqr_ns": 3868.843749999999,
        "q1_ns": 2387.0,
        "q3_ns": 6255.843749999999
      },
      "first_seen_ts_ns": 1747580168739471462,
      "last_seen_ts_ns": 1747580193053809051,
      "duration_active_s": 24.314337589
    },
    {
      "tgid": 245,
      "comm": "lmp",
      "cgroup_id": 9329,
      "on_cpu_stats_ns": {
        "count": 10.0,
        "sum_ns": 176039.71698113208,
        "mean_ns": 17603.971698113208,
        "median_ns": 18915.14150943396,
        "min_ns": 7310.0,
        "max_ns": 27614.0,
        "variance_ns2": 35843587.17362842,
        "iqr_ns": 5633.3879716981155,
        "q1_ns": 13537.706367924528,
        "q3_ns": 19171.094339622643
      },
      "runq_latency_stats_ns": {
        "count": 10.0,
        "sum_ns": 116419.24074074076,
        "mean_ns": 11641.924074074075,
        "median_ns": 7250.444444444443,
        "min_ns": 1309.2407407407406,
        "max_ns": 71689.0,
        "variance_ns2": 450338757.09468454,
        "iqr_ns": 12927.64699074074,
        "q1_ns": 3895.0,
        "q3_ns": 16822.64699074074
      },
      "first_seen_ts_ns": 1747580133008850420,
      "last_seen_ts_ns": 1747580164998181390,
      "duration_active_s": 31.98933097
    },
    {
      "tgid": 388,
      "comm": "lmp",
      "cgroup_id": 9329,
      "on_cpu_stats_ns": {
        "count": 8.0,
        "sum_ns": 175409.33333333334,
        "mean_ns": 21926.166666666668,
        "median_ns": 21052.0,
        "min_ns": 10261.0,
        "max_ns": 32610.0,
        "variance_ns2": 64529533.93650792,
        "iqr_ns": 7160.1111111111095,
        "q1_ns": 16872.444444444445,
        "q3_ns": 24032.555555555555
      },
      "runq_latency_stats_ns": {
        "count": 8.0,
        "sum_ns": 54213.5,
        "mean_ns": 6776.6875,
        "median_ns": 7029.0,
        "min_ns": 1240.5,
        "max_ns": 9027.0,
        "variance_ns2": 6514698.781250001,
        "iqr_ns": 1665.583333333333,
        "q1_ns": 6282.75,
        "q3_ns": 7948.333333333333
      },
      "first_seen_ts_ns": 1747580168739471462,
      "last_seen_ts_ns": 1747580193053809051,
      "duration_active_s": 24.314337589
    },
    {
      "tgid": 400,
      "comm": "lmp",
      "cgroup_id": 9329,
      "on_cpu_stats_ns": {
        "count": 8.0,
        "sum_ns": 172978.125,
        "mean_ns": 21622.265625,
        "median_ns": 20978.291666666668,
        "min_ns": 11125.0,
        "max_ns": 34111.0,
        "variance_ns2": 54212460.1358817,
        "iqr_ns": 4741.629629629631,
        "q1_ns": 18476.0,
        "q3_ns": 23217.62962962963
      },
      "runq_latency_stats_ns": {
        "count": 8.0,
        "sum_ns": 51836.125,
        "mean_ns": 6479.515625,
        "median_ns": 6698.0,
        "min_ns": 1229.625,
        "max_ns": 9008.0,
        "variance_ns2": 6698961.7162388405,
        "iqr_ns": 2040.7361111111104,
        "q1_ns": 5373.833333333334,
        "q3_ns": 7414.569444444444
      },
      "first_seen_ts_ns": 1747580168739471462,
      "last_seen_ts_ns": 1747580193053809051,
      "duration_active_s": 24.314337589
    },
    {
      "tgid": 418,
      "comm": "lmp",
      "cgroup_id": 9329,
      "on_cpu_stats_ns": {
        "count": 8.0,
        "sum_ns": 169360.2857142857,
        "mean_ns": 21170.035714285714,
        "median_ns": 19143.0,
        "min_ns": 10461.0,
        "max_ns": 32584.0,
        "variance_ns2": 48515081.27551021,
        "iqr_ns": 5126.476190476191,
        "q1_ns": 16097.428571428572,
        "q3_ns": 21223.904761904763
      },
      "runq_latency_stats_ns": {
        "count": 8.0,
        "sum_ns": 54619.92857142857,
        "mean_ns": 6827.491071428572,
        "median_ns": 7340.083333333333,
        "min_ns": 1217.4285714285713,
        "max_ns": 12996.0,
        "variance_ns2": 12185623.133290818,
        "iqr_ns": 1404.5,
        "q1_ns": 5964.0,
        "q3_ns": 7368.5
      },
      "first_seen_ts_ns": 1747580168739471462,
      "last_seen_ts_ns": 1747580193053809051,
      "duration_active_s": 24.314337589
    },
    {
      "tgid": 239,
      "comm": "lmp",
      "cgroup_id": 9329,
      "on_cpu_stats_ns": {
        "count": 9.0,
        "sum_ns": 168694.25757575757,
        "mean_ns": 18743.806397306398,
        "median_ns": 22005.871212121212,
        "min_ns": 7772.0,
        "max_ns": 27120.0,
        "variance_ns2": 39839601.59491379,
        "iqr_ns": 5452.253177609426,
        "q1_ns": 17705.0,
        "q3_ns": 23157.253177609426
      },
      "runq_latency_stats_ns": {
        "count": 9.0,
        "sum_ns": 118853.09090909091,
        "mean_ns": 13205.89898989899,
        "median_ns": 9208.473484848484,
        "min_ns": 1082.090909090909,
        "max_ns": 76495.0,
        "variance_ns2": 569679019.3191001,
        "iqr_ns": 14258.67119107744,
        "q1_ns": 4875.0,
        "q3_ns": 19133.67119107744
      },
      "first_seen_ts_ns": 1747580133008850420,
      "last_seen_ts_ns": 1747580164998181390,
      "duration_active_s": 31.98933097
    },
    {
      "tgid": 406,
      "comm": "lmp",
      "cgroup_id": 9329,
      "on_cpu_stats_ns": {
        "count": 8.0,
        "sum_ns": 168170.2857142857,
        "mean_ns": 21021.285714285714,
        "median_ns": 21657.0,
        "min_ns": 10260.0,
        "max_ns": 30474.0,
        "variance_ns2": 45589822.89795919,
        "iqr_ns": 2117.5,
        "q1_ns": 20802.0,
        "q3_ns": 22919.5
      },
      "runq_latency_stats_ns": {
        "count": 8.0,
        "sum_ns": 52031.57142857143,
        "mean_ns": 6503.946428571428,
        "median_ns": 8209.166666666666,
        "min_ns": 1269.5714285714287,
        "max_ns": 9282.0,
        "variance_ns2": 7399131.778061225,
        "iqr_ns": 1407.666666666666,
        "q1_ns": 6629.0,
        "q3_ns": 8036.666666666666
      },
      "first_seen_ts_ns": 1747580168739471462,
      "last_seen_ts_ns": 1747580193053809051,
      "duration_active_s": 24.314337589
    },
    {
      "tgid": 382,
      "comm": "lmp",
      "cgroup_id": 9329,
      "on_cpu_stats_ns": {
        "count": 8.0,
        "sum_ns": 167596.44444444444,
        "mean_ns": 20949.555555555555,
        "median_ns": 17865.120370370372,
        "min_ns": 13719.444444444445,
        "max_ns": 34451.0,
        "variance_ns2": 54290685.58024691,
        "iqr_ns": 1831.7283950617275,
        "q1_ns": 16658.271604938273,
        "q3_ns": 18490.0
      },
      "runq_latency_stats_ns": {
        "count": 8.0,
        "sum_ns": 53469.27777777778,
        "mean_ns": 6683.659722222223,
        "median_ns": 6664.416666666667,
        "min_ns": 1139.7777777777778,
        "max_ns": 9420.0,
        "variance_ns2": 7146384.767581567,
        "iqr_ns": 999.833333333333,
        "q1_ns": 6447.166666666667,
        "q3_ns": 7447.0
      },
      "first_seen_ts_ns": 1747580168739471462,
      "last_seen_ts_ns": 1747580193053809051,
      "duration_active_s": 24.314337589
    },
    {
      "tgid": 394,
      "comm": "lmp",
      "cgroup_id": 9329,
      "on_cpu_stats_ns": {
        "count": 8.0,
        "sum_ns": 162096.7222222222,
        "mean_ns": 20262.090277777774,
        "median_ns": 20163.0,
        "min_ns": 9458.0,
        "max_ns": 27637.0,
        "variance_ns2": 31494446.589010153,
        "iqr_ns": 3080.0555555555547,
        "q1_ns": 18595.24074074074,
        "q3_ns": 21675.296296296296
      },
      "runq_latency_stats_ns": {
        "count": 8.0,
        "sum_ns": 49773.11111111111,
        "mean_ns": 6221.638888888889,
        "median_ns": 6306.5,
        "min_ns": 1227.111111111111,
        "max_ns": 8980.0,
        "variance_ns2": 5916588.281305114,
        "iqr_ns": 1005.666666666667,
        "q1_ns": 5920.333333333333,
        "q3_ns": 6926.0
      },
      "first_seen_ts_ns": 1747580168739471462,
      "last_seen_ts_ns": 1747580193053809051,
      "duration_active_s": 24.314337589
    },
    {
      "tgid": 412,
      "comm": "lmp",
      "cgroup_id": 9329,
      "on_cpu_stats_ns": {
        "count": 8.0,
        "sum_ns": 154982.99999999997,
        "mean_ns": 19372.874999999996,
        "median_ns": 17902.0,
        "min_ns": 11329.0,
        "max_ns": 31759.0,
        "variance_ns2": 43265546.69642859,
        "iqr_ns": 2913.5555555555547,
        "q1_ns": 16394.0,
        "q3_ns": 19307.555555555555
      },
      "runq_latency_stats_ns": {
        "count": 8.0,
        "sum_ns": 48656.75000000001,
        "mean_ns": 6082.093750000001,
        "median_ns": 5847.833333333333,
        "min_ns": 1217.75,
        "max_ns": 8654.0,
        "variance_ns2": 5886766.427455356,
        "iqr_ns": 1113.666666666666,
        "q1_ns": 5606.333333333334,
        "q3_ns": 6720.0
      },
      "first_seen_ts_ns": 1747580168739471462,
      "last_seen_ts_ns": 1747580193053809051,
      "duration_active_s": 24.314337589
    },
    {
      "tgid": 490,
      "comm": "lmp",
      "cgroup_id": 9329,
      "on_cpu_stats_ns": {
        "count": 8.0,
        "sum_ns": 152871.1666666667,
        "mean_ns": 19108.895833333336,
        "median_ns": 20370.833333333332,
        "min_ns": 7561.666666666667,
        "max_ns": 32079.0,
        "variance_ns2": 67408027.61061507,
        "iqr_ns": 9279.537037037036,
        "q1_ns": 15741.5,
        "q3_ns": 25021.037037037036
      },
      "runq_latency_stats_ns": {
        "count": 8.0,
        "sum_ns": 41513.416666666664,
        "mean_ns": 5189.177083333333,
        "median_ns": 5074.375,
        "min_ns": 1018.6666666666666,
        "max_ns": 8368.0,
        "variance_ns2": 8830269.52467758,
        "iqr_ns": 4091.416666666666,
        "q1_ns": 3243.5,
        "q3_ns": 7334.916666666666
      },
      "first_seen_ts_ns": 1747580168739471462,
      "last_seen_ts_ns": 1747580193053809051,
      "duration_active_s": 24.314337589
    },
    {
      "tgid": 526,
      "comm": "lmp",
      "cgroup_id": 9329,
      "on_cpu_stats_ns": {
        "count": 8.0,
        "sum_ns": 152345.88888888888,
        "mean_ns": 19043.23611111111,
        "median_ns": 19415.666666666668,
        "min_ns": 6272.888888888889,
        "max_ns": 30625.0,
        "variance_ns2": 55855823.04916226,
        "iqr_ns": 5536.430555555555,
        "q1_ns": 16328.0,
        "q3_ns": 21864.430555555555
      },
      "runq_latency_stats_ns": {
        "count": 8.0,
        "sum_ns": 42202.444444444445,
        "mean_ns": 5275.305555555556,
        "median_ns": 5970.916666666666,
        "min_ns": 899.4444444444445,
        "max_ns": 8603.0,
        "variance_ns2": 8427398.738977073,
        "iqr_ns": 2843.666666666666,
        "q1_ns": 4000.5,
        "q3_ns": 6844.166666666666
      },
      "first_seen_ts_ns": 1747580168739471462,
      "last_seen_ts_ns": 1747580193053809051,
      "duration_active_s": 24.314337589
    },
    {
      "tgid": 478,
      "comm": "lmp",
      "cgroup_id": 9329,
      "on_cpu_stats_ns": {
        "count": 8.0,
        "sum_ns": 150789.625,
        "mean_ns": 18848.703125,
        "median_ns": 18575.8125,
        "min_ns": 8328.0,
        "max_ns": 29164.0,
        "variance_ns2": 53820906.026506685,
        "iqr_ns": 5041.006944444445,
        "q1_ns": 17183.625,
        "q3_ns": 22224.631944444445
      },
      "runq_latency_stats_ns": {
        "count": 8.0,
        "sum_ns": 47109.5,
        "mean_ns": 5888.6875,
        "median_ns": 7223.5,
        "min_ns": 984.0,
        "max_ns": 11105.0,
        "variance_ns2": 12475026.638392856,
        "iqr_ns": 3729.020833333334,
        "q1_ns": 4861.0,
        "q3_ns": 8590.020833333334
      },
      "first_seen_ts_ns": 1747580168739471462,
      "last_seen_ts_ns": 1747580193053809051,
      "duration_active_s": 24.314337589
    },
    {
      "tgid": 520,
      "comm": "lmp",
      "cgroup_id": 9329,
      "on_cpu_stats_ns": {
        "count": 8.0,
        "sum_ns": 148752.125,
        "mean_ns": 18594.015625,
        "median_ns": 18101.166666666668,
        "min_ns": 5833.625,
        "max_ns": 32894.0,
        "variance_ns2": 68604496.62695314,
        "iqr_ns": 7640.754629629628,
        "q1_ns": 14694.5,
        "q3_ns": 22335.254629629628
      },
      "runq_latency_stats_ns": {
        "count": 8.0,
        "sum_ns": 42592.5,
        "mean_ns": 5324.0625,
        "median_ns": 5863.333333333333,
        "min_ns": 895.5,
        "max_ns": 8092.0,
        "variance_ns2": 8294280.745535715,
        "iqr_ns": 2490.5555555555557,
        "q1_ns": 3950.0,
        "q3_ns": 6440.555555555556
      },
      "first_seen_ts_ns": 1747580168739471462,
      "last_seen_ts_ns": 1747580193053809051,
      "duration_active_s": 24.314337589
    },
    {
      "tgid": 514,
      "comm": "lmp",
      "cgroup_id": 9329,
      "on_cpu_stats_ns": {
        "count": 8.0,
        "sum_ns": 146471.75,
        "mean_ns": 18308.96875,
        "median_ns": 19473.333333333332,
        "min_ns": 6143.0,
        "max_ns": 33735.0,
        "variance_ns2": 70635030.7935268,
        "iqr_ns": 8303.267939814816,
        "q1_ns": 13953.213541666666,
        "q3_ns": 22256.48148148148
      },
      "runq_latency_stats_ns": {
        "count": 8.0,
        "sum_ns": 42637.625,
        "mean_ns": 5329.703125,
        "median_ns": 5479.555555555555,
        "min_ns": 902.375,
        "max_ns": 9131.0,
        "variance_ns2": 9683067.17829241,
        "iqr_ns": 3332.149691358024,
        "q1_ns": 3526.5,
        "q3_ns": 6858.649691358024
      },
      "first_seen_ts_ns": 1747580168739471462,
      "last_seen_ts_ns": 1747580193053809051,
      "duration_active_s": 24.314337589
    },
    {
      "tgid": 502,
      "comm": "lmp",
      "cgroup_id": 9329,
      "on_cpu_stats_ns": {
        "count": 8.0,
        "sum_ns": 146115.8,
        "mean_ns": 18264.475,
        "median_ns": 16971.233333333334,
        "min_ns": 6034.0,
        "max_ns": 34553.0,
        "variance_ns2": 81620209.46214287,
        "iqr_ns": 8259.555555555558,
        "q1_ns": 13133.8,
        "q3_ns": 21393.355555555558
      },
      "runq_latency_stats_ns": {
        "count": 8.0,
        "sum_ns": 44136.45,
        "mean_ns": 5517.05625,
        "median_ns": 6057.9,
        "min_ns": 975.25,
        "max_ns": 10400.0,
        "variance_ns2": 10713700.725312501,
        "iqr_ns": 3915.6796296296297,
        "q1_ns": 4017.0,
        "q3_ns": 7932.67962962963
      },
      "first_seen_ts_ns": 1747580168739471462,
      "last_seen_ts_ns": 1747580193053809051,
      "duration_active_s": 24.314337589
    },
    {
      "tgid": 257,
      "comm": "lmp",
      "cgroup_id": 9329,
      "on_cpu_stats_ns": {
        "count": 9.0,
        "sum_ns": 132432.6923076923,
        "mean_ns": 14714.74358974359,
        "median_ns": 12631.942307692309,
        "min_ns": 10670.0,
        "max_ns": 20702.0,
        "variance_ns2": 15934784.66863905,
        "iqr_ns": 4788.26153846154,
        "q1_ns": 11599.846153846154,
        "q3_ns": 16388.107692307694
      },
      "runq_latency_stats_ns": {
        "count": 9.0,
        "sum_ns": 108761.45283018867,
        "mean_ns": 12084.605870020963,
        "median_ns": 5051.0,
        "min_ns": 1161.4528301886792,
        "max_ns": 74856.0,
        "variance_ns2": 557706570.1716307,
        "iqr_ns": 13780.016850104821,
        "q1_ns": 4311.0,
        "q3_ns": 18091.01685010482
      },
      "first_seen_ts_ns": 1747580133008850420,
      "last_seen_ts_ns": 1747580164998181390,
      "duration_active_s": 31.98933097
    },
    {
      "tgid": 508,
      "comm": "lmp",
      "cgroup_id": 9329,
      "on_cpu_stats_ns": {
        "count": 8.0,
        "sum_ns": 128057.20833333333,
        "mean_ns": 16007.151041666666,
        "median_ns": 13097.52777777778,
        "min_ns": 5705.375,
        "max_ns": 32121.0,
        "variance_ns2": 75296346.06941344,
        "iqr_ns": 10890.213541666666,
        "q1_ns": 10416.333333333334,
        "q3_ns": 21306.546875
      },
      "runq_latency_stats_ns": {
        "count": 8.0,
        "sum_ns": 39003.666666666664,
        "mean_ns": 4875.458333333333,
        "median_ns": 5221.416666666666,
        "min_ns": 1026.0,
        "max_ns": 8478.0,
        "variance_ns2": 6637185.109126985,
        "iqr_ns": 949.3333333333339,
        "q1_ns": 4785.0,
        "q3_ns": 5734.333333333334
      },
      "first_seen_ts_ns": 1747580168739471462,
      "last_seen_ts_ns": 1747580193053809051,
      "duration_active_s": 24.314337589
    },
    {
      "tgid": 426,
      "comm": "lmp",
      "cgroup_id": 9329,
      "on_cpu_stats_ns": {
        "count": 2.0,
        "sum_ns": 99483.0,
        "mean_ns": 49741.5,
        "median_ns": 75455.0,
        "min_ns": 24028.0,
        "max_ns": 75455.0,
        "variance_ns2": 1322368164.5,
        "iqr_ns": 51427.0,
        "q1_ns": 24028.0,
        "q3_ns": 75455.0
      },
      "runq_latency_stats_ns": {
        "count": 2.0,
        "sum_ns": 24790.0,
        "mean_ns": 12395.0,
        "median_ns": 22832.0,
        "min_ns": 1958.0,
        "max_ns": 22832.0,
        "variance_ns2": 217861938.0,
        "iqr_ns": 20874.0,
        "q1_ns": 1958.0,
        "q3_ns": 22832.0
      },
      "first_seen_ts_ns": 1747580168083756646,
      "last_seen_ts_ns": 1747580168972563265,
      "duration_active_s": 0.888806619
    },
    {
      "tgid": 436,
      "comm": "lmp",
      "cgroup_id": 9329,
      "on_cpu_stats_ns": {
        "count": 4.0,
        "sum_ns": 79401.0,
        "mean_ns": 19850.25,
        "median_ns": 20476.0,
        "min_ns": 12097.0,
        "max_ns": 27610.0,
        "variance_ns2": 40372636.24999999,
        "iqr_ns": 8392.0,
        "q1_ns": 19218.0,
        "q3_ns": 27610.0
      },
      "runq_latency_stats_ns": {
        "count": 4.0,
        "sum_ns": 27426.0,
        "mean_ns": 6856.5,
        "median_ns": 6564.0,
        "min_ns": 5277.0,
        "max_ns": 9269.0,
        "variance_ns2": 2897557.6666666665,
        "iqr_ns": 2953.0,
        "q1_ns": 6316.0,
        "q3_ns": 9269.0
      },
      "first_seen_ts_ns": 1747580181002188298,
      "last_seen_ts_ns": 1747580193053809051,
      "duration_active_s": 12.051620753
    },
    {
      "tgid": 516,
      "comm": "lmp",
      "cgroup_id": 9329,
      "on_cpu_stats_ns": {
        "count": 2.0,
        "sum_ns": 67047.0,
        "mean_ns": 33523.5,
        "median_ns": 50473.0,
        "min_ns": 16574.0,
        "max_ns": 50473.0,
        "variance_ns2": 574571100.5,
        "iqr_ns": 33899.0,
        "q1_ns": 16574.0,
        "q3_ns": 50473.0
      },
      "runq_latency_stats_ns": {
        "count": 2.0,
        "sum_ns": 72390.0,
        "mean_ns": 36195.0,
        "median_ns": 51714.0,
        "min_ns": 20676.0,
        "max_ns": 51714.0,
        "variance_ns2": 481678722.0,
        "iqr_ns": 31038.0,
        "q1_ns": 20676.0,
        "q3_ns": 51714.0
      },
      "first_seen_ts_ns": 1747580168083756646,
      "last_seen_ts_ns": 1747580168525680958,
      "duration_active_s": 0.441924312
    },
    {
      "tgid": 438,
      "comm": "lmp",
      "cgroup_id": 9329,
      "on_cpu_stats_ns": {
        "count": 2.0,
        "sum_ns": 60794.0,
        "mean_ns": 30397.0,
        "median_ns": 49848.0,
        "min_ns": 10946.0,
        "max_ns": 49848.0,
        "variance_ns2": 756682802.0,
        "iqr_ns": 38902.0,
        "q1_ns": 10946.0,
        "q3_ns": 49848.0
      },
      "runq_latency_stats_ns": {
        "count": 2.0,
        "sum_ns": 138800.0,
        "mean_ns": 69400.0,
        "median_ns": 81190.0,
        "min_ns": 57610.0,
        "max_ns": 81190.0,
        "variance_ns2": 278008200.0,
        "iqr_ns": 23580.0,
        "q1_ns": 57610.0,
        "q3_ns": 81190.0
      },
      "first_seen_ts_ns": 1747580168083756646,
      "last_seen_ts_ns": 1747580168525680958,
      "duration_active_s": 0.441924312
    },
    {
      "tgid": 359,
      "comm": "lmp",
      "cgroup_id": 9329,
      "on_cpu_stats_ns": {
        "count": 2.0,
        "sum_ns": 55657.0,
        "mean_ns": 27828.5,
        "median_ns": 44844.0,
        "min_ns": 10813.0,
        "max_ns": 44844.0,
        "variance_ns2": 579054480.5,
        "iqr_ns": 34031.0,
        "q1_ns": 10813.0,
        "q3_ns": 44844.0
      },
      "runq_latency_stats_ns": {
        "count": 2.0,
        "sum_ns": 71393.0,
        "mean_ns": 35696.5,
        "median_ns": 69724.0,
        "min_ns": 1669.0,
        "max_ns": 69724.0,
        "variance_ns2": 2315741512.5,
        "iqr_ns": 68055.0,
        "q1_ns": 1669.0,
        "q3_ns": 69724.0
      },
      "first_seen_ts_ns": 1747580168083756646,
      "last_seen_ts_ns": 1747580173392068081,
      "duration_active_s": 5.308311435
    },
    {
      "tgid": 474,
      "comm": "lmp",
      "cgroup_id": 9329,
      "on_cpu_stats_ns": {
        "count": 2.0,
        "sum_ns": 51368.0,
        "mean_ns": 25684.0,
        "median_ns": 28248.0,
        "min_ns": 23120.0,
        "max_ns": 28248.0,
        "variance_ns2": 13148192.0,
        "iqr_ns": 5128.0,
        "q1_ns": 23120.0,
        "q3_ns": 28248.0
      },
      "runq_latency_stats_ns": {
        "count": 2.0,
        "sum_ns": 29010.0,
        "mean_ns": 14505.0,
        "median_ns": 24593.0,
        "min_ns": 4417.0,
        "max_ns": 24593.0,
        "variance_ns2": 203535488.0,
        "iqr_ns": 20176.0,
        "q1_ns": 4417.0,
        "q3_ns": 24593.0
      },
      "first_seen_ts_ns": 1747580167974145976,
      "last_seen_ts_ns": 1747580168083756646,
      "duration_active_s": 0.10961067
    },
    {
      "tgid": 179,
      "comm": "lmp",
      "cgroup_id": 9329,
      "on_cpu_stats_ns": {
        "count": 2.0,
        "sum_ns": 40494.0,
        "mean_ns": 20247.0,
        "median_ns": 24244.0,
        "min_ns": 16250.0,
        "max_ns": 24244.0,
        "variance_ns2": 31952018.0,
        "iqr_ns": 7994.0,
        "q1_ns": 16250.0,
        "q3_ns": 24244.0
      },
      "runq_latency_stats_ns": {
        "count": 2.0,
        "sum_ns": 1990915.0,
        "mean_ns": 995457.5,
        "median_ns": 1967509.0,
        "min_ns": 23406.0,
        "max_ns": 1967509.0,
        "variance_ns2": 1889768237304.5,
        "iqr_ns": 1944103.0,
        "q1_ns": 23406.0,
        "q3_ns": 1967509.0
      },
      "first_seen_ts_ns": 1747580132679185007,
      "last_seen_ts_ns": 1747580150082094615,
      "duration_active_s": 17.402909608
    },
    {
      "tgid": 351,
      "comm": "lmp",
      "cgroup_id": 9329,
      "on_cpu_stats_ns": {
        "count": 1.0,
        "sum_ns": 30298.0,
        "mean_ns": 30298.0,
        "median_ns": 30298.0,
        "min_ns": 30298.0,
        "max_ns": 30298.0,
        "variance_ns2": null,
        "iqr_ns": 0.0,
        "q1_ns": 30298.0,
        "q3_ns": 30298.0
      },
      "runq_latency_stats_ns": {
        "count": 1.0,
        "sum_ns": 1269.0,
        "mean_ns": 1269.0,
        "median_ns": 1269.0,
        "min_ns": 1269.0,
        "max_ns": 1269.0,
        "variance_ns2": null,
        "iqr_ns": 0.0,
        "q1_ns": 1269.0,
        "q3_ns": 1269.0
      },
      "first_seen_ts_ns": 1747580134944662491,
      "last_seen_ts_ns": 1747580134944662491,
      "duration_active_s": 0
    },
    {
      "tgid": 444,
      "comm": "lmp",
      "cgroup_id": 9329,
      "on_cpu_stats_ns": {
        "count": 1.0,
        "sum_ns": 28544.0,
        "mean_ns": 28544.0,
        "median_ns": 28544.0,
        "min_ns": 28544.0,
        "max_ns": 28544.0,
        "variance_ns2": null,
        "iqr_ns": 0.0,
        "q1_ns": 28544.0,
        "q3_ns": 28544.0
      },
      "runq_latency_stats_ns": {
        "count": 1.0,
        "sum_ns": 59921.0,
        "mean_ns": 59921.0,
        "median_ns": 59921.0,
        "min_ns": 59921.0,
        "max_ns": 59921.0,
        "variance_ns2": null,
        "iqr_ns": 0.0,
        "q1_ns": 59921.0,
        "q3_ns": 59921.0
      },
      "first_seen_ts_ns": 1747580168083756646,
      "last_seen_ts_ns": 1747580168083756646,
      "duration_active_s": 0
    },
    {
      "tgid": 378,
      "comm": "lmp",
      "cgroup_id": 9329,
      "on_cpu_stats_ns": {
        "count": 1.0,
        "sum_ns": 28356.0,
        "mean_ns": 28356.0,
        "median_ns": 28356.0,
        "min_ns": 28356.0,
        "max_ns": 28356.0,
        "variance_ns2": null,
        "iqr_ns": 0.0,
        "q1_ns": 28356.0,
        "q3_ns": 28356.0
      },
      "runq_latency_stats_ns": {
        "count": 1.0,
        "sum_ns": 83471.0,
        "mean_ns": 83471.0,
        "median_ns": 83471.0,
        "min_ns": 83471.0,
        "max_ns": 83471.0,
        "variance_ns2": null,
        "iqr_ns": 0.0,
        "q1_ns": 83471.0,
        "q3_ns": 83471.0
      },
      "first_seen_ts_ns": 1747580168083756646,
      "last_seen_ts_ns": 1747580168083756646,
      "duration_active_s": 0
    },
    {
      "tgid": 498,
      "comm": "lmp",
      "cgroup_id": 9329,
      "on_cpu_stats_ns": {
        "count": 1.0,
        "sum_ns": 25658.0,
        "mean_ns": 25658.0,
        "median_ns": 25658.0,
        "min_ns": 25658.0,
        "max_ns": 25658.0,
        "variance_ns2": null,
        "iqr_ns": 0.0,
        "q1_ns": 25658.0,
        "q3_ns": 25658.0
      },
      "runq_latency_stats_ns": {
        "count": 1.0,
        "sum_ns": 44932.0,
        "mean_ns": 44932.0,
        "median_ns": 44932.0,
        "min_ns": 44932.0,
        "max_ns": 44932.0,
        "variance_ns2": null,
        "iqr_ns": 0.0,
        "q1_ns": 44932.0,
        "q3_ns": 44932.0
      },
      "first_seen_ts_ns": 1747580168083756646,
      "last_seen_ts_ns": 1747580168083756646,
      "duration_active_s": 0
    },
    {
      "tgid": 180,
      "comm": "lmp",
      "cgroup_id": 9329,
      "on_cpu_stats_ns": {
        "count": 2.0,
        "sum_ns": 25329.0,
        "mean_ns": 12664.5,
        "median_ns": 14482.0,
        "min_ns": 10847.0,
        "max_ns": 14482.0,
        "variance_ns2": 6606612.5,
        "iqr_ns": 3635.0,
        "q1_ns": 10847.0,
        "q3_ns": 14482.0
      },
      "runq_latency_stats_ns": {
        "count": 2.0,
        "sum_ns": 1017389.0,
        "mean_ns": 508694.5,
        "median_ns": 1007149.0,
        "min_ns": 10240.0,
        "max_ns": 1007149.0,
        "variance_ns2": 496913777140.5,
        "iqr_ns": 996909.0,
        "q1_ns": 10240.0,
        "q3_ns": 1007149.0
      },
      "first_seen_ts_ns": 1747580132679185007,
      "last_seen_ts_ns": 1747580153614010434,
      "duration_active_s": 20.934825427
    },
    {
      "tgid": 480,
      "comm": "lmp",
      "cgroup_id": 9329,
      "on_cpu_stats_ns": {
        "count": 1.0,
        "sum_ns": 25282.0,
        "mean_ns": 25282.0,
        "median_ns": 25282.0,
        "min_ns": 25282.0,
        "max_ns": 25282.0,
        "variance_ns2": null,
        "iqr_ns": 0.0,
        "q1_ns": 25282.0,
        "q3_ns": 25282.0
      },
      "runq_latency_stats_ns": {
        "count": 1.0,
        "sum_ns": 30704.0,
        "mean_ns": 30704.0,
        "median_ns": 30704.0,
        "min_ns": 30704.0,
        "max_ns": 30704.0,
        "variance_ns2": null,
        "iqr_ns": 0.0,
        "q1_ns": 30704.0,
        "q3_ns": 30704.0
      },
      "first_seen_ts_ns": 1747580168083756646,
      "last_seen_ts_ns": 1747580168083756646,
      "duration_active_s": 0
    },
    {
      "tgid": 522,
      "comm": "lmp",
      "cgroup_id": 9329,
      "on_cpu_stats_ns": {
        "count": 1.0,
        "sum_ns": 21833.0,
        "mean_ns": 21833.0,
        "median_ns": 21833.0,
        "min_ns": 21833.0,
        "max_ns": 21833.0,
        "variance_ns2": null,
        "iqr_ns": 0.0,
        "q1_ns": 21833.0,
        "q3_ns": 21833.0
      },
      "runq_latency_stats_ns": {
        "count": 1.0,
        "sum_ns": 3254.0,
        "mean_ns": 3254.0,
        "median_ns": 3254.0,
        "min_ns": 3254.0,
        "max_ns": 3254.0,
        "variance_ns2": null,
        "iqr_ns": 0.0,
        "q1_ns": 3254.0,
        "q3_ns": 3254.0
      },
      "first_seen_ts_ns": 1747580168083756646,
      "last_seen_ts_ns": 1747580168083756646,
      "duration_active_s": 0
    },
    {
      "tgid": 402,
      "comm": "lmp",
      "cgroup_id": 9329,
      "on_cpu_stats_ns": {
        "count": 1.0,
        "sum_ns": 21742.0,
        "mean_ns": 21742.0,
        "median_ns": 21742.0,
        "min_ns": 21742.0,
        "max_ns": 21742.0,
        "variance_ns2": null,
        "iqr_ns": 0.0,
        "q1_ns": 21742.0,
        "q3_ns": 21742.0
      },
      "runq_latency_stats_ns": {
        "count": 1.0,
        "sum_ns": 2653.0,
        "mean_ns": 2653.0,
        "median_ns": 2653.0,
        "min_ns": 2653.0,
        "max_ns": 2653.0,
        "variance_ns2": null,
        "iqr_ns": 0.0,
        "q1_ns": 2653.0,
        "q3_ns": 2653.0
      },
      "first_seen_ts_ns": 1747580184745585613,
      "last_seen_ts_ns": 1747580184745585613,
      "duration_active_s": 0
    },
    {
      "tgid": 349,
      "comm": "lmp",
      "cgroup_id": 9329,
      "on_cpu_stats_ns": {
        "count": 1.0,
        "sum_ns": 16759.0,
        "mean_ns": 16759.0,
        "median_ns": 16759.0,
        "min_ns": 16759.0,
        "max_ns": 16759.0,
        "variance_ns2": null,
        "iqr_ns": 0.0,
        "q1_ns": 16759.0,
        "q3_ns": 16759.0
      },
      "runq_latency_stats_ns": {
        "count": 1.0,
        "sum_ns": 2977297.0,
        "mean_ns": 2977297.0,
        "median_ns": 2977297.0,
        "min_ns": 2977297.0,
        "max_ns": 2977297.0,
        "variance_ns2": null,
        "iqr_ns": 0.0,
        "q1_ns": 2977297.0,
        "q3_ns": 2977297.0
      },
      "first_seen_ts_ns": 1747580132679185007,
      "last_seen_ts_ns": 1747580132679185007,
      "duration_active_s": 0
    }
  ]
}
[14:56:41] Cleanup complete. Exiting.
