unlimited
PROGRAM: cpu
Looking for /opt/programs/cpu/ebpf-collect.c
[14:55:19] Waiting for start indicator file: '/mnt/flux/start_ebpf_collection'.
[14:55:31] Start indicator found. Proceeding with monitoring.
[14:55:31] Initializing eBPF for CPU Scheduling monitoring...
[14:55:32] BPF C code compiled and loaded.
[14:55:32] Attached tracepoints.
[14:55:32] Monitoring CPU scheduling events (polling aggregated map)... Press Ctrl+C to stop.
[14:56:41] Stop indicator file '/mnt/flux/stop_ebpf_collection' found. Stopping.
[14:56:41] Initiating cleanup sequence...
{
  "final_aggregated_summary_river": [
    {
      "tgid": 114,
      "comm": "python3",
      "cgroup_id": 9731,
      "on_cpu_stats_ns": {
        "count": 557.0,
        "sum_ns": 15498434.545274107,
        "mean_ns": 27824.83760372371,
        "median_ns": 23557.598387920603,
        "min_ns": 3653.0,
        "max_ns": 151944.0,
        "variance_ns2": 347262975.8438879,
        "iqr_ns": 20035.756605061666,
        "q1_ns": 15967.905574711845,
        "q3_ns": 36003.66217977351
      },
      "runq_latency_stats_ns": {
        "count": 558.0,
        "sum_ns": 47717378.94491914,
        "mean_ns": 85515.01603032104,
        "median_ns": 6079.128845159658,
        "min_ns": 576.8333333333334,
        "max_ns": 4004923.0,
        "variance_ns2": 209142145595.70053,
        "iqr_ns": 14821.500017511305,
        "q1_ns": 4203.071994530911,
        "q3_ns": 19024.572012042216
      },
      "first_seen_ts_ns": 1747580132365173924,
      "last_seen_ts_ns": 1747580201618210723,
      "duration_active_s": 69.253036799
    },
    {
      "tgid": 83,
      "comm": "flux-broker-9",
      "cgroup_id": 9810,
      "on_cpu_stats_ns": {
        "count": 104.0,
        "sum_ns": 2483712.6273408243,
        "mean_ns": 23881.852185969467,
        "median_ns": 22526.750349179565,
        "min_ns": 5885.0,
        "max_ns": 69081.0,
        "variance_ns2": 152948060.94379017,
        "iqr_ns": 17990.62609580788,
        "q1_ns": 13865.929765473265,
        "q3_ns": 31856.555861281144
      },
      "runq_latency_stats_ns": {
        "count": 104.0,
        "sum_ns": 13706127.220037453,
        "mean_ns": 131789.68480805244,
        "median_ns": 4072.4193267541204,
        "min_ns": 1213.0,
        "max_ns": 3000820.0,
        "variance_ns2": 297889067419.067,
        "iqr_ns": 4250.240296167232,
        "q1_ns": 3370.237934507741,
        "q3_ns": 7620.478230674974
      },
      "first_seen_ts_ns": 1747580132781624918,
      "last_seen_ts_ns": 1747580201618210723,
      "duration_active_s": 68.836585805
    },
    {
      "tgid": 180,
      "comm": "lmp",
      "cgroup_id": 9810,
      "on_cpu_stats_ns": {
        "count": 61.0,
        "sum_ns": 2287761.788389513,
        "mean_ns": 37504.291612942834,
        "median_ns": 31034.31799093469,
        "min_ns": 5516.0,
        "max_ns": 155033.0,
        "variance_ns2": 912536724.0801771,
        "iqr_ns": 30764.71522704292,
        "q1_ns": 18366.660761912404,
        "q3_ns": 49131.375988955326
      },
      "runq_latency_stats_ns": {
        "count": 61.0,
        "sum_ns": 6516203.908239702,
        "mean_ns": 106823.01488917544,
        "median_ns": 4738.969944882317,
        "min_ns": 1327.0,
        "max_ns": 3997901.0,
        "variance_ns2": 322637491285.8188,
        "iqr_ns": 3539.770793418308,
        "q1_ns": 4453.154816182694,
        "q3_ns": 7992.925609601002
      },
      "first_seen_ts_ns": 1747580132365173924,
      "last_seen_ts_ns": 1747580166970795972,
      "duration_active_s": 34.605622048
    },
    {
      "tgid": 246,
      "comm": "lmp",
      "cgroup_id": 9810,
      "on_cpu_stats_ns": {
        "count": 54.0,
        "sum_ns": 2056599.666666666,
        "mean_ns": 38085.17901234567,
        "median_ns": 35816.79299300062,
        "min_ns": 7045.0,
        "max_ns": 111157.0,
        "variance_ns2": 453977074.9411443,
        "iqr_ns": 26482.626331696665,
        "q1_ns": 24330.163945580636,
        "q3_ns": 50812.7902772773
      },
      "runq_latency_stats_ns": {
        "count": 54.0,
        "sum_ns": 10640583.166666662,
        "mean_ns": 197047.836419753,
        "median_ns": 9780.989388051694,
        "min_ns": 1886.0,
        "max_ns": 2998197.0,
        "variance_ns2": 417971327299.60223,
        "iqr_ns": 29258.997262508638,
        "q1_ns": 5489.877108790519,
        "q3_ns": 34748.874371299156
      },
      "first_seen_ts_ns": 1747580132365173924,
      "last_seen_ts_ns": 1747580168300100845,
      "duration_active_s": 35.934926921
    },
    {
      "tgid": 1,
      "comm": "pause",
      "cgroup_id": 9494,
      "on_cpu_stats_ns": {
        "count": 9.0,
        "sum_ns": 1669132.0833333333,
        "mean_ns": 185459.12037037036,
        "median_ns": 124459.16666666667,
        "min_ns": 91426.0,
        "max_ns": 643056.8333333334,
        "variance_ns2": 30316285503.03666,
        "iqr_ns": 23681.0,
        "q1_ns": 108987.25,
        "q3_ns": 132668.25
      },
      "runq_latency_stats_ns": {
        "count": 9.0,
        "sum_ns": 1424063.666666667,
        "mean_ns": 158229.29629629632,
        "median_ns": 5766.0,
        "min_ns": 1677.8333333333333,
        "max_ns": 1360993.0,
        "variance_ns2": 203523907063.53317,
        "iqr_ns": 229006.09027777778,
        "q1_ns": 3559.659722222222,
        "q3_ns": 232565.75
      },
      "first_seen_ts_ns": 1747580146831747334,
      "last_seen_ts_ns": 1747580201618210723,
      "duration_active_s": 54.786463389
    },
    {
      "tgid": 234,
      "comm": "lmp",
      "cgroup_id": 9810,
      "on_cpu_stats_ns": {
        "count": 37.0,
        "sum_ns": 1403754.4999999995,
        "mean_ns": 37939.3108108108,
        "median_ns": 34371.515140708965,
        "min_ns": 5248.0,
        "max_ns": 97126.0,
        "variance_ns2": 527711393.71321326,
        "iqr_ns": 27133.663761304055,
        "q1_ns": 21143.079253296604,
        "q3_ns": 48276.74301460066
      },
      "runq_latency_stats_ns": {
        "count": 37.0,
        "sum_ns": 5266697.500000002,
        "mean_ns": 142343.17567567574,
        "median_ns": 5991.1368473421635,
        "min_ns": 1520.0,
        "max_ns": 3997578.0,
        "variance_ns2": 450382422306.5028,
        "iqr_ns": 34401.37099743184,
        "q1_ns": 7290.513239841358,
        "q3_ns": 41691.884237273196
      },
      "first_seen_ts_ns": 1747580132365173924,
      "last_seen_ts_ns": 1747580165331350724,
      "duration_active_s": 32.9661768
    },
    {
      "tgid": 185,
      "comm": "lmp",
      "cgroup_id": 9810,
      "on_cpu_stats_ns": {
        "count": 39.0,
        "sum_ns": 1400408.5,
        "mean_ns": 35907.91025641026,
        "median_ns": 28975.220781287742,
        "min_ns": 5047.0,
        "max_ns": 185706.0,
        "variance_ns2": 953540732.6562078,
        "iqr_ns": 22257.156735687426,
        "q1_ns": 18503.951506086432,
        "q3_ns": 40761.10824177386
      },
      "runq_latency_stats_ns": {
        "count": 39.0,
        "sum_ns": 11507510.499999994,
        "mean_ns": 295064.37179487164,
        "median_ns": 5743.477650377829,
        "min_ns": 1918.0,
        "max_ns": 3999970.0,
        "variance_ns2": 988342871299.8384,
        "iqr_ns": 57169.37128765946,
        "q1_ns": 3730.792518074857,
        "q3_ns": 60900.163805734315
      },
      "first_seen_ts_ns": 1747580132781624918,
      "last_seen_ts_ns": 1747580166970795972,
      "duration_active_s": 34.189171054
    },
    {
      "tgid": 350,
      "comm": "lmp",
      "cgroup_id": 9810,
      "on_cpu_stats_ns": {
        "count": 39.0,
        "sum_ns": 1347319.6666666663,
        "mean_ns": 34546.65811965811,
        "median_ns": 32075.85198664889,
        "min_ns": 11988.666666666666,
        "max_ns": 80958.0,
        "variance_ns2": 309855989.0320889,
        "iqr_ns": 24731.60766761125,
        "q1_ns": 22681.11163636412,
        "q3_ns": 47412.71930397537
      },
      "runq_latency_stats_ns": {
        "count": 39.0,
        "sum_ns": 7633893.666666668,
        "mean_ns": 195740.86324786328,
        "median_ns": 8523.63940798743,
        "min_ns": 1560.0,
        "max_ns": 4004593.0,
        "variance_ns2": 621759972363.7119,
        "iqr_ns": 9014.753243606365,
        "q1_ns": 4317.871234000848,
        "q3_ns": 13332.624477607213
      },
      "first_seen_ts_ns": 1747580132365173924,
      "last_seen_ts_ns": 1747580167085802174,
      "duration_active_s": 34.72062825
    },
    {
      "tgid": 222,
      "comm": "lmp",
      "cgroup_id": 9810,
      "on_cpu_stats_ns": {
        "count": 39.0,
        "sum_ns": 1337177.6666666663,
        "mean_ns": 34286.60683760683,
        "median_ns": 27851.619884085827,
        "min_ns": 8995.0,
        "max_ns": 104225.0,
        "variance_ns2": 437729075.5021742,
        "iqr_ns": 24271.37278146291,
        "q1_ns": 19751.318982117074,
        "q3_ns": 44022.691763579984
      },
      "runq_latency_stats_ns": {
        "count": 39.0,
        "sum_ns": 265965.3333333334,
        "mean_ns": 6819.623931623933,
        "median_ns": 4810.9599160608195,
        "min_ns": 1500.0,
        "max_ns": 57042.0,
        "variance_ns2": 90137270.39286251,
        "iqr_ns": 1280.9281796697373,
        "q1_ns": 3992.1719819267005,
        "q3_ns": 5273.100161596438
      },
      "first_seen_ts_ns": 1747580132781624918,
      "last_seen_ts_ns": 1747580166970795972,
      "duration_active_s": 34.189171054
    },
    {
      "tgid": 216,
      "comm": "lmp",
      "cgroup_id": 9810,
      "on_cpu_stats_ns": {
        "count": 36.0,
        "sum_ns": 1161659.8333333335,
        "mean_ns": 32268.328703703708,
        "median_ns": 29255.97197537217,
        "min_ns": 8643.0,
        "max_ns": 114886.5,
        "variance_ns2": 382698007.9277557,
        "iqr_ns": 23586.171208283005,
        "q1_ns": 15834.218246506956,
        "q3_ns": 39420.38945478996
      },
      "runq_latency_stats_ns": {
        "count": 36.0,
        "sum_ns": 234984.83333333334,
        "mean_ns": 6527.356481481482,
        "median_ns": 4942.939128677551,
        "min_ns": 1818.0,
        "max_ns": 53146.0,
        "variance_ns2": 71937291.58436948,
        "iqr_ns": 1486.4128858046415,
        "q1_ns": 4388.799040633832,
        "q3_ns": 5875.211926438474
      },
      "first_seen_ts_ns": 1747580132781624918,
      "last_seen_ts_ns": 1747580166970795972,
      "duration_active_s": 34.189171054
    },
    {
      "tgid": 475,
      "comm": "lmp",
      "cgroup_id": 9810,
      "on_cpu_stats_ns": {
        "count": 22.0,
        "sum_ns": 619589.0000000001,
        "mean_ns": 28163.136363636368,
        "median_ns": 24988.467983539093,
        "min_ns": 19840.0,
        "max_ns": 76106.0,
        "variance_ns2": 152702784.9805195,
        "iqr_ns": 6425.2406427591595,
        "q1_ns": 22803.59365079365,
        "q3_ns": 29228.83429355281
      },
      "runq_latency_stats_ns": {
        "count": 22.0,
        "sum_ns": 101268.00000000001,
        "mean_ns": 4603.09090909091,
        "median_ns": 4641.748677248677,
        "min_ns": 2524.0,
        "max_ns": 7561.0,
        "variance_ns2": 1512302.2770562773,
        "iqr_ns": 1310.0640421756261,
        "q1_ns": 3974.6875,
        "q3_ns": 5284.751542175626
      },
      "first_seen_ts_ns": 1747580175286759006,
      "last_seen_ts_ns": 1747580195217687435,
      "duration_active_s": 19.930928429
    },
    {
      "tgid": 190,
      "comm": "lmp",
      "cgroup_id": 9810,
      "on_cpu_stats_ns": {
        "count": 24.0,
        "sum_ns": 556836.6292134831,
        "mean_ns": 23201.526217228464,
        "median_ns": 20430.80831619272,
        "min_ns": 7236.0,
        "max_ns": 53720.0,
        "variance_ns2": 158800792.86192086,
        "iqr_ns": 11802.571779489419,
        "q1_ns": 16408.028737338947,
        "q3_ns": 28210.600516828366
      },
      "runq_latency_stats_ns": {
        "count": 24.0,
        "sum_ns": 217372.3595505618,
        "mean_ns": 9057.181647940075,
        "median_ns": 8118.69761989596,
        "min_ns": 1226.0,
        "max_ns": 77441.0,
        "variance_ns2": 223617251.2055095,
        "iqr_ns": 4425.034418331157,
        "q1_ns": 4084.8964937470973,
        "q3_ns": 8509.930912078255
      },
      "first_seen_ts_ns": 1747580133004170919,
      "last_seen_ts_ns": 1747580165011438463,
      "duration_active_s": 32.007267544
    },
    {
      "tgid": 28,
      "comm": "bash",
      "cgroup_id": 9731,
      "on_cpu_stats_ns": {
        "count": 23.0,
        "sum_ns": 548627.3856202475,
        "mean_ns": 23853.364592184673,
        "median_ns": 19318.30737737334,
        "min_ns": 6380.0,
        "max_ns": 56478.0,
        "variance_ns2": 241142518.82302424,
        "iqr_ns": 19512.062919161315,
        "q1_ns": 14012.454807441954,
        "q3_ns": 33524.51772660327
      },
      "runq_latency_stats_ns": {
        "count": 23.0,
        "sum_ns": 206939.45024401313,
        "mean_ns": 8997.367401913614,
        "median_ns": 6906.09632642952,
        "min_ns": 1068.0,
        "max_ns": 75133.0,
        "variance_ns2": 218550545.35657084,
        "iqr_ns": 6934.995338031755,
        "q1_ns": 3974.000901696362,
        "q3_ns": 10908.996239728116
      },
      "first_seen_ts_ns": 1747580133004170919,
      "last_seen_ts_ns": 1747580201008816944,
      "duration_active_s": 68.004646025
    },
    {
      "tgid": 208,
      "comm": "lmp",
      "cgroup_id": 9810,
      "on_cpu_stats_ns": {
        "count": 24.0,
        "sum_ns": 512059.21348314604,
        "mean_ns": 21335.80056179775,
        "median_ns": 19225.27997924048,
        "min_ns": 6894.0,
        "max_ns": 41109.0,
        "variance_ns2": 90426895.66102491,
        "iqr_ns": 12759.850534683843,
        "q1_ns": 13207.54929491967,
        "q3_ns": 25967.399829603513
      },
      "runq_latency_stats_ns": {
        "count": 24.0,
        "sum_ns": 229355.79775280895,
        "mean_ns": 9556.491573033707,
        "median_ns": 8335.51719146876,
        "min_ns": 1197.0,
        "max_ns": 91997.0,
        "variance_ns2": 314563091.07802874,
        "iqr_ns": 5472.094853471872,
        "q1_ns": 3352.5499939143633,
        "q3_ns": 8824.644847386235
      },
      "first_seen_ts_ns": 1747580133004170919,
      "last_seen_ts_ns": 1747580165011438463,
      "duration_active_s": 32.007267544
    },
    {
      "tgid": 511,
      "comm": "lmp",
      "cgroup_id": 9810,
      "on_cpu_stats_ns": {
        "count": 20.0,
        "sum_ns": 467028.0,
        "mean_ns": 23351.4,
        "median_ns": 24700.18964285714,
        "min_ns": 13355.0,
        "max_ns": 28921.0,
        "variance_ns2": 15099919.621052636,
        "iqr_ns": 3436.055745777605,
        "q1_ns": 22048.444254222395,
        "q3_ns": 25484.5
      },
      "runq_latency_stats_ns": {
        "count": 20.0,
        "sum_ns": 95109.99999999999,
        "mean_ns": 4755.499999999999,
        "median_ns": 4673.1875,
        "min_ns": 2490.0,
        "max_ns": 11903.0,
        "variance_ns2": 3701487.8421052615,
        "iqr_ns": 1797.4251623228174,
        "q1_ns": 3646.21183127572,
        "q3_ns": 5443.636993598538
      },
      "first_seen_ts_ns": 1747580177250330270,
      "last_seen_ts_ns": 1747580196344650535,
      "duration_active_s": 19.094320265
    },
    {
      "tgid": 370,
      "comm": "lmp",
      "cgroup_id": 9810,
      "on_cpu_stats_ns": {
        "count": 15.0,
        "sum_ns": 417580.4242197253,
        "mean_ns": 27838.694947981687,
        "median_ns": 29795.82752406761,
        "min_ns": 8799.244444444445,
        "max_ns": 47137.0,
        "variance_ns2": 118321805.30289578,
        "iqr_ns": 14201.194813566377,
        "q1_ns": 18419.7265917603,
        "q3_ns": 32620.921405326677
      },
      "runq_latency_stats_ns": {
        "count": 15.0,
        "sum_ns": 81460.61722846441,
        "mean_ns": 5430.7078152309605,
        "median_ns": 5329.342866122208,
        "min_ns": 1117.5505617977528,
        "max_ns": 8718.0,
        "variance_ns2": 7566526.346175666,
        "iqr_ns": 4756.177785595535,
        "q1_ns": 2171.8853333333336,
        "q3_ns": 6928.063118928869
      },
      "first_seen_ts_ns": 1747580168735558280,
      "last_seen_ts_ns": 1747580193043776059,
      "duration_active_s": 24.308217779
    },
    {
      "tgid": 280,
      "comm": "lmp",
      "cgroup_id": 9810,
      "on_cpu_stats_ns": {
        "count": 15.0,
        "sum_ns": 362042.79775280895,
        "mean_ns": 24136.18651685393,
        "median_ns": 17713.461379213484,
        "min_ns": 11463.0,
        "max_ns": 46582.0,
        "variance_ns2": 138377606.0306563,
        "iqr_ns": 14900.595326443796,
        "q1_ns": 13325.694311508763,
        "q3_ns": 28226.28963795256
      },
      "runq_latency_stats_ns": {
        "count": 15.0,
        "sum_ns": 117190.86516853933,
        "mean_ns": 7812.724344569288,
        "median_ns": 4269.202621722847,
        "min_ns": 1230.0,
        "max_ns": 51560.0,
        "variance_ns2": 154575946.2039942,
        "iqr_ns": 3980.6752834997924,
        "q1_ns": 2949.6161985018725,
        "q3_ns": 6930.291482001665
      },
      "first_seen_ts_ns": 1747580133004170919,
      "last_seen_ts_ns": 1747580165011438463,
      "duration_active_s": 32.007267544
    },
    {
      "tgid": 197,
      "comm": "lmp",
      "cgroup_id": 9810,
      "on_cpu_stats_ns": {
        "count": 5.0,
        "sum_ns": 326802.0,
        "mean_ns": 65360.4,
        "median_ns": 21947.0,
        "min_ns": 21536.0,
        "max_ns": 239216.0,
        "variance_ns2": 9445606541.3,
        "iqr_ns": 259.0,
        "q1_ns": 21922.0,
        "q3_ns": 22181.0
      },
      "runq_latency_stats_ns": {
        "count": 5.0,
        "sum_ns": 28384.0,
        "mean_ns": 5676.8,
        "median_ns": 4834.0,
        "min_ns": 1893.0,
        "max_ns": 10407.0,
        "variance_ns2": 10786721.2,
        "iqr_ns": 3388.0,
        "q1_ns": 3931.0,
        "q3_ns": 7319.0
      },
      "first_seen_ts_ns": 1747580132781624918,
      "last_seen_ts_ns": 1747580168076273464,
      "duration_active_s": 35.294648546
    },
    {
      "tgid": 509,
      "comm": "lmp",
      "cgroup_id": 9810,
      "on_cpu_stats_ns": {
        "count": 10.0,
        "sum_ns": 321923.07352941175,
        "mean_ns": 32192.307352941174,
        "median_ns": 34016.66911764706,
        "min_ns": 10141.0,
        "max_ns": 49115.0,
        "variance_ns2": 188038313.3711289,
        "iqr_ns": 19166.089370007263,
        "q1_ns": 23504.5,
        "q3_ns": 42670.58937000726
      },
      "runq_latency_stats_ns": {
        "count": 10.0,
        "sum_ns": 59292.7205882353,
        "mean_ns": 5929.27205882353,
        "median_ns": 5108.488425925925,
        "min_ns": 1255.2205882352941,
        "max_ns": 8894.0,
        "variance_ns2": 6241337.722186179,
        "iqr_ns": 3251.8439939633254,
        "q1_ns": 3429.5,
        "q3_ns": 6681.343993963325
      },
      "first_seen_ts_ns": 1747580168076273464,
      "last_seen_ts_ns": 1747580193043776059,
      "duration_active_s": 24.967502595
    },
    {
      "tgid": 268,
      "comm": "lmp",
      "cgroup_id": 9810,
      "on_cpu_stats_ns": {
        "count": 12.0,
        "sum_ns": 319367.25842696626,
        "mean_ns": 26613.93820224719,
        "median_ns": 18931.591760299627,
        "min_ns": 7346.0,
        "max_ns": 89020.0,
        "variance_ns2": 455808441.3389838,
        "iqr_ns": 17314.51486423221,
        "q1_ns": 15264.258426966293,
        "q3_ns": 32578.773291198504
      },
      "runq_latency_stats_ns": {
        "count": 12.0,
        "sum_ns": 118399.7191011236,
        "mean_ns": 9866.643258426966,
        "median_ns": 7120.896629213483,
        "min_ns": 1145.0,
        "max_ns": 58473.0,
        "variance_ns2": 241465717.91328287,
        "iqr_ns": 7829.27096337911,
        "q1_ns": 2587.906367041199,
        "q3_ns": 10417.177330420309
      },
      "first_seen_ts_ns": 1747580133004170919,
      "last_seen_ts_ns": 1747580165011438463,
      "duration_active_s": 32.007267544
    },
    {
      "tgid": 220,
      "comm": "lmp",
      "cgroup_id": 9810,
      "on_cpu_stats_ns": {
        "count": 12.0,
        "sum_ns": 297595.6853932584,
        "mean_ns": 24799.6404494382,
        "median_ns": 24415.574781523097,
        "min_ns": 9860.0,
        "max_ns": 44009.0,
        "variance_ns2": 81462488.2030047,
        "iqr_ns": 11274.933568654262,
        "q1_ns": 18127.0,
        "q3_ns": 29401.93356865426
      },
      "runq_latency_stats_ns": {
        "count": 12.0,
        "sum_ns": 115967.77528089889,
        "mean_ns": 9663.98127340824,
        "median_ns": 6831.259051186017,
        "min_ns": 1322.7752808988764,
        "max_ns": 55131.0,
        "variance_ns2": 210109910.25548503,
        "iqr_ns": 11920.058328131501,
        "q1_ns": 3477.0,
        "q3_ns": 15397.058328131501
      },
      "first_seen_ts_ns": 1747580133004170919,
      "last_seen_ts_ns": 1747580165011438463,
      "duration_active_s": 32.007267544
    },
    {
      "tgid": 195,
      "comm": "lmp",
      "cgroup_id": 9810,
      "on_cpu_stats_ns": {
        "count": 13.0,
        "sum_ns": 296335.7640449438,
        "mean_ns": 22795.058772687986,
        "median_ns": 20777.983595505615,
        "min_ns": 7209.0,
        "max_ns": 43272.0,
        "variance_ns2": 110464979.14790124,
        "iqr_ns": 13466.562782849562,
        "q1_ns": 16075.76404494382,
        "q3_ns": 29542.326827793382
      },
      "runq_latency_stats_ns": {
        "count": 13.0,
        "sum_ns": 77974.64044943819,
        "mean_ns": 5998.049265341399,
        "median_ns": 6075.0921075218475,
        "min_ns": 1203.0,
        "max_ns": 15095.0,
        "variance_ns2": 13463811.406083798,
        "iqr_ns": 4052.677955713426,
        "q1_ns": 3364.6676498127345,
        "q3_ns": 7417.34560552616
      },
      "first_seen_ts_ns": 1747580133004170919,
      "last_seen_ts_ns": 1747580165011438463,
      "duration_active_s": 32.007267544
    },
    {
      "tgid": 377,
      "comm": "lmp",
      "cgroup_id": 9810,
      "on_cpu_stats_ns": {
        "count": 9.0,
        "sum_ns": 289897.8988764045,
        "mean_ns": 32210.877652933836,
        "median_ns": 35772.666666666664,
        "min_ns": 11072.898876404495,
        "max_ns": 47655.0,
        "variance_ns2": 118827602.9970788,
        "iqr_ns": 8077.747932272163,
        "q1_ns": 27745.252067727837,
        "q3_ns": 35823.0
      },
      "runq_latency_stats_ns": {
        "count": 9.0,
        "sum_ns": 107705.34831460674,
        "mean_ns": 11967.260923845193,
        "median_ns": 5823.334997919267,
        "min_ns": 1112.3483146067415,
        "max_ns": 61680.0,
        "variance_ns2": 354780419.4498099,
        "iqr_ns": 11383.6432974407,
        "q1_ns": 3666.0,
        "q3_ns": 15049.6432974407
      },
      "first_seen_ts_ns": 1747580168076273464,
      "last_seen_ts_ns": 1747580193043776059,
      "duration_active_s": 24.967502595
    },
    {
      "tgid": 352,
      "comm": "lmp",
      "cgroup_id": 9810,
      "on_cpu_stats_ns": {
        "count": 11.0,
        "sum_ns": 289612.64705882355,
        "mean_ns": 26328.42245989305,
        "median_ns": 24885.707843137257,
        "min_ns": 9085.0,
        "max_ns": 58899.0,
        "variance_ns2": 177651895.10437244,
        "iqr_ns": 17355.129411764705,
        "q1_ns": 16337.125490196078,
        "q3_ns": 33692.25490196078
      },
      "runq_latency_stats_ns": {
        "count": 11.0,
        "sum_ns": 60913.78823529412,
        "mean_ns": 5537.617112299466,
        "median_ns": 6091.73114379085,
        "min_ns": 1136.7882352941176,
        "max_ns": 9846.0,
        "variance_ns2": 6698856.038515257,
        "iqr_ns": 4178.901116557734,
        "q1_ns": 3182.0,
        "q3_ns": 7360.901116557734
      },
      "first_seen_ts_ns": 1747580133004170919,
      "last_seen_ts_ns": 1747580165011438463,
      "duration_active_s": 32.007267544
    },
    {
      "tgid": 346,
      "comm": "lmp",
      "cgroup_id": 9810,
      "on_cpu_stats_ns": {
        "count": 12.0,
        "sum_ns": 288155.5348837209,
        "mean_ns": 24012.961240310076,
        "median_ns": 23323.087726098194,
        "min_ns": 5660.0,
        "max_ns": 41537.0,
        "variance_ns2": 99098206.72415885,
        "iqr_ns": 10398.845607235147,
        "q1_ns": 17125.429748062015,
        "q3_ns": 27524.275355297163
      },
      "runq_latency_stats_ns": {
        "count": 12.0,
        "sum_ns": 110544.1860465116,
        "mean_ns": 9212.015503875968,
        "median_ns": 5677.6132644272175,
        "min_ns": 1104.1860465116279,
        "max_ns": 52620.0,
        "variance_ns2": 193455483.19104508,
        "iqr_ns": 6448.84214398507,
        "q1_ns": 3140.0,
        "q3_ns": 9588.84214398507
      },
      "first_seen_ts_ns": 1747580133004170919,
      "last_seen_ts_ns": 1747580165011438463,
      "duration_active_s": 32.007267544
    },
    {
      "tgid": 232,
      "comm": "lmp",
      "cgroup_id": 9810,
      "on_cpu_stats_ns": {
        "count": 12.0,
        "sum_ns": 285175.86516853934,
        "mean_ns": 23764.65543071161,
        "median_ns": 21082.648876404495,
        "min_ns": 9777.0,
        "max_ns": 38549.0,
        "variance_ns2": 113249287.58203931,
        "iqr_ns": 17169.8112775697,
        "q1_ns": 12107.043539325843,
        "q3_ns": 29276.854816895546
      },
      "runq_latency_stats_ns": {
        "count": 12.0,
        "sum_ns": 103392.52808988767,
        "mean_ns": 8616.044007490638,
        "median_ns": 7250.083274812732,
        "min_ns": 1283.0,
        "max_ns": 44812.0,
        "variance_ns2": 134644970.4256914,
        "iqr_ns": 8548.400007802746,
        "q1_ns": 3649.0,
        "q3_ns": 12197.400007802746
      },
      "first_seen_ts_ns": 1747580133004170919,
      "last_seen_ts_ns": 1747580165011438463,
      "duration_active_s": 32.007267544
    },
    {
      "tgid": 256,
      "comm": "lmp",
      "cgroup_id": 9810,
      "on_cpu_stats_ns": {
        "count": 12.0,
        "sum_ns": 278196.4831460674,
        "mean_ns": 23183.040262172286,
        "median_ns": 18821.81086142322,
        "min_ns": 10056.0,
        "max_ns": 43346.0,
        "variance_ns2": 112832854.26255773,
        "iqr_ns": 11129.57748127341,
        "q1_ns": 14263.483146067416,
        "q3_ns": 25393.060627340827
      },
      "runq_latency_stats_ns": {
        "count": 12.0,
        "sum_ns": 69949.95505617978,
        "mean_ns": 5829.162921348315,
        "median_ns": 7127.6637016229715,
        "min_ns": 1308.0,
        "max_ns": 8885.0,
        "variance_ns2": 6507890.130573505,
        "iqr_ns": 4080.0880226876898,
        "q1_ns": 3422.0,
        "q3_ns": 7502.08802268769
      },
      "first_seen_ts_ns": 1747580133004170919,
      "last_seen_ts_ns": 1747580165011438463,
      "duration_active_s": 32.007267544
    },
    {
      "tgid": 274,
      "comm": "lmp",
      "cgroup_id": 9810,
      "on_cpu_stats_ns": {
        "count": 12.0,
        "sum_ns": 276492.59550561797,
        "mean_ns": 23041.049625468164,
        "median_ns": 21953.6404494382,
        "min_ns": 9456.0,
        "max_ns": 44920.0,
        "variance_ns2": 109443164.76295367,
        "iqr_ns": 18736.152451796366,
        "q1_ns": 11594.595505617977,
        "q3_ns": 30330.747957414344
      },
      "runq_latency_stats_ns": {
        "count": 12.0,
        "sum_ns": 71468.77528089887,
        "mean_ns": 5955.73127340824,
        "median_ns": 7130.7262796504365,
        "min_ns": 1229.0,
        "max_ns": 9206.0,
        "variance_ns2": 6690296.368099948,
        "iqr_ns": 4794.106195701876,
        "q1_ns": 3627.0,
        "q3_ns": 8421.106195701876
      },
      "first_seen_ts_ns": 1747580133004170919,
      "last_seen_ts_ns": 1747580165011438463,
      "duration_active_s": 32.007267544
    },
    {
      "tgid": 328,
      "comm": "lmp",
      "cgroup_id": 9810,
      "on_cpu_stats_ns": {
        "count": 11.0,
        "sum_ns": 273040.2471910112,
        "mean_ns": 24821.840653728294,
        "median_ns": 23027.891011235955,
        "min_ns": 10991.0,
        "max_ns": 49775.0,
        "variance_ns2": 143267195.06582046,
        "iqr_ns": 13687.439450686637,
        "q1_ns": 14699.0,
        "q3_ns": 28386.439450686637
      },
      "runq_latency_stats_ns": {
        "count": 11.0,
        "sum_ns": 108822.78651685396,
        "mean_ns": 9892.980592441269,
        "median_ns": 7336.214419475655,
        "min_ns": 1174.7865168539327,
        "max_ns": 54766.0,
        "variance_ns2": 228088041.43335676,
        "iqr_ns": 13715.736592280482,
        "q1_ns": 3159.0,
        "q3_ns": 16874.736592280482
      },
      "first_seen_ts_ns": 1747580133004170919,
      "last_seen_ts_ns": 1747580165011438463,
      "duration_active_s": 32.007267544
    },
    {
      "tgid": 515,
      "comm": "lmp",
      "cgroup_id": 9810,
      "on_cpu_stats_ns": {
        "count": 10.0,
        "sum_ns": 268941.9166666666,
        "mean_ns": 26894.191666666666,
        "median_ns": 27485.182098765432,
        "min_ns": 6937.0,
        "max_ns": 37536.0,
        "variance_ns2": 97776926.37662037,
        "iqr_ns": 9241.320516975306,
        "q1_ns": 23540.0,
        "q3_ns": 32781.320516975306
      },
      "runq_latency_stats_ns": {
        "count": 10.0,
        "sum_ns": 112557.22916666666,
        "mean_ns": 11255.722916666666,
        "median_ns": 11181.996527777777,
        "min_ns": 1452.7291666666667,
        "max_ns": 53610.0,
        "variance_ns2": 229662686.6126591,
        "iqr_ns": 10892.122540509255,
        "q1_ns": 5793.5,
        "q3_ns": 16685.622540509255
      },
      "first_seen_ts_ns": 1747580168076273464,
      "last_seen_ts_ns": 1747580193043776059,
      "duration_active_s": 24.967502595
    },
    {
      "tgid": 448,
      "comm": "lmp",
      "cgroup_id": 9810,
      "on_cpu_stats_ns": {
        "count": 10.0,
        "sum_ns": 265556.0,
        "mean_ns": 26555.6,
        "median_ns": 31977.972222222226,
        "min_ns": 7411.0,
        "max_ns": 39424.0,
        "variance_ns2": 134570813.1555556,
        "iqr_ns": 13883.82638888889,
        "q1_ns": 19035.0,
        "q3_ns": 32918.82638888889
      },
      "runq_latency_stats_ns": {
        "count": 10.0,
        "sum_ns": 90429.00000000001,
        "mean_ns": 9042.900000000001,
        "median_ns": 7399.777777777777,
        "min_ns": 6805.0,
        "max_ns": 21127.0,
        "variance_ns2": 18958146.322222218,
        "iqr_ns": 757.1805555555566,
        "q1_ns": 7170.777777777777,
        "q3_ns": 7927.958333333334
      },
      "first_seen_ts_ns": 1747580173068134068,
      "last_seen_ts_ns": 1747580193043776059,
      "duration_active_s": 19.975641991
    },
    {
      "tgid": 413,
      "comm": "lmp",
      "cgroup_id": 9810,
      "on_cpu_stats_ns": {
        "count": 9.0,
        "sum_ns": 261803.57303370786,
        "mean_ns": 29089.285892634205,
        "median_ns": 28308.15771951727,
        "min_ns": 7077.0,
        "max_ns": 53223.0,
        "variance_ns2": 222469133.575499,
        "iqr_ns": 15755.384304775282,
        "q1_ns": 15479.0,
        "q3_ns": 31234.38430477528
      },
      "runq_latency_stats_ns": {
        "count": 9.0,
        "sum_ns": 78130.14606741573,
        "mean_ns": 8681.12734082397,
        "median_ns": 7201.5,
        "min_ns": 1407.1460674157304,
        "max_ns": 30825.0,
        "variance_ns2": 76325870.73582882,
        "iqr_ns": 3443.683637640448,
        "q1_ns": 5561.333333333334,
        "q3_ns": 9005.016970973782
      },
      "first_seen_ts_ns": 1747580168076273464,
      "last_seen_ts_ns": 1747580193043776059,
      "duration_active_s": 24.967502595
    },
    {
      "tgid": 304,
      "comm": "lmp",
      "cgroup_id": 9810,
      "on_cpu_stats_ns": {
        "count": 11.0,
        "sum_ns": 259599.47191011233,
        "mean_ns": 23599.951991828395,
        "median_ns": 24914.66011235955,
        "min_ns": 9401.0,
        "max_ns": 44676.0,
        "variance_ns2": 116727950.02984703,
        "iqr_ns": 10072.859966058051,
        "q1_ns": 17651.0,
        "q3_ns": 27723.85996605805
      },
      "runq_latency_stats_ns": {
        "count": 11.0,
        "sum_ns": 122515.10112359552,
        "mean_ns": 11137.73646578141,
        "median_ns": 6039.572409488141,
        "min_ns": 1288.1011235955057,
        "max_ns": 65804.0,
        "variance_ns2": 335065455.21114415,
        "iqr_ns": 8294.024300873907,
        "q1_ns": 3362.0,
        "q3_ns": 11656.024300873907
      },
      "first_seen_ts_ns": 1747580133004170919,
      "last_seen_ts_ns": 1747580165011438463,
      "duration_active_s": 32.007267544
    },
    {
      "tgid": 292,
      "comm": "lmp",
      "cgroup_id": 9810,
      "on_cpu_stats_ns": {
        "count": 11.0,
        "sum_ns": 258171.77528089884,
        "mean_ns": 23470.161389172623,
        "median_ns": 19381.411163389515,
        "min_ns": 13757.0,
        "max_ns": 42804.0,
        "variance_ns2": 83854743.53370212,
        "iqr_ns": 7691.0154494382,
        "q1_ns": 17035.9845505618,
        "q3_ns": 24727.0
      },
      "runq_latency_stats_ns": {
        "count": 11.0,
        "sum_ns": 68676.94382022471,
        "mean_ns": 6243.358529111338,
        "median_ns": 7006.588764044944,
        "min_ns": 1131.943820224719,
        "max_ns": 16474.0,
        "variance_ns2": 18025042.68588447,
        "iqr_ns": 4227.1419059508935,
        "q1_ns": 3321.0,
        "q3_ns": 7548.1419059508935
      },
      "first_seen_ts_ns": 1747580133004170919,
      "last_seen_ts_ns": 1747580165011438463,
      "duration_active_s": 32.007267544
    },
    {
      "tgid": 244,
      "comm": "lmp",
      "cgroup_id": 9810,
      "on_cpu_stats_ns": {
        "count": 12.0,
        "sum_ns": 256233.92134831462,
        "mean_ns": 21352.826779026218,
        "median_ns": 19608.82846441948,
        "min_ns": 10257.0,
        "max_ns": 40429.0,
        "variance_ns2": 104518368.15986179,
        "iqr_ns": 13264.671426342073,
        "q1_ns": 12921.378511235955,
        "q3_ns": 26186.049937578027
      },
      "runq_latency_stats_ns": {
        "count": 12.0,
        "sum_ns": 127644.89887640449,
        "mean_ns": 10637.074906367041,
        "median_ns": 5353.510243445693,
        "min_ns": 1201.0,
        "max_ns": 68554.0,
        "variance_ns2": 338032490.42483926,
        "iqr_ns": 3553.7355389096965,
        "q1_ns": 3632.0,
        "q3_ns": 7185.7355389096965
      },
      "first_seen_ts_ns": 1747580133004170919,
      "last_seen_ts_ns": 1747580165011438463,
      "duration_active_s": 32.007267544
    },
    {
      "tgid": 389,
      "comm": "lmp",
      "cgroup_id": 9810,
      "on_cpu_stats_ns": {
        "count": 10.0,
        "sum_ns": 254617.28089887637,
        "mean_ns": 25461.728089887638,
        "median_ns": 19892.832084893882,
        "min_ns": 11596.0,
        "max_ns": 45065.0,
        "variance_ns2": 156214718.94908893,
        "iqr_ns": 20293.35543244555,
        "q1_ns": 12269.280898876405,
        "q3_ns": 32562.636331321955
      },
      "runq_latency_stats_ns": {
        "count": 10.0,
        "sum_ns": 63367.24157303371,
        "mean_ns": 6336.724157303371,
        "median_ns": 6531.818039950062,
        "min_ns": 1084.741573033708,
        "max_ns": 14254.5,
        "variance_ns2": 14475624.008082945,
        "iqr_ns": 4369.386536274102,
        "q1_ns": 3492.0,
        "q3_ns": 7861.386536274102
      },
      "first_seen_ts_ns": 1747580168076273464,
      "last_seen_ts_ns": 1747580193043776059,
      "duration_active_s": 24.967502595
    },
    {
      "tgid": 521,
      "comm": "lmp",
      "cgroup_id": 9810,
      "on_cpu_stats_ns": {
        "count": 9.0,
        "sum_ns": 252310.02,
        "mean_ns": 28034.446666666667,
        "median_ns": 27432.242222222223,
        "min_ns": 7197.0,
        "max_ns": 40426.0,
        "variance_ns2": 126180830.9906,
        "iqr_ns": 11629.78973894033,
        "q1_ns": 19909.5,
        "q3_ns": 31539.28973894033
      },
      "runq_latency_stats_ns": {
        "count": 9.0,
        "sum_ns": 64137.700000000004,
        "mean_ns": 7126.4111111111115,
        "median_ns": 6053.527777777777,
        "min_ns": 1196.7,
        "max_ns": 10370.0,
        "variance_ns2": 10258673.99611111,
        "iqr_ns": 3743.7124999999996,
        "q1_ns": 4247.0,
        "q3_ns": 7990.7125
      },
      "first_seen_ts_ns": 1747580168076273464,
      "last_seen_ts_ns": 1747580193043776059,
      "duration_active_s": 24.967502595
    },
    {
      "tgid": 262,
      "comm": "lmp",
      "cgroup_id": 9810,
      "on_cpu_stats_ns": {
        "count": 12.0,
        "sum_ns": 250212.04494382025,
        "mean_ns": 20851.003745318354,
        "median_ns": 21138.07715355805,
        "min_ns": 9919.0,
        "max_ns": 44605.0,
        "variance_ns2": 89270682.01038285,
        "iqr_ns": 7302.344163545567,
        "q1_ns": 15461.0,
        "q3_ns": 22763.344163545567
      },
      "runq_latency_stats_ns": {
        "count": 12.0,
        "sum_ns": 73245.70786516854,
        "mean_ns": 6103.808988764045,
        "median_ns": 7160.233718268831,
        "min_ns": 1353.7078651685392,
        "max_ns": 13949.0,
        "variance_ns2": 11485995.35712892,
        "iqr_ns": 4627.249391385767,
        "q1_ns": 3794.0,
        "q3_ns": 8421.249391385767
      },
      "first_seen_ts_ns": 1747580133004170919,
      "last_seen_ts_ns": 1747580165011438463,
      "duration_active_s": 32.007267544
    },
    {
      "tgid": 340,
      "comm": "lmp",
      "cgroup_id": 9810,
      "on_cpu_stats_ns": {
        "count": 10.0,
        "sum_ns": 242208.89655172412,
        "mean_ns": 24220.88965517241,
        "median_ns": 20431.03448275862,
        "min_ns": 12968.0,
        "max_ns": 37767.0,
        "variance_ns2": 67309256.7271238,
        "iqr_ns": 10490.422734674332,
        "q1_ns": 17499.0,
        "q3_ns": 27989.422734674332
      },
      "runq_latency_stats_ns": {
        "count": 10.0,
        "sum_ns": 100571.77011494254,
        "mean_ns": 10057.177011494254,
        "median_ns": 8583.447586206896,
        "min_ns": 1323.7701149425288,
        "max_ns": 35614.0,
        "variance_ns2": 94731662.76799224,
        "iqr_ns": 4308.666666666666,
        "q1_ns": 7023.0,
        "q3_ns": 11331.666666666666
      },
      "first_seen_ts_ns": 1747580133004170919,
      "last_seen_ts_ns": 1747580165011438463,
      "duration_active_s": 32.007267544
    },
    {
      "tgid": 334,
      "comm": "lmp",
      "cgroup_id": 9810,
      "on_cpu_stats_ns": {
        "count": 11.0,
        "sum_ns": 241811.68965517238,
        "mean_ns": 21982.880877742944,
        "median_ns": 21121.037931034483,
        "min_ns": 6159.0,
        "max_ns": 38910.0,
        "variance_ns2": 92491751.83884983,
        "iqr_ns": 5857.738266283526,
        "q1_ns": 17224.0,
        "q3_ns": 23081.738266283526
      },
      "runq_latency_stats_ns": {
        "count": 11.0,
        "sum_ns": 115602.37931034483,
        "mean_ns": 10509.307210031347,
        "median_ns": 6124.007662835249,
        "min_ns": 1295.3793103448277,
        "max_ns": 61865.0,
        "variance_ns2": 296135772.81746835,
        "iqr_ns": 7916.695774797785,
        "q1_ns": 3097.0,
        "q3_ns": 11013.695774797785
      },
      "first_seen_ts_ns": 1747580133004170919,
      "last_seen_ts_ns": 1747580165011438463,
      "duration_active_s": 32.007267544
    },
    {
      "tgid": 529,
      "comm": "lmp",
      "cgroup_id": 9810,
      "on_cpu_stats_ns": {
        "count": 9.0,
        "sum_ns": 240464.11702127656,
        "mean_ns": 26718.235224586286,
        "median_ns": 27101.196611505125,
        "min_ns": 10816.0,
        "max_ns": 44489.0,
        "variance_ns2": 164821046.07244354,
        "iqr_ns": 16295.150534787888,
        "q1_ns": 17102.617021276597,
        "q3_ns": 33397.767556064486
      },
      "runq_latency_stats_ns": {
        "count": 9.0,
        "sum_ns": 52962.255319148935,
        "mean_ns": 5884.695035460993,
        "median_ns": 7280.956527449434,
        "min_ns": 962.5,
        "max_ns": 9235.0,
        "variance_ns2": 9374726.399530333,
        "iqr_ns": 3655.86830181245,
        "q1_ns": 3697.5,
        "q3_ns": 7353.36830181245
      },
      "first_seen_ts_ns": 1747580168735558280,
      "last_seen_ts_ns": 1747580193043776059,
      "duration_active_s": 24.308217779
    },
    {
      "tgid": 401,
      "comm": "lmp",
      "cgroup_id": 9810,
      "on_cpu_stats_ns": {
        "count": 10.0,
        "sum_ns": 238655.24719101127,
        "mean_ns": 23865.524719101126,
        "median_ns": 25181.0,
        "min_ns": 6130.0,
        "max_ns": 41622.0,
        "variance_ns2": 132790570.92808288,
        "iqr_ns": 13883.047940074906,
        "q1_ns": 15547.904494382023,
        "q3_ns": 29430.95243445693
      },
      "runq_latency_stats_ns": {
        "count": 10.0,
        "sum_ns": 724035.3146067415,
        "mean_ns": 72403.53146067416,
        "median_ns": 21597.444444444445,
        "min_ns": 1122.314606741573,
        "max_ns": 677334.0,
        "variance_ns2": 45186592056.14535,
        "iqr_ns": 114507.75034678873,
        "q1_ns": 2048.0,
        "q3_ns": 116555.75034678873
      },
      "first_seen_ts_ns": 1747580167490443867,
      "last_seen_ts_ns": 1747580193043776059,
      "duration_active_s": 25.553332192
    },
    {
      "tgid": 286,
      "comm": "lmp",
      "cgroup_id": 9810,
      "on_cpu_stats_ns": {
        "count": 10.0,
        "sum_ns": 237981.66292134832,
        "mean_ns": 23798.166292134832,
        "median_ns": 21801.66354556804,
        "min_ns": 11997.0,
        "max_ns": 48117.0,
        "variance_ns2": 103187447.72472051,
        "iqr_ns": 6260.575790678318,
        "q1_ns": 18010.478152309614,
        "q3_ns": 24271.05394298793
      },
      "runq_latency_stats_ns": {
        "count": 10.0,
        "sum_ns": 117525.03370786516,
        "mean_ns": 11752.503370786517,
        "median_ns": 7579.338951310861,
        "min_ns": 1037.0337078651685,
        "max_ns": 65646.0,
        "variance_ns2": 368738129.78975147,
        "iqr_ns": 3801.225967540574,
        "q1_ns": 3631.0,
        "q3_ns": 7432.225967540574
      },
      "first_seen_ts_ns": 1747580133004170919,
      "last_seen_ts_ns": 1747580165011438463,
      "duration_active_s": 32.007267544
    },
    {
      "tgid": 503,
      "comm": "lmp",
      "cgroup_id": 9810,
      "on_cpu_stats_ns": {
        "count": 8.0,
        "sum_ns": 237646.7974683544,
        "mean_ns": 29705.8496835443,
        "median_ns": 27266.101265822785,
        "min_ns": 8585.0,
        "max_ns": 46566.0,
        "variance_ns2": 223597018.95110393,
        "iqr_ns": 18167.016408813877,
        "q1_ns": 19129.0,
        "q3_ns": 37296.01640881388
      },
      "runq_latency_stats_ns": {
        "count": 8.0,
        "sum_ns": 52804.84177215189,
        "mean_ns": 6600.605221518987,
        "median_ns": 6716.166666666667,
        "min_ns": 1296.3417721518988,
        "max_ns": 10620.0,
        "variance_ns2": 7939827.416782313,
        "iqr_ns": 1487.8898265353964,
        "q1_ns": 5888.0,
        "q3_ns": 7375.889826535396
      },
      "first_seen_ts_ns": 1747580168735558280,
      "last_seen_ts_ns": 1747580193043776059,
      "duration_active_s": 24.308217779
    },
    {
      "tgid": 383,
      "comm": "lmp",
      "cgroup_id": 9810,
      "on_cpu_stats_ns": {
        "count": 9.0,
        "sum_ns": 234993.52808988764,
        "mean_ns": 26110.392009987514,
        "median_ns": 28143.0,
        "min_ns": 10373.0,
        "max_ns": 42380.0,
        "variance_ns2": 125473118.45888919,
        "iqr_ns": 12017.158395755308,
        "q1_ns": 19976.073033707864,
        "q3_ns": 31993.231429463172
      },
      "runq_latency_stats_ns": {
        "count": 9.0,
        "sum_ns": 113910.40449438202,
        "mean_ns": 12656.711610486891,
        "median_ns": 9894.780898876405,
        "min_ns": 1079.4044943820224,
        "max_ns": 43857.0,
        "variance_ns2": 200046280.74289858,
        "iqr_ns": 10309.333333333332,
        "q1_ns": 4927.0,
        "q3_ns": 15236.333333333332
      },
      "first_seen_ts_ns": 1747580168076273464,
      "last_seen_ts_ns": 1747580193043776059,
      "duration_active_s": 24.967502595
    },
    {
      "tgid": 250,
      "comm": "lmp",
      "cgroup_id": 9810,
      "on_cpu_stats_ns": {
        "count": 12.0,
        "sum_ns": 233025.49999999997,
        "mean_ns": 19418.791666666664,
        "median_ns": 19497.047,
        "min_ns": 8508.0,
        "max_ns": 34624.0,
        "variance_ns2": 46165897.884469695,
        "iqr_ns": 8047.481481481478,
        "q1_ns": 15635.0,
        "q3_ns": 23682.481481481478
      },
      "runq_latency_stats_ns": {
        "count": 12.0,
        "sum_ns": 156453.65730337083,
        "mean_ns": 13037.804775280902,
        "median_ns": 3761.660092852684,
        "min_ns": 1156.1573033707866,
        "max_ns": 95874.0,
        "variance_ns2": 686758550.0600082,
        "iqr_ns": 19277.39986475239,
        "q1_ns": 2210.5,
        "q3_ns": 21487.89986475239
      },
      "first_seen_ts_ns": 1747580133004170919,
      "last_seen_ts_ns": 1747580165011438463,
      "duration_active_s": 32.007267544
    },
    {
      "tgid": 485,
      "comm": "lmp",
      "cgroup_id": 9810,
      "on_cpu_stats_ns": {
        "count": 7.0,
        "sum_ns": 223367.0,
        "mean_ns": 31909.571428571428,
        "median_ns": 27162.0,
        "min_ns": 6606.0,
        "max_ns": 66699.0,
        "variance_ns2": 360125449.61904764,
        "iqr_ns": 8874.833333333332,
        "q1_ns": 23447.5,
        "q3_ns": 32322.333333333332
      },
      "runq_latency_stats_ns": {
        "count": 7.0,
        "sum_ns": 37617.0,
        "mean_ns": 5373.857142857143,
        "median_ns": 3619.0,
        "min_ns": 1697.0,
        "max_ns": 8414.0,
        "variance_ns2": 7049864.142857142,
        "iqr_ns": 1496.833333333333,
        "q1_ns": 3619.0,
        "q3_ns": 5115.833333333333
      },
      "first_seen_ts_ns": 1747580168076273464,
      "last_seen_ts_ns": 1747580193043776059,
      "duration_active_s": 24.967502595
    },
    {
      "tgid": 310,
      "comm": "lmp",
      "cgroup_id": 9810,
      "on_cpu_stats_ns": {
        "count": 10.0,
        "sum_ns": 222690.92134831462,
        "mean_ns": 22269.092134831462,
        "median_ns": 18271.3595505618,
        "min_ns": 7117.0,
        "max_ns": 42042.0,
        "variance_ns2": 115143863.85517542,
        "iqr_ns": 8076.719569288391,
        "q1_ns": 14896.0,
        "q3_ns": 22972.71956928839
      },
      "runq_latency_stats_ns": {
        "count": 10.0,
        "sum_ns": 125157.40449438203,
        "mean_ns": 12515.740449438203,
        "median_ns": 6453.444444444444,
        "min_ns": 1156.4044943820224,
        "max_ns": 72968.0,
        "variance_ns2": 457570851.5975101,
        "iqr_ns": 6492.964812734082,
        "q1_ns": 5484.0,
        "q3_ns": 11976.964812734082
      },
      "first_seen_ts_ns": 1747580133004170919,
      "last_seen_ts_ns": 1747580165011438463,
      "duration_active_s": 32.007267544
    },
    {
      "tgid": 226,
      "comm": "lmp",
      "cgroup_id": 9810,
      "on_cpu_stats_ns": {
        "count": 11.0,
        "sum_ns": 221916.65168539327,
        "mean_ns": 20174.24106230848,
        "median_ns": 19503.867665418227,
        "min_ns": 8471.0,
        "max_ns": 42708.0,
        "variance_ns2": 78021856.4571989,
        "iqr_ns": 4902.4773720349585,
        "q1_ns": 16699.65168539326,
        "q3_ns": 21602.129057428217
      },
      "runq_latency_stats_ns": {
        "count": 11.0,
        "sum_ns": 64363.202247191,
        "mean_ns": 5851.200204290091,
        "median_ns": 6624.361111111111,
        "min_ns": 1235.0,
        "max_ns": 8549.0,
        "variance_ns2": 6269264.955506079,
        "iqr_ns": 3104.901841448189,
        "q1_ns": 4122.2008426966295,
        "q3_ns": 7227.102684144818
      },
      "first_seen_ts_ns": 1747580133004170919,
      "last_seen_ts_ns": 1747580165011438463,
      "duration_active_s": 32.007267544
    },
    {
      "tgid": 407,
      "comm": "lmp",
      "cgroup_id": 9810,
      "on_cpu_stats_ns": {
        "count": 8.0,
        "sum_ns": 220922.14044943822,
        "mean_ns": 27615.267556179777,
        "median_ns": 24823.833333333332,
        "min_ns": 11983.640449438202,
        "max_ns": 43658.0,
        "variance_ns2": 106180634.0108927,
        "iqr_ns": 7764.898321542518,
        "q1_ns": 20857.5,
        "q3_ns": 28622.398321542518
      },
      "runq_latency_stats_ns": {
        "count": 8.0,
        "sum_ns": 51775.168539325845,
        "mean_ns": 6471.896067415731,
        "median_ns": 5588.5,
        "min_ns": 1217.1685393258426,
        "max_ns": 10394.0,
        "variance_ns2": 10317843.084810717,
        "iqr_ns": 2302.8888888888887,
        "q1_ns": 3963.0,
        "q3_ns": 6265.888888888889
      },
      "first_seen_ts_ns": 1747580168076273464,
      "last_seen_ts_ns": 1747580193043776059,
      "duration_active_s": 24.967502595
    },
    {
      "tgid": 238,
      "comm": "lmp",
      "cgroup_id": 9810,
      "on_cpu_stats_ns": {
        "count": 11.0,
        "sum_ns": 220238.42696629209,
        "mean_ns": 20021.675178753827,
        "median_ns": 20307.069288389514,
        "min_ns": 8948.0,
        "max_ns": 37544.0,
        "variance_ns2": 61110443.223518625,
        "iqr_ns": 7062.397581148563,
        "q1_ns": 14573.373829588016,
        "q3_ns": 21635.77141073658
      },
      "runq_latency_stats_ns": {
        "count": 11.0,
        "sum_ns": 118075.41573033709,
        "mean_ns": 10734.128702757916,
        "median_ns": 8815.96558988764,
        "min_ns": 1195.0,
        "max_ns": 59289.0,
        "variance_ns2": 264976797.7440061,
        "iqr_ns": 8792.833957553057,
        "q1_ns": 4867.805243445693,
        "q3_ns": 13660.63920099875
      },
      "first_seen_ts_ns": 1747580133004170919,
      "last_seen_ts_ns": 1747580165011438463,
      "duration_active_s": 32.007267544
    },
    {
      "tgid": 316,
      "comm": "lmp",
      "cgroup_id": 9810,
      "on_cpu_stats_ns": {
        "count": 10.0,
        "sum_ns": 220105.62921348316,
        "mean_ns": 22010.562921348315,
        "median_ns": 23428.352059925095,
        "min_ns": 6954.0,
        "max_ns": 39517.0,
        "variance_ns2": 71909475.47841743,
        "iqr_ns": 5858.789013732836,
        "q1_ns": 19660.0,
        "q3_ns": 25518.789013732836
      },
      "runq_latency_stats_ns": {
        "count": 10.0,
        "sum_ns": 75417.94382022473,
        "mean_ns": 7541.794382022472,
        "median_ns": 6104.0,
        "min_ns": 1287.943820224719,
        "max_ns": 24564.0,
        "variance_ns2": 42669514.25299976,
        "iqr_ns": 3696.416666666666,
        "q1_ns": 3708.25,
        "q3_ns": 7404.666666666666
      },
      "first_seen_ts_ns": 1747580133004170919,
      "last_seen_ts_ns": 1747580165011438463,
      "duration_active_s": 32.007267544
    },
    {
      "tgid": 179,
      "comm": "flux-shell",
      "cgroup_id": 9810,
      "on_cpu_stats_ns": {
        "count": 4.0,
        "sum_ns": 203775.0,
        "mean_ns": 50943.75,
        "median_ns": 32834.0,
        "min_ns": 18848.0,
        "max_ns": 119813.0,
        "variance_ns2": 2149803124.25,
        "iqr_ns": 87533.0,
        "q1_ns": 32280.0,
        "q3_ns": 119813.0
      },
      "runq_latency_stats_ns": {
        "count": 4.0,
        "sum_ns": 69286.0,
        "mean_ns": 17321.5,
        "median_ns": 26344.0,
        "min_ns": 2201.0,
        "max_ns": 36244.0,
        "variance_ns2": 277521277.6666667,
        "iqr_ns": 31747.0,
        "q1_ns": 4497.0,
        "q3_ns": 36244.0
      },
      "first_seen_ts_ns": 1747580132781624918,
      "last_seen_ts_ns": 1747580168076273464,
      "duration_active_s": 35.294648546
    },
    {
      "tgid": 322,
      "comm": "lmp",
      "cgroup_id": 9810,
      "on_cpu_stats_ns": {
        "count": 10.0,
        "sum_ns": 199729.0,
        "mean_ns": 19972.9,
        "median_ns": 18862.11111111111,
        "min_ns": 10008.0,
        "max_ns": 38372.0,
        "variance_ns2": 73727652.1,
        "iqr_ns": 10536.16296296296,
        "q1_ns": 13134.0,
        "q3_ns": 23670.16296296296
      },
      "runq_latency_stats_ns": {
        "count": 10.0,
        "sum_ns": 101905.3908045977,
        "mean_ns": 10190.53908045977,
        "median_ns": 7191.0,
        "min_ns": 1206.3908045977012,
        "max_ns": 47555.0,
        "variance_ns2": 178901271.5855155,
        "iqr_ns": 2613.25,
        "q1_ns": 4777.75,
        "q3_ns": 7391.0
      },
      "first_seen_ts_ns": 1747580133004170919,
      "last_seen_ts_ns": 1747580165011438463,
      "duration_active_s": 32.007267544
    },
    {
      "tgid": 298,
      "comm": "lmp",
      "cgroup_id": 9810,
      "on_cpu_stats_ns": {
        "count": 10.0,
        "sum_ns": 199176.76404494382,
        "mean_ns": 19917.67640449438,
        "median_ns": 19638.518934665,
        "min_ns": 9682.0,
        "max_ns": 37583.0,
        "variance_ns2": 54553098.665118046,
        "iqr_ns": 4804.644688930504,
        "q1_ns": 16215.0,
        "q3_ns": 21019.644688930504
      },
      "runq_latency_stats_ns": {
        "count": 10.0,
        "sum_ns": 96857.98876404495,
        "mean_ns": 9685.798876404495,
        "median_ns": 7744.831460674157,
        "min_ns": 1147.9887640449438,
        "max_ns": 44427.0,
        "variance_ns2": 155819812.60675418,
        "iqr_ns": 6939.062871410736,
        "q1_ns": 3835.666666666667,
        "q3_ns": 10774.729538077403
      },
      "first_seen_ts_ns": 1747580133004170919,
      "last_seen_ts_ns": 1747580165011438463,
      "duration_active_s": 32.007267544
    },
    {
      "tgid": 473,
      "comm": "lmp",
      "cgroup_id": 9810,
      "on_cpu_stats_ns": {
        "count": 6.0,
        "sum_ns": 193546.5,
        "mean_ns": 32257.75,
        "median_ns": 31566.0,
        "min_ns": 18327.5,
        "max_ns": 40648.0,
        "variance_ns2": 67027735.775,
        "iqr_ns": 3370.3333333333358,
        "q1_ns": 31566.0,
        "q3_ns": 34936.333333333336
      },
      "runq_latency_stats_ns": {
        "count": 6.0,
        "sum_ns": 49087.5,
        "mean_ns": 8181.25,
        "median_ns": 8375.0,
        "min_ns": 2123.5,
        "max_ns": 13050.0,
        "variance_ns2": 12540119.375,
        "iqr_ns": 579.6666666666661,
        "q1_ns": 8375.0,
        "q3_ns": 8954.666666666666
      },
      "first_seen_ts_ns": 1747580168076273464,
      "last_seen_ts_ns": 1747580193043776059,
      "duration_active_s": 24.967502595
    },
    {
      "tgid": 395,
      "comm": "lmp",
      "cgroup_id": 9810,
      "on_cpu_stats_ns": {
        "count": 8.0,
        "sum_ns": 184428.75280898876,
        "mean_ns": 23053.594101123595,
        "median_ns": 15301.125468164795,
        "min_ns": 9023.0,
        "max_ns": 43232.0,
        "variance_ns2": 142177683.90230086,
        "iqr_ns": 5382.415730337078,
        "q1_ns": 15000.584269662922,
        "q3_ns": 20383.0
      },
      "runq_latency_stats_ns": {
        "count": 8.0,
        "sum_ns": 90151.69101123596,
        "mean_ns": 11268.961376404495,
        "median_ns": 7279.0,
        "min_ns": 1111.191011235955,
        "max_ns": 47060.5,
        "variance_ns2": 215911711.09861162,
        "iqr_ns": 1930.166666666666,
        "q1_ns": 5742.333333333334,
        "q3_ns": 7672.5
      },
      "first_seen_ts_ns": 1747580168076273464,
      "last_seen_ts_ns": 1747580193043776059,
      "duration_active_s": 24.967502595
    },
    {
      "tgid": 497,
      "comm": "lmp",
      "cgroup_id": 9810,
      "on_cpu_stats_ns": {
        "count": 6.0,
        "sum_ns": 184281.0,
        "mean_ns": 30713.5,
        "median_ns": 35610.0,
        "min_ns": 11386.0,
        "max_ns": 45308.0,
        "variance_ns2": 134494084.3,
        "iqr_ns": 3708.0,
        "q1_ns": 31902.0,
        "q3_ns": 35610.0
      },
      "runq_latency_stats_ns": {
        "count": 6.0,
        "sum_ns": 91608.0,
        "mean_ns": 15268.0,
        "median_ns": 7668.0,
        "min_ns": 7464.0,
        "max_ns": 51972.0,
        "variance_ns2": 323624568.0,
        "iqr_ns": 0.0,
        "q1_ns": 7668.0,
        "q3_ns": 7668.0
      },
      "first_seen_ts_ns": 1747580168076273464,
      "last_seen_ts_ns": 1747580193043776059,
      "duration_active_s": 24.967502595
    },
    {
      "tgid": 461,
      "comm": "lmp",
      "cgroup_id": 9810,
      "on_cpu_stats_ns": {
        "count": 7.0,
        "sum_ns": 181313.99999999997,
        "mean_ns": 25901.999999999996,
        "median_ns": 20469.0,
        "min_ns": 15670.0,
        "max_ns": 36014.0,
        "variance_ns2": 71305307.66666669,
        "iqr_ns": 5534.666666666664,
        "q1_ns": 20469.0,
        "q3_ns": 26003.666666666664
      },
      "runq_latency_stats_ns": {
        "count": 7.0,
        "sum_ns": 84866.00000000001,
        "mean_ns": 12123.714285714288,
        "median_ns": 7489.0,
        "min_ns": 1900.0,
        "max_ns": 43144.0,
        "variance_ns2": 193928456.57142863,
        "iqr_ns": 365.0,
        "q1_ns": 7124.0,
        "q3_ns": 7489.0
      },
      "first_seen_ts_ns": 1747580168076273464,
      "last_seen_ts_ns": 1747580193043776059,
      "duration_active_s": 24.967502595
    },
    {
      "tgid": 364,
      "comm": "lmp",
      "cgroup_id": 9810,
      "on_cpu_stats_ns": {
        "count": 5.0,
        "sum_ns": 170952.0,
        "mean_ns": 34190.4,
        "median_ns": 36797.0,
        "min_ns": 24924.0,
        "max_ns": 46206.0,
        "variance_ns2": 77584103.3,
        "iqr_ns": 10859.0,
        "q1_ns": 26083.0,
        "q3_ns": 36942.0
      },
      "runq_latency_stats_ns": {
        "count": 5.0,
        "sum_ns": 41747.0,
        "mean_ns": 8349.4,
        "median_ns": 7984.0,
        "min_ns": 7623.0,
        "max_ns": 9814.0,
        "variance_ns2": 734949.8000000002,
        "iqr_ns": 358.0,
        "q1_ns": 7984.0,
        "q3_ns": 8342.0
      },
      "first_seen_ts_ns": 1747580177034778899,
      "last_seen_ts_ns": 1747580193043776059,
      "duration_active_s": 16.00899716
    },
    {
      "tgid": 358,
      "comm": "lmp",
      "cgroup_id": 9810,
      "on_cpu_stats_ns": {
        "count": 5.0,
        "sum_ns": 169444.0,
        "mean_ns": 33888.8,
        "median_ns": 34717.0,
        "min_ns": 19190.0,
        "max_ns": 48320.0,
        "variance_ns2": 116430082.69999999,
        "iqr_ns": 9007.0,
        "q1_ns": 29105.0,
        "q3_ns": 38112.0
      },
      "runq_latency_stats_ns": {
        "count": 5.0,
        "sum_ns": 37647.0,
        "mean_ns": 7529.4,
        "median_ns": 7288.0,
        "min_ns": 6360.0,
        "max_ns": 8897.0,
        "variance_ns2": 915422.8000000002,
        "iqr_ns": 854.0,
        "q1_ns": 7124.0,
        "q3_ns": 7978.0
      },
      "first_seen_ts_ns": 1747580177034778899,
      "last_seen_ts_ns": 1747580193043776059,
      "duration_active_s": 16.00899716
    },
    {
      "tgid": 467,
      "comm": "lmp",
      "cgroup_id": 9810,
      "on_cpu_stats_ns": {
        "count": 6.0,
        "sum_ns": 165645.0,
        "mean_ns": 27607.5,
        "median_ns": 27054.0,
        "min_ns": 7350.0,
        "max_ns": 38362.0,
        "variance_ns2": 127310490.7,
        "iqr_ns": 0.0,
        "q1_ns": 27054.0,
        "q3_ns": 27054.0
      },
      "runq_latency_stats_ns": {
        "count": 6.0,
        "sum_ns": 103645.0,
        "mean_ns": 17274.166666666668,
        "median_ns": 7476.0,
        "min_ns": 6819.0,
        "max_ns": 64279.0,
        "variance_ns2": 531863064.5666666,
        "iqr_ns": 0.0,
        "q1_ns": 7476.0,
        "q3_ns": 7476.0
      },
      "first_seen_ts_ns": 1747580168076273464,
      "last_seen_ts_ns": 1747580193043776059,
      "duration_active_s": 24.967502595
    },
    {
      "tgid": 491,
      "comm": "lmp",
      "cgroup_id": 9810,
      "on_cpu_stats_ns": {
        "count": 6.0,
        "sum_ns": 157564.0,
        "mean_ns": 26260.666666666668,
        "median_ns": 17284.0,
        "min_ns": 12104.0,
        "max_ns": 41072.0,
        "variance_ns2": 170918908.26666668,
        "iqr_ns": 0.0,
        "q1_ns": 17284.0,
        "q3_ns": 17284.0
      },
      "runq_latency_stats_ns": {
        "count": 6.0,
        "sum_ns": 2100001.0,
        "mean_ns": 350000.1666666666,
        "median_ns": 7644.0,
        "min_ns": 7036.0,
        "max_ns": 2057271.0,
        "variance_ns2": 699548873837.3666,
        "iqr_ns": 1547.0,
        "q1_ns": 7644.0,
        "q3_ns": 9191.0
      },
      "first_seen_ts_ns": 1747580168076273464,
      "last_seen_ts_ns": 1747580193043776059,
      "duration_active_s": 24.967502595
    },
    {
      "tgid": 419,
      "comm": "lmp",
      "cgroup_id": 9810,
      "on_cpu_stats_ns": {
        "count": 8.0,
        "sum_ns": 154061.05617977527,
        "mean_ns": 19257.63202247191,
        "median_ns": 17906.0,
        "min_ns": 8217.0,
        "max_ns": 32930.0,
        "variance_ns2": 66738739.2598247,
        "iqr_ns": 7287.710205992509,
        "q1_ns": 14612.271067415732,
        "q3_ns": 21899.98127340824
      },
      "runq_latency_stats_ns": {
        "count": 8.0,
        "sum_ns": 63547.6404494382,
        "mean_ns": 7943.455056179775,
        "median_ns": 5204.333333333333,
        "min_ns": 1337.6404494382023,
        "max_ns": 15606.0,
        "variance_ns2": 25693565.733655564,
        "iqr_ns": 4729.81190178943,
        "q1_ns": 3740.0,
        "q3_ns": 8469.81190178943
      },
      "first_seen_ts_ns": 1747580168735558280,
      "last_seen_ts_ns": 1747580193043776059,
      "duration_active_s": 24.308217779
    },
    {
      "tgid": 479,
      "comm": "lmp",
      "cgroup_id": 9810,
      "on_cpu_stats_ns": {
        "count": 5.0,
        "sum_ns": 151024.0,
        "mean_ns": 30204.8,
        "median_ns": 32465.0,
        "min_ns": 6913.0,
        "max_ns": 45095.0,
        "variance_ns2": 200224686.2,
        "iqr_ns": 5041.0,
        "q1_ns": 30755.0,
        "q3_ns": 35796.0
      },
      "runq_latency_stats_ns": {
        "count": 5.0,
        "sum_ns": 44469.0,
        "mean_ns": 8893.8,
        "median_ns": 9525.0,
        "min_ns": 5487.0,
        "max_ns": 10922.0,
        "variance_ns2": 4460224.7,
        "iqr_ns": 1699.0,
        "q1_ns": 8418.0,
        "q3_ns": 10117.0
      },
      "first_seen_ts_ns": 1747580173068134068,
      "last_seen_ts_ns": 1747580193043776059,
      "duration_active_s": 19.975641991
    },
    {
      "tgid": 276,
      "comm": "lmp",
      "cgroup_id": 9810,
      "on_cpu_stats_ns": {
        "count": 4.0,
        "sum_ns": 140643.0,
        "mean_ns": 35160.75,
        "median_ns": 39369.0,
        "min_ns": 13626.0,
        "max_ns": 61758.0,
        "variance_ns2": 424938446.25,
        "iqr_ns": 35868.0,
        "q1_ns": 25890.0,
        "q3_ns": 61758.0
      },
      "runq_latency_stats_ns": {
        "count": 4.0,
        "sum_ns": 3041164.0,
        "mean_ns": 760291.0,
        "median_ns": 4782.0,
        "min_ns": 1835.0,
        "max_ns": 3030665.0,
        "variance_ns2": 2290934009391.3335,
        "iqr_ns": 3026783.0,
        "q1_ns": 3882.0,
        "q3_ns": 3030665.0
      },
      "first_seen_ts_ns": 1747580132781624918,
      "last_seen_ts_ns": 1747580164598592134,
      "duration_active_s": 31.816967216
    },
    {
      "tgid": 431,
      "comm": "lmp",
      "cgroup_id": 9810,
      "on_cpu_stats_ns": {
        "count": 5.0,
        "sum_ns": 115496.0,
        "mean_ns": 23099.2,
        "median_ns": 20191.0,
        "min_ns": 6526.0,
        "max_ns": 42017.0,
        "variance_ns2": 166199125.7,
        "iqr_ns": 6874.0,
        "q1_ns": 19944.0,
        "q3_ns": 26818.0
      },
      "runq_latency_stats_ns": {
        "count": 5.0,
        "sum_ns": 45291.0,
        "mean_ns": 9058.2,
        "median_ns": 8235.0,
        "min_ns": 6564.0,
        "max_ns": 14249.0,
        "variance_ns2": 9218278.7,
        "iqr_ns": 1597.0,
        "q1_ns": 7323.0,
        "q3_ns": 8920.0
      },
      "first_seen_ts_ns": 1747580173068134068,
      "last_seen_ts_ns": 1747580193043776059,
      "duration_active_s": 19.975641991
    },
    {
      "tgid": 455,
      "comm": "lmp",
      "cgroup_id": 9810,
      "on_cpu_stats_ns": {
        "count": 7.0,
        "sum_ns": 113345.0,
        "mean_ns": 16192.142857142857,
        "median_ns": 15027.0,
        "min_ns": 6521.0,
        "max_ns": 23996.0,
        "variance_ns2": 37718032.80952381,
        "iqr_ns": 2428.2222222222226,
        "q1_ns": 15027.0,
        "q3_ns": 17455.222222222223
      },
      "runq_latency_stats_ns": {
        "count": 7.0,
        "sum_ns": 43998.0,
        "mean_ns": 6285.428571428572,
        "median_ns": 5996.0,
        "min_ns": 1262.0,
        "max_ns": 12905.0,
        "variance_ns2": 16900761.61904762,
        "iqr_ns": 2459.333333333332,
        "q1_ns": 5996.0,
        "q3_ns": 8455.333333333332
      },
      "first_seen_ts_ns": 1747580168076273464,
      "last_seen_ts_ns": 1747580193043776059,
      "duration_active_s": 24.967502595
    },
    {
      "tgid": 425,
      "comm": "lmp",
      "cgroup_id": 9810,
      "on_cpu_stats_ns": {
        "count": 5.0,
        "sum_ns": 104319.0,
        "mean_ns": 20863.8,
        "median_ns": 20294.0,
        "min_ns": 12341.0,
        "max_ns": 36733.0,
        "variance_ns2": 93164019.7,
        "iqr_ns": 7057.0,
        "q1_ns": 13947.0,
        "q3_ns": 21004.0
      },
      "runq_latency_stats_ns": {
        "count": 5.0,
        "sum_ns": 38015.0,
        "mean_ns": 7603.0,
        "median_ns": 7596.0,
        "min_ns": 6470.0,
        "max_ns": 9166.0,
        "variance_ns2": 989554.0,
        "iqr_ns": 533.0,
        "q1_ns": 7125.0,
        "q3_ns": 7658.0
      },
      "first_seen_ts_ns": 1747580173068134068,
      "last_seen_ts_ns": 1747580193043776059,
      "duration_active_s": 19.975641991
    },
    {
      "tgid": 437,
      "comm": "lmp",
      "cgroup_id": 9810,
      "on_cpu_stats_ns": {
        "count": 5.0,
        "sum_ns": 98733.0,
        "mean_ns": 19746.6,
        "median_ns": 19792.0,
        "min_ns": 9567.0,
        "max_ns": 35282.0,
        "variance_ns2": 95697594.8,
        "iqr_ns": 6816.0,
        "q1_ns": 13638.0,
        "q3_ns": 20454.0
      },
      "runq_latency_stats_ns": {
        "count": 5.0,
        "sum_ns": 54472.0,
        "mean_ns": 10894.4,
        "median_ns": 7424.0,
        "min_ns": 7234.0,
        "max_ns": 23093.0,
        "variance_ns2": 47241332.300000004,
        "iqr_ns": 1937.0,
        "q1_ns": 7392.0,
        "q3_ns": 9329.0
      },
      "first_seen_ts_ns": 1747580173068134068,
      "last_seen_ts_ns": 1747580193043776059,
      "duration_active_s": 19.975641991
    },
    {
      "tgid": 282,
      "comm": "lmp",
      "cgroup_id": 9810,
      "on_cpu_stats_ns": {
        "count": 2.0,
        "sum_ns": 84934.0,
        "mean_ns": 42467.0,
        "median_ns": 57442.0,
        "min_ns": 27492.0,
        "max_ns": 57442.0,
        "variance_ns2": 448501250.0,
        "iqr_ns": 29950.0,
        "q1_ns": 27492.0,
        "q3_ns": 57442.0
      },
      "runq_latency_stats_ns": {
        "count": 2.0,
        "sum_ns": 6566.0,
        "mean_ns": 3283.0,
        "median_ns": 4191.0,
        "min_ns": 2375.0,
        "max_ns": 4191.0,
        "variance_ns2": 1648928.0,
        "iqr_ns": 1816.0,
        "q1_ns": 2375.0,
        "q3_ns": 4191.0
      },
      "first_seen_ts_ns": 1747580132781624918,
      "last_seen_ts_ns": 1747580143208754713,
      "duration_active_s": 10.427129795
    },
    {
      "tgid": 203,
      "comm": "lmp",
      "cgroup_id": 9810,
      "on_cpu_stats_ns": {
        "count": 3.0,
        "sum_ns": 79879.0,
        "mean_ns": 26626.333333333332,
        "median_ns": 30837.0,
        "min_ns": 10160.0,
        "max_ns": 38882.0,
        "variance_ns2": 219535606.33333334,
        "iqr_ns": 28722.0,
        "q1_ns": 10160.0,
        "q3_ns": 38882.0
      },
      "runq_latency_stats_ns": {
        "count": 3.0,
        "sum_ns": 5040794.0,
        "mean_ns": 1680264.6666666667,
        "median_ns": 982198.0,
        "min_ns": 4224.0,
        "max_ns": 4054372.0,
        "variance_ns2": 4466397508809.334,
        "iqr_ns": 4050148.0,
        "q1_ns": 4224.0,
        "q3_ns": 4054372.0
      },
      "first_seen_ts_ns": 1747580132781624918,
      "last_seen_ts_ns": 1747580148269182711,
      "duration_active_s": 15.487557793
    },
    {
      "tgid": 312,
      "comm": "lmp",
      "cgroup_id": 9810,
      "on_cpu_stats_ns": {
        "count": 3.0,
        "sum_ns": 71750.0,
        "mean_ns": 23916.666666666668,
        "median_ns": 23967.0,
        "min_ns": 14895.0,
        "max_ns": 32888.0,
        "variance_ns2": 80938912.33333334,
        "iqr_ns": 17993.0,
        "q1_ns": 14895.0,
        "q3_ns": 32888.0
      },
      "runq_latency_stats_ns": {
        "count": 3.0,
        "sum_ns": 7622.0,
        "mean_ns": 2540.6666666666665,
        "median_ns": 2036.0,
        "min_ns": 1685.0,
        "max_ns": 3901.0,
        "variance_ns2": 1418680.3333333333,
        "iqr_ns": 2216.0,
        "q1_ns": 1685.0,
        "q3_ns": 3901.0
      },
      "first_seen_ts_ns": 1747580132676441853,
      "last_seen_ts_ns": 1747580138325024569,
      "duration_active_s": 5.648582716
    },
    {
      "tgid": 527,
      "comm": "lmp",
      "cgroup_id": 9810,
      "on_cpu_stats_ns": {
        "count": 2.0,
        "sum_ns": 67215.0,
        "mean_ns": 33607.5,
        "median_ns": 41312.0,
        "min_ns": 25903.0,
        "max_ns": 41312.0,
        "variance_ns2": 118718640.5,
        "iqr_ns": 15409.0,
        "q1_ns": 25903.0,
        "q3_ns": 41312.0
      },
      "runq_latency_stats_ns": {
        "count": 2.0,
        "sum_ns": 4846.0,
        "mean_ns": 2423.0,
        "median_ns": 2514.0,
        "min_ns": 2332.0,
        "max_ns": 2514.0,
        "variance_ns2": 16562.0,
        "iqr_ns": 182.0,
        "q1_ns": 2332.0,
        "q3_ns": 2514.0
      },
      "first_seen_ts_ns": 1747580168076273464,
      "last_seen_ts_ns": 1747580178491750737,
      "duration_active_s": 10.415477273
    },
    {
      "tgid": 342,
      "comm": "lmp",
      "cgroup_id": 9810,
      "on_cpu_stats_ns": {
        "count": 3.0,
        "sum_ns": 56573.0,
        "mean_ns": 18857.666666666668,
        "median_ns": 23443.0,
        "min_ns": 7720.0,
        "max_ns": 25410.0,
        "variance_ns2": 94002986.33333333,
        "iqr_ns": 17690.0,
        "q1_ns": 7720.0,
        "q3_ns": 25410.0
      },
      "runq_latency_stats_ns": {
        "count": 3.0,
        "sum_ns": 2041480.0,
        "mean_ns": 680493.3333333334,
        "median_ns": 56992.0,
        "min_ns": 1982.0,
        "max_ns": 1982506.0,
        "variance_ns2": 1272184263145.3335,
        "iqr_ns": 1980524.0,
        "q1_ns": 1982.0,
        "q3_ns": 1982506.0
      },
      "first_seen_ts_ns": 1747580132781624918,
      "last_seen_ts_ns": 1747580154589755980,
      "duration_active_s": 21.808131062
    },
    {
      "tgid": 300,
      "comm": "lmp",
      "cgroup_id": 9810,
      "on_cpu_stats_ns": {
        "count": 2.0,
        "sum_ns": 55542.0,
        "mean_ns": 27771.0,
        "median_ns": 29570.0,
        "min_ns": 25972.0,
        "max_ns": 29570.0,
        "variance_ns2": 6472802.0,
        "iqr_ns": 3598.0,
        "q1_ns": 25972.0,
        "q3_ns": 29570.0
      },
      "runq_latency_stats_ns": {
        "count": 2.0,
        "sum_ns": 9775.0,
        "mean_ns": 4887.5,
        "median_ns": 6558.0,
        "min_ns": 3217.0,
        "max_ns": 6558.0,
        "variance_ns2": 5581140.5,
        "iqr_ns": 3341.0,
        "q1_ns": 3217.0,
        "q3_ns": 6558.0
      },
      "first_seen_ts_ns": 1747580132781624918,
      "last_seen_ts_ns": 1747580135303074995,
      "duration_active_s": 2.521450077
    },
    {
      "tgid": 191,
      "comm": "lmp",
      "cgroup_id": 9810,
      "on_cpu_stats_ns": {
        "count": 2.0,
        "sum_ns": 52171.0,
        "mean_ns": 26085.5,
        "median_ns": 26938.0,
        "min_ns": 25233.0,
        "max_ns": 26938.0,
        "variance_ns2": 1453512.5,
        "iqr_ns": 1705.0,
        "q1_ns": 25233.0,
        "q3_ns": 26938.0
      },
      "runq_latency_stats_ns": {
        "count": 2.0,
        "sum_ns": 29745.0,
        "mean_ns": 14872.5,
        "median_ns": 25191.0,
        "min_ns": 4554.0,
        "max_ns": 25191.0,
        "variance_ns2": 212942884.5,
        "iqr_ns": 20637.0,
        "q1_ns": 4554.0,
        "q3_ns": 25191.0
      },
      "first_seen_ts_ns": 1747580132781624918,
      "last_seen_ts_ns": 1747580148269182711,
      "duration_active_s": 15.487557793
    },
    {
      "tgid": 210,
      "comm": "lmp",
      "cgroup_id": 9810,
      "on_cpu_stats_ns": {
        "count": 2.0,
        "sum_ns": 48474.0,
        "mean_ns": 24237.0,
        "median_ns": 32118.0,
        "min_ns": 16356.0,
        "max_ns": 32118.0,
        "variance_ns2": 124220322.0,
        "iqr_ns": 15762.0,
        "q1_ns": 16356.0,
        "q3_ns": 32118.0
      },
      "runq_latency_stats_ns": {
        "count": 2.0,
        "sum_ns": 49448.0,
        "mean_ns": 24724.0,
        "median_ns": 45360.0,
        "min_ns": 4088.0,
        "max_ns": 45360.0,
        "variance_ns2": 851688992.0,
        "iqr_ns": 41272.0,
        "q1_ns": 4088.0,
        "q3_ns": 45360.0
      },
      "first_seen_ts_ns": 1747580132676441853,
      "last_seen_ts_ns": 1747580132781624918,
      "duration_active_s": 0.105183065
    },
    {
      "tgid": 348,
      "comm": "lmp",
      "cgroup_id": 9810,
      "on_cpu_stats_ns": {
        "count": 1.0,
        "sum_ns": 41430.0,
        "mean_ns": 41430.0,
        "median_ns": 41430.0,
        "min_ns": 41430.0,
        "max_ns": 41430.0,
        "variance_ns2": null,
        "iqr_ns": 0.0,
        "q1_ns": 41430.0,
        "q3_ns": 41430.0
      },
      "runq_latency_stats_ns": {
        "count": 1.0,
        "sum_ns": 1475.0,
        "mean_ns": 1475.0,
        "median_ns": 1475.0,
        "min_ns": 1475.0,
        "max_ns": 1475.0,
        "variance_ns2": null,
        "iqr_ns": 0.0,
        "q1_ns": 1475.0,
        "q3_ns": 1475.0
      },
      "first_seen_ts_ns": 1747580132781624918,
      "last_seen_ts_ns": 1747580132781624918,
      "duration_active_s": 0
    },
    {
      "tgid": 318,
      "comm": "lmp",
      "cgroup_id": 9810,
      "on_cpu_stats_ns": {
        "count": 1.0,
        "sum_ns": 37162.0,
        "mean_ns": 37162.0,
        "median_ns": 37162.0,
        "min_ns": 37162.0,
        "max_ns": 37162.0,
        "variance_ns2": null,
        "iqr_ns": 0.0,
        "q1_ns": 37162.0,
        "q3_ns": 37162.0
      },
      "runq_latency_stats_ns": {
        "count": 1.0,
        "sum_ns": 4034.0,
        "mean_ns": 4034.0,
        "median_ns": 4034.0,
        "min_ns": 4034.0,
        "max_ns": 4034.0,
        "variance_ns2": null,
        "iqr_ns": 0.0,
        "q1_ns": 4034.0,
        "q3_ns": 4034.0
      },
      "first_seen_ts_ns": 1747580132781624918,
      "last_seen_ts_ns": 1747580132781624918,
      "duration_active_s": 0
    },
    {
      "tgid": 270,
      "comm": "lmp",
      "cgroup_id": 9810,
      "on_cpu_stats_ns": {
        "count": 1.0,
        "sum_ns": 35373.0,
        "mean_ns": 35373.0,
        "median_ns": 35373.0,
        "min_ns": 35373.0,
        "max_ns": 35373.0,
        "variance_ns2": null,
        "iqr_ns": 0.0,
        "q1_ns": 35373.0,
        "q3_ns": 35373.0
      },
      "runq_latency_stats_ns": {
        "count": 1.0,
        "sum_ns": 22032.0,
        "mean_ns": 22032.0,
        "median_ns": 22032.0,
        "min_ns": 22032.0,
        "max_ns": 22032.0,
        "variance_ns2": null,
        "iqr_ns": 0.0,
        "q1_ns": 22032.0,
        "q3_ns": 22032.0
      },
      "first_seen_ts_ns": 1747580132781624918,
      "last_seen_ts_ns": 1747580132781624918,
      "duration_active_s": 0
    },
    {
      "tgid": 228,
      "comm": "lmp",
      "cgroup_id": 9810,
      "on_cpu_stats_ns": {
        "count": 1.0,
        "sum_ns": 30313.0,
        "mean_ns": 30313.0,
        "median_ns": 30313.0,
        "min_ns": 30313.0,
        "max_ns": 30313.0,
        "variance_ns2": null,
        "iqr_ns": 0.0,
        "q1_ns": 30313.0,
        "q3_ns": 30313.0
      },
      "runq_latency_stats_ns": {
        "count": 1.0,
        "sum_ns": 20230.0,
        "mean_ns": 20230.0,
        "median_ns": 20230.0,
        "min_ns": 20230.0,
        "max_ns": 20230.0,
        "variance_ns2": null,
        "iqr_ns": 0.0,
        "q1_ns": 20230.0,
        "q3_ns": 20230.0
      },
      "first_seen_ts_ns": 1747580132781624918,
      "last_seen_ts_ns": 1747580132781624918,
      "duration_active_s": 0
    },
    {
      "tgid": 306,
      "comm": "lmp",
      "cgroup_id": 9810,
      "on_cpu_stats_ns": {
        "count": 1.0,
        "sum_ns": 30130.0,
        "mean_ns": 30130.0,
        "median_ns": 30130.0,
        "min_ns": 30130.0,
        "max_ns": 30130.0,
        "variance_ns2": null,
        "iqr_ns": 0.0,
        "q1_ns": 30130.0,
        "q3_ns": 30130.0
      },
      "runq_latency_stats_ns": {
        "count": 1.0,
        "sum_ns": 35532.0,
        "mean_ns": 35532.0,
        "median_ns": 35532.0,
        "min_ns": 35532.0,
        "max_ns": 35532.0,
        "variance_ns2": null,
        "iqr_ns": 0.0,
        "q1_ns": 35532.0,
        "q3_ns": 35532.0
      },
      "first_seen_ts_ns": 1747580132781624918,
      "last_seen_ts_ns": 1747580132781624918,
      "duration_active_s": 0
    },
    {
      "tgid": 330,
      "comm": "lmp",
      "cgroup_id": 9810,
      "on_cpu_stats_ns": {
        "count": 1.0,
        "sum_ns": 30084.0,
        "mean_ns": 30084.0,
        "median_ns": 30084.0,
        "min_ns": 30084.0,
        "max_ns": 30084.0,
        "variance_ns2": null,
        "iqr_ns": 0.0,
        "q1_ns": 30084.0,
        "q3_ns": 30084.0
      },
      "runq_latency_stats_ns": {
        "count": 1.0,
        "sum_ns": 68859.0,
        "mean_ns": 68859.0,
        "median_ns": 68859.0,
        "min_ns": 68859.0,
        "max_ns": 68859.0,
        "variance_ns2": null,
        "iqr_ns": 0.0,
        "q1_ns": 68859.0,
        "q3_ns": 68859.0
      },
      "first_seen_ts_ns": 1747580132781624918,
      "last_seen_ts_ns": 1747580132781624918,
      "duration_active_s": 0
    },
    {
      "tgid": 324,
      "comm": "lmp",
      "cgroup_id": 9810,
      "on_cpu_stats_ns": {
        "count": 2.0,
        "sum_ns": 29921.0,
        "mean_ns": 14960.5,
        "median_ns": 21717.0,
        "min_ns": 8204.0,
        "max_ns": 21717.0,
        "variance_ns2": 91300584.5,
        "iqr_ns": 13513.0,
        "q1_ns": 8204.0,
        "q3_ns": 21717.0
      },
      "runq_latency_stats_ns": {
        "count": 2.0,
        "sum_ns": 4058905.0,
        "mean_ns": 2029452.5,
        "median_ns": 4035884.0,
        "min_ns": 23021.0,
        "max_ns": 4035884.0,
        "variance_ns2": 8051534728384.5,
        "iqr_ns": 4012863.0,
        "q1_ns": 23021.0,
        "q3_ns": 4035884.0
      },
      "first_seen_ts_ns": 1747580132676441853,
      "last_seen_ts_ns": 1747580132781624918,
      "duration_active_s": 0.105183065
    },
    {
      "tgid": 264,
      "comm": "lmp",
      "cgroup_id": 9810,
      "on_cpu_stats_ns": {
        "count": 1.0,
        "sum_ns": 29251.0,
        "mean_ns": 29251.0,
        "median_ns": 29251.0,
        "min_ns": 29251.0,
        "max_ns": 29251.0,
        "variance_ns2": null,
        "iqr_ns": 0.0,
        "q1_ns": 29251.0,
        "q3_ns": 29251.0
      },
      "runq_latency_stats_ns": {
        "count": 2.0,
        "sum_ns": 23983.0,
        "mean_ns": 11991.5,
        "median_ns": 22482.0,
        "min_ns": 1501.0,
        "max_ns": 22482.0,
        "variance_ns2": 220101180.5,
        "iqr_ns": 20981.0,
        "q1_ns": 1501.0,
        "q3_ns": 22482.0
      },
      "first_seen_ts_ns": 1747580132676441853,
      "last_seen_ts_ns": 1747580132781624918,
      "duration_active_s": 0.105183065
    },
    {
      "tgid": 252,
      "comm": "lmp",
      "cgroup_id": 9810,
      "on_cpu_stats_ns": {
        "count": 2.0,
        "sum_ns": 21955.0,
        "mean_ns": 10977.5,
        "median_ns": 15892.0,
        "min_ns": 6063.0,
        "max_ns": 15892.0,
        "variance_ns2": 48304620.5,
        "iqr_ns": 9829.0,
        "q1_ns": 6063.0,
        "q3_ns": 15892.0
      },
      "runq_latency_stats_ns": {
        "count": 2.0,
        "sum_ns": 4098677.0,
        "mean_ns": 2049338.5,
        "median_ns": 4015015.0,
        "min_ns": 83662.0,
        "max_ns": 4015015.0,
        "variance_ns2": 7727768205304.5,
        "iqr_ns": 3931353.0,
        "q1_ns": 83662.0,
        "q3_ns": 4015015.0
      },
      "first_seen_ts_ns": 1747580132676441853,
      "last_seen_ts_ns": 1747580132781624918,
      "duration_active_s": 0.105183065
    },
    {
      "tgid": 294,
      "comm": "lmp",
      "cgroup_id": 9810,
      "on_cpu_stats_ns": {
        "count": 1.0,
        "sum_ns": 19670.5,
        "mean_ns": 19670.5,
        "median_ns": 19670.5,
        "min_ns": 19670.5,
        "max_ns": 19670.5,
        "variance_ns2": null,
        "iqr_ns": 0.0,
        "q1_ns": 19670.5,
        "q3_ns": 19670.5
      },
      "runq_latency_stats_ns": {
        "count": 1.0,
        "sum_ns": 2018343.5,
        "mean_ns": 2018343.5,
        "median_ns": 2018343.5,
        "min_ns": 2018343.5,
        "max_ns": 2018343.5,
        "variance_ns2": null,
        "iqr_ns": 0.0,
        "q1_ns": 2018343.5,
        "q3_ns": 2018343.5
      },
      "first_seen_ts_ns": 1747580132781624918,
      "last_seen_ts_ns": 1747580132781624918,
      "duration_active_s": 0
    },
    {
      "tgid": 336,
      "comm": "lmp",
      "cgroup_id": 9810,
      "on_cpu_stats_ns": {
        "count": 1.0,
        "sum_ns": 18964.5,
        "mean_ns": 18964.5,
        "median_ns": 18964.5,
        "min_ns": 18964.5,
        "max_ns": 18964.5,
        "variance_ns2": null,
        "iqr_ns": 0.0,
        "q1_ns": 18964.5,
        "q3_ns": 18964.5
      },
      "runq_latency_stats_ns": {
        "count": 1.0,
        "sum_ns": 1526506.5,
        "mean_ns": 1526506.5,
        "median_ns": 1526506.5,
        "min_ns": 1526506.5,
        "max_ns": 1526506.5,
        "variance_ns2": null,
        "iqr_ns": 0.0,
        "q1_ns": 1526506.5,
        "q3_ns": 1526506.5
      },
      "first_seen_ts_ns": 1747580132781624918,
      "last_seen_ts_ns": 1747580132781624918,
      "duration_active_s": 0
    },
    {
      "tgid": 259,
      "comm": "lmp",
      "cgroup_id": 9810,
      "on_cpu_stats_ns": {
        "count": 1.0,
        "sum_ns": 16713.0,
        "mean_ns": 16713.0,
        "median_ns": 16713.0,
        "min_ns": 16713.0,
        "max_ns": 16713.0,
        "variance_ns2": null,
        "iqr_ns": 0.0,
        "q1_ns": 16713.0,
        "q3_ns": 16713.0
      },
      "runq_latency_stats_ns": {
        "count": 1.0,
        "sum_ns": 1514744.0,
        "mean_ns": 1514744.0,
        "median_ns": 1514744.0,
        "min_ns": 1514744.0,
        "max_ns": 1514744.0,
        "variance_ns2": null,
        "iqr_ns": 0.0,
        "q1_ns": 1514744.0,
        "q3_ns": 1514744.0
      },
      "first_seen_ts_ns": 1747580132781624918,
      "last_seen_ts_ns": 1747580132781624918,
      "duration_active_s": 0
    },
    {
      "tgid": 288,
      "comm": "lmp",
      "cgroup_id": 9810,
      "on_cpu_stats_ns": {
        "count": 1.0,
        "sum_ns": 14233.0,
        "mean_ns": 14233.0,
        "median_ns": 14233.0,
        "min_ns": 14233.0,
        "max_ns": 14233.0,
        "variance_ns2": null,
        "iqr_ns": 0.0,
        "q1_ns": 14233.0,
        "q3_ns": 14233.0
      },
      "runq_latency_stats_ns": {
        "count": 1.0,
        "sum_ns": 2058597.0,
        "mean_ns": 2058597.0,
        "median_ns": 2058597.0,
        "min_ns": 2058597.0,
        "max_ns": 2058597.0,
        "variance_ns2": null,
        "iqr_ns": 0.0,
        "q1_ns": 2058597.0,
        "q3_ns": 2058597.0
      },
      "first_seen_ts_ns": 1747580132781624918,
      "last_seen_ts_ns": 1747580132781624918,
      "duration_active_s": 0
    },
    {
      "tgid": 240,
      "comm": "lmp",
      "cgroup_id": 9810,
      "on_cpu_stats_ns": {
        "count": 1.0,
        "sum_ns": 11690.0,
        "mean_ns": 11690.0,
        "median_ns": 11690.0,
        "min_ns": 11690.0,
        "max_ns": 11690.0,
        "variance_ns2": null,
        "iqr_ns": 0.0,
        "q1_ns": 11690.0,
        "q3_ns": 11690.0
      },
      "runq_latency_stats_ns": {
        "count": 1.0,
        "sum_ns": 1986677.0,
        "mean_ns": 1986677.0,
        "median_ns": 1986677.0,
        "min_ns": 1986677.0,
        "max_ns": 1986677.0,
        "variance_ns2": null,
        "iqr_ns": 0.0,
        "q1_ns": 1986677.0,
        "q3_ns": 1986677.0
      },
      "first_seen_ts_ns": 1747580132781624918,
      "last_seen_ts_ns": 1747580132781624918,
      "duration_active_s": 0
    },
    {
      "tgid": 443,
      "comm": "lmp",
      "cgroup_id": 9810,
      "on_cpu_stats_ns": {
        "count": 1.0,
        "sum_ns": 10341.0,
        "mean_ns": 10341.0,
        "median_ns": 10341.0,
        "min_ns": 10341.0,
        "max_ns": 10341.0,
        "variance_ns2": null,
        "iqr_ns": 0.0,
        "q1_ns": 10341.0,
        "q3_ns": 10341.0
      },
      "runq_latency_stats_ns": {
        "count": 1.0,
        "sum_ns": 1987012.0,
        "mean_ns": 1987012.0,
        "median_ns": 1987012.0,
        "min_ns": 1987012.0,
        "max_ns": 1987012.0,
        "variance_ns2": null,
        "iqr_ns": 0.0,
        "q1_ns": 1987012.0,
        "q3_ns": 1987012.0
      },
      "first_seen_ts_ns": 1747580168076273464,
      "last_seen_ts_ns": 1747580168076273464,
      "duration_active_s": 0
    }
  ]
}
[14:56:41] Cleanup complete. Exiting.
