unlimited
PROGRAM: shmem
Looking for /opt/programs/shmem/ebpf-collect.c
Initializing eBPF for Shared Memory monitoring...
BPF C code compiled and loaded.
[14:55:15] 
Start Indicator file defined '/mnt/flux/start_ebpf_collection'. Waiting.
[14:55:32] Start indicator found. Proceeding.
Attaching tracepoints...
  Kprobes for shm_open/shm_unlink should auto-attach if symbols exist.
Finished attaching probes.

--- Shared Memory Stats Summary at 14:55:37 ---
{"tgid": 9062, "comm": "flux-shell", "shmget": 1, "shmat": 1, "shmdt": 1, "rmid": 1, "get_mb": 0.00390625, "shmopen": 0, "unlink": 0, "mmap_sh": 1, "munmap": 65, "mmap_sh_mb": 4.000007629394531}
{"tgid": 9132, "comm": "flux-shell", "shmget": 1, "shmat": 1, "shmdt": 1, "rmid": 1, "get_mb": 0.00390625, "shmopen": 0, "unlink": 0, "mmap_sh": 1, "munmap": 65, "mmap_sh_mb": 4.000007629394531}
{"tgid": 9044, "comm": "lmp", "shmget": 1, "shmat": 1, "shmdt": 1, "rmid": 0, "get_mb": 0.00390625, "shmopen": 0, "unlink": 0, "mmap_sh": 1, "munmap": 46, "mmap_sh_mb": 4.000007629394531}
{"tgid": 9048, "comm": "lmp", "shmget": 1, "shmat": 1, "shmdt": 1, "rmid": 1, "get_mb": 0.00390625, "shmopen": 0, "unlink": 0, "mmap_sh": 1, "munmap": 51, "mmap_sh_mb": 4.000007629394531}
{"tgid": 9122, "comm": "flux-shell", "shmget": 1, "shmat": 1, "shmdt": 1, "rmid": 1, "get_mb": 0.00390625, "shmopen": 0, "unlink": 0, "mmap_sh": 1, "munmap": 65, "mmap_sh_mb": 4.000007629394531}
{"tgid": 9162, "comm": "flux-shell", "shmget": 1, "shmat": 1, "shmdt": 1, "rmid": 1, "get_mb": 0.00390625, "shmopen": 0, "unlink": 0, "mmap_sh": 1, "munmap": 65, "mmap_sh_mb": 4.000007629394531}
{"tgid": 9080, "comm": "flux-shell", "shmget": 1, "shmat": 1, "shmdt": 1, "rmid": 1, "get_mb": 0.00390625, "shmopen": 0, "unlink": 0, "mmap_sh": 1, "munmap": 65, "mmap_sh_mb": 4.000007629394531}
{"tgid": 9112, "comm": "flux-shell", "shmget": 1, "shmat": 1, "shmdt": 1, "rmid": 1, "get_mb": 0.00390625, "shmopen": 0, "unlink": 0, "mmap_sh": 1, "munmap": 65, "mmap_sh_mb": 4.000007629394531}
{"tgid": 9130, "comm": "flux-shell", "shmget": 1, "shmat": 1, "shmdt": 1, "rmid": 1, "get_mb": 0.00390625, "shmopen": 0, "unlink": 0, "mmap_sh": 1, "munmap": 65, "mmap_sh_mb": 4.000007629394531}
{"tgid": 9082, "comm": "flux-shell", "shmget": 1, "shmat": 1, "shmdt": 1, "rmid": 1, "get_mb": 0.00390625, "shmopen": 0, "unlink": 0, "mmap_sh": 1, "munmap": 65, "mmap_sh_mb": 4.000007629394531}
{"tgid": 9068, "comm": "flux-shell", "shmget": 1, "shmat": 1, "shmdt": 1, "rmid": 1, "get_mb": 0.00390625, "shmopen": 0, "unlink": 0, "mmap_sh": 1, "munmap": 65, "mmap_sh_mb": 4.000007629394531}
{"tgid": 9142, "comm": "flux-shell", "shmget": 1, "shmat": 1, "shmdt": 1, "rmid": 1, "get_mb": 0.00390625, "shmopen": 0, "unlink": 0, "mmap_sh": 1, "munmap": 65, "mmap_sh_mb": 4.000007629394531}
{"tgid": 9088, "comm": "flux-shell", "shmget": 1, "shmat": 1, "shmdt": 1, "rmid": 1, "get_mb": 0.00390625, "shmopen": 0, "unlink": 0, "mmap_sh": 1, "munmap": 65, "mmap_sh_mb": 4.000007629394531}
{"tgid": 9074, "comm": "flux-shell", "shmget": 1, "shmat": 1, "shmdt": 1, "rmid": 1, "get_mb": 0.00390625, "shmopen": 0, "unlink": 0, "mmap_sh": 1, "munmap": 65, "mmap_sh_mb": 4.000007629394531}
{"tgid": 9085, "comm": "flux-shell", "shmget": 1, "shmat": 1, "shmdt": 1, "rmid": 1, "get_mb": 0.00390625, "shmopen": 0, "unlink": 0, "mmap_sh": 1, "munmap": 65, "mmap_sh_mb": 4.000007629394531}
{"tgid": 9106, "comm": "flux-shell", "shmget": 1, "shmat": 1, "shmdt": 1, "rmid": 1, "get_mb": 0.00390625, "shmopen": 0, "unlink": 0, "mmap_sh": 1, "munmap": 65, "mmap_sh_mb": 4.000007629394531}
{"tgid": 9152, "comm": "flux-shell", "shmget": 1, "shmat": 1, "shmdt": 1, "rmid": 1, "get_mb": 0.00390625, "shmopen": 0, "unlink": 0, "mmap_sh": 1, "munmap": 65, "mmap_sh_mb": 4.000007629394531}
{"tgid": 9090, "comm": "flux-shell", "shmget": 1, "shmat": 1, "shmdt": 1, "rmid": 1, "get_mb": 0.00390625, "shmopen": 0, "unlink": 0, "mmap_sh": 1, "munmap": 65, "mmap_sh_mb": 4.000007629394531}
{"tgid": 9078, "comm": "flux-shell", "shmget": 1, "shmat": 1, "shmdt": 1, "rmid": 1, "get_mb": 0.00390625, "shmopen": 0, "unlink": 0, "mmap_sh": 1, "munmap": 65, "mmap_sh_mb": 4.000007629394531}
{"tgid": 9116, "comm": "flux-shell", "shmget": 1, "shmat": 1, "shmdt": 1, "rmid": 1, "get_mb": 0.00390625, "shmopen": 0, "unlink": 0, "mmap_sh": 1, "munmap": 65, "mmap_sh_mb": 4.000007629394531}

--- Shared Memory Stats Summary at 14:55:42 ---
{"tgid": 9062, "comm": "flux-shell", "shmget": 1, "shmat": 1, "shmdt": 1, "rmid": 1, "get_mb": 0.00390625, "shmopen": 0, "unlink": 0, "mmap_sh": 88, "munmap": 73, "mmap_sh_mb": 352.00067138671875}
{"tgid": 9132, "comm": "flux-shell", "shmget": 1, "shmat": 1, "shmdt": 1, "rmid": 1, "get_mb": 0.00390625, "shmopen": 0, "unlink": 0, "mmap_sh": 88, "munmap": 73, "mmap_sh_mb": 352.00067138671875}
{"tgid": 9044, "comm": "lmp", "shmget": 1, "shmat": 1, "shmdt": 1, "rmid": 0, "get_mb": 0.00390625, "shmopen": 0, "unlink": 0, "mmap_sh": 88, "munmap": 54, "mmap_sh_mb": 352.00067138671875}
{"tgid": 9048, "comm": "lmp", "shmget": 1, "shmat": 1, "shmdt": 1, "rmid": 1, "get_mb": 0.00390625, "shmopen": 0, "unlink": 0, "mmap_sh": 88, "munmap": 59, "mmap_sh_mb": 352.00067138671875}
{"tgid": 9122, "comm": "flux-shell", "shmget": 1, "shmat": 1, "shmdt": 1, "rmid": 1, "get_mb": 0.00390625, "shmopen": 0, "unlink": 0, "mmap_sh": 88, "munmap": 73, "mmap_sh_mb": 352.00067138671875}
{"tgid": 9162, "comm": "flux-shell", "shmget": 1, "shmat": 1, "shmdt": 1, "rmid": 1, "get_mb": 0.00390625, "shmopen": 0, "unlink": 0, "mmap_sh": 88, "munmap": 73, "mmap_sh_mb": 352.00067138671875}
{"tgid": 9080, "comm": "flux-shell", "shmget": 1, "shmat": 1, "shmdt": 1, "rmid": 1, "get_mb": 0.00390625, "shmopen": 0, "unlink": 0, "mmap_sh": 88, "munmap": 73, "mmap_sh_mb": 352.00067138671875}
{"tgid": 9112, "comm": "flux-shell", "shmget": 1, "shmat": 1, "shmdt": 1, "rmid": 1, "get_mb": 0.00390625, "shmopen": 0, "unlink": 0, "mmap_sh": 88, "munmap": 73, "mmap_sh_mb": 352.00067138671875}
{"tgid": 9130, "comm": "flux-shell", "shmget": 1, "shmat": 1, "shmdt": 1, "rmid": 1, "get_mb": 0.00390625, "shmopen": 0, "unlink": 0, "mmap_sh": 88, "munmap": 73, "mmap_sh_mb": 352.00067138671875}
{"tgid": 9082, "comm": "flux-shell", "shmget": 1, "shmat": 1, "shmdt": 1, "rmid": 1, "get_mb": 0.00390625, "shmopen": 0, "unlink": 0, "mmap_sh": 88, "munmap": 73, "mmap_sh_mb": 352.00067138671875}
{"tgid": 9068, "comm": "flux-shell", "shmget": 1, "shmat": 1, "shmdt": 1, "rmid": 1, "get_mb": 0.00390625, "shmopen": 0, "unlink": 0, "mmap_sh": 88, "munmap": 73, "mmap_sh_mb": 352.00067138671875}
{"tgid": 9142, "comm": "flux-shell", "shmget": 1, "shmat": 1, "shmdt": 1, "rmid": 1, "get_mb": 0.00390625, "shmopen": 0, "unlink": 0, "mmap_sh": 88, "munmap": 73, "mmap_sh_mb": 352.00067138671875}
{"tgid": 9088, "comm": "flux-shell", "shmget": 1, "shmat": 1, "shmdt": 1, "rmid": 1, "get_mb": 0.00390625, "shmopen": 0, "unlink": 0, "mmap_sh": 88, "munmap": 73, "mmap_sh_mb": 352.00067138671875}
{"tgid": 9074, "comm": "flux-shell", "shmget": 1, "shmat": 1, "shmdt": 1, "rmid": 1, "get_mb": 0.00390625, "shmopen": 0, "unlink": 0, "mmap_sh": 88, "munmap": 73, "mmap_sh_mb": 352.00067138671875}
{"tgid": 9085, "comm": "flux-shell", "shmget": 1, "shmat": 1, "shmdt": 1, "rmid": 1, "get_mb": 0.00390625, "shmopen": 0, "unlink": 0, "mmap_sh": 88, "munmap": 73, "mmap_sh_mb": 352.00067138671875}
{"tgid": 9106, "comm": "flux-shell", "shmget": 1, "shmat": 1, "shmdt": 1, "rmid": 1, "get_mb": 0.00390625, "shmopen": 0, "unlink": 0, "mmap_sh": 88, "munmap": 73, "mmap_sh_mb": 352.00067138671875}
{"tgid": 9152, "comm": "flux-shell", "shmget": 1, "shmat": 1, "shmdt": 1, "rmid": 1, "get_mb": 0.00390625, "shmopen": 0, "unlink": 0, "mmap_sh": 88, "munmap": 73, "mmap_sh_mb": 352.00067138671875}
{"tgid": 9090, "comm": "flux-shell", "shmget": 1, "shmat": 1, "shmdt": 1, "rmid": 1, "get_mb": 0.00390625, "shmopen": 0, "unlink": 0, "mmap_sh": 88, "munmap": 73, "mmap_sh_mb": 352.00067138671875}
{"tgid": 9078, "comm": "flux-shell", "shmget": 1, "shmat": 1, "shmdt": 1, "rmid": 1, "get_mb": 0.00390625, "shmopen": 0, "unlink": 0, "mmap_sh": 88, "munmap": 73, "mmap_sh_mb": 352.00067138671875}
{"tgid": 9116, "comm": "flux-shell", "shmget": 1, "shmat": 1, "shmdt": 1, "rmid": 1, "get_mb": 0.00390625, "shmopen": 0, "unlink": 0, "mmap_sh": 88, "munmap": 73, "mmap_sh_mb": 352.00067138671875}

--- Shared Memory Stats Summary at 14:55:47 ---
{"tgid": 9062, "comm": "flux-shell", "shmget": 1, "shmat": 1, "shmdt": 1, "rmid": 1, "get_mb": 0.00390625, "shmopen": 0, "unlink": 0, "mmap_sh": 88, "munmap": 73, "mmap_sh_mb": 352.00067138671875}
{"tgid": 9132, "comm": "flux-shell", "shmget": 1, "shmat": 1, "shmdt": 1, "rmid": 1, "get_mb": 0.00390625, "shmopen": 0, "unlink": 0, "mmap_sh": 88, "munmap": 73, "mmap_sh_mb": 352.00067138671875}
{"tgid": 9044, "comm": "lmp", "shmget": 1, "shmat": 1, "shmdt": 1, "rmid": 0, "get_mb": 0.00390625, "shmopen": 0, "unlink": 0, "mmap_sh": 88, "munmap": 54, "mmap_sh_mb": 352.00067138671875}
{"tgid": 9048, "comm": "lmp", "shmget": 1, "shmat": 1, "shmdt": 1, "rmid": 1, "get_mb": 0.00390625, "shmopen": 0, "unlink": 0, "mmap_sh": 88, "munmap": 59, "mmap_sh_mb": 352.00067138671875}
{"tgid": 9122, "comm": "flux-shell", "shmget": 1, "shmat": 1, "shmdt": 1, "rmid": 1, "get_mb": 0.00390625, "shmopen": 0, "unlink": 0, "mmap_sh": 88, "munmap": 73, "mmap_sh_mb": 352.00067138671875}
{"tgid": 9162, "comm": "flux-shell", "shmget": 1, "shmat": 1, "shmdt": 1, "rmid": 1, "get_mb": 0.00390625, "shmopen": 0, "unlink": 0, "mmap_sh": 88, "munmap": 73, "mmap_sh_mb": 352.00067138671875}
{"tgid": 9080, "comm": "flux-shell", "shmget": 1, "shmat": 1, "shmdt": 1, "rmid": 1, "get_mb": 0.00390625, "shmopen": 0, "unlink": 0, "mmap_sh": 88, "munmap": 73, "mmap_sh_mb": 352.00067138671875}
{"tgid": 9112, "comm": "flux-shell", "shmget": 1, "shmat": 1, "shmdt": 1, "rmid": 1, "get_mb": 0.00390625, "shmopen": 0, "unlink": 0, "mmap_sh": 88, "munmap": 73, "mmap_sh_mb": 352.00067138671875}
{"tgid": 9130, "comm": "flux-shell", "shmget": 1, "shmat": 1, "shmdt": 1, "rmid": 1, "get_mb": 0.00390625, "shmopen": 0, "unlink": 0, "mmap_sh": 88, "munmap": 73, "mmap_sh_mb": 352.00067138671875}
{"tgid": 9082, "comm": "flux-shell", "shmget": 1, "shmat": 1, "shmdt": 1, "rmid": 1, "get_mb": 0.00390625, "shmopen": 0, "unlink": 0, "mmap_sh": 88, "munmap": 73, "mmap_sh_mb": 352.00067138671875}
{"tgid": 9068, "comm": "flux-shell", "shmget": 1, "shmat": 1, "shmdt": 1, "rmid": 1, "get_mb": 0.00390625, "shmopen": 0, "unlink": 0, "mmap_sh": 88, "munmap": 73, "mmap_sh_mb": 352.00067138671875}
{"tgid": 9142, "comm": "flux-shell", "shmget": 1, "shmat": 1, "shmdt": 1, "rmid": 1, "get_mb": 0.00390625, "shmopen": 0, "unlink": 0, "mmap_sh": 88, "munmap": 73, "mmap_sh_mb": 352.00067138671875}
{"tgid": 9088, "comm": "flux-shell", "shmget": 1, "shmat": 1, "shmdt": 1, "rmid": 1, "get_mb": 0.00390625, "shmopen": 0, "unlink": 0, "mmap_sh": 88, "munmap": 73, "mmap_sh_mb": 352.00067138671875}
{"tgid": 9074, "comm": "flux-shell", "shmget": 1, "shmat": 1, "shmdt": 1, "rmid": 1, "get_mb": 0.00390625, "shmopen": 0, "unlink": 0, "mmap_sh": 88, "munmap": 73, "mmap_sh_mb": 352.00067138671875}
{"tgid": 9085, "comm": "flux-shell", "shmget": 1, "shmat": 1, "shmdt": 1, "rmid": 1, "get_mb": 0.00390625, "shmopen": 0, "unlink": 0, "mmap_sh": 88, "munmap": 73, "mmap_sh_mb": 352.00067138671875}
{"tgid": 9106, "comm": "flux-shell", "shmget": 1, "shmat": 1, "shmdt": 1, "rmid": 1, "get_mb": 0.00390625, "shmopen": 0, "unlink": 0, "mmap_sh": 88, "munmap": 73, "mmap_sh_mb": 352.00067138671875}
{"tgid": 9152, "comm": "flux-shell", "shmget": 1, "shmat": 1, "shmdt": 1, "rmid": 1, "get_mb": 0.00390625, "shmopen": 0, "unlink": 0, "mmap_sh": 88, "munmap": 73, "mmap_sh_mb": 352.00067138671875}
{"tgid": 9090, "comm": "flux-shell", "shmget": 1, "shmat": 1, "shmdt": 1, "rmid": 1, "get_mb": 0.00390625, "shmopen": 0, "unlink": 0, "mmap_sh": 88, "munmap": 73, "mmap_sh_mb": 352.00067138671875}
{"tgid": 9078, "comm": "flux-shell", "shmget": 1, "shmat": 1, "shmdt": 1, "rmid": 1, "get_mb": 0.00390625, "shmopen": 0, "unlink": 0, "mmap_sh": 88, "munmap": 73, "mmap_sh_mb": 352.00067138671875}
{"tgid": 9116, "comm": "flux-shell", "shmget": 1, "shmat": 1, "shmdt": 1, "rmid": 1, "get_mb": 0.00390625, "shmopen": 0, "unlink": 0, "mmap_sh": 88, "munmap": 73, "mmap_sh_mb": 352.00067138671875}

--- Shared Memory Stats Summary at 14:55:52 ---
{"tgid": 9062, "comm": "flux-shell", "shmget": 1, "shmat": 1, "shmdt": 1, "rmid": 1, "get_mb": 0.00390625, "shmopen": 0, "unlink": 0, "mmap_sh": 88, "munmap": 73, "mmap_sh_mb": 352.00067138671875}
{"tgid": 9132, "comm": "flux-shell", "shmget": 1, "shmat": 1, "shmdt": 1, "rmid": 1, "get_mb": 0.00390625, "shmopen": 0, "unlink": 0, "mmap_sh": 88, "munmap": 73, "mmap_sh_mb": 352.00067138671875}
{"tgid": 9044, "comm": "lmp", "shmget": 1, "shmat": 1, "shmdt": 1, "rmid": 0, "get_mb": 0.00390625, "shmopen": 0, "unlink": 0, "mmap_sh": 88, "munmap": 54, "mmap_sh_mb": 352.00067138671875}
{"tgid": 9048, "comm": "lmp", "shmget": 1, "shmat": 1, "shmdt": 1, "rmid": 1, "get_mb": 0.00390625, "shmopen": 0, "unlink": 0, "mmap_sh": 88, "munmap": 59, "mmap_sh_mb": 352.00067138671875}
{"tgid": 9122, "comm": "flux-shell", "shmget": 1, "shmat": 1, "shmdt": 1, "rmid": 1, "get_mb": 0.00390625, "shmopen": 0, "unlink": 0, "mmap_sh": 88, "munmap": 73, "mmap_sh_mb": 352.00067138671875}
{"tgid": 9162, "comm": "flux-shell", "shmget": 1, "shmat": 1, "shmdt": 1, "rmid": 1, "get_mb": 0.00390625, "shmopen": 0, "unlink": 0, "mmap_sh": 88, "munmap": 73, "mmap_sh_mb": 352.00067138671875}
{"tgid": 9080, "comm": "flux-shell", "shmget": 1, "shmat": 1, "shmdt": 1, "rmid": 1, "get_mb": 0.00390625, "shmopen": 0, "unlink": 0, "mmap_sh": 88, "munmap": 73, "mmap_sh_mb": 352.00067138671875}
{"tgid": 9112, "comm": "flux-shell", "shmget": 1, "shmat": 1, "shmdt": 1, "rmid": 1, "get_mb": 0.00390625, "shmopen": 0, "unlink": 0, "mmap_sh": 88, "munmap": 73, "mmap_sh_mb": 352.00067138671875}
{"tgid": 9130, "comm": "flux-shell", "shmget": 1, "shmat": 1, "shmdt": 1, "rmid": 1, "get_mb": 0.00390625, "shmopen": 0, "unlink": 0, "mmap_sh": 88, "munmap": 73, "mmap_sh_mb": 352.00067138671875}
{"tgid": 9082, "comm": "flux-shell", "shmget": 1, "shmat": 1, "shmdt": 1, "rmid": 1, "get_mb": 0.00390625, "shmopen": 0, "unlink": 0, "mmap_sh": 88, "munmap": 73, "mmap_sh_mb": 352.00067138671875}
{"tgid": 9068, "comm": "flux-shell", "shmget": 1, "shmat": 1, "shmdt": 1, "rmid": 1, "get_mb": 0.00390625, "shmopen": 0, "unlink": 0, "mmap_sh": 88, "munmap": 73, "mmap_sh_mb": 352.00067138671875}
{"tgid": 9142, "comm": "flux-shell", "shmget": 1, "shmat": 1, "shmdt": 1, "rmid": 1, "get_mb": 0.00390625, "shmopen": 0, "unlink": 0, "mmap_sh": 88, "munmap": 73, "mmap_sh_mb": 352.00067138671875}
{"tgid": 9088, "comm": "flux-shell", "shmget": 1, "shmat": 1, "shmdt": 1, "rmid": 1, "get_mb": 0.00390625, "shmopen": 0, "unlink": 0, "mmap_sh": 88, "munmap": 73, "mmap_sh_mb": 352.00067138671875}
{"tgid": 9074, "comm": "flux-shell", "shmget": 1, "shmat": 1, "shmdt": 1, "rmid": 1, "get_mb": 0.00390625, "shmopen": 0, "unlink": 0, "mmap_sh": 88, "munmap": 73, "mmap_sh_mb": 352.00067138671875}
{"tgid": 9085, "comm": "flux-shell", "shmget": 1, "shmat": 1, "shmdt": 1, "rmid": 1, "get_mb": 0.00390625, "shmopen": 0, "unlink": 0, "mmap_sh": 88, "munmap": 73, "mmap_sh_mb": 352.00067138671875}
{"tgid": 9106, "comm": "flux-shell", "shmget": 1, "shmat": 1, "shmdt": 1, "rmid": 1, "get_mb": 0.00390625, "shmopen": 0, "unlink": 0, "mmap_sh": 88, "munmap": 73, "mmap_sh_mb": 352.00067138671875}
{"tgid": 9152, "comm": "flux-shell", "shmget": 1, "shmat": 1, "shmdt": 1, "rmid": 1, "get_mb": 0.00390625, "shmopen": 0, "unlink": 0, "mmap_sh": 88, "munmap": 73, "mmap_sh_mb": 352.00067138671875}
{"tgid": 9090, "comm": "flux-shell", "shmget": 1, "shmat": 1, "shmdt": 1, "rmid": 1, "get_mb": 0.00390625, "shmopen": 0, "unlink": 0, "mmap_sh": 88, "munmap": 73, "mmap_sh_mb": 352.00067138671875}
{"tgid": 9078, "comm": "flux-shell", "shmget": 1, "shmat": 1, "shmdt": 1, "rmid": 1, "get_mb": 0.00390625, "shmopen": 0, "unlink": 0, "mmap_sh": 88, "munmap": 73, "mmap_sh_mb": 352.00067138671875}
{"tgid": 9116, "comm": "flux-shell", "shmget": 1, "shmat": 1, "shmdt": 1, "rmid": 1, "get_mb": 0.00390625, "shmopen": 0, "unlink": 0, "mmap_sh": 88, "munmap": 73, "mmap_sh_mb": 352.00067138671875}

--- Shared Memory Stats Summary at 14:55:57 ---
{"tgid": 9062, "comm": "flux-shell", "shmget": 1, "shmat": 1, "shmdt": 1, "rmid": 1, "get_mb": 0.00390625, "shmopen": 0, "unlink": 0, "mmap_sh": 88, "munmap": 73, "mmap_sh_mb": 352.00067138671875}
{"tgid": 9132, "comm": "flux-shell", "shmget": 1, "shmat": 1, "shmdt": 1, "rmid": 1, "get_mb": 0.00390625, "shmopen": 0, "unlink": 0, "mmap_sh": 88, "munmap": 73, "mmap_sh_mb": 352.00067138671875}
{"tgid": 9044, "comm": "lmp", "shmget": 1, "shmat": 1, "shmdt": 1, "rmid": 0, "get_mb": 0.00390625, "shmopen": 0, "unlink": 0, "mmap_sh": 88, "munmap": 54, "mmap_sh_mb": 352.00067138671875}
{"tgid": 9048, "comm": "lmp", "shmget": 1, "shmat": 1, "shmdt": 1, "rmid": 1, "get_mb": 0.00390625, "shmopen": 0, "unlink": 0, "mmap_sh": 88, "munmap": 59, "mmap_sh_mb": 352.00067138671875}
{"tgid": 9122, "comm": "flux-shell", "shmget": 1, "shmat": 1, "shmdt": 1, "rmid": 1, "get_mb": 0.00390625, "shmopen": 0, "unlink": 0, "mmap_sh": 88, "munmap": 73, "mmap_sh_mb": 352.00067138671875}
{"tgid": 9162, "comm": "flux-shell", "shmget": 1, "shmat": 1, "shmdt": 1, "rmid": 1, "get_mb": 0.00390625, "shmopen": 0, "unlink": 0, "mmap_sh": 88, "munmap": 73, "mmap_sh_mb": 352.00067138671875}
{"tgid": 9080, "comm": "flux-shell", "shmget": 1, "shmat": 1, "shmdt": 1, "rmid": 1, "get_mb": 0.00390625, "shmopen": 0, "unlink": 0, "mmap_sh": 88, "munmap": 73, "mmap_sh_mb": 352.00067138671875}
{"tgid": 9112, "comm": "flux-shell", "shmget": 1, "shmat": 1, "shmdt": 1, "rmid": 1, "get_mb": 0.00390625, "shmopen": 0, "unlink": 0, "mmap_sh": 88, "munmap": 73, "mmap_sh_mb": 352.00067138671875}
{"tgid": 9130, "comm": "flux-shell", "shmget": 1, "shmat": 1, "shmdt": 1, "rmid": 1, "get_mb": 0.00390625, "shmopen": 0, "unlink": 0, "mmap_sh": 88, "munmap": 73, "mmap_sh_mb": 352.00067138671875}
{"tgid": 9082, "comm": "flux-shell", "shmget": 1, "shmat": 1, "shmdt": 1, "rmid": 1, "get_mb": 0.00390625, "shmopen": 0, "unlink": 0, "mmap_sh": 88, "munmap": 73, "mmap_sh_mb": 352.00067138671875}
{"tgid": 9068, "comm": "flux-shell", "shmget": 1, "shmat": 1, "shmdt": 1, "rmid": 1, "get_mb": 0.00390625, "shmopen": 0, "unlink": 0, "mmap_sh": 88, "munmap": 73, "mmap_sh_mb": 352.00067138671875}
{"tgid": 9142, "comm": "flux-shell", "shmget": 1, "shmat": 1, "shmdt": 1, "rmid": 1, "get_mb": 0.00390625, "shmopen": 0, "unlink": 0, "mmap_sh": 88, "munmap": 73, "mmap_sh_mb": 352.00067138671875}
{"tgid": 9088, "comm": "flux-shell", "shmget": 1, "shmat": 1, "shmdt": 1, "rmid": 1, "get_mb": 0.00390625, "shmopen": 0, "unlink": 0, "mmap_sh": 88, "munmap": 73, "mmap_sh_mb": 352.00067138671875}
{"tgid": 9074, "comm": "flux-shell", "shmget": 1, "shmat": 1, "shmdt": 1, "rmid": 1, "get_mb": 0.00390625, "shmopen": 0, "unlink": 0, "mmap_sh": 88, "munmap": 73, "mmap_sh_mb": 352.00067138671875}
{"tgid": 9085, "comm": "flux-shell", "shmget": 1, "shmat": 1, "shmdt": 1, "rmid": 1, "get_mb": 0.00390625, "shmopen": 0, "unlink": 0, "mmap_sh": 88, "munmap": 73, "mmap_sh_mb": 352.00067138671875}
{"tgid": 9106, "comm": "flux-shell", "shmget": 1, "shmat": 1, "shmdt": 1, "rmid": 1, "get_mb": 0.00390625, "shmopen": 0, "unlink": 0, "mmap_sh": 88, "munmap": 73, "mmap_sh_mb": 352.00067138671875}
{"tgid": 9152, "comm": "flux-shell", "shmget": 1, "shmat": 1, "shmdt": 1, "rmid": 1, "get_mb": 0.00390625, "shmopen": 0, "unlink": 0, "mmap_sh": 88, "munmap": 73, "mmap_sh_mb": 352.00067138671875}
{"tgid": 9090, "comm": "flux-shell", "shmget": 1, "shmat": 1, "shmdt": 1, "rmid": 1, "get_mb": 0.00390625, "shmopen": 0, "unlink": 0, "mmap_sh": 88, "munmap": 73, "mmap_sh_mb": 352.00067138671875}
{"tgid": 9078, "comm": "flux-shell", "shmget": 1, "shmat": 1, "shmdt": 1, "rmid": 1, "get_mb": 0.00390625, "shmopen": 0, "unlink": 0, "mmap_sh": 88, "munmap": 73, "mmap_sh_mb": 352.00067138671875}
{"tgid": 9116, "comm": "flux-shell", "shmget": 1, "shmat": 1, "shmdt": 1, "rmid": 1, "get_mb": 0.00390625, "shmopen": 0, "unlink": 0, "mmap_sh": 88, "munmap": 73, "mmap_sh_mb": 352.00067138671875}

--- Shared Memory Stats Summary at 14:56:02 ---
{"tgid": 9062, "comm": "flux-shell", "shmget": 1, "shmat": 1, "shmdt": 1, "rmid": 1, "get_mb": 0.00390625, "shmopen": 0, "unlink": 0, "mmap_sh": 88, "munmap": 73, "mmap_sh_mb": 352.00067138671875}
{"tgid": 9132, "comm": "flux-shell", "shmget": 1, "shmat": 1, "shmdt": 1, "rmid": 1, "get_mb": 0.00390625, "shmopen": 0, "unlink": 0, "mmap_sh": 88, "munmap": 73, "mmap_sh_mb": 352.00067138671875}
{"tgid": 9044, "comm": "lmp", "shmget": 1, "shmat": 1, "shmdt": 1, "rmid": 0, "get_mb": 0.00390625, "shmopen": 0, "unlink": 0, "mmap_sh": 88, "munmap": 54, "mmap_sh_mb": 352.00067138671875}
{"tgid": 9048, "comm": "lmp", "shmget": 1, "shmat": 1, "shmdt": 1, "rmid": 1, "get_mb": 0.00390625, "shmopen": 0, "unlink": 0, "mmap_sh": 88, "munmap": 59, "mmap_sh_mb": 352.00067138671875}
{"tgid": 9122, "comm": "flux-shell", "shmget": 1, "shmat": 1, "shmdt": 1, "rmid": 1, "get_mb": 0.00390625, "shmopen": 0, "unlink": 0, "mmap_sh": 88, "munmap": 73, "mmap_sh_mb": 352.00067138671875}
{"tgid": 9162, "comm": "flux-shell", "shmget": 1, "shmat": 1, "shmdt": 1, "rmid": 1, "get_mb": 0.00390625, "shmopen": 0, "unlink": 0, "mmap_sh": 88, "munmap": 73, "mmap_sh_mb": 352.00067138671875}
{"tgid": 9080, "comm": "flux-shell", "shmget": 1, "shmat": 1, "shmdt": 1, "rmid": 1, "get_mb": 0.00390625, "shmopen": 0, "unlink": 0, "mmap_sh": 88, "munmap": 73, "mmap_sh_mb": 352.00067138671875}
{"tgid": 9112, "comm": "flux-shell", "shmget": 1, "shmat": 1, "shmdt": 1, "rmid": 1, "get_mb": 0.00390625, "shmopen": 0, "unlink": 0, "mmap_sh": 88, "munmap": 73, "mmap_sh_mb": 352.00067138671875}
{"tgid": 9130, "comm": "flux-shell", "shmget": 1, "shmat": 1, "shmdt": 1, "rmid": 1, "get_mb": 0.00390625, "shmopen": 0, "unlink": 0, "mmap_sh": 88, "munmap": 73, "mmap_sh_mb": 352.00067138671875}
{"tgid": 9082, "comm": "flux-shell", "shmget": 1, "shmat": 1, "shmdt": 1, "rmid": 1, "get_mb": 0.00390625, "shmopen": 0, "unlink": 0, "mmap_sh": 88, "munmap": 73, "mmap_sh_mb": 352.00067138671875}
{"tgid": 9068, "comm": "flux-shell", "shmget": 1, "shmat": 1, "shmdt": 1, "rmid": 1, "get_mb": 0.00390625, "shmopen": 0, "unlink": 0, "mmap_sh": 88, "munmap": 73, "mmap_sh_mb": 352.00067138671875}
{"tgid": 9142, "comm": "flux-shell", "shmget": 1, "shmat": 1, "shmdt": 1, "rmid": 1, "get_mb": 0.00390625, "shmopen": 0, "unlink": 0, "mmap_sh": 88, "munmap": 73, "mmap_sh_mb": 352.00067138671875}
{"tgid": 9088, "comm": "flux-shell", "shmget": 1, "shmat": 1, "shmdt": 1, "rmid": 1, "get_mb": 0.00390625, "shmopen": 0, "unlink": 0, "mmap_sh": 88, "munmap": 73, "mmap_sh_mb": 352.00067138671875}
{"tgid": 9074, "comm": "flux-shell", "shmget": 1, "shmat": 1, "shmdt": 1, "rmid": 1, "get_mb": 0.00390625, "shmopen": 0, "unlink": 0, "mmap_sh": 88, "munmap": 73, "mmap_sh_mb": 352.00067138671875}
{"tgid": 9085, "comm": "flux-shell", "shmget": 1, "shmat": 1, "shmdt": 1, "rmid": 1, "get_mb": 0.00390625, "shmopen": 0, "unlink": 0, "mmap_sh": 88, "munmap": 73, "mmap_sh_mb": 352.00067138671875}
{"tgid": 9106, "comm": "flux-shell", "shmget": 1, "shmat": 1, "shmdt": 1, "rmid": 1, "get_mb": 0.00390625, "shmopen": 0, "unlink": 0, "mmap_sh": 88, "munmap": 73, "mmap_sh_mb": 352.00067138671875}
{"tgid": 9152, "comm": "flux-shell", "shmget": 1, "shmat": 1, "shmdt": 1, "rmid": 1, "get_mb": 0.00390625, "shmopen": 0, "unlink": 0, "mmap_sh": 88, "munmap": 73, "mmap_sh_mb": 352.00067138671875}
{"tgid": 9090, "comm": "flux-shell", "shmget": 1, "shmat": 1, "shmdt": 1, "rmid": 1, "get_mb": 0.00390625, "shmopen": 0, "unlink": 0, "mmap_sh": 88, "munmap": 73, "mmap_sh_mb": 352.00067138671875}
{"tgid": 9078, "comm": "flux-shell", "shmget": 1, "shmat": 1, "shmdt": 1, "rmid": 1, "get_mb": 0.00390625, "shmopen": 0, "unlink": 0, "mmap_sh": 88, "munmap": 73, "mmap_sh_mb": 352.00067138671875}
{"tgid": 9116, "comm": "flux-shell", "shmget": 1, "shmat": 1, "shmdt": 1, "rmid": 1, "get_mb": 0.00390625, "shmopen": 0, "unlink": 0, "mmap_sh": 88, "munmap": 73, "mmap_sh_mb": 352.00067138671875}

--- Shared Memory Stats Summary at 14:56:07 ---
{"tgid": 9062, "comm": "flux-shell", "shmget": 1, "shmat": 1, "shmdt": 1, "rmid": 1, "get_mb": 0.00390625, "shmopen": 0, "unlink": 0, "mmap_sh": 88, "munmap": 266, "mmap_sh_mb": 352.00067138671875}
{"tgid": 9132, "comm": "flux-shell", "shmget": 1, "shmat": 1, "shmdt": 1, "rmid": 1, "get_mb": 0.00390625, "shmopen": 0, "unlink": 0, "mmap_sh": 88, "munmap": 266, "mmap_sh_mb": 352.00067138671875}
{"tgid": 9044, "comm": "lmp", "shmget": 1, "shmat": 1, "shmdt": 1, "rmid": 0, "get_mb": 0.00390625, "shmopen": 0, "unlink": 0, "mmap_sh": 88, "munmap": 247, "mmap_sh_mb": 352.00067138671875}
{"tgid": 9048, "comm": "lmp", "shmget": 1, "shmat": 1, "shmdt": 1, "rmid": 1, "get_mb": 0.00390625, "shmopen": 0, "unlink": 0, "mmap_sh": 88, "munmap": 252, "mmap_sh_mb": 352.00067138671875}
{"tgid": 9122, "comm": "flux-shell", "shmget": 1, "shmat": 1, "shmdt": 1, "rmid": 1, "get_mb": 0.00390625, "shmopen": 0, "unlink": 0, "mmap_sh": 88, "munmap": 266, "mmap_sh_mb": 352.00067138671875}
{"tgid": 9162, "comm": "flux-shell", "shmget": 1, "shmat": 1, "shmdt": 1, "rmid": 1, "get_mb": 0.00390625, "shmopen": 0, "unlink": 0, "mmap_sh": 88, "munmap": 266, "mmap_sh_mb": 352.00067138671875}
{"tgid": 9080, "comm": "flux-shell", "shmget": 1, "shmat": 1, "shmdt": 1, "rmid": 1, "get_mb": 0.00390625, "shmopen": 0, "unlink": 0, "mmap_sh": 88, "munmap": 266, "mmap_sh_mb": 352.00067138671875}
{"tgid": 9112, "comm": "flux-shell", "shmget": 1, "shmat": 1, "shmdt": 1, "rmid": 1, "get_mb": 0.00390625, "shmopen": 0, "unlink": 0, "mmap_sh": 88, "munmap": 267, "mmap_sh_mb": 352.00067138671875}
{"tgid": 9130, "comm": "flux-shell", "shmget": 1, "shmat": 1, "shmdt": 1, "rmid": 1, "get_mb": 0.00390625, "shmopen": 0, "unlink": 0, "mmap_sh": 88, "munmap": 266, "mmap_sh_mb": 352.00067138671875}
{"tgid": 9082, "comm": "flux-shell", "shmget": 1, "shmat": 1, "shmdt": 1, "rmid": 1, "get_mb": 0.00390625, "shmopen": 0, "unlink": 0, "mmap_sh": 88, "munmap": 266, "mmap_sh_mb": 352.00067138671875}
{"tgid": 9068, "comm": "flux-shell", "shmget": 1, "shmat": 1, "shmdt": 1, "rmid": 1, "get_mb": 0.00390625, "shmopen": 0, "unlink": 0, "mmap_sh": 88, "munmap": 267, "mmap_sh_mb": 352.00067138671875}
{"tgid": 9142, "comm": "flux-shell", "shmget": 1, "shmat": 1, "shmdt": 1, "rmid": 1, "get_mb": 0.00390625, "shmopen": 0, "unlink": 0, "mmap_sh": 88, "munmap": 266, "mmap_sh_mb": 352.00067138671875}
{"tgid": 9088, "comm": "flux-shell", "shmget": 1, "shmat": 1, "shmdt": 1, "rmid": 1, "get_mb": 0.00390625, "shmopen": 0, "unlink": 0, "mmap_sh": 88, "munmap": 266, "mmap_sh_mb": 352.00067138671875}
{"tgid": 9074, "comm": "flux-shell", "shmget": 1, "shmat": 1, "shmdt": 1, "rmid": 1, "get_mb": 0.00390625, "shmopen": 0, "unlink": 0, "mmap_sh": 88, "munmap": 266, "mmap_sh_mb": 352.00067138671875}
{"tgid": 9085, "comm": "flux-shell", "shmget": 1, "shmat": 1, "shmdt": 1, "rmid": 1, "get_mb": 0.00390625, "shmopen": 0, "unlink": 0, "mmap_sh": 88, "munmap": 266, "mmap_sh_mb": 352.00067138671875}
{"tgid": 9106, "comm": "flux-shell", "shmget": 1, "shmat": 1, "shmdt": 1, "rmid": 1, "get_mb": 0.00390625, "shmopen": 0, "unlink": 0, "mmap_sh": 88, "munmap": 266, "mmap_sh_mb": 352.00067138671875}
{"tgid": 9152, "comm": "flux-shell", "shmget": 1, "shmat": 1, "shmdt": 1, "rmid": 1, "get_mb": 0.00390625, "shmopen": 0, "unlink": 0, "mmap_sh": 88, "munmap": 266, "mmap_sh_mb": 352.00067138671875}
{"tgid": 9090, "comm": "flux-shell", "shmget": 1, "shmat": 1, "shmdt": 1, "rmid": 1, "get_mb": 0.00390625, "shmopen": 0, "unlink": 0, "mmap_sh": 88, "munmap": 266, "mmap_sh_mb": 352.00067138671875}
{"tgid": 9078, "comm": "flux-shell", "shmget": 1, "shmat": 1, "shmdt": 1, "rmid": 1, "get_mb": 0.00390625, "shmopen": 0, "unlink": 0, "mmap_sh": 88, "munmap": 266, "mmap_sh_mb": 352.00067138671875}
{"tgid": 9116, "comm": "flux-shell", "shmget": 1, "shmat": 1, "shmdt": 1, "rmid": 1, "get_mb": 0.00390625, "shmopen": 0, "unlink": 0, "mmap_sh": 88, "munmap": 266, "mmap_sh_mb": 352.00067138671875}

--- Shared Memory Stats Summary at 14:56:12 ---
{"tgid": 9062, "comm": "flux-shell", "shmget": 1, "shmat": 1, "shmdt": 1, "rmid": 1, "get_mb": 0.00390625, "shmopen": 0, "unlink": 0, "mmap_sh": 88, "munmap": 266, "mmap_sh_mb": 352.00067138671875}
{"tgid": 9132, "comm": "flux-shell", "shmget": 1, "shmat": 1, "shmdt": 1, "rmid": 1, "get_mb": 0.00390625, "shmopen": 0, "unlink": 0, "mmap_sh": 88, "munmap": 266, "mmap_sh_mb": 352.00067138671875}
{"tgid": 9044, "comm": "lmp", "shmget": 1, "shmat": 1, "shmdt": 1, "rmid": 0, "get_mb": 0.00390625, "shmopen": 0, "unlink": 0, "mmap_sh": 88, "munmap": 247, "mmap_sh_mb": 352.00067138671875}
{"tgid": 9048, "comm": "lmp", "shmget": 1, "shmat": 1, "shmdt": 1, "rmid": 1, "get_mb": 0.00390625, "shmopen": 0, "unlink": 0, "mmap_sh": 88, "munmap": 252, "mmap_sh_mb": 352.00067138671875}
{"tgid": 9122, "comm": "flux-shell", "shmget": 1, "shmat": 1, "shmdt": 1, "rmid": 1, "get_mb": 0.00390625, "shmopen": 0, "unlink": 0, "mmap_sh": 88, "munmap": 266, "mmap_sh_mb": 352.00067138671875}
{"tgid": 9162, "comm": "flux-shell", "shmget": 1, "shmat": 1, "shmdt": 1, "rmid": 1, "get_mb": 0.00390625, "shmopen": 0, "unlink": 0, "mmap_sh": 88, "munmap": 266, "mmap_sh_mb": 352.00067138671875}
{"tgid": 9080, "comm": "flux-shell", "shmget": 1, "shmat": 1, "shmdt": 1, "rmid": 1, "get_mb": 0.00390625, "shmopen": 0, "unlink": 0, "mmap_sh": 88, "munmap": 266, "mmap_sh_mb": 352.00067138671875}
{"tgid": 9112, "comm": "flux-shell", "shmget": 1, "shmat": 1, "shmdt": 1, "rmid": 1, "get_mb": 0.00390625, "shmopen": 0, "unlink": 0, "mmap_sh": 88, "munmap": 267, "mmap_sh_mb": 352.00067138671875}
{"tgid": 9130, "comm": "flux-shell", "shmget": 1, "shmat": 1, "shmdt": 1, "rmid": 1, "get_mb": 0.00390625, "shmopen": 0, "unlink": 0, "mmap_sh": 88, "munmap": 266, "mmap_sh_mb": 352.00067138671875}
{"tgid": 9082, "comm": "flux-shell", "shmget": 1, "shmat": 1, "shmdt": 1, "rmid": 1, "get_mb": 0.00390625, "shmopen": 0, "unlink": 0, "mmap_sh": 88, "munmap": 266, "mmap_sh_mb": 352.00067138671875}
{"tgid": 9068, "comm": "flux-shell", "shmget": 1, "shmat": 1, "shmdt": 1, "rmid": 1, "get_mb": 0.00390625, "shmopen": 0, "unlink": 0, "mmap_sh": 88, "munmap": 267, "mmap_sh_mb": 352.00067138671875}
{"tgid": 9142, "comm": "flux-shell", "shmget": 1, "shmat": 1, "shmdt": 1, "rmid": 1, "get_mb": 0.00390625, "shmopen": 0, "unlink": 0, "mmap_sh": 88, "munmap": 266, "mmap_sh_mb": 352.00067138671875}
{"tgid": 9088, "comm": "flux-shell", "shmget": 1, "shmat": 1, "shmdt": 1, "rmid": 1, "get_mb": 0.00390625, "shmopen": 0, "unlink": 0, "mmap_sh": 88, "munmap": 266, "mmap_sh_mb": 352.00067138671875}
{"tgid": 9074, "comm": "flux-shell", "shmget": 1, "shmat": 1, "shmdt": 1, "rmid": 1, "get_mb": 0.00390625, "shmopen": 0, "unlink": 0, "mmap_sh": 88, "munmap": 266, "mmap_sh_mb": 352.00067138671875}
{"tgid": 9085, "comm": "flux-shell", "shmget": 1, "shmat": 1, "shmdt": 1, "rmid": 1, "get_mb": 0.00390625, "shmopen": 0, "unlink": 0, "mmap_sh": 88, "munmap": 266, "mmap_sh_mb": 352.00067138671875}
{"tgid": 9106, "comm": "flux-shell", "shmget": 1, "shmat": 1, "shmdt": 1, "rmid": 1, "get_mb": 0.00390625, "shmopen": 0, "unlink": 0, "mmap_sh": 88, "munmap": 266, "mmap_sh_mb": 352.00067138671875}
{"tgid": 9152, "comm": "flux-shell", "shmget": 1, "shmat": 1, "shmdt": 1, "rmid": 1, "get_mb": 0.00390625, "shmopen": 0, "unlink": 0, "mmap_sh": 88, "munmap": 266, "mmap_sh_mb": 352.00067138671875}
{"tgid": 9090, "comm": "flux-shell", "shmget": 1, "shmat": 1, "shmdt": 1, "rmid": 1, "get_mb": 0.00390625, "shmopen": 0, "unlink": 0, "mmap_sh": 88, "munmap": 266, "mmap_sh_mb": 352.00067138671875}
{"tgid": 9078, "comm": "flux-shell", "shmget": 1, "shmat": 1, "shmdt": 1, "rmid": 1, "get_mb": 0.00390625, "shmopen": 0, "unlink": 0, "mmap_sh": 88, "munmap": 266, "mmap_sh_mb": 352.00067138671875}
{"tgid": 9116, "comm": "flux-shell", "shmget": 1, "shmat": 1, "shmdt": 1, "rmid": 1, "get_mb": 0.00390625, "shmopen": 0, "unlink": 0, "mmap_sh": 88, "munmap": 266, "mmap_sh_mb": 352.00067138671875}

--- Shared Memory Stats Summary at 14:56:17 ---
{"tgid": 9062, "comm": "flux-shell", "shmget": 1, "shmat": 1, "shmdt": 1, "rmid": 1, "get_mb": 0.00390625, "shmopen": 0, "unlink": 0, "mmap_sh": 88, "munmap": 266, "mmap_sh_mb": 352.00067138671875}
{"tgid": 9132, "comm": "flux-shell", "shmget": 1, "shmat": 1, "shmdt": 1, "rmid": 1, "get_mb": 0.00390625, "shmopen": 0, "unlink": 0, "mmap_sh": 88, "munmap": 266, "mmap_sh_mb": 352.00067138671875}
{"tgid": 9438, "comm": "flux-shell", "shmget": 1, "shmat": 1, "shmdt": 1, "rmid": 1, "get_mb": 0.00390625, "shmopen": 0, "unlink": 0, "mmap_sh": 88, "munmap": 73, "mmap_sh_mb": 352.00067138671875}
{"tgid": 9426, "comm": "flux-shell", "shmget": 1, "shmat": 1, "shmdt": 1, "rmid": 1, "get_mb": 0.00390625, "shmopen": 0, "unlink": 0, "mmap_sh": 88, "munmap": 73, "mmap_sh_mb": 352.00067138671875}
{"tgid": 9329, "comm": "flux-shell", "shmget": 1, "shmat": 1, "shmdt": 1, "rmid": 1, "get_mb": 0.00390625, "shmopen": 0, "unlink": 0, "mmap_sh": 88, "munmap": 73, "mmap_sh_mb": 352.00067138671875}
{"tgid": 9044, "comm": "lmp", "shmget": 1, "shmat": 1, "shmdt": 1, "rmid": 0, "get_mb": 0.00390625, "shmopen": 0, "unlink": 0, "mmap_sh": 88, "munmap": 247, "mmap_sh_mb": 352.00067138671875}
{"tgid": 9339, "comm": "flux-shell", "shmget": 1, "shmat": 1, "shmdt": 1, "rmid": 1, "get_mb": 0.00390625, "shmopen": 0, "unlink": 0, "mmap_sh": 88, "munmap": 73, "mmap_sh_mb": 352.00067138671875}
{"tgid": 9386, "comm": "flux-shell", "shmget": 1, "shmat": 1, "shmdt": 1, "rmid": 1, "get_mb": 0.00390625, "shmopen": 0, "unlink": 0, "mmap_sh": 88, "munmap": 73, "mmap_sh_mb": 352.00067138671875}
{"tgid": 9454, "comm": "flux-shell", "shmget": 1, "shmat": 1, "shmdt": 1, "rmid": 1, "get_mb": 0.00390625, "shmopen": 0, "unlink": 0, "mmap_sh": 88, "munmap": 73, "mmap_sh_mb": 352.00067138671875}
{"tgid": 9480, "comm": "flux-shell", "shmget": 1, "shmat": 1, "shmdt": 1, "rmid": 1, "get_mb": 0.00390625, "shmopen": 0, "unlink": 0, "mmap_sh": 88, "munmap": 73, "mmap_sh_mb": 352.00067138671875}
{"tgid": 9316, "comm": "flux-shell", "shmget": 1, "shmat": 1, "shmdt": 1, "rmid": 1, "get_mb": 0.00390625, "shmopen": 0, "unlink": 0, "mmap_sh": 88, "munmap": 71, "mmap_sh_mb": 352.00067138671875}
{"tgid": 9048, "comm": "lmp", "shmget": 1, "shmat": 1, "shmdt": 1, "rmid": 1, "get_mb": 0.00390625, "shmopen": 0, "unlink": 0, "mmap_sh": 88, "munmap": 252, "mmap_sh_mb": 352.00067138671875}
{"tgid": 9347, "comm": "flux-shell", "shmget": 1, "shmat": 1, "shmdt": 1, "rmid": 1, "get_mb": 0.00390625, "shmopen": 0, "unlink": 0, "mmap_sh": 88, "munmap": 73, "mmap_sh_mb": 352.00067138671875}
{"tgid": 9486, "comm": "flux-shell", "shmget": 1, "shmat": 1, "shmdt": 1, "rmid": 1, "get_mb": 0.00390625, "shmopen": 0, "unlink": 0, "mmap_sh": 88, "munmap": 73, "mmap_sh_mb": 352.00067138671875}
{"tgid": 9402, "comm": "flux-shell", "shmget": 1, "shmat": 1, "shmdt": 1, "rmid": 1, "get_mb": 0.00390625, "shmopen": 0, "unlink": 0, "mmap_sh": 88, "munmap": 73, "mmap_sh_mb": 352.00067138671875}
{"tgid": 9464, "comm": "flux-shell", "shmget": 1, "shmat": 1, "shmdt": 1, "rmid": 1, "get_mb": 0.00390625, "shmopen": 0, "unlink": 0, "mmap_sh": 88, "munmap": 73, "mmap_sh_mb": 352.00067138671875}
{"tgid": 9338, "comm": "flux-shell", "shmget": 1, "shmat": 1, "shmdt": 1, "rmid": 1, "get_mb": 0.00390625, "shmopen": 0, "unlink": 0, "mmap_sh": 88, "munmap": 73, "mmap_sh_mb": 352.00067138671875}
{"tgid": 9122, "comm": "flux-shell", "shmget": 1, "shmat": 1, "shmdt": 1, "rmid": 1, "get_mb": 0.00390625, "shmopen": 0, "unlink": 0, "mmap_sh": 88, "munmap": 266, "mmap_sh_mb": 352.00067138671875}
{"tgid": 9162, "comm": "flux-shell", "shmget": 1, "shmat": 1, "shmdt": 1, "rmid": 1, "get_mb": 0.00390625, "shmopen": 0, "unlink": 0, "mmap_sh": 88, "munmap": 266, "mmap_sh_mb": 352.00067138671875}
{"tgid": 9080, "comm": "flux-shell", "shmget": 1, "shmat": 1, "shmdt": 1, "rmid": 1, "get_mb": 0.00390625, "shmopen": 0, "unlink": 0, "mmap_sh": 88, "munmap": 266, "mmap_sh_mb": 352.00067138671875}

--- Shared Memory Stats Summary at 14:56:22 ---
{"tgid": 9062, "comm": "flux-shell", "shmget": 1, "shmat": 1, "shmdt": 1, "rmid": 1, "get_mb": 0.00390625, "shmopen": 0, "unlink": 0, "mmap_sh": 88, "munmap": 266, "mmap_sh_mb": 352.00067138671875}
{"tgid": 9132, "comm": "flux-shell", "shmget": 1, "shmat": 1, "shmdt": 1, "rmid": 1, "get_mb": 0.00390625, "shmopen": 0, "unlink": 0, "mmap_sh": 88, "munmap": 266, "mmap_sh_mb": 352.00067138671875}
{"tgid": 9438, "comm": "flux-shell", "shmget": 1, "shmat": 1, "shmdt": 1, "rmid": 1, "get_mb": 0.00390625, "shmopen": 0, "unlink": 0, "mmap_sh": 88, "munmap": 73, "mmap_sh_mb": 352.00067138671875}
{"tgid": 9426, "comm": "flux-shell", "shmget": 1, "shmat": 1, "shmdt": 1, "rmid": 1, "get_mb": 0.00390625, "shmopen": 0, "unlink": 0, "mmap_sh": 88, "munmap": 73, "mmap_sh_mb": 352.00067138671875}
{"tgid": 9329, "comm": "flux-shell", "shmget": 1, "shmat": 1, "shmdt": 1, "rmid": 1, "get_mb": 0.00390625, "shmopen": 0, "unlink": 0, "mmap_sh": 88, "munmap": 73, "mmap_sh_mb": 352.00067138671875}
{"tgid": 9044, "comm": "lmp", "shmget": 1, "shmat": 1, "shmdt": 1, "rmid": 0, "get_mb": 0.00390625, "shmopen": 0, "unlink": 0, "mmap_sh": 88, "munmap": 247, "mmap_sh_mb": 352.00067138671875}
{"tgid": 9339, "comm": "flux-shell", "shmget": 1, "shmat": 1, "shmdt": 1, "rmid": 1, "get_mb": 0.00390625, "shmopen": 0, "unlink": 0, "mmap_sh": 88, "munmap": 73, "mmap_sh_mb": 352.00067138671875}
{"tgid": 9386, "comm": "flux-shell", "shmget": 1, "shmat": 1, "shmdt": 1, "rmid": 1, "get_mb": 0.00390625, "shmopen": 0, "unlink": 0, "mmap_sh": 88, "munmap": 73, "mmap_sh_mb": 352.00067138671875}
{"tgid": 9454, "comm": "flux-shell", "shmget": 1, "shmat": 1, "shmdt": 1, "rmid": 1, "get_mb": 0.00390625, "shmopen": 0, "unlink": 0, "mmap_sh": 88, "munmap": 73, "mmap_sh_mb": 352.00067138671875}
{"tgid": 9480, "comm": "flux-shell", "shmget": 1, "shmat": 1, "shmdt": 1, "rmid": 1, "get_mb": 0.00390625, "shmopen": 0, "unlink": 0, "mmap_sh": 88, "munmap": 73, "mmap_sh_mb": 352.00067138671875}
{"tgid": 9316, "comm": "flux-shell", "shmget": 1, "shmat": 1, "shmdt": 1, "rmid": 1, "get_mb": 0.00390625, "shmopen": 0, "unlink": 0, "mmap_sh": 88, "munmap": 71, "mmap_sh_mb": 352.00067138671875}
{"tgid": 9048, "comm": "lmp", "shmget": 1, "shmat": 1, "shmdt": 1, "rmid": 1, "get_mb": 0.00390625, "shmopen": 0, "unlink": 0, "mmap_sh": 88, "munmap": 252, "mmap_sh_mb": 352.00067138671875}
{"tgid": 9347, "comm": "flux-shell", "shmget": 1, "shmat": 1, "shmdt": 1, "rmid": 1, "get_mb": 0.00390625, "shmopen": 0, "unlink": 0, "mmap_sh": 88, "munmap": 73, "mmap_sh_mb": 352.00067138671875}
{"tgid": 9486, "comm": "flux-shell", "shmget": 1, "shmat": 1, "shmdt": 1, "rmid": 1, "get_mb": 0.00390625, "shmopen": 0, "unlink": 0, "mmap_sh": 88, "munmap": 73, "mmap_sh_mb": 352.00067138671875}
{"tgid": 9402, "comm": "flux-shell", "shmget": 1, "shmat": 1, "shmdt": 1, "rmid": 1, "get_mb": 0.00390625, "shmopen": 0, "unlink": 0, "mmap_sh": 88, "munmap": 73, "mmap_sh_mb": 352.00067138671875}
{"tgid": 9464, "comm": "flux-shell", "shmget": 1, "shmat": 1, "shmdt": 1, "rmid": 1, "get_mb": 0.00390625, "shmopen": 0, "unlink": 0, "mmap_sh": 88, "munmap": 73, "mmap_sh_mb": 352.00067138671875}
{"tgid": 9338, "comm": "flux-shell", "shmget": 1, "shmat": 1, "shmdt": 1, "rmid": 1, "get_mb": 0.00390625, "shmopen": 0, "unlink": 0, "mmap_sh": 88, "munmap": 73, "mmap_sh_mb": 352.00067138671875}
{"tgid": 9122, "comm": "flux-shell", "shmget": 1, "shmat": 1, "shmdt": 1, "rmid": 1, "get_mb": 0.00390625, "shmopen": 0, "unlink": 0, "mmap_sh": 88, "munmap": 266, "mmap_sh_mb": 352.00067138671875}
{"tgid": 9162, "comm": "flux-shell", "shmget": 1, "shmat": 1, "shmdt": 1, "rmid": 1, "get_mb": 0.00390625, "shmopen": 0, "unlink": 0, "mmap_sh": 88, "munmap": 266, "mmap_sh_mb": 352.00067138671875}
{"tgid": 9080, "comm": "flux-shell", "shmget": 1, "shmat": 1, "shmdt": 1, "rmid": 1, "get_mb": 0.00390625, "shmopen": 0, "unlink": 0, "mmap_sh": 88, "munmap": 266, "mmap_sh_mb": 352.00067138671875}

--- Shared Memory Stats Summary at 14:56:27 ---
{"tgid": 9062, "comm": "flux-shell", "shmget": 1, "shmat": 1, "shmdt": 1, "rmid": 1, "get_mb": 0.00390625, "shmopen": 0, "unlink": 0, "mmap_sh": 88, "munmap": 266, "mmap_sh_mb": 352.00067138671875}
{"tgid": 9132, "comm": "flux-shell", "shmget": 1, "shmat": 1, "shmdt": 1, "rmid": 1, "get_mb": 0.00390625, "shmopen": 0, "unlink": 0, "mmap_sh": 88, "munmap": 266, "mmap_sh_mb": 352.00067138671875}
{"tgid": 9438, "comm": "flux-shell", "shmget": 1, "shmat": 1, "shmdt": 1, "rmid": 1, "get_mb": 0.00390625, "shmopen": 0, "unlink": 0, "mmap_sh": 88, "munmap": 73, "mmap_sh_mb": 352.00067138671875}
{"tgid": 9426, "comm": "flux-shell", "shmget": 1, "shmat": 1, "shmdt": 1, "rmid": 1, "get_mb": 0.00390625, "shmopen": 0, "unlink": 0, "mmap_sh": 88, "munmap": 73, "mmap_sh_mb": 352.00067138671875}
{"tgid": 9329, "comm": "flux-shell", "shmget": 1, "shmat": 1, "shmdt": 1, "rmid": 1, "get_mb": 0.00390625, "shmopen": 0, "unlink": 0, "mmap_sh": 88, "munmap": 73, "mmap_sh_mb": 352.00067138671875}
{"tgid": 9044, "comm": "lmp", "shmget": 1, "shmat": 1, "shmdt": 1, "rmid": 0, "get_mb": 0.00390625, "shmopen": 0, "unlink": 0, "mmap_sh": 88, "munmap": 247, "mmap_sh_mb": 352.00067138671875}
{"tgid": 9339, "comm": "flux-shell", "shmget": 1, "shmat": 1, "shmdt": 1, "rmid": 1, "get_mb": 0.00390625, "shmopen": 0, "unlink": 0, "mmap_sh": 88, "munmap": 73, "mmap_sh_mb": 352.00067138671875}
{"tgid": 9386, "comm": "flux-shell", "shmget": 1, "shmat": 1, "shmdt": 1, "rmid": 1, "get_mb": 0.00390625, "shmopen": 0, "unlink": 0, "mmap_sh": 88, "munmap": 73, "mmap_sh_mb": 352.00067138671875}
{"tgid": 9454, "comm": "flux-shell", "shmget": 1, "shmat": 1, "shmdt": 1, "rmid": 1, "get_mb": 0.00390625, "shmopen": 0, "unlink": 0, "mmap_sh": 88, "munmap": 73, "mmap_sh_mb": 352.00067138671875}
{"tgid": 9480, "comm": "flux-shell", "shmget": 1, "shmat": 1, "shmdt": 1, "rmid": 1, "get_mb": 0.00390625, "shmopen": 0, "unlink": 0, "mmap_sh": 88, "munmap": 73, "mmap_sh_mb": 352.00067138671875}
{"tgid": 9316, "comm": "flux-shell", "shmget": 1, "shmat": 1, "shmdt": 1, "rmid": 1, "get_mb": 0.00390625, "shmopen": 0, "unlink": 0, "mmap_sh": 88, "munmap": 71, "mmap_sh_mb": 352.00067138671875}
{"tgid": 9048, "comm": "lmp", "shmget": 1, "shmat": 1, "shmdt": 1, "rmid": 1, "get_mb": 0.00390625, "shmopen": 0, "unlink": 0, "mmap_sh": 88, "munmap": 252, "mmap_sh_mb": 352.00067138671875}
{"tgid": 9347, "comm": "flux-shell", "shmget": 1, "shmat": 1, "shmdt": 1, "rmid": 1, "get_mb": 0.00390625, "shmopen": 0, "unlink": 0, "mmap_sh": 88, "munmap": 73, "mmap_sh_mb": 352.00067138671875}
{"tgid": 9486, "comm": "flux-shell", "shmget": 1, "shmat": 1, "shmdt": 1, "rmid": 1, "get_mb": 0.00390625, "shmopen": 0, "unlink": 0, "mmap_sh": 88, "munmap": 73, "mmap_sh_mb": 352.00067138671875}
{"tgid": 9402, "comm": "flux-shell", "shmget": 1, "shmat": 1, "shmdt": 1, "rmid": 1, "get_mb": 0.00390625, "shmopen": 0, "unlink": 0, "mmap_sh": 88, "munmap": 73, "mmap_sh_mb": 352.00067138671875}
{"tgid": 9464, "comm": "flux-shell", "shmget": 1, "shmat": 1, "shmdt": 1, "rmid": 1, "get_mb": 0.00390625, "shmopen": 0, "unlink": 0, "mmap_sh": 88, "munmap": 73, "mmap_sh_mb": 352.00067138671875}
{"tgid": 9338, "comm": "flux-shell", "shmget": 1, "shmat": 1, "shmdt": 1, "rmid": 1, "get_mb": 0.00390625, "shmopen": 0, "unlink": 0, "mmap_sh": 88, "munmap": 73, "mmap_sh_mb": 352.00067138671875}
{"tgid": 9122, "comm": "flux-shell", "shmget": 1, "shmat": 1, "shmdt": 1, "rmid": 1, "get_mb": 0.00390625, "shmopen": 0, "unlink": 0, "mmap_sh": 88, "munmap": 266, "mmap_sh_mb": 352.00067138671875}
{"tgid": 9162, "comm": "flux-shell", "shmget": 1, "shmat": 1, "shmdt": 1, "rmid": 1, "get_mb": 0.00390625, "shmopen": 0, "unlink": 0, "mmap_sh": 88, "munmap": 266, "mmap_sh_mb": 352.00067138671875}
{"tgid": 9080, "comm": "flux-shell", "shmget": 1, "shmat": 1, "shmdt": 1, "rmid": 1, "get_mb": 0.00390625, "shmopen": 0, "unlink": 0, "mmap_sh": 88, "munmap": 266, "mmap_sh_mb": 352.00067138671875}

--- Shared Memory Stats Summary at 14:56:32 ---
{"tgid": 9062, "comm": "flux-shell", "shmget": 1, "shmat": 1, "shmdt": 1, "rmid": 1, "get_mb": 0.00390625, "shmopen": 0, "unlink": 0, "mmap_sh": 88, "munmap": 266, "mmap_sh_mb": 352.00067138671875}
{"tgid": 9132, "comm": "flux-shell", "shmget": 1, "shmat": 1, "shmdt": 1, "rmid": 1, "get_mb": 0.00390625, "shmopen": 0, "unlink": 0, "mmap_sh": 88, "munmap": 266, "mmap_sh_mb": 352.00067138671875}
{"tgid": 9438, "comm": "flux-shell", "shmget": 1, "shmat": 1, "shmdt": 1, "rmid": 1, "get_mb": 0.00390625, "shmopen": 0, "unlink": 0, "mmap_sh": 88, "munmap": 73, "mmap_sh_mb": 352.00067138671875}
{"tgid": 9426, "comm": "flux-shell", "shmget": 1, "shmat": 1, "shmdt": 1, "rmid": 1, "get_mb": 0.00390625, "shmopen": 0, "unlink": 0, "mmap_sh": 88, "munmap": 73, "mmap_sh_mb": 352.00067138671875}
{"tgid": 9329, "comm": "flux-shell", "shmget": 1, "shmat": 1, "shmdt": 1, "rmid": 1, "get_mb": 0.00390625, "shmopen": 0, "unlink": 0, "mmap_sh": 88, "munmap": 73, "mmap_sh_mb": 352.00067138671875}
{"tgid": 9044, "comm": "lmp", "shmget": 1, "shmat": 1, "shmdt": 1, "rmid": 0, "get_mb": 0.00390625, "shmopen": 0, "unlink": 0, "mmap_sh": 88, "munmap": 247, "mmap_sh_mb": 352.00067138671875}
{"tgid": 9339, "comm": "flux-shell", "shmget": 1, "shmat": 1, "shmdt": 1, "rmid": 1, "get_mb": 0.00390625, "shmopen": 0, "unlink": 0, "mmap_sh": 88, "munmap": 73, "mmap_sh_mb": 352.00067138671875}
{"tgid": 9386, "comm": "flux-shell", "shmget": 1, "shmat": 1, "shmdt": 1, "rmid": 1, "get_mb": 0.00390625, "shmopen": 0, "unlink": 0, "mmap_sh": 88, "munmap": 73, "mmap_sh_mb": 352.00067138671875}
{"tgid": 9454, "comm": "flux-shell", "shmget": 1, "shmat": 1, "shmdt": 1, "rmid": 1, "get_mb": 0.00390625, "shmopen": 0, "unlink": 0, "mmap_sh": 88, "munmap": 73, "mmap_sh_mb": 352.00067138671875}
{"tgid": 9480, "comm": "flux-shell", "shmget": 1, "shmat": 1, "shmdt": 1, "rmid": 1, "get_mb": 0.00390625, "shmopen": 0, "unlink": 0, "mmap_sh": 88, "munmap": 73, "mmap_sh_mb": 352.00067138671875}
{"tgid": 9316, "comm": "flux-shell", "shmget": 1, "shmat": 1, "shmdt": 1, "rmid": 1, "get_mb": 0.00390625, "shmopen": 0, "unlink": 0, "mmap_sh": 88, "munmap": 71, "mmap_sh_mb": 352.00067138671875}
{"tgid": 9048, "comm": "lmp", "shmget": 1, "shmat": 1, "shmdt": 1, "rmid": 1, "get_mb": 0.00390625, "shmopen": 0, "unlink": 0, "mmap_sh": 88, "munmap": 252, "mmap_sh_mb": 352.00067138671875}
{"tgid": 9347, "comm": "flux-shell", "shmget": 1, "shmat": 1, "shmdt": 1, "rmid": 1, "get_mb": 0.00390625, "shmopen": 0, "unlink": 0, "mmap_sh": 88, "munmap": 73, "mmap_sh_mb": 352.00067138671875}
{"tgid": 9486, "comm": "flux-shell", "shmget": 1, "shmat": 1, "shmdt": 1, "rmid": 1, "get_mb": 0.00390625, "shmopen": 0, "unlink": 0, "mmap_sh": 88, "munmap": 73, "mmap_sh_mb": 352.00067138671875}
{"tgid": 9402, "comm": "flux-shell", "shmget": 1, "shmat": 1, "shmdt": 1, "rmid": 1, "get_mb": 0.00390625, "shmopen": 0, "unlink": 0, "mmap_sh": 88, "munmap": 73, "mmap_sh_mb": 352.00067138671875}
{"tgid": 9464, "comm": "flux-shell", "shmget": 1, "shmat": 1, "shmdt": 1, "rmid": 1, "get_mb": 0.00390625, "shmopen": 0, "unlink": 0, "mmap_sh": 88, "munmap": 73, "mmap_sh_mb": 352.00067138671875}
{"tgid": 9338, "comm": "flux-shell", "shmget": 1, "shmat": 1, "shmdt": 1, "rmid": 1, "get_mb": 0.00390625, "shmopen": 0, "unlink": 0, "mmap_sh": 88, "munmap": 73, "mmap_sh_mb": 352.00067138671875}
{"tgid": 9122, "comm": "flux-shell", "shmget": 1, "shmat": 1, "shmdt": 1, "rmid": 1, "get_mb": 0.00390625, "shmopen": 0, "unlink": 0, "mmap_sh": 88, "munmap": 266, "mmap_sh_mb": 352.00067138671875}
{"tgid": 9162, "comm": "flux-shell", "shmget": 1, "shmat": 1, "shmdt": 1, "rmid": 1, "get_mb": 0.00390625, "shmopen": 0, "unlink": 0, "mmap_sh": 88, "munmap": 266, "mmap_sh_mb": 352.00067138671875}
{"tgid": 9080, "comm": "flux-shell", "shmget": 1, "shmat": 1, "shmdt": 1, "rmid": 1, "get_mb": 0.00390625, "shmopen": 0, "unlink": 0, "mmap_sh": 88, "munmap": 266, "mmap_sh_mb": 352.00067138671875}

--- Shared Memory Stats Summary at 14:56:37 ---
{"tgid": 9062, "comm": "flux-shell", "shmget": 1, "shmat": 1, "shmdt": 1, "rmid": 1, "get_mb": 0.00390625, "shmopen": 0, "unlink": 0, "mmap_sh": 88, "munmap": 266, "mmap_sh_mb": 352.00067138671875}
{"tgid": 9132, "comm": "flux-shell", "shmget": 1, "shmat": 1, "shmdt": 1, "rmid": 1, "get_mb": 0.00390625, "shmopen": 0, "unlink": 0, "mmap_sh": 88, "munmap": 266, "mmap_sh_mb": 352.00067138671875}
{"tgid": 9438, "comm": "flux-shell", "shmget": 1, "shmat": 1, "shmdt": 1, "rmid": 1, "get_mb": 0.00390625, "shmopen": 0, "unlink": 0, "mmap_sh": 88, "munmap": 266, "mmap_sh_mb": 352.00067138671875}
{"tgid": 9426, "comm": "flux-shell", "shmget": 1, "shmat": 1, "shmdt": 1, "rmid": 1, "get_mb": 0.00390625, "shmopen": 0, "unlink": 0, "mmap_sh": 88, "munmap": 266, "mmap_sh_mb": 352.00067138671875}
{"tgid": 9329, "comm": "flux-shell", "shmget": 1, "shmat": 1, "shmdt": 1, "rmid": 1, "get_mb": 0.00390625, "shmopen": 0, "unlink": 0, "mmap_sh": 88, "munmap": 266, "mmap_sh_mb": 352.00067138671875}
{"tgid": 9044, "comm": "lmp", "shmget": 1, "shmat": 1, "shmdt": 1, "rmid": 0, "get_mb": 0.00390625, "shmopen": 0, "unlink": 0, "mmap_sh": 88, "munmap": 247, "mmap_sh_mb": 352.00067138671875}
{"tgid": 9339, "comm": "flux-shell", "shmget": 1, "shmat": 1, "shmdt": 1, "rmid": 1, "get_mb": 0.00390625, "shmopen": 0, "unlink": 0, "mmap_sh": 88, "munmap": 266, "mmap_sh_mb": 352.00067138671875}
{"tgid": 9386, "comm": "flux-shell", "shmget": 1, "shmat": 1, "shmdt": 1, "rmid": 1, "get_mb": 0.00390625, "shmopen": 0, "unlink": 0, "mmap_sh": 88, "munmap": 266, "mmap_sh_mb": 352.00067138671875}
{"tgid": 9454, "comm": "flux-shell", "shmget": 1, "shmat": 1, "shmdt": 1, "rmid": 1, "get_mb": 0.00390625, "shmopen": 0, "unlink": 0, "mmap_sh": 88, "munmap": 266, "mmap_sh_mb": 352.00067138671875}
{"tgid": 9480, "comm": "flux-shell", "shmget": 1, "shmat": 1, "shmdt": 1, "rmid": 1, "get_mb": 0.00390625, "shmopen": 0, "unlink": 0, "mmap_sh": 88, "munmap": 266, "mmap_sh_mb": 352.00067138671875}
{"tgid": 9316, "comm": "flux-shell", "shmget": 1, "shmat": 1, "shmdt": 1, "rmid": 1, "get_mb": 0.00390625, "shmopen": 0, "unlink": 0, "mmap_sh": 88, "munmap": 264, "mmap_sh_mb": 352.00067138671875}
{"tgid": 9048, "comm": "lmp", "shmget": 1, "shmat": 1, "shmdt": 1, "rmid": 1, "get_mb": 0.00390625, "shmopen": 0, "unlink": 0, "mmap_sh": 88, "munmap": 252, "mmap_sh_mb": 352.00067138671875}
{"tgid": 9347, "comm": "flux-shell", "shmget": 1, "shmat": 1, "shmdt": 1, "rmid": 1, "get_mb": 0.00390625, "shmopen": 0, "unlink": 0, "mmap_sh": 88, "munmap": 266, "mmap_sh_mb": 352.00067138671875}
{"tgid": 9486, "comm": "flux-shell", "shmget": 1, "shmat": 1, "shmdt": 1, "rmid": 1, "get_mb": 0.00390625, "shmopen": 0, "unlink": 0, "mmap_sh": 88, "munmap": 266, "mmap_sh_mb": 352.00067138671875}
{"tgid": 9402, "comm": "flux-shell", "shmget": 1, "shmat": 1, "shmdt": 1, "rmid": 1, "get_mb": 0.00390625, "shmopen": 0, "unlink": 0, "mmap_sh": 88, "munmap": 266, "mmap_sh_mb": 352.00067138671875}
{"tgid": 9464, "comm": "flux-shell", "shmget": 1, "shmat": 1, "shmdt": 1, "rmid": 1, "get_mb": 0.00390625, "shmopen": 0, "unlink": 0, "mmap_sh": 88, "munmap": 266, "mmap_sh_mb": 352.00067138671875}
{"tgid": 9338, "comm": "flux-shell", "shmget": 1, "shmat": 1, "shmdt": 1, "rmid": 1, "get_mb": 0.00390625, "shmopen": 0, "unlink": 0, "mmap_sh": 88, "munmap": 266, "mmap_sh_mb": 352.00067138671875}
{"tgid": 9122, "comm": "flux-shell", "shmget": 1, "shmat": 1, "shmdt": 1, "rmid": 1, "get_mb": 0.00390625, "shmopen": 0, "unlink": 0, "mmap_sh": 88, "munmap": 266, "mmap_sh_mb": 352.00067138671875}
{"tgid": 9162, "comm": "flux-shell", "shmget": 1, "shmat": 1, "shmdt": 1, "rmid": 1, "get_mb": 0.00390625, "shmopen": 0, "unlink": 0, "mmap_sh": 88, "munmap": 266, "mmap_sh_mb": 352.00067138671875}
{"tgid": 9080, "comm": "flux-shell", "shmget": 1, "shmat": 1, "shmdt": 1, "rmid": 1, "get_mb": 0.00390625, "shmopen": 0, "unlink": 0, "mmap_sh": 88, "munmap": 266, "mmap_sh_mb": 352.00067138671875}

--- Shared Memory Stats Summary at 14:56:42 ---
{"tgid": 9062, "comm": "flux-shell", "shmget": 1, "shmat": 1, "shmdt": 1, "rmid": 1, "get_mb": 0.00390625, "shmopen": 0, "unlink": 0, "mmap_sh": 88, "munmap": 266, "mmap_sh_mb": 352.00067138671875}
{"tgid": 9132, "comm": "flux-shell", "shmget": 1, "shmat": 1, "shmdt": 1, "rmid": 1, "get_mb": 0.00390625, "shmopen": 0, "unlink": 0, "mmap_sh": 88, "munmap": 266, "mmap_sh_mb": 352.00067138671875}
{"tgid": 9438, "comm": "flux-shell", "shmget": 1, "shmat": 1, "shmdt": 1, "rmid": 1, "get_mb": 0.00390625, "shmopen": 0, "unlink": 0, "mmap_sh": 88, "munmap": 266, "mmap_sh_mb": 352.00067138671875}
{"tgid": 9426, "comm": "flux-shell", "shmget": 1, "shmat": 1, "shmdt": 1, "rmid": 1, "get_mb": 0.00390625, "shmopen": 0, "unlink": 0, "mmap_sh": 88, "munmap": 266, "mmap_sh_mb": 352.00067138671875}
{"tgid": 9329, "comm": "flux-shell", "shmget": 1, "shmat": 1, "shmdt": 1, "rmid": 1, "get_mb": 0.00390625, "shmopen": 0, "unlink": 0, "mmap_sh": 88, "munmap": 266, "mmap_sh_mb": 352.00067138671875}
{"tgid": 9044, "comm": "lmp", "shmget": 1, "shmat": 1, "shmdt": 1, "rmid": 0, "get_mb": 0.00390625, "shmopen": 0, "unlink": 0, "mmap_sh": 88, "munmap": 247, "mmap_sh_mb": 352.00067138671875}
{"tgid": 9339, "comm": "flux-shell", "shmget": 1, "shmat": 1, "shmdt": 1, "rmid": 1, "get_mb": 0.00390625, "shmopen": 0, "unlink": 0, "mmap_sh": 88, "munmap": 266, "mmap_sh_mb": 352.00067138671875}
{"tgid": 9386, "comm": "flux-shell", "shmget": 1, "shmat": 1, "shmdt": 1, "rmid": 1, "get_mb": 0.00390625, "shmopen": 0, "unlink": 0, "mmap_sh": 88, "munmap": 266, "mmap_sh_mb": 352.00067138671875}
{"tgid": 9454, "comm": "flux-shell", "shmget": 1, "shmat": 1, "shmdt": 1, "rmid": 1, "get_mb": 0.00390625, "shmopen": 0, "unlink": 0, "mmap_sh": 88, "munmap": 266, "mmap_sh_mb": 352.00067138671875}
{"tgid": 9480, "comm": "flux-shell", "shmget": 1, "shmat": 1, "shmdt": 1, "rmid": 1, "get_mb": 0.00390625, "shmopen": 0, "unlink": 0, "mmap_sh": 88, "munmap": 266, "mmap_sh_mb": 352.00067138671875}
{"tgid": 9316, "comm": "flux-shell", "shmget": 1, "shmat": 1, "shmdt": 1, "rmid": 1, "get_mb": 0.00390625, "shmopen": 0, "unlink": 0, "mmap_sh": 88, "munmap": 264, "mmap_sh_mb": 352.00067138671875}
{"tgid": 9048, "comm": "lmp", "shmget": 1, "shmat": 1, "shmdt": 1, "rmid": 1, "get_mb": 0.00390625, "shmopen": 0, "unlink": 0, "mmap_sh": 88, "munmap": 252, "mmap_sh_mb": 352.00067138671875}
{"tgid": 9347, "comm": "flux-shell", "shmget": 1, "shmat": 1, "shmdt": 1, "rmid": 1, "get_mb": 0.00390625, "shmopen": 0, "unlink": 0, "mmap_sh": 88, "munmap": 266, "mmap_sh_mb": 352.00067138671875}
{"tgid": 9486, "comm": "flux-shell", "shmget": 1, "shmat": 1, "shmdt": 1, "rmid": 1, "get_mb": 0.00390625, "shmopen": 0, "unlink": 0, "mmap_sh": 88, "munmap": 266, "mmap_sh_mb": 352.00067138671875}
{"tgid": 9402, "comm": "flux-shell", "shmget": 1, "shmat": 1, "shmdt": 1, "rmid": 1, "get_mb": 0.00390625, "shmopen": 0, "unlink": 0, "mmap_sh": 88, "munmap": 266, "mmap_sh_mb": 352.00067138671875}
{"tgid": 9464, "comm": "flux-shell", "shmget": 1, "shmat": 1, "shmdt": 1, "rmid": 1, "get_mb": 0.00390625, "shmopen": 0, "unlink": 0, "mmap_sh": 88, "munmap": 266, "mmap_sh_mb": 352.00067138671875}
{"tgid": 9338, "comm": "flux-shell", "shmget": 1, "shmat": 1, "shmdt": 1, "rmid": 1, "get_mb": 0.00390625, "shmopen": 0, "unlink": 0, "mmap_sh": 88, "munmap": 266, "mmap_sh_mb": 352.00067138671875}
{"tgid": 9122, "comm": "flux-shell", "shmget": 1, "shmat": 1, "shmdt": 1, "rmid": 1, "get_mb": 0.00390625, "shmopen": 0, "unlink": 0, "mmap_sh": 88, "munmap": 266, "mmap_sh_mb": 352.00067138671875}
{"tgid": 9162, "comm": "flux-shell", "shmget": 1, "shmat": 1, "shmdt": 1, "rmid": 1, "get_mb": 0.00390625, "shmopen": 0, "unlink": 0, "mmap_sh": 88, "munmap": 266, "mmap_sh_mb": 352.00067138671875}
{"tgid": 9080, "comm": "flux-shell", "shmget": 1, "shmat": 1, "shmdt": 1, "rmid": 1, "get_mb": 0.00390625, "shmopen": 0, "unlink": 0, "mmap_sh": 88, "munmap": 266, "mmap_sh_mb": 352.00067138671875}
[14:56:42] 
Indicator file '/mnt/flux/stop_ebpf_collection' found. Stopping.
Cleaning up BPF resources...
Cleanup complete.
