unlimited
PROGRAM: futex
Looking for /opt/programs/futex/ebpf-collect.c
[17:35:12] Starting eBPF (Tracepoints for futex syscalls).
[17:35:12] BPF program loaded and tracepoints automatically attached.
[17:35:12] Start Indicator file defined '/mnt/flux/start_ebpf_collection'. Waiting.
[17:35:21] Start indicator found. Proceeding.
[17:35:21] Ring buffers opened. Polling for events...
[17:36:41] 
Indicator file '/mnt/flux/stop_ebpf_collection' found. Stopping.
[17:36:41] Cleaning up BPF resources...
{
  "final_aggregated_futex_summary_river": [
    {
      "tgid": 3866,
      "comm": "kubelet",
      "cgroup_id": 6640,
      "wait_duration_stats_ns": {
        "count": 7469.0,
        "sum": 3214201651978.99,
        "mean": 430338954.609585,
        "median": 9336011.412564253,
        "min": 522,
        "max": 67624993839,
        "variance_ns2": 1.5127750389514463e+19,
        "iqr_ns": 28285621.501854844,
        "q1_ns": 1120509.403038985,
        "q3_ns": 29406130.90489383
      },
      "futex_op_counts": {
        "128": 7469
      },
      "first_seen_ts_ns": 588926118156,
      "last_seen_ts_ns": 677177928674
    },
    {
      "tgid": 3677,
      "comm": "containerd",
      "cgroup_id": 6520,
      "wait_duration_stats_ns": {
        "count": 3051.0,
        "sum": 852131787664.9998,
        "mean": 279295898.93969184,
        "median": 323083.085767503,
        "min": 554,
        "max": 25574152437,
        "variance_ns2": 3.4952900494995773e+18,
        "iqr_ns": 117988774.80557665,
        "q1_ns": 70900.12629998606,
        "q3_ns": 118059674.93187664
      },
      "futex_op_counts": {
        "128": 3051
      },
      "first_seen_ts_ns": 589179446992,
      "last_seen_ts_ns": 677204516829
    },
    {
      "tgid": 8771,
      "comm": "containerd-shim",
      "cgroup_id": 6520,
      "wait_duration_stats_ns": {
        "count": 714.0,
        "sum": 559232224465.0001,
        "mean": 783238409.6148461,
        "median": 167582.27936252768,
        "min": 591,
        "max": 29886586247,
        "variance_ns2": 6.712845606475616e+18,
        "iqr_ns": 9487421.657039694,
        "q1_ns": 48463.755838151956,
        "q3_ns": 9535885.412877847
      },
      "futex_op_counts": {
        "128": 714
      },
      "first_seen_ts_ns": 590380404028,
      "last_seen_ts_ns": 674129533111
    },
    {
      "tgid": 12701,
      "comm": "containerd-shim",
      "cgroup_id": 6520,
      "wait_duration_stats_ns": {
        "count": 194.0,
        "sum": 450482993574.00006,
        "mean": 2322077286.4639177,
        "median": 44001883.38692028,
        "min": 1661,
        "max": 85084414788,
        "variance_ns2": 5.181097315401695e+19,
        "iqr_ns": 2801845732.1947255,
        "q1_ns": 753034.0332752941,
        "q3_ns": 2802598766.2280006
      },
      "futex_op_counts": {
        "128": 194
      },
      "first_seen_ts_ns": 590380171354,
      "last_seen_ts_ns": 677207305817
    },
    {
      "tgid": 7059,
      "comm": "fluent-bit-gke-",
      "cgroup_id": 8144,
      "wait_duration_stats_ns": {
        "count": 239.0,
        "sum": 448767505384.99994,
        "mean": 1877688307.050209,
        "median": 756474199.7507876,
        "min": 481,
        "max": 76213774150,
        "variance_ns2": 4.391203351634579e+19,
        "iqr_ns": 1421214126.2509067,
        "q1_ns": 83710121.97350188,
        "q3_ns": 1504924248.2244086
      },
      "futex_op_counts": {
        "128": 239
      },
      "first_seen_ts_ns": 590730886232,
      "last_seen_ts_ns": 676232281355
    },
    {
      "tgid": 6397,
      "comm": "containerd-shim",
      "cgroup_id": 6520,
      "wait_duration_stats_ns": {
        "count": 180.0,
        "sum": 394856884593.99994,
        "mean": 2193649358.855555,
        "median": 26441428.72075586,
        "min": 1624,
        "max": 29991720317,
        "variance_ns2": 2.2809337954356572e+19,
        "iqr_ns": 2931340475.378928,
        "q1_ns": 912751.8641675481,
        "q3_ns": 2932253227.243096
      },
      "futex_op_counts": {
        "128": 180
      },
      "first_seen_ts_ns": 590381356621,
      "last_seen_ts_ns": 675840113696
    },
    {
      "tgid": 8245,
      "comm": "prometheus",
      "cgroup_id": 8776,
      "wait_duration_stats_ns": {
        "count": 3846.0,
        "sum": 379329684961.00073,
        "mean": 98629663.27639125,
        "median": 45106166.54305602,
        "min": 1991,
        "max": 30483192229,
        "variance_ns2": 6.001507583762287e+17,
        "iqr_ns": 10230364.553143352,
        "q1_ns": 39903710.43293216,
        "q3_ns": 50134074.98607551
      },
      "futex_op_counts": {
        "128": 3846
      },
      "first_seen_ts_ns": 588926617651,
      "last_seen_ts_ns": 677184366705
    },
    {
      "tgid": 4319,
      "comm": "kube-proxy",
      "cgroup_id": 7373,
      "wait_duration_stats_ns": {
        "count": 176.0,
        "sum": 362864413575.0,
        "mean": 2061729622.5852273,
        "median": 704433236.0416014,
        "min": 696,
        "max": 32979967632,
        "variance_ns2": 3.28953118470187e+19,
        "iqr_ns": 665394190.9484842,
        "q1_ns": 6057507.526466945,
        "q3_ns": 671451698.4749511
      },
      "futex_op_counts": {
        "128": 176
      },
      "first_seen_ts_ns": 602656618435,
      "last_seen_ts_ns": 672660989537
    },
    {
      "tgid": 4256,
      "comm": "containerd-shim",
      "cgroup_id": 6520,
      "wait_duration_stats_ns": {
        "count": 100.0,
        "sum": 360521658331.00006,
        "mean": 3605216583.310001,
        "median": 406852581.12885857,
        "min": 3183,
        "max": 30002573814,
        "variance_ns2": 3.766962936782679e+19,
        "iqr_ns": 6020311100.936977,
        "q1_ns": 4226746.913773362,
        "q3_ns": 6024537847.850751
      },
      "futex_op_counts": {
        "128": 100
      },
      "first_seen_ts_ns": 590385381612,
      "last_seen_ts_ns": 672866598605
    },
    {
      "tgid": 7723,
      "comm": "containerd-shim",
      "cgroup_id": 6520,
      "wait_duration_stats_ns": {
        "count": 203.0,
        "sum": 360423899777.99994,
        "mean": 1775487191.0246303,
        "median": 3711953.0020281104,
        "min": 2977,
        "max": 29999674699,
        "variance_ns2": 1.9348606667430924e+19,
        "iqr_ns": 1227866689.2444005,
        "q1_ns": 1224266.943309887,
        "q3_ns": 1229090956.1877103
      },
      "futex_op_counts": {
        "128": 203
      },
      "first_seen_ts_ns": 590381944719,
      "last_seen_ts_ns": 672867623808
    },
    {
      "tgid": 7380,
      "comm": "containerd-shim",
      "cgroup_id": 6520,
      "wait_duration_stats_ns": {
        "count": 112.0,
        "sum": 330514799669.9999,
        "mean": 2951024997.0535703,
        "median": 159276268.4094144,
        "min": 2853,
        "max": 29992941279,
        "variance_ns2": 2.9397839321496097e+19,
        "iqr_ns": 3502232941.0123305,
        "q1_ns": 7996523.34238903,
        "q3_ns": 3510229464.3547196
      },
      "futex_op_counts": {
        "128": 112
      },
      "first_seen_ts_ns": 590382532412,
      "last_seen_ts_ns": 672864996772
    },
    {
      "tgid": 6610,
      "comm": "containerd-shim",
      "cgroup_id": 6520,
      "wait_duration_stats_ns": {
        "count": 218.0,
        "sum": 326385349013.99994,
        "mean": 1497180500.06422,
        "median": 13137572.775616784,
        "min": 1474,
        "max": 22476793623,
        "variance_ns2": 1.16966597201659e+19,
        "iqr_ns": 1053300263.0001401,
        "q1_ns": 316180.1807564844,
        "q3_ns": 1053616443.1808965
      },
      "futex_op_counts": {
        "128": 218
      },
      "first_seen_ts_ns": 590379850907,
      "last_seen_ts_ns": 672864120460
    },
    {
      "tgid": 7592,
      "comm": "404-server-with",
      "cgroup_id": 8460,
      "wait_duration_stats_ns": {
        "count": 31.0,
        "sum": 319989148481.0,
        "mean": 10322230596.161291,
        "median": 9996214507.105927,
        "min": 29006,
        "max": 30000507777,
        "variance_ns2": 4.322645245369453e+19,
        "iqr_ns": 607755444.49716,
        "q1_ns": 9959749024.771774,
        "q3_ns": 10567504469.268934
      },
      "futex_op_counts": {
        "128": 31
      },
      "first_seen_ts_ns": 589450436131,
      "last_seen_ts_ns": 669450536978
    },
    {
      "tgid": 8645,
      "comm": "config-reloader",
      "cgroup_id": 9020,
      "wait_duration_stats_ns": {
        "count": 59.0,
        "sum": 279898645658.0002,
        "mean": 4744044841.66102,
        "median": 1351183346.5378225,
        "min": 864,
        "max": 60000555841,
        "variance_ns2": 1.256711773368938e+20,
        "iqr_ns": 2023613304.1601555,
        "q1_ns": 1223608.9446779778,
        "q3_ns": 2024836913.1048336
      },
      "futex_op_counts": {
        "128": 59
      },
      "first_seen_ts_ns": 598462711698,
      "last_seen_ts_ns": 671863554763
    },
    {
      "tgid": 3931,
      "comm": "node-problem-de",
      "cgroup_id": 6700,
      "wait_duration_stats_ns": {
        "count": 322.0,
        "sum": 272841679616.99988,
        "mean": 847334408.7484468,
        "median": 686150033.6912318,
        "min": 2007,
        "max": 29844742645,
        "variance_ns2": 7.083728547053065e+18,
        "iqr_ns": 870920951.6875429,
        "q1_ns": 129355021.23464619,
        "q3_ns": 1000275972.9221891
      },
      "futex_op_counts": {
        "128": 322
      },
      "first_seen_ts_ns": 590762869361,
      "last_seen_ts_ns": 676763209929
    },
    {
      "tgid": 1735,
      "comm": "google_osconfig",
      "cgroup_id": 4234,
      "wait_duration_stats_ns": {
        "count": 90.0,
        "sum": 221680374508.00003,
        "mean": 2463115272.3111115,
        "median": 853195213.0481753,
        "min": 617,
        "max": 30000305856,
        "variance_ns2": 2.06344303201123e+19,
        "iqr_ns": 3783269734.4504557,
        "q1_ns": 336323841.26409,
        "q3_ns": 4119593575.7145457
      },
      "futex_op_counts": {
        "128": 90
      },
      "first_seen_ts_ns": 590989469778,
      "last_seen_ts_ns": 677067030815
    },
    {
      "tgid": 2778,
      "comm": "dockerd",
      "cgroup_id": 6400,
      "wait_duration_stats_ns": {
        "count": 37.0,
        "sum": 169867900852.0,
        "mean": 4591024347.351352,
        "median": 7075978065.292079,
        "min": 2747,
        "max": 10008863500,
        "variance_ns2": 2.5399626349299167e+19,
        "iqr_ns": 9710253439.791254,
        "q1_ns": 245530709.83055598,
        "q3_ns": 9955784149.62181
      },
      "futex_op_counts": {
        "128": 37
      },
      "first_seen_ts_ns": 603426249738,
      "last_seen_ts_ns": 673435208328
    },
    {
      "tgid": 7122,
      "comm": "main",
      "cgroup_id": 8223,
      "wait_duration_stats_ns": {
        "count": 60.0,
        "sum": 159892338745.99997,
        "mean": 2664872312.433333,
        "median": 3176058892.160136,
        "min": 13318,
        "max": 5004986588,
        "variance_ns2": 5.907364132712187e+18,
        "iqr_ns": 4764058507.237357,
        "q1_ns": 217043460.02208316,
        "q3_ns": 4981101967.25944
      },
      "futex_op_counts": {
        "128": 60
      },
      "first_seen_ts_ns": 597788355125,
      "last_seen_ts_ns": 672793138094
    },
    {
      "tgid": 1734,
      "comm": "google_guest_ag",
      "cgroup_id": 4174,
      "wait_duration_stats_ns": {
        "count": 81.0,
        "sum": 159831668067.00003,
        "mean": 1973230469.9629633,
        "median": 2146444336.5558157,
        "min": 996,
        "max": 5004024210,
        "variance_ns2": 4.55363298376356e+18,
        "iqr_ns": 3964547383.090524,
        "q1_ns": 156693342.19121414,
        "q3_ns": 4121240725.2817383
      },
      "futex_op_counts": {
        "128": 81
      },
      "first_seen_ts_ns": 600885346068,
      "last_seen_ts_ns": 676587314748
    },
    {
      "tgid": 6583,
      "comm": "main",
      "cgroup_id": 7749,
      "wait_duration_stats_ns": {
        "count": 107.0,
        "sum": 149804597245.99997,
        "mean": 1400042964.9158876,
        "median": 401666485.1052513,
        "min": 16862,
        "max": 5004064388,
        "variance_ns2": 5.0558063418779e+18,
        "iqr_ns": 4277275560.9921465,
        "q1_ns": 5586579.540027423,
        "q3_ns": 4282862140.532174
      },
      "futex_op_counts": {
        "128": 107
      },
      "first_seen_ts_ns": 602358670388,
      "last_seen_ts_ns": 672362700418
    },
    {
      "tgid": 8855,
      "comm": "csi-node-driver",
      "cgroup_id": 9336,
      "wait_duration_stats_ns": {
        "count": 29.0,
        "sum": 120001067801.00002,
        "mean": 4137967855.2068973,
        "median": 1251091013.9453936,
        "min": 732,
        "max": 60000181763,
        "variance_ns2": 2.3940967778844272e+20,
        "iqr_ns": 5748411226.153877,
        "q1_ns": 144478660.5843593,
        "q3_ns": 5892889886.738236
      },
      "futex_op_counts": {
        "128": 29
      },
      "first_seen_ts_ns": 658479827689,
      "last_seen_ts_ns": 658481025829
    },
    {
      "tgid": 9177,
      "comm": "gce-pd-csi-driv",
      "cgroup_id": 9415,
      "wait_duration_stats_ns": {
        "count": 145.0,
        "sum": 80745501854.99997,
        "mean": 556865530.0344826,
        "median": 589810333.4468194,
        "min": 21075414,
        "max": 597927969,
        "variance_ns2": 1.276034026306068e+16,
        "iqr_ns": 1010715.5881689787,
        "q1_ns": 588917265.8178053,
        "q3_ns": 589927981.4059743
      },
      "futex_op_counts": {
        "128": 145
      },
      "first_seen_ts_ns": 589603103554,
      "last_seen_ts_ns": 677203105732
    },
    {
      "tgid": 6515,
      "comm": "otelsvc",
      "cgroup_id": 7670,
      "wait_duration_stats_ns": {
        "count": 270.0,
        "sum": 79597341702.99997,
        "mean": 294804969.27037024,
        "median": 443454778.7303435,
        "min": 65189,
        "max": 499662189,
        "variance_ns2": 4.763592872997942e+16,
        "iqr_ns": 450821827.9272812,
        "q1_ns": 38583538.797549434,
        "q3_ns": 489405366.7248306
      },
      "futex_op_counts": {
        "128": 270
      },
      "first_seen_ts_ns": 589756403712,
      "last_seen_ts_ns": 676761952675
    },
    {
      "tgid": 13757,
      "comm": "log-counter",
      "cgroup_id": 6700,
      "wait_duration_stats_ns": {
        "count": 1166.0,
        "sum": 14700230693.0,
        "mean": 12607401.966552315,
        "median": 217972.6771759006,
        "min": 649,
        "max": 1306123591,
        "variance_ns2": 1.215412870423336e+16,
        "iqr_ns": 680072.7369601056,
        "q1_ns": 161490.4901354594,
        "q3_ns": 841563.2270955651
      },
      "futex_op_counts": {
        "128": 1166
      },
      "first_seen_ts_ns": 642936583359,
      "last_seen_ts_ns": 644247223938
    },
    {
      "tgid": 13803,
      "comm": "log-counter",
      "cgroup_id": 6700,
      "wait_duration_stats_ns": {
        "count": 1106.0,
        "sum": 12922999898.000002,
        "mean": 11684448.370705245,
        "median": 213301.82442960684,
        "min": 599,
        "max": 1246536822,
        "variance_ns2": 1.0550484343726744e+16,
        "iqr_ns": 640706.3243848498,
        "q1_ns": 159838.82658653273,
        "q3_ns": 800545.1509713825
      },
      "futex_op_counts": {
        "128": 1106
      },
      "first_seen_ts_ns": 644253266780,
      "last_seen_ts_ns": 645503792907
    },
    {
      "tgid": 13728,
      "comm": "log-counter",
      "cgroup_id": 6700,
      "wait_duration_stats_ns": {
        "count": 324.0,
        "sum": 9364369334.000002,
        "mean": 28902374.487654325,
        "median": 758710.9836700171,
        "min": 560,
        "max": 1238997104,
        "variance_ns2": 2.3047148877983216e+16,
        "iqr_ns": 8505219.232693316,
        "q1_ns": 113482.54043302475,
        "q3_ns": 8618701.773126341
      },
      "futex_op_counts": {
        "128": 324
      },
      "first_seen_ts_ns": 641787288679,
      "last_seen_ts_ns": 643028374823
    },
    {
      "tgid": 13730,
      "comm": "log-counter",
      "cgroup_id": 6700,
      "wait_duration_stats_ns": {
        "count": 312.0,
        "sum": 7800688503.999999,
        "mean": 25002206.74358974,
        "median": 623195.9486273894,
        "min": 11493,
        "max": 1135279464,
        "variance_ns2": 2.2362407403423696e+16,
        "iqr_ns": 6527560.165071368,
        "q1_ns": 184805.51060459221,
        "q3_ns": 6712365.67567596
      },
      "futex_op_counts": {
        "128": 312
      },
      "first_seen_ts_ns": 641795056821,
      "last_seen_ts_ns": 642930514019
    },
    {
      "tgid": 13796,
      "comm": "log-counter",
      "cgroup_id": 6700,
      "wait_duration_stats_ns": {
        "count": 14.0,
        "sum": 5008753836.0,
        "mean": 357768131.14285713,
        "median": 50616387.12637152,
        "min": 7543,
        "max": 1003959130,
        "variance_ns2": 2.460852266754941e+17,
        "iqr_ns": 337086505.6654047,
        "q1_ns": 10903626.050413195,
        "q3_ns": 347990131.71581787
      },
      "futex_op_counts": {
        "128": 14
      },
      "first_seen_ts_ns": 643313012224,
      "last_seen_ts_ns": 644317175263
    },
    {
      "tgid": 13751,
      "comm": "log-counter",
      "cgroup_id": 6700,
      "wait_duration_stats_ns": {
        "count": 18.0,
        "sum": 4066940074.0,
        "mean": 225941115.2222222,
        "median": 27850848.740366176,
        "min": 19652,
        "max": 1021793903,
        "variance_ns2": 1.6446660915405264e+17,
        "iqr_ns": 204669927.72700575,
        "q1_ns": 3811175.497188207,
        "q3_ns": 208481103.22419396
      },
      "futex_op_counts": {
        "128": 18
      },
      "first_seen_ts_ns": 642178110403,
      "last_seen_ts_ns": 643203068526
    },
    {
      "tgid": 13653,
      "comm": "runc",
      "cgroup_id": 6520,
      "wait_duration_stats_ns": {
        "count": 233.0,
        "sum": 811381764.0,
        "mean": 3482325.1673819744,
        "median": 188640.42861339846,
        "min": 646,
        "max": 116606911,
        "variance_ns2": 297991682470214.2,
        "iqr_ns": 1011468.2582629458,
        "q1_ns": 37388.37147499136,
        "q3_ns": 1048856.6297379371
      },
      "futex_op_counts": {
        "128": 233
      },
      "first_seen_ts_ns": 613091141092,
      "last_seen_ts_ns": 613214390968
    },
    {
      "tgid": 13700,
      "comm": "runc",
      "cgroup_id": 6520,
      "wait_duration_stats_ns": {
        "count": 345.0,
        "sum": 785572915.0000002,
        "mean": 2277022.9420289863,
        "median": 91350.68298539896,
        "min": 2977,
        "max": 111458236,
        "variance_ns2": 176264847685029.0,
        "iqr_ns": 473510.30051168555,
        "q1_ns": 26381.381762153556,
        "q3_ns": 499891.68227383913
      },
      "futex_op_counts": {
        "128": 345
      },
      "first_seen_ts_ns": 633094095328,
      "last_seen_ts_ns": 633209481028
    },
    {
      "tgid": 13675,
      "comm": "runc",
      "cgroup_id": 6520,
      "wait_duration_stats_ns": {
        "count": 258.0,
        "sum": 782788315.0000001,
        "mean": 3034063.236434109,
        "median": 150453.32394384156,
        "min": 566,
        "max": 99218267,
        "variance_ns2": 215276352385896.34,
        "iqr_ns": 1178586.9144063229,
        "q1_ns": 24469.509291408103,
        "q3_ns": 1203056.423697731
      },
      "futex_op_counts": {
        "128": 258
      },
      "first_seen_ts_ns": 623099228157,
      "last_seen_ts_ns": 623202750797
    },
    {
      "tgid": 13771,
      "comm": "runc",
      "cgroup_id": 6520,
      "wait_duration_stats_ns": {
        "count": 321.0,
        "sum": 716608741.9999999,
        "mean": 2232425.9875389403,
        "median": 88733.76759362695,
        "min": 15480,
        "max": 109527900,
        "variance_ns2": 159665185083243.2,
        "iqr_ns": 380377.4167954482,
        "q1_ns": 25981.399236091784,
        "q3_ns": 406358.81603154
      },
      "futex_op_counts": {
        "128": 321
      },
      "first_seen_ts_ns": 643091012879,
      "last_seen_ts_ns": 643215646880
    },
    {
      "tgid": 13816,
      "comm": "runc",
      "cgroup_id": 6520,
      "wait_duration_stats_ns": {
        "count": 338.0,
        "sum": 636645041.0,
        "mean": 1883565.2100591715,
        "median": 71833.0730050689,
        "min": 6898,
        "max": 86119511,
        "variance_ns2": 112507779634862.34,
        "iqr_ns": 244325.02812871852,
        "q1_ns": 22394.168003821473,
        "q3_ns": 266719.19613254
      },
      "futex_op_counts": {
        "128": 338
      },
      "first_seen_ts_ns": 653087017435,
      "last_seen_ts_ns": 653180668562
    },
    {
      "tgid": 13641,
      "comm": "gce_workload_ce",
      "cgroup_id": 10693,
      "wait_duration_stats_ns": {
        "count": 249.0,
        "sum": 465509121.99999994,
        "mean": 1869514.5461847386,
        "median": 142350.66330655638,
        "min": 820,
        "max": 72501506,
        "variance_ns2": 61052543373272.31,
        "iqr_ns": 1057313.6166977743,
        "q1_ns": 25029.28757953858,
        "q3_ns": 1082342.9042773128
      },
      "futex_op_counts": {
        "128": 249
      },
      "first_seen_ts_ns": 611557221923,
      "last_seen_ts_ns": 611642011518
    },
    {
      "tgid": 13665,
      "comm": "runc:[2:INIT]",
      "cgroup_id": 9336,
      "wait_duration_stats_ns": {
        "count": 36.0,
        "sum": 441450385.0,
        "mean": 12262510.694444444,
        "median": 1419901.0110849563,
        "min": 11193,
        "max": 70951724,
        "variance_ns2": 467719311717781.9,
        "iqr_ns": 9417874.88970204,
        "q1_ns": 318902.6252493195,
        "q3_ns": 9736777.51495136
      },
      "futex_op_counts": {
        "128": 36
      },
      "first_seen_ts_ns": 613123120749,
      "last_seen_ts_ns": 613213656134
    },
    {
      "tgid": 13711,
      "comm": "runc:[2:INIT]",
      "cgroup_id": 9336,
      "wait_duration_stats_ns": {
        "count": 31.0,
        "sum": 408984581.0,
        "mean": 13193051.0,
        "median": 2059525.6517007595,
        "min": 548,
        "max": 70193009,
        "variance_ns2": 578566743349397.4,
        "iqr_ns": 4581028.073731242,
        "q1_ns": 41082.28035714286,
        "q3_ns": 4622110.354088385
      },
      "futex_op_counts": {
        "128": 31
      },
      "first_seen_ts_ns": 633122752731,
      "last_seen_ts_ns": 633208653771
    },
    {
      "tgid": 13782,
      "comm": "runc:[2:INIT]",
      "cgroup_id": 9336,
      "wait_duration_stats_ns": {
        "count": 33.0,
        "sum": 382962517.99999994,
        "mean": 11604924.787878785,
        "median": 2103763.512227626,
        "min": 931,
        "max": 66163385,
        "variance_ns2": 383391264331142.2,
        "iqr_ns": 16592726.99901076,
        "q1_ns": 742110.3638563784,
        "q3_ns": 17334837.36286714
      },
      "futex_op_counts": {
        "128": 33
      },
      "first_seen_ts_ns": 643140017231,
      "last_seen_ts_ns": 643214772802
    },
    {
      "tgid": 13687,
      "comm": "runc:[2:INIT]",
      "cgroup_id": 9336,
      "wait_duration_stats_ns": {
        "count": 36.0,
        "sum": 358397286.0,
        "mean": 9955480.166666666,
        "median": 2647577.9876108156,
        "min": 12687,
        "max": 55033953,
        "variance_ns2": 277352601279265.03,
        "iqr_ns": 11532731.440986937,
        "q1_ns": 18751.61606948712,
        "q3_ns": 11551483.057056423
      },
      "futex_op_counts": {
        "128": 36
      },
      "first_seen_ts_ns": 623127167964,
      "last_seen_ts_ns": 623201559843
    },
    {
      "tgid": 13827,
      "comm": "runc:[2:INIT]",
      "cgroup_id": 9336,
      "wait_duration_stats_ns": {
        "count": 29.0,
        "sum": 269479044.0,
        "mean": 9292380.827586208,
        "median": 3596971.519496686,
        "min": 1412,
        "max": 35927680,
        "variance_ns2": 121783005731582.12,
        "iqr_ns": 11156658.653021285,
        "q1_ns": 1492844.849942913,
        "q3_ns": 12649503.502964199
      },
      "futex_op_counts": {
        "128": 29
      },
      "first_seen_ts_ns": 653120259375,
      "last_seen_ts_ns": 653180695051
    },
    {
      "tgid": 13893,
      "comm": "runc",
      "cgroup_id": 6520,
      "wait_duration_stats_ns": {
        "count": 374.0,
        "sum": 250404990.0,
        "mean": 669532.0588235294,
        "median": 33290.809036569415,
        "min": 672,
        "max": 36870481,
        "variance_ns2": 19720922199099.24,
        "iqr_ns": 97636.5123208479,
        "q1_ns": 17369.363107496287,
        "q3_ns": 115005.8754283442
      },
      "futex_op_counts": {
        "128": 374
      },
      "first_seen_ts_ns": 673083854603,
      "last_seen_ts_ns": 673123763363
    },
    {
      "tgid": 13871,
      "comm": "runc",
      "cgroup_id": 6520,
      "wait_duration_stats_ns": {
        "count": 402.0,
        "sum": 249118691.00000003,
        "mean": 619698.236318408,
        "median": 27465.05236988158,
        "min": 1638,
        "max": 36914698,
        "variance_ns2": 18689267118405.273,
        "iqr_ns": 106920.8906289614,
        "q1_ns": 12932.158669336224,
        "q3_ns": 119853.04929829761
      },
      "futex_op_counts": {
        "128": 402
      },
      "first_seen_ts_ns": 663083666883,
      "last_seen_ts_ns": 663123356713
    },
    {
      "tgid": 13620,
      "comm": "runc",
      "cgroup_id": 6520,
      "wait_duration_stats_ns": {
        "count": 341.0,
        "sum": 212462556.99999997,
        "mean": 623057.3519061583,
        "median": 39565.43488388418,
        "min": 815,
        "max": 31659881,
        "variance_ns2": 15086832997214.2,
        "iqr_ns": 117133.97053705076,
        "q1_ns": 18914.22910884312,
        "q3_ns": 136048.19964589388
      },
      "futex_op_counts": {
        "128": 341
      },
      "first_seen_ts_ns": 603083411316,
      "last_seen_ts_ns": 603117908868
    },
    {
      "tgid": 13883,
      "comm": "runc:[2:INIT]",
      "cgroup_id": 9336,
      "wait_duration_stats_ns": {
        "count": 29.0,
        "sum": 143207028.99999997,
        "mean": 4938173.413793103,
        "median": 842489.8933010644,
        "min": 12090,
        "max": 16845050,
        "variance_ns2": 47980862259121.75,
        "iqr_ns": 9292373.502730103,
        "q1_ns": 78518.4876344135,
        "q3_ns": 9370891.990364516
      },
      "futex_op_counts": {
        "128": 29
      },
      "first_seen_ts_ns": 663091070610,
      "last_seen_ts_ns": 663123428361
    },
    {
      "tgid": 13904,
      "comm": "runc:[2:INIT]",
      "cgroup_id": 9336,
      "wait_duration_stats_ns": {
        "count": 29.0,
        "sum": 139447078.0,
        "mean": 4808519.931034483,
        "median": 702962.071177555,
        "min": 554,
        "max": 15966971,
        "variance_ns2": 45354763416208.86,
        "iqr_ns": 9263972.826785421,
        "q1_ns": 69157.64346134532,
        "q3_ns": 9333130.470246766
      },
      "futex_op_counts": {
        "128": 29
      },
      "first_seen_ts_ns": 673092082580,
      "last_seen_ts_ns": 673123730018
    },
    {
      "tgid": 13631,
      "comm": "runc:[2:INIT]",
      "cgroup_id": 9336,
      "wait_duration_stats_ns": {
        "count": 31.0,
        "sum": 113946884.00000001,
        "mean": 3675705.9354838715,
        "median": 542174.2402730561,
        "min": 505,
        "max": 15915490,
        "variance_ns2": 30958684955011.527,
        "iqr_ns": 4933592.990818345,
        "q1_ns": 39401.47530864198,
        "q3_ns": 4972994.466126987
      },
      "futex_op_counts": {
        "128": 31
      },
      "first_seen_ts_ns": 603091336629,
      "last_seen_ts_ns": 603117942035
    },
    {
      "tgid": 13827,
      "comm": "csi-node-driver",
      "cgroup_id": 9336,
      "wait_duration_stats_ns": {
        "count": 19.0,
        "sum": 18038999.000000004,
        "mean": 949421.0000000001,
        "median": 539759.1157719952,
        "min": 11975,
        "max": 4878957,
        "variance_ns2": 1925198174183.2222,
        "iqr_ns": 1548555.556150617,
        "q1_ns": 30000.725505227107,
        "q3_ns": 1578556.2816558443
      },
      "futex_op_counts": {
        "128": 19
      },
      "first_seen_ts_ns": 653186239778,
      "last_seen_ts_ns": 653189225254
    },
    {
      "tgid": 13711,
      "comm": "csi-node-driver",
      "cgroup_id": 9336,
      "wait_duration_stats_ns": {
        "count": 22.0,
        "sum": 16685933.0,
        "mean": 758451.5,
        "median": 292087.2349475181,
        "min": 12363,
        "max": 3631870,
        "variance_ns2": 1004386450796.7383,
        "iqr_ns": 1023258.7901385587,
        "q1_ns": 54603.11004375406,
        "q3_ns": 1077861.9001823128
      },
      "futex_op_counts": {
        "128": 22
      },
      "first_seen_ts_ns": 633213388025,
      "last_seen_ts_ns": 633217383185
    },
    {
      "tgid": 13782,
      "comm": "csi-node-driver",
      "cgroup_id": 9336,
      "wait_duration_stats_ns": {
        "count": 27.0,
        "sum": 12365954.0,
        "mean": 457998.2962962963,
        "median": 129229.76757440301,
        "min": 2327,
        "max": 2938663,
        "variance_ns2": 484514607023.75494,
        "iqr_ns": 427503.39972721395,
        "q1_ns": 22830.275709281195,
        "q3_ns": 450333.67543649516
      },
      "futex_op_counts": {
        "128": 27
      },
      "first_seen_ts_ns": 643216962495,
      "last_seen_ts_ns": 643220297613
    },
    {
      "tgid": 13665,
      "comm": "csi-node-driver",
      "cgroup_id": 9336,
      "wait_duration_stats_ns": {
        "count": 13.0,
        "sum": 11740263.0,
        "mean": 903097.1538461539,
        "median": 155064.6255324074,
        "min": 16221,
        "max": 5376168,
        "variance_ns2": 2752753521392.641,
        "iqr_ns": 334661.30240740743,
        "q1_ns": 24174.967592592595,
        "q3_ns": 358836.27
      },
      "futex_op_counts": {
        "128": 13
      },
      "first_seen_ts_ns": 613215646391,
      "last_seen_ts_ns": 613221011990
    },
    {
      "tgid": 13904,
      "comm": "csi-node-driver",
      "cgroup_id": 9336,
      "wait_duration_stats_ns": {
        "count": 25.0,
        "sum": 9949059.000000002,
        "mean": 397962.36000000004,
        "median": 117804.41432550731,
        "min": 569,
        "max": 2989031,
        "variance_ns2": 475293722489.4067,
        "iqr_ns": 403368.882558277,
        "q1_ns": 33626.210571571864,
        "q3_ns": 436995.0931298488
      },
      "futex_op_counts": {
        "128": 25
      },
      "first_seen_ts_ns": 673125550852,
      "last_seen_ts_ns": 673128968771
    },
    {
      "tgid": 13883,
      "comm": "csi-node-driver",
      "cgroup_id": 9336,
      "wait_duration_stats_ns": {
        "count": 20.0,
        "sum": 9742477.0,
        "mean": 487123.85,
        "median": 242653.38607173858,
        "min": 18699,
        "max": 1635807,
        "variance_ns2": 319103495898.3447,
        "iqr_ns": 616897.8289648934,
        "q1_ns": 47499.335777391985,
        "q3_ns": 664397.1647422854
      },
      "futex_op_counts": {
        "128": 20
      },
      "first_seen_ts_ns": 663125515937,
      "last_seen_ts_ns": 663128935113
    },
    {
      "tgid": 13631,
      "comm": "csi-node-driver",
      "cgroup_id": 9336,
      "wait_duration_stats_ns": {
        "count": 21.0,
        "sum": 9685970.0,
        "mean": 461236.6666666666,
        "median": 93626.76613205472,
        "min": 10310,
        "max": 1954302,
        "variance_ns2": 344859771353.3333,
        "iqr_ns": 783407.409597908,
        "q1_ns": 45891.80864197531,
        "q3_ns": 829299.2182398833
      },
      "futex_op_counts": {
        "128": 21
      },
      "first_seen_ts_ns": 603119694568,
      "last_seen_ts_ns": 603123096329
    },
    {
      "tgid": 13687,
      "comm": "csi-node-driver",
      "cgroup_id": 9336,
      "wait_duration_stats_ns": {
        "count": 16.0,
        "sum": 9301548.0,
        "mean": 581346.75,
        "median": 102584.94010059442,
        "min": 13164,
        "max": 3125217,
        "variance_ns2": 873935879410.3334,
        "iqr_ns": 630345.1178571426,
        "q1_ns": 22256.444444444445,
        "q3_ns": 652601.5623015871
      },
      "futex_op_counts": {
        "128": 16
      },
      "first_seen_ts_ns": 623203887500,
      "last_seen_ts_ns": 623207590384
    },
    {
      "tgid": 13281,
      "comm": "heartbeat",
      "cgroup_id": 10614,
      "wait_duration_stats_ns": {
        "count": 10.0,
        "sum": 2335166.0,
        "mean": 233516.6,
        "median": 70219.33333333334,
        "min": 7218,
        "max": 2254909,
        "variance_ns2": 504451482762.26685,
        "iqr_ns": 371984.9875,
        "q1_ns": 7433.833333333334,
        "q3_ns": 379418.8208333333
      },
      "futex_op_counts": {
        "128": 10
      },
      "first_seen_ts_ns": 620146950984,
      "last_seen_ts_ns": 652148061299
    },
    {
      "tgid": 13479,
      "comm": "lmp",
      "cgroup_id": 10614,
      "wait_duration_stats_ns": {
        "count": 1.0,
        "sum": 1322214.0,
        "mean": 1322214.0,
        "median": 1322214.0,
        "min": 1322214,
        "max": 1322214,
        "variance_ns2": null,
        "iqr_ns": 0.0,
        "q1_ns": 1322214.0,
        "q3_ns": 1322214.0
      },
      "futex_op_counts": {
        "0": 1
      },
      "first_seen_ts_ns": 653808084110,
      "last_seen_ts_ns": 653808084110
    },
    {
      "tgid": 13281,
      "comm": "content",
      "cgroup_id": 10614,
      "wait_duration_stats_ns": {
        "count": 16.0,
        "sum": 364337.0,
        "mean": 22771.0625,
        "median": 7498.083333333334,
        "min": 2028,
        "max": 89420,
        "variance_ns2": 992882397.5291668,
        "iqr_ns": 39999.34814814814,
        "q1_ns": 4483.174999999999,
        "q3_ns": 44482.523148148146
      },
      "futex_op_counts": {
        "128": 16
      },
      "first_seen_ts_ns": 598045447221,
      "last_seen_ts_ns": 652148256927
    },
    {
      "tgid": 13281,
      "comm": "flux-broker-44",
      "cgroup_id": 10614,
      "wait_duration_stats_ns": {
        "count": 33.0,
        "sum": 340664.0,
        "mean": 10323.151515151516,
        "median": 5024.551429102892,
        "min": 429,
        "max": 62082,
        "variance_ns2": 300002430.4450758,
        "iqr_ns": 14988.613756549901,
        "q1_ns": 1073.9317909611852,
        "q3_ns": 16062.545547511087
      },
      "futex_op_counts": {
        "128": 23,
        "0": 10
      },
      "first_seen_ts_ns": 598014699950,
      "last_seen_ts_ns": 677201271144
    },
    {
      "tgid": 13281,
      "comm": "kvs",
      "cgroup_id": 10614,
      "wait_duration_stats_ns": {
        "count": 12.0,
        "sum": 121527.0,
        "mean": 10127.25,
        "median": 5413.472222222222,
        "min": 2344,
        "max": 32890,
        "variance_ns2": 111204605.11363639,
        "iqr_ns": 9459.638888888887,
        "q1_ns": 4277.211111111112,
        "q3_ns": 13736.849999999999
      },
      "futex_op_counts": {
        "128": 12
      },
      "first_seen_ts_ns": 620147123816,
      "last_seen_ts_ns": 677189985886
    },
    {
      "tgid": 13469,
      "comm": "lmp",
      "cgroup_id": 10614,
      "wait_duration_stats_ns": {
        "count": 1.0,
        "sum": 57590.0,
        "mean": 57590.0,
        "median": 57590.0,
        "min": 57590,
        "max": 57590,
        "variance_ns2": null,
        "iqr_ns": 0.0,
        "q1_ns": 57590.0,
        "q3_ns": 57590.0
      },
      "futex_op_counts": {
        "0": 1
      },
      "first_seen_ts_ns": 653811714870,
      "last_seen_ts_ns": 653811714870
    },
    {
      "tgid": 13539,
      "comm": "lmp",
      "cgroup_id": 10614,
      "wait_duration_stats_ns": {
        "count": 1.0,
        "sum": 53849.0,
        "mean": 53849.0,
        "median": 53849.0,
        "min": 53849,
        "max": 53849,
        "variance_ns2": null,
        "iqr_ns": 0.0,
        "q1_ns": 53849.0,
        "q3_ns": 53849.0
      },
      "futex_op_counts": {
        "0": 1
      },
      "first_seen_ts_ns": 653811558086,
      "last_seen_ts_ns": 653811558086
    },
    {
      "tgid": 13459,
      "comm": "lmp",
      "cgroup_id": 10614,
      "wait_duration_stats_ns": {
        "count": 1.0,
        "sum": 53221.0,
        "mean": 53221.0,
        "median": 53221.0,
        "min": 53221,
        "max": 53221,
        "variance_ns2": null,
        "iqr_ns": 0.0,
        "q1_ns": 53221.0,
        "q3_ns": 53221.0
      },
      "futex_op_counts": {
        "0": 1
      },
      "first_seen_ts_ns": 653811710605,
      "last_seen_ts_ns": 653811710605
    },
    {
      "tgid": 13465,
      "comm": "lmp",
      "cgroup_id": 10614,
      "wait_duration_stats_ns": {
        "count": 1.0,
        "sum": 53033.0,
        "mean": 53033.0,
        "median": 53033.0,
        "min": 53033,
        "max": 53033,
        "variance_ns2": null,
        "iqr_ns": 0.0,
        "q1_ns": 53033.0,
        "q3_ns": 53033.0
      },
      "futex_op_counts": {
        "0": 1
      },
      "first_seen_ts_ns": 653811712865,
      "last_seen_ts_ns": 653811712865
    },
    {
      "tgid": 13531,
      "comm": "lmp",
      "cgroup_id": 10614,
      "wait_duration_stats_ns": {
        "count": 1.0,
        "sum": 51277.0,
        "mean": 51277.0,
        "median": 51277.0,
        "min": 51277,
        "max": 51277,
        "variance_ns2": null,
        "iqr_ns": 0.0,
        "q1_ns": 51277.0,
        "q3_ns": 51277.0
      },
      "futex_op_counts": {
        "0": 1
      },
      "first_seen_ts_ns": 653811551925,
      "last_seen_ts_ns": 653811551925
    },
    {
      "tgid": 13615,
      "comm": "lmp",
      "cgroup_id": 10614,
      "wait_duration_stats_ns": {
        "count": 1.0,
        "sum": 50673.0,
        "mean": 50673.0,
        "median": 50673.0,
        "min": 50673,
        "max": 50673,
        "variance_ns2": null,
        "iqr_ns": 0.0,
        "q1_ns": 50673.0,
        "q3_ns": 50673.0
      },
      "futex_op_counts": {
        "0": 1
      },
      "first_seen_ts_ns": 653811706660,
      "last_seen_ts_ns": 653811706660
    },
    {
      "tgid": 13511,
      "comm": "lmp",
      "cgroup_id": 10614,
      "wait_duration_stats_ns": {
        "count": 1.0,
        "sum": 49809.0,
        "mean": 49809.0,
        "median": 49809.0,
        "min": 49809,
        "max": 49809,
        "variance_ns2": null,
        "iqr_ns": 0.0,
        "q1_ns": 49809.0,
        "q3_ns": 49809.0
      },
      "futex_op_counts": {
        "0": 1
      },
      "first_seen_ts_ns": 653811515506,
      "last_seen_ts_ns": 653811515506
    },
    {
      "tgid": 13521,
      "comm": "lmp",
      "cgroup_id": 10614,
      "wait_duration_stats_ns": {
        "count": 1.0,
        "sum": 48533.0,
        "mean": 48533.0,
        "median": 48533.0,
        "min": 48533,
        "max": 48533,
        "variance_ns2": null,
        "iqr_ns": 0.0,
        "q1_ns": 48533.0,
        "q3_ns": 48533.0
      },
      "futex_op_counts": {
        "0": 1
      },
      "first_seen_ts_ns": 653811525084,
      "last_seen_ts_ns": 653811525084
    },
    {
      "tgid": 13455,
      "comm": "lmp",
      "cgroup_id": 10614,
      "wait_duration_stats_ns": {
        "count": 1.0,
        "sum": 48521.0,
        "mean": 48521.0,
        "median": 48521.0,
        "min": 48521,
        "max": 48521,
        "variance_ns2": null,
        "iqr_ns": 0.0,
        "q1_ns": 48521.0,
        "q3_ns": 48521.0
      },
      "futex_op_counts": {
        "0": 1
      },
      "first_seen_ts_ns": 653811700671,
      "last_seen_ts_ns": 653811700671
    },
    {
      "tgid": 13537,
      "comm": "lmp",
      "cgroup_id": 10614,
      "wait_duration_stats_ns": {
        "count": 1.0,
        "sum": 48404.0,
        "mean": 48404.0,
        "median": 48404.0,
        "min": 48404,
        "max": 48404,
        "variance_ns2": null,
        "iqr_ns": 0.0,
        "q1_ns": 48404.0,
        "q3_ns": 48404.0
      },
      "futex_op_counts": {
        "0": 1
      },
      "first_seen_ts_ns": 653811555094,
      "last_seen_ts_ns": 653811555094
    },
    {
      "tgid": 13519,
      "comm": "lmp",
      "cgroup_id": 10614,
      "wait_duration_stats_ns": {
        "count": 1.0,
        "sum": 48401.0,
        "mean": 48401.0,
        "median": 48401.0,
        "min": 48401,
        "max": 48401,
        "variance_ns2": null,
        "iqr_ns": 0.0,
        "q1_ns": 48401.0,
        "q3_ns": 48401.0
      },
      "futex_op_counts": {
        "0": 1
      },
      "first_seen_ts_ns": 653811528226,
      "last_seen_ts_ns": 653811528226
    },
    {
      "tgid": 13513,
      "comm": "lmp",
      "cgroup_id": 10614,
      "wait_duration_stats_ns": {
        "count": 1.0,
        "sum": 48052.0,
        "mean": 48052.0,
        "median": 48052.0,
        "min": 48052,
        "max": 48052,
        "variance_ns2": null,
        "iqr_ns": 0.0,
        "q1_ns": 48052.0,
        "q3_ns": 48052.0
      },
      "futex_op_counts": {
        "0": 1
      },
      "first_seen_ts_ns": 653811517996,
      "last_seen_ts_ns": 653811517996
    },
    {
      "tgid": 13523,
      "comm": "lmp",
      "cgroup_id": 10614,
      "wait_duration_stats_ns": {
        "count": 1.0,
        "sum": 47909.0,
        "mean": 47909.0,
        "median": 47909.0,
        "min": 47909,
        "max": 47909,
        "variance_ns2": null,
        "iqr_ns": 0.0,
        "q1_ns": 47909.0,
        "q3_ns": 47909.0
      },
      "futex_op_counts": {
        "0": 1
      },
      "first_seen_ts_ns": 653811522516,
      "last_seen_ts_ns": 653811522516
    },
    {
      "tgid": 13529,
      "comm": "lmp",
      "cgroup_id": 10614,
      "wait_duration_stats_ns": {
        "count": 1.0,
        "sum": 47892.0,
        "mean": 47892.0,
        "median": 47892.0,
        "min": 47892,
        "max": 47892,
        "variance_ns2": null,
        "iqr_ns": 0.0,
        "q1_ns": 47892.0,
        "q3_ns": 47892.0
      },
      "futex_op_counts": {
        "0": 1
      },
      "first_seen_ts_ns": 653811561733,
      "last_seen_ts_ns": 653811561733
    },
    {
      "tgid": 13547,
      "comm": "lmp",
      "cgroup_id": 10614,
      "wait_duration_stats_ns": {
        "count": 1.0,
        "sum": 47796.0,
        "mean": 47796.0,
        "median": 47796.0,
        "min": 47796,
        "max": 47796,
        "variance_ns2": null,
        "iqr_ns": 0.0,
        "q1_ns": 47796.0,
        "q3_ns": 47796.0
      },
      "futex_op_counts": {
        "0": 1
      },
      "first_seen_ts_ns": 653811565753,
      "last_seen_ts_ns": 653811565753
    },
    {
      "tgid": 13509,
      "comm": "lmp",
      "cgroup_id": 10614,
      "wait_duration_stats_ns": {
        "count": 1.0,
        "sum": 47492.0,
        "mean": 47492.0,
        "median": 47492.0,
        "min": 47492,
        "max": 47492,
        "variance_ns2": null,
        "iqr_ns": 0.0,
        "q1_ns": 47492.0,
        "q3_ns": 47492.0
      },
      "futex_op_counts": {
        "0": 1
      },
      "first_seen_ts_ns": 653811513201,
      "last_seen_ts_ns": 653811513201
    },
    {
      "tgid": 13451,
      "comm": "lmp",
      "cgroup_id": 10614,
      "wait_duration_stats_ns": {
        "count": 1.0,
        "sum": 47217.0,
        "mean": 47217.0,
        "median": 47217.0,
        "min": 47217,
        "max": 47217,
        "variance_ns2": null,
        "iqr_ns": 0.0,
        "q1_ns": 47217.0,
        "q3_ns": 47217.0
      },
      "futex_op_counts": {
        "0": 1
      },
      "first_seen_ts_ns": 653811778020,
      "last_seen_ts_ns": 653811778020
    },
    {
      "tgid": 13448,
      "comm": "lmp",
      "cgroup_id": 10614,
      "wait_duration_stats_ns": {
        "count": 1.0,
        "sum": 46953.0,
        "mean": 46953.0,
        "median": 46953.0,
        "min": 46953,
        "max": 46953,
        "variance_ns2": null,
        "iqr_ns": 0.0,
        "q1_ns": 46953.0,
        "q3_ns": 46953.0
      },
      "futex_op_counts": {
        "0": 1
      },
      "first_seen_ts_ns": 653811461439,
      "last_seen_ts_ns": 653811461439
    },
    {
      "tgid": 13549,
      "comm": "lmp",
      "cgroup_id": 10614,
      "wait_duration_stats_ns": {
        "count": 1.0,
        "sum": 46914.0,
        "mean": 46914.0,
        "median": 46914.0,
        "min": 46914,
        "max": 46914,
        "variance_ns2": null,
        "iqr_ns": 0.0,
        "q1_ns": 46914.0,
        "q3_ns": 46914.0
      },
      "futex_op_counts": {
        "0": 1
      },
      "first_seen_ts_ns": 653811581927,
      "last_seen_ts_ns": 653811581927
    },
    {
      "tgid": 13583,
      "comm": "lmp",
      "cgroup_id": 10614,
      "wait_duration_stats_ns": {
        "count": 1.0,
        "sum": 46795.0,
        "mean": 46795.0,
        "median": 46795.0,
        "min": 46795,
        "max": 46795,
        "variance_ns2": null,
        "iqr_ns": 0.0,
        "q1_ns": 46795.0,
        "q3_ns": 46795.0
      },
      "futex_op_counts": {
        "0": 1
      },
      "first_seen_ts_ns": 653811631288,
      "last_seen_ts_ns": 653811631288
    },
    {
      "tgid": 13483,
      "comm": "lmp",
      "cgroup_id": 10614,
      "wait_duration_stats_ns": {
        "count": 1.0,
        "sum": 46707.0,
        "mean": 46707.0,
        "median": 46707.0,
        "min": 46707,
        "max": 46707,
        "variance_ns2": null,
        "iqr_ns": 0.0,
        "q1_ns": 46707.0,
        "q3_ns": 46707.0
      },
      "futex_op_counts": {
        "0": 1
      },
      "first_seen_ts_ns": 653811465261,
      "last_seen_ts_ns": 653811465261
    },
    {
      "tgid": 13527,
      "comm": "lmp",
      "cgroup_id": 10614,
      "wait_duration_stats_ns": {
        "count": 1.0,
        "sum": 46689.0,
        "mean": 46689.0,
        "median": 46689.0,
        "min": 46689,
        "max": 46689,
        "variance_ns2": null,
        "iqr_ns": 0.0,
        "q1_ns": 46689.0,
        "q3_ns": 46689.0
      },
      "futex_op_counts": {
        "0": 1
      },
      "first_seen_ts_ns": 653811529197,
      "last_seen_ts_ns": 653811529197
    },
    {
      "tgid": 13590,
      "comm": "lmp",
      "cgroup_id": 10614,
      "wait_duration_stats_ns": {
        "count": 1.0,
        "sum": 46650.0,
        "mean": 46650.0,
        "median": 46650.0,
        "min": 46650,
        "max": 46650,
        "variance_ns2": null,
        "iqr_ns": 0.0,
        "q1_ns": 46650.0,
        "q3_ns": 46650.0
      },
      "futex_op_counts": {
        "0": 1
      },
      "first_seen_ts_ns": 653811648903,
      "last_seen_ts_ns": 653811648903
    },
    {
      "tgid": 13585,
      "comm": "lmp",
      "cgroup_id": 10614,
      "wait_duration_stats_ns": {
        "count": 1.0,
        "sum": 46551.0,
        "mean": 46551.0,
        "median": 46551.0,
        "min": 46551,
        "max": 46551,
        "variance_ns2": null,
        "iqr_ns": 0.0,
        "q1_ns": 46551.0,
        "q3_ns": 46551.0
      },
      "futex_op_counts": {
        "0": 1
      },
      "first_seen_ts_ns": 653811644725,
      "last_seen_ts_ns": 653811644725
    },
    {
      "tgid": 13595,
      "comm": "lmp",
      "cgroup_id": 10614,
      "wait_duration_stats_ns": {
        "count": 1.0,
        "sum": 46445.0,
        "mean": 46445.0,
        "median": 46445.0,
        "min": 46445,
        "max": 46445,
        "variance_ns2": null,
        "iqr_ns": 0.0,
        "q1_ns": 46445.0,
        "q3_ns": 46445.0
      },
      "futex_op_counts": {
        "0": 1
      },
      "first_seen_ts_ns": 653811662190,
      "last_seen_ts_ns": 653811662190
    },
    {
      "tgid": 13567,
      "comm": "lmp",
      "cgroup_id": 10614,
      "wait_duration_stats_ns": {
        "count": 1.0,
        "sum": 46312.0,
        "mean": 46312.0,
        "median": 46312.0,
        "min": 46312,
        "max": 46312,
        "variance_ns2": null,
        "iqr_ns": 0.0,
        "q1_ns": 46312.0,
        "q3_ns": 46312.0
      },
      "futex_op_counts": {
        "0": 1
      },
      "first_seen_ts_ns": 653812712783,
      "last_seen_ts_ns": 653812712783
    },
    {
      "tgid": 13461,
      "comm": "lmp",
      "cgroup_id": 10614,
      "wait_duration_stats_ns": {
        "count": 1.0,
        "sum": 46243.0,
        "mean": 46243.0,
        "median": 46243.0,
        "min": 46243,
        "max": 46243,
        "variance_ns2": null,
        "iqr_ns": 0.0,
        "q1_ns": 46243.0,
        "q3_ns": 46243.0
      },
      "futex_op_counts": {
        "0": 1
      },
      "first_seen_ts_ns": 653811829598,
      "last_seen_ts_ns": 653811829598
    },
    {
      "tgid": 13557,
      "comm": "lmp",
      "cgroup_id": 10614,
      "wait_duration_stats_ns": {
        "count": 1.0,
        "sum": 46235.0,
        "mean": 46235.0,
        "median": 46235.0,
        "min": 46235,
        "max": 46235,
        "variance_ns2": null,
        "iqr_ns": 0.0,
        "q1_ns": 46235.0,
        "q3_ns": 46235.0
      },
      "futex_op_counts": {
        "0": 1
      },
      "first_seen_ts_ns": 653811600774,
      "last_seen_ts_ns": 653811600774
    },
    {
      "tgid": 13525,
      "comm": "lmp",
      "cgroup_id": 10614,
      "wait_duration_stats_ns": {
        "count": 1.0,
        "sum": 46213.0,
        "mean": 46213.0,
        "median": 46213.0,
        "min": 46213,
        "max": 46213,
        "variance_ns2": null,
        "iqr_ns": 0.0,
        "q1_ns": 46213.0,
        "q3_ns": 46213.0
      },
      "futex_op_counts": {
        "0": 1
      },
      "first_seen_ts_ns": 653811530537,
      "last_seen_ts_ns": 653811530537
    },
    {
      "tgid": 13588,
      "comm": "lmp",
      "cgroup_id": 10614,
      "wait_duration_stats_ns": {
        "count": 1.0,
        "sum": 46167.0,
        "mean": 46167.0,
        "median": 46167.0,
        "min": 46167,
        "max": 46167,
        "variance_ns2": null,
        "iqr_ns": 0.0,
        "q1_ns": 46167.0,
        "q3_ns": 46167.0
      },
      "futex_op_counts": {
        "0": 1
      },
      "first_seen_ts_ns": 653811645715,
      "last_seen_ts_ns": 653811645715
    },
    {
      "tgid": 13517,
      "comm": "lmp",
      "cgroup_id": 10614,
      "wait_duration_stats_ns": {
        "count": 1.0,
        "sum": 46079.0,
        "mean": 46079.0,
        "median": 46079.0,
        "min": 46079,
        "max": 46079,
        "variance_ns2": null,
        "iqr_ns": 0.0,
        "q1_ns": 46079.0,
        "q3_ns": 46079.0
      },
      "futex_op_counts": {
        "0": 1
      },
      "first_seen_ts_ns": 653811518913,
      "last_seen_ts_ns": 653811518913
    },
    {
      "tgid": 13503,
      "comm": "lmp",
      "cgroup_id": 10614,
      "wait_duration_stats_ns": {
        "count": 1.0,
        "sum": 45976.0,
        "mean": 45976.0,
        "median": 45976.0,
        "min": 45976,
        "max": 45976,
        "variance_ns2": null,
        "iqr_ns": 0.0,
        "q1_ns": 45976.0,
        "q3_ns": 45976.0
      },
      "futex_op_counts": {
        "0": 1
      },
      "first_seen_ts_ns": 653811500779,
      "last_seen_ts_ns": 653811500779
    },
    {
      "tgid": 13613,
      "comm": "lmp",
      "cgroup_id": 10614,
      "wait_duration_stats_ns": {
        "count": 1.0,
        "sum": 45913.0,
        "mean": 45913.0,
        "median": 45913.0,
        "min": 45913,
        "max": 45913,
        "variance_ns2": null,
        "iqr_ns": 0.0,
        "q1_ns": 45913.0,
        "q3_ns": 45913.0
      },
      "futex_op_counts": {
        "0": 1
      },
      "first_seen_ts_ns": 653811743570,
      "last_seen_ts_ns": 653811743570
    },
    {
      "tgid": 13501,
      "comm": "lmp",
      "cgroup_id": 10614,
      "wait_duration_stats_ns": {
        "count": 1.0,
        "sum": 45840.0,
        "mean": 45840.0,
        "median": 45840.0,
        "min": 45840,
        "max": 45840,
        "variance_ns2": null,
        "iqr_ns": 0.0,
        "q1_ns": 45840.0,
        "q3_ns": 45840.0
      },
      "futex_op_counts": {
        "0": 1
      },
      "first_seen_ts_ns": 653811496647,
      "last_seen_ts_ns": 653811496647
    },
    {
      "tgid": 13475,
      "comm": "lmp",
      "cgroup_id": 10614,
      "wait_duration_stats_ns": {
        "count": 1.0,
        "sum": 45826.0,
        "mean": 45826.0,
        "median": 45826.0,
        "min": 45826,
        "max": 45826,
        "variance_ns2": null,
        "iqr_ns": 0.0,
        "q1_ns": 45826.0,
        "q3_ns": 45826.0
      },
      "futex_op_counts": {
        "0": 1
      },
      "first_seen_ts_ns": 653811493786,
      "last_seen_ts_ns": 653811493786
    },
    {
      "tgid": 13575,
      "comm": "lmp",
      "cgroup_id": 10614,
      "wait_duration_stats_ns": {
        "count": 1.0,
        "sum": 45549.0,
        "mean": 45549.0,
        "median": 45549.0,
        "min": 45549,
        "max": 45549,
        "variance_ns2": null,
        "iqr_ns": 0.0,
        "q1_ns": 45549.0,
        "q3_ns": 45549.0
      },
      "futex_op_counts": {
        "0": 1
      },
      "first_seen_ts_ns": 653811619110,
      "last_seen_ts_ns": 653811619110
    },
    {
      "tgid": 13499,
      "comm": "lmp",
      "cgroup_id": 10614,
      "wait_duration_stats_ns": {
        "count": 1.0,
        "sum": 45279.0,
        "mean": 45279.0,
        "median": 45279.0,
        "min": 45279,
        "max": 45279,
        "variance_ns2": null,
        "iqr_ns": 0.0,
        "q1_ns": 45279.0,
        "q3_ns": 45279.0
      },
      "futex_op_counts": {
        "0": 1
      },
      "first_seen_ts_ns": 653811503850,
      "last_seen_ts_ns": 653811503850
    },
    {
      "tgid": 13599,
      "comm": "lmp",
      "cgroup_id": 10614,
      "wait_duration_stats_ns": {
        "count": 1.0,
        "sum": 45272.0,
        "mean": 45272.0,
        "median": 45272.0,
        "min": 45272,
        "max": 45272,
        "variance_ns2": null,
        "iqr_ns": 0.0,
        "q1_ns": 45272.0,
        "q3_ns": 45272.0
      },
      "futex_op_counts": {
        "0": 1
      },
      "first_seen_ts_ns": 653811673915,
      "last_seen_ts_ns": 653811673915
    },
    {
      "tgid": 13541,
      "comm": "lmp",
      "cgroup_id": 10614,
      "wait_duration_stats_ns": {
        "count": 1.0,
        "sum": 45220.0,
        "mean": 45220.0,
        "median": 45220.0,
        "min": 45220,
        "max": 45220,
        "variance_ns2": null,
        "iqr_ns": 0.0,
        "q1_ns": 45220.0,
        "q3_ns": 45220.0
      },
      "futex_op_counts": {
        "0": 1
      },
      "first_seen_ts_ns": 653811558610,
      "last_seen_ts_ns": 653811558610
    },
    {
      "tgid": 13612,
      "comm": "lmp",
      "cgroup_id": 10614,
      "wait_duration_stats_ns": {
        "count": 1.0,
        "sum": 45213.0,
        "mean": 45213.0,
        "median": 45213.0,
        "min": 45213,
        "max": 45213,
        "variance_ns2": null,
        "iqr_ns": 0.0,
        "q1_ns": 45213.0,
        "q3_ns": 45213.0
      },
      "futex_op_counts": {
        "0": 1
      },
      "first_seen_ts_ns": 653811693483,
      "last_seen_ts_ns": 653811693483
    },
    {
      "tgid": 13467,
      "comm": "lmp",
      "cgroup_id": 10614,
      "wait_duration_stats_ns": {
        "count": 1.0,
        "sum": 45066.0,
        "mean": 45066.0,
        "median": 45066.0,
        "min": 45066,
        "max": 45066,
        "variance_ns2": null,
        "iqr_ns": 0.0,
        "q1_ns": 45066.0,
        "q3_ns": 45066.0
      },
      "futex_op_counts": {
        "0": 1
      },
      "first_seen_ts_ns": 653812736054,
      "last_seen_ts_ns": 653812736054
    },
    {
      "tgid": 13573,
      "comm": "lmp",
      "cgroup_id": 10614,
      "wait_duration_stats_ns": {
        "count": 1.0,
        "sum": 45025.0,
        "mean": 45025.0,
        "median": 45025.0,
        "min": 45025,
        "max": 45025,
        "variance_ns2": null,
        "iqr_ns": 0.0,
        "q1_ns": 45025.0,
        "q3_ns": 45025.0
      },
      "futex_op_counts": {
        "0": 1
      },
      "first_seen_ts_ns": 653811616733,
      "last_seen_ts_ns": 653811616733
    },
    {
      "tgid": 13565,
      "comm": "lmp",
      "cgroup_id": 10614,
      "wait_duration_stats_ns": {
        "count": 1.0,
        "sum": 44911.0,
        "mean": 44911.0,
        "median": 44911.0,
        "min": 44911,
        "max": 44911,
        "variance_ns2": null,
        "iqr_ns": 0.0,
        "q1_ns": 44911.0,
        "q3_ns": 44911.0
      },
      "futex_op_counts": {
        "0": 1
      },
      "first_seen_ts_ns": 653811614655,
      "last_seen_ts_ns": 653811614655
    },
    {
      "tgid": 13577,
      "comm": "lmp",
      "cgroup_id": 10614,
      "wait_duration_stats_ns": {
        "count": 1.0,
        "sum": 44816.0,
        "mean": 44816.0,
        "median": 44816.0,
        "min": 44816,
        "max": 44816,
        "variance_ns2": null,
        "iqr_ns": 0.0,
        "q1_ns": 44816.0,
        "q3_ns": 44816.0
      },
      "futex_op_counts": {
        "0": 1
      },
      "first_seen_ts_ns": 653811624748,
      "last_seen_ts_ns": 653811624748
    },
    {
      "tgid": 13571,
      "comm": "lmp",
      "cgroup_id": 10614,
      "wait_duration_stats_ns": {
        "count": 1.0,
        "sum": 44773.0,
        "mean": 44773.0,
        "median": 44773.0,
        "min": 44773,
        "max": 44773,
        "variance_ns2": null,
        "iqr_ns": 0.0,
        "q1_ns": 44773.0,
        "q3_ns": 44773.0
      },
      "futex_op_counts": {
        "0": 1
      },
      "first_seen_ts_ns": 653811613115,
      "last_seen_ts_ns": 653811613115
    },
    {
      "tgid": 13497,
      "comm": "lmp",
      "cgroup_id": 10614,
      "wait_duration_stats_ns": {
        "count": 1.0,
        "sum": 44659.0,
        "mean": 44659.0,
        "median": 44659.0,
        "min": 44659,
        "max": 44659,
        "variance_ns2": null,
        "iqr_ns": 0.0,
        "q1_ns": 44659.0,
        "q3_ns": 44659.0
      },
      "futex_op_counts": {
        "0": 1
      },
      "first_seen_ts_ns": 653811495403,
      "last_seen_ts_ns": 653811495403
    },
    {
      "tgid": 13444,
      "comm": "lmp",
      "cgroup_id": 10614,
      "wait_duration_stats_ns": {
        "count": 1.0,
        "sum": 44615.0,
        "mean": 44615.0,
        "median": 44615.0,
        "min": 44615,
        "max": 44615,
        "variance_ns2": null,
        "iqr_ns": 0.0,
        "q1_ns": 44615.0,
        "q3_ns": 44615.0
      },
      "futex_op_counts": {
        "0": 1
      },
      "first_seen_ts_ns": 653812747452,
      "last_seen_ts_ns": 653812747452
    },
    {
      "tgid": 13473,
      "comm": "lmp",
      "cgroup_id": 10614,
      "wait_duration_stats_ns": {
        "count": 1.0,
        "sum": 44580.0,
        "mean": 44580.0,
        "median": 44580.0,
        "min": 44580,
        "max": 44580,
        "variance_ns2": null,
        "iqr_ns": 0.0,
        "q1_ns": 44580.0,
        "q3_ns": 44580.0
      },
      "futex_op_counts": {
        "0": 1
      },
      "first_seen_ts_ns": 653812779621,
      "last_seen_ts_ns": 653812779621
    },
    {
      "tgid": 13447,
      "comm": "lmp",
      "cgroup_id": 10614,
      "wait_duration_stats_ns": {
        "count": 1.0,
        "sum": 44518.0,
        "mean": 44518.0,
        "median": 44518.0,
        "min": 44518,
        "max": 44518,
        "variance_ns2": null,
        "iqr_ns": 0.0,
        "q1_ns": 44518.0,
        "q3_ns": 44518.0
      },
      "futex_op_counts": {
        "0": 1
      },
      "first_seen_ts_ns": 653811718730,
      "last_seen_ts_ns": 653811718730
    },
    {
      "tgid": 13591,
      "comm": "lmp",
      "cgroup_id": 10614,
      "wait_duration_stats_ns": {
        "count": 1.0,
        "sum": 44512.0,
        "mean": 44512.0,
        "median": 44512.0,
        "min": 44512,
        "max": 44512,
        "variance_ns2": null,
        "iqr_ns": 0.0,
        "q1_ns": 44512.0,
        "q3_ns": 44512.0
      },
      "futex_op_counts": {
        "0": 1
      },
      "first_seen_ts_ns": 653811651635,
      "last_seen_ts_ns": 653811651635
    },
    {
      "tgid": 13481,
      "comm": "lmp",
      "cgroup_id": 10614,
      "wait_duration_stats_ns": {
        "count": 1.0,
        "sum": 44444.0,
        "mean": 44444.0,
        "median": 44444.0,
        "min": 44444,
        "max": 44444,
        "variance_ns2": null,
        "iqr_ns": 0.0,
        "q1_ns": 44444.0,
        "q3_ns": 44444.0
      },
      "futex_op_counts": {
        "0": 1
      },
      "first_seen_ts_ns": 653812740142,
      "last_seen_ts_ns": 653812740142
    },
    {
      "tgid": 13495,
      "comm": "lmp",
      "cgroup_id": 10614,
      "wait_duration_stats_ns": {
        "count": 1.0,
        "sum": 44380.0,
        "mean": 44380.0,
        "median": 44380.0,
        "min": 44380,
        "max": 44380,
        "variance_ns2": null,
        "iqr_ns": 0.0,
        "q1_ns": 44380.0,
        "q3_ns": 44380.0
      },
      "futex_op_counts": {
        "0": 1
      },
      "first_seen_ts_ns": 653811489710,
      "last_seen_ts_ns": 653811489710
    },
    {
      "tgid": 13505,
      "comm": "lmp",
      "cgroup_id": 10614,
      "wait_duration_stats_ns": {
        "count": 1.0,
        "sum": 44374.0,
        "mean": 44374.0,
        "median": 44374.0,
        "min": 44374,
        "max": 44374,
        "variance_ns2": null,
        "iqr_ns": 0.0,
        "q1_ns": 44374.0,
        "q3_ns": 44374.0
      },
      "futex_op_counts": {
        "0": 1
      },
      "first_seen_ts_ns": 653811507294,
      "last_seen_ts_ns": 653811507294
    },
    {
      "tgid": 13610,
      "comm": "lmp",
      "cgroup_id": 10614,
      "wait_duration_stats_ns": {
        "count": 1.0,
        "sum": 44314.0,
        "mean": 44314.0,
        "median": 44314.0,
        "min": 44314,
        "max": 44314,
        "variance_ns2": null,
        "iqr_ns": 0.0,
        "q1_ns": 44314.0,
        "q3_ns": 44314.0
      },
      "futex_op_counts": {
        "0": 1
      },
      "first_seen_ts_ns": 653811694667,
      "last_seen_ts_ns": 653811694667
    },
    {
      "tgid": 13463,
      "comm": "lmp",
      "cgroup_id": 10614,
      "wait_duration_stats_ns": {
        "count": 1.0,
        "sum": 44202.0,
        "mean": 44202.0,
        "median": 44202.0,
        "min": 44202,
        "max": 44202,
        "variance_ns2": null,
        "iqr_ns": 0.0,
        "q1_ns": 44202.0,
        "q3_ns": 44202.0
      },
      "futex_op_counts": {
        "0": 1
      },
      "first_seen_ts_ns": 653811800247,
      "last_seen_ts_ns": 653811800247
    },
    {
      "tgid": 13477,
      "comm": "lmp",
      "cgroup_id": 10614,
      "wait_duration_stats_ns": {
        "count": 1.0,
        "sum": 44099.0,
        "mean": 44099.0,
        "median": 44099.0,
        "min": 44099,
        "max": 44099,
        "variance_ns2": null,
        "iqr_ns": 0.0,
        "q1_ns": 44099.0,
        "q3_ns": 44099.0
      },
      "futex_op_counts": {
        "0": 1
      },
      "first_seen_ts_ns": 653812743318,
      "last_seen_ts_ns": 653812743318
    },
    {
      "tgid": 13471,
      "comm": "lmp",
      "cgroup_id": 10614,
      "wait_duration_stats_ns": {
        "count": 1.0,
        "sum": 44070.0,
        "mean": 44070.0,
        "median": 44070.0,
        "min": 44070,
        "max": 44070,
        "variance_ns2": null,
        "iqr_ns": 0.0,
        "q1_ns": 44070.0,
        "q3_ns": 44070.0
      },
      "futex_op_counts": {
        "0": 1
      },
      "first_seen_ts_ns": 653811476287,
      "last_seen_ts_ns": 653811476287
    },
    {
      "tgid": 13561,
      "comm": "lmp",
      "cgroup_id": 10614,
      "wait_duration_stats_ns": {
        "count": 1.0,
        "sum": 43724.0,
        "mean": 43724.0,
        "median": 43724.0,
        "min": 43724,
        "max": 43724,
        "variance_ns2": null,
        "iqr_ns": 0.0,
        "q1_ns": 43724.0,
        "q3_ns": 43724.0
      },
      "futex_op_counts": {
        "0": 1
      },
      "first_seen_ts_ns": 653811589181,
      "last_seen_ts_ns": 653811589181
    },
    {
      "tgid": 13606,
      "comm": "lmp",
      "cgroup_id": 10614,
      "wait_duration_stats_ns": {
        "count": 1.0,
        "sum": 43534.0,
        "mean": 43534.0,
        "median": 43534.0,
        "min": 43534,
        "max": 43534,
        "variance_ns2": null,
        "iqr_ns": 0.0,
        "q1_ns": 43534.0,
        "q3_ns": 43534.0
      },
      "futex_op_counts": {
        "0": 1
      },
      "first_seen_ts_ns": 653811679577,
      "last_seen_ts_ns": 653811679577
    },
    {
      "tgid": 13446,
      "comm": "lmp",
      "cgroup_id": 10614,
      "wait_duration_stats_ns": {
        "count": 1.0,
        "sum": 43429.0,
        "mean": 43429.0,
        "median": 43429.0,
        "min": 43429,
        "max": 43429,
        "variance_ns2": null,
        "iqr_ns": 0.0,
        "q1_ns": 43429.0,
        "q3_ns": 43429.0
      },
      "futex_op_counts": {
        "0": 1
      },
      "first_seen_ts_ns": 653811786563,
      "last_seen_ts_ns": 653811786563
    },
    {
      "tgid": 13543,
      "comm": "lmp",
      "cgroup_id": 10614,
      "wait_duration_stats_ns": {
        "count": 1.0,
        "sum": 43301.0,
        "mean": 43301.0,
        "median": 43301.0,
        "min": 43301,
        "max": 43301,
        "variance_ns2": null,
        "iqr_ns": 0.0,
        "q1_ns": 43301.0,
        "q3_ns": 43301.0
      },
      "futex_op_counts": {
        "0": 1
      },
      "first_seen_ts_ns": 653811566845,
      "last_seen_ts_ns": 653811566845
    },
    {
      "tgid": 13489,
      "comm": "lmp",
      "cgroup_id": 10614,
      "wait_duration_stats_ns": {
        "count": 1.0,
        "sum": 43222.0,
        "mean": 43222.0,
        "median": 43222.0,
        "min": 43222,
        "max": 43222,
        "variance_ns2": null,
        "iqr_ns": 0.0,
        "q1_ns": 43222.0,
        "q3_ns": 43222.0
      },
      "futex_op_counts": {
        "0": 1
      },
      "first_seen_ts_ns": 653811480929,
      "last_seen_ts_ns": 653811480929
    },
    {
      "tgid": 13601,
      "comm": "lmp",
      "cgroup_id": 10614,
      "wait_duration_stats_ns": {
        "count": 1.0,
        "sum": 43109.0,
        "mean": 43109.0,
        "median": 43109.0,
        "min": 43109,
        "max": 43109,
        "variance_ns2": null,
        "iqr_ns": 0.0,
        "q1_ns": 43109.0,
        "q3_ns": 43109.0
      },
      "futex_op_counts": {
        "0": 1
      },
      "first_seen_ts_ns": 653811667734,
      "last_seen_ts_ns": 653811667734
    },
    {
      "tgid": 13559,
      "comm": "lmp",
      "cgroup_id": 10614,
      "wait_duration_stats_ns": {
        "count": 1.0,
        "sum": 43022.0,
        "mean": 43022.0,
        "median": 43022.0,
        "min": 43022,
        "max": 43022,
        "variance_ns2": null,
        "iqr_ns": 0.0,
        "q1_ns": 43022.0,
        "q3_ns": 43022.0
      },
      "futex_op_counts": {
        "0": 1
      },
      "first_seen_ts_ns": 653811584972,
      "last_seen_ts_ns": 653811584972
    },
    {
      "tgid": 13457,
      "comm": "lmp",
      "cgroup_id": 10614,
      "wait_duration_stats_ns": {
        "count": 1.0,
        "sum": 42847.0,
        "mean": 42847.0,
        "median": 42847.0,
        "min": 42847,
        "max": 42847,
        "variance_ns2": null,
        "iqr_ns": 0.0,
        "q1_ns": 42847.0,
        "q3_ns": 42847.0
      },
      "futex_op_counts": {
        "0": 1
      },
      "first_seen_ts_ns": 653811814355,
      "last_seen_ts_ns": 653811814355
    },
    {
      "tgid": 13507,
      "comm": "lmp",
      "cgroup_id": 10614,
      "wait_duration_stats_ns": {
        "count": 1.0,
        "sum": 42765.0,
        "mean": 42765.0,
        "median": 42765.0,
        "min": 42765,
        "max": 42765,
        "variance_ns2": null,
        "iqr_ns": 0.0,
        "q1_ns": 42765.0,
        "q3_ns": 42765.0
      },
      "futex_op_counts": {
        "0": 1
      },
      "first_seen_ts_ns": 653811502459,
      "last_seen_ts_ns": 653811502459
    },
    {
      "tgid": 13551,
      "comm": "lmp",
      "cgroup_id": 10614,
      "wait_duration_stats_ns": {
        "count": 1.0,
        "sum": 42697.0,
        "mean": 42697.0,
        "median": 42697.0,
        "min": 42697,
        "max": 42697,
        "variance_ns2": null,
        "iqr_ns": 0.0,
        "q1_ns": 42697.0,
        "q3_ns": 42697.0
      },
      "futex_op_counts": {
        "0": 1
      },
      "first_seen_ts_ns": 653811572500,
      "last_seen_ts_ns": 653811572500
    },
    {
      "tgid": 13593,
      "comm": "lmp",
      "cgroup_id": 10614,
      "wait_duration_stats_ns": {
        "count": 1.0,
        "sum": 42611.0,
        "mean": 42611.0,
        "median": 42611.0,
        "min": 42611,
        "max": 42611,
        "variance_ns2": null,
        "iqr_ns": 0.0,
        "q1_ns": 42611.0,
        "q3_ns": 42611.0
      },
      "futex_op_counts": {
        "0": 1
      },
      "first_seen_ts_ns": 653811655385,
      "last_seen_ts_ns": 653811655385
    },
    {
      "tgid": 13485,
      "comm": "lmp",
      "cgroup_id": 10614,
      "wait_duration_stats_ns": {
        "count": 1.0,
        "sum": 42494.0,
        "mean": 42494.0,
        "median": 42494.0,
        "min": 42494,
        "max": 42494,
        "variance_ns2": null,
        "iqr_ns": 0.0,
        "q1_ns": 42494.0,
        "q3_ns": 42494.0
      },
      "futex_op_counts": {
        "0": 1
      },
      "first_seen_ts_ns": 653811466935,
      "last_seen_ts_ns": 653811466935
    },
    {
      "tgid": 13607,
      "comm": "lmp",
      "cgroup_id": 10614,
      "wait_duration_stats_ns": {
        "count": 1.0,
        "sum": 42407.0,
        "mean": 42407.0,
        "median": 42407.0,
        "min": 42407,
        "max": 42407,
        "variance_ns2": null,
        "iqr_ns": 0.0,
        "q1_ns": 42407.0,
        "q3_ns": 42407.0
      },
      "futex_op_counts": {
        "0": 1
      },
      "first_seen_ts_ns": 653811684751,
      "last_seen_ts_ns": 653811684751
    },
    {
      "tgid": 13563,
      "comm": "lmp",
      "cgroup_id": 10614,
      "wait_duration_stats_ns": {
        "count": 1.0,
        "sum": 42224.0,
        "mean": 42224.0,
        "median": 42224.0,
        "min": 42224,
        "max": 42224,
        "variance_ns2": null,
        "iqr_ns": 0.0,
        "q1_ns": 42224.0,
        "q3_ns": 42224.0
      },
      "futex_op_counts": {
        "0": 1
      },
      "first_seen_ts_ns": 653811598157,
      "last_seen_ts_ns": 653811598157
    },
    {
      "tgid": 13553,
      "comm": "lmp",
      "cgroup_id": 10614,
      "wait_duration_stats_ns": {
        "count": 1.0,
        "sum": 42223.0,
        "mean": 42223.0,
        "median": 42223.0,
        "min": 42223,
        "max": 42223,
        "variance_ns2": null,
        "iqr_ns": 0.0,
        "q1_ns": 42223.0,
        "q3_ns": 42223.0
      },
      "futex_op_counts": {
        "0": 1
      },
      "first_seen_ts_ns": 653811595673,
      "last_seen_ts_ns": 653811595673
    },
    {
      "tgid": 13493,
      "comm": "lmp",
      "cgroup_id": 10614,
      "wait_duration_stats_ns": {
        "count": 1.0,
        "sum": 42025.0,
        "mean": 42025.0,
        "median": 42025.0,
        "min": 42025,
        "max": 42025,
        "variance_ns2": null,
        "iqr_ns": 0.0,
        "q1_ns": 42025.0,
        "q3_ns": 42025.0
      },
      "futex_op_counts": {
        "0": 1
      },
      "first_seen_ts_ns": 653811483443,
      "last_seen_ts_ns": 653811483443
    },
    {
      "tgid": 13445,
      "comm": "lmp",
      "cgroup_id": 10614,
      "wait_duration_stats_ns": {
        "count": 1.0,
        "sum": 41797.0,
        "mean": 41797.0,
        "median": 41797.0,
        "min": 41797,
        "max": 41797,
        "variance_ns2": null,
        "iqr_ns": 0.0,
        "q1_ns": 41797.0,
        "q3_ns": 41797.0
      },
      "futex_op_counts": {
        "0": 1
      },
      "first_seen_ts_ns": 653811760314,
      "last_seen_ts_ns": 653811760314
    },
    {
      "tgid": 13581,
      "comm": "lmp",
      "cgroup_id": 10614,
      "wait_duration_stats_ns": {
        "count": 1.0,
        "sum": 41795.0,
        "mean": 41795.0,
        "median": 41795.0,
        "min": 41795,
        "max": 41795,
        "variance_ns2": null,
        "iqr_ns": 0.0,
        "q1_ns": 41795.0,
        "q3_ns": 41795.0
      },
      "futex_op_counts": {
        "0": 1
      },
      "first_seen_ts_ns": 653811623185,
      "last_seen_ts_ns": 653811623185
    },
    {
      "tgid": 13453,
      "comm": "lmp",
      "cgroup_id": 10614,
      "wait_duration_stats_ns": {
        "count": 1.0,
        "sum": 41737.0,
        "mean": 41737.0,
        "median": 41737.0,
        "min": 41737,
        "max": 41737,
        "variance_ns2": null,
        "iqr_ns": 0.0,
        "q1_ns": 41737.0,
        "q3_ns": 41737.0
      },
      "futex_op_counts": {
        "0": 1
      },
      "first_seen_ts_ns": 653811486824,
      "last_seen_ts_ns": 653811486824
    },
    {
      "tgid": 13603,
      "comm": "lmp",
      "cgroup_id": 10614,
      "wait_duration_stats_ns": {
        "count": 1.0,
        "sum": 41663.0,
        "mean": 41663.0,
        "median": 41663.0,
        "min": 41663,
        "max": 41663,
        "variance_ns2": null,
        "iqr_ns": 0.0,
        "q1_ns": 41663.0,
        "q3_ns": 41663.0
      },
      "futex_op_counts": {
        "0": 1
      },
      "first_seen_ts_ns": 653811676294,
      "last_seen_ts_ns": 653811676294
    },
    {
      "tgid": 13579,
      "comm": "lmp",
      "cgroup_id": 10614,
      "wait_duration_stats_ns": {
        "count": 1.0,
        "sum": 41639.0,
        "mean": 41639.0,
        "median": 41639.0,
        "min": 41639,
        "max": 41639,
        "variance_ns2": null,
        "iqr_ns": 0.0,
        "q1_ns": 41639.0,
        "q3_ns": 41639.0
      },
      "futex_op_counts": {
        "0": 1
      },
      "first_seen_ts_ns": 653811633227,
      "last_seen_ts_ns": 653811633227
    },
    {
      "tgid": 13569,
      "comm": "lmp",
      "cgroup_id": 10614,
      "wait_duration_stats_ns": {
        "count": 1.0,
        "sum": 41614.0,
        "mean": 41614.0,
        "median": 41614.0,
        "min": 41614,
        "max": 41614,
        "variance_ns2": null,
        "iqr_ns": 0.0,
        "q1_ns": 41614.0,
        "q3_ns": 41614.0
      },
      "futex_op_counts": {
        "0": 1
      },
      "first_seen_ts_ns": 653811602815,
      "last_seen_ts_ns": 653811602815
    },
    {
      "tgid": 13487,
      "comm": "lmp",
      "cgroup_id": 10614,
      "wait_duration_stats_ns": {
        "count": 1.0,
        "sum": 41526.0,
        "mean": 41526.0,
        "median": 41526.0,
        "min": 41526,
        "max": 41526,
        "variance_ns2": null,
        "iqr_ns": 0.0,
        "q1_ns": 41526.0,
        "q3_ns": 41526.0
      },
      "futex_op_counts": {
        "0": 1
      },
      "first_seen_ts_ns": 653811469230,
      "last_seen_ts_ns": 653811469230
    },
    {
      "tgid": 13515,
      "comm": "lmp",
      "cgroup_id": 10614,
      "wait_duration_stats_ns": {
        "count": 1.0,
        "sum": 41228.0,
        "mean": 41228.0,
        "median": 41228.0,
        "min": 41228,
        "max": 41228,
        "variance_ns2": null,
        "iqr_ns": 0.0,
        "q1_ns": 41228.0,
        "q3_ns": 41228.0
      },
      "futex_op_counts": {
        "0": 1
      },
      "first_seen_ts_ns": 653811509850,
      "last_seen_ts_ns": 653811509850
    },
    {
      "tgid": 13555,
      "comm": "lmp",
      "cgroup_id": 10614,
      "wait_duration_stats_ns": {
        "count": 1.0,
        "sum": 40032.0,
        "mean": 40032.0,
        "median": 40032.0,
        "min": 40032,
        "max": 40032,
        "variance_ns2": null,
        "iqr_ns": 0.0,
        "q1_ns": 40032.0,
        "q3_ns": 40032.0
      },
      "futex_op_counts": {
        "0": 1
      },
      "first_seen_ts_ns": 653811579355,
      "last_seen_ts_ns": 653811579355
    },
    {
      "tgid": 13598,
      "comm": "lmp",
      "cgroup_id": 10614,
      "wait_duration_stats_ns": {
        "count": 1.0,
        "sum": 39936.0,
        "mean": 39936.0,
        "median": 39936.0,
        "min": 39936,
        "max": 39936,
        "variance_ns2": null,
        "iqr_ns": 0.0,
        "q1_ns": 39936.0,
        "q3_ns": 39936.0
      },
      "futex_op_counts": {
        "0": 1
      },
      "first_seen_ts_ns": 653811659345,
      "last_seen_ts_ns": 653811659345
    },
    {
      "tgid": 13491,
      "comm": "lmp",
      "cgroup_id": 10614,
      "wait_duration_stats_ns": {
        "count": 1.0,
        "sum": 38521.0,
        "mean": 38521.0,
        "median": 38521.0,
        "min": 38521,
        "max": 38521,
        "variance_ns2": null,
        "iqr_ns": 0.0,
        "q1_ns": 38521.0,
        "q3_ns": 38521.0
      },
      "futex_op_counts": {
        "0": 1
      },
      "first_seen_ts_ns": 653811473012,
      "last_seen_ts_ns": 653811473012
    },
    {
      "tgid": 821,
      "comm": "multipathd",
      "cgroup_id": 1702,
      "wait_duration_stats_ns": {
        "count": 6.0,
        "sum": 12430.0,
        "mean": 2071.6666666666665,
        "median": 1832.0,
        "min": 1757,
        "max": 3045,
        "variance_ns2": 246057.4666666667,
        "iqr_ns": 0.0,
        "q1_ns": 1832.0,
        "q3_ns": 1832.0
      },
      "futex_op_counts": {
        "128": 6
      },
      "first_seen_ts_ns": 611951213980,
      "last_seen_ts_ns": 648953110907
    },
    {
      "tgid": 13281,
      "comm": "connector-local",
      "cgroup_id": 10614,
      "wait_duration_stats_ns": {
        "count": 3.0,
        "sum": 10750.0,
        "mean": 3583.3333333333335,
        "median": 1697.0,
        "min": 874,
        "max": 8179,
        "variance_ns2": 16009446.333333334,
        "iqr_ns": 7305.0,
        "q1_ns": 874.0,
        "q3_ns": 8179.0
      },
      "futex_op_counts": {
        "128": 3
      },
      "first_seen_ts_ns": 598014577432,
      "last_seen_ts_ns": 653880153387
    },
    {
      "tgid": 13535,
      "comm": "lmp",
      "cgroup_id": 10614,
      "wait_duration_stats_ns": {
        "count": 1.0,
        "sum": 8094.0,
        "mean": 8094.0,
        "median": 8094.0,
        "min": 8094,
        "max": 8094,
        "variance_ns2": null,
        "iqr_ns": 0.0,
        "q1_ns": 8094.0,
        "q3_ns": 8094.0
      },
      "futex_op_counts": {
        "128": 1
      },
      "first_seen_ts_ns": 653811510954,
      "last_seen_ts_ns": 653811510954
    },
    {
      "tgid": 13545,
      "comm": "lmp",
      "cgroup_id": 10614,
      "wait_duration_stats_ns": {
        "count": 1.0,
        "sum": 7828.0,
        "mean": 7828.0,
        "median": 7828.0,
        "min": 7828,
        "max": 7828,
        "variance_ns2": null,
        "iqr_ns": 0.0,
        "q1_ns": 7828.0,
        "q3_ns": 7828.0
      },
      "futex_op_counts": {
        "128": 1
      },
      "first_seen_ts_ns": 653811541645,
      "last_seen_ts_ns": 653811541645
    },
    {
      "tgid": 13533,
      "comm": "lmp",
      "cgroup_id": 10614,
      "wait_duration_stats_ns": {
        "count": 1.0,
        "sum": 7575.0,
        "mean": 7575.0,
        "median": 7575.0,
        "min": 7575,
        "max": 7575,
        "variance_ns2": null,
        "iqr_ns": 0.0,
        "q1_ns": 7575.0,
        "q3_ns": 7575.0
      },
      "futex_op_counts": {
        "128": 1
      },
      "first_seen_ts_ns": 653811511574,
      "last_seen_ts_ns": 653811511574
    },
    {
      "tgid": 13281,
      "comm": "ZMQbg/IO/0",
      "cgroup_id": 10614,
      "wait_duration_stats_ns": {
        "count": 7.0,
        "sum": 6965.0,
        "mean": 995.0,
        "median": 535.5,
        "min": 456,
        "max": 2461,
        "variance_ns2": 705849.3333333334,
        "iqr_ns": 38.33333333333337,
        "q1_ns": 518.6666666666666,
        "q3_ns": 557.0
      },
      "futex_op_counts": {
        "128": 7
      },
      "first_seen_ts_ns": 653840991629,
      "last_seen_ts_ns": 653842193092
    },
    {
      "tgid": 13281,
      "comm": "kvs-watch",
      "cgroup_id": 10614,
      "wait_duration_stats_ns": {
        "count": 2.0,
        "sum": 2967.0,
        "mean": 1483.5,
        "median": 2448.0,
        "min": 519,
        "max": 2448,
        "variance_ns2": 1860520.5,
        "iqr_ns": 1929.0,
        "q1_ns": 519.0,
        "q3_ns": 2448.0
      },
      "futex_op_counts": {
        "128": 2
      },
      "first_seen_ts_ns": 598045408237,
      "last_seen_ts_ns": 598045479549
    },
    {
      "tgid": 13281,
      "comm": "job-info",
      "cgroup_id": 10614,
      "wait_duration_stats_ns": {
        "count": 1.0,
        "sum": 1571.0,
        "mean": 1571.0,
        "median": 1571.0,
        "min": 1571,
        "max": 1571,
        "variance_ns2": null,
        "iqr_ns": 0.0,
        "q1_ns": 1571.0,
        "q3_ns": 1571.0
      },
      "futex_op_counts": {
        "128": 1
      },
      "first_seen_ts_ns": 677162248012,
      "last_seen_ts_ns": 677162248012
    }
  ]
}
[17:36:41] Cleanup complete.
