unlimited
PROGRAM: cpu
Looking for /opt/programs/cpu/ebpf-collect.c
[17:35:12] Waiting for start indicator file: '/mnt/flux/start_ebpf_collection'.
[17:35:21] Start indicator found. Proceeding with monitoring.
[17:35:21] Initializing eBPF for CPU Scheduling monitoring...
[17:35:21] BPF C code compiled and loaded.
[17:35:22] Attached tracepoints.
[17:35:22] Monitoring CPU scheduling events (polling aggregated map)... Press Ctrl+C to stop.
[17:36:41] Stop indicator file '/mnt/flux/stop_ebpf_collection' found. Stopping.
[17:36:41] Initiating cleanup sequence...
{
  "final_aggregated_summary_river": [
    {
      "tgid": 113,
      "comm": "python3",
      "cgroup_id": 10528,
      "on_cpu_stats_ns": {
        "count": 376.0,
        "sum_ns": 10854605.683586705,
        "mean_ns": 28868.632137198685,
        "median_ns": 20229.342393633662,
        "min_ns": 5891.0,
        "max_ns": 234329.0,
        "variance_ns2": 949429134.718565,
        "iqr_ns": 20665.39079189198,
        "q1_ns": 13086.504854916355,
        "q3_ns": 33751.895646808334
      },
      "runq_latency_stats_ns": {
        "count": 376.0,
        "sum_ns": 14349531.718419917,
        "mean_ns": 38163.64818728701,
        "median_ns": 6060.8607398129225,
        "min_ns": 1000.0,
        "max_ns": 2042695.0,
        "variance_ns2": 47979379465.07926,
        "iqr_ns": 2990.4115598542844,
        "q1_ns": 3869.3893489503666,
        "q3_ns": 6859.800908804651
      },
      "first_seen_ts_ns": 1747589722204897904,
      "last_seen_ts_ns": 1747589801098304620,
      "duration_active_s": 78.893406716
    },
    {
      "tgid": 351,
      "comm": "lmp",
      "cgroup_id": 10607,
      "on_cpu_stats_ns": {
        "count": 72.0,
        "sum_ns": 3502073.5,
        "mean_ns": 48639.90972222222,
        "median_ns": 43409.696484661305,
        "min_ns": 7683.5,
        "max_ns": 215331.0,
        "variance_ns2": 960106585.7910311,
        "iqr_ns": 22228.861583214813,
        "q1_ns": 29099.26874474201,
        "q3_ns": 51328.130327956824
      },
      "runq_latency_stats_ns": {
        "count": 72.0,
        "sum_ns": 9267819.499999998,
        "mean_ns": 128719.71527777775,
        "median_ns": 4915.956399944412,
        "min_ns": 1806.0,
        "max_ns": 2984196.0,
        "variance_ns2": 245851451098.78055,
        "iqr_ns": 2842.272323168517,
        "q1_ns": 4522.872254342151,
        "q3_ns": 7365.144577510668
      },
      "first_seen_ts_ns": 1747589723013759003,
      "last_seen_ts_ns": 1747589777296514242,
      "duration_active_s": 54.282755239
    },
    {
      "tgid": 288,
      "comm": "lmp",
      "cgroup_id": 10607,
      "on_cpu_stats_ns": {
        "count": 59.0,
        "sum_ns": 3130768.5,
        "mean_ns": 53063.87288135593,
        "median_ns": 51617.51595622336,
        "min_ns": 14949.0,
        "max_ns": 165667.0,
        "variance_ns2": 787034086.7637345,
        "iqr_ns": 32752.931756876067,
        "q1_ns": 32568.34593275182,
        "q3_ns": 65321.27768962789
      },
      "runq_latency_stats_ns": {
        "count": 59.0,
        "sum_ns": 5336663.000000003,
        "mean_ns": 90451.91525423733,
        "median_ns": 7415.278240285195,
        "min_ns": 2333.0,
        "max_ns": 2973230.0,
        "variance_ns2": 213253109678.90656,
        "iqr_ns": 9155.57022593799,
        "q1_ns": 4667.2885763368695,
        "q3_ns": 13822.858802274859
      },
      "first_seen_ts_ns": 1747589734685438462,
      "last_seen_ts_ns": 1747589779052090813,
      "duration_active_s": 44.366652351
    },
    {
      "tgid": 240,
      "comm": "lmp",
      "cgroup_id": 10607,
      "on_cpu_stats_ns": {
        "count": 76.0,
        "sum_ns": 2742556.5000000014,
        "mean_ns": 36086.26973684212,
        "median_ns": 32620.492624133214,
        "min_ns": 10051.0,
        "max_ns": 92494.0,
        "variance_ns2": 295517119.0096051,
        "iqr_ns": 27271.09730995366,
        "q1_ns": 23596.29815429697,
        "q3_ns": 50867.39546425063
      },
      "runq_latency_stats_ns": {
        "count": 76.0,
        "sum_ns": 10490104.499999993,
        "mean_ns": 138027.6907894736,
        "median_ns": 4971.942557599391,
        "min_ns": 1138.0,
        "max_ns": 3994652.0,
        "variance_ns2": 433148295843.7666,
        "iqr_ns": 3566.2169662728775,
        "q1_ns": 3333.4567212355123,
        "q3_ns": 6899.67368750839
      },
      "first_seen_ts_ns": 1747589722515259820,
      "last_seen_ts_ns": 1747589779256214017,
      "duration_active_s": 56.740954197
    },
    {
      "tgid": 1,
      "comm": "pause",
      "cgroup_id": 10370,
      "on_cpu_stats_ns": {
        "count": 12.0,
        "sum_ns": 2455588.2142857136,
        "mean_ns": 204632.35119047615,
        "median_ns": 122879.20833333333,
        "min_ns": 104634.0,
        "max_ns": 668565.5,
        "variance_ns2": 33347084033.493004,
        "iqr_ns": 37484.794444444444,
        "q1_ns": 115711.95555555556,
        "q3_ns": 153196.75
      },
      "runq_latency_stats_ns": {
        "count": 12.0,
        "sum_ns": 6011275.476190476,
        "mean_ns": 500939.623015873,
        "median_ns": 79427.72839506171,
        "min_ns": 1065.0,
        "max_ns": 3936253.0,
        "variance_ns2": 1501595766184.5278,
        "iqr_ns": 322268.46197089937,
        "q1_ns": 3761.0,
        "q3_ns": 326029.46197089937
      },
      "first_seen_ts_ns": 1747589723587768160,
      "last_seen_ts_ns": 1747589801402904767,
      "duration_active_s": 77.815136607
    },
    {
      "tgid": 258,
      "comm": "lmp",
      "cgroup_id": 10607,
      "on_cpu_stats_ns": {
        "count": 64.0,
        "sum_ns": 2219870.4999999995,
        "mean_ns": 34685.47656249999,
        "median_ns": 32689.898432241425,
        "min_ns": 10663.0,
        "max_ns": 83483.0,
        "variance_ns2": 301726028.5113469,
        "iqr_ns": 32130.95623089955,
        "q1_ns": 17669.865421422048,
        "q3_ns": 49800.821652321596
      },
      "runq_latency_stats_ns": {
        "count": 64.0,
        "sum_ns": 4835537.500000002,
        "mean_ns": 75555.27343750003,
        "median_ns": 4278.470645770856,
        "min_ns": 1348.0,
        "max_ns": 4005826.0,
        "variance_ns2": 253949890847.3407,
        "iqr_ns": 18792.001058867438,
        "q1_ns": 3253.4961634842193,
        "q3_ns": 22045.497222351656
      },
      "first_seen_ts_ns": 1747589732958037041,
      "last_seen_ts_ns": 1747589778948663699,
      "duration_active_s": 45.990626658
    },
    {
      "tgid": 318,
      "comm": "lmp",
      "cgroup_id": 10607,
      "on_cpu_stats_ns": {
        "count": 45.0,
        "sum_ns": 1933424.0,
        "mean_ns": 42964.97777777778,
        "median_ns": 34873.63724286621,
        "min_ns": 15314.0,
        "max_ns": 212592.0,
        "variance_ns2": 916881060.0676764,
        "iqr_ns": 22659.571025479105,
        "q1_ns": 26465.090869898188,
        "q3_ns": 49124.66189537729
      },
      "runq_latency_stats_ns": {
        "count": 45.0,
        "sum_ns": 2226637.000000001,
        "mean_ns": 49480.82222222224,
        "median_ns": 5314.529239917149,
        "min_ns": 1537.0,
        "max_ns": 1998741.0,
        "variance_ns2": 88321372193.28584,
        "iqr_ns": 1569.7239597221424,
        "q1_ns": 4152.142790775538,
        "q3_ns": 5721.86675049768
      },
      "first_seen_ts_ns": 1747589733668089259,
      "last_seen_ts_ns": 1747589777296514242,
      "duration_active_s": 43.628424983
    },
    {
      "tgid": 330,
      "comm": "lmp",
      "cgroup_id": 10607,
      "on_cpu_stats_ns": {
        "count": 61.0,
        "sum_ns": 1690691.4999999993,
        "mean_ns": 27716.254098360645,
        "median_ns": 27980.24382289882,
        "min_ns": 10989.0,
        "max_ns": 53088.0,
        "variance_ns2": 103555912.53019126,
        "iqr_ns": 9961.252484140368,
        "q1_ns": 22223.7692645052,
        "q3_ns": 32185.02174864557
      },
      "runq_latency_stats_ns": {
        "count": 61.0,
        "sum_ns": 3813986.000000001,
        "mean_ns": 62524.36065573772,
        "median_ns": 4033.621812138486,
        "min_ns": 1116.0,
        "max_ns": 2000038.0,
        "variance_ns2": 100320446964.62613,
        "iqr_ns": 4299.2648855279,
        "q1_ns": 2977.9069070838273,
        "q3_ns": 7277.171792611728
      },
      "first_seen_ts_ns": 1747589723013759003,
      "last_seen_ts_ns": 1747589778135816373,
      "duration_active_s": 55.12205737
    },
    {
      "tgid": 304,
      "comm": "lmp",
      "cgroup_id": 10607,
      "on_cpu_stats_ns": {
        "count": 28.0,
        "sum_ns": 572063.5411764706,
        "mean_ns": 20430.84075630252,
        "median_ns": 21323.766164721055,
        "min_ns": 6095.0,
        "max_ns": 35830.0,
        "variance_ns2": 50004736.89740337,
        "iqr_ns": 6986.026324493614,
        "q1_ns": 18245.794111701493,
        "q3_ns": 25231.820436195107
      },
      "runq_latency_stats_ns": {
        "count": 28.0,
        "sum_ns": 186108.53333333333,
        "mean_ns": 6646.733333333333,
        "median_ns": 7365.981285792448,
        "min_ns": 1401.5333333333333,
        "max_ns": 9786.0,
        "variance_ns2": 3513707.5022222213,
        "iqr_ns": 1460.0075958704874,
        "q1_ns": 6444.623278405148,
        "q3_ns": 7904.6308742756355
      },
      "first_seen_ts_ns": 1747589723013759003,
      "last_seen_ts_ns": 1747589775026769710,
      "duration_active_s": 52.013010707
    },
    {
      "tgid": 274,
      "comm": "lmp",
      "cgroup_id": 10607,
      "on_cpu_stats_ns": {
        "count": 23.0,
        "sum_ns": 562399.388888889,
        "mean_ns": 24452.147342995173,
        "median_ns": 22271.995847785445,
        "min_ns": 10009.0,
        "max_ns": 67567.0,
        "variance_ns2": 239530274.21145028,
        "iqr_ns": 20136.061079098414,
        "q1_ns": 12682.278014438773,
        "q3_ns": 32818.339093537186
      },
      "runq_latency_stats_ns": {
        "count": 23.0,
        "sum_ns": 186432.5,
        "mean_ns": 8105.760869565218,
        "median_ns": 5240.284891345427,
        "min_ns": 1325.0,
        "max_ns": 74238.0,
        "variance_ns2": 214016473.99703562,
        "iqr_ns": 5751.063234747024,
        "q1_ns": 2299.315476190476,
        "q3_ns": 8050.3787109375
      },
      "first_seen_ts_ns": 1747589723013759003,
      "last_seen_ts_ns": 1747589775026769710,
      "duration_active_s": 52.013010707
    },
    {
      "tgid": 346,
      "comm": "lmp",
      "cgroup_id": 10607,
      "on_cpu_stats_ns": {
        "count": 29.0,
        "sum_ns": 555182.0714285716,
        "mean_ns": 19144.209359605917,
        "median_ns": 19584.45164350357,
        "min_ns": 7114.0,
        "max_ns": 30655.0,
        "variance_ns2": 42712510.47592238,
        "iqr_ns": 9926.083979739866,
        "q1_ns": 15704.47328729711,
        "q3_ns": 25630.557267036977
      },
      "runq_latency_stats_ns": {
        "count": 29.0,
        "sum_ns": 263475.9285714286,
        "mean_ns": 9085.376847290641,
        "median_ns": 6929.687509468304,
        "min_ns": 1106.7142857142858,
        "max_ns": 57230.0,
        "variance_ns2": 110225585.74012268,
        "iqr_ns": 1859.465850394422,
        "q1_ns": 5673.102083334251,
        "q3_ns": 7532.567933728673
      },
      "first_seen_ts_ns": 1747589723013759003,
      "last_seen_ts_ns": 1747589775026769710,
      "duration_active_s": 52.013010707
    },
    {
      "tgid": 334,
      "comm": "lmp",
      "cgroup_id": 10607,
      "on_cpu_stats_ns": {
        "count": 28.0,
        "sum_ns": 521794.7857142856,
        "mean_ns": 18635.528061224486,
        "median_ns": 17803.062087154456,
        "min_ns": 6954.0,
        "max_ns": 29944.0,
        "variance_ns2": 37722883.571178876,
        "iqr_ns": 9402.042338044217,
        "q1_ns": 13898.725747962124,
        "q3_ns": 23300.76808600634
      },
      "runq_latency_stats_ns": {
        "count": 28.0,
        "sum_ns": 204437.7857142857,
        "mean_ns": 7301.349489795918,
        "median_ns": 6951.8436256381065,
        "min_ns": 1129.0,
        "max_ns": 30782.0,
        "variance_ns2": 28036778.885615755,
        "iqr_ns": 1338.7642854264122,
        "q1_ns": 6172.45036727887,
        "q3_ns": 7511.214652705282
      },
      "first_seen_ts_ns": 1747589723013759003,
      "last_seen_ts_ns": 1747589775026769710,
      "duration_active_s": 52.013010707
    },
    {
      "tgid": 280,
      "comm": "lmp",
      "cgroup_id": 10607,
      "on_cpu_stats_ns": {
        "count": 19.0,
        "sum_ns": 413369.2222222222,
        "mean_ns": 21756.27485380117,
        "median_ns": 21710.723254276498,
        "min_ns": 7383.0,
        "max_ns": 36055.0,
        "variance_ns2": 58517043.55880441,
        "iqr_ns": 12287.345916060909,
        "q1_ns": 15565.745188208617,
        "q3_ns": 27853.091104269526
      },
      "runq_latency_stats_ns": {
        "count": 19.0,
        "sum_ns": 229669.55555555553,
        "mean_ns": 12087.871345029238,
        "median_ns": 6357.900447653341,
        "min_ns": 1564.5555555555557,
        "max_ns": 68901.0,
        "variance_ns2": 290460170.6478232,
        "iqr_ns": 6004.2649820793795,
        "q1_ns": 6279.50330519992,
        "q3_ns": 12283.7682872793
      },
      "first_seen_ts_ns": 1747589723013759003,
      "last_seen_ts_ns": 1747589775026769710,
      "duration_active_s": 52.013010707
    },
    {
      "tgid": 244,
      "comm": "lmp",
      "cgroup_id": 10607,
      "on_cpu_stats_ns": {
        "count": 18.0,
        "sum_ns": 382368.1764705883,
        "mean_ns": 21242.676470588238,
        "median_ns": 23554.188634765014,
        "min_ns": 8315.0,
        "max_ns": 36628.0,
        "variance_ns2": 61253455.62802767,
        "iqr_ns": 15354.210086454876,
        "q1_ns": 10937.357567702407,
        "q3_ns": 26291.567654157283
      },
      "runq_latency_stats_ns": {
        "count": 18.0,
        "sum_ns": 136997.17647058822,
        "mean_ns": 7610.9542483660125,
        "median_ns": 6720.290173384168,
        "min_ns": 1167.1764705882354,
        "max_ns": 39422.0,
        "variance_ns2": 66746286.97885429,
        "iqr_ns": 313.12058490062736,
        "q1_ns": 6951.13858876884,
        "q3_ns": 7264.259173669468
      },
      "first_seen_ts_ns": 1747589722901460161,
      "last_seen_ts_ns": 1747589775026769710,
      "duration_active_s": 52.125309549
    },
    {
      "tgid": 196,
      "comm": "lmp",
      "cgroup_id": 10607,
      "on_cpu_stats_ns": {
        "count": 18.0,
        "sum_ns": 360866.8823529412,
        "mean_ns": 20048.160130718956,
        "median_ns": 21003.321298727824,
        "min_ns": 8641.882352941177,
        "max_ns": 43096.0,
        "variance_ns2": 66604670.25394079,
        "iqr_ns": 9557.953141984839,
        "q1_ns": 17948.82485769076,
        "q3_ns": 27506.7779996756
      },
      "runq_latency_stats_ns": {
        "count": 18.0,
        "sum_ns": 133178.76470588235,
        "mean_ns": 7398.820261437908,
        "median_ns": 6937.966436274511,
        "min_ns": 1260.764705882353,
        "max_ns": 40663.0,
        "variance_ns2": 73449161.93790849,
        "iqr_ns": 2902.052426265587,
        "q1_ns": 4438.6759178568545,
        "q3_ns": 7340.728344122442
      },
      "first_seen_ts_ns": 1747589722901460161,
      "last_seen_ts_ns": 1747589775026769710,
      "duration_active_s": 52.125309549
    },
    {
      "tgid": 298,
      "comm": "lmp",
      "cgroup_id": 10607,
      "on_cpu_stats_ns": {
        "count": 17.0,
        "sum_ns": 333136.5294117647,
        "mean_ns": 19596.26643598616,
        "median_ns": 18192.617699856764,
        "min_ns": 9642.0,
        "max_ns": 34252.0,
        "variance_ns2": 66241392.95679829,
        "iqr_ns": 14042.636309769894,
        "q1_ns": 12388.8643139441,
        "q3_ns": 26431.500623713993
      },
      "runq_latency_stats_ns": {
        "count": 17.0,
        "sum_ns": 99102.58823529413,
        "mean_ns": 5829.564013840831,
        "median_ns": 5748.572621641249,
        "min_ns": 1259.5882352941176,
        "max_ns": 9495.0,
        "variance_ns2": 6150589.216720944,
        "iqr_ns": 4360.429928757853,
        "q1_ns": 3558.5112807623045,
        "q3_ns": 7918.941209520158
      },
      "first_seen_ts_ns": 1747589722901460161,
      "last_seen_ts_ns": 1747589775026769710,
      "duration_active_s": 52.125309549
    },
    {
      "tgid": 286,
      "comm": "lmp",
      "cgroup_id": 10607,
      "on_cpu_stats_ns": {
        "count": 16.0,
        "sum_ns": 330462.4375,
        "mean_ns": 20653.90234375,
        "median_ns": 24925.670112364973,
        "min_ns": 7746.0,
        "max_ns": 34790.0,
        "variance_ns2": 58488958.14425455,
        "iqr_ns": 11560.341641191648,
        "q1_ns": 14945.9895,
        "q3_ns": 26506.331141191647
      },
      "runq_latency_stats_ns": {
        "count": 16.0,
        "sum_ns": 178775.5625,
        "mean_ns": 11173.47265625,
        "median_ns": 7452.006062437997,
        "min_ns": 1474.5625,
        "max_ns": 38814.0,
        "variance_ns2": 98229412.15779622,
        "iqr_ns": 7673.516478587962,
        "q1_ns": 6570.266203703704,
        "q3_ns": 14243.782682291667
      },
      "first_seen_ts_ns": 1747589722901460161,
      "last_seen_ts_ns": 1747589775026769710,
      "duration_active_s": 52.125309549
    },
    {
      "tgid": 292,
      "comm": "lmp",
      "cgroup_id": 10607,
      "on_cpu_stats_ns": {
        "count": 16.0,
        "sum_ns": 325556.41176470584,
        "mean_ns": 20347.275735294115,
        "median_ns": 19718.38041294643,
        "min_ns": 10819.411764705883,
        "max_ns": 38808.0,
        "variance_ns2": 60735056.557655714,
        "iqr_ns": 10950.850137357025,
        "q1_ns": 13216.165416666667,
        "q3_ns": 24167.015554023692
      },
      "runq_latency_stats_ns": {
        "count": 16.0,
        "sum_ns": 203470.17647058825,
        "mean_ns": 12716.886029411766,
        "median_ns": 6533.954894957984,
        "min_ns": 1210.1764705882354,
        "max_ns": 79774.0,
        "variance_ns2": 390482777.36861306,
        "iqr_ns": 3088.125343655982,
        "q1_ns": 6223.902615675899,
        "q3_ns": 9312.027959331881
      },
      "first_seen_ts_ns": 1747589722901460161,
      "last_seen_ts_ns": 1747589775026769710,
      "duration_active_s": 52.125309549
    },
    {
      "tgid": 316,
      "comm": "lmp",
      "cgroup_id": 10607,
      "on_cpu_stats_ns": {
        "count": 16.0,
        "sum_ns": 324371.0,
        "mean_ns": 20273.1875,
        "median_ns": 21741.244603174608,
        "min_ns": 7618.0,
        "max_ns": 33420.0,
        "variance_ns2": 49897538.295833334,
        "iqr_ns": 9489.522247023808,
        "q1_ns": 14618.094155092593,
        "q3_ns": 24107.6164021164
      },
      "runq_latency_stats_ns": {
        "count": 16.0,
        "sum_ns": 192748.3571428572,
        "mean_ns": 12046.772321428574,
        "median_ns": 6901.849107142858,
        "min_ns": 1684.357142857143,
        "max_ns": 66051.0,
        "variance_ns2": 259084395.27701965,
        "iqr_ns": 9239.341567460315,
        "q1_ns": 6684.944940476191,
        "q3_ns": 15924.286507936506
      },
      "first_seen_ts_ns": 1747589722901460161,
      "last_seen_ts_ns": 1747589775026769710,
      "duration_active_s": 52.125309549
    },
    {
      "tgid": 322,
      "comm": "lmp",
      "cgroup_id": 10607,
      "on_cpu_stats_ns": {
        "count": 16.0,
        "sum_ns": 323948.7142857143,
        "mean_ns": 20246.794642857145,
        "median_ns": 22928.16011904762,
        "min_ns": 6633.0,
        "max_ns": 32013.0,
        "variance_ns2": 47467624.465221085,
        "iqr_ns": 8823.351112370872,
        "q1_ns": 16125.26777777778,
        "q3_ns": 24948.618890148653
      },
      "runq_latency_stats_ns": {
        "count": 16.0,
        "sum_ns": 178556.28571428574,
        "mean_ns": 11159.767857142859,
        "median_ns": 7158.691028911564,
        "min_ns": 1182.2857142857142,
        "max_ns": 97082.0,
        "variance_ns2": 529358481.1670068,
        "iqr_ns": 3476.604939161015,
        "q1_ns": 4738.422222222222,
        "q3_ns": 8215.027161383237
      },
      "first_seen_ts_ns": 1747589722901460161,
      "last_seen_ts_ns": 1747589775026769710,
      "duration_active_s": 52.125309549
    },
    {
      "tgid": 250,
      "comm": "lmp",
      "cgroup_id": 10607,
      "on_cpu_stats_ns": {
        "count": 17.0,
        "sum_ns": 316044.44444444444,
        "mean_ns": 18590.849673202614,
        "median_ns": 16219.1162954495,
        "min_ns": 8660.0,
        "max_ns": 28836.0,
        "variance_ns2": 41470120.911946274,
        "iqr_ns": 11674.050669812754,
        "q1_ns": 12320.671375444417,
        "q3_ns": 23994.72204525717
      },
      "runq_latency_stats_ns": {
        "count": 17.0,
        "sum_ns": 112709.22222222222,
        "mean_ns": 6629.9542483660125,
        "median_ns": 6956.7662037037035,
        "min_ns": 1266.2222222222222,
        "max_ns": 24157.0,
        "variance_ns2": 24191720.688362386,
        "iqr_ns": 1870.6937435689351,
        "q1_ns": 5412.872078216569,
        "q3_ns": 7283.565821785504
      },
      "first_seen_ts_ns": 1747589723013759003,
      "last_seen_ts_ns": 1747589775026769710,
      "duration_active_s": 52.013010707
    },
    {
      "tgid": 268,
      "comm": "lmp",
      "cgroup_id": 10607,
      "on_cpu_stats_ns": {
        "count": 18.0,
        "sum_ns": 313092.0,
        "mean_ns": 17394.0,
        "median_ns": 14875.78053252551,
        "min_ns": 8670.0,
        "max_ns": 31620.0,
        "variance_ns2": 49646259.17647059,
        "iqr_ns": 12439.028950244287,
        "q1_ns": 11112.168993729178,
        "q3_ns": 23551.197943973464
      },
      "runq_latency_stats_ns": {
        "count": 18.0,
        "sum_ns": 90768.35294117648,
        "mean_ns": 5042.686274509804,
        "median_ns": 5912.339958867102,
        "min_ns": 1312.3529411764705,
        "max_ns": 7662.0,
        "variance_ns2": 3905803.688581314,
        "iqr_ns": 2491.5295907071595,
        "q1_ns": 4263.9,
        "q3_ns": 6755.429590707159
      },
      "first_seen_ts_ns": 1747589722515259820,
      "last_seen_ts_ns": 1747589775026769710,
      "duration_active_s": 52.51150989
    },
    {
      "tgid": 202,
      "comm": "lmp",
      "cgroup_id": 10607,
      "on_cpu_stats_ns": {
        "count": 16.0,
        "sum_ns": 306590.17647058825,
        "mean_ns": 19161.886029411766,
        "median_ns": 19885.996949891065,
        "min_ns": 9039.176470588236,
        "max_ns": 30232.0,
        "variance_ns2": 28245168.46665224,
        "iqr_ns": 8611.245658846672,
        "q1_ns": 13999.741666666667,
        "q3_ns": 22610.98732551334
      },
      "runq_latency_stats_ns": {
        "count": 16.0,
        "sum_ns": 255120.9411764706,
        "mean_ns": 15945.058823529413,
        "median_ns": 7076.254347259737,
        "min_ns": 1537.9411764705883,
        "max_ns": 95188.0,
        "variance_ns2": 689017186.3926183,
        "iqr_ns": 15681.338480709153,
        "q1_ns": 6256.897597722217,
        "q3_ns": 21938.23607843137
      },
      "first_seen_ts_ns": 1747589722901460161,
      "last_seen_ts_ns": 1747589775026769710,
      "duration_active_s": 52.125309549
    },
    {
      "tgid": 238,
      "comm": "lmp",
      "cgroup_id": 10607,
      "on_cpu_stats_ns": {
        "count": 17.0,
        "sum_ns": 305953.4705882353,
        "mean_ns": 17997.262975778547,
        "median_ns": 18341.389621657996,
        "min_ns": 9232.470588235294,
        "max_ns": 31540.0,
        "variance_ns2": 38396580.10212701,
        "iqr_ns": 6951.254861327157,
        "q1_ns": 14424.483166616646,
        "q3_ns": 21375.738027943804
      },
      "runq_latency_stats_ns": {
        "count": 17.0,
        "sum_ns": 131062.94117647059,
        "mean_ns": 7709.584775086505,
        "median_ns": 6938.917194877953,
        "min_ns": 1418.9411764705883,
        "max_ns": 23405.0,
        "variance_ns2": 24832353.011881746,
        "iqr_ns": 2119.514889408695,
        "q1_ns": 5226.485110591305,
        "q3_ns": 7346.0
      },
      "first_seen_ts_ns": 1747589722901460161,
      "last_seen_ts_ns": 1747589775026769710,
      "duration_active_s": 52.125309549
    },
    {
      "tgid": 226,
      "comm": "lmp",
      "cgroup_id": 10607,
      "on_cpu_stats_ns": {
        "count": 16.0,
        "sum_ns": 305919.29411764705,
        "mean_ns": 19119.95588235294,
        "median_ns": 18271.134237983388,
        "min_ns": 9231.29411764706,
        "max_ns": 28094.0,
        "variance_ns2": 34178052.26643599,
        "iqr_ns": 10904.775824688895,
        "q1_ns": 13025.737777777777,
        "q3_ns": 23930.51360246667
      },
      "runq_latency_stats_ns": {
        "count": 16.0,
        "sum_ns": 152845.35294117648,
        "mean_ns": 9552.83455882353,
        "median_ns": 7200.383426704015,
        "min_ns": 1409.3529411764705,
        "max_ns": 44458.0,
        "variance_ns2": 109713494.39871685,
        "iqr_ns": 1532.3972630718963,
        "q1_ns": 5267.602736928104,
        "q3_ns": 6800.0
      },
      "first_seen_ts_ns": 1747589722901460161,
      "last_seen_ts_ns": 1747589775026769710,
      "duration_active_s": 52.125309549
    },
    {
      "tgid": 214,
      "comm": "lmp",
      "cgroup_id": 10607,
      "on_cpu_stats_ns": {
        "count": 16.0,
        "sum_ns": 298625.8235294117,
        "mean_ns": 18664.11397058823,
        "median_ns": 16330.488961510528,
        "min_ns": 8853.823529411764,
        "max_ns": 30907.0,
        "variance_ns2": 43122578.01175031,
        "iqr_ns": 12594.0622706377,
        "q1_ns": 11329.18,
        "q3_ns": 23923.2422706377
      },
      "runq_latency_stats_ns": {
        "count": 16.0,
        "sum_ns": 133168.23529411768,
        "mean_ns": 8323.014705882355,
        "median_ns": 6619.2871806255835,
        "min_ns": 1160.235294117647,
        "max_ns": 36933.0,
        "variance_ns2": 66047641.68189159,
        "iqr_ns": 2491.4038816915654,
        "q1_ns": 4558.596118308435,
        "q3_ns": 7050.0
      },
      "first_seen_ts_ns": 1747589722901460161,
      "last_seen_ts_ns": 1747589775026769710,
      "duration_active_s": 52.125309549
    },
    {
      "tgid": 208,
      "comm": "lmp",
      "cgroup_id": 10607,
      "on_cpu_stats_ns": {
        "count": 16.0,
        "sum_ns": 295817.0,
        "mean_ns": 18488.5625,
        "median_ns": 17960.46748046875,
        "min_ns": 8075.0,
        "max_ns": 35213.0,
        "variance_ns2": 55473714.529166676,
        "iqr_ns": 13535.713230844298,
        "q1_ns": 10547.74,
        "q3_ns": 24083.453230844298
      },
      "runq_latency_stats_ns": {
        "count": 16.0,
        "sum_ns": 107904.11764705881,
        "mean_ns": 6744.007352941176,
        "median_ns": 7135.536176470588,
        "min_ns": 1245.1176470588234,
        "max_ns": 17026.0,
        "variance_ns2": 11650094.94204152,
        "iqr_ns": 2502.157959850607,
        "q1_ns": 5243.889682539682,
        "q3_ns": 7746.047642390289
      },
      "first_seen_ts_ns": 1747589722901460161,
      "last_seen_ts_ns": 1747589775026769710,
      "duration_active_s": 52.125309549
    },
    {
      "tgid": 83,
      "comm": "heartbeat",
      "cgroup_id": 10607,
      "on_cpu_stats_ns": {
        "count": 20.0,
        "sum_ns": 294877.36000000004,
        "mean_ns": 14743.868000000002,
        "median_ns": 11651.621134259258,
        "min_ns": 7830.0,
        "max_ns": 31358.0,
        "variance_ns2": 41478422.25163789,
        "iqr_ns": 8678.079433035715,
        "q1_ns": 10339.043881250002,
        "q3_ns": 19017.123314285716
      },
      "runq_latency_stats_ns": {
        "count": 20.0,
        "sum_ns": 554260.1599999999,
        "mean_ns": 27713.007999999994,
        "median_ns": 8616.95526111111,
        "min_ns": 1256.0,
        "max_ns": 449018.0,
        "variance_ns2": 9836781494.986542,
        "iqr_ns": 26828.729059376838,
        "q1_ns": 4225.691760728983,
        "q3_ns": 31054.42082010582
      },
      "first_seen_ts_ns": 1747589723013759003,
      "last_seen_ts_ns": 1747589798975234154,
      "duration_active_s": 75.961475151
    },
    {
      "tgid": 328,
      "comm": "lmp",
      "cgroup_id": 10607,
      "on_cpu_stats_ns": {
        "count": 15.0,
        "sum_ns": 292576.14285714284,
        "mean_ns": 19505.07619047619,
        "median_ns": 20124.204617228836,
        "min_ns": 8615.0,
        "max_ns": 28191.0,
        "variance_ns2": 45462025.35238095,
        "iqr_ns": 12247.124720568783,
        "q1_ns": 12112.934761904762,
        "q3_ns": 24360.059482473545
      },
      "runq_latency_stats_ns": {
        "count": 15.0,
        "sum_ns": 129905.64285714286,
        "mean_ns": 8660.37619047619,
        "median_ns": 5379.690210459184,
        "min_ns": 1167.642857142857,
        "max_ns": 50448.0,
        "variance_ns2": 137278922.10238096,
        "iqr_ns": 2967.461112160914,
        "q1_ns": 4147.322817460317,
        "q3_ns": 7114.783929621231
      },
      "first_seen_ts_ns": 1747589723013759003,
      "last_seen_ts_ns": 1747589775026769710,
      "duration_active_s": 52.013010707
    },
    {
      "tgid": 28,
      "comm": "bash",
      "cgroup_id": 10528,
      "on_cpu_stats_ns": {
        "count": 21.0,
        "sum_ns": 284779.42500000005,
        "mean_ns": 13560.925000000001,
        "median_ns": 12245.025666065367,
        "min_ns": 8900.425,
        "max_ns": 24306.0,
        "variance_ns2": 16324271.110625004,
        "iqr_ns": 3652.262551958969,
        "q1_ns": 11174.667314820497,
        "q3_ns": 14826.929866779466
      },
      "runq_latency_stats_ns": {
        "count": 21.0,
        "sum_ns": 115228.42500000002,
        "mean_ns": 5487.067857142858,
        "median_ns": 5582.490701449243,
        "min_ns": 1370.425,
        "max_ns": 9817.0,
        "variance_ns2": 2643081.8816964286,
        "iqr_ns": 1154.4858889856441,
        "q1_ns": 5128.745503012025,
        "q3_ns": 6283.23139199767
      },
      "first_seen_ts_ns": 1747589723013759003,
      "last_seen_ts_ns": 1747589798975234154,
      "duration_active_s": 75.961475151
    },
    {
      "tgid": 190,
      "comm": "lmp",
      "cgroup_id": 10607,
      "on_cpu_stats_ns": {
        "count": 15.0,
        "sum_ns": 284382.4705882353,
        "mean_ns": 18958.83137254902,
        "median_ns": 18941.622112949346,
        "min_ns": 9231.470588235294,
        "max_ns": 27699.0,
        "variance_ns2": 37459404.07358708,
        "iqr_ns": 11905.159346190698,
        "q1_ns": 12172.26,
        "q3_ns": 24077.419346190698
      },
      "runq_latency_stats_ns": {
        "count": 15.0,
        "sum_ns": 206427.00000000003,
        "mean_ns": 13761.800000000001,
        "median_ns": 10196.968422619047,
        "min_ns": 1386.0,
        "max_ns": 62966.0,
        "variance_ns2": 396821937.02857155,
        "iqr_ns": 19502.873677248674,
        "q1_ns": 4780.075396825398,
        "q3_ns": 24282.949074074073
      },
      "first_seen_ts_ns": 1747589722901460161,
      "last_seen_ts_ns": 1747589775026769710,
      "duration_active_s": 52.125309549
    },
    {
      "tgid": 220,
      "comm": "lmp",
      "cgroup_id": 10607,
      "on_cpu_stats_ns": {
        "count": 15.0,
        "sum_ns": 284229.2352941177,
        "mean_ns": 18948.615686274512,
        "median_ns": 21294.943122446897,
        "min_ns": 8455.0,
        "max_ns": 31394.0,
        "variance_ns2": 51865015.61881693,
        "iqr_ns": 13799.398819494878,
        "q1_ns": 9877.102156862746,
        "q3_ns": 23676.500976357624
      },
      "runq_latency_stats_ns": {
        "count": 15.0,
        "sum_ns": 176776.88235294115,
        "mean_ns": 11785.125490196076,
        "median_ns": 6442.027777777777,
        "min_ns": 1255.8823529411766,
        "max_ns": 91742.0,
        "variance_ns2": 492402376.5135278,
        "iqr_ns": 2459.8166666666666,
        "q1_ns": 5126.933333333333,
        "q3_ns": 7586.75
      },
      "first_seen_ts_ns": 1747589723013759003,
      "last_seen_ts_ns": 1747589775026769710,
      "duration_active_s": 52.013010707
    },
    {
      "tgid": 179,
      "comm": "lmp",
      "cgroup_id": 10607,
      "on_cpu_stats_ns": {
        "count": 14.0,
        "sum_ns": 278581.76470588235,
        "mean_ns": 19898.697478991595,
        "median_ns": 21738.938639900407,
        "min_ns": 8308.764705882353,
        "max_ns": 33665.0,
        "variance_ns2": 54656674.06859577,
        "iqr_ns": 14799.495550807773,
        "q1_ns": 11160.594576719577,
        "q3_ns": 25960.09012752735
      },
      "runq_latency_stats_ns": {
        "count": 14.0,
        "sum_ns": 151083.58823529413,
        "mean_ns": 10791.68487394958,
        "median_ns": 6931.732026143791,
        "min_ns": 1396.5882352941176,
        "max_ns": 71850.0,
        "variance_ns2": 311579035.3721624,
        "iqr_ns": 3826.710674894958,
        "q1_ns": 6761.464161706349,
        "q3_ns": 10588.174836601307
      },
      "first_seen_ts_ns": 1747589723013759003,
      "last_seen_ts_ns": 1747589775026769710,
      "duration_active_s": 52.013010707
    },
    {
      "tgid": 256,
      "comm": "lmp",
      "cgroup_id": 10607,
      "on_cpu_stats_ns": {
        "count": 16.0,
        "sum_ns": 277353.1176470588,
        "mean_ns": 17334.569852941175,
        "median_ns": 16127.84643927015,
        "min_ns": 8158.0,
        "max_ns": 24971.0,
        "variance_ns2": 44281994.348659165,
        "iqr_ns": 12724.277584797328,
        "q1_ns": 10263.736980392157,
        "q3_ns": 22988.014565189485
      },
      "runq_latency_stats_ns": {
        "count": 16.0,
        "sum_ns": 224439.94117647057,
        "mean_ns": 14027.49632352941,
        "median_ns": 10248.330532212885,
        "min_ns": 1102.9411764705883,
        "max_ns": 73002.0,
        "variance_ns2": 482085934.43551046,
        "iqr_ns": 13808.635462055194,
        "q1_ns": 6629.32750090777,
        "q3_ns": 20437.962962962964
      },
      "first_seen_ts_ns": 1747589722901460161,
      "last_seen_ts_ns": 1747589775026769710,
      "duration_active_s": 52.125309549
    },
    {
      "tgid": 83,
      "comm": "resource",
      "cgroup_id": 10607,
      "on_cpu_stats_ns": {
        "count": 20.0,
        "sum_ns": 274309.3076923077,
        "mean_ns": 13715.465384615385,
        "median_ns": 11521.265551605953,
        "min_ns": 6806.0,
        "max_ns": 21927.0,
        "variance_ns2": 24263351.343802553,
        "iqr_ns": 7415.096557653598,
        "q1_ns": 10459.961100737395,
        "q3_ns": 17875.057658390993
      },
      "runq_latency_stats_ns": {
        "count": 20.0,
        "sum_ns": 121537.80769230769,
        "mean_ns": 6076.890384615384,
        "median_ns": 5837.532162269385,
        "min_ns": 1403.8076923076924,
        "max_ns": 8542.0,
        "variance_ns2": 2787059.8475981,
        "iqr_ns": 2797.956401859423,
        "q1_ns": 4340.294377619035,
        "q3_ns": 7138.250779478458
      },
      "first_seen_ts_ns": 1747589723013759003,
      "last_seen_ts_ns": 1747589798975234154,
      "duration_active_s": 75.961475151
    },
    {
      "tgid": 232,
      "comm": "lmp",
      "cgroup_id": 10607,
      "on_cpu_stats_ns": {
        "count": 15.0,
        "sum_ns": 268181.3529411765,
        "mean_ns": 17878.7568627451,
        "median_ns": 17864.550525315448,
        "min_ns": 7715.0,
        "max_ns": 26299.0,
        "variance_ns2": 46488677.718668625,
        "iqr_ns": 13480.100011604092,
        "q1_ns": 9300.658039215687,
        "q3_ns": 22780.75805081978
      },
      "runq_latency_stats_ns": {
        "count": 15.0,
        "sum_ns": 118808.52941176473,
        "mean_ns": 7920.568627450982,
        "median_ns": 5885.129320057191,
        "min_ns": 1291.5294117647059,
        "max_ns": 34470.0,
        "variance_ns2": 57964340.74921734,
        "iqr_ns": 4048.6167444755683,
        "q1_ns": 4341.804357298475,
        "q3_ns": 8390.421101774044
      },
      "first_seen_ts_ns": 1747589723013759003,
      "last_seen_ts_ns": 1747589775026769710,
      "duration_active_s": 52.013010707
    },
    {
      "tgid": 262,
      "comm": "lmp",
      "cgroup_id": 10607,
      "on_cpu_stats_ns": {
        "count": 16.0,
        "sum_ns": 263285.82352941175,
        "mean_ns": 16455.363970588234,
        "median_ns": 16497.34165645425,
        "min_ns": 7843.0,
        "max_ns": 24179.0,
        "variance_ns2": 31405939.845083617,
        "iqr_ns": 8270.951773657507,
        "q1_ns": 11587.742720588234,
        "q3_ns": 19858.69449424574
      },
      "runq_latency_stats_ns": {
        "count": 16.0,
        "sum_ns": 120078.58823529413,
        "mean_ns": 7504.911764705883,
        "median_ns": 6531.870833333333,
        "min_ns": 1624.5882352941176,
        "max_ns": 32364.0,
        "variance_ns2": 45808169.42652826,
        "iqr_ns": 271.67951680672195,
        "q1_ns": 6327.320483193278,
        "q3_ns": 6599.0
      },
      "first_seen_ts_ns": 1747589722901460161,
      "last_seen_ts_ns": 1747589775026769710,
      "duration_active_s": 52.125309549
    },
    {
      "tgid": 178,
      "comm": "flux-shell",
      "cgroup_id": 10607,
      "on_cpu_stats_ns": {
        "count": 14.0,
        "sum_ns": 254412.5882352941,
        "mean_ns": 18172.327731092435,
        "median_ns": 20165.75464542484,
        "min_ns": 8114.0,
        "max_ns": 28445.0,
        "variance_ns2": 47730486.68017796,
        "iqr_ns": 11271.018838639708,
        "q1_ns": 10960.41544117647,
        "q3_ns": 22231.434279816178
      },
      "runq_latency_stats_ns": {
        "count": 14.0,
        "sum_ns": 108308.8823529412,
        "mean_ns": 7736.3487394958,
        "median_ns": 6697.64725090036,
        "min_ns": 1293.8823529411766,
        "max_ns": 31066.0,
        "variance_ns2": 48677578.54429826,
        "iqr_ns": 2256.7427205517624,
        "q1_ns": 5057.412698412699,
        "q3_ns": 7314.155418964461
      },
      "first_seen_ts_ns": 1747589723013759003,
      "last_seen_ts_ns": 1747589775026769710,
      "duration_active_s": 52.013010707
    },
    {
      "tgid": 83,
      "comm": "flux-broker-13",
      "cgroup_id": 10607,
      "on_cpu_stats_ns": {
        "count": 6.0,
        "sum_ns": 154959.0,
        "mean_ns": 25826.5,
        "median_ns": 27260.0,
        "min_ns": 14248.0,
        "max_ns": 39717.0,
        "variance_ns2": 95623011.1,
        "iqr_ns": 3705.7777777777774,
        "q1_ns": 23554.222222222223,
        "q3_ns": 27260.0
      },
      "runq_latency_stats_ns": {
        "count": 6.0,
        "sum_ns": 90712.0,
        "mean_ns": 15118.666666666668,
        "median_ns": 4673.0,
        "min_ns": 2309.0,
        "max_ns": 54725.0,
        "variance_ns2": 444174760.2666667,
        "iqr_ns": 1156.5,
        "q1_ns": 3516.5,
        "q3_ns": 4673.0
      },
      "first_seen_ts_ns": 1747589722901460161,
      "last_seen_ts_ns": 1747589783908768167,
      "duration_active_s": 61.007308006
    },
    {
      "tgid": 311,
      "comm": "lmp",
      "cgroup_id": 10607,
      "on_cpu_stats_ns": {
        "count": 4.0,
        "sum_ns": 150183.0,
        "mean_ns": 37545.75,
        "median_ns": 35943.0,
        "min_ns": 11387.0,
        "max_ns": 82359.0,
        "variance_ns2": 995279520.9166666,
        "iqr_ns": 61865.0,
        "q1_ns": 20494.0,
        "q3_ns": 82359.0
      },
      "runq_latency_stats_ns": {
        "count": 4.0,
        "sum_ns": 3030657.5,
        "mean_ns": 757664.375,
        "median_ns": 2151.0,
        "min_ns": 1364.0,
        "max_ns": 3025766.0,
        "variance_ns2": 2286349016076.229,
        "iqr_ns": 3024389.5,
        "q1_ns": 1376.5,
        "q3_ns": 3025766.0
      },
      "first_seen_ts_ns": 1747589722515259820,
      "last_seen_ts_ns": 1747589733668089259,
      "duration_active_s": 11.152829439
    },
    {
      "tgid": 341,
      "comm": "lmp",
      "cgroup_id": 10607,
      "on_cpu_stats_ns": {
        "count": 5.0,
        "sum_ns": 101550.0,
        "mean_ns": 20310.0,
        "median_ns": 15900.0,
        "min_ns": 13214.0,
        "max_ns": 38110.0,
        "variance_ns2": 109166518.0,
        "iqr_ns": 7774.0,
        "q1_ns": 13276.0,
        "q3_ns": 21050.0
      },
      "runq_latency_stats_ns": {
        "count": 5.0,
        "sum_ns": 15798.0,
        "mean_ns": 3159.6,
        "median_ns": 3443.0,
        "min_ns": 1889.0,
        "max_ns": 4688.0,
        "variance_ns2": 1292811.3000000003,
        "iqr_ns": 1410.0,
        "q1_ns": 2184.0,
        "q3_ns": 3594.0
      },
      "first_seen_ts_ns": 1747589722901460161,
      "last_seen_ts_ns": 1747589753967194936,
      "duration_active_s": 31.065734775
    },
    {
      "tgid": 349,
      "comm": "lmp",
      "cgroup_id": 10607,
      "on_cpu_stats_ns": {
        "count": 1.0,
        "sum_ns": 21896.0,
        "mean_ns": 21896.0,
        "median_ns": 21896.0,
        "min_ns": 21896.0,
        "max_ns": 21896.0,
        "variance_ns2": null,
        "iqr_ns": 0.0,
        "q1_ns": 21896.0,
        "q3_ns": 21896.0
      },
      "runq_latency_stats_ns": {
        "count": 1.0,
        "sum_ns": 3794.0,
        "mean_ns": 3794.0,
        "median_ns": 3794.0,
        "min_ns": 3794.0,
        "max_ns": 3794.0,
        "variance_ns2": null,
        "iqr_ns": 0.0,
        "q1_ns": 3794.0,
        "q3_ns": 3794.0
      },
      "first_seen_ts_ns": 1747589729311680080,
      "last_seen_ts_ns": 1747589729311680080,
      "duration_active_s": 0
    },
    {
      "tgid": 180,
      "comm": "lmp",
      "cgroup_id": 10607,
      "on_cpu_stats_ns": {
        "count": 1.0,
        "sum_ns": 19156.0,
        "mean_ns": 19156.0,
        "median_ns": 19156.0,
        "min_ns": 19156.0,
        "max_ns": 19156.0,
        "variance_ns2": null,
        "iqr_ns": 0.0,
        "q1_ns": 19156.0,
        "q3_ns": 19156.0
      },
      "runq_latency_stats_ns": {
        "count": 1.0,
        "sum_ns": 22920.0,
        "mean_ns": 22920.0,
        "median_ns": 22920.0,
        "min_ns": 22920.0,
        "max_ns": 22920.0,
        "variance_ns2": null,
        "iqr_ns": 0.0,
        "q1_ns": 22920.0,
        "q3_ns": 22920.0
      },
      "first_seen_ts_ns": 1747589722901460161,
      "last_seen_ts_ns": 1747589722901460161,
      "duration_active_s": 0
    },
    {
      "tgid": 183,
      "comm": "lmp",
      "cgroup_id": 10607,
      "on_cpu_stats_ns": {
        "count": 1.0,
        "sum_ns": 17436.0,
        "mean_ns": 17436.0,
        "median_ns": 17436.0,
        "min_ns": 17436.0,
        "max_ns": 17436.0,
        "variance_ns2": null,
        "iqr_ns": 0.0,
        "q1_ns": 17436.0,
        "q3_ns": 17436.0
      },
      "runq_latency_stats_ns": {
        "count": 1.0,
        "sum_ns": 49396.0,
        "mean_ns": 49396.0,
        "median_ns": 49396.0,
        "min_ns": 49396.0,
        "max_ns": 49396.0,
        "variance_ns2": null,
        "iqr_ns": 0.0,
        "q1_ns": 49396.0,
        "q3_ns": 49396.0
      },
      "first_seen_ts_ns": 1747589722901460161,
      "last_seen_ts_ns": 1747589722901460161,
      "duration_active_s": 0
    }
  ]
}
[17:36:41] Cleanup complete. Exiting.
