unlimited
PROGRAM: futex
Looking for /opt/programs/futex/ebpf-collect.c
[15:42:39] Starting eBPF (Tracepoints for futex syscalls).
[15:42:40] BPF program loaded and tracepoints automatically attached.
[15:42:40] Start Indicator file defined '/mnt/flux/start_ebpf_collection'. Waiting.
[15:43:14] Start indicator found. Proceeding.
[15:43:14] Ring buffers opened. Polling for events...
[15:47:10] 
Indicator file '/mnt/flux/stop_ebpf_collection' found. Stopping.
[15:47:10] Cleaning up BPF resources...
{
  "final_aggregated_futex_summary_river": [
    {
      "tgid": 3704,
      "comm": "containerd",
      "cgroup_id": 6520,
      "wait_duration_stats_ns": {
        "count": 10031.0,
        "sum": 8331617225346.002,
        "mean": 830586903.1348821,
        "median": 136517.11400952924,
        "min": 400,
        "max": 132358685362,
        "variance_ns2": 3.992181402959945e+19,
        "iqr_ns": 99705215.75656883,
        "q1_ns": 54799.12141325816,
        "q3_ns": 99760014.8779821
      },
      "futex_op_counts": {
        "128": 10031
      },
      "first_seen_ts_ns": 311645478826,
      "last_seen_ts_ns": 581804857615
    },
    {
      "tgid": 3892,
      "comm": "kubelet",
      "cgroup_id": 6640,
      "wait_duration_stats_ns": {
        "count": 21599.0,
        "sum": 7611549807444.024,
        "mean": 352402880.1075987,
        "median": 13781578.023127813,
        "min": 403,
        "max": 87059511847,
        "variance_ns2": 8.880092600157256e+18,
        "iqr_ns": 43501931.979342945,
        "q1_ns": 952139.8467476617,
        "q3_ns": 44454071.826090604
      },
      "futex_op_counts": {
        "128": 21599
      },
      "first_seen_ts_ns": 311645428157,
      "last_seen_ts_ns": 581784342794
    },
    {
      "tgid": 4344,
      "comm": "kube-proxy",
      "cgroup_id": 7373,
      "wait_duration_stats_ns": {
        "count": 653.0,
        "sum": 4827388575088.0,
        "mean": 7392631814.836141,
        "median": 197195767.72565117,
        "min": 455,
        "max": 121255454449,
        "variance_ns2": 6.363623098216053e+20,
        "iqr_ns": 2551902575.603421,
        "q1_ns": 9824731.603311688,
        "q3_ns": 2561727307.2067327
      },
      "futex_op_counts": {
        "128": 653
      },
      "first_seen_ts_ns": 311657135036,
      "last_seen_ts_ns": 581074285714
    },
    {
      "tgid": 8355,
      "comm": "prometheus",
      "cgroup_id": 8776,
      "wait_duration_stats_ns": {
        "count": 11638.0,
        "sum": 4382068541587.9863,
        "mean": 376531065.61161596,
        "median": 44594977.95217566,
        "min": 767,
        "max": 120039130151,
        "variance_ns2": 3.338236677809589e+19,
        "iqr_ns": 10078405.981366001,
        "q1_ns": 40065310.76365601,
        "q3_ns": 50143716.745022014
      },
      "futex_op_counts": {
        "128": 11638
      },
      "first_seen_ts_ns": 311660898466,
      "last_seen_ts_ns": 581774367279
    },
    {
      "tgid": 7147,
      "comm": "fluent-bit-gke-",
      "cgroup_id": 8144,
      "wait_duration_stats_ns": {
        "count": 657.0,
        "sum": 3477839269976.999,
        "mean": 5293514870.58904,
        "median": 1008138887.183747,
        "min": 764,
        "max": 121502823793,
        "variance_ns2": 4.1476939277271355e+20,
        "iqr_ns": 1374257980.0997713,
        "q1_ns": 146825825.69754097,
        "q3_ns": 1521083805.7973123
      },
      "futex_op_counts": {
        "128": 657
      },
      "first_seen_ts_ns": 346000410750,
      "last_seen_ts_ns": 580787918446
    },
    {
      "tgid": 7530,
      "comm": "cluster-proport",
      "cgroup_id": 8460,
      "wait_duration_stats_ns": {
        "count": 749.0,
        "sum": 2637745371051.002,
        "mean": 3521689413.953274,
        "median": 21211668.866073716,
        "min": 897,
        "max": 160021194783,
        "variance_ns2": 2.4015421274581857e+20,
        "iqr_ns": 1479168171.5603533,
        "q1_ns": 10323612.917091694,
        "q3_ns": 1489491784.477445
      },
      "futex_op_counts": {
        "128": 749
      },
      "first_seen_ts_ns": 311659299023,
      "last_seen_ts_ns": 580427264962
    },
    {
      "tgid": 8493,
      "comm": "config-reloader",
      "cgroup_id": 8855,
      "wait_duration_stats_ns": {
        "count": 186.0,
        "sum": 1813530469983.0005,
        "mean": 9750163817.112906,
        "median": 1022098525.0067298,
        "min": 2582,
        "max": 63025980963,
        "variance_ns2": 3.5127772456876684e+20,
        "iqr_ns": 9312647592.185463,
        "q1_ns": 22740614.533738688,
        "q3_ns": 9335388206.719202
      },
      "futex_op_counts": {
        "128": 186
      },
      "first_seen_ts_ns": 354252660352,
      "last_seen_ts_ns": 574422060532
    },
    {
      "tgid": 8523,
      "comm": "containerd-shim",
      "cgroup_id": 6520,
      "wait_duration_stats_ns": {
        "count": 2031.0,
        "sum": 1673558319722.0,
        "mean": 824007050.5770557,
        "median": 424328.1291166295,
        "min": 666,
        "max": 24720120583,
        "variance_ns2": 5.637952473397137e+18,
        "iqr_ns": 17652589.8547964,
        "q1_ns": 56117.13711116319,
        "q3_ns": 17708706.991907563
      },
      "futex_op_counts": {
        "128": 2031
      },
      "first_seen_ts_ns": 311658642055,
      "last_seen_ts_ns": 581371191280
    },
    {
      "tgid": 3959,
      "comm": "node-problem-de",
      "cgroup_id": 6700,
      "wait_duration_stats_ns": {
        "count": 990.0,
        "sum": 1399944398407.0007,
        "mean": 1414085250.9161623,
        "median": 679954645.146925,
        "min": 755,
        "max": 90353869935,
        "variance_ns2": 3.788189281828487e+19,
        "iqr_ns": 940897970.4975924,
        "q1_ns": 27807400.400169294,
        "q3_ns": 968705370.8977617
      },
      "futex_op_counts": {
        "128": 990
      },
      "first_seen_ts_ns": 311658184020,
      "last_seen_ts_ns": 581429183711
    },
    {
      "tgid": 6488,
      "comm": "containerd-shim",
      "cgroup_id": 6520,
      "wait_duration_stats_ns": {
        "count": 566.0,
        "sum": 1224765886264.0002,
        "mean": 2163897325.554771,
        "median": 2283115.3916701395,
        "min": 728,
        "max": 54736334863,
        "variance_ns2": 2.736947503754033e+19,
        "iqr_ns": 1442785507.3239653,
        "q1_ns": 466924.9330261273,
        "q3_ns": 1443252432.2569914
      },
      "futex_op_counts": {
        "128": 566
      },
      "first_seen_ts_ns": 311658633247,
      "last_seen_ts_ns": 581372210029
    },
    {
      "tgid": 7828,
      "comm": "containerd-shim",
      "cgroup_id": 6520,
      "wait_duration_stats_ns": {
        "count": 526.0,
        "sum": 1217411226286.002,
        "mean": 2314470011.950574,
        "median": 6668051.826218739,
        "min": 953,
        "max": 45706640267,
        "variance_ns2": 2.709506922296093e+19,
        "iqr_ns": 2764148030.5855885,
        "q1_ns": 429236.9690614077,
        "q3_ns": 2764577267.55465
      },
      "futex_op_counts": {
        "128": 526
      },
      "first_seen_ts_ns": 311658869142,
      "last_seen_ts_ns": 581369305401
    },
    {
      "tgid": 7274,
      "comm": "containerd-shim",
      "cgroup_id": 6520,
      "wait_duration_stats_ns": {
        "count": 324.0,
        "sum": 1201695307969.9998,
        "mean": 3708936135.709876,
        "median": 1106158331.8497148,
        "min": 1005,
        "max": 90000356079,
        "variance_ns2": 6.43779690592606e+19,
        "iqr_ns": 2892778753.9220023,
        "q1_ns": 2401800.5215601064,
        "q3_ns": 2895180554.4435625
      },
      "futex_op_counts": {
        "128": 324
      },
      "first_seen_ts_ns": 311658844598,
      "last_seen_ts_ns": 581366603756
    },
    {
      "tgid": 4278,
      "comm": "containerd-shim",
      "cgroup_id": 6520,
      "wait_duration_stats_ns": {
        "count": 322.0,
        "sum": 1201397938104.9993,
        "mean": 3731049497.2204943,
        "median": 426044870.18448824,
        "min": 887,
        "max": 60014506433,
        "variance_ns2": 5.659659625174429e+19,
        "iqr_ns": 5034831779.721554,
        "q1_ns": 524017.94409074006,
        "q3_ns": 5035355797.665645
      },
      "futex_op_counts": {
        "128": 322
      },
      "first_seen_ts_ns": 311658814560,
      "last_seen_ts_ns": 581371718693
    },
    {
      "tgid": 9154,
      "comm": "containerd-shim",
      "cgroup_id": 6520,
      "wait_duration_stats_ns": {
        "count": 593.0,
        "sum": 1199392997322.9993,
        "mean": 2022585155.6880257,
        "median": 1439793.6979998033,
        "min": 916,
        "max": 43932090495,
        "variance_ns2": 2.3157073365011816e+19,
        "iqr_ns": 1556393618.8649411,
        "q1_ns": 893894.6395319971,
        "q3_ns": 1557287513.5044732
      },
      "futex_op_counts": {
        "128": 593
      },
      "first_seen_ts_ns": 311657847007,
      "last_seen_ts_ns": 581807694363
    },
    {
      "tgid": 6706,
      "comm": "containerd-shim",
      "cgroup_id": 6520,
      "wait_duration_stats_ns": {
        "count": 828.0,
        "sum": 1166672618375.0,
        "mean": 1409024901.4190822,
        "median": 1804163.3513908493,
        "min": 410,
        "max": 38629316699,
        "variance_ns2": 1.7905751821056754e+19,
        "iqr_ns": 316467139.5253255,
        "q1_ns": 198284.20396932604,
        "q3_ns": 316665423.7292948
      },
      "futex_op_counts": {
        "128": 828
      },
      "first_seen_ts_ns": 311657980488,
      "last_seen_ts_ns": 581370719162
    },
    {
      "tgid": 1738,
      "comm": "google_guest_ag",
      "cgroup_id": 4174,
      "wait_duration_stats_ns": {
        "count": 214.0,
        "sum": 950083086885.0002,
        "mean": 4439640592.920562,
        "median": 3025792291.63206,
        "min": 594,
        "max": 120037992917,
        "variance_ns2": 2.268963143356433e+20,
        "iqr_ns": 4225197756.01347,
        "q1_ns": 215187105.60275042,
        "q3_ns": 4440384861.61622
      },
      "futex_op_counts": {
        "128": 214
      },
      "first_seen_ts_ns": 348757076231,
      "last_seen_ts_ns": 579343860301
    },
    {
      "tgid": 1740,
      "comm": "google_osconfig",
      "cgroup_id": 4234,
      "wait_duration_stats_ns": {
        "count": 241.0,
        "sum": 949066547301.9999,
        "mean": 3938035465.983402,
        "median": 180668329.23437476,
        "min": 876,
        "max": 120001399399,
        "variance_ns2": 1.4163283458683268e+20,
        "iqr_ns": 4825833017.033866,
        "q1_ns": 64881150.8208011,
        "q3_ns": 4890714167.854667
      },
      "futex_op_counts": {
        "128": 241
      },
      "first_seen_ts_ns": 348779290639,
      "last_seen_ts_ns": 578955705492
    },
    {
      "tgid": 2783,
      "comm": "dockerd",
      "cgroup_id": 6400,
      "wait_duration_stats_ns": {
        "count": 116.0,
        "sum": 879674102505.9999,
        "mean": 7583397435.39655,
        "median": 4869401545.82093,
        "min": 677,
        "max": 129991922340,
        "variance_ns2": 4.044502082160178e+20,
        "iqr_ns": 9421180635.024908,
        "q1_ns": 76779415.73752566,
        "q3_ns": 9497960050.762434
      },
      "futex_op_counts": {
        "128": 116
      },
      "first_seen_ts_ns": 351465848773,
      "last_seen_ts_ns": 581475112218
    },
    {
      "tgid": 8606,
      "comm": "csi-node-driver",
      "cgroup_id": 9092,
      "wait_duration_stats_ns": {
        "count": 39.0,
        "sum": 725015481845.9998,
        "mean": 18590140560.15384,
        "median": 1385198679.3607798,
        "min": 1251,
        "max": 121003512586,
        "variance_ns2": 1.1770727089754825e+21,
        "iqr_ns": 38895410496.02154,
        "q1_ns": 174784465.72519746,
        "q3_ns": 39070194961.746735
      },
      "futex_op_counts": {
        "128": 39
      },
      "first_seen_ts_ns": 411582599909,
      "last_seen_ts_ns": 532590577663
    },
    {
      "tgid": 6679,
      "comm": "main",
      "cgroup_id": 7749,
      "wait_duration_stats_ns": {
        "count": 421.0,
        "sum": 719443795958.0,
        "mean": 1708892626.9786222,
        "median": 18552449.587333035,
        "min": 597,
        "max": 59956344905,
        "variance_ns2": 3.692922301042914e+19,
        "iqr_ns": 2773031842.026308,
        "q1_ns": 2044961.0231559353,
        "q3_ns": 2775076803.049464
      },
      "futex_op_counts": {
        "128": 421
      },
      "first_seen_ts_ns": 311643852508,
      "last_seen_ts_ns": 581649513762
    },
    {
      "tgid": 7211,
      "comm": "main",
      "cgroup_id": 8223,
      "wait_duration_stats_ns": {
        "count": 201.0,
        "sum": 709561488149.0,
        "mean": 3530156657.457711,
        "median": 2661618085.088114,
        "min": 536,
        "max": 59977235915,
        "variance_ns2": 7.05460762339958e+19,
        "iqr_ns": 4982946407.495259,
        "q1_ns": 25226462.590530537,
        "q3_ns": 5008172870.08579
      },
      "futex_op_counts": {
        "128": 201
      },
      "first_seen_ts_ns": 346000132049,
      "last_seen_ts_ns": 577562202465
    },
    {
      "tgid": 8932,
      "comm": "gce-pd-csi-driv",
      "cgroup_id": 9171,
      "wait_duration_stats_ns": {
        "count": 422.0,
        "sum": 353363645069.00024,
        "mean": 837354609.168247,
        "median": 588992185.0343435,
        "min": 25452476,
        "max": 119999926767,
        "variance_ns2": 3.3821646901338845e+19,
        "iqr_ns": 1168340.5784276724,
        "q1_ns": 588859416.7430515,
        "q3_ns": 590027757.3214792
      },
      "futex_op_counts": {
        "128": 422
      },
      "first_seen_ts_ns": 345841775773,
      "last_seen_ts_ns": 581641783903
    },
    {
      "tgid": 6611,
      "comm": "otelsvc",
      "cgroup_id": 7670,
      "wait_duration_stats_ns": {
        "count": 787.0,
        "sum": 352186268150.9998,
        "mean": 447504787.9936465,
        "median": 449805935.504212,
        "min": 33646,
        "max": 119999993840,
        "variance_ns2": 1.8257663962506447e+19,
        "iqr_ns": 462205235.0317891,
        "q1_ns": 17447841.878436558,
        "q3_ns": 479653076.9102257
      },
      "futex_op_counts": {
        "128": 787
      },
      "first_seen_ts_ns": 345535427918,
      "last_seen_ts_ns": 581563265125
    },
    {
      "tgid": 11028,
      "comm": "kubectl",
      "cgroup_id": 6580,
      "wait_duration_stats_ns": {
        "count": 624.0,
        "sum": 2525223000.999999,
        "mean": 4046831.7323717936,
        "median": 403137.6208929015,
        "min": 2983,
        "max": 364697711,
        "variance_ns2": 373313877293602.2,
        "iqr_ns": 3221945.808552974,
        "q1_ns": 59057.64860869493,
        "q3_ns": 3281003.4571616687
      },
      "futex_op_counts": {
        "128": 624
      },
      "first_seen_ts_ns": 459704185899,
      "last_seen_ts_ns": 460079326848
    },
    {
      "tgid": 11527,
      "comm": "runc",
      "cgroup_id": 6520,
      "wait_duration_stats_ns": {
        "count": 348.0,
        "sum": 1034212506.9999998,
        "mean": 2971875.020114942,
        "median": 105799.84861852479,
        "min": 7446,
        "max": 147311795,
        "variance_ns2": 333601054741623.1,
        "iqr_ns": 569840.1012885391,
        "q1_ns": 27572.03002709458,
        "q3_ns": 597412.1313156337
      },
      "futex_op_counts": {
        "128": 348
      },
      "first_seen_ts_ns": 566958492008,
      "last_seen_ts_ns": 567113322796
    },
    {
      "tgid": 11060,
      "comm": "runc",
      "cgroup_id": 6520,
      "wait_duration_stats_ns": {
        "count": 300.0,
        "sum": 945344274.9999999,
        "mean": 3151147.583333333,
        "median": 281287.5144875308,
        "min": 658,
        "max": 139503249,
        "variance_ns2": 235152379377642.94,
        "iqr_ns": 1808586.742115321,
        "q1_ns": 21425.051991165798,
        "q3_ns": 1830011.794106487
      },
      "futex_op_counts": {
        "128": 300
      },
      "first_seen_ts_ns": 466962013498,
      "last_seen_ts_ns": 467108248790
    },
    {
      "tgid": 10655,
      "comm": "runc",
      "cgroup_id": 6520,
      "wait_duration_stats_ns": {
        "count": 247.0,
        "sum": 849109205.0000001,
        "mean": 3437689.0890688263,
        "median": 193280.56737679706,
        "min": 2254,
        "max": 118539826,
        "variance_ns2": 279794118664068.5,
        "iqr_ns": 976020.9894149306,
        "q1_ns": 28867.184466958515,
        "q3_ns": 1004888.1738818891
      },
      "futex_op_counts": {
        "128": 247
      },
      "first_seen_ts_ns": 396956116229,
      "last_seen_ts_ns": 397084917419
    },
    {
      "tgid": 11461,
      "comm": "runc",
      "cgroup_id": 6520,
      "wait_duration_stats_ns": {
        "count": 284.0,
        "sum": 844635339.0,
        "mean": 2974068.0950704226,
        "median": 123181.34130621598,
        "min": 812,
        "max": 124855200,
        "variance_ns2": 219011305091687.3,
        "iqr_ns": 1188757.7036601903,
        "q1_ns": 33403.591143832804,
        "q3_ns": 1222161.294804023
      },
      "futex_op_counts": {
        "128": 284
      },
      "first_seen_ts_ns": 536967016047,
      "last_seen_ts_ns": 537094756383
    },
    {
      "tgid": 11482,
      "comm": "runc",
      "cgroup_id": 6520,
      "wait_duration_stats_ns": {
        "count": 342.0,
        "sum": 789791830.9999999,
        "mean": 2309332.8391812863,
        "median": 91273.0790846237,
        "min": 763,
        "max": 117851583,
        "variance_ns2": 178547647808721.88,
        "iqr_ns": 511830.9727351792,
        "q1_ns": 26276.75502417524,
        "q3_ns": 538107.7277593544
      },
      "futex_op_counts": {
        "128": 342
      },
      "first_seen_ts_ns": 546954752896,
      "last_seen_ts_ns": 547072969226
    },
    {
      "tgid": 10634,
      "comm": "runc",
      "cgroup_id": 6520,
      "wait_duration_stats_ns": {
        "count": 344.0,
        "sum": 756308089.0,
        "mean": 2198570.0261627906,
        "median": 82377.22715966016,
        "min": 7105,
        "max": 123643776,
        "variance_ns2": 203296955496230.12,
        "iqr_ns": 535128.5866491987,
        "q1_ns": 20013.30943109745,
        "q3_ns": 555141.8960802961
      },
      "futex_op_counts": {
        "128": 344
      },
      "first_seen_ts_ns": 386959131616,
      "last_seen_ts_ns": 387093044747
    },
    {
      "tgid": 11504,
      "comm": "runc",
      "cgroup_id": 6520,
      "wait_duration_stats_ns": {
        "count": 299.0,
        "sum": 752118415.0000001,
        "mean": 2515446.2040133784,
        "median": 90849.58563867598,
        "min": 8991,
        "max": 104711636,
        "variance_ns2": 162756476352212.6,
        "iqr_ns": 599378.2130914531,
        "q1_ns": 25331.685305156276,
        "q3_ns": 624709.8983966094
      },
      "futex_op_counts": {
        "128": 299
      },
      "first_seen_ts_ns": 556961019356,
      "last_seen_ts_ns": 557070011362
    },
    {
      "tgid": 11115,
      "comm": "runc",
      "cgroup_id": 6520,
      "wait_duration_stats_ns": {
        "count": 262.0,
        "sum": 740857804.0000001,
        "mean": 2827701.541984733,
        "median": 97744.51611928573,
        "min": 940,
        "max": 105981766,
        "variance_ns2": 238460971222889.78,
        "iqr_ns": 525739.2774870511,
        "q1_ns": 15908.130816255105,
        "q3_ns": 541647.4083033062
      },
      "futex_op_counts": {
        "128": 262
      },
      "first_seen_ts_ns": 476956011383,
      "last_seen_ts_ns": 477066148827
    },
    {
      "tgid": 11136,
      "comm": "runc",
      "cgroup_id": 6520,
      "wait_duration_stats_ns": {
        "count": 292.0,
        "sum": 576780650.9999999,
        "mean": 1975276.2020547942,
        "median": 121547.68499426058,
        "min": 813,
        "max": 80641443,
        "variance_ns2": 71334939161637.03,
        "iqr_ns": 878004.9674890811,
        "q1_ns": 22920.779996211364,
        "q3_ns": 900925.7474852925
      },
      "futex_op_counts": {
        "128": 292
      },
      "first_seen_ts_ns": 486954753830,
      "last_seen_ts_ns": 487038689278
    },
    {
      "tgid": 11538,
      "comm": "runc:[2:INIT]",
      "cgroup_id": 9092,
      "wait_duration_stats_ns": {
        "count": 29.0,
        "sum": 512122476.99999994,
        "mean": 17659395.758620687,
        "median": 2397035.3069487186,
        "min": 830,
        "max": 93097456,
        "variance_ns2": 1053927185809059.1,
        "iqr_ns": 22047208.011898804,
        "q1_ns": 237694.5208382418,
        "q3_ns": 22284902.532737046
      },
      "futex_op_counts": {
        "128": 29
      },
      "first_seen_ts_ns": 567004170402,
      "last_seen_ts_ns": 567113345487
    },
    {
      "tgid": 10497,
      "comm": "runc",
      "cgroup_id": 6520,
      "wait_duration_stats_ns": {
        "count": 295.0,
        "sum": 499850497.0,
        "mean": 1694408.4644067797,
        "median": 114165.16461094056,
        "min": 3032,
        "max": 74237880,
        "variance_ns2": 42368092395249.66,
        "iqr_ns": 455610.30355568527,
        "q1_ns": 30340.290856940224,
        "q3_ns": 485950.5944126255
      },
      "futex_op_counts": {
        "128": 295
      },
      "first_seen_ts_ns": 346964214878,
      "last_seen_ts_ns": 347041399801
    },
    {
      "tgid": 10679,
      "comm": "runc",
      "cgroup_id": 6520,
      "wait_duration_stats_ns": {
        "count": 366.0,
        "sum": 493438151.00000006,
        "mean": 1348191.6693989073,
        "median": 79916.96769998109,
        "min": 752,
        "max": 82247974,
        "variance_ns2": 75250185614422.52,
        "iqr_ns": 154061.47849488797,
        "q1_ns": 19575.128315127597,
        "q3_ns": 173636.60681001557
      },
      "futex_op_counts": {
        "128": 366
      },
      "first_seen_ts_ns": 406958152980,
      "last_seen_ts_ns": 407043446969
    },
    {
      "tgid": 10644,
      "comm": "runc:[2:INIT]",
      "cgroup_id": 9092,
      "wait_duration_stats_ns": {
        "count": 30.0,
        "sum": 490566464.9999998,
        "mean": 16352215.499999994,
        "median": 1700598.275646951,
        "min": 12358,
        "max": 81866815,
        "variance_ns2": 691435237743210.1,
        "iqr_ns": 9195419.535643479,
        "q1_ns": 1558766.5196420636,
        "q3_ns": 10754186.055285543
      },
      "futex_op_counts": {
        "128": 30
      },
      "first_seen_ts_ns": 386994013806,
      "last_seen_ts_ns": 387089831584
    },
    {
      "tgid": 11072,
      "comm": "runc:[2:INIT]",
      "cgroup_id": 9092,
      "wait_duration_stats_ns": {
        "count": 34.0,
        "sum": 440939900.00000006,
        "mean": 12968820.588235296,
        "median": 1371485.4632275118,
        "min": 3888,
        "max": 71886290,
        "variance_ns2": 509122377792071.44,
        "iqr_ns": 10135743.925914422,
        "q1_ns": 448006.73889400123,
        "q3_ns": 10583750.664808422
      },
      "futex_op_counts": {
        "128": 34
      },
      "first_seen_ts_ns": 467017011043,
      "last_seen_ts_ns": 467106014238
    },
    {
      "tgid": 11126,
      "comm": "runc:[2:INIT]",
      "cgroup_id": 9092,
      "wait_duration_stats_ns": {
        "count": 31.0,
        "sum": 425918161.99999994,
        "mean": 13739295.548387095,
        "median": 1402968.7482232093,
        "min": 771,
        "max": 73415082,
        "variance_ns2": 680153314115209.2,
        "iqr_ns": 20821298.214102264,
        "q1_ns": 51639.7910771123,
        "q3_ns": 20872938.005179375
      },
      "futex_op_counts": {
        "128": 31
      },
      "first_seen_ts_ns": 476976883060,
      "last_seen_ts_ns": 477066180042
    },
    {
      "tgid": 11493,
      "comm": "runc:[2:INIT]",
      "cgroup_id": 9092,
      "wait_duration_stats_ns": {
        "count": 34.0,
        "sum": 419927043.99999994,
        "mean": 12350795.411764704,
        "median": 2801048.1577224485,
        "min": 18116,
        "max": 70861840,
        "variance_ns2": 531082775739343.6,
        "iqr_ns": 9161955.56836677,
        "q1_ns": 29754.698147215546,
        "q3_ns": 9191710.266513985
      },
      "futex_op_counts": {
        "128": 34
      },
      "first_seen_ts_ns": 546986151885,
      "last_seen_ts_ns": 547074075218
    },
    {
      "tgid": 10667,
      "comm": "runc:[2:INIT]",
      "cgroup_id": 9092,
      "wait_duration_stats_ns": {
        "count": 25.0,
        "sum": 391835435.99999994,
        "mean": 15673417.439999998,
        "median": 1383304.1623080971,
        "min": 16897,
        "max": 81792756,
        "variance_ns2": 820524547198232.0,
        "iqr_ns": 5589297.793730337,
        "q1_ns": 52437.46416087979,
        "q3_ns": 5641735.257891217
      },
      "futex_op_counts": {
        "128": 25
      },
      "first_seen_ts_ns": 396980079606,
      "last_seen_ts_ns": 397084615955
    },
    {
      "tgid": 11515,
      "comm": "runc:[2:INIT]",
      "cgroup_id": 9092,
      "wait_duration_stats_ns": {
        "count": 35.0,
        "sum": 381620763.0,
        "mean": 10903450.371428572,
        "median": 1579046.2746854613,
        "min": 1585,
        "max": 63387111,
        "variance_ns2": 414007295329662.7,
        "iqr_ns": 10236232.020122258,
        "q1_ns": 37845.838313492066,
        "q3_ns": 10274077.85843575
      },
      "futex_op_counts": {
        "128": 35
      },
      "first_seen_ts_ns": 556989806216,
      "last_seen_ts_ns": 557071014613
    },
    {
      "tgid": 11472,
      "comm": "runc:[2:INIT]",
      "cgroup_id": 9092,
      "wait_duration_stats_ns": {
        "count": 25.0,
        "sum": 373139507.00000006,
        "mean": 14925580.280000003,
        "median": 2565170.4927111426,
        "min": 456,
        "max": 74963438,
        "variance_ns2": 702965204803519.8,
        "iqr_ns": 18221451.143573277,
        "q1_ns": 1036932.4696837553,
        "q3_ns": 19258383.613257032
      },
      "futex_op_counts": {
        "128": 25
      },
      "first_seen_ts_ns": 536999012520,
      "last_seen_ts_ns": 537094800200
    },
    {
      "tgid": 10689,
      "comm": "runc:[2:INIT]",
      "cgroup_id": 9092,
      "wait_duration_stats_ns": {
        "count": 32.0,
        "sum": 245196234.99999997,
        "mean": 7662382.343749999,
        "median": 1281777.1187704431,
        "min": 532,
        "max": 42089054,
        "variance_ns2": 163766831593419.47,
        "iqr_ns": 4480095.5586942835,
        "q1_ns": 201697.03466013935,
        "q3_ns": 4681792.593354423
      },
      "futex_op_counts": {
        "128": 32
      },
      "first_seen_ts_ns": 406978068799,
      "last_seen_ts_ns": 407043474681
    },
    {
      "tgid": 10949,
      "comm": "runc",
      "cgroup_id": 6520,
      "wait_duration_stats_ns": {
        "count": 374.0,
        "sum": 233961764.99999994,
        "mean": 625566.2165775399,
        "median": 32429.879050033596,
        "min": 622,
        "max": 34624024,
        "variance_ns2": 17041062574192.453,
        "iqr_ns": 108046.613085847,
        "q1_ns": 17838.538595049242,
        "q3_ns": 125885.15168089623
      },
      "futex_op_counts": {
        "128": 374
      },
      "first_seen_ts_ns": 436953957038,
      "last_seen_ts_ns": 436991474931
    },
    {
      "tgid": 11148,
      "comm": "runc:[2:INIT]",
      "cgroup_id": 9092,
      "wait_duration_stats_ns": {
        "count": 33.0,
        "sum": 233073951.0,
        "mean": 7062847.0,
        "median": 1778501.1609843094,
        "min": 12712,
        "max": 29855113,
        "variance_ns2": 99145623959625.03,
        "iqr_ns": 10668032.866704335,
        "q1_ns": 169213.51457053007,
        "q3_ns": 10837246.381274866
      },
      "futex_op_counts": {
        "128": 33
      },
      "first_seen_ts_ns": 486989137819,
      "last_seen_ts_ns": 487038380767
    },
    {
      "tgid": 11159,
      "comm": "runc",
      "cgroup_id": 6520,
      "wait_duration_stats_ns": {
        "count": 364.0,
        "sum": 225534556.00000003,
        "mean": 619600.4285714286,
        "median": 29750.969427430628,
        "min": 1050,
        "max": 33523356,
        "variance_ns2": 16745551282805.754,
        "iqr_ns": 96810.92460418888,
        "q1_ns": 13130.104598032318,
        "q3_ns": 109941.02920222121
      },
      "futex_op_counts": {
        "128": 364
      },
      "first_seen_ts_ns": 496953942716,
      "last_seen_ts_ns": 496990321801
    },
    {
      "tgid": 10997,
      "comm": "runc",
      "cgroup_id": 6520,
      "wait_duration_stats_ns": {
        "count": 373.0,
        "sum": 204171252.0,
        "mean": 547376.0107238606,
        "median": 26947.212593440127,
        "min": 598,
        "max": 30477857,
        "variance_ns2": 13205972313727.93,
        "iqr_ns": 106335.33854743188,
        "q1_ns": 12148.846564464899,
        "q3_ns": 118484.18511189678
      },
      "futex_op_counts": {
        "128": 373
      },
      "first_seen_ts_ns": 456953958379,
      "last_seen_ts_ns": 456987381320
    },
    {
      "tgid": 10974,
      "comm": "runc",
      "cgroup_id": 6520,
      "wait_duration_stats_ns": {
        "count": 365.0,
        "sum": 204043400.99999994,
        "mean": 559023.016438356,
        "median": 31430.849857373443,
        "min": 907,
        "max": 30400272,
        "variance_ns2": 13321745275946.79,
        "iqr_ns": 90925.75069582055,
        "q1_ns": 14304.871157528867,
        "q3_ns": 105230.62185334941
      },
      "futex_op_counts": {
        "128": 365
      },
      "first_seen_ts_ns": 446954056953,
      "last_seen_ts_ns": 446987379123
    },
    {
      "tgid": 10586,
      "comm": "runc",
      "cgroup_id": 6520,
      "wait_duration_stats_ns": {
        "count": 407.0,
        "sum": 201832263.0,
        "mean": 495902.36609336606,
        "median": 27798.756672430263,
        "min": 6652,
        "max": 30113373,
        "variance_ns2": 11912630251219.072,
        "iqr_ns": 88941.8855328407,
        "q1_ns": 12988.393745074001,
        "q3_ns": 101930.2792779147
      },
      "futex_op_counts": {
        "128": 407
      },
      "first_seen_ts_ns": 366953466198,
      "last_seen_ts_ns": 366986416475
    },
    {
      "tgid": 10563,
      "comm": "runc",
      "cgroup_id": 6520,
      "wait_duration_stats_ns": {
        "count": 344.0,
        "sum": 199630003.0,
        "mean": 580319.7761627907,
        "median": 30711.021210918087,
        "min": 7046,
        "max": 29803294,
        "variance_ns2": 13392289987335.193,
        "iqr_ns": 124218.18046104863,
        "q1_ns": 13427.19579619662,
        "q3_ns": 137645.37625724525
      },
      "futex_op_counts": {
        "128": 344
      },
      "first_seen_ts_ns": 356953977339,
      "last_seen_ts_ns": 356986620500
    },
    {
      "tgid": 11380,
      "comm": "runc",
      "cgroup_id": 6520,
      "wait_duration_stats_ns": {
        "count": 354.0,
        "sum": 195717006.99999994,
        "mean": 552872.9011299433,
        "median": 34290.99074290592,
        "min": 706,
        "max": 29138026,
        "variance_ns2": 12588196670265.637,
        "iqr_ns": 86618.36870930716,
        "q1_ns": 14242.20121434355,
        "q3_ns": 100860.56992365072
      },
      "futex_op_counts": {
        "128": 354
      },
      "first_seen_ts_ns": 516954395884,
      "last_seen_ts_ns": 516986528766
    },
    {
      "tgid": 11038,
      "comm": "gke-exec-auth-p",
      "cgroup_id": 6580,
      "wait_duration_stats_ns": {
        "count": 309.0,
        "sum": 191752067.9999999,
        "mean": 620556.8543689317,
        "median": 52576.014418635976,
        "min": 652,
        "max": 23715558,
        "variance_ns2": 6310208013802.113,
        "iqr_ns": 277318.1444675389,
        "q1_ns": 15775.408616165538,
        "q3_ns": 293093.55308370444
      },
      "futex_op_counts": {
        "128": 309
      },
      "first_seen_ts_ns": 459927057035,
      "last_seen_ts_ns": 459988015396
    },
    {
      "tgid": 11405,
      "comm": "runc",
      "cgroup_id": 6520,
      "wait_duration_stats_ns": {
        "count": 404.0,
        "sum": 191147488.00000003,
        "mean": 473137.3465346535,
        "median": 24076.464319065984,
        "min": 4695,
        "max": 28661753,
        "variance_ns2": 10697703489120.846,
        "iqr_ns": 90186.07210253038,
        "q1_ns": 13705.443129638696,
        "q3_ns": 103891.51523216907
      },
      "futex_op_counts": {
        "128": 404
      },
      "first_seen_ts_ns": 526954843846,
      "last_seen_ts_ns": 526986298930
    },
    {
      "tgid": 10929,
      "comm": "runc",
      "cgroup_id": 6520,
      "wait_duration_stats_ns": {
        "count": 385.0,
        "sum": 187564420.99999997,
        "mean": 487180.3142857142,
        "median": 28352.064237914394,
        "min": 1171,
        "max": 32623020,
        "variance_ns2": 12197827610510.518,
        "iqr_ns": 92367.67065633752,
        "q1_ns": 14030.111674956068,
        "q3_ns": 106397.7823312936
      },
      "futex_op_counts": {
        "128": 385
      },
      "first_seen_ts_ns": 426953823523,
      "last_seen_ts_ns": 426989498959
    },
    {
      "tgid": 10611,
      "comm": "runc",
      "cgroup_id": 6520,
      "wait_duration_stats_ns": {
        "count": 412.0,
        "sum": 182544005.00000003,
        "mean": 443067.9733009709,
        "median": 23813.483052481293,
        "min": 543,
        "max": 31897436,
        "variance_ns2": 10900141136894.135,
        "iqr_ns": 71669.79301008802,
        "q1_ns": 11967.033744362208,
        "q3_ns": 83636.82675445023
      },
      "futex_op_counts": {
        "128": 412
      },
      "first_seen_ts_ns": 376953666203,
      "last_seen_ts_ns": 376988386231
    },
    {
      "tgid": 10730,
      "comm": "runc",
      "cgroup_id": 6520,
      "wait_duration_stats_ns": {
        "count": 353.0,
        "sum": 177781849.99999997,
        "mean": 503631.30311614723,
        "median": 29832.440478701836,
        "min": 748,
        "max": 31210839,
        "variance_ns2": 12079068619026.19,
        "iqr_ns": 89175.99060949768,
        "q1_ns": 13007.983298199564,
        "q3_ns": 102183.97390769723
      },
      "futex_op_counts": {
        "128": 353
      },
      "first_seen_ts_ns": 416954320181,
      "last_seen_ts_ns": 416988315422
    },
    {
      "tgid": 11549,
      "comm": "runc",
      "cgroup_id": 6520,
      "wait_duration_stats_ns": {
        "count": 398.0,
        "sum": 175732712.0,
        "mean": 441539.4773869347,
        "median": 21203.13486263565,
        "min": 2494,
        "max": 30717299,
        "variance_ns2": 10503729806963.006,
        "iqr_ns": 57832.657150886196,
        "q1_ns": 13013.179052147872,
        "q3_ns": 70845.83620303406
      },
      "futex_op_counts": {
        "128": 398
      },
      "first_seen_ts_ns": 576954585289,
      "last_seen_ts_ns": 576988230086
    },
    {
      "tgid": 11360,
      "comm": "runc",
      "cgroup_id": 6520,
      "wait_duration_stats_ns": {
        "count": 365.0,
        "sum": 173168741.0,
        "mean": 474434.90684931504,
        "median": 31965.93769173255,
        "min": 709,
        "max": 30354703,
        "variance_ns2": 10776506792125.799,
        "iqr_ns": 98167.37499695981,
        "q1_ns": 16485.559486819646,
        "q3_ns": 114652.93448377946
      },
      "futex_op_counts": {
        "128": 365
      },
      "first_seen_ts_ns": 506954354873,
      "last_seen_ts_ns": 506987488630
    },
    {
      "tgid": 10509,
      "comm": "runc:[2:INIT]",
      "cgroup_id": 9092,
      "wait_duration_stats_ns": {
        "count": 26.0,
        "sum": 137356421.0,
        "mean": 5282939.269230769,
        "median": 763548.0741272041,
        "min": 3090,
        "max": 23023704,
        "variance_ns2": 70895165386634.05,
        "iqr_ns": 6289124.5787455235,
        "q1_ns": 50878.516726190486,
        "q3_ns": 6340003.095471714
      },
      "futex_op_counts": {
        "128": 26
      },
      "first_seen_ts_ns": 347001836200,
      "last_seen_ts_ns": 347041412520
    },
    {
      "tgid": 10961,
      "comm": "runc:[2:INIT]",
      "cgroup_id": 9092,
      "wait_duration_stats_ns": {
        "count": 27.0,
        "sum": 128290747.99999999,
        "mean": 4751509.185185185,
        "median": 1509509.3039747432,
        "min": 20373,
        "max": 15381767,
        "variance_ns2": 39576692945930.07,
        "iqr_ns": 8466412.118342193,
        "q1_ns": 40322.195473251035,
        "q3_ns": 8506734.313815445
      },
      "futex_op_counts": {
        "128": 27
      },
      "first_seen_ts_ns": 436962079718,
      "last_seen_ts_ns": 436991444964
    },
    {
      "tgid": 11170,
      "comm": "runc:[2:INIT]",
      "cgroup_id": 9092,
      "wait_duration_stats_ns": {
        "count": 28.0,
        "sum": 126804248.99999999,
        "mean": 4528723.178571428,
        "median": 473185.14932993177,
        "min": 17051,
        "max": 15251216,
        "variance_ns2": 38143933597785.26,
        "iqr_ns": 8169777.001346416,
        "q1_ns": 56710.93429390275,
        "q3_ns": 8226487.935640318
      },
      "futex_op_counts": {
        "128": 28
      },
      "first_seen_ts_ns": 496961270932,
      "last_seen_ts_ns": 496990321163
    },
    {
      "tgid": 10939,
      "comm": "runc:[2:INIT]",
      "cgroup_id": 9092,
      "wait_duration_stats_ns": {
        "count": 28.0,
        "sum": 121605178.00000001,
        "mean": 4343042.071428572,
        "median": 464080.4606525091,
        "min": 592,
        "max": 15345568,
        "variance_ns2": 34837759403057.547,
        "iqr_ns": 7490266.304175393,
        "q1_ns": 45350.053395061725,
        "q3_ns": 7535616.3575704545
      },
      "futex_op_counts": {
        "128": 28
      },
      "first_seen_ts_ns": 426961476858,
      "last_seen_ts_ns": 426989463549
    },
    {
      "tgid": 10622,
      "comm": "runc:[2:INIT]",
      "cgroup_id": 9092,
      "wait_duration_stats_ns": {
        "count": 28.0,
        "sum": 117741118.00000001,
        "mean": 4205039.928571429,
        "median": 449103.8463282484,
        "min": 2222,
        "max": 15329875,
        "variance_ns2": 32990612414276.0,
        "iqr_ns": 7589157.588366621,
        "q1_ns": 39025.762511493056,
        "q3_ns": 7628183.350878114
      },
      "futex_op_counts": {
        "128": 28
      },
      "first_seen_ts_ns": 376961119790,
      "last_seen_ts_ns": 376988380984
    },
    {
      "tgid": 10740,
      "comm": "runc:[2:INIT]",
      "cgroup_id": 9092,
      "wait_duration_stats_ns": {
        "count": 31.0,
        "sum": 115369793.99999999,
        "mean": 3721606.2580645154,
        "median": 612590.2288834997,
        "min": 516,
        "max": 15351743,
        "variance_ns2": 31488323179522.668,
        "iqr_ns": 6122467.00350767,
        "q1_ns": 32488.9707497428,
        "q3_ns": 6154955.974257412
      },
      "futex_op_counts": {
        "128": 31
      },
      "first_seen_ts_ns": 416961559008,
      "last_seen_ts_ns": 416988312884
    },
    {
      "tgid": 11559,
      "comm": "runc:[2:INIT]",
      "cgroup_id": 9092,
      "wait_duration_stats_ns": {
        "count": 30.0,
        "sum": 113767843.99999997,
        "mean": 3792261.466666666,
        "median": 380947.768859932,
        "min": 633,
        "max": 15312328,
        "variance_ns2": 31196727764529.01,
        "iqr_ns": 5200677.255277482,
        "q1_ns": 66265.66222463438,
        "q3_ns": 5266942.917502116
      },
      "futex_op_counts": {
        "128": 30
      },
      "first_seen_ts_ns": 576961825838,
      "last_seen_ts_ns": 576988230475
    },
    {
      "tgid": 11008,
      "comm": "runc:[2:INIT]",
      "cgroup_id": 9092,
      "wait_duration_stats_ns": {
        "count": 29.0,
        "sum": 112404642.00000003,
        "mean": 3876022.1379310354,
        "median": 616150.4860348457,
        "min": 16482,
        "max": 15353411,
        "variance_ns2": 31175118782365.832,
        "iqr_ns": 6671918.041551104,
        "q1_ns": 138884.16104505365,
        "q3_ns": 6810802.202596158
      },
      "futex_op_counts": {
        "128": 29
      },
      "first_seen_ts_ns": 456961212829,
      "last_seen_ts_ns": 456987348249
    },
    {
      "tgid": 10986,
      "comm": "runc:[2:INIT]",
      "cgroup_id": 9092,
      "wait_duration_stats_ns": {
        "count": 26.0,
        "sum": 110327391.0,
        "mean": 4243361.192307692,
        "median": 491137.01927875803,
        "min": 24779,
        "max": 15384169,
        "variance_ns2": 32230362962267.434,
        "iqr_ns": 6502945.733181786,
        "q1_ns": 60744.11111111111,
        "q3_ns": 6563689.844292897
      },
      "futex_op_counts": {
        "128": 26
      },
      "first_seen_ts_ns": 446961638261,
      "last_seen_ts_ns": 446987376892
    },
    {
      "tgid": 10598,
      "comm": "runc:[2:INIT]",
      "cgroup_id": 9092,
      "wait_duration_stats_ns": {
        "count": 32.0,
        "sum": 109392750.0,
        "mean": 3418523.4375,
        "median": 329536.6655087762,
        "min": 513,
        "max": 15331314,
        "variance_ns2": 28266567850130.05,
        "iqr_ns": 4941599.005938295,
        "q1_ns": 31907.35,
        "q3_ns": 4973506.355938295
      },
      "futex_op_counts": {
        "128": 32
      },
      "first_seen_ts_ns": 366960802301,
      "last_seen_ts_ns": 366986376764
    },
    {
      "tgid": 11370,
      "comm": "runc:[2:INIT]",
      "cgroup_id": 9092,
      "wait_duration_stats_ns": {
        "count": 28.0,
        "sum": 108384248.0,
        "mean": 3870866.0,
        "median": 709813.0769958884,
        "min": 11213,
        "max": 15419620,
        "variance_ns2": 30532552720969.48,
        "iqr_ns": 6837941.60549269,
        "q1_ns": 36385.27777777778,
        "q3_ns": 6874326.883270468
      },
      "futex_op_counts": {
        "128": 28
      },
      "first_seen_ts_ns": 506962052880,
      "last_seen_ts_ns": 506987440333
    },
    {
      "tgid": 10575,
      "comm": "runc:[2:INIT]",
      "cgroup_id": 9092,
      "wait_duration_stats_ns": {
        "count": 27.0,
        "sum": 106011613.99999999,
        "mean": 3926356.0740740737,
        "median": 998443.968205221,
        "min": 26222,
        "max": 15539875,
        "variance_ns2": 29850581819149.07,
        "iqr_ns": 6203495.19367761,
        "q1_ns": 80290.02144951498,
        "q3_ns": 6283785.215127124
      },
      "futex_op_counts": {
        "128": 27
      },
      "first_seen_ts_ns": 356961719221,
      "last_seen_ts_ns": 356986632166
    },
    {
      "tgid": 11392,
      "comm": "runc:[2:INIT]",
      "cgroup_id": 9092,
      "wait_duration_stats_ns": {
        "count": 29.0,
        "sum": 103204282.99999999,
        "mean": 3558768.3793103443,
        "median": 447956.1070207063,
        "min": 505,
        "max": 15491662,
        "variance_ns2": 27990692940618.965,
        "iqr_ns": 5455507.108928412,
        "q1_ns": 98111.8993358313,
        "q3_ns": 5553619.008264244
      },
      "futex_op_counts": {
        "128": 29
      },
      "first_seen_ts_ns": 516962145149,
      "last_seen_ts_ns": 516986531651
    },
    {
      "tgid": 11417,
      "comm": "runc:[2:INIT]",
      "cgroup_id": 9092,
      "wait_duration_stats_ns": {
        "count": 27.0,
        "sum": 101244614.00000001,
        "mean": 3749800.518518519,
        "median": 863483.8545317058,
        "min": 9812,
        "max": 15252658,
        "variance_ns2": 28270791198709.258,
        "iqr_ns": 5902135.618614031,
        "q1_ns": 43281.17650463,
        "q3_ns": 5945416.795118661
      },
      "futex_op_counts": {
        "128": 27
      },
      "first_seen_ts_ns": 526962316171,
      "last_seen_ts_ns": 526986264774
    },
    {
      "tgid": 10689,
      "comm": "csi-node-driver",
      "cgroup_id": 9092,
      "wait_duration_stats_ns": {
        "count": 20.0,
        "sum": 12671713.000000004,
        "mean": 633585.6500000001,
        "median": 139339.68562974228,
        "min": 10899,
        "max": 6922399,
        "variance_ns2": 2370408563718.4497,
        "iqr_ns": 712734.2262501232,
        "q1_ns": 29835.32078855078,
        "q3_ns": 742569.547038674
      },
      "futex_op_counts": {
        "128": 20
      },
      "first_seen_ts_ns": 407047093060,
      "last_seen_ts_ns": 407054011820
    },
    {
      "tgid": 11493,
      "comm": "csi-node-driver",
      "cgroup_id": 9092,
      "wait_duration_stats_ns": {
        "count": 18.0,
        "sum": 11822303.999999996,
        "mean": 656794.6666666665,
        "median": 209363.1838718821,
        "min": 12398,
        "max": 3727121,
        "variance_ns2": 924318358452.1177,
        "iqr_ns": 406218.0235775242,
        "q1_ns": 62221.98123343261,
        "q3_ns": 468440.0048109568
      },
      "futex_op_counts": {
        "128": 18
      },
      "first_seen_ts_ns": 547077441751,
      "last_seen_ts_ns": 547083011162
    },
    {
      "tgid": 11072,
      "comm": "csi-node-driver",
      "cgroup_id": 9092,
      "wait_duration_stats_ns": {
        "count": 15.0,
        "sum": 10169726.0,
        "mean": 677981.7333333333,
        "median": 303466.76697530865,
        "min": 14578,
        "max": 3770107,
        "variance_ns2": 1196693550526.4954,
        "iqr_ns": 916345.6644179894,
        "q1_ns": 19758.143518518522,
        "q3_ns": 936103.807936508
      },
      "futex_op_counts": {
        "128": 15
      },
      "first_seen_ts_ns": 467111249521,
      "last_seen_ts_ns": 467115011092
    },
    {
      "tgid": 11370,
      "comm": "csi-node-driver",
      "cgroup_id": 9092,
      "wait_duration_stats_ns": {
        "count": 25.0,
        "sum": 10119146.999999996,
        "mean": 404765.8799999999,
        "median": 135520.84982614854,
        "min": 15079,
        "max": 1934700,
        "variance_ns2": 326837397003.1933,
        "iqr_ns": 577982.9195128417,
        "q1_ns": 37268.01863344003,
        "q3_ns": 615250.9381462818
      },
      "futex_op_counts": {
        "128": 25
      },
      "first_seen_ts_ns": 506989257761,
      "last_seen_ts_ns": 506992675541
    },
    {
      "tgid": 11126,
      "comm": "csi-node-driver",
      "cgroup_id": 9092,
      "wait_duration_stats_ns": {
        "count": 23.0,
        "sum": 9916774.0,
        "mean": 431164.0869565217,
        "median": 71125.92120958958,
        "min": 2637,
        "max": 1887082,
        "variance_ns2": 334793862507.26483,
        "iqr_ns": 566365.906938231,
        "q1_ns": 25721.677678571432,
        "q3_ns": 592087.5846168024
      },
      "futex_op_counts": {
        "128": 23
      },
      "first_seen_ts_ns": 477068321618,
      "last_seen_ts_ns": 477071771550
    },
    {
      "tgid": 11515,
      "comm": "csi-node-driver",
      "cgroup_id": 9092,
      "wait_duration_stats_ns": {
        "count": 22.0,
        "sum": 9889336.0,
        "mean": 449515.27272727276,
        "median": 72291.94461019662,
        "min": 16287,
        "max": 1838137,
        "variance_ns2": 346334647815.1601,
        "iqr_ns": 565413.2404756154,
        "q1_ns": 25565.490972222222,
        "q3_ns": 590978.7314478375
      },
      "futex_op_counts": {
        "128": 22
      },
      "first_seen_ts_ns": 557073170091,
      "last_seen_ts_ns": 557076604739
    },
    {
      "tgid": 10740,
      "comm": "csi-node-driver",
      "cgroup_id": 9092,
      "wait_duration_stats_ns": {
        "count": 21.0,
        "sum": 9773530.0,
        "mean": 465406.1904761905,
        "median": 161797.10881045597,
        "min": 9163,
        "max": 2006376,
        "variance_ns2": 353439945698.86194,
        "iqr_ns": 635441.0137658783,
        "q1_ns": 43470.69477347884,
        "q3_ns": 678911.7085393571
      },
      "futex_op_counts": {
        "128": 21
      },
      "first_seen_ts_ns": 416990242842,
      "last_seen_ts_ns": 416993616564
    },
    {
      "tgid": 10667,
      "comm": "csi-node-driver",
      "cgroup_id": 9092,
      "wait_duration_stats_ns": {
        "count": 17.0,
        "sum": 9750574.0,
        "mean": 573563.1764705882,
        "median": 155942.0626881614,
        "min": 19208,
        "max": 3256626,
        "variance_ns2": 918856999849.1544,
        "iqr_ns": 886823.2481692412,
        "q1_ns": 48725.82560862308,
        "q3_ns": 935549.0737778643
      },
      "futex_op_counts": {
        "128": 17
      },
      "first_seen_ts_ns": 397090544090,
      "last_seen_ts_ns": 397093837424
    },
    {
      "tgid": 10575,
      "comm": "csi-node-driver",
      "cgroup_id": 9092,
      "wait_duration_stats_ns": {
        "count": 21.0,
        "sum": 9685743.0,
        "mean": 461225.85714285716,
        "median": 74644.06483149195,
        "min": 7615,
        "max": 3284333,
        "variance_ns2": 623828073729.2285,
        "iqr_ns": 577366.5396984044,
        "q1_ns": 23645.692876447156,
        "q3_ns": 601012.2325748515
      },
      "futex_op_counts": {
        "128": 21
      },
      "first_seen_ts_ns": 356988396432,
      "last_seen_ts_ns": 356991702510
    },
    {
      "tgid": 11538,
      "comm": "csi-node-driver",
      "cgroup_id": 9092,
      "wait_duration_stats_ns": {
        "count": 20.0,
        "sum": 9621305.0,
        "mean": 481065.25,
        "median": 297884.53685872396,
        "min": 15194,
        "max": 1820427,
        "variance_ns2": 453400696766.0921,
        "iqr_ns": 503683.11966146005,
        "q1_ns": 20908.277777777777,
        "q3_ns": 524591.3974392378
      },
      "futex_op_counts": {
        "128": 20
      },
      "first_seen_ts_ns": 567119400845,
      "last_seen_ts_ns": 567122736387
    },
    {
      "tgid": 11170,
      "comm": "csi-node-driver",
      "cgroup_id": 9092,
      "wait_duration_stats_ns": {
        "count": 21.0,
        "sum": 9500278.0,
        "mean": 452394.1904761905,
        "median": 100210.47055015093,
        "min": 22890,
        "max": 1912603,
        "variance_ns2": 341990355473.7619,
        "iqr_ns": 801315.9630568573,
        "q1_ns": 32433.282,
        "q3_ns": 833749.2450568574
      },
      "futex_op_counts": {
        "128": 21
      },
      "first_seen_ts_ns": 496992087369,
      "last_seen_ts_ns": 496995385965
    },
    {
      "tgid": 11148,
      "comm": "csi-node-driver",
      "cgroup_id": 9092,
      "wait_duration_stats_ns": {
        "count": 21.0,
        "sum": 9431209.999999998,
        "mean": 449105.23809523805,
        "median": 197797.06681508743,
        "min": 11685,
        "max": 1721748,
        "variance_ns2": 292982500521.5905,
        "iqr_ns": 770464.353491013,
        "q1_ns": 54718.10513725124,
        "q3_ns": 825182.4586282643
      },
      "futex_op_counts": {
        "128": 21
      },
      "first_seen_ts_ns": 487040684231,
      "last_seen_ts_ns": 487043869849
    },
    {
      "tgid": 10622,
      "comm": "csi-node-driver",
      "cgroup_id": 9092,
      "wait_duration_stats_ns": {
        "count": 24.0,
        "sum": 9388902.999999998,
        "mean": 391204.29166666657,
        "median": 78413.48792518406,
        "min": 568,
        "max": 1790528,
        "variance_ns2": 299507229229.5199,
        "iqr_ns": 500373.82785883645,
        "q1_ns": 32860.443015539604,
        "q3_ns": 533234.2708743761
      },
      "futex_op_counts": {
        "128": 24
      },
      "first_seen_ts_ns": 376989991610,
      "last_seen_ts_ns": 376993302739
    },
    {
      "tgid": 11417,
      "comm": "csi-node-driver",
      "cgroup_id": 9092,
      "wait_duration_stats_ns": {
        "count": 23.0,
        "sum": 9340969.000000002,
        "mean": 406129.0869565218,
        "median": 66431.43348722867,
        "min": 7420,
        "max": 1743424,
        "variance_ns2": 281381471553.6284,
        "iqr_ns": 388278.55266496824,
        "q1_ns": 30852.388221354173,
        "q3_ns": 419130.9408863224
      },
      "futex_op_counts": {
        "128": 23
      },
      "first_seen_ts_ns": 526988014431,
      "last_seen_ts_ns": 526991233828
    },
    {
      "tgid": 10598,
      "comm": "csi-node-driver",
      "cgroup_id": 9092,
      "wait_duration_stats_ns": {
        "count": 21.0,
        "sum": 9337166.0,
        "mean": 444626.9523809524,
        "median": 76804.51703436766,
        "min": 2367,
        "max": 1952288,
        "variance_ns2": 352596647847.0476,
        "iqr_ns": 840753.272427353,
        "q1_ns": 31622.564802479636,
        "q3_ns": 872375.8372298325
      },
      "futex_op_counts": {
        "128": 21
      },
      "first_seen_ts_ns": 366988105540,
      "last_seen_ts_ns": 366991342663
    },
    {
      "tgid": 10939,
      "comm": "csi-node-driver",
      "cgroup_id": 9092,
      "wait_duration_stats_ns": {
        "count": 22.0,
        "sum": 9200450.0,
        "mean": 418202.27272727276,
        "median": 106654.46291941562,
        "min": 891,
        "max": 1691328,
        "variance_ns2": 292110716274.6841,
        "iqr_ns": 380794.98465133243,
        "q1_ns": 56486.79108382936,
        "q3_ns": 437281.7757351618
      },
      "futex_op_counts": {
        "128": 22
      },
      "first_seen_ts_ns": 426991055072,
      "last_seen_ts_ns": 426994269291
    },
    {
      "tgid": 10961,
      "comm": "csi-node-driver",
      "cgroup_id": 9092,
      "wait_duration_stats_ns": {
        "count": 22.0,
        "sum": 9184815.0,
        "mean": 417491.5909090909,
        "median": 58655.35854614931,
        "min": 8248,
        "max": 1838559,
        "variance_ns2": 315175539167.9675,
        "iqr_ns": 511888.14265459136,
        "q1_ns": 33008.58666666667,
        "q3_ns": 544896.729321258
      },
      "futex_op_counts": {
        "128": 22
      },
      "first_seen_ts_ns": 436993144719,
      "last_seen_ts_ns": 436996343466
    },
    {
      "tgid": 10509,
      "comm": "csi-node-driver",
      "cgroup_id": 9092,
      "wait_duration_stats_ns": {
        "count": 22.0,
        "sum": 9165614.999999998,
        "mean": 416618.8636363636,
        "median": 37879.68338134431,
        "min": 11486,
        "max": 1862362,
        "variance_ns2": 319211693789.9329,
        "iqr_ns": 564921.972840262,
        "q1_ns": 19148.130123456787,
        "q3_ns": 584070.1029637188
      },
      "futex_op_counts": {
        "128": 22
      },
      "first_seen_ts_ns": 347047472547,
      "last_seen_ts_ns": 347050669596
    },
    {
      "tgid": 11559,
      "comm": "csi-node-driver",
      "cgroup_id": 9092,
      "wait_duration_stats_ns": {
        "count": 19.0,
        "sum": 9066861.0,
        "mean": 477203.2105263158,
        "median": 203883.80577764602,
        "min": 10645,
        "max": 1826830,
        "variance_ns2": 324905557851.8421,
        "iqr_ns": 517480.7581011905,
        "q1_ns": 42054.924250000004,
        "q3_ns": 559535.6823511905
      },
      "futex_op_counts": {
        "128": 19
      },
      "first_seen_ts_ns": 576990012095,
      "last_seen_ts_ns": 576993152470
    },
    {
      "tgid": 11392,
      "comm": "csi-node-driver",
      "cgroup_id": 9092,
      "wait_duration_stats_ns": {
        "count": 19.0,
        "sum": 8857623.0,
        "mean": 466190.68421052635,
        "median": 269411.4483841766,
        "min": 22810,
        "max": 1699202,
        "variance_ns2": 299313904591.3392,
        "iqr_ns": 405560.42024150235,
        "q1_ns": 79078.18517516433,
        "q3_ns": 484638.60541666666
      },
      "futex_op_counts": {
        "128": 19
      },
      "first_seen_ts_ns": 516988151936,
      "last_seen_ts_ns": 516991235706
    },
    {
      "tgid": 10986,
      "comm": "csi-node-driver",
      "cgroup_id": 9092,
      "wait_duration_stats_ns": {
        "count": 19.0,
        "sum": 8305092.000000001,
        "mean": 437110.1052631579,
        "median": 148921.50789102583,
        "min": 9401,
        "max": 2840663,
        "variance_ns2": 497712128789.3216,
        "iqr_ns": 520920.3887978854,
        "q1_ns": 28751.144719393018,
        "q3_ns": 549671.5335172784
      },
      "futex_op_counts": {
        "128": 19
      },
      "first_seen_ts_ns": 446989047113,
      "last_seen_ts_ns": 446991883967
    },
    {
      "tgid": 11008,
      "comm": "csi-node-driver",
      "cgroup_id": 9092,
      "wait_duration_stats_ns": {
        "count": 19.0,
        "sum": 8219680.0,
        "mean": 432614.7368421053,
        "median": 96255.5281084656,
        "min": 14250,
        "max": 1586540,
        "variance_ns2": 278622516943.2047,
        "iqr_ns": 613031.3463445216,
        "q1_ns": 25321.975000000002,
        "q3_ns": 638353.3213445216
      },
      "futex_op_counts": {
        "128": 19
      },
      "first_seen_ts_ns": 456988788161,
      "last_seen_ts_ns": 456991742277
    },
    {
      "tgid": 10033,
      "comm": "flux-broker-97",
      "cgroup_id": 9573,
      "wait_duration_stats_ns": {
        "count": 393.0,
        "sum": 8141436.999999995,
        "mean": 20716.12468193383,
        "median": 991.3988538473179,
        "min": 387,
        "max": 2505941,
        "variance_ns2": 34306215619.30838,
        "iqr_ns": 5778.775606850391,
        "q1_ns": 605.3544498588618,
        "q3_ns": 6384.130056709253
      },
      "futex_op_counts": {
        "128": 393
      },
      "first_seen_ts_ns": 345590204444,
      "last_seen_ts_ns": 581802133276
    },
    {
      "tgid": 10644,
      "comm": "csi-node-driver",
      "cgroup_id": 9092,
      "wait_duration_stats_ns": {
        "count": 14.0,
        "sum": 7519005.0,
        "mean": 537071.7857142857,
        "median": 82236.48895833333,
        "min": 20174,
        "max": 3437029,
        "variance_ns2": 950210409178.3353,
        "iqr_ns": 373189.9007523149,
        "q1_ns": 25312.872685185182,
        "q3_ns": 398502.77343750006
      },
      "futex_op_counts": {
        "128": 14
      },
      "first_seen_ts_ns": 387096577948,
      "last_seen_ts_ns": 387100010736
    },
    {
      "tgid": 11472,
      "comm": "csi-node-driver",
      "cgroup_id": 9092,
      "wait_duration_stats_ns": {
        "count": 18.0,
        "sum": 5053570.0,
        "mean": 280753.8888888889,
        "median": 59708.76980867347,
        "min": 10083,
        "max": 1458535,
        "variance_ns2": 240291849763.9869,
        "iqr_ns": 211129.81986134726,
        "q1_ns": 27929.70455994898,
        "q3_ns": 239059.52442129626
      },
      "futex_op_counts": {
        "128": 18
      },
      "first_seen_ts_ns": 537105619362,
      "last_seen_ts_ns": 537108981750
    },
    {
      "tgid": 10033,
      "comm": "ZMQbg/Reaper",
      "cgroup_id": 9573,
      "wait_duration_stats_ns": {
        "count": 1.0,
        "sum": 44493.0,
        "mean": 44493.0,
        "median": 44493.0,
        "min": 44493,
        "max": 44493,
        "variance_ns2": null,
        "iqr_ns": 0.0,
        "q1_ns": 44493.0,
        "q3_ns": 44493.0
      },
      "futex_op_counts": {
        "128": 1
      },
      "first_seen_ts_ns": 581803329541,
      "last_seen_ts_ns": 581803329541
    },
    {
      "tgid": 839,
      "comm": "multipathd",
      "cgroup_id": 1702,
      "wait_duration_stats_ns": {
        "count": 14.0,
        "sum": 42976.0,
        "mean": 3069.714285714286,
        "median": 1898.091836734694,
        "min": 851,
        "max": 14933,
        "variance_ns2": 12328416.219780218,
        "iqr_ns": 237.04988425925967,
        "q1_ns": 1699.4177083333334,
        "q3_ns": 1936.467592592593
      },
      "futex_op_counts": {
        "128": 14
      },
      "first_seen_ts_ns": 462615379435,
      "last_seen_ts_ns": 574621314388
    },
    {
      "tgid": 10033,
      "comm": "ZMQbg/IO/0",
      "cgroup_id": 9573,
      "wait_duration_stats_ns": {
        "count": 32.0,
        "sum": 34340.00000000001,
        "mean": 1073.1250000000002,
        "median": 545.6728698091583,
        "min": 453,
        "max": 11555,
        "variance_ns2": 4011319.20967742,
        "iqr_ns": 187.2617057387439,
        "q1_ns": 484.027924228369,
        "q3_ns": 671.2896299671129
      },
      "futex_op_counts": {
        "128": 32
      },
      "first_seen_ts_ns": 417295959856,
      "last_seen_ts_ns": 581803268989
    },
    {
      "tgid": 10381,
      "comm": "lmp",
      "cgroup_id": 9573,
      "wait_duration_stats_ns": {
        "count": 1.0,
        "sum": 9335.0,
        "mean": 9335.0,
        "median": 9335.0,
        "min": 9335,
        "max": 9335,
        "variance_ns2": null,
        "iqr_ns": 0.0,
        "q1_ns": 9335.0,
        "q3_ns": 9335.0
      },
      "futex_op_counts": {
        "128": 1
      },
      "first_seen_ts_ns": 417260487731,
      "last_seen_ts_ns": 417260487731
    },
    {
      "tgid": 11182,
      "comm": "lmp",
      "cgroup_id": 9573,
      "wait_duration_stats_ns": {
        "count": 1.0,
        "sum": 8614.0,
        "mean": 8614.0,
        "median": 8614.0,
        "min": 8614,
        "max": 8614,
        "variance_ns2": null,
        "iqr_ns": 0.0,
        "q1_ns": 8614.0,
        "q3_ns": 8614.0
      },
      "futex_op_counts": {
        "128": 1
      },
      "first_seen_ts_ns": 576300464041,
      "last_seen_ts_ns": 576300464041
    },
    {
      "tgid": 11312,
      "comm": "lmp",
      "cgroup_id": 9573,
      "wait_duration_stats_ns": {
        "count": 1.0,
        "sum": 8401.0,
        "mean": 8401.0,
        "median": 8401.0,
        "min": 8401,
        "max": 8401,
        "variance_ns2": null,
        "iqr_ns": 0.0,
        "q1_ns": 8401.0,
        "q3_ns": 8401.0
      },
      "futex_op_counts": {
        "128": 1
      },
      "first_seen_ts_ns": 576289560321,
      "last_seen_ts_ns": 576289560321
    },
    {
      "tgid": 11348,
      "comm": "lmp",
      "cgroup_id": 9573,
      "wait_duration_stats_ns": {
        "count": 1.0,
        "sum": 8183.0,
        "mean": 8183.0,
        "median": 8183.0,
        "min": 8183,
        "max": 8183,
        "variance_ns2": null,
        "iqr_ns": 0.0,
        "q1_ns": 8183.0,
        "q3_ns": 8183.0
      },
      "futex_op_counts": {
        "128": 1
      },
      "first_seen_ts_ns": 576289657345,
      "last_seen_ts_ns": 576289657345
    },
    {
      "tgid": 10399,
      "comm": "lmp",
      "cgroup_id": 9573,
      "wait_duration_stats_ns": {
        "count": 1.0,
        "sum": 7772.0,
        "mean": 7772.0,
        "median": 7772.0,
        "min": 7772,
        "max": 7772,
        "variance_ns2": null,
        "iqr_ns": 0.0,
        "q1_ns": 7772.0,
        "q3_ns": 7772.0
      },
      "futex_op_counts": {
        "128": 1
      },
      "first_seen_ts_ns": 417264215455,
      "last_seen_ts_ns": 417264215455
    },
    {
      "tgid": 11240,
      "comm": "lmp",
      "cgroup_id": 9573,
      "wait_duration_stats_ns": {
        "count": 1.0,
        "sum": 7740.0,
        "mean": 7740.0,
        "median": 7740.0,
        "min": 7740,
        "max": 7740,
        "variance_ns2": null,
        "iqr_ns": 0.0,
        "q1_ns": 7740.0,
        "q3_ns": 7740.0
      },
      "futex_op_counts": {
        "128": 1
      },
      "first_seen_ts_ns": 576300403913,
      "last_seen_ts_ns": 576300403913
    },
    {
      "tgid": 10898,
      "comm": "lmp",
      "cgroup_id": 9573,
      "wait_duration_stats_ns": {
        "count": 1.0,
        "sum": 7401.0,
        "mean": 7401.0,
        "median": 7401.0,
        "min": 7401,
        "max": 7401,
        "variance_ns2": null,
        "iqr_ns": 0.0,
        "q1_ns": 7401.0,
        "q3_ns": 7401.0
      },
      "futex_op_counts": {
        "128": 1
      },
      "first_seen_ts_ns": 496787113180,
      "last_seen_ts_ns": 496787113180
    },
    {
      "tgid": 10445,
      "comm": "lmp",
      "cgroup_id": 9573,
      "wait_duration_stats_ns": {
        "count": 1.0,
        "sum": 7312.0,
        "mean": 7312.0,
        "median": 7312.0,
        "min": 7312,
        "max": 7312,
        "variance_ns2": null,
        "iqr_ns": 0.0,
        "q1_ns": 7312.0,
        "q3_ns": 7312.0
      },
      "futex_op_counts": {
        "128": 1
      },
      "first_seen_ts_ns": 417257586372,
      "last_seen_ts_ns": 417257586372
    },
    {
      "tgid": 10463,
      "comm": "lmp",
      "cgroup_id": 9573,
      "wait_duration_stats_ns": {
        "count": 1.0,
        "sum": 6926.0,
        "mean": 6926.0,
        "median": 6926.0,
        "min": 6926,
        "max": 6926,
        "variance_ns2": null,
        "iqr_ns": 0.0,
        "q1_ns": 6926.0,
        "q3_ns": 6926.0
      },
      "futex_op_counts": {
        "128": 1
      },
      "first_seen_ts_ns": 417252223597,
      "last_seen_ts_ns": 417252223597
    },
    {
      "tgid": 10924,
      "comm": "lmp",
      "cgroup_id": 9573,
      "wait_duration_stats_ns": {
        "count": 1.0,
        "sum": 6910.0,
        "mean": 6910.0,
        "median": 6910.0,
        "min": 6910,
        "max": 6910,
        "variance_ns2": null,
        "iqr_ns": 0.0,
        "q1_ns": 6910.0,
        "q3_ns": 6910.0
      },
      "futex_op_counts": {
        "128": 1
      },
      "first_seen_ts_ns": 496787125119,
      "last_seen_ts_ns": 496787125119
    }
  ]
}
[15:47:10] Cleanup complete.
