unlimited
PROGRAM: futex
Looking for /opt/programs/futex/ebpf-collect.c
[15:42:39] Starting eBPF (Tracepoints for futex syscalls).
[15:42:39] BPF program loaded and tracepoints automatically attached.
[15:42:39] Start Indicator file defined '/mnt/flux/start_ebpf_collection'. Waiting.
[15:43:14] Start indicator found. Proceeding.
[15:43:14] Ring buffers opened. Polling for events...
[15:47:10] 
Indicator file '/mnt/flux/stop_ebpf_collection' found. Stopping.
[15:47:10] Cleaning up BPF resources...
{
  "final_aggregated_futex_summary_river": [
    {
      "tgid": 3682,
      "comm": "containerd",
      "cgroup_id": 6520,
      "wait_duration_stats_ns": {
        "count": 10182.0,
        "sum": 9860051117460.97,
        "mean": 968380585.0973257,
        "median": 136228.02139855703,
        "min": 484,
        "max": 71997836975,
        "variance_ns2": 3.91200310550149e+19,
        "iqr_ns": 98091125.12915538,
        "q1_ns": 50862.7460596552,
        "q3_ns": 98141987.87521504
      },
      "futex_op_counts": {
        "128": 10182
      },
      "first_seen_ts_ns": 311862919190,
      "last_seen_ts_ns": 582803392898
    },
    {
      "tgid": 3866,
      "comm": "kubelet",
      "cgroup_id": 6640,
      "wait_duration_stats_ns": {
        "count": 21953.0,
        "sum": 7549778394459.991,
        "mean": 343906454.4463167,
        "median": 11554964.7351843,
        "min": 392,
        "max": 78930716308,
        "variance_ns2": 8.91144424696812e+18,
        "iqr_ns": 38868025.14688864,
        "q1_ns": 1006990.9778076656,
        "q3_ns": 39875016.12469631
      },
      "futex_op_counts": {
        "128": 21953
      },
      "first_seen_ts_ns": 311839937765,
      "last_seen_ts_ns": 582786655877
    },
    {
      "tgid": 3934,
      "comm": "node-problem-de",
      "cgroup_id": 6700,
      "wait_duration_stats_ns": {
        "count": 1112.0,
        "sum": 5839959162755.0,
        "mean": 5251761837.009892,
        "median": 323482275.5581834,
        "min": 540,
        "max": 92023407572,
        "variance_ns2": 3.733052272037324e+20,
        "iqr_ns": 969013642.3653544,
        "q1_ns": 674036.0534373666,
        "q3_ns": 969687678.4187918
      },
      "futex_op_counts": {
        "128": 1112
      },
      "first_seen_ts_ns": 311888933697,
      "last_seen_ts_ns": 582588943285
    },
    {
      "tgid": 7886,
      "comm": "prometheus",
      "cgroup_id": 8532,
      "wait_duration_stats_ns": {
        "count": 11242.0,
        "sum": 3787470536204.9927,
        "mean": 336903623.5727622,
        "median": 42364644.89282417,
        "min": 575,
        "max": 120032026500,
        "variance_ns2": 2.8252261296481755e+19,
        "iqr_ns": 10269597.21728038,
        "q1_ns": 39874471.96930448,
        "q3_ns": 50144069.18658486
      },
      "futex_op_counts": {
        "128": 11242
      },
      "first_seen_ts_ns": 311875472855,
      "last_seen_ts_ns": 582789114127
    },
    {
      "tgid": 4317,
      "comm": "kube-proxy",
      "cgroup_id": 7366,
      "wait_duration_stats_ns": {
        "count": 596.0,
        "sum": 3747392237718.9995,
        "mean": 6287570868.656039,
        "median": 313916736.09518313,
        "min": 974,
        "max": 123744053059,
        "variance_ns2": 5.1442847467829605e+20,
        "iqr_ns": 2398802847.071883,
        "q1_ns": 10992924.943565197,
        "q3_ns": 2409795772.0154486
      },
      "futex_op_counts": {
        "128": 596
      },
      "first_seen_ts_ns": 347402696789,
      "last_seen_ts_ns": 582403510037
    },
    {
      "tgid": 7281,
      "comm": "fluent-bit-gke-",
      "cgroup_id": 8137,
      "wait_duration_stats_ns": {
        "count": 649.0,
        "sum": 2463523009519.999,
        "mean": 3795875207.272726,
        "median": 995739268.322024,
        "min": 523,
        "max": 121326948466,
        "variance_ns2": 2.7489830985051793e+20,
        "iqr_ns": 1445748703.2368343,
        "q1_ns": 48077393.0835192,
        "q3_ns": 1493826096.3203535
      },
      "futex_op_counts": {
        "128": 649
      },
      "first_seen_ts_ns": 347452953666,
      "last_seen_ts_ns": 581453070856
    },
    {
      "tgid": 8143,
      "comm": "csi-node-driver",
      "cgroup_id": 8848,
      "wait_duration_stats_ns": {
        "count": 58.0,
        "sum": 1814045518485.9998,
        "mean": 31276646870.448273,
        "median": 3766391305.4934645,
        "min": 1388,
        "max": 121004075640,
        "variance_ns2": 2.3376584371334157e+21,
        "iqr_ns": 75611712009.61479,
        "q1_ns": 139336145.64763302,
        "q3_ns": 75751048155.26242
      },
      "futex_op_counts": {
        "128": 58
      },
      "first_seen_ts_ns": 415236014235,
      "last_seen_ts_ns": 536241404348
    },
    {
      "tgid": 8060,
      "comm": "containerd-shim",
      "cgroup_id": 6520,
      "wait_duration_stats_ns": {
        "count": 1892.0,
        "sum": 1671347129662.0012,
        "mean": 883375861.3435525,
        "median": 1374350.581723139,
        "min": 396,
        "max": 30000299159,
        "variance_ns2": 6.772530967828621e+18,
        "iqr_ns": 19675256.686791185,
        "q1_ns": 57160.41729226473,
        "q3_ns": 19732417.10408345
      },
      "futex_op_counts": {
        "128": 1892
      },
      "first_seen_ts_ns": 312010718611,
      "last_seen_ts_ns": 582658185955
    },
    {
      "tgid": 8026,
      "comm": "config-reloader",
      "cgroup_id": 8611,
      "wait_duration_stats_ns": {
        "count": 143.0,
        "sum": 1555140651723.0005,
        "mean": 10875109452.608395,
        "median": 3679566382.048858,
        "min": 4545,
        "max": 119997505774,
        "variance_ns2": 6.129633342513878e+20,
        "iqr_ns": 6882719451.894844,
        "q1_ns": 33933524.45615748,
        "q3_ns": 6916652976.351002
      },
      "futex_op_counts": {
        "128": 143
      },
      "first_seen_ts_ns": 351448263769,
      "last_seen_ts_ns": 581641208131
    },
    {
      "tgid": 6556,
      "comm": "containerd-shim",
      "cgroup_id": 6520,
      "wait_duration_stats_ns": {
        "count": 716.0,
        "sum": 1409311034617.999,
        "mean": 1968311500.8631272,
        "median": 2972860.300205679,
        "min": 962,
        "max": 180530385532,
        "variance_ns2": 6.944536312647177e+19,
        "iqr_ns": 1026985899.5088613,
        "q1_ns": 435408.4065843697,
        "q3_ns": 1027421307.9154457
      },
      "futex_op_counts": {
        "128": 716
      },
      "first_seen_ts_ns": 312008473729,
      "last_seen_ts_ns": 582660092297
    },
    {
      "tgid": 7494,
      "comm": "containerd-shim",
      "cgroup_id": 6520,
      "wait_duration_stats_ns": {
        "count": 539.0,
        "sum": 1201530795538.9995,
        "mean": 2229185149.4230046,
        "median": 1632146.2864274764,
        "min": 1437,
        "max": 38425790717,
        "variance_ns2": 2.7021833735578337e+19,
        "iqr_ns": 1697601563.9908116,
        "q1_ns": 638568.7101984678,
        "q3_ns": 1698240132.70101
      },
      "futex_op_counts": {
        "128": 539
      },
      "first_seen_ts_ns": 312014035590,
      "last_seen_ts_ns": 582660574574
    },
    {
      "tgid": 6635,
      "comm": "containerd-shim",
      "cgroup_id": 6520,
      "wait_duration_stats_ns": {
        "count": 524.0,
        "sum": 1199950974824.0,
        "mean": 2289982776.3816795,
        "median": 6502467.051473008,
        "min": 636,
        "max": 60000314729,
        "variance_ns2": 3.2198676993546506e+19,
        "iqr_ns": 1151544894.5473359,
        "q1_ns": 846524.0842512265,
        "q3_ns": 1152391418.631587
      },
      "futex_op_counts": {
        "128": 524
      },
      "first_seen_ts_ns": 312012997823,
      "last_seen_ts_ns": 582659190345
    },
    {
      "tgid": 8668,
      "comm": "containerd-shim",
      "cgroup_id": 6520,
      "wait_duration_stats_ns": {
        "count": 563.0,
        "sum": 1181343354945.0002,
        "mean": 2098300808.0728245,
        "median": 4770790.605452146,
        "min": 523,
        "max": 37447375294,
        "variance_ns2": 2.3712307797419598e+19,
        "iqr_ns": 1536878912.9223793,
        "q1_ns": 495908.2059012131,
        "q3_ns": 1537374821.1282804
      },
      "futex_op_counts": {
        "128": 563
      },
      "first_seen_ts_ns": 312010202638,
      "last_seen_ts_ns": 582805744080
    },
    {
      "tgid": 1728,
      "comm": "google_guest_ag",
      "cgroup_id": 4174,
      "wait_duration_stats_ns": {
        "count": 209.0,
        "sum": 1070271827006.0004,
        "mean": 5120917832.564595,
        "median": 2855765424.326881,
        "min": 582,
        "max": 120041037956,
        "variance_ns2": 2.954063545119567e+20,
        "iqr_ns": 4151806005.587716,
        "q1_ns": 362137454.6322421,
        "q3_ns": 4513943460.219958
      },
      "futex_op_counts": {
        "128": 209
      },
      "first_seen_ts_ns": 350097372692,
      "last_seen_ts_ns": 580774116126
    },
    {
      "tgid": 4251,
      "comm": "containerd-shim",
      "cgroup_id": 6520,
      "wait_duration_stats_ns": {
        "count": 315.0,
        "sum": 1051649219831.0001,
        "mean": 3338568951.8444448,
        "median": 533425540.0064909,
        "min": 704,
        "max": 59996061534,
        "variance_ns2": 4.297230491494407e+19,
        "iqr_ns": 4955036929.503473,
        "q1_ns": 2910741.607994105,
        "q3_ns": 4957947671.111467
      },
      "futex_op_counts": {
        "128": 315
      },
      "first_seen_ts_ns": 312104207383,
      "last_seen_ts_ns": 582658721689
    },
    {
      "tgid": 1730,
      "comm": "google_osconfig",
      "cgroup_id": 4234,
      "wait_duration_stats_ns": {
        "count": 241.0,
        "sum": 949038659684.9999,
        "mean": 3937919749.73029,
        "median": 217811232.01867738,
        "min": 14676,
        "max": 120001587491,
        "variance_ns2": 1.4143282624157899e+20,
        "iqr_ns": 4783566847.654515,
        "q1_ns": 59209185.39792304,
        "q3_ns": 4842776033.052439
      },
      "futex_op_counts": {
        "128": 241
      },
      "first_seen_ts_ns": 350106751657,
      "last_seen_ts_ns": 580280532147
    },
    {
      "tgid": 2771,
      "comm": "dockerd",
      "cgroup_id": 6400,
      "wait_duration_stats_ns": {
        "count": 88.0,
        "sum": 879744597195.0,
        "mean": 9997097695.397728,
        "median": 6168934808.183782,
        "min": 748,
        "max": 129992040751,
        "variance_ns2": 5.1018484640715676e+20,
        "iqr_ns": 8808720934.066357,
        "q1_ns": 148921627.18515843,
        "q3_ns": 8957642561.251514
      },
      "futex_op_counts": {
        "128": 88
      },
      "first_seen_ts_ns": 312645010464,
      "last_seen_ts_ns": 582618144346
    },
    {
      "tgid": 7343,
      "comm": "main",
      "cgroup_id": 8216,
      "wait_duration_stats_ns": {
        "count": 197.0,
        "sum": 712641125590.0001,
        "mean": 3617467642.5888333,
        "median": 2366026619.4796133,
        "min": 1707,
        "max": 59977452169,
        "variance_ns2": 7.176983689965056e+19,
        "iqr_ns": 4947043555.799624,
        "q1_ns": 33510925.581483472,
        "q3_ns": 4980554481.381108
      },
      "futex_op_counts": {
        "128": 197
      },
      "first_seen_ts_ns": 346531660609,
      "last_seen_ts_ns": 581548223022
    },
    {
      "tgid": 6967,
      "comm": "main",
      "cgroup_id": 7979,
      "wait_duration_stats_ns": {
        "count": 350.0,
        "sum": 709216837145.9995,
        "mean": 2026333820.4171414,
        "median": 258835250.32892272,
        "min": 10315,
        "max": 59940610668,
        "variance_ns2": 4.369847705717204e+19,
        "iqr_ns": 4688347879.68388,
        "q1_ns": 1895843.5643530828,
        "q3_ns": 4690243723.248233
      },
      "futex_op_counts": {
        "128": 350
      },
      "first_seen_ts_ns": 348648112447,
      "last_seen_ts_ns": 578652273195
    },
    {
      "tgid": 6883,
      "comm": "otelsvc",
      "cgroup_id": 7900,
      "wait_duration_stats_ns": {
        "count": 812.0,
        "sum": 382332037620.9998,
        "mean": 470852263.08004904,
        "median": 462664637.87218446,
        "min": 13891,
        "max": 59651052519,
        "variance_ns2": 7.136654431677694e+18,
        "iqr_ns": 468435841.6610266,
        "q1_ns": 20314801.639260337,
        "q3_ns": 488750643.30028695
      },
      "futex_op_counts": {
        "128": 812
      },
      "first_seen_ts_ns": 312536470727,
      "last_seen_ts_ns": 582536463882
    },
    {
      "tgid": 8479,
      "comm": "gce-pd-csi-driv",
      "cgroup_id": 8927,
      "wait_duration_stats_ns": {
        "count": 422.0,
        "sum": 353958806374.9997,
        "mean": 838764944.016587,
        "median": 592106369.1603411,
        "min": 20080209,
        "max": 119999199921,
        "variance_ns2": 3.38198438915452e+19,
        "iqr_ns": 406864.0539201498,
        "q1_ns": 589681247.4170913,
        "q3_ns": 590088111.4710114
      },
      "futex_op_counts": {
        "128": 422
      },
      "first_seen_ts_ns": 312481956321,
      "last_seen_ts_ns": 582481954852
    },
    {
      "tgid": 10552,
      "comm": "kubectl",
      "cgroup_id": 6580,
      "wait_duration_stats_ns": {
        "count": 610.0,
        "sum": 2917276235.0000005,
        "mean": 4782420.05737705,
        "median": 415404.3973877459,
        "min": 741,
        "max": 447272373,
        "variance_ns2": 883210775634410.6,
        "iqr_ns": 2376406.385843143,
        "q1_ns": 52668.23149903717,
        "q3_ns": 2429074.61734218
      },
      "futex_op_counts": {
        "128": 610
      },
      "first_seen_ts_ns": 460922154073,
      "last_seen_ts_ns": 461390010645
    },
    {
      "tgid": 10432,
      "comm": "runc",
      "cgroup_id": 6520,
      "wait_duration_stats_ns": {
        "count": 299.0,
        "sum": 1488319464.0000002,
        "mean": 4977657.070234114,
        "median": 309316.8012226566,
        "min": 12626,
        "max": 213053746,
        "variance_ns2": 673535986493843.0,
        "iqr_ns": 2004719.5381837515,
        "q1_ns": 105742.50679354413,
        "q3_ns": 2110462.0449772957
      },
      "futex_op_counts": {
        "128": 299
      },
      "first_seen_ts_ns": 420724756934,
      "last_seen_ts_ns": 420940938864
    },
    {
      "tgid": 11044,
      "comm": "runc",
      "cgroup_id": 6520,
      "wait_duration_stats_ns": {
        "count": 272.0,
        "sum": 862326841.0,
        "mean": 3170319.268382353,
        "median": 127196.00450295606,
        "min": 1360,
        "max": 121034516,
        "variance_ns2": 320315649824830.8,
        "iqr_ns": 593402.9294923062,
        "q1_ns": 32865.8928863301,
        "q3_ns": 626268.8223786363
      },
      "futex_op_counts": {
        "128": 272
      },
      "first_seen_ts_ns": 570731737905,
      "last_seen_ts_ns": 570857916435
    },
    {
      "tgid": 10443,
      "comm": "runc:[2:INIT]",
      "cgroup_id": 8848,
      "wait_duration_stats_ns": {
        "count": 32.0,
        "sum": 845743313.0000001,
        "mean": 26429478.531250004,
        "median": 1595657.7586998958,
        "min": 3479,
        "max": 159416238,
        "variance_ns2": 2937319142508130.5,
        "iqr_ns": 27354985.941320714,
        "q1_ns": 52526.42330158734,
        "q3_ns": 27407512.364622302
      },
      "futex_op_counts": {
        "128": 32
      },
      "first_seen_ts_ns": 420765168676,
      "last_seen_ts_ns": 420940531553
    },
    {
      "tgid": 10520,
      "comm": "runc",
      "cgroup_id": 6520,
      "wait_duration_stats_ns": {
        "count": 359.0,
        "sum": 829910076.0,
        "mean": 2311727.2311977716,
        "median": 154006.04811977534,
        "min": 8830,
        "max": 117256227,
        "variance_ns2": 163887913549583.2,
        "iqr_ns": 605362.5429397115,
        "q1_ns": 31525.33766026017,
        "q3_ns": 636887.8805999716
      },
      "futex_op_counts": {
        "128": 359
      },
      "first_seen_ts_ns": 460728251391,
      "last_seen_ts_ns": 460866046808
    },
    {
      "tgid": 11002,
      "comm": "runc",
      "cgroup_id": 6520,
      "wait_duration_stats_ns": {
        "count": 301.0,
        "sum": 775933165.0000001,
        "mean": 2577851.046511628,
        "median": 109876.68091709683,
        "min": 716,
        "max": 106424001,
        "variance_ns2": 211147365190579.53,
        "iqr_ns": 518358.73218294,
        "q1_ns": 27119.217276769097,
        "q3_ns": 545477.9494597091
      },
      "futex_op_counts": {
        "128": 301
      },
      "first_seen_ts_ns": 550730012601,
      "last_seen_ts_ns": 550842848061
    },
    {
      "tgid": 10176,
      "comm": "runc",
      "cgroup_id": 6520,
      "wait_duration_stats_ns": {
        "count": 330.0,
        "sum": 775527678.0000001,
        "mean": 2350083.872727273,
        "median": 90835.61603600437,
        "min": 707,
        "max": 109824494,
        "variance_ns2": 170793057336872.94,
        "iqr_ns": 497145.2822009794,
        "q1_ns": 26140.295552460448,
        "q3_ns": 523285.57775343984
      },
      "futex_op_counts": {
        "128": 330
      },
      "first_seen_ts_ns": 400725628979,
      "last_seen_ts_ns": 400838749078
    },
    {
      "tgid": 10562,
      "comm": "gke-exec-auth-p",
      "cgroup_id": 6580,
      "wait_duration_stats_ns": {
        "count": 247.0,
        "sum": 755711337.0000002,
        "mean": 3059560.0688259117,
        "median": 182426.38150850346,
        "min": 2856,
        "max": 93300505,
        "variance_ns2": 161219446332861.38,
        "iqr_ns": 1051979.7793151932,
        "q1_ns": 46857.88803108885,
        "q3_ns": 1098837.667346282
      },
      "futex_op_counts": {
        "128": 247
      },
      "first_seen_ts_ns": 461103784132,
      "last_seen_ts_ns": 461298023258
    },
    {
      "tgid": 11024,
      "comm": "runc",
      "cgroup_id": 6520,
      "wait_duration_stats_ns": {
        "count": 273.0,
        "sum": 750774616.0,
        "mean": 2750090.1684981687,
        "median": 187545.41250762113,
        "min": 632,
        "max": 103849495,
        "variance_ns2": 201448924190838.75,
        "iqr_ns": 3222998.7934485865,
        "q1_ns": 24120.80896898049,
        "q3_ns": 3247119.602417567
      },
      "futex_op_counts": {
        "128": 273
      },
      "first_seen_ts_ns": 560738013840,
      "last_seen_ts_ns": 560844609821
    },
    {
      "tgid": 10154,
      "comm": "runc",
      "cgroup_id": 6520,
      "wait_duration_stats_ns": {
        "count": 278.0,
        "sum": 685217164.0,
        "mean": 2464809.9424460432,
        "median": 81663.84716428875,
        "min": 1109,
        "max": 113325669,
        "variance_ns2": 218957100334518.6,
        "iqr_ns": 1710657.2217662884,
        "q1_ns": 17078.215293159297,
        "q3_ns": 1727735.4370594476
      },
      "futex_op_counts": {
        "128": 278
      },
      "first_seen_ts_ns": 390729173624,
      "last_seen_ts_ns": 390848452291
    },
    {
      "tgid": 10978,
      "comm": "runc",
      "cgroup_id": 6520,
      "wait_duration_stats_ns": {
        "count": 346.0,
        "sum": 678318025.0000001,
        "mean": 1960456.7196531794,
        "median": 117700.52381847794,
        "min": 636,
        "max": 97779181,
        "variance_ns2": 96411283642949.33,
        "iqr_ns": 782068.5685127205,
        "q1_ns": 22212.232507599438,
        "q3_ns": 804280.8010203199
      },
      "futex_op_counts": {
        "128": 346
      },
      "first_seen_ts_ns": 540734661918,
      "last_seen_ts_ns": 540835673097
    },
    {
      "tgid": 10581,
      "comm": "runc",
      "cgroup_id": 6520,
      "wait_duration_stats_ns": {
        "count": 334.0,
        "sum": 649422308.0,
        "mean": 1944378.1676646706,
        "median": 63696.2295410801,
        "min": 5086,
        "max": 106449138,
        "variance_ns2": 147462298728408.3,
        "iqr_ns": 411443.1599641906,
        "q1_ns": 17246.425449328566,
        "q3_ns": 428689.5854135192
      },
      "futex_op_counts": {
        "128": 334
      },
      "first_seen_ts_ns": 470731014252,
      "last_seen_ts_ns": 470844008873
    },
    {
      "tgid": 10200,
      "comm": "runc",
      "cgroup_id": 6520,
      "wait_duration_stats_ns": {
        "count": 299.0,
        "sum": 568112911.0,
        "mean": 1900043.1806020066,
        "median": 76095.26192729949,
        "min": 608,
        "max": 93473395,
        "variance_ns2": 115762281030081.45,
        "iqr_ns": 246178.32536498274,
        "q1_ns": 19048.14678003421,
        "q3_ns": 265226.47214501695
      },
      "futex_op_counts": {
        "128": 299
      },
      "first_seen_ts_ns": 410728648221,
      "last_seen_ts_ns": 410825022457
    },
    {
      "tgid": 10634,
      "comm": "runc",
      "cgroup_id": 6520,
      "wait_duration_stats_ns": {
        "count": 330.0,
        "sum": 555569362.0000001,
        "mean": 1683543.5212121217,
        "median": 79097.18538646036,
        "min": 661,
        "max": 77320443,
        "variance_ns2": 81877821009517.98,
        "iqr_ns": 2763686.966829623,
        "q1_ns": 22316.619662703702,
        "q3_ns": 2786003.5864923266
      },
      "futex_op_counts": {
        "128": 330
      },
      "first_seen_ts_ns": 480729251128,
      "last_seen_ts_ns": 480814277399
    },
    {
      "tgid": 11056,
      "comm": "runc:[2:INIT]",
      "cgroup_id": 8848,
      "wait_duration_stats_ns": {
        "count": 27.0,
        "sum": 534015359.0,
        "mean": 19778346.62962963,
        "median": 2299107.431818916,
        "min": 433,
        "max": 95022507,
        "variance_ns2": 1314747324815587.0,
        "iqr_ns": 18791696.96490227,
        "q1_ns": 43824.61014591601,
        "q3_ns": 18835521.575048186
      },
      "futex_op_counts": {
        "128": 27
      },
      "first_seen_ts_ns": 570747291334,
      "last_seen_ts_ns": 570857884751
    },
    {
      "tgid": 10530,
      "comm": "runc:[2:INIT]",
      "cgroup_id": 8848,
      "wait_duration_stats_ns": {
        "count": 30.0,
        "sum": 502245690.99999994,
        "mean": 16741523.033333331,
        "median": 5318708.889387952,
        "min": 15502,
        "max": 85113797,
        "variance_ns2": 793087467114742.6,
        "iqr_ns": 18121159.690174427,
        "q1_ns": 129852.79703671852,
        "q3_ns": 18251012.487211145
      },
      "futex_op_counts": {
        "128": 30
      },
      "first_seen_ts_ns": 460761106265,
      "last_seen_ts_ns": 460865672084
    },
    {
      "tgid": 10165,
      "comm": "runc:[2:INIT]",
      "cgroup_id": 8848,
      "wait_duration_stats_ns": {
        "count": 32.0,
        "sum": 437182578.00000006,
        "mean": 13661955.562500002,
        "median": 3097109.732303461,
        "min": 20443,
        "max": 73011923,
        "variance_ns2": 443418250839003.7,
        "iqr_ns": 18235335.311232314,
        "q1_ns": 1068211.9172637512,
        "q3_ns": 19303547.228496064
      },
      "futex_op_counts": {
        "128": 32
      },
      "first_seen_ts_ns": 390757200384,
      "last_seen_ts_ns": 390848465319
    },
    {
      "tgid": 11013,
      "comm": "runc:[2:INIT]",
      "cgroup_id": 8848,
      "wait_duration_stats_ns": {
        "count": 28.0,
        "sum": 417703424.00000006,
        "mean": 14917979.428571431,
        "median": 2636627.3970661075,
        "min": 518,
        "max": 69963842,
        "variance_ns2": 665862990290857.9,
        "iqr_ns": 20789215.36392189,
        "q1_ns": 472557.83847054443,
        "q3_ns": 21261773.202392433
      },
      "futex_op_counts": {
        "128": 28
      },
      "first_seen_ts_ns": 550755105424,
      "last_seen_ts_ns": 550842829544
    },
    {
      "tgid": 10657,
      "comm": "runc",
      "cgroup_id": 6520,
      "wait_duration_stats_ns": {
        "count": 281.0,
        "sum": 410268266.99999994,
        "mean": 1460029.4199288255,
        "median": 90810.63202809615,
        "min": 608,
        "max": 60775866,
        "variance_ns2": 37446195394027.5,
        "iqr_ns": 482104.4311568769,
        "q1_ns": 22381.63703436327,
        "q3_ns": 504486.0681912402
      },
      "futex_op_counts": {
        "128": 281
      },
      "first_seen_ts_ns": 490728109307,
      "last_seen_ts_ns": 490792303387
    },
    {
      "tgid": 10591,
      "comm": "runc:[2:INIT]",
      "cgroup_id": 8848,
      "wait_duration_stats_ns": {
        "count": 30.0,
        "sum": 386259497.00000006,
        "mean": 12875316.566666668,
        "median": 4523525.728666129,
        "min": 1586,
        "max": 59816379,
        "variance_ns2": 395308347114942.56,
        "iqr_ns": 16282871.28419477,
        "q1_ns": 282780.9360716291,
        "q3_ns": 16565652.220266398
      },
      "futex_op_counts": {
        "128": 30
      },
      "first_seen_ts_ns": 470766013523,
      "last_seen_ts_ns": 470845077286
    },
    {
      "tgid": 10187,
      "comm": "runc:[2:INIT]",
      "cgroup_id": 8848,
      "wait_duration_stats_ns": {
        "count": 32.0,
        "sum": 367032667.0,
        "mean": 11469770.84375,
        "median": 1587660.7062691809,
        "min": 766,
        "max": 60879884,
        "variance_ns2": 398327425735274.1,
        "iqr_ns": 10185209.147655189,
        "q1_ns": 515537.1550716337,
        "q3_ns": 10700746.302726822
      },
      "futex_op_counts": {
        "128": 32
      },
      "first_seen_ts_ns": 400765011589,
      "last_seen_ts_ns": 400838793964
    },
    {
      "tgid": 10211,
      "comm": "runc:[2:INIT]",
      "cgroup_id": 8848,
      "wait_duration_stats_ns": {
        "count": 27.0,
        "sum": 308407924.0,
        "mean": 11422515.703703703,
        "median": 3310488.7695512897,
        "min": 22734,
        "max": 53264984,
        "variance_ns2": 252567647875035.22,
        "iqr_ns": 12460178.583769798,
        "q1_ns": 804385.3517319227,
        "q3_ns": 13264563.93550172
      },
      "futex_op_counts": {
        "128": 27
      },
      "first_seen_ts_ns": 410764011374,
      "last_seen_ts_ns": 410825100850
    },
    {
      "tgid": 11035,
      "comm": "runc:[2:INIT]",
      "cgroup_id": 8848,
      "wait_duration_stats_ns": {
        "count": 27.0,
        "sum": 294459776.99999994,
        "mean": 10905917.666666664,
        "median": 2840175.075971576,
        "min": 576,
        "max": 60048718,
        "variance_ns2": 317396001028825.94,
        "iqr_ns": 7237185.051955038,
        "q1_ns": 611064.0203773138,
        "q3_ns": 7848249.0723323515
      },
      "futex_op_counts": {
        "128": 27
      },
      "first_seen_ts_ns": 560762085795,
      "last_seen_ts_ns": 560844657252
    },
    {
      "tgid": 10990,
      "comm": "runc:[2:INIT]",
      "cgroup_id": 8848,
      "wait_duration_stats_ns": {
        "count": 31.0,
        "sum": 266123751.99999997,
        "mean": 8584637.161290321,
        "median": 1715214.0195631846,
        "min": 21721,
        "max": 40149690,
        "variance_ns2": 184449710584611.38,
        "iqr_ns": 9676566.01852455,
        "q1_ns": 32934.01926430291,
        "q3_ns": 9709500.037788853
      },
      "futex_op_counts": {
        "128": 31
      },
      "first_seen_ts_ns": 540779176100,
      "last_seen_ts_ns": 540838012181
    },
    {
      "tgid": 10645,
      "comm": "runc:[2:INIT]",
      "cgroup_id": 8848,
      "wait_duration_stats_ns": {
        "count": 29.0,
        "sum": 261830658.0,
        "mean": 9028643.379310345,
        "median": 2835367.458869051,
        "min": 25347,
        "max": 38268476,
        "variance_ns2": 114257167117973.11,
        "iqr_ns": 16790727.398394633,
        "q1_ns": 545379.2945472304,
        "q3_ns": 17336106.692941863
      },
      "futex_op_counts": {
        "128": 29
      },
      "first_seen_ts_ns": 480762011833,
      "last_seen_ts_ns": 480813380607
    },
    {
      "tgid": 10923,
      "comm": "runc",
      "cgroup_id": 6520,
      "wait_duration_stats_ns": {
        "count": 402.0,
        "sum": 239136144.99999997,
        "mean": 594866.0323383084,
        "median": 23475.269079611593,
        "min": 7497,
        "max": 35589866,
        "variance_ns2": 17246768214300.64,
        "iqr_ns": 79445.97323505527,
        "q1_ns": 13224.583315515261,
        "q3_ns": 92670.55655057053
      },
      "futex_op_counts": {
        "128": 402
      },
      "first_seen_ts_ns": 530724057373,
      "last_seen_ts_ns": 530762488482
    },
    {
      "tgid": 10498,
      "comm": "runc",
      "cgroup_id": 6520,
      "wait_duration_stats_ns": {
        "count": 361.0,
        "sum": 232257456.0,
        "mean": 643372.4542936288,
        "median": 33094.95463031147,
        "min": 2713,
        "max": 34448622,
        "variance_ns2": 17757820444560.156,
        "iqr_ns": 137535.76685504647,
        "q1_ns": 14102.978195063037,
        "q3_ns": 151638.74505010952
      },
      "futex_op_counts": {
        "128": 361
      },
      "first_seen_ts_ns": 450723105477,
      "last_seen_ts_ns": 450760480792
    },
    {
      "tgid": 10084,
      "comm": "runc",
      "cgroup_id": 6520,
      "wait_duration_stats_ns": {
        "count": 362.0,
        "sum": 228586915.0,
        "mean": 631455.5662983425,
        "median": 27792.758565299122,
        "min": 3036,
        "max": 33906740,
        "variance_ns2": 17079949163967.117,
        "iqr_ns": 91917.50520889336,
        "q1_ns": 12695.613955636101,
        "q3_ns": 104613.11916452946
      },
      "futex_op_counts": {
        "128": 362
      },
      "first_seen_ts_ns": 360724619379,
      "last_seen_ts_ns": 360761446036
    },
    {
      "tgid": 11066,
      "comm": "runc",
      "cgroup_id": 6520,
      "wait_duration_stats_ns": {
        "count": 368.0,
        "sum": 219009825.0,
        "mean": 595135.3940217391,
        "median": 28273.969345755613,
        "min": 731,
        "max": 32675283,
        "variance_ns2": 15380114481529.03,
        "iqr_ns": 104447.37678604481,
        "q1_ns": 13510.725099961915,
        "q3_ns": 117958.10188600673
      },
      "futex_op_counts": {
        "128": 368
      },
      "first_seen_ts_ns": 580723781408,
      "last_seen_ts_ns": 580759322126
    },
    {
      "tgid": 10856,
      "comm": "runc",
      "cgroup_id": 6520,
      "wait_duration_stats_ns": {
        "count": 401.0,
        "sum": 203989281.0,
        "mean": 508701.4488778055,
        "median": 24974.530744293603,
        "min": 588,
        "max": 35537595,
        "variance_ns2": 14249163901791.52,
        "iqr_ns": 71725.07807871599,
        "q1_ns": 13374.724714872737,
        "q3_ns": 85099.80279358872
      },
      "futex_op_counts": {
        "128": 401
      },
      "first_seen_ts_ns": 500726196487,
      "last_seen_ts_ns": 500764494547
    },
    {
      "tgid": 10029,
      "comm": "runc",
      "cgroup_id": 6520,
      "wait_duration_stats_ns": {
        "count": 405.0,
        "sum": 203636101.99999997,
        "mean": 502805.1901234567,
        "median": 23419.73386591677,
        "min": 3497,
        "max": 30396763,
        "variance_ns2": 12234905270622.697,
        "iqr_ns": 87798.7448497937,
        "q1_ns": 11768.608868532407,
        "q3_ns": 99567.3537183261
      },
      "futex_op_counts": {
        "128": 405
      },
      "first_seen_ts_ns": 350724132728,
      "last_seen_ts_ns": 350757340970
    },
    {
      "tgid": 10132,
      "comm": "runc",
      "cgroup_id": 6520,
      "wait_duration_stats_ns": {
        "count": 380.0,
        "sum": 203280150.00000003,
        "mean": 534947.7631578948,
        "median": 28279.957719939946,
        "min": 540,
        "max": 30336214,
        "variance_ns2": 12808951520789.121,
        "iqr_ns": 117572.3759901405,
        "q1_ns": 12035.098941054719,
        "q3_ns": 129607.47493119522
      },
      "futex_op_counts": {
        "128": 380
      },
      "first_seen_ts_ns": 380725335711,
      "last_seen_ts_ns": 380758529237
    },
    {
      "tgid": 10897,
      "comm": "runc",
      "cgroup_id": 6520,
      "wait_duration_stats_ns": {
        "count": 358.0,
        "sum": 194977316.0,
        "mean": 544629.3743016759,
        "median": 27449.973225024216,
        "min": 2556,
        "max": 31800773,
        "variance_ns2": 12628676110155.754,
        "iqr_ns": 89822.14004019953,
        "q1_ns": 17598.90334668328,
        "q3_ns": 107421.04338688281
      },
      "futex_op_counts": {
        "128": 358
      },
      "first_seen_ts_ns": 520724363033,
      "last_seen_ts_ns": 520756360767
    },
    {
      "tgid": 10477,
      "comm": "runc",
      "cgroup_id": 6520,
      "wait_duration_stats_ns": {
        "count": 412.0,
        "sum": 192247600.0,
        "mean": 466620.3883495146,
        "median": 24158.2743174409,
        "min": 503,
        "max": 33568764,
        "variance_ns2": 12220602672773.775,
        "iqr_ns": 80028.50935662256,
        "q1_ns": 13458.019467691287,
        "q3_ns": 93486.52882431385
      },
      "futex_op_counts": {
        "128": 412
      },
      "first_seen_ts_ns": 440724064819,
      "last_seen_ts_ns": 440760476444
    },
    {
      "tgid": 10457,
      "comm": "runc",
      "cgroup_id": 6520,
      "wait_duration_stats_ns": {
        "count": 365.0,
        "sum": 184194592.00000003,
        "mean": 504642.71780821925,
        "median": 27510.636919371784,
        "min": 936,
        "max": 32143317,
        "variance_ns2": 12494487765870.945,
        "iqr_ns": 87121.40689284055,
        "q1_ns": 13865.225344108676,
        "q3_ns": 100986.63223694923
      },
      "futex_op_counts": {
        "128": 365
      },
      "first_seen_ts_ns": 430723471420,
      "last_seen_ts_ns": 430758527666
    },
    {
      "tgid": 10108,
      "comm": "runc",
      "cgroup_id": 6520,
      "wait_duration_stats_ns": {
        "count": 379.0,
        "sum": 176637287.99999997,
        "mean": 466061.4459102902,
        "median": 22335.770700640303,
        "min": 6376,
        "max": 30910697,
        "variance_ns2": 11158906517335.566,
        "iqr_ns": 69679.36766475413,
        "q1_ns": 11588.07747116552,
        "q3_ns": 81267.44513591965
      },
      "futex_op_counts": {
        "128": 379
      },
      "first_seen_ts_ns": 370723737668,
      "last_seen_ts_ns": 370757559778
    },
    {
      "tgid": 10877,
      "comm": "runc",
      "cgroup_id": 6520,
      "wait_duration_stats_ns": {
        "count": 385.0,
        "sum": 166533131.00000003,
        "mean": 432553.58701298706,
        "median": 26710.817224818125,
        "min": 4360,
        "max": 28834918,
        "variance_ns2": 9278141318240.404,
        "iqr_ns": 88867.29614529626,
        "q1_ns": 13677.664191451957,
        "q3_ns": 102544.96033674822
      },
      "futex_op_counts": {
        "128": 385
      },
      "first_seen_ts_ns": 510724188810,
      "last_seen_ts_ns": 510756301212
    },
    {
      "tgid": 10934,
      "comm": "runc:[2:INIT]",
      "cgroup_id": 8848,
      "wait_duration_stats_ns": {
        "count": 30.0,
        "sum": 137564382.0,
        "mean": 4585479.4,
        "median": 698267.5743470652,
        "min": 595,
        "max": 15811987,
        "variance_ns2": 43252337898573.836,
        "iqr_ns": 8265381.821842531,
        "q1_ns": 45810.51067386832,
        "q3_ns": 8311192.332516399
      },
      "futex_op_counts": {
        "128": 30
      },
      "first_seen_ts_ns": 530731123726,
      "last_seen_ts_ns": 530762304613
    },
    {
      "tgid": 10867,
      "comm": "runc:[2:INIT]",
      "cgroup_id": 8848,
      "wait_duration_stats_ns": {
        "count": 28.0,
        "sum": 136593352.00000003,
        "mean": 4878334.000000001,
        "median": 761997.1256570776,
        "min": 3667,
        "max": 15530838,
        "variance_ns2": 44153568707421.484,
        "iqr_ns": 9305250.795583915,
        "q1_ns": 42559.51563769548,
        "q3_ns": 9347810.31122161
      },
      "futex_op_counts": {
        "128": 28
      },
      "first_seen_ts_ns": 500733475008,
      "last_seen_ts_ns": 500764490067
    },
    {
      "tgid": 10510,
      "comm": "runc:[2:INIT]",
      "cgroup_id": 8848,
      "wait_duration_stats_ns": {
        "count": 31.0,
        "sum": 129656536.99999999,
        "mean": 4182468.9354838706,
        "median": 832680.8554066615,
        "min": 598,
        "max": 15358941,
        "variance_ns2": 37825579048227.6,
        "iqr_ns": 6081167.029063916,
        "q1_ns": 41254.405537749284,
        "q3_ns": 6122421.4346016655
      },
      "futex_op_counts": {
        "128": 31
      },
      "first_seen_ts_ns": 450730797936,
      "last_seen_ts_ns": 450760403400
    },
    {
      "tgid": 10096,
      "comm": "runc:[2:INIT]",
      "cgroup_id": 8848,
      "wait_duration_stats_ns": {
        "count": 31.0,
        "sum": 127139022.00000001,
        "mean": 4101258.774193549,
        "median": 657271.874763431,
        "min": 453,
        "max": 15379183,
        "variance_ns2": 36448401812122.84,
        "iqr_ns": 5663780.119879208,
        "q1_ns": 44914.875,
        "q3_ns": 5708694.994879208
      },
      "futex_op_counts": {
        "128": 31
      },
      "first_seen_ts_ns": 360732216266,
      "last_seen_ts_ns": 360761395804
    },
    {
      "tgid": 10487,
      "comm": "runc:[2:INIT]",
      "cgroup_id": 8848,
      "wait_duration_stats_ns": {
        "count": 26.0,
        "sum": 126596821.0,
        "mean": 4869108.5,
        "median": 908913.1584232603,
        "min": 14438,
        "max": 15390667,
        "variance_ns2": 38983368502123.23,
        "iqr_ns": 7148260.210767388,
        "q1_ns": 109136.05309012438,
        "q3_ns": 7257396.263857513
      },
      "futex_op_counts": {
        "128": 26
      },
      "first_seen_ts_ns": 440731431919,
      "last_seen_ts_ns": 440760502144
    },
    {
      "tgid": 11078,
      "comm": "runc:[2:INIT]",
      "cgroup_id": 8848,
      "wait_duration_stats_ns": {
        "count": 29.0,
        "sum": 122647678.0,
        "mean": 4229230.275862069,
        "median": 952873.7089292605,
        "min": 768,
        "max": 15315964,
        "variance_ns2": 34874525688754.348,
        "iqr_ns": 7348732.334549688,
        "q1_ns": 84235.52607842581,
        "q3_ns": 7432967.860628114
      },
      "futex_op_counts": {
        "128": 29
      },
      "first_seen_ts_ns": 580731071751,
      "last_seen_ts_ns": 580759300696
    },
    {
      "tgid": 10467,
      "comm": "runc:[2:INIT]",
      "cgroup_id": 8848,
      "wait_duration_stats_ns": {
        "count": 30.0,
        "sum": 119464788.00000001,
        "mean": 3982159.6000000006,
        "median": 821399.6781067068,
        "min": 593,
        "max": 15576558,
        "variance_ns2": 33073764245690.594,
        "iqr_ns": 5860361.937920551,
        "q1_ns": 41036.78624142661,
        "q3_ns": 5901398.724161978
      },
      "futex_op_counts": {
        "128": 30
      },
      "first_seen_ts_ns": 430730913664,
      "last_seen_ts_ns": 430758557319
    },
    {
      "tgid": 10668,
      "comm": "runc:[2:INIT]",
      "cgroup_id": 8848,
      "wait_duration_stats_ns": {
        "count": 22.0,
        "sum": 114475094.00000001,
        "mean": 5203413.363636364,
        "median": 2752658.729147535,
        "min": 16730,
        "max": 18976709,
        "variance_ns2": 42669524959059.664,
        "iqr_ns": 8942754.418256592,
        "q1_ns": 151474.519550299,
        "q3_ns": 9094228.937806891
      },
      "futex_op_counts": {
        "128": 22
      },
      "first_seen_ts_ns": 490757333808,
      "last_seen_ts_ns": 490791942122
    },
    {
      "tgid": 10119,
      "comm": "runc:[2:INIT]",
      "cgroup_id": 8848,
      "wait_duration_stats_ns": {
        "count": 29.0,
        "sum": 113537050.00000001,
        "mean": 3915070.689655173,
        "median": 879781.5842124696,
        "min": 26676,
        "max": 15525497,
        "variance_ns2": 31172058399147.15,
        "iqr_ns": 6788761.345594332,
        "q1_ns": 97311.61785568911,
        "q3_ns": 6886072.963450021
      },
      "futex_op_counts": {
        "128": 29
      },
      "first_seen_ts_ns": 370731094480,
      "last_seen_ts_ns": 370757507324
    },
    {
      "tgid": 10041,
      "comm": "runc:[2:INIT]",
      "cgroup_id": 8848,
      "wait_duration_stats_ns": {
        "count": 26.0,
        "sum": 111293596.99999999,
        "mean": 4280522.961538461,
        "median": 473232.0214274709,
        "min": 23065,
        "max": 15353110,
        "variance_ns2": 32035666391647.074,
        "iqr_ns": 5765018.370141619,
        "q1_ns": 87685.32661989552,
        "q3_ns": 5852703.696761514
      },
      "futex_op_counts": {
        "128": 26
      },
      "first_seen_ts_ns": 350731464920,
      "last_seen_ts_ns": 350757413053
    },
    {
      "tgid": 10143,
      "comm": "runc:[2:INIT]",
      "cgroup_id": 8848,
      "wait_duration_stats_ns": {
        "count": 29.0,
        "sum": 110036916.0,
        "mean": 3794376.4137931033,
        "median": 1178156.8903321503,
        "min": 567,
        "max": 15359675,
        "variance_ns2": 29932627315392.68,
        "iqr_ns": 7049960.422840447,
        "q1_ns": 90094.20384275258,
        "q3_ns": 7140054.6266832
      },
      "futex_op_counts": {
        "128": 29
      },
      "first_seen_ts_ns": 380732726615,
      "last_seen_ts_ns": 380758475909
    },
    {
      "tgid": 10887,
      "comm": "runc:[2:INIT]",
      "cgroup_id": 8848,
      "wait_duration_stats_ns": {
        "count": 26.0,
        "sum": 103045314.0,
        "mean": 3963281.307692308,
        "median": 582458.112067939,
        "min": 19057,
        "max": 15317413,
        "variance_ns2": 29439732187765.906,
        "iqr_ns": 5051898.471762194,
        "q1_ns": 47457.86296296295,
        "q3_ns": 5099356.334725157
      },
      "futex_op_counts": {
        "128": 26
      },
      "first_seen_ts_ns": 510731993139,
      "last_seen_ts_ns": 510756277656
    },
    {
      "tgid": 10909,
      "comm": "runc:[2:INIT]",
      "cgroup_id": 8848,
      "wait_duration_stats_ns": {
        "count": 28.0,
        "sum": 101268388.99999999,
        "mean": 3616728.178571428,
        "median": 322823.31671037385,
        "min": 3990,
        "max": 15325189,
        "variance_ns2": 26769682255473.117,
        "iqr_ns": 5711396.633614888,
        "q1_ns": 40337.354028512666,
        "q3_ns": 5751733.987643401
      },
      "futex_op_counts": {
        "128": 28
      },
      "first_seen_ts_ns": 520732410270,
      "last_seen_ts_ns": 520756323877
    },
    {
      "tgid": 9685,
      "comm": "runc",
      "cgroup_id": 6520,
      "wait_duration_stats_ns": {
        "count": 30.0,
        "sum": 20478156.0,
        "mean": 682605.2,
        "median": 192057.48963402113,
        "min": 10005,
        "max": 5156068,
        "variance_ns2": 1463383901914.3032,
        "iqr_ns": 466258.10866076907,
        "q1_ns": 53079.6252187623,
        "q3_ns": 519337.7338795314
      },
      "futex_op_counts": {
        "128": 30
      },
      "first_seen_ts_ns": 312708942490,
      "last_seen_ts_ns": 312714353494
    },
    {
      "tgid": 10443,
      "comm": "csi-node-driver",
      "cgroup_id": 8848,
      "wait_duration_stats_ns": {
        "count": 25.0,
        "sum": 19267675.999999996,
        "mean": 770707.0399999999,
        "median": 154551.22081354912,
        "min": 749,
        "max": 4951745,
        "variance_ns2": 1468023522396.29,
        "iqr_ns": 1013495.4817957884,
        "q1_ns": 71035.27822649047,
        "q3_ns": 1084530.7600222789
      },
      "futex_op_counts": {
        "128": 25
      },
      "first_seen_ts_ns": 420942566997,
      "last_seen_ts_ns": 420947553716
    },
    {
      "tgid": 10668,
      "comm": "csi-node-driver",
      "cgroup_id": 8848,
      "wait_duration_stats_ns": {
        "count": 17.0,
        "sum": 11368743.0,
        "mean": 668749.5882352941,
        "median": 220383.6717529762,
        "min": 11803,
        "max": 5464102,
        "variance_ns2": 1738619247231.1323,
        "iqr_ns": 838172.1774540449,
        "q1_ns": 35487.59275334362,
        "q3_ns": 873659.7702073886
      },
      "futex_op_counts": {
        "128": 17
      },
      "first_seen_ts_ns": 490795555750,
      "last_seen_ts_ns": 490801012750
    },
    {
      "tgid": 10165,
      "comm": "csi-node-driver",
      "cgroup_id": 8848,
      "wait_duration_stats_ns": {
        "count": 17.0,
        "sum": 11151822.0,
        "mean": 655989.5294117647,
        "median": 198632.63702137995,
        "min": 14037,
        "max": 5046539,
        "variance_ns2": 1518226551310.5146,
        "iqr_ns": 824453.1746064646,
        "q1_ns": 47807.47106581954,
        "q3_ns": 872260.6456722841
      },
      "futex_op_counts": {
        "128": 17
      },
      "first_seen_ts_ns": 390851971378,
      "last_seen_ts_ns": 390857010557
    },
    {
      "tgid": 10645,
      "comm": "csi-node-driver",
      "cgroup_id": 8848,
      "wait_duration_stats_ns": {
        "count": 22.0,
        "sum": 11111121.999999998,
        "mean": 505050.99999999994,
        "median": 230687.7208895503,
        "min": 17908,
        "max": 1922246,
        "variance_ns2": 397052166975.5238,
        "iqr_ns": 682734.3116933415,
        "q1_ns": 31156.4051346521,
        "q3_ns": 713890.7168279935
      },
      "futex_op_counts": {
        "128": 22
      },
      "first_seen_ts_ns": 480820063880,
      "last_seen_ts_ns": 480823420115
    },
    {
      "tgid": 10119,
      "comm": "csi-node-driver",
      "cgroup_id": 8848,
      "wait_duration_stats_ns": {
        "count": 22.0,
        "sum": 10278593.999999998,
        "mean": 467208.8181818181,
        "median": 98452.7531369401,
        "min": 12063,
        "max": 1664135,
        "variance_ns2": 299063921769.1083,
        "iqr_ns": 680571.7644510011,
        "q1_ns": 52451.19275388727,
        "q3_ns": 733022.9572048883
      },
      "futex_op_counts": {
        "128": 22
      },
      "first_seen_ts_ns": 370759153009,
      "last_seen_ts_ns": 370762321425
    },
    {
      "tgid": 10187,
      "comm": "csi-node-driver",
      "cgroup_id": 8848,
      "wait_duration_stats_ns": {
        "count": 17.0,
        "sum": 9618162.0,
        "mean": 565774.2352941176,
        "median": 194992.52542982667,
        "min": 27625,
        "max": 3552512,
        "variance_ns2": 820373704949.8162,
        "iqr_ns": 799078.1581960632,
        "q1_ns": 50502.40781481081,
        "q3_ns": 849580.566010874
      },
      "futex_op_counts": {
        "128": 17
      },
      "first_seen_ts_ns": 400847470948,
      "last_seen_ts_ns": 400851015849
    },
    {
      "tgid": 10211,
      "comm": "csi-node-driver",
      "cgroup_id": 8848,
      "wait_duration_stats_ns": {
        "count": 13.0,
        "sum": 9436270.0,
        "mean": 725866.9230769231,
        "median": 145201.18381944444,
        "min": 16451,
        "max": 3533409,
        "variance_ns2": 1472847886727.077,
        "iqr_ns": 313535.51375000004,
        "q1_ns": 19348.427083333336,
        "q3_ns": 332883.94083333336
      },
      "futex_op_counts": {
        "128": 13
      },
      "first_seen_ts_ns": 410831484366,
      "last_seen_ts_ns": 410835010985
    },
    {
      "tgid": 10487,
      "comm": "csi-node-driver",
      "cgroup_id": 8848,
      "wait_duration_stats_ns": {
        "count": 22.0,
        "sum": 9322591.000000002,
        "mean": 423754.1363636364,
        "median": 72880.82323265725,
        "min": 9258,
        "max": 1878919,
        "variance_ns2": 335371448989.171,
        "iqr_ns": 498763.9117149768,
        "q1_ns": 22682.81147308306,
        "q3_ns": 521446.72318805987
      },
      "futex_op_counts": {
        "128": 22
      },
      "first_seen_ts_ns": 440762270854,
      "last_seen_ts_ns": 440765517002
    },
    {
      "tgid": 10591,
      "comm": "csi-node-driver",
      "cgroup_id": 8848,
      "wait_duration_stats_ns": {
        "count": 20.0,
        "sum": 9288386.0,
        "mean": 464419.30000000005,
        "median": 113244.37819527117,
        "min": 681,
        "max": 1820812,
        "variance_ns2": 456061470217.4842,
        "iqr_ns": 739809.0202723058,
        "q1_ns": 25616.255555555555,
        "q3_ns": 765425.2758278614
      },
      "futex_op_counts": {
        "128": 20
      },
      "first_seen_ts_ns": 470847169602,
      "last_seen_ts_ns": 470850378510
    },
    {
      "tgid": 11035,
      "comm": "csi-node-driver",
      "cgroup_id": 8848,
      "wait_duration_stats_ns": {
        "count": 20.0,
        "sum": 9239420.000000002,
        "mean": 461971.0000000001,
        "median": 164196.7890885153,
        "min": 13693,
        "max": 1539687,
        "variance_ns2": 305505420222.8421,
        "iqr_ns": 562020.2922052006,
        "q1_ns": 40443.36335001037,
        "q3_ns": 602463.655555211
      },
      "futex_op_counts": {
        "128": 20
      },
      "first_seen_ts_ns": 560848986168,
      "last_seen_ts_ns": 560852187074
    },
    {
      "tgid": 10530,
      "comm": "csi-node-driver",
      "cgroup_id": 8848,
      "wait_duration_stats_ns": {
        "count": 14.0,
        "sum": 9127471.0,
        "mean": 651962.2142857143,
        "median": 91897.06666666668,
        "min": 23465,
        "max": 3045794,
        "variance_ns2": 1087368242107.258,
        "iqr_ns": 409704.27222222224,
        "q1_ns": 29856.161111111112,
        "q3_ns": 439560.43333333335
      },
      "futex_op_counts": {
        "128": 14
      },
      "first_seen_ts_ns": 460868981494,
      "last_seen_ts_ns": 460872011196
    },
    {
      "tgid": 10867,
      "comm": "csi-node-driver",
      "cgroup_id": 8848,
      "wait_duration_stats_ns": {
        "count": 21.0,
        "sum": 9099836.0,
        "mean": 433325.52380952385,
        "median": 82365.50781270003,
        "min": 7296,
        "max": 1823312,
        "variance_ns2": 321966185810.16187,
        "iqr_ns": 788050.3289609533,
        "q1_ns": 19230.216460905358,
        "q3_ns": 807280.5454218587
      },
      "futex_op_counts": {
        "128": 21
      },
      "first_seen_ts_ns": 500766178939,
      "last_seen_ts_ns": 500769386067
    },
    {
      "tgid": 10467,
      "comm": "csi-node-driver",
      "cgroup_id": 8848,
      "wait_duration_stats_ns": {
        "count": 21.0,
        "sum": 8986861.000000002,
        "mean": 427945.761904762,
        "median": 161798.6297300154,
        "min": 11322,
        "max": 1851684,
        "variance_ns2": 318314780622.59045,
        "iqr_ns": 744802.1874381917,
        "q1_ns": 32949.39585021221,
        "q3_ns": 777751.5832884039
      },
      "futex_op_counts": {
        "128": 21
      },
      "first_seen_ts_ns": 430760523709,
      "last_seen_ts_ns": 430763615463
    },
    {
      "tgid": 10990,
      "comm": "csi-node-driver",
      "cgroup_id": 8848,
      "wait_duration_stats_ns": {
        "count": 13.0,
        "sum": 8986084.0,
        "mean": 691237.2307692308,
        "median": 144729.80648148147,
        "min": 17036,
        "max": 3080002,
        "variance_ns2": 1272275377905.5256,
        "iqr_ns": 311573.42000000004,
        "q1_ns": 26052.41666666667,
        "q3_ns": 337625.8366666667
      },
      "futex_op_counts": {
        "128": 13
      },
      "first_seen_ts_ns": 540840939180,
      "last_seen_ts_ns": 540844012885
    },
    {
      "tgid": 10143,
      "comm": "csi-node-driver",
      "cgroup_id": 8848,
      "wait_duration_stats_ns": {
        "count": 23.0,
        "sum": 8983554.0,
        "mean": 390589.30434782605,
        "median": 66032.84006040817,
        "min": 15095,
        "max": 1816827,
        "variance_ns2": 293778541917.49414,
        "iqr_ns": 498353.95061229984,
        "q1_ns": 29503.097222222223,
        "q3_ns": 527857.0478345221
      },
      "futex_op_counts": {
        "128": 23
      },
      "first_seen_ts_ns": 380760161748,
      "last_seen_ts_ns": 380763256106
    },
    {
      "tgid": 10887,
      "comm": "csi-node-driver",
      "cgroup_id": 8848,
      "wait_duration_stats_ns": {
        "count": 23.0,
        "sum": 8812402.0,
        "mean": 383147.9130434783,
        "median": 72936.77248720665,
        "min": 13196,
        "max": 1661109,
        "variance_ns2": 254977169771.62842,
        "iqr_ns": 477103.00154257444,
        "q1_ns": 27458.35262590633,
        "q3_ns": 504561.3541684808
      },
      "futex_op_counts": {
        "128": 23
      },
      "first_seen_ts_ns": 510757756429,
      "last_seen_ts_ns": 510760802990
    },
    {
      "tgid": 10909,
      "comm": "csi-node-driver",
      "cgroup_id": 8848,
      "wait_duration_stats_ns": {
        "count": 20.0,
        "sum": 8700949.999999998,
        "mean": 435047.49999999994,
        "median": 136368.74553444324,
        "min": 20152,
        "max": 1699426,
        "variance_ns2": 301585970789.63153,
        "iqr_ns": 705584.3480930533,
        "q1_ns": 33231.80607092337,
        "q3_ns": 738816.1541639767
      },
      "futex_op_counts": {
        "128": 20
      },
      "first_seen_ts_ns": 520757939903,
      "last_seen_ts_ns": 520760958261
    },
    {
      "tgid": 10041,
      "comm": "csi-node-driver",
      "cgroup_id": 8848,
      "wait_duration_stats_ns": {
        "count": 18.0,
        "sum": 8698681.0,
        "mean": 483260.05555555556,
        "median": 145046.6958786848,
        "min": 15605,
        "max": 2988885,
        "variance_ns2": 577042439083.9379,
        "iqr_ns": 535172.0616710298,
        "q1_ns": 28914.135905028303,
        "q3_ns": 564086.1975760581
      },
      "futex_op_counts": {
        "128": 18
      },
      "first_seen_ts_ns": 350759376507,
      "last_seen_ts_ns": 350762354060
    },
    {
      "tgid": 10096,
      "comm": "csi-node-driver",
      "cgroup_id": 8848,
      "wait_duration_stats_ns": {
        "count": 20.0,
        "sum": 8579401.0,
        "mean": 428970.05,
        "median": 57654.34733977141,
        "min": 17811,
        "max": 1712721,
        "variance_ns2": 300175550818.3657,
        "iqr_ns": 732584.0525969586,
        "q1_ns": 24779.386729766804,
        "q3_ns": 757363.4393267254
      },
      "futex_op_counts": {
        "128": 20
      },
      "first_seen_ts_ns": 360763011872,
      "last_seen_ts_ns": 360765987446
    },
    {
      "tgid": 10510,
      "comm": "csi-node-driver",
      "cgroup_id": 8848,
      "wait_duration_stats_ns": {
        "count": 20.0,
        "sum": 8557574.999999998,
        "mean": 427878.74999999994,
        "median": 53469.504211734726,
        "min": 14855,
        "max": 2916070,
        "variance_ns2": 506908315028.8289,
        "iqr_ns": 568796.3724275084,
        "q1_ns": 26878.132407407404,
        "q3_ns": 595674.5048349157
      },
      "futex_op_counts": {
        "128": 20
      },
      "first_seen_ts_ns": 450761876170,
      "last_seen_ts_ns": 450764822933
    },
    {
      "tgid": 10934,
      "comm": "csi-node-driver",
      "cgroup_id": 8848,
      "wait_duration_stats_ns": {
        "count": 17.0,
        "sum": 8491377.0,
        "mean": 499492.7647058824,
        "median": 221799.13054761902,
        "min": 19687,
        "max": 1636328,
        "variance_ns2": 307777610786.69116,
        "iqr_ns": 794306.2311485391,
        "q1_ns": 74212.0625,
        "q3_ns": 868518.2936485391
      },
      "futex_op_counts": {
        "128": 17
      },
      "first_seen_ts_ns": 530764138639,
      "last_seen_ts_ns": 530767142881
    },
    {
      "tgid": 11078,
      "comm": "csi-node-driver",
      "cgroup_id": 8848,
      "wait_duration_stats_ns": {
        "count": 21.0,
        "sum": 8352957.0,
        "mean": 397759.85714285716,
        "median": 70845.25931686934,
        "min": 9750,
        "max": 1734930,
        "variance_ns2": 274631143841.42862,
        "iqr_ns": 718435.9155071129,
        "q1_ns": 31122.71201814059,
        "q3_ns": 749558.6275252535
      },
      "futex_op_counts": {
        "128": 21
      },
      "first_seen_ts_ns": 580760809444,
      "last_seen_ts_ns": 580763734756
    },
    {
      "tgid": 11013,
      "comm": "csi-node-driver",
      "cgroup_id": 8848,
      "wait_duration_stats_ns": {
        "count": 20.0,
        "sum": 6564203.0,
        "mean": 328210.15,
        "median": 65849.63260432864,
        "min": 16618,
        "max": 1479027,
        "variance_ns2": 241435008757.60782,
        "iqr_ns": 389760.61318839306,
        "q1_ns": 40463.701708333334,
        "q3_ns": 430224.3148967264
      },
      "futex_op_counts": {
        "128": 20
      },
      "first_seen_ts_ns": 550848531337,
      "last_seen_ts_ns": 550851888899
    },
    {
      "tgid": 11056,
      "comm": "csi-node-driver",
      "cgroup_id": 8848,
      "wait_duration_stats_ns": {
        "count": 14.0,
        "sum": 6170354.0,
        "mean": 440739.5714285714,
        "median": 26698.141333333333,
        "min": 15817,
        "max": 2939439,
        "variance_ns2": 787188411321.8022,
        "iqr_ns": 236341.21249999994,
        "q1_ns": 18341.775,
        "q3_ns": 254682.98749999993
      },
      "futex_op_counts": {
        "128": 14
      },
      "first_seen_ts_ns": 570860041025,
      "last_seen_ts_ns": 570863100840
    },
    {
      "tgid": 9560,
      "comm": "flux-broker-77",
      "cgroup_id": 9329,
      "wait_duration_stats_ns": {
        "count": 350.0,
        "sum": 5357397.999999996,
        "mean": 15306.85142857142,
        "median": 1188.5896465655521,
        "min": 392,
        "max": 3742908,
        "variance_ns2": 40030255834.93488,
        "iqr_ns": 2064.300718392643,
        "q1_ns": 705.6607532573156,
        "q3_ns": 2769.9614716499586
      },
      "futex_op_counts": {
        "128": 350
      },
      "first_seen_ts_ns": 346588304642,
      "last_seen_ts_ns": 582790805842
    },
    {
      "tgid": 9560,
      "comm": "ZMQbg/Reaper",
      "cgroup_id": 9329,
      "wait_duration_stats_ns": {
        "count": 1.0,
        "sum": 33541.0,
        "mean": 33541.0,
        "median": 33541.0,
        "min": 33541,
        "max": 33541,
        "variance_ns2": null,
        "iqr_ns": 0.0,
        "q1_ns": 33541.0,
        "q3_ns": 33541.0
      },
      "futex_op_counts": {
        "128": 1
      },
      "first_seen_ts_ns": 582802150709,
      "last_seen_ts_ns": 582802150709
    },
    {
      "tgid": 9560,
      "comm": "ZMQbg/IO/0",
      "cgroup_id": 9329,
      "wait_duration_stats_ns": {
        "count": 30.0,
        "sum": 22039.000000000007,
        "mean": 734.6333333333336,
        "median": 536.316040899683,
        "min": 489,
        "max": 2462,
        "variance_ns2": 235540.51609195396,
        "iqr_ns": 127.1596582040529,
        "q1_ns": 528.0964278932465,
        "q3_ns": 655.2560860972994
      },
      "futex_op_counts": {
        "128": 30
      },
      "first_seen_ts_ns": 418293329585,
      "last_seen_ts_ns": 577344306866
    },
    {
      "tgid": 837,
      "comm": "multipathd",
      "cgroup_id": 1702,
      "wait_duration_stats_ns": {
        "count": 7.0,
        "sum": 18324.0,
        "mean": 2617.714285714286,
        "median": 2645.0,
        "min": 2081,
        "max": 3520,
        "variance_ns2": 217355.23809523808,
        "iqr_ns": 252.375,
        "q1_ns": 2454.125,
        "q3_ns": 2706.5
      },
      "futex_op_counts": {
        "128": 7
      },
      "first_seen_ts_ns": 459578181291,
      "last_seen_ts_ns": 570583635429
    },
    {
      "tgid": 10356,
      "comm": "lmp",
      "cgroup_id": 9329,
      "wait_duration_stats_ns": {
        "count": 1.0,
        "sum": 8403.0,
        "mean": 8403.0,
        "median": 8403.0,
        "min": 8403,
        "max": 8403,
        "variance_ns2": null,
        "iqr_ns": 0.0,
        "q1_ns": 8403.0,
        "q3_ns": 8403.0
      },
      "futex_op_counts": {
        "128": 1
      },
      "first_seen_ts_ns": 497791823741,
      "last_seen_ts_ns": 497791823741
    },
    {
      "tgid": 10340,
      "comm": "lmp",
      "cgroup_id": 9329,
      "wait_duration_stats_ns": {
        "count": 1.0,
        "sum": 8281.0,
        "mean": 8281.0,
        "median": 8281.0,
        "min": 8281,
        "max": 8281,
        "variance_ns2": null,
        "iqr_ns": 0.0,
        "q1_ns": 8281.0,
        "q3_ns": 8281.0
      },
      "futex_op_counts": {
        "128": 1
      },
      "first_seen_ts_ns": 497791713985,
      "last_seen_ts_ns": 497791713985
    },
    {
      "tgid": 10731,
      "comm": "lmp",
      "cgroup_id": 9329,
      "wait_duration_stats_ns": {
        "count": 1.0,
        "sum": 8150.0,
        "mean": 8150.0,
        "median": 8150.0,
        "min": 8150,
        "max": 8150,
        "variance_ns2": null,
        "iqr_ns": 0.0,
        "q1_ns": 8150.0,
        "q3_ns": 8150.0
      },
      "futex_op_counts": {
        "128": 1
      },
      "first_seen_ts_ns": 577306618225,
      "last_seen_ts_ns": 577306618225
    },
    {
      "tgid": 10796,
      "comm": "lmp",
      "cgroup_id": 9329,
      "wait_duration_stats_ns": {
        "count": 1.0,
        "sum": 8013.0,
        "mean": 8013.0,
        "median": 8013.0,
        "min": 8013,
        "max": 8013,
        "variance_ns2": null,
        "iqr_ns": 0.0,
        "q1_ns": 8013.0,
        "q3_ns": 8013.0
      },
      "futex_op_counts": {
        "128": 1
      },
      "first_seen_ts_ns": 577289831050,
      "last_seen_ts_ns": 577289831050
    },
    {
      "tgid": 10322,
      "comm": "lmp",
      "cgroup_id": 9329,
      "wait_duration_stats_ns": {
        "count": 1.0,
        "sum": 7879.0,
        "mean": 7879.0,
        "median": 7879.0,
        "min": 7879,
        "max": 7879,
        "variance_ns2": null,
        "iqr_ns": 0.0,
        "q1_ns": 7879.0,
        "q3_ns": 7879.0
      },
      "futex_op_counts": {
        "128": 1
      },
      "first_seen_ts_ns": 497791551561,
      "last_seen_ts_ns": 497791551561
    },
    {
      "tgid": 9958,
      "comm": "lmp",
      "cgroup_id": 9329,
      "wait_duration_stats_ns": {
        "count": 1.0,
        "sum": 7839.0,
        "mean": 7839.0,
        "median": 7839.0,
        "min": 7839,
        "max": 7839,
        "variance_ns2": null,
        "iqr_ns": 0.0,
        "q1_ns": 7839.0,
        "q3_ns": 7839.0
      },
      "futex_op_counts": {
        "128": 1
      },
      "first_seen_ts_ns": 418248607493,
      "last_seen_ts_ns": 418248607493
    },
    {
      "tgid": 10280,
      "comm": "lmp",
      "cgroup_id": 9329,
      "wait_duration_stats_ns": {
        "count": 1.0,
        "sum": 7725.0,
        "mean": 7725.0,
        "median": 7725.0,
        "min": 7725,
        "max": 7725,
        "variance_ns2": null,
        "iqr_ns": 0.0,
        "q1_ns": 7725.0,
        "q3_ns": 7725.0
      },
      "futex_op_counts": {
        "128": 1
      },
      "first_seen_ts_ns": 497791126043,
      "last_seen_ts_ns": 497791126043
    },
    {
      "tgid": 10275,
      "comm": "lmp",
      "cgroup_id": 9329,
      "wait_duration_stats_ns": {
        "count": 1.0,
        "sum": 7507.0,
        "mean": 7507.0,
        "median": 7507.0,
        "min": 7507,
        "max": 7507,
        "variance_ns2": null,
        "iqr_ns": 0.0,
        "q1_ns": 7507.0,
        "q3_ns": 7507.0
      },
      "futex_op_counts": {
        "128": 1
      },
      "first_seen_ts_ns": 497791094896,
      "last_seen_ts_ns": 497791094896
    },
    {
      "tgid": 10281,
      "comm": "lmp",
      "cgroup_id": 9329,
      "wait_duration_stats_ns": {
        "count": 1.0,
        "sum": 7408.0,
        "mean": 7408.0,
        "median": 7408.0,
        "min": 7408,
        "max": 7408,
        "variance_ns2": null,
        "iqr_ns": 0.0,
        "q1_ns": 7408.0,
        "q3_ns": 7408.0
      },
      "futex_op_counts": {
        "128": 1
      },
      "first_seen_ts_ns": 497791079899,
      "last_seen_ts_ns": 497791079899
    },
    {
      "tgid": 9926,
      "comm": "lmp",
      "cgroup_id": 9329,
      "wait_duration_stats_ns": {
        "count": 1.0,
        "sum": 7217.0,
        "mean": 7217.0,
        "median": 7217.0,
        "min": 7217,
        "max": 7217,
        "variance_ns2": null,
        "iqr_ns": 0.0,
        "q1_ns": 7217.0,
        "q3_ns": 7217.0
      },
      "futex_op_counts": {
        "128": 1
      },
      "first_seen_ts_ns": 418252224241,
      "last_seen_ts_ns": 418252224241
    },
    {
      "tgid": 10400,
      "comm": "lmp",
      "cgroup_id": 9329,
      "wait_duration_stats_ns": {
        "count": 1.0,
        "sum": 6901.0,
        "mean": 6901.0,
        "median": 6901.0,
        "min": 6901,
        "max": 6901,
        "variance_ns2": null,
        "iqr_ns": 0.0,
        "q1_ns": 6901.0,
        "q3_ns": 6901.0
      },
      "futex_op_counts": {
        "128": 1
      },
      "first_seen_ts_ns": 497790642585,
      "last_seen_ts_ns": 497790642585
    },
    {
      "tgid": 9850,
      "comm": "lmp",
      "cgroup_id": 9329,
      "wait_duration_stats_ns": {
        "count": 1.0,
        "sum": 6813.0,
        "mean": 6813.0,
        "median": 6813.0,
        "min": 6813,
        "max": 6813,
        "variance_ns2": null,
        "iqr_ns": 0.0,
        "q1_ns": 6813.0,
        "q3_ns": 6813.0
      },
      "futex_op_counts": {
        "128": 1
      },
      "first_seen_ts_ns": 418247309081,
      "last_seen_ts_ns": 418247309081
    }
  ]
}
[15:47:10] Cleanup complete.
