unlimited
PROGRAM: shmem
Looking for /opt/programs/shmem/ebpf-collect.c
Initializing eBPF for Shared Memory monitoring...
BPF C code compiled and loaded.
[17:30:10] 
Start Indicator file defined '/mnt/flux/start_ebpf_collection'. Waiting.
[17:30:27] Start indicator found. Proceeding.
Attaching tracepoints...
  Kprobes for shm_open/shm_unlink should auto-attach if symbols exist.
Finished attaching probes.

--- Shared Memory Stats Summary at 17:30:32 ---
{"tgid": 10231, "comm": "flux-shell", "shmget": 1, "shmat": 1, "shmdt": 1, "rmid": 1, "get_mb": 0.00390625, "shmopen": 0, "unlink": 0, "mmap_sh": 1, "munmap": 62, "mmap_sh_mb": 4.000007629394531}
{"tgid": 10307, "comm": "flux-shell", "shmget": 1, "shmat": 1, "shmdt": 1, "rmid": 1, "get_mb": 0.00390625, "shmopen": 0, "unlink": 0, "mmap_sh": 1, "munmap": 62, "mmap_sh_mb": 4.000007629394531}
{"tgid": 10237, "comm": "flux-shell", "shmget": 1, "shmat": 1, "shmdt": 1, "rmid": 1, "get_mb": 0.00390625, "shmopen": 0, "unlink": 0, "mmap_sh": 1, "munmap": 62, "mmap_sh_mb": 4.000007629394531}
{"tgid": 10227, "comm": "flux-shell", "shmget": 1, "shmat": 1, "shmdt": 1, "rmid": 1, "get_mb": 0.00390625, "shmopen": 0, "unlink": 0, "mmap_sh": 1, "munmap": 62, "mmap_sh_mb": 4.000007629394531}
{"tgid": 10221, "comm": "flux-shell", "shmget": 1, "shmat": 1, "shmdt": 1, "rmid": 1, "get_mb": 0.00390625, "shmopen": 0, "unlink": 0, "mmap_sh": 1, "munmap": 62, "mmap_sh_mb": 4.000007629394531}
{"tgid": 10341, "comm": "flux-shell", "shmget": 1, "shmat": 1, "shmdt": 1, "rmid": 1, "get_mb": 0.00390625, "shmopen": 0, "unlink": 0, "mmap_sh": 1, "munmap": 62, "mmap_sh_mb": 4.000007629394531}
{"tgid": 10233, "comm": "flux-shell", "shmget": 1, "shmat": 1, "shmdt": 1, "rmid": 1, "get_mb": 0.00390625, "shmopen": 0, "unlink": 0, "mmap_sh": 1, "munmap": 62, "mmap_sh_mb": 4.000007629394531}
{"tgid": 10210, "comm": "flux-shell", "shmget": 1, "shmat": 1, "shmdt": 1, "rmid": 1, "get_mb": 0.00390625, "shmopen": 0, "unlink": 0, "mmap_sh": 1, "munmap": 62, "mmap_sh_mb": 4.000007629394531}
{"tgid": 10259, "comm": "flux-shell", "shmget": 1, "shmat": 1, "shmdt": 1, "rmid": 1, "get_mb": 0.00390625, "shmopen": 0, "unlink": 0, "mmap_sh": 1, "munmap": 62, "mmap_sh_mb": 4.000007629394531}
{"tgid": 10323, "comm": "flux-shell", "shmget": 1, "shmat": 1, "shmdt": 1, "rmid": 1, "get_mb": 0.00390625, "shmopen": 0, "unlink": 0, "mmap_sh": 1, "munmap": 62, "mmap_sh_mb": 4.000007629394531}
{"tgid": 10347, "comm": "flux-shell", "shmget": 1, "shmat": 1, "shmdt": 1, "rmid": 1, "get_mb": 0.00390625, "shmopen": 0, "unlink": 0, "mmap_sh": 1, "munmap": 62, "mmap_sh_mb": 4.000007629394531}
{"tgid": 10315, "comm": "flux-shell", "shmget": 1, "shmat": 1, "shmdt": 1, "rmid": 1, "get_mb": 0.00390625, "shmopen": 0, "unlink": 0, "mmap_sh": 1, "munmap": 62, "mmap_sh_mb": 4.000007629394531}
{"tgid": 10202, "comm": "flux-shell", "shmget": 1, "shmat": 1, "shmdt": 1, "rmid": 1, "get_mb": 0.00390625, "shmopen": 0, "unlink": 0, "mmap_sh": 1, "munmap": 62, "mmap_sh_mb": 4.000007629394531}
{"tgid": 10247, "comm": "flux-shell", "shmget": 1, "shmat": 1, "shmdt": 1, "rmid": 1, "get_mb": 0.00390625, "shmopen": 0, "unlink": 0, "mmap_sh": 1, "munmap": 62, "mmap_sh_mb": 4.000007629394531}
{"tgid": 10301, "comm": "flux-shell", "shmget": 1, "shmat": 1, "shmdt": 1, "rmid": 1, "get_mb": 0.00390625, "shmopen": 0, "unlink": 0, "mmap_sh": 1, "munmap": 62, "mmap_sh_mb": 4.000007629394531}
{"tgid": 10208, "comm": "flux-shell", "shmget": 1, "shmat": 1, "shmdt": 1, "rmid": 1, "get_mb": 0.00390625, "shmopen": 0, "unlink": 0, "mmap_sh": 1, "munmap": 62, "mmap_sh_mb": 4.000007629394531}
{"tgid": 10361, "comm": "flux-shell", "shmget": 1, "shmat": 1, "shmdt": 1, "rmid": 1, "get_mb": 0.00390625, "shmopen": 0, "unlink": 0, "mmap_sh": 1, "munmap": 62, "mmap_sh_mb": 4.000007629394531}
{"tgid": 10351, "comm": "flux-shell", "shmget": 1, "shmat": 1, "shmdt": 1, "rmid": 1, "get_mb": 0.00390625, "shmopen": 0, "unlink": 0, "mmap_sh": 1, "munmap": 62, "mmap_sh_mb": 4.000007629394531}
{"tgid": 10257, "comm": "flux-shell", "shmget": 1, "shmat": 1, "shmdt": 1, "rmid": 1, "get_mb": 0.00390625, "shmopen": 0, "unlink": 0, "mmap_sh": 1, "munmap": 62, "mmap_sh_mb": 4.000007629394531}
{"tgid": 10309, "comm": "flux-shell", "shmget": 1, "shmat": 1, "shmdt": 1, "rmid": 1, "get_mb": 0.00390625, "shmopen": 0, "unlink": 0, "mmap_sh": 1, "munmap": 61, "mmap_sh_mb": 4.000007629394531}

--- Shared Memory Stats Summary at 17:30:37 ---
{"tgid": 10231, "comm": "flux-shell", "shmget": 1, "shmat": 1, "shmdt": 1, "rmid": 1, "get_mb": 0.00390625, "shmopen": 0, "unlink": 0, "mmap_sh": 1, "munmap": 62, "mmap_sh_mb": 4.000007629394531}
{"tgid": 10307, "comm": "flux-shell", "shmget": 1, "shmat": 1, "shmdt": 1, "rmid": 1, "get_mb": 0.00390625, "shmopen": 0, "unlink": 0, "mmap_sh": 1, "munmap": 62, "mmap_sh_mb": 4.000007629394531}
{"tgid": 10237, "comm": "flux-shell", "shmget": 1, "shmat": 1, "shmdt": 1, "rmid": 1, "get_mb": 0.00390625, "shmopen": 0, "unlink": 0, "mmap_sh": 1, "munmap": 62, "mmap_sh_mb": 4.000007629394531}
{"tgid": 10227, "comm": "flux-shell", "shmget": 1, "shmat": 1, "shmdt": 1, "rmid": 1, "get_mb": 0.00390625, "shmopen": 0, "unlink": 0, "mmap_sh": 1, "munmap": 62, "mmap_sh_mb": 4.000007629394531}
{"tgid": 10221, "comm": "flux-shell", "shmget": 1, "shmat": 1, "shmdt": 1, "rmid": 1, "get_mb": 0.00390625, "shmopen": 0, "unlink": 0, "mmap_sh": 1, "munmap": 62, "mmap_sh_mb": 4.000007629394531}
{"tgid": 10341, "comm": "flux-shell", "shmget": 1, "shmat": 1, "shmdt": 1, "rmid": 1, "get_mb": 0.00390625, "shmopen": 0, "unlink": 0, "mmap_sh": 1, "munmap": 62, "mmap_sh_mb": 4.000007629394531}
{"tgid": 10233, "comm": "flux-shell", "shmget": 1, "shmat": 1, "shmdt": 1, "rmid": 1, "get_mb": 0.00390625, "shmopen": 0, "unlink": 0, "mmap_sh": 1, "munmap": 62, "mmap_sh_mb": 4.000007629394531}
{"tgid": 10210, "comm": "flux-shell", "shmget": 1, "shmat": 1, "shmdt": 1, "rmid": 1, "get_mb": 0.00390625, "shmopen": 0, "unlink": 0, "mmap_sh": 1, "munmap": 62, "mmap_sh_mb": 4.000007629394531}
{"tgid": 10259, "comm": "flux-shell", "shmget": 1, "shmat": 1, "shmdt": 1, "rmid": 1, "get_mb": 0.00390625, "shmopen": 0, "unlink": 0, "mmap_sh": 1, "munmap": 62, "mmap_sh_mb": 4.000007629394531}
{"tgid": 10323, "comm": "flux-shell", "shmget": 1, "shmat": 1, "shmdt": 1, "rmid": 1, "get_mb": 0.00390625, "shmopen": 0, "unlink": 0, "mmap_sh": 1, "munmap": 62, "mmap_sh_mb": 4.000007629394531}
{"tgid": 10347, "comm": "flux-shell", "shmget": 1, "shmat": 1, "shmdt": 1, "rmid": 1, "get_mb": 0.00390625, "shmopen": 0, "unlink": 0, "mmap_sh": 1, "munmap": 62, "mmap_sh_mb": 4.000007629394531}
{"tgid": 10315, "comm": "flux-shell", "shmget": 1, "shmat": 1, "shmdt": 1, "rmid": 1, "get_mb": 0.00390625, "shmopen": 0, "unlink": 0, "mmap_sh": 1, "munmap": 62, "mmap_sh_mb": 4.000007629394531}
{"tgid": 10202, "comm": "flux-shell", "shmget": 1, "shmat": 1, "shmdt": 1, "rmid": 1, "get_mb": 0.00390625, "shmopen": 0, "unlink": 0, "mmap_sh": 1, "munmap": 62, "mmap_sh_mb": 4.000007629394531}
{"tgid": 10247, "comm": "flux-shell", "shmget": 1, "shmat": 1, "shmdt": 1, "rmid": 1, "get_mb": 0.00390625, "shmopen": 0, "unlink": 0, "mmap_sh": 1, "munmap": 62, "mmap_sh_mb": 4.000007629394531}
{"tgid": 10301, "comm": "flux-shell", "shmget": 1, "shmat": 1, "shmdt": 1, "rmid": 1, "get_mb": 0.00390625, "shmopen": 0, "unlink": 0, "mmap_sh": 1, "munmap": 62, "mmap_sh_mb": 4.000007629394531}
{"tgid": 10208, "comm": "flux-shell", "shmget": 1, "shmat": 1, "shmdt": 1, "rmid": 1, "get_mb": 0.00390625, "shmopen": 0, "unlink": 0, "mmap_sh": 1, "munmap": 62, "mmap_sh_mb": 4.000007629394531}
{"tgid": 10361, "comm": "flux-shell", "shmget": 1, "shmat": 1, "shmdt": 1, "rmid": 1, "get_mb": 0.00390625, "shmopen": 0, "unlink": 0, "mmap_sh": 1, "munmap": 62, "mmap_sh_mb": 4.000007629394531}
{"tgid": 10351, "comm": "flux-shell", "shmget": 1, "shmat": 1, "shmdt": 1, "rmid": 1, "get_mb": 0.00390625, "shmopen": 0, "unlink": 0, "mmap_sh": 1, "munmap": 62, "mmap_sh_mb": 4.000007629394531}
{"tgid": 10257, "comm": "flux-shell", "shmget": 1, "shmat": 1, "shmdt": 1, "rmid": 1, "get_mb": 0.00390625, "shmopen": 0, "unlink": 0, "mmap_sh": 1, "munmap": 62, "mmap_sh_mb": 4.000007629394531}
{"tgid": 10309, "comm": "flux-shell", "shmget": 1, "shmat": 1, "shmdt": 1, "rmid": 1, "get_mb": 0.00390625, "shmopen": 0, "unlink": 0, "mmap_sh": 1, "munmap": 61, "mmap_sh_mb": 4.000007629394531}

--- Shared Memory Stats Summary at 17:30:42 ---
{"tgid": 10231, "comm": "flux-shell", "shmget": 1, "shmat": 1, "shmdt": 1, "rmid": 1, "get_mb": 0.00390625, "shmopen": 0, "unlink": 0, "mmap_sh": 88, "munmap": 73, "mmap_sh_mb": 352.00067138671875}
{"tgid": 10307, "comm": "flux-shell", "shmget": 1, "shmat": 1, "shmdt": 1, "rmid": 1, "get_mb": 0.00390625, "shmopen": 0, "unlink": 0, "mmap_sh": 88, "munmap": 73, "mmap_sh_mb": 352.00067138671875}
{"tgid": 10237, "comm": "flux-shell", "shmget": 1, "shmat": 1, "shmdt": 1, "rmid": 1, "get_mb": 0.00390625, "shmopen": 0, "unlink": 0, "mmap_sh": 88, "munmap": 72, "mmap_sh_mb": 352.00067138671875}
{"tgid": 10227, "comm": "flux-shell", "shmget": 1, "shmat": 1, "shmdt": 1, "rmid": 1, "get_mb": 0.00390625, "shmopen": 0, "unlink": 0, "mmap_sh": 88, "munmap": 72, "mmap_sh_mb": 352.00067138671875}
{"tgid": 10221, "comm": "flux-shell", "shmget": 1, "shmat": 1, "shmdt": 1, "rmid": 1, "get_mb": 0.00390625, "shmopen": 0, "unlink": 0, "mmap_sh": 88, "munmap": 73, "mmap_sh_mb": 352.00067138671875}
{"tgid": 10341, "comm": "flux-shell", "shmget": 1, "shmat": 1, "shmdt": 1, "rmid": 1, "get_mb": 0.00390625, "shmopen": 0, "unlink": 0, "mmap_sh": 88, "munmap": 72, "mmap_sh_mb": 352.00067138671875}
{"tgid": 10233, "comm": "flux-shell", "shmget": 1, "shmat": 1, "shmdt": 1, "rmid": 1, "get_mb": 0.00390625, "shmopen": 0, "unlink": 0, "mmap_sh": 88, "munmap": 73, "mmap_sh_mb": 352.00067138671875}
{"tgid": 10210, "comm": "flux-shell", "shmget": 1, "shmat": 1, "shmdt": 1, "rmid": 1, "get_mb": 0.00390625, "shmopen": 0, "unlink": 0, "mmap_sh": 88, "munmap": 73, "mmap_sh_mb": 352.00067138671875}
{"tgid": 10259, "comm": "flux-shell", "shmget": 1, "shmat": 1, "shmdt": 1, "rmid": 1, "get_mb": 0.00390625, "shmopen": 0, "unlink": 0, "mmap_sh": 88, "munmap": 72, "mmap_sh_mb": 352.00067138671875}
{"tgid": 10323, "comm": "flux-shell", "shmget": 1, "shmat": 1, "shmdt": 1, "rmid": 1, "get_mb": 0.00390625, "shmopen": 0, "unlink": 0, "mmap_sh": 88, "munmap": 72, "mmap_sh_mb": 352.00067138671875}
{"tgid": 10347, "comm": "flux-shell", "shmget": 1, "shmat": 1, "shmdt": 1, "rmid": 1, "get_mb": 0.00390625, "shmopen": 0, "unlink": 0, "mmap_sh": 88, "munmap": 73, "mmap_sh_mb": 352.00067138671875}
{"tgid": 10315, "comm": "flux-shell", "shmget": 1, "shmat": 1, "shmdt": 1, "rmid": 1, "get_mb": 0.00390625, "shmopen": 0, "unlink": 0, "mmap_sh": 88, "munmap": 73, "mmap_sh_mb": 352.00067138671875}
{"tgid": 10202, "comm": "flux-shell", "shmget": 1, "shmat": 1, "shmdt": 1, "rmid": 1, "get_mb": 0.00390625, "shmopen": 0, "unlink": 0, "mmap_sh": 88, "munmap": 72, "mmap_sh_mb": 352.00067138671875}
{"tgid": 10247, "comm": "flux-shell", "shmget": 1, "shmat": 1, "shmdt": 1, "rmid": 1, "get_mb": 0.00390625, "shmopen": 0, "unlink": 0, "mmap_sh": 88, "munmap": 73, "mmap_sh_mb": 352.00067138671875}
{"tgid": 10301, "comm": "flux-shell", "shmget": 1, "shmat": 1, "shmdt": 1, "rmid": 1, "get_mb": 0.00390625, "shmopen": 0, "unlink": 0, "mmap_sh": 88, "munmap": 73, "mmap_sh_mb": 352.00067138671875}
{"tgid": 10208, "comm": "flux-shell", "shmget": 1, "shmat": 1, "shmdt": 1, "rmid": 1, "get_mb": 0.00390625, "shmopen": 0, "unlink": 0, "mmap_sh": 88, "munmap": 72, "mmap_sh_mb": 352.00067138671875}
{"tgid": 10361, "comm": "flux-shell", "shmget": 1, "shmat": 1, "shmdt": 1, "rmid": 1, "get_mb": 0.00390625, "shmopen": 0, "unlink": 0, "mmap_sh": 88, "munmap": 73, "mmap_sh_mb": 352.00067138671875}
{"tgid": 10351, "comm": "flux-shell", "shmget": 1, "shmat": 1, "shmdt": 1, "rmid": 1, "get_mb": 0.00390625, "shmopen": 0, "unlink": 0, "mmap_sh": 88, "munmap": 72, "mmap_sh_mb": 352.00067138671875}
{"tgid": 10257, "comm": "flux-shell", "shmget": 1, "shmat": 1, "shmdt": 1, "rmid": 1, "get_mb": 0.00390625, "shmopen": 0, "unlink": 0, "mmap_sh": 88, "munmap": 73, "mmap_sh_mb": 352.00067138671875}
{"tgid": 10309, "comm": "flux-shell", "shmget": 1, "shmat": 1, "shmdt": 1, "rmid": 1, "get_mb": 0.00390625, "shmopen": 0, "unlink": 0, "mmap_sh": 88, "munmap": 72, "mmap_sh_mb": 352.00067138671875}

--- Shared Memory Stats Summary at 17:30:47 ---
{"tgid": 10231, "comm": "flux-shell", "shmget": 1, "shmat": 1, "shmdt": 1, "rmid": 1, "get_mb": 0.00390625, "shmopen": 0, "unlink": 0, "mmap_sh": 88, "munmap": 73, "mmap_sh_mb": 352.00067138671875}
{"tgid": 10307, "comm": "flux-shell", "shmget": 1, "shmat": 1, "shmdt": 1, "rmid": 1, "get_mb": 0.00390625, "shmopen": 0, "unlink": 0, "mmap_sh": 88, "munmap": 73, "mmap_sh_mb": 352.00067138671875}
{"tgid": 10237, "comm": "flux-shell", "shmget": 1, "shmat": 1, "shmdt": 1, "rmid": 1, "get_mb": 0.00390625, "shmopen": 0, "unlink": 0, "mmap_sh": 88, "munmap": 72, "mmap_sh_mb": 352.00067138671875}
{"tgid": 10227, "comm": "flux-shell", "shmget": 1, "shmat": 1, "shmdt": 1, "rmid": 1, "get_mb": 0.00390625, "shmopen": 0, "unlink": 0, "mmap_sh": 88, "munmap": 72, "mmap_sh_mb": 352.00067138671875}
{"tgid": 10221, "comm": "flux-shell", "shmget": 1, "shmat": 1, "shmdt": 1, "rmid": 1, "get_mb": 0.00390625, "shmopen": 0, "unlink": 0, "mmap_sh": 88, "munmap": 73, "mmap_sh_mb": 352.00067138671875}
{"tgid": 10341, "comm": "flux-shell", "shmget": 1, "shmat": 1, "shmdt": 1, "rmid": 1, "get_mb": 0.00390625, "shmopen": 0, "unlink": 0, "mmap_sh": 88, "munmap": 72, "mmap_sh_mb": 352.00067138671875}
{"tgid": 10233, "comm": "flux-shell", "shmget": 1, "shmat": 1, "shmdt": 1, "rmid": 1, "get_mb": 0.00390625, "shmopen": 0, "unlink": 0, "mmap_sh": 88, "munmap": 73, "mmap_sh_mb": 352.00067138671875}
{"tgid": 10210, "comm": "flux-shell", "shmget": 1, "shmat": 1, "shmdt": 1, "rmid": 1, "get_mb": 0.00390625, "shmopen": 0, "unlink": 0, "mmap_sh": 88, "munmap": 73, "mmap_sh_mb": 352.00067138671875}
{"tgid": 10259, "comm": "flux-shell", "shmget": 1, "shmat": 1, "shmdt": 1, "rmid": 1, "get_mb": 0.00390625, "shmopen": 0, "unlink": 0, "mmap_sh": 88, "munmap": 72, "mmap_sh_mb": 352.00067138671875}
{"tgid": 10323, "comm": "flux-shell", "shmget": 1, "shmat": 1, "shmdt": 1, "rmid": 1, "get_mb": 0.00390625, "shmopen": 0, "unlink": 0, "mmap_sh": 88, "munmap": 72, "mmap_sh_mb": 352.00067138671875}
{"tgid": 10347, "comm": "flux-shell", "shmget": 1, "shmat": 1, "shmdt": 1, "rmid": 1, "get_mb": 0.00390625, "shmopen": 0, "unlink": 0, "mmap_sh": 88, "munmap": 73, "mmap_sh_mb": 352.00067138671875}
{"tgid": 10315, "comm": "flux-shell", "shmget": 1, "shmat": 1, "shmdt": 1, "rmid": 1, "get_mb": 0.00390625, "shmopen": 0, "unlink": 0, "mmap_sh": 88, "munmap": 73, "mmap_sh_mb": 352.00067138671875}
{"tgid": 10202, "comm": "flux-shell", "shmget": 1, "shmat": 1, "shmdt": 1, "rmid": 1, "get_mb": 0.00390625, "shmopen": 0, "unlink": 0, "mmap_sh": 88, "munmap": 72, "mmap_sh_mb": 352.00067138671875}
{"tgid": 10247, "comm": "flux-shell", "shmget": 1, "shmat": 1, "shmdt": 1, "rmid": 1, "get_mb": 0.00390625, "shmopen": 0, "unlink": 0, "mmap_sh": 88, "munmap": 73, "mmap_sh_mb": 352.00067138671875}
{"tgid": 10301, "comm": "flux-shell", "shmget": 1, "shmat": 1, "shmdt": 1, "rmid": 1, "get_mb": 0.00390625, "shmopen": 0, "unlink": 0, "mmap_sh": 88, "munmap": 73, "mmap_sh_mb": 352.00067138671875}
{"tgid": 10208, "comm": "flux-shell", "shmget": 1, "shmat": 1, "shmdt": 1, "rmid": 1, "get_mb": 0.00390625, "shmopen": 0, "unlink": 0, "mmap_sh": 88, "munmap": 72, "mmap_sh_mb": 352.00067138671875}
{"tgid": 10361, "comm": "flux-shell", "shmget": 1, "shmat": 1, "shmdt": 1, "rmid": 1, "get_mb": 0.00390625, "shmopen": 0, "unlink": 0, "mmap_sh": 88, "munmap": 73, "mmap_sh_mb": 352.00067138671875}
{"tgid": 10351, "comm": "flux-shell", "shmget": 1, "shmat": 1, "shmdt": 1, "rmid": 1, "get_mb": 0.00390625, "shmopen": 0, "unlink": 0, "mmap_sh": 88, "munmap": 72, "mmap_sh_mb": 352.00067138671875}
{"tgid": 10257, "comm": "flux-shell", "shmget": 1, "shmat": 1, "shmdt": 1, "rmid": 1, "get_mb": 0.00390625, "shmopen": 0, "unlink": 0, "mmap_sh": 88, "munmap": 73, "mmap_sh_mb": 352.00067138671875}
{"tgid": 10309, "comm": "flux-shell", "shmget": 1, "shmat": 1, "shmdt": 1, "rmid": 1, "get_mb": 0.00390625, "shmopen": 0, "unlink": 0, "mmap_sh": 88, "munmap": 72, "mmap_sh_mb": 352.00067138671875}

--- Shared Memory Stats Summary at 17:30:52 ---
{"tgid": 10231, "comm": "flux-shell", "shmget": 1, "shmat": 1, "shmdt": 1, "rmid": 1, "get_mb": 0.00390625, "shmopen": 0, "unlink": 0, "mmap_sh": 88, "munmap": 73, "mmap_sh_mb": 352.00067138671875}
{"tgid": 10307, "comm": "flux-shell", "shmget": 1, "shmat": 1, "shmdt": 1, "rmid": 1, "get_mb": 0.00390625, "shmopen": 0, "unlink": 0, "mmap_sh": 88, "munmap": 73, "mmap_sh_mb": 352.00067138671875}
{"tgid": 10237, "comm": "flux-shell", "shmget": 1, "shmat": 1, "shmdt": 1, "rmid": 1, "get_mb": 0.00390625, "shmopen": 0, "unlink": 0, "mmap_sh": 88, "munmap": 72, "mmap_sh_mb": 352.00067138671875}
{"tgid": 10227, "comm": "flux-shell", "shmget": 1, "shmat": 1, "shmdt": 1, "rmid": 1, "get_mb": 0.00390625, "shmopen": 0, "unlink": 0, "mmap_sh": 88, "munmap": 72, "mmap_sh_mb": 352.00067138671875}
{"tgid": 10221, "comm": "flux-shell", "shmget": 1, "shmat": 1, "shmdt": 1, "rmid": 1, "get_mb": 0.00390625, "shmopen": 0, "unlink": 0, "mmap_sh": 88, "munmap": 73, "mmap_sh_mb": 352.00067138671875}
{"tgid": 10341, "comm": "flux-shell", "shmget": 1, "shmat": 1, "shmdt": 1, "rmid": 1, "get_mb": 0.00390625, "shmopen": 0, "unlink": 0, "mmap_sh": 88, "munmap": 72, "mmap_sh_mb": 352.00067138671875}
{"tgid": 10233, "comm": "flux-shell", "shmget": 1, "shmat": 1, "shmdt": 1, "rmid": 1, "get_mb": 0.00390625, "shmopen": 0, "unlink": 0, "mmap_sh": 88, "munmap": 73, "mmap_sh_mb": 352.00067138671875}
{"tgid": 10210, "comm": "flux-shell", "shmget": 1, "shmat": 1, "shmdt": 1, "rmid": 1, "get_mb": 0.00390625, "shmopen": 0, "unlink": 0, "mmap_sh": 88, "munmap": 73, "mmap_sh_mb": 352.00067138671875}
{"tgid": 10259, "comm": "flux-shell", "shmget": 1, "shmat": 1, "shmdt": 1, "rmid": 1, "get_mb": 0.00390625, "shmopen": 0, "unlink": 0, "mmap_sh": 88, "munmap": 72, "mmap_sh_mb": 352.00067138671875}
{"tgid": 10323, "comm": "flux-shell", "shmget": 1, "shmat": 1, "shmdt": 1, "rmid": 1, "get_mb": 0.00390625, "shmopen": 0, "unlink": 0, "mmap_sh": 88, "munmap": 72, "mmap_sh_mb": 352.00067138671875}
{"tgid": 10347, "comm": "flux-shell", "shmget": 1, "shmat": 1, "shmdt": 1, "rmid": 1, "get_mb": 0.00390625, "shmopen": 0, "unlink": 0, "mmap_sh": 88, "munmap": 73, "mmap_sh_mb": 352.00067138671875}
{"tgid": 10315, "comm": "flux-shell", "shmget": 1, "shmat": 1, "shmdt": 1, "rmid": 1, "get_mb": 0.00390625, "shmopen": 0, "unlink": 0, "mmap_sh": 88, "munmap": 73, "mmap_sh_mb": 352.00067138671875}
{"tgid": 10202, "comm": "flux-shell", "shmget": 1, "shmat": 1, "shmdt": 1, "rmid": 1, "get_mb": 0.00390625, "shmopen": 0, "unlink": 0, "mmap_sh": 88, "munmap": 72, "mmap_sh_mb": 352.00067138671875}
{"tgid": 10247, "comm": "flux-shell", "shmget": 1, "shmat": 1, "shmdt": 1, "rmid": 1, "get_mb": 0.00390625, "shmopen": 0, "unlink": 0, "mmap_sh": 88, "munmap": 73, "mmap_sh_mb": 352.00067138671875}
{"tgid": 10301, "comm": "flux-shell", "shmget": 1, "shmat": 1, "shmdt": 1, "rmid": 1, "get_mb": 0.00390625, "shmopen": 0, "unlink": 0, "mmap_sh": 88, "munmap": 73, "mmap_sh_mb": 352.00067138671875}
{"tgid": 10208, "comm": "flux-shell", "shmget": 1, "shmat": 1, "shmdt": 1, "rmid": 1, "get_mb": 0.00390625, "shmopen": 0, "unlink": 0, "mmap_sh": 88, "munmap": 72, "mmap_sh_mb": 352.00067138671875}
{"tgid": 10361, "comm": "flux-shell", "shmget": 1, "shmat": 1, "shmdt": 1, "rmid": 1, "get_mb": 0.00390625, "shmopen": 0, "unlink": 0, "mmap_sh": 88, "munmap": 73, "mmap_sh_mb": 352.00067138671875}
{"tgid": 10351, "comm": "flux-shell", "shmget": 1, "shmat": 1, "shmdt": 1, "rmid": 1, "get_mb": 0.00390625, "shmopen": 0, "unlink": 0, "mmap_sh": 88, "munmap": 72, "mmap_sh_mb": 352.00067138671875}
{"tgid": 10257, "comm": "flux-shell", "shmget": 1, "shmat": 1, "shmdt": 1, "rmid": 1, "get_mb": 0.00390625, "shmopen": 0, "unlink": 0, "mmap_sh": 88, "munmap": 73, "mmap_sh_mb": 352.00067138671875}
{"tgid": 10309, "comm": "flux-shell", "shmget": 1, "shmat": 1, "shmdt": 1, "rmid": 1, "get_mb": 0.00390625, "shmopen": 0, "unlink": 0, "mmap_sh": 88, "munmap": 72, "mmap_sh_mb": 352.00067138671875}

--- Shared Memory Stats Summary at 17:30:57 ---
{"tgid": 10231, "comm": "flux-shell", "shmget": 1, "shmat": 1, "shmdt": 1, "rmid": 1, "get_mb": 0.00390625, "shmopen": 0, "unlink": 0, "mmap_sh": 88, "munmap": 73, "mmap_sh_mb": 352.00067138671875}
{"tgid": 10307, "comm": "flux-shell", "shmget": 1, "shmat": 1, "shmdt": 1, "rmid": 1, "get_mb": 0.00390625, "shmopen": 0, "unlink": 0, "mmap_sh": 88, "munmap": 73, "mmap_sh_mb": 352.00067138671875}
{"tgid": 10237, "comm": "flux-shell", "shmget": 1, "shmat": 1, "shmdt": 1, "rmid": 1, "get_mb": 0.00390625, "shmopen": 0, "unlink": 0, "mmap_sh": 88, "munmap": 72, "mmap_sh_mb": 352.00067138671875}
{"tgid": 10227, "comm": "flux-shell", "shmget": 1, "shmat": 1, "shmdt": 1, "rmid": 1, "get_mb": 0.00390625, "shmopen": 0, "unlink": 0, "mmap_sh": 88, "munmap": 72, "mmap_sh_mb": 352.00067138671875}
{"tgid": 10221, "comm": "flux-shell", "shmget": 1, "shmat": 1, "shmdt": 1, "rmid": 1, "get_mb": 0.00390625, "shmopen": 0, "unlink": 0, "mmap_sh": 88, "munmap": 73, "mmap_sh_mb": 352.00067138671875}
{"tgid": 10341, "comm": "flux-shell", "shmget": 1, "shmat": 1, "shmdt": 1, "rmid": 1, "get_mb": 0.00390625, "shmopen": 0, "unlink": 0, "mmap_sh": 88, "munmap": 72, "mmap_sh_mb": 352.00067138671875}
{"tgid": 10233, "comm": "flux-shell", "shmget": 1, "shmat": 1, "shmdt": 1, "rmid": 1, "get_mb": 0.00390625, "shmopen": 0, "unlink": 0, "mmap_sh": 88, "munmap": 73, "mmap_sh_mb": 352.00067138671875}
{"tgid": 10210, "comm": "flux-shell", "shmget": 1, "shmat": 1, "shmdt": 1, "rmid": 1, "get_mb": 0.00390625, "shmopen": 0, "unlink": 0, "mmap_sh": 88, "munmap": 73, "mmap_sh_mb": 352.00067138671875}
{"tgid": 10259, "comm": "flux-shell", "shmget": 1, "shmat": 1, "shmdt": 1, "rmid": 1, "get_mb": 0.00390625, "shmopen": 0, "unlink": 0, "mmap_sh": 88, "munmap": 72, "mmap_sh_mb": 352.00067138671875}
{"tgid": 10323, "comm": "flux-shell", "shmget": 1, "shmat": 1, "shmdt": 1, "rmid": 1, "get_mb": 0.00390625, "shmopen": 0, "unlink": 0, "mmap_sh": 88, "munmap": 72, "mmap_sh_mb": 352.00067138671875}
{"tgid": 10347, "comm": "flux-shell", "shmget": 1, "shmat": 1, "shmdt": 1, "rmid": 1, "get_mb": 0.00390625, "shmopen": 0, "unlink": 0, "mmap_sh": 88, "munmap": 73, "mmap_sh_mb": 352.00067138671875}
{"tgid": 10315, "comm": "flux-shell", "shmget": 1, "shmat": 1, "shmdt": 1, "rmid": 1, "get_mb": 0.00390625, "shmopen": 0, "unlink": 0, "mmap_sh": 88, "munmap": 73, "mmap_sh_mb": 352.00067138671875}
{"tgid": 10202, "comm": "flux-shell", "shmget": 1, "shmat": 1, "shmdt": 1, "rmid": 1, "get_mb": 0.00390625, "shmopen": 0, "unlink": 0, "mmap_sh": 88, "munmap": 72, "mmap_sh_mb": 352.00067138671875}
{"tgid": 10247, "comm": "flux-shell", "shmget": 1, "shmat": 1, "shmdt": 1, "rmid": 1, "get_mb": 0.00390625, "shmopen": 0, "unlink": 0, "mmap_sh": 88, "munmap": 73, "mmap_sh_mb": 352.00067138671875}
{"tgid": 10301, "comm": "flux-shell", "shmget": 1, "shmat": 1, "shmdt": 1, "rmid": 1, "get_mb": 0.00390625, "shmopen": 0, "unlink": 0, "mmap_sh": 88, "munmap": 73, "mmap_sh_mb": 352.00067138671875}
{"tgid": 10208, "comm": "flux-shell", "shmget": 1, "shmat": 1, "shmdt": 1, "rmid": 1, "get_mb": 0.00390625, "shmopen": 0, "unlink": 0, "mmap_sh": 88, "munmap": 72, "mmap_sh_mb": 352.00067138671875}
{"tgid": 10361, "comm": "flux-shell", "shmget": 1, "shmat": 1, "shmdt": 1, "rmid": 1, "get_mb": 0.00390625, "shmopen": 0, "unlink": 0, "mmap_sh": 88, "munmap": 73, "mmap_sh_mb": 352.00067138671875}
{"tgid": 10351, "comm": "flux-shell", "shmget": 1, "shmat": 1, "shmdt": 1, "rmid": 1, "get_mb": 0.00390625, "shmopen": 0, "unlink": 0, "mmap_sh": 88, "munmap": 72, "mmap_sh_mb": 352.00067138671875}
{"tgid": 10257, "comm": "flux-shell", "shmget": 1, "shmat": 1, "shmdt": 1, "rmid": 1, "get_mb": 0.00390625, "shmopen": 0, "unlink": 0, "mmap_sh": 88, "munmap": 73, "mmap_sh_mb": 352.00067138671875}
{"tgid": 10309, "comm": "flux-shell", "shmget": 1, "shmat": 1, "shmdt": 1, "rmid": 1, "get_mb": 0.00390625, "shmopen": 0, "unlink": 0, "mmap_sh": 88, "munmap": 72, "mmap_sh_mb": 352.00067138671875}

--- Shared Memory Stats Summary at 17:31:02 ---
{"tgid": 10231, "comm": "flux-shell", "shmget": 1, "shmat": 1, "shmdt": 1, "rmid": 1, "get_mb": 0.00390625, "shmopen": 0, "unlink": 0, "mmap_sh": 88, "munmap": 73, "mmap_sh_mb": 352.00067138671875}
{"tgid": 10307, "comm": "flux-shell", "shmget": 1, "shmat": 1, "shmdt": 1, "rmid": 1, "get_mb": 0.00390625, "shmopen": 0, "unlink": 0, "mmap_sh": 88, "munmap": 73, "mmap_sh_mb": 352.00067138671875}
{"tgid": 10237, "comm": "flux-shell", "shmget": 1, "shmat": 1, "shmdt": 1, "rmid": 1, "get_mb": 0.00390625, "shmopen": 0, "unlink": 0, "mmap_sh": 88, "munmap": 72, "mmap_sh_mb": 352.00067138671875}
{"tgid": 10227, "comm": "flux-shell", "shmget": 1, "shmat": 1, "shmdt": 1, "rmid": 1, "get_mb": 0.00390625, "shmopen": 0, "unlink": 0, "mmap_sh": 88, "munmap": 72, "mmap_sh_mb": 352.00067138671875}
{"tgid": 10221, "comm": "flux-shell", "shmget": 1, "shmat": 1, "shmdt": 1, "rmid": 1, "get_mb": 0.00390625, "shmopen": 0, "unlink": 0, "mmap_sh": 88, "munmap": 73, "mmap_sh_mb": 352.00067138671875}
{"tgid": 10341, "comm": "flux-shell", "shmget": 1, "shmat": 1, "shmdt": 1, "rmid": 1, "get_mb": 0.00390625, "shmopen": 0, "unlink": 0, "mmap_sh": 88, "munmap": 72, "mmap_sh_mb": 352.00067138671875}
{"tgid": 10233, "comm": "flux-shell", "shmget": 1, "shmat": 1, "shmdt": 1, "rmid": 1, "get_mb": 0.00390625, "shmopen": 0, "unlink": 0, "mmap_sh": 88, "munmap": 73, "mmap_sh_mb": 352.00067138671875}
{"tgid": 10210, "comm": "flux-shell", "shmget": 1, "shmat": 1, "shmdt": 1, "rmid": 1, "get_mb": 0.00390625, "shmopen": 0, "unlink": 0, "mmap_sh": 88, "munmap": 73, "mmap_sh_mb": 352.00067138671875}
{"tgid": 10259, "comm": "flux-shell", "shmget": 1, "shmat": 1, "shmdt": 1, "rmid": 1, "get_mb": 0.00390625, "shmopen": 0, "unlink": 0, "mmap_sh": 88, "munmap": 72, "mmap_sh_mb": 352.00067138671875}
{"tgid": 10323, "comm": "flux-shell", "shmget": 1, "shmat": 1, "shmdt": 1, "rmid": 1, "get_mb": 0.00390625, "shmopen": 0, "unlink": 0, "mmap_sh": 88, "munmap": 72, "mmap_sh_mb": 352.00067138671875}
{"tgid": 10347, "comm": "flux-shell", "shmget": 1, "shmat": 1, "shmdt": 1, "rmid": 1, "get_mb": 0.00390625, "shmopen": 0, "unlink": 0, "mmap_sh": 88, "munmap": 73, "mmap_sh_mb": 352.00067138671875}
{"tgid": 10315, "comm": "flux-shell", "shmget": 1, "shmat": 1, "shmdt": 1, "rmid": 1, "get_mb": 0.00390625, "shmopen": 0, "unlink": 0, "mmap_sh": 88, "munmap": 73, "mmap_sh_mb": 352.00067138671875}
{"tgid": 10202, "comm": "flux-shell", "shmget": 1, "shmat": 1, "shmdt": 1, "rmid": 1, "get_mb": 0.00390625, "shmopen": 0, "unlink": 0, "mmap_sh": 88, "munmap": 72, "mmap_sh_mb": 352.00067138671875}
{"tgid": 10247, "comm": "flux-shell", "shmget": 1, "shmat": 1, "shmdt": 1, "rmid": 1, "get_mb": 0.00390625, "shmopen": 0, "unlink": 0, "mmap_sh": 88, "munmap": 73, "mmap_sh_mb": 352.00067138671875}
{"tgid": 10301, "comm": "flux-shell", "shmget": 1, "shmat": 1, "shmdt": 1, "rmid": 1, "get_mb": 0.00390625, "shmopen": 0, "unlink": 0, "mmap_sh": 88, "munmap": 73, "mmap_sh_mb": 352.00067138671875}
{"tgid": 10208, "comm": "flux-shell", "shmget": 1, "shmat": 1, "shmdt": 1, "rmid": 1, "get_mb": 0.00390625, "shmopen": 0, "unlink": 0, "mmap_sh": 88, "munmap": 72, "mmap_sh_mb": 352.00067138671875}
{"tgid": 10361, "comm": "flux-shell", "shmget": 1, "shmat": 1, "shmdt": 1, "rmid": 1, "get_mb": 0.00390625, "shmopen": 0, "unlink": 0, "mmap_sh": 88, "munmap": 73, "mmap_sh_mb": 352.00067138671875}
{"tgid": 10351, "comm": "flux-shell", "shmget": 1, "shmat": 1, "shmdt": 1, "rmid": 1, "get_mb": 0.00390625, "shmopen": 0, "unlink": 0, "mmap_sh": 88, "munmap": 72, "mmap_sh_mb": 352.00067138671875}
{"tgid": 10257, "comm": "flux-shell", "shmget": 1, "shmat": 1, "shmdt": 1, "rmid": 1, "get_mb": 0.00390625, "shmopen": 0, "unlink": 0, "mmap_sh": 88, "munmap": 73, "mmap_sh_mb": 352.00067138671875}
{"tgid": 10309, "comm": "flux-shell", "shmget": 1, "shmat": 1, "shmdt": 1, "rmid": 1, "get_mb": 0.00390625, "shmopen": 0, "unlink": 0, "mmap_sh": 88, "munmap": 72, "mmap_sh_mb": 352.00067138671875}

--- Shared Memory Stats Summary at 17:31:07 ---
{"tgid": 10231, "comm": "flux-shell", "shmget": 1, "shmat": 1, "shmdt": 1, "rmid": 1, "get_mb": 0.00390625, "shmopen": 0, "unlink": 0, "mmap_sh": 88, "munmap": 73, "mmap_sh_mb": 352.00067138671875}
{"tgid": 10307, "comm": "flux-shell", "shmget": 1, "shmat": 1, "shmdt": 1, "rmid": 1, "get_mb": 0.00390625, "shmopen": 0, "unlink": 0, "mmap_sh": 88, "munmap": 73, "mmap_sh_mb": 352.00067138671875}
{"tgid": 10237, "comm": "flux-shell", "shmget": 1, "shmat": 1, "shmdt": 1, "rmid": 1, "get_mb": 0.00390625, "shmopen": 0, "unlink": 0, "mmap_sh": 88, "munmap": 72, "mmap_sh_mb": 352.00067138671875}
{"tgid": 10227, "comm": "flux-shell", "shmget": 1, "shmat": 1, "shmdt": 1, "rmid": 1, "get_mb": 0.00390625, "shmopen": 0, "unlink": 0, "mmap_sh": 88, "munmap": 72, "mmap_sh_mb": 352.00067138671875}
{"tgid": 10221, "comm": "flux-shell", "shmget": 1, "shmat": 1, "shmdt": 1, "rmid": 1, "get_mb": 0.00390625, "shmopen": 0, "unlink": 0, "mmap_sh": 88, "munmap": 73, "mmap_sh_mb": 352.00067138671875}
{"tgid": 10341, "comm": "flux-shell", "shmget": 1, "shmat": 1, "shmdt": 1, "rmid": 1, "get_mb": 0.00390625, "shmopen": 0, "unlink": 0, "mmap_sh": 88, "munmap": 72, "mmap_sh_mb": 352.00067138671875}
{"tgid": 10233, "comm": "flux-shell", "shmget": 1, "shmat": 1, "shmdt": 1, "rmid": 1, "get_mb": 0.00390625, "shmopen": 0, "unlink": 0, "mmap_sh": 88, "munmap": 73, "mmap_sh_mb": 352.00067138671875}
{"tgid": 10210, "comm": "flux-shell", "shmget": 1, "shmat": 1, "shmdt": 1, "rmid": 1, "get_mb": 0.00390625, "shmopen": 0, "unlink": 0, "mmap_sh": 88, "munmap": 73, "mmap_sh_mb": 352.00067138671875}
{"tgid": 10259, "comm": "flux-shell", "shmget": 1, "shmat": 1, "shmdt": 1, "rmid": 1, "get_mb": 0.00390625, "shmopen": 0, "unlink": 0, "mmap_sh": 88, "munmap": 72, "mmap_sh_mb": 352.00067138671875}
{"tgid": 10323, "comm": "flux-shell", "shmget": 1, "shmat": 1, "shmdt": 1, "rmid": 1, "get_mb": 0.00390625, "shmopen": 0, "unlink": 0, "mmap_sh": 88, "munmap": 72, "mmap_sh_mb": 352.00067138671875}
{"tgid": 10347, "comm": "flux-shell", "shmget": 1, "shmat": 1, "shmdt": 1, "rmid": 1, "get_mb": 0.00390625, "shmopen": 0, "unlink": 0, "mmap_sh": 88, "munmap": 73, "mmap_sh_mb": 352.00067138671875}
{"tgid": 10315, "comm": "flux-shell", "shmget": 1, "shmat": 1, "shmdt": 1, "rmid": 1, "get_mb": 0.00390625, "shmopen": 0, "unlink": 0, "mmap_sh": 88, "munmap": 73, "mmap_sh_mb": 352.00067138671875}
{"tgid": 10202, "comm": "flux-shell", "shmget": 1, "shmat": 1, "shmdt": 1, "rmid": 1, "get_mb": 0.00390625, "shmopen": 0, "unlink": 0, "mmap_sh": 88, "munmap": 72, "mmap_sh_mb": 352.00067138671875}
{"tgid": 10247, "comm": "flux-shell", "shmget": 1, "shmat": 1, "shmdt": 1, "rmid": 1, "get_mb": 0.00390625, "shmopen": 0, "unlink": 0, "mmap_sh": 88, "munmap": 73, "mmap_sh_mb": 352.00067138671875}
{"tgid": 10301, "comm": "flux-shell", "shmget": 1, "shmat": 1, "shmdt": 1, "rmid": 1, "get_mb": 0.00390625, "shmopen": 0, "unlink": 0, "mmap_sh": 88, "munmap": 73, "mmap_sh_mb": 352.00067138671875}
{"tgid": 10208, "comm": "flux-shell", "shmget": 1, "shmat": 1, "shmdt": 1, "rmid": 1, "get_mb": 0.00390625, "shmopen": 0, "unlink": 0, "mmap_sh": 88, "munmap": 72, "mmap_sh_mb": 352.00067138671875}
{"tgid": 10361, "comm": "flux-shell", "shmget": 1, "shmat": 1, "shmdt": 1, "rmid": 1, "get_mb": 0.00390625, "shmopen": 0, "unlink": 0, "mmap_sh": 88, "munmap": 73, "mmap_sh_mb": 352.00067138671875}
{"tgid": 10351, "comm": "flux-shell", "shmget": 1, "shmat": 1, "shmdt": 1, "rmid": 1, "get_mb": 0.00390625, "shmopen": 0, "unlink": 0, "mmap_sh": 88, "munmap": 72, "mmap_sh_mb": 352.00067138671875}
{"tgid": 10257, "comm": "flux-shell", "shmget": 1, "shmat": 1, "shmdt": 1, "rmid": 1, "get_mb": 0.00390625, "shmopen": 0, "unlink": 0, "mmap_sh": 88, "munmap": 73, "mmap_sh_mb": 352.00067138671875}
{"tgid": 10309, "comm": "flux-shell", "shmget": 1, "shmat": 1, "shmdt": 1, "rmid": 1, "get_mb": 0.00390625, "shmopen": 0, "unlink": 0, "mmap_sh": 88, "munmap": 72, "mmap_sh_mb": 352.00067138671875}

--- Shared Memory Stats Summary at 17:31:12 ---
{"tgid": 10231, "comm": "flux-shell", "shmget": 1, "shmat": 1, "shmdt": 1, "rmid": 1, "get_mb": 0.00390625, "shmopen": 0, "unlink": 0, "mmap_sh": 88, "munmap": 204, "mmap_sh_mb": 352.00067138671875}
{"tgid": 10307, "comm": "flux-shell", "shmget": 1, "shmat": 1, "shmdt": 1, "rmid": 1, "get_mb": 0.00390625, "shmopen": 0, "unlink": 0, "mmap_sh": 88, "munmap": 204, "mmap_sh_mb": 352.00067138671875}
{"tgid": 10237, "comm": "flux-shell", "shmget": 1, "shmat": 1, "shmdt": 1, "rmid": 1, "get_mb": 0.00390625, "shmopen": 0, "unlink": 0, "mmap_sh": 88, "munmap": 203, "mmap_sh_mb": 352.00067138671875}
{"tgid": 10227, "comm": "flux-shell", "shmget": 1, "shmat": 1, "shmdt": 1, "rmid": 1, "get_mb": 0.00390625, "shmopen": 0, "unlink": 0, "mmap_sh": 88, "munmap": 203, "mmap_sh_mb": 352.00067138671875}
{"tgid": 10221, "comm": "flux-shell", "shmget": 1, "shmat": 1, "shmdt": 1, "rmid": 1, "get_mb": 0.00390625, "shmopen": 0, "unlink": 0, "mmap_sh": 88, "munmap": 204, "mmap_sh_mb": 352.00067138671875}
{"tgid": 10341, "comm": "flux-shell", "shmget": 1, "shmat": 1, "shmdt": 1, "rmid": 1, "get_mb": 0.00390625, "shmopen": 0, "unlink": 0, "mmap_sh": 88, "munmap": 203, "mmap_sh_mb": 352.00067138671875}
{"tgid": 10233, "comm": "flux-shell", "shmget": 1, "shmat": 1, "shmdt": 1, "rmid": 1, "get_mb": 0.00390625, "shmopen": 0, "unlink": 0, "mmap_sh": 88, "munmap": 204, "mmap_sh_mb": 352.00067138671875}
{"tgid": 10210, "comm": "flux-shell", "shmget": 1, "shmat": 1, "shmdt": 1, "rmid": 1, "get_mb": 0.00390625, "shmopen": 0, "unlink": 0, "mmap_sh": 88, "munmap": 204, "mmap_sh_mb": 352.00067138671875}
{"tgid": 10259, "comm": "flux-shell", "shmget": 1, "shmat": 1, "shmdt": 1, "rmid": 1, "get_mb": 0.00390625, "shmopen": 0, "unlink": 0, "mmap_sh": 88, "munmap": 203, "mmap_sh_mb": 352.00067138671875}
{"tgid": 10323, "comm": "flux-shell", "shmget": 1, "shmat": 1, "shmdt": 1, "rmid": 1, "get_mb": 0.00390625, "shmopen": 0, "unlink": 0, "mmap_sh": 88, "munmap": 203, "mmap_sh_mb": 352.00067138671875}
{"tgid": 10347, "comm": "flux-shell", "shmget": 1, "shmat": 1, "shmdt": 1, "rmid": 1, "get_mb": 0.00390625, "shmopen": 0, "unlink": 0, "mmap_sh": 88, "munmap": 204, "mmap_sh_mb": 352.00067138671875}
{"tgid": 10315, "comm": "flux-shell", "shmget": 1, "shmat": 1, "shmdt": 1, "rmid": 1, "get_mb": 0.00390625, "shmopen": 0, "unlink": 0, "mmap_sh": 88, "munmap": 204, "mmap_sh_mb": 352.00067138671875}
{"tgid": 10202, "comm": "flux-shell", "shmget": 1, "shmat": 1, "shmdt": 1, "rmid": 1, "get_mb": 0.00390625, "shmopen": 0, "unlink": 0, "mmap_sh": 88, "munmap": 203, "mmap_sh_mb": 352.00067138671875}
{"tgid": 10247, "comm": "flux-shell", "shmget": 1, "shmat": 1, "shmdt": 1, "rmid": 1, "get_mb": 0.00390625, "shmopen": 0, "unlink": 0, "mmap_sh": 88, "munmap": 204, "mmap_sh_mb": 352.00067138671875}
{"tgid": 10301, "comm": "flux-shell", "shmget": 1, "shmat": 1, "shmdt": 1, "rmid": 1, "get_mb": 0.00390625, "shmopen": 0, "unlink": 0, "mmap_sh": 88, "munmap": 204, "mmap_sh_mb": 352.00067138671875}
{"tgid": 10208, "comm": "flux-shell", "shmget": 1, "shmat": 1, "shmdt": 1, "rmid": 1, "get_mb": 0.00390625, "shmopen": 0, "unlink": 0, "mmap_sh": 88, "munmap": 203, "mmap_sh_mb": 352.00067138671875}
{"tgid": 10361, "comm": "flux-shell", "shmget": 1, "shmat": 1, "shmdt": 1, "rmid": 1, "get_mb": 0.00390625, "shmopen": 0, "unlink": 0, "mmap_sh": 88, "munmap": 204, "mmap_sh_mb": 352.00067138671875}
{"tgid": 10351, "comm": "flux-shell", "shmget": 1, "shmat": 1, "shmdt": 1, "rmid": 1, "get_mb": 0.00390625, "shmopen": 0, "unlink": 0, "mmap_sh": 88, "munmap": 202, "mmap_sh_mb": 352.00067138671875}
{"tgid": 10257, "comm": "flux-shell", "shmget": 1, "shmat": 1, "shmdt": 1, "rmid": 1, "get_mb": 0.00390625, "shmopen": 0, "unlink": 0, "mmap_sh": 88, "munmap": 204, "mmap_sh_mb": 352.00067138671875}
{"tgid": 10309, "comm": "flux-shell", "shmget": 1, "shmat": 1, "shmdt": 1, "rmid": 1, "get_mb": 0.00390625, "shmopen": 0, "unlink": 0, "mmap_sh": 88, "munmap": 203, "mmap_sh_mb": 352.00067138671875}

--- Shared Memory Stats Summary at 17:31:17 ---
{"tgid": 10231, "comm": "flux-shell", "shmget": 1, "shmat": 1, "shmdt": 1, "rmid": 1, "get_mb": 0.00390625, "shmopen": 0, "unlink": 0, "mmap_sh": 88, "munmap": 261, "mmap_sh_mb": 352.00067138671875}
{"tgid": 10307, "comm": "flux-shell", "shmget": 1, "shmat": 1, "shmdt": 1, "rmid": 1, "get_mb": 0.00390625, "shmopen": 0, "unlink": 0, "mmap_sh": 88, "munmap": 261, "mmap_sh_mb": 352.00067138671875}
{"tgid": 10237, "comm": "flux-shell", "shmget": 1, "shmat": 1, "shmdt": 1, "rmid": 1, "get_mb": 0.00390625, "shmopen": 0, "unlink": 0, "mmap_sh": 88, "munmap": 260, "mmap_sh_mb": 352.00067138671875}
{"tgid": 10227, "comm": "flux-shell", "shmget": 1, "shmat": 1, "shmdt": 1, "rmid": 1, "get_mb": 0.00390625, "shmopen": 0, "unlink": 0, "mmap_sh": 88, "munmap": 260, "mmap_sh_mb": 352.00067138671875}
{"tgid": 10221, "comm": "flux-shell", "shmget": 1, "shmat": 1, "shmdt": 1, "rmid": 1, "get_mb": 0.00390625, "shmopen": 0, "unlink": 0, "mmap_sh": 88, "munmap": 261, "mmap_sh_mb": 352.00067138671875}
{"tgid": 10341, "comm": "flux-shell", "shmget": 1, "shmat": 1, "shmdt": 1, "rmid": 1, "get_mb": 0.00390625, "shmopen": 0, "unlink": 0, "mmap_sh": 88, "munmap": 260, "mmap_sh_mb": 352.00067138671875}
{"tgid": 10233, "comm": "flux-shell", "shmget": 1, "shmat": 1, "shmdt": 1, "rmid": 1, "get_mb": 0.00390625, "shmopen": 0, "unlink": 0, "mmap_sh": 88, "munmap": 261, "mmap_sh_mb": 352.00067138671875}
{"tgid": 10210, "comm": "flux-shell", "shmget": 1, "shmat": 1, "shmdt": 1, "rmid": 1, "get_mb": 0.00390625, "shmopen": 0, "unlink": 0, "mmap_sh": 88, "munmap": 261, "mmap_sh_mb": 352.00067138671875}
{"tgid": 10259, "comm": "flux-shell", "shmget": 1, "shmat": 1, "shmdt": 1, "rmid": 1, "get_mb": 0.00390625, "shmopen": 0, "unlink": 0, "mmap_sh": 88, "munmap": 260, "mmap_sh_mb": 352.00067138671875}
{"tgid": 10323, "comm": "flux-shell", "shmget": 1, "shmat": 1, "shmdt": 1, "rmid": 1, "get_mb": 0.00390625, "shmopen": 0, "unlink": 0, "mmap_sh": 88, "munmap": 260, "mmap_sh_mb": 352.00067138671875}
{"tgid": 10347, "comm": "flux-shell", "shmget": 1, "shmat": 1, "shmdt": 1, "rmid": 1, "get_mb": 0.00390625, "shmopen": 0, "unlink": 0, "mmap_sh": 88, "munmap": 261, "mmap_sh_mb": 352.00067138671875}
{"tgid": 10315, "comm": "flux-shell", "shmget": 1, "shmat": 1, "shmdt": 1, "rmid": 1, "get_mb": 0.00390625, "shmopen": 0, "unlink": 0, "mmap_sh": 88, "munmap": 261, "mmap_sh_mb": 352.00067138671875}
{"tgid": 10202, "comm": "flux-shell", "shmget": 1, "shmat": 1, "shmdt": 1, "rmid": 1, "get_mb": 0.00390625, "shmopen": 0, "unlink": 0, "mmap_sh": 88, "munmap": 260, "mmap_sh_mb": 352.00067138671875}
{"tgid": 10247, "comm": "flux-shell", "shmget": 1, "shmat": 1, "shmdt": 1, "rmid": 1, "get_mb": 0.00390625, "shmopen": 0, "unlink": 0, "mmap_sh": 88, "munmap": 261, "mmap_sh_mb": 352.00067138671875}
{"tgid": 10301, "comm": "flux-shell", "shmget": 1, "shmat": 1, "shmdt": 1, "rmid": 1, "get_mb": 0.00390625, "shmopen": 0, "unlink": 0, "mmap_sh": 88, "munmap": 261, "mmap_sh_mb": 352.00067138671875}
{"tgid": 10208, "comm": "flux-shell", "shmget": 1, "shmat": 1, "shmdt": 1, "rmid": 1, "get_mb": 0.00390625, "shmopen": 0, "unlink": 0, "mmap_sh": 88, "munmap": 260, "mmap_sh_mb": 352.00067138671875}
{"tgid": 10361, "comm": "flux-shell", "shmget": 1, "shmat": 1, "shmdt": 1, "rmid": 1, "get_mb": 0.00390625, "shmopen": 0, "unlink": 0, "mmap_sh": 88, "munmap": 261, "mmap_sh_mb": 352.00067138671875}
{"tgid": 10351, "comm": "flux-shell", "shmget": 1, "shmat": 1, "shmdt": 1, "rmid": 1, "get_mb": 0.00390625, "shmopen": 0, "unlink": 0, "mmap_sh": 88, "munmap": 259, "mmap_sh_mb": 352.00067138671875}
{"tgid": 10257, "comm": "flux-shell", "shmget": 1, "shmat": 1, "shmdt": 1, "rmid": 1, "get_mb": 0.00390625, "shmopen": 0, "unlink": 0, "mmap_sh": 88, "munmap": 261, "mmap_sh_mb": 352.00067138671875}
{"tgid": 10309, "comm": "flux-shell", "shmget": 1, "shmat": 1, "shmdt": 1, "rmid": 1, "get_mb": 0.00390625, "shmopen": 0, "unlink": 0, "mmap_sh": 88, "munmap": 260, "mmap_sh_mb": 352.00067138671875}

--- Shared Memory Stats Summary at 17:31:22 ---
{"tgid": 10231, "comm": "flux-shell", "shmget": 1, "shmat": 1, "shmdt": 1, "rmid": 1, "get_mb": 0.00390625, "shmopen": 0, "unlink": 0, "mmap_sh": 88, "munmap": 261, "mmap_sh_mb": 352.00067138671875}
{"tgid": 10307, "comm": "flux-shell", "shmget": 1, "shmat": 1, "shmdt": 1, "rmid": 1, "get_mb": 0.00390625, "shmopen": 0, "unlink": 0, "mmap_sh": 88, "munmap": 261, "mmap_sh_mb": 352.00067138671875}
{"tgid": 10237, "comm": "flux-shell", "shmget": 1, "shmat": 1, "shmdt": 1, "rmid": 1, "get_mb": 0.00390625, "shmopen": 0, "unlink": 0, "mmap_sh": 88, "munmap": 260, "mmap_sh_mb": 352.00067138671875}
{"tgid": 10227, "comm": "flux-shell", "shmget": 1, "shmat": 1, "shmdt": 1, "rmid": 1, "get_mb": 0.00390625, "shmopen": 0, "unlink": 0, "mmap_sh": 88, "munmap": 260, "mmap_sh_mb": 352.00067138671875}
{"tgid": 10221, "comm": "flux-shell", "shmget": 1, "shmat": 1, "shmdt": 1, "rmid": 1, "get_mb": 0.00390625, "shmopen": 0, "unlink": 0, "mmap_sh": 88, "munmap": 261, "mmap_sh_mb": 352.00067138671875}
{"tgid": 10341, "comm": "flux-shell", "shmget": 1, "shmat": 1, "shmdt": 1, "rmid": 1, "get_mb": 0.00390625, "shmopen": 0, "unlink": 0, "mmap_sh": 88, "munmap": 260, "mmap_sh_mb": 352.00067138671875}
{"tgid": 10233, "comm": "flux-shell", "shmget": 1, "shmat": 1, "shmdt": 1, "rmid": 1, "get_mb": 0.00390625, "shmopen": 0, "unlink": 0, "mmap_sh": 88, "munmap": 261, "mmap_sh_mb": 352.00067138671875}
{"tgid": 10210, "comm": "flux-shell", "shmget": 1, "shmat": 1, "shmdt": 1, "rmid": 1, "get_mb": 0.00390625, "shmopen": 0, "unlink": 0, "mmap_sh": 88, "munmap": 261, "mmap_sh_mb": 352.00067138671875}
{"tgid": 10259, "comm": "flux-shell", "shmget": 1, "shmat": 1, "shmdt": 1, "rmid": 1, "get_mb": 0.00390625, "shmopen": 0, "unlink": 0, "mmap_sh": 88, "munmap": 260, "mmap_sh_mb": 352.00067138671875}
{"tgid": 10323, "comm": "flux-shell", "shmget": 1, "shmat": 1, "shmdt": 1, "rmid": 1, "get_mb": 0.00390625, "shmopen": 0, "unlink": 0, "mmap_sh": 88, "munmap": 260, "mmap_sh_mb": 352.00067138671875}
{"tgid": 10347, "comm": "flux-shell", "shmget": 1, "shmat": 1, "shmdt": 1, "rmid": 1, "get_mb": 0.00390625, "shmopen": 0, "unlink": 0, "mmap_sh": 88, "munmap": 261, "mmap_sh_mb": 352.00067138671875}
{"tgid": 10315, "comm": "flux-shell", "shmget": 1, "shmat": 1, "shmdt": 1, "rmid": 1, "get_mb": 0.00390625, "shmopen": 0, "unlink": 0, "mmap_sh": 88, "munmap": 261, "mmap_sh_mb": 352.00067138671875}
{"tgid": 10202, "comm": "flux-shell", "shmget": 1, "shmat": 1, "shmdt": 1, "rmid": 1, "get_mb": 0.00390625, "shmopen": 0, "unlink": 0, "mmap_sh": 88, "munmap": 260, "mmap_sh_mb": 352.00067138671875}
{"tgid": 10247, "comm": "flux-shell", "shmget": 1, "shmat": 1, "shmdt": 1, "rmid": 1, "get_mb": 0.00390625, "shmopen": 0, "unlink": 0, "mmap_sh": 88, "munmap": 261, "mmap_sh_mb": 352.00067138671875}
{"tgid": 10301, "comm": "flux-shell", "shmget": 1, "shmat": 1, "shmdt": 1, "rmid": 1, "get_mb": 0.00390625, "shmopen": 0, "unlink": 0, "mmap_sh": 88, "munmap": 261, "mmap_sh_mb": 352.00067138671875}
{"tgid": 10208, "comm": "flux-shell", "shmget": 1, "shmat": 1, "shmdt": 1, "rmid": 1, "get_mb": 0.00390625, "shmopen": 0, "unlink": 0, "mmap_sh": 88, "munmap": 260, "mmap_sh_mb": 352.00067138671875}
{"tgid": 10361, "comm": "flux-shell", "shmget": 1, "shmat": 1, "shmdt": 1, "rmid": 1, "get_mb": 0.00390625, "shmopen": 0, "unlink": 0, "mmap_sh": 88, "munmap": 261, "mmap_sh_mb": 352.00067138671875}
{"tgid": 10351, "comm": "flux-shell", "shmget": 1, "shmat": 1, "shmdt": 1, "rmid": 1, "get_mb": 0.00390625, "shmopen": 0, "unlink": 0, "mmap_sh": 88, "munmap": 259, "mmap_sh_mb": 352.00067138671875}
{"tgid": 10257, "comm": "flux-shell", "shmget": 1, "shmat": 1, "shmdt": 1, "rmid": 1, "get_mb": 0.00390625, "shmopen": 0, "unlink": 0, "mmap_sh": 88, "munmap": 261, "mmap_sh_mb": 352.00067138671875}
{"tgid": 10309, "comm": "flux-shell", "shmget": 1, "shmat": 1, "shmdt": 1, "rmid": 1, "get_mb": 0.00390625, "shmopen": 0, "unlink": 0, "mmap_sh": 88, "munmap": 260, "mmap_sh_mb": 352.00067138671875}
[17:31:22] 
Indicator file '/mnt/flux/stop_ebpf_collection' found. Stopping.
Cleaning up BPF resources...
Cleanup complete.
