unlimited
PROGRAM: cpu
Looking for /opt/programs/cpu/ebpf-collect.c
[17:30:09] Waiting for start indicator file: '/mnt/flux/start_ebpf_collection'.
[17:30:27] Start indicator found. Proceeding with monitoring.
[17:30:27] Initializing eBPF for CPU Scheduling monitoring...
[17:30:27] BPF C code compiled and loaded.
[17:30:27] Attached tracepoints.
[17:30:27] Monitoring CPU scheduling events (polling aggregated map)... Press Ctrl+C to stop.
[17:31:18] Stop indicator file '/mnt/flux/stop_ebpf_collection' found. Stopping.
[17:31:18] Initiating cleanup sequence...
{
  "final_aggregated_summary_river": [
    {
      "tgid": 112,
      "comm": "python3",
      "cgroup_id": 9566,
      "on_cpu_stats_ns": {
        "count": 365.0,
        "sum_ns": 9757778.06910538,
        "mean_ns": 26733.63854549419,
        "median_ns": 20820.19756343642,
        "min_ns": 5228.0,
        "max_ns": 154626.0,
        "variance_ns2": 466144914.18315905,
        "iqr_ns": 16607.288295565326,
        "q1_ns": 13289.913552214923,
        "q3_ns": 29897.20184778025
      },
      "runq_latency_stats_ns": {
        "count": 365.0,
        "sum_ns": 33980442.2206002,
        "mean_ns": 93097.10197424713,
        "median_ns": 5297.017807304076,
        "min_ns": 991.0769230769231,
        "max_ns": 4000461.0,
        "variance_ns2": 218713378432.87595,
        "iqr_ns": 3211.3319502956456,
        "q1_ns": 3991.607969776017,
        "q3_ns": 7202.9399200716625
      },
      "first_seen_ts_ns": 1747589427763861610,
      "last_seen_ts_ns": 1747589478207678371,
      "duration_active_s": 50.443816761
    },
    {
      "tgid": 210,
      "comm": "lmp",
      "cgroup_id": 9645,
      "on_cpu_stats_ns": {
        "count": 48.0,
        "sum_ns": 1729746.5000000002,
        "mean_ns": 36036.38541666667,
        "median_ns": 29052.828105651275,
        "min_ns": 9182.0,
        "max_ns": 192527.0,
        "variance_ns2": 854372901.5238253,
        "iqr_ns": 18671.850002995077,
        "q1_ns": 23065.745876604316,
        "q3_ns": 41737.595879599394
      },
      "runq_latency_stats_ns": {
        "count": 48.0,
        "sum_ns": 7470963.999999999,
        "mean_ns": 155645.0833333333,
        "median_ns": 4411.481574037802,
        "min_ns": 1780.0,
        "max_ns": 4001544.0,
        "variance_ns2": 508360929216.4502,
        "iqr_ns": 7215.108246532629,
        "q1_ns": 4055.3277241671562,
        "q3_ns": 11270.435970699786
      },
      "first_seen_ts_ns": 1747589427969849004,
      "last_seen_ts_ns": 1747589473239844100,
      "duration_active_s": 45.269995096
    },
    {
      "tgid": 1,
      "comm": "pause",
      "cgroup_id": 9408,
      "on_cpu_stats_ns": {
        "count": 7.0,
        "sum_ns": 1431083.6904761908,
        "mean_ns": 204440.52721088438,
        "median_ns": 142709.0,
        "min_ns": 109094.0,
        "max_ns": 610806.8333333334,
        "variance_ns2": 33068865253.453598,
        "iqr_ns": 10325.047619047633,
        "q1_ns": 132383.95238095237,
        "q3_ns": 142709.0
      },
      "runq_latency_stats_ns": {
        "count": 7.0,
        "sum_ns": 65263.5,
        "mean_ns": 9323.357142857143,
        "median_ns": 4271.0,
        "min_ns": 1133.1666666666667,
        "max_ns": 40828.0,
        "variance_ns2": 197624559.98544976,
        "iqr_ns": 2603.5624999999995,
        "q1_ns": 3134.7708333333335,
        "q3_ns": 5738.333333333333
      },
      "first_seen_ts_ns": 1747589436539724254,
      "last_seen_ts_ns": 1747589478207678371,
      "duration_active_s": 41.667954117
    },
    {
      "tgid": 81,
      "comm": "ZMQbg/IO/0",
      "cgroup_id": 9645,
      "on_cpu_stats_ns": {
        "count": 9.0,
        "sum_ns": 810808.0,
        "mean_ns": 90089.77777777778,
        "median_ns": 35430.22222222222,
        "min_ns": 8534.0,
        "max_ns": 596880.0,
        "variance_ns2": 36453697604.44444,
        "iqr_ns": 120680.18271604937,
        "q1_ns": 13946.0,
        "q3_ns": 134626.18271604937
      },
      "runq_latency_stats_ns": {
        "count": 9.0,
        "sum_ns": 2006211.0000000005,
        "mean_ns": 222912.33333333337,
        "median_ns": 4079.6899999999996,
        "min_ns": 1559.0,
        "max_ns": 1979803.0,
        "variance_ns2": 434063826984.2502,
        "iqr_ns": 1853.355555555555,
        "q1_ns": 2697.311111111111,
        "q3_ns": 4550.666666666666
      },
      "first_seen_ts_ns": 1747589428496924136,
      "last_seen_ts_ns": 1747589473239844100,
      "duration_active_s": 44.742919964
    },
    {
      "tgid": 272,
      "comm": "lmp",
      "cgroup_id": 9645,
      "on_cpu_stats_ns": {
        "count": 73.0,
        "sum_ns": 712877.7735023521,
        "mean_ns": 9765.448952087014,
        "median_ns": 9090.723232433633,
        "min_ns": 7272.75,
        "max_ns": 22062.0,
        "variance_ns2": 9837173.307482716,
        "iqr_ns": 1035.6508003456938,
        "q1_ns": 7808.546594800558,
        "q3_ns": 8844.197395146251
      },
      "runq_latency_stats_ns": {
        "count": 73.0,
        "sum_ns": 639367.4122277414,
        "mean_ns": 8758.457701749883,
        "median_ns": 2476.112846134617,
        "min_ns": 1299.5,
        "max_ns": 329255.75,
        "variance_ns2": 1541556721.3535426,
        "iqr_ns": 1618.7191304288274,
        "q1_ns": 1472.7355089699179,
        "q3_ns": 3091.4546393987453
      },
      "first_seen_ts_ns": 1747589428613400907,
      "last_seen_ts_ns": 1747589466110418940,
      "duration_active_s": 37.497018033
    },
    {
      "tgid": 81,
      "comm": "flux-broker-25",
      "cgroup_id": 9645,
      "on_cpu_stats_ns": {
        "count": 34.0,
        "sum_ns": 619978.2146103896,
        "mean_ns": 18234.65337089381,
        "median_ns": 17797.458719447674,
        "min_ns": 5442.0,
        "max_ns": 46055.0,
        "variance_ns2": 113415481.4515601,
        "iqr_ns": 17400.856162076103,
        "q1_ns": 9257.646921823365,
        "q3_ns": 26658.503083899468
      },
      "runq_latency_stats_ns": {
        "count": 34.0,
        "sum_ns": 295879.33685897436,
        "mean_ns": 8702.333437028657,
        "median_ns": 7032.941459237263,
        "min_ns": 1208.8625,
        "max_ns": 72294.0,
        "variance_ns2": 170468296.15502173,
        "iqr_ns": 2459.8893156375298,
        "q1_ns": 6036.316629218473,
        "q3_ns": 8496.205944856003
      },
      "first_seen_ts_ns": 1747589428496924136,
      "last_seen_ts_ns": 1747589474972142350,
      "duration_active_s": 46.475218214
    },
    {
      "tgid": 280,
      "comm": "lmp",
      "cgroup_id": 9645,
      "on_cpu_stats_ns": {
        "count": 14.0,
        "sum_ns": 297531.47457627114,
        "mean_ns": 21252.24818401937,
        "median_ns": 18379.917984934087,
        "min_ns": 10228.0,
        "max_ns": 42995.0,
        "variance_ns2": 83369882.1426472,
        "iqr_ns": 13069.754472693032,
        "q1_ns": 13019.491525423728,
        "q3_ns": 26089.24599811676
      },
      "runq_latency_stats_ns": {
        "count": 14.0,
        "sum_ns": 86072.0,
        "mean_ns": 6148.0,
        "median_ns": 5219.322222222222,
        "min_ns": 1576.0,
        "max_ns": 13993.0,
        "variance_ns2": 10023148.769230768,
        "iqr_ns": 4058.469120370371,
        "q1_ns": 3719.02,
        "q3_ns": 7777.489120370371
      },
      "first_seen_ts_ns": 1747589429152021044,
      "last_seen_ts_ns": 1747589470978481272,
      "duration_active_s": 41.826460228
    },
    {
      "tgid": 292,
      "comm": "lmp",
      "cgroup_id": 9645,
      "on_cpu_stats_ns": {
        "count": 14.0,
        "sum_ns": 295290.2173913043,
        "mean_ns": 21092.158385093167,
        "median_ns": 19837.38880212955,
        "min_ns": 9568.0,
        "max_ns": 52397.0,
        "variance_ns2": 121079460.42478035,
        "iqr_ns": 483.87474958783787,
        "q1_ns": 17742.877339975847,
        "q3_ns": 18226.752089563684
      },
      "runq_latency_stats_ns": {
        "count": 14.0,
        "sum_ns": 80539.39130434782,
        "mean_ns": 5752.813664596273,
        "median_ns": 5990.483731884058,
        "min_ns": 1191.391304347826,
        "max_ns": 13726.0,
        "variance_ns2": 9925668.185089014,
        "iqr_ns": 3903.9711218464836,
        "q1_ns": 3799.5481481481484,
        "q3_ns": 7703.519269994632
      },
      "first_seen_ts_ns": 1747589429152021044,
      "last_seen_ts_ns": 1747589470978481272,
      "duration_active_s": 41.826460228
    },
    {
      "tgid": 190,
      "comm": "lmp",
      "cgroup_id": 9645,
      "on_cpu_stats_ns": {
        "count": 14.0,
        "sum_ns": 289052.4683544304,
        "mean_ns": 20646.604882459313,
        "median_ns": 15323.844796776106,
        "min_ns": 8801.0,
        "max_ns": 37595.0,
        "variance_ns2": 74822866.28302118,
        "iqr_ns": 10743.235926009645,
        "q1_ns": 12301.666624472575,
        "q3_ns": 23044.90255048222
      },
      "runq_latency_stats_ns": {
        "count": 14.0,
        "sum_ns": 79256.9875,
        "mean_ns": 5661.213392857143,
        "median_ns": 5318.489460214121,
        "min_ns": 1135.9875,
        "max_ns": 10414.0,
        "variance_ns2": 6824061.499049623,
        "iqr_ns": 3379.865376943566,
        "q1_ns": 3778.717333333333,
        "q3_ns": 7158.582710276899
      },
      "first_seen_ts_ns": 1747589428826207514,
      "last_seen_ts_ns": 1747589470978481272,
      "duration_active_s": 42.152273758
    },
    {
      "tgid": 262,
      "comm": "lmp",
      "cgroup_id": 9645,
      "on_cpu_stats_ns": {
        "count": 13.0,
        "sum_ns": 279964.27999999997,
        "mean_ns": 21535.713846153845,
        "median_ns": 22407.14111111111,
        "min_ns": 8239.0,
        "max_ns": 37175.0,
        "variance_ns2": 63120312.004492305,
        "iqr_ns": 3352.779814814814,
        "q1_ns": 19802.146666666667,
        "q3_ns": 23154.92648148148
      },
      "runq_latency_stats_ns": {
        "count": 13.0,
        "sum_ns": 73967.84000000001,
        "mean_ns": 5689.833846153847,
        "median_ns": 5537.445127777777,
        "min_ns": 1224.84,
        "max_ns": 10010.0,
        "variance_ns2": 5816166.038892306,
        "iqr_ns": 3185.2806659807957,
        "q1_ns": 3467.108666666667,
        "q3_ns": 6652.389332647463
      },
      "first_seen_ts_ns": 1747589429152021044,
      "last_seen_ts_ns": 1747589470978481272,
      "duration_active_s": 41.826460228
    },
    {
      "tgid": 286,
      "comm": "lmp",
      "cgroup_id": 9645,
      "on_cpu_stats_ns": {
        "count": 14.0,
        "sum_ns": 277505.34782608703,
        "mean_ns": 19821.810559006215,
        "median_ns": 18867.095126811597,
        "min_ns": 10290.0,
        "max_ns": 30412.0,
        "variance_ns2": 42126238.34858431,
        "iqr_ns": 8050.293075684382,
        "q1_ns": 15552.0,
        "q3_ns": 23602.29307568438
      },
      "runq_latency_stats_ns": {
        "count": 14.0,
        "sum_ns": 90941.73913043477,
        "mean_ns": 6495.838509316769,
        "median_ns": 5605.69864274212,
        "min_ns": 1080.7391304347825,
        "max_ns": 13516.0,
        "variance_ns2": 10527280.84002576,
        "iqr_ns": 4495.7375044730725,
        "q1_ns": 3328.0,
        "q3_ns": 7823.7375044730725
      },
      "first_seen_ts_ns": 1747589429152021044,
      "last_seen_ts_ns": 1747589470978481272,
      "duration_active_s": 41.826460228
    },
    {
      "tgid": 196,
      "comm": "lmp",
      "cgroup_id": 9645,
      "on_cpu_stats_ns": {
        "count": 13.0,
        "sum_ns": 276863.7777777778,
        "mean_ns": 21297.213675213676,
        "median_ns": 20643.495691872427,
        "min_ns": 7164.0,
        "max_ns": 52634.0,
        "variance_ns2": 150391463.70465335,
        "iqr_ns": 11625.76530130101,
        "q1_ns": 12849.658333333333,
        "q3_ns": 24475.423634634342
      },
      "runq_latency_stats_ns": {
        "count": 13.0,
        "sum_ns": 76534.98611111111,
        "mean_ns": 5887.306623931624,
        "median_ns": 5198.129791666667,
        "min_ns": 1235.986111111111,
        "max_ns": 10595.0,
        "variance_ns2": 6200075.664366691,
        "iqr_ns": 3336.213215820758,
        "q1_ns": 3367.456,
        "q3_ns": 6703.669215820758
      },
      "first_seen_ts_ns": 1747589429152021044,
      "last_seen_ts_ns": 1747589470978481272,
      "duration_active_s": 41.826460228
    },
    {
      "tgid": 316,
      "comm": "lmp",
      "cgroup_id": 9645,
      "on_cpu_stats_ns": {
        "count": 13.0,
        "sum_ns": 275069.39130434784,
        "mean_ns": 21159.183946488294,
        "median_ns": 20866.01242236025,
        "min_ns": 8475.0,
        "max_ns": 43881.0,
        "variance_ns2": 119732106.4905967,
        "iqr_ns": 15868.97014458673,
        "q1_ns": 13030.81525913998,
        "q3_ns": 28899.78540372671
      },
      "runq_latency_stats_ns": {
        "count": 13.0,
        "sum_ns": 69303.47826086955,
        "mean_ns": 5331.036789297658,
        "median_ns": 5495.573411332528,
        "min_ns": 1057.4782608695652,
        "max_ns": 8065.0,
        "variance_ns2": 5420415.669768794,
        "iqr_ns": 2643.4297068050337,
        "q1_ns": 4054.851333333333,
        "q3_ns": 6698.281040138367
      },
      "first_seen_ts_ns": 1747589429152021044,
      "last_seen_ts_ns": 1747589470978481272,
      "duration_active_s": 41.826460228
    },
    {
      "tgid": 244,
      "comm": "lmp",
      "cgroup_id": 9645,
      "on_cpu_stats_ns": {
        "count": 13.0,
        "sum_ns": 267302.3571428571,
        "mean_ns": 20561.719780219777,
        "median_ns": 20203.65947420635,
        "min_ns": 9303.0,
        "max_ns": 34813.0,
        "variance_ns2": 54758615.41365776,
        "iqr_ns": 5409.095899470896,
        "q1_ns": 15825.118386243386,
        "q3_ns": 21234.214285714283
      },
      "runq_latency_stats_ns": {
        "count": 13.0,
        "sum_ns": 75174.53571428571,
        "mean_ns": 5782.656593406593,
        "median_ns": 5338.3108903769835,
        "min_ns": 1332.5357142857142,
        "max_ns": 9581.0,
        "variance_ns2": 4879182.068779435,
        "iqr_ns": 3008.9404222062544,
        "q1_ns": 3917.1813333333334,
        "q3_ns": 6926.121755539588
      },
      "first_seen_ts_ns": 1747589429152021044,
      "last_seen_ts_ns": 1747589470978481272,
      "duration_active_s": 41.826460228
    },
    {
      "tgid": 250,
      "comm": "lmp",
      "cgroup_id": 9645,
      "on_cpu_stats_ns": {
        "count": 13.0,
        "sum_ns": 259017.3888888889,
        "mean_ns": 19924.41452991453,
        "median_ns": 20408.970196759263,
        "min_ns": 7781.0,
        "max_ns": 34732.0,
        "variance_ns2": 43337613.789411195,
        "iqr_ns": 10507.861652760423,
        "q1_ns": 14277.427297668039,
        "q3_ns": 24785.28895042846
      },
      "runq_latency_stats_ns": {
        "count": 13.0,
        "sum_ns": 75156.41666666666,
        "mean_ns": 5781.26282051282,
        "median_ns": 5462.040642361111,
        "min_ns": 1245.4166666666667,
        "max_ns": 9221.0,
        "variance_ns2": 5677885.022970085,
        "iqr_ns": 3222.9600414951983,
        "q1_ns": 3520.517333333333,
        "q3_ns": 6743.4773748285315
      },
      "first_seen_ts_ns": 1747589429152021044,
      "last_seen_ts_ns": 1747589470978481272,
      "duration_active_s": 41.826460228
    },
    {
      "tgid": 226,
      "comm": "lmp",
      "cgroup_id": 9645,
      "on_cpu_stats_ns": {
        "count": 13.0,
        "sum_ns": 258113.42857142855,
        "mean_ns": 19854.87912087912,
        "median_ns": 18897.78191137566,
        "min_ns": 9333.0,
        "max_ns": 37699.0,
        "variance_ns2": 58830721.618524335,
        "iqr_ns": 11626.266269841268,
        "q1_ns": 15226.0,
        "q3_ns": 26852.266269841268
      },
      "runq_latency_stats_ns": {
        "count": 13.0,
        "sum_ns": 75408.76623376622,
        "mean_ns": 5800.674325674325,
        "median_ns": 5340.684833378427,
        "min_ns": 1179.7662337662337,
        "max_ns": 10082.0,
        "variance_ns2": 5538243.428612515,
        "iqr_ns": 3078.6422396748194,
        "q1_ns": 3498.3206666666665,
        "q3_ns": 6576.962906341486
      },
      "first_seen_ts_ns": 1747589429152021044,
      "last_seen_ts_ns": 1747589470978481272,
      "duration_active_s": 41.826460228
    },
    {
      "tgid": 298,
      "comm": "lmp",
      "cgroup_id": 9645,
      "on_cpu_stats_ns": {
        "count": 13.0,
        "sum_ns": 256376.83333333337,
        "mean_ns": 19721.294871794875,
        "median_ns": 18685.77256944445,
        "min_ns": 8778.0,
        "max_ns": 39280.0,
        "variance_ns2": 63379219.21367522,
        "iqr_ns": 9639.770269449344,
        "q1_ns": 14991.071159122084,
        "q3_ns": 24630.841428571428
      },
      "runq_latency_stats_ns": {
        "count": 13.0,
        "sum_ns": 73229.12500000001,
        "mean_ns": 5633.009615384616,
        "median_ns": 5468.959490740741,
        "min_ns": 1317.125,
        "max_ns": 9071.0,
        "variance_ns2": 4681279.251201922,
        "iqr_ns": 3101.6177868033096,
        "q1_ns": 3527.7253333333333,
        "q3_ns": 6629.343120136643
      },
      "first_seen_ts_ns": 1747589429152021044,
      "last_seen_ts_ns": 1747589470978481272,
      "duration_active_s": 41.826460228
    },
    {
      "tgid": 274,
      "comm": "lmp",
      "cgroup_id": 9645,
      "on_cpu_stats_ns": {
        "count": 13.0,
        "sum_ns": 256263.33333333337,
        "mean_ns": 19712.564102564105,
        "median_ns": 20485.629431216934,
        "min_ns": 5268.0,
        "max_ns": 33820.0,
        "variance_ns2": 77070869.24786325,
        "iqr_ns": 4556.2245480599595,
        "q1_ns": 19375.888492063496,
        "q3_ns": 23932.113040123455
      },
      "runq_latency_stats_ns": {
        "count": 13.0,
        "sum_ns": 92051.37037037036,
        "mean_ns": 7080.874643874644,
        "median_ns": 7176.776423532377,
        "min_ns": 1199.3703703703704,
        "max_ns": 19949.0,
        "variance_ns2": 22534309.90798776,
        "iqr_ns": 4084.636894657555,
        "q1_ns": 4656.1053571428565,
        "q3_ns": 8740.742251800411
      },
      "first_seen_ts_ns": 1747589429152021044,
      "last_seen_ts_ns": 1747589470978481272,
      "duration_active_s": 41.826460228
    },
    {
      "tgid": 268,
      "comm": "lmp",
      "cgroup_id": 9645,
      "on_cpu_stats_ns": {
        "count": 13.0,
        "sum_ns": 255328.84615384619,
        "mean_ns": 19640.680473372784,
        "median_ns": 19055.85384615385,
        "min_ns": 8325.0,
        "max_ns": 33363.0,
        "variance_ns2": 66096041.73752085,
        "iqr_ns": 11757.442542735043,
        "q1_ns": 10828.259202279201,
        "q3_ns": 22585.701745014245
      },
      "runq_latency_stats_ns": {
        "count": 13.0,
        "sum_ns": 70795.46153846155,
        "mean_ns": 5445.804733727811,
        "median_ns": 5000.152905982906,
        "min_ns": 1332.4615384615386,
        "max_ns": 8651.0,
        "variance_ns2": 4556534.26490669,
        "iqr_ns": 3167.9675230089215,
        "q1_ns": 3638.12,
        "q3_ns": 6806.087523008921
      },
      "first_seen_ts_ns": 1747589429152021044,
      "last_seen_ts_ns": 1747589470978481272,
      "duration_active_s": 41.826460228
    },
    {
      "tgid": 232,
      "comm": "lmp",
      "cgroup_id": 9645,
      "on_cpu_stats_ns": {
        "count": 13.0,
        "sum_ns": 255211.6458333333,
        "mean_ns": 19631.665064102563,
        "median_ns": 19485.749011381173,
        "min_ns": 6915.0,
        "max_ns": 32650.0,
        "variance_ns2": 43286299.125033386,
        "iqr_ns": 6193.916174018348,
        "q1_ns": 18016.085,
        "q3_ns": 24210.001174018347
      },
      "runq_latency_stats_ns": {
        "count": 13.0,
        "sum_ns": 75411.60416666666,
        "mean_ns": 5800.892628205128,
        "median_ns": 5641.448287037037,
        "min_ns": 1161.6041666666667,
        "max_ns": 9867.0,
        "variance_ns2": 5720548.795706466,
        "iqr_ns": 3088.739158472957,
        "q1_ns": 3481.3546666666666,
        "q3_ns": 6570.093825139624
      },
      "first_seen_ts_ns": 1747589429152021044,
      "last_seen_ts_ns": 1747589470978481272,
      "duration_active_s": 41.826460228
    },
    {
      "tgid": 322,
      "comm": "lmp",
      "cgroup_id": 9645,
      "on_cpu_stats_ns": {
        "count": 13.0,
        "sum_ns": 254085.34782608697,
        "mean_ns": 19545.026755852843,
        "median_ns": 15937.770831608004,
        "min_ns": 6733.0,
        "max_ns": 43850.0,
        "variance_ns2": 110037453.60350926,
        "iqr_ns": 8514.850442834138,
        "q1_ns": 13645.497383252818,
        "q3_ns": 22160.347826086956
      },
      "runq_latency_stats_ns": {
        "count": 13.0,
        "sum_ns": 71194.78260869565,
        "mean_ns": 5476.521739130435,
        "median_ns": 5634.447296195653,
        "min_ns": 1079.7826086956522,
        "max_ns": 7991.0,
        "variance_ns2": 5266794.401071202,
        "iqr_ns": 1987.8350652096606,
        "q1_ns": 4632.362666666667,
        "q3_ns": 6620.197731876327
      },
      "first_seen_ts_ns": 1747589429152021044,
      "last_seen_ts_ns": 1747589470978481272,
      "duration_active_s": 41.826460228
    },
    {
      "tgid": 256,
      "comm": "lmp",
      "cgroup_id": 9645,
      "on_cpu_stats_ns": {
        "count": 13.0,
        "sum_ns": 252536.2127659575,
        "mean_ns": 19425.862520458268,
        "median_ns": 19287.23019250253,
        "min_ns": 7207.0,
        "max_ns": 35219.0,
        "variance_ns2": 64138308.281169094,
        "iqr_ns": 10476.441628985447,
        "q1_ns": 12918.848936170214,
        "q3_ns": 23395.29056515566
      },
      "runq_latency_stats_ns": {
        "count": 13.0,
        "sum_ns": 76008.40425531915,
        "mean_ns": 5846.800327332243,
        "median_ns": 5776.855555555556,
        "min_ns": 1114.404255319149,
        "max_ns": 9050.0,
        "variance_ns2": 5122681.997022671,
        "iqr_ns": 3132.5422086507306,
        "q1_ns": 3768.5155555555557,
        "q3_ns": 6901.057764206286
      },
      "first_seen_ts_ns": 1747589429152021044,
      "last_seen_ts_ns": 1747589470978481272,
      "duration_active_s": 41.826460228
    },
    {
      "tgid": 202,
      "comm": "lmp",
      "cgroup_id": 9645,
      "on_cpu_stats_ns": {
        "count": 13.0,
        "sum_ns": 252315.10126582277,
        "mean_ns": 19408.853943524828,
        "median_ns": 19081.971098921706,
        "min_ns": 6161.0,
        "max_ns": 36129.0,
        "variance_ns2": 61437504.94187939,
        "iqr_ns": 8898.004509912262,
        "q1_ns": 13105.73549050633,
        "q3_ns": 22003.74000041859
      },
      "runq_latency_stats_ns": {
        "count": 13.0,
        "sum_ns": 72643.16249999998,
        "mean_ns": 5587.935576923075,
        "median_ns": 5767.666944444444,
        "min_ns": 1108.1625,
        "max_ns": 8754.0,
        "variance_ns2": 4354027.081037663,
        "iqr_ns": 2884.3520081018523,
        "q1_ns": 3489.7183333333332,
        "q3_ns": 6374.070341435186
      },
      "first_seen_ts_ns": 1747589429152021044,
      "last_seen_ts_ns": 1747589470978481272,
      "duration_active_s": 41.826460228
    },
    {
      "tgid": 81,
      "comm": "ZMQbg/Reaper",
      "cgroup_id": 9645,
      "on_cpu_stats_ns": {
        "count": 14.0,
        "sum_ns": 249850.67499999996,
        "mean_ns": 17846.476785714283,
        "median_ns": 15906.289506172836,
        "min_ns": 5079.0,
        "max_ns": 34804.0,
        "variance_ns2": 99254139.68254465,
        "iqr_ns": 17975.26763478676,
        "q1_ns": 9513.940104166666,
        "q3_ns": 27489.207738953424
      },
      "runq_latency_stats_ns": {
        "count": 14.0,
        "sum_ns": 87074.3125,
        "mean_ns": 6219.59375,
        "median_ns": 6080.567552083333,
        "min_ns": 1129.3125,
        "max_ns": 9636.0,
        "variance_ns2": 5118092.608623799,
        "iqr_ns": 1909.880126469723,
        "q1_ns": 4973.768,
        "q3_ns": 6883.648126469723
      },
      "first_seen_ts_ns": 1747589429152021044,
      "last_seen_ts_ns": 1747589474972142350,
      "duration_active_s": 45.820121306
    },
    {
      "tgid": 220,
      "comm": "lmp",
      "cgroup_id": 9645,
      "on_cpu_stats_ns": {
        "count": 13.0,
        "sum_ns": 245261.25352112675,
        "mean_ns": 18866.250270855904,
        "median_ns": 22178.0848572919,
        "min_ns": 6916.0,
        "max_ns": 34655.0,
        "variance_ns2": 70629056.23914415,
        "iqr_ns": 13659.256652321335,
        "q1_ns": 10740.747781690141,
        "q3_ns": 24400.004434011476
      },
      "runq_latency_stats_ns": {
        "count": 13.0,
        "sum_ns": 79364.20833333333,
        "mean_ns": 6104.9391025641025,
        "median_ns": 7240.815104166666,
        "min_ns": 1130.2083333333333,
        "max_ns": 9661.0,
        "variance_ns2": 7436949.006543804,
        "iqr_ns": 3751.9138162428208,
        "q1_ns": 4386.388333333333,
        "q3_ns": 8138.302149576154
      },
      "first_seen_ts_ns": 1747589429152021044,
      "last_seen_ts_ns": 1747589470978481272,
      "duration_active_s": 41.826460228
    },
    {
      "tgid": 238,
      "comm": "lmp",
      "cgroup_id": 9645,
      "on_cpu_stats_ns": {
        "count": 13.0,
        "sum_ns": 243489.74576271186,
        "mean_ns": 18729.980443285527,
        "median_ns": 19246.31021788031,
        "min_ns": 6961.0,
        "max_ns": 29484.0,
        "variance_ns2": 31541252.682938155,
        "iqr_ns": 5358.667514755911,
        "q1_ns": 16781.112602636535,
        "q3_ns": 22139.780117392445
      },
      "runq_latency_stats_ns": {
        "count": 13.0,
        "sum_ns": 75565.66101694916,
        "mean_ns": 5812.743155149936,
        "median_ns": 5763.186996233522,
        "min_ns": 1126.6610169491526,
        "max_ns": 8941.0,
        "variance_ns2": 4917381.76720512,
        "iqr_ns": 3266.928138243705,
        "q1_ns": 3626.4693333333335,
        "q3_ns": 6893.397471577038
      },
      "first_seen_ts_ns": 1747589429152021044,
      "last_seen_ts_ns": 1747589470978481272,
      "duration_active_s": 41.826460228
    },
    {
      "tgid": 208,
      "comm": "lmp",
      "cgroup_id": 9645,
      "on_cpu_stats_ns": {
        "count": 13.0,
        "sum_ns": 242597.01515151514,
        "mean_ns": 18661.308857808857,
        "median_ns": 18007.253027964834,
        "min_ns": 6720.0,
        "max_ns": 34556.0,
        "variance_ns2": 79187502.22495939,
        "iqr_ns": 17137.14416864872,
        "q1_ns": 8991.570707070707,
        "q3_ns": 26128.714875719426
      },
      "runq_latency_stats_ns": {
        "count": 13.0,
        "sum_ns": 78872.31818181818,
        "mean_ns": 6067.101398601398,
        "median_ns": 6334.290404040404,
        "min_ns": 1257.3181818181818,
        "max_ns": 9812.0,
        "variance_ns2": 5307181.838207249,
        "iqr_ns": 3503.68105098605,
        "q1_ns": 3508.278333333333,
        "q3_ns": 7011.959384319383
      },
      "first_seen_ts_ns": 1747589429152021044,
      "last_seen_ts_ns": 1747589470978481272,
      "duration_active_s": 41.826460228
    },
    {
      "tgid": 178,
      "comm": "lmp",
      "cgroup_id": 9645,
      "on_cpu_stats_ns": {
        "count": 13.0,
        "sum_ns": 239243.4285714286,
        "mean_ns": 18403.34065934066,
        "median_ns": 18153.104954117065,
        "min_ns": 7181.0,
        "max_ns": 33599.0,
        "variance_ns2": 54197105.00863423,
        "iqr_ns": 11947.707717099183,
        "q1_ns": 11553.341071428571,
        "q3_ns": 23501.048788527754
      },
      "runq_latency_stats_ns": {
        "count": 13.0,
        "sum_ns": 80481.65714285713,
        "mean_ns": 6190.896703296703,
        "median_ns": 6836.02719838514,
        "min_ns": 1443.6571428571428,
        "max_ns": 9865.0,
        "variance_ns2": 6220950.838712716,
        "iqr_ns": 4220.780975218826,
        "q1_ns": 3719.0608333333334,
        "q3_ns": 7939.841808552159
      },
      "first_seen_ts_ns": 1747589429152021044,
      "last_seen_ts_ns": 1747589470978481272,
      "duration_active_s": 41.826460228
    },
    {
      "tgid": 328,
      "comm": "lmp",
      "cgroup_id": 9645,
      "on_cpu_stats_ns": {
        "count": 12.0,
        "sum_ns": 236567.52173913043,
        "mean_ns": 19713.960144927536,
        "median_ns": 22037.297504025766,
        "min_ns": 7348.0,
        "max_ns": 42380.0,
        "variance_ns2": 89069434.35898207,
        "iqr_ns": 13816.83018191425,
        "q1_ns": 12742.0,
        "q3_ns": 26558.83018191425
      },
      "runq_latency_stats_ns": {
        "count": 12.0,
        "sum_ns": 71018.0,
        "mean_ns": 5918.166666666666,
        "median_ns": 6067.840856481482,
        "min_ns": 1396.0,
        "max_ns": 7721.0,
        "variance_ns2": 4460947.969696971,
        "iqr_ns": 3479.2729427134364,
        "q1_ns": 3685.0,
        "q3_ns": 7164.272942713436
      },
      "first_seen_ts_ns": 1747589429152021044,
      "last_seen_ts_ns": 1747589470978481272,
      "duration_active_s": 41.826460228
    },
    {
      "tgid": 310,
      "comm": "lmp",
      "cgroup_id": 9645,
      "on_cpu_stats_ns": {
        "count": 13.0,
        "sum_ns": 234451.47826086957,
        "mean_ns": 18034.729096989966,
        "median_ns": 16551.640372670805,
        "min_ns": 7966.0,
        "max_ns": 41239.0,
        "variance_ns2": 76604497.16419466,
        "iqr_ns": 11382.022024288779,
        "q1_ns": 11176.51132246377,
        "q3_ns": 22558.53334675255
      },
      "runq_latency_stats_ns": {
        "count": 13.0,
        "sum_ns": 66050.82608695653,
        "mean_ns": 5080.832775919733,
        "median_ns": 5362.377777777779,
        "min_ns": 972.8260869565217,
        "max_ns": 7716.0,
        "variance_ns2": 3937880.044690029,
        "iqr_ns": 3417.1147484855455,
        "q1_ns": 3183.0287815351585,
        "q3_ns": 6600.143530020704
      },
      "first_seen_ts_ns": 1747589429152021044,
      "last_seen_ts_ns": 1747589470978481272,
      "duration_active_s": 41.826460228
    },
    {
      "tgid": 214,
      "comm": "lmp",
      "cgroup_id": 9645,
      "on_cpu_stats_ns": {
        "count": 13.0,
        "sum_ns": 231842.36708860757,
        "mean_ns": 17834.028237585197,
        "median_ns": 18206.67965307079,
        "min_ns": 6029.0,
        "max_ns": 27487.0,
        "variance_ns2": 48776862.03146275,
        "iqr_ns": 10057.532221857582,
        "q1_ns": 11342.2154092827,
        "q3_ns": 21399.747631140282
      },
      "runq_latency_stats_ns": {
        "count": 13.0,
        "sum_ns": 78020.2875,
        "mean_ns": 6001.560576923077,
        "median_ns": 5337.482026620371,
        "min_ns": 1212.2875,
        "max_ns": 10699.0,
        "variance_ns2": 8094419.776870993,
        "iqr_ns": 2871.9275854072766,
        "q1_ns": 4164.75,
        "q3_ns": 7036.677585407277
      },
      "first_seen_ts_ns": 1747589429152021044,
      "last_seen_ts_ns": 1747589470978481272,
      "duration_active_s": 41.826460228
    },
    {
      "tgid": 184,
      "comm": "lmp",
      "cgroup_id": 9645,
      "on_cpu_stats_ns": {
        "count": 13.0,
        "sum_ns": 229013.09459459456,
        "mean_ns": 17616.39189189189,
        "median_ns": 16728.792656719223,
        "min_ns": 8290.0,
        "max_ns": 33503.0,
        "variance_ns2": 51893205.95598978,
        "iqr_ns": 9911.850137116284,
        "q1_ns": 11008.457287287287,
        "q3_ns": 20920.30742440357
      },
      "runq_latency_stats_ns": {
        "count": 13.0,
        "sum_ns": 75401.43243243244,
        "mean_ns": 5800.110187110187,
        "median_ns": 5588.270213963964,
        "min_ns": 1202.4324324324325,
        "max_ns": 8494.0,
        "variance_ns2": 6061428.865042797,
        "iqr_ns": 3879.296463634073,
        "q1_ns": 3427.8706666666667,
        "q3_ns": 7307.16713030074
      },
      "first_seen_ts_ns": 1747589429152021044,
      "last_seen_ts_ns": 1747589470978481272,
      "duration_active_s": 41.826460228
    },
    {
      "tgid": 348,
      "comm": "lmp",
      "cgroup_id": 9645,
      "on_cpu_stats_ns": {
        "count": 12.0,
        "sum_ns": 228654.95652173914,
        "mean_ns": 19054.579710144928,
        "median_ns": 20803.873490338166,
        "min_ns": 8097.0,
        "max_ns": 29404.0,
        "variance_ns2": 39908418.6256516,
        "iqr_ns": 10080.4837962963,
        "q1_ns": 13191.218297101448,
        "q3_ns": 23271.702093397747
      },
      "runq_latency_stats_ns": {
        "count": 12.0,
        "sum_ns": 66422.5652173913,
        "mean_ns": 5535.213768115942,
        "median_ns": 5505.392210144928,
        "min_ns": 1158.5652173913043,
        "max_ns": 8481.0,
        "variance_ns2": 6123235.441642321,
        "iqr_ns": 3312.0223424508267,
        "q1_ns": 3558.0,
        "q3_ns": 6870.022342450827
      },
      "first_seen_ts_ns": 1747589429152021044,
      "last_seen_ts_ns": 1747589470978481272,
      "duration_active_s": 41.826460228
    },
    {
      "tgid": 276,
      "comm": "lmp",
      "cgroup_id": 9645,
      "on_cpu_stats_ns": {
        "count": 9.0,
        "sum_ns": 228613.0,
        "mean_ns": 25401.444444444445,
        "median_ns": 24102.93827160494,
        "min_ns": 8594.0,
        "max_ns": 62435.0,
        "variance_ns2": 290202989.02777773,
        "iqr_ns": 13048.308641975305,
        "q1_ns": 13537.0,
        "q3_ns": 26585.308641975305
      },
      "runq_latency_stats_ns": {
        "count": 9.0,
        "sum_ns": 143253.0,
        "mean_ns": 15917.0,
        "median_ns": 2965.12,
        "min_ns": 1282.0,
        "max_ns": 107034.0,
        "variance_ns2": 1176615375.25,
        "iqr_ns": 4522.693827160493,
        "q1_ns": 2682.306172839507,
        "q3_ns": 7205.0
      },
      "first_seen_ts_ns": 1747589428388871500,
      "last_seen_ts_ns": 1747589469126176884,
      "duration_active_s": 40.737305384
    },
    {
      "tgid": 340,
      "comm": "lmp",
      "cgroup_id": 9645,
      "on_cpu_stats_ns": {
        "count": 12.0,
        "sum_ns": 222683.65217391308,
        "mean_ns": 18556.971014492756,
        "median_ns": 16145.875362318842,
        "min_ns": 5657.0,
        "max_ns": 43704.0,
        "variance_ns2": 94414759.54367878,
        "iqr_ns": 9398.736396109703,
        "q1_ns": 11670.0,
        "q3_ns": 21068.736396109703
      },
      "runq_latency_stats_ns": {
        "count": 12.0,
        "sum_ns": 69250.56521739131,
        "mean_ns": 5770.880434782609,
        "median_ns": 4870.377777777779,
        "min_ns": 1055.5652173913043,
        "max_ns": 9891.0,
        "variance_ns2": 6506663.91068053,
        "iqr_ns": 3640.2434669184377,
        "q1_ns": 3239.0,
        "q3_ns": 6879.243466918438
      },
      "first_seen_ts_ns": 1747589429152021044,
      "last_seen_ts_ns": 1747589470978481272,
      "duration_active_s": 41.826460228
    },
    {
      "tgid": 294,
      "comm": "lmp",
      "cgroup_id": 9645,
      "on_cpu_stats_ns": {
        "count": 6.0,
        "sum_ns": 212053.00000000003,
        "mean_ns": 35342.16666666667,
        "median_ns": 18305.0,
        "min_ns": 13607.0,
        "max_ns": 109344.0,
        "variance_ns2": 1368974123.366667,
        "iqr_ns": 0.0,
        "q1_ns": 18305.0,
        "q3_ns": 18305.0
      },
      "runq_latency_stats_ns": {
        "count": 6.0,
        "sum_ns": 66749.0,
        "mean_ns": 11124.833333333334,
        "median_ns": 3910.0,
        "min_ns": 2264.0,
        "max_ns": 37393.0,
        "variance_ns2": 193785272.9666667,
        "iqr_ns": 399.33333333333303,
        "q1_ns": 3510.666666666667,
        "q3_ns": 3910.0
      },
      "first_seen_ts_ns": 1747589428388871500,
      "last_seen_ts_ns": 1747589467154614461,
      "duration_active_s": 38.765742961
    },
    {
      "tgid": 304,
      "comm": "lmp",
      "cgroup_id": 9645,
      "on_cpu_stats_ns": {
        "count": 13.0,
        "sum_ns": 208250.16,
        "mean_ns": 16019.243076923078,
        "median_ns": 12245.588,
        "min_ns": 8257.0,
        "max_ns": 46093.0,
        "variance_ns2": 97682216.44145639,
        "iqr_ns": 6183.93033333333,
        "q1_ns": 10503.124777777779,
        "q3_ns": 16687.05511111111
      },
      "runq_latency_stats_ns": {
        "count": 13.0,
        "sum_ns": 68198.36,
        "mean_ns": 5246.027692307693,
        "median_ns": 5300.6669,
        "min_ns": 1181.36,
        "max_ns": 7279.0,
        "variance_ns2": 3336375.776635898,
        "iqr_ns": 2382.601058127572,
        "q1_ns": 3841.18,
        "q3_ns": 6223.781058127572
      },
      "first_seen_ts_ns": 1747589429152021044,
      "last_seen_ts_ns": 1747589470978481272,
      "duration_active_s": 41.826460228
    },
    {
      "tgid": 334,
      "comm": "lmp",
      "cgroup_id": 9645,
      "on_cpu_stats_ns": {
        "count": 12.0,
        "sum_ns": 203814.65217391305,
        "mean_ns": 16984.554347826088,
        "median_ns": 17378.758405797103,
        "min_ns": 6874.0,
        "max_ns": 25734.0,
        "variance_ns2": 43469922.02753908,
        "iqr_ns": 13214.045096234953,
        "q1_ns": 9066.0,
        "q3_ns": 22280.045096234953
      },
      "runq_latency_stats_ns": {
        "count": 12.0,
        "sum_ns": 63348.130434782615,
        "mean_ns": 5279.010869565218,
        "median_ns": 5066.826615338165,
        "min_ns": 1109.1304347826087,
        "max_ns": 7258.0,
        "variance_ns2": 5150525.108137134,
        "iqr_ns": 3164.6079899007964,
        "q1_ns": 3284.0,
        "q3_ns": 6448.607989900796
      },
      "first_seen_ts_ns": 1747589429152021044,
      "last_seen_ts_ns": 1747589470978481272,
      "duration_active_s": 41.826460228
    },
    {
      "tgid": 269,
      "comm": "lmp",
      "cgroup_id": 9645,
      "on_cpu_stats_ns": {
        "count": 7.0,
        "sum_ns": 160995.99999999997,
        "mean_ns": 22999.42857142857,
        "median_ns": 22293.0,
        "min_ns": 11930.0,
        "max_ns": 39452.0,
        "variance_ns2": 77722889.28571428,
        "iqr_ns": 1555.3333333333321,
        "q1_ns": 20737.666666666668,
        "q3_ns": 22293.0
      },
      "runq_latency_stats_ns": {
        "count": 7.0,
        "sum_ns": 148999.0,
        "mean_ns": 21285.571428571428,
        "median_ns": 4742.0,
        "min_ns": 1840.0,
        "max_ns": 92822.0,
        "variance_ns2": 1142979440.6190476,
        "iqr_ns": 11288.888888888889,
        "q1_ns": 4115.0,
        "q3_ns": 15403.888888888889
      },
      "first_seen_ts_ns": 1747589428388871500,
      "last_seen_ts_ns": 1747589465188270895,
      "duration_active_s": 36.799399395
    },
    {
      "tgid": 300,
      "comm": "lmp",
      "cgroup_id": 9645,
      "on_cpu_stats_ns": {
        "count": 5.0,
        "sum_ns": 149127.0,
        "mean_ns": 29825.4,
        "median_ns": 30145.0,
        "min_ns": 20778.0,
        "max_ns": 42350.0,
        "variance_ns2": 65500898.300000004,
        "iqr_ns": 5652.0,
        "q1_ns": 25101.0,
        "q3_ns": 30753.0
      },
      "runq_latency_stats_ns": {
        "count": 5.0,
        "sum_ns": 17271.0,
        "mean_ns": 3454.2,
        "median_ns": 3330.0,
        "min_ns": 1116.0,
        "max_ns": 6729.0,
        "variance_ns2": 4255261.2,
        "iqr_ns": 984.0,
        "q1_ns": 2556.0,
        "q3_ns": 3540.0
      },
      "first_seen_ts_ns": 1747589428496924136,
      "last_seen_ts_ns": 1747589467154614461,
      "duration_active_s": 38.657690325
    },
    {
      "tgid": 346,
      "comm": "lmp",
      "cgroup_id": 9645,
      "on_cpu_stats_ns": {
        "count": 8.0,
        "sum_ns": 137797.0,
        "mean_ns": 17224.625,
        "median_ns": 19620.333333333332,
        "min_ns": 10332.0,
        "max_ns": 21750.0,
        "variance_ns2": 13406327.410714284,
        "iqr_ns": 3126.020833333332,
        "q1_ns": 16400.979166666668,
        "q3_ns": 19527.0
      },
      "runq_latency_stats_ns": {
        "count": 8.0,
        "sum_ns": 52452.0,
        "mean_ns": 6556.5,
        "median_ns": 6596.0,
        "min_ns": 3032.0,
        "max_ns": 8797.0,
        "variance_ns2": 2953057.4285714286,
        "iqr_ns": 1164.208333333333,
        "q1_ns": 5866.125,
        "q3_ns": 7030.333333333333
      },
      "first_seen_ts_ns": 1747589438983318110,
      "last_seen_ts_ns": 1747589470978481272,
      "duration_active_s": 31.995163162
    },
    {
      "tgid": 350,
      "comm": "lmp",
      "cgroup_id": 9645,
      "on_cpu_stats_ns": {
        "count": 4.0,
        "sum_ns": 121136.0,
        "mean_ns": 30284.0,
        "median_ns": 37650.0,
        "min_ns": 4920.0,
        "max_ns": 65253.0,
        "variance_ns2": 736145418.0,
        "iqr_ns": 51940.0,
        "q1_ns": 13313.0,
        "q3_ns": 65253.0
      },
      "runq_latency_stats_ns": {
        "count": 4.0,
        "sum_ns": 4127220.0,
        "mean_ns": 1031805.0,
        "median_ns": 1096353.0,
        "min_ns": 1449.0,
        "max_ns": 3025113.0,
        "variance_ns2": 2031610987968.0,
        "iqr_ns": 3020808.0,
        "q1_ns": 4305.0,
        "q3_ns": 3025113.0
      },
      "first_seen_ts_ns": 1747589428496924136,
      "last_seen_ts_ns": 1747589438983318110,
      "duration_active_s": 10.486393974
    },
    {
      "tgid": 306,
      "comm": "lmp",
      "cgroup_id": 9645,
      "on_cpu_stats_ns": {
        "count": 5.0,
        "sum_ns": 116674.75,
        "mean_ns": 23334.95,
        "median_ns": 20438.0,
        "min_ns": 10875.0,
        "max_ns": 36076.75,
        "variance_ns2": 91734824.7625,
        "iqr_ns": 8663.0,
        "q1_ns": 20311.0,
        "q3_ns": 28974.0
      },
      "runq_latency_stats_ns": {
        "count": 5.0,
        "sum_ns": 166194.5,
        "mean_ns": 33238.9,
        "median_ns": 25360.5,
        "min_ns": 4532.0,
        "max_ns": 88741.0,
        "variance_ns2": 1195674741.0500002,
        "iqr_ns": 35697.0,
        "q1_ns": 5932.0,
        "q3_ns": 41629.0
      },
      "first_seen_ts_ns": 1747589428388871500,
      "last_seen_ts_ns": 1747589459523988926,
      "duration_active_s": 31.135117426
    },
    {
      "tgid": 288,
      "comm": "lmp",
      "cgroup_id": 9645,
      "on_cpu_stats_ns": {
        "count": 4.0,
        "sum_ns": 102466.0,
        "mean_ns": 25616.5,
        "median_ns": 33813.0,
        "min_ns": 13472.0,
        "max_ns": 39996.0,
        "variance_ns2": 176752568.33333334,
        "iqr_ns": 24811.0,
        "q1_ns": 15185.0,
        "q3_ns": 39996.0
      },
      "runq_latency_stats_ns": {
        "count": 4.0,
        "sum_ns": 2066107.0,
        "mean_ns": 516526.75,
        "median_ns": 3828.0,
        "min_ns": 2171.0,
        "max_ns": 2056913.0,
        "variance_ns2": 1054573710185.5835,
        "iqr_ns": 2053718.0,
        "q1_ns": 3195.0,
        "q3_ns": 2056913.0
      },
      "first_seen_ts_ns": 1747589428496924136,
      "last_seen_ts_ns": 1747589459636862502,
      "duration_active_s": 31.139938366
    },
    {
      "tgid": 218,
      "comm": "lmp",
      "cgroup_id": 9645,
      "on_cpu_stats_ns": {
        "count": 4.0,
        "sum_ns": 96799.85,
        "mean_ns": 24199.9625,
        "median_ns": 24750.0,
        "min_ns": 10324.25,
        "max_ns": 49190.0,
        "variance_ns2": 317799088.47229165,
        "iqr_ns": 36654.4,
        "q1_ns": 12535.6,
        "q3_ns": 49190.0
      },
      "runq_latency_stats_ns": {
        "count": 4.0,
        "sum_ns": 810176.325,
        "mean_ns": 202544.08125,
        "median_ns": 4264.125,
        "min_ns": 4071.0,
        "max_ns": 797620.2,
        "variance_ns2": 157384712231.4764,
        "iqr_ns": 793399.2,
        "q1_ns": 4221.0,
        "q3_ns": 797620.2
      },
      "first_seen_ts_ns": 1747589431532548705,
      "last_seen_ts_ns": 1747589440139656189,
      "duration_active_s": 8.607107484
    },
    {
      "tgid": 342,
      "comm": "lmp",
      "cgroup_id": 9645,
      "on_cpu_stats_ns": {
        "count": 2.0,
        "sum_ns": 85166.0,
        "mean_ns": 42583.0,
        "median_ns": 56577.0,
        "min_ns": 28589.0,
        "max_ns": 56577.0,
        "variance_ns2": 391664072.0,
        "iqr_ns": 27988.0,
        "q1_ns": 28589.0,
        "q3_ns": 56577.0
      },
      "runq_latency_stats_ns": {
        "count": 2.0,
        "sum_ns": 60822.0,
        "mean_ns": 30411.0,
        "median_ns": 57320.0,
        "min_ns": 3502.0,
        "max_ns": 57320.0,
        "variance_ns2": 1448188562.0,
        "iqr_ns": 53818.0,
        "q1_ns": 3502.0,
        "q3_ns": 57320.0
      },
      "first_seen_ts_ns": 1747589428496924136,
      "last_seen_ts_ns": 1747589429802578053,
      "duration_active_s": 1.305653917
    },
    {
      "tgid": 228,
      "comm": "lmp",
      "cgroup_id": 9645,
      "on_cpu_stats_ns": {
        "count": 3.0,
        "sum_ns": 79351.0,
        "mean_ns": 26450.333333333332,
        "median_ns": 27823.0,
        "min_ns": 20088.0,
        "max_ns": 31440.0,
        "variance_ns2": 33630136.33333333,
        "iqr_ns": 11352.0,
        "q1_ns": 20088.0,
        "q3_ns": 31440.0
      },
      "runq_latency_stats_ns": {
        "count": 3.0,
        "sum_ns": 15668.0,
        "mean_ns": 5222.666666666667,
        "median_ns": 3725.0,
        "min_ns": 1956.0,
        "max_ns": 9987.0,
        "variance_ns2": 17806494.333333332,
        "iqr_ns": 8031.0,
        "q1_ns": 1956.0,
        "q3_ns": 9987.0
      },
      "first_seen_ts_ns": 1747589428496924136,
      "last_seen_ts_ns": 1747589459523988926,
      "duration_active_s": 31.02706479
    },
    {
      "tgid": 336,
      "comm": "lmp",
      "cgroup_id": 9645,
      "on_cpu_stats_ns": {
        "count": 3.0,
        "sum_ns": 71004.0,
        "mean_ns": 23668.0,
        "median_ns": 17383.0,
        "min_ns": 16458.0,
        "max_ns": 37163.0,
        "variance_ns2": 136800175.0,
        "iqr_ns": 20705.0,
        "q1_ns": 16458.0,
        "q3_ns": 37163.0
      },
      "runq_latency_stats_ns": {
        "count": 3.0,
        "sum_ns": 14617.000000000002,
        "mean_ns": 4872.333333333334,
        "median_ns": 3310.0,
        "min_ns": 1122.0,
        "max_ns": 10185.0,
        "variance_ns2": 22365156.333333336,
        "iqr_ns": 9063.0,
        "q1_ns": 1122.0,
        "q3_ns": 10185.0
      },
      "first_seen_ts_ns": 1747589428496924136,
      "last_seen_ts_ns": 1747589459523988926,
      "duration_active_s": 31.02706479
    },
    {
      "tgid": 186,
      "comm": "lmp",
      "cgroup_id": 9645,
      "on_cpu_stats_ns": {
        "count": 4.0,
        "sum_ns": 70752.0,
        "mean_ns": 17688.0,
        "median_ns": 22251.0,
        "min_ns": 10513.0,
        "max_ns": 25575.0,
        "variance_ns2": 54110662.66666668,
        "iqr_ns": 13162.0,
        "q1_ns": 12413.0,
        "q3_ns": 25575.0
      },
      "runq_latency_stats_ns": {
        "count": 4.0,
        "sum_ns": 50258.0,
        "mean_ns": 12564.5,
        "median_ns": 18467.0,
        "min_ns": 1316.0,
        "max_ns": 29063.0,
        "variance_ns2": 185982339.0,
        "iqr_ns": 27651.0,
        "q1_ns": 1412.0,
        "q3_ns": 29063.0
      },
      "first_seen_ts_ns": 1747589428496924136,
      "last_seen_ts_ns": 1747589459523988926,
      "duration_active_s": 31.02706479
    },
    {
      "tgid": 216,
      "comm": "lmp",
      "cgroup_id": 9645,
      "on_cpu_stats_ns": {
        "count": 3.0,
        "sum_ns": 66062.0,
        "mean_ns": 22020.666666666664,
        "median_ns": 19941.0,
        "min_ns": 9434.0,
        "max_ns": 36687.0,
        "variance_ns2": 188925262.33333337,
        "iqr_ns": 27253.0,
        "q1_ns": 9434.0,
        "q3_ns": 36687.0
      },
      "runq_latency_stats_ns": {
        "count": 3.0,
        "sum_ns": 3040883.0,
        "mean_ns": 1013627.6666666667,
        "median_ns": 4390.0,
        "min_ns": 1760.0,
        "max_ns": 3034733.0,
        "variance_ns2": 3063651805546.3335,
        "iqr_ns": 3032973.0,
        "q1_ns": 1760.0,
        "q3_ns": 3034733.0
      },
      "first_seen_ts_ns": 1747589428496924136,
      "last_seen_ts_ns": 1747589459523988926,
      "duration_active_s": 31.02706479
    },
    {
      "tgid": 318,
      "comm": "lmp",
      "cgroup_id": 9645,
      "on_cpu_stats_ns": {
        "count": 3.0,
        "sum_ns": 63681.0,
        "mean_ns": 21227.0,
        "median_ns": 16567.0,
        "min_ns": 15830.0,
        "max_ns": 31284.0,
        "variance_ns2": 75993229.0,
        "iqr_ns": 15454.0,
        "q1_ns": 15830.0,
        "q3_ns": 31284.0
      },
      "runq_latency_stats_ns": {
        "count": 3.0,
        "sum_ns": 26073.0,
        "mean_ns": 8691.0,
        "median_ns": 3255.0,
        "min_ns": 1383.0,
        "max_ns": 21435.0,
        "variance_ns2": 122683248.0,
        "iqr_ns": 20052.0,
        "q1_ns": 1383.0,
        "q3_ns": 21435.0
      },
      "first_seen_ts_ns": 1747589428388871500,
      "last_seen_ts_ns": 1747589459523988926,
      "duration_active_s": 31.135117426
    },
    {
      "tgid": 324,
      "comm": "lmp",
      "cgroup_id": 9645,
      "on_cpu_stats_ns": {
        "count": 2.0,
        "sum_ns": 60650.0,
        "mean_ns": 30325.0,
        "median_ns": 32343.0,
        "min_ns": 28307.0,
        "max_ns": 32343.0,
        "variance_ns2": 8144648.0,
        "iqr_ns": 4036.0,
        "q1_ns": 28307.0,
        "q3_ns": 32343.0
      },
      "runq_latency_stats_ns": {
        "count": 2.0,
        "sum_ns": 3454.0,
        "mean_ns": 1727.0,
        "median_ns": 2274.0,
        "min_ns": 1180.0,
        "max_ns": 2274.0,
        "variance_ns2": 598418.0,
        "iqr_ns": 1094.0,
        "q1_ns": 1180.0,
        "q3_ns": 2274.0
      },
      "first_seen_ts_ns": 1747589428496924136,
      "last_seen_ts_ns": 1747589459523988926,
      "duration_active_s": 31.02706479
    },
    {
      "tgid": 192,
      "comm": "lmp",
      "cgroup_id": 9645,
      "on_cpu_stats_ns": {
        "count": 4.0,
        "sum_ns": 58975.0,
        "mean_ns": 14743.75,
        "median_ns": 10930.0,
        "min_ns": 10045.0,
        "max_ns": 27860.0,
        "variance_ns2": 76617822.91666667,
        "iqr_ns": 17720.0,
        "q1_ns": 10140.0,
        "q3_ns": 27860.0
      },
      "runq_latency_stats_ns": {
        "count": 4.0,
        "sum_ns": 3019643.0,
        "mean_ns": 754910.75,
        "median_ns": 25050.0,
        "min_ns": 1513.0,
        "max_ns": 2980834.0,
        "variance_ns2": 2202196709959.5835,
        "iqr_ns": 2968588.0,
        "q1_ns": 12246.0,
        "q3_ns": 2980834.0
      },
      "first_seen_ts_ns": 1747589428388871500,
      "last_seen_ts_ns": 1747589459523988926,
      "duration_active_s": 31.135117426
    },
    {
      "tgid": 330,
      "comm": "lmp",
      "cgroup_id": 9645,
      "on_cpu_stats_ns": {
        "count": 2.0,
        "sum_ns": 56850.0,
        "mean_ns": 28425.0,
        "median_ns": 37154.0,
        "min_ns": 19696.0,
        "max_ns": 37154.0,
        "variance_ns2": 152390882.0,
        "iqr_ns": 17458.0,
        "q1_ns": 19696.0,
        "q3_ns": 37154.0
      },
      "runq_latency_stats_ns": {
        "count": 2.0,
        "sum_ns": 22276.0,
        "mean_ns": 11138.0,
        "median_ns": 19037.0,
        "min_ns": 3239.0,
        "max_ns": 19037.0,
        "variance_ns2": 124788402.0,
        "iqr_ns": 15798.0,
        "q1_ns": 3239.0,
        "q3_ns": 19037.0
      },
      "first_seen_ts_ns": 1747589428496924136,
      "last_seen_ts_ns": 1747589459523988926,
      "duration_active_s": 31.02706479
    },
    {
      "tgid": 222,
      "comm": "lmp",
      "cgroup_id": 9645,
      "on_cpu_stats_ns": {
        "count": 3.0,
        "sum_ns": 55196.0,
        "mean_ns": 18398.666666666668,
        "median_ns": 18600.0,
        "min_ns": 8194.0,
        "max_ns": 28402.0,
        "variance_ns2": 102121217.33333334,
        "iqr_ns": 20208.0,
        "q1_ns": 8194.0,
        "q3_ns": 28402.0
      },
      "runq_latency_stats_ns": {
        "count": 3.0,
        "sum_ns": 76774.0,
        "mean_ns": 25591.333333333336,
        "median_ns": 17242.0,
        "min_ns": 3983.0,
        "max_ns": 55549.0,
        "variance_ns2": 717046614.3333334,
        "iqr_ns": 51566.0,
        "q1_ns": 3983.0,
        "q3_ns": 55549.0
      },
      "first_seen_ts_ns": 1747589428388871500,
      "last_seen_ts_ns": 1747589459523988926,
      "duration_active_s": 31.135117426
    },
    {
      "tgid": 234,
      "comm": "lmp",
      "cgroup_id": 9645,
      "on_cpu_stats_ns": {
        "count": 2.0,
        "sum_ns": 55066.0,
        "mean_ns": 27533.0,
        "median_ns": 44268.0,
        "min_ns": 10798.0,
        "max_ns": 44268.0,
        "variance_ns2": 560120450.0,
        "iqr_ns": 33470.0,
        "q1_ns": 10798.0,
        "q3_ns": 44268.0
      },
      "runq_latency_stats_ns": {
        "count": 2.0,
        "sum_ns": 40355.0,
        "mean_ns": 20177.5,
        "median_ns": 25905.0,
        "min_ns": 14450.0,
        "max_ns": 25905.0,
        "variance_ns2": 65608512.5,
        "iqr_ns": 11455.0,
        "q1_ns": 14450.0,
        "q3_ns": 25905.0
      },
      "first_seen_ts_ns": 1747589428388871500,
      "last_seen_ts_ns": 1747589428496924136,
      "duration_active_s": 0.108052636
    },
    {
      "tgid": 282,
      "comm": "lmp",
      "cgroup_id": 9645,
      "on_cpu_stats_ns": {
        "count": 2.0,
        "sum_ns": 52808.0,
        "mean_ns": 26404.0,
        "median_ns": 36294.0,
        "min_ns": 16514.0,
        "max_ns": 36294.0,
        "variance_ns2": 195624200.0,
        "iqr_ns": 19780.0,
        "q1_ns": 16514.0,
        "q3_ns": 36294.0
      },
      "runq_latency_stats_ns": {
        "count": 2.0,
        "sum_ns": 2057730.0,
        "mean_ns": 1028865.0,
        "median_ns": 2004657.0,
        "min_ns": 53073.0,
        "max_ns": 2004657.0,
        "variance_ns2": 1904340054528.0,
        "iqr_ns": 1951584.0,
        "q1_ns": 53073.0,
        "q3_ns": 2004657.0
      },
      "first_seen_ts_ns": 1747589428388871500,
      "last_seen_ts_ns": 1747589428496924136,
      "duration_active_s": 0.108052636
    },
    {
      "tgid": 180,
      "comm": "lmp",
      "cgroup_id": 9645,
      "on_cpu_stats_ns": {
        "count": 3.0,
        "sum_ns": 52246.0,
        "mean_ns": 17415.333333333332,
        "median_ns": 11484.0,
        "min_ns": 11238.0,
        "max_ns": 29524.0,
        "variance_ns2": 109979985.33333333,
        "iqr_ns": 18286.0,
        "q1_ns": 11238.0,
        "q3_ns": 29524.0
      },
      "runq_latency_stats_ns": {
        "count": 3.0,
        "sum_ns": 56872.00000000001,
        "mean_ns": 18957.333333333336,
        "median_ns": 2463.0,
        "min_ns": 1507.0,
        "max_ns": 52902.0,
        "variance_ns2": 864408780.3333334,
        "iqr_ns": 51395.0,
        "q1_ns": 1507.0,
        "q3_ns": 52902.0
      },
      "first_seen_ts_ns": 1747589428388871500,
      "last_seen_ts_ns": 1747589434977016615,
      "duration_active_s": 6.588145115
    },
    {
      "tgid": 179,
      "comm": "lmp",
      "cgroup_id": 9645,
      "on_cpu_stats_ns": {
        "count": 2.0,
        "sum_ns": 42697.0,
        "mean_ns": 21348.5,
        "median_ns": 29007.0,
        "min_ns": 13690.0,
        "max_ns": 29007.0,
        "variance_ns2": 117305244.5,
        "iqr_ns": 15317.0,
        "q1_ns": 13690.0,
        "q3_ns": 29007.0
      },
      "runq_latency_stats_ns": {
        "count": 2.0,
        "sum_ns": 1016111.0,
        "mean_ns": 508055.5,
        "median_ns": 986692.0,
        "min_ns": 29419.0,
        "max_ns": 986692.0,
        "variance_ns2": 458185798264.5,
        "iqr_ns": 957273.0,
        "q1_ns": 29419.0,
        "q3_ns": 986692.0
      },
      "first_seen_ts_ns": 1747589428388871500,
      "last_seen_ts_ns": 1747589428496924136,
      "duration_active_s": 0.108052636
    },
    {
      "tgid": 246,
      "comm": "lmp",
      "cgroup_id": 9645,
      "on_cpu_stats_ns": {
        "count": 2.0,
        "sum_ns": 37692.0,
        "mean_ns": 18846.0,
        "median_ns": 29795.0,
        "min_ns": 7897.0,
        "max_ns": 29795.0,
        "variance_ns2": 239761202.0,
        "iqr_ns": 21898.0,
        "q1_ns": 7897.0,
        "q3_ns": 29795.0
      },
      "runq_latency_stats_ns": {
        "count": 2.0,
        "sum_ns": 3995724.0,
        "mean_ns": 1997862.0,
        "median_ns": 3992017.0,
        "min_ns": 3707.0,
        "max_ns": 3992017.0,
        "variance_ns2": 7953308328050.0,
        "iqr_ns": 3988310.0,
        "q1_ns": 3707.0,
        "q3_ns": 3992017.0
      },
      "first_seen_ts_ns": 1747589428496924136,
      "last_seen_ts_ns": 1747589466834272169,
      "duration_active_s": 38.337348033
    },
    {
      "tgid": 312,
      "comm": "lmp",
      "cgroup_id": 9645,
      "on_cpu_stats_ns": {
        "count": 2.0,
        "sum_ns": 36931.0,
        "mean_ns": 18465.5,
        "median_ns": 28361.0,
        "min_ns": 8570.0,
        "max_ns": 28361.0,
        "variance_ns2": 195841840.5,
        "iqr_ns": 19791.0,
        "q1_ns": 8570.0,
        "q3_ns": 28361.0
      },
      "runq_latency_stats_ns": {
        "count": 2.0,
        "sum_ns": 2980461.0,
        "mean_ns": 1490230.5,
        "median_ns": 2979434.0,
        "min_ns": 1027.0,
        "max_ns": 2979434.0,
        "variance_ns2": 4435454128824.5,
        "iqr_ns": 2978407.0,
        "q1_ns": 1027.0,
        "q3_ns": 2979434.0
      },
      "first_seen_ts_ns": 1747589428496924136,
      "last_seen_ts_ns": 1747589459523988926,
      "duration_active_s": 31.02706479
    },
    {
      "tgid": 204,
      "comm": "lmp",
      "cgroup_id": 9645,
      "on_cpu_stats_ns": {
        "count": 2.0,
        "sum_ns": 36581.0,
        "mean_ns": 18290.5,
        "median_ns": 27146.0,
        "min_ns": 9435.0,
        "max_ns": 27146.0,
        "variance_ns2": 156839760.5,
        "iqr_ns": 17711.0,
        "q1_ns": 9435.0,
        "q3_ns": 27146.0
      },
      "runq_latency_stats_ns": {
        "count": 2.0,
        "sum_ns": 4054730.0,
        "mean_ns": 2027365.0,
        "median_ns": 4042914.0,
        "min_ns": 11816.0,
        "max_ns": 4042914.0,
        "variance_ns2": 8124875542802.0,
        "iqr_ns": 4031098.0,
        "q1_ns": 11816.0,
        "q3_ns": 4042914.0
      },
      "first_seen_ts_ns": 1747589428496924136,
      "last_seen_ts_ns": 1747589459523988926,
      "duration_active_s": 31.02706479
    },
    {
      "tgid": 252,
      "comm": "lmp",
      "cgroup_id": 9645,
      "on_cpu_stats_ns": {
        "count": 2.0,
        "sum_ns": 34264.0,
        "mean_ns": 17132.0,
        "median_ns": 20473.0,
        "min_ns": 13791.0,
        "max_ns": 20473.0,
        "variance_ns2": 22324562.0,
        "iqr_ns": 6682.0,
        "q1_ns": 13791.0,
        "q3_ns": 20473.0
      },
      "runq_latency_stats_ns": {
        "count": 2.0,
        "sum_ns": 5376.0,
        "mean_ns": 2688.0,
        "median_ns": 3580.0,
        "min_ns": 1796.0,
        "max_ns": 3580.0,
        "variance_ns2": 1591328.0,
        "iqr_ns": 1784.0,
        "q1_ns": 1796.0,
        "q3_ns": 3580.0
      },
      "first_seen_ts_ns": 1747589428496924136,
      "last_seen_ts_ns": 1747589438983318110,
      "duration_active_s": 10.486393974
    },
    {
      "tgid": 198,
      "comm": "lmp",
      "cgroup_id": 9645,
      "on_cpu_stats_ns": {
        "count": 3.0,
        "sum_ns": 30743.0,
        "mean_ns": 10247.666666666666,
        "median_ns": 10174.0,
        "min_ns": 10143.0,
        "max_ns": 10426.0,
        "variance_ns2": 24092.333333333285,
        "iqr_ns": 283.0,
        "q1_ns": 10143.0,
        "q3_ns": 10426.0
      },
      "runq_latency_stats_ns": {
        "count": 3.0,
        "sum_ns": 1066036.0,
        "mean_ns": 355345.3333333334,
        "median_ns": 51165.0,
        "min_ns": 16609.0,
        "max_ns": 998262.0,
        "variance_ns2": 310304909492.3334,
        "iqr_ns": 981653.0,
        "q1_ns": 16609.0,
        "q3_ns": 998262.0
      },
      "first_seen_ts_ns": 1747589428496924136,
      "last_seen_ts_ns": 1747589459523988926,
      "duration_active_s": 31.02706479
    },
    {
      "tgid": 264,
      "comm": "lmp",
      "cgroup_id": 9645,
      "on_cpu_stats_ns": {
        "count": 1.0,
        "sum_ns": 27322.0,
        "mean_ns": 27322.0,
        "median_ns": 27322.0,
        "min_ns": 27322.0,
        "max_ns": 27322.0,
        "variance_ns2": null,
        "iqr_ns": 0.0,
        "q1_ns": 27322.0,
        "q3_ns": 27322.0
      },
      "runq_latency_stats_ns": {
        "count": 1.0,
        "sum_ns": 2115.0,
        "mean_ns": 2115.0,
        "median_ns": 2115.0,
        "min_ns": 2115.0,
        "max_ns": 2115.0,
        "variance_ns2": null,
        "iqr_ns": 0.0,
        "q1_ns": 2115.0,
        "q3_ns": 2115.0
      },
      "first_seen_ts_ns": 1747589459523988926,
      "last_seen_ts_ns": 1747589459523988926,
      "duration_active_s": 0
    },
    {
      "tgid": 240,
      "comm": "lmp",
      "cgroup_id": 9645,
      "on_cpu_stats_ns": {
        "count": 2.0,
        "sum_ns": 22316.0,
        "mean_ns": 11158.0,
        "median_ns": 12571.0,
        "min_ns": 9745.0,
        "max_ns": 12571.0,
        "variance_ns2": 3993138.0,
        "iqr_ns": 2826.0,
        "q1_ns": 9745.0,
        "q3_ns": 12571.0
      },
      "runq_latency_stats_ns": {
        "count": 2.0,
        "sum_ns": 3980535.0,
        "mean_ns": 1990267.5,
        "median_ns": 3977177.0,
        "min_ns": 3358.0,
        "max_ns": 3977177.0,
        "variance_ns2": 7895618722380.5,
        "iqr_ns": 3973819.0,
        "q1_ns": 3358.0,
        "q3_ns": 3977177.0
      },
      "first_seen_ts_ns": 1747589428388871500,
      "last_seen_ts_ns": 1747589428496924136,
      "duration_active_s": 0.108052636
    },
    {
      "tgid": 258,
      "comm": "lmp",
      "cgroup_id": 9645,
      "on_cpu_stats_ns": {
        "count": 1.0,
        "sum_ns": 21063.0,
        "mean_ns": 21063.0,
        "median_ns": 21063.0,
        "min_ns": 21063.0,
        "max_ns": 21063.0,
        "variance_ns2": null,
        "iqr_ns": 0.0,
        "q1_ns": 21063.0,
        "q3_ns": 21063.0
      },
      "runq_latency_stats_ns": {
        "count": 1.0,
        "sum_ns": 1979880.0,
        "mean_ns": 1979880.0,
        "median_ns": 1979880.0,
        "min_ns": 1979880.0,
        "max_ns": 1979880.0,
        "variance_ns2": null,
        "iqr_ns": 0.0,
        "q1_ns": 1979880.0,
        "q3_ns": 1979880.0
      },
      "first_seen_ts_ns": 1747589428496924136,
      "last_seen_ts_ns": 1747589428496924136,
      "duration_active_s": 0
    }
  ]
}
[17:31:18] Cleanup complete. Exiting.
