unlimited
PROGRAM: futex
Looking for /opt/programs/futex/ebpf-collect.c
[17:30:09] Starting eBPF (Tracepoints for futex syscalls).
[17:30:10] BPF program loaded and tracepoints automatically attached.
[17:30:10] Start Indicator file defined '/mnt/flux/start_ebpf_collection'. Waiting.
[17:30:27] Start indicator found. Proceeding.
[17:30:27] Ring buffers opened. Polling for events...
[17:31:18] 
Indicator file '/mnt/flux/stop_ebpf_collection' found. Stopping.
[17:31:18] Cleaning up BPF resources...
{
  "final_aggregated_futex_summary_river": [
    {
      "tgid": 3871,
      "comm": "kubelet",
      "cgroup_id": 6640,
      "wait_duration_stats_ns": {
        "count": 4642.0,
        "sum": 2254114328527.9995,
        "mean": 485591195.28823775,
        "median": 8963436.461461417,
        "min": 485,
        "max": 41226288824,
        "variance_ns2": 1.1250518744351504e+19,
        "iqr_ns": 51840778.690358184,
        "q1_ns": 1267284.8445606,
        "q3_ns": 53108063.534918785
      },
      "futex_op_counts": {
        "128": 4642
      },
      "first_seen_ts_ns": 285549873768,
      "last_seen_ts_ns": 353041889139
    },
    {
      "tgid": 3681,
      "comm": "containerd",
      "cgroup_id": 6520,
      "wait_duration_stats_ns": {
        "count": 1999.0,
        "sum": 891009217743.001,
        "mean": 445727472.6078044,
        "median": 353839.0556907212,
        "min": 663,
        "max": 53038496823,
        "variance_ns2": 1.4932525432987124e+19,
        "iqr_ns": 112304555.2390189,
        "q1_ns": 63818.3214536495,
        "q3_ns": 112368373.56047255
      },
      "futex_op_counts": {
        "128": 1999
      },
      "first_seen_ts_ns": 285571637885,
      "last_seen_ts_ns": 353080859886
    },
    {
      "tgid": 8135,
      "comm": "containerd-shim",
      "cgroup_id": 6520,
      "wait_duration_stats_ns": {
        "count": 491.0,
        "sum": 369650116302.99994,
        "mean": 752851560.6985742,
        "median": 318014.6377857687,
        "min": 563,
        "max": 18995433860,
        "variance_ns2": 5.160454495358866e+18,
        "iqr_ns": 19546448.208377693,
        "q1_ns": 65316.54165367483,
        "q3_ns": 19611764.750031367
      },
      "futex_op_counts": {
        "128": 491
      },
      "first_seen_ts_ns": 285859925117,
      "last_seen_ts_ns": 352310477050
    },
    {
      "tgid": 7615,
      "comm": "fluent-bit-gke-",
      "cgroup_id": 8216,
      "wait_duration_stats_ns": {
        "count": 161.0,
        "sum": 317571368612.9998,
        "mean": 1972492972.7515516,
        "median": 730579588.36918,
        "min": 18995,
        "max": 58443520014,
        "variance_ns2": 4.509756608850421e+19,
        "iqr_ns": 1275701048.0807493,
        "q1_ns": 59276922.44296811,
        "q3_ns": 1334977970.5237174
      },
      "futex_op_counts": {
        "128": 161
      },
      "first_seen_ts_ns": 302437682702,
      "last_seen_ts_ns": 352286586743
    },
    {
      "tgid": 7820,
      "comm": "prometheus",
      "cgroup_id": 8374,
      "wait_duration_stats_ns": {
        "count": 2535.0,
        "sum": 296529588069.99994,
        "mean": 116974196.47731753,
        "median": 45077798.40482082,
        "min": 11065,
        "max": 51514272438,
        "variance_ns2": 1.6958790219783936e+18,
        "iqr_ns": 10222314.574316077,
        "q1_ns": 39975163.07381655,
        "q3_ns": 50197477.64813263
      },
      "futex_op_counts": {
        "128": 2535
      },
      "first_seen_ts_ns": 285533799441,
      "last_seen_ts_ns": 353061971328
    },
    {
      "tgid": 4321,
      "comm": "kube-proxy",
      "cgroup_id": 7366,
      "wait_duration_stats_ns": {
        "count": 98.0,
        "sum": 283690226184.0,
        "mean": 2894798226.367347,
        "median": 1217796394.914959,
        "min": 4616,
        "max": 24125653635,
        "variance_ns2": 2.603127220979104e+19,
        "iqr_ns": 3492550632.6648316,
        "q1_ns": 9140091.277121892,
        "q3_ns": 3501690723.9419537
      },
      "futex_op_counts": {
        "128": 98
      },
      "first_seen_ts_ns": 302819540798,
      "last_seen_ts_ns": 352823635544
    },
    {
      "tgid": 7128,
      "comm": "containerd-shim",
      "cgroup_id": 6520,
      "wait_duration_stats_ns": {
        "count": 120.0,
        "sum": 281420567406.0001,
        "mean": 2345171395.050001,
        "median": 10269723.493370365,
        "min": 2013,
        "max": 53795597938,
        "variance_ns2": 3.985151673865096e+19,
        "iqr_ns": 3395576242.480354,
        "q1_ns": 2394689.1268241326,
        "q3_ns": 3397970931.6071777
      },
      "futex_op_counts": {
        "128": 120
      },
      "first_seen_ts_ns": 285862962231,
      "last_seen_ts_ns": 352310054025
    },
    {
      "tgid": 6432,
      "comm": "containerd-shim",
      "cgroup_id": 6520,
      "wait_duration_stats_ns": {
        "count": 208.0,
        "sum": 281383160025.00006,
        "mean": 1352803653.9663465,
        "median": 5150709.914124054,
        "min": 2107,
        "max": 30010113005,
        "variance_ns2": 1.6055412838310607e+19,
        "iqr_ns": 274712730.60529584,
        "q1_ns": 1210510.5430314632,
        "q3_ns": 275923241.1483273
      },
      "futex_op_counts": {
        "128": 208
      },
      "first_seen_ts_ns": 285862466600,
      "last_seen_ts_ns": 352309516754
    },
    {
      "tgid": 6513,
      "comm": "containerd-shim",
      "cgroup_id": 6520,
      "wait_duration_stats_ns": {
        "count": 129.0,
        "sum": 261888931583.99994,
        "mean": 2030146756.4651158,
        "median": 2863586.3423331752,
        "min": 3217,
        "max": 25998599753,
        "variance_ns2": 1.8201957298225797e+19,
        "iqr_ns": 3310031149.701673,
        "q1_ns": 3800066.879704845,
        "q3_ns": 3313831216.581378
      },
      "futex_op_counts": {
        "128": 129
      },
      "first_seen_ts_ns": 285864474947,
      "last_seen_ts_ns": 352307980793
    },
    {
      "tgid": 8753,
      "comm": "containerd-shim",
      "cgroup_id": 6520,
      "wait_duration_stats_ns": {
        "count": 183.0,
        "sum": 261253808534.0,
        "mean": 1427616440.0765028,
        "median": 12038359.230605002,
        "min": 1348,
        "max": 56011808855,
        "variance_ns2": 2.589986006610496e+19,
        "iqr_ns": 783277238.2231535,
        "q1_ns": 206459.18723046407,
        "q3_ns": 783483697.4103839
      },
      "futex_op_counts": {
        "128": 183
      },
      "first_seen_ts_ns": 285751958473,
      "last_seen_ts_ns": 353083639765
    },
    {
      "tgid": 4251,
      "comm": "containerd-shim",
      "cgroup_id": 6520,
      "wait_duration_stats_ns": {
        "count": 74.0,
        "sum": 247056414194.00003,
        "mean": 3338600191.810811,
        "median": 1160555474.0776794,
        "min": 1476,
        "max": 29999846212,
        "variance_ns2": 3.7020542111384674e+19,
        "iqr_ns": 3941493793.5869503,
        "q1_ns": 22919335.64480007,
        "q3_ns": 3964413129.2317505
      },
      "futex_op_counts": {
        "128": 74
      },
      "first_seen_ts_ns": 303850585239,
      "last_seen_ts_ns": 352308962007
    },
    {
      "tgid": 3936,
      "comm": "node-problem-de",
      "cgroup_id": 6700,
      "wait_duration_stats_ns": {
        "count": 264.0,
        "sum": 216114223744.00024,
        "mean": 818614483.8787888,
        "median": 478892758.4534019,
        "min": 1289,
        "max": 40714072357,
        "variance_ns2": 1.2969689559861383e+19,
        "iqr_ns": 1012341769.6887473,
        "q1_ns": 37005622.1028331,
        "q3_ns": 1049347391.7915804
      },
      "futex_op_counts": {
        "128": 264
      },
      "first_seen_ts_ns": 285857874942,
      "last_seen_ts_ns": 352996179324
    },
    {
      "tgid": 8060,
      "comm": "main",
      "cgroup_id": 8611,
      "wait_duration_stats_ns": {
        "count": 80.0,
        "sum": 159823799383.99994,
        "mean": 1997797492.2999992,
        "median": 1270553397.115541,
        "min": 33394,
        "max": 59917678289,
        "variance_ns2": 4.768262654278303e+19,
        "iqr_ns": 4001798022.856448,
        "q1_ns": 444438.9587041177,
        "q3_ns": 4002242461.815152
      },
      "futex_op_counts": {
        "128": 80
      },
      "first_seen_ts_ns": 306878429386,
      "last_seen_ts_ns": 351894168305
    },
    {
      "tgid": 7974,
      "comm": "config-reloader",
      "cgroup_id": 8453,
      "wait_duration_stats_ns": {
        "count": 54.0,
        "sum": 149810791644.99997,
        "mean": 2774273919.3518515,
        "median": 446085603.74131775,
        "min": 9793,
        "max": 25734045737,
        "variance_ns2": 3.2728175884447842e+19,
        "iqr_ns": 4439443875.735528,
        "q1_ns": 48464788.09134148,
        "q3_ns": 4487908663.826869
      },
      "futex_op_counts": {
        "128": 54
      },
      "first_seen_ts_ns": 310880122253,
      "last_seen_ts_ns": 350919266101
    },
    {
      "tgid": 1739,
      "comm": "google_osconfig",
      "cgroup_id": 4234,
      "wait_duration_stats_ns": {
        "count": 47.0,
        "sum": 129913192433.99998,
        "mean": 2764110477.3191485,
        "median": 2613082891.609051,
        "min": 26558,
        "max": 30003033287,
        "variance_ns2": 2.225386239036455e+19,
        "iqr_ns": 4840484772.566389,
        "q1_ns": 45584414.849535495,
        "q3_ns": 4886069187.415925
      },
      "futex_op_counts": {
        "128": 47
      },
      "first_seen_ts_ns": 286015031087,
      "last_seen_ts_ns": 351023593832
    },
    {
      "tgid": 8025,
      "comm": "otelsvc",
      "cgroup_id": 8532,
      "wait_duration_stats_ns": {
        "count": 187.0,
        "sum": 110795254243.99998,
        "mean": 592487990.6096256,
        "median": 383836814.6893325,
        "min": 39267,
        "max": 60439246646,
        "variance_ns2": 1.9409818334835577e+19,
        "iqr_ns": 476120891.8027231,
        "q1_ns": 6311916.018502836,
        "q3_ns": 482432807.82122594
      },
      "futex_op_counts": {
        "128": 187
      },
      "first_seen_ts_ns": 285837318941,
      "last_seen_ts_ns": 352836861290
    },
    {
      "tgid": 7680,
      "comm": "main",
      "cgroup_id": 8295,
      "wait_duration_stats_ns": {
        "count": 41.0,
        "sum": 99946667327.99998,
        "mean": 2437723593.3658533,
        "median": 3725274539.7379236,
        "min": 173873,
        "max": 5003735083,
        "variance_ns2": 5.742954217535232e+18,
        "iqr_ns": 4732422250.174246,
        "q1_ns": 179315909.2334165,
        "q3_ns": 4911738159.407662
      },
      "futex_op_counts": {
        "128": 41
      },
      "first_seen_ts_ns": 303860912968,
      "last_seen_ts_ns": 348865384760
    },
    {
      "tgid": 2780,
      "comm": "dockerd",
      "cgroup_id": 6400,
      "wait_duration_stats_ns": {
        "count": 14.0,
        "sum": 99918779546.0,
        "mean": 7137055681.857142,
        "median": 9761297047.269869,
        "min": 5469213,
        "max": 10001948432,
        "variance_ns2": 2.1694082690419216e+19,
        "iqr_ns": 3201428960.2401104,
        "q1_ns": 6788497643.75989,
        "q3_ns": 9989926604.0
      },
      "futex_op_counts": {
        "128": 14
      },
      "first_seen_ts_ns": 303563154691,
      "last_seen_ts_ns": 343572056324
    },
    {
      "tgid": 1733,
      "comm": "google_guest_ag",
      "cgroup_id": 4174,
      "wait_duration_stats_ns": {
        "count": 73.0,
        "sum": 99907343428.99998,
        "mean": 1368593745.6027396,
        "median": 561001402.0044574,
        "min": 744,
        "max": 5009001231,
        "variance_ns2": 4.4732285102284764e+18,
        "iqr_ns": 3222784340.9762945,
        "q1_ns": 54847894.60347155,
        "q3_ns": 3277632235.5797663
      },
      "futex_op_counts": {
        "128": 73
      },
      "first_seen_ts_ns": 306283586746,
      "last_seen_ts_ns": 351309290384
    },
    {
      "tgid": 8544,
      "comm": "gce-pd-csi-driv",
      "cgroup_id": 8927,
      "wait_duration_stats_ns": {
        "count": 91.0,
        "sum": 50681882276.00001,
        "mean": 556943761.2747253,
        "median": 589689738.4728323,
        "min": 25094510,
        "max": 591519289,
        "variance_ns2": 1.292327028161563e+16,
        "iqr_ns": 833769.1900135279,
        "q1_ns": 589097214.0341932,
        "q3_ns": 589930983.2242067
      },
      "futex_op_counts": {
        "128": 91
      },
      "first_seen_ts_ns": 286450401302,
      "last_seen_ts_ns": 353050399472
    },
    {
      "tgid": 10046,
      "comm": "log-counter",
      "cgroup_id": 6700,
      "wait_duration_stats_ns": {
        "count": 863.0,
        "sum": 14621613895.0,
        "mean": 16942773.922363847,
        "median": 336967.90883755044,
        "min": 507,
        "max": 1210618006,
        "variance_ns2": 1.4898814706891412e+16,
        "iqr_ns": 1779746.6806429124,
        "q1_ns": 138138.84213271897,
        "q3_ns": 1917885.5227756314
      },
      "futex_op_counts": {
        "128": 863
      },
      "first_seen_ts_ns": 343039180206,
      "last_seen_ts_ns": 344250016738
    },
    {
      "tgid": 10071,
      "comm": "log-counter",
      "cgroup_id": 6700,
      "wait_duration_stats_ns": {
        "count": 914.0,
        "sum": 13922185510.000002,
        "mean": 15232150.448577683,
        "median": 293589.6090644698,
        "min": 550,
        "max": 1221717973,
        "variance_ns2": 1.415369593210431e+16,
        "iqr_ns": 1371136.5044154264,
        "q1_ns": 149759.96014456014,
        "q3_ns": 1520896.4645599865
      },
      "futex_op_counts": {
        "128": 914
      },
      "first_seen_ts_ns": 344257181332,
      "last_seen_ts_ns": 345480409125
    },
    {
      "tgid": 9993,
      "comm": "log-counter",
      "cgroup_id": 6700,
      "wait_duration_stats_ns": {
        "count": 513.0,
        "sum": 10107819557.000002,
        "mean": 19703351.962962966,
        "median": 438955.3909901179,
        "min": 2872,
        "max": 1411016413,
        "variance_ns2": 1.514517694062089e+16,
        "iqr_ns": 3089582.1191553283,
        "q1_ns": 175285.8212617673,
        "q3_ns": 3264867.9404170956
      },
      "futex_op_counts": {
        "128": 513
      },
      "first_seen_ts_ns": 342008756456,
      "last_seen_ts_ns": 343421537977
    },
    {
      "tgid": 10064,
      "comm": "log-counter",
      "cgroup_id": 6700,
      "wait_duration_stats_ns": {
        "count": 16.0,
        "sum": 5041742345.0,
        "mean": 315108896.5625,
        "median": 32476219.084876537,
        "min": 13959,
        "max": 1007142259,
        "variance_ns2": 2.2700859724087747e+17,
        "iqr_ns": 351844171.13822025,
        "q1_ns": 2402469.875,
        "q3_ns": 354246641.01322025
      },
      "futex_op_counts": {
        "128": 16
      },
      "first_seen_ts_ns": 343556013650,
      "last_seen_ts_ns": 344566203550
    },
    {
      "tgid": 9994,
      "comm": "log-counter",
      "cgroup_id": 6700,
      "wait_duration_stats_ns": {
        "count": 15.0,
        "sum": 5036535106.0,
        "mean": 335769007.06666666,
        "median": 119901860.02700621,
        "min": 2982,
        "max": 1020027427,
        "variance_ns2": 2.065604671918197e+17,
        "iqr_ns": 460496980.50878215,
        "q1_ns": 9830372.883555554,
        "q3_ns": 470327353.3923377
      },
      "futex_op_counts": {
        "128": 15
      },
      "first_seen_ts_ns": 342011013083,
      "last_seen_ts_ns": 343031186658
    },
    {
      "tgid": 10040,
      "comm": "log-counter",
      "cgroup_id": 6700,
      "wait_duration_stats_ns": {
        "count": 21.0,
        "sum": 4048969106.999999,
        "mean": 192808052.71428567,
        "median": 19693350.237711214,
        "min": 14603,
        "max": 1014541271,
        "variance_ns2": 1.4377495153046072e+17,
        "iqr_ns": 169723551.76158538,
        "q1_ns": 3164861.9506126908,
        "q3_ns": 172888413.71219808
      },
      "futex_op_counts": {
        "128": 21
      },
      "first_seen_ts_ns": 342477262127,
      "last_seen_ts_ns": 343494018671
    },
    {
      "tgid": 10011,
      "comm": "runc",
      "cgroup_id": 6520,
      "wait_duration_stats_ns": {
        "count": 295.0,
        "sum": 1245286227.0,
        "mean": 4221309.2440677965,
        "median": 248235.98667662044,
        "min": 450,
        "max": 117488757,
        "variance_ns2": 299320225197656.56,
        "iqr_ns": 1795051.8246527417,
        "q1_ns": 31349.800845943464,
        "q3_ns": 1826401.625498685
      },
      "futex_op_counts": {
        "128": 295
      },
      "first_seen_ts_ns": 342274012969,
      "last_seen_ts_ns": 342426016033
    },
    {
      "tgid": 9946,
      "comm": "runc",
      "cgroup_id": 6520,
      "wait_duration_stats_ns": {
        "count": 272.0,
        "sum": 692435383.0,
        "mean": 2545718.319852941,
        "median": 78899.70751230465,
        "min": 7410,
        "max": 117157140,
        "variance_ns2": 222563664635284.5,
        "iqr_ns": 386738.6948456385,
        "q1_ns": 17428.00679467496,
        "q3_ns": 404166.7016403135
      },
      "futex_op_counts": {
        "128": 272
      },
      "first_seen_ts_ns": 322270012090,
      "last_seen_ts_ns": 322390155586
    },
    {
      "tgid": 9969,
      "comm": "runc",
      "cgroup_id": 6520,
      "wait_duration_stats_ns": {
        "count": 284.0,
        "sum": 468819238.00000006,
        "mean": 1650771.9647887326,
        "median": 139648.06859133526,
        "min": 10890,
        "max": 72343521,
        "variance_ns2": 48030712029400.87,
        "iqr_ns": 1106113.772826807,
        "q1_ns": 30479.744461524693,
        "q3_ns": 1136593.5172883319
      },
      "futex_op_counts": {
        "128": 284
      },
      "first_seen_ts_ns": 332269010830,
      "last_seen_ts_ns": 332344460673
    },
    {
      "tgid": 10025,
      "comm": "runc:[2:INIT]",
      "cgroup_id": 8848,
      "wait_duration_stats_ns": {
        "count": 38.0,
        "sum": 468085666.0000001,
        "mean": 12318043.842105266,
        "median": 3716429.4432820687,
        "min": 940,
        "max": 59328420,
        "variance_ns2": 347718015864451.06,
        "iqr_ns": 19417028.19200824,
        "q1_ns": 338996.6126578006,
        "q3_ns": 19756024.80466604
      },
      "futex_op_counts": {
        "128": 38
      },
      "first_seen_ts_ns": 342344580085,
      "last_seen_ts_ns": 342427112467
    },
    {
      "tgid": 9921,
      "comm": "runc",
      "cgroup_id": 6520,
      "wait_duration_stats_ns": {
        "count": 388.0,
        "sum": 355113876.9999999,
        "mean": 915241.9510309276,
        "median": 61359.44097004967,
        "min": 1727,
        "max": 35849298,
        "variance_ns2": 21057139154680.613,
        "iqr_ns": 286814.91103242856,
        "q1_ns": 17008.638122749446,
        "q3_ns": 303823.549155178
      },
      "futex_op_counts": {
        "128": 388
      },
      "first_seen_ts_ns": 312271027357,
      "last_seen_ts_ns": 312340013444
    },
    {
      "tgid": 9956,
      "comm": "runc:[2:INIT]",
      "cgroup_id": 8848,
      "wait_duration_stats_ns": {
        "count": 25.0,
        "sum": 346697611.0,
        "mean": 13867904.44,
        "median": 1722739.6817510372,
        "min": 1674,
        "max": 73904368,
        "variance_ns2": 645722277760833.9,
        "iqr_ns": 17449539.085471075,
        "q1_ns": 47673.426111593406,
        "q3_ns": 17497212.51158267
      },
      "futex_op_counts": {
        "128": 25
      },
      "first_seen_ts_ns": 322297110868,
      "last_seen_ts_ns": 322390102732
    },
    {
      "tgid": 10086,
      "comm": "runc",
      "cgroup_id": 6520,
      "wait_duration_stats_ns": {
        "count": 362.0,
        "sum": 202897992.0,
        "mean": 560491.6906077348,
        "median": 28377.453219555653,
        "min": 616,
        "max": 30300561,
        "variance_ns2": 13221564215598.477,
        "iqr_ns": 89535.54802015904,
        "q1_ns": 14264.085075842979,
        "q3_ns": 103799.63309600201
      },
      "futex_op_counts": {
        "128": 362
      },
      "first_seen_ts_ns": 352267400681,
      "last_seen_ts_ns": 352300520379
    },
    {
      "tgid": 9980,
      "comm": "runc:[2:INIT]",
      "cgroup_id": 8848,
      "wait_duration_stats_ns": {
        "count": 32.0,
        "sum": 150285398.00000003,
        "mean": 4696418.687500001,
        "median": 2629722.285395702,
        "min": 1039,
        "max": 18458944,
        "variance_ns2": 33888684736081.195,
        "iqr_ns": 5962995.5782577535,
        "q1_ns": 120339.31100659003,
        "q3_ns": 6083334.889264343
      },
      "futex_op_counts": {
        "128": 32
      },
      "first_seen_ts_ns": 332308021540,
      "last_seen_ts_ns": 332342852683
    },
    {
      "tgid": 9931,
      "comm": "runc:[2:INIT]",
      "cgroup_id": 8848,
      "wait_duration_stats_ns": {
        "count": 30.0,
        "sum": 136004021.99999997,
        "mean": 4533467.399999999,
        "median": 800529.1997180958,
        "min": 582,
        "max": 15819005,
        "variance_ns2": 42531373179792.32,
        "iqr_ns": 6807845.367318301,
        "q1_ns": 50788.235686102096,
        "q3_ns": 6858633.603004403
      },
      "futex_op_counts": {
        "128": 30
      },
      "first_seen_ts_ns": 312308960369,
      "last_seen_ts_ns": 312340012365
    },
    {
      "tgid": 10098,
      "comm": "runc:[2:INIT]",
      "cgroup_id": 8848,
      "wait_duration_stats_ns": {
        "count": 28.0,
        "sum": 108637499.00000001,
        "mean": 3879910.678571429,
        "median": 418406.7287803633,
        "min": 7950,
        "max": 15470011,
        "variance_ns2": 29784590661136.895,
        "iqr_ns": 6166894.267892701,
        "q1_ns": 48934.89612060733,
        "q3_ns": 6215829.164013308
      },
      "futex_op_counts": {
        "128": 28
      },
      "first_seen_ts_ns": 352275063737,
      "last_seen_ts_ns": 352300490069
    },
    {
      "tgid": 9640,
      "comm": "runc",
      "cgroup_id": 6520,
      "wait_duration_stats_ns": {
        "count": 30.0,
        "sum": 22525371.000000007,
        "mean": 750845.7000000002,
        "median": 375405.65440662875,
        "min": 3842,
        "max": 5605912,
        "variance_ns2": 1622266547690.2173,
        "iqr_ns": 1104727.31611354,
        "q1_ns": 125309.01584761511,
        "q3_ns": 1230036.3319611552
      },
      "futex_op_counts": {
        "128": 30
      },
      "first_seen_ts_ns": 285754314838,
      "last_seen_ts_ns": 285760053662
    },
    {
      "tgid": 9646,
      "comm": "runc",
      "cgroup_id": 6520,
      "wait_duration_stats_ns": {
        "count": 29.0,
        "sum": 19771092.000000004,
        "mean": 681761.7931034483,
        "median": 216845.47109872714,
        "min": 9033,
        "max": 4976681,
        "variance_ns2": 1333470195713.6697,
        "iqr_ns": 714677.7396050295,
        "q1_ns": 101757.85204886459,
        "q3_ns": 816435.591653894
      },
      "futex_op_counts": {
        "128": 29
      },
      "first_seen_ts_ns": 285990207972,
      "last_seen_ts_ns": 285995338117
    },
    {
      "tgid": 9931,
      "comm": "csi-node-driver",
      "cgroup_id": 8848,
      "wait_duration_stats_ns": {
        "count": 20.0,
        "sum": 10266674.0,
        "mean": 513333.69999999995,
        "median": 211192.599035102,
        "min": 37499,
        "max": 2103996,
        "variance_ns2": 408999010859.8,
        "iqr_ns": 937951.6256411906,
        "q1_ns": 67372.18335787467,
        "q3_ns": 1005323.8089990652
      },
      "futex_op_counts": {
        "128": 20
      },
      "first_seen_ts_ns": 312341821144,
      "last_seen_ts_ns": 312345331283
    },
    {
      "tgid": 10025,
      "comm": "csi-node-driver",
      "cgroup_id": 8848,
      "wait_duration_stats_ns": {
        "count": 23.0,
        "sum": 9567249.0,
        "mean": 415967.3478260869,
        "median": 82787.36319942916,
        "min": 21080,
        "max": 1767691,
        "variance_ns2": 300484107299.8735,
        "iqr_ns": 514386.4891943162,
        "q1_ns": 32115.30786046942,
        "q3_ns": 546501.7970547857
      },
      "futex_op_counts": {
        "128": 23
      },
      "first_seen_ts_ns": 342430340508,
      "last_seen_ts_ns": 342433666160
    },
    {
      "tgid": 9980,
      "comm": "csi-node-driver",
      "cgroup_id": 8848,
      "wait_duration_stats_ns": {
        "count": 17.0,
        "sum": 9422530.0,
        "mean": 554266.4705882353,
        "median": 125303.03886621314,
        "min": 17335,
        "max": 3119309,
        "variance_ns2": 855028535273.8896,
        "iqr_ns": 864709.2567597048,
        "q1_ns": 42986.60257936508,
        "q3_ns": 907695.8593390698
      },
      "futex_op_counts": {
        "128": 17
      },
      "first_seen_ts_ns": 332349695713,
      "last_seen_ts_ns": 332352864948
    },
    {
      "tgid": 9956,
      "comm": "csi-node-driver",
      "cgroup_id": 8848,
      "wait_duration_stats_ns": {
        "count": 20.0,
        "sum": 9403373.0,
        "mean": 470168.65,
        "median": 244623.46006944444,
        "min": 19217,
        "max": 1751566,
        "variance_ns2": 457322998312.029,
        "iqr_ns": 469135.9453763454,
        "q1_ns": 27925.705555555556,
        "q3_ns": 497061.65093190095
      },
      "futex_op_counts": {
        "128": 20
      },
      "first_seen_ts_ns": 322397309470,
      "last_seen_ts_ns": 322400590235
    },
    {
      "tgid": 10098,
      "comm": "csi-node-driver",
      "cgroup_id": 8848,
      "wait_duration_stats_ns": {
        "count": 21.0,
        "sum": 8864436.0,
        "mean": 422116.0,
        "median": 142532.17283240217,
        "min": 17664,
        "max": 1777037,
        "variance_ns2": 307887555375.3,
        "iqr_ns": 718405.3621135989,
        "q1_ns": 38438.495438234655,
        "q3_ns": 756843.8575518335
      },
      "futex_op_counts": {
        "128": 21
      },
      "first_seen_ts_ns": 352301994882,
      "last_seen_ts_ns": 352305058858
    },
    {
      "tgid": 9723,
      "comm": "csi-node-driver",
      "cgroup_id": 8848,
      "wait_duration_stats_ns": {
        "count": 22.0,
        "sum": 8486675.0,
        "mean": 385757.95454545453,
        "median": 45711.69110670192,
        "min": 9250,
        "max": 1671386,
        "variance_ns2": 277520867410.7121,
        "iqr_ns": 499144.38733629655,
        "q1_ns": 22024.194583333334,
        "q3_ns": 521168.5819196299
      },
      "futex_op_counts": {
        "128": 22
      },
      "first_seen_ts_ns": 302301923800,
      "last_seen_ts_ns": 302304892107
    },
    {
      "tgid": 9545,
      "comm": "flux-broker-47",
      "cgroup_id": 9329,
      "wait_duration_stats_ns": {
        "count": 123.0,
        "sum": 4169010.000000003,
        "mean": 33894.39024390246,
        "median": 2464.459476503055,
        "min": 393,
        "max": 3710437,
        "variance_ns2": 111774323606.25627,
        "iqr_ns": 5631.252553403778,
        "q1_ns": 493.2092549195851,
        "q3_ns": 6124.461808323363
      },
      "futex_op_counts": {
        "128": 123
      },
      "first_seen_ts_ns": 302616781785,
      "last_seen_ts_ns": 353076305463
    },
    {
      "tgid": 9545,
      "comm": "ZMQbg/IO/0",
      "cgroup_id": 9329,
      "wait_duration_stats_ns": {
        "count": 13.0,
        "sum": 9097.0,
        "mean": 699.7692307692308,
        "median": 548.3817142857142,
        "min": 428,
        "max": 2585,
        "variance_ns2": 324035.5256410257,
        "iqr_ns": 64.59814814814808,
        "q1_ns": 515.4333333333334,
        "q3_ns": 580.0314814814815
      },
      "futex_op_counts": {
        "128": 13
      },
      "first_seen_ts_ns": 348173589464,
      "last_seen_ts_ns": 348178052775
    },
    {
      "tgid": 836,
      "comm": "multipathd",
      "cgroup_id": 1702,
      "wait_duration_stats_ns": {
        "count": 2.0,
        "sum": 8185.0,
        "mean": 4092.5,
        "median": 5689.0,
        "min": 2496,
        "max": 5689,
        "variance_ns2": 5097624.5,
        "iqr_ns": 3193.0,
        "q1_ns": 2496.0,
        "q3_ns": 5689.0
      },
      "futex_op_counts": {
        "128": 2
      },
      "first_seen_ts_ns": 322556662814,
      "last_seen_ts_ns": 325556857214
    },
    {
      "tgid": 9806,
      "comm": "lmp",
      "cgroup_id": 9329,
      "wait_duration_stats_ns": {
        "count": 1.0,
        "sum": 7650.0,
        "mean": 7650.0,
        "median": 7650.0,
        "min": 7650,
        "max": 7650,
        "variance_ns2": null,
        "iqr_ns": 0.0,
        "q1_ns": 7650.0,
        "q3_ns": 7650.0
      },
      "futex_op_counts": {
        "128": 1
      },
      "first_seen_ts_ns": 348147903880,
      "last_seen_ts_ns": 348147903880
    },
    {
      "tgid": 9782,
      "comm": "lmp",
      "cgroup_id": 9329,
      "wait_duration_stats_ns": {
        "count": 1.0,
        "sum": 7384.0,
        "mean": 7384.0,
        "median": 7384.0,
        "min": 7384,
        "max": 7384,
        "variance_ns2": null,
        "iqr_ns": 0.0,
        "q1_ns": 7384.0,
        "q3_ns": 7384.0
      },
      "futex_op_counts": {
        "128": 1
      },
      "first_seen_ts_ns": 348147718720,
      "last_seen_ts_ns": 348147718720
    },
    {
      "tgid": 9818,
      "comm": "lmp",
      "cgroup_id": 9329,
      "wait_duration_stats_ns": {
        "count": 1.0,
        "sum": 7236.0,
        "mean": 7236.0,
        "median": 7236.0,
        "min": 7236,
        "max": 7236,
        "variance_ns2": null,
        "iqr_ns": 0.0,
        "q1_ns": 7236.0,
        "q3_ns": 7236.0
      },
      "futex_op_counts": {
        "128": 1
      },
      "first_seen_ts_ns": 348148092176,
      "last_seen_ts_ns": 348148092176
    }
  ]
}
[17:31:18] Cleanup complete.
