Using CUDA
Using distributed PyTorch with nccl backend
Downloading http://fashion-mnist.s3-website.eu-central-1.amazonaws.com/train-images-idx3-ubyte.gz
Downloading http://fashion-mnist.s3-website.eu-central-1.amazonaws.com/train-labels-idx1-ubyte.gz
Downloading http://fashion-mnist.s3-website.eu-central-1.amazonaws.com/t10k-images-idx3-ubyte.gz
Downloading http://fashion-mnist.s3-website.eu-central-1.amazonaws.com/t10k-labels-idx1-ubyte.gz
Processing...
Done!
2025-03-01T06:06:19Z INFO     Train Epoch: 1 [0/60000 (0%)]	loss=2.2968
2025-03-01T06:06:19Z INFO     Train Epoch: 1 [1280/60000 (2%)]	loss=2.2968
2025-03-01T06:06:19Z INFO     Train Epoch: 1 [2560/60000 (4%)]	loss=2.2864
2025-03-01T06:06:20Z INFO     Train Epoch: 1 [3840/60000 (6%)]	loss=2.2771
2025-03-01T06:06:20Z INFO     Train Epoch: 1 [5120/60000 (9%)]	loss=2.2604
2025-03-01T06:06:20Z INFO     Train Epoch: 1 [6400/60000 (11%)]	loss=2.2441
2025-03-01T06:06:20Z INFO     Train Epoch: 1 [7680/60000 (13%)]	loss=2.2290
2025-03-01T06:06:20Z INFO     Train Epoch: 1 [8960/60000 (15%)]	loss=2.1889
2025-03-01T06:06:20Z INFO     Train Epoch: 1 [10240/60000 (17%)]	loss=2.1537
2025-03-01T06:06:20Z INFO     Train Epoch: 1 [11520/60000 (19%)]	loss=2.1208
2025-03-01T06:06:20Z INFO     Train Epoch: 1 [12800/60000 (21%)]	loss=2.0504
2025-03-01T06:06:20Z INFO     Train Epoch: 1 [14080/60000 (23%)]	loss=1.8950
2025-03-01T06:06:20Z INFO     Train Epoch: 1 [15360/60000 (26%)]	loss=1.7615
2025-03-01T06:06:21Z INFO     Train Epoch: 1 [16640/60000 (28%)]	loss=1.5672
2025-03-01T06:06:21Z INFO     Train Epoch: 1 [17920/60000 (30%)]	loss=1.4268
2025-03-01T06:06:21Z INFO     Train Epoch: 1 [19200/60000 (32%)]	loss=1.2303
2025-03-01T06:06:21Z INFO     Train Epoch: 1 [20480/60000 (34%)]	loss=1.1255
2025-03-01T06:06:21Z INFO     Train Epoch: 1 [21760/60000 (36%)]	loss=1.0025
2025-03-01T06:06:21Z INFO     Train Epoch: 1 [23040/60000 (38%)]	loss=1.0411
2025-03-01T06:06:21Z INFO     Train Epoch: 1 [24320/60000 (41%)]	loss=0.9847
2025-03-01T06:06:21Z INFO     Train Epoch: 1 [25600/60000 (43%)]	loss=0.9055
2025-03-01T06:06:21Z INFO     Train Epoch: 1 [26880/60000 (45%)]	loss=1.1192
2025-03-01T06:06:22Z INFO     Train Epoch: 1 [28160/60000 (47%)]	loss=0.8891
2025-03-01T06:06:22Z INFO     Train Epoch: 1 [29440/60000 (49%)]	loss=0.9847
2025-03-01T06:06:22Z INFO     Train Epoch: 1 [30720/60000 (51%)]	loss=0.9614
2025-03-01T06:06:22Z INFO     Train Epoch: 1 [32000/60000 (53%)]	loss=0.7998
2025-03-01T06:06:22Z INFO     Train Epoch: 1 [33280/60000 (55%)]	loss=0.9860
2025-03-01T06:06:22Z INFO     Train Epoch: 1 [34560/60000 (58%)]	loss=0.9387
2025-03-01T06:06:22Z INFO     Train Epoch: 1 [35840/60000 (60%)]	loss=0.8522
2025-03-01T06:06:22Z INFO     Train Epoch: 1 [37120/60000 (62%)]	loss=0.8093
2025-03-01T06:06:22Z INFO     Train Epoch: 1 [38400/60000 (64%)]	loss=0.8509
2025-03-01T06:06:23Z INFO     Train Epoch: 1 [39680/60000 (66%)]	loss=0.7483
2025-03-01T06:06:23Z INFO     Train Epoch: 1 [40960/60000 (68%)]	loss=0.8603
2025-03-01T06:06:23Z INFO     Train Epoch: 1 [42240/60000 (70%)]	loss=0.8184
2025-03-01T06:06:23Z INFO     Train Epoch: 1 [43520/60000 (72%)]	loss=0.8406
2025-03-01T06:06:23Z INFO     Train Epoch: 1 [44800/60000 (75%)]	loss=0.7441
2025-03-01T06:06:23Z INFO     Train Epoch: 1 [46080/60000 (77%)]	loss=0.8671
2025-03-01T06:06:23Z INFO     Train Epoch: 1 [47360/60000 (79%)]	loss=0.7631
2025-03-01T06:06:23Z INFO     Train Epoch: 1 [48640/60000 (81%)]	loss=0.6738
2025-03-01T06:06:23Z INFO     Train Epoch: 1 [49920/60000 (83%)]	loss=0.8794
2025-03-01T06:06:23Z INFO     Train Epoch: 1 [51200/60000 (85%)]	loss=0.8756
2025-03-01T06:06:24Z INFO     Train Epoch: 1 [52480/60000 (87%)]	loss=0.6698
2025-03-01T06:06:24Z INFO     Train Epoch: 1 [53760/60000 (90%)]	loss=0.8915
2025-03-01T06:06:24Z INFO     Train Epoch: 1 [55040/60000 (92%)]	loss=0.7126
2025-03-01T06:06:24Z INFO     Train Epoch: 1 [56320/60000 (94%)]	loss=0.8203
2025-03-01T06:06:24Z INFO     Train Epoch: 1 [57600/60000 (96%)]	loss=0.8555
2025-03-01T06:06:24Z INFO     Train Epoch: 1 [58880/60000 (98%)]	loss=0.8277
2025-03-01T06:06:25Z INFO     {metricName: accuracy, metricValue: 0.6849};{metricName: loss, metricValue: 0.8134}

2025-03-01T06:06:25Z INFO     Train Epoch: 2 [0/60000 (0%)]	loss=0.8573
2025-03-01T06:06:25Z INFO     Train Epoch: 2 [1280/60000 (2%)]	loss=0.8180
2025-03-01T06:06:25Z INFO     Train Epoch: 2 [2560/60000 (4%)]	loss=0.7343
2025-03-01T06:06:25Z INFO     Train Epoch: 2 [3840/60000 (6%)]	loss=0.7632
2025-03-01T06:06:26Z INFO     Train Epoch: 2 [5120/60000 (9%)]	loss=0.7892
2025-03-01T06:06:26Z INFO     Train Epoch: 2 [6400/60000 (11%)]	loss=0.7596
2025-03-01T06:06:26Z INFO     Train Epoch: 2 [7680/60000 (13%)]	loss=0.5588
2025-03-01T06:06:26Z INFO     Train Epoch: 2 [8960/60000 (15%)]	loss=0.6844
2025-03-01T06:06:26Z INFO     Train Epoch: 2 [10240/60000 (17%)]	loss=0.7541
2025-03-01T06:06:26Z INFO     Train Epoch: 2 [11520/60000 (19%)]	loss=0.7246
2025-03-01T06:06:26Z INFO     Train Epoch: 2 [12800/60000 (21%)]	loss=0.5993
2025-03-01T06:06:26Z INFO     Train Epoch: 2 [14080/60000 (23%)]	loss=0.8321
2025-03-01T06:06:26Z INFO     Train Epoch: 2 [15360/60000 (26%)]	loss=0.6688
2025-03-01T06:06:26Z INFO     Train Epoch: 2 [16640/60000 (28%)]	loss=0.5817
2025-03-01T06:06:27Z INFO     Train Epoch: 2 [17920/60000 (30%)]	loss=0.7746
2025-03-01T06:06:27Z INFO     Train Epoch: 2 [19200/60000 (32%)]	loss=0.8009
2025-03-01T06:06:27Z INFO     Train Epoch: 2 [20480/60000 (34%)]	loss=0.7063
2025-03-01T06:06:27Z INFO     Train Epoch: 2 [21760/60000 (36%)]	loss=0.7697
2025-03-01T06:06:27Z INFO     Train Epoch: 2 [23040/60000 (38%)]	loss=0.6140
2025-03-01T06:06:27Z INFO     Train Epoch: 2 [24320/60000 (41%)]	loss=0.7357
2025-03-01T06:06:27Z INFO     Train Epoch: 2 [25600/60000 (43%)]	loss=0.6571
2025-03-01T06:06:27Z INFO     Train Epoch: 2 [26880/60000 (45%)]	loss=0.7738
2025-03-01T06:06:27Z INFO     Train Epoch: 2 [28160/60000 (47%)]	loss=0.5300
2025-03-01T06:06:27Z INFO     Train Epoch: 2 [29440/60000 (49%)]	loss=0.6240
2025-03-01T06:06:28Z INFO     Train Epoch: 2 [30720/60000 (51%)]	loss=0.6103
2025-03-01T06:06:28Z INFO     Train Epoch: 2 [32000/60000 (53%)]	loss=0.8239
2025-03-01T06:06:28Z INFO     Train Epoch: 2 [33280/60000 (55%)]	loss=0.7252
2025-03-01T06:06:28Z INFO     Train Epoch: 2 [34560/60000 (58%)]	loss=0.7146
2025-03-01T06:06:28Z INFO     Train Epoch: 2 [35840/60000 (60%)]	loss=0.6531
2025-03-01T06:06:28Z INFO     Train Epoch: 2 [37120/60000 (62%)]	loss=0.8277
2025-03-01T06:06:28Z INFO     Train Epoch: 2 [38400/60000 (64%)]	loss=0.5677
2025-03-01T06:06:28Z INFO     Train Epoch: 2 [39680/60000 (66%)]	loss=0.6905
2025-03-01T06:06:28Z INFO     Train Epoch: 2 [40960/60000 (68%)]	loss=0.5730
2025-03-01T06:06:29Z INFO     Train Epoch: 2 [42240/60000 (70%)]	loss=0.5831
2025-03-01T06:06:29Z INFO     Train Epoch: 2 [43520/60000 (72%)]	loss=0.7384
2025-03-01T06:06:29Z INFO     Train Epoch: 2 [44800/60000 (75%)]	loss=0.6270
2025-03-01T06:06:29Z INFO     Train Epoch: 2 [46080/60000 (77%)]	loss=0.5713
2025-03-01T06:06:29Z INFO     Train Epoch: 2 [47360/60000 (79%)]	loss=0.6564
2025-03-01T06:06:29Z INFO     Train Epoch: 2 [48640/60000 (81%)]	loss=0.6750
2025-03-01T06:06:29Z INFO     Train Epoch: 2 [49920/60000 (83%)]	loss=0.6094
2025-03-01T06:06:29Z INFO     Train Epoch: 2 [51200/60000 (85%)]	loss=0.8374
2025-03-01T06:06:29Z INFO     Train Epoch: 2 [52480/60000 (87%)]	loss=0.6366
2025-03-01T06:06:29Z INFO     Train Epoch: 2 [53760/60000 (90%)]	loss=0.5984
2025-03-01T06:06:30Z INFO     Train Epoch: 2 [55040/60000 (92%)]	loss=0.5012
2025-03-01T06:06:30Z INFO     Train Epoch: 2 [56320/60000 (94%)]	loss=0.6140
2025-03-01T06:06:30Z INFO     Train Epoch: 2 [57600/60000 (96%)]	loss=0.7189
2025-03-01T06:06:30Z INFO     Train Epoch: 2 [58880/60000 (98%)]	loss=0.6254
2025-03-01T06:06:31Z INFO     {metricName: accuracy, metricValue: 0.7211};{metricName: loss, metricValue: 0.7022}

2025-03-01T06:06:31Z INFO     Train Epoch: 3 [0/60000 (0%)]	loss=0.6802
2025-03-01T06:06:31Z INFO     Train Epoch: 3 [1280/60000 (2%)]	loss=0.8816
2025-03-01T06:06:31Z INFO     Train Epoch: 3 [2560/60000 (4%)]	loss=0.7521
2025-03-01T06:06:31Z INFO     Train Epoch: 3 [3840/60000 (6%)]	loss=0.6338
2025-03-01T06:06:31Z INFO     Train Epoch: 3 [5120/60000 (9%)]	loss=0.5843
2025-03-01T06:06:31Z INFO     Train Epoch: 3 [6400/60000 (11%)]	loss=0.6406
2025-03-01T06:06:31Z INFO     Train Epoch: 3 [7680/60000 (13%)]	loss=0.6103
2025-03-01T06:06:32Z INFO     Train Epoch: 3 [8960/60000 (15%)]	loss=0.7179
2025-03-01T06:06:32Z INFO     Train Epoch: 3 [10240/60000 (17%)]	loss=0.5238
2025-03-01T06:06:32Z INFO     Train Epoch: 3 [11520/60000 (19%)]	loss=0.7042
2025-03-01T06:06:32Z INFO     Train Epoch: 3 [12800/60000 (21%)]	loss=0.6361
2025-03-01T06:06:32Z INFO     Train Epoch: 3 [14080/60000 (23%)]	loss=0.5409
2025-03-01T06:06:32Z INFO     Train Epoch: 3 [15360/60000 (26%)]	loss=0.4875
2025-03-01T06:06:32Z INFO     Train Epoch: 3 [16640/60000 (28%)]	loss=0.5764
2025-03-01T06:06:32Z INFO     Train Epoch: 3 [17920/60000 (30%)]	loss=0.6225
2025-03-01T06:06:32Z INFO     Train Epoch: 3 [19200/60000 (32%)]	loss=0.5482
2025-03-01T06:06:33Z INFO     Train Epoch: 3 [20480/60000 (34%)]	loss=0.6204
2025-03-01T06:06:33Z INFO     Train Epoch: 3 [21760/60000 (36%)]	loss=0.6195
2025-03-01T06:06:33Z INFO     Train Epoch: 3 [23040/60000 (38%)]	loss=0.5459
2025-03-01T06:06:33Z INFO     Train Epoch: 3 [24320/60000 (41%)]	loss=0.6478
2025-03-01T06:06:33Z INFO     Train Epoch: 3 [25600/60000 (43%)]	loss=0.4420
2025-03-01T06:06:33Z INFO     Train Epoch: 3 [26880/60000 (45%)]	loss=0.4898
2025-03-01T06:06:33Z INFO     Train Epoch: 3 [28160/60000 (47%)]	loss=0.6394
2025-03-01T06:06:33Z INFO     Train Epoch: 3 [29440/60000 (49%)]	loss=0.6219
2025-03-01T06:06:33Z INFO     Train Epoch: 3 [30720/60000 (51%)]	loss=0.5966
2025-03-01T06:06:34Z INFO     Train Epoch: 3 [32000/60000 (53%)]	loss=0.4861
2025-03-01T06:06:34Z INFO     Train Epoch: 3 [33280/60000 (55%)]	loss=0.6229
2025-03-01T06:06:34Z INFO     Train Epoch: 3 [34560/60000 (58%)]	loss=0.6181
2025-03-01T06:06:34Z INFO     Train Epoch: 3 [35840/60000 (60%)]	loss=0.6089
2025-03-01T06:06:34Z INFO     Train Epoch: 3 [37120/60000 (62%)]	loss=0.4525
2025-03-01T06:06:34Z INFO     Train Epoch: 3 [38400/60000 (64%)]	loss=0.7111
2025-03-01T06:06:34Z INFO     Train Epoch: 3 [39680/60000 (66%)]	loss=0.5436
2025-03-01T06:06:34Z INFO     Train Epoch: 3 [40960/60000 (68%)]	loss=0.5258
2025-03-01T06:06:34Z INFO     Train Epoch: 3 [42240/60000 (70%)]	loss=0.5274
2025-03-01T06:06:35Z INFO     Train Epoch: 3 [43520/60000 (72%)]	loss=0.5873
2025-03-01T06:06:35Z INFO     Train Epoch: 3 [44800/60000 (75%)]	loss=0.6913
2025-03-01T06:06:35Z INFO     Train Epoch: 3 [46080/60000 (77%)]	loss=0.4787
2025-03-01T06:06:35Z INFO     Train Epoch: 3 [47360/60000 (79%)]	loss=0.4108
2025-03-01T06:06:35Z INFO     Train Epoch: 3 [48640/60000 (81%)]	loss=0.5684
2025-03-01T06:06:35Z INFO     Train Epoch: 3 [49920/60000 (83%)]	loss=0.6076
2025-03-01T06:06:35Z INFO     Train Epoch: 3 [51200/60000 (85%)]	loss=0.5981
2025-03-01T06:06:35Z INFO     Train Epoch: 3 [52480/60000 (87%)]	loss=0.5953
2025-03-01T06:06:35Z INFO     Train Epoch: 3 [53760/60000 (90%)]	loss=0.6255
2025-03-01T06:06:36Z INFO     Train Epoch: 3 [55040/60000 (92%)]	loss=0.6703
2025-03-01T06:06:36Z INFO     Train Epoch: 3 [56320/60000 (94%)]	loss=0.7379
2025-03-01T06:06:36Z INFO     Train Epoch: 3 [57600/60000 (96%)]	loss=0.6610
2025-03-01T06:06:36Z INFO     Train Epoch: 3 [58880/60000 (98%)]	loss=0.6031
2025-03-01T06:06:37Z INFO     {metricName: accuracy, metricValue: 0.7946};{metricName: loss, metricValue: 0.5694}

2025-03-01T06:06:37Z INFO     Train Epoch: 4 [0/60000 (0%)]	loss=0.5132
2025-03-01T06:06:37Z INFO     Train Epoch: 4 [1280/60000 (2%)]	loss=0.6264
2025-03-01T06:06:37Z INFO     Train Epoch: 4 [2560/60000 (4%)]	loss=0.6773
2025-03-01T06:06:37Z INFO     Train Epoch: 4 [3840/60000 (6%)]	loss=0.5536
2025-03-01T06:06:37Z INFO     Train Epoch: 4 [5120/60000 (9%)]	loss=0.5431
2025-03-01T06:06:37Z INFO     Train Epoch: 4 [6400/60000 (11%)]	loss=0.4615
2025-03-01T06:06:37Z INFO     Train Epoch: 4 [7680/60000 (13%)]	loss=0.5734
2025-03-01T06:06:38Z INFO     Train Epoch: 4 [8960/60000 (15%)]	loss=0.4750
2025-03-01T06:06:38Z INFO     Train Epoch: 4 [10240/60000 (17%)]	loss=0.6647
2025-03-01T06:06:38Z INFO     Train Epoch: 4 [11520/60000 (19%)]	loss=0.5590
2025-03-01T06:06:38Z INFO     Train Epoch: 4 [12800/60000 (21%)]	loss=0.4290
2025-03-01T06:06:38Z INFO     Train Epoch: 4 [14080/60000 (23%)]	loss=0.5187
2025-03-01T06:06:38Z INFO     Train Epoch: 4 [15360/60000 (26%)]	loss=0.5377
2025-03-01T06:06:38Z INFO     Train Epoch: 4 [16640/60000 (28%)]	loss=0.5534
2025-03-01T06:06:38Z INFO     Train Epoch: 4 [17920/60000 (30%)]	loss=0.6066
2025-03-01T06:06:38Z INFO     Train Epoch: 4 [19200/60000 (32%)]	loss=0.3623
2025-03-01T06:06:38Z INFO     Train Epoch: 4 [20480/60000 (34%)]	loss=0.4912
2025-03-01T06:06:39Z INFO     Train Epoch: 4 [21760/60000 (36%)]	loss=0.6135
2025-03-01T06:06:39Z INFO     Train Epoch: 4 [23040/60000 (38%)]	loss=0.5474
2025-03-01T06:06:39Z INFO     Train Epoch: 4 [24320/60000 (41%)]	loss=0.4985
2025-03-01T06:06:39Z INFO     Train Epoch: 4 [25600/60000 (43%)]	loss=0.5129
2025-03-01T06:06:39Z INFO     Train Epoch: 4 [26880/60000 (45%)]	loss=0.6410
2025-03-01T06:06:39Z INFO     Train Epoch: 4 [28160/60000 (47%)]	loss=0.5726
2025-03-01T06:06:39Z INFO     Train Epoch: 4 [29440/60000 (49%)]	loss=0.4729
2025-03-01T06:06:39Z INFO     Train Epoch: 4 [30720/60000 (51%)]	loss=0.5538
2025-03-01T06:06:39Z INFO     Train Epoch: 4 [32000/60000 (53%)]	loss=0.4185
2025-03-01T06:06:40Z INFO     Train Epoch: 4 [33280/60000 (55%)]	loss=0.5601
2025-03-01T06:06:40Z INFO     Train Epoch: 4 [34560/60000 (58%)]	loss=0.5756
2025-03-01T06:06:40Z INFO     Train Epoch: 4 [35840/60000 (60%)]	loss=0.4641
2025-03-01T06:06:40Z INFO     Train Epoch: 4 [37120/60000 (62%)]	loss=0.4648
2025-03-01T06:06:40Z INFO     Train Epoch: 4 [38400/60000 (64%)]	loss=0.4028
2025-03-01T06:06:40Z INFO     Train Epoch: 4 [39680/60000 (66%)]	loss=0.5681
2025-03-01T06:06:40Z INFO     Train Epoch: 4 [40960/60000 (68%)]	loss=0.4564
2025-03-01T06:06:40Z INFO     Train Epoch: 4 [42240/60000 (70%)]	loss=0.5168
2025-03-01T06:06:40Z INFO     Train Epoch: 4 [43520/60000 (72%)]	loss=0.3827
2025-03-01T06:06:41Z INFO     Train Epoch: 4 [44800/60000 (75%)]	loss=0.5708
2025-03-01T06:06:41Z INFO     Train Epoch: 4 [46080/60000 (77%)]	loss=0.5844
2025-03-01T06:06:41Z INFO     Train Epoch: 4 [47360/60000 (79%)]	loss=0.4073
2025-03-01T06:06:41Z INFO     Train Epoch: 4 [48640/60000 (81%)]	loss=0.5177
2025-03-01T06:06:41Z INFO     Train Epoch: 4 [49920/60000 (83%)]	loss=0.5401
2025-03-01T06:06:41Z INFO     Train Epoch: 4 [51200/60000 (85%)]	loss=0.6757
2025-03-01T06:06:41Z INFO     Train Epoch: 4 [52480/60000 (87%)]	loss=0.4930
2025-03-01T06:06:41Z INFO     Train Epoch: 4 [53760/60000 (90%)]	loss=0.4185
2025-03-01T06:06:41Z INFO     Train Epoch: 4 [55040/60000 (92%)]	loss=0.5515
2025-03-01T06:06:42Z INFO     Train Epoch: 4 [56320/60000 (94%)]	loss=0.3645
2025-03-01T06:06:42Z INFO     Train Epoch: 4 [57600/60000 (96%)]	loss=0.5937
2025-03-01T06:06:42Z INFO     Train Epoch: 4 [58880/60000 (98%)]	loss=0.4776
2025-03-01T06:06:43Z INFO     {metricName: accuracy, metricValue: 0.8103};{metricName: loss, metricValue: 0.5219}


real	0m34.382s
user	0m50.605s
sys	0m17.545s
