
FLUX-JOB START 834314174464 samurai-iter-3
FLUX-JOB-JOBSPEC START
{"resources": [{"type": "node", "count": 8, "with": [{"type": "slot", "count": 88, "with": [{"type": "core", "count": 1}], "label": "task"}]}], "tasks": [{"command": ["/opt/samurai/build/demos/FiniteVolume/finite-volume-advection-2d", "14", "14"], "slot": "task", "count": {"per_slot": 1}}], "attributes": {"system": {"duration": 0, "cwd": "/opt/gromacs-2024.2/build/tests/regressiontests-2024.2/complex/argon", "shell": {"options": {"rlimit": {"cpu": -1, "fsize": -1, "data": -1, "stack": 8388608, "core": -1, "nofile": 1048576, "as": -1, "rss": -1, "nproc": -1}, "cpu-affinity": "per-task", "gpu-affinity": "off"}}}, "user": {"study_id": "samurai-iter-3"}}, "version": 1}
FLUX-JOB-JOBSPEC END
FLUX-JOB-RESOURCES START
{"version": 1, "execution": {"R_lite": [{"rank": "0-7", "children": {"core": "0-87"}}], "nodelist": ["sam-[0-7]"], "starttime": 1748125455, "expiration": 4901725405}}
FLUX-JOB-RESOURCES END
FLUX-JOB-EVENTLOG START
{"timestamp":1748125455.2016652,"name":"init"}
{"timestamp":1748125455.2022476,"name":"starting"}
{"timestamp":1748125455.2155745,"name":"shell.init","context":{"service":"0-shell-fNv8VDzw","leader-rank":0,"size":8}}
{"timestamp":1748125455.416467,"name":"shell.start","context":{"taskmap":{"version":1,"map":[[0,8,88,1]]}}}
{"timestamp":1748125472.0222166,"name":"shell.task-exit","context":{"localid":69,"rank":69,"state":"Exited","pid":747,"wait_status":0,"signaled":0,"exitcode":0}}
{"timestamp":1748125475.7881582,"name":"complete","context":{"status":0}}
{"timestamp":1748125475.788193,"name":"done"}

FLUX-JOB-EVENTLOG END
FLUX-JOB END 834314174464 samurai-iter-3

FLUX-JOB START 450384363520 samurai-iter-2
FLUX-JOB-JOBSPEC START
{"resources": [{"type": "node", "count": 8, "with": [{"type": "slot", "count": 88, "with": [{"type": "core", "count": 1}], "label": "task"}]}], "tasks": [{"command": ["/opt/samurai/build/demos/FiniteVolume/finite-volume-advection-2d", "14", "14"], "slot": "task", "count": {"per_slot": 1}}], "attributes": {"system": {"duration": 0, "cwd": "/opt/gromacs-2024.2/build/tests/regressiontests-2024.2/complex/argon", "shell": {"options": {"rlimit": {"cpu": -1, "fsize": -1, "data": -1, "stack": 8388608, "core": -1, "nofile": 1048576, "as": -1, "rss": -1, "nproc": -1}, "cpu-affinity": "per-task", "gpu-affinity": "off"}}}, "user": {"study_id": "samurai-iter-2"}}, "version": 1}
FLUX-JOB-JOBSPEC END
FLUX-JOB-RESOURCES START
{"version": 1, "execution": {"R_lite": [{"rank": "0-7", "children": {"core": "0-87"}}], "nodelist": ["sam-[0-7]"], "starttime": 1748125432, "expiration": 4901725405}}
FLUX-JOB-RESOURCES END
FLUX-JOB-EVENTLOG START
{"timestamp":1748125432.3177216,"name":"init"}
{"timestamp":1748125432.3183734,"name":"starting"}
{"timestamp":1748125432.3609846,"name":"shell.init","context":{"service":"0-shell-fCqBvb7u","leader-rank":0,"size":8}}
{"timestamp":1748125432.5631924,"name":"shell.start","context":{"taskmap":{"version":1,"map":[[0,8,88,1]]}}}
{"timestamp":1748125449.3406918,"name":"shell.task-exit","context":{"localid":84,"rank":84,"state":"Exited","pid":509,"wait_status":0,"signaled":0,"exitcode":0}}
{"timestamp":1748125453.6066198,"name":"complete","context":{"status":0}}
{"timestamp":1748125453.6066575,"name":"done"}

FLUX-JOB-EVENTLOG END
FLUX-JOB END 450384363520 samurai-iter-2

FLUX-JOB START 30551310336 samurai-iter-1
FLUX-JOB-JOBSPEC START
{"resources": [{"type": "node", "count": 8, "with": [{"type": "slot", "count": 88, "with": [{"type": "core", "count": 1}], "label": "task"}]}], "tasks": [{"command": ["/opt/samurai/build/demos/FiniteVolume/finite-volume-advection-2d", "14", "14"], "slot": "task", "count": {"per_slot": 1}}], "attributes": {"system": {"duration": 0, "cwd": "/opt/gromacs-2024.2/build/tests/regressiontests-2024.2/complex/argon", "shell": {"options": {"rlimit": {"cpu": -1, "fsize": -1, "data": -1, "stack": 8388608, "core": -1, "nofile": 1048576, "as": -1, "rss": -1, "nproc": -1}, "cpu-affinity": "per-task", "gpu-affinity": "off"}}}, "user": {"study_id": "samurai-iter-1"}}, "version": 1}
FLUX-JOB-JOBSPEC END
FLUX-JOB-RESOURCES START
{"version": 1, "execution": {"R_lite": [{"rank": "0-7", "children": {"core": "0-87"}}], "nodelist": ["sam-[0-7]"], "starttime": 1748125407, "expiration": 4901725405}}
FLUX-JOB-RESOURCES END
FLUX-JOB-EVENTLOG START
{"timestamp":1748125407.2936532,"name":"init"}
{"timestamp":1748125407.2941878,"name":"starting"}
{"timestamp":1748125407.4122818,"name":"shell.init","context":{"service":"0-shell-foYiTAw","leader-rank":0,"size":8}}
{"timestamp":1748125407.6182332,"name":"shell.start","context":{"taskmap":{"version":1,"map":[[0,8,88,1]]}}}
{"timestamp":1748125424.5536692,"name":"shell.task-exit","context":{"localid":2,"rank":2,"state":"Exited","pid":101,"wait_status":0,"signaled":0,"exitcode":0}}
{"timestamp":1748125430.4814091,"name":"complete","context":{"status":0}}
{"timestamp":1748125430.4814456,"name":"done"}

FLUX-JOB-EVENTLOG END
FLUX-JOB END 30551310336 samurai-iter-1
FLUX JOB STATS
{"job_states":{"depend":0,"priority":0,"sched":0,"run":0,"cleanup":0,"inactive":3,"total":3},"successful":3,"failed":0,"canceled":0,"timeout":0,"inactive_purged":0,"queues":[]}
