unlimited
PROGRAM: futex
Looking for /opt/programs/futex/ebpf-collect.c
[17:32:34] Starting eBPF (Tracepoints for futex syscalls).
[17:32:35] BPF program loaded and tracepoints automatically attached.
[17:32:35] Start Indicator file defined '/mnt/flux/start_ebpf_collection'. Waiting.
[17:33:05] Start indicator found. Proceeding.
[17:33:05] Ring buffers opened. Polling for events...
[17:33:57] 
Indicator file '/mnt/flux/stop_ebpf_collection' found. Stopping.
[17:33:57] Cleaning up BPF resources...
{
  "final_aggregated_futex_summary_river": [
    {
      "tgid": 3865,
      "comm": "kubelet",
      "cgroup_id": 6640,
      "wait_duration_stats_ns": {
        "count": 4869.0,
        "sum": 2355628765063.9985,
        "mean": 483801348.33928907,
        "median": 18538127.743182015,
        "min": 492,
        "max": 57124128454,
        "variance_ns2": 1.664636909513689e+19,
        "iqr_ns": 54249804.75025031,
        "q1_ns": 1849823.3911575568,
        "q3_ns": 56099628.14140787
      },
      "futex_op_counts": {
        "128": 4869
      },
      "first_seen_ts_ns": 430404964367,
      "last_seen_ts_ns": 512618515245
    },
    {
      "tgid": 3675,
      "comm": "containerd",
      "cgroup_id": 6520,
      "wait_duration_stats_ns": {
        "count": 2595.0,
        "sum": 682716010080.9995,
        "mean": 263089021.2258187,
        "median": 7644901.025632481,
        "min": 495,
        "max": 33402594999,
        "variance_ns2": 1.980813427921038e+18,
        "iqr_ns": 140798431.42258918,
        "q1_ns": 61615.82294581833,
        "q3_ns": 140860047.24553502
      },
      "futex_op_counts": {
        "128": 2595
      },
      "first_seen_ts_ns": 430423617399,
      "last_seen_ts_ns": 512665315050
    },
    {
      "tgid": 7977,
      "comm": "containerd-shim",
      "cgroup_id": 6520,
      "wait_duration_stats_ns": {
        "count": 475.0,
        "sum": 381615970432.00006,
        "mean": 803402043.014737,
        "median": 3625997.533358728,
        "min": 2860,
        "max": 23579480142,
        "variance_ns2": 6.22438515355453e+18,
        "iqr_ns": 100256516.93708049,
        "q1_ns": 951161.5745115094,
        "q3_ns": 101207678.511592
      },
      "futex_op_counts": {
        "128": 475
      },
      "first_seen_ts_ns": 431128542369,
      "last_seen_ts_ns": 511311273190
    },
    {
      "tgid": 7861,
      "comm": "fluent-bit-gke-",
      "cgroup_id": 8532,
      "wait_duration_stats_ns": {
        "count": 153.0,
        "sum": 302102135813.99994,
        "mean": 1974523763.4901958,
        "median": 923058610.3006872,
        "min": 488,
        "max": 44140165027,
        "variance_ns2": 2.8799082610922693e+19,
        "iqr_ns": 1276436990.373066,
        "q1_ns": 217292517.39705145,
        "q3_ns": 1493729507.7701173
      },
      "futex_op_counts": {
        "128": 153
      },
      "first_seen_ts_ns": 461167129162,
      "last_seen_ts_ns": 512168486534
    },
    {
      "tgid": 7484,
      "comm": "prometheus",
      "cgroup_id": 8295,
      "wait_duration_stats_ns": {
        "count": 2544.0,
        "sum": 295032339414.0004,
        "mean": 115971831.53066055,
        "median": 44182371.443316065,
        "min": 16201,
        "max": 48070125678,
        "variance_ns2": 1.8404943567504576e+18,
        "iqr_ns": 10109808.232100002,
        "q1_ns": 40066905.92308365,
        "q3_ns": 50176714.15518365
      },
      "futex_op_counts": {
        "128": 2544
      },
      "first_seen_ts_ns": 430409863440,
      "last_seen_ts_ns": 512658662377
    },
    {
      "tgid": 4313,
      "comm": "kube-proxy",
      "cgroup_id": 7366,
      "wait_duration_stats_ns": {
        "count": 151.0,
        "sum": 290109749364.00024,
        "mean": 1921256618.3046372,
        "median": 504753761.22726893,
        "min": 3066,
        "max": 22440163650,
        "variance_ns2": 2.1029042677692047e+19,
        "iqr_ns": 1208134995.5181801,
        "q1_ns": 8834862.530279122,
        "q3_ns": 1216969858.0484593
      },
      "futex_op_counts": {
        "128": 151
      },
      "first_seen_ts_ns": 461446273302,
      "last_seen_ts_ns": 511449310555
    },
    {
      "tgid": 6695,
      "comm": "containerd-shim",
      "cgroup_id": 6520,
      "wait_duration_stats_ns": {
        "count": 144.0,
        "sum": 279243458291.0002,
        "mean": 1939190682.57639,
        "median": 29454101.114976123,
        "min": 900,
        "max": 29999471729,
        "variance_ns2": 1.9147409834290455e+19,
        "iqr_ns": 2329737955.30265,
        "q1_ns": 4857879.77403984,
        "q3_ns": 2334595835.0766897
      },
      "futex_op_counts": {
        "128": 144
      },
      "first_seen_ts_ns": 431129035564,
      "last_seen_ts_ns": 511308847985
    },
    {
      "tgid": 4250,
      "comm": "containerd-shim",
      "cgroup_id": 6520,
      "wait_duration_stats_ns": {
        "count": 88.0,
        "sum": 270605404860.0,
        "mean": 3075061418.8636365,
        "median": 367264402.6674496,
        "min": 1857,
        "max": 29998979531,
        "variance_ns2": 3.040711146713824e+19,
        "iqr_ns": 4499702745.229454,
        "q1_ns": 7416273.443830603,
        "q3_ns": 4507119018.673285
      },
      "futex_op_counts": {
        "128": 88
      },
      "first_seen_ts_ns": 431190435039,
      "last_seen_ts_ns": 511307755927
    },
    {
      "tgid": 6579,
      "comm": "containerd-shim",
      "cgroup_id": 6520,
      "wait_duration_stats_ns": {
        "count": 201.0,
        "sum": 267612027508.00006,
        "mean": 1331403121.9303486,
        "median": 12441246.278462395,
        "min": 508,
        "max": 30060593508,
        "variance_ns2": 1.2623862660759658e+19,
        "iqr_ns": 1478654530.4790778,
        "q1_ns": 410833.2708726418,
        "q3_ns": 1479065363.7499504
      },
      "futex_op_counts": {
        "128": 201
      },
      "first_seen_ts_ns": 431124742411,
      "last_seen_ts_ns": 511310769445
    },
    {
      "tgid": 6596,
      "comm": "containerd-shim",
      "cgroup_id": 6520,
      "wait_duration_stats_ns": {
        "count": 146.0,
        "sum": 256531355406.00003,
        "mean": 1757064078.123288,
        "median": 42438852.34971229,
        "min": 876,
        "max": 18649814728,
        "variance_ns2": 1.2373743147830049e+19,
        "iqr_ns": 2878815495.5474067,
        "q1_ns": 5509097.055392814,
        "q3_ns": 2884324592.6027994
      },
      "futex_op_counts": {
        "128": 146
      },
      "first_seen_ts_ns": 431123643828,
      "last_seen_ts_ns": 511312167426
    },
    {
      "tgid": 10305,
      "comm": "containerd-shim",
      "cgroup_id": 6520,
      "wait_duration_stats_ns": {
        "count": 190.0,
        "sum": 239488977933.0001,
        "mean": 1260468304.9105268,
        "median": 25939415.53611746,
        "min": 1058,
        "max": 24623329904,
        "variance_ns2": 9.67024465762579e+18,
        "iqr_ns": 1118727596.4323323,
        "q1_ns": 403281.077470797,
        "q3_ns": 1119130877.509803
      },
      "futex_op_counts": {
        "128": 190
      },
      "first_seen_ts_ns": 430867839583,
      "last_seen_ts_ns": 512665227913
    },
    {
      "tgid": 7734,
      "comm": "config-reloader",
      "cgroup_id": 8374,
      "wait_duration_stats_ns": {
        "count": 17.0,
        "sum": 235231705324.00003,
        "mean": 13837159136.705885,
        "median": 9029924809.671429,
        "min": 347864,
        "max": 59998818706,
        "variance_ns2": 3.1629822216764745e+20,
        "iqr_ns": 5391563786.331174,
        "q1_ns": 8085426914.289323,
        "q3_ns": 13476990700.620497
      },
      "futex_op_counts": {
        "128": 17
      },
      "first_seen_ts_ns": 462772837945,
      "last_seen_ts_ns": 510430613476
    },
    {
      "tgid": 3932,
      "comm": "node-problem-de",
      "cgroup_id": 6700,
      "wait_duration_stats_ns": {
        "count": 219.0,
        "sum": 140433206083.00003,
        "mean": 641247516.3607308,
        "median": 433057234.2955857,
        "min": 1818,
        "max": 23161237570,
        "variance_ns2": 2.837390833907194e+18,
        "iqr_ns": 952665431.0936803,
        "q1_ns": 43134320.537720285,
        "q3_ns": 995799751.6314006
      },
      "futex_op_counts": {
        "128": 219
      },
      "first_seen_ts_ns": 431003536891,
      "last_seen_ts_ns": 512667540296
    },
    {
      "tgid": 1732,
      "comm": "google_osconfig",
      "cgroup_id": 4234,
      "wait_duration_stats_ns": {
        "count": 55.0,
        "sum": 134854924473.99998,
        "mean": 2451907717.7090907,
        "median": 2863732701.766046,
        "min": 3064,
        "max": 29996112894,
        "variance_ns2": 1.9962383099938423e+19,
        "iqr_ns": 4382934556.876851,
        "q1_ns": 55156153.5807855,
        "q3_ns": 4438090710.457637
      },
      "futex_op_counts": {
        "128": 55
      },
      "first_seen_ts_ns": 465140474589,
      "last_seen_ts_ns": 510184421468
    },
    {
      "tgid": 7951,
      "comm": "main",
      "cgroup_id": 8611,
      "wait_duration_stats_ns": {
        "count": 40.0,
        "sum": 109929000513.99997,
        "mean": 2748225012.8499994,
        "median": 3182092105.688472,
        "min": 136550,
        "max": 5003863454,
        "variance_ns2": 5.726499344774611e+18,
        "iqr_ns": 4694141581.254834,
        "q1_ns": 293050360.02886015,
        "q3_ns": 4987191941.283694
      },
      "futex_op_counts": {
        "128": 40
      },
      "first_seen_ts_ns": 460717652694,
      "last_seen_ts_ns": 510722137451
    },
    {
      "tgid": 7357,
      "comm": "main",
      "cgroup_id": 8216,
      "wait_duration_stats_ns": {
        "count": 77.0,
        "sum": 109905296643.99998,
        "mean": 1427341514.8571427,
        "median": 435550178.82977337,
        "min": 42037,
        "max": 5004066631,
        "variance_ns2": 5.128921795732317e+18,
        "iqr_ns": 4429600702.452965,
        "q1_ns": 1871514.6411614232,
        "q3_ns": 4431472217.094126
      },
      "futex_op_counts": {
        "128": 77
      },
      "first_seen_ts_ns": 462293680860,
      "last_seen_ts_ns": 512298329871
    },
    {
      "tgid": 2775,
      "comm": "dockerd",
      "cgroup_id": 6400,
      "wait_duration_stats_ns": {
        "count": 12.0,
        "sum": 99929110353.0,
        "mean": 8327425862.75,
        "median": 9657815737.833334,
        "min": 76558791,
        "max": 10001216594,
        "variance_ns2": 1.4851200616891765e+19,
        "iqr_ns": 1249287971.5,
        "q1_ns": 8747317833.25,
        "q3_ns": 9996605804.75
      },
      "futex_op_counts": {
        "128": 12
      },
      "first_seen_ts_ns": 462738223502,
      "last_seen_ts_ns": 502747072895
    },
    {
      "tgid": 1731,
      "comm": "google_guest_ag",
      "cgroup_id": 4174,
      "wait_duration_stats_ns": {
        "count": 34.0,
        "sum": 99920586275.00002,
        "mean": 2938840772.794118,
        "median": 4316032682.864402,
        "min": 806718,
        "max": 5005365851,
        "variance_ns2": 4.908126309069079e+18,
        "iqr_ns": 4373243705.457137,
        "q1_ns": 548653533.9563626,
        "q3_ns": 4921897239.4135
      },
      "futex_op_counts": {
        "128": 34
      },
      "first_seen_ts_ns": 430497044835,
      "last_seen_ts_ns": 510527760470
    },
    {
      "tgid": 7175,
      "comm": "otelsvc",
      "cgroup_id": 8137,
      "wait_duration_stats_ns": {
        "count": 179.0,
        "sum": 51519991243.99998,
        "mean": 287821180.1340781,
        "median": 394751865.2221573,
        "min": 67313,
        "max": 499222383,
        "variance_ns2": 4.973467870619236e+16,
        "iqr_ns": 470699843.10896254,
        "q1_ns": 17940613.20558878,
        "q3_ns": 488640456.3145513
      },
      "futex_op_counts": {
        "128": 179
      },
      "first_seen_ts_ns": 431051311564,
      "last_seen_ts_ns": 512551308804
    },
    {
      "tgid": 8414,
      "comm": "gce-pd-csi-driv",
      "cgroup_id": 8927,
      "wait_duration_stats_ns": {
        "count": 92.0,
        "sum": 51270563596.00001,
        "mean": 557288734.7391305,
        "median": 589903099.2785877,
        "min": 25784426,
        "max": 591190302,
        "variance_ns2": 1.2466858199380002e+16,
        "iqr_ns": 149542.75862824917,
        "q1_ns": 589777204.516606,
        "q3_ns": 589926747.2752342
      },
      "futex_op_counts": {
        "128": 92
      },
      "first_seen_ts_ns": 460672782159,
      "last_seen_ts_ns": 512272778928
    },
    {
      "tgid": 8070,
      "comm": "csi-node-driver",
      "cgroup_id": 8848,
      "wait_duration_stats_ns": {
        "count": 2.0,
        "sum": 1998715125.0,
        "mean": 999357562.5,
        "median": 1000432890.0,
        "min": 998282235,
        "max": 1000432890,
        "variance_ns2": 2312658464512.5,
        "iqr_ns": 2150655.0,
        "q1_ns": 998282235.0,
        "q3_ns": 1000432890.0
      },
      "futex_op_counts": {
        "128": 2
      },
      "first_seen_ts_ns": 480036673617,
      "last_seen_ts_ns": 480037064939
    },
    {
      "tgid": 11455,
      "comm": "runc",
      "cgroup_id": 6520,
      "wait_duration_stats_ns": {
        "count": 293.0,
        "sum": 761317960.0,
        "mean": 2598354.8122866894,
        "median": 122251.05288358321,
        "min": 7177,
        "max": 124407098,
        "variance_ns2": 210002532120965.94,
        "iqr_ns": 535123.6874582386,
        "q1_ns": 30071.103080659548,
        "q3_ns": 565194.7905388981
      },
      "futex_op_counts": {
        "128": 293
      },
      "first_seen_ts_ns": 483691106424,
      "last_seen_ts_ns": 483822020576
    },
    {
      "tgid": 11400,
      "comm": "runc",
      "cgroup_id": 6520,
      "wait_duration_stats_ns": {
        "count": 311.0,
        "sum": 756901837.0,
        "mean": 2433767.964630225,
        "median": 181892.75192234313,
        "min": 676,
        "max": 112875052,
        "variance_ns2": 169996318880529.03,
        "iqr_ns": 743822.1675277284,
        "q1_ns": 31034.392432306027,
        "q3_ns": 774856.5599600344
      },
      "futex_op_counts": {
        "128": 311
      },
      "first_seen_ts_ns": 473689084011,
      "last_seen_ts_ns": 473805039580
    },
    {
      "tgid": 11475,
      "comm": "runc",
      "cgroup_id": 6520,
      "wait_duration_stats_ns": {
        "count": 323.0,
        "sum": 704090640.0,
        "mean": 2179847.1826625387,
        "median": 82124.3217775383,
        "min": 712,
        "max": 114636055,
        "variance_ns2": 177432551557907.16,
        "iqr_ns": 2041755.2661736284,
        "q1_ns": 23276.549959840875,
        "q3_ns": 2065031.8161334693
      },
      "futex_op_counts": {
        "128": 323
      },
      "first_seen_ts_ns": 493685622837,
      "last_seen_ts_ns": 493806760240
    },
    {
      "tgid": 11497,
      "comm": "runc",
      "cgroup_id": 6520,
      "wait_duration_stats_ns": {
        "count": 292.0,
        "sum": 544018004.0,
        "mean": 1863075.3561643837,
        "median": 65397.67542178287,
        "min": 2530,
        "max": 73331550,
        "variance_ns2": 96930139947744.9,
        "iqr_ns": 342502.3863992626,
        "q1_ns": 15755.746515570201,
        "q3_ns": 358258.1329148328
      },
      "futex_op_counts": {
        "128": 292
      },
      "first_seen_ts_ns": 503686132642,
      "last_seen_ts_ns": 503769467264
    },
    {
      "tgid": 11486,
      "comm": "runc:[2:INIT]",
      "cgroup_id": 8848,
      "wait_duration_stats_ns": {
        "count": 36.0,
        "sum": 452357245.9999999,
        "mean": 12565479.055555552,
        "median": 1336388.4939752102,
        "min": 3584,
        "max": 72706760,
        "variance_ns2": 530913859248831.3,
        "iqr_ns": 6938991.607809283,
        "q1_ns": 127018.4423864617,
        "q3_ns": 7066010.050195744
      },
      "futex_op_counts": {
        "128": 36
      },
      "first_seen_ts_ns": 493715178191,
      "last_seen_ts_ns": 493806772459
    },
    {
      "tgid": 11411,
      "comm": "runc:[2:INIT]",
      "cgroup_id": 8848,
      "wait_duration_stats_ns": {
        "count": 34.0,
        "sum": 381745286.0,
        "mean": 11227802.529411765,
        "median": 3517327.0390796033,
        "min": 2582,
        "max": 58851888,
        "variance_ns2": 288176357555393.8,
        "iqr_ns": 7838132.208800713,
        "q1_ns": 1374409.1822194364,
        "q3_ns": 9212541.391020149
      },
      "futex_op_counts": {
        "128": 34
      },
      "first_seen_ts_ns": 473724073626,
      "last_seen_ts_ns": 473805376089
    },
    {
      "tgid": 11466,
      "comm": "runc:[2:INIT]",
      "cgroup_id": 8848,
      "wait_duration_stats_ns": {
        "count": 25.0,
        "sum": 365271740.00000006,
        "mean": 14610869.600000001,
        "median": 3151430.822675618,
        "min": 550,
        "max": 76885101,
        "variance_ns2": 658281467457353.9,
        "iqr_ns": 8550558.087719532,
        "q1_ns": 862630.9160686374,
        "q3_ns": 9413189.00378817
      },
      "futex_op_counts": {
        "128": 25
      },
      "first_seen_ts_ns": 483725087914,
      "last_seen_ts_ns": 483819628491
    },
    {
      "tgid": 11508,
      "comm": "runc:[2:INIT]",
      "cgroup_id": 8848,
      "wait_duration_stats_ns": {
        "count": 31.0,
        "sum": 267372699.99999994,
        "mean": 8624925.806451611,
        "median": 1970411.1977106165,
        "min": 558,
        "max": 37449784,
        "variance_ns2": 151879759382177.66,
        "iqr_ns": 11376437.978585443,
        "q1_ns": 915836.6421760531,
        "q3_ns": 12292274.620761495
      },
      "futex_op_counts": {
        "128": 31
      },
      "first_seen_ts_ns": 503712083365,
      "last_seen_ts_ns": 503769520850
    },
    {
      "tgid": 11379,
      "comm": "runc",
      "cgroup_id": 6520,
      "wait_duration_stats_ns": {
        "count": 387.0,
        "sum": 181146420.99999997,
        "mean": 468078.60723514203,
        "median": 37660.13585819755,
        "min": 846,
        "max": 31389837,
        "variance_ns2": 10756242672412.062,
        "iqr_ns": 103663.3945310685,
        "q1_ns": 18368.756652292894,
        "q3_ns": 122032.15118336139
      },
      "futex_op_counts": {
        "128": 387
      },
      "first_seen_ts_ns": 463685190670,
      "last_seen_ts_ns": 463719558613
    },
    {
      "tgid": 11389,
      "comm": "runc:[2:INIT]",
      "cgroup_id": 8848,
      "wait_duration_stats_ns": {
        "count": 35.0,
        "sum": 111598290.0,
        "mean": 3188522.5714285714,
        "median": 415854.6382406772,
        "min": 577,
        "max": 15519834,
        "variance_ns2": 27610474775774.957,
        "iqr_ns": 4528416.178766936,
        "q1_ns": 21633.21277196022,
        "q3_ns": 4550049.391538897
      },
      "futex_op_counts": {
        "128": 35
      },
      "first_seen_ts_ns": 463693496986,
      "last_seen_ts_ns": 463719532989
    },
    {
      "tgid": 11056,
      "comm": "runc",
      "cgroup_id": 6520,
      "wait_duration_stats_ns": {
        "count": 32.0,
        "sum": 21571040.999999996,
        "mean": 674095.0312499999,
        "median": 270480.87869680894,
        "min": 19215,
        "max": 5410137,
        "variance_ns2": 1409264324735.1926,
        "iqr_ns": 853186.2495511782,
        "q1_ns": 82984.6162888464,
        "q3_ns": 936170.8658400245
      },
      "futex_op_counts": {
        "128": 32
      },
      "first_seen_ts_ns": 430870063661,
      "last_seen_ts_ns": 430875649735
    },
    {
      "tgid": 11062,
      "comm": "runc",
      "cgroup_id": 6520,
      "wait_duration_stats_ns": {
        "count": 25.0,
        "sum": 18149953.000000007,
        "mean": 725998.1200000002,
        "median": 447723.5131102414,
        "min": 12314,
        "max": 4598346,
        "variance_ns2": 1406338100799.4434,
        "iqr_ns": 914179.1213814692,
        "q1_ns": 122103.20665991514,
        "q3_ns": 1036282.3280413843
      },
      "futex_op_counts": {
        "128": 25
      },
      "first_seen_ts_ns": 430881772710,
      "last_seen_ts_ns": 430886508319
    },
    {
      "tgid": 11411,
      "comm": "csi-node-driver",
      "cgroup_id": 8848,
      "wait_duration_stats_ns": {
        "count": 21.0,
        "sum": 11634995.999999998,
        "mean": 554047.4285714285,
        "median": 279796.5977615746,
        "min": 28235,
        "max": 2051168,
        "variance_ns2": 382787290932.15717,
        "iqr_ns": 927697.9738884164,
        "q1_ns": 69149.25155202825,
        "q3_ns": 996847.2254404447
      },
      "futex_op_counts": {
        "128": 21
      },
      "first_seen_ts_ns": 473825154065,
      "last_seen_ts_ns": 473828779516
    },
    {
      "tgid": 11508,
      "comm": "csi-node-driver",
      "cgroup_id": 8848,
      "wait_duration_stats_ns": {
        "count": 22.0,
        "sum": 11364392.999999998,
        "mean": 516563.3181818181,
        "median": 70175.46870631858,
        "min": 827,
        "max": 2419875,
        "variance_ns2": 515412169348.7035,
        "iqr_ns": 666746.5243821992,
        "q1_ns": 58092.893673469385,
        "q3_ns": 724839.4180556686
      },
      "futex_op_counts": {
        "128": 22
      },
      "first_seen_ts_ns": 503777669130,
      "last_seen_ts_ns": 503781641030
    },
    {
      "tgid": 11486,
      "comm": "csi-node-driver",
      "cgroup_id": 8848,
      "wait_duration_stats_ns": {
        "count": 22.0,
        "sum": 9182237.0,
        "mean": 417374.4090909091,
        "median": 45279.57884053568,
        "min": 15254,
        "max": 3122777,
        "variance_ns2": 543331173173.96765,
        "iqr_ns": 358798.4735288127,
        "q1_ns": 25284.719375251072,
        "q3_ns": 384083.1929040638
      },
      "futex_op_counts": {
        "128": 22
      },
      "first_seen_ts_ns": 493812293196,
      "last_seen_ts_ns": 493815452807
    },
    {
      "tgid": 11466,
      "comm": "csi-node-driver",
      "cgroup_id": 8848,
      "wait_duration_stats_ns": {
        "count": 21.0,
        "sum": 9072852.999999998,
        "mean": 432040.619047619,
        "median": 170432.52553355973,
        "min": 12138,
        "max": 1654378,
        "variance_ns2": 290430286615.2477,
        "iqr_ns": 776570.5928879712,
        "q1_ns": 63869.1423158195,
        "q3_ns": 840439.7352037907
      },
      "futex_op_counts": {
        "128": 21
      },
      "first_seen_ts_ns": 483823322291,
      "last_seen_ts_ns": 483826434145
    },
    {
      "tgid": 11389,
      "comm": "csi-node-driver",
      "cgroup_id": 8848,
      "wait_duration_stats_ns": {
        "count": 21.0,
        "sum": 9038378.0,
        "mean": 430398.9523809524,
        "median": 82652.10159447807,
        "min": 13052,
        "max": 1820083,
        "variance_ns2": 316567421326.0476,
        "iqr_ns": 763236.4481778651,
        "q1_ns": 29999.88580246914,
        "q3_ns": 793236.3339803342
      },
      "futex_op_counts": {
        "128": 21
      },
      "first_seen_ts_ns": 463721359731,
      "last_seen_ts_ns": 463724504780
    },
    {
      "tgid": 10961,
      "comm": "flux-broker-40",
      "cgroup_id": 9731,
      "wait_duration_stats_ns": {
        "count": 157.0,
        "sum": 3593778.0000000014,
        "mean": 22890.305732484085,
        "median": 862.576325849632,
        "min": 453,
        "max": 2881552,
        "variance_ns2": 52838751347.94439,
        "iqr_ns": 2558.65680816794,
        "q1_ns": 570.7691527981427,
        "q3_ns": 3129.425960966083
      },
      "futex_op_counts": {
        "128": 157
      },
      "first_seen_ts_ns": 460944014733,
      "last_seen_ts_ns": 512661112909
    },
    {
      "tgid": 10961,
      "comm": "ZMQbg/IO/0",
      "cgroup_id": 9731,
      "wait_duration_stats_ns": {
        "count": 15.0,
        "sum": 10313.999999999998,
        "mean": 687.5999999999999,
        "median": 516.0625000000001,
        "min": 410,
        "max": 1998,
        "variance_ns2": 219415.11428571428,
        "iqr_ns": 98.12829861111106,
        "q1_ns": 476.5,
        "q3_ns": 574.6282986111111
      },
      "futex_op_counts": {
        "128": 15
      },
      "first_seen_ts_ns": 507573251887,
      "last_seen_ts_ns": 512662103916
    },
    {
      "tgid": 11223,
      "comm": "lmp",
      "cgroup_id": 9731,
      "wait_duration_stats_ns": {
        "count": 1.0,
        "sum": 8949.0,
        "mean": 8949.0,
        "median": 8949.0,
        "min": 8949,
        "max": 8949,
        "variance_ns2": null,
        "iqr_ns": 0.0,
        "q1_ns": 8949.0,
        "q3_ns": 8949.0
      },
      "futex_op_counts": {
        "128": 1
      },
      "first_seen_ts_ns": 507549015632,
      "last_seen_ts_ns": 507549015632
    },
    {
      "tgid": 11365,
      "comm": "lmp",
      "cgroup_id": 9731,
      "wait_duration_stats_ns": {
        "count": 1.0,
        "sum": 8835.0,
        "mean": 8835.0,
        "median": 8835.0,
        "min": 8835,
        "max": 8835,
        "variance_ns2": null,
        "iqr_ns": 0.0,
        "q1_ns": 8835.0,
        "q3_ns": 8835.0
      },
      "futex_op_counts": {
        "128": 1
      },
      "first_seen_ts_ns": 507548019645,
      "last_seen_ts_ns": 507548019645
    },
    {
      "tgid": 11275,
      "comm": "lmp",
      "cgroup_id": 9731,
      "wait_duration_stats_ns": {
        "count": 1.0,
        "sum": 8545.0,
        "mean": 8545.0,
        "median": 8545.0,
        "min": 8545,
        "max": 8545,
        "variance_ns2": null,
        "iqr_ns": 0.0,
        "q1_ns": 8545.0,
        "q3_ns": 8545.0
      },
      "futex_op_counts": {
        "128": 1
      },
      "first_seen_ts_ns": 507548114972,
      "last_seen_ts_ns": 507548114972
    },
    {
      "tgid": 11349,
      "comm": "lmp",
      "cgroup_id": 9731,
      "wait_duration_stats_ns": {
        "count": 1.0,
        "sum": 8511.0,
        "mean": 8511.0,
        "median": 8511.0,
        "min": 8511,
        "max": 8511,
        "variance_ns2": null,
        "iqr_ns": 0.0,
        "q1_ns": 8511.0,
        "q3_ns": 8511.0
      },
      "futex_op_counts": {
        "128": 1
      },
      "first_seen_ts_ns": 507547237571,
      "last_seen_ts_ns": 507547237571
    },
    {
      "tgid": 11335,
      "comm": "lmp",
      "cgroup_id": 9731,
      "wait_duration_stats_ns": {
        "count": 1.0,
        "sum": 8241.0,
        "mean": 8241.0,
        "median": 8241.0,
        "min": 8241,
        "max": 8241,
        "variance_ns2": null,
        "iqr_ns": 0.0,
        "q1_ns": 8241.0,
        "q3_ns": 8241.0
      },
      "futex_op_counts": {
        "128": 1
      },
      "first_seen_ts_ns": 507549202426,
      "last_seen_ts_ns": 507549202426
    },
    {
      "tgid": 11265,
      "comm": "lmp",
      "cgroup_id": 9731,
      "wait_duration_stats_ns": {
        "count": 1.0,
        "sum": 8239.0,
        "mean": 8239.0,
        "median": 8239.0,
        "min": 8239,
        "max": 8239,
        "variance_ns2": null,
        "iqr_ns": 0.0,
        "q1_ns": 8239.0,
        "q3_ns": 8239.0
      },
      "futex_op_counts": {
        "128": 1
      },
      "first_seen_ts_ns": 507548940124,
      "last_seen_ts_ns": 507548940124
    },
    {
      "tgid": 11287,
      "comm": "lmp",
      "cgroup_id": 9731,
      "wait_duration_stats_ns": {
        "count": 1.0,
        "sum": 8220.0,
        "mean": 8220.0,
        "median": 8220.0,
        "min": 8220,
        "max": 8220,
        "variance_ns2": null,
        "iqr_ns": 0.0,
        "q1_ns": 8220.0,
        "q3_ns": 8220.0
      },
      "futex_op_counts": {
        "128": 1
      },
      "first_seen_ts_ns": 507548114680,
      "last_seen_ts_ns": 507548114680
    },
    {
      "tgid": 11263,
      "comm": "lmp",
      "cgroup_id": 9731,
      "wait_duration_stats_ns": {
        "count": 1.0,
        "sum": 8195.0,
        "mean": 8195.0,
        "median": 8195.0,
        "min": 8195,
        "max": 8195,
        "variance_ns2": null,
        "iqr_ns": 0.0,
        "q1_ns": 8195.0,
        "q3_ns": 8195.0
      },
      "futex_op_counts": {
        "128": 1
      },
      "first_seen_ts_ns": 507549142327,
      "last_seen_ts_ns": 507549142327
    },
    {
      "tgid": 11319,
      "comm": "lmp",
      "cgroup_id": 9731,
      "wait_duration_stats_ns": {
        "count": 1.0,
        "sum": 8169.0,
        "mean": 8169.0,
        "median": 8169.0,
        "min": 8169,
        "max": 8169,
        "variance_ns2": null,
        "iqr_ns": 0.0,
        "q1_ns": 8169.0,
        "q3_ns": 8169.0
      },
      "futex_op_counts": {
        "128": 1
      },
      "first_seen_ts_ns": 507548146386,
      "last_seen_ts_ns": 507548146386
    },
    {
      "tgid": 11259,
      "comm": "lmp",
      "cgroup_id": 9731,
      "wait_duration_stats_ns": {
        "count": 1.0,
        "sum": 8091.0,
        "mean": 8091.0,
        "median": 8091.0,
        "min": 8091,
        "max": 8091,
        "variance_ns2": null,
        "iqr_ns": 0.0,
        "q1_ns": 8091.0,
        "q3_ns": 8091.0
      },
      "futex_op_counts": {
        "128": 1
      },
      "first_seen_ts_ns": 507548372373,
      "last_seen_ts_ns": 507548372373
    },
    {
      "tgid": 11277,
      "comm": "lmp",
      "cgroup_id": 9731,
      "wait_duration_stats_ns": {
        "count": 1.0,
        "sum": 8040.0,
        "mean": 8040.0,
        "median": 8040.0,
        "min": 8040,
        "max": 8040,
        "variance_ns2": null,
        "iqr_ns": 0.0,
        "q1_ns": 8040.0,
        "q3_ns": 8040.0
      },
      "futex_op_counts": {
        "128": 1
      },
      "first_seen_ts_ns": 507548601231,
      "last_seen_ts_ns": 507548601231
    },
    {
      "tgid": 11204,
      "comm": "lmp",
      "cgroup_id": 9731,
      "wait_duration_stats_ns": {
        "count": 1.0,
        "sum": 7977.0,
        "mean": 7977.0,
        "median": 7977.0,
        "min": 7977,
        "max": 7977,
        "variance_ns2": null,
        "iqr_ns": 0.0,
        "q1_ns": 7977.0,
        "q3_ns": 7977.0
      },
      "futex_op_counts": {
        "128": 1
      },
      "first_seen_ts_ns": 507547411362,
      "last_seen_ts_ns": 507547411362
    },
    {
      "tgid": 11301,
      "comm": "lmp",
      "cgroup_id": 9731,
      "wait_duration_stats_ns": {
        "count": 1.0,
        "sum": 7919.0,
        "mean": 7919.0,
        "median": 7919.0,
        "min": 7919,
        "max": 7919,
        "variance_ns2": null,
        "iqr_ns": 0.0,
        "q1_ns": 7919.0,
        "q3_ns": 7919.0
      },
      "futex_op_counts": {
        "128": 1
      },
      "first_seen_ts_ns": 507548635091,
      "last_seen_ts_ns": 507548635091
    },
    {
      "tgid": 11271,
      "comm": "lmp",
      "cgroup_id": 9731,
      "wait_duration_stats_ns": {
        "count": 1.0,
        "sum": 7906.0,
        "mean": 7906.0,
        "median": 7906.0,
        "min": 7906,
        "max": 7906,
        "variance_ns2": null,
        "iqr_ns": 0.0,
        "q1_ns": 7906.0,
        "q3_ns": 7906.0
      },
      "futex_op_counts": {
        "128": 1
      },
      "first_seen_ts_ns": 507548522111,
      "last_seen_ts_ns": 507548522111
    },
    {
      "tgid": 11239,
      "comm": "lmp",
      "cgroup_id": 9731,
      "wait_duration_stats_ns": {
        "count": 1.0,
        "sum": 7891.0,
        "mean": 7891.0,
        "median": 7891.0,
        "min": 7891,
        "max": 7891,
        "variance_ns2": null,
        "iqr_ns": 0.0,
        "q1_ns": 7891.0,
        "q3_ns": 7891.0
      },
      "futex_op_counts": {
        "128": 1
      },
      "first_seen_ts_ns": 507548957118,
      "last_seen_ts_ns": 507548957118
    },
    {
      "tgid": 11273,
      "comm": "lmp",
      "cgroup_id": 9731,
      "wait_duration_stats_ns": {
        "count": 1.0,
        "sum": 7834.0,
        "mean": 7834.0,
        "median": 7834.0,
        "min": 7834,
        "max": 7834,
        "variance_ns2": null,
        "iqr_ns": 0.0,
        "q1_ns": 7834.0,
        "q3_ns": 7834.0
      },
      "futex_op_counts": {
        "128": 1
      },
      "first_seen_ts_ns": 507548555095,
      "last_seen_ts_ns": 507548555095
    },
    {
      "tgid": 11249,
      "comm": "lmp",
      "cgroup_id": 9731,
      "wait_duration_stats_ns": {
        "count": 1.0,
        "sum": 7815.0,
        "mean": 7815.0,
        "median": 7815.0,
        "min": 7815,
        "max": 7815,
        "variance_ns2": null,
        "iqr_ns": 0.0,
        "q1_ns": 7815.0,
        "q3_ns": 7815.0
      },
      "futex_op_counts": {
        "128": 1
      },
      "first_seen_ts_ns": 507548462542,
      "last_seen_ts_ns": 507548462542
    },
    {
      "tgid": 11297,
      "comm": "lmp",
      "cgroup_id": 9731,
      "wait_duration_stats_ns": {
        "count": 1.0,
        "sum": 7798.0,
        "mean": 7798.0,
        "median": 7798.0,
        "min": 7798,
        "max": 7798,
        "variance_ns2": null,
        "iqr_ns": 0.0,
        "q1_ns": 7798.0,
        "q3_ns": 7798.0
      },
      "futex_op_counts": {
        "128": 1
      },
      "first_seen_ts_ns": 507548982696,
      "last_seen_ts_ns": 507548982696
    },
    {
      "tgid": 11246,
      "comm": "lmp",
      "cgroup_id": 9731,
      "wait_duration_stats_ns": {
        "count": 1.0,
        "sum": 7795.0,
        "mean": 7795.0,
        "median": 7795.0,
        "min": 7795,
        "max": 7795,
        "variance_ns2": null,
        "iqr_ns": 0.0,
        "q1_ns": 7795.0,
        "q3_ns": 7795.0
      },
      "futex_op_counts": {
        "128": 1
      },
      "first_seen_ts_ns": 507548446066,
      "last_seen_ts_ns": 507548446066
    },
    {
      "tgid": 11283,
      "comm": "lmp",
      "cgroup_id": 9731,
      "wait_duration_stats_ns": {
        "count": 1.0,
        "sum": 7790.0,
        "mean": 7790.0,
        "median": 7790.0,
        "min": 7790,
        "max": 7790,
        "variance_ns2": null,
        "iqr_ns": 0.0,
        "q1_ns": 7790.0,
        "q3_ns": 7790.0
      },
      "futex_op_counts": {
        "128": 1
      },
      "first_seen_ts_ns": 507548572191,
      "last_seen_ts_ns": 507548572191
    },
    {
      "tgid": 11339,
      "comm": "lmp",
      "cgroup_id": 9731,
      "wait_duration_stats_ns": {
        "count": 1.0,
        "sum": 7757.0,
        "mean": 7757.0,
        "median": 7757.0,
        "min": 7757,
        "max": 7757,
        "variance_ns2": null,
        "iqr_ns": 0.0,
        "q1_ns": 7757.0,
        "q3_ns": 7757.0
      },
      "futex_op_counts": {
        "128": 1
      },
      "first_seen_ts_ns": 507548291935,
      "last_seen_ts_ns": 507548291935
    },
    {
      "tgid": 11269,
      "comm": "lmp",
      "cgroup_id": 9731,
      "wait_duration_stats_ns": {
        "count": 1.0,
        "sum": 7754.0,
        "mean": 7754.0,
        "median": 7754.0,
        "min": 7754,
        "max": 7754,
        "variance_ns2": null,
        "iqr_ns": 0.0,
        "q1_ns": 7754.0,
        "q3_ns": 7754.0
      },
      "futex_op_counts": {
        "128": 1
      },
      "first_seen_ts_ns": 507548505540,
      "last_seen_ts_ns": 507548505540
    },
    {
      "tgid": 11363,
      "comm": "lmp",
      "cgroup_id": 9731,
      "wait_duration_stats_ns": {
        "count": 1.0,
        "sum": 7735.0,
        "mean": 7735.0,
        "median": 7735.0,
        "min": 7735,
        "max": 7735,
        "variance_ns2": null,
        "iqr_ns": 0.0,
        "q1_ns": 7735.0,
        "q3_ns": 7735.0
      },
      "futex_op_counts": {
        "128": 1
      },
      "first_seen_ts_ns": 507548277108,
      "last_seen_ts_ns": 507548277108
    },
    {
      "tgid": 11279,
      "comm": "lmp",
      "cgroup_id": 9731,
      "wait_duration_stats_ns": {
        "count": 1.0,
        "sum": 7721.0,
        "mean": 7721.0,
        "median": 7721.0,
        "min": 7721,
        "max": 7721,
        "variance_ns2": null,
        "iqr_ns": 0.0,
        "q1_ns": 7721.0,
        "q3_ns": 7721.0
      },
      "futex_op_counts": {
        "128": 1
      },
      "first_seen_ts_ns": 507548585562,
      "last_seen_ts_ns": 507548585562
    },
    {
      "tgid": 11228,
      "comm": "lmp",
      "cgroup_id": 9731,
      "wait_duration_stats_ns": {
        "count": 1.0,
        "sum": 7720.0,
        "mean": 7720.0,
        "median": 7720.0,
        "min": 7720,
        "max": 7720,
        "variance_ns2": null,
        "iqr_ns": 0.0,
        "q1_ns": 7720.0,
        "q3_ns": 7720.0
      },
      "futex_op_counts": {
        "128": 1
      },
      "first_seen_ts_ns": 507548873908,
      "last_seen_ts_ns": 507548873908
    },
    {
      "tgid": 11210,
      "comm": "lmp",
      "cgroup_id": 9731,
      "wait_duration_stats_ns": {
        "count": 1.0,
        "sum": 7713.0,
        "mean": 7713.0,
        "median": 7713.0,
        "min": 7713,
        "max": 7713,
        "variance_ns2": null,
        "iqr_ns": 0.0,
        "q1_ns": 7713.0,
        "q3_ns": 7713.0
      },
      "futex_op_counts": {
        "128": 1
      },
      "first_seen_ts_ns": 507549040452,
      "last_seen_ts_ns": 507549040452
    },
    {
      "tgid": 11291,
      "comm": "lmp",
      "cgroup_id": 9731,
      "wait_duration_stats_ns": {
        "count": 1.0,
        "sum": 7694.0,
        "mean": 7694.0,
        "median": 7694.0,
        "min": 7694,
        "max": 7694,
        "variance_ns2": null,
        "iqr_ns": 0.0,
        "q1_ns": 7694.0,
        "q3_ns": 7694.0
      },
      "futex_op_counts": {
        "128": 1
      },
      "first_seen_ts_ns": 507548069119,
      "last_seen_ts_ns": 507548069119
    },
    {
      "tgid": 11257,
      "comm": "lmp",
      "cgroup_id": 9731,
      "wait_duration_stats_ns": {
        "count": 1.0,
        "sum": 7694.0,
        "mean": 7694.0,
        "median": 7694.0,
        "min": 7694,
        "max": 7694,
        "variance_ns2": null,
        "iqr_ns": 0.0,
        "q1_ns": 7694.0,
        "q3_ns": 7694.0
      },
      "futex_op_counts": {
        "128": 1
      },
      "first_seen_ts_ns": 507548492178,
      "last_seen_ts_ns": 507548492178
    },
    {
      "tgid": 11251,
      "comm": "lmp",
      "cgroup_id": 9731,
      "wait_duration_stats_ns": {
        "count": 1.0,
        "sum": 7680.0,
        "mean": 7680.0,
        "median": 7680.0,
        "min": 7680,
        "max": 7680,
        "variance_ns2": null,
        "iqr_ns": 0.0,
        "q1_ns": 7680.0,
        "q3_ns": 7680.0
      },
      "futex_op_counts": {
        "128": 1
      },
      "first_seen_ts_ns": 507548081372,
      "last_seen_ts_ns": 507548081372
    },
    {
      "tgid": 11216,
      "comm": "lmp",
      "cgroup_id": 9731,
      "wait_duration_stats_ns": {
        "count": 1.0,
        "sum": 7680.0,
        "mean": 7680.0,
        "median": 7680.0,
        "min": 7680,
        "max": 7680,
        "variance_ns2": null,
        "iqr_ns": 0.0,
        "q1_ns": 7680.0,
        "q3_ns": 7680.0
      },
      "futex_op_counts": {
        "128": 1
      },
      "first_seen_ts_ns": 507548760841,
      "last_seen_ts_ns": 507548760841
    },
    {
      "tgid": 11261,
      "comm": "lmp",
      "cgroup_id": 9731,
      "wait_duration_stats_ns": {
        "count": 1.0,
        "sum": 7678.0,
        "mean": 7678.0,
        "median": 7678.0,
        "min": 7678,
        "max": 7678,
        "variance_ns2": null,
        "iqr_ns": 0.0,
        "q1_ns": 7678.0,
        "q3_ns": 7678.0
      },
      "futex_op_counts": {
        "128": 1
      },
      "first_seen_ts_ns": 507548538361,
      "last_seen_ts_ns": 507548538361
    },
    {
      "tgid": 11337,
      "comm": "lmp",
      "cgroup_id": 9731,
      "wait_duration_stats_ns": {
        "count": 1.0,
        "sum": 7675.0,
        "mean": 7675.0,
        "median": 7675.0,
        "min": 7675,
        "max": 7675,
        "variance_ns2": null,
        "iqr_ns": 0.0,
        "q1_ns": 7675.0,
        "q3_ns": 7675.0
      },
      "futex_op_counts": {
        "128": 1
      },
      "first_seen_ts_ns": 507549302038,
      "last_seen_ts_ns": 507549302038
    },
    {
      "tgid": 11375,
      "comm": "lmp",
      "cgroup_id": 9731,
      "wait_duration_stats_ns": {
        "count": 1.0,
        "sum": 7671.0,
        "mean": 7671.0,
        "median": 7671.0,
        "min": 7671,
        "max": 7671,
        "variance_ns2": null,
        "iqr_ns": 0.0,
        "q1_ns": 7671.0,
        "q3_ns": 7671.0
      },
      "futex_op_counts": {
        "128": 1
      },
      "first_seen_ts_ns": 507547173091,
      "last_seen_ts_ns": 507547173091
    },
    {
      "tgid": 11205,
      "comm": "lmp",
      "cgroup_id": 9731,
      "wait_duration_stats_ns": {
        "count": 1.0,
        "sum": 7660.0,
        "mean": 7660.0,
        "median": 7660.0,
        "min": 7660,
        "max": 7660,
        "variance_ns2": null,
        "iqr_ns": 0.0,
        "q1_ns": 7660.0,
        "q3_ns": 7660.0
      },
      "futex_op_counts": {
        "128": 1
      },
      "first_seen_ts_ns": 507548746688,
      "last_seen_ts_ns": 507548746688
    },
    {
      "tgid": 11369,
      "comm": "lmp",
      "cgroup_id": 9731,
      "wait_duration_stats_ns": {
        "count": 1.0,
        "sum": 7653.0,
        "mean": 7653.0,
        "median": 7653.0,
        "min": 7653,
        "max": 7653,
        "variance_ns2": null,
        "iqr_ns": 0.0,
        "q1_ns": 7653.0,
        "q3_ns": 7653.0
      },
      "futex_op_counts": {
        "128": 1
      },
      "first_seen_ts_ns": 507547589701,
      "last_seen_ts_ns": 507547589701
    },
    {
      "tgid": 11285,
      "comm": "lmp",
      "cgroup_id": 9731,
      "wait_duration_stats_ns": {
        "count": 1.0,
        "sum": 7642.0,
        "mean": 7642.0,
        "median": 7642.0,
        "min": 7642,
        "max": 7642,
        "variance_ns2": null,
        "iqr_ns": 0.0,
        "q1_ns": 7642.0,
        "q3_ns": 7642.0
      },
      "futex_op_counts": {
        "128": 1
      },
      "first_seen_ts_ns": 507548617765,
      "last_seen_ts_ns": 507548617765
    },
    {
      "tgid": 11329,
      "comm": "lmp",
      "cgroup_id": 9731,
      "wait_duration_stats_ns": {
        "count": 1.0,
        "sum": 7605.0,
        "mean": 7605.0,
        "median": 7605.0,
        "min": 7605,
        "max": 7605,
        "variance_ns2": null,
        "iqr_ns": 0.0,
        "q1_ns": 7605.0,
        "q3_ns": 7605.0
      },
      "futex_op_counts": {
        "128": 1
      },
      "first_seen_ts_ns": 507548077423,
      "last_seen_ts_ns": 507548077423
    },
    {
      "tgid": 11371,
      "comm": "lmp",
      "cgroup_id": 9731,
      "wait_duration_stats_ns": {
        "count": 1.0,
        "sum": 7595.0,
        "mean": 7595.0,
        "median": 7595.0,
        "min": 7595,
        "max": 7595,
        "variance_ns2": null,
        "iqr_ns": 0.0,
        "q1_ns": 7595.0,
        "q3_ns": 7595.0
      },
      "futex_op_counts": {
        "128": 1
      },
      "first_seen_ts_ns": 507549318835,
      "last_seen_ts_ns": 507549318835
    },
    {
      "tgid": 11351,
      "comm": "lmp",
      "cgroup_id": 9731,
      "wait_duration_stats_ns": {
        "count": 1.0,
        "sum": 7592.0,
        "mean": 7592.0,
        "median": 7592.0,
        "min": 7592,
        "max": 7592,
        "variance_ns2": null,
        "iqr_ns": 0.0,
        "q1_ns": 7592.0,
        "q3_ns": 7592.0
      },
      "futex_op_counts": {
        "128": 1
      },
      "first_seen_ts_ns": 507548412188,
      "last_seen_ts_ns": 507548412188
    },
    {
      "tgid": 11353,
      "comm": "lmp",
      "cgroup_id": 9731,
      "wait_duration_stats_ns": {
        "count": 1.0,
        "sum": 7576.0,
        "mean": 7576.0,
        "median": 7576.0,
        "min": 7576,
        "max": 7576,
        "variance_ns2": null,
        "iqr_ns": 0.0,
        "q1_ns": 7576.0,
        "q3_ns": 7576.0
      },
      "futex_op_counts": {
        "128": 1
      },
      "first_seen_ts_ns": 507548340471,
      "last_seen_ts_ns": 507548340471
    },
    {
      "tgid": 11373,
      "comm": "lmp",
      "cgroup_id": 9731,
      "wait_duration_stats_ns": {
        "count": 1.0,
        "sum": 7575.0,
        "mean": 7575.0,
        "median": 7575.0,
        "min": 7575,
        "max": 7575,
        "variance_ns2": null,
        "iqr_ns": 0.0,
        "q1_ns": 7575.0,
        "q3_ns": 7575.0
      },
      "futex_op_counts": {
        "128": 1
      },
      "first_seen_ts_ns": 507548095980,
      "last_seen_ts_ns": 507548095980
    },
    {
      "tgid": 11233,
      "comm": "lmp",
      "cgroup_id": 9731,
      "wait_duration_stats_ns": {
        "count": 1.0,
        "sum": 7557.0,
        "mean": 7557.0,
        "median": 7557.0,
        "min": 7557,
        "max": 7557,
        "variance_ns2": null,
        "iqr_ns": 0.0,
        "q1_ns": 7557.0,
        "q3_ns": 7557.0
      },
      "futex_op_counts": {
        "128": 1
      },
      "first_seen_ts_ns": 507548850548,
      "last_seen_ts_ns": 507548850548
    },
    {
      "tgid": 11234,
      "comm": "lmp",
      "cgroup_id": 9731,
      "wait_duration_stats_ns": {
        "count": 1.0,
        "sum": 7556.0,
        "mean": 7556.0,
        "median": 7556.0,
        "min": 7556,
        "max": 7556,
        "variance_ns2": null,
        "iqr_ns": 0.0,
        "q1_ns": 7556.0,
        "q3_ns": 7556.0
      },
      "futex_op_counts": {
        "128": 1
      },
      "first_seen_ts_ns": 507549344185,
      "last_seen_ts_ns": 507549344185
    },
    {
      "tgid": 11289,
      "comm": "lmp",
      "cgroup_id": 9731,
      "wait_duration_stats_ns": {
        "count": 1.0,
        "sum": 7551.0,
        "mean": 7551.0,
        "median": 7551.0,
        "min": 7551,
        "max": 7551,
        "variance_ns2": null,
        "iqr_ns": 0.0,
        "q1_ns": 7551.0,
        "q3_ns": 7551.0
      },
      "futex_op_counts": {
        "128": 1
      },
      "first_seen_ts_ns": 507549061003,
      "last_seen_ts_ns": 507549061003
    },
    {
      "tgid": 11253,
      "comm": "lmp",
      "cgroup_id": 9731,
      "wait_duration_stats_ns": {
        "count": 1.0,
        "sum": 7529.0,
        "mean": 7529.0,
        "median": 7529.0,
        "min": 7529,
        "max": 7529,
        "variance_ns2": null,
        "iqr_ns": 0.0,
        "q1_ns": 7529.0,
        "q3_ns": 7529.0
      },
      "futex_op_counts": {
        "128": 1
      },
      "first_seen_ts_ns": 507548477880,
      "last_seen_ts_ns": 507548477880
    },
    {
      "tgid": 11323,
      "comm": "lmp",
      "cgroup_id": 9731,
      "wait_duration_stats_ns": {
        "count": 1.0,
        "sum": 7514.0,
        "mean": 7514.0,
        "median": 7514.0,
        "min": 7514,
        "max": 7514,
        "variance_ns2": null,
        "iqr_ns": 0.0,
        "q1_ns": 7514.0,
        "q3_ns": 7514.0
      },
      "futex_op_counts": {
        "128": 1
      },
      "first_seen_ts_ns": 507548160082,
      "last_seen_ts_ns": 507548160082
    },
    {
      "tgid": 11206,
      "comm": "lmp",
      "cgroup_id": 9731,
      "wait_duration_stats_ns": {
        "count": 1.0,
        "sum": 7493.0,
        "mean": 7493.0,
        "median": 7493.0,
        "min": 7493,
        "max": 7493,
        "variance_ns2": null,
        "iqr_ns": 0.0,
        "q1_ns": 7493.0,
        "q3_ns": 7493.0
      },
      "futex_op_counts": {
        "128": 1
      },
      "first_seen_ts_ns": 507548791448,
      "last_seen_ts_ns": 507548791448
    },
    {
      "tgid": 11203,
      "comm": "lmp",
      "cgroup_id": 9731,
      "wait_duration_stats_ns": {
        "count": 1.0,
        "sum": 7492.0,
        "mean": 7492.0,
        "median": 7492.0,
        "min": 7492,
        "max": 7492,
        "variance_ns2": null,
        "iqr_ns": 0.0,
        "q1_ns": 7492.0,
        "q3_ns": 7492.0
      },
      "futex_op_counts": {
        "128": 1
      },
      "first_seen_ts_ns": 507549078975,
      "last_seen_ts_ns": 507549078975
    },
    {
      "tgid": 11315,
      "comm": "lmp",
      "cgroup_id": 9731,
      "wait_duration_stats_ns": {
        "count": 1.0,
        "sum": 7477.0,
        "mean": 7477.0,
        "median": 7477.0,
        "min": 7477,
        "max": 7477,
        "variance_ns2": null,
        "iqr_ns": 0.0,
        "q1_ns": 7477.0,
        "q3_ns": 7477.0
      },
      "futex_op_counts": {
        "128": 1
      },
      "first_seen_ts_ns": 507546747520,
      "last_seen_ts_ns": 507546747520
    },
    {
      "tgid": 11281,
      "comm": "lmp",
      "cgroup_id": 9731,
      "wait_duration_stats_ns": {
        "count": 1.0,
        "sum": 7475.0,
        "mean": 7475.0,
        "median": 7475.0,
        "min": 7475,
        "max": 7475,
        "variance_ns2": null,
        "iqr_ns": 0.0,
        "q1_ns": 7475.0,
        "q3_ns": 7475.0
      },
      "futex_op_counts": {
        "128": 1
      },
      "first_seen_ts_ns": 507548690849,
      "last_seen_ts_ns": 507548690849
    },
    {
      "tgid": 11214,
      "comm": "lmp",
      "cgroup_id": 9731,
      "wait_duration_stats_ns": {
        "count": 1.0,
        "sum": 7465.0,
        "mean": 7465.0,
        "median": 7465.0,
        "min": 7465,
        "max": 7465,
        "variance_ns2": null,
        "iqr_ns": 0.0,
        "q1_ns": 7465.0,
        "q3_ns": 7465.0
      },
      "futex_op_counts": {
        "128": 1
      },
      "first_seen_ts_ns": 507548730380,
      "last_seen_ts_ns": 507548730380
    },
    {
      "tgid": 11237,
      "comm": "lmp",
      "cgroup_id": 9731,
      "wait_duration_stats_ns": {
        "count": 1.0,
        "sum": 7464.0,
        "mean": 7464.0,
        "median": 7464.0,
        "min": 7464,
        "max": 7464,
        "variance_ns2": null,
        "iqr_ns": 0.0,
        "q1_ns": 7464.0,
        "q3_ns": 7464.0
      },
      "futex_op_counts": {
        "128": 1
      },
      "first_seen_ts_ns": 507549390302,
      "last_seen_ts_ns": 507549390302
    },
    {
      "tgid": 11311,
      "comm": "lmp",
      "cgroup_id": 9731,
      "wait_duration_stats_ns": {
        "count": 1.0,
        "sum": 7456.0,
        "mean": 7456.0,
        "median": 7456.0,
        "min": 7456,
        "max": 7456,
        "variance_ns2": null,
        "iqr_ns": 0.0,
        "q1_ns": 7456.0,
        "q3_ns": 7456.0
      },
      "futex_op_counts": {
        "128": 1
      },
      "first_seen_ts_ns": 507548650670,
      "last_seen_ts_ns": 507548650670
    },
    {
      "tgid": 11355,
      "comm": "lmp",
      "cgroup_id": 9731,
      "wait_duration_stats_ns": {
        "count": 1.0,
        "sum": 7454.0,
        "mean": 7454.0,
        "median": 7454.0,
        "min": 7454,
        "max": 7454,
        "variance_ns2": null,
        "iqr_ns": 0.0,
        "q1_ns": 7454.0,
        "q3_ns": 7454.0
      },
      "futex_op_counts": {
        "128": 1
      },
      "first_seen_ts_ns": 507548394297,
      "last_seen_ts_ns": 507548394297
    },
    {
      "tgid": 11331,
      "comm": "lmp",
      "cgroup_id": 9731,
      "wait_duration_stats_ns": {
        "count": 1.0,
        "sum": 7448.0,
        "mean": 7448.0,
        "median": 7448.0,
        "min": 7448,
        "max": 7448,
        "variance_ns2": null,
        "iqr_ns": 0.0,
        "q1_ns": 7448.0,
        "q3_ns": 7448.0
      },
      "futex_op_counts": {
        "128": 1
      },
      "first_seen_ts_ns": 507549271670,
      "last_seen_ts_ns": 507549271670
    },
    {
      "tgid": 11213,
      "comm": "lmp",
      "cgroup_id": 9731,
      "wait_duration_stats_ns": {
        "count": 1.0,
        "sum": 7436.0,
        "mean": 7436.0,
        "median": 7436.0,
        "min": 7436,
        "max": 7436,
        "variance_ns2": null,
        "iqr_ns": 0.0,
        "q1_ns": 7436.0,
        "q3_ns": 7436.0
      },
      "futex_op_counts": {
        "128": 1
      },
      "first_seen_ts_ns": 507548806231,
      "last_seen_ts_ns": 507548806231
    },
    {
      "tgid": 11254,
      "comm": "lmp",
      "cgroup_id": 9731,
      "wait_duration_stats_ns": {
        "count": 1.0,
        "sum": 7433.0,
        "mean": 7433.0,
        "median": 7433.0,
        "min": 7433,
        "max": 7433,
        "variance_ns2": null,
        "iqr_ns": 0.0,
        "q1_ns": 7433.0,
        "q3_ns": 7433.0
      },
      "futex_op_counts": {
        "128": 1
      },
      "first_seen_ts_ns": 507548890447,
      "last_seen_ts_ns": 507548890447
    },
    {
      "tgid": 11245,
      "comm": "lmp",
      "cgroup_id": 9731,
      "wait_duration_stats_ns": {
        "count": 1.0,
        "sum": 7426.0,
        "mean": 7426.0,
        "median": 7426.0,
        "min": 7426,
        "max": 7426,
        "variance_ns2": null,
        "iqr_ns": 0.0,
        "q1_ns": 7426.0,
        "q3_ns": 7426.0
      },
      "futex_op_counts": {
        "128": 1
      },
      "first_seen_ts_ns": 507548430161,
      "last_seen_ts_ns": 507548430161
    },
    {
      "tgid": 11303,
      "comm": "lmp",
      "cgroup_id": 9731,
      "wait_duration_stats_ns": {
        "count": 1.0,
        "sum": 7406.0,
        "mean": 7406.0,
        "median": 7406.0,
        "min": 7406,
        "max": 7406,
        "variance_ns2": null,
        "iqr_ns": 0.0,
        "q1_ns": 7406.0,
        "q3_ns": 7406.0
      },
      "futex_op_counts": {
        "128": 1
      },
      "first_seen_ts_ns": 507549116220,
      "last_seen_ts_ns": 507549116220
    },
    {
      "tgid": 11267,
      "comm": "lmp",
      "cgroup_id": 9731,
      "wait_duration_stats_ns": {
        "count": 1.0,
        "sum": 7398.0,
        "mean": 7398.0,
        "median": 7398.0,
        "min": 7398,
        "max": 7398,
        "variance_ns2": null,
        "iqr_ns": 0.0,
        "q1_ns": 7398.0,
        "q3_ns": 7398.0
      },
      "futex_op_counts": {
        "128": 1
      },
      "first_seen_ts_ns": 507549031300,
      "last_seen_ts_ns": 507549031300
    },
    {
      "tgid": 11227,
      "comm": "lmp",
      "cgroup_id": 9731,
      "wait_duration_stats_ns": {
        "count": 1.0,
        "sum": 7372.0,
        "mean": 7372.0,
        "median": 7372.0,
        "min": 7372,
        "max": 7372,
        "variance_ns2": null,
        "iqr_ns": 0.0,
        "q1_ns": 7372.0,
        "q3_ns": 7372.0
      },
      "futex_op_counts": {
        "128": 1
      },
      "first_seen_ts_ns": 507548822400,
      "last_seen_ts_ns": 507548822400
    },
    {
      "tgid": 11333,
      "comm": "lmp",
      "cgroup_id": 9731,
      "wait_duration_stats_ns": {
        "count": 1.0,
        "sum": 7367.0,
        "mean": 7367.0,
        "median": 7367.0,
        "min": 7367,
        "max": 7367,
        "variance_ns2": null,
        "iqr_ns": 0.0,
        "q1_ns": 7367.0,
        "q3_ns": 7367.0
      },
      "futex_op_counts": {
        "128": 1
      },
      "first_seen_ts_ns": 507548063694,
      "last_seen_ts_ns": 507548063694
    },
    {
      "tgid": 11345,
      "comm": "lmp",
      "cgroup_id": 9731,
      "wait_duration_stats_ns": {
        "count": 1.0,
        "sum": 7365.0,
        "mean": 7365.0,
        "median": 7365.0,
        "min": 7365,
        "max": 7365,
        "variance_ns2": null,
        "iqr_ns": 0.0,
        "q1_ns": 7365.0,
        "q3_ns": 7365.0
      },
      "futex_op_counts": {
        "128": 1
      },
      "first_seen_ts_ns": 507548079988,
      "last_seen_ts_ns": 507548079988
    },
    {
      "tgid": 11218,
      "comm": "lmp",
      "cgroup_id": 9731,
      "wait_duration_stats_ns": {
        "count": 1.0,
        "sum": 7342.0,
        "mean": 7342.0,
        "median": 7342.0,
        "min": 7342,
        "max": 7342,
        "variance_ns2": null,
        "iqr_ns": 0.0,
        "q1_ns": 7342.0,
        "q3_ns": 7342.0
      },
      "futex_op_counts": {
        "128": 1
      },
      "first_seen_ts_ns": 507548776781,
      "last_seen_ts_ns": 507548776781
    },
    {
      "tgid": 11208,
      "comm": "lmp",
      "cgroup_id": 9731,
      "wait_duration_stats_ns": {
        "count": 1.0,
        "sum": 7336.0,
        "mean": 7336.0,
        "median": 7336.0,
        "min": 7336,
        "max": 7336,
        "variance_ns2": null,
        "iqr_ns": 0.0,
        "q1_ns": 7336.0,
        "q3_ns": 7336.0
      },
      "futex_op_counts": {
        "128": 1
      },
      "first_seen_ts_ns": 507549097410,
      "last_seen_ts_ns": 507549097410
    },
    {
      "tgid": 11347,
      "comm": "lmp",
      "cgroup_id": 9731,
      "wait_duration_stats_ns": {
        "count": 1.0,
        "sum": 7318.0,
        "mean": 7318.0,
        "median": 7318.0,
        "min": 7318,
        "max": 7318,
        "variance_ns2": null,
        "iqr_ns": 0.0,
        "q1_ns": 7318.0,
        "q3_ns": 7318.0
      },
      "futex_op_counts": {
        "128": 1
      },
      "first_seen_ts_ns": 507543801683,
      "last_seen_ts_ns": 507543801683
    },
    {
      "tgid": 11294,
      "comm": "lmp",
      "cgroup_id": 9731,
      "wait_duration_stats_ns": {
        "count": 1.0,
        "sum": 7317.0,
        "mean": 7317.0,
        "median": 7317.0,
        "min": 7317,
        "max": 7317,
        "variance_ns2": null,
        "iqr_ns": 0.0,
        "q1_ns": 7317.0,
        "q3_ns": 7317.0
      },
      "futex_op_counts": {
        "128": 1
      },
      "first_seen_ts_ns": 507548665817,
      "last_seen_ts_ns": 507548665817
    },
    {
      "tgid": 11307,
      "comm": "lmp",
      "cgroup_id": 9731,
      "wait_duration_stats_ns": {
        "count": 1.0,
        "sum": 7313.0,
        "mean": 7313.0,
        "median": 7313.0,
        "min": 7313,
        "max": 7313,
        "variance_ns2": null,
        "iqr_ns": 0.0,
        "q1_ns": 7313.0,
        "q3_ns": 7313.0
      },
      "futex_op_counts": {
        "128": 1
      },
      "first_seen_ts_ns": 507548093033,
      "last_seen_ts_ns": 507548093033
    },
    {
      "tgid": 11225,
      "comm": "lmp",
      "cgroup_id": 9731,
      "wait_duration_stats_ns": {
        "count": 1.0,
        "sum": 7305.0,
        "mean": 7305.0,
        "median": 7305.0,
        "min": 7305,
        "max": 7305,
        "variance_ns2": null,
        "iqr_ns": 0.0,
        "q1_ns": 7305.0,
        "q3_ns": 7305.0
      },
      "futex_op_counts": {
        "128": 1
      },
      "first_seen_ts_ns": 507549175803,
      "last_seen_ts_ns": 507549175803
    },
    {
      "tgid": 11230,
      "comm": "lmp",
      "cgroup_id": 9731,
      "wait_duration_stats_ns": {
        "count": 1.0,
        "sum": 7250.0,
        "mean": 7250.0,
        "median": 7250.0,
        "min": 7250,
        "max": 7250,
        "variance_ns2": null,
        "iqr_ns": 0.0,
        "q1_ns": 7250.0,
        "q3_ns": 7250.0
      },
      "futex_op_counts": {
        "128": 1
      },
      "first_seen_ts_ns": 507548921510,
      "last_seen_ts_ns": 507548921510
    },
    {
      "tgid": 11367,
      "comm": "lmp",
      "cgroup_id": 9731,
      "wait_duration_stats_ns": {
        "count": 1.0,
        "sum": 7236.0,
        "mean": 7236.0,
        "median": 7236.0,
        "min": 7236,
        "max": 7236,
        "variance_ns2": null,
        "iqr_ns": 0.0,
        "q1_ns": 7236.0,
        "q3_ns": 7236.0
      },
      "futex_op_counts": {
        "128": 1
      },
      "first_seen_ts_ns": 507549285997,
      "last_seen_ts_ns": 507549285997
    },
    {
      "tgid": 11317,
      "comm": "lmp",
      "cgroup_id": 9731,
      "wait_duration_stats_ns": {
        "count": 1.0,
        "sum": 7206.0,
        "mean": 7206.0,
        "median": 7206.0,
        "min": 7206,
        "max": 7206,
        "variance_ns2": null,
        "iqr_ns": 0.0,
        "q1_ns": 7206.0,
        "q3_ns": 7206.0
      },
      "futex_op_counts": {
        "128": 1
      },
      "first_seen_ts_ns": 507549220964,
      "last_seen_ts_ns": 507549220964
    },
    {
      "tgid": 11327,
      "comm": "lmp",
      "cgroup_id": 9731,
      "wait_duration_stats_ns": {
        "count": 1.0,
        "sum": 7202.0,
        "mean": 7202.0,
        "median": 7202.0,
        "min": 7202,
        "max": 7202,
        "variance_ns2": null,
        "iqr_ns": 0.0,
        "q1_ns": 7202.0,
        "q3_ns": 7202.0
      },
      "futex_op_counts": {
        "128": 1
      },
      "first_seen_ts_ns": 507549244100,
      "last_seen_ts_ns": 507549244100
    },
    {
      "tgid": 11361,
      "comm": "lmp",
      "cgroup_id": 9731,
      "wait_duration_stats_ns": {
        "count": 1.0,
        "sum": 7200.0,
        "mean": 7200.0,
        "median": 7200.0,
        "min": 7200,
        "max": 7200,
        "variance_ns2": null,
        "iqr_ns": 0.0,
        "q1_ns": 7200.0,
        "q3_ns": 7200.0
      },
      "futex_op_counts": {
        "128": 1
      },
      "first_seen_ts_ns": 507547445359,
      "last_seen_ts_ns": 507547445359
    },
    {
      "tgid": 11341,
      "comm": "lmp",
      "cgroup_id": 9731,
      "wait_duration_stats_ns": {
        "count": 1.0,
        "sum": 7198.0,
        "mean": 7198.0,
        "median": 7198.0,
        "min": 7198,
        "max": 7198,
        "variance_ns2": null,
        "iqr_ns": 0.0,
        "q1_ns": 7198.0,
        "q3_ns": 7198.0
      },
      "futex_op_counts": {
        "128": 1
      },
      "first_seen_ts_ns": 507548342218,
      "last_seen_ts_ns": 507548342218
    },
    {
      "tgid": 11357,
      "comm": "lmp",
      "cgroup_id": 9731,
      "wait_duration_stats_ns": {
        "count": 1.0,
        "sum": 7192.0,
        "mean": 7192.0,
        "median": 7192.0,
        "min": 7192,
        "max": 7192,
        "variance_ns2": null,
        "iqr_ns": 0.0,
        "q1_ns": 7192.0,
        "q3_ns": 7192.0
      },
      "futex_op_counts": {
        "128": 1
      },
      "first_seen_ts_ns": 507548305840,
      "last_seen_ts_ns": 507548305840
    },
    {
      "tgid": 11309,
      "comm": "lmp",
      "cgroup_id": 9731,
      "wait_duration_stats_ns": {
        "count": 1.0,
        "sum": 7177.0,
        "mean": 7177.0,
        "median": 7177.0,
        "min": 7177,
        "max": 7177,
        "variance_ns2": null,
        "iqr_ns": 0.0,
        "q1_ns": 7177.0,
        "q3_ns": 7177.0
      },
      "futex_op_counts": {
        "128": 1
      },
      "first_seen_ts_ns": 507548130810,
      "last_seen_ts_ns": 507548130810
    },
    {
      "tgid": 11292,
      "comm": "lmp",
      "cgroup_id": 9731,
      "wait_duration_stats_ns": {
        "count": 1.0,
        "sum": 7167.0,
        "mean": 7167.0,
        "median": 7167.0,
        "min": 7167,
        "max": 7167,
        "variance_ns2": null,
        "iqr_ns": 0.0,
        "q1_ns": 7167.0,
        "q3_ns": 7167.0
      },
      "futex_op_counts": {
        "128": 1
      },
      "first_seen_ts_ns": 507548709923,
      "last_seen_ts_ns": 507548709923
    },
    {
      "tgid": 11243,
      "comm": "lmp",
      "cgroup_id": 9731,
      "wait_duration_stats_ns": {
        "count": 1.0,
        "sum": 7162.0,
        "mean": 7162.0,
        "median": 7162.0,
        "min": 7162,
        "max": 7162,
        "variance_ns2": null,
        "iqr_ns": 0.0,
        "q1_ns": 7162.0,
        "q3_ns": 7162.0
      },
      "futex_op_counts": {
        "128": 1
      },
      "first_seen_ts_ns": 507548904789,
      "last_seen_ts_ns": 507548904789
    },
    {
      "tgid": 11313,
      "comm": "lmp",
      "cgroup_id": 9731,
      "wait_duration_stats_ns": {
        "count": 1.0,
        "sum": 7099.0,
        "mean": 7099.0,
        "median": 7099.0,
        "min": 7099,
        "max": 7099,
        "variance_ns2": null,
        "iqr_ns": 0.0,
        "q1_ns": 7099.0,
        "q3_ns": 7099.0
      },
      "futex_op_counts": {
        "128": 1
      },
      "first_seen_ts_ns": 507549159462,
      "last_seen_ts_ns": 507549159462
    },
    {
      "tgid": 11240,
      "comm": "lmp",
      "cgroup_id": 9731,
      "wait_duration_stats_ns": {
        "count": 1.0,
        "sum": 7098.0,
        "mean": 7098.0,
        "median": 7098.0,
        "min": 7098,
        "max": 7098,
        "variance_ns2": null,
        "iqr_ns": 0.0,
        "q1_ns": 7098.0,
        "q3_ns": 7098.0
      },
      "futex_op_counts": {
        "128": 1
      },
      "first_seen_ts_ns": 507548357354,
      "last_seen_ts_ns": 507548357354
    },
    {
      "tgid": 11321,
      "comm": "lmp",
      "cgroup_id": 9731,
      "wait_duration_stats_ns": {
        "count": 1.0,
        "sum": 7059.0,
        "mean": 7059.0,
        "median": 7059.0,
        "min": 7059,
        "max": 7059,
        "variance_ns2": null,
        "iqr_ns": 0.0,
        "q1_ns": 7059.0,
        "q3_ns": 7059.0
      },
      "futex_op_counts": {
        "128": 1
      },
      "first_seen_ts_ns": 507549231071,
      "last_seen_ts_ns": 507549231071
    },
    {
      "tgid": 11305,
      "comm": "lmp",
      "cgroup_id": 9731,
      "wait_duration_stats_ns": {
        "count": 1.0,
        "sum": 7003.0,
        "mean": 7003.0,
        "median": 7003.0,
        "min": 7003,
        "max": 7003,
        "variance_ns2": null,
        "iqr_ns": 0.0,
        "q1_ns": 7003.0,
        "q3_ns": 7003.0
      },
      "futex_op_counts": {
        "128": 1
      },
      "first_seen_ts_ns": 507548357398,
      "last_seen_ts_ns": 507548357398
    },
    {
      "tgid": 11221,
      "comm": "lmp",
      "cgroup_id": 9731,
      "wait_duration_stats_ns": {
        "count": 1.0,
        "sum": 7000.0,
        "mean": 7000.0,
        "median": 7000.0,
        "min": 7000,
        "max": 7000,
        "variance_ns2": null,
        "iqr_ns": 0.0,
        "q1_ns": 7000.0,
        "q3_ns": 7000.0
      },
      "futex_op_counts": {
        "128": 1
      },
      "first_seen_ts_ns": 507548837590,
      "last_seen_ts_ns": 507548837590
    },
    {
      "tgid": 11359,
      "comm": "lmp",
      "cgroup_id": 9731,
      "wait_duration_stats_ns": {
        "count": 1.0,
        "sum": 6992.0,
        "mean": 6992.0,
        "median": 6992.0,
        "min": 6992,
        "max": 6992,
        "variance_ns2": null,
        "iqr_ns": 0.0,
        "q1_ns": 6992.0,
        "q3_ns": 6992.0
      },
      "futex_op_counts": {
        "128": 1
      },
      "first_seen_ts_ns": 507548125581,
      "last_seen_ts_ns": 507548125581
    },
    {
      "tgid": 11325,
      "comm": "lmp",
      "cgroup_id": 9731,
      "wait_duration_stats_ns": {
        "count": 1.0,
        "sum": 6905.0,
        "mean": 6905.0,
        "median": 6905.0,
        "min": 6905,
        "max": 6905,
        "variance_ns2": null,
        "iqr_ns": 0.0,
        "q1_ns": 6905.0,
        "q3_ns": 6905.0
      },
      "futex_op_counts": {
        "128": 1
      },
      "first_seen_ts_ns": 507548264302,
      "last_seen_ts_ns": 507548264302
    },
    {
      "tgid": 11343,
      "comm": "lmp",
      "cgroup_id": 9731,
      "wait_duration_stats_ns": {
        "count": 1.0,
        "sum": 6750.0,
        "mean": 6750.0,
        "median": 6750.0,
        "min": 6750,
        "max": 6750,
        "variance_ns2": null,
        "iqr_ns": 0.0,
        "q1_ns": 6750.0,
        "q3_ns": 6750.0
      },
      "futex_op_counts": {
        "128": 1
      },
      "first_seen_ts_ns": 507549257132,
      "last_seen_ts_ns": 507549257132
    },
    {
      "tgid": 11299,
      "comm": "lmp",
      "cgroup_id": 9731,
      "wait_duration_stats_ns": {
        "count": 1.0,
        "sum": 5635.0,
        "mean": 5635.0,
        "median": 5635.0,
        "min": 5635,
        "max": 5635,
        "variance_ns2": null,
        "iqr_ns": 0.0,
        "q1_ns": 5635.0,
        "q3_ns": 5635.0
      },
      "futex_op_counts": {
        "128": 1
      },
      "first_seen_ts_ns": 507548060920,
      "last_seen_ts_ns": 507548060920
    },
    {
      "tgid": 848,
      "comm": "multipathd",
      "cgroup_id": 1702,
      "wait_duration_stats_ns": {
        "count": 1.0,
        "sum": 3330.0,
        "mean": 3330.0,
        "median": 3330.0,
        "min": 3330,
        "max": 3330,
        "variance_ns2": null,
        "iqr_ns": 0.0,
        "q1_ns": 3330.0,
        "q3_ns": 3330.0
      },
      "futex_op_counts": {
        "128": 1
      },
      "first_seen_ts_ns": 490607639903,
      "last_seen_ts_ns": 490607639903
    }
  ]
}
[17:33:57] Cleanup complete.
