unlimited
PROGRAM: shmem
Looking for /opt/programs/shmem/ebpf-collect.c
Initializing eBPF for Shared Memory monitoring...
BPF C code compiled and loaded.
[17:32:51] 
Start Indicator file defined '/mnt/flux/start_ebpf_collection'. Waiting.
[17:33:05] Start indicator found. Proceeding.
Attaching tracepoints...
  Kprobes for shm_open/shm_unlink should auto-attach if symbols exist.
Finished attaching probes.

--- Shared Memory Stats Summary at 17:33:10 ---
{"tgid": 11773, "comm": "flux-shell", "shmget": 1, "shmat": 1, "shmdt": 1, "rmid": 1, "get_mb": 0.00390625, "shmopen": 0, "unlink": 0, "mmap_sh": 1, "munmap": 80, "mmap_sh_mb": 4.000007629394531}
{"tgid": 11831, "comm": "flux-shell", "shmget": 1, "shmat": 1, "shmdt": 1, "rmid": 1, "get_mb": 0.00390625, "shmopen": 0, "unlink": 0, "mmap_sh": 1, "munmap": 80, "mmap_sh_mb": 4.000007629394531}
{"tgid": 11797, "comm": "flux-shell", "shmget": 1, "shmat": 1, "shmdt": 1, "rmid": 1, "get_mb": 0.00390625, "shmopen": 0, "unlink": 0, "mmap_sh": 1, "munmap": 80, "mmap_sh_mb": 4.000007629394531}
{"tgid": 11761, "comm": "flux-shell", "shmget": 1, "shmat": 1, "shmdt": 1, "rmid": 1, "get_mb": 0.00390625, "shmopen": 0, "unlink": 0, "mmap_sh": 1, "munmap": 80, "mmap_sh_mb": 4.000007629394531}
{"tgid": 11749, "comm": "flux-shell", "shmget": 1, "shmat": 1, "shmdt": 1, "rmid": 1, "get_mb": 0.00390625, "shmopen": 0, "unlink": 0, "mmap_sh": 1, "munmap": 80, "mmap_sh_mb": 4.000007629394531}
{"tgid": 11791, "comm": "flux-shell", "shmget": 1, "shmat": 1, "shmdt": 1, "rmid": 1, "get_mb": 0.00390625, "shmopen": 0, "unlink": 0, "mmap_sh": 1, "munmap": 80, "mmap_sh_mb": 4.000007629394531}
{"tgid": 11833, "comm": "flux-shell", "shmget": 1, "shmat": 1, "shmdt": 1, "rmid": 1, "get_mb": 0.00390625, "shmopen": 0, "unlink": 0, "mmap_sh": 1, "munmap": 80, "mmap_sh_mb": 4.000007629394531}
{"tgid": 11692, "comm": "flux-shell", "shmget": 1, "shmat": 1, "shmdt": 1, "rmid": 1, "get_mb": 0.00390625, "shmopen": 0, "unlink": 0, "mmap_sh": 1, "munmap": 80, "mmap_sh_mb": 4.000007629394531}
{"tgid": 11821, "comm": "flux-shell", "shmget": 1, "shmat": 1, "shmdt": 1, "rmid": 1, "get_mb": 0.00390625, "shmopen": 0, "unlink": 0, "mmap_sh": 1, "munmap": 80, "mmap_sh_mb": 4.000007629394531}
{"tgid": 11843, "comm": "flux-shell", "shmget": 1, "shmat": 1, "shmdt": 1, "rmid": 1, "get_mb": 0.00390625, "shmopen": 0, "unlink": 0, "mmap_sh": 1, "munmap": 80, "mmap_sh_mb": 4.000007629394531}
{"tgid": 11753, "comm": "flux-shell", "shmget": 1, "shmat": 1, "shmdt": 1, "rmid": 1, "get_mb": 0.00390625, "shmopen": 0, "unlink": 0, "mmap_sh": 1, "munmap": 80, "mmap_sh_mb": 4.000007629394531}
{"tgid": 11769, "comm": "flux-shell", "shmget": 1, "shmat": 1, "shmdt": 1, "rmid": 1, "get_mb": 0.00390625, "shmopen": 0, "unlink": 0, "mmap_sh": 1, "munmap": 80, "mmap_sh_mb": 4.000007629394531}
{"tgid": 11717, "comm": "flux-shell", "shmget": 1, "shmat": 1, "shmdt": 1, "rmid": 1, "get_mb": 0.00390625, "shmopen": 0, "unlink": 0, "mmap_sh": 1, "munmap": 80, "mmap_sh_mb": 4.000007629394531}
{"tgid": 11720, "comm": "flux-shell", "shmget": 1, "shmat": 1, "shmdt": 1, "rmid": 1, "get_mb": 0.00390625, "shmopen": 0, "unlink": 0, "mmap_sh": 1, "munmap": 80, "mmap_sh_mb": 4.000007629394531}
{"tgid": 11732, "comm": "flux-shell", "shmget": 1, "shmat": 1, "shmdt": 1, "rmid": 1, "get_mb": 0.00390625, "shmopen": 0, "unlink": 0, "mmap_sh": 1, "munmap": 80, "mmap_sh_mb": 4.000007629394531}
{"tgid": 11694, "comm": "flux-shell", "shmget": 1, "shmat": 1, "shmdt": 1, "rmid": 1, "get_mb": 0.00390625, "shmopen": 0, "unlink": 0, "mmap_sh": 1, "munmap": 80, "mmap_sh_mb": 4.000007629394531}
{"tgid": 11718, "comm": "flux-shell", "shmget": 1, "shmat": 1, "shmdt": 1, "rmid": 1, "get_mb": 0.00390625, "shmopen": 0, "unlink": 0, "mmap_sh": 1, "munmap": 80, "mmap_sh_mb": 4.000007629394531}
{"tgid": 11781, "comm": "flux-shell", "shmget": 1, "shmat": 1, "shmdt": 1, "rmid": 1, "get_mb": 0.00390625, "shmopen": 0, "unlink": 0, "mmap_sh": 1, "munmap": 80, "mmap_sh_mb": 4.000007629394531}
{"tgid": 11685, "comm": "flux-shell", "shmget": 1, "shmat": 1, "shmdt": 1, "rmid": 1, "get_mb": 0.00390625, "shmopen": 0, "unlink": 0, "mmap_sh": 1, "munmap": 80, "mmap_sh_mb": 4.000007629394531}
{"tgid": 11696, "comm": "flux-shell", "shmget": 1, "shmat": 1, "shmdt": 1, "rmid": 1, "get_mb": 0.00390625, "shmopen": 0, "unlink": 0, "mmap_sh": 1, "munmap": 80, "mmap_sh_mb": 4.000007629394531}

--- Shared Memory Stats Summary at 17:33:15 ---
{"tgid": 11773, "comm": "flux-shell", "shmget": 1, "shmat": 1, "shmdt": 1, "rmid": 1, "get_mb": 0.00390625, "shmopen": 0, "unlink": 0, "mmap_sh": 88, "munmap": 83, "mmap_sh_mb": 352.00067138671875}
{"tgid": 11831, "comm": "flux-shell", "shmget": 1, "shmat": 1, "shmdt": 1, "rmid": 1, "get_mb": 0.00390625, "shmopen": 0, "unlink": 0, "mmap_sh": 88, "munmap": 83, "mmap_sh_mb": 352.00067138671875}
{"tgid": 11797, "comm": "flux-shell", "shmget": 1, "shmat": 1, "shmdt": 1, "rmid": 1, "get_mb": 0.00390625, "shmopen": 0, "unlink": 0, "mmap_sh": 88, "munmap": 83, "mmap_sh_mb": 352.00067138671875}
{"tgid": 11761, "comm": "flux-shell", "shmget": 1, "shmat": 1, "shmdt": 1, "rmid": 1, "get_mb": 0.00390625, "shmopen": 0, "unlink": 0, "mmap_sh": 88, "munmap": 83, "mmap_sh_mb": 352.00067138671875}
{"tgid": 11749, "comm": "flux-shell", "shmget": 1, "shmat": 1, "shmdt": 1, "rmid": 1, "get_mb": 0.00390625, "shmopen": 0, "unlink": 0, "mmap_sh": 88, "munmap": 83, "mmap_sh_mb": 352.00067138671875}
{"tgid": 11791, "comm": "flux-shell", "shmget": 1, "shmat": 1, "shmdt": 1, "rmid": 1, "get_mb": 0.00390625, "shmopen": 0, "unlink": 0, "mmap_sh": 88, "munmap": 83, "mmap_sh_mb": 352.00067138671875}
{"tgid": 11833, "comm": "flux-shell", "shmget": 1, "shmat": 1, "shmdt": 1, "rmid": 1, "get_mb": 0.00390625, "shmopen": 0, "unlink": 0, "mmap_sh": 88, "munmap": 83, "mmap_sh_mb": 352.00067138671875}
{"tgid": 11692, "comm": "flux-shell", "shmget": 1, "shmat": 1, "shmdt": 1, "rmid": 1, "get_mb": 0.00390625, "shmopen": 0, "unlink": 0, "mmap_sh": 88, "munmap": 83, "mmap_sh_mb": 352.00067138671875}
{"tgid": 11821, "comm": "flux-shell", "shmget": 1, "shmat": 1, "shmdt": 1, "rmid": 1, "get_mb": 0.00390625, "shmopen": 0, "unlink": 0, "mmap_sh": 88, "munmap": 83, "mmap_sh_mb": 352.00067138671875}
{"tgid": 11843, "comm": "flux-shell", "shmget": 1, "shmat": 1, "shmdt": 1, "rmid": 1, "get_mb": 0.00390625, "shmopen": 0, "unlink": 0, "mmap_sh": 88, "munmap": 83, "mmap_sh_mb": 352.00067138671875}
{"tgid": 11753, "comm": "flux-shell", "shmget": 1, "shmat": 1, "shmdt": 1, "rmid": 1, "get_mb": 0.00390625, "shmopen": 0, "unlink": 0, "mmap_sh": 88, "munmap": 83, "mmap_sh_mb": 352.00067138671875}
{"tgid": 11769, "comm": "flux-shell", "shmget": 1, "shmat": 1, "shmdt": 1, "rmid": 1, "get_mb": 0.00390625, "shmopen": 0, "unlink": 0, "mmap_sh": 88, "munmap": 83, "mmap_sh_mb": 352.00067138671875}
{"tgid": 11717, "comm": "flux-shell", "shmget": 1, "shmat": 1, "shmdt": 1, "rmid": 1, "get_mb": 0.00390625, "shmopen": 0, "unlink": 0, "mmap_sh": 88, "munmap": 83, "mmap_sh_mb": 352.00067138671875}
{"tgid": 11720, "comm": "flux-shell", "shmget": 1, "shmat": 1, "shmdt": 1, "rmid": 1, "get_mb": 0.00390625, "shmopen": 0, "unlink": 0, "mmap_sh": 88, "munmap": 83, "mmap_sh_mb": 352.00067138671875}
{"tgid": 11732, "comm": "flux-shell", "shmget": 1, "shmat": 1, "shmdt": 1, "rmid": 1, "get_mb": 0.00390625, "shmopen": 0, "unlink": 0, "mmap_sh": 88, "munmap": 83, "mmap_sh_mb": 352.00067138671875}
{"tgid": 11694, "comm": "flux-shell", "shmget": 1, "shmat": 1, "shmdt": 1, "rmid": 1, "get_mb": 0.00390625, "shmopen": 0, "unlink": 0, "mmap_sh": 88, "munmap": 83, "mmap_sh_mb": 352.00067138671875}
{"tgid": 11718, "comm": "flux-shell", "shmget": 1, "shmat": 1, "shmdt": 1, "rmid": 1, "get_mb": 0.00390625, "shmopen": 0, "unlink": 0, "mmap_sh": 88, "munmap": 83, "mmap_sh_mb": 352.00067138671875}
{"tgid": 11781, "comm": "flux-shell", "shmget": 1, "shmat": 1, "shmdt": 1, "rmid": 1, "get_mb": 0.00390625, "shmopen": 0, "unlink": 0, "mmap_sh": 88, "munmap": 83, "mmap_sh_mb": 352.00067138671875}
{"tgid": 11685, "comm": "flux-shell", "shmget": 1, "shmat": 1, "shmdt": 1, "rmid": 1, "get_mb": 0.00390625, "shmopen": 0, "unlink": 0, "mmap_sh": 88, "munmap": 83, "mmap_sh_mb": 352.00067138671875}
{"tgid": 11696, "comm": "flux-shell", "shmget": 1, "shmat": 1, "shmdt": 1, "rmid": 1, "get_mb": 0.00390625, "shmopen": 0, "unlink": 0, "mmap_sh": 88, "munmap": 83, "mmap_sh_mb": 352.00067138671875}

--- Shared Memory Stats Summary at 17:33:20 ---
{"tgid": 11773, "comm": "flux-shell", "shmget": 1, "shmat": 1, "shmdt": 1, "rmid": 1, "get_mb": 0.00390625, "shmopen": 0, "unlink": 0, "mmap_sh": 88, "munmap": 90, "mmap_sh_mb": 352.00067138671875}
{"tgid": 11831, "comm": "flux-shell", "shmget": 1, "shmat": 1, "shmdt": 1, "rmid": 1, "get_mb": 0.00390625, "shmopen": 0, "unlink": 0, "mmap_sh": 88, "munmap": 91, "mmap_sh_mb": 352.00067138671875}
{"tgid": 11797, "comm": "flux-shell", "shmget": 1, "shmat": 1, "shmdt": 1, "rmid": 1, "get_mb": 0.00390625, "shmopen": 0, "unlink": 0, "mmap_sh": 88, "munmap": 90, "mmap_sh_mb": 352.00067138671875}
{"tgid": 11761, "comm": "flux-shell", "shmget": 1, "shmat": 1, "shmdt": 1, "rmid": 1, "get_mb": 0.00390625, "shmopen": 0, "unlink": 0, "mmap_sh": 88, "munmap": 90, "mmap_sh_mb": 352.00067138671875}
{"tgid": 11749, "comm": "flux-shell", "shmget": 1, "shmat": 1, "shmdt": 1, "rmid": 1, "get_mb": 0.00390625, "shmopen": 0, "unlink": 0, "mmap_sh": 88, "munmap": 90, "mmap_sh_mb": 352.00067138671875}
{"tgid": 11791, "comm": "flux-shell", "shmget": 1, "shmat": 1, "shmdt": 1, "rmid": 1, "get_mb": 0.00390625, "shmopen": 0, "unlink": 0, "mmap_sh": 88, "munmap": 90, "mmap_sh_mb": 352.00067138671875}
{"tgid": 11833, "comm": "flux-shell", "shmget": 1, "shmat": 1, "shmdt": 1, "rmid": 1, "get_mb": 0.00390625, "shmopen": 0, "unlink": 0, "mmap_sh": 88, "munmap": 91, "mmap_sh_mb": 352.00067138671875}
{"tgid": 11692, "comm": "flux-shell", "shmget": 1, "shmat": 1, "shmdt": 1, "rmid": 1, "get_mb": 0.00390625, "shmopen": 0, "unlink": 0, "mmap_sh": 88, "munmap": 91, "mmap_sh_mb": 352.00067138671875}
{"tgid": 11821, "comm": "flux-shell", "shmget": 1, "shmat": 1, "shmdt": 1, "rmid": 1, "get_mb": 0.00390625, "shmopen": 0, "unlink": 0, "mmap_sh": 88, "munmap": 90, "mmap_sh_mb": 352.00067138671875}
{"tgid": 11843, "comm": "flux-shell", "shmget": 1, "shmat": 1, "shmdt": 1, "rmid": 1, "get_mb": 0.00390625, "shmopen": 0, "unlink": 0, "mmap_sh": 88, "munmap": 90, "mmap_sh_mb": 352.00067138671875}
{"tgid": 11753, "comm": "flux-shell", "shmget": 1, "shmat": 1, "shmdt": 1, "rmid": 1, "get_mb": 0.00390625, "shmopen": 0, "unlink": 0, "mmap_sh": 88, "munmap": 90, "mmap_sh_mb": 352.00067138671875}
{"tgid": 11769, "comm": "flux-shell", "shmget": 1, "shmat": 1, "shmdt": 1, "rmid": 1, "get_mb": 0.00390625, "shmopen": 0, "unlink": 0, "mmap_sh": 88, "munmap": 91, "mmap_sh_mb": 352.00067138671875}
{"tgid": 11717, "comm": "flux-shell", "shmget": 1, "shmat": 1, "shmdt": 1, "rmid": 1, "get_mb": 0.00390625, "shmopen": 0, "unlink": 0, "mmap_sh": 88, "munmap": 90, "mmap_sh_mb": 352.00067138671875}
{"tgid": 11720, "comm": "flux-shell", "shmget": 1, "shmat": 1, "shmdt": 1, "rmid": 1, "get_mb": 0.00390625, "shmopen": 0, "unlink": 0, "mmap_sh": 88, "munmap": 91, "mmap_sh_mb": 352.00067138671875}
{"tgid": 11732, "comm": "flux-shell", "shmget": 1, "shmat": 1, "shmdt": 1, "rmid": 1, "get_mb": 0.00390625, "shmopen": 0, "unlink": 0, "mmap_sh": 88, "munmap": 91, "mmap_sh_mb": 352.00067138671875}
{"tgid": 11694, "comm": "flux-shell", "shmget": 1, "shmat": 1, "shmdt": 1, "rmid": 1, "get_mb": 0.00390625, "shmopen": 0, "unlink": 0, "mmap_sh": 88, "munmap": 91, "mmap_sh_mb": 352.00067138671875}
{"tgid": 11718, "comm": "flux-shell", "shmget": 1, "shmat": 1, "shmdt": 1, "rmid": 1, "get_mb": 0.00390625, "shmopen": 0, "unlink": 0, "mmap_sh": 88, "munmap": 90, "mmap_sh_mb": 352.00067138671875}
{"tgid": 11781, "comm": "flux-shell", "shmget": 1, "shmat": 1, "shmdt": 1, "rmid": 1, "get_mb": 0.00390625, "shmopen": 0, "unlink": 0, "mmap_sh": 88, "munmap": 90, "mmap_sh_mb": 352.00067138671875}
{"tgid": 11685, "comm": "flux-shell", "shmget": 1, "shmat": 1, "shmdt": 1, "rmid": 1, "get_mb": 0.00390625, "shmopen": 0, "unlink": 0, "mmap_sh": 88, "munmap": 91, "mmap_sh_mb": 352.00067138671875}
{"tgid": 11696, "comm": "flux-shell", "shmget": 1, "shmat": 1, "shmdt": 1, "rmid": 1, "get_mb": 0.00390625, "shmopen": 0, "unlink": 0, "mmap_sh": 88, "munmap": 90, "mmap_sh_mb": 352.00067138671875}

--- Shared Memory Stats Summary at 17:33:25 ---
{"tgid": 11773, "comm": "flux-shell", "shmget": 1, "shmat": 1, "shmdt": 1, "rmid": 1, "get_mb": 0.00390625, "shmopen": 0, "unlink": 0, "mmap_sh": 88, "munmap": 90, "mmap_sh_mb": 352.00067138671875}
{"tgid": 11831, "comm": "flux-shell", "shmget": 1, "shmat": 1, "shmdt": 1, "rmid": 1, "get_mb": 0.00390625, "shmopen": 0, "unlink": 0, "mmap_sh": 88, "munmap": 91, "mmap_sh_mb": 352.00067138671875}
{"tgid": 11797, "comm": "flux-shell", "shmget": 1, "shmat": 1, "shmdt": 1, "rmid": 1, "get_mb": 0.00390625, "shmopen": 0, "unlink": 0, "mmap_sh": 88, "munmap": 90, "mmap_sh_mb": 352.00067138671875}
{"tgid": 11761, "comm": "flux-shell", "shmget": 1, "shmat": 1, "shmdt": 1, "rmid": 1, "get_mb": 0.00390625, "shmopen": 0, "unlink": 0, "mmap_sh": 88, "munmap": 90, "mmap_sh_mb": 352.00067138671875}
{"tgid": 11749, "comm": "flux-shell", "shmget": 1, "shmat": 1, "shmdt": 1, "rmid": 1, "get_mb": 0.00390625, "shmopen": 0, "unlink": 0, "mmap_sh": 88, "munmap": 90, "mmap_sh_mb": 352.00067138671875}
{"tgid": 11791, "comm": "flux-shell", "shmget": 1, "shmat": 1, "shmdt": 1, "rmid": 1, "get_mb": 0.00390625, "shmopen": 0, "unlink": 0, "mmap_sh": 88, "munmap": 90, "mmap_sh_mb": 352.00067138671875}
{"tgid": 11833, "comm": "flux-shell", "shmget": 1, "shmat": 1, "shmdt": 1, "rmid": 1, "get_mb": 0.00390625, "shmopen": 0, "unlink": 0, "mmap_sh": 88, "munmap": 91, "mmap_sh_mb": 352.00067138671875}
{"tgid": 11692, "comm": "flux-shell", "shmget": 1, "shmat": 1, "shmdt": 1, "rmid": 1, "get_mb": 0.00390625, "shmopen": 0, "unlink": 0, "mmap_sh": 88, "munmap": 91, "mmap_sh_mb": 352.00067138671875}
{"tgid": 11821, "comm": "flux-shell", "shmget": 1, "shmat": 1, "shmdt": 1, "rmid": 1, "get_mb": 0.00390625, "shmopen": 0, "unlink": 0, "mmap_sh": 88, "munmap": 90, "mmap_sh_mb": 352.00067138671875}
{"tgid": 11843, "comm": "flux-shell", "shmget": 1, "shmat": 1, "shmdt": 1, "rmid": 1, "get_mb": 0.00390625, "shmopen": 0, "unlink": 0, "mmap_sh": 88, "munmap": 90, "mmap_sh_mb": 352.00067138671875}
{"tgid": 11753, "comm": "flux-shell", "shmget": 1, "shmat": 1, "shmdt": 1, "rmid": 1, "get_mb": 0.00390625, "shmopen": 0, "unlink": 0, "mmap_sh": 88, "munmap": 90, "mmap_sh_mb": 352.00067138671875}
{"tgid": 11769, "comm": "flux-shell", "shmget": 1, "shmat": 1, "shmdt": 1, "rmid": 1, "get_mb": 0.00390625, "shmopen": 0, "unlink": 0, "mmap_sh": 88, "munmap": 91, "mmap_sh_mb": 352.00067138671875}
{"tgid": 11717, "comm": "flux-shell", "shmget": 1, "shmat": 1, "shmdt": 1, "rmid": 1, "get_mb": 0.00390625, "shmopen": 0, "unlink": 0, "mmap_sh": 88, "munmap": 90, "mmap_sh_mb": 352.00067138671875}
{"tgid": 11720, "comm": "flux-shell", "shmget": 1, "shmat": 1, "shmdt": 1, "rmid": 1, "get_mb": 0.00390625, "shmopen": 0, "unlink": 0, "mmap_sh": 88, "munmap": 91, "mmap_sh_mb": 352.00067138671875}
{"tgid": 11732, "comm": "flux-shell", "shmget": 1, "shmat": 1, "shmdt": 1, "rmid": 1, "get_mb": 0.00390625, "shmopen": 0, "unlink": 0, "mmap_sh": 88, "munmap": 91, "mmap_sh_mb": 352.00067138671875}
{"tgid": 11694, "comm": "flux-shell", "shmget": 1, "shmat": 1, "shmdt": 1, "rmid": 1, "get_mb": 0.00390625, "shmopen": 0, "unlink": 0, "mmap_sh": 88, "munmap": 91, "mmap_sh_mb": 352.00067138671875}
{"tgid": 11718, "comm": "flux-shell", "shmget": 1, "shmat": 1, "shmdt": 1, "rmid": 1, "get_mb": 0.00390625, "shmopen": 0, "unlink": 0, "mmap_sh": 88, "munmap": 90, "mmap_sh_mb": 352.00067138671875}
{"tgid": 11781, "comm": "flux-shell", "shmget": 1, "shmat": 1, "shmdt": 1, "rmid": 1, "get_mb": 0.00390625, "shmopen": 0, "unlink": 0, "mmap_sh": 88, "munmap": 90, "mmap_sh_mb": 352.00067138671875}
{"tgid": 11685, "comm": "flux-shell", "shmget": 1, "shmat": 1, "shmdt": 1, "rmid": 1, "get_mb": 0.00390625, "shmopen": 0, "unlink": 0, "mmap_sh": 88, "munmap": 91, "mmap_sh_mb": 352.00067138671875}
{"tgid": 11696, "comm": "flux-shell", "shmget": 1, "shmat": 1, "shmdt": 1, "rmid": 1, "get_mb": 0.00390625, "shmopen": 0, "unlink": 0, "mmap_sh": 88, "munmap": 90, "mmap_sh_mb": 352.00067138671875}

--- Shared Memory Stats Summary at 17:33:30 ---
{"tgid": 11773, "comm": "flux-shell", "shmget": 1, "shmat": 1, "shmdt": 1, "rmid": 1, "get_mb": 0.00390625, "shmopen": 0, "unlink": 0, "mmap_sh": 88, "munmap": 90, "mmap_sh_mb": 352.00067138671875}
{"tgid": 11831, "comm": "flux-shell", "shmget": 1, "shmat": 1, "shmdt": 1, "rmid": 1, "get_mb": 0.00390625, "shmopen": 0, "unlink": 0, "mmap_sh": 88, "munmap": 91, "mmap_sh_mb": 352.00067138671875}
{"tgid": 11797, "comm": "flux-shell", "shmget": 1, "shmat": 1, "shmdt": 1, "rmid": 1, "get_mb": 0.00390625, "shmopen": 0, "unlink": 0, "mmap_sh": 88, "munmap": 90, "mmap_sh_mb": 352.00067138671875}
{"tgid": 11761, "comm": "flux-shell", "shmget": 1, "shmat": 1, "shmdt": 1, "rmid": 1, "get_mb": 0.00390625, "shmopen": 0, "unlink": 0, "mmap_sh": 88, "munmap": 90, "mmap_sh_mb": 352.00067138671875}
{"tgid": 11749, "comm": "flux-shell", "shmget": 1, "shmat": 1, "shmdt": 1, "rmid": 1, "get_mb": 0.00390625, "shmopen": 0, "unlink": 0, "mmap_sh": 88, "munmap": 90, "mmap_sh_mb": 352.00067138671875}
{"tgid": 11791, "comm": "flux-shell", "shmget": 1, "shmat": 1, "shmdt": 1, "rmid": 1, "get_mb": 0.00390625, "shmopen": 0, "unlink": 0, "mmap_sh": 88, "munmap": 90, "mmap_sh_mb": 352.00067138671875}
{"tgid": 11833, "comm": "flux-shell", "shmget": 1, "shmat": 1, "shmdt": 1, "rmid": 1, "get_mb": 0.00390625, "shmopen": 0, "unlink": 0, "mmap_sh": 88, "munmap": 91, "mmap_sh_mb": 352.00067138671875}
{"tgid": 11692, "comm": "flux-shell", "shmget": 1, "shmat": 1, "shmdt": 1, "rmid": 1, "get_mb": 0.00390625, "shmopen": 0, "unlink": 0, "mmap_sh": 88, "munmap": 91, "mmap_sh_mb": 352.00067138671875}
{"tgid": 11821, "comm": "flux-shell", "shmget": 1, "shmat": 1, "shmdt": 1, "rmid": 1, "get_mb": 0.00390625, "shmopen": 0, "unlink": 0, "mmap_sh": 88, "munmap": 90, "mmap_sh_mb": 352.00067138671875}
{"tgid": 11843, "comm": "flux-shell", "shmget": 1, "shmat": 1, "shmdt": 1, "rmid": 1, "get_mb": 0.00390625, "shmopen": 0, "unlink": 0, "mmap_sh": 88, "munmap": 90, "mmap_sh_mb": 352.00067138671875}
{"tgid": 11753, "comm": "flux-shell", "shmget": 1, "shmat": 1, "shmdt": 1, "rmid": 1, "get_mb": 0.00390625, "shmopen": 0, "unlink": 0, "mmap_sh": 88, "munmap": 90, "mmap_sh_mb": 352.00067138671875}
{"tgid": 11769, "comm": "flux-shell", "shmget": 1, "shmat": 1, "shmdt": 1, "rmid": 1, "get_mb": 0.00390625, "shmopen": 0, "unlink": 0, "mmap_sh": 88, "munmap": 91, "mmap_sh_mb": 352.00067138671875}
{"tgid": 11717, "comm": "flux-shell", "shmget": 1, "shmat": 1, "shmdt": 1, "rmid": 1, "get_mb": 0.00390625, "shmopen": 0, "unlink": 0, "mmap_sh": 88, "munmap": 90, "mmap_sh_mb": 352.00067138671875}
{"tgid": 11720, "comm": "flux-shell", "shmget": 1, "shmat": 1, "shmdt": 1, "rmid": 1, "get_mb": 0.00390625, "shmopen": 0, "unlink": 0, "mmap_sh": 88, "munmap": 91, "mmap_sh_mb": 352.00067138671875}
{"tgid": 11732, "comm": "flux-shell", "shmget": 1, "shmat": 1, "shmdt": 1, "rmid": 1, "get_mb": 0.00390625, "shmopen": 0, "unlink": 0, "mmap_sh": 88, "munmap": 91, "mmap_sh_mb": 352.00067138671875}
{"tgid": 11694, "comm": "flux-shell", "shmget": 1, "shmat": 1, "shmdt": 1, "rmid": 1, "get_mb": 0.00390625, "shmopen": 0, "unlink": 0, "mmap_sh": 88, "munmap": 91, "mmap_sh_mb": 352.00067138671875}
{"tgid": 11718, "comm": "flux-shell", "shmget": 1, "shmat": 1, "shmdt": 1, "rmid": 1, "get_mb": 0.00390625, "shmopen": 0, "unlink": 0, "mmap_sh": 88, "munmap": 90, "mmap_sh_mb": 352.00067138671875}
{"tgid": 11781, "comm": "flux-shell", "shmget": 1, "shmat": 1, "shmdt": 1, "rmid": 1, "get_mb": 0.00390625, "shmopen": 0, "unlink": 0, "mmap_sh": 88, "munmap": 90, "mmap_sh_mb": 352.00067138671875}
{"tgid": 11685, "comm": "flux-shell", "shmget": 1, "shmat": 1, "shmdt": 1, "rmid": 1, "get_mb": 0.00390625, "shmopen": 0, "unlink": 0, "mmap_sh": 88, "munmap": 91, "mmap_sh_mb": 352.00067138671875}
{"tgid": 11696, "comm": "flux-shell", "shmget": 1, "shmat": 1, "shmdt": 1, "rmid": 1, "get_mb": 0.00390625, "shmopen": 0, "unlink": 0, "mmap_sh": 88, "munmap": 90, "mmap_sh_mb": 352.00067138671875}

--- Shared Memory Stats Summary at 17:33:35 ---
{"tgid": 11773, "comm": "flux-shell", "shmget": 1, "shmat": 1, "shmdt": 1, "rmid": 1, "get_mb": 0.00390625, "shmopen": 0, "unlink": 0, "mmap_sh": 88, "munmap": 90, "mmap_sh_mb": 352.00067138671875}
{"tgid": 11831, "comm": "flux-shell", "shmget": 1, "shmat": 1, "shmdt": 1, "rmid": 1, "get_mb": 0.00390625, "shmopen": 0, "unlink": 0, "mmap_sh": 88, "munmap": 91, "mmap_sh_mb": 352.00067138671875}
{"tgid": 11797, "comm": "flux-shell", "shmget": 1, "shmat": 1, "shmdt": 1, "rmid": 1, "get_mb": 0.00390625, "shmopen": 0, "unlink": 0, "mmap_sh": 88, "munmap": 90, "mmap_sh_mb": 352.00067138671875}
{"tgid": 11761, "comm": "flux-shell", "shmget": 1, "shmat": 1, "shmdt": 1, "rmid": 1, "get_mb": 0.00390625, "shmopen": 0, "unlink": 0, "mmap_sh": 88, "munmap": 90, "mmap_sh_mb": 352.00067138671875}
{"tgid": 11749, "comm": "flux-shell", "shmget": 1, "shmat": 1, "shmdt": 1, "rmid": 1, "get_mb": 0.00390625, "shmopen": 0, "unlink": 0, "mmap_sh": 88, "munmap": 90, "mmap_sh_mb": 352.00067138671875}
{"tgid": 11791, "comm": "flux-shell", "shmget": 1, "shmat": 1, "shmdt": 1, "rmid": 1, "get_mb": 0.00390625, "shmopen": 0, "unlink": 0, "mmap_sh": 88, "munmap": 90, "mmap_sh_mb": 352.00067138671875}
{"tgid": 11833, "comm": "flux-shell", "shmget": 1, "shmat": 1, "shmdt": 1, "rmid": 1, "get_mb": 0.00390625, "shmopen": 0, "unlink": 0, "mmap_sh": 88, "munmap": 91, "mmap_sh_mb": 352.00067138671875}
{"tgid": 11692, "comm": "flux-shell", "shmget": 1, "shmat": 1, "shmdt": 1, "rmid": 1, "get_mb": 0.00390625, "shmopen": 0, "unlink": 0, "mmap_sh": 88, "munmap": 91, "mmap_sh_mb": 352.00067138671875}
{"tgid": 11821, "comm": "flux-shell", "shmget": 1, "shmat": 1, "shmdt": 1, "rmid": 1, "get_mb": 0.00390625, "shmopen": 0, "unlink": 0, "mmap_sh": 88, "munmap": 90, "mmap_sh_mb": 352.00067138671875}
{"tgid": 11843, "comm": "flux-shell", "shmget": 1, "shmat": 1, "shmdt": 1, "rmid": 1, "get_mb": 0.00390625, "shmopen": 0, "unlink": 0, "mmap_sh": 88, "munmap": 90, "mmap_sh_mb": 352.00067138671875}
{"tgid": 11753, "comm": "flux-shell", "shmget": 1, "shmat": 1, "shmdt": 1, "rmid": 1, "get_mb": 0.00390625, "shmopen": 0, "unlink": 0, "mmap_sh": 88, "munmap": 90, "mmap_sh_mb": 352.00067138671875}
{"tgid": 11769, "comm": "flux-shell", "shmget": 1, "shmat": 1, "shmdt": 1, "rmid": 1, "get_mb": 0.00390625, "shmopen": 0, "unlink": 0, "mmap_sh": 88, "munmap": 91, "mmap_sh_mb": 352.00067138671875}
{"tgid": 11717, "comm": "flux-shell", "shmget": 1, "shmat": 1, "shmdt": 1, "rmid": 1, "get_mb": 0.00390625, "shmopen": 0, "unlink": 0, "mmap_sh": 88, "munmap": 90, "mmap_sh_mb": 352.00067138671875}
{"tgid": 11720, "comm": "flux-shell", "shmget": 1, "shmat": 1, "shmdt": 1, "rmid": 1, "get_mb": 0.00390625, "shmopen": 0, "unlink": 0, "mmap_sh": 88, "munmap": 91, "mmap_sh_mb": 352.00067138671875}
{"tgid": 11732, "comm": "flux-shell", "shmget": 1, "shmat": 1, "shmdt": 1, "rmid": 1, "get_mb": 0.00390625, "shmopen": 0, "unlink": 0, "mmap_sh": 88, "munmap": 91, "mmap_sh_mb": 352.00067138671875}
{"tgid": 11694, "comm": "flux-shell", "shmget": 1, "shmat": 1, "shmdt": 1, "rmid": 1, "get_mb": 0.00390625, "shmopen": 0, "unlink": 0, "mmap_sh": 88, "munmap": 91, "mmap_sh_mb": 352.00067138671875}
{"tgid": 11718, "comm": "flux-shell", "shmget": 1, "shmat": 1, "shmdt": 1, "rmid": 1, "get_mb": 0.00390625, "shmopen": 0, "unlink": 0, "mmap_sh": 88, "munmap": 90, "mmap_sh_mb": 352.00067138671875}
{"tgid": 11781, "comm": "flux-shell", "shmget": 1, "shmat": 1, "shmdt": 1, "rmid": 1, "get_mb": 0.00390625, "shmopen": 0, "unlink": 0, "mmap_sh": 88, "munmap": 90, "mmap_sh_mb": 352.00067138671875}
{"tgid": 11685, "comm": "flux-shell", "shmget": 1, "shmat": 1, "shmdt": 1, "rmid": 1, "get_mb": 0.00390625, "shmopen": 0, "unlink": 0, "mmap_sh": 88, "munmap": 91, "mmap_sh_mb": 352.00067138671875}
{"tgid": 11696, "comm": "flux-shell", "shmget": 1, "shmat": 1, "shmdt": 1, "rmid": 1, "get_mb": 0.00390625, "shmopen": 0, "unlink": 0, "mmap_sh": 88, "munmap": 90, "mmap_sh_mb": 352.00067138671875}

--- Shared Memory Stats Summary at 17:33:40 ---
{"tgid": 11773, "comm": "flux-shell", "shmget": 1, "shmat": 1, "shmdt": 1, "rmid": 1, "get_mb": 0.00390625, "shmopen": 0, "unlink": 0, "mmap_sh": 88, "munmap": 90, "mmap_sh_mb": 352.00067138671875}
{"tgid": 11831, "comm": "flux-shell", "shmget": 1, "shmat": 1, "shmdt": 1, "rmid": 1, "get_mb": 0.00390625, "shmopen": 0, "unlink": 0, "mmap_sh": 88, "munmap": 91, "mmap_sh_mb": 352.00067138671875}
{"tgid": 11797, "comm": "flux-shell", "shmget": 1, "shmat": 1, "shmdt": 1, "rmid": 1, "get_mb": 0.00390625, "shmopen": 0, "unlink": 0, "mmap_sh": 88, "munmap": 90, "mmap_sh_mb": 352.00067138671875}
{"tgid": 11761, "comm": "flux-shell", "shmget": 1, "shmat": 1, "shmdt": 1, "rmid": 1, "get_mb": 0.00390625, "shmopen": 0, "unlink": 0, "mmap_sh": 88, "munmap": 90, "mmap_sh_mb": 352.00067138671875}
{"tgid": 11749, "comm": "flux-shell", "shmget": 1, "shmat": 1, "shmdt": 1, "rmid": 1, "get_mb": 0.00390625, "shmopen": 0, "unlink": 0, "mmap_sh": 88, "munmap": 90, "mmap_sh_mb": 352.00067138671875}
{"tgid": 11791, "comm": "flux-shell", "shmget": 1, "shmat": 1, "shmdt": 1, "rmid": 1, "get_mb": 0.00390625, "shmopen": 0, "unlink": 0, "mmap_sh": 88, "munmap": 90, "mmap_sh_mb": 352.00067138671875}
{"tgid": 11833, "comm": "flux-shell", "shmget": 1, "shmat": 1, "shmdt": 1, "rmid": 1, "get_mb": 0.00390625, "shmopen": 0, "unlink": 0, "mmap_sh": 88, "munmap": 91, "mmap_sh_mb": 352.00067138671875}
{"tgid": 11692, "comm": "flux-shell", "shmget": 1, "shmat": 1, "shmdt": 1, "rmid": 1, "get_mb": 0.00390625, "shmopen": 0, "unlink": 0, "mmap_sh": 88, "munmap": 91, "mmap_sh_mb": 352.00067138671875}
{"tgid": 11821, "comm": "flux-shell", "shmget": 1, "shmat": 1, "shmdt": 1, "rmid": 1, "get_mb": 0.00390625, "shmopen": 0, "unlink": 0, "mmap_sh": 88, "munmap": 90, "mmap_sh_mb": 352.00067138671875}
{"tgid": 11843, "comm": "flux-shell", "shmget": 1, "shmat": 1, "shmdt": 1, "rmid": 1, "get_mb": 0.00390625, "shmopen": 0, "unlink": 0, "mmap_sh": 88, "munmap": 90, "mmap_sh_mb": 352.00067138671875}
{"tgid": 11753, "comm": "flux-shell", "shmget": 1, "shmat": 1, "shmdt": 1, "rmid": 1, "get_mb": 0.00390625, "shmopen": 0, "unlink": 0, "mmap_sh": 88, "munmap": 90, "mmap_sh_mb": 352.00067138671875}
{"tgid": 11769, "comm": "flux-shell", "shmget": 1, "shmat": 1, "shmdt": 1, "rmid": 1, "get_mb": 0.00390625, "shmopen": 0, "unlink": 0, "mmap_sh": 88, "munmap": 91, "mmap_sh_mb": 352.00067138671875}
{"tgid": 11717, "comm": "flux-shell", "shmget": 1, "shmat": 1, "shmdt": 1, "rmid": 1, "get_mb": 0.00390625, "shmopen": 0, "unlink": 0, "mmap_sh": 88, "munmap": 90, "mmap_sh_mb": 352.00067138671875}
{"tgid": 11720, "comm": "flux-shell", "shmget": 1, "shmat": 1, "shmdt": 1, "rmid": 1, "get_mb": 0.00390625, "shmopen": 0, "unlink": 0, "mmap_sh": 88, "munmap": 91, "mmap_sh_mb": 352.00067138671875}
{"tgid": 11732, "comm": "flux-shell", "shmget": 1, "shmat": 1, "shmdt": 1, "rmid": 1, "get_mb": 0.00390625, "shmopen": 0, "unlink": 0, "mmap_sh": 88, "munmap": 91, "mmap_sh_mb": 352.00067138671875}
{"tgid": 11694, "comm": "flux-shell", "shmget": 1, "shmat": 1, "shmdt": 1, "rmid": 1, "get_mb": 0.00390625, "shmopen": 0, "unlink": 0, "mmap_sh": 88, "munmap": 91, "mmap_sh_mb": 352.00067138671875}
{"tgid": 11718, "comm": "flux-shell", "shmget": 1, "shmat": 1, "shmdt": 1, "rmid": 1, "get_mb": 0.00390625, "shmopen": 0, "unlink": 0, "mmap_sh": 88, "munmap": 90, "mmap_sh_mb": 352.00067138671875}
{"tgid": 11781, "comm": "flux-shell", "shmget": 1, "shmat": 1, "shmdt": 1, "rmid": 1, "get_mb": 0.00390625, "shmopen": 0, "unlink": 0, "mmap_sh": 88, "munmap": 90, "mmap_sh_mb": 352.00067138671875}
{"tgid": 11685, "comm": "flux-shell", "shmget": 1, "shmat": 1, "shmdt": 1, "rmid": 1, "get_mb": 0.00390625, "shmopen": 0, "unlink": 0, "mmap_sh": 88, "munmap": 91, "mmap_sh_mb": 352.00067138671875}
{"tgid": 11696, "comm": "flux-shell", "shmget": 1, "shmat": 1, "shmdt": 1, "rmid": 1, "get_mb": 0.00390625, "shmopen": 0, "unlink": 0, "mmap_sh": 88, "munmap": 90, "mmap_sh_mb": 352.00067138671875}

--- Shared Memory Stats Summary at 17:33:45 ---
{"tgid": 11773, "comm": "flux-shell", "shmget": 1, "shmat": 1, "shmdt": 1, "rmid": 1, "get_mb": 0.00390625, "shmopen": 0, "unlink": 0, "mmap_sh": 88, "munmap": 90, "mmap_sh_mb": 352.00067138671875}
{"tgid": 11831, "comm": "flux-shell", "shmget": 1, "shmat": 1, "shmdt": 1, "rmid": 1, "get_mb": 0.00390625, "shmopen": 0, "unlink": 0, "mmap_sh": 88, "munmap": 91, "mmap_sh_mb": 352.00067138671875}
{"tgid": 11797, "comm": "flux-shell", "shmget": 1, "shmat": 1, "shmdt": 1, "rmid": 1, "get_mb": 0.00390625, "shmopen": 0, "unlink": 0, "mmap_sh": 88, "munmap": 90, "mmap_sh_mb": 352.00067138671875}
{"tgid": 11761, "comm": "flux-shell", "shmget": 1, "shmat": 1, "shmdt": 1, "rmid": 1, "get_mb": 0.00390625, "shmopen": 0, "unlink": 0, "mmap_sh": 88, "munmap": 90, "mmap_sh_mb": 352.00067138671875}
{"tgid": 11749, "comm": "flux-shell", "shmget": 1, "shmat": 1, "shmdt": 1, "rmid": 1, "get_mb": 0.00390625, "shmopen": 0, "unlink": 0, "mmap_sh": 88, "munmap": 90, "mmap_sh_mb": 352.00067138671875}
{"tgid": 11791, "comm": "flux-shell", "shmget": 1, "shmat": 1, "shmdt": 1, "rmid": 1, "get_mb": 0.00390625, "shmopen": 0, "unlink": 0, "mmap_sh": 88, "munmap": 90, "mmap_sh_mb": 352.00067138671875}
{"tgid": 11833, "comm": "flux-shell", "shmget": 1, "shmat": 1, "shmdt": 1, "rmid": 1, "get_mb": 0.00390625, "shmopen": 0, "unlink": 0, "mmap_sh": 88, "munmap": 91, "mmap_sh_mb": 352.00067138671875}
{"tgid": 11692, "comm": "flux-shell", "shmget": 1, "shmat": 1, "shmdt": 1, "rmid": 1, "get_mb": 0.00390625, "shmopen": 0, "unlink": 0, "mmap_sh": 88, "munmap": 91, "mmap_sh_mb": 352.00067138671875}
{"tgid": 11821, "comm": "flux-shell", "shmget": 1, "shmat": 1, "shmdt": 1, "rmid": 1, "get_mb": 0.00390625, "shmopen": 0, "unlink": 0, "mmap_sh": 88, "munmap": 90, "mmap_sh_mb": 352.00067138671875}
{"tgid": 11843, "comm": "flux-shell", "shmget": 1, "shmat": 1, "shmdt": 1, "rmid": 1, "get_mb": 0.00390625, "shmopen": 0, "unlink": 0, "mmap_sh": 88, "munmap": 90, "mmap_sh_mb": 352.00067138671875}
{"tgid": 11753, "comm": "flux-shell", "shmget": 1, "shmat": 1, "shmdt": 1, "rmid": 1, "get_mb": 0.00390625, "shmopen": 0, "unlink": 0, "mmap_sh": 88, "munmap": 90, "mmap_sh_mb": 352.00067138671875}
{"tgid": 11769, "comm": "flux-shell", "shmget": 1, "shmat": 1, "shmdt": 1, "rmid": 1, "get_mb": 0.00390625, "shmopen": 0, "unlink": 0, "mmap_sh": 88, "munmap": 91, "mmap_sh_mb": 352.00067138671875}
{"tgid": 11717, "comm": "flux-shell", "shmget": 1, "shmat": 1, "shmdt": 1, "rmid": 1, "get_mb": 0.00390625, "shmopen": 0, "unlink": 0, "mmap_sh": 88, "munmap": 90, "mmap_sh_mb": 352.00067138671875}
{"tgid": 11720, "comm": "flux-shell", "shmget": 1, "shmat": 1, "shmdt": 1, "rmid": 1, "get_mb": 0.00390625, "shmopen": 0, "unlink": 0, "mmap_sh": 88, "munmap": 91, "mmap_sh_mb": 352.00067138671875}
{"tgid": 11732, "comm": "flux-shell", "shmget": 1, "shmat": 1, "shmdt": 1, "rmid": 1, "get_mb": 0.00390625, "shmopen": 0, "unlink": 0, "mmap_sh": 88, "munmap": 91, "mmap_sh_mb": 352.00067138671875}
{"tgid": 11694, "comm": "flux-shell", "shmget": 1, "shmat": 1, "shmdt": 1, "rmid": 1, "get_mb": 0.00390625, "shmopen": 0, "unlink": 0, "mmap_sh": 88, "munmap": 91, "mmap_sh_mb": 352.00067138671875}
{"tgid": 11718, "comm": "flux-shell", "shmget": 1, "shmat": 1, "shmdt": 1, "rmid": 1, "get_mb": 0.00390625, "shmopen": 0, "unlink": 0, "mmap_sh": 88, "munmap": 90, "mmap_sh_mb": 352.00067138671875}
{"tgid": 11781, "comm": "flux-shell", "shmget": 1, "shmat": 1, "shmdt": 1, "rmid": 1, "get_mb": 0.00390625, "shmopen": 0, "unlink": 0, "mmap_sh": 88, "munmap": 90, "mmap_sh_mb": 352.00067138671875}
{"tgid": 11685, "comm": "flux-shell", "shmget": 1, "shmat": 1, "shmdt": 1, "rmid": 1, "get_mb": 0.00390625, "shmopen": 0, "unlink": 0, "mmap_sh": 88, "munmap": 91, "mmap_sh_mb": 352.00067138671875}
{"tgid": 11696, "comm": "flux-shell", "shmget": 1, "shmat": 1, "shmdt": 1, "rmid": 1, "get_mb": 0.00390625, "shmopen": 0, "unlink": 0, "mmap_sh": 88, "munmap": 90, "mmap_sh_mb": 352.00067138671875}

--- Shared Memory Stats Summary at 17:33:50 ---
{"tgid": 11773, "comm": "flux-shell", "shmget": 1, "shmat": 1, "shmdt": 1, "rmid": 1, "get_mb": 0.00390625, "shmopen": 0, "unlink": 0, "mmap_sh": 88, "munmap": 90, "mmap_sh_mb": 352.00067138671875}
{"tgid": 11831, "comm": "flux-shell", "shmget": 1, "shmat": 1, "shmdt": 1, "rmid": 1, "get_mb": 0.00390625, "shmopen": 0, "unlink": 0, "mmap_sh": 88, "munmap": 91, "mmap_sh_mb": 352.00067138671875}
{"tgid": 11797, "comm": "flux-shell", "shmget": 1, "shmat": 1, "shmdt": 1, "rmid": 1, "get_mb": 0.00390625, "shmopen": 0, "unlink": 0, "mmap_sh": 88, "munmap": 90, "mmap_sh_mb": 352.00067138671875}
{"tgid": 11761, "comm": "flux-shell", "shmget": 1, "shmat": 1, "shmdt": 1, "rmid": 1, "get_mb": 0.00390625, "shmopen": 0, "unlink": 0, "mmap_sh": 88, "munmap": 90, "mmap_sh_mb": 352.00067138671875}
{"tgid": 11749, "comm": "flux-shell", "shmget": 1, "shmat": 1, "shmdt": 1, "rmid": 1, "get_mb": 0.00390625, "shmopen": 0, "unlink": 0, "mmap_sh": 88, "munmap": 90, "mmap_sh_mb": 352.00067138671875}
{"tgid": 11791, "comm": "flux-shell", "shmget": 1, "shmat": 1, "shmdt": 1, "rmid": 1, "get_mb": 0.00390625, "shmopen": 0, "unlink": 0, "mmap_sh": 88, "munmap": 90, "mmap_sh_mb": 352.00067138671875}
{"tgid": 11833, "comm": "flux-shell", "shmget": 1, "shmat": 1, "shmdt": 1, "rmid": 1, "get_mb": 0.00390625, "shmopen": 0, "unlink": 0, "mmap_sh": 88, "munmap": 91, "mmap_sh_mb": 352.00067138671875}
{"tgid": 11692, "comm": "flux-shell", "shmget": 1, "shmat": 1, "shmdt": 1, "rmid": 1, "get_mb": 0.00390625, "shmopen": 0, "unlink": 0, "mmap_sh": 88, "munmap": 91, "mmap_sh_mb": 352.00067138671875}
{"tgid": 11821, "comm": "flux-shell", "shmget": 1, "shmat": 1, "shmdt": 1, "rmid": 1, "get_mb": 0.00390625, "shmopen": 0, "unlink": 0, "mmap_sh": 88, "munmap": 90, "mmap_sh_mb": 352.00067138671875}
{"tgid": 11843, "comm": "flux-shell", "shmget": 1, "shmat": 1, "shmdt": 1, "rmid": 1, "get_mb": 0.00390625, "shmopen": 0, "unlink": 0, "mmap_sh": 88, "munmap": 90, "mmap_sh_mb": 352.00067138671875}
{"tgid": 11753, "comm": "flux-shell", "shmget": 1, "shmat": 1, "shmdt": 1, "rmid": 1, "get_mb": 0.00390625, "shmopen": 0, "unlink": 0, "mmap_sh": 88, "munmap": 90, "mmap_sh_mb": 352.00067138671875}
{"tgid": 11769, "comm": "flux-shell", "shmget": 1, "shmat": 1, "shmdt": 1, "rmid": 1, "get_mb": 0.00390625, "shmopen": 0, "unlink": 0, "mmap_sh": 88, "munmap": 91, "mmap_sh_mb": 352.00067138671875}
{"tgid": 11717, "comm": "flux-shell", "shmget": 1, "shmat": 1, "shmdt": 1, "rmid": 1, "get_mb": 0.00390625, "shmopen": 0, "unlink": 0, "mmap_sh": 88, "munmap": 90, "mmap_sh_mb": 352.00067138671875}
{"tgid": 11720, "comm": "flux-shell", "shmget": 1, "shmat": 1, "shmdt": 1, "rmid": 1, "get_mb": 0.00390625, "shmopen": 0, "unlink": 0, "mmap_sh": 88, "munmap": 91, "mmap_sh_mb": 352.00067138671875}
{"tgid": 11732, "comm": "flux-shell", "shmget": 1, "shmat": 1, "shmdt": 1, "rmid": 1, "get_mb": 0.00390625, "shmopen": 0, "unlink": 0, "mmap_sh": 88, "munmap": 91, "mmap_sh_mb": 352.00067138671875}
{"tgid": 11694, "comm": "flux-shell", "shmget": 1, "shmat": 1, "shmdt": 1, "rmid": 1, "get_mb": 0.00390625, "shmopen": 0, "unlink": 0, "mmap_sh": 88, "munmap": 91, "mmap_sh_mb": 352.00067138671875}
{"tgid": 11718, "comm": "flux-shell", "shmget": 1, "shmat": 1, "shmdt": 1, "rmid": 1, "get_mb": 0.00390625, "shmopen": 0, "unlink": 0, "mmap_sh": 88, "munmap": 90, "mmap_sh_mb": 352.00067138671875}
{"tgid": 11781, "comm": "flux-shell", "shmget": 1, "shmat": 1, "shmdt": 1, "rmid": 1, "get_mb": 0.00390625, "shmopen": 0, "unlink": 0, "mmap_sh": 88, "munmap": 90, "mmap_sh_mb": 352.00067138671875}
{"tgid": 11685, "comm": "flux-shell", "shmget": 1, "shmat": 1, "shmdt": 1, "rmid": 1, "get_mb": 0.00390625, "shmopen": 0, "unlink": 0, "mmap_sh": 88, "munmap": 91, "mmap_sh_mb": 352.00067138671875}
{"tgid": 11696, "comm": "flux-shell", "shmget": 1, "shmat": 1, "shmdt": 1, "rmid": 1, "get_mb": 0.00390625, "shmopen": 0, "unlink": 0, "mmap_sh": 88, "munmap": 90, "mmap_sh_mb": 352.00067138671875}

--- Shared Memory Stats Summary at 17:33:55 ---
{"tgid": 11773, "comm": "flux-shell", "shmget": 1, "shmat": 1, "shmdt": 1, "rmid": 1, "get_mb": 0.00390625, "shmopen": 0, "unlink": 0, "mmap_sh": 88, "munmap": 263, "mmap_sh_mb": 352.00067138671875}
{"tgid": 11831, "comm": "flux-shell", "shmget": 1, "shmat": 1, "shmdt": 1, "rmid": 1, "get_mb": 0.00390625, "shmopen": 0, "unlink": 0, "mmap_sh": 88, "munmap": 264, "mmap_sh_mb": 352.00067138671875}
{"tgid": 11797, "comm": "flux-shell", "shmget": 1, "shmat": 1, "shmdt": 1, "rmid": 1, "get_mb": 0.00390625, "shmopen": 0, "unlink": 0, "mmap_sh": 88, "munmap": 263, "mmap_sh_mb": 352.00067138671875}
{"tgid": 11761, "comm": "flux-shell", "shmget": 1, "shmat": 1, "shmdt": 1, "rmid": 1, "get_mb": 0.00390625, "shmopen": 0, "unlink": 0, "mmap_sh": 88, "munmap": 263, "mmap_sh_mb": 352.00067138671875}
{"tgid": 11749, "comm": "flux-shell", "shmget": 1, "shmat": 1, "shmdt": 1, "rmid": 1, "get_mb": 0.00390625, "shmopen": 0, "unlink": 0, "mmap_sh": 88, "munmap": 263, "mmap_sh_mb": 352.00067138671875}
{"tgid": 11791, "comm": "flux-shell", "shmget": 1, "shmat": 1, "shmdt": 1, "rmid": 1, "get_mb": 0.00390625, "shmopen": 0, "unlink": 0, "mmap_sh": 88, "munmap": 263, "mmap_sh_mb": 352.00067138671875}
{"tgid": 11833, "comm": "flux-shell", "shmget": 1, "shmat": 1, "shmdt": 1, "rmid": 1, "get_mb": 0.00390625, "shmopen": 0, "unlink": 0, "mmap_sh": 88, "munmap": 264, "mmap_sh_mb": 352.00067138671875}
{"tgid": 11692, "comm": "flux-shell", "shmget": 1, "shmat": 1, "shmdt": 1, "rmid": 1, "get_mb": 0.00390625, "shmopen": 0, "unlink": 0, "mmap_sh": 88, "munmap": 264, "mmap_sh_mb": 352.00067138671875}
{"tgid": 11821, "comm": "flux-shell", "shmget": 1, "shmat": 1, "shmdt": 1, "rmid": 1, "get_mb": 0.00390625, "shmopen": 0, "unlink": 0, "mmap_sh": 88, "munmap": 263, "mmap_sh_mb": 352.00067138671875}
{"tgid": 11843, "comm": "flux-shell", "shmget": 1, "shmat": 1, "shmdt": 1, "rmid": 1, "get_mb": 0.00390625, "shmopen": 0, "unlink": 0, "mmap_sh": 88, "munmap": 263, "mmap_sh_mb": 352.00067138671875}
{"tgid": 11753, "comm": "flux-shell", "shmget": 1, "shmat": 1, "shmdt": 1, "rmid": 1, "get_mb": 0.00390625, "shmopen": 0, "unlink": 0, "mmap_sh": 88, "munmap": 263, "mmap_sh_mb": 352.00067138671875}
{"tgid": 11769, "comm": "flux-shell", "shmget": 1, "shmat": 1, "shmdt": 1, "rmid": 1, "get_mb": 0.00390625, "shmopen": 0, "unlink": 0, "mmap_sh": 88, "munmap": 264, "mmap_sh_mb": 352.00067138671875}
{"tgid": 11717, "comm": "flux-shell", "shmget": 1, "shmat": 1, "shmdt": 1, "rmid": 1, "get_mb": 0.00390625, "shmopen": 0, "unlink": 0, "mmap_sh": 88, "munmap": 263, "mmap_sh_mb": 352.00067138671875}
{"tgid": 11720, "comm": "flux-shell", "shmget": 1, "shmat": 1, "shmdt": 1, "rmid": 1, "get_mb": 0.00390625, "shmopen": 0, "unlink": 0, "mmap_sh": 88, "munmap": 264, "mmap_sh_mb": 352.00067138671875}
{"tgid": 11732, "comm": "flux-shell", "shmget": 1, "shmat": 1, "shmdt": 1, "rmid": 1, "get_mb": 0.00390625, "shmopen": 0, "unlink": 0, "mmap_sh": 88, "munmap": 264, "mmap_sh_mb": 352.00067138671875}
{"tgid": 11694, "comm": "flux-shell", "shmget": 1, "shmat": 1, "shmdt": 1, "rmid": 1, "get_mb": 0.00390625, "shmopen": 0, "unlink": 0, "mmap_sh": 88, "munmap": 264, "mmap_sh_mb": 352.00067138671875}
{"tgid": 11718, "comm": "flux-shell", "shmget": 1, "shmat": 1, "shmdt": 1, "rmid": 1, "get_mb": 0.00390625, "shmopen": 0, "unlink": 0, "mmap_sh": 88, "munmap": 263, "mmap_sh_mb": 352.00067138671875}
{"tgid": 11781, "comm": "flux-shell", "shmget": 1, "shmat": 1, "shmdt": 1, "rmid": 1, "get_mb": 0.00390625, "shmopen": 0, "unlink": 0, "mmap_sh": 88, "munmap": 263, "mmap_sh_mb": 352.00067138671875}
{"tgid": 11685, "comm": "flux-shell", "shmget": 1, "shmat": 1, "shmdt": 1, "rmid": 1, "get_mb": 0.00390625, "shmopen": 0, "unlink": 0, "mmap_sh": 88, "munmap": 264, "mmap_sh_mb": 352.00067138671875}
{"tgid": 11696, "comm": "flux-shell", "shmget": 1, "shmat": 1, "shmdt": 1, "rmid": 1, "get_mb": 0.00390625, "shmopen": 0, "unlink": 0, "mmap_sh": 88, "munmap": 263, "mmap_sh_mb": 352.00067138671875}

--- Shared Memory Stats Summary at 17:34:00 ---
{"tgid": 11773, "comm": "flux-shell", "shmget": 1, "shmat": 1, "shmdt": 1, "rmid": 1, "get_mb": 0.00390625, "shmopen": 0, "unlink": 0, "mmap_sh": 88, "munmap": 263, "mmap_sh_mb": 352.00067138671875}
{"tgid": 11831, "comm": "flux-shell", "shmget": 1, "shmat": 1, "shmdt": 1, "rmid": 1, "get_mb": 0.00390625, "shmopen": 0, "unlink": 0, "mmap_sh": 88, "munmap": 264, "mmap_sh_mb": 352.00067138671875}
{"tgid": 11797, "comm": "flux-shell", "shmget": 1, "shmat": 1, "shmdt": 1, "rmid": 1, "get_mb": 0.00390625, "shmopen": 0, "unlink": 0, "mmap_sh": 88, "munmap": 263, "mmap_sh_mb": 352.00067138671875}
{"tgid": 11761, "comm": "flux-shell", "shmget": 1, "shmat": 1, "shmdt": 1, "rmid": 1, "get_mb": 0.00390625, "shmopen": 0, "unlink": 0, "mmap_sh": 88, "munmap": 263, "mmap_sh_mb": 352.00067138671875}
{"tgid": 11749, "comm": "flux-shell", "shmget": 1, "shmat": 1, "shmdt": 1, "rmid": 1, "get_mb": 0.00390625, "shmopen": 0, "unlink": 0, "mmap_sh": 88, "munmap": 263, "mmap_sh_mb": 352.00067138671875}
{"tgid": 11791, "comm": "flux-shell", "shmget": 1, "shmat": 1, "shmdt": 1, "rmid": 1, "get_mb": 0.00390625, "shmopen": 0, "unlink": 0, "mmap_sh": 88, "munmap": 263, "mmap_sh_mb": 352.00067138671875}
{"tgid": 11833, "comm": "flux-shell", "shmget": 1, "shmat": 1, "shmdt": 1, "rmid": 1, "get_mb": 0.00390625, "shmopen": 0, "unlink": 0, "mmap_sh": 88, "munmap": 264, "mmap_sh_mb": 352.00067138671875}
{"tgid": 11692, "comm": "flux-shell", "shmget": 1, "shmat": 1, "shmdt": 1, "rmid": 1, "get_mb": 0.00390625, "shmopen": 0, "unlink": 0, "mmap_sh": 88, "munmap": 264, "mmap_sh_mb": 352.00067138671875}
{"tgid": 11821, "comm": "flux-shell", "shmget": 1, "shmat": 1, "shmdt": 1, "rmid": 1, "get_mb": 0.00390625, "shmopen": 0, "unlink": 0, "mmap_sh": 88, "munmap": 263, "mmap_sh_mb": 352.00067138671875}
{"tgid": 11843, "comm": "flux-shell", "shmget": 1, "shmat": 1, "shmdt": 1, "rmid": 1, "get_mb": 0.00390625, "shmopen": 0, "unlink": 0, "mmap_sh": 88, "munmap": 263, "mmap_sh_mb": 352.00067138671875}
{"tgid": 11753, "comm": "flux-shell", "shmget": 1, "shmat": 1, "shmdt": 1, "rmid": 1, "get_mb": 0.00390625, "shmopen": 0, "unlink": 0, "mmap_sh": 88, "munmap": 263, "mmap_sh_mb": 352.00067138671875}
{"tgid": 11769, "comm": "flux-shell", "shmget": 1, "shmat": 1, "shmdt": 1, "rmid": 1, "get_mb": 0.00390625, "shmopen": 0, "unlink": 0, "mmap_sh": 88, "munmap": 264, "mmap_sh_mb": 352.00067138671875}
{"tgid": 11717, "comm": "flux-shell", "shmget": 1, "shmat": 1, "shmdt": 1, "rmid": 1, "get_mb": 0.00390625, "shmopen": 0, "unlink": 0, "mmap_sh": 88, "munmap": 263, "mmap_sh_mb": 352.00067138671875}
{"tgid": 11720, "comm": "flux-shell", "shmget": 1, "shmat": 1, "shmdt": 1, "rmid": 1, "get_mb": 0.00390625, "shmopen": 0, "unlink": 0, "mmap_sh": 88, "munmap": 264, "mmap_sh_mb": 352.00067138671875}
{"tgid": 11732, "comm": "flux-shell", "shmget": 1, "shmat": 1, "shmdt": 1, "rmid": 1, "get_mb": 0.00390625, "shmopen": 0, "unlink": 0, "mmap_sh": 88, "munmap": 264, "mmap_sh_mb": 352.00067138671875}
{"tgid": 11694, "comm": "flux-shell", "shmget": 1, "shmat": 1, "shmdt": 1, "rmid": 1, "get_mb": 0.00390625, "shmopen": 0, "unlink": 0, "mmap_sh": 88, "munmap": 264, "mmap_sh_mb": 352.00067138671875}
{"tgid": 11718, "comm": "flux-shell", "shmget": 1, "shmat": 1, "shmdt": 1, "rmid": 1, "get_mb": 0.00390625, "shmopen": 0, "unlink": 0, "mmap_sh": 88, "munmap": 263, "mmap_sh_mb": 352.00067138671875}
{"tgid": 11781, "comm": "flux-shell", "shmget": 1, "shmat": 1, "shmdt": 1, "rmid": 1, "get_mb": 0.00390625, "shmopen": 0, "unlink": 0, "mmap_sh": 88, "munmap": 263, "mmap_sh_mb": 352.00067138671875}
{"tgid": 11685, "comm": "flux-shell", "shmget": 1, "shmat": 1, "shmdt": 1, "rmid": 1, "get_mb": 0.00390625, "shmopen": 0, "unlink": 0, "mmap_sh": 88, "munmap": 264, "mmap_sh_mb": 352.00067138671875}
{"tgid": 11696, "comm": "flux-shell", "shmget": 1, "shmat": 1, "shmdt": 1, "rmid": 1, "get_mb": 0.00390625, "shmopen": 0, "unlink": 0, "mmap_sh": 88, "munmap": 263, "mmap_sh_mb": 352.00067138671875}
[17:34:00] 
Indicator file '/mnt/flux/stop_ebpf_collection' found. Stopping.
Cleaning up BPF resources...
Cleanup complete.
