unlimited
PROGRAM: futex
Looking for /opt/programs/futex/ebpf-collect.c
[17:32:35] Starting eBPF (Tracepoints for futex syscalls).
[17:32:36] BPF program loaded and tracepoints automatically attached.
[17:32:36] Start Indicator file defined '/mnt/flux/start_ebpf_collection'. Waiting.
[17:33:05] Start indicator found. Proceeding.
[17:33:05] Ring buffers opened. Polling for events...
[17:33:57] 
Indicator file '/mnt/flux/stop_ebpf_collection' found. Stopping.
[17:33:57] Cleaning up BPF resources...
{
  "final_aggregated_futex_summary_river": [
    {
      "tgid": 3667,
      "comm": "containerd",
      "cgroup_id": 6520,
      "wait_duration_stats_ns": {
        "count": 1971.0,
        "sum": 1293657986995.0015,
        "mean": 656346010.651954,
        "median": 183430.61346021178,
        "min": 469,
        "max": 38791886122,
        "variance_ns2": 1.4002933864339685e+19,
        "iqr_ns": 113087025.2885193,
        "q1_ns": 48569.32804903794,
        "q3_ns": 113135594.61656833
      },
      "futex_op_counts": {
        "128": 1971
      },
      "first_seen_ts_ns": 431582216715,
      "last_seen_ts_ns": 512647985120
    },
    {
      "tgid": 3865,
      "comm": "kubelet",
      "cgroup_id": 6640,
      "wait_duration_stats_ns": {
        "count": 4569.0,
        "sum": 665977624147.998,
        "mean": 145760040.30378595,
        "median": 21262137.777017053,
        "min": 631,
        "max": 39186815548,
        "variance_ns2": 1.1821758022700792e+18,
        "iqr_ns": 40951711.63801004,
        "q1_ns": 2807439.719291364,
        "q3_ns": 43759151.35730141
      },
      "futex_op_counts": {
        "128": 4569
      },
      "first_seen_ts_ns": 431374205087,
      "last_seen_ts_ns": 512617111897
    },
    {
      "tgid": 8213,
      "comm": "containerd-shim",
      "cgroup_id": 6520,
      "wait_duration_stats_ns": {
        "count": 485.0,
        "sum": 387513648925.99994,
        "mean": 798997214.2804122,
        "median": 308019.2087679863,
        "min": 665,
        "max": 10222506825,
        "variance_ns2": 4.988526561210419e+18,
        "iqr_ns": 6810836.006392031,
        "q1_ns": 34662.44171292553,
        "q3_ns": 6845498.448104956
      },
      "futex_op_counts": {
        "128": 485
      },
      "first_seen_ts_ns": 431746876742,
      "last_seen_ts_ns": 511789872119
    },
    {
      "tgid": 7735,
      "comm": "prometheus",
      "cgroup_id": 8532,
      "wait_duration_stats_ns": {
        "count": 2587.0,
        "sum": 312945206792.99994,
        "mean": 120968382.98917663,
        "median": 46539509.54416748,
        "min": 2333,
        "max": 54016469560,
        "variance_ns2": 2.0918597189310858e+18,
        "iqr_ns": 11240570.369860627,
        "q1_ns": 38913950.122988656,
        "q3_ns": 50154520.49284928
      },
      "futex_op_counts": {
        "128": 2587
      },
      "first_seen_ts_ns": 431392757304,
      "last_seen_ts_ns": 512603006908
    },
    {
      "tgid": 7873,
      "comm": "config-reloader",
      "cgroup_id": 8690,
      "wait_duration_stats_ns": {
        "count": 65.0,
        "sum": 305550857584.0001,
        "mean": 4700782424.369232,
        "median": 1782037069.0262234,
        "min": 650,
        "max": 60000263191,
        "variance_ns2": 1.639940384329418e+20,
        "iqr_ns": 3189123875.008095,
        "q1_ns": 27677426.104097907,
        "q3_ns": 3216801301.1121926
      },
      "futex_op_counts": {
        "128": 65
      },
      "first_seen_ts_ns": 461852153347,
      "last_seen_ts_ns": 511901159811
    },
    {
      "tgid": 6917,
      "comm": "fluent-bit-gke-",
      "cgroup_id": 7979,
      "wait_duration_stats_ns": {
        "count": 149.0,
        "sum": 272353670838.00006,
        "mean": 1827876985.4899333,
        "median": 705022254.9083518,
        "min": 1585,
        "max": 43872306201,
        "variance_ns2": 2.536158772454607e+19,
        "iqr_ns": 1199665527.5330374,
        "q1_ns": 83725087.90131183,
        "q3_ns": 1283390615.4343493
      },
      "futex_op_counts": {
        "128": 149
      },
      "first_seen_ts_ns": 460777719005,
      "last_seen_ts_ns": 511778669442
    },
    {
      "tgid": 10707,
      "comm": "containerd-shim",
      "cgroup_id": 6520,
      "wait_duration_stats_ns": {
        "count": 115.0,
        "sum": 265094020356.00006,
        "mean": 2305165394.4000006,
        "median": 74830462.72778782,
        "min": 2346,
        "max": 29991034498,
        "variance_ns2": 2.8063363626737824e+19,
        "iqr_ns": 2811368911.5851088,
        "q1_ns": 3407909.576919456,
        "q3_ns": 2814776821.1620283
      },
      "futex_op_counts": {
        "128": 115
      },
      "first_seen_ts_ns": 464312011519,
      "last_seen_ts_ns": 512650706066
    },
    {
      "tgid": 4246,
      "comm": "containerd-shim",
      "cgroup_id": 6520,
      "wait_duration_stats_ns": {
        "count": 58.0,
        "sum": 252927401411.9999,
        "mean": 4360817265.724136,
        "median": 1677555064.811452,
        "min": 959,
        "max": 60000906388,
        "variance_ns2": 8.599000713898457e+19,
        "iqr_ns": 6360878085.240571,
        "q1_ns": 130297821.35225442,
        "q3_ns": 6491175906.592826
      },
      "futex_op_counts": {
        "128": 58
      },
      "first_seen_ts_ns": 464313468316,
      "last_seen_ts_ns": 508298373255
    },
    {
      "tgid": 6334,
      "comm": "containerd-shim",
      "cgroup_id": 6520,
      "wait_duration_stats_ns": {
        "count": 98.0,
        "sum": 237688245554.00006,
        "mean": 2425390260.7551026,
        "median": 23199065.34003812,
        "min": 950,
        "max": 42224371952,
        "variance_ns2": 3.4964963464425832e+19,
        "iqr_ns": 3664601834.914609,
        "q1_ns": 2871976.92286484,
        "q3_ns": 3667473811.837474
      },
      "futex_op_counts": {
        "128": 98
      },
      "first_seen_ts_ns": 464312244201,
      "last_seen_ts_ns": 508300303932
    },
    {
      "tgid": 6349,
      "comm": "containerd-shim",
      "cgroup_id": 6520,
      "wait_duration_stats_ns": {
        "count": 123.0,
        "sum": 237668244143.9999,
        "mean": 1932262147.5121944,
        "median": 15263505.017395558,
        "min": 669,
        "max": 29999378306,
        "variance_ns2": 2.313566176281043e+19,
        "iqr_ns": 2744114727.4768133,
        "q1_ns": 1107103.4568479676,
        "q3_ns": 2745221830.9336615
      },
      "futex_op_counts": {
        "128": 123
      },
      "first_seen_ts_ns": 464311576195,
      "last_seen_ts_ns": 508298873638
    },
    {
      "tgid": 4312,
      "comm": "kube-proxy",
      "cgroup_id": 7366,
      "wait_duration_stats_ns": {
        "count": 165.0,
        "sum": 220904187256.99982,
        "mean": 1338813256.1030293,
        "median": 359997468.91271067,
        "min": 550,
        "max": 28427943954,
        "variance_ns2": 1.816579462517888e+19,
        "iqr_ns": 1386723008.512895,
        "q1_ns": 21404991.647243563,
        "q3_ns": 1408128000.1601386
      },
      "futex_op_counts": {
        "128": 165
      },
      "first_seen_ts_ns": 464707200295,
      "last_seen_ts_ns": 509710645661
    },
    {
      "tgid": 7330,
      "comm": "containerd-shim",
      "cgroup_id": 6520,
      "wait_duration_stats_ns": {
        "count": 118.0,
        "sum": 209124696813.00006,
        "mean": 1772243193.330509,
        "median": 279235509.6365194,
        "min": 1108,
        "max": 35740476156,
        "variance_ns2": 2.2279039139646136e+19,
        "iqr_ns": 984322167.3297774,
        "q1_ns": 5962026.994415337,
        "q3_ns": 990284194.3241926
      },
      "futex_op_counts": {
        "128": 118
      },
      "first_seen_ts_ns": 464312832527,
      "last_seen_ts_ns": 508297828084
    },
    {
      "tgid": 3930,
      "comm": "node-problem-de",
      "cgroup_id": 6700,
      "wait_duration_stats_ns": {
        "count": 263.0,
        "sum": 184136810521.99985,
        "mean": 700139963.9619766,
        "median": 398159602.47366357,
        "min": 963,
        "max": 30995005438,
        "variance_ns2": 7.309128609991388e+18,
        "iqr_ns": 964192359.5620561,
        "q1_ns": 36723175.277077444,
        "q3_ns": 1000915534.8391335
      },
      "futex_op_counts": {
        "128": 263
      },
      "first_seen_ts_ns": 460857724297,
      "last_seen_ts_ns": 511858609401
    },
    {
      "tgid": 1728,
      "comm": "google_osconfig",
      "cgroup_id": 4234,
      "wait_duration_stats_ns": {
        "count": 55.0,
        "sum": 174737814867.00006,
        "mean": 3177051179.400001,
        "median": 3195283832.5957966,
        "min": 9932,
        "max": 30005701179,
        "variance_ns2": 3.325557910263365e+19,
        "iqr_ns": 4737908134.548984,
        "q1_ns": 48125065.076724485,
        "q3_ns": 4786033199.625708
      },
      "futex_op_counts": {
        "128": 55
      },
      "first_seen_ts_ns": 462512032221,
      "last_seen_ts_ns": 512640304879
    },
    {
      "tgid": 6982,
      "comm": "main",
      "cgroup_id": 8058,
      "wait_duration_stats_ns": {
        "count": 53.0,
        "sum": 169909623924.99997,
        "mean": 3205841960.8490562,
        "median": 3137722850.816739,
        "min": 18927,
        "max": 59976820090,
        "variance_ns2": 6.873225593982725e+19,
        "iqr_ns": 4651762088.878324,
        "q1_ns": 191804457.0894854,
        "q3_ns": 4843566545.967809
      },
      "futex_op_counts": {
        "128": 53
      },
      "first_seen_ts_ns": 461826252220,
      "last_seen_ts_ns": 511831135746
    },
    {
      "tgid": 1727,
      "comm": "google_guest_ag",
      "cgroup_id": 4174,
      "wait_duration_stats_ns": {
        "count": 35.0,
        "sum": 108870900718.99998,
        "mean": 3110597163.3999996,
        "median": 4441572434.573579,
        "min": 19703959,
        "max": 5004042053,
        "variance_ns2": 4.5732303270240333e+18,
        "iqr_ns": 3966752012.8218465,
        "q1_ns": 826749121.0230451,
        "q3_ns": 4793501133.844892
      },
      "futex_op_counts": {
        "128": 35
      },
      "first_seen_ts_ns": 462446073452,
      "last_seen_ts_ns": 512448464119
    },
    {
      "tgid": 2766,
      "comm": "dockerd",
      "cgroup_id": 6400,
      "wait_duration_stats_ns": {
        "count": 12.0,
        "sum": 99929188993.0,
        "mean": 8327432416.083333,
        "median": 9740791305.958334,
        "min": 77893394,
        "max": 10003783592,
        "variance_ns2": 1.4847043933129755e+19,
        "iqr_ns": 1246025589.1736107,
        "q1_ns": 8750079593.770834,
        "q3_ns": 9996105182.944445
      },
      "futex_op_counts": {
        "128": 12
      },
      "first_seen_ts_ns": 465234722148,
      "last_seen_ts_ns": 505244060772
    },
    {
      "tgid": 7232,
      "comm": "main",
      "cgroup_id": 8216,
      "wait_duration_stats_ns": {
        "count": 29.0,
        "sum": 99872332304.0,
        "mean": 3443873527.724138,
        "median": 4940806959.337605,
        "min": 740658,
        "max": 5004077416,
        "variance_ns2": 5.512083166644175e+18,
        "iqr_ns": 3102567224.559079,
        "q1_ns": 1865879471.3040283,
        "q3_ns": 4968446695.863108
      },
      "futex_op_counts": {
        "128": 29
      },
      "first_seen_ts_ns": 464725624488,
      "last_seen_ts_ns": 509741293776
    },
    {
      "tgid": 7197,
      "comm": "otelsvc",
      "cgroup_id": 8137,
      "wait_duration_stats_ns": {
        "count": 139.0,
        "sum": 50973961278.000046,
        "mean": 366719145.8848924,
        "median": 484822488.07781005,
        "min": 4235,
        "max": 499734319,
        "variance_ns2": 3.79282820636861e+16,
        "iqr_ns": 189953617.89481765,
        "q1_ns": 300435402.9532041,
        "q3_ns": 490389020.84802175
      },
      "futex_op_counts": {
        "128": 139
      },
      "first_seen_ts_ns": 460696764618,
      "last_seen_ts_ns": 512196778371
    },
    {
      "tgid": 8643,
      "comm": "gce-pd-csi-driv",
      "cgroup_id": 9164,
      "wait_duration_stats_ns": {
        "count": 91.0,
        "sum": 50677166459.00001,
        "mean": 556891939.1098902,
        "median": 589902706.2748244,
        "min": 24940379,
        "max": 589938336,
        "variance_ns2": 1.2610138585313246e+16,
        "iqr_ns": 321429.08566093445,
        "q1_ns": 589597020.4989946,
        "q3_ns": 589918449.5846555
      },
      "futex_op_counts": {
        "128": 91
      },
      "first_seen_ts_ns": 461140750814,
      "last_seen_ts_ns": 512140751614
    },
    {
      "tgid": 11689,
      "comm": "runc",
      "cgroup_id": 6520,
      "wait_duration_stats_ns": {
        "count": 309.0,
        "sum": 2377523671.0000005,
        "mean": 7694251.362459549,
        "median": 366408.586017179,
        "min": 550,
        "max": 335137490,
        "variance_ns2": 1802263963521790.2,
        "iqr_ns": 1889547.0893223549,
        "q1_ns": 119737.24282854122,
        "q3_ns": 2009284.332150896
      },
      "futex_op_counts": {
        "128": 309
      },
      "first_seen_ts_ns": 461758302230,
      "last_seen_ts_ns": 462100080737
    },
    {
      "tgid": 8295,
      "comm": "csi-node-driver",
      "cgroup_id": 9085,
      "wait_duration_stats_ns": {
        "count": 2.0,
        "sum": 2001746280.0,
        "mean": 1000873140.0,
        "median": 1001751022.0,
        "min": 999995258,
        "max": 1001751022,
        "variance_ns2": 1541353611848.0,
        "iqr_ns": 1755764.0,
        "q1_ns": 999995258.0,
        "q3_ns": 1001751022.0
      },
      "futex_op_counts": {
        "128": 2
      },
      "first_seen_ts_ns": 477277313179,
      "last_seen_ts_ns": 477279017041
    },
    {
      "tgid": 11700,
      "comm": "runc:[2:INIT]",
      "cgroup_id": 9085,
      "wait_duration_stats_ns": {
        "count": 31.0,
        "sum": 1315283667.9999998,
        "mean": 42428505.41935483,
        "median": 4993851.604484988,
        "min": 87872,
        "max": 247921555,
        "variance_ns2": 7215589860754701.0,
        "iqr_ns": 29746437.675811008,
        "q1_ns": 1507700.2045042948,
        "q3_ns": 31254137.880315304
      },
      "futex_op_counts": {
        "128": 31
      },
      "first_seen_ts_ns": 461842098416,
      "last_seen_ts_ns": 462099079907
    },
    {
      "tgid": 11721,
      "comm": "kubectl",
      "cgroup_id": 6580,
      "wait_duration_stats_ns": {
        "count": 721.0,
        "sum": 1292341196.0,
        "mean": 1792428.8432732315,
        "median": 251029.50194308665,
        "min": 540,
        "max": 88778534,
        "variance_ns2": 32506164407832.246,
        "iqr_ns": 1676567.1596614385,
        "q1_ns": 41288.14855295566,
        "q3_ns": 1717855.3082143941
      },
      "futex_op_counts": {
        "128": 721
      },
      "first_seen_ts_ns": 463242285298,
      "last_seen_ts_ns": 463331265999
    },
    {
      "tgid": 11825,
      "comm": "runc",
      "cgroup_id": 6520,
      "wait_duration_stats_ns": {
        "count": 269.0,
        "sum": 1004921633.9999999,
        "mean": 3735768.1561338287,
        "median": 116864.9308684741,
        "min": 9408,
        "max": 146492611,
        "variance_ns2": 404244899744433.5,
        "iqr_ns": 854581.0380772749,
        "q1_ns": 35197.241171066285,
        "q3_ns": 889778.2792483412
      },
      "futex_op_counts": {
        "128": 269
      },
      "first_seen_ts_ns": 481752109125,
      "last_seen_ts_ns": 481901690387
    },
    {
      "tgid": 11846,
      "comm": "runc",
      "cgroup_id": 6520,
      "wait_duration_stats_ns": {
        "count": 329.0,
        "sum": 643011374.0000001,
        "mean": 1954441.8662613984,
        "median": 72228.85063969654,
        "min": 782,
        "max": 92216736,
        "variance_ns2": 123083803909922.56,
        "iqr_ns": 350678.18065321696,
        "q1_ns": 20502.078358521478,
        "q3_ns": 371180.2590117384
      },
      "futex_op_counts": {
        "128": 329
      },
      "first_seen_ts_ns": 491751160036,
      "last_seen_ts_ns": 491849968915
    },
    {
      "tgid": 11869,
      "comm": "runc",
      "cgroup_id": 6520,
      "wait_duration_stats_ns": {
        "count": 285.0,
        "sum": 605235814.9999999,
        "mean": 2123634.438596491,
        "median": 100155.09657822651,
        "min": 1171,
        "max": 85283231,
        "variance_ns2": 120353943898830.03,
        "iqr_ns": 535615.0432799642,
        "q1_ns": 24343.536051313524,
        "q3_ns": 559958.5793312778
      },
      "futex_op_counts": {
        "128": 285
      },
      "first_seen_ts_ns": 501755475380,
      "last_seen_ts_ns": 501849417185
    },
    {
      "tgid": 11836,
      "comm": "runc:[2:INIT]",
      "cgroup_id": 9085,
      "wait_duration_stats_ns": {
        "count": 28.0,
        "sum": 567169158.0,
        "mean": 20256041.35714286,
        "median": 2634308.096034999,
        "min": 1385,
        "max": 101854516,
        "variance_ns2": 1267459056786653.8,
        "iqr_ns": 22256788.952004872,
        "q1_ns": 637354.9556075193,
        "q3_ns": 22894143.90761239
      },
      "futex_op_counts": {
        "128": 28
      },
      "first_seen_ts_ns": 481782217061,
      "last_seen_ts_ns": 481901714923
    },
    {
      "tgid": 11857,
      "comm": "runc:[2:INIT]",
      "cgroup_id": 9085,
      "wait_duration_stats_ns": {
        "count": 30.0,
        "sum": 282389489.0,
        "mean": 9412982.966666667,
        "median": 1588602.2466375406,
        "min": 1022,
        "max": 42900591,
        "variance_ns2": 189811417424686.0,
        "iqr_ns": 16485597.953148548,
        "q1_ns": 44691.42566986736,
        "q3_ns": 16530289.378818415
      },
      "futex_op_counts": {
        "128": 30
      },
      "first_seen_ts_ns": 491788236210,
      "last_seen_ts_ns": 491849980420
    },
    {
      "tgid": 11770,
      "comm": "runc",
      "cgroup_id": 6520,
      "wait_duration_stats_ns": {
        "count": 347.0,
        "sum": 251539998.99999997,
        "mean": 724899.1325648414,
        "median": 55560.62882644756,
        "min": 880,
        "max": 42548670,
        "variance_ns2": 16894471084527.436,
        "iqr_ns": 227928.50224724875,
        "q1_ns": 19787.39407189476,
        "q3_ns": 247715.8963191435
      },
      "futex_op_counts": {
        "128": 347
      },
      "first_seen_ts_ns": 471748715938,
      "last_seen_ts_ns": 471794351014
    },
    {
      "tgid": 11880,
      "comm": "runc:[2:INIT]",
      "cgroup_id": 9085,
      "wait_duration_stats_ns": {
        "count": 49.0,
        "sum": 239387403.00000006,
        "mean": 4885457.204081634,
        "median": 316840.19278935756,
        "min": 22514,
        "max": 48306530,
        "variance_ns2": 144568531216868.78,
        "iqr_ns": 3544329.415044099,
        "q1_ns": 49865.71200122427,
        "q3_ns": 3594195.127045323
      },
      "futex_op_counts": {
        "128": 49
      },
      "first_seen_ts_ns": 501784078270,
      "last_seen_ts_ns": 501849515752
    },
    {
      "tgid": 11892,
      "comm": "runc",
      "cgroup_id": 6520,
      "wait_duration_stats_ns": {
        "count": 385.0,
        "sum": 215474511.0,
        "mean": 559674.0545454546,
        "median": 30044.540169116277,
        "min": 1792,
        "max": 32152968,
        "variance_ns2": 14387120016511.865,
        "iqr_ns": 114498.18718258545,
        "q1_ns": 13687.203414458712,
        "q3_ns": 128185.39059704416
      },
      "futex_op_counts": {
        "128": 385
      },
      "first_seen_ts_ns": 511748654439,
      "last_seen_ts_ns": 511783638683
    },
    {
      "tgid": 11781,
      "comm": "runc:[2:INIT]",
      "cgroup_id": 9085,
      "wait_duration_stats_ns": {
        "count": 28.0,
        "sum": 165940554.0,
        "mean": 5926448.357142857,
        "median": 1586859.7770849585,
        "min": 12312,
        "max": 21029612,
        "variance_ns2": 68471271860401.64,
        "iqr_ns": 7276076.009156163,
        "q1_ns": 101878.58383313628,
        "q3_ns": 7377954.592989299
      },
      "futex_op_counts": {
        "128": 28
      },
      "first_seen_ts_ns": 471757331570,
      "last_seen_ts_ns": 471794405909
    },
    {
      "tgid": 11904,
      "comm": "runc:[2:INIT]",
      "cgroup_id": 9085,
      "wait_duration_stats_ns": {
        "count": 29.0,
        "sum": 119680926.99999997,
        "mean": 4126928.5172413783,
        "median": 884188.9507210782,
        "min": 9884,
        "max": 15473317,
        "variance_ns2": 33639579426943.62,
        "iqr_ns": 7099160.120666504,
        "q1_ns": 93556.85869746371,
        "q3_ns": 7192716.979363968
      },
      "futex_op_counts": {
        "128": 29
      },
      "first_seen_ts_ns": 511755933981,
      "last_seen_ts_ns": 511783602404
    },
    {
      "tgid": 11453,
      "comm": "runc:[2:INIT]",
      "cgroup_id": 9085,
      "wait_duration_stats_ns": {
        "count": 18.0,
        "sum": 46603392.0,
        "mean": 2589077.3333333335,
        "median": 212096.067181364,
        "min": 610,
        "max": 9812663,
        "variance_ns2": 16801307757753.996,
        "iqr_ns": 3961740.8222404425,
        "q1_ns": 33781.166666666664,
        "q3_ns": 3995521.988907109
      },
      "futex_op_counts": {
        "128": 18
      },
      "first_seen_ts_ns": 431756089543,
      "last_seen_ts_ns": 431766184338
    },
    {
      "tgid": 11740,
      "comm": "gke-exec-auth-p",
      "cgroup_id": 6580,
      "wait_duration_stats_ns": {
        "count": 317.0,
        "sum": 37590992.00000002,
        "mean": 118583.57097791805,
        "median": 24611.300233307993,
        "min": 467,
        "max": 5826952,
        "variance_ns2": 348614140741.7649,
        "iqr_ns": 90640.98257600513,
        "q1_ns": 10576.630785564657,
        "q3_ns": 101217.61336156979
      },
      "futex_op_counts": {
        "128": 317
      },
      "first_seen_ts_ns": 463284631839,
      "last_seen_ts_ns": 463294637539
    },
    {
      "tgid": 11441,
      "comm": "runc",
      "cgroup_id": 6520,
      "wait_duration_stats_ns": {
        "count": 399.0,
        "sum": 22411193.00000002,
        "mean": 56168.403508771975,
        "median": 19536.449868746033,
        "min": 1924,
        "max": 3527196,
        "variance_ns2": 90226079414.82935,
        "iqr_ns": 17112.986702550512,
        "q1_ns": 10525.492726345641,
        "q3_ns": 27638.479428896153
      },
      "futex_op_counts": {
        "128": 399
      },
      "first_seen_ts_ns": 431749088340,
      "last_seen_ts_ns": 431755415206
    },
    {
      "tgid": 11700,
      "comm": "csi-node-driver",
      "cgroup_id": 9085,
      "wait_duration_stats_ns": {
        "count": 21.0,
        "sum": 12339569.000000002,
        "mean": 587598.5238095239,
        "median": 218464.34640736866,
        "min": 21684,
        "max": 2494002,
        "variance_ns2": 438500424575.0619,
        "iqr_ns": 752706.2377622264,
        "q1_ns": 129326.96303576164,
        "q3_ns": 882033.200797988
      },
      "futex_op_counts": {
        "128": 21
      },
      "first_seen_ts_ns": 462102046165,
      "last_seen_ts_ns": 462105564193
    },
    {
      "tgid": 11880,
      "comm": "csi-node-driver",
      "cgroup_id": 9085,
      "wait_duration_stats_ns": {
        "count": 14.0,
        "sum": 10910152.999999998,
        "mean": 779296.6428571427,
        "median": 78006.47762962963,
        "min": 22102,
        "max": 4187587,
        "variance_ns2": 1904474956521.1704,
        "iqr_ns": 422654.8833333333,
        "q1_ns": 28490.75,
        "q3_ns": 451145.6333333333
      },
      "futex_op_counts": {
        "128": 14
      },
      "first_seen_ts_ns": 501858539698,
      "last_seen_ts_ns": 501862763732
    },
    {
      "tgid": 11781,
      "comm": "csi-node-driver",
      "cgroup_id": 9085,
      "wait_duration_stats_ns": {
        "count": 24.0,
        "sum": 9872713.0,
        "mean": 411363.0416666666,
        "median": 84037.54505523184,
        "min": 18490,
        "max": 1600016,
        "variance_ns2": 283466051952.9982,
        "iqr_ns": 512850.20399928524,
        "q1_ns": 41537.57407407407,
        "q3_ns": 554387.7780733593
      },
      "futex_op_counts": {
        "128": 24
      },
      "first_seen_ts_ns": 471796429058,
      "last_seen_ts_ns": 471799862247
    },
    {
      "tgid": 11904,
      "comm": "csi-node-driver",
      "cgroup_id": 9085,
      "wait_duration_stats_ns": {
        "count": 21.0,
        "sum": 9160665.0,
        "mean": 436222.14285714284,
        "median": 164361.5273470773,
        "min": 1888,
        "max": 1837895,
        "variance_ns2": 324259551670.62854,
        "iqr_ns": 641897.8811284415,
        "q1_ns": 36632.78078183177,
        "q3_ns": 678530.6619102734
      },
      "futex_op_counts": {
        "128": 21
      },
      "first_seen_ts_ns": 511785236122,
      "last_seen_ts_ns": 511788486464
    },
    {
      "tgid": 11836,
      "comm": "csi-node-driver",
      "cgroup_id": 9085,
      "wait_duration_stats_ns": {
        "count": 17.0,
        "sum": 8442517.0,
        "mean": 496618.6470588235,
        "median": 86192.41049382716,
        "min": 12553,
        "max": 1810550,
        "variance_ns2": 553357704361.3677,
        "iqr_ns": 610842.5010157946,
        "q1_ns": 23671.619047619046,
        "q3_ns": 634514.1200634136
      },
      "futex_op_counts": {
        "128": 17
      },
      "first_seen_ts_ns": 481907324138,
      "last_seen_ts_ns": 481910755623
    },
    {
      "tgid": 11857,
      "comm": "csi-node-driver",
      "cgroup_id": 9085,
      "wait_duration_stats_ns": {
        "count": 22.0,
        "sum": 8022798.000000001,
        "mean": 364672.6363636364,
        "median": 133267.22647203383,
        "min": 15030,
        "max": 1467190,
        "variance_ns2": 246548002418.33765,
        "iqr_ns": 353581.05244052346,
        "q1_ns": 32629.839348721885,
        "q3_ns": 386210.89178924536
      },
      "futex_op_counts": {
        "128": 22
      },
      "first_seen_ts_ns": 491852132912,
      "last_seen_ts_ns": 491855650572
    },
    {
      "tgid": 11333,
      "comm": "flux-broker-46",
      "cgroup_id": 9968,
      "wait_duration_stats_ns": {
        "count": 130.0,
        "sum": 2865851.000000001,
        "mean": 22045.0076923077,
        "median": 1050.0812359153767,
        "min": 385,
        "max": 1540105,
        "variance_ns2": 20126668020.19373,
        "iqr_ns": 1413.9440985249337,
        "q1_ns": 523.795325206609,
        "q3_ns": 1937.7394237315427
      },
      "futex_op_counts": {
        "128": 130
      },
      "first_seen_ts_ns": 460925051956,
      "last_seen_ts_ns": 512643813639
    },
    {
      "tgid": 11333,
      "comm": "ZMQbg/IO/0",
      "cgroup_id": 9968,
      "wait_duration_stats_ns": {
        "count": 28.0,
        "sum": 96512.0,
        "mean": 3446.857142857143,
        "median": 1014.6466666666666,
        "min": 498,
        "max": 13500,
        "variance_ns2": 16064630.86772487,
        "iqr_ns": 6829.668146571186,
        "q1_ns": 755.6458462172748,
        "q3_ns": 7585.313992788461
      },
      "futex_op_counts": {
        "128": 28
      },
      "first_seen_ts_ns": 507552453961,
      "last_seen_ts_ns": 507556051040
    },
    {
      "tgid": 11649,
      "comm": "lmp",
      "cgroup_id": 9968,
      "wait_duration_stats_ns": {
        "count": 1.0,
        "sum": 88227.0,
        "mean": 88227.0,
        "median": 88227.0,
        "min": 88227,
        "max": 88227,
        "variance_ns2": null,
        "iqr_ns": 0.0,
        "q1_ns": 88227.0,
        "q3_ns": 88227.0
      },
      "futex_op_counts": {
        "128": 1
      },
      "first_seen_ts_ns": 507531072211,
      "last_seen_ts_ns": 507531072211
    },
    {
      "tgid": 11617,
      "comm": "lmp",
      "cgroup_id": 9968,
      "wait_duration_stats_ns": {
        "count": 1.0,
        "sum": 17222.0,
        "mean": 17222.0,
        "median": 17222.0,
        "min": 17222,
        "max": 17222,
        "variance_ns2": null,
        "iqr_ns": 0.0,
        "q1_ns": 17222.0,
        "q3_ns": 17222.0
      },
      "futex_op_counts": {
        "128": 1
      },
      "first_seen_ts_ns": 507531011603,
      "last_seen_ts_ns": 507531011603
    },
    {
      "tgid": 11545,
      "comm": "lmp",
      "cgroup_id": 9968,
      "wait_duration_stats_ns": {
        "count": 1.0,
        "sum": 12894.0,
        "mean": 12894.0,
        "median": 12894.0,
        "min": 12894,
        "max": 12894,
        "variance_ns2": null,
        "iqr_ns": 0.0,
        "q1_ns": 12894.0,
        "q3_ns": 12894.0
      },
      "futex_op_counts": {
        "128": 1
      },
      "first_seen_ts_ns": 507531279168,
      "last_seen_ts_ns": 507531279168
    },
    {
      "tgid": 839,
      "comm": "multipathd",
      "cgroup_id": 1702,
      "wait_duration_stats_ns": {
        "count": 4.0,
        "sum": 11963.0,
        "mean": 2990.75,
        "median": 3366.0,
        "min": 2218,
        "max": 4001,
        "variance_ns2": 711340.9166666666,
        "iqr_ns": 1623.0,
        "q1_ns": 2378.0,
        "q3_ns": 4001.0
      },
      "futex_op_counts": {
        "128": 4
      },
      "first_seen_ts_ns": 482602656485,
      "last_seen_ts_ns": 506604047655
    },
    {
      "tgid": 11595,
      "comm": "lmp",
      "cgroup_id": 9968,
      "wait_duration_stats_ns": {
        "count": 1.0,
        "sum": 9441.0,
        "mean": 9441.0,
        "median": 9441.0,
        "min": 9441,
        "max": 9441,
        "variance_ns2": null,
        "iqr_ns": 0.0,
        "q1_ns": 9441.0,
        "q3_ns": 9441.0
      },
      "futex_op_counts": {
        "128": 1
      },
      "first_seen_ts_ns": 507531283491,
      "last_seen_ts_ns": 507531283491
    },
    {
      "tgid": 11615,
      "comm": "lmp",
      "cgroup_id": 9968,
      "wait_duration_stats_ns": {
        "count": 1.0,
        "sum": 9418.0,
        "mean": 9418.0,
        "median": 9418.0,
        "min": 9418,
        "max": 9418,
        "variance_ns2": null,
        "iqr_ns": 0.0,
        "q1_ns": 9418.0,
        "q3_ns": 9418.0
      },
      "futex_op_counts": {
        "128": 1
      },
      "first_seen_ts_ns": 507531684943,
      "last_seen_ts_ns": 507531684943
    },
    {
      "tgid": 11629,
      "comm": "lmp",
      "cgroup_id": 9968,
      "wait_duration_stats_ns": {
        "count": 1.0,
        "sum": 9276.0,
        "mean": 9276.0,
        "median": 9276.0,
        "min": 9276,
        "max": 9276,
        "variance_ns2": null,
        "iqr_ns": 0.0,
        "q1_ns": 9276.0,
        "q3_ns": 9276.0
      },
      "futex_op_counts": {
        "128": 1
      },
      "first_seen_ts_ns": 507528719900,
      "last_seen_ts_ns": 507528719900
    },
    {
      "tgid": 11677,
      "comm": "lmp",
      "cgroup_id": 9968,
      "wait_duration_stats_ns": {
        "count": 1.0,
        "sum": 9238.0,
        "mean": 9238.0,
        "median": 9238.0,
        "min": 9238,
        "max": 9238,
        "variance_ns2": null,
        "iqr_ns": 0.0,
        "q1_ns": 9238.0,
        "q3_ns": 9238.0
      },
      "futex_op_counts": {
        "128": 1
      },
      "first_seen_ts_ns": 507529582631,
      "last_seen_ts_ns": 507529582631
    },
    {
      "tgid": 11657,
      "comm": "lmp",
      "cgroup_id": 9968,
      "wait_duration_stats_ns": {
        "count": 1.0,
        "sum": 9147.0,
        "mean": 9147.0,
        "median": 9147.0,
        "min": 9147,
        "max": 9147,
        "variance_ns2": null,
        "iqr_ns": 0.0,
        "q1_ns": 9147.0,
        "q3_ns": 9147.0
      },
      "futex_op_counts": {
        "128": 1
      },
      "first_seen_ts_ns": 507528825048,
      "last_seen_ts_ns": 507528825048
    },
    {
      "tgid": 11619,
      "comm": "lmp",
      "cgroup_id": 9968,
      "wait_duration_stats_ns": {
        "count": 1.0,
        "sum": 9092.0,
        "mean": 9092.0,
        "median": 9092.0,
        "min": 9092,
        "max": 9092,
        "variance_ns2": null,
        "iqr_ns": 0.0,
        "q1_ns": 9092.0,
        "q3_ns": 9092.0
      },
      "futex_op_counts": {
        "128": 1
      },
      "first_seen_ts_ns": 507530353068,
      "last_seen_ts_ns": 507530353068
    },
    {
      "tgid": 11522,
      "comm": "lmp",
      "cgroup_id": 9968,
      "wait_duration_stats_ns": {
        "count": 1.0,
        "sum": 9080.0,
        "mean": 9080.0,
        "median": 9080.0,
        "min": 9080,
        "max": 9080,
        "variance_ns2": null,
        "iqr_ns": 0.0,
        "q1_ns": 9080.0,
        "q3_ns": 9080.0
      },
      "futex_op_counts": {
        "128": 1
      },
      "first_seen_ts_ns": 507530185978,
      "last_seen_ts_ns": 507530185978
    },
    {
      "tgid": 11639,
      "comm": "lmp",
      "cgroup_id": 9968,
      "wait_duration_stats_ns": {
        "count": 1.0,
        "sum": 9048.0,
        "mean": 9048.0,
        "median": 9048.0,
        "min": 9048,
        "max": 9048,
        "variance_ns2": null,
        "iqr_ns": 0.0,
        "q1_ns": 9048.0,
        "q3_ns": 9048.0
      },
      "futex_op_counts": {
        "128": 1
      },
      "first_seen_ts_ns": 507528626488,
      "last_seen_ts_ns": 507528626488
    },
    {
      "tgid": 11536,
      "comm": "lmp",
      "cgroup_id": 9968,
      "wait_duration_stats_ns": {
        "count": 1.0,
        "sum": 8839.0,
        "mean": 8839.0,
        "median": 8839.0,
        "min": 8839,
        "max": 8839,
        "variance_ns2": null,
        "iqr_ns": 0.0,
        "q1_ns": 8839.0,
        "q3_ns": 8839.0
      },
      "futex_op_counts": {
        "128": 1
      },
      "first_seen_ts_ns": 507530096183,
      "last_seen_ts_ns": 507530096183
    },
    {
      "tgid": 11637,
      "comm": "lmp",
      "cgroup_id": 9968,
      "wait_duration_stats_ns": {
        "count": 1.0,
        "sum": 8829.0,
        "mean": 8829.0,
        "median": 8829.0,
        "min": 8829,
        "max": 8829,
        "variance_ns2": null,
        "iqr_ns": 0.0,
        "q1_ns": 8829.0,
        "q3_ns": 8829.0
      },
      "futex_op_counts": {
        "128": 1
      },
      "first_seen_ts_ns": 507531097714,
      "last_seen_ts_ns": 507531097714
    },
    {
      "tgid": 11653,
      "comm": "lmp",
      "cgroup_id": 9968,
      "wait_duration_stats_ns": {
        "count": 1.0,
        "sum": 8766.0,
        "mean": 8766.0,
        "median": 8766.0,
        "min": 8766,
        "max": 8766,
        "variance_ns2": null,
        "iqr_ns": 0.0,
        "q1_ns": 8766.0,
        "q3_ns": 8766.0
      },
      "futex_op_counts": {
        "128": 1
      },
      "first_seen_ts_ns": 507528857019,
      "last_seen_ts_ns": 507528857019
    },
    {
      "tgid": 11591,
      "comm": "lmp",
      "cgroup_id": 9968,
      "wait_duration_stats_ns": {
        "count": 1.0,
        "sum": 8766.0,
        "mean": 8766.0,
        "median": 8766.0,
        "min": 8766,
        "max": 8766,
        "variance_ns2": null,
        "iqr_ns": 0.0,
        "q1_ns": 8766.0,
        "q3_ns": 8766.0
      },
      "futex_op_counts": {
        "128": 1
      },
      "first_seen_ts_ns": 507531279821,
      "last_seen_ts_ns": 507531279821
    },
    {
      "tgid": 11667,
      "comm": "lmp",
      "cgroup_id": 9968,
      "wait_duration_stats_ns": {
        "count": 1.0,
        "sum": 8740.0,
        "mean": 8740.0,
        "median": 8740.0,
        "min": 8740,
        "max": 8740,
        "variance_ns2": null,
        "iqr_ns": 0.0,
        "q1_ns": 8740.0,
        "q3_ns": 8740.0
      },
      "futex_op_counts": {
        "128": 1
      },
      "first_seen_ts_ns": 507530208555,
      "last_seen_ts_ns": 507530208555
    },
    {
      "tgid": 11573,
      "comm": "lmp",
      "cgroup_id": 9968,
      "wait_duration_stats_ns": {
        "count": 1.0,
        "sum": 8665.0,
        "mean": 8665.0,
        "median": 8665.0,
        "min": 8665,
        "max": 8665,
        "variance_ns2": null,
        "iqr_ns": 0.0,
        "q1_ns": 8665.0,
        "q3_ns": 8665.0
      },
      "futex_op_counts": {
        "128": 1
      },
      "first_seen_ts_ns": 507531279956,
      "last_seen_ts_ns": 507531279956
    },
    {
      "tgid": 11647,
      "comm": "lmp",
      "cgroup_id": 9968,
      "wait_duration_stats_ns": {
        "count": 1.0,
        "sum": 8650.0,
        "mean": 8650.0,
        "median": 8650.0,
        "min": 8650,
        "max": 8650,
        "variance_ns2": null,
        "iqr_ns": 0.0,
        "q1_ns": 8650.0,
        "q3_ns": 8650.0
      },
      "futex_op_counts": {
        "128": 1
      },
      "first_seen_ts_ns": 507531617642,
      "last_seen_ts_ns": 507531617642
    },
    {
      "tgid": 11603,
      "comm": "lmp",
      "cgroup_id": 9968,
      "wait_duration_stats_ns": {
        "count": 1.0,
        "sum": 8642.0,
        "mean": 8642.0,
        "median": 8642.0,
        "min": 8642,
        "max": 8642,
        "variance_ns2": null,
        "iqr_ns": 0.0,
        "q1_ns": 8642.0,
        "q3_ns": 8642.0
      },
      "futex_op_counts": {
        "128": 1
      },
      "first_seen_ts_ns": 507530931864,
      "last_seen_ts_ns": 507530931864
    },
    {
      "tgid": 11631,
      "comm": "lmp",
      "cgroup_id": 9968,
      "wait_duration_stats_ns": {
        "count": 1.0,
        "sum": 8510.0,
        "mean": 8510.0,
        "median": 8510.0,
        "min": 8510,
        "max": 8510,
        "variance_ns2": null,
        "iqr_ns": 0.0,
        "q1_ns": 8510.0,
        "q3_ns": 8510.0
      },
      "futex_op_counts": {
        "128": 1
      },
      "first_seen_ts_ns": 507528262620,
      "last_seen_ts_ns": 507528262620
    },
    {
      "tgid": 11524,
      "comm": "lmp",
      "cgroup_id": 9968,
      "wait_duration_stats_ns": {
        "count": 1.0,
        "sum": 8459.0,
        "mean": 8459.0,
        "median": 8459.0,
        "min": 8459,
        "max": 8459,
        "variance_ns2": null,
        "iqr_ns": 0.0,
        "q1_ns": 8459.0,
        "q3_ns": 8459.0
      },
      "futex_op_counts": {
        "128": 1
      },
      "first_seen_ts_ns": 507529677109,
      "last_seen_ts_ns": 507529677109
    },
    {
      "tgid": 11550,
      "comm": "lmp",
      "cgroup_id": 9968,
      "wait_duration_stats_ns": {
        "count": 1.0,
        "sum": 8389.0,
        "mean": 8389.0,
        "median": 8389.0,
        "min": 8389,
        "max": 8389,
        "variance_ns2": null,
        "iqr_ns": 0.0,
        "q1_ns": 8389.0,
        "q3_ns": 8389.0
      },
      "futex_op_counts": {
        "128": 1
      },
      "first_seen_ts_ns": 507531322622,
      "last_seen_ts_ns": 507531322622
    },
    {
      "tgid": 11633,
      "comm": "lmp",
      "cgroup_id": 9968,
      "wait_duration_stats_ns": {
        "count": 1.0,
        "sum": 8341.0,
        "mean": 8341.0,
        "median": 8341.0,
        "min": 8341,
        "max": 8341,
        "variance_ns2": null,
        "iqr_ns": 0.0,
        "q1_ns": 8341.0,
        "q3_ns": 8341.0
      },
      "futex_op_counts": {
        "128": 1
      },
      "first_seen_ts_ns": 507530930355,
      "last_seen_ts_ns": 507530930355
    },
    {
      "tgid": 11611,
      "comm": "lmp",
      "cgroup_id": 9968,
      "wait_duration_stats_ns": {
        "count": 1.0,
        "sum": 8326.0,
        "mean": 8326.0,
        "median": 8326.0,
        "min": 8326,
        "max": 8326,
        "variance_ns2": null,
        "iqr_ns": 0.0,
        "q1_ns": 8326.0,
        "q3_ns": 8326.0
      },
      "futex_op_counts": {
        "128": 1
      },
      "first_seen_ts_ns": 507528295673,
      "last_seen_ts_ns": 507528295673
    },
    {
      "tgid": 11675,
      "comm": "lmp",
      "cgroup_id": 9968,
      "wait_duration_stats_ns": {
        "count": 1.0,
        "sum": 8304.0,
        "mean": 8304.0,
        "median": 8304.0,
        "min": 8304,
        "max": 8304,
        "variance_ns2": null,
        "iqr_ns": 0.0,
        "q1_ns": 8304.0,
        "q3_ns": 8304.0
      },
      "futex_op_counts": {
        "128": 1
      },
      "first_seen_ts_ns": 507529532159,
      "last_seen_ts_ns": 507529532159
    },
    {
      "tgid": 11601,
      "comm": "lmp",
      "cgroup_id": 9968,
      "wait_duration_stats_ns": {
        "count": 1.0,
        "sum": 8235.0,
        "mean": 8235.0,
        "median": 8235.0,
        "min": 8235,
        "max": 8235,
        "variance_ns2": null,
        "iqr_ns": 0.0,
        "q1_ns": 8235.0,
        "q3_ns": 8235.0
      },
      "futex_op_counts": {
        "128": 1
      },
      "first_seen_ts_ns": 507528226260,
      "last_seen_ts_ns": 507528226260
    },
    {
      "tgid": 11552,
      "comm": "lmp",
      "cgroup_id": 9968,
      "wait_duration_stats_ns": {
        "count": 1.0,
        "sum": 8225.0,
        "mean": 8225.0,
        "median": 8225.0,
        "min": 8225,
        "max": 8225,
        "variance_ns2": null,
        "iqr_ns": 0.0,
        "q1_ns": 8225.0,
        "q3_ns": 8225.0
      },
      "futex_op_counts": {
        "128": 1
      },
      "first_seen_ts_ns": 507531289001,
      "last_seen_ts_ns": 507531289001
    },
    {
      "tgid": 11548,
      "comm": "lmp",
      "cgroup_id": 9968,
      "wait_duration_stats_ns": {
        "count": 1.0,
        "sum": 8188.0,
        "mean": 8188.0,
        "median": 8188.0,
        "min": 8188,
        "max": 8188,
        "variance_ns2": null,
        "iqr_ns": 0.0,
        "q1_ns": 8188.0,
        "q3_ns": 8188.0
      },
      "futex_op_counts": {
        "128": 1
      },
      "first_seen_ts_ns": 507529254436,
      "last_seen_ts_ns": 507529254436
    },
    {
      "tgid": 11683,
      "comm": "lmp",
      "cgroup_id": 9968,
      "wait_duration_stats_ns": {
        "count": 1.0,
        "sum": 8181.0,
        "mean": 8181.0,
        "median": 8181.0,
        "min": 8181,
        "max": 8181,
        "variance_ns2": null,
        "iqr_ns": 0.0,
        "q1_ns": 8181.0,
        "q3_ns": 8181.0
      },
      "futex_op_counts": {
        "128": 1
      },
      "first_seen_ts_ns": 507529501999,
      "last_seen_ts_ns": 507529501999
    },
    {
      "tgid": 11513,
      "comm": "lmp",
      "cgroup_id": 9968,
      "wait_duration_stats_ns": {
        "count": 1.0,
        "sum": 8120.0,
        "mean": 8120.0,
        "median": 8120.0,
        "min": 8120,
        "max": 8120,
        "variance_ns2": null,
        "iqr_ns": 0.0,
        "q1_ns": 8120.0,
        "q3_ns": 8120.0
      },
      "futex_op_counts": {
        "128": 1
      },
      "first_seen_ts_ns": 507531451624,
      "last_seen_ts_ns": 507531451624
    },
    {
      "tgid": 11651,
      "comm": "lmp",
      "cgroup_id": 9968,
      "wait_duration_stats_ns": {
        "count": 1.0,
        "sum": 8090.0,
        "mean": 8090.0,
        "median": 8090.0,
        "min": 8090,
        "max": 8090,
        "variance_ns2": null,
        "iqr_ns": 0.0,
        "q1_ns": 8090.0,
        "q3_ns": 8090.0
      },
      "futex_op_counts": {
        "128": 1
      },
      "first_seen_ts_ns": 507528080603,
      "last_seen_ts_ns": 507528080603
    },
    {
      "tgid": 11635,
      "comm": "lmp",
      "cgroup_id": 9968,
      "wait_duration_stats_ns": {
        "count": 1.0,
        "sum": 8087.0,
        "mean": 8087.0,
        "median": 8087.0,
        "min": 8087,
        "max": 8087,
        "variance_ns2": null,
        "iqr_ns": 0.0,
        "q1_ns": 8087.0,
        "q3_ns": 8087.0
      },
      "futex_op_counts": {
        "128": 1
      },
      "first_seen_ts_ns": 507528102936,
      "last_seen_ts_ns": 507528102936
    },
    {
      "tgid": 11623,
      "comm": "lmp",
      "cgroup_id": 9968,
      "wait_duration_stats_ns": {
        "count": 1.0,
        "sum": 8068.0,
        "mean": 8068.0,
        "median": 8068.0,
        "min": 8068,
        "max": 8068,
        "variance_ns2": null,
        "iqr_ns": 0.0,
        "q1_ns": 8068.0,
        "q3_ns": 8068.0
      },
      "futex_op_counts": {
        "128": 1
      },
      "first_seen_ts_ns": 507530274696,
      "last_seen_ts_ns": 507530274696
    },
    {
      "tgid": 11543,
      "comm": "lmp",
      "cgroup_id": 9968,
      "wait_duration_stats_ns": {
        "count": 1.0,
        "sum": 8047.0,
        "mean": 8047.0,
        "median": 8047.0,
        "min": 8047,
        "max": 8047,
        "variance_ns2": null,
        "iqr_ns": 0.0,
        "q1_ns": 8047.0,
        "q3_ns": 8047.0
      },
      "futex_op_counts": {
        "128": 1
      },
      "first_seen_ts_ns": 507531420642,
      "last_seen_ts_ns": 507531420642
    },
    {
      "tgid": 11621,
      "comm": "lmp",
      "cgroup_id": 9968,
      "wait_duration_stats_ns": {
        "count": 1.0,
        "sum": 8037.0,
        "mean": 8037.0,
        "median": 8037.0,
        "min": 8037,
        "max": 8037,
        "variance_ns2": null,
        "iqr_ns": 0.0,
        "q1_ns": 8037.0,
        "q3_ns": 8037.0
      },
      "futex_op_counts": {
        "128": 1
      },
      "first_seen_ts_ns": 507530907108,
      "last_seen_ts_ns": 507530907108
    },
    {
      "tgid": 11609,
      "comm": "lmp",
      "cgroup_id": 9968,
      "wait_duration_stats_ns": {
        "count": 1.0,
        "sum": 8033.0,
        "mean": 8033.0,
        "median": 8033.0,
        "min": 8033,
        "max": 8033,
        "variance_ns2": null,
        "iqr_ns": 0.0,
        "q1_ns": 8033.0,
        "q3_ns": 8033.0
      },
      "futex_op_counts": {
        "128": 1
      },
      "first_seen_ts_ns": 507530326021,
      "last_seen_ts_ns": 507530326021
    },
    {
      "tgid": 11555,
      "comm": "lmp",
      "cgroup_id": 9968,
      "wait_duration_stats_ns": {
        "count": 1.0,
        "sum": 8028.0,
        "mean": 8028.0,
        "median": 8028.0,
        "min": 8028,
        "max": 8028,
        "variance_ns2": null,
        "iqr_ns": 0.0,
        "q1_ns": 8028.0,
        "q3_ns": 8028.0
      },
      "futex_op_counts": {
        "128": 1
      },
      "first_seen_ts_ns": 507531305193,
      "last_seen_ts_ns": 507531305193
    },
    {
      "tgid": 11613,
      "comm": "lmp",
      "cgroup_id": 9968,
      "wait_duration_stats_ns": {
        "count": 1.0,
        "sum": 7985.0,
        "mean": 7985.0,
        "median": 7985.0,
        "min": 7985,
        "max": 7985,
        "variance_ns2": null,
        "iqr_ns": 0.0,
        "q1_ns": 7985.0,
        "q3_ns": 7985.0
      },
      "futex_op_counts": {
        "128": 1
      },
      "first_seen_ts_ns": 507530857486,
      "last_seen_ts_ns": 507530857486
    },
    {
      "tgid": 11627,
      "comm": "lmp",
      "cgroup_id": 9968,
      "wait_duration_stats_ns": {
        "count": 1.0,
        "sum": 7973.0,
        "mean": 7973.0,
        "median": 7973.0,
        "min": 7973,
        "max": 7973,
        "variance_ns2": null,
        "iqr_ns": 0.0,
        "q1_ns": 7973.0,
        "q3_ns": 7973.0
      },
      "futex_op_counts": {
        "128": 1
      },
      "first_seen_ts_ns": 507530883539,
      "last_seen_ts_ns": 507530883539
    },
    {
      "tgid": 11564,
      "comm": "lmp",
      "cgroup_id": 9968,
      "wait_duration_stats_ns": {
        "count": 1.0,
        "sum": 7958.0,
        "mean": 7958.0,
        "median": 7958.0,
        "min": 7958,
        "max": 7958,
        "variance_ns2": null,
        "iqr_ns": 0.0,
        "q1_ns": 7958.0,
        "q3_ns": 7958.0
      },
      "futex_op_counts": {
        "128": 1
      },
      "first_seen_ts_ns": 507529448221,
      "last_seen_ts_ns": 507529448221
    },
    {
      "tgid": 11587,
      "comm": "lmp",
      "cgroup_id": 9968,
      "wait_duration_stats_ns": {
        "count": 1.0,
        "sum": 7922.0,
        "mean": 7922.0,
        "median": 7922.0,
        "min": 7922,
        "max": 7922,
        "variance_ns2": null,
        "iqr_ns": 0.0,
        "q1_ns": 7922.0,
        "q3_ns": 7922.0
      },
      "futex_op_counts": {
        "128": 1
      },
      "first_seen_ts_ns": 507528895673,
      "last_seen_ts_ns": 507528895673
    },
    {
      "tgid": 11661,
      "comm": "lmp",
      "cgroup_id": 9968,
      "wait_duration_stats_ns": {
        "count": 1.0,
        "sum": 7908.0,
        "mean": 7908.0,
        "median": 7908.0,
        "min": 7908,
        "max": 7908,
        "variance_ns2": null,
        "iqr_ns": 0.0,
        "q1_ns": 7908.0,
        "q3_ns": 7908.0
      },
      "futex_op_counts": {
        "128": 1
      },
      "first_seen_ts_ns": 507528745408,
      "last_seen_ts_ns": 507528745408
    },
    {
      "tgid": 11528,
      "comm": "lmp",
      "cgroup_id": 9968,
      "wait_duration_stats_ns": {
        "count": 1.0,
        "sum": 7907.0,
        "mean": 7907.0,
        "median": 7907.0,
        "min": 7907,
        "max": 7907,
        "variance_ns2": null,
        "iqr_ns": 0.0,
        "q1_ns": 7907.0,
        "q3_ns": 7907.0
      },
      "futex_op_counts": {
        "128": 1
      },
      "first_seen_ts_ns": 507531493929,
      "last_seen_ts_ns": 507531493929
    },
    {
      "tgid": 11589,
      "comm": "lmp",
      "cgroup_id": 9968,
      "wait_duration_stats_ns": {
        "count": 1.0,
        "sum": 7884.0,
        "mean": 7884.0,
        "median": 7884.0,
        "min": 7884,
        "max": 7884,
        "variance_ns2": null,
        "iqr_ns": 0.0,
        "q1_ns": 7884.0,
        "q3_ns": 7884.0
      },
      "futex_op_counts": {
        "128": 1
      },
      "first_seen_ts_ns": 507531066908,
      "last_seen_ts_ns": 507531066908
    },
    {
      "tgid": 11546,
      "comm": "lmp",
      "cgroup_id": 9968,
      "wait_duration_stats_ns": {
        "count": 1.0,
        "sum": 7870.0,
        "mean": 7870.0,
        "median": 7870.0,
        "min": 7870,
        "max": 7870,
        "variance_ns2": null,
        "iqr_ns": 0.0,
        "q1_ns": 7870.0,
        "q3_ns": 7870.0
      },
      "futex_op_counts": {
        "128": 1
      },
      "first_seen_ts_ns": 507529232661,
      "last_seen_ts_ns": 507529232661
    },
    {
      "tgid": 11540,
      "comm": "lmp",
      "cgroup_id": 9968,
      "wait_duration_stats_ns": {
        "count": 1.0,
        "sum": 7849.0,
        "mean": 7849.0,
        "median": 7849.0,
        "min": 7849,
        "max": 7849,
        "variance_ns2": null,
        "iqr_ns": 0.0,
        "q1_ns": 7849.0,
        "q3_ns": 7849.0
      },
      "futex_op_counts": {
        "128": 1
      },
      "first_seen_ts_ns": 507531435151,
      "last_seen_ts_ns": 507531435151
    },
    {
      "tgid": 11577,
      "comm": "lmp",
      "cgroup_id": 9968,
      "wait_duration_stats_ns": {
        "count": 1.0,
        "sum": 7847.0,
        "mean": 7847.0,
        "median": 7847.0,
        "min": 7847,
        "max": 7847,
        "variance_ns2": null,
        "iqr_ns": 0.0,
        "q1_ns": 7847.0,
        "q3_ns": 7847.0
      },
      "futex_op_counts": {
        "128": 1
      },
      "first_seen_ts_ns": 507531281760,
      "last_seen_ts_ns": 507531281760
    },
    {
      "tgid": 11625,
      "comm": "lmp",
      "cgroup_id": 9968,
      "wait_duration_stats_ns": {
        "count": 1.0,
        "sum": 7816.0,
        "mean": 7816.0,
        "median": 7816.0,
        "min": 7816,
        "max": 7816,
        "variance_ns2": null,
        "iqr_ns": 0.0,
        "q1_ns": 7816.0,
        "q3_ns": 7816.0
      },
      "futex_op_counts": {
        "128": 1
      },
      "first_seen_ts_ns": 507531694303,
      "last_seen_ts_ns": 507531694303
    },
    {
      "tgid": 11579,
      "comm": "lmp",
      "cgroup_id": 9968,
      "wait_duration_stats_ns": {
        "count": 1.0,
        "sum": 7811.0,
        "mean": 7811.0,
        "median": 7811.0,
        "min": 7811,
        "max": 7811,
        "variance_ns2": null,
        "iqr_ns": 0.0,
        "q1_ns": 7811.0,
        "q3_ns": 7811.0
      },
      "futex_op_counts": {
        "128": 1
      },
      "first_seen_ts_ns": 507529047306,
      "last_seen_ts_ns": 507529047306
    },
    {
      "tgid": 11607,
      "comm": "lmp",
      "cgroup_id": 9968,
      "wait_duration_stats_ns": {
        "count": 1.0,
        "sum": 7811.0,
        "mean": 7811.0,
        "median": 7811.0,
        "min": 7811,
        "max": 7811,
        "variance_ns2": null,
        "iqr_ns": 0.0,
        "q1_ns": 7811.0,
        "q3_ns": 7811.0
      },
      "futex_op_counts": {
        "128": 1
      },
      "first_seen_ts_ns": 507530658269,
      "last_seen_ts_ns": 507530658269
    },
    {
      "tgid": 11593,
      "comm": "lmp",
      "cgroup_id": 9968,
      "wait_duration_stats_ns": {
        "count": 1.0,
        "sum": 7782.0,
        "mean": 7782.0,
        "median": 7782.0,
        "min": 7782,
        "max": 7782,
        "variance_ns2": null,
        "iqr_ns": 0.0,
        "q1_ns": 7782.0,
        "q3_ns": 7782.0
      },
      "futex_op_counts": {
        "128": 1
      },
      "first_seen_ts_ns": 507529076983,
      "last_seen_ts_ns": 507529076983
    },
    {
      "tgid": 11605,
      "comm": "lmp",
      "cgroup_id": 9968,
      "wait_duration_stats_ns": {
        "count": 1.0,
        "sum": 7751.0,
        "mean": 7751.0,
        "median": 7751.0,
        "min": 7751,
        "max": 7751,
        "variance_ns2": null,
        "iqr_ns": 0.0,
        "q1_ns": 7751.0,
        "q3_ns": 7751.0
      },
      "futex_op_counts": {
        "128": 1
      },
      "first_seen_ts_ns": 507531583783,
      "last_seen_ts_ns": 507531583783
    },
    {
      "tgid": 11514,
      "comm": "lmp",
      "cgroup_id": 9968,
      "wait_duration_stats_ns": {
        "count": 1.0,
        "sum": 7718.0,
        "mean": 7718.0,
        "median": 7718.0,
        "min": 7718,
        "max": 7718,
        "variance_ns2": null,
        "iqr_ns": 0.0,
        "q1_ns": 7718.0,
        "q3_ns": 7718.0
      },
      "futex_op_counts": {
        "128": 1
      },
      "first_seen_ts_ns": 507531465089,
      "last_seen_ts_ns": 507531465089
    },
    {
      "tgid": 11645,
      "comm": "lmp",
      "cgroup_id": 9968,
      "wait_duration_stats_ns": {
        "count": 1.0,
        "sum": 7643.0,
        "mean": 7643.0,
        "median": 7643.0,
        "min": 7643,
        "max": 7643,
        "variance_ns2": null,
        "iqr_ns": 0.0,
        "q1_ns": 7643.0,
        "q3_ns": 7643.0
      },
      "futex_op_counts": {
        "128": 1
      },
      "first_seen_ts_ns": 507530866514,
      "last_seen_ts_ns": 507530866514
    },
    {
      "tgid": 11562,
      "comm": "lmp",
      "cgroup_id": 9968,
      "wait_duration_stats_ns": {
        "count": 1.0,
        "sum": 7625.0,
        "mean": 7625.0,
        "median": 7625.0,
        "min": 7625,
        "max": 7625,
        "variance_ns2": null,
        "iqr_ns": 0.0,
        "q1_ns": 7625.0,
        "q3_ns": 7625.0
      },
      "futex_op_counts": {
        "128": 1
      },
      "first_seen_ts_ns": 507529416108,
      "last_seen_ts_ns": 507529416108
    },
    {
      "tgid": 11575,
      "comm": "lmp",
      "cgroup_id": 9968,
      "wait_duration_stats_ns": {
        "count": 1.0,
        "sum": 7612.0,
        "mean": 7612.0,
        "median": 7612.0,
        "min": 7612,
        "max": 7612,
        "variance_ns2": null,
        "iqr_ns": 0.0,
        "q1_ns": 7612.0,
        "q3_ns": 7612.0
      },
      "futex_op_counts": {
        "128": 1
      },
      "first_seen_ts_ns": 507528970115,
      "last_seen_ts_ns": 507528970115
    },
    {
      "tgid": 11561,
      "comm": "lmp",
      "cgroup_id": 9968,
      "wait_duration_stats_ns": {
        "count": 1.0,
        "sum": 7596.0,
        "mean": 7596.0,
        "median": 7596.0,
        "min": 7596,
        "max": 7596,
        "variance_ns2": null,
        "iqr_ns": 0.0,
        "q1_ns": 7596.0,
        "q3_ns": 7596.0
      },
      "futex_op_counts": {
        "128": 1
      },
      "first_seen_ts_ns": 507529368649,
      "last_seen_ts_ns": 507529368649
    },
    {
      "tgid": 11679,
      "comm": "lmp",
      "cgroup_id": 9968,
      "wait_duration_stats_ns": {
        "count": 1.0,
        "sum": 7588.0,
        "mean": 7588.0,
        "median": 7588.0,
        "min": 7588,
        "max": 7588,
        "variance_ns2": null,
        "iqr_ns": 0.0,
        "q1_ns": 7588.0,
        "q3_ns": 7588.0
      },
      "futex_op_counts": {
        "128": 1
      },
      "first_seen_ts_ns": 507529508329,
      "last_seen_ts_ns": 507529508329
    },
    {
      "tgid": 11515,
      "comm": "lmp",
      "cgroup_id": 9968,
      "wait_duration_stats_ns": {
        "count": 1.0,
        "sum": 7568.0,
        "mean": 7568.0,
        "median": 7568.0,
        "min": 7568,
        "max": 7568,
        "variance_ns2": null,
        "iqr_ns": 0.0,
        "q1_ns": 7568.0,
        "q3_ns": 7568.0
      },
      "futex_op_counts": {
        "128": 1
      },
      "first_seen_ts_ns": 507531481611,
      "last_seen_ts_ns": 507531481611
    },
    {
      "tgid": 11583,
      "comm": "lmp",
      "cgroup_id": 9968,
      "wait_duration_stats_ns": {
        "count": 1.0,
        "sum": 7560.0,
        "mean": 7560.0,
        "median": 7560.0,
        "min": 7560,
        "max": 7560,
        "variance_ns2": null,
        "iqr_ns": 0.0,
        "q1_ns": 7560.0,
        "q3_ns": 7560.0
      },
      "futex_op_counts": {
        "128": 1
      },
      "first_seen_ts_ns": 507529120925,
      "last_seen_ts_ns": 507529120925
    },
    {
      "tgid": 11641,
      "comm": "lmp",
      "cgroup_id": 9968,
      "wait_duration_stats_ns": {
        "count": 1.0,
        "sum": 7560.0,
        "mean": 7560.0,
        "median": 7560.0,
        "min": 7560,
        "max": 7560,
        "variance_ns2": null,
        "iqr_ns": 0.0,
        "q1_ns": 7560.0,
        "q3_ns": 7560.0
      },
      "futex_op_counts": {
        "128": 1
      },
      "first_seen_ts_ns": 507531632678,
      "last_seen_ts_ns": 507531632678
    },
    {
      "tgid": 11567,
      "comm": "lmp",
      "cgroup_id": 9968,
      "wait_duration_stats_ns": {
        "count": 1.0,
        "sum": 7528.0,
        "mean": 7528.0,
        "median": 7528.0,
        "min": 7528,
        "max": 7528,
        "variance_ns2": null,
        "iqr_ns": 0.0,
        "q1_ns": 7528.0,
        "q3_ns": 7528.0
      },
      "futex_op_counts": {
        "128": 1
      },
      "first_seen_ts_ns": 507529426038,
      "last_seen_ts_ns": 507529426038
    },
    {
      "tgid": 11520,
      "comm": "lmp",
      "cgroup_id": 9968,
      "wait_duration_stats_ns": {
        "count": 1.0,
        "sum": 7525.0,
        "mean": 7525.0,
        "median": 7525.0,
        "min": 7525,
        "max": 7525,
        "variance_ns2": null,
        "iqr_ns": 0.0,
        "q1_ns": 7525.0,
        "q3_ns": 7525.0
      },
      "futex_op_counts": {
        "128": 1
      },
      "first_seen_ts_ns": 507529793245,
      "last_seen_ts_ns": 507529793245
    },
    {
      "tgid": 11538,
      "comm": "lmp",
      "cgroup_id": 9968,
      "wait_duration_stats_ns": {
        "count": 1.0,
        "sum": 7518.0,
        "mean": 7518.0,
        "median": 7518.0,
        "min": 7518,
        "max": 7518,
        "variance_ns2": null,
        "iqr_ns": 0.0,
        "q1_ns": 7518.0,
        "q3_ns": 7518.0
      },
      "futex_op_counts": {
        "128": 1
      },
      "first_seen_ts_ns": 507530034888,
      "last_seen_ts_ns": 507530034888
    },
    {
      "tgid": 11685,
      "comm": "lmp",
      "cgroup_id": 9968,
      "wait_duration_stats_ns": {
        "count": 1.0,
        "sum": 7505.0,
        "mean": 7505.0,
        "median": 7505.0,
        "min": 7505,
        "max": 7505,
        "variance_ns2": null,
        "iqr_ns": 0.0,
        "q1_ns": 7505.0,
        "q3_ns": 7505.0
      },
      "futex_op_counts": {
        "128": 1
      },
      "first_seen_ts_ns": 507531339938,
      "last_seen_ts_ns": 507531339938
    },
    {
      "tgid": 11534,
      "comm": "lmp",
      "cgroup_id": 9968,
      "wait_duration_stats_ns": {
        "count": 1.0,
        "sum": 7484.0,
        "mean": 7484.0,
        "median": 7484.0,
        "min": 7484,
        "max": 7484,
        "variance_ns2": null,
        "iqr_ns": 0.0,
        "q1_ns": 7484.0,
        "q3_ns": 7484.0
      },
      "futex_op_counts": {
        "128": 1
      },
      "first_seen_ts_ns": 507531402062,
      "last_seen_ts_ns": 507531402062
    },
    {
      "tgid": 11599,
      "comm": "lmp",
      "cgroup_id": 9968,
      "wait_duration_stats_ns": {
        "count": 1.0,
        "sum": 7473.0,
        "mean": 7473.0,
        "median": 7473.0,
        "min": 7473,
        "max": 7473,
        "variance_ns2": null,
        "iqr_ns": 0.0,
        "q1_ns": 7473.0,
        "q3_ns": 7473.0
      },
      "futex_op_counts": {
        "128": 1
      },
      "first_seen_ts_ns": 507531385601,
      "last_seen_ts_ns": 507531385601
    },
    {
      "tgid": 11681,
      "comm": "lmp",
      "cgroup_id": 9968,
      "wait_duration_stats_ns": {
        "count": 1.0,
        "sum": 7468.0,
        "mean": 7468.0,
        "median": 7468.0,
        "min": 7468,
        "max": 7468,
        "variance_ns2": null,
        "iqr_ns": 0.0,
        "q1_ns": 7468.0,
        "q3_ns": 7468.0
      },
      "futex_op_counts": {
        "128": 1
      },
      "first_seen_ts_ns": 507531366510,
      "last_seen_ts_ns": 507531366510
    },
    {
      "tgid": 11532,
      "comm": "lmp",
      "cgroup_id": 9968,
      "wait_duration_stats_ns": {
        "count": 1.0,
        "sum": 7468.0,
        "mean": 7468.0,
        "median": 7468.0,
        "min": 7468,
        "max": 7468,
        "variance_ns2": null,
        "iqr_ns": 0.0,
        "q1_ns": 7468.0,
        "q3_ns": 7468.0
      },
      "futex_op_counts": {
        "128": 1
      },
      "first_seen_ts_ns": 507531650989,
      "last_seen_ts_ns": 507531650989
    },
    {
      "tgid": 11559,
      "comm": "lmp",
      "cgroup_id": 9968,
      "wait_duration_stats_ns": {
        "count": 1.0,
        "sum": 7440.0,
        "mean": 7440.0,
        "median": 7440.0,
        "min": 7440,
        "max": 7440,
        "variance_ns2": null,
        "iqr_ns": 0.0,
        "q1_ns": 7440.0,
        "q3_ns": 7440.0
      },
      "futex_op_counts": {
        "128": 1
      },
      "first_seen_ts_ns": 507529409695,
      "last_seen_ts_ns": 507529409695
    },
    {
      "tgid": 11669,
      "comm": "lmp",
      "cgroup_id": 9968,
      "wait_duration_stats_ns": {
        "count": 1.0,
        "sum": 7412.0,
        "mean": 7412.0,
        "median": 7412.0,
        "min": 7412,
        "max": 7412,
        "variance_ns2": null,
        "iqr_ns": 0.0,
        "q1_ns": 7412.0,
        "q3_ns": 7412.0
      },
      "futex_op_counts": {
        "128": 1
      },
      "first_seen_ts_ns": 507531584217,
      "last_seen_ts_ns": 507531584217
    },
    {
      "tgid": 11665,
      "comm": "lmp",
      "cgroup_id": 9968,
      "wait_duration_stats_ns": {
        "count": 1.0,
        "sum": 7409.0,
        "mean": 7409.0,
        "median": 7409.0,
        "min": 7409,
        "max": 7409,
        "variance_ns2": null,
        "iqr_ns": 0.0,
        "q1_ns": 7409.0,
        "q3_ns": 7409.0
      },
      "futex_op_counts": {
        "128": 1
      },
      "first_seen_ts_ns": 507531666830,
      "last_seen_ts_ns": 507531666830
    },
    {
      "tgid": 11585,
      "comm": "lmp",
      "cgroup_id": 9968,
      "wait_duration_stats_ns": {
        "count": 1.0,
        "sum": 7369.0,
        "mean": 7369.0,
        "median": 7369.0,
        "min": 7369,
        "max": 7369,
        "variance_ns2": null,
        "iqr_ns": 0.0,
        "q1_ns": 7369.0,
        "q3_ns": 7369.0
      },
      "futex_op_counts": {
        "128": 1
      },
      "first_seen_ts_ns": 507531082006,
      "last_seen_ts_ns": 507531082006
    },
    {
      "tgid": 11643,
      "comm": "lmp",
      "cgroup_id": 9968,
      "wait_duration_stats_ns": {
        "count": 1.0,
        "sum": 7367.0,
        "mean": 7367.0,
        "median": 7367.0,
        "min": 7367,
        "max": 7367,
        "variance_ns2": null,
        "iqr_ns": 0.0,
        "q1_ns": 7367.0,
        "q3_ns": 7367.0
      },
      "futex_op_counts": {
        "128": 1
      },
      "first_seen_ts_ns": 507530966815,
      "last_seen_ts_ns": 507530966815
    },
    {
      "tgid": 11570,
      "comm": "lmp",
      "cgroup_id": 9968,
      "wait_duration_stats_ns": {
        "count": 1.0,
        "sum": 7364.0,
        "mean": 7364.0,
        "median": 7364.0,
        "min": 7364,
        "max": 7364,
        "variance_ns2": null,
        "iqr_ns": 0.0,
        "q1_ns": 7364.0,
        "q3_ns": 7364.0
      },
      "futex_op_counts": {
        "128": 1
      },
      "first_seen_ts_ns": 507531601872,
      "last_seen_ts_ns": 507531601872
    },
    {
      "tgid": 11518,
      "comm": "lmp",
      "cgroup_id": 9968,
      "wait_duration_stats_ns": {
        "count": 1.0,
        "sum": 7348.0,
        "mean": 7348.0,
        "median": 7348.0,
        "min": 7348,
        "max": 7348,
        "variance_ns2": null,
        "iqr_ns": 0.0,
        "q1_ns": 7348.0,
        "q3_ns": 7348.0
      },
      "futex_op_counts": {
        "128": 1
      },
      "first_seen_ts_ns": 507531527921,
      "last_seen_ts_ns": 507531527921
    },
    {
      "tgid": 11597,
      "comm": "lmp",
      "cgroup_id": 9968,
      "wait_duration_stats_ns": {
        "count": 1.0,
        "sum": 7252.0,
        "mean": 7252.0,
        "median": 7252.0,
        "min": 7252,
        "max": 7252,
        "variance_ns2": null,
        "iqr_ns": 0.0,
        "q1_ns": 7252.0,
        "q3_ns": 7252.0
      },
      "futex_op_counts": {
        "128": 1
      },
      "first_seen_ts_ns": 507529094203,
      "last_seen_ts_ns": 507529094203
    },
    {
      "tgid": 11557,
      "comm": "lmp",
      "cgroup_id": 9968,
      "wait_duration_stats_ns": {
        "count": 1.0,
        "sum": 7233.0,
        "mean": 7233.0,
        "median": 7233.0,
        "min": 7233,
        "max": 7233,
        "variance_ns2": null,
        "iqr_ns": 0.0,
        "q1_ns": 7233.0,
        "q3_ns": 7233.0
      },
      "futex_op_counts": {
        "128": 1
      },
      "first_seen_ts_ns": 507529323993,
      "last_seen_ts_ns": 507529323993
    },
    {
      "tgid": 11581,
      "comm": "lmp",
      "cgroup_id": 9968,
      "wait_duration_stats_ns": {
        "count": 1.0,
        "sum": 7214.0,
        "mean": 7214.0,
        "median": 7214.0,
        "min": 7214,
        "max": 7214,
        "variance_ns2": null,
        "iqr_ns": 0.0,
        "q1_ns": 7214.0,
        "q3_ns": 7214.0
      },
      "futex_op_counts": {
        "128": 1
      },
      "first_seen_ts_ns": 507529168201,
      "last_seen_ts_ns": 507529168201
    },
    {
      "tgid": 11526,
      "comm": "lmp",
      "cgroup_id": 9968,
      "wait_duration_stats_ns": {
        "count": 1.0,
        "sum": 7212.0,
        "mean": 7212.0,
        "median": 7212.0,
        "min": 7212,
        "max": 7212,
        "variance_ns2": null,
        "iqr_ns": 0.0,
        "q1_ns": 7212.0,
        "q3_ns": 7212.0
      },
      "futex_op_counts": {
        "128": 1
      },
      "first_seen_ts_ns": 507531552491,
      "last_seen_ts_ns": 507531552491
    },
    {
      "tgid": 11663,
      "comm": "lmp",
      "cgroup_id": 9968,
      "wait_duration_stats_ns": {
        "count": 1.0,
        "sum": 7129.0,
        "mean": 7129.0,
        "median": 7129.0,
        "min": 7129,
        "max": 7129,
        "variance_ns2": null,
        "iqr_ns": 0.0,
        "q1_ns": 7129.0,
        "q3_ns": 7129.0
      },
      "futex_op_counts": {
        "128": 1
      },
      "first_seen_ts_ns": 507531746010,
      "last_seen_ts_ns": 507531746010
    },
    {
      "tgid": 11569,
      "comm": "lmp",
      "cgroup_id": 9968,
      "wait_duration_stats_ns": {
        "count": 1.0,
        "sum": 7031.0,
        "mean": 7031.0,
        "median": 7031.0,
        "min": 7031,
        "max": 7031,
        "variance_ns2": null,
        "iqr_ns": 0.0,
        "q1_ns": 7031.0,
        "q3_ns": 7031.0
      },
      "futex_op_counts": {
        "128": 1
      },
      "first_seen_ts_ns": 507531257248,
      "last_seen_ts_ns": 507531257248
    },
    {
      "tgid": 11671,
      "comm": "lmp",
      "cgroup_id": 9968,
      "wait_duration_stats_ns": {
        "count": 1.0,
        "sum": 6955.0,
        "mean": 6955.0,
        "median": 6955.0,
        "min": 6955,
        "max": 6955,
        "variance_ns2": null,
        "iqr_ns": 0.0,
        "q1_ns": 6955.0,
        "q3_ns": 6955.0
      },
      "futex_op_counts": {
        "128": 1
      },
      "first_seen_ts_ns": 507530653563,
      "last_seen_ts_ns": 507530653563
    },
    {
      "tgid": 11530,
      "comm": "lmp",
      "cgroup_id": 9968,
      "wait_duration_stats_ns": {
        "count": 1.0,
        "sum": 6876.0,
        "mean": 6876.0,
        "median": 6876.0,
        "min": 6876,
        "max": 6876,
        "variance_ns2": null,
        "iqr_ns": 0.0,
        "q1_ns": 6876.0,
        "q3_ns": 6876.0
      },
      "futex_op_counts": {
        "128": 1
      },
      "first_seen_ts_ns": 507531537731,
      "last_seen_ts_ns": 507531537731
    },
    {
      "tgid": 11655,
      "comm": "lmp",
      "cgroup_id": 9968,
      "wait_duration_stats_ns": {
        "count": 1.0,
        "sum": 6869.0,
        "mean": 6869.0,
        "median": 6869.0,
        "min": 6869,
        "max": 6869,
        "variance_ns2": null,
        "iqr_ns": 0.0,
        "q1_ns": 6869.0,
        "q3_ns": 6869.0
      },
      "futex_op_counts": {
        "128": 1
      },
      "first_seen_ts_ns": 507530818580,
      "last_seen_ts_ns": 507530818580
    },
    {
      "tgid": 11659,
      "comm": "lmp",
      "cgroup_id": 9968,
      "wait_duration_stats_ns": {
        "count": 1.0,
        "sum": 6795.0,
        "mean": 6795.0,
        "median": 6795.0,
        "min": 6795,
        "max": 6795,
        "variance_ns2": null,
        "iqr_ns": 0.0,
        "q1_ns": 6795.0,
        "q3_ns": 6795.0
      },
      "futex_op_counts": {
        "128": 1
      },
      "first_seen_ts_ns": 507531588206,
      "last_seen_ts_ns": 507531588206
    },
    {
      "tgid": 11673,
      "comm": "lmp",
      "cgroup_id": 9968,
      "wait_duration_stats_ns": {
        "count": 1.0,
        "sum": 6638.0,
        "mean": 6638.0,
        "median": 6638.0,
        "min": 6638,
        "max": 6638,
        "variance_ns2": null,
        "iqr_ns": 0.0,
        "q1_ns": 6638.0,
        "q3_ns": 6638.0
      },
      "futex_op_counts": {
        "128": 1
      },
      "first_seen_ts_ns": 507531351374,
      "last_seen_ts_ns": 507531351374
    },
    {
      "tgid": 11516,
      "comm": "lmp",
      "cgroup_id": 9968,
      "wait_duration_stats_ns": {
        "count": 1.0,
        "sum": 5910.0,
        "mean": 5910.0,
        "median": 5910.0,
        "min": 5910,
        "max": 5910,
        "variance_ns2": null,
        "iqr_ns": 0.0,
        "q1_ns": 5910.0,
        "q3_ns": 5910.0
      },
      "futex_op_counts": {
        "128": 1
      },
      "first_seen_ts_ns": 507529776261,
      "last_seen_ts_ns": 507529776261
    }
  ]
}
[17:33:57] Cleanup complete.
