unlimited
PROGRAM: futex
Looking for /opt/programs/futex/ebpf-collect.c
[16:57:33] Starting eBPF (Tracepoints for futex syscalls).
[16:57:33] BPF program loaded and tracepoints automatically attached.
[16:57:33] Start Indicator file defined '/mnt/flux/start_ebpf_collection'. Waiting.
[16:57:44] Start indicator found. Proceeding.
[16:57:44] Ring buffers opened. Polling for events...
[16:58:52] 
Indicator file '/mnt/flux/stop_ebpf_collection' found. Stopping.
[16:58:52] Cleaning up BPF resources...
{
  "final_aggregated_futex_summary_river": [
    {
      "tgid": 3871,
      "comm": "kubelet",
      "cgroup_id": 6640,
      "wait_duration_stats_ns": {
        "count": 6622.0,
        "sum": 3242656543380.996,
        "mean": 489679333.0385074,
        "median": 13474592.464256087,
        "min": 438,
        "max": 76536772899,
        "variance_ns2": 1.399176240540483e+19,
        "iqr_ns": 36308494.42373538,
        "q1_ns": 822623.6830831992,
        "q3_ns": 37131118.10681858
      },
      "futex_op_counts": {
        "128": 6622
      },
      "first_seen_ts_ns": 529729351599,
      "last_seen_ts_ns": 608637460285
    },
    {
      "tgid": 3681,
      "comm": "containerd",
      "cgroup_id": 6520,
      "wait_duration_stats_ns": {
        "count": 3683.0,
        "sum": 2670619590209.0,
        "mean": 725120714.1485202,
        "median": 184064.664909156,
        "min": 457,
        "max": 64919436009,
        "variance_ns2": 2.3661721560203866e+19,
        "iqr_ns": 69865462.41841774,
        "q1_ns": 66257.32801489708,
        "q3_ns": 69931719.74643263
      },
      "futex_op_counts": {
        "128": 3683
      },
      "first_seen_ts_ns": 529840362151,
      "last_seen_ts_ns": 608656782738
    },
    {
      "tgid": 8220,
      "comm": "containerd-shim",
      "cgroup_id": 6520,
      "wait_duration_stats_ns": {
        "count": 561.0,
        "sum": 504206032156.00024,
        "mean": 898762980.6702322,
        "median": 594002.8924552607,
        "min": 630,
        "max": 16561551170,
        "variance_ns2": 5.604684690016898e+18,
        "iqr_ns": 31068131.246982485,
        "q1_ns": 81585.13681819625,
        "q3_ns": 31149716.38380068
      },
      "futex_op_counts": {
        "128": 561
      },
      "first_seen_ts_ns": 541686075328,
      "last_seen_ts_ns": 608132911804
    },
    {
      "tgid": 11824,
      "comm": "containerd-shim",
      "cgroup_id": 6520,
      "wait_duration_stats_ns": {
        "count": 199.0,
        "sum": 439736307833.99994,
        "mean": 2209730190.1206026,
        "median": 32852816.7328343,
        "min": 763,
        "max": 77588487698,
        "variance_ns2": 4.793146806425794e+19,
        "iqr_ns": 2776201861.060072,
        "q1_ns": 3334118.9977604914,
        "q3_ns": 2779535980.0578322
      },
      "futex_op_counts": {
        "128": 199
      },
      "first_seen_ts_ns": 531051641764,
      "last_seen_ts_ns": 608659760303
    },
    {
      "tgid": 4117,
      "comm": "kube-proxy",
      "cgroup_id": 7366,
      "wait_duration_stats_ns": {
        "count": 192.0,
        "sum": 393559956292.9997,
        "mean": 2049791439.02604,
        "median": 795986499.1430285,
        "min": 852,
        "max": 64756902896,
        "variance_ns2": 4.191568000727334e+19,
        "iqr_ns": 1871019057.0971339,
        "q1_ns": 308717.65730979247,
        "q3_ns": 1871327774.7544436
      },
      "futex_op_counts": {
        "128": 192
      },
      "first_seen_ts_ns": 541335453512,
      "last_seen_ts_ns": 606339712962
    },
    {
      "tgid": 6391,
      "comm": "containerd-shim",
      "cgroup_id": 6520,
      "wait_duration_stats_ns": {
        "count": 236.0,
        "sum": 371909715735.0001,
        "mean": 1575888625.9957633,
        "median": 289956.81814420596,
        "min": 493,
        "max": 29781633786,
        "variance_ns2": 1.5915594389728131e+19,
        "iqr_ns": 331199959.18207943,
        "q1_ns": 314909.5123557393,
        "q3_ns": 331514868.6944352
      },
      "futex_op_counts": {
        "128": 236
      },
      "first_seen_ts_ns": 541679125305,
      "last_seen_ts_ns": 608133584925
    },
    {
      "tgid": 6963,
      "comm": "fluent-bit-gke-",
      "cgroup_id": 7979,
      "wait_duration_stats_ns": {
        "count": 225.0,
        "sum": 367735455655.0,
        "mean": 1634379802.911111,
        "median": 651138761.060987,
        "min": 813,
        "max": 59998968314,
        "variance_ns2": 2.473050087225773e+19,
        "iqr_ns": 1325732474.6827717,
        "q1_ns": 115722232.87229805,
        "q3_ns": 1441454707.5550697
      },
      "futex_op_counts": {
        "128": 225
      },
      "first_seen_ts_ns": 530000697862,
      "last_seen_ts_ns": 608033580555
    },
    {
      "tgid": 7341,
      "comm": "containerd-shim",
      "cgroup_id": 6520,
      "wait_duration_stats_ns": {
        "count": 207.0,
        "sum": 366041823882.9999,
        "mean": 1768317989.7729464,
        "median": 13987855.417960178,
        "min": 2598,
        "max": 30004898417,
        "variance_ns2": 1.674755015890106e+19,
        "iqr_ns": 1363135589.0339012,
        "q1_ns": 1953341.8278731736,
        "q3_ns": 1365088930.8617744
      },
      "futex_op_counts": {
        "128": 207
      },
      "first_seen_ts_ns": 541676092496,
      "last_seen_ts_ns": 608133606114
    },
    {
      "tgid": 7649,
      "comm": "containerd-shim",
      "cgroup_id": 6520,
      "wait_duration_stats_ns": {
        "count": 170.0,
        "sum": 355809503521.9999,
        "mean": 2092997079.5411758,
        "median": 3125027.107372594,
        "min": 731,
        "max": 30002635227,
        "variance_ns2": 1.8963467521364423e+19,
        "iqr_ns": 2975877709.07137,
        "q1_ns": 309992.63237226673,
        "q3_ns": 2976187701.7037425
      },
      "futex_op_counts": {
        "128": 170
      },
      "first_seen_ts_ns": 541689014421,
      "last_seen_ts_ns": 608132488114
    },
    {
      "tgid": 7929,
      "comm": "prometheus",
      "cgroup_id": 8690,
      "wait_duration_stats_ns": {
        "count": 3392.0,
        "sum": 341978705654.9991,
        "mean": 100819193.88413888,
        "median": 45516910.930309236,
        "min": 773,
        "max": 47115118671,
        "variance_ns2": 9.661396104426033e+17,
        "iqr_ns": 10641365.336431727,
        "q1_ns": 39550229.42303402,
        "q3_ns": 50191594.75946575
      },
      "futex_op_counts": {
        "128": 3392
      },
      "first_seen_ts_ns": 529715679815,
      "last_seen_ts_ns": 608647435465
    },
    {
      "tgid": 6382,
      "comm": "containerd-shim",
      "cgroup_id": 6520,
      "wait_duration_stats_ns": {
        "count": 141.0,
        "sum": 339282901313.00006,
        "mean": 2406261711.439717,
        "median": 7075479.244159365,
        "min": 870,
        "max": 59791089992,
        "variance_ns2": 3.969297359352179e+19,
        "iqr_ns": 2478848672.4238863,
        "q1_ns": 1429018.030680086,
        "q3_ns": 2480277690.4545665
      },
      "futex_op_counts": {
        "128": 141
      },
      "first_seen_ts_ns": 541683465136,
      "last_seen_ts_ns": 608131356379
    },
    {
      "tgid": 4057,
      "comm": "containerd-shim",
      "cgroup_id": 6520,
      "wait_duration_stats_ns": {
        "count": 99.0,
        "sum": 309211951441.00006,
        "mean": 3123353044.8585863,
        "median": 1652194745.598355,
        "min": 2968,
        "max": 29988660210,
        "variance_ns2": 3.119808542958777e+19,
        "iqr_ns": 3614384178.53458,
        "q1_ns": 16570373.86302092,
        "q3_ns": 3630954552.397601
      },
      "futex_op_counts": {
        "128": 99
      },
      "first_seen_ts_ns": 541687184371,
      "last_seen_ts_ns": 608130375226
    },
    {
      "tgid": 7571,
      "comm": "proxy-agent",
      "cgroup_id": 8374,
      "wait_duration_stats_ns": {
        "count": 254.0,
        "sum": 283867105691.00006,
        "mean": 1117587030.279528,
        "median": 4646605.70249371,
        "min": 663,
        "max": 15597026515,
        "variance_ns2": 4.898466212871944e+18,
        "iqr_ns": 1623829510.3693647,
        "q1_ns": 564185.3615706841,
        "q3_ns": 1624393695.7309353
      },
      "futex_op_counts": {
        "128": 254
      },
      "first_seen_ts_ns": 540784096167,
      "last_seen_ts_ns": 608178423189
    },
    {
      "tgid": 8113,
      "comm": "config-reloader",
      "cgroup_id": 8769,
      "wait_duration_stats_ns": {
        "count": 60.0,
        "sum": 274885689617.0,
        "mean": 4581428160.283334,
        "median": 1441771224.2867343,
        "min": 488,
        "max": 59996740878,
        "variance_ns2": 1.1440288202236086e+20,
        "iqr_ns": 6895831595.865643,
        "q1_ns": 19246211.263719253,
        "q3_ns": 6915077807.129362
      },
      "futex_op_counts": {
        "128": 60
      },
      "first_seen_ts_ns": 542756854247,
      "last_seen_ts_ns": 607810355347
    },
    {
      "tgid": 3938,
      "comm": "node-problem-de",
      "cgroup_id": 6700,
      "wait_duration_stats_ns": {
        "count": 268.0,
        "sum": 257776488107.00012,
        "mean": 961852567.5634333,
        "median": 815942464.5900574,
        "min": 2977,
        "max": 53208608815,
        "variance_ns2": 1.3211071754666711e+19,
        "iqr_ns": 910272537.8289509,
        "q1_ns": 91391937.09321666,
        "q3_ns": 1001664474.9221675
      },
      "futex_op_counts": {
        "128": 268
      },
      "first_seen_ts_ns": 530783542433,
      "last_seen_ts_ns": 607784309237
    },
    {
      "tgid": 8189,
      "comm": "main",
      "cgroup_id": 8927,
      "wait_duration_stats_ns": {
        "count": 90.0,
        "sum": 199791752367.00003,
        "mean": 2219908359.6333337,
        "median": 1796223859.1512525,
        "min": 821,
        "max": 59929168305,
        "variance_ns2": 4.31912708481955e+19,
        "iqr_ns": 4555771131.20744,
        "q1_ns": 18246323.871226773,
        "q3_ns": 4574017455.078667
      },
      "futex_op_counts": {
        "128": 90
      },
      "first_seen_ts_ns": 541564408127,
      "last_seen_ts_ns": 606579525731
    },
    {
      "tgid": 1732,
      "comm": "google_osconfig",
      "cgroup_id": 4234,
      "wait_duration_stats_ns": {
        "count": 54.0,
        "sum": 159715803992.00003,
        "mean": 2957700073.9259267,
        "median": 4342117191.725818,
        "min": 76510506,
        "max": 29999029510,
        "variance_ns2": 1.967678001187431e+19,
        "iqr_ns": 4856009080.158176,
        "q1_ns": 161688309.61106586,
        "q3_ns": 5017697389.769242
      },
      "futex_op_counts": {
        "128": 54
      },
      "first_seen_ts_ns": 544523401531,
      "last_seen_ts_ns": 604615536817
    },
    {
      "tgid": 2770,
      "comm": "dockerd",
      "cgroup_id": 6400,
      "wait_duration_stats_ns": {
        "count": 14.0,
        "sum": 139926290840.0,
        "mean": 9994735060.0,
        "median": 9989924456.0,
        "min": 9982865100,
        "max": 10014122124,
        "variance_ns2": 67184084252516.86,
        "iqr_ns": 12653219.559854507,
        "q1_ns": 9988244841.666668,
        "q3_ns": 10000898061.226522
      },
      "futex_op_counts": {
        "128": 14
      },
      "first_seen_ts_ns": 541943799274,
      "last_seen_ts_ns": 601953254296
    },
    {
      "tgid": 7028,
      "comm": "main",
      "cgroup_id": 8058,
      "wait_duration_stats_ns": {
        "count": 50.0,
        "sum": 139922194977.99997,
        "mean": 2798443899.5599995,
        "median": 3452921432.696753,
        "min": 159842,
        "max": 5004986880,
        "variance_ns2": 5.790639710632129e+18,
        "iqr_ns": 4763353503.7652,
        "q1_ns": 209546829.76453096,
        "q3_ns": 4972900333.529731
      },
      "futex_op_counts": {
        "128": 50
      },
      "first_seen_ts_ns": 541707849859,
      "last_seen_ts_ns": 606712255132
    },
    {
      "tgid": 7713,
      "comm": "main",
      "cgroup_id": 8532,
      "wait_duration_stats_ns": {
        "count": 59.0,
        "sum": 134836665692.99998,
        "mean": 2285367215.135593,
        "median": 3733458696.685349,
        "min": 16744,
        "max": 5003851411,
        "variance_ns2": 6.254278233246257e+18,
        "iqr_ns": 4960114705.794553,
        "q1_ns": 16502514.004532678,
        "q3_ns": 4976617219.799086
      },
      "futex_op_counts": {
        "128": 59
      },
      "first_seen_ts_ns": 544235392139,
      "last_seen_ts_ns": 604244539176
    },
    {
      "tgid": 1731,
      "comm": "google_guest_ag",
      "cgroup_id": 4174,
      "wait_duration_stats_ns": {
        "count": 86.0,
        "sum": 134833162935.0,
        "mean": 1567827475.988372,
        "median": 901542310.9609733,
        "min": 4047,
        "max": 5007722414,
        "variance_ns2": 4.507171905703176e+18,
        "iqr_ns": 3305409184.9225864,
        "q1_ns": 70682059.12745786,
        "q3_ns": 3376091244.0500445
      },
      "futex_op_counts": {
        "128": 86
      },
      "first_seen_ts_ns": 545136324269,
      "last_seen_ts_ns": 605167404937
    },
    {
      "tgid": 8300,
      "comm": "csi-node-driver",
      "cgroup_id": 9164,
      "wait_duration_stats_ns": {
        "count": 17.0,
        "sum": 120000954117.0,
        "mean": 7058879653.941176,
        "median": 857198339.9082727,
        "min": 1393,
        "max": 60000101368,
        "variance_ns2": 3.970590547629838e+20,
        "iqr_ns": 4285770019.114663,
        "q1_ns": 27264.357142857145,
        "q3_ns": 4285797283.471806
      },
      "futex_op_counts": {
        "128": 17
      },
      "first_seen_ts_ns": 541174344711,
      "last_seen_ts_ns": 601175636759
    },
    {
      "tgid": 8153,
      "comm": "otelsvc",
      "cgroup_id": 8848,
      "wait_duration_stats_ns": {
        "count": 237.0,
        "sum": 78887485382.00008,
        "mean": 332858588.109705,
        "median": 425999280.48892623,
        "min": 71353,
        "max": 11008146199,
        "variance_ns2": 5.342365624631698e+17,
        "iqr_ns": 458760758.17213124,
        "q1_ns": 17429393.897912905,
        "q3_ns": 476190152.07004416
      },
      "futex_op_counts": {
        "128": 237
      },
      "first_seen_ts_ns": 530537482988,
      "last_seen_ts_ns": 608537491795
    },
    {
      "tgid": 8626,
      "comm": "gce-pd-csi-driv",
      "cgroup_id": 9243,
      "wait_duration_stats_ns": {
        "count": 122.0,
        "sum": 68374927375.999954,
        "mean": 560450224.3934423,
        "median": 589913876.9640083,
        "min": 26828782,
        "max": 599703278,
        "variance_ns2": 1.1091033251755584e+16,
        "iqr_ns": 170726.1735829115,
        "q1_ns": 589742023.642022,
        "q3_ns": 589912749.8156049
      },
      "futex_op_counts": {
        "128": 122
      },
      "first_seen_ts_ns": 530600389522,
      "last_seen_ts_ns": 608600407516
    },
    {
      "tgid": 12744,
      "comm": "runc",
      "cgroup_id": 6520,
      "wait_duration_stats_ns": {
        "count": 280.0,
        "sum": 823555527.0,
        "mean": 2941269.7392857145,
        "median": 128158.42723742985,
        "min": 576,
        "max": 103166958,
        "variance_ns2": 258173211290678.12,
        "iqr_ns": 954641.0281382595,
        "q1_ns": 24805.630312127247,
        "q3_ns": 979446.6584503868
      },
      "futex_op_counts": {
        "128": 280
      },
      "first_seen_ts_ns": 545998566258,
      "last_seen_ts_ns": 546108724383
    },
    {
      "tgid": 12811,
      "comm": "runc",
      "cgroup_id": 6520,
      "wait_duration_stats_ns": {
        "count": 319.0,
        "sum": 548040769.0,
        "mean": 1717996.1410658308,
        "median": 72759.32210371818,
        "min": 400,
        "max": 79351516,
        "variance_ns2": 89706945516593.8,
        "iqr_ns": 452641.15560915734,
        "q1_ns": 24515.43998218066,
        "q3_ns": 477156.595591338
      },
      "futex_op_counts": {
        "128": 319
      },
      "first_seen_ts_ns": 575830011736,
      "last_seen_ts_ns": 575912161799
    },
    {
      "tgid": 12756,
      "comm": "runc:[2:INIT]",
      "cgroup_id": 9164,
      "wait_duration_stats_ns": {
        "count": 33.0,
        "sum": 474569546.00000006,
        "mean": 14380895.333333336,
        "median": 2001093.4920152759,
        "min": 3110,
        "max": 80998159,
        "variance_ns2": 756386125650473.9,
        "iqr_ns": 18008369.611094937,
        "q1_ns": 104006.11299306384,
        "q3_ns": 18112375.724088002
      },
      "futex_op_counts": {
        "128": 33
      },
      "first_seen_ts_ns": 546008709890,
      "last_seen_ts_ns": 546108060167
    },
    {
      "tgid": 12838,
      "comm": "runc",
      "cgroup_id": 6520,
      "wait_duration_stats_ns": {
        "count": 310.0,
        "sum": 471777035.0,
        "mean": 1521861.4032258065,
        "median": 106522.17859069767,
        "min": 8953,
        "max": 71061140,
        "variance_ns2": 46819279805187.25,
        "iqr_ns": 590608.7073112174,
        "q1_ns": 29236.021759703926,
        "q3_ns": 619844.7290709213
      },
      "futex_op_counts": {
        "128": 310
      },
      "first_seen_ts_ns": 585831429942,
      "last_seen_ts_ns": 585906017423
    },
    {
      "tgid": 12768,
      "comm": "runc",
      "cgroup_id": 6520,
      "wait_duration_stats_ns": {
        "count": 334.0,
        "sum": 423337585.9999999,
        "mean": 1267477.8023952092,
        "median": 70023.305766581,
        "min": 699,
        "max": 59458646,
        "variance_ns2": 43827201338055.13,
        "iqr_ns": 391544.2317403713,
        "q1_ns": 23896.019862118734,
        "q3_ns": 415440.2516024901
      },
      "futex_op_counts": {
        "128": 334
      },
      "first_seen_ts_ns": 555828307115,
      "last_seen_ts_ns": 555894639953
    },
    {
      "tgid": 12789,
      "comm": "runc",
      "cgroup_id": 6520,
      "wait_duration_stats_ns": {
        "count": 268.0,
        "sum": 412337933.0,
        "mean": 1538574.3768656717,
        "median": 113897.46756184864,
        "min": 759,
        "max": 60433467,
        "variance_ns2": 48130358505768.85,
        "iqr_ns": 774833.4423589808,
        "q1_ns": 21702.374771061128,
        "q3_ns": 796535.8171300419
      },
      "futex_op_counts": {
        "128": 268
      },
      "first_seen_ts_ns": 565831746518,
      "last_seen_ts_ns": 565898179364
    },
    {
      "tgid": 12822,
      "comm": "runc:[2:INIT]",
      "cgroup_id": 9164,
      "wait_duration_stats_ns": {
        "count": 29.0,
        "sum": 252638140.00000006,
        "mean": 8711660.000000002,
        "median": 1618422.0574218892,
        "min": 668,
        "max": 39041446,
        "variance_ns2": 179124955987179.84,
        "iqr_ns": 9859688.750685798,
        "q1_ns": 133390.7375730479,
        "q3_ns": 9993079.488258846
      },
      "futex_op_counts": {
        "128": 29
      },
      "first_seen_ts_ns": 575859011603,
      "last_seen_ts_ns": 575912072754
    },
    {
      "tgid": 12800,
      "comm": "runc:[2:INIT]",
      "cgroup_id": 9164,
      "wait_duration_stats_ns": {
        "count": 30.0,
        "sum": 223079454.00000003,
        "mean": 7435981.800000001,
        "median": 3491837.0525033893,
        "min": 13678,
        "max": 28186293,
        "variance_ns2": 88344153645461.2,
        "iqr_ns": 11604608.305557188,
        "q1_ns": 112679.45495298563,
        "q3_ns": 11717287.760510173
      },
      "futex_op_counts": {
        "128": 30
      },
      "first_seen_ts_ns": 565848050309,
      "last_seen_ts_ns": 565895521085
    },
    {
      "tgid": 12860,
      "comm": "runc",
      "cgroup_id": 6520,
      "wait_duration_stats_ns": {
        "count": 385.0,
        "sum": 187593388.0,
        "mean": 487255.55324675323,
        "median": 30403.254171519857,
        "min": 2048,
        "max": 32551425,
        "variance_ns2": 11928949236665.133,
        "iqr_ns": 81239.59198772952,
        "q1_ns": 17938.210745530378,
        "q3_ns": 99177.8027332599
      },
      "futex_op_counts": {
        "128": 385
      },
      "first_seen_ts_ns": 595826813323,
      "last_seen_ts_ns": 595862353613
    },
    {
      "tgid": 12849,
      "comm": "runc:[2:INIT]",
      "cgroup_id": 9164,
      "wait_duration_stats_ns": {
        "count": 29.0,
        "sum": 172707189.00000003,
        "mean": 5955420.310344828,
        "median": 903172.6937962677,
        "min": 962,
        "max": 20217362,
        "variance_ns2": 69944765787847.5,
        "iqr_ns": 11133358.522288512,
        "q1_ns": 117669.46135242289,
        "q3_ns": 11251027.983640935
      },
      "futex_op_counts": {
        "128": 29
      },
      "first_seen_ts_ns": 585863263655,
      "last_seen_ts_ns": 585902685986
    },
    {
      "tgid": 12913,
      "comm": "runc",
      "cgroup_id": 6520,
      "wait_duration_stats_ns": {
        "count": 366.0,
        "sum": 164746562.0,
        "mean": 450127.21857923496,
        "median": 25720.448299317468,
        "min": 709,
        "max": 28959427,
        "variance_ns2": 9854377303430.215,
        "iqr_ns": 81823.09100156499,
        "q1_ns": 13834.108975963209,
        "q3_ns": 95657.1999775282
      },
      "futex_op_counts": {
        "128": 366
      },
      "first_seen_ts_ns": 605828584106,
      "last_seen_ts_ns": 605860421155
    },
    {
      "tgid": 12870,
      "comm": "runc:[2:INIT]",
      "cgroup_id": 9164,
      "wait_duration_stats_ns": {
        "count": 31.0,
        "sum": 119701538.0,
        "mean": 3861339.935483871,
        "median": 685482.7994772526,
        "min": 528,
        "max": 15304720,
        "variance_ns2": 32925731181874.258,
        "iqr_ns": 6154023.967286958,
        "q1_ns": 30569.790190476193,
        "q3_ns": 6184593.757477434
      },
      "futex_op_counts": {
        "128": 31
      },
      "first_seen_ts_ns": 595834708545,
      "last_seen_ts_ns": 595862363958
    },
    {
      "tgid": 12923,
      "comm": "runc:[2:INIT]",
      "cgroup_id": 9164,
      "wait_duration_stats_ns": {
        "count": 27.0,
        "sum": 104009299.99999999,
        "mean": 3852196.2962962957,
        "median": 784368.921544786,
        "min": 607,
        "max": 15445444,
        "variance_ns2": 29488944834055.445,
        "iqr_ns": 5134062.108160015,
        "q1_ns": 27626.52520576131,
        "q3_ns": 5161688.633365776
      },
      "futex_op_counts": {
        "128": 27
      },
      "first_seen_ts_ns": 605835890576,
      "last_seen_ts_ns": 605860387519
    },
    {
      "tgid": 12780,
      "comm": "runc:[2:INIT]",
      "cgroup_id": 9164,
      "wait_duration_stats_ns": {
        "count": 20.0,
        "sum": 93451066.0,
        "mean": 4672553.3,
        "median": 3166886.9074404757,
        "min": 30295,
        "max": 15554290,
        "variance_ns2": 22259946118693.17,
        "iqr_ns": 4821485.762598536,
        "q1_ns": 1044976.2790681298,
        "q3_ns": 5866462.041666666
      },
      "futex_op_counts": {
        "128": 20
      },
      "first_seen_ts_ns": 555864103325,
      "last_seen_ts_ns": 555893647603
    },
    {
      "tgid": 12496,
      "comm": "runc",
      "cgroup_id": 6520,
      "wait_duration_stats_ns": {
        "count": 32.0,
        "sum": 21013645.999999996,
        "mean": 656676.4374999999,
        "median": 242880.0473236176,
        "min": 2581,
        "max": 5249360,
        "variance_ns2": 1384220515957.6736,
        "iqr_ns": 640312.4804693069,
        "q1_ns": 25250.47769777796,
        "q3_ns": 665562.9581670848
      },
      "futex_op_counts": {
        "128": 32
      },
      "first_seen_ts_ns": 531054009351,
      "last_seen_ts_ns": 531059469904
    },
    {
      "tgid": 12800,
      "comm": "csi-node-driver",
      "cgroup_id": 9164,
      "wait_duration_stats_ns": {
        "count": 21.0,
        "sum": 13653528.999999994,
        "mean": 650168.0476190473,
        "median": 234453.38132593437,
        "min": 17539,
        "max": 3278581,
        "variance_ns2": 776477365715.9475,
        "iqr_ns": 910177.3718524333,
        "q1_ns": 50908.36752071543,
        "q3_ns": 961085.7393731488
      },
      "futex_op_counts": {
        "128": 21
      },
      "first_seen_ts_ns": 565899745819,
      "last_seen_ts_ns": 565905181505
    },
    {
      "tgid": 12822,
      "comm": "csi-node-driver",
      "cgroup_id": 9164,
      "wait_duration_stats_ns": {
        "count": 19.0,
        "sum": 11933871.999999996,
        "mean": 628098.5263157893,
        "median": 194972.74822631446,
        "min": 17538,
        "max": 2780211,
        "variance_ns2": 980628781983.3744,
        "iqr_ns": 646735.6034587112,
        "q1_ns": 35795.06519208239,
        "q3_ns": 682530.6686507936
      },
      "futex_op_counts": {
        "128": 19
      },
      "first_seen_ts_ns": 575916417606,
      "last_seen_ts_ns": 575919524125
    },
    {
      "tgid": 12756,
      "comm": "csi-node-driver",
      "cgroup_id": 9164,
      "wait_duration_stats_ns": {
        "count": 24.0,
        "sum": 10875685.000000002,
        "mean": 453153.54166666674,
        "median": 160533.68274740526,
        "min": 12486,
        "max": 2017094,
        "variance_ns2": 338346492211.6503,
        "iqr_ns": 625965.4219608984,
        "q1_ns": 44010.33680449234,
        "q3_ns": 669975.7587653907
      },
      "futex_op_counts": {
        "128": 24
      },
      "first_seen_ts_ns": 546110014522,
      "last_seen_ts_ns": 546113309555
    },
    {
      "tgid": 12780,
      "comm": "csi-node-driver",
      "cgroup_id": 9164,
      "wait_duration_stats_ns": {
        "count": 17.0,
        "sum": 10051219.000000002,
        "mean": 591248.1764705883,
        "median": 156525.82199385628,
        "min": 16975,
        "max": 3366390,
        "variance_ns2": 984482521206.1544,
        "iqr_ns": 744701.1298632941,
        "q1_ns": 54308.24965986394,
        "q3_ns": 799009.3795231581
      },
      "futex_op_counts": {
        "128": 17
      },
      "first_seen_ts_ns": 555897400944,
      "last_seen_ts_ns": 555900798244
    },
    {
      "tgid": 12849,
      "comm": "csi-node-driver",
      "cgroup_id": 9164,
      "wait_duration_stats_ns": {
        "count": 24.0,
        "sum": 9363586.999999998,
        "mean": 390149.45833333326,
        "median": 94420.56480227952,
        "min": 620,
        "max": 3225180,
        "variance_ns2": 540827436104.0851,
        "iqr_ns": 296253.1649816367,
        "q1_ns": 11163.99013247252,
        "q3_ns": 307417.1551141092
      },
      "futex_op_counts": {
        "128": 24
      },
      "first_seen_ts_ns": 585908352845,
      "last_seen_ts_ns": 585911630193
    },
    {
      "tgid": 12870,
      "comm": "csi-node-driver",
      "cgroup_id": 9164,
      "wait_duration_stats_ns": {
        "count": 18.0,
        "sum": 8887655.0,
        "mean": 493758.6111111111,
        "median": 216268.3117485119,
        "min": 17957,
        "max": 1782800,
        "variance_ns2": 337701458917.78107,
        "iqr_ns": 755269.2752572016,
        "q1_ns": 24492.479012345688,
        "q3_ns": 779761.7542695473
      },
      "futex_op_counts": {
        "128": 18
      },
      "first_seen_ts_ns": 595864151391,
      "last_seen_ts_ns": 595867203728
    },
    {
      "tgid": 12923,
      "comm": "csi-node-driver",
      "cgroup_id": 9164,
      "wait_duration_stats_ns": {
        "count": 19.0,
        "sum": 8784459.0,
        "mean": 462339.947368421,
        "median": 221419.95251770836,
        "min": 18970,
        "max": 1721633,
        "variance_ns2": 313714930294.2749,
        "iqr_ns": 562314.0177207638,
        "q1_ns": 38477.64039945962,
        "q3_ns": 600791.6581202234
      },
      "futex_op_counts": {
        "128": 19
      },
      "first_seen_ts_ns": 605861856117,
      "last_seen_ts_ns": 605864895151
    },
    {
      "tgid": 12402,
      "comm": "content",
      "cgroup_id": 10449,
      "wait_duration_stats_ns": {
        "count": 14.0,
        "sum": 4000427.0000000005,
        "mean": 285744.78571428574,
        "median": 7765.103571428572,
        "min": 568,
        "max": 2952929,
        "variance_ns2": 655497260708.489,
        "iqr_ns": 163227.47916666666,
        "q1_ns": 6333.958333333334,
        "q3_ns": 169561.4375
      },
      "futex_op_counts": {
        "128": 14
      },
      "first_seen_ts_ns": 540919460241,
      "last_seen_ts_ns": 608653203660
    },
    {
      "tgid": 12402,
      "comm": "kvs",
      "cgroup_id": 10449,
      "wait_duration_stats_ns": {
        "count": 13.0,
        "sum": 739208.0,
        "mean": 56862.153846153844,
        "median": 17094.958333333336,
        "min": 4316,
        "max": 234791,
        "variance_ns2": 5259401836.807693,
        "iqr_ns": 78578.99232804232,
        "q1_ns": 7227.453703703704,
        "q3_ns": 85806.44603174603
      },
      "futex_op_counts": {
        "128": 13
      },
      "first_seen_ts_ns": 563575085275,
      "last_seen_ts_ns": 587181193788
    },
    {
      "tgid": 12402,
      "comm": "flux-broker-11",
      "cgroup_id": 10449,
      "wait_duration_stats_ns": {
        "count": 40.0,
        "sum": 400321.00000000006,
        "mean": 10008.025000000001,
        "median": 2083.328134120161,
        "min": 405,
        "max": 119068,
        "variance_ns2": 469120371.7685898,
        "iqr_ns": 13865.539969067408,
        "q1_ns": 669.5660404652612,
        "q3_ns": 14535.106009532668
      },
      "futex_op_counts": {
        "128": 30,
        "0": 10
      },
      "first_seen_ts_ns": 540918146069,
      "last_seen_ts_ns": 608654814107
    },
    {
      "tgid": 12402,
      "comm": "heartbeat",
      "cgroup_id": 10449,
      "wait_duration_stats_ns": {
        "count": 13.0,
        "sum": 297058.99999999994,
        "mean": 22850.692307692305,
        "median": 4953.5,
        "min": 4447,
        "max": 110920,
        "variance_ns2": 1067218034.5641025,
        "iqr_ns": 20034.986534391533,
        "q1_ns": 4703.850925925926,
        "q3_ns": 24738.83746031746
      },
      "futex_op_counts": {
        "128": 13
      },
      "first_seen_ts_ns": 553575100948,
      "last_seen_ts_ns": 585574860437
    },
    {
      "tgid": 12653,
      "comm": "lmp",
      "cgroup_id": 10449,
      "wait_duration_stats_ns": {
        "count": 1.0,
        "sum": 65853.0,
        "mean": 65853.0,
        "median": 65853.0,
        "min": 65853,
        "max": 65853,
        "variance_ns2": null,
        "iqr_ns": 0.0,
        "q1_ns": 65853.0,
        "q3_ns": 65853.0
      },
      "futex_op_counts": {
        "0": 1
      },
      "first_seen_ts_ns": 587180058139,
      "last_seen_ts_ns": 587180058139
    },
    {
      "tgid": 12687,
      "comm": "lmp",
      "cgroup_id": 10449,
      "wait_duration_stats_ns": {
        "count": 1.0,
        "sum": 64951.0,
        "mean": 64951.0,
        "median": 64951.0,
        "min": 64951,
        "max": 64951,
        "variance_ns2": null,
        "iqr_ns": 0.0,
        "q1_ns": 64951.0,
        "q3_ns": 64951.0
      },
      "futex_op_counts": {
        "0": 1
      },
      "first_seen_ts_ns": 587180059689,
      "last_seen_ts_ns": 587180059689
    },
    {
      "tgid": 12631,
      "comm": "lmp",
      "cgroup_id": 10449,
      "wait_duration_stats_ns": {
        "count": 1.0,
        "sum": 62516.0,
        "mean": 62516.0,
        "median": 62516.0,
        "min": 62516,
        "max": 62516,
        "variance_ns2": null,
        "iqr_ns": 0.0,
        "q1_ns": 62516.0,
        "q3_ns": 62516.0
      },
      "futex_op_counts": {
        "0": 1
      },
      "first_seen_ts_ns": 587180006993,
      "last_seen_ts_ns": 587180006993
    },
    {
      "tgid": 12695,
      "comm": "lmp",
      "cgroup_id": 10449,
      "wait_duration_stats_ns": {
        "count": 1.0,
        "sum": 61132.0,
        "mean": 61132.0,
        "median": 61132.0,
        "min": 61132,
        "max": 61132,
        "variance_ns2": null,
        "iqr_ns": 0.0,
        "q1_ns": 61132.0,
        "q3_ns": 61132.0
      },
      "futex_op_counts": {
        "0": 1
      },
      "first_seen_ts_ns": 587179894835,
      "last_seen_ts_ns": 587179894835
    },
    {
      "tgid": 12639,
      "comm": "lmp",
      "cgroup_id": 10449,
      "wait_duration_stats_ns": {
        "count": 1.0,
        "sum": 59865.0,
        "mean": 59865.0,
        "median": 59865.0,
        "min": 59865,
        "max": 59865,
        "variance_ns2": null,
        "iqr_ns": 0.0,
        "q1_ns": 59865.0,
        "q3_ns": 59865.0
      },
      "futex_op_counts": {
        "0": 1
      },
      "first_seen_ts_ns": 587180053755,
      "last_seen_ts_ns": 587180053755
    },
    {
      "tgid": 12641,
      "comm": "lmp",
      "cgroup_id": 10449,
      "wait_duration_stats_ns": {
        "count": 1.0,
        "sum": 59150.0,
        "mean": 59150.0,
        "median": 59150.0,
        "min": 59150,
        "max": 59150,
        "variance_ns2": null,
        "iqr_ns": 0.0,
        "q1_ns": 59150.0,
        "q3_ns": 59150.0
      },
      "futex_op_counts": {
        "0": 1
      },
      "first_seen_ts_ns": 587180016527,
      "last_seen_ts_ns": 587180016527
    },
    {
      "tgid": 12625,
      "comm": "lmp",
      "cgroup_id": 10449,
      "wait_duration_stats_ns": {
        "count": 1.0,
        "sum": 58157.0,
        "mean": 58157.0,
        "median": 58157.0,
        "min": 58157,
        "max": 58157,
        "variance_ns2": null,
        "iqr_ns": 0.0,
        "q1_ns": 58157.0,
        "q3_ns": 58157.0
      },
      "futex_op_counts": {
        "0": 1
      },
      "first_seen_ts_ns": 587180009349,
      "last_seen_ts_ns": 587180009349
    },
    {
      "tgid": 12633,
      "comm": "lmp",
      "cgroup_id": 10449,
      "wait_duration_stats_ns": {
        "count": 1.0,
        "sum": 57524.0,
        "mean": 57524.0,
        "median": 57524.0,
        "min": 57524,
        "max": 57524,
        "variance_ns2": null,
        "iqr_ns": 0.0,
        "q1_ns": 57524.0,
        "q3_ns": 57524.0
      },
      "futex_op_counts": {
        "0": 1
      },
      "first_seen_ts_ns": 587180012250,
      "last_seen_ts_ns": 587180012250
    },
    {
      "tgid": 12665,
      "comm": "lmp",
      "cgroup_id": 10449,
      "wait_duration_stats_ns": {
        "count": 1.0,
        "sum": 57405.0,
        "mean": 57405.0,
        "median": 57405.0,
        "min": 57405,
        "max": 57405,
        "variance_ns2": null,
        "iqr_ns": 0.0,
        "q1_ns": 57405.0,
        "q3_ns": 57405.0
      },
      "futex_op_counts": {
        "0": 1
      },
      "first_seen_ts_ns": 587180047867,
      "last_seen_ts_ns": 587180047867
    },
    {
      "tgid": 12627,
      "comm": "lmp",
      "cgroup_id": 10449,
      "wait_duration_stats_ns": {
        "count": 1.0,
        "sum": 56983.0,
        "mean": 56983.0,
        "median": 56983.0,
        "min": 56983,
        "max": 56983,
        "variance_ns2": null,
        "iqr_ns": 0.0,
        "q1_ns": 56983.0,
        "q3_ns": 56983.0
      },
      "futex_op_counts": {
        "0": 1
      },
      "first_seen_ts_ns": 587180019770,
      "last_seen_ts_ns": 587180019770
    },
    {
      "tgid": 12643,
      "comm": "lmp",
      "cgroup_id": 10449,
      "wait_duration_stats_ns": {
        "count": 1.0,
        "sum": 56273.0,
        "mean": 56273.0,
        "median": 56273.0,
        "min": 56273,
        "max": 56273,
        "variance_ns2": null,
        "iqr_ns": 0.0,
        "q1_ns": 56273.0,
        "q3_ns": 56273.0
      },
      "futex_op_counts": {
        "0": 1
      },
      "first_seen_ts_ns": 587180037867,
      "last_seen_ts_ns": 587180037867
    },
    {
      "tgid": 12635,
      "comm": "lmp",
      "cgroup_id": 10449,
      "wait_duration_stats_ns": {
        "count": 1.0,
        "sum": 56231.0,
        "mean": 56231.0,
        "median": 56231.0,
        "min": 56231,
        "max": 56231,
        "variance_ns2": null,
        "iqr_ns": 0.0,
        "q1_ns": 56231.0,
        "q3_ns": 56231.0
      },
      "futex_op_counts": {
        "0": 1
      },
      "first_seen_ts_ns": 587180020481,
      "last_seen_ts_ns": 587180020481
    },
    {
      "tgid": 12617,
      "comm": "lmp",
      "cgroup_id": 10449,
      "wait_duration_stats_ns": {
        "count": 1.0,
        "sum": 56048.0,
        "mean": 56048.0,
        "median": 56048.0,
        "min": 56048,
        "max": 56048,
        "variance_ns2": null,
        "iqr_ns": 0.0,
        "q1_ns": 56048.0,
        "q3_ns": 56048.0
      },
      "futex_op_counts": {
        "0": 1
      },
      "first_seen_ts_ns": 587179990348,
      "last_seen_ts_ns": 587179990348
    },
    {
      "tgid": 12647,
      "comm": "lmp",
      "cgroup_id": 10449,
      "wait_duration_stats_ns": {
        "count": 1.0,
        "sum": 55995.0,
        "mean": 55995.0,
        "median": 55995.0,
        "min": 55995,
        "max": 55995,
        "variance_ns2": null,
        "iqr_ns": 0.0,
        "q1_ns": 55995.0,
        "q3_ns": 55995.0
      },
      "futex_op_counts": {
        "0": 1
      },
      "first_seen_ts_ns": 587180034747,
      "last_seen_ts_ns": 587180034747
    },
    {
      "tgid": 12645,
      "comm": "lmp",
      "cgroup_id": 10449,
      "wait_duration_stats_ns": {
        "count": 1.0,
        "sum": 55318.0,
        "mean": 55318.0,
        "median": 55318.0,
        "min": 55318,
        "max": 55318,
        "variance_ns2": null,
        "iqr_ns": 0.0,
        "q1_ns": 55318.0,
        "q3_ns": 55318.0
      },
      "futex_op_counts": {
        "0": 1
      },
      "first_seen_ts_ns": 587180028279,
      "last_seen_ts_ns": 587180028279
    },
    {
      "tgid": 12691,
      "comm": "lmp",
      "cgroup_id": 10449,
      "wait_duration_stats_ns": {
        "count": 1.0,
        "sum": 54984.0,
        "mean": 54984.0,
        "median": 54984.0,
        "min": 54984,
        "max": 54984,
        "variance_ns2": null,
        "iqr_ns": 0.0,
        "q1_ns": 54984.0,
        "q3_ns": 54984.0
      },
      "futex_op_counts": {
        "0": 1
      },
      "first_seen_ts_ns": 587179904535,
      "last_seen_ts_ns": 587179904535
    },
    {
      "tgid": 12637,
      "comm": "lmp",
      "cgroup_id": 10449,
      "wait_duration_stats_ns": {
        "count": 1.0,
        "sum": 54914.0,
        "mean": 54914.0,
        "median": 54914.0,
        "min": 54914,
        "max": 54914,
        "variance_ns2": null,
        "iqr_ns": 0.0,
        "q1_ns": 54914.0,
        "q3_ns": 54914.0
      },
      "futex_op_counts": {
        "0": 1
      },
      "first_seen_ts_ns": 587180023364,
      "last_seen_ts_ns": 587180023364
    },
    {
      "tgid": 12621,
      "comm": "lmp",
      "cgroup_id": 10449,
      "wait_duration_stats_ns": {
        "count": 1.0,
        "sum": 54780.0,
        "mean": 54780.0,
        "median": 54780.0,
        "min": 54780,
        "max": 54780,
        "variance_ns2": null,
        "iqr_ns": 0.0,
        "q1_ns": 54780.0,
        "q3_ns": 54780.0
      },
      "futex_op_counts": {
        "0": 1
      },
      "first_seen_ts_ns": 587179994927,
      "last_seen_ts_ns": 587179994927
    },
    {
      "tgid": 12611,
      "comm": "lmp",
      "cgroup_id": 10449,
      "wait_duration_stats_ns": {
        "count": 1.0,
        "sum": 53504.0,
        "mean": 53504.0,
        "median": 53504.0,
        "min": 53504,
        "max": 53504,
        "variance_ns2": null,
        "iqr_ns": 0.0,
        "q1_ns": 53504.0,
        "q3_ns": 53504.0
      },
      "futex_op_counts": {
        "0": 1
      },
      "first_seen_ts_ns": 587179987583,
      "last_seen_ts_ns": 587179987583
    },
    {
      "tgid": 12711,
      "comm": "lmp",
      "cgroup_id": 10449,
      "wait_duration_stats_ns": {
        "count": 1.0,
        "sum": 53489.0,
        "mean": 53489.0,
        "median": 53489.0,
        "min": 53489,
        "max": 53489,
        "variance_ns2": null,
        "iqr_ns": 0.0,
        "q1_ns": 53489.0,
        "q3_ns": 53489.0
      },
      "futex_op_counts": {
        "0": 1
      },
      "first_seen_ts_ns": 587179921491,
      "last_seen_ts_ns": 587179921491
    },
    {
      "tgid": 12728,
      "comm": "lmp",
      "cgroup_id": 10449,
      "wait_duration_stats_ns": {
        "count": 1.0,
        "sum": 53440.0,
        "mean": 53440.0,
        "median": 53440.0,
        "min": 53440,
        "max": 53440,
        "variance_ns2": null,
        "iqr_ns": 0.0,
        "q1_ns": 53440.0,
        "q3_ns": 53440.0
      },
      "futex_op_counts": {
        "0": 1
      },
      "first_seen_ts_ns": 587179914414,
      "last_seen_ts_ns": 587179914414
    },
    {
      "tgid": 12675,
      "comm": "lmp",
      "cgroup_id": 10449,
      "wait_duration_stats_ns": {
        "count": 1.0,
        "sum": 53236.0,
        "mean": 53236.0,
        "median": 53236.0,
        "min": 53236,
        "max": 53236,
        "variance_ns2": null,
        "iqr_ns": 0.0,
        "q1_ns": 53236.0,
        "q3_ns": 53236.0
      },
      "futex_op_counts": {
        "0": 1
      },
      "first_seen_ts_ns": 587179919999,
      "last_seen_ts_ns": 587179919999
    },
    {
      "tgid": 12730,
      "comm": "lmp",
      "cgroup_id": 10449,
      "wait_duration_stats_ns": {
        "count": 1.0,
        "sum": 53052.0,
        "mean": 53052.0,
        "median": 53052.0,
        "min": 53052,
        "max": 53052,
        "variance_ns2": null,
        "iqr_ns": 0.0,
        "q1_ns": 53052.0,
        "q3_ns": 53052.0
      },
      "futex_op_counts": {
        "0": 1
      },
      "first_seen_ts_ns": 587179916548,
      "last_seen_ts_ns": 587179916548
    },
    {
      "tgid": 12722,
      "comm": "lmp",
      "cgroup_id": 10449,
      "wait_duration_stats_ns": {
        "count": 1.0,
        "sum": 53012.0,
        "mean": 53012.0,
        "median": 53012.0,
        "min": 53012,
        "max": 53012,
        "variance_ns2": null,
        "iqr_ns": 0.0,
        "q1_ns": 53012.0,
        "q3_ns": 53012.0
      },
      "futex_op_counts": {
        "0": 1
      },
      "first_seen_ts_ns": 587179967199,
      "last_seen_ts_ns": 587179967199
    },
    {
      "tgid": 12697,
      "comm": "lmp",
      "cgroup_id": 10449,
      "wait_duration_stats_ns": {
        "count": 1.0,
        "sum": 52951.0,
        "mean": 52951.0,
        "median": 52951.0,
        "min": 52951,
        "max": 52951,
        "variance_ns2": null,
        "iqr_ns": 0.0,
        "q1_ns": 52951.0,
        "q3_ns": 52951.0
      },
      "futex_op_counts": {
        "0": 1
      },
      "first_seen_ts_ns": 587179908247,
      "last_seen_ts_ns": 587179908247
    },
    {
      "tgid": 12719,
      "comm": "lmp",
      "cgroup_id": 10449,
      "wait_duration_stats_ns": {
        "count": 1.0,
        "sum": 52860.0,
        "mean": 52860.0,
        "median": 52860.0,
        "min": 52860,
        "max": 52860,
        "variance_ns2": null,
        "iqr_ns": 0.0,
        "q1_ns": 52860.0,
        "q3_ns": 52860.0
      },
      "futex_op_counts": {
        "0": 1
      },
      "first_seen_ts_ns": 587179912261,
      "last_seen_ts_ns": 587179912261
    },
    {
      "tgid": 12581,
      "comm": "lmp",
      "cgroup_id": 10449,
      "wait_duration_stats_ns": {
        "count": 1.0,
        "sum": 52812.0,
        "mean": 52812.0,
        "median": 52812.0,
        "min": 52812,
        "max": 52812,
        "variance_ns2": null,
        "iqr_ns": 0.0,
        "q1_ns": 52812.0,
        "q3_ns": 52812.0
      },
      "futex_op_counts": {
        "0": 1
      },
      "first_seen_ts_ns": 587180067623,
      "last_seen_ts_ns": 587180067623
    },
    {
      "tgid": 12683,
      "comm": "lmp",
      "cgroup_id": 10449,
      "wait_duration_stats_ns": {
        "count": 1.0,
        "sum": 52644.0,
        "mean": 52644.0,
        "median": 52644.0,
        "min": 52644,
        "max": 52644,
        "variance_ns2": null,
        "iqr_ns": 0.0,
        "q1_ns": 52644.0,
        "q3_ns": 52644.0
      },
      "futex_op_counts": {
        "0": 1
      },
      "first_seen_ts_ns": 587180179203,
      "last_seen_ts_ns": 587180179203
    },
    {
      "tgid": 12591,
      "comm": "lmp",
      "cgroup_id": 10449,
      "wait_duration_stats_ns": {
        "count": 1.0,
        "sum": 52563.0,
        "mean": 52563.0,
        "median": 52563.0,
        "min": 52563,
        "max": 52563,
        "variance_ns2": null,
        "iqr_ns": 0.0,
        "q1_ns": 52563.0,
        "q3_ns": 52563.0
      },
      "futex_op_counts": {
        "0": 1
      },
      "first_seen_ts_ns": 587180175045,
      "last_seen_ts_ns": 587180175045
    },
    {
      "tgid": 12615,
      "comm": "lmp",
      "cgroup_id": 10449,
      "wait_duration_stats_ns": {
        "count": 1.0,
        "sum": 52417.0,
        "mean": 52417.0,
        "median": 52417.0,
        "min": 52417,
        "max": 52417,
        "variance_ns2": null,
        "iqr_ns": 0.0,
        "q1_ns": 52417.0,
        "q3_ns": 52417.0
      },
      "futex_op_counts": {
        "0": 1
      },
      "first_seen_ts_ns": 587179993003,
      "last_seen_ts_ns": 587179993003
    },
    {
      "tgid": 12731,
      "comm": "lmp",
      "cgroup_id": 10449,
      "wait_duration_stats_ns": {
        "count": 1.0,
        "sum": 52306.0,
        "mean": 52306.0,
        "median": 52306.0,
        "min": 52306,
        "max": 52306,
        "variance_ns2": null,
        "iqr_ns": 0.0,
        "q1_ns": 52306.0,
        "q3_ns": 52306.0
      },
      "futex_op_counts": {
        "0": 1
      },
      "first_seen_ts_ns": 587179962934,
      "last_seen_ts_ns": 587179962934
    },
    {
      "tgid": 12701,
      "comm": "lmp",
      "cgroup_id": 10449,
      "wait_duration_stats_ns": {
        "count": 1.0,
        "sum": 51958.0,
        "mean": 51958.0,
        "median": 51958.0,
        "min": 51958,
        "max": 51958,
        "variance_ns2": null,
        "iqr_ns": 0.0,
        "q1_ns": 51958.0,
        "q3_ns": 51958.0
      },
      "futex_op_counts": {
        "0": 1
      },
      "first_seen_ts_ns": 587179970439,
      "last_seen_ts_ns": 587179970439
    },
    {
      "tgid": 12740,
      "comm": "lmp",
      "cgroup_id": 10449,
      "wait_duration_stats_ns": {
        "count": 1.0,
        "sum": 51413.0,
        "mean": 51413.0,
        "median": 51413.0,
        "min": 51413,
        "max": 51413,
        "variance_ns2": null,
        "iqr_ns": 0.0,
        "q1_ns": 51413.0,
        "q3_ns": 51413.0
      },
      "futex_op_counts": {
        "0": 1
      },
      "first_seen_ts_ns": 587180178235,
      "last_seen_ts_ns": 587180178235
    },
    {
      "tgid": 12689,
      "comm": "lmp",
      "cgroup_id": 10449,
      "wait_duration_stats_ns": {
        "count": 1.0,
        "sum": 51348.0,
        "mean": 51348.0,
        "median": 51348.0,
        "min": 51348,
        "max": 51348,
        "variance_ns2": null,
        "iqr_ns": 0.0,
        "q1_ns": 51348.0,
        "q3_ns": 51348.0
      },
      "futex_op_counts": {
        "0": 1
      },
      "first_seen_ts_ns": 587179893819,
      "last_seen_ts_ns": 587179893819
    },
    {
      "tgid": 12715,
      "comm": "lmp",
      "cgroup_id": 10449,
      "wait_duration_stats_ns": {
        "count": 1.0,
        "sum": 51255.0,
        "mean": 51255.0,
        "median": 51255.0,
        "min": 51255,
        "max": 51255,
        "variance_ns2": null,
        "iqr_ns": 0.0,
        "q1_ns": 51255.0,
        "q3_ns": 51255.0
      },
      "futex_op_counts": {
        "0": 1
      },
      "first_seen_ts_ns": 587181274785,
      "last_seen_ts_ns": 587181274785
    },
    {
      "tgid": 12595,
      "comm": "lmp",
      "cgroup_id": 10449,
      "wait_duration_stats_ns": {
        "count": 1.0,
        "sum": 51232.0,
        "mean": 51232.0,
        "median": 51232.0,
        "min": 51232,
        "max": 51232,
        "variance_ns2": null,
        "iqr_ns": 0.0,
        "q1_ns": 51232.0,
        "q3_ns": 51232.0
      },
      "futex_op_counts": {
        "0": 1
      },
      "first_seen_ts_ns": 587180063654,
      "last_seen_ts_ns": 587180063654
    },
    {
      "tgid": 12705,
      "comm": "lmp",
      "cgroup_id": 10449,
      "wait_duration_stats_ns": {
        "count": 1.0,
        "sum": 51035.0,
        "mean": 51035.0,
        "median": 51035.0,
        "min": 51035,
        "max": 51035,
        "variance_ns2": null,
        "iqr_ns": 0.0,
        "q1_ns": 51035.0,
        "q3_ns": 51035.0
      },
      "futex_op_counts": {
        "0": 1
      },
      "first_seen_ts_ns": 587179923542,
      "last_seen_ts_ns": 587179923542
    },
    {
      "tgid": 12723,
      "comm": "lmp",
      "cgroup_id": 10449,
      "wait_duration_stats_ns": {
        "count": 1.0,
        "sum": 50995.0,
        "mean": 50995.0,
        "median": 50995.0,
        "min": 50995,
        "max": 50995,
        "variance_ns2": null,
        "iqr_ns": 0.0,
        "q1_ns": 50995.0,
        "q3_ns": 50995.0
      },
      "futex_op_counts": {
        "0": 1
      },
      "first_seen_ts_ns": 587179902526,
      "last_seen_ts_ns": 587179902526
    },
    {
      "tgid": 12566,
      "comm": "lmp",
      "cgroup_id": 10449,
      "wait_duration_stats_ns": {
        "count": 1.0,
        "sum": 50117.0,
        "mean": 50117.0,
        "median": 50117.0,
        "min": 50117,
        "max": 50117,
        "variance_ns2": null,
        "iqr_ns": 0.0,
        "q1_ns": 50117.0,
        "q3_ns": 50117.0
      },
      "futex_op_counts": {
        "0": 1
      },
      "first_seen_ts_ns": 587180120421,
      "last_seen_ts_ns": 587180120421
    },
    {
      "tgid": 12597,
      "comm": "lmp",
      "cgroup_id": 10449,
      "wait_duration_stats_ns": {
        "count": 1.0,
        "sum": 49839.0,
        "mean": 49839.0,
        "median": 49839.0,
        "min": 49839,
        "max": 49839,
        "variance_ns2": null,
        "iqr_ns": 0.0,
        "q1_ns": 49839.0,
        "q3_ns": 49839.0
      },
      "futex_op_counts": {
        "0": 1
      },
      "first_seen_ts_ns": 587180066138,
      "last_seen_ts_ns": 587180066138
    },
    {
      "tgid": 12569,
      "comm": "lmp",
      "cgroup_id": 10449,
      "wait_duration_stats_ns": {
        "count": 1.0,
        "sum": 49593.0,
        "mean": 49593.0,
        "median": 49593.0,
        "min": 49593,
        "max": 49593,
        "variance_ns2": null,
        "iqr_ns": 0.0,
        "q1_ns": 49593.0,
        "q3_ns": 49593.0
      },
      "futex_op_counts": {
        "0": 1
      },
      "first_seen_ts_ns": 587180118562,
      "last_seen_ts_ns": 587180118562
    },
    {
      "tgid": 12699,
      "comm": "lmp",
      "cgroup_id": 10449,
      "wait_duration_stats_ns": {
        "count": 1.0,
        "sum": 49491.0,
        "mean": 49491.0,
        "median": 49491.0,
        "min": 49491,
        "max": 49491,
        "variance_ns2": null,
        "iqr_ns": 0.0,
        "q1_ns": 49491.0,
        "q3_ns": 49491.0
      },
      "futex_op_counts": {
        "0": 1
      },
      "first_seen_ts_ns": 587179897066,
      "last_seen_ts_ns": 587179897066
    },
    {
      "tgid": 12681,
      "comm": "lmp",
      "cgroup_id": 10449,
      "wait_duration_stats_ns": {
        "count": 1.0,
        "sum": 49315.0,
        "mean": 49315.0,
        "median": 49315.0,
        "min": 49315,
        "max": 49315,
        "variance_ns2": null,
        "iqr_ns": 0.0,
        "q1_ns": 49315.0,
        "q3_ns": 49315.0
      },
      "futex_op_counts": {
        "0": 1
      },
      "first_seen_ts_ns": 587179950731,
      "last_seen_ts_ns": 587179950731
    },
    {
      "tgid": 12685,
      "comm": "lmp",
      "cgroup_id": 10449,
      "wait_duration_stats_ns": {
        "count": 1.0,
        "sum": 48919.0,
        "mean": 48919.0,
        "median": 48919.0,
        "min": 48919,
        "max": 48919,
        "variance_ns2": null,
        "iqr_ns": 0.0,
        "q1_ns": 48919.0,
        "q3_ns": 48919.0
      },
      "futex_op_counts": {
        "0": 1
      },
      "first_seen_ts_ns": 587179947533,
      "last_seen_ts_ns": 587179947533
    },
    {
      "tgid": 12657,
      "comm": "lmp",
      "cgroup_id": 10449,
      "wait_duration_stats_ns": {
        "count": 1.0,
        "sum": 48819.0,
        "mean": 48819.0,
        "median": 48819.0,
        "min": 48819,
        "max": 48819,
        "variance_ns2": null,
        "iqr_ns": 0.0,
        "q1_ns": 48819.0,
        "q3_ns": 48819.0
      },
      "futex_op_counts": {
        "0": 1
      },
      "first_seen_ts_ns": 587179925342,
      "last_seen_ts_ns": 587179925342
    },
    {
      "tgid": 12679,
      "comm": "lmp",
      "cgroup_id": 10449,
      "wait_duration_stats_ns": {
        "count": 1.0,
        "sum": 48748.0,
        "mean": 48748.0,
        "median": 48748.0,
        "min": 48748,
        "max": 48748,
        "variance_ns2": null,
        "iqr_ns": 0.0,
        "q1_ns": 48748.0,
        "q3_ns": 48748.0
      },
      "futex_op_counts": {
        "0": 1
      },
      "first_seen_ts_ns": 587179959139,
      "last_seen_ts_ns": 587179959139
    },
    {
      "tgid": 12671,
      "comm": "lmp",
      "cgroup_id": 10449,
      "wait_duration_stats_ns": {
        "count": 1.0,
        "sum": 48281.0,
        "mean": 48281.0,
        "median": 48281.0,
        "min": 48281,
        "max": 48281,
        "variance_ns2": null,
        "iqr_ns": 0.0,
        "q1_ns": 48281.0,
        "q3_ns": 48281.0
      },
      "futex_op_counts": {
        "0": 1
      },
      "first_seen_ts_ns": 587179953093,
      "last_seen_ts_ns": 587179953093
    },
    {
      "tgid": 12693,
      "comm": "lmp",
      "cgroup_id": 10449,
      "wait_duration_stats_ns": {
        "count": 1.0,
        "sum": 48268.0,
        "mean": 48268.0,
        "median": 48268.0,
        "min": 48268,
        "max": 48268,
        "variance_ns2": null,
        "iqr_ns": 0.0,
        "q1_ns": 48268.0,
        "q3_ns": 48268.0
      },
      "futex_op_counts": {
        "0": 1
      },
      "first_seen_ts_ns": 587181278224,
      "last_seen_ts_ns": 587181278224
    },
    {
      "tgid": 12673,
      "comm": "lmp",
      "cgroup_id": 10449,
      "wait_duration_stats_ns": {
        "count": 1.0,
        "sum": 47857.0,
        "mean": 47857.0,
        "median": 47857.0,
        "min": 47857,
        "max": 47857,
        "variance_ns2": null,
        "iqr_ns": 0.0,
        "q1_ns": 47857.0,
        "q3_ns": 47857.0
      },
      "futex_op_counts": {
        "0": 1
      },
      "first_seen_ts_ns": 587179899804,
      "last_seen_ts_ns": 587179899804
    },
    {
      "tgid": 12736,
      "comm": "lmp",
      "cgroup_id": 10449,
      "wait_duration_stats_ns": {
        "count": 1.0,
        "sum": 47661.0,
        "mean": 47661.0,
        "median": 47661.0,
        "min": 47661,
        "max": 47661,
        "variance_ns2": null,
        "iqr_ns": 0.0,
        "q1_ns": 47661.0,
        "q3_ns": 47661.0
      },
      "futex_op_counts": {
        "0": 1
      },
      "first_seen_ts_ns": 587179963694,
      "last_seen_ts_ns": 587179963694
    },
    {
      "tgid": 12613,
      "comm": "lmp",
      "cgroup_id": 10449,
      "wait_duration_stats_ns": {
        "count": 1.0,
        "sum": 47593.0,
        "mean": 47593.0,
        "median": 47593.0,
        "min": 47593,
        "max": 47593,
        "variance_ns2": null,
        "iqr_ns": 0.0,
        "q1_ns": 47593.0,
        "q3_ns": 47593.0
      },
      "futex_op_counts": {
        "0": 1
      },
      "first_seen_ts_ns": 587180095473,
      "last_seen_ts_ns": 587180095473
    },
    {
      "tgid": 12668,
      "comm": "lmp",
      "cgroup_id": 10449,
      "wait_duration_stats_ns": {
        "count": 1.0,
        "sum": 47443.0,
        "mean": 47443.0,
        "median": 47443.0,
        "min": 47443,
        "max": 47443,
        "variance_ns2": null,
        "iqr_ns": 0.0,
        "q1_ns": 47443.0,
        "q3_ns": 47443.0
      },
      "futex_op_counts": {
        "0": 1
      },
      "first_seen_ts_ns": 587179957139,
      "last_seen_ts_ns": 587179957139
    },
    {
      "tgid": 12568,
      "comm": "lmp",
      "cgroup_id": 10449,
      "wait_duration_stats_ns": {
        "count": 1.0,
        "sum": 47309.0,
        "mean": 47309.0,
        "median": 47309.0,
        "min": 47309,
        "max": 47309,
        "variance_ns2": null,
        "iqr_ns": 0.0,
        "q1_ns": 47309.0,
        "q3_ns": 47309.0
      },
      "futex_op_counts": {
        "0": 1
      },
      "first_seen_ts_ns": 587180125704,
      "last_seen_ts_ns": 587180125704
    },
    {
      "tgid": 12738,
      "comm": "lmp",
      "cgroup_id": 10449,
      "wait_duration_stats_ns": {
        "count": 1.0,
        "sum": 47201.0,
        "mean": 47201.0,
        "median": 47201.0,
        "min": 47201,
        "max": 47201,
        "variance_ns2": null,
        "iqr_ns": 0.0,
        "q1_ns": 47201.0,
        "q3_ns": 47201.0
      },
      "futex_op_counts": {
        "0": 1
      },
      "first_seen_ts_ns": 587179968493,
      "last_seen_ts_ns": 587179968493
    },
    {
      "tgid": 12659,
      "comm": "lmp",
      "cgroup_id": 10449,
      "wait_duration_stats_ns": {
        "count": 1.0,
        "sum": 47159.0,
        "mean": 47159.0,
        "median": 47159.0,
        "min": 47159,
        "max": 47159,
        "variance_ns2": null,
        "iqr_ns": 0.0,
        "q1_ns": 47159.0,
        "q3_ns": 47159.0
      },
      "futex_op_counts": {
        "0": 1
      },
      "first_seen_ts_ns": 587180100133,
      "last_seen_ts_ns": 587180100133
    },
    {
      "tgid": 12623,
      "comm": "lmp",
      "cgroup_id": 10449,
      "wait_duration_stats_ns": {
        "count": 1.0,
        "sum": 47063.0,
        "mean": 47063.0,
        "median": 47063.0,
        "min": 47063,
        "max": 47063,
        "variance_ns2": null,
        "iqr_ns": 0.0,
        "q1_ns": 47063.0,
        "q3_ns": 47063.0
      },
      "futex_op_counts": {
        "0": 1
      },
      "first_seen_ts_ns": 587180172842,
      "last_seen_ts_ns": 587180172842
    },
    {
      "tgid": 12609,
      "comm": "lmp",
      "cgroup_id": 10449,
      "wait_duration_stats_ns": {
        "count": 1.0,
        "sum": 46979.0,
        "mean": 46979.0,
        "median": 46979.0,
        "min": 46979,
        "max": 46979,
        "variance_ns2": null,
        "iqr_ns": 0.0,
        "q1_ns": 46979.0,
        "q3_ns": 46979.0
      },
      "futex_op_counts": {
        "0": 1
      },
      "first_seen_ts_ns": 587180081171,
      "last_seen_ts_ns": 587180081171
    },
    {
      "tgid": 12703,
      "comm": "lmp",
      "cgroup_id": 10449,
      "wait_duration_stats_ns": {
        "count": 1.0,
        "sum": 46616.0,
        "mean": 46616.0,
        "median": 46616.0,
        "min": 46616,
        "max": 46616,
        "variance_ns2": null,
        "iqr_ns": 0.0,
        "q1_ns": 46616.0,
        "q3_ns": 46616.0
      },
      "futex_op_counts": {
        "0": 1
      },
      "first_seen_ts_ns": 587181271834,
      "last_seen_ts_ns": 587181271834
    },
    {
      "tgid": 12607,
      "comm": "lmp",
      "cgroup_id": 10449,
      "wait_duration_stats_ns": {
        "count": 1.0,
        "sum": 46276.0,
        "mean": 46276.0,
        "median": 46276.0,
        "min": 46276,
        "max": 46276,
        "variance_ns2": null,
        "iqr_ns": 0.0,
        "q1_ns": 46276.0,
        "q3_ns": 46276.0
      },
      "futex_op_counts": {
        "0": 1
      },
      "first_seen_ts_ns": 587180085532,
      "last_seen_ts_ns": 587180085532
    },
    {
      "tgid": 12573,
      "comm": "lmp",
      "cgroup_id": 10449,
      "wait_duration_stats_ns": {
        "count": 1.0,
        "sum": 46030.0,
        "mean": 46030.0,
        "median": 46030.0,
        "min": 46030,
        "max": 46030,
        "variance_ns2": null,
        "iqr_ns": 0.0,
        "q1_ns": 46030.0,
        "q3_ns": 46030.0
      },
      "futex_op_counts": {
        "0": 1
      },
      "first_seen_ts_ns": 587180127979,
      "last_seen_ts_ns": 587180127979
    },
    {
      "tgid": 12605,
      "comm": "lmp",
      "cgroup_id": 10449,
      "wait_duration_stats_ns": {
        "count": 1.0,
        "sum": 46026.0,
        "mean": 46026.0,
        "median": 46026.0,
        "min": 46026,
        "max": 46026,
        "variance_ns2": null,
        "iqr_ns": 0.0,
        "q1_ns": 46026.0,
        "q3_ns": 46026.0
      },
      "futex_op_counts": {
        "0": 1
      },
      "first_seen_ts_ns": 587180074323,
      "last_seen_ts_ns": 587180074323
    },
    {
      "tgid": 12575,
      "comm": "lmp",
      "cgroup_id": 10449,
      "wait_duration_stats_ns": {
        "count": 1.0,
        "sum": 45864.0,
        "mean": 45864.0,
        "median": 45864.0,
        "min": 45864,
        "max": 45864,
        "variance_ns2": null,
        "iqr_ns": 0.0,
        "q1_ns": 45864.0,
        "q3_ns": 45864.0
      },
      "futex_op_counts": {
        "0": 1
      },
      "first_seen_ts_ns": 587180122442,
      "last_seen_ts_ns": 587180122442
    },
    {
      "tgid": 12629,
      "comm": "lmp",
      "cgroup_id": 10449,
      "wait_duration_stats_ns": {
        "count": 1.0,
        "sum": 45723.0,
        "mean": 45723.0,
        "median": 45723.0,
        "min": 45723,
        "max": 45723,
        "variance_ns2": null,
        "iqr_ns": 0.0,
        "q1_ns": 45723.0,
        "q3_ns": 45723.0
      },
      "futex_op_counts": {
        "0": 1
      },
      "first_seen_ts_ns": 587180090709,
      "last_seen_ts_ns": 587180090709
    },
    {
      "tgid": 12714,
      "comm": "lmp",
      "cgroup_id": 10449,
      "wait_duration_stats_ns": {
        "count": 1.0,
        "sum": 45386.0,
        "mean": 45386.0,
        "median": 45386.0,
        "min": 45386,
        "max": 45386,
        "variance_ns2": null,
        "iqr_ns": 0.0,
        "q1_ns": 45386.0,
        "q3_ns": 45386.0
      },
      "futex_op_counts": {
        "0": 1
      },
      "first_seen_ts_ns": 587181276788,
      "last_seen_ts_ns": 587181276788
    },
    {
      "tgid": 12619,
      "comm": "lmp",
      "cgroup_id": 10449,
      "wait_duration_stats_ns": {
        "count": 1.0,
        "sum": 45280.0,
        "mean": 45280.0,
        "median": 45280.0,
        "min": 45280,
        "max": 45280,
        "variance_ns2": null,
        "iqr_ns": 0.0,
        "q1_ns": 45280.0,
        "q3_ns": 45280.0
      },
      "futex_op_counts": {
        "0": 1
      },
      "first_seen_ts_ns": 587180094010,
      "last_seen_ts_ns": 587180094010
    },
    {
      "tgid": 12663,
      "comm": "lmp",
      "cgroup_id": 10449,
      "wait_duration_stats_ns": {
        "count": 1.0,
        "sum": 44679.0,
        "mean": 44679.0,
        "median": 44679.0,
        "min": 44679,
        "max": 44679,
        "variance_ns2": null,
        "iqr_ns": 0.0,
        "q1_ns": 44679.0,
        "q3_ns": 44679.0
      },
      "futex_op_counts": {
        "0": 1
      },
      "first_seen_ts_ns": 587179938752,
      "last_seen_ts_ns": 587179938752
    },
    {
      "tgid": 12599,
      "comm": "lmp",
      "cgroup_id": 10449,
      "wait_duration_stats_ns": {
        "count": 1.0,
        "sum": 44528.0,
        "mean": 44528.0,
        "median": 44528.0,
        "min": 44528,
        "max": 44528,
        "variance_ns2": null,
        "iqr_ns": 0.0,
        "q1_ns": 44528.0,
        "q3_ns": 44528.0
      },
      "futex_op_counts": {
        "0": 1
      },
      "first_seen_ts_ns": 587180075727,
      "last_seen_ts_ns": 587180075727
    },
    {
      "tgid": 12651,
      "comm": "lmp",
      "cgroup_id": 10449,
      "wait_duration_stats_ns": {
        "count": 1.0,
        "sum": 44482.0,
        "mean": 44482.0,
        "median": 44482.0,
        "min": 44482,
        "max": 44482,
        "variance_ns2": null,
        "iqr_ns": 0.0,
        "q1_ns": 44482.0,
        "q3_ns": 44482.0
      },
      "futex_op_counts": {
        "0": 1
      },
      "first_seen_ts_ns": 587180102179,
      "last_seen_ts_ns": 587180102179
    },
    {
      "tgid": 12585,
      "comm": "lmp",
      "cgroup_id": 10449,
      "wait_duration_stats_ns": {
        "count": 1.0,
        "sum": 44360.0,
        "mean": 44360.0,
        "median": 44360.0,
        "min": 44360,
        "max": 44360,
        "variance_ns2": null,
        "iqr_ns": 0.0,
        "q1_ns": 44360.0,
        "q3_ns": 44360.0
      },
      "futex_op_counts": {
        "0": 1
      },
      "first_seen_ts_ns": 587180144122,
      "last_seen_ts_ns": 587180144122
    },
    {
      "tgid": 12583,
      "comm": "lmp",
      "cgroup_id": 10449,
      "wait_duration_stats_ns": {
        "count": 1.0,
        "sum": 43995.0,
        "mean": 43995.0,
        "median": 43995.0,
        "min": 43995,
        "max": 43995,
        "variance_ns2": null,
        "iqr_ns": 0.0,
        "q1_ns": 43995.0,
        "q3_ns": 43995.0
      },
      "futex_op_counts": {
        "0": 1
      },
      "first_seen_ts_ns": 587180134100,
      "last_seen_ts_ns": 587180134100
    },
    {
      "tgid": 12589,
      "comm": "lmp",
      "cgroup_id": 10449,
      "wait_duration_stats_ns": {
        "count": 1.0,
        "sum": 43838.0,
        "mean": 43838.0,
        "median": 43838.0,
        "min": 43838,
        "max": 43838,
        "variance_ns2": null,
        "iqr_ns": 0.0,
        "q1_ns": 43838.0,
        "q3_ns": 43838.0
      },
      "futex_op_counts": {
        "0": 1
      },
      "first_seen_ts_ns": 587180151905,
      "last_seen_ts_ns": 587180151905
    },
    {
      "tgid": 12570,
      "comm": "lmp",
      "cgroup_id": 10449,
      "wait_duration_stats_ns": {
        "count": 1.0,
        "sum": 43790.0,
        "mean": 43790.0,
        "median": 43790.0,
        "min": 43790,
        "max": 43790,
        "variance_ns2": null,
        "iqr_ns": 0.0,
        "q1_ns": 43790.0,
        "q3_ns": 43790.0
      },
      "futex_op_counts": {
        "0": 1
      },
      "first_seen_ts_ns": 587180087072,
      "last_seen_ts_ns": 587180087072
    },
    {
      "tgid": 12601,
      "comm": "lmp",
      "cgroup_id": 10449,
      "wait_duration_stats_ns": {
        "count": 1.0,
        "sum": 43695.0,
        "mean": 43695.0,
        "median": 43695.0,
        "min": 43695,
        "max": 43695,
        "variance_ns2": null,
        "iqr_ns": 0.0,
        "q1_ns": 43695.0,
        "q3_ns": 43695.0
      },
      "futex_op_counts": {
        "0": 1
      },
      "first_seen_ts_ns": 587180155922,
      "last_seen_ts_ns": 587180155922
    },
    {
      "tgid": 12593,
      "comm": "lmp",
      "cgroup_id": 10449,
      "wait_duration_stats_ns": {
        "count": 1.0,
        "sum": 43372.0,
        "mean": 43372.0,
        "median": 43372.0,
        "min": 43372,
        "max": 43372,
        "variance_ns2": null,
        "iqr_ns": 0.0,
        "q1_ns": 43372.0,
        "q3_ns": 43372.0
      },
      "futex_op_counts": {
        "0": 1
      },
      "first_seen_ts_ns": 587180160624,
      "last_seen_ts_ns": 587180160624
    },
    {
      "tgid": 12661,
      "comm": "lmp",
      "cgroup_id": 10449,
      "wait_duration_stats_ns": {
        "count": 1.0,
        "sum": 43259.0,
        "mean": 43259.0,
        "median": 43259.0,
        "min": 43259,
        "max": 43259,
        "variance_ns2": null,
        "iqr_ns": 0.0,
        "q1_ns": 43259.0,
        "q3_ns": 43259.0
      },
      "futex_op_counts": {
        "0": 1
      },
      "first_seen_ts_ns": 587179931526,
      "last_seen_ts_ns": 587179931526
    },
    {
      "tgid": 12603,
      "comm": "lmp",
      "cgroup_id": 10449,
      "wait_duration_stats_ns": {
        "count": 1.0,
        "sum": 43221.0,
        "mean": 43221.0,
        "median": 43221.0,
        "min": 43221,
        "max": 43221,
        "variance_ns2": null,
        "iqr_ns": 0.0,
        "q1_ns": 43221.0,
        "q3_ns": 43221.0
      },
      "futex_op_counts": {
        "0": 1
      },
      "first_seen_ts_ns": 587180078382,
      "last_seen_ts_ns": 587180078382
    },
    {
      "tgid": 12577,
      "comm": "lmp",
      "cgroup_id": 10449,
      "wait_duration_stats_ns": {
        "count": 1.0,
        "sum": 42976.0,
        "mean": 42976.0,
        "median": 42976.0,
        "min": 42976,
        "max": 42976,
        "variance_ns2": null,
        "iqr_ns": 0.0,
        "q1_ns": 42976.0,
        "q3_ns": 42976.0
      },
      "futex_op_counts": {
        "0": 1
      },
      "first_seen_ts_ns": 587180137279,
      "last_seen_ts_ns": 587180137279
    },
    {
      "tgid": 12579,
      "comm": "lmp",
      "cgroup_id": 10449,
      "wait_duration_stats_ns": {
        "count": 1.0,
        "sum": 42653.0,
        "mean": 42653.0,
        "median": 42653.0,
        "min": 42653,
        "max": 42653,
        "variance_ns2": null,
        "iqr_ns": 0.0,
        "q1_ns": 42653.0,
        "q3_ns": 42653.0
      },
      "futex_op_counts": {
        "0": 1
      },
      "first_seen_ts_ns": 587181237942,
      "last_seen_ts_ns": 587181237942
    },
    {
      "tgid": 12734,
      "comm": "lmp",
      "cgroup_id": 10449,
      "wait_duration_stats_ns": {
        "count": 1.0,
        "sum": 42340.0,
        "mean": 42340.0,
        "median": 42340.0,
        "min": 42340,
        "max": 42340,
        "variance_ns2": null,
        "iqr_ns": 0.0,
        "q1_ns": 42340.0,
        "q3_ns": 42340.0
      },
      "futex_op_counts": {
        "0": 1
      },
      "first_seen_ts_ns": 587181266367,
      "last_seen_ts_ns": 587181266367
    },
    {
      "tgid": 12677,
      "comm": "lmp",
      "cgroup_id": 10449,
      "wait_duration_stats_ns": {
        "count": 1.0,
        "sum": 42047.0,
        "mean": 42047.0,
        "median": 42047.0,
        "min": 42047,
        "max": 42047,
        "variance_ns2": null,
        "iqr_ns": 0.0,
        "q1_ns": 42047.0,
        "q3_ns": 42047.0
      },
      "futex_op_counts": {
        "0": 1
      },
      "first_seen_ts_ns": 587179941943,
      "last_seen_ts_ns": 587179941943
    },
    {
      "tgid": 12717,
      "comm": "lmp",
      "cgroup_id": 10449,
      "wait_duration_stats_ns": {
        "count": 1.0,
        "sum": 40859.0,
        "mean": 40859.0,
        "median": 40859.0,
        "min": 40859,
        "max": 40859,
        "variance_ns2": null,
        "iqr_ns": 0.0,
        "q1_ns": 40859.0,
        "q3_ns": 40859.0
      },
      "futex_op_counts": {
        "0": 1
      },
      "first_seen_ts_ns": 587181261088,
      "last_seen_ts_ns": 587181261088
    },
    {
      "tgid": 12402,
      "comm": "connector-local",
      "cgroup_id": 10449,
      "wait_duration_stats_ns": {
        "count": 7.0,
        "sum": 19768.0,
        "mean": 2824.0,
        "median": 1255.0,
        "min": 516,
        "max": 8004,
        "variance_ns2": 12006518.0,
        "iqr_ns": 1047.75,
        "q1_ns": 892.25,
        "q3_ns": 1940.0
      },
      "futex_op_counts": {
        "128": 7
      },
      "first_seen_ts_ns": 587206503548,
      "last_seen_ts_ns": 587215407253
    },
    {
      "tgid": 819,
      "comm": "multipathd",
      "cgroup_id": 1702,
      "wait_duration_stats_ns": {
        "count": 6.0,
        "sum": 18555.0,
        "mean": 3092.5,
        "median": 3160.0,
        "min": 1889,
        "max": 4132,
        "variance_ns2": 628280.3,
        "iqr_ns": 0.0,
        "q1_ns": 3160.0,
        "q3_ns": 3160.0
      },
      "futex_op_counts": {
        "128": 6
      },
      "first_seen_ts_ns": 546534406726,
      "last_seen_ts_ns": 563535454203
    },
    {
      "tgid": 12649,
      "comm": "lmp",
      "cgroup_id": 10449,
      "wait_duration_stats_ns": {
        "count": 1.0,
        "sum": 15851.0,
        "mean": 15851.0,
        "median": 15851.0,
        "min": 15851,
        "max": 15851,
        "variance_ns2": null,
        "iqr_ns": 0.0,
        "q1_ns": 15851.0,
        "q3_ns": 15851.0
      },
      "futex_op_counts": {
        "128": 1
      },
      "first_seen_ts_ns": 587180007977,
      "last_seen_ts_ns": 587180007977
    },
    {
      "tgid": 12402,
      "comm": "kvs-watch",
      "cgroup_id": 10449,
      "wait_duration_stats_ns": {
        "count": 3.0,
        "sum": 12728.0,
        "mean": 4242.666666666667,
        "median": 2928.0,
        "min": 2456,
        "max": 7344,
        "variance_ns2": 7269397.333333334,
        "iqr_ns": 4888.0,
        "q1_ns": 2456.0,
        "q3_ns": 7344.0
      },
      "futex_op_counts": {
        "128": 3
      },
      "first_seen_ts_ns": 541252059192,
      "last_seen_ts_ns": 587245900603
    },
    {
      "tgid": 12402,
      "comm": "ZMQbg/IO/0",
      "cgroup_id": 10449,
      "wait_duration_stats_ns": {
        "count": 20.0,
        "sum": 12606.999999999998,
        "mean": 630.3499999999999,
        "median": 524.0736917126247,
        "min": 389,
        "max": 2548,
        "variance_ns2": 206792.0289473684,
        "iqr_ns": 107.74219430453809,
        "q1_ns": 486.5725653108466,
        "q3_ns": 594.3147596153847
      },
      "futex_op_counts": {
        "128": 20
      },
      "first_seen_ts_ns": 587206222914,
      "last_seen_ts_ns": 587207474454
    },
    {
      "tgid": 12709,
      "comm": "lmp",
      "cgroup_id": 10449,
      "wait_duration_stats_ns": {
        "count": 1.0,
        "sum": 8305.0,
        "mean": 8305.0,
        "median": 8305.0,
        "min": 8305,
        "max": 8305,
        "variance_ns2": null,
        "iqr_ns": 0.0,
        "q1_ns": 8305.0,
        "q3_ns": 8305.0
      },
      "futex_op_counts": {
        "128": 1
      },
      "first_seen_ts_ns": 587181248989,
      "last_seen_ts_ns": 587181248989
    },
    {
      "tgid": 12567,
      "comm": "lmp",
      "cgroup_id": 10449,
      "wait_duration_stats_ns": {
        "count": 1.0,
        "sum": 8195.0,
        "mean": 8195.0,
        "median": 8195.0,
        "min": 8195,
        "max": 8195,
        "variance_ns2": null,
        "iqr_ns": 0.0,
        "q1_ns": 8195.0,
        "q3_ns": 8195.0
      },
      "futex_op_counts": {
        "128": 1
      },
      "first_seen_ts_ns": 587180081111,
      "last_seen_ts_ns": 587180081111
    },
    {
      "tgid": 12655,
      "comm": "lmp",
      "cgroup_id": 10449,
      "wait_duration_stats_ns": {
        "count": 1.0,
        "sum": 8169.0,
        "mean": 8169.0,
        "median": 8169.0,
        "min": 8169,
        "max": 8169,
        "variance_ns2": null,
        "iqr_ns": 0.0,
        "q1_ns": 8169.0,
        "q3_ns": 8169.0
      },
      "futex_op_counts": {
        "128": 1
      },
      "first_seen_ts_ns": 587179897073,
      "last_seen_ts_ns": 587179897073
    },
    {
      "tgid": 12587,
      "comm": "lmp",
      "cgroup_id": 10449,
      "wait_duration_stats_ns": {
        "count": 1.0,
        "sum": 8009.0,
        "mean": 8009.0,
        "median": 8009.0,
        "min": 8009,
        "max": 8009,
        "variance_ns2": null,
        "iqr_ns": 0.0,
        "q1_ns": 8009.0,
        "q3_ns": 8009.0
      },
      "futex_op_counts": {
        "128": 1
      },
      "first_seen_ts_ns": 587180119648,
      "last_seen_ts_ns": 587180119648
    },
    {
      "tgid": 12726,
      "comm": "lmp",
      "cgroup_id": 10449,
      "wait_duration_stats_ns": {
        "count": 1.0,
        "sum": 7656.0,
        "mean": 7656.0,
        "median": 7656.0,
        "min": 7656,
        "max": 7656,
        "variance_ns2": null,
        "iqr_ns": 0.0,
        "q1_ns": 7656.0,
        "q3_ns": 7656.0
      },
      "futex_op_counts": {
        "128": 1
      },
      "first_seen_ts_ns": 587180132662,
      "last_seen_ts_ns": 587180132662
    },
    {
      "tgid": 12707,
      "comm": "lmp",
      "cgroup_id": 10449,
      "wait_duration_stats_ns": {
        "count": 1.0,
        "sum": 7539.0,
        "mean": 7539.0,
        "median": 7539.0,
        "min": 7539,
        "max": 7539,
        "variance_ns2": null,
        "iqr_ns": 0.0,
        "q1_ns": 7539.0,
        "q3_ns": 7539.0
      },
      "futex_op_counts": {
        "128": 1
      },
      "first_seen_ts_ns": 587181286970,
      "last_seen_ts_ns": 587181286970
    }
  ]
}
[16:58:52] Cleanup complete.
