unlimited
PROGRAM: cpu
Looking for /opt/programs/cpu/ebpf-collect.c
[16:57:32] Waiting for start indicator file: '/mnt/flux/start_ebpf_collection'.
[16:57:44] Start indicator found. Proceeding with monitoring.
[16:57:44] Initializing eBPF for CPU Scheduling monitoring...
[16:57:44] BPF C code compiled and loaded.
[16:57:44] Attached tracepoints.
[16:57:44] Monitoring CPU scheduling events (polling aggregated map)... Press Ctrl+C to stop.
[16:58:52] Stop indicator file '/mnt/flux/stop_ebpf_collection' found. Stopping.
[16:58:52] Initiating cleanup sequence...
{
  "final_aggregated_summary_river": [
    {
      "tgid": 113,
      "comm": "python3",
      "cgroup_id": 10370,
      "on_cpu_stats_ns": {
        "count": 316.0,
        "sum_ns": 8135020.6566393,
        "mean_ns": 25743.736255187658,
        "median_ns": 20858.48825759416,
        "min_ns": 5169.0,
        "max_ns": 227319.0,
        "variance_ns2": 495710062.9715443,
        "iqr_ns": 17117.781059531924,
        "q1_ns": 13737.191457836137,
        "q3_ns": 30854.97251736806
      },
      "runq_latency_stats_ns": {
        "count": 316.0,
        "sum_ns": 12973306.931677878,
        "mean_ns": 41054.76877113253,
        "median_ns": 6172.105223357083,
        "min_ns": 637.6875,
        "max_ns": 3069746.0,
        "variance_ns2": 74528736314.9303,
        "iqr_ns": 2202.754309718128,
        "q1_ns": 5199.110840073115,
        "q3_ns": 7401.865149791242
      },
      "first_seen_ts_ns": 1747587465099720811,
      "last_seen_ts_ns": 1747587532808591524,
      "duration_active_s": 67.708870713
    },
    {
      "tgid": 210,
      "comm": "lmp",
      "cgroup_id": 10449,
      "on_cpu_stats_ns": {
        "count": 53.0,
        "sum_ns": 2267282.4999999995,
        "mean_ns": 42778.915094339616,
        "median_ns": 29353.42537167915,
        "min_ns": 12016.0,
        "max_ns": 171312.0,
        "variance_ns2": 1224227693.5359213,
        "iqr_ns": 24930.73370776159,
        "q1_ns": 24996.844050258165,
        "q3_ns": 49927.577758019754
      },
      "runq_latency_stats_ns": {
        "count": 53.0,
        "sum_ns": 5420672.000000001,
        "mean_ns": 102276.83018867926,
        "median_ns": 6037.505730573797,
        "min_ns": 1622.0,
        "max_ns": 2998247.0,
        "variance_ns2": 239385304645.3361,
        "iqr_ns": 17563.601790613346,
        "q1_ns": 4818.439784060825,
        "q3_ns": 22382.04157467417
      },
      "first_seen_ts_ns": 1747587465305502479,
      "last_seen_ts_ns": 1747587511351688548,
      "duration_active_s": 46.046186069
    },
    {
      "tgid": 234,
      "comm": "lmp",
      "cgroup_id": 10449,
      "on_cpu_stats_ns": {
        "count": 51.0,
        "sum_ns": 2248331.4999999995,
        "mean_ns": 44084.93137254901,
        "median_ns": 40006.303159431,
        "min_ns": 11749.0,
        "max_ns": 137370.0,
        "variance_ns2": 682039388.7001963,
        "iqr_ns": 15664.68535505659,
        "q1_ns": 30122.58323655964,
        "q3_ns": 45787.26859161623
      },
      "runq_latency_stats_ns": {
        "count": 51.0,
        "sum_ns": 10339400.499999998,
        "mean_ns": 202733.34313725485,
        "median_ns": 5076.151109770669,
        "min_ns": 1493.0,
        "max_ns": 3997887.0,
        "variance_ns2": 634041108659.225,
        "iqr_ns": 13438.734990620109,
        "q1_ns": 5475.892679634147,
        "q3_ns": 18914.627670254256
      },
      "first_seen_ts_ns": 1747587465305502479,
      "last_seen_ts_ns": 1747587511351688548,
      "duration_active_s": 46.046186069
    },
    {
      "tgid": 336,
      "comm": "lmp",
      "cgroup_id": 10449,
      "on_cpu_stats_ns": {
        "count": 49.0,
        "sum_ns": 1862373.9999999998,
        "mean_ns": 38007.63265306122,
        "median_ns": 34607.676468398524,
        "min_ns": 17789.0,
        "max_ns": 86697.0,
        "variance_ns2": 291123982.15391153,
        "iqr_ns": 24636.60735504865,
        "q1_ns": 22403.294124944,
        "q3_ns": 47039.90147999265
      },
      "runq_latency_stats_ns": {
        "count": 49.0,
        "sum_ns": 243023.5000000001,
        "mean_ns": 4959.663265306124,
        "median_ns": 4707.918767640523,
        "min_ns": 1843.0,
        "max_ns": 9219.0,
        "variance_ns2": 2008084.368622449,
        "iqr_ns": 1671.1153842881158,
        "q1_ns": 4087.38340830972,
        "q3_ns": 5758.498792597836
      },
      "first_seen_ts_ns": 1747587475464699793,
      "last_seen_ts_ns": 1747587510326139639,
      "duration_active_s": 34.861439846
    },
    {
      "tgid": 276,
      "comm": "lmp",
      "cgroup_id": 10449,
      "on_cpu_stats_ns": {
        "count": 53.0,
        "sum_ns": 1822584.9999999998,
        "mean_ns": 34388.39622641509,
        "median_ns": 34588.662293226625,
        "min_ns": 6346.0,
        "max_ns": 73132.0,
        "variance_ns2": 218192035.62844703,
        "iqr_ns": 27182.019577230927,
        "q1_ns": 19315.829151095862,
        "q3_ns": 46497.84872832679
      },
      "runq_latency_stats_ns": {
        "count": 53.0,
        "sum_ns": 6408942.000000004,
        "mean_ns": 120923.43396226421,
        "median_ns": 5452.140994081461,
        "min_ns": 1619.0,
        "max_ns": 3996839.0,
        "variance_ns2": 369554845113.3656,
        "iqr_ns": 57908.866681614265,
        "q1_ns": 4645.817623669763,
        "q3_ns": 62554.68430528403
      },
      "first_seen_ts_ns": 1747587465412362652,
      "last_seen_ts_ns": 1747587510428951907,
      "duration_active_s": 45.016589255
    },
    {
      "tgid": 1,
      "comm": "pause",
      "cgroup_id": 10212,
      "on_cpu_stats_ns": {
        "count": 11.0,
        "sum_ns": 1787626.4285714286,
        "mean_ns": 162511.4935064935,
        "median_ns": 133206.30555555556,
        "min_ns": 71101.0,
        "max_ns": 581501.0,
        "variance_ns2": 20082627839.73618,
        "iqr_ns": 18409.601851851854,
        "q1_ns": 122469.0,
        "q3_ns": 140878.60185185185
      },
      "runq_latency_stats_ns": {
        "count": 11.0,
        "sum_ns": 3037495.3333333335,
        "mean_ns": 276135.9393939394,
        "median_ns": 6714.541666666667,
        "min_ns": 2271.0,
        "max_ns": 2897183.0,
        "variance_ns2": 756116569867.3738,
        "iqr_ns": 24487.083333333336,
        "q1_ns": 5050.916666666666,
        "q3_ns": 29538.0
      },
      "first_seen_ts_ns": 1747587465689551885,
      "last_seen_ts_ns": 1747587532808591524,
      "duration_active_s": 67.119039639
    },
    {
      "tgid": 186,
      "comm": "lmp",
      "cgroup_id": 10449,
      "on_cpu_stats_ns": {
        "count": 45.0,
        "sum_ns": 1677892.9999999998,
        "mean_ns": 37286.511111111104,
        "median_ns": 30664.204885959472,
        "min_ns": 15869.0,
        "max_ns": 74439.0,
        "variance_ns2": 233401082.0737374,
        "iqr_ns": 19984.02176207639,
        "q1_ns": 25857.436769413132,
        "q3_ns": 45841.45853148952
      },
      "runq_latency_stats_ns": {
        "count": 45.0,
        "sum_ns": 271966.99999999994,
        "mean_ns": 6043.71111111111,
        "median_ns": 5243.530002994946,
        "min_ns": 2321.0,
        "max_ns": 13579.0,
        "variance_ns2": 6087004.21010101,
        "iqr_ns": 2156.704517918025,
        "q1_ns": 4516.723265849294,
        "q3_ns": 6673.427783767319
      },
      "first_seen_ts_ns": 1747587475464699793,
      "last_seen_ts_ns": 1747587511351688548,
      "duration_active_s": 35.886988755
    },
    {
      "tgid": 346,
      "comm": "lmp",
      "cgroup_id": 10449,
      "on_cpu_stats_ns": {
        "count": 24.0,
        "sum_ns": 427791.3033707866,
        "mean_ns": 17824.63764044944,
        "median_ns": 18776.45865082337,
        "min_ns": 9092.0,
        "max_ns": 29648.0,
        "variance_ns2": 27908713.540552627,
        "iqr_ns": 6874.207134512082,
        "q1_ns": 13857.814473049872,
        "q3_ns": 20732.021607561954
      },
      "runq_latency_stats_ns": {
        "count": 24.0,
        "sum_ns": 141646.28089887637,
        "mean_ns": 5901.928370786516,
        "median_ns": 6546.800924780767,
        "min_ns": 1145.6629213483145,
        "max_ns": 7908.0,
        "variance_ns2": 3154134.29269265,
        "iqr_ns": 731.9922372793199,
        "q1_ns": 6170.079245045167,
        "q3_ns": 6902.071482324487
      },
      "first_seen_ts_ns": 1747587466335816675,
      "last_seen_ts_ns": 1747587510004983386,
      "duration_active_s": 43.669166711
    },
    {
      "tgid": 334,
      "comm": "lmp",
      "cgroup_id": 10449,
      "on_cpu_stats_ns": {
        "count": 24.0,
        "sum_ns": 421257.59550561797,
        "mean_ns": 17552.399812734082,
        "median_ns": 16043.493632958802,
        "min_ns": 7240.0,
        "max_ns": 32856.0,
        "variance_ns2": 36082918.67399172,
        "iqr_ns": 7115.613784100207,
        "q1_ns": 13512.841015180677,
        "q3_ns": 20628.454799280884
      },
      "runq_latency_stats_ns": {
        "count": 24.0,
        "sum_ns": 137685.4157303371,
        "mean_ns": 5736.892322097378,
        "median_ns": 6424.013290135675,
        "min_ns": 1047.1797752808989,
        "max_ns": 7541.0,
        "variance_ns2": 2962560.548151218,
        "iqr_ns": 1236.7090328179238,
        "q1_ns": 5569.4974418138045,
        "q3_ns": 6806.206474631728
      },
      "first_seen_ts_ns": 1747587466335816675,
      "last_seen_ts_ns": 1747587510004983386,
      "duration_active_s": 43.669166711
    },
    {
      "tgid": 274,
      "comm": "lmp",
      "cgroup_id": 10449,
      "on_cpu_stats_ns": {
        "count": 19.0,
        "sum_ns": 399715.66292134835,
        "mean_ns": 21037.66646954465,
        "median_ns": 20782.635838199436,
        "min_ns": 10294.0,
        "max_ns": 42060.0,
        "variance_ns2": 69716292.38576852,
        "iqr_ns": 9649.06465651573,
        "q1_ns": 14653.943928422803,
        "q3_ns": 24303.008584938532
      },
      "runq_latency_stats_ns": {
        "count": 19.0,
        "sum_ns": 97583.81460674158,
        "mean_ns": 5135.990242460083,
        "median_ns": 5044.798821710957,
        "min_ns": 1411.314606741573,
        "max_ns": 7982.0,
        "variance_ns2": 4811757.91816354,
        "iqr_ns": 3326.229105483225,
        "q1_ns": 3353.0,
        "q3_ns": 6679.229105483225
      },
      "first_seen_ts_ns": 1747587466002454751,
      "last_seen_ts_ns": 1747587510004983386,
      "duration_active_s": 44.002528635
    },
    {
      "tgid": 280,
      "comm": "lmp",
      "cgroup_id": 10449,
      "on_cpu_stats_ns": {
        "count": 18.0,
        "sum_ns": 350349.8686257563,
        "mean_ns": 19463.881590319794,
        "median_ns": 21520.935360613403,
        "min_ns": 10356.0,
        "max_ns": 31744.0,
        "variance_ns2": 35286359.26076418,
        "iqr_ns": 10026.915702282029,
        "q1_ns": 14179.252283052472,
        "q3_ns": 24206.1679853345
      },
      "runq_latency_stats_ns": {
        "count": 18.0,
        "sum_ns": 103774.97147796025,
        "mean_ns": 5765.276193220014,
        "median_ns": 5703.930839455488,
        "min_ns": 1428.7692307692307,
        "max_ns": 11640.0,
        "variance_ns2": 7344730.880841822,
        "iqr_ns": 3755.3883487961302,
        "q1_ns": 3279.7355811848947,
        "q3_ns": 7035.123929981025
      },
      "first_seen_ts_ns": 1747587466002454751,
      "last_seen_ts_ns": 1747587510004983386,
      "duration_active_s": 44.002528635
    },
    {
      "tgid": 316,
      "comm": "lmp",
      "cgroup_id": 10449,
      "on_cpu_stats_ns": {
        "count": 14.0,
        "sum_ns": 327069.31460674154,
        "mean_ns": 23362.093900481537,
        "median_ns": 22903.251560549314,
        "min_ns": 6200.0,
        "max_ns": 33570.0,
        "variance_ns2": 65845933.435456045,
        "iqr_ns": 11242.92816964905,
        "q1_ns": 16487.991011235954,
        "q3_ns": 27730.919180885005
      },
      "runq_latency_stats_ns": {
        "count": 14.0,
        "sum_ns": 100075.98876404495,
        "mean_ns": 7148.2849117174965,
        "median_ns": 7318.305555555555,
        "min_ns": 1305.9887640449438,
        "max_ns": 17712.0,
        "variance_ns2": 13447807.241890732,
        "iqr_ns": 1730.5368308215911,
        "q1_ns": 7380.773809523809,
        "q3_ns": 9111.3106403454
      },
      "first_seen_ts_ns": 1747587466002454751,
      "last_seen_ts_ns": 1747587510004983386,
      "duration_active_s": 44.002528635
    },
    {
      "tgid": 286,
      "comm": "lmp",
      "cgroup_id": 10449,
      "on_cpu_stats_ns": {
        "count": 15.0,
        "sum_ns": 303900.42696629214,
        "mean_ns": 20260.028464419476,
        "median_ns": 20779.60958495758,
        "min_ns": 10879.0,
        "max_ns": 25100.0,
        "variance_ns2": 16139763.358862815,
        "iqr_ns": 1570.131214701858,
        "q1_ns": 21763.94584357186,
        "q3_ns": 23334.077058273717
      },
      "runq_latency_stats_ns": {
        "count": 15.0,
        "sum_ns": 142021.13483146066,
        "mean_ns": 9468.07565543071,
        "median_ns": 8242.247105602122,
        "min_ns": 1072.1348314606741,
        "max_ns": 42220.0,
        "variance_ns2": 93400961.34588826,
        "iqr_ns": 5165.382646535672,
        "q1_ns": 4850.752380952381,
        "q3_ns": 10016.135027488053
      },
      "first_seen_ts_ns": 1747587466002454751,
      "last_seen_ts_ns": 1747587510004983386,
      "duration_active_s": 44.002528635
    },
    {
      "tgid": 328,
      "comm": "lmp",
      "cgroup_id": 10449,
      "on_cpu_stats_ns": {
        "count": 14.0,
        "sum_ns": 285757.202247191,
        "mean_ns": 20411.228731942214,
        "median_ns": 21044.34651685393,
        "min_ns": 11344.0,
        "max_ns": 30406.0,
        "variance_ns2": 23214326.20868786,
        "iqr_ns": 5134.664807879042,
        "q1_ns": 17713.9047752809,
        "q3_ns": 22848.56958315994
      },
      "runq_latency_stats_ns": {
        "count": 14.0,
        "sum_ns": 88116.20224719102,
        "mean_ns": 6294.0144462279295,
        "median_ns": 6970.444444444444,
        "min_ns": 1188.2022471910113,
        "max_ns": 8545.0,
        "variance_ns2": 3657052.9761282783,
        "iqr_ns": 1831.8362399183552,
        "q1_ns": 5445.952655906308,
        "q3_ns": 7277.788895824663
      },
      "first_seen_ts_ns": 1747587466002454751,
      "last_seen_ts_ns": 1747587510004983386,
      "duration_active_s": 44.002528635
    },
    {
      "tgid": 83,
      "comm": "resource",
      "cgroup_id": 10449,
      "on_cpu_stats_ns": {
        "count": 17.0,
        "sum_ns": 282136.52808988764,
        "mean_ns": 16596.266358228684,
        "median_ns": 12640.48965328466,
        "min_ns": 8843.0,
        "max_ns": 37935.0,
        "variance_ns2": 64608348.79879064,
        "iqr_ns": 10541.360140679564,
        "q1_ns": 10413.944721378797,
        "q3_ns": 20955.30486205836
      },
      "runq_latency_stats_ns": {
        "count": 17.0,
        "sum_ns": 139339.5168539326,
        "mean_ns": 8196.44216787839,
        "median_ns": 5617.518884965222,
        "min_ns": 1230.5168539325844,
        "max_ns": 40659.0,
        "variance_ns2": 73225675.82090236,
        "iqr_ns": 2233.53757859496,
        "q1_ns": 5114.596707818931,
        "q3_ns": 7348.134286413891
      },
      "first_seen_ts_ns": 1747587466002454751,
      "last_seen_ts_ns": 1747587530074711621,
      "duration_active_s": 64.07225687
    },
    {
      "tgid": 298,
      "comm": "lmp",
      "cgroup_id": 10449,
      "on_cpu_stats_ns": {
        "count": 15.0,
        "sum_ns": 281430.8764044944,
        "mean_ns": 18762.058426966294,
        "median_ns": 18762.430927579364,
        "min_ns": 11058.0,
        "max_ns": 28202.0,
        "variance_ns2": 26564727.945266653,
        "iqr_ns": 7115.139583814978,
        "q1_ns": 15431.0375,
        "q3_ns": 22546.17708381498
      },
      "runq_latency_stats_ns": {
        "count": 15.0,
        "sum_ns": 127951.34831460674,
        "mean_ns": 8530.08988764045,
        "median_ns": 7018.102373308873,
        "min_ns": 992.3483146067416,
        "max_ns": 31710.0,
        "variance_ns2": 54437886.27207965,
        "iqr_ns": 2955.6227762172275,
        "q1_ns": 5074.714185393259,
        "q3_ns": 8030.3369616104865
      },
      "first_seen_ts_ns": 1747587466002454751,
      "last_seen_ts_ns": 1747587510004983386,
      "duration_active_s": 44.002528635
    },
    {
      "tgid": 310,
      "comm": "lmp",
      "cgroup_id": 10449,
      "on_cpu_stats_ns": {
        "count": 14.0,
        "sum_ns": 277904.74157303374,
        "mean_ns": 19850.338683788123,
        "median_ns": 20815.455305867665,
        "min_ns": 11721.0,
        "max_ns": 25816.0,
        "variance_ns2": 17322372.689731427,
        "iqr_ns": 4150.507937994174,
        "q1_ns": 18636.072586350394,
        "q3_ns": 22786.58052434457
      },
      "runq_latency_stats_ns": {
        "count": 14.0,
        "sum_ns": 130667.02247191011,
        "mean_ns": 9333.35874799358,
        "median_ns": 6001.650026752275,
        "min_ns": 1148.0224719101125,
        "max_ns": 55426.0,
        "variance_ns2": 180701752.7179642,
        "iqr_ns": 5526.62855881046,
        "q1_ns": 3943.301587301588,
        "q3_ns": 9469.930146112049
      },
      "first_seen_ts_ns": 1747587466002454751,
      "last_seen_ts_ns": 1747587510004983386,
      "duration_active_s": 44.002528635
    },
    {
      "tgid": 28,
      "comm": "bash",
      "cgroup_id": 10370,
      "on_cpu_stats_ns": {
        "count": 18.0,
        "sum_ns": 277340.0786516854,
        "mean_ns": 15407.782147315855,
        "median_ns": 12712.212129688252,
        "min_ns": 7125.0,
        "max_ns": 26041.0,
        "variance_ns2": 46282166.72605417,
        "iqr_ns": 11843.332339622684,
        "q1_ns": 9396.168431243354,
        "q3_ns": 21239.500770866038
      },
      "runq_latency_stats_ns": {
        "count": 18.0,
        "sum_ns": 120992.53932584272,
        "mean_ns": 6721.807740324595,
        "median_ns": 6541.61018345124,
        "min_ns": 1158.5393258426966,
        "max_ns": 11480.0,
        "variance_ns2": 5153043.7651498085,
        "iqr_ns": 2377.353431474545,
        "q1_ns": 5650.740740740741,
        "q3_ns": 8028.094172215286
      },
      "first_seen_ts_ns": 1747587466002454751,
      "last_seen_ts_ns": 1747587529972271017,
      "duration_active_s": 63.969816266
    },
    {
      "tgid": 179,
      "comm": "lmp",
      "cgroup_id": 10449,
      "on_cpu_stats_ns": {
        "count": 14.0,
        "sum_ns": 276548.01123595505,
        "mean_ns": 19753.42937399679,
        "median_ns": 18787.272992093218,
        "min_ns": 9523.0,
        "max_ns": 29171.0,
        "variance_ns2": 39210874.33042018,
        "iqr_ns": 6684.127039973631,
        "q1_ns": 17378.63889138577,
        "q3_ns": 24062.7659313594
      },
      "runq_latency_stats_ns": {
        "count": 14.0,
        "sum_ns": 131779.6966292135,
        "mean_ns": 9412.83547351525,
        "median_ns": 7371.202996254681,
        "min_ns": 1234.6966292134832,
        "max_ns": 40810.0,
        "variance_ns2": 85999959.20351174,
        "iqr_ns": 3515.533196929762,
        "q1_ns": 7096.205555555556,
        "q3_ns": 10611.738752485318
      },
      "first_seen_ts_ns": 1747587466002454751,
      "last_seen_ts_ns": 1747587510004983386,
      "duration_active_s": 44.002528635
    },
    {
      "tgid": 322,
      "comm": "lmp",
      "cgroup_id": 10449,
      "on_cpu_stats_ns": {
        "count": 13.0,
        "sum_ns": 271794.9438202247,
        "mean_ns": 20907.303370786518,
        "median_ns": 21336.191760689766,
        "min_ns": 6828.0,
        "max_ns": 30390.0,
        "variance_ns2": 36347195.53164583,
        "iqr_ns": 4418.632876761192,
        "q1_ns": 19254.313682896376,
        "q3_ns": 23672.94655965757
      },
      "runq_latency_stats_ns": {
        "count": 13.0,
        "sum_ns": 79445.58426966291,
        "mean_ns": 6111.198789974071,
        "median_ns": 6370.884577546297,
        "min_ns": 1110.5842696629213,
        "max_ns": 7846.0,
        "variance_ns2": 2613730.4968729666,
        "iqr_ns": 586.2581538923168,
        "q1_ns": 6131.662,
        "q3_ns": 6717.920153892317
      },
      "first_seen_ts_ns": 1747587466002454751,
      "last_seen_ts_ns": 1747587510004983386,
      "duration_active_s": 44.002528635
    },
    {
      "tgid": 178,
      "comm": "flux-shell",
      "cgroup_id": 10449,
      "on_cpu_stats_ns": {
        "count": 13.0,
        "sum_ns": 266515.2696629213,
        "mean_ns": 20501.174589455484,
        "median_ns": 22844.52633101852,
        "min_ns": 6995.0,
        "max_ns": 34270.0,
        "variance_ns2": 61164258.918731116,
        "iqr_ns": 6296.681497086971,
        "q1_ns": 19462.35469551949,
        "q3_ns": 25759.03619260646
      },
      "runq_latency_stats_ns": {
        "count": 13.0,
        "sum_ns": 139370.05617977525,
        "mean_ns": 10720.773552290404,
        "median_ns": 7184.763389513108,
        "min_ns": 1324.056179775281,
        "max_ns": 61854.0,
        "variance_ns2": 239513279.04115316,
        "iqr_ns": 5099.257537081624,
        "q1_ns": 6353.188988095238,
        "q3_ns": 11452.446525176862
      },
      "first_seen_ts_ns": 1747587466002454751,
      "last_seen_ts_ns": 1747587510004983386,
      "duration_active_s": 44.002528635
    },
    {
      "tgid": 304,
      "comm": "lmp",
      "cgroup_id": 10449,
      "on_cpu_stats_ns": {
        "count": 14.0,
        "sum_ns": 262664.393258427,
        "mean_ns": 18761.742375601927,
        "median_ns": 18159.294166666667,
        "min_ns": 11312.0,
        "max_ns": 23789.0,
        "variance_ns2": 16491135.981907187,
        "iqr_ns": 6537.188040123456,
        "q1_ns": 14662.029320987655,
        "q3_ns": 21199.21736111111
      },
      "runq_latency_stats_ns": {
        "count": 14.0,
        "sum_ns": 87003.17977528092,
        "mean_ns": 6214.512841091494,
        "median_ns": 7353.613217852684,
        "min_ns": 1074.1797752808989,
        "max_ns": 9985.0,
        "variance_ns2": 6372982.40464213,
        "iqr_ns": 1822.8927278247875,
        "q1_ns": 6022.379333333333,
        "q3_ns": 7845.272061158121
      },
      "first_seen_ts_ns": 1747587466002454751,
      "last_seen_ts_ns": 1747587510004983386,
      "duration_active_s": 44.002528635
    },
    {
      "tgid": 190,
      "comm": "lmp",
      "cgroup_id": 10449,
      "on_cpu_stats_ns": {
        "count": 14.0,
        "sum_ns": 259371.2247191011,
        "mean_ns": 18526.516051364364,
        "median_ns": 20188.609120435394,
        "min_ns": 8485.0,
        "max_ns": 24956.0,
        "variance_ns2": 31976280.779320113,
        "iqr_ns": 9963.27521663549,
        "q1_ns": 13061.466464142044,
        "q3_ns": 23024.741680777533
      },
      "runq_latency_stats_ns": {
        "count": 14.0,
        "sum_ns": 106121.38202247192,
        "mean_ns": 7580.098715890852,
        "median_ns": 5626.943385394108,
        "min_ns": 1186.3820224719102,
        "max_ns": 31517.0,
        "variance_ns2": 51824696.131241746,
        "iqr_ns": 1364.9559587995245,
        "q1_ns": 5141.16049382716,
        "q3_ns": 6506.116452626685
      },
      "first_seen_ts_ns": 1747587466002454751,
      "last_seen_ts_ns": 1747587510004983386,
      "duration_active_s": 44.002528635
    },
    {
      "tgid": 202,
      "comm": "lmp",
      "cgroup_id": 10449,
      "on_cpu_stats_ns": {
        "count": 12.0,
        "sum_ns": 254492.93258426967,
        "mean_ns": 21207.744382022473,
        "median_ns": 22006.489076154805,
        "min_ns": 7582.0,
        "max_ns": 32896.0,
        "variance_ns2": 39347059.24986801,
        "iqr_ns": 6980.093430665369,
        "q1_ns": 17989.310861423222,
        "q3_ns": 24969.40429208859
      },
      "runq_latency_stats_ns": {
        "count": 12.0,
        "sum_ns": 117628.29213483147,
        "mean_ns": 9802.357677902623,
        "median_ns": 5985.4176029962555,
        "min_ns": 1134.2921348314608,
        "max_ns": 45534.0,
        "variance_ns2": 132235344.91824566,
        "iqr_ns": 5798.032459425718,
        "q1_ns": 5203.0,
        "q3_ns": 11001.032459425718
      },
      "first_seen_ts_ns": 1747587466002454751,
      "last_seen_ts_ns": 1747587510004983386,
      "duration_active_s": 44.002528635
    },
    {
      "tgid": 83,
      "comm": "heartbeat",
      "cgroup_id": 10449,
      "on_cpu_stats_ns": {
        "count": 19.0,
        "sum_ns": 250824.00561797753,
        "mean_ns": 13201.263453577765,
        "median_ns": 12225.991563753858,
        "min_ns": 5409.0,
        "max_ns": 27364.0,
        "variance_ns2": 42195814.25258067,
        "iqr_ns": 8820.578801671378,
        "q1_ns": 9271.94434073566,
        "q3_ns": 18092.523142407037
      },
      "runq_latency_stats_ns": {
        "count": 19.0,
        "sum_ns": 110145.82584269662,
        "mean_ns": 5797.14872856298,
        "median_ns": 6863.215868914099,
        "min_ns": 1250.3258426966293,
        "max_ns": 12704.0,
        "variance_ns2": 6586958.040133711,
        "iqr_ns": 3209.4465916135014,
        "q1_ns": 4325.92896767929,
        "q3_ns": 7535.375559292791
      },
      "first_seen_ts_ns": 1747587466002454751,
      "last_seen_ts_ns": 1747587530074711621,
      "duration_active_s": 64.07225687
    },
    {
      "tgid": 214,
      "comm": "lmp",
      "cgroup_id": 10449,
      "on_cpu_stats_ns": {
        "count": 12.0,
        "sum_ns": 248097.37078651687,
        "mean_ns": 20674.780898876405,
        "median_ns": 20913.998786239423,
        "min_ns": 6656.0,
        "max_ns": 29446.0,
        "variance_ns2": 38148889.73643135,
        "iqr_ns": 6945.783940663161,
        "q1_ns": 16784.370786516854,
        "q3_ns": 23730.154727180015
      },
      "runq_latency_stats_ns": {
        "count": 12.0,
        "sum_ns": 116713.33707865168,
        "mean_ns": 9726.111423220973,
        "median_ns": 7523.333957553059,
        "min_ns": 1257.3370786516855,
        "max_ns": 48870.0,
        "variance_ns2": 155867707.9569489,
        "iqr_ns": 6047.704119850187,
        "q1_ns": 5046.333333333333,
        "q3_ns": 11094.03745318352
      },
      "first_seen_ts_ns": 1747587466002454751,
      "last_seen_ts_ns": 1747587510004983386,
      "duration_active_s": 44.002528635
    },
    {
      "tgid": 238,
      "comm": "lmp",
      "cgroup_id": 10449,
      "on_cpu_stats_ns": {
        "count": 12.0,
        "sum_ns": 245853.14606741574,
        "mean_ns": 20487.762172284645,
        "median_ns": 22891.56429463171,
        "min_ns": 7245.0,
        "max_ns": 29373.0,
        "variance_ns2": 42318642.135332614,
        "iqr_ns": 7241.089151581353,
        "q1_ns": 16550.0,
        "q3_ns": 23791.089151581353
      },
      "runq_latency_stats_ns": {
        "count": 12.0,
        "sum_ns": 118849.43820224717,
        "mean_ns": 9904.119850187264,
        "median_ns": 6911.299375780275,
        "min_ns": 1380.438202247191,
        "max_ns": 48634.0,
        "variance_ns2": 152358410.41343114,
        "iqr_ns": 8162.279702455264,
        "q1_ns": 6108.0,
        "q3_ns": 14270.279702455264
      },
      "first_seen_ts_ns": 1747587466002454751,
      "last_seen_ts_ns": 1747587510004983386,
      "duration_active_s": 44.002528635
    },
    {
      "tgid": 196,
      "comm": "lmp",
      "cgroup_id": 10449,
      "on_cpu_stats_ns": {
        "count": 12.0,
        "sum_ns": 239468.3258426966,
        "mean_ns": 19955.693820224715,
        "median_ns": 20647.70240324594,
        "min_ns": 11804.0,
        "max_ns": 26697.0,
        "variance_ns2": 15889719.819538975,
        "iqr_ns": 5468.740262172287,
        "q1_ns": 17039.325842696628,
        "q3_ns": 22508.066104868914
      },
      "runq_latency_stats_ns": {
        "count": 12.0,
        "sum_ns": 80467.06741573033,
        "mean_ns": 6705.5889513108605,
        "median_ns": 6595.625,
        "min_ns": 1384.0674157303372,
        "max_ns": 10034.0,
        "variance_ns2": 3761233.945816262,
        "iqr_ns": 897.399091220851,
        "q1_ns": 6469.0,
        "q3_ns": 7366.399091220851
      },
      "first_seen_ts_ns": 1747587466002454751,
      "last_seen_ts_ns": 1747587510004983386,
      "duration_active_s": 44.002528635
    },
    {
      "tgid": 292,
      "comm": "lmp",
      "cgroup_id": 10449,
      "on_cpu_stats_ns": {
        "count": 14.0,
        "sum_ns": 237362.0,
        "mean_ns": 16954.428571428572,
        "median_ns": 18935.990885416668,
        "min_ns": 6820.0,
        "max_ns": 23524.0,
        "variance_ns2": 23087117.8021978,
        "iqr_ns": 2849.576738040123,
        "q1_ns": 17627.521111111113,
        "q3_ns": 20477.097849151236
      },
      "runq_latency_stats_ns": {
        "count": 14.0,
        "sum_ns": 117306.76404494383,
        "mean_ns": 8379.054574638845,
        "median_ns": 5935.908426966293,
        "min_ns": 1038.7640449438202,
        "max_ns": 40481.0,
        "variance_ns2": 89676491.29493864,
        "iqr_ns": 1841.867068044813,
        "q1_ns": 6343.571428571428,
        "q3_ns": 8185.4384966162415
      },
      "first_seen_ts_ns": 1747587466002454751,
      "last_seen_ts_ns": 1747587510004983386,
      "duration_active_s": 44.002528635
    },
    {
      "tgid": 256,
      "comm": "lmp",
      "cgroup_id": 10449,
      "on_cpu_stats_ns": {
        "count": 12.0,
        "sum_ns": 236289.8764044944,
        "mean_ns": 19690.823033707868,
        "median_ns": 21588.012311000137,
        "min_ns": 6958.0,
        "max_ns": 26597.0,
        "variance_ns2": 38756996.38601933,
        "iqr_ns": 10091.14764031733,
        "q1_ns": 14885.0,
        "q3_ns": 24976.14764031733
      },
      "runq_latency_stats_ns": {
        "count": 12.0,
        "sum_ns": 127151.95505617978,
        "mean_ns": 10595.996254681648,
        "median_ns": 7455.067901234568,
        "min_ns": 1335.9550561797753,
        "max_ns": 55504.0,
        "variance_ns2": 203559886.03285474,
        "iqr_ns": 8283.559691011236,
        "q1_ns": 6244.0,
        "q3_ns": 14527.559691011236
      },
      "first_seen_ts_ns": 1747587466002454751,
      "last_seen_ts_ns": 1747587510004983386,
      "duration_active_s": 44.002528635
    },
    {
      "tgid": 226,
      "comm": "lmp",
      "cgroup_id": 10449,
      "on_cpu_stats_ns": {
        "count": 12.0,
        "sum_ns": 234431.30337078648,
        "mean_ns": 19535.94194756554,
        "median_ns": 19827.74646275489,
        "min_ns": 11985.0,
        "max_ns": 30632.0,
        "variance_ns2": 26783770.212044705,
        "iqr_ns": 7297.562774458516,
        "q1_ns": 14475.303370786516,
        "q3_ns": 21772.866145245032
      },
      "runq_latency_stats_ns": {
        "count": 12.0,
        "sum_ns": 83554.202247191,
        "mean_ns": 6962.850187265917,
        "median_ns": 6756.498244382023,
        "min_ns": 1243.2022471910113,
        "max_ns": 15382.0,
        "variance_ns2": 10364879.278519318,
        "iqr_ns": 2090.80024968789,
        "q1_ns": 5728.0,
        "q3_ns": 7818.80024968789
      },
      "first_seen_ts_ns": 1747587466002454751,
      "last_seen_ts_ns": 1747587510004983386,
      "duration_active_s": 44.002528635
    },
    {
      "tgid": 262,
      "comm": "lmp",
      "cgroup_id": 10449,
      "on_cpu_stats_ns": {
        "count": 12.0,
        "sum_ns": 233618.83146067412,
        "mean_ns": 19468.235955056178,
        "median_ns": 20296.786828963795,
        "min_ns": 10606.831460674157,
        "max_ns": 27326.0,
        "variance_ns2": 27932673.74674916,
        "iqr_ns": 6402.863963448468,
        "q1_ns": 16994.0,
        "q3_ns": 23396.863963448468
      },
      "runq_latency_stats_ns": {
        "count": 12.0,
        "sum_ns": 84705.9213483146,
        "mean_ns": 7058.826779026217,
        "median_ns": 6901.088541666666,
        "min_ns": 1412.9213483146068,
        "max_ns": 15871.0,
        "variance_ns2": 10343427.07099559,
        "iqr_ns": 2535.9629629629617,
        "q1_ns": 6375.0,
        "q3_ns": 8910.962962962962
      },
      "first_seen_ts_ns": 1747587466002454751,
      "last_seen_ts_ns": 1747587510004983386,
      "duration_active_s": 44.002528635
    },
    {
      "tgid": 232,
      "comm": "lmp",
      "cgroup_id": 10449,
      "on_cpu_stats_ns": {
        "count": 12.0,
        "sum_ns": 232959.8988764045,
        "mean_ns": 19413.32490636704,
        "median_ns": 21210.978106793587,
        "min_ns": 11521.0,
        "max_ns": 30925.0,
        "variance_ns2": 31754543.738679882,
        "iqr_ns": 7279.650658733459,
        "q1_ns": 14525.898876404495,
        "q3_ns": 21805.549535137954
      },
      "runq_latency_stats_ns": {
        "count": 12.0,
        "sum_ns": 78157.8988764045,
        "mean_ns": 6513.158239700375,
        "median_ns": 6597.11111111111,
        "min_ns": 1382.8988764044943,
        "max_ns": 9372.0,
        "variance_ns2": 3994445.3852580218,
        "iqr_ns": 1836.0173611111113,
        "q1_ns": 5248.0,
        "q3_ns": 7084.017361111111
      },
      "first_seen_ts_ns": 1747587466002454751,
      "last_seen_ts_ns": 1747587510004983386,
      "duration_active_s": 44.002528635
    },
    {
      "tgid": 208,
      "comm": "lmp",
      "cgroup_id": 10449,
      "on_cpu_stats_ns": {
        "count": 12.0,
        "sum_ns": 230912.76404494385,
        "mean_ns": 19242.730337078654,
        "median_ns": 19978.32696629213,
        "min_ns": 11154.0,
        "max_ns": 26374.0,
        "variance_ns2": 22045308.29039033,
        "iqr_ns": 8155.256176431247,
        "q1_ns": 14103.097378277153,
        "q3_ns": 22258.3535547084
      },
      "runq_latency_stats_ns": {
        "count": 12.0,
        "sum_ns": 73833.86516853933,
        "mean_ns": 6152.822097378277,
        "median_ns": 6163.510416666666,
        "min_ns": 1342.8651685393259,
        "max_ns": 8872.0,
        "variance_ns2": 4302190.065185372,
        "iqr_ns": 2517.863139750907,
        "q1_ns": 4751.0,
        "q3_ns": 7268.863139750907
      },
      "first_seen_ts_ns": 1747587466002454751,
      "last_seen_ts_ns": 1747587510004983386,
      "duration_active_s": 44.002528635
    },
    {
      "tgid": 244,
      "comm": "lmp",
      "cgroup_id": 10449,
      "on_cpu_stats_ns": {
        "count": 12.0,
        "sum_ns": 225859.25842696632,
        "mean_ns": 18821.60486891386,
        "median_ns": 18543.620786516854,
        "min_ns": 7105.0,
        "max_ns": 28705.0,
        "variance_ns2": 40414474.94606588,
        "iqr_ns": 9141.083867387986,
        "q1_ns": 13034.086142322098,
        "q3_ns": 22175.170009710084
      },
      "runq_latency_stats_ns": {
        "count": 12.0,
        "sum_ns": 130035.49438202244,
        "mean_ns": 10836.29119850187,
        "median_ns": 6380.21875,
        "min_ns": 1446.4943820224719,
        "max_ns": 61832.0,
        "variance_ns2": 260981262.88477027,
        "iqr_ns": 7054.888888888887,
        "q1_ns": 6050.0,
        "q3_ns": 13104.888888888887
      },
      "first_seen_ts_ns": 1747587466002454751,
      "last_seen_ts_ns": 1747587510004983386,
      "duration_active_s": 44.002528635
    },
    {
      "tgid": 220,
      "comm": "lmp",
      "cgroup_id": 10449,
      "on_cpu_stats_ns": {
        "count": 12.0,
        "sum_ns": 224298.62921348313,
        "mean_ns": 18691.552434456928,
        "median_ns": 18158.833499791926,
        "min_ns": 7297.0,
        "max_ns": 28049.0,
        "variance_ns2": 41630401.15556652,
        "iqr_ns": 10115.337647770531,
        "q1_ns": 12621.0,
        "q3_ns": 22736.33764777053
      },
      "runq_latency_stats_ns": {
        "count": 12.0,
        "sum_ns": 89603.11235955058,
        "mean_ns": 7466.926029962548,
        "median_ns": 7068.020176602164,
        "min_ns": 1248.112359550562,
        "max_ns": 23566.0,
        "variance_ns2": 29050739.765352357,
        "iqr_ns": 4068.7118835830224,
        "q1_ns": 5971.0,
        "q3_ns": 10039.711883583022
      },
      "first_seen_ts_ns": 1747587466002454751,
      "last_seen_ts_ns": 1747587510004983386,
      "duration_active_s": 44.002528635
    },
    {
      "tgid": 268,
      "comm": "lmp",
      "cgroup_id": 10449,
      "on_cpu_stats_ns": {
        "count": 13.0,
        "sum_ns": 219836.0337078651,
        "mean_ns": 16910.46413137424,
        "median_ns": 17559.64794007491,
        "min_ns": 6812.0,
        "max_ns": 22358.0,
        "variance_ns2": 17931883.085077323,
        "iqr_ns": 4970.341069496462,
        "q1_ns": 14396.0,
        "q3_ns": 19366.341069496462
      },
      "runq_latency_stats_ns": {
        "count": 13.0,
        "sum_ns": 92087.1797752809,
        "mean_ns": 7083.6292134831465,
        "median_ns": 6943.0,
        "min_ns": 1432.1797752808989,
        "max_ns": 16588.0,
        "variance_ns2": 11059918.922105795,
        "iqr_ns": 1780.9559300873907,
        "q1_ns": 6051.5,
        "q3_ns": 7832.455930087391
      },
      "first_seen_ts_ns": 1747587466002454751,
      "last_seen_ts_ns": 1747587510004983386,
      "duration_active_s": 44.002528635
    },
    {
      "tgid": 250,
      "comm": "lmp",
      "cgroup_id": 10449,
      "on_cpu_stats_ns": {
        "count": 12.0,
        "sum_ns": 216045.52808988764,
        "mean_ns": 18003.794007490636,
        "median_ns": 19731.212410268417,
        "min_ns": 9875.52808988764,
        "max_ns": 24515.0,
        "variance_ns2": 18031714.28039007,
        "iqr_ns": 4876.673227909556,
        "q1_ns": 15798.0,
        "q3_ns": 20674.673227909556
      },
      "runq_latency_stats_ns": {
        "count": 12.0,
        "sum_ns": 74356.79775280901,
        "mean_ns": 6196.399812734084,
        "median_ns": 6447.21875,
        "min_ns": 1387.7977528089887,
        "max_ns": 8805.0,
        "variance_ns2": 3784210.357426363,
        "iqr_ns": 2406.3309910417047,
        "q1_ns": 4582.0,
        "q3_ns": 6988.330991041705
      },
      "first_seen_ts_ns": 1747587466002454751,
      "last_seen_ts_ns": 1747587510004983386,
      "duration_active_s": 44.002528635
    },
    {
      "tgid": 83,
      "comm": "flux-broker-3",
      "cgroup_id": 10449,
      "on_cpu_stats_ns": {
        "count": 5.0,
        "sum_ns": 215764.0,
        "mean_ns": 43152.8,
        "median_ns": 25572.0,
        "min_ns": 7719.0,
        "max_ns": 144290.0,
        "variance_ns2": 3259507053.7,
        "iqr_ns": 13173.0,
        "q1_ns": 12505.0,
        "q3_ns": 25678.0
      },
      "runq_latency_stats_ns": {
        "count": 5.0,
        "sum_ns": 62407.00000000001,
        "mean_ns": 12481.400000000001,
        "median_ns": 5100.0,
        "min_ns": 2144.0,
        "max_ns": 44195.0,
        "variance_ns2": 318014448.3,
        "iqr_ns": 3750.0,
        "q1_ns": 3609.0,
        "q3_ns": 7359.0
      },
      "first_seen_ts_ns": 1747587470047415333,
      "last_seen_ts_ns": 1747587515920701551,
      "duration_active_s": 45.873286218
    },
    {
      "tgid": 341,
      "comm": "lmp",
      "cgroup_id": 10449,
      "on_cpu_stats_ns": {
        "count": 3.0,
        "sum_ns": 56857.0,
        "mean_ns": 18952.333333333332,
        "median_ns": 16408.0,
        "min_ns": 15049.0,
        "max_ns": 25400.0,
        "variance_ns2": 31641024.33333334,
        "iqr_ns": 10351.0,
        "q1_ns": 15049.0,
        "q3_ns": 25400.0
      },
      "runq_latency_stats_ns": {
        "count": 3.0,
        "sum_ns": 6659.0,
        "mean_ns": 2219.6666666666665,
        "median_ns": 1697.0,
        "min_ns": 1468.0,
        "max_ns": 3494.0,
        "variance_ns2": 1231054.3333333335,
        "iqr_ns": 2026.0,
        "q1_ns": 1468.0,
        "q3_ns": 3494.0
      },
      "first_seen_ts_ns": 1747587467568238416,
      "last_seen_ts_ns": 1747587470474441638,
      "duration_active_s": 2.906203222
    }
  ]
}
[16:58:52] Cleanup complete. Exiting.
