unlimited
PROGRAM: futex
Looking for /opt/programs/futex/ebpf-collect.c
[16:55:38] Starting eBPF (Tracepoints for futex syscalls).
[16:55:38] BPF program loaded and tracepoints automatically attached.
[16:55:38] Start Indicator file defined '/mnt/flux/start_ebpf_collection'. Waiting.
[16:55:46] Start indicator found. Proceeding.
[16:55:46] Ring buffers opened. Polling for events...
[16:56:42] 
Indicator file '/mnt/flux/stop_ebpf_collection' found. Stopping.
[16:56:42] Cleaning up BPF resources...
{
  "final_aggregated_futex_summary_river": [
    {
      "tgid": 3861,
      "comm": "kubelet",
      "cgroup_id": 6640,
      "wait_duration_stats_ns": {
        "count": 5261.0,
        "sum": 1949566609053.9998,
        "mean": 370569589.2518532,
        "median": 19795485.61451331,
        "min": 487,
        "max": 56000367313,
        "variance_ns2": 1.6564521779326128e+19,
        "iqr_ns": 43626405.5162628,
        "q1_ns": 2378231.1769313565,
        "q3_ns": 46004636.69319416
      },
      "futex_op_counts": {
        "128": 5261
      },
      "first_seen_ts_ns": 414515081432,
      "last_seen_ts_ns": 478518554781
    },
    {
      "tgid": 6867,
      "comm": "fluent-bit-gke-",
      "cgroup_id": 7979,
      "wait_duration_stats_ns": {
        "count": 234.0,
        "sum": 408026329349.9999,
        "mean": 1743702262.1794868,
        "median": 448016297.59639657,
        "min": 540,
        "max": 50773290455,
        "variance_ns2": 2.7445016216976785e+19,
        "iqr_ns": 1343558360.5451517,
        "q1_ns": 4706210.074749794,
        "q3_ns": 1348264570.6199014
      },
      "futex_op_counts": {
        "128": 234
      },
      "first_seen_ts_ns": 415000559157,
      "last_seen_ts_ns": 477273564431
    },
    {
      "tgid": 3674,
      "comm": "containerd",
      "cgroup_id": 6520,
      "wait_duration_stats_ns": {
        "count": 2289.0,
        "sum": 403774625820.9995,
        "mean": 176397826.92048907,
        "median": 470096.02205029235,
        "min": 1656,
        "max": 32094973123,
        "variance_ns2": 1.1507821691046065e+18,
        "iqr_ns": 127294494.96049747,
        "q1_ns": 116129.06139802234,
        "q3_ns": 127410624.0218955
      },
      "futex_op_counts": {
        "128": 2289
      },
      "first_seen_ts_ns": 414695195761,
      "last_seen_ts_ns": 478520270660
    },
    {
      "tgid": 7914,
      "comm": "containerd-shim",
      "cgroup_id": 6520,
      "wait_duration_stats_ns": {
        "count": 511.0,
        "sum": 402145628921.0005,
        "mean": 786977747.3992182,
        "median": 657205.0637142372,
        "min": 690,
        "max": 16298316008,
        "variance_ns2": 5.256662049858376e+18,
        "iqr_ns": 19754416.93388075,
        "q1_ns": 58398.2417200089,
        "q3_ns": 19812815.17560076
      },
      "futex_op_counts": {
        "128": 511
      },
      "first_seen_ts_ns": 415898497364,
      "last_seen_ts_ns": 476940035775
    },
    {
      "tgid": 7730,
      "comm": "prometheus",
      "cgroup_id": 8532,
      "wait_duration_stats_ns": {
        "count": 2822.0,
        "sum": 267840271748.00076,
        "mean": 94911506.64351551,
        "median": 45881484.900576346,
        "min": 1205,
        "max": 31553225196,
        "variance_ns2": 6.080454231208773e+17,
        "iqr_ns": 10191022.019688644,
        "q1_ns": 39936572.18433928,
        "q3_ns": 50127594.20402792
      },
      "futex_op_counts": {
        "128": 2822
      },
      "first_seen_ts_ns": 414492876052,
      "last_seen_ts_ns": 478493787754
    },
    {
      "tgid": 10151,
      "comm": "containerd-shim",
      "cgroup_id": 6520,
      "wait_duration_stats_ns": {
        "count": 165.0,
        "sum": 256542995200.0,
        "mean": 1554806031.5151515,
        "median": 7785293.96355208,
        "min": 2560,
        "max": 28298345114,
        "variance_ns2": 1.4687364901406587e+19,
        "iqr_ns": 881865399.8143636,
        "q1_ns": 1785140.6527374964,
        "q3_ns": 883650540.4671011
      },
      "futex_op_counts": {
        "128": 165
      },
      "first_seen_ts_ns": 423047865058,
      "last_seen_ts_ns": 478523019756
    },
    {
      "tgid": 7870,
      "comm": "config-reloader",
      "cgroup_id": 8611,
      "wait_duration_stats_ns": {
        "count": 46.0,
        "sum": 254630327998.99994,
        "mean": 5535441913.021738,
        "median": 1864551518.7342257,
        "min": 15391,
        "max": 52361167779,
        "variance_ns2": 1.5045090108514363e+20,
        "iqr_ns": 701830712.8089048,
        "q1_ns": 35863256.92528142,
        "q3_ns": 737693969.7341862
      },
      "futex_op_counts": {
        "128": 46
      },
      "first_seen_ts_ns": 431592540030,
      "last_seen_ts_ns": 471641176563
    },
    {
      "tgid": 6270,
      "comm": "containerd-shim",
      "cgroup_id": 6520,
      "wait_duration_stats_ns": {
        "count": 175.0,
        "sum": 224817042323.99994,
        "mean": 1284668813.2799997,
        "median": 4931975.230821213,
        "min": 2890,
        "max": 30002025776,
        "variance_ns2": 1.2927241177347588e+19,
        "iqr_ns": 1573942181.0207207,
        "q1_ns": 97685.91184263863,
        "q3_ns": 1574039866.9325633
      },
      "futex_op_counts": {
        "128": 175
      },
      "first_seen_ts_ns": 424450494232,
      "last_seen_ts_ns": 472391747792
    },
    {
      "tgid": 6423,
      "comm": "containerd-shim",
      "cgroup_id": 6520,
      "wait_duration_stats_ns": {
        "count": 130.0,
        "sum": 215254597689.9999,
        "mean": 1655804597.6153839,
        "median": 4285845.672698855,
        "min": 1514,
        "max": 30000985714,
        "variance_ns2": 1.9363159108035514e+19,
        "iqr_ns": 2530760785.815558,
        "q1_ns": 769920.3198706189,
        "q3_ns": 2531530706.1354284
      },
      "futex_op_counts": {
        "128": 130
      },
      "first_seen_ts_ns": 424448706232,
      "last_seen_ts_ns": 472390860078
    },
    {
      "tgid": 7237,
      "comm": "containerd-shim",
      "cgroup_id": 6520,
      "wait_duration_stats_ns": {
        "count": 112.0,
        "sum": 214311598591.99988,
        "mean": 1913496415.9999988,
        "median": 185778621.49272832,
        "min": 2851,
        "max": 30005229524,
        "variance_ns2": 1.8174037317115736e+19,
        "iqr_ns": 2215188127.706317,
        "q1_ns": 1430955.619404823,
        "q3_ns": 2216619083.3257217
      },
      "futex_op_counts": {
        "128": 112
      },
      "first_seen_ts_ns": 424449363479,
      "last_seen_ts_ns": 472392479910
    },
    {
      "tgid": 4099,
      "comm": "kube-proxy",
      "cgroup_id": 7366,
      "wait_duration_stats_ns": {
        "count": 85.0,
        "sum": 213240959985.00003,
        "mean": 2508717176.294118,
        "median": 706164820.3412718,
        "min": 2265,
        "max": 22179617548,
        "variance_ns2": 1.6938550316803246e+19,
        "iqr_ns": 3183986376.12907,
        "q1_ns": 118645802.56697935,
        "q3_ns": 3302632178.696049
      },
      "futex_op_counts": {
        "128": 85
      },
      "first_seen_ts_ns": 427186603833,
      "last_seen_ts_ns": 477191168509
    },
    {
      "tgid": 4043,
      "comm": "containerd-shim",
      "cgroup_id": 6520,
      "wait_duration_stats_ns": {
        "count": 92.0,
        "sum": 210710092457.00003,
        "mean": 2290327091.9239135,
        "median": 112216122.32138687,
        "min": 1992,
        "max": 29998362507,
        "variance_ns2": 2.709693949708686e+19,
        "iqr_ns": 2491886325.2898436,
        "q1_ns": 15944416.698309846,
        "q3_ns": 2507830741.9881535
      },
      "futex_op_counts": {
        "128": 92
      },
      "first_seen_ts_ns": 424452783371,
      "last_seen_ts_ns": 472386781351
    },
    {
      "tgid": 3927,
      "comm": "node-problem-de",
      "cgroup_id": 6700,
      "wait_duration_stats_ns": {
        "count": 262.0,
        "sum": 179680682989.99985,
        "mean": 685804133.5496178,
        "median": 647006959.6290816,
        "min": 1335,
        "max": 15969345162,
        "variance_ns2": 1.7828849582564526e+18,
        "iqr_ns": 830194243.0831822,
        "q1_ns": 50011344.44384883,
        "q3_ns": 880205587.5270311
      },
      "futex_op_counts": {
        "128": 262
      },
      "first_seen_ts_ns": 415723533485,
      "last_seen_ts_ns": 477758138014
    },
    {
      "tgid": 1727,
      "comm": "google_osconfig",
      "cgroup_id": 4234,
      "wait_duration_stats_ns": {
        "count": 47.0,
        "sum": 139790385052.00003,
        "mean": 2974263511.7446814,
        "median": 3501325073.8433366,
        "min": 31603870,
        "max": 29997892883,
        "variance_ns2": 2.196215383997434e+19,
        "iqr_ns": 4732031535.15929,
        "q1_ns": 81553067.03959298,
        "q3_ns": 4813584602.198883
      },
      "futex_op_counts": {
        "128": 47
      },
      "first_seen_ts_ns": 415076700574,
      "last_seen_ts_ns": 475082212204
    },
    {
      "tgid": 7558,
      "comm": "main",
      "cgroup_id": 8453,
      "wait_duration_stats_ns": {
        "count": 92.0,
        "sum": 119901450827.00002,
        "mean": 1303276639.4239132,
        "median": 1229892626.785295,
        "min": 2618,
        "max": 5004813688,
        "variance_ns2": 4.664401428192645e+18,
        "iqr_ns": 4270642154.3102517,
        "q1_ns": 5189003.280355528,
        "q3_ns": 4275831157.590607
      },
      "futex_op_counts": {
        "128": 92
      },
      "first_seen_ts_ns": 423219724647,
      "last_seen_ts_ns": 478220346460
    },
    {
      "tgid": 6927,
      "comm": "main",
      "cgroup_id": 8058,
      "wait_duration_stats_ns": {
        "count": 43.0,
        "sum": 109899325774.99997,
        "mean": 2555798273.8372087,
        "median": 3091867744.8647614,
        "min": 15683,
        "max": 5004049101,
        "variance_ns2": 5.798265428435884e+18,
        "iqr_ns": 4726015243.172069,
        "q1_ns": 248066103.36084506,
        "q3_ns": 4974081346.532913
      },
      "futex_op_counts": {
        "128": 43
      },
      "first_seen_ts_ns": 426846994262,
      "last_seen_ts_ns": 476851341984
    },
    {
      "tgid": 1726,
      "comm": "google_guest_ag",
      "cgroup_id": 4174,
      "wait_duration_stats_ns": {
        "count": 35.0,
        "sum": 109893822049.00003,
        "mean": 3139823487.1142864,
        "median": 4470580393.540859,
        "min": 11596841,
        "max": 5004032848,
        "variance_ns2": 4.507208469348646e+18,
        "iqr_ns": 3829059944.3317957,
        "q1_ns": 1072288322.029877,
        "q3_ns": 4901348266.361672
      },
      "futex_op_counts": {
        "128": 35
      },
      "first_seen_ts_ns": 425421829946,
      "last_seen_ts_ns": 475442913675
    },
    {
      "tgid": 2766,
      "comm": "dockerd",
      "cgroup_id": 6400,
      "wait_duration_stats_ns": {
        "count": 10.0,
        "sum": 99918297139.00002,
        "mean": 9991829713.900002,
        "median": 9989919249.0,
        "min": 9977936757,
        "max": 10003983204,
        "variance_ns2": 88713432044897.55,
        "iqr_ns": 14850476.597221375,
        "q1_ns": 9983358712.277779,
        "q3_ns": 9998209188.875
      },
      "futex_op_counts": {
        "128": 10
      },
      "first_seen_ts_ns": 432539124987,
      "last_seen_ts_ns": 472548062973
    },
    {
      "tgid": 8321,
      "comm": "gce-pd-csi-driv",
      "cgroup_id": 8927,
      "wait_duration_stats_ns": {
        "count": 100.0,
        "sum": 55988144493.99999,
        "mean": 559881444.9399999,
        "median": 589849679.8076675,
        "min": 24799520,
        "max": 589946006,
        "variance_ns2": 1.0506242345751108e+16,
        "iqr_ns": 35044.012615442276,
        "q1_ns": 589872682.9228706,
        "q3_ns": 589907726.9354861
      },
      "futex_op_counts": {
        "128": 100
      },
      "first_seen_ts_ns": 415309246397,
      "last_seen_ts_ns": 478309247603
    },
    {
      "tgid": 7510,
      "comm": "otelsvc",
      "cgroup_id": 8374,
      "wait_duration_stats_ns": {
        "count": 183.0,
        "sum": 55751797022.99997,
        "mean": 304654628.54098344,
        "median": 444996462.9066017,
        "min": 79004,
        "max": 499674055,
        "variance_ns2": 4.808699706480887e+16,
        "iqr_ns": 455472430.3554713,
        "q1_ns": 34510256.49483321,
        "q3_ns": 489982686.85030454
      },
      "futex_op_counts": {
        "128": 183
      },
      "first_seen_ts_ns": 415182015693,
      "last_seen_ts_ns": 478195986208
    },
    {
      "tgid": 11188,
      "comm": "kubectl",
      "cgroup_id": 6580,
      "wait_duration_stats_ns": {
        "count": 759.0,
        "sum": 3660657472.9999995,
        "mean": 4823000.623188405,
        "median": 223676.04023893972,
        "min": 599,
        "max": 480396495,
        "variance_ns2": 651836348878217.6,
        "iqr_ns": 1059791.107756217,
        "q1_ns": 128503.30516359946,
        "q3_ns": 1188294.4129198166
      },
      "futex_op_counts": {
        "128": 759
      },
      "first_seen_ts_ns": 461003143734,
      "last_seen_ts_ns": 461504017757
    },
    {
      "tgid": 11110,
      "comm": "runc",
      "cgroup_id": 6520,
      "wait_duration_stats_ns": {
        "count": 276.0,
        "sum": 631003558.0000001,
        "mean": 2286244.7753623193,
        "median": 96629.24806733167,
        "min": 3761,
        "max": 92521624,
        "variance_ns2": 140982245371877.97,
        "iqr_ns": 607199.8163797972,
        "q1_ns": 21541.72051814649,
        "q3_ns": 628741.5368979437
      },
      "futex_op_counts": {
        "128": 276
      },
      "first_seen_ts_ns": 435901926960,
      "last_seen_ts_ns": 435997997340
    },
    {
      "tgid": 11132,
      "comm": "runc",
      "cgroup_id": 6520,
      "wait_duration_stats_ns": {
        "count": 330.0,
        "sum": 599212963.0,
        "mean": 1815796.8575757574,
        "median": 75042.7174200467,
        "min": 10598,
        "max": 76569825,
        "variance_ns2": 101431181481941.06,
        "iqr_ns": 1978894.688154853,
        "q1_ns": 24210.773133685605,
        "q3_ns": 2003105.4612885385
      },
      "futex_op_counts": {
        "128": 330
      },
      "first_seen_ts_ns": 445903720290,
      "last_seen_ts_ns": 445997042502
    },
    {
      "tgid": 11219,
      "comm": "runc",
      "cgroup_id": 6520,
      "wait_duration_stats_ns": {
        "count": 251.0,
        "sum": 571165363.0,
        "mean": 2275559.215139442,
        "median": 202749.9222032511,
        "min": 17496,
        "max": 76488206,
        "variance_ns2": 87406585179054.42,
        "iqr_ns": 2452825.3643010943,
        "q1_ns": 38713.566814691876,
        "q3_ns": 2491538.931115786
      },
      "futex_op_counts": {
        "128": 251
      },
      "first_seen_ts_ns": 465907012523,
      "last_seen_ts_ns": 465993125407
    },
    {
      "tgid": 11154,
      "comm": "runc",
      "cgroup_id": 6520,
      "wait_duration_stats_ns": {
        "count": 298.0,
        "sum": 550201999.0,
        "mean": 1846315.4328859062,
        "median": 72367.31178368912,
        "min": 11185,
        "max": 77619104,
        "variance_ns2": 87338556854954.19,
        "iqr_ns": 2589216.7871198235,
        "q1_ns": 24748.43916320194,
        "q3_ns": 2613965.2262830255
      },
      "futex_op_counts": {
        "128": 298
      },
      "first_seen_ts_ns": 455905019053,
      "last_seen_ts_ns": 455985990464
    },
    {
      "tgid": 11121,
      "comm": "runc:[2:INIT]",
      "cgroup_id": 8848,
      "wait_duration_stats_ns": {
        "count": 31.0,
        "sum": 298179623.0,
        "mean": 9618697.516129032,
        "median": 3144397.740782772,
        "min": 22367,
        "max": 44357340,
        "variance_ns2": 160899694647522.16,
        "iqr_ns": 12854382.012620844,
        "q1_ns": 853632.9556818113,
        "q3_ns": 13708014.968302656
      },
      "futex_op_counts": {
        "128": 31
      },
      "first_seen_ts_ns": 435932292906,
      "last_seen_ts_ns": 435997721022
    },
    {
      "tgid": 11143,
      "comm": "runc:[2:INIT]",
      "cgroup_id": 8848,
      "wait_duration_stats_ns": {
        "count": 33.0,
        "sum": 270547450.0000001,
        "mean": 8198407.575757579,
        "median": 1590822.6188069084,
        "min": 12110,
        "max": 42057938,
        "variance_ns2": 170652119606118.62,
        "iqr_ns": 13360397.960082699,
        "q1_ns": 276869.94313527783,
        "q3_ns": 13637267.903217977
      },
      "futex_op_counts": {
        "128": 33
      },
      "first_seen_ts_ns": 445941010779,
      "last_seen_ts_ns": 445996721003
    },
    {
      "tgid": 11230,
      "comm": "runc:[2:INIT]",
      "cgroup_id": 8848,
      "wait_duration_stats_ns": {
        "count": 30.0,
        "sum": 261684653.00000003,
        "mean": 8722821.766666668,
        "median": 3054547.8816858986,
        "min": 17537,
        "max": 39121665,
        "variance_ns2": 133653974605300.38,
        "iqr_ns": 9499770.492923649,
        "q1_ns": 602291.0320849542,
        "q3_ns": 10102061.525008604
      },
      "futex_op_counts": {
        "128": 30
      },
      "first_seen_ts_ns": 465932350454,
      "last_seen_ts_ns": 465987590936
    },
    {
      "tgid": 11088,
      "comm": "runc",
      "cgroup_id": 6520,
      "wait_duration_stats_ns": {
        "count": 382.0,
        "sum": 259194398.99999997,
        "mean": 678519.3691099476,
        "median": 45579.68818456643,
        "min": 876,
        "max": 38249219,
        "variance_ns2": 14687828109446.535,
        "iqr_ns": 179817.46928169337,
        "q1_ns": 17232.39769955081,
        "q3_ns": 197049.86698124418
      },
      "futex_op_counts": {
        "128": 382
      },
      "first_seen_ts_ns": 425903528899,
      "last_seen_ts_ns": 425947185666
    },
    {
      "tgid": 11198,
      "comm": "gke-exec-auth-p",
      "cgroup_id": 6580,
      "wait_duration_stats_ns": {
        "count": 243.0,
        "sum": 257221333.99999988,
        "mean": 1058524.0082304522,
        "median": 59249.76677778062,
        "min": 695,
        "max": 19971652,
        "variance_ns2": 11781302814625.014,
        "iqr_ns": 665605.3996160586,
        "q1_ns": 22523.525985625558,
        "q3_ns": 688128.9256016841
      },
      "futex_op_counts": {
        "128": 243
      },
      "first_seen_ts_ns": 461212059034,
      "last_seen_ts_ns": 461284016827
    },
    {
      "tgid": 11165,
      "comm": "runc:[2:INIT]",
      "cgroup_id": 8848,
      "wait_duration_stats_ns": {
        "count": 33.0,
        "sum": 247692987.0,
        "mean": 7505848.090909091,
        "median": 2383439.9132801527,
        "min": 739,
        "max": 36467181,
        "variance_ns2": 104823082949432.19,
        "iqr_ns": 12932433.266152583,
        "q1_ns": 165236.5142668082,
        "q3_ns": 13097669.78041939
      },
      "futex_op_counts": {
        "128": 33
      },
      "first_seen_ts_ns": 455930409303,
      "last_seen_ts_ns": 455985995139
    },
    {
      "tgid": 11242,
      "comm": "runc",
      "cgroup_id": 6520,
      "wait_duration_stats_ns": {
        "count": 363.0,
        "sum": 169941580.0,
        "mean": 468158.6225895317,
        "median": 28796.97752994423,
        "min": 2913,
        "max": 29861083,
        "variance_ns2": 10555604659532.441,
        "iqr_ns": 87541.90917617679,
        "q1_ns": 13838.505349204368,
        "q3_ns": 101380.41452538116
      },
      "futex_op_counts": {
        "128": 363
      },
      "first_seen_ts_ns": 475901726401,
      "last_seen_ts_ns": 475934435218
    },
    {
      "tgid": 11099,
      "comm": "runc:[2:INIT]",
      "cgroup_id": 8848,
      "wait_duration_stats_ns": {
        "count": 29.0,
        "sum": 157927439.00000003,
        "mean": 5445773.758620691,
        "median": 800560.8629852145,
        "min": 11950,
        "max": 19638328,
        "variance_ns2": 59429992500743.055,
        "iqr_ns": 8967339.689764867,
        "q1_ns": 110212.62636436376,
        "q3_ns": 9077552.31612923
      },
      "futex_op_counts": {
        "128": 29
      },
      "first_seen_ts_ns": 425911768445,
      "last_seen_ts_ns": 425947202543
    },
    {
      "tgid": 11253,
      "comm": "runc:[2:INIT]",
      "cgroup_id": 8848,
      "wait_duration_stats_ns": {
        "count": 27.0,
        "sum": 106879056.99999997,
        "mean": 3958483.5925925914,
        "median": 1099609.8581897605,
        "min": 23896,
        "max": 15359493,
        "variance_ns2": 29012716615983.56,
        "iqr_ns": 6840781.666274122,
        "q1_ns": 50326.04018621592,
        "q3_ns": 6891107.706460338
      },
      "futex_op_counts": {
        "128": 27
      },
      "first_seen_ts_ns": 475909370954,
      "last_seen_ts_ns": 475934431783
    },
    {
      "tgid": 10843,
      "comm": "runc",
      "cgroup_id": 6520,
      "wait_duration_stats_ns": {
        "count": 249.0,
        "sum": 16964071.999999996,
        "mean": 68128.80321285139,
        "median": 19853.52274682982,
        "min": 702,
        "max": 2758802,
        "variance_ns2": 98859890233.90057,
        "iqr_ns": 16725.620305776443,
        "q1_ns": 13323.033278553725,
        "q3_ns": 30048.653584330168
      },
      "futex_op_counts": {
        "128": 249
      },
      "first_seen_ts_ns": 415900895237,
      "last_seen_ts_ns": 415905384386
    },
    {
      "tgid": 11121,
      "comm": "csi-node-driver",
      "cgroup_id": 8848,
      "wait_duration_stats_ns": {
        "count": 13.0,
        "sum": 13221430.0,
        "mean": 1017033.0769230769,
        "median": 133653.1493611111,
        "min": 13053,
        "max": 6575091,
        "variance_ns2": 3852627481924.5767,
        "iqr_ns": 295771.48416666663,
        "q1_ns": 25206.04166666667,
        "q3_ns": 320977.5258333333
      },
      "futex_op_counts": {
        "128": 13
      },
      "first_seen_ts_ns": 436004447459,
      "last_seen_ts_ns": 436011016272
    },
    {
      "tgid": 11099,
      "comm": "csi-node-driver",
      "cgroup_id": 8848,
      "wait_duration_stats_ns": {
        "count": 29.0,
        "sum": 10313811.000000004,
        "mean": 355648.6551724139,
        "median": 96533.93614830438,
        "min": 690,
        "max": 1728749,
        "variance_ns2": 277023368644.5198,
        "iqr_ns": 439329.21419517766,
        "q1_ns": 26296.52247219623,
        "q3_ns": 465625.73666737386
      },
      "futex_op_counts": {
        "128": 29
      },
      "first_seen_ts_ns": 425949146315,
      "last_seen_ts_ns": 425952698077
    },
    {
      "tgid": 11143,
      "comm": "csi-node-driver",
      "cgroup_id": 8848,
      "wait_duration_stats_ns": {
        "count": 16.0,
        "sum": 9473894.0,
        "mean": 592118.375,
        "median": 235443.7734391276,
        "min": 10453,
        "max": 3597803,
        "variance_ns2": 855892097062.3833,
        "iqr_ns": 764847.8011390357,
        "q1_ns": 28080.341255144052,
        "q3_ns": 792928.1423941798
      },
      "futex_op_counts": {
        "128": 16
      },
      "first_seen_ts_ns": 446007421030,
      "last_seen_ts_ns": 446011011757
    },
    {
      "tgid": 11253,
      "comm": "csi-node-driver",
      "cgroup_id": 8848,
      "wait_duration_stats_ns": {
        "count": 21.0,
        "sum": 9359578.0,
        "mean": 445694.1904761905,
        "median": 174479.93249370204,
        "min": 618,
        "max": 1772036,
        "variance_ns2": 306404300618.66187,
        "iqr_ns": 834053.7708169899,
        "q1_ns": 36512.5365422856,
        "q3_ns": 870566.3073592755
      },
      "futex_op_counts": {
        "128": 21
      },
      "first_seen_ts_ns": 475936258083,
      "last_seen_ts_ns": 475939489437
    },
    {
      "tgid": 11230,
      "comm": "csi-node-driver",
      "cgroup_id": 8848,
      "wait_duration_stats_ns": {
        "count": 17.0,
        "sum": 9156214.999999998,
        "mean": 538600.8823529411,
        "median": 310075.0999348959,
        "min": 12323,
        "max": 1707289,
        "variance_ns2": 494672383499.9853,
        "iqr_ns": 868307.4263837448,
        "q1_ns": 19887.857638888887,
        "q3_ns": 888195.2840226337
      },
      "futex_op_counts": {
        "128": 17
      },
      "first_seen_ts_ns": 465989453583,
      "last_seen_ts_ns": 465992580834
    },
    {
      "tgid": 11165,
      "comm": "csi-node-driver",
      "cgroup_id": 8848,
      "wait_duration_stats_ns": {
        "count": 22.0,
        "sum": 9117735.0,
        "mean": 414442.5,
        "median": 77736.95705304068,
        "min": 13169,
        "max": 1712887,
        "variance_ns2": 286238661711.881,
        "iqr_ns": 518538.74755204044,
        "q1_ns": 25821.22764660494,
        "q3_ns": 544359.9751986454
      },
      "futex_op_counts": {
        "128": 22
      },
      "first_seen_ts_ns": 455990558978,
      "last_seen_ts_ns": 455993756258
    },
    {
      "tgid": 10747,
      "comm": "flux-broker-11",
      "cgroup_id": 9731,
      "wait_duration_stats_ns": {
        "count": 170.0,
        "sum": 1153123.0000000007,
        "mean": 6783.076470588239,
        "median": 1132.8425395723882,
        "min": 380,
        "max": 204490,
        "variance_ns2": 398728885.21896976,
        "iqr_ns": 5414.126443003908,
        "q1_ns": 611.2671548818457,
        "q3_ns": 6025.3935978857535
      },
      "futex_op_counts": {
        "128": 170
      },
      "first_seen_ts_ns": 422584922086,
      "last_seen_ts_ns": 478507136592
    },
    {
      "tgid": 833,
      "comm": "multipathd",
      "cgroup_id": 1702,
      "wait_duration_stats_ns": {
        "count": 7.0,
        "sum": 22048.0,
        "mean": 3149.714285714286,
        "median": 2930.3333333333335,
        "min": 2103,
        "max": 5014,
        "variance_ns2": 1022965.9047619047,
        "iqr_ns": 335.3333333333335,
        "q1_ns": 2595.0,
        "q3_ns": 2930.3333333333335
      },
      "futex_op_counts": {
        "128": 7
      },
      "first_seen_ts_ns": 423628398420,
      "last_seen_ts_ns": 464630886479
    },
    {
      "tgid": 11082,
      "comm": "lmp",
      "cgroup_id": 9731,
      "wait_duration_stats_ns": {
        "count": 1.0,
        "sum": 18642.0,
        "mean": 18642.0,
        "median": 18642.0,
        "min": 18642,
        "max": 18642,
        "variance_ns2": null,
        "iqr_ns": 0.0,
        "q1_ns": 18642.0,
        "q3_ns": 18642.0
      },
      "futex_op_counts": {
        "128": 1
      },
      "first_seen_ts_ns": 473678016028,
      "last_seen_ts_ns": 473678016028
    },
    {
      "tgid": 10925,
      "comm": "lmp",
      "cgroup_id": 9731,
      "wait_duration_stats_ns": {
        "count": 1.0,
        "sum": 18220.0,
        "mean": 18220.0,
        "median": 18220.0,
        "min": 18220,
        "max": 18220,
        "variance_ns2": null,
        "iqr_ns": 0.0,
        "q1_ns": 18220.0,
        "q3_ns": 18220.0
      },
      "futex_op_counts": {
        "128": 1
      },
      "first_seen_ts_ns": 473679008446,
      "last_seen_ts_ns": 473679008446
    },
    {
      "tgid": 11070,
      "comm": "lmp",
      "cgroup_id": 9731,
      "wait_duration_stats_ns": {
        "count": 1.0,
        "sum": 17293.0,
        "mean": 17293.0,
        "median": 17293.0,
        "min": 17293,
        "max": 17293,
        "variance_ns2": null,
        "iqr_ns": 0.0,
        "q1_ns": 17293.0,
        "q3_ns": 17293.0
      },
      "futex_op_counts": {
        "128": 1
      },
      "first_seen_ts_ns": 473678010863,
      "last_seen_ts_ns": 473678010863
    },
    {
      "tgid": 11050,
      "comm": "lmp",
      "cgroup_id": 9731,
      "wait_duration_stats_ns": {
        "count": 1.0,
        "sum": 16055.0,
        "mean": 16055.0,
        "median": 16055.0,
        "min": 16055,
        "max": 16055,
        "variance_ns2": null,
        "iqr_ns": 0.0,
        "q1_ns": 16055.0,
        "q3_ns": 16055.0
      },
      "futex_op_counts": {
        "128": 1
      },
      "first_seen_ts_ns": 473678035941,
      "last_seen_ts_ns": 473678035941
    },
    {
      "tgid": 11056,
      "comm": "lmp",
      "cgroup_id": 9731,
      "wait_duration_stats_ns": {
        "count": 1.0,
        "sum": 10775.0,
        "mean": 10775.0,
        "median": 10775.0,
        "min": 10775,
        "max": 10775,
        "variance_ns2": null,
        "iqr_ns": 0.0,
        "q1_ns": 10775.0,
        "q3_ns": 10775.0
      },
      "futex_op_counts": {
        "128": 1
      },
      "first_seen_ts_ns": 473678020285,
      "last_seen_ts_ns": 473678020285
    },
    {
      "tgid": 11066,
      "comm": "lmp",
      "cgroup_id": 9731,
      "wait_duration_stats_ns": {
        "count": 1.0,
        "sum": 10632.0,
        "mean": 10632.0,
        "median": 10632.0,
        "min": 10632,
        "max": 10632,
        "variance_ns2": null,
        "iqr_ns": 0.0,
        "q1_ns": 10632.0,
        "q3_ns": 10632.0
      },
      "futex_op_counts": {
        "128": 1
      },
      "first_seen_ts_ns": 473678020305,
      "last_seen_ts_ns": 473678020305
    },
    {
      "tgid": 11074,
      "comm": "lmp",
      "cgroup_id": 9731,
      "wait_duration_stats_ns": {
        "count": 1.0,
        "sum": 10417.0,
        "mean": 10417.0,
        "median": 10417.0,
        "min": 10417,
        "max": 10417,
        "variance_ns2": null,
        "iqr_ns": 0.0,
        "q1_ns": 10417.0,
        "q3_ns": 10417.0
      },
      "futex_op_counts": {
        "128": 1
      },
      "first_seen_ts_ns": 473678024649,
      "last_seen_ts_ns": 473678024649
    },
    {
      "tgid": 11036,
      "comm": "lmp",
      "cgroup_id": 9731,
      "wait_duration_stats_ns": {
        "count": 1.0,
        "sum": 10325.0,
        "mean": 10325.0,
        "median": 10325.0,
        "min": 10325,
        "max": 10325,
        "variance_ns2": null,
        "iqr_ns": 0.0,
        "q1_ns": 10325.0,
        "q3_ns": 10325.0
      },
      "futex_op_counts": {
        "128": 1
      },
      "first_seen_ts_ns": 473678020104,
      "last_seen_ts_ns": 473678020104
    },
    {
      "tgid": 10747,
      "comm": "ZMQbg/IO/0",
      "cgroup_id": 9731,
      "wait_duration_stats_ns": {
        "count": 16.0,
        "sum": 10163.0,
        "mean": 635.1875,
        "median": 524.2562585034013,
        "min": 468,
        "max": 2024,
        "variance_ns2": 139123.22916666666,
        "iqr_ns": 192.87753772290807,
        "q1_ns": 494.4333333333333,
        "q3_ns": 687.3108710562414
      },
      "futex_op_counts": {
        "128": 16
      },
      "first_seen_ts_ns": 473701854691,
      "last_seen_ts_ns": 473704720640
    },
    {
      "tgid": 11052,
      "comm": "lmp",
      "cgroup_id": 9731,
      "wait_duration_stats_ns": {
        "count": 1.0,
        "sum": 9767.0,
        "mean": 9767.0,
        "median": 9767.0,
        "min": 9767,
        "max": 9767,
        "variance_ns2": null,
        "iqr_ns": 0.0,
        "q1_ns": 9767.0,
        "q3_ns": 9767.0
      },
      "futex_op_counts": {
        "128": 1
      },
      "first_seen_ts_ns": 473677285338,
      "last_seen_ts_ns": 473677285338
    },
    {
      "tgid": 10990,
      "comm": "lmp",
      "cgroup_id": 9731,
      "wait_duration_stats_ns": {
        "count": 1.0,
        "sum": 9765.0,
        "mean": 9765.0,
        "median": 9765.0,
        "min": 9765,
        "max": 9765,
        "variance_ns2": null,
        "iqr_ns": 0.0,
        "q1_ns": 9765.0,
        "q3_ns": 9765.0
      },
      "futex_op_counts": {
        "128": 1
      },
      "first_seen_ts_ns": 473678768144,
      "last_seen_ts_ns": 473678768144
    },
    {
      "tgid": 11034,
      "comm": "lmp",
      "cgroup_id": 9731,
      "wait_duration_stats_ns": {
        "count": 1.0,
        "sum": 9734.0,
        "mean": 9734.0,
        "median": 9734.0,
        "min": 9734,
        "max": 9734,
        "variance_ns2": null,
        "iqr_ns": 0.0,
        "q1_ns": 9734.0,
        "q3_ns": 9734.0
      },
      "futex_op_counts": {
        "128": 1
      },
      "first_seen_ts_ns": 473678020244,
      "last_seen_ts_ns": 473678020244
    },
    {
      "tgid": 11068,
      "comm": "lmp",
      "cgroup_id": 9731,
      "wait_duration_stats_ns": {
        "count": 1.0,
        "sum": 9585.0,
        "mean": 9585.0,
        "median": 9585.0,
        "min": 9585,
        "max": 9585,
        "variance_ns2": null,
        "iqr_ns": 0.0,
        "q1_ns": 9585.0,
        "q3_ns": 9585.0
      },
      "futex_op_counts": {
        "128": 1
      },
      "first_seen_ts_ns": 473677406871,
      "last_seen_ts_ns": 473677406871
    },
    {
      "tgid": 10978,
      "comm": "lmp",
      "cgroup_id": 9731,
      "wait_duration_stats_ns": {
        "count": 1.0,
        "sum": 8755.0,
        "mean": 8755.0,
        "median": 8755.0,
        "min": 8755,
        "max": 8755,
        "variance_ns2": null,
        "iqr_ns": 0.0,
        "q1_ns": 8755.0,
        "q3_ns": 8755.0
      },
      "futex_op_counts": {
        "128": 1
      },
      "first_seen_ts_ns": 473678331543,
      "last_seen_ts_ns": 473678331543
    },
    {
      "tgid": 10940,
      "comm": "lmp",
      "cgroup_id": 9731,
      "wait_duration_stats_ns": {
        "count": 1.0,
        "sum": 8546.0,
        "mean": 8546.0,
        "median": 8546.0,
        "min": 8546,
        "max": 8546,
        "variance_ns2": null,
        "iqr_ns": 0.0,
        "q1_ns": 8546.0,
        "q3_ns": 8546.0
      },
      "futex_op_counts": {
        "128": 1
      },
      "first_seen_ts_ns": 473678152441,
      "last_seen_ts_ns": 473678152441
    },
    {
      "tgid": 10922,
      "comm": "lmp",
      "cgroup_id": 9731,
      "wait_duration_stats_ns": {
        "count": 1.0,
        "sum": 8480.0,
        "mean": 8480.0,
        "median": 8480.0,
        "min": 8480,
        "max": 8480,
        "variance_ns2": null,
        "iqr_ns": 0.0,
        "q1_ns": 8480.0,
        "q3_ns": 8480.0
      },
      "futex_op_counts": {
        "128": 1
      },
      "first_seen_ts_ns": 473678869196,
      "last_seen_ts_ns": 473678869196
    },
    {
      "tgid": 11044,
      "comm": "lmp",
      "cgroup_id": 9731,
      "wait_duration_stats_ns": {
        "count": 1.0,
        "sum": 8441.0,
        "mean": 8441.0,
        "median": 8441.0,
        "min": 8441,
        "max": 8441,
        "variance_ns2": null,
        "iqr_ns": 0.0,
        "q1_ns": 8441.0,
        "q3_ns": 8441.0
      },
      "futex_op_counts": {
        "128": 1
      },
      "first_seen_ts_ns": 473679059269,
      "last_seen_ts_ns": 473679059269
    },
    {
      "tgid": 11040,
      "comm": "lmp",
      "cgroup_id": 9731,
      "wait_duration_stats_ns": {
        "count": 1.0,
        "sum": 8432.0,
        "mean": 8432.0,
        "median": 8432.0,
        "min": 8432,
        "max": 8432,
        "variance_ns2": null,
        "iqr_ns": 0.0,
        "q1_ns": 8432.0,
        "q3_ns": 8432.0
      },
      "futex_op_counts": {
        "128": 1
      },
      "first_seen_ts_ns": 473677996168,
      "last_seen_ts_ns": 473677996168
    },
    {
      "tgid": 11030,
      "comm": "lmp",
      "cgroup_id": 9731,
      "wait_duration_stats_ns": {
        "count": 1.0,
        "sum": 8370.0,
        "mean": 8370.0,
        "median": 8370.0,
        "min": 8370,
        "max": 8370,
        "variance_ns2": null,
        "iqr_ns": 0.0,
        "q1_ns": 8370.0,
        "q3_ns": 8370.0
      },
      "futex_op_counts": {
        "128": 1
      },
      "first_seen_ts_ns": 473679044651,
      "last_seen_ts_ns": 473679044651
    },
    {
      "tgid": 11026,
      "comm": "lmp",
      "cgroup_id": 9731,
      "wait_duration_stats_ns": {
        "count": 1.0,
        "sum": 8344.0,
        "mean": 8344.0,
        "median": 8344.0,
        "min": 8344,
        "max": 8344,
        "variance_ns2": null,
        "iqr_ns": 0.0,
        "q1_ns": 8344.0,
        "q3_ns": 8344.0
      },
      "futex_op_counts": {
        "128": 1
      },
      "first_seen_ts_ns": 473679035612,
      "last_seen_ts_ns": 473679035612
    },
    {
      "tgid": 11072,
      "comm": "lmp",
      "cgroup_id": 9731,
      "wait_duration_stats_ns": {
        "count": 1.0,
        "sum": 8325.0,
        "mean": 8325.0,
        "median": 8325.0,
        "min": 8325,
        "max": 8325,
        "variance_ns2": null,
        "iqr_ns": 0.0,
        "q1_ns": 8325.0,
        "q3_ns": 8325.0
      },
      "futex_op_counts": {
        "128": 1
      },
      "first_seen_ts_ns": 473679123341,
      "last_seen_ts_ns": 473679123341
    },
    {
      "tgid": 11060,
      "comm": "lmp",
      "cgroup_id": 9731,
      "wait_duration_stats_ns": {
        "count": 1.0,
        "sum": 8315.0,
        "mean": 8315.0,
        "median": 8315.0,
        "min": 8315,
        "max": 8315,
        "variance_ns2": null,
        "iqr_ns": 0.0,
        "q1_ns": 8315.0,
        "q3_ns": 8315.0
      },
      "futex_op_counts": {
        "128": 1
      },
      "first_seen_ts_ns": 473677455069,
      "last_seen_ts_ns": 473677455069
    },
    {
      "tgid": 10948,
      "comm": "lmp",
      "cgroup_id": 9731,
      "wait_duration_stats_ns": {
        "count": 1.0,
        "sum": 8267.0,
        "mean": 8267.0,
        "median": 8267.0,
        "min": 8267,
        "max": 8267,
        "variance_ns2": null,
        "iqr_ns": 0.0,
        "q1_ns": 8267.0,
        "q3_ns": 8267.0
      },
      "futex_op_counts": {
        "128": 1
      },
      "first_seen_ts_ns": 473678482138,
      "last_seen_ts_ns": 473678482138
    },
    {
      "tgid": 11042,
      "comm": "lmp",
      "cgroup_id": 9731,
      "wait_duration_stats_ns": {
        "count": 1.0,
        "sum": 8223.0,
        "mean": 8223.0,
        "median": 8223.0,
        "min": 8223,
        "max": 8223,
        "variance_ns2": null,
        "iqr_ns": 0.0,
        "q1_ns": 8223.0,
        "q3_ns": 8223.0
      },
      "futex_op_counts": {
        "128": 1
      },
      "first_seen_ts_ns": 473677742194,
      "last_seen_ts_ns": 473677742194
    },
    {
      "tgid": 11076,
      "comm": "lmp",
      "cgroup_id": 9731,
      "wait_duration_stats_ns": {
        "count": 1.0,
        "sum": 8185.0,
        "mean": 8185.0,
        "median": 8185.0,
        "min": 8185,
        "max": 8185,
        "variance_ns2": null,
        "iqr_ns": 0.0,
        "q1_ns": 8185.0,
        "q3_ns": 8185.0
      },
      "futex_op_counts": {
        "128": 1
      },
      "first_seen_ts_ns": 473678142819,
      "last_seen_ts_ns": 473678142819
    },
    {
      "tgid": 11054,
      "comm": "lmp",
      "cgroup_id": 9731,
      "wait_duration_stats_ns": {
        "count": 1.0,
        "sum": 8140.0,
        "mean": 8140.0,
        "median": 8140.0,
        "min": 8140,
        "max": 8140,
        "variance_ns2": null,
        "iqr_ns": 0.0,
        "q1_ns": 8140.0,
        "q3_ns": 8140.0
      },
      "futex_op_counts": {
        "128": 1
      },
      "first_seen_ts_ns": 473678042036,
      "last_seen_ts_ns": 473678042036
    },
    {
      "tgid": 11032,
      "comm": "lmp",
      "cgroup_id": 9731,
      "wait_duration_stats_ns": {
        "count": 1.0,
        "sum": 8137.0,
        "mean": 8137.0,
        "median": 8137.0,
        "min": 8137,
        "max": 8137,
        "variance_ns2": null,
        "iqr_ns": 0.0,
        "q1_ns": 8137.0,
        "q3_ns": 8137.0
      },
      "futex_op_counts": {
        "128": 1
      },
      "first_seen_ts_ns": 473678078546,
      "last_seen_ts_ns": 473678078546
    },
    {
      "tgid": 11078,
      "comm": "lmp",
      "cgroup_id": 9731,
      "wait_duration_stats_ns": {
        "count": 1.0,
        "sum": 8123.0,
        "mean": 8123.0,
        "median": 8123.0,
        "min": 8123,
        "max": 8123,
        "variance_ns2": null,
        "iqr_ns": 0.0,
        "q1_ns": 8123.0,
        "q3_ns": 8123.0
      },
      "futex_op_counts": {
        "128": 1
      },
      "first_seen_ts_ns": 473678024536,
      "last_seen_ts_ns": 473678024536
    },
    {
      "tgid": 10986,
      "comm": "lmp",
      "cgroup_id": 9731,
      "wait_duration_stats_ns": {
        "count": 1.0,
        "sum": 8105.0,
        "mean": 8105.0,
        "median": 8105.0,
        "min": 8105,
        "max": 8105,
        "variance_ns2": null,
        "iqr_ns": 0.0,
        "q1_ns": 8105.0,
        "q3_ns": 8105.0
      },
      "futex_op_counts": {
        "128": 1
      },
      "first_seen_ts_ns": 473678409597,
      "last_seen_ts_ns": 473678409597
    },
    {
      "tgid": 11046,
      "comm": "lmp",
      "cgroup_id": 9731,
      "wait_duration_stats_ns": {
        "count": 1.0,
        "sum": 8098.0,
        "mean": 8098.0,
        "median": 8098.0,
        "min": 8098,
        "max": 8098,
        "variance_ns2": null,
        "iqr_ns": 0.0,
        "q1_ns": 8098.0,
        "q3_ns": 8098.0
      },
      "futex_op_counts": {
        "128": 1
      },
      "first_seen_ts_ns": 473678036954,
      "last_seen_ts_ns": 473678036954
    },
    {
      "tgid": 10994,
      "comm": "lmp",
      "cgroup_id": 9731,
      "wait_duration_stats_ns": {
        "count": 1.0,
        "sum": 8096.0,
        "mean": 8096.0,
        "median": 8096.0,
        "min": 8096,
        "max": 8096,
        "variance_ns2": null,
        "iqr_ns": 0.0,
        "q1_ns": 8096.0,
        "q3_ns": 8096.0
      },
      "futex_op_counts": {
        "128": 1
      },
      "first_seen_ts_ns": 473678438969,
      "last_seen_ts_ns": 473678438969
    },
    {
      "tgid": 11028,
      "comm": "lmp",
      "cgroup_id": 9731,
      "wait_duration_stats_ns": {
        "count": 1.0,
        "sum": 8084.0,
        "mean": 8084.0,
        "median": 8084.0,
        "min": 8084,
        "max": 8084,
        "variance_ns2": null,
        "iqr_ns": 0.0,
        "q1_ns": 8084.0,
        "q3_ns": 8084.0
      },
      "futex_op_counts": {
        "128": 1
      },
      "first_seen_ts_ns": 473677328878,
      "last_seen_ts_ns": 473677328878
    },
    {
      "tgid": 10958,
      "comm": "lmp",
      "cgroup_id": 9731,
      "wait_duration_stats_ns": {
        "count": 1.0,
        "sum": 8083.0,
        "mean": 8083.0,
        "median": 8083.0,
        "min": 8083,
        "max": 8083,
        "variance_ns2": null,
        "iqr_ns": 0.0,
        "q1_ns": 8083.0,
        "q3_ns": 8083.0
      },
      "futex_op_counts": {
        "128": 1
      },
      "first_seen_ts_ns": 473678627204,
      "last_seen_ts_ns": 473678627204
    },
    {
      "tgid": 10912,
      "comm": "lmp",
      "cgroup_id": 9731,
      "wait_duration_stats_ns": {
        "count": 1.0,
        "sum": 8070.0,
        "mean": 8070.0,
        "median": 8070.0,
        "min": 8070,
        "max": 8070,
        "variance_ns2": null,
        "iqr_ns": 0.0,
        "q1_ns": 8070.0,
        "q3_ns": 8070.0
      },
      "futex_op_counts": {
        "128": 1
      },
      "first_seen_ts_ns": 473678781451,
      "last_seen_ts_ns": 473678781451
    },
    {
      "tgid": 11064,
      "comm": "lmp",
      "cgroup_id": 9731,
      "wait_duration_stats_ns": {
        "count": 1.0,
        "sum": 8007.0,
        "mean": 8007.0,
        "median": 8007.0,
        "min": 8007,
        "max": 8007,
        "variance_ns2": null,
        "iqr_ns": 0.0,
        "q1_ns": 8007.0,
        "q3_ns": 8007.0
      },
      "futex_op_counts": {
        "128": 1
      },
      "first_seen_ts_ns": 473679075519,
      "last_seen_ts_ns": 473679075519
    },
    {
      "tgid": 10974,
      "comm": "lmp",
      "cgroup_id": 9731,
      "wait_duration_stats_ns": {
        "count": 1.0,
        "sum": 7996.0,
        "mean": 7996.0,
        "median": 7996.0,
        "min": 7996,
        "max": 7996,
        "variance_ns2": null,
        "iqr_ns": 0.0,
        "q1_ns": 7996.0,
        "q3_ns": 7996.0
      },
      "futex_op_counts": {
        "128": 1
      },
      "first_seen_ts_ns": 473678720338,
      "last_seen_ts_ns": 473678720338
    },
    {
      "tgid": 10988,
      "comm": "lmp",
      "cgroup_id": 9731,
      "wait_duration_stats_ns": {
        "count": 1.0,
        "sum": 7960.0,
        "mean": 7960.0,
        "median": 7960.0,
        "min": 7960,
        "max": 7960,
        "variance_ns2": null,
        "iqr_ns": 0.0,
        "q1_ns": 7960.0,
        "q3_ns": 7960.0
      },
      "futex_op_counts": {
        "128": 1
      },
      "first_seen_ts_ns": 473678423961,
      "last_seen_ts_ns": 473678423961
    },
    {
      "tgid": 10972,
      "comm": "lmp",
      "cgroup_id": 9731,
      "wait_duration_stats_ns": {
        "count": 1.0,
        "sum": 7947.0,
        "mean": 7947.0,
        "median": 7947.0,
        "min": 7947,
        "max": 7947,
        "variance_ns2": null,
        "iqr_ns": 0.0,
        "q1_ns": 7947.0,
        "q3_ns": 7947.0
      },
      "futex_op_counts": {
        "128": 1
      },
      "first_seen_ts_ns": 473678737106,
      "last_seen_ts_ns": 473678737106
    },
    {
      "tgid": 10942,
      "comm": "lmp",
      "cgroup_id": 9731,
      "wait_duration_stats_ns": {
        "count": 1.0,
        "sum": 7945.0,
        "mean": 7945.0,
        "median": 7945.0,
        "min": 7945,
        "max": 7945,
        "variance_ns2": null,
        "iqr_ns": 0.0,
        "q1_ns": 7945.0,
        "q3_ns": 7945.0
      },
      "futex_op_counts": {
        "128": 1
      },
      "first_seen_ts_ns": 473678953131,
      "last_seen_ts_ns": 473678953131
    },
    {
      "tgid": 10960,
      "comm": "lmp",
      "cgroup_id": 9731,
      "wait_duration_stats_ns": {
        "count": 1.0,
        "sum": 7943.0,
        "mean": 7943.0,
        "median": 7943.0,
        "min": 7943,
        "max": 7943,
        "variance_ns2": null,
        "iqr_ns": 0.0,
        "q1_ns": 7943.0,
        "q3_ns": 7943.0
      },
      "futex_op_counts": {
        "128": 1
      },
      "first_seen_ts_ns": 473678643744,
      "last_seen_ts_ns": 473678643744
    },
    {
      "tgid": 11080,
      "comm": "lmp",
      "cgroup_id": 9731,
      "wait_duration_stats_ns": {
        "count": 1.0,
        "sum": 7938.0,
        "mean": 7938.0,
        "median": 7938.0,
        "min": 7938,
        "max": 7938,
        "variance_ns2": null,
        "iqr_ns": 0.0,
        "q1_ns": 7938.0,
        "q3_ns": 7938.0
      },
      "futex_op_counts": {
        "128": 1
      },
      "first_seen_ts_ns": 473678134954,
      "last_seen_ts_ns": 473678134954
    },
    {
      "tgid": 11058,
      "comm": "lmp",
      "cgroup_id": 9731,
      "wait_duration_stats_ns": {
        "count": 1.0,
        "sum": 7933.0,
        "mean": 7933.0,
        "median": 7933.0,
        "min": 7933,
        "max": 7933,
        "variance_ns2": null,
        "iqr_ns": 0.0,
        "q1_ns": 7933.0,
        "q3_ns": 7933.0
      },
      "futex_op_counts": {
        "128": 1
      },
      "first_seen_ts_ns": 473678060429,
      "last_seen_ts_ns": 473678060429
    },
    {
      "tgid": 10944,
      "comm": "lmp",
      "cgroup_id": 9731,
      "wait_duration_stats_ns": {
        "count": 1.0,
        "sum": 7905.0,
        "mean": 7905.0,
        "median": 7905.0,
        "min": 7905,
        "max": 7905,
        "variance_ns2": null,
        "iqr_ns": 0.0,
        "q1_ns": 7905.0,
        "q3_ns": 7905.0
      },
      "futex_op_counts": {
        "128": 1
      },
      "first_seen_ts_ns": 473678968641,
      "last_seen_ts_ns": 473678968641
    },
    {
      "tgid": 10927,
      "comm": "lmp",
      "cgroup_id": 9731,
      "wait_duration_stats_ns": {
        "count": 1.0,
        "sum": 7885.0,
        "mean": 7885.0,
        "median": 7885.0,
        "min": 7885,
        "max": 7885,
        "variance_ns2": null,
        "iqr_ns": 0.0,
        "q1_ns": 7885.0,
        "q3_ns": 7885.0
      },
      "futex_op_counts": {
        "128": 1
      },
      "first_seen_ts_ns": 473678161080,
      "last_seen_ts_ns": 473678161080
    },
    {
      "tgid": 10980,
      "comm": "lmp",
      "cgroup_id": 9731,
      "wait_duration_stats_ns": {
        "count": 1.0,
        "sum": 7876.0,
        "mean": 7876.0,
        "median": 7876.0,
        "min": 7876,
        "max": 7876,
        "variance_ns2": null,
        "iqr_ns": 0.0,
        "q1_ns": 7876.0,
        "q3_ns": 7876.0
      },
      "futex_op_counts": {
        "128": 1
      },
      "first_seen_ts_ns": 473678348295,
      "last_seen_ts_ns": 473678348295
    },
    {
      "tgid": 10968,
      "comm": "lmp",
      "cgroup_id": 9731,
      "wait_duration_stats_ns": {
        "count": 1.0,
        "sum": 7862.0,
        "mean": 7862.0,
        "median": 7862.0,
        "min": 7862,
        "max": 7862,
        "variance_ns2": null,
        "iqr_ns": 0.0,
        "q1_ns": 7862.0,
        "q3_ns": 7862.0
      },
      "futex_op_counts": {
        "128": 1
      },
      "first_seen_ts_ns": 473678392104,
      "last_seen_ts_ns": 473678392104
    },
    {
      "tgid": 10952,
      "comm": "lmp",
      "cgroup_id": 9731,
      "wait_duration_stats_ns": {
        "count": 1.0,
        "sum": 7850.0,
        "mean": 7850.0,
        "median": 7850.0,
        "min": 7850,
        "max": 7850,
        "variance_ns2": null,
        "iqr_ns": 0.0,
        "q1_ns": 7850.0,
        "q3_ns": 7850.0
      },
      "futex_op_counts": {
        "128": 1
      },
      "first_seen_ts_ns": 473678498189,
      "last_seen_ts_ns": 473678498189
    },
    {
      "tgid": 11048,
      "comm": "lmp",
      "cgroup_id": 9731,
      "wait_duration_stats_ns": {
        "count": 1.0,
        "sum": 7847.0,
        "mean": 7847.0,
        "median": 7847.0,
        "min": 7847,
        "max": 7847,
        "variance_ns2": null,
        "iqr_ns": 0.0,
        "q1_ns": 7847.0,
        "q3_ns": 7847.0
      },
      "futex_op_counts": {
        "128": 1
      },
      "first_seen_ts_ns": 473679059976,
      "last_seen_ts_ns": 473679059976
    },
    {
      "tgid": 10938,
      "comm": "lmp",
      "cgroup_id": 9731,
      "wait_duration_stats_ns": {
        "count": 1.0,
        "sum": 7840.0,
        "mean": 7840.0,
        "median": 7840.0,
        "min": 7840,
        "max": 7840,
        "variance_ns2": null,
        "iqr_ns": 0.0,
        "q1_ns": 7840.0,
        "q3_ns": 7840.0
      },
      "futex_op_counts": {
        "128": 1
      },
      "first_seen_ts_ns": 473678983229,
      "last_seen_ts_ns": 473678983229
    },
    {
      "tgid": 11012,
      "comm": "lmp",
      "cgroup_id": 9731,
      "wait_duration_stats_ns": {
        "count": 1.0,
        "sum": 7789.0,
        "mean": 7789.0,
        "median": 7789.0,
        "min": 7789,
        "max": 7789,
        "variance_ns2": null,
        "iqr_ns": 0.0,
        "q1_ns": 7789.0,
        "q3_ns": 7789.0
      },
      "futex_op_counts": {
        "128": 1
      },
      "first_seen_ts_ns": 473678178343,
      "last_seen_ts_ns": 473678178343
    },
    {
      "tgid": 10929,
      "comm": "lmp",
      "cgroup_id": 9731,
      "wait_duration_stats_ns": {
        "count": 1.0,
        "sum": 7781.0,
        "mean": 7781.0,
        "median": 7781.0,
        "min": 7781,
        "max": 7781,
        "variance_ns2": null,
        "iqr_ns": 0.0,
        "q1_ns": 7781.0,
        "q3_ns": 7781.0
      },
      "futex_op_counts": {
        "128": 1
      },
      "first_seen_ts_ns": 473678911010,
      "last_seen_ts_ns": 473678911010
    },
    {
      "tgid": 10914,
      "comm": "lmp",
      "cgroup_id": 9731,
      "wait_duration_stats_ns": {
        "count": 1.0,
        "sum": 7779.0,
        "mean": 7779.0,
        "median": 7779.0,
        "min": 7779,
        "max": 7779,
        "variance_ns2": null,
        "iqr_ns": 0.0,
        "q1_ns": 7779.0,
        "q3_ns": 7779.0
      },
      "futex_op_counts": {
        "128": 1
      },
      "first_seen_ts_ns": 473678794718,
      "last_seen_ts_ns": 473678794718
    },
    {
      "tgid": 10913,
      "comm": "lmp",
      "cgroup_id": 9731,
      "wait_duration_stats_ns": {
        "count": 1.0,
        "sum": 7772.0,
        "mean": 7772.0,
        "median": 7772.0,
        "min": 7772,
        "max": 7772,
        "variance_ns2": null,
        "iqr_ns": 0.0,
        "q1_ns": 7772.0,
        "q3_ns": 7772.0
      },
      "futex_op_counts": {
        "128": 1
      },
      "first_seen_ts_ns": 473678895583,
      "last_seen_ts_ns": 473678895583
    },
    {
      "tgid": 11006,
      "comm": "lmp",
      "cgroup_id": 9731,
      "wait_duration_stats_ns": {
        "count": 1.0,
        "sum": 7768.0,
        "mean": 7768.0,
        "median": 7768.0,
        "min": 7768,
        "max": 7768,
        "variance_ns2": null,
        "iqr_ns": 0.0,
        "q1_ns": 7768.0,
        "q3_ns": 7768.0
      },
      "futex_op_counts": {
        "128": 1
      },
      "first_seen_ts_ns": 473674415636,
      "last_seen_ts_ns": 473674415636
    },
    {
      "tgid": 10964,
      "comm": "lmp",
      "cgroup_id": 9731,
      "wait_duration_stats_ns": {
        "count": 1.0,
        "sum": 7748.0,
        "mean": 7748.0,
        "median": 7748.0,
        "min": 7748,
        "max": 7748,
        "variance_ns2": null,
        "iqr_ns": 0.0,
        "q1_ns": 7748.0,
        "q3_ns": 7748.0
      },
      "futex_op_counts": {
        "128": 1
      },
      "first_seen_ts_ns": 473678657429,
      "last_seen_ts_ns": 473678657429
    },
    {
      "tgid": 10918,
      "comm": "lmp",
      "cgroup_id": 9731,
      "wait_duration_stats_ns": {
        "count": 1.0,
        "sum": 7745.0,
        "mean": 7745.0,
        "median": 7745.0,
        "min": 7745,
        "max": 7745,
        "variance_ns2": null,
        "iqr_ns": 0.0,
        "q1_ns": 7745.0,
        "q3_ns": 7745.0
      },
      "futex_op_counts": {
        "128": 1
      },
      "first_seen_ts_ns": 473678837931,
      "last_seen_ts_ns": 473678837931
    },
    {
      "tgid": 10956,
      "comm": "lmp",
      "cgroup_id": 9731,
      "wait_duration_stats_ns": {
        "count": 1.0,
        "sum": 7726.0,
        "mean": 7726.0,
        "median": 7726.0,
        "min": 7726,
        "max": 7726,
        "variance_ns2": null,
        "iqr_ns": 0.0,
        "q1_ns": 7726.0,
        "q3_ns": 7726.0
      },
      "futex_op_counts": {
        "128": 1
      },
      "first_seen_ts_ns": 473678614509,
      "last_seen_ts_ns": 473678614509
    },
    {
      "tgid": 11010,
      "comm": "lmp",
      "cgroup_id": 9731,
      "wait_duration_stats_ns": {
        "count": 1.0,
        "sum": 7718.0,
        "mean": 7718.0,
        "median": 7718.0,
        "min": 7718,
        "max": 7718,
        "variance_ns2": null,
        "iqr_ns": 0.0,
        "q1_ns": 7718.0,
        "q3_ns": 7718.0
      },
      "futex_op_counts": {
        "128": 1
      },
      "first_seen_ts_ns": 473678143004,
      "last_seen_ts_ns": 473678143004
    },
    {
      "tgid": 11084,
      "comm": "lmp",
      "cgroup_id": 9731,
      "wait_duration_stats_ns": {
        "count": 1.0,
        "sum": 7716.0,
        "mean": 7716.0,
        "median": 7716.0,
        "min": 7716,
        "max": 7716,
        "variance_ns2": null,
        "iqr_ns": 0.0,
        "q1_ns": 7716.0,
        "q3_ns": 7716.0
      },
      "futex_op_counts": {
        "128": 1
      },
      "first_seen_ts_ns": 473677995362,
      "last_seen_ts_ns": 473677995362
    },
    {
      "tgid": 11016,
      "comm": "lmp",
      "cgroup_id": 9731,
      "wait_duration_stats_ns": {
        "count": 1.0,
        "sum": 7681.0,
        "mean": 7681.0,
        "median": 7681.0,
        "min": 7681,
        "max": 7681,
        "variance_ns2": null,
        "iqr_ns": 0.0,
        "q1_ns": 7681.0,
        "q3_ns": 7681.0
      },
      "futex_op_counts": {
        "128": 1
      },
      "first_seen_ts_ns": 473678207841,
      "last_seen_ts_ns": 473678207841
    },
    {
      "tgid": 11014,
      "comm": "lmp",
      "cgroup_id": 9731,
      "wait_duration_stats_ns": {
        "count": 1.0,
        "sum": 7681.0,
        "mean": 7681.0,
        "median": 7681.0,
        "min": 7681,
        "max": 7681,
        "variance_ns2": null,
        "iqr_ns": 0.0,
        "q1_ns": 7681.0,
        "q3_ns": 7681.0
      },
      "futex_op_counts": {
        "128": 1
      },
      "first_seen_ts_ns": 473678223805,
      "last_seen_ts_ns": 473678223805
    },
    {
      "tgid": 10954,
      "comm": "lmp",
      "cgroup_id": 9731,
      "wait_duration_stats_ns": {
        "count": 1.0,
        "sum": 7665.0,
        "mean": 7665.0,
        "median": 7665.0,
        "min": 7665,
        "max": 7665,
        "variance_ns2": null,
        "iqr_ns": 0.0,
        "q1_ns": 7665.0,
        "q3_ns": 7665.0
      },
      "futex_op_counts": {
        "128": 1
      },
      "first_seen_ts_ns": 473678513641,
      "last_seen_ts_ns": 473678513641
    },
    {
      "tgid": 10923,
      "comm": "lmp",
      "cgroup_id": 9731,
      "wait_duration_stats_ns": {
        "count": 1.0,
        "sum": 7655.0,
        "mean": 7655.0,
        "median": 7655.0,
        "min": 7655,
        "max": 7655,
        "variance_ns2": null,
        "iqr_ns": 0.0,
        "q1_ns": 7655.0,
        "q3_ns": 7655.0
      },
      "futex_op_counts": {
        "128": 1
      },
      "first_seen_ts_ns": 473678853571,
      "last_seen_ts_ns": 473678853571
    },
    {
      "tgid": 10984,
      "comm": "lmp",
      "cgroup_id": 9731,
      "wait_duration_stats_ns": {
        "count": 1.0,
        "sum": 7647.0,
        "mean": 7647.0,
        "median": 7647.0,
        "min": 7647,
        "max": 7647,
        "variance_ns2": null,
        "iqr_ns": 0.0,
        "q1_ns": 7647.0,
        "q3_ns": 7647.0
      },
      "futex_op_counts": {
        "128": 1
      },
      "first_seen_ts_ns": 473678365866,
      "last_seen_ts_ns": 473678365866
    },
    {
      "tgid": 10966,
      "comm": "lmp",
      "cgroup_id": 9731,
      "wait_duration_stats_ns": {
        "count": 1.0,
        "sum": 7647.0,
        "mean": 7647.0,
        "median": 7647.0,
        "min": 7647,
        "max": 7647,
        "variance_ns2": null,
        "iqr_ns": 0.0,
        "q1_ns": 7647.0,
        "q3_ns": 7647.0
      },
      "futex_op_counts": {
        "128": 1
      },
      "first_seen_ts_ns": 473678671101,
      "last_seen_ts_ns": 473678671101
    },
    {
      "tgid": 10931,
      "comm": "lmp",
      "cgroup_id": 9731,
      "wait_duration_stats_ns": {
        "count": 1.0,
        "sum": 7643.0,
        "mean": 7643.0,
        "median": 7643.0,
        "min": 7643,
        "max": 7643,
        "variance_ns2": null,
        "iqr_ns": 0.0,
        "q1_ns": 7643.0,
        "q3_ns": 7643.0
      },
      "futex_op_counts": {
        "128": 1
      },
      "first_seen_ts_ns": 473678881321,
      "last_seen_ts_ns": 473678881321
    },
    {
      "tgid": 10998,
      "comm": "lmp",
      "cgroup_id": 9731,
      "wait_duration_stats_ns": {
        "count": 1.0,
        "sum": 7631.0,
        "mean": 7631.0,
        "median": 7631.0,
        "min": 7631,
        "max": 7631,
        "variance_ns2": null,
        "iqr_ns": 0.0,
        "q1_ns": 7631.0,
        "q3_ns": 7631.0
      },
      "futex_op_counts": {
        "128": 1
      },
      "first_seen_ts_ns": 473678252844,
      "last_seen_ts_ns": 473678252844
    },
    {
      "tgid": 10949,
      "comm": "lmp",
      "cgroup_id": 9731,
      "wait_duration_stats_ns": {
        "count": 1.0,
        "sum": 7625.0,
        "mean": 7625.0,
        "median": 7625.0,
        "min": 7625,
        "max": 7625,
        "variance_ns2": null,
        "iqr_ns": 0.0,
        "q1_ns": 7625.0,
        "q3_ns": 7625.0
      },
      "futex_op_counts": {
        "128": 1
      },
      "first_seen_ts_ns": 473678466901,
      "last_seen_ts_ns": 473678466901
    },
    {
      "tgid": 11020,
      "comm": "lmp",
      "cgroup_id": 9731,
      "wait_duration_stats_ns": {
        "count": 1.0,
        "sum": 7621.0,
        "mean": 7621.0,
        "median": 7621.0,
        "min": 7621,
        "max": 7621,
        "variance_ns2": null,
        "iqr_ns": 0.0,
        "q1_ns": 7621.0,
        "q3_ns": 7621.0
      },
      "futex_op_counts": {
        "128": 1
      },
      "first_seen_ts_ns": 473673681127,
      "last_seen_ts_ns": 473673681127
    },
    {
      "tgid": 10992,
      "comm": "lmp",
      "cgroup_id": 9731,
      "wait_duration_stats_ns": {
        "count": 1.0,
        "sum": 7595.0,
        "mean": 7595.0,
        "median": 7595.0,
        "min": 7595,
        "max": 7595,
        "variance_ns2": null,
        "iqr_ns": 0.0,
        "q1_ns": 7595.0,
        "q3_ns": 7595.0
      },
      "futex_op_counts": {
        "128": 1
      },
      "first_seen_ts_ns": 473678453311,
      "last_seen_ts_ns": 473678453311
    },
    {
      "tgid": 10976,
      "comm": "lmp",
      "cgroup_id": 9731,
      "wait_duration_stats_ns": {
        "count": 1.0,
        "sum": 7586.0,
        "mean": 7586.0,
        "median": 7586.0,
        "min": 7586,
        "max": 7586,
        "variance_ns2": null,
        "iqr_ns": 0.0,
        "q1_ns": 7586.0,
        "q3_ns": 7586.0
      },
      "futex_op_counts": {
        "128": 1
      },
      "first_seen_ts_ns": 473678378853,
      "last_seen_ts_ns": 473678378853
    },
    {
      "tgid": 11024,
      "comm": "lmp",
      "cgroup_id": 9731,
      "wait_duration_stats_ns": {
        "count": 1.0,
        "sum": 7561.0,
        "mean": 7561.0,
        "median": 7561.0,
        "min": 7561,
        "max": 7561,
        "variance_ns2": null,
        "iqr_ns": 0.0,
        "q1_ns": 7561.0,
        "q3_ns": 7561.0
      },
      "futex_op_counts": {
        "128": 1
      },
      "first_seen_ts_ns": 473678138993,
      "last_seen_ts_ns": 473678138993
    },
    {
      "tgid": 10936,
      "comm": "lmp",
      "cgroup_id": 9731,
      "wait_duration_stats_ns": {
        "count": 1.0,
        "sum": 7554.0,
        "mean": 7554.0,
        "median": 7554.0,
        "min": 7554,
        "max": 7554,
        "variance_ns2": null,
        "iqr_ns": 0.0,
        "q1_ns": 7554.0,
        "q3_ns": 7554.0
      },
      "futex_op_counts": {
        "128": 1
      },
      "first_seen_ts_ns": 473678939076,
      "last_seen_ts_ns": 473678939076
    },
    {
      "tgid": 10920,
      "comm": "lmp",
      "cgroup_id": 9731,
      "wait_duration_stats_ns": {
        "count": 1.0,
        "sum": 7547.0,
        "mean": 7547.0,
        "median": 7547.0,
        "min": 7547,
        "max": 7547,
        "variance_ns2": null,
        "iqr_ns": 0.0,
        "q1_ns": 7547.0,
        "q3_ns": 7547.0
      },
      "futex_op_counts": {
        "128": 1
      },
      "first_seen_ts_ns": 473678811795,
      "last_seen_ts_ns": 473678811795
    },
    {
      "tgid": 10982,
      "comm": "lmp",
      "cgroup_id": 9731,
      "wait_duration_stats_ns": {
        "count": 1.0,
        "sum": 7534.0,
        "mean": 7534.0,
        "median": 7534.0,
        "min": 7534,
        "max": 7534,
        "variance_ns2": null,
        "iqr_ns": 0.0,
        "q1_ns": 7534.0,
        "q3_ns": 7534.0
      },
      "futex_op_counts": {
        "128": 1
      },
      "first_seen_ts_ns": 473678749904,
      "last_seen_ts_ns": 473678749904
    },
    {
      "tgid": 11018,
      "comm": "lmp",
      "cgroup_id": 9731,
      "wait_duration_stats_ns": {
        "count": 1.0,
        "sum": 7503.0,
        "mean": 7503.0,
        "median": 7503.0,
        "min": 7503,
        "max": 7503,
        "variance_ns2": null,
        "iqr_ns": 0.0,
        "q1_ns": 7503.0,
        "q3_ns": 7503.0
      },
      "futex_op_counts": {
        "128": 1
      },
      "first_seen_ts_ns": 473678193254,
      "last_seen_ts_ns": 473678193254
    },
    {
      "tgid": 10970,
      "comm": "lmp",
      "cgroup_id": 9731,
      "wait_duration_stats_ns": {
        "count": 1.0,
        "sum": 7479.0,
        "mean": 7479.0,
        "median": 7479.0,
        "min": 7479,
        "max": 7479,
        "variance_ns2": null,
        "iqr_ns": 0.0,
        "q1_ns": 7479.0,
        "q3_ns": 7479.0
      },
      "futex_op_counts": {
        "128": 1
      },
      "first_seen_ts_ns": 473678701709,
      "last_seen_ts_ns": 473678701709
    },
    {
      "tgid": 11004,
      "comm": "lmp",
      "cgroup_id": 9731,
      "wait_duration_stats_ns": {
        "count": 1.0,
        "sum": 7365.0,
        "mean": 7365.0,
        "median": 7365.0,
        "min": 7365,
        "max": 7365,
        "variance_ns2": null,
        "iqr_ns": 0.0,
        "q1_ns": 7365.0,
        "q3_ns": 7365.0
      },
      "futex_op_counts": {
        "128": 1
      },
      "first_seen_ts_ns": 473678294296,
      "last_seen_ts_ns": 473678294296
    },
    {
      "tgid": 10915,
      "comm": "lmp",
      "cgroup_id": 9731,
      "wait_duration_stats_ns": {
        "count": 1.0,
        "sum": 7356.0,
        "mean": 7356.0,
        "median": 7356.0,
        "min": 7356,
        "max": 7356,
        "variance_ns2": null,
        "iqr_ns": 0.0,
        "q1_ns": 7356.0,
        "q3_ns": 7356.0
      },
      "futex_op_counts": {
        "128": 1
      },
      "first_seen_ts_ns": 473678823804,
      "last_seen_ts_ns": 473678823804
    },
    {
      "tgid": 11002,
      "comm": "lmp",
      "cgroup_id": 9731,
      "wait_duration_stats_ns": {
        "count": 1.0,
        "sum": 7345.0,
        "mean": 7345.0,
        "median": 7345.0,
        "min": 7345,
        "max": 7345,
        "variance_ns2": null,
        "iqr_ns": 0.0,
        "q1_ns": 7345.0,
        "q3_ns": 7345.0
      },
      "futex_op_counts": {
        "128": 1
      },
      "first_seen_ts_ns": 473678278896,
      "last_seen_ts_ns": 473678278896
    },
    {
      "tgid": 11022,
      "comm": "lmp",
      "cgroup_id": 9731,
      "wait_duration_stats_ns": {
        "count": 1.0,
        "sum": 7313.0,
        "mean": 7313.0,
        "median": 7313.0,
        "min": 7313,
        "max": 7313,
        "variance_ns2": null,
        "iqr_ns": 0.0,
        "q1_ns": 7313.0,
        "q3_ns": 7313.0
      },
      "futex_op_counts": {
        "128": 1
      },
      "first_seen_ts_ns": 473678307565,
      "last_seen_ts_ns": 473678307565
    },
    {
      "tgid": 11038,
      "comm": "lmp",
      "cgroup_id": 9731,
      "wait_duration_stats_ns": {
        "count": 1.0,
        "sum": 7294.0,
        "mean": 7294.0,
        "median": 7294.0,
        "min": 7294,
        "max": 7294,
        "variance_ns2": null,
        "iqr_ns": 0.0,
        "q1_ns": 7294.0,
        "q3_ns": 7294.0
      },
      "futex_op_counts": {
        "128": 1
      },
      "first_seen_ts_ns": 473678126773,
      "last_seen_ts_ns": 473678126773
    },
    {
      "tgid": 10946,
      "comm": "lmp",
      "cgroup_id": 9731,
      "wait_duration_stats_ns": {
        "count": 1.0,
        "sum": 7282.0,
        "mean": 7282.0,
        "median": 7282.0,
        "min": 7282,
        "max": 7282,
        "variance_ns2": null,
        "iqr_ns": 0.0,
        "q1_ns": 7282.0,
        "q3_ns": 7282.0
      },
      "futex_op_counts": {
        "128": 1
      },
      "first_seen_ts_ns": 473678599901,
      "last_seen_ts_ns": 473678599901
    },
    {
      "tgid": 11008,
      "comm": "lmp",
      "cgroup_id": 9731,
      "wait_duration_stats_ns": {
        "count": 1.0,
        "sum": 7201.0,
        "mean": 7201.0,
        "median": 7201.0,
        "min": 7201,
        "max": 7201,
        "variance_ns2": null,
        "iqr_ns": 0.0,
        "q1_ns": 7201.0,
        "q3_ns": 7201.0
      },
      "futex_op_counts": {
        "128": 1
      },
      "first_seen_ts_ns": 473678236738,
      "last_seen_ts_ns": 473678236738
    },
    {
      "tgid": 10933,
      "comm": "lmp",
      "cgroup_id": 9731,
      "wait_duration_stats_ns": {
        "count": 1.0,
        "sum": 6930.0,
        "mean": 6930.0,
        "median": 6930.0,
        "min": 6930,
        "max": 6930,
        "variance_ns2": null,
        "iqr_ns": 0.0,
        "q1_ns": 6930.0,
        "q3_ns": 6930.0
      },
      "futex_op_counts": {
        "128": 1
      },
      "first_seen_ts_ns": 473678923904,
      "last_seen_ts_ns": 473678923904
    },
    {
      "tgid": 10962,
      "comm": "lmp",
      "cgroup_id": 9731,
      "wait_duration_stats_ns": {
        "count": 1.0,
        "sum": 6824.0,
        "mean": 6824.0,
        "median": 6824.0,
        "min": 6824,
        "max": 6824,
        "variance_ns2": null,
        "iqr_ns": 0.0,
        "q1_ns": 6824.0,
        "q3_ns": 6824.0
      },
      "futex_op_counts": {
        "128": 1
      },
      "first_seen_ts_ns": 473678686212,
      "last_seen_ts_ns": 473678686212
    },
    {
      "tgid": 11062,
      "comm": "lmp",
      "cgroup_id": 9731,
      "wait_duration_stats_ns": {
        "count": 1.0,
        "sum": 6778.0,
        "mean": 6778.0,
        "median": 6778.0,
        "min": 6778,
        "max": 6778,
        "variance_ns2": null,
        "iqr_ns": 0.0,
        "q1_ns": 6778.0,
        "q3_ns": 6778.0
      },
      "futex_op_counts": {
        "128": 1
      },
      "first_seen_ts_ns": 473678092533,
      "last_seen_ts_ns": 473678092533
    },
    {
      "tgid": 11000,
      "comm": "lmp",
      "cgroup_id": 9731,
      "wait_duration_stats_ns": {
        "count": 1.0,
        "sum": 6381.0,
        "mean": 6381.0,
        "median": 6381.0,
        "min": 6381,
        "max": 6381,
        "variance_ns2": null,
        "iqr_ns": 0.0,
        "q1_ns": 6381.0,
        "q3_ns": 6381.0
      },
      "futex_op_counts": {
        "128": 1
      },
      "first_seen_ts_ns": 473678264737,
      "last_seen_ts_ns": 473678264737
    },
    {
      "tgid": 10996,
      "comm": "lmp",
      "cgroup_id": 9731,
      "wait_duration_stats_ns": {
        "count": 1.0,
        "sum": 5456.0,
        "mean": 5456.0,
        "median": 5456.0,
        "min": 5456,
        "max": 5456,
        "variance_ns2": null,
        "iqr_ns": 0.0,
        "q1_ns": 5456.0,
        "q3_ns": 5456.0
      },
      "futex_op_counts": {
        "128": 1
      },
      "first_seen_ts_ns": 473678145890,
      "last_seen_ts_ns": 473678145890
    }
  ]
}
[16:56:42] Cleanup complete.
