unlimited
PROGRAM: cpu
Looking for /opt/programs/cpu/ebpf-collect.c
[14:41:00] Waiting for start indicator file: '/mnt/flux/start_ebpf_collection'.
[14:41:11] Start indicator found. Proceeding with monitoring.
[14:41:11] Initializing eBPF for CPU Scheduling monitoring...
[14:41:11] BPF C code compiled and loaded.
[14:41:11] Attached tracepoints.
[14:41:11] Monitoring CPU scheduling events (polling aggregated map)... Press Ctrl+C to stop.
[14:42:58] Stop indicator file '/mnt/flux/stop_ebpf_collection' found. Stopping.
[14:42:58] Initiating cleanup sequence...
{
  "final_aggregated_summary_river": [
    {
      "tgid": 86,
      "comm": "python3",
      "cgroup_id": 10054,
      "on_cpu_stats_ns": {
        "count": 445.0,
        "sum_ns": 10011362.63265116,
        "mean_ns": 22497.444118317213,
        "median_ns": 18135.145571855952,
        "min_ns": 4456.0,
        "max_ns": 1085743.8,
        "variance_ns2": 2780103443.892905,
        "iqr_ns": 10333.625831016869,
        "q1_ns": 11765.675656994847,
        "q3_ns": 22099.301488011715
      },
      "runq_latency_stats_ns": {
        "count": 445.0,
        "sum_ns": 3799945.801350991,
        "mean_ns": 8539.204047979754,
        "median_ns": 6501.444723289908,
        "min_ns": 1116.3820224719102,
        "max_ns": 428755.0,
        "variance_ns2": 771786643.2096678,
        "iqr_ns": 2492.1945531429255,
        "q1_ns": 4651.037561941856,
        "q3_ns": 7143.232115084782
      },
      "first_seen_ts_ns": 1747579271463462815,
      "last_seen_ts_ns": 1747579378293834015,
      "duration_active_s": 106.8303712
    },
    {
      "tgid": 269,
      "comm": "lmp",
      "cgroup_id": 10133,
      "on_cpu_stats_ns": {
        "count": 78.0,
        "sum_ns": 3454992.5000000005,
        "mean_ns": 44294.77564102565,
        "median_ns": 35079.07878132583,
        "min_ns": 7550.0,
        "max_ns": 286316.0,
        "variance_ns2": 1290210709.6535547,
        "iqr_ns": 28240.32097317305,
        "q1_ns": 28162.6451311437,
        "q3_ns": 56402.96610431675
      },
      "runq_latency_stats_ns": {
        "count": 77.0,
        "sum_ns": 11190755.499999998,
        "mean_ns": 145334.487012987,
        "median_ns": 5088.516837393376,
        "min_ns": 1696.0,
        "max_ns": 4273165.0,
        "variance_ns2": 401265505363.6447,
        "iqr_ns": 1292.9613122842657,
        "q1_ns": 5507.067639548292,
        "q3_ns": 6800.028951832558
      },
      "first_seen_ts_ns": 1747579271463462815,
      "last_seen_ts_ns": 1747579316949903200,
      "duration_active_s": 45.486440385
    },
    {
      "tgid": 227,
      "comm": "lmp",
      "cgroup_id": 10133,
      "on_cpu_stats_ns": {
        "count": 52.0,
        "sum_ns": 2941159.0,
        "mean_ns": 56560.75,
        "median_ns": 45961.286236546825,
        "min_ns": 8795.0,
        "max_ns": 230659.0,
        "variance_ns2": 2585355602.897059,
        "iqr_ns": 37225.501806174696,
        "q1_ns": 29869.186257735044,
        "q3_ns": 67094.68806390974
      },
      "runq_latency_stats_ns": {
        "count": 52.0,
        "sum_ns": 8899287.5,
        "mean_ns": 171140.14423076925,
        "median_ns": 11780.064579638101,
        "min_ns": 1645.0,
        "max_ns": 3005863.0,
        "variance_ns2": 315237662318.2778,
        "iqr_ns": 80604.67766909546,
        "q1_ns": 4795.916480282285,
        "q3_ns": 85400.59414937775
      },
      "first_seen_ts_ns": 1747579271463462815,
      "last_seen_ts_ns": 1747579317369480870,
      "duration_active_s": 45.906018055
    },
    {
      "tgid": 1,
      "comm": "pause",
      "cgroup_id": 9896,
      "on_cpu_stats_ns": {
        "count": 15.0,
        "sum_ns": 2680940.486111111,
        "mean_ns": 178729.36574074073,
        "median_ns": 160753.29216343327,
        "min_ns": 93086.0,
        "max_ns": 611456.5,
        "variance_ns2": 15492156201.442005,
        "iqr_ns": 54249.23518105157,
        "q1_ns": 123012.05735367065,
        "q3_ns": 177261.29253472222
      },
      "runq_latency_stats_ns": {
        "count": 15.0,
        "sum_ns": 185479.90000000005,
        "mean_ns": 12365.32666666667,
        "median_ns": 5356.1198952380955,
        "min_ns": 2288.0,
        "max_ns": 59293.0,
        "variance_ns2": 253254922.6720953,
        "iqr_ns": 9892.754497354497,
        "q1_ns": 4771.523280423281,
        "q3_ns": 14664.277777777777
      },
      "first_seen_ts_ns": 1747579284480145362,
      "last_seen_ts_ns": 1747579374455749342,
      "duration_active_s": 89.97560398
    },
    {
      "tgid": 197,
      "comm": "lmp",
      "cgroup_id": 10133,
      "on_cpu_stats_ns": {
        "count": 50.0,
        "sum_ns": 2356647.5,
        "mean_ns": 47132.95,
        "median_ns": 38959.466125789324,
        "min_ns": 9016.0,
        "max_ns": 175419.0,
        "variance_ns2": 1167459238.3698983,
        "iqr_ns": 37947.38863664346,
        "q1_ns": 27453.34110816212,
        "q3_ns": 65400.72974480558
      },
      "runq_latency_stats_ns": {
        "count": 50.0,
        "sum_ns": 8986299.000000006,
        "mean_ns": 179725.9800000001,
        "median_ns": 5051.599970833898,
        "min_ns": 1837.0,
        "max_ns": 3997905.0,
        "variance_ns2": 499058523589.39764,
        "iqr_ns": 9046.855517125841,
        "q1_ns": 4471.7831045113735,
        "q3_ns": 13518.638621637216
      },
      "first_seen_ts_ns": 1747579271463462815,
      "last_seen_ts_ns": 1747579316331149093,
      "duration_active_s": 44.867686278
    },
    {
      "tgid": 450,
      "comm": "lmp",
      "cgroup_id": 10133,
      "on_cpu_stats_ns": {
        "count": 49.0,
        "sum_ns": 2143872.9999999995,
        "mean_ns": 43752.51020408163,
        "median_ns": 34424.23586413568,
        "min_ns": 24067.0,
        "max_ns": 84102.0,
        "variance_ns2": 278902893.30718535,
        "iqr_ns": 22492.310821854768,
        "q1_ns": 29954.760548001486,
        "q3_ns": 52447.071369856254
      },
      "runq_latency_stats_ns": {
        "count": 49.0,
        "sum_ns": 277213.00000000006,
        "mean_ns": 5657.408163265307,
        "median_ns": 5156.190643326909,
        "min_ns": 3205.0,
        "max_ns": 11958.0,
        "variance_ns2": 2523453.9132653065,
        "iqr_ns": 2224.009061641541,
        "q1_ns": 4509.937787735879,
        "q3_ns": 6733.94684937742
      },
      "first_seen_ts_ns": 1747579323256808053,
      "last_seen_ts_ns": 1747579357233527059,
      "duration_active_s": 33.976719006
    },
    {
      "tgid": 323,
      "comm": "lmp",
      "cgroup_id": 10133,
      "on_cpu_stats_ns": {
        "count": 51.0,
        "sum_ns": 1879764.9999999998,
        "mean_ns": 36858.13725490196,
        "median_ns": 33382.445004310044,
        "min_ns": 12297.0,
        "max_ns": 84787.0,
        "variance_ns2": 308610945.2807843,
        "iqr_ns": 17350.484765744477,
        "q1_ns": 25326.783431498392,
        "q3_ns": 42677.26819724287
      },
      "runq_latency_stats_ns": {
        "count": 51.0,
        "sum_ns": 6137520.000000001,
        "mean_ns": 120343.52941176473,
        "median_ns": 6516.205331812568,
        "min_ns": 2124.0,
        "max_ns": 3015071.0,
        "variance_ns2": 264584111945.13416,
        "iqr_ns": 365.67544846476176,
        "q1_ns": 4873.709628884592,
        "q3_ns": 5239.385077349354
      },
      "first_seen_ts_ns": 1747579271989610387,
      "last_seen_ts_ns": 1747579318293791373,
      "duration_active_s": 46.304180986
    },
    {
      "tgid": 504,
      "comm": "lmp",
      "cgroup_id": 10133,
      "on_cpu_stats_ns": {
        "count": 35.0,
        "sum_ns": 1306948.5,
        "mean_ns": 37341.385714285716,
        "median_ns": 32742.093947306243,
        "min_ns": 18326.0,
        "max_ns": 98700.0,
        "variance_ns2": 330595116.29537827,
        "iqr_ns": 16801.891001312582,
        "q1_ns": 26438.434467592593,
        "q3_ns": 43240.325468905176
      },
      "runq_latency_stats_ns": {
        "count": 35.0,
        "sum_ns": 4179075.0,
        "mean_ns": 119402.14285714286,
        "median_ns": 14735.095124982392,
        "min_ns": 1953.0,
        "max_ns": 3998856.0,
        "variance_ns2": 455673077089.0083,
        "iqr_ns": 19408.168757390158,
        "q1_ns": 6118.910344698574,
        "q3_ns": 25527.07910208873
      },
      "first_seen_ts_ns": 1747579323256808053,
      "last_seen_ts_ns": 1747579358182337922,
      "duration_active_s": 34.925529869
    },
    {
      "tgid": 390,
      "comm": "lmp",
      "cgroup_id": 10133,
      "on_cpu_stats_ns": {
        "count": 34.0,
        "sum_ns": 1303115.0,
        "mean_ns": 38326.91176470588,
        "median_ns": 32569.202994451673,
        "min_ns": 24160.0,
        "max_ns": 81629.0,
        "variance_ns2": 255499334.20409986,
        "iqr_ns": 15593.23715310427,
        "q1_ns": 27083.396462681278,
        "q3_ns": 42676.63361578555
      },
      "runq_latency_stats_ns": {
        "count": 34.0,
        "sum_ns": 199264.0,
        "mean_ns": 5860.705882352941,
        "median_ns": 5717.842447968285,
        "min_ns": 4170.0,
        "max_ns": 11570.0,
        "variance_ns2": 1923192.0926916222,
        "iqr_ns": 1548.3400254034832,
        "q1_ns": 5096.445648798857,
        "q3_ns": 6644.7856742023405
      },
      "first_seen_ts_ns": 1747579323256808053,
      "last_seen_ts_ns": 1747579357233527059,
      "duration_active_s": 33.976719006
    },
    {
      "tgid": 510,
      "comm": "lmp",
      "cgroup_id": 10133,
      "on_cpu_stats_ns": {
        "count": 33.0,
        "sum_ns": 1099306.0,
        "mean_ns": 33312.30303030303,
        "median_ns": 29384.076857734908,
        "min_ns": 21317.0,
        "max_ns": 125678.0,
        "variance_ns2": 318742115.1553031,
        "iqr_ns": 7690.44642059529,
        "q1_ns": 25723.23653855684,
        "q3_ns": 33413.68295915213
      },
      "runq_latency_stats_ns": {
        "count": 33.0,
        "sum_ns": 332983.50000000006,
        "mean_ns": 10090.409090909092,
        "median_ns": 5281.3152562845635,
        "min_ns": 3832.0,
        "max_ns": 152060.0,
        "variance_ns2": 651356579.4602273,
        "iqr_ns": 1845.911327754854,
        "q1_ns": 4761.791171230008,
        "q3_ns": 6607.702498984862
      },
      "first_seen_ts_ns": 1747579323256808053,
      "last_seen_ts_ns": 1747579358182337922,
      "duration_active_s": 34.925529869
    },
    {
      "tgid": 523,
      "comm": "lmp",
      "cgroup_id": 10133,
      "on_cpu_stats_ns": {
        "count": 33.0,
        "sum_ns": 1073989.9999999998,
        "mean_ns": 32545.15151515151,
        "median_ns": 27300.472178442007,
        "min_ns": 21248.0,
        "max_ns": 128098.0,
        "variance_ns2": 327118008.0700755,
        "iqr_ns": 9471.060886167368,
        "q1_ns": 25433.80064683088,
        "q3_ns": 34904.86153299825
      },
      "runq_latency_stats_ns": {
        "count": 33.0,
        "sum_ns": 2181265.000000001,
        "mean_ns": 66098.93939393942,
        "median_ns": 10965.923727291265,
        "min_ns": 3770.0,
        "max_ns": 1999076.0,
        "variance_ns2": 120413675761.87119,
        "iqr_ns": 7776.7296820958,
        "q1_ns": 6566.662229067835,
        "q3_ns": 14343.391911163635
      },
      "first_seen_ts_ns": 1747579324188692901,
      "last_seen_ts_ns": 1747579357233527059,
      "duration_active_s": 33.044834158
    },
    {
      "tgid": 82,
      "comm": "ZMQbg/Reaper",
      "cgroup_id": 10133,
      "on_cpu_stats_ns": {
        "count": 17.0,
        "sum_ns": 759490.0,
        "mean_ns": 44675.882352941175,
        "median_ns": 29921.030666666666,
        "min_ns": 14813.0,
        "max_ns": 162741.0,
        "variance_ns2": 1462176953.235294,
        "iqr_ns": 29587.184920634925,
        "q1_ns": 20665.978993055553,
        "q3_ns": 50253.16391369048
      },
      "runq_latency_stats_ns": {
        "count": 17.0,
        "sum_ns": 332501.0,
        "mean_ns": 19558.882352941175,
        "median_ns": 4787.680555555556,
        "min_ns": 2884.0,
        "max_ns": 181477.5,
        "variance_ns2": 1951571680.954044,
        "iqr_ns": 5849.928068783067,
        "q1_ns": 3720.093253968254,
        "q3_ns": 9570.021322751321
      },
      "first_seen_ts_ns": 1747579272851102636,
      "last_seen_ts_ns": 1747579358182337922,
      "duration_active_s": 85.331235286
    },
    {
      "tgid": 82,
      "comm": "flux-broker-3",
      "cgroup_id": 10133,
      "on_cpu_stats_ns": {
        "count": 30.0,
        "sum_ns": 492240.8071161051,
        "mean_ns": 16408.02690387017,
        "median_ns": 18484.719577091055,
        "min_ns": 3610.0,
        "max_ns": 30932.0,
        "variance_ns2": 57912019.617736794,
        "iqr_ns": 11984.472489569705,
        "q1_ns": 10891.97460787578,
        "q3_ns": 22876.447097445485
      },
      "runq_latency_stats_ns": {
        "count": 30.0,
        "sum_ns": 181892.0411985019,
        "mean_ns": 6063.0680399500625,
        "median_ns": 6651.726422523788,
        "min_ns": 1186.7078651685392,
        "max_ns": 14334.0,
        "variance_ns2": 6657863.872061398,
        "iqr_ns": 2535.2753997429245,
        "q1_ns": 4679.014368547252,
        "q3_ns": 7214.289768290177
      },
      "first_seen_ts_ns": 1747579271463462815,
      "last_seen_ts_ns": 1747579376975529869,
      "duration_active_s": 105.512067054
    },
    {
      "tgid": 82,
      "comm": "content",
      "cgroup_id": 10133,
      "on_cpu_stats_ns": {
        "count": 28.0,
        "sum_ns": 490997.47940074897,
        "mean_ns": 17535.624264312464,
        "median_ns": 18005.929079528512,
        "min_ns": 5562.0,
        "max_ns": 31456.0,
        "variance_ns2": 54281392.83186597,
        "iqr_ns": 7710.877771889192,
        "q1_ns": 13533.333734053087,
        "q3_ns": 21244.21150594228
      },
      "runq_latency_stats_ns": {
        "count": 28.0,
        "sum_ns": 168659.91011235956,
        "mean_ns": 6023.568218298556,
        "median_ns": 6425.48079566273,
        "min_ns": 1389.0,
        "max_ns": 8266.0,
        "variance_ns2": 3278079.3983029504,
        "iqr_ns": 2189.2901734888246,
        "q1_ns": 5009.605160202807,
        "q3_ns": 7198.895333691632
      },
      "first_seen_ts_ns": 1747579271463462815,
      "last_seen_ts_ns": 1747579376975529869,
      "duration_active_s": 105.512067054
    },
    {
      "tgid": 28,
      "comm": "bash",
      "cgroup_id": 10054,
      "on_cpu_stats_ns": {
        "count": 32.0,
        "sum_ns": 461127.7164794007,
        "mean_ns": 14410.241139981272,
        "median_ns": 13930.526848918538,
        "min_ns": 4309.0,
        "max_ns": 25130.483146067414,
        "variance_ns2": 44416482.64985403,
        "iqr_ns": 10718.732013080162,
        "q1_ns": 9853.115062670577,
        "q3_ns": 20571.84707575074
      },
      "runq_latency_stats_ns": {
        "count": 32.0,
        "sum_ns": 171262.4692883895,
        "mean_ns": 5351.952165262172,
        "median_ns": 5414.8170534297915,
        "min_ns": 1024.2359550561798,
        "max_ns": 9665.0,
        "variance_ns2": 5572316.284191347,
        "iqr_ns": 4926.958148019542,
        "q1_ns": 2408.933838126345,
        "q3_ns": 7335.891986145887
      },
      "first_seen_ts_ns": 1747579271463462815,
      "last_seen_ts_ns": 1747579376975529869,
      "duration_active_s": 105.512067054
    },
    {
      "tgid": 496,
      "comm": "lmp",
      "cgroup_id": 10133,
      "on_cpu_stats_ns": {
        "count": 18.0,
        "sum_ns": 366114.99999999994,
        "mean_ns": 20339.72222222222,
        "median_ns": 20376.2119047619,
        "min_ns": 10127.0,
        "max_ns": 31779.0,
        "variance_ns2": 44640340.2124183,
        "iqr_ns": 6305.439417989415,
        "q1_ns": 17979.310582010585,
        "q3_ns": 24284.75
      },
      "runq_latency_stats_ns": {
        "count": 18.0,
        "sum_ns": 118593.0,
        "mean_ns": 6588.5,
        "median_ns": 6884.7982142857145,
        "min_ns": 2086.0,
        "max_ns": 8153.0,
        "variance_ns2": 1930432.9705882354,
        "iqr_ns": 931.4139325926008,
        "q1_ns": 6419.601388888889,
        "q3_ns": 7351.01532148149
      },
      "first_seen_ts_ns": 1747579321016321635,
      "last_seen_ts_ns": 1747579357016144807,
      "duration_active_s": 35.999823172
    },
    {
      "tgid": 279,
      "comm": "lmp",
      "cgroup_id": 10133,
      "on_cpu_stats_ns": {
        "count": 16.0,
        "sum_ns": 330564.316091954,
        "mean_ns": 20660.269755747126,
        "median_ns": 21394.834772167487,
        "min_ns": 11665.0,
        "max_ns": 34995.0,
        "variance_ns2": 34410083.51218333,
        "iqr_ns": 7320.565091636763,
        "q1_ns": 16455.33620689655,
        "q3_ns": 23775.901298533314
      },
      "runq_latency_stats_ns": {
        "count": 16.0,
        "sum_ns": 100291.77011494254,
        "mean_ns": 6268.235632183909,
        "median_ns": 7236.256465517241,
        "min_ns": 1134.7701149425288,
        "max_ns": 10104.0,
        "variance_ns2": 7345961.810965782,
        "iqr_ns": 1217.817319392654,
        "q1_ns": 6941.87925925926,
        "q3_ns": 8159.696578651914
      },
      "first_seen_ts_ns": 1747579272525864714,
      "last_seen_ts_ns": 1747579318833256658,
      "duration_active_s": 46.307391944
    },
    {
      "tgid": 285,
      "comm": "lmp",
      "cgroup_id": 10133,
      "on_cpu_stats_ns": {
        "count": 14.0,
        "sum_ns": 314710.0114942529,
        "mean_ns": 22479.286535303778,
        "median_ns": 20318.61482120051,
        "min_ns": 12991.0,
        "max_ns": 37727.333333333336,
        "variance_ns2": 40643928.142066605,
        "iqr_ns": 6654.844832020717,
        "q1_ns": 17899.344827586207,
        "q3_ns": 24554.189659606924
      },
      "runq_latency_stats_ns": {
        "count": 14.0,
        "sum_ns": 97634.75862068965,
        "mean_ns": 6973.911330049261,
        "median_ns": 8021.574074074074,
        "min_ns": 1121.0919540229886,
        "max_ns": 11513.0,
        "variance_ns2": 7640267.379156449,
        "iqr_ns": 1412.1388888888887,
        "q1_ns": 6750.75,
        "q3_ns": 8162.888888888889
      },
      "first_seen_ts_ns": 1747579272525864714,
      "last_seen_ts_ns": 1747579318833256658,
      "duration_active_s": 46.307391944
    },
    {
      "tgid": 448,
      "comm": "lmp",
      "cgroup_id": 10133,
      "on_cpu_stats_ns": {
        "count": 11.0,
        "sum_ns": 290964.0,
        "mean_ns": 26451.272727272728,
        "median_ns": 23050.055555555555,
        "min_ns": 11065.0,
        "max_ns": 59785.0,
        "variance_ns2": 162852559.21818182,
        "iqr_ns": 8493.571759259255,
        "q1_ns": 19712.666666666668,
        "q3_ns": 28206.238425925923
      },
      "runq_latency_stats_ns": {
        "count": 11.0,
        "sum_ns": 76859.0,
        "mean_ns": 6987.181818181818,
        "median_ns": 7187.0,
        "min_ns": 2482.0,
        "max_ns": 10511.0,
        "variance_ns2": 5652828.163636363,
        "iqr_ns": 2737.072916666668,
        "q1_ns": 5646.09375,
        "q3_ns": 8383.166666666668
      },
      "first_seen_ts_ns": 1747579321016321635,
      "last_seen_ts_ns": 1747579357016144807,
      "duration_active_s": 35.999823172
    },
    {
      "tgid": 261,
      "comm": "lmp",
      "cgroup_id": 10133,
      "on_cpu_stats_ns": {
        "count": 15.0,
        "sum_ns": 288680.34482758626,
        "mean_ns": 19245.356321839085,
        "median_ns": 19688.65966133005,
        "min_ns": 7449.0,
        "max_ns": 31122.0,
        "variance_ns2": 55820342.332502864,
        "iqr_ns": 13426.319500208421,
        "q1_ns": 13299.74747864783,
        "q3_ns": 26726.06697885625
      },
      "runq_latency_stats_ns": {
        "count": 15.0,
        "sum_ns": 74942.02298850575,
        "mean_ns": 4996.134865900383,
        "median_ns": 6027.961925287356,
        "min_ns": 1193.0229885057472,
        "max_ns": 7707.0,
        "variance_ns2": 4444205.062651544,
        "iqr_ns": 2159.3710146161475,
        "q1_ns": 4366.68962962963,
        "q3_ns": 6526.060644245777
      },
      "first_seen_ts_ns": 1747579271463462815,
      "last_seen_ts_ns": 1747579318833256658,
      "duration_active_s": 47.369793843
    },
    {
      "tgid": 321,
      "comm": "lmp",
      "cgroup_id": 10133,
      "on_cpu_stats_ns": {
        "count": 15.0,
        "sum_ns": 282642.27777777775,
        "mean_ns": 18842.818518518518,
        "median_ns": 18864.93866383745,
        "min_ns": 10727.0,
        "max_ns": 32255.333333333332,
        "variance_ns2": 35945930.60778953,
        "iqr_ns": 6657.740711999477,
        "q1_ns": 15091.66596707819,
        "q3_ns": 21749.406679077667
      },
      "runq_latency_stats_ns": {
        "count": 15.0,
        "sum_ns": 77854.98611111112,
        "mean_ns": 5190.332407407408,
        "median_ns": 5932.219820188492,
        "min_ns": 1136.0,
        "max_ns": 7620.0,
        "variance_ns2": 6025484.470912333,
        "iqr_ns": 2283.888866785621,
        "q1_ns": 4788.3154799221975,
        "q3_ns": 7072.204346707818
      },
      "first_seen_ts_ns": 1747579272525864714,
      "last_seen_ts_ns": 1747579318833256658,
      "duration_active_s": 46.307391944
    },
    {
      "tgid": 182,
      "comm": "lmp",
      "cgroup_id": 10133,
      "on_cpu_stats_ns": {
        "count": 13.0,
        "sum_ns": 273516.1235955056,
        "mean_ns": 21039.701815038894,
        "median_ns": 20028.187734082396,
        "min_ns": 7269.0,
        "max_ns": 43130.0,
        "variance_ns2": 90173336.20831998,
        "iqr_ns": 7125.387474131727,
        "q1_ns": 18099.0,
        "q3_ns": 25224.387474131727
      },
      "runq_latency_stats_ns": {
        "count": 13.0,
        "sum_ns": 76436.73782771535,
        "mean_ns": 5879.7490636704115,
        "median_ns": 6318.875,
        "min_ns": 1314.3333333333333,
        "max_ns": 8095.0,
        "variance_ns2": 4433005.664415268,
        "iqr_ns": 1122.1022858796296,
        "q1_ns": 5904.875,
        "q3_ns": 7026.97728587963
      },
      "first_seen_ts_ns": 1747579272525864714,
      "last_seen_ts_ns": 1747579318833256658,
      "duration_active_s": 46.307391944
    },
    {
      "tgid": 315,
      "comm": "lmp",
      "cgroup_id": 10133,
      "on_cpu_stats_ns": {
        "count": 13.0,
        "sum_ns": 270366.2372881356,
        "mean_ns": 20797.402868318124,
        "median_ns": 17129.894691619586,
        "min_ns": 10089.0,
        "max_ns": 72445.0,
        "variance_ns2": 247361803.4347962,
        "iqr_ns": 2482.7462056218174,
        "q1_ns": 15466.570621468927,
        "q3_ns": 17949.316827090744
      },
      "runq_latency_stats_ns": {
        "count": 13.0,
        "sum_ns": 79510.66101694916,
        "mean_ns": 6116.204693611474,
        "median_ns": 6512.677083333333,
        "min_ns": 1232.6610169491526,
        "max_ns": 8340.0,
        "variance_ns2": 4581835.089890909,
        "iqr_ns": 1301.5870452852032,
        "q1_ns": 5891.0,
        "q3_ns": 7192.587045285203
      },
      "first_seen_ts_ns": 1747579272525864714,
      "last_seen_ts_ns": 1747579318833256658,
      "duration_active_s": 46.307391944
    },
    {
      "tgid": 376,
      "comm": "lmp",
      "cgroup_id": 10133,
      "on_cpu_stats_ns": {
        "count": 10.0,
        "sum_ns": 262426.0,
        "mean_ns": 26242.600000000002,
        "median_ns": 24085.0,
        "min_ns": 16550.0,
        "max_ns": 42578.0,
        "variance_ns2": 69652611.15555555,
        "iqr_ns": 7504.75,
        "q1_ns": 19252.0,
        "q3_ns": 26756.75
      },
      "runq_latency_stats_ns": {
        "count": 10.0,
        "sum_ns": 66771.0,
        "mean_ns": 6677.1,
        "median_ns": 7260.0,
        "min_ns": 2085.0,
        "max_ns": 9014.0,
        "variance_ns2": 4003572.7666666666,
        "iqr_ns": 1533.6961805555547,
        "q1_ns": 5981.303819444445,
        "q3_ns": 7515.0
      },
      "first_seen_ts_ns": 1747579328957137604,
      "last_seen_ts_ns": 1747579357016144807,
      "duration_active_s": 28.059007203
    },
    {
      "tgid": 243,
      "comm": "lmp",
      "cgroup_id": 10133,
      "on_cpu_stats_ns": {
        "count": 14.0,
        "sum_ns": 259824.0946969697,
        "mean_ns": 18558.863906926406,
        "median_ns": 18906.0,
        "min_ns": 5729.0,
        "max_ns": 25517.0,
        "variance_ns2": 36170221.90615168,
        "iqr_ns": 6251.3201222292355,
        "q1_ns": 16274.418781565657,
        "q3_ns": 22525.738903794892
      },
      "runq_latency_stats_ns": {
        "count": 14.0,
        "sum_ns": 75570.74621212122,
        "mean_ns": 5397.910443722944,
        "median_ns": 6678.864595959596,
        "min_ns": 1223.0795454545455,
        "max_ns": 7318.0,
        "variance_ns2": 4899790.112867326,
        "iqr_ns": 990.7125639107117,
        "q1_ns": 5819.941666666667,
        "q3_ns": 6810.654230577378
      },
      "first_seen_ts_ns": 1747579272525864714,
      "last_seen_ts_ns": 1747579318833256658,
      "duration_active_s": 46.307391944
    },
    {
      "tgid": 388,
      "comm": "lmp",
      "cgroup_id": 10133,
      "on_cpu_stats_ns": {
        "count": 9.0,
        "sum_ns": 258052.0,
        "mean_ns": 28672.444444444445,
        "median_ns": 21748.0,
        "min_ns": 13380.0,
        "max_ns": 61653.0,
        "variance_ns2": 250712413.27777782,
        "iqr_ns": 13635.011111111111,
        "q1_ns": 19358.555555555555,
        "q3_ns": 32993.566666666666
      },
      "runq_latency_stats_ns": {
        "count": 9.0,
        "sum_ns": 67498.0,
        "mean_ns": 7499.777777777777,
        "median_ns": 7343.666666666667,
        "min_ns": 6277.0,
        "max_ns": 9567.0,
        "variance_ns2": 1056962.1944444445,
        "iqr_ns": 1132.5166666666673,
        "q1_ns": 6732.333333333333,
        "q3_ns": 7864.85
      },
      "first_seen_ts_ns": 1747579324937142639,
      "last_seen_ts_ns": 1747579357016144807,
      "duration_active_s": 32.079002168
    },
    {
      "tgid": 339,
      "comm": "lmp",
      "cgroup_id": 10133,
      "on_cpu_stats_ns": {
        "count": 13.0,
        "sum_ns": 254848.40677966102,
        "mean_ns": 19603.723598435463,
        "median_ns": 16683.269788135593,
        "min_ns": 11113.0,
        "max_ns": 51333.0,
        "variance_ns2": 102257491.56379318,
        "iqr_ns": 4392.02178647795,
        "q1_ns": 14804.467127913138,
        "q3_ns": 19196.488914391088
      },
      "runq_latency_stats_ns": {
        "count": 13.0,
        "sum_ns": 71650.47457627117,
        "mean_ns": 5511.574967405475,
        "median_ns": 6072.9366368487135,
        "min_ns": 1114.0,
        "max_ns": 7501.0,
        "variance_ns2": 5146660.5208015675,
        "iqr_ns": 1141.477370130122,
        "q1_ns": 6038.0,
        "q3_ns": 7179.477370130122
      },
      "first_seen_ts_ns": 1747579272525864714,
      "last_seen_ts_ns": 1747579318833256658,
      "duration_active_s": 46.307391944
    },
    {
      "tgid": 255,
      "comm": "lmp",
      "cgroup_id": 10133,
      "on_cpu_stats_ns": {
        "count": 14.0,
        "sum_ns": 252931.06818181818,
        "mean_ns": 18066.50487012987,
        "median_ns": 20170.855953414357,
        "min_ns": 7046.0,
        "max_ns": 26941.0,
        "variance_ns2": 35900476.075506866,
        "iqr_ns": 9424.51360429694,
        "q1_ns": 13364.33898989899,
        "q3_ns": 22788.85259419593
      },
      "runq_latency_stats_ns": {
        "count": 14.0,
        "sum_ns": 76942.24999999999,
        "mean_ns": 5495.874999999999,
        "median_ns": 6134.868194444444,
        "min_ns": 1401.25,
        "max_ns": 7033.0,
        "variance_ns2": 3135847.4110576925,
        "iqr_ns": 553.3072959533611,
        "q1_ns": 5798.33125,
        "q3_ns": 6351.638545953361
      },
      "first_seen_ts_ns": 1747579272525864714,
      "last_seen_ts_ns": 1747579318833256658,
      "duration_active_s": 46.307391944
    },
    {
      "tgid": 207,
      "comm": "lmp",
      "cgroup_id": 10133,
      "on_cpu_stats_ns": {
        "count": 13.0,
        "sum_ns": 251391.39325842692,
        "mean_ns": 19337.799481417456,
        "median_ns": 15698.567857142858,
        "min_ns": 9587.0,
        "max_ns": 53622.0,
        "variance_ns2": 133612652.08637053,
        "iqr_ns": 13479.444885361554,
        "q1_ns": 11849.445238095239,
        "q3_ns": 25328.890123456793
      },
      "runq_latency_stats_ns": {
        "count": 13.0,
        "sum_ns": 69462.97003745317,
        "mean_ns": 5343.305387496398,
        "median_ns": 6110.89609375,
        "min_ns": 1042.3033707865168,
        "max_ns": 7770.0,
        "variance_ns2": 4438178.782936628,
        "iqr_ns": 2000.1572097378275,
        "q1_ns": 4758.367041198502,
        "q3_ns": 6758.52425093633
      },
      "first_seen_ts_ns": 1747579272525864714,
      "last_seen_ts_ns": 1747579318833256658,
      "duration_active_s": 46.307391944
    },
    {
      "tgid": 436,
      "comm": "lmp",
      "cgroup_id": 10133,
      "on_cpu_stats_ns": {
        "count": 10.0,
        "sum_ns": 248397.0,
        "mean_ns": 24839.7,
        "median_ns": 22571.003086419754,
        "min_ns": 17017.0,
        "max_ns": 37132.0,
        "variance_ns2": 41086995.56666667,
        "iqr_ns": 9092.68942615455,
        "q1_ns": 18948.0,
        "q3_ns": 28040.68942615455
      },
      "runq_latency_stats_ns": {
        "count": 10.0,
        "sum_ns": 75614.0,
        "mean_ns": 7561.400000000001,
        "median_ns": 6781.277777777777,
        "min_ns": 3543.0,
        "max_ns": 15040.0,
        "variance_ns2": 10316269.822222224,
        "iqr_ns": 1690.2962962962956,
        "q1_ns": 5837.703703703704,
        "q3_ns": 7528.0
      },
      "first_seen_ts_ns": 1747579328957137604,
      "last_seen_ts_ns": 1747579357016144807,
      "duration_active_s": 28.059007203
    },
    {
      "tgid": 225,
      "comm": "lmp",
      "cgroup_id": 10133,
      "on_cpu_stats_ns": {
        "count": 13.0,
        "sum_ns": 248076.44943820222,
        "mean_ns": 19082.803802938633,
        "median_ns": 20136.214341448194,
        "min_ns": 7274.0,
        "max_ns": 27910.0,
        "variance_ns2": 34855960.73074981,
        "iqr_ns": 6679.07159019975,
        "q1_ns": 16391.0,
        "q3_ns": 23070.07159019975
      },
      "runq_latency_stats_ns": {
        "count": 13.0,
        "sum_ns": 76522.51404494383,
        "mean_ns": 5886.347234226449,
        "median_ns": 6650.349999999999,
        "min_ns": 1102.7640449438202,
        "max_ns": 7600.0,
        "variance_ns2": 4324363.599734276,
        "iqr_ns": 1260.2595505617974,
        "q1_ns": 5697.640449438202,
        "q3_ns": 6957.9
      },
      "first_seen_ts_ns": 1747579272525864714,
      "last_seen_ts_ns": 1747579318833256658,
      "duration_active_s": 46.307391944
    },
    {
      "tgid": 213,
      "comm": "lmp",
      "cgroup_id": 10133,
      "on_cpu_stats_ns": {
        "count": 14.0,
        "sum_ns": 247788.7116104869,
        "mean_ns": 17699.19368646335,
        "median_ns": 18444.994749336765,
        "min_ns": 7590.0,
        "max_ns": 30651.0,
        "variance_ns2": 34308175.441364735,
        "iqr_ns": 2795.575753522384,
        "q1_ns": 15954.865168539325,
        "q3_ns": 18750.44092206171
      },
      "runq_latency_stats_ns": {
        "count": 14.0,
        "sum_ns": 77648.49063670413,
        "mean_ns": 5546.3207597645805,
        "median_ns": 6633.4627296608405,
        "min_ns": 1235.1573033707866,
        "max_ns": 7463.0,
        "variance_ns2": 4704476.955828998,
        "iqr_ns": 1187.59825985747,
        "q1_ns": 5613.309422596754,
        "q3_ns": 6800.907682454224
      },
      "first_seen_ts_ns": 1747579272525864714,
      "last_seen_ts_ns": 1747579318833256658,
      "duration_active_s": 46.307391944
    },
    {
      "tgid": 442,
      "comm": "lmp",
      "cgroup_id": 10133,
      "on_cpu_stats_ns": {
        "count": 10.0,
        "sum_ns": 244438.0,
        "mean_ns": 24443.8,
        "median_ns": 22326.61111111111,
        "min_ns": 15471.0,
        "max_ns": 47165.0,
        "variance_ns2": 85053673.51111111,
        "iqr_ns": 4845.550925925927,
        "q1_ns": 20038.88888888889,
        "q3_ns": 24884.439814814818
      },
      "runq_latency_stats_ns": {
        "count": 10.0,
        "sum_ns": 77069.0,
        "mean_ns": 7706.9,
        "median_ns": 7217.0,
        "min_ns": 3277.0,
        "max_ns": 11980.0,
        "variance_ns2": 5927368.322222223,
        "iqr_ns": 2255.7777777777774,
        "q1_ns": 5870.222222222223,
        "q3_ns": 8126.0
      },
      "first_seen_ts_ns": 1747579328957137604,
      "last_seen_ts_ns": 1747579357016144807,
      "duration_active_s": 28.059007203
    },
    {
      "tgid": 454,
      "comm": "lmp",
      "cgroup_id": 10133,
      "on_cpu_stats_ns": {
        "count": 10.0,
        "sum_ns": 238631.99999999997,
        "mean_ns": 23863.199999999997,
        "median_ns": 23002.291666666668,
        "min_ns": 10099.0,
        "max_ns": 40482.0,
        "variance_ns2": 62131323.95555554,
        "iqr_ns": 1974.800925925927,
        "q1_ns": 21827.0,
        "q3_ns": 23801.800925925927
      },
      "runq_latency_stats_ns": {
        "count": 10.0,
        "sum_ns": 84498.0,
        "mean_ns": 8449.8,
        "median_ns": 7800.4,
        "min_ns": 3518.0,
        "max_ns": 13862.0,
        "variance_ns2": 12942551.511111114,
        "iqr_ns": 6366.604166666666,
        "q1_ns": 5307.645833333334,
        "q3_ns": 11674.25
      },
      "first_seen_ts_ns": 1747579321016321635,
      "last_seen_ts_ns": 1747579357016144807,
      "duration_active_s": 35.999823172
    },
    {
      "tgid": 273,
      "comm": "lmp",
      "cgroup_id": 10133,
      "on_cpu_stats_ns": {
        "count": 15.0,
        "sum_ns": 237430.51724137933,
        "mean_ns": 15828.70114942529,
        "median_ns": 16438.818997445724,
        "min_ns": 10852.0,
        "max_ns": 25136.0,
        "variance_ns2": 16326550.374157747,
        "iqr_ns": 5762.424697275115,
        "q1_ns": 13335.208321839082,
        "q3_ns": 19097.633019114197
      },
      "runq_latency_stats_ns": {
        "count": 15.0,
        "sum_ns": 95454.70114942528,
        "mean_ns": 6363.6467432950185,
        "median_ns": 6492.149070881225,
        "min_ns": 1812.7011494252874,
        "max_ns": 10687.0,
        "variance_ns2": 8829319.9539563,
        "iqr_ns": 3854.516714863468,
        "q1_ns": 4483.120965304384,
        "q3_ns": 8337.637680167853
      },
      "first_seen_ts_ns": 1747579272525864714,
      "last_seen_ts_ns": 1747579318833256658,
      "duration_active_s": 46.307391944
    },
    {
      "tgid": 231,
      "comm": "lmp",
      "cgroup_id": 10133,
      "on_cpu_stats_ns": {
        "count": 13.0,
        "sum_ns": 234652.2575757575,
        "mean_ns": 18050.173659673655,
        "median_ns": 19492.931818181816,
        "min_ns": 10979.666666666666,
        "max_ns": 24941.0,
        "variance_ns2": 20223419.215282198,
        "iqr_ns": 7437.679741863074,
        "q1_ns": 14441.25,
        "q3_ns": 21878.929741863074
      },
      "runq_latency_stats_ns": {
        "count": 13.0,
        "sum_ns": 72732.38636363637,
        "mean_ns": 5594.7989510489515,
        "median_ns": 6135.850378787879,
        "min_ns": 1143.3863636363637,
        "max_ns": 7348.0,
        "variance_ns2": 3911648.87016582,
        "iqr_ns": 1667.4504858104856,
        "q1_ns": 5066.042929292929,
        "q3_ns": 6733.493415103415
      },
      "first_seen_ts_ns": 1747579272525864714,
      "last_seen_ts_ns": 1747579318833256658,
      "duration_active_s": 46.307391944
    },
    {
      "tgid": 484,
      "comm": "lmp",
      "cgroup_id": 10133,
      "on_cpu_stats_ns": {
        "count": 10.0,
        "sum_ns": 234339.0,
        "mean_ns": 23433.9,
        "median_ns": 24205.833333333336,
        "min_ns": 14103.0,
        "max_ns": 30804.0,
        "variance_ns2": 27622358.988888886,
        "iqr_ns": 8221.284722222223,
        "q1_ns": 19940.4375,
        "q3_ns": 28161.722222222223
      },
      "runq_latency_stats_ns": {
        "count": 10.0,
        "sum_ns": 59203.0,
        "mean_ns": 5920.3,
        "median_ns": 6314.416666666666,
        "min_ns": 1935.0,
        "max_ns": 8145.0,
        "variance_ns2": 4888383.122222222,
        "iqr_ns": 3102.458333333334,
        "q1_ns": 4456.2,
        "q3_ns": 7558.658333333334
      },
      "first_seen_ts_ns": 1747579317997795709,
      "last_seen_ts_ns": 1747579357016144807,
      "duration_active_s": 39.018349098
    },
    {
      "tgid": 201,
      "comm": "lmp",
      "cgroup_id": 10133,
      "on_cpu_stats_ns": {
        "count": 13.0,
        "sum_ns": 233884.87453183517,
        "mean_ns": 17991.14419475655,
        "median_ns": 18085.506039325843,
        "min_ns": 8384.0,
        "max_ns": 26146.0,
        "variance_ns2": 34741519.20069716,
        "iqr_ns": 9445.910320432793,
        "q1_ns": 12792.015449438202,
        "q3_ns": 22237.925769870995
      },
      "runq_latency_stats_ns": {
        "count": 13.0,
        "sum_ns": 77131.45131086142,
        "mean_ns": 5933.188562373955,
        "median_ns": 6485.862879733666,
        "min_ns": 1183.6179775280898,
        "max_ns": 9095.0,
        "variance_ns2": 5193139.0134110125,
        "iqr_ns": 1850.9795880149813,
        "q1_ns": 5140.420411985018,
        "q3_ns": 6991.4
      },
      "first_seen_ts_ns": 1747579272525864714,
      "last_seen_ts_ns": 1747579318833256658,
      "duration_active_s": 46.307391944
    },
    {
      "tgid": 348,
      "comm": "lmp",
      "cgroup_id": 10133,
      "on_cpu_stats_ns": {
        "count": 13.0,
        "sum_ns": 233289.6949152542,
        "mean_ns": 17945.361147327247,
        "median_ns": 16938.974538606402,
        "min_ns": 10287.0,
        "max_ns": 38405.0,
        "variance_ns2": 54347941.43001938,
        "iqr_ns": 4553.725812146895,
        "q1_ns": 13754.197563559319,
        "q3_ns": 18307.923375706214
      },
      "runq_latency_stats_ns": {
        "count": 13.0,
        "sum_ns": 71412.69491525425,
        "mean_ns": 5493.284224250327,
        "median_ns": 6365.479166666666,
        "min_ns": 1141.0,
        "max_ns": 8012.0,
        "variance_ns2": 5277257.281822936,
        "iqr_ns": 1603.7527292768955,
        "q1_ns": 5599.0,
        "q3_ns": 7202.7527292768955
      },
      "first_seen_ts_ns": 1747579272525864714,
      "last_seen_ts_ns": 1747579318833256658,
      "duration_active_s": 46.307391944
    },
    {
      "tgid": 333,
      "comm": "lmp",
      "cgroup_id": 10133,
      "on_cpu_stats_ns": {
        "count": 13.0,
        "sum_ns": 233258.40466101695,
        "mean_ns": 17942.95420469361,
        "median_ns": 17768.651740112993,
        "min_ns": 13774.0,
        "max_ns": 22764.0,
        "variance_ns2": 10277931.547743957,
        "iqr_ns": 3721.460180832066,
        "q1_ns": 15546.040431967984,
        "q3_ns": 19267.50061280005
      },
      "runq_latency_stats_ns": {
        "count": 13.0,
        "sum_ns": 72229.17584745763,
        "mean_ns": 5556.090449804433,
        "median_ns": 6559.294753086419,
        "min_ns": 1316.0,
        "max_ns": 8455.0,
        "variance_ns2": 5534237.471468166,
        "iqr_ns": 1781.8080797437196,
        "q1_ns": 5411.0,
        "q3_ns": 7192.80807974372
      },
      "first_seen_ts_ns": 1747579272525864714,
      "last_seen_ts_ns": 1747579317790087150,
      "duration_active_s": 45.264222436
    },
    {
      "tgid": 412,
      "comm": "lmp",
      "cgroup_id": 10133,
      "on_cpu_stats_ns": {
        "count": 10.0,
        "sum_ns": 233230.0,
        "mean_ns": 23323.0,
        "median_ns": 20606.0,
        "min_ns": 15536.0,
        "max_ns": 42403.0,
        "variance_ns2": 72924567.11111112,
        "iqr_ns": 4431.083333333332,
        "q1_ns": 18028.25,
        "q3_ns": 22459.333333333332
      },
      "runq_latency_stats_ns": {
        "count": 10.0,
        "sum_ns": 60487.666666666664,
        "mean_ns": 6048.766666666666,
        "median_ns": 6647.722222222223,
        "min_ns": 1612.6666666666667,
        "max_ns": 9115.0,
        "variance_ns2": 4079140.544444444,
        "iqr_ns": 1301.592592592593,
        "q1_ns": 5599.407407407407,
        "q3_ns": 6901.0
      },
      "first_seen_ts_ns": 1747579328957137604,
      "last_seen_ts_ns": 1747579357016144807,
      "duration_active_s": 28.059007203
    },
    {
      "tgid": 189,
      "comm": "lmp",
      "cgroup_id": 10133,
      "on_cpu_stats_ns": {
        "count": 13.0,
        "sum_ns": 232167.15730337083,
        "mean_ns": 17859.012100259293,
        "median_ns": 18321.44525593009,
        "min_ns": 8950.0,
        "max_ns": 27934.0,
        "variance_ns2": 29562461.599281687,
        "iqr_ns": 5740.8100853100295,
        "q1_ns": 15575.0,
        "q3_ns": 21315.81008531003
      },
      "runq_latency_stats_ns": {
        "count": 13.0,
        "sum_ns": 75232.95318352059,
        "mean_ns": 5787.150244886199,
        "median_ns": 6649.750187265918,
        "min_ns": 1139.7865168539327,
        "max_ns": 7770.0,
        "variance_ns2": 5106259.796576935,
        "iqr_ns": 2301.217384519351,
        "q1_ns": 4965.333333333334,
        "q3_ns": 7266.550717852685
      },
      "first_seen_ts_ns": 1747579272525864714,
      "last_seen_ts_ns": 1747579318833256658,
      "duration_active_s": 46.307391944
    },
    {
      "tgid": 466,
      "comm": "lmp",
      "cgroup_id": 10133,
      "on_cpu_stats_ns": {
        "count": 10.0,
        "sum_ns": 232133.0,
        "mean_ns": 23213.3,
        "median_ns": 23796.5,
        "min_ns": 7698.0,
        "max_ns": 41080.0,
        "variance_ns2": 74567786.45555557,
        "iqr_ns": 5508.3499999999985,
        "q1_ns": 21199.0,
        "q3_ns": 26707.35
      },
      "runq_latency_stats_ns": {
        "count": 10.0,
        "sum_ns": 67483.0,
        "mean_ns": 6748.299999999999,
        "median_ns": 6735.944444444444,
        "min_ns": 4350.0,
        "max_ns": 8268.0,
        "variance_ns2": 1085919.3444444444,
        "iqr_ns": 835.4580439814818,
        "q1_ns": 6187.541956018518,
        "q3_ns": 7023.0
      },
      "first_seen_ts_ns": 1747579321016321635,
      "last_seen_ts_ns": 1747579357016144807,
      "duration_active_s": 35.999823172
    },
    {
      "tgid": 472,
      "comm": "lmp",
      "cgroup_id": 10133,
      "on_cpu_stats_ns": {
        "count": 10.0,
        "sum_ns": 231972.0,
        "mean_ns": 23197.2,
        "median_ns": 25458.324074074073,
        "min_ns": 10082.0,
        "max_ns": 33481.0,
        "variance_ns2": 41852881.28888889,
        "iqr_ns": 5559.583333333332,
        "q1_ns": 19907.416666666668,
        "q3_ns": 25467.0
      },
      "runq_latency_stats_ns": {
        "count": 10.0,
        "sum_ns": 67914.0,
        "mean_ns": 6791.400000000001,
        "median_ns": 7135.0,
        "min_ns": 3876.0,
        "max_ns": 8298.0,
        "variance_ns2": 1366632.7111111109,
        "iqr_ns": 606.4444444444453,
        "q1_ns": 6613.888888888889,
        "q3_ns": 7220.333333333334
      },
      "first_seen_ts_ns": 1747579321016321635,
      "last_seen_ts_ns": 1747579357016144807,
      "duration_active_s": 35.999823172
    },
    {
      "tgid": 178,
      "comm": "lmp",
      "cgroup_id": 10133,
      "on_cpu_stats_ns": {
        "count": 14.0,
        "sum_ns": 231209.511235955,
        "mean_ns": 16514.9650882825,
        "median_ns": 17834.164598753046,
        "min_ns": 5937.0,
        "max_ns": 26967.0,
        "variance_ns2": 36887778.819137916,
        "iqr_ns": 6042.845904672729,
        "q1_ns": 14626.206841894062,
        "q3_ns": 20669.05274656679
      },
      "runq_latency_stats_ns": {
        "count": 14.0,
        "sum_ns": 78006.3127340824,
        "mean_ns": 5571.879481005885,
        "median_ns": 6122.804166666667,
        "min_ns": 1387.1460674157304,
        "max_ns": 8091.0,
        "variance_ns2": 4312930.891909965,
        "iqr_ns": 437.79070155361296,
        "q1_ns": 6279.453742890831,
        "q3_ns": 6717.244444444444
      },
      "first_seen_ts_ns": 1747579272525864714,
      "last_seen_ts_ns": 1747579318833256658,
      "duration_active_s": 46.307391944
    },
    {
      "tgid": 382,
      "comm": "lmp",
      "cgroup_id": 10133,
      "on_cpu_stats_ns": {
        "count": 9.0,
        "sum_ns": 230615.0,
        "mean_ns": 25623.88888888889,
        "median_ns": 25270.833333333332,
        "min_ns": 16921.0,
        "max_ns": 39572.0,
        "variance_ns2": 52525691.36111111,
        "iqr_ns": 5952.205555555556,
        "q1_ns": 21733.0,
        "q3_ns": 27685.205555555556
      },
      "runq_latency_stats_ns": {
        "count": 9.0,
        "sum_ns": 62399.0,
        "mean_ns": 6933.222222222223,
        "median_ns": 6598.0,
        "min_ns": 5689.0,
        "max_ns": 8629.0,
        "variance_ns2": 921293.4444444445,
        "iqr_ns": 539.2638888888887,
        "q1_ns": 6411.25,
        "q3_ns": 6950.513888888889
      },
      "first_seen_ts_ns": 1747579324937142639,
      "last_seen_ts_ns": 1747579357016144807,
      "duration_active_s": 32.079002168
    },
    {
      "tgid": 291,
      "comm": "lmp",
      "cgroup_id": 10133,
      "on_cpu_stats_ns": {
        "count": 13.0,
        "sum_ns": 229780.4310344827,
        "mean_ns": 17675.417771883283,
        "median_ns": 17359.652873563216,
        "min_ns": 11344.0,
        "max_ns": 23325.0,
        "variance_ns2": 9491112.481577184,
        "iqr_ns": 2449.8304278416326,
        "q1_ns": 16549.0,
        "q3_ns": 18998.830427841633
      },
      "runq_latency_stats_ns": {
        "count": 13.0,
        "sum_ns": 80519.11494252873,
        "mean_ns": 6193.77807250221,
        "median_ns": 6869.6,
        "min_ns": 1157.1149425287356,
        "max_ns": 7623.0,
        "variance_ns2": 4647413.0368253095,
        "iqr_ns": 870.7413194444443,
        "q1_ns": 6485.498263888889,
        "q3_ns": 7356.239583333333
      },
      "first_seen_ts_ns": 1747579272525864714,
      "last_seen_ts_ns": 1747579318833256658,
      "duration_active_s": 46.307391944
    },
    {
      "tgid": 394,
      "comm": "lmp",
      "cgroup_id": 10133,
      "on_cpu_stats_ns": {
        "count": 8.0,
        "sum_ns": 227618.0,
        "mean_ns": 28452.25,
        "median_ns": 25742.0,
        "min_ns": 20251.0,
        "max_ns": 36418.0,
        "variance_ns2": 39989337.928571425,
        "iqr_ns": 5928.333333333332,
        "q1_ns": 23065.88888888889,
        "q3_ns": 28994.222222222223
      },
      "runq_latency_stats_ns": {
        "count": 8.0,
        "sum_ns": 59230.0,
        "mean_ns": 7403.75,
        "median_ns": 7376.0,
        "min_ns": 6650.0,
        "max_ns": 9174.0,
        "variance_ns2": 693408.2142857143,
        "iqr_ns": 882.6527777777774,
        "q1_ns": 6896.125,
        "q3_ns": 7778.777777777777
      },
      "first_seen_ts_ns": 1747579328957137604,
      "last_seen_ts_ns": 1747579357016144807,
      "duration_active_s": 28.059007203
    },
    {
      "tgid": 195,
      "comm": "lmp",
      "cgroup_id": 10133,
      "on_cpu_stats_ns": {
        "count": 13.0,
        "sum_ns": 226729.79962546818,
        "mean_ns": 17440.753817343706,
        "median_ns": 19995.66120474407,
        "min_ns": 7038.0,
        "max_ns": 23305.0,
        "variance_ns2": 23100052.7020465,
        "iqr_ns": 5728.188274081998,
        "q1_ns": 15206.187359550562,
        "q3_ns": 20934.37563363256
      },
      "runq_latency_stats_ns": {
        "count": 13.0,
        "sum_ns": 71143.41011235955,
        "mean_ns": 5472.5700086430425,
        "median_ns": 6145.5,
        "min_ns": 1163.9101123595506,
        "max_ns": 7179.0,
        "variance_ns2": 3752592.7921801494,
        "iqr_ns": 770.188477366255,
        "q1_ns": 5719.333333333333,
        "q3_ns": 6489.521810699588
      },
      "first_seen_ts_ns": 1747579272525864714,
      "last_seen_ts_ns": 1747579318833256658,
      "duration_active_s": 46.307391944
    },
    {
      "tgid": 303,
      "comm": "lmp",
      "cgroup_id": 10133,
      "on_cpu_stats_ns": {
        "count": 13.0,
        "sum_ns": 226001.4461538462,
        "mean_ns": 17384.726627218937,
        "median_ns": 16595.188626373627,
        "min_ns": 9660.0,
        "max_ns": 26723.0,
        "variance_ns2": 20351255.8587043,
        "iqr_ns": 4865.650940170941,
        "q1_ns": 15441.482051282052,
        "q3_ns": 20307.132991452992
      },
      "runq_latency_stats_ns": {
        "count": 13.0,
        "sum_ns": 77007.5,
        "mean_ns": 5923.653846153846,
        "median_ns": 6648.403645833334,
        "min_ns": 1312.0,
        "max_ns": 7594.0,
        "variance_ns2": 4094863.1410256405,
        "iqr_ns": 811.6547067901238,
        "q1_ns": 6159.0,
        "q3_ns": 6970.654706790124
      },
      "first_seen_ts_ns": 1747579272525864714,
      "last_seen_ts_ns": 1747579318833256658,
      "duration_active_s": 46.307391944
    },
    {
      "tgid": 430,
      "comm": "lmp",
      "cgroup_id": 10133,
      "on_cpu_stats_ns": {
        "count": 9.0,
        "sum_ns": 224096.0,
        "mean_ns": 24899.555555555555,
        "median_ns": 24011.73148148148,
        "min_ns": 17540.0,
        "max_ns": 38043.0,
        "variance_ns2": 30593681.777777776,
        "iqr_ns": 4088.9861111111095,
        "q1_ns": 22235.51388888889,
        "q3_ns": 26324.5
      },
      "runq_latency_stats_ns": {
        "count": 9.0,
        "sum_ns": 81359.0,
        "mean_ns": 9039.888888888889,
        "median_ns": 8657.666666666666,
        "min_ns": 5668.0,
        "max_ns": 14727.0,
        "variance_ns2": 7437362.611111111,
        "iqr_ns": 2505.3194444444453,
        "q1_ns": 7521.625,
        "q3_ns": 10026.944444444445
      },
      "first_seen_ts_ns": 1747579318404209836,
      "last_seen_ts_ns": 1747579357016144807,
      "duration_active_s": 38.611934971
    },
    {
      "tgid": 297,
      "comm": "lmp",
      "cgroup_id": 10133,
      "on_cpu_stats_ns": {
        "count": 13.0,
        "sum_ns": 222434.5977011494,
        "mean_ns": 17110.353669319185,
        "median_ns": 14993.922444444444,
        "min_ns": 5817.0,
        "max_ns": 42762.666666666664,
        "variance_ns2": 83575787.75633402,
        "iqr_ns": 6315.453475643131,
        "q1_ns": 11435.375057471265,
        "q3_ns": 17750.828533114396
      },
      "runq_latency_stats_ns": {
        "count": 13.0,
        "sum_ns": 69508.57471264368,
        "mean_ns": 5346.813439434129,
        "median_ns": 5720.3375,
        "min_ns": 1200.2413793103449,
        "max_ns": 7727.0,
        "variance_ns2": 4207910.059742675,
        "iqr_ns": 1739.1703065134097,
        "q1_ns": 4731.1551724137935,
        "q3_ns": 6470.325478927203
      },
      "first_seen_ts_ns": 1747579272525864714,
      "last_seen_ts_ns": 1747579318833256658,
      "duration_active_s": 46.307391944
    },
    {
      "tgid": 400,
      "comm": "lmp",
      "cgroup_id": 10133,
      "on_cpu_stats_ns": {
        "count": 9.0,
        "sum_ns": 219756.0,
        "mean_ns": 24417.333333333332,
        "median_ns": 23350.0,
        "min_ns": 12270.0,
        "max_ns": 36734.0,
        "variance_ns2": 47143336.25,
        "iqr_ns": 8802.277777777777,
        "q1_ns": 19917.555555555555,
        "q3_ns": 28719.833333333332
      },
      "runq_latency_stats_ns": {
        "count": 9.0,
        "sum_ns": 63788.0,
        "mean_ns": 7087.555555555556,
        "median_ns": 6940.888888888889,
        "min_ns": 3215.0,
        "max_ns": 10064.0,
        "variance_ns2": 3261326.7777777775,
        "iqr_ns": 1567.6416666666664,
        "q1_ns": 6257.583333333334,
        "q3_ns": 7825.225
      },
      "first_seen_ts_ns": 1747579328957137604,
      "last_seen_ts_ns": 1747579357016144807,
      "duration_active_s": 28.059007203
    },
    {
      "tgid": 309,
      "comm": "lmp",
      "cgroup_id": 10133,
      "on_cpu_stats_ns": {
        "count": 13.0,
        "sum_ns": 218080.22727272726,
        "mean_ns": 16775.402097902097,
        "median_ns": 18030.0,
        "min_ns": 9419.0,
        "max_ns": 21497.0,
        "variance_ns2": 12808664.700360248,
        "iqr_ns": 2477.4353535353584,
        "q1_ns": 16690.52954545454,
        "q3_ns": 19167.9648989899
      },
      "runq_latency_stats_ns": {
        "count": 13.0,
        "sum_ns": 76888.0,
        "mean_ns": 5914.461538461539,
        "median_ns": 6832.066666666667,
        "min_ns": 1248.0,
        "max_ns": 7634.0,
        "variance_ns2": 4648306.769230769,
        "iqr_ns": 1939.2534126984128,
        "q1_ns": 5315.625,
        "q3_ns": 7254.878412698413
      },
      "first_seen_ts_ns": 1747579272525864714,
      "last_seen_ts_ns": 1747579318833256658,
      "duration_active_s": 46.307391944
    },
    {
      "tgid": 418,
      "comm": "lmp",
      "cgroup_id": 10133,
      "on_cpu_stats_ns": {
        "count": 9.0,
        "sum_ns": 215233.99999999997,
        "mean_ns": 23914.888888888887,
        "median_ns": 24107.333333333332,
        "min_ns": 14053.0,
        "max_ns": 36504.0,
        "variance_ns2": 43970731.61111111,
        "iqr_ns": 5601.527777777781,
        "q1_ns": 21419.47222222222,
        "q3_ns": 27021.0
      },
      "runq_latency_stats_ns": {
        "count": 9.0,
        "sum_ns": 60767.833333333336,
        "mean_ns": 6751.981481481482,
        "median_ns": 7248.0,
        "min_ns": 1536.8333333333333,
        "max_ns": 8577.0,
        "variance_ns2": 4304497.544753087,
        "iqr_ns": 1718.895833333334,
        "q1_ns": 6211.354166666666,
        "q3_ns": 7930.25
      },
      "first_seen_ts_ns": 1747579328957137604,
      "last_seen_ts_ns": 1747579357016144807,
      "duration_active_s": 28.059007203
    },
    {
      "tgid": 364,
      "comm": "lmp",
      "cgroup_id": 10133,
      "on_cpu_stats_ns": {
        "count": 9.0,
        "sum_ns": 214954.00000000003,
        "mean_ns": 23883.77777777778,
        "median_ns": 22091.0,
        "min_ns": 13996.0,
        "max_ns": 40271.0,
        "variance_ns2": 67617318.69444445,
        "iqr_ns": 8383.611111111113,
        "q1_ns": 18571.527777777777,
        "q3_ns": 26955.13888888889
      },
      "runq_latency_stats_ns": {
        "count": 9.0,
        "sum_ns": 63367.0,
        "mean_ns": 7040.777777777777,
        "median_ns": 7418.435185185184,
        "min_ns": 4640.0,
        "max_ns": 9176.0,
        "variance_ns2": 1592984.6944444445,
        "iqr_ns": 1145.333333333333,
        "q1_ns": 6584.666666666667,
        "q3_ns": 7730.0
      },
      "first_seen_ts_ns": 1747579328957137604,
      "last_seen_ts_ns": 1747579357016144807,
      "duration_active_s": 28.059007203
    },
    {
      "tgid": 249,
      "comm": "lmp",
      "cgroup_id": 10133,
      "on_cpu_stats_ns": {
        "count": 13.0,
        "sum_ns": 212134.51893939395,
        "mean_ns": 16318.03991841492,
        "median_ns": 16936.247790404042,
        "min_ns": 7042.0,
        "max_ns": 29006.0,
        "variance_ns2": 36871451.19937685,
        "iqr_ns": 7779.557396885524,
        "q1_ns": 11457.782670454544,
        "q3_ns": 19237.34006734007
      },
      "runq_latency_stats_ns": {
        "count": 13.0,
        "sum_ns": 69666.30303030304,
        "mean_ns": 5358.946386946387,
        "median_ns": 5579.0,
        "min_ns": 1481.6363636363637,
        "max_ns": 7772.0,
        "variance_ns2": 4099038.320194956,
        "iqr_ns": 2440.7100511285707,
        "q1_ns": 4211.0,
        "q3_ns": 6651.710051128571
      },
      "first_seen_ts_ns": 1747579272525864714,
      "last_seen_ts_ns": 1747579318833256658,
      "duration_active_s": 46.307391944
    },
    {
      "tgid": 509,
      "comm": "lmp",
      "cgroup_id": 10133,
      "on_cpu_stats_ns": {
        "count": 10.0,
        "sum_ns": 209408.0,
        "mean_ns": 20940.8,
        "median_ns": 21337.351851851854,
        "min_ns": 10113.0,
        "max_ns": 30618.0,
        "variance_ns2": 27231903.95555556,
        "iqr_ns": 1720.5891203703723,
        "q1_ns": 20185.0,
        "q3_ns": 21905.589120370372
      },
      "runq_latency_stats_ns": {
        "count": 10.0,
        "sum_ns": 63777.0,
        "mean_ns": 6377.7,
        "median_ns": 6780.0888888888885,
        "min_ns": 3245.0,
        "max_ns": 7482.0,
        "variance_ns2": 1769317.5666666667,
        "iqr_ns": 1575.7999999999993,
        "q1_ns": 5762.088888888889,
        "q3_ns": 7337.888888888889
      },
      "first_seen_ts_ns": 1747579321016321635,
      "last_seen_ts_ns": 1747579357016144807,
      "duration_active_s": 35.999823172
    },
    {
      "tgid": 179,
      "comm": "lmp",
      "cgroup_id": 10133,
      "on_cpu_stats_ns": {
        "count": 13.0,
        "sum_ns": 207738.9625468165,
        "mean_ns": 15979.920195908962,
        "median_ns": 15034.910861423221,
        "min_ns": 4116.0,
        "max_ns": 30098.0,
        "variance_ns2": 47888219.600271165,
        "iqr_ns": 7649.749288556715,
        "q1_ns": 11600.651948735955,
        "q3_ns": 19250.40123729267
      },
      "runq_latency_stats_ns": {
        "count": 13.0,
        "sum_ns": 68933.76966292135,
        "mean_ns": 5302.597666378565,
        "median_ns": 5797.181882022472,
        "min_ns": 1166.2696629213483,
        "max_ns": 7856.0,
        "variance_ns2": 4444664.6689472,
        "iqr_ns": 2820.976050625375,
        "q1_ns": 3988.3061797752807,
        "q3_ns": 6809.282230400656
      },
      "first_seen_ts_ns": 1747579272525864714,
      "last_seen_ts_ns": 1747579318833256658,
      "duration_active_s": 46.307391944
    },
    {
      "tgid": 370,
      "comm": "lmp",
      "cgroup_id": 10133,
      "on_cpu_stats_ns": {
        "count": 8.0,
        "sum_ns": 207333.0,
        "mean_ns": 25916.625,
        "median_ns": 23422.0,
        "min_ns": 17558.0,
        "max_ns": 39372.0,
        "variance_ns2": 62628551.696428575,
        "iqr_ns": 6397.666666666664,
        "q1_ns": 20457.0,
        "q3_ns": 26854.666666666664
      },
      "runq_latency_stats_ns": {
        "count": 8.0,
        "sum_ns": 62834.00000000001,
        "mean_ns": 7854.250000000001,
        "median_ns": 7332.0,
        "min_ns": 6560.0,
        "max_ns": 10329.0,
        "variance_ns2": 1694725.3571428568,
        "iqr_ns": 893.2222222222226,
        "q1_ns": 7145.0,
        "q3_ns": 8038.222222222223
      },
      "first_seen_ts_ns": 1747579328957137604,
      "last_seen_ts_ns": 1747579357016144807,
      "duration_active_s": 28.059007203
    },
    {
      "tgid": 460,
      "comm": "lmp",
      "cgroup_id": 10133,
      "on_cpu_stats_ns": {
        "count": 9.0,
        "sum_ns": 201305.0,
        "mean_ns": 22367.222222222223,
        "median_ns": 23691.055555555555,
        "min_ns": 10100.0,
        "max_ns": 28992.0,
        "variance_ns2": 32597749.444444448,
        "iqr_ns": 6259.424999999999,
        "q1_ns": 20053.95,
        "q3_ns": 26313.375
      },
      "runq_latency_stats_ns": {
        "count": 9.0,
        "sum_ns": 76044.0,
        "mean_ns": 8449.333333333334,
        "median_ns": 7667.333333333333,
        "min_ns": 5082.0,
        "max_ns": 13174.0,
        "variance_ns2": 8002407.0,
        "iqr_ns": 1963.4750000000004,
        "q1_ns": 6243.525,
        "q3_ns": 8207.0
      },
      "first_seen_ts_ns": 1747579321016321635,
      "last_seen_ts_ns": 1747579357016144807,
      "duration_active_s": 35.999823172
    },
    {
      "tgid": 82,
      "comm": "job-ingest",
      "cgroup_id": 10133,
      "on_cpu_stats_ns": {
        "count": 6.0,
        "sum_ns": 200149.0,
        "mean_ns": 33358.166666666664,
        "median_ns": 25632.0,
        "min_ns": 22694.0,
        "max_ns": 71001.0,
        "variance_ns2": 352243046.96666676,
        "iqr_ns": 3154.333333333332,
        "q1_ns": 25632.0,
        "q3_ns": 28786.333333333332
      },
      "runq_latency_stats_ns": {
        "count": 6.0,
        "sum_ns": 129578.5,
        "mean_ns": 21596.416666666668,
        "median_ns": 9649.0,
        "min_ns": 2006.0,
        "max_ns": 98876.0,
        "variance_ns2": 1454848234.2416666,
        "iqr_ns": 3583.166666666666,
        "q1_ns": 6065.833333333334,
        "q3_ns": 9649.0
      },
      "first_seen_ts_ns": 1747579272851102636,
      "last_seen_ts_ns": 1747579358182337922,
      "duration_active_s": 85.331235286
    },
    {
      "tgid": 267,
      "comm": "lmp",
      "cgroup_id": 10133,
      "on_cpu_stats_ns": {
        "count": 14.0,
        "sum_ns": 198371.81609195404,
        "mean_ns": 14169.415435139574,
        "median_ns": 14839.912254416773,
        "min_ns": 8466.0,
        "max_ns": 16822.0,
        "variance_ns2": 7479818.6849976545,
        "iqr_ns": 5187.309588122609,
        "q1_ns": 11162.196159003828,
        "q3_ns": 16349.505747126437
      },
      "runq_latency_stats_ns": {
        "count": 14.0,
        "sum_ns": 65912.31034482758,
        "mean_ns": 4708.022167487684,
        "median_ns": 5134.0,
        "min_ns": 1304.6436781609195,
        "max_ns": 6827.0,
        "variance_ns2": 2821949.5146897626,
        "iqr_ns": 1990.6971713362068,
        "q1_ns": 4060.265791626756,
        "q3_ns": 6050.962962962963
      },
      "first_seen_ts_ns": 1747579272525864714,
      "last_seen_ts_ns": 1747579318833256658,
      "duration_active_s": 46.307391944
    },
    {
      "tgid": 478,
      "comm": "lmp",
      "cgroup_id": 10133,
      "on_cpu_stats_ns": {
        "count": 9.0,
        "sum_ns": 197168.0,
        "mean_ns": 21907.555555555555,
        "median_ns": 22264.11111111111,
        "min_ns": 13446.0,
        "max_ns": 32846.0,
        "variance_ns2": 35416418.027777776,
        "iqr_ns": 8447.241550925926,
        "q1_ns": 17240.558449074073,
        "q3_ns": 25687.8
      },
      "runq_latency_stats_ns": {
        "count": 9.0,
        "sum_ns": 64114.00000000001,
        "mean_ns": 7123.777777777778,
        "median_ns": 6608.0,
        "min_ns": 4505.0,
        "max_ns": 12318.0,
        "variance_ns2": 4811310.444444445,
        "iqr_ns": 1958.1805555555557,
        "q1_ns": 6086.708333333333,
        "q3_ns": 8044.888888888889
      },
      "first_seen_ts_ns": 1747579321016321635,
      "last_seen_ts_ns": 1747579357016144807,
      "duration_active_s": 35.999823172
    },
    {
      "tgid": 424,
      "comm": "lmp",
      "cgroup_id": 10133,
      "on_cpu_stats_ns": {
        "count": 8.0,
        "sum_ns": 192488.0,
        "mean_ns": 24061.0,
        "median_ns": 22739.0,
        "min_ns": 12206.0,
        "max_ns": 47137.0,
        "variance_ns2": 117113534.00000001,
        "iqr_ns": 6337.625,
        "q1_ns": 20167.0,
        "q3_ns": 26504.625
      },
      "runq_latency_stats_ns": {
        "count": 8.0,
        "sum_ns": 62155.0,
        "mean_ns": 7769.375,
        "median_ns": 7294.666666666667,
        "min_ns": 6001.0,
        "max_ns": 9899.0,
        "variance_ns2": 1973084.5535714284,
        "iqr_ns": 1190.9629629629635,
        "q1_ns": 6772.0,
        "q3_ns": 7962.9629629629635
      },
      "first_seen_ts_ns": 1747579328957137604,
      "last_seen_ts_ns": 1747579357016144807,
      "duration_active_s": 28.059007203
    },
    {
      "tgid": 521,
      "comm": "lmp",
      "cgroup_id": 10133,
      "on_cpu_stats_ns": {
        "count": 10.0,
        "sum_ns": 192459.99999999997,
        "mean_ns": 19245.999999999996,
        "median_ns": 21435.555555555555,
        "min_ns": 10828.0,
        "max_ns": 29331.0,
        "variance_ns2": 29628233.77777778,
        "iqr_ns": 8082.759259259263,
        "q1_ns": 17553.0,
        "q3_ns": 25635.759259259263
      },
      "runq_latency_stats_ns": {
        "count": 10.0,
        "sum_ns": 147734.00000000003,
        "mean_ns": 14773.400000000003,
        "median_ns": 7129.0,
        "min_ns": 1452.0,
        "max_ns": 91129.0,
        "variance_ns2": 722872942.2666669,
        "iqr_ns": 1157.854166666667,
        "q1_ns": 6131.125,
        "q3_ns": 7288.979166666667
      },
      "first_seen_ts_ns": 1747579318404209836,
      "last_seen_ts_ns": 1747579357016144807,
      "duration_active_s": 38.611934971
    },
    {
      "tgid": 490,
      "comm": "lmp",
      "cgroup_id": 10133,
      "on_cpu_stats_ns": {
        "count": 8.0,
        "sum_ns": 187713.0,
        "mean_ns": 23464.125,
        "median_ns": 24351.333333333332,
        "min_ns": 12029.0,
        "max_ns": 27460.0,
        "variance_ns2": 24392180.982142854,
        "iqr_ns": 2004.9907407407409,
        "q1_ns": 22998.0,
        "q3_ns": 25002.99074074074
      },
      "runq_latency_stats_ns": {
        "count": 8.0,
        "sum_ns": 52418.0,
        "mean_ns": 6552.25,
        "median_ns": 6392.833333333333,
        "min_ns": 5218.0,
        "max_ns": 8012.0,
        "variance_ns2": 933101.0714285712,
        "iqr_ns": 1092.1388888888887,
        "q1_ns": 5822.861111111111,
        "q3_ns": 6915.0
      },
      "first_seen_ts_ns": 1747579321016321635,
      "last_seen_ts_ns": 1747579357016144807,
      "duration_active_s": 35.999823172
    },
    {
      "tgid": 515,
      "comm": "lmp",
      "cgroup_id": 10133,
      "on_cpu_stats_ns": {
        "count": 9.0,
        "sum_ns": 177256.99999999997,
        "mean_ns": 19695.22222222222,
        "median_ns": 20796.5,
        "min_ns": 7988.0,
        "max_ns": 25468.0,
        "variance_ns2": 27088207.444444448,
        "iqr_ns": 2321.0,
        "q1_ns": 18967.0,
        "q3_ns": 21288.0
      },
      "runq_latency_stats_ns": {
        "count": 9.0,
        "sum_ns": 61669.0,
        "mean_ns": 6852.111111111111,
        "median_ns": 6979.066666666667,
        "min_ns": 4150.0,
        "max_ns": 7835.0,
        "variance_ns2": 1128495.611111111,
        "iqr_ns": 433.125,
        "q1_ns": 6729.875,
        "q3_ns": 7163.0
      },
      "first_seen_ts_ns": 1747579321016321635,
      "last_seen_ts_ns": 1747579357016144807,
      "duration_active_s": 35.999823172
    },
    {
      "tgid": 406,
      "comm": "lmp",
      "cgroup_id": 10133,
      "on_cpu_stats_ns": {
        "count": 10.0,
        "sum_ns": 173562.0,
        "mean_ns": 17356.2,
        "median_ns": 17077.5,
        "min_ns": 11249.0,
        "max_ns": 24344.0,
        "variance_ns2": 17274503.288888887,
        "iqr_ns": 4226.756111111108,
        "q1_ns": 14962.333333333334,
        "q3_ns": 19189.089444444442
      },
      "runq_latency_stats_ns": {
        "count": 10.0,
        "sum_ns": 57274.0,
        "mean_ns": 5727.4,
        "median_ns": 5991.567901234568,
        "min_ns": 1723.0,
        "max_ns": 8936.0,
        "variance_ns2": 5323374.48888889,
        "iqr_ns": 3247.635416666667,
        "q1_ns": 3785.0,
        "q3_ns": 7032.635416666667
      },
      "first_seen_ts_ns": 1747579328957137604,
      "last_seen_ts_ns": 1747579357016144807,
      "duration_active_s": 28.059007203
    },
    {
      "tgid": 237,
      "comm": "lmp",
      "cgroup_id": 10133,
      "on_cpu_stats_ns": {
        "count": 13.0,
        "sum_ns": 168007.38257575757,
        "mean_ns": 12923.644813519813,
        "median_ns": 13480.33624112216,
        "min_ns": 8558.0,
        "max_ns": 20284.0,
        "variance_ns2": 12153345.31870828,
        "iqr_ns": 2862.0753886145667,
        "q1_ns": 11469.646456228958,
        "q3_ns": 14331.721844843525
      },
      "runq_latency_stats_ns": {
        "count": 13.0,
        "sum_ns": 60940.88257575759,
        "mean_ns": 4687.760198135199,
        "median_ns": 5257.933333333333,
        "min_ns": 1227.215909090909,
        "max_ns": 6672.0,
        "variance_ns2": 3313517.212841924,
        "iqr_ns": 2736.557498597083,
        "q1_ns": 3440.1519886363635,
        "q3_ns": 6176.709487233446
      },
      "first_seen_ts_ns": 1747579272525864714,
      "last_seen_ts_ns": 1747579318833256658,
      "duration_active_s": 46.307391944
    },
    {
      "tgid": 503,
      "comm": "lmp",
      "cgroup_id": 10133,
      "on_cpu_stats_ns": {
        "count": 8.0,
        "sum_ns": 167946.00000000003,
        "mean_ns": 20993.250000000004,
        "median_ns": 21033.333333333332,
        "min_ns": 11627.0,
        "max_ns": 29536.0,
        "variance_ns2": 24390720.785714287,
        "iqr_ns": 3642.810185185186,
        "q1_ns": 18887.375,
        "q3_ns": 22530.185185185186
      },
      "runq_latency_stats_ns": {
        "count": 8.0,
        "sum_ns": 55378.0,
        "mean_ns": 6922.25,
        "median_ns": 7170.0,
        "min_ns": 6429.0,
        "max_ns": 7327.0,
        "variance_ns2": 137325.07142857142,
        "iqr_ns": 463.79166666666606,
        "q1_ns": 6750.375,
        "q3_ns": 7214.166666666666
      },
      "first_seen_ts_ns": 1747579321016321635,
      "last_seen_ts_ns": 1747579357016144807,
      "duration_active_s": 35.999823172
    },
    {
      "tgid": 358,
      "comm": "lmp",
      "cgroup_id": 10133,
      "on_cpu_stats_ns": {
        "count": 8.0,
        "sum_ns": 160453.00000000003,
        "mean_ns": 20056.625000000004,
        "median_ns": 20557.666666666668,
        "min_ns": 11048.0,
        "max_ns": 25780.0,
        "variance_ns2": 23908846.267857138,
        "iqr_ns": 4023.4305555555547,
        "q1_ns": 18260.0,
        "q3_ns": 22283.430555555555
      },
      "runq_latency_stats_ns": {
        "count": 8.0,
        "sum_ns": 59972.0,
        "mean_ns": 7496.5,
        "median_ns": 7487.0,
        "min_ns": 6284.0,
        "max_ns": 10139.0,
        "variance_ns2": 1528144.8571428566,
        "iqr_ns": 974.333333333333,
        "q1_ns": 7064.666666666667,
        "q3_ns": 8039.0
      },
      "first_seen_ts_ns": 1747579328957137604,
      "last_seen_ts_ns": 1747579357016144807,
      "duration_active_s": 28.059007203
    },
    {
      "tgid": 219,
      "comm": "lmp",
      "cgroup_id": 10133,
      "on_cpu_stats_ns": {
        "count": 13.0,
        "sum_ns": 150014.63295880152,
        "mean_ns": 11539.58715067704,
        "median_ns": 10441.874438202249,
        "min_ns": 6424.0,
        "max_ns": 21347.0,
        "variance_ns2": 18040417.897427265,
        "iqr_ns": 3100.3194923756,
        "q1_ns": 9633.51402822365,
        "q3_ns": 12733.83352059925
      },
      "runq_latency_stats_ns": {
        "count": 13.0,
        "sum_ns": 53545.38764044944,
        "mean_ns": 4118.8759723422645,
        "median_ns": 3867.710590277778,
        "min_ns": 1292.887640449438,
        "max_ns": 6475.0,
        "variance_ns2": 2668693.009902272,
        "iqr_ns": 1088.1610799001246,
        "q1_ns": 3731.0,
        "q3_ns": 4819.161079900125
      },
      "first_seen_ts_ns": 1747579272525864714,
      "last_seen_ts_ns": 1747579318833256658,
      "duration_active_s": 46.307391944
    },
    {
      "tgid": 327,
      "comm": "lmp",
      "cgroup_id": 10133,
      "on_cpu_stats_ns": {
        "count": 8.0,
        "sum_ns": 142031.0,
        "mean_ns": 17753.875,
        "median_ns": 18392.083333333336,
        "min_ns": 11218.0,
        "max_ns": 22061.0,
        "variance_ns2": 12394907.839285715,
        "iqr_ns": 1467.9074074074051,
        "q1_ns": 17804.0,
        "q3_ns": 19271.907407407405
      },
      "runq_latency_stats_ns": {
        "count": 8.0,
        "sum_ns": 53804.0,
        "mean_ns": 6725.5,
        "median_ns": 7188.0,
        "min_ns": 5423.0,
        "max_ns": 7426.0,
        "variance_ns2": 465942.857142857,
        "iqr_ns": 505.5,
        "q1_ns": 6744.0,
        "q3_ns": 7249.5
      },
      "first_seen_ts_ns": 1747579284997013439,
      "last_seen_ts_ns": 1747579316949903200,
      "duration_active_s": 31.952889761
    },
    {
      "tgid": 82,
      "comm": "kvs-watch",
      "cgroup_id": 10133,
      "on_cpu_stats_ns": {
        "count": 3.0,
        "sum_ns": 82645.0,
        "mean_ns": 27548.333333333332,
        "median_ns": 27468.0,
        "min_ns": 21597.0,
        "max_ns": 33580.0,
        "variance_ns2": 35902912.333333336,
        "iqr_ns": 11983.0,
        "q1_ns": 21597.0,
        "q3_ns": 33580.0
      },
      "runq_latency_stats_ns": {
        "count": 3.0,
        "sum_ns": 11099.0,
        "mean_ns": 3699.6666666666665,
        "median_ns": 4525.0,
        "min_ns": 1811.0,
        "max_ns": 4763.0,
        "variance_ns2": 2689457.3333333335,
        "iqr_ns": 2952.0,
        "q1_ns": 1811.0,
        "q3_ns": 4763.0
      },
      "first_seen_ts_ns": 1747579317369480870,
      "last_seen_ts_ns": 1747579347734144102,
      "duration_active_s": 30.364663232
    },
    {
      "tgid": 305,
      "comm": "lmp",
      "cgroup_id": 10133,
      "on_cpu_stats_ns": {
        "count": 5.0,
        "sum_ns": 80590.0,
        "mean_ns": 16118.0,
        "median_ns": 16889.0,
        "min_ns": 11066.0,
        "max_ns": 19174.0,
        "variance_ns2": 9213244.5,
        "iqr_ns": 1137.0,
        "q1_ns": 16162.0,
        "q3_ns": 17299.0
      },
      "runq_latency_stats_ns": {
        "count": 5.0,
        "sum_ns": 1015135.0,
        "mean_ns": 203027.0,
        "median_ns": 2860.0,
        "min_ns": 1307.0,
        "max_ns": 996090.0,
        "variance_ns2": 196565650249.0,
        "iqr_ns": 9650.0,
        "q1_ns": 2614.0,
        "q3_ns": 12264.0
      },
      "first_seen_ts_ns": 1747579276042129307,
      "last_seen_ts_ns": 1747579306746388426,
      "duration_active_s": 30.704259119
    },
    {
      "tgid": 287,
      "comm": "lmp",
      "cgroup_id": 10133,
      "on_cpu_stats_ns": {
        "count": 2.0,
        "sum_ns": 73436.0,
        "mean_ns": 36718.0,
        "median_ns": 43914.0,
        "min_ns": 29522.0,
        "max_ns": 43914.0,
        "variance_ns2": 103564832.0,
        "iqr_ns": 14392.0,
        "q1_ns": 29522.0,
        "q3_ns": 43914.0
      },
      "runq_latency_stats_ns": {
        "count": 2.0,
        "sum_ns": 5525.0,
        "mean_ns": 2762.5,
        "median_ns": 3112.0,
        "min_ns": 2413.0,
        "max_ns": 3112.0,
        "variance_ns2": 244300.5,
        "iqr_ns": 699.0,
        "q1_ns": 2413.0,
        "q3_ns": 3112.0
      },
      "first_seen_ts_ns": 1747579277641753605,
      "last_seen_ts_ns": 1747579277746389775,
      "duration_active_s": 0.10463617
    },
    {
      "tgid": 293,
      "comm": "lmp",
      "cgroup_id": 10133,
      "on_cpu_stats_ns": {
        "count": 3.0,
        "sum_ns": 56343.0,
        "mean_ns": 18781.0,
        "median_ns": 14702.0,
        "min_ns": 13910.0,
        "max_ns": 27731.0,
        "variance_ns2": 60233691.0,
        "iqr_ns": 13821.0,
        "q1_ns": 13910.0,
        "q3_ns": 27731.0
      },
      "runq_latency_stats_ns": {
        "count": 3.0,
        "sum_ns": 8169.0,
        "mean_ns": 2723.0,
        "median_ns": 2402.0,
        "min_ns": 2074.0,
        "max_ns": 3693.0,
        "variance_ns2": 732571.0,
        "iqr_ns": 1619.0,
        "q1_ns": 2074.0,
        "q3_ns": 3693.0
      },
      "first_seen_ts_ns": 1747579272851102636,
      "last_seen_ts_ns": 1747579292352993643,
      "duration_active_s": 19.501891007
    },
    {
      "tgid": 277,
      "comm": "lmp",
      "cgroup_id": 10133,
      "on_cpu_stats_ns": {
        "count": 4.0,
        "sum_ns": 54731.17647058824,
        "mean_ns": 13682.79411764706,
        "median_ns": 16462.0,
        "min_ns": 8014.176470588235,
        "max_ns": 21039.0,
        "variance_ns2": 37974408.679354094,
        "iqr_ns": 11823.0,
        "q1_ns": 9216.0,
        "q3_ns": 21039.0
      },
      "runq_latency_stats_ns": {
        "count": 4.0,
        "sum_ns": 8848.264705882353,
        "mean_ns": 2212.0661764705883,
        "median_ns": 2481.5,
        "min_ns": 1554.0,
        "max_ns": 3156.0,
        "variance_ns2": 568338.8214388698,
        "iqr_ns": 1499.235294117647,
        "q1_ns": 1656.764705882353,
        "q3_ns": 3156.0
      },
      "first_seen_ts_ns": 1747579272645177498,
      "last_seen_ts_ns": 1747579276275130703,
      "duration_active_s": 3.629953205
    },
    {
      "tgid": 281,
      "comm": "lmp",
      "cgroup_id": 10133,
      "on_cpu_stats_ns": {
        "count": 2.0,
        "sum_ns": 48653.0,
        "mean_ns": 24326.5,
        "median_ns": 38820.0,
        "min_ns": 9833.0,
        "max_ns": 38820.0,
        "variance_ns2": 420123084.5,
        "iqr_ns": 28987.0,
        "q1_ns": 9833.0,
        "q3_ns": 38820.0
      },
      "runq_latency_stats_ns": {
        "count": 2.0,
        "sum_ns": 16562.0,
        "mean_ns": 8281.0,
        "median_ns": 12496.0,
        "min_ns": 4066.0,
        "max_ns": 12496.0,
        "variance_ns2": 35532450.0,
        "iqr_ns": 8430.0,
        "q1_ns": 4066.0,
        "q3_ns": 12496.0
      },
      "first_seen_ts_ns": 1747579275305128527,
      "last_seen_ts_ns": 1747579294547052034,
      "duration_active_s": 19.241923507
    },
    {
      "tgid": 527,
      "comm": "lmp",
      "cgroup_id": 10133,
      "on_cpu_stats_ns": {
        "count": 2.0,
        "sum_ns": 46086.0,
        "mean_ns": 23043.0,
        "median_ns": 30098.0,
        "min_ns": 15988.0,
        "max_ns": 30098.0,
        "variance_ns2": 99546050.0,
        "iqr_ns": 14110.0,
        "q1_ns": 15988.0,
        "q3_ns": 30098.0
      },
      "runq_latency_stats_ns": {
        "count": 2.0,
        "sum_ns": 3516.0,
        "mean_ns": 1758.0,
        "median_ns": 1802.0,
        "min_ns": 1714.0,
        "max_ns": 1802.0,
        "variance_ns2": 3872.0,
        "iqr_ns": 88.0,
        "q1_ns": 1714.0,
        "q3_ns": 1802.0
      },
      "first_seen_ts_ns": 1747579317997795709,
      "last_seen_ts_ns": 1747579320087336836,
      "duration_active_s": 2.089541127
    },
    {
      "tgid": 263,
      "comm": "lmp",
      "cgroup_id": 10133,
      "on_cpu_stats_ns": {
        "count": 2.0,
        "sum_ns": 42759.0,
        "mean_ns": 21379.5,
        "median_ns": 28321.0,
        "min_ns": 14438.0,
        "max_ns": 28321.0,
        "variance_ns2": 96368844.5,
        "iqr_ns": 13883.0,
        "q1_ns": 14438.0,
        "q3_ns": 28321.0
      },
      "runq_latency_stats_ns": {
        "count": 2.0,
        "sum_ns": 4644.0,
        "mean_ns": 2322.0,
        "median_ns": 2811.0,
        "min_ns": 1833.0,
        "max_ns": 2811.0,
        "variance_ns2": 478242.0,
        "iqr_ns": 978.0,
        "q1_ns": 1833.0,
        "q3_ns": 2811.0
      },
      "first_seen_ts_ns": 1747579276042129307,
      "last_seen_ts_ns": 1747579278162642593,
      "duration_active_s": 2.120513286
    },
    {
      "tgid": 355,
      "comm": "lmp",
      "cgroup_id": 10133,
      "on_cpu_stats_ns": {
        "count": 2.0,
        "sum_ns": 34925.0,
        "mean_ns": 17462.5,
        "median_ns": 17469.0,
        "min_ns": 17456.0,
        "max_ns": 17469.0,
        "variance_ns2": 84.5,
        "iqr_ns": 13.0,
        "q1_ns": 17456.0,
        "q3_ns": 17469.0
      },
      "runq_latency_stats_ns": {
        "count": 2.0,
        "sum_ns": 7020.0,
        "mean_ns": 3510.0,
        "median_ns": 4870.0,
        "min_ns": 2150.0,
        "max_ns": 4870.0,
        "variance_ns2": 3699200.0,
        "iqr_ns": 2720.0,
        "q1_ns": 2150.0,
        "q3_ns": 4870.0
      },
      "first_seen_ts_ns": 1747579336877623054,
      "last_seen_ts_ns": 1747579345128147450,
      "duration_active_s": 8.250524396
    },
    {
      "tgid": 311,
      "comm": "lmp",
      "cgroup_id": 10133,
      "on_cpu_stats_ns": {
        "count": 1.0,
        "sum_ns": 32045.0,
        "mean_ns": 32045.0,
        "median_ns": 32045.0,
        "min_ns": 32045.0,
        "max_ns": 32045.0,
        "variance_ns2": null,
        "iqr_ns": 0.0,
        "q1_ns": 32045.0,
        "q3_ns": 32045.0
      },
      "runq_latency_stats_ns": {
        "count": 1.0,
        "sum_ns": 3082.0,
        "mean_ns": 3082.0,
        "median_ns": 3082.0,
        "min_ns": 3082.0,
        "max_ns": 3082.0,
        "variance_ns2": null,
        "iqr_ns": 0.0,
        "q1_ns": 3082.0,
        "q3_ns": 3082.0
      },
      "first_seen_ts_ns": 1747579272851102636,
      "last_seen_ts_ns": 1747579272851102636,
      "duration_active_s": 0
    },
    {
      "tgid": 185,
      "comm": "lmp",
      "cgroup_id": 10133,
      "on_cpu_stats_ns": {
        "count": 1.0,
        "sum_ns": 21501.0,
        "mean_ns": 21501.0,
        "median_ns": 21501.0,
        "min_ns": 21501.0,
        "max_ns": 21501.0,
        "variance_ns2": null,
        "iqr_ns": 0.0,
        "q1_ns": 21501.0,
        "q3_ns": 21501.0
      },
      "runq_latency_stats_ns": {
        "count": 1.0,
        "sum_ns": 4458.0,
        "mean_ns": 4458.0,
        "median_ns": 4458.0,
        "min_ns": 4458.0,
        "max_ns": 4458.0,
        "variance_ns2": null,
        "iqr_ns": 0.0,
        "q1_ns": 4458.0,
        "q3_ns": 4458.0
      },
      "first_seen_ts_ns": 1747579272851102636,
      "last_seen_ts_ns": 1747579272851102636,
      "duration_active_s": 0
    },
    {
      "tgid": 215,
      "comm": "lmp",
      "cgroup_id": 10133,
      "on_cpu_stats_ns": {
        "count": 2.0,
        "sum_ns": 21321.0,
        "mean_ns": 10660.5,
        "median_ns": 14173.0,
        "min_ns": 7148.0,
        "max_ns": 14173.0,
        "variance_ns2": 24675312.5,
        "iqr_ns": 7025.0,
        "q1_ns": 7148.0,
        "q3_ns": 14173.0
      },
      "runq_latency_stats_ns": {
        "count": 2.0,
        "sum_ns": 4905.0,
        "mean_ns": 2452.5,
        "median_ns": 3461.0,
        "min_ns": 1444.0,
        "max_ns": 3461.0,
        "variance_ns2": 2034144.5,
        "iqr_ns": 2017.0,
        "q1_ns": 1444.0,
        "q3_ns": 3461.0
      },
      "first_seen_ts_ns": 1747579272851102636,
      "last_seen_ts_ns": 1747579276275130703,
      "duration_active_s": 3.424028067
    },
    {
      "tgid": 335,
      "comm": "lmp",
      "cgroup_id": 10133,
      "on_cpu_stats_ns": {
        "count": 1.0,
        "sum_ns": 15380.0,
        "mean_ns": 15380.0,
        "median_ns": 15380.0,
        "min_ns": 15380.0,
        "max_ns": 15380.0,
        "variance_ns2": null,
        "iqr_ns": 0.0,
        "q1_ns": 15380.0,
        "q3_ns": 15380.0
      },
      "runq_latency_stats_ns": {
        "count": 1.0,
        "sum_ns": 3239.0,
        "mean_ns": 3239.0,
        "median_ns": 3239.0,
        "min_ns": 3239.0,
        "max_ns": 3239.0,
        "variance_ns2": null,
        "iqr_ns": 0.0,
        "q1_ns": 3239.0,
        "q3_ns": 3239.0
      },
      "first_seen_ts_ns": 1747579272851102636,
      "last_seen_ts_ns": 1747579272851102636,
      "duration_active_s": 0
    },
    {
      "tgid": 233,
      "comm": "lmp",
      "cgroup_id": 10133,
      "on_cpu_stats_ns": {
        "count": 1.0,
        "sum_ns": 14121.0,
        "mean_ns": 14121.0,
        "median_ns": 14121.0,
        "min_ns": 14121.0,
        "max_ns": 14121.0,
        "variance_ns2": null,
        "iqr_ns": 0.0,
        "q1_ns": 14121.0,
        "q3_ns": 14121.0
      },
      "runq_latency_stats_ns": {
        "count": 1.0,
        "sum_ns": 427547.0,
        "mean_ns": 427547.0,
        "median_ns": 427547.0,
        "min_ns": 427547.0,
        "max_ns": 427547.0,
        "variance_ns2": null,
        "iqr_ns": 0.0,
        "q1_ns": 427547.0,
        "q3_ns": 427547.0
      },
      "first_seen_ts_ns": 1747579272092087889,
      "last_seen_ts_ns": 1747579272092087889,
      "duration_active_s": 0
    },
    {
      "tgid": 203,
      "comm": "lmp",
      "cgroup_id": 10133,
      "on_cpu_stats_ns": {
        "count": 1.0,
        "sum_ns": 13562.0,
        "mean_ns": 13562.0,
        "median_ns": 13562.0,
        "min_ns": 13562.0,
        "max_ns": 13562.0,
        "variance_ns2": null,
        "iqr_ns": 0.0,
        "q1_ns": 13562.0,
        "q3_ns": 13562.0
      },
      "runq_latency_stats_ns": {
        "count": 1.0,
        "sum_ns": 2268.0,
        "mean_ns": 2268.0,
        "median_ns": 2268.0,
        "min_ns": 2268.0,
        "max_ns": 2268.0,
        "variance_ns2": null,
        "iqr_ns": 0.0,
        "q1_ns": 2268.0,
        "q3_ns": 2268.0
      },
      "first_seen_ts_ns": 1747579272851102636,
      "last_seen_ts_ns": 1747579272851102636,
      "duration_active_s": 0
    },
    {
      "tgid": 299,
      "comm": "lmp",
      "cgroup_id": 10133,
      "on_cpu_stats_ns": {
        "count": 1.0,
        "sum_ns": 13131.0,
        "mean_ns": 13131.0,
        "median_ns": 13131.0,
        "min_ns": 13131.0,
        "max_ns": 13131.0,
        "variance_ns2": null,
        "iqr_ns": 0.0,
        "q1_ns": 13131.0,
        "q3_ns": 13131.0
      },
      "runq_latency_stats_ns": {
        "count": 1.0,
        "sum_ns": 1827.0,
        "mean_ns": 1827.0,
        "median_ns": 1827.0,
        "min_ns": 1827.0,
        "max_ns": 1827.0,
        "variance_ns2": null,
        "iqr_ns": 0.0,
        "q1_ns": 1827.0,
        "q3_ns": 1827.0
      },
      "first_seen_ts_ns": 1747579275305128527,
      "last_seen_ts_ns": 1747579275305128527,
      "duration_active_s": 0
    },
    {
      "tgid": 191,
      "comm": "lmp",
      "cgroup_id": 10133,
      "on_cpu_stats_ns": {
        "count": 1.0,
        "sum_ns": 11653.0,
        "mean_ns": 11653.0,
        "median_ns": 11653.0,
        "min_ns": 11653.0,
        "max_ns": 11653.0,
        "variance_ns2": null,
        "iqr_ns": 0.0,
        "q1_ns": 11653.0,
        "q3_ns": 11653.0
      },
      "runq_latency_stats_ns": {
        "count": 1.0,
        "sum_ns": 2300.0,
        "mean_ns": 2300.0,
        "median_ns": 2300.0,
        "min_ns": 2300.0,
        "max_ns": 2300.0,
        "variance_ns2": null,
        "iqr_ns": 0.0,
        "q1_ns": 2300.0,
        "q3_ns": 2300.0
      },
      "first_seen_ts_ns": 1747579275305128527,
      "last_seen_ts_ns": 1747579275305128527,
      "duration_active_s": 0
    },
    {
      "tgid": 245,
      "comm": "lmp",
      "cgroup_id": 10133,
      "on_cpu_stats_ns": {
        "count": 1.0,
        "sum_ns": 8319.0,
        "mean_ns": 8319.0,
        "median_ns": 8319.0,
        "min_ns": 8319.0,
        "max_ns": 8319.0,
        "variance_ns2": null,
        "iqr_ns": 0.0,
        "q1_ns": 8319.0,
        "q3_ns": 8319.0
      },
      "runq_latency_stats_ns": {
        "count": 1.0,
        "sum_ns": 2663.0,
        "mean_ns": 2663.0,
        "median_ns": 2663.0,
        "min_ns": 2663.0,
        "max_ns": 2663.0,
        "variance_ns2": null,
        "iqr_ns": 0.0,
        "q1_ns": 2663.0,
        "q3_ns": 2663.0
      },
      "first_seen_ts_ns": 1747579272851102636,
      "last_seen_ts_ns": 1747579272851102636,
      "duration_active_s": 0
    },
    {
      "tgid": 239,
      "comm": "lmp",
      "cgroup_id": 10133,
      "on_cpu_stats_ns": {
        "count": 1.0,
        "sum_ns": 8183.0,
        "mean_ns": 8183.0,
        "median_ns": 8183.0,
        "min_ns": 8183.0,
        "max_ns": 8183.0,
        "variance_ns2": null,
        "iqr_ns": 0.0,
        "q1_ns": 8183.0,
        "q3_ns": 8183.0
      },
      "runq_latency_stats_ns": {
        "count": 1.0,
        "sum_ns": 2211.0,
        "mean_ns": 2211.0,
        "median_ns": 2211.0,
        "min_ns": 2211.0,
        "max_ns": 2211.0,
        "variance_ns2": null,
        "iqr_ns": 0.0,
        "q1_ns": 2211.0,
        "q3_ns": 2211.0
      },
      "first_seen_ts_ns": 1747579272851102636,
      "last_seen_ts_ns": 1747579272851102636,
      "duration_active_s": 0
    }
  ]
}
[14:42:58] Cleanup complete. Exiting.
