unlimited
Looking for /opt/programs/futex-model/ebpf-collect.c
[21:52:26] Starting eBPF (Tracepoints for futex syscalls).
[21:52:26] BPF program loaded and tracepoints automatically attached.
[21:52:26] Start Indicator file defined '/mnt/flux/start_ebpf_collection'. Waiting.
[21:52:41] Start indicator found. Proceeding.
[21:52:41] Ring buffers opened. Polling for events...
[21:55:26] 
Indicator file '/mnt/flux/stop_ebpf_collection' found. Stopping.
[21:55:26] Cleaning up BPF resources...
{
  "final_aggregated_futex_summary_river": [
    {
      "tgid": 6951,
      "comm": "fluent-bit-gke-",
      "cgroup_id": 8137,
      "wait_duration_stats_ns": {
        "count": 10574.0,
        "sum": 8486038914366.006,
        "mean": 802538198.8240974,
        "median": 811556.8646970502,
        "min": 397,
        "max": 49587615080,
        "variance_ns2": 2.5662328103616012e+19,
        "iqr_ns": 25262308.901689865,
        "q1_ns": 23458.396024366764,
        "q3_ns": 25285767.29771423
      },
      "futex_op_counts": {
        "128": 10574
      },
      "first_seen_ts_ns": 270834371272,
      "last_seen_ts_ns": 435834738997
    },
    {
      "tgid": 3789,
      "comm": "kubelet",
      "cgroup_id": 6640,
      "wait_duration_stats_ns": {
        "count": 14934.0,
        "sum": 6216454385524.01,
        "mean": 416261844.4839969,
        "median": 15132697.361130362,
        "min": 449,
        "max": 93176089943,
        "variance_ns2": 2.2358620782340882e+19,
        "iqr_ns": 51602243.870908506,
        "q1_ns": 1391757.706087564,
        "q3_ns": 52994001.57699607
      },
      "futex_op_counts": {
        "128": 14934
      },
      "first_seen_ts_ns": 255935488742,
      "last_seen_ts_ns": 435935217306
    },
    {
      "tgid": 3599,
      "comm": "containerd",
      "cgroup_id": 6520,
      "wait_duration_stats_ns": {
        "count": 90829.0,
        "sum": 4739297249217.026,
        "mean": 52178238.769743435,
        "median": 155784.00024046274,
        "min": 513,
        "max": 59447064859,
        "variance_ns2": 1.7758177860407066e+18,
        "iqr_ns": 1149860.2072696143,
        "q1_ns": 45433.40494759234,
        "q3_ns": 1195293.6122172067
      },
      "futex_op_counts": {
        "128": 90829
      },
      "first_seen_ts_ns": 255928377822,
      "last_seen_ts_ns": 435958188306
    },
    {
      "tgid": 8329,
      "comm": "prometheus",
      "cgroup_id": 9329,
      "wait_duration_stats_ns": {
        "count": 7998.0,
        "sum": 1702223207595.9946,
        "mean": 212831108.726681,
        "median": 41336959.568867765,
        "min": 440,
        "max": 81278766748,
        "variance_ns2": 6.366143538222146e+18,
        "iqr_ns": 11455747.086147055,
        "q1_ns": 38648017.53088846,
        "q3_ns": 50103764.617035516
      },
      "futex_op_counts": {
        "128": 7998
      },
      "first_seen_ts_ns": 270731460882,
      "last_seen_ts_ns": 435939463821
    },
    {
      "tgid": 8137,
      "comm": "containerd-shim",
      "cgroup_id": 6520,
      "wait_duration_stats_ns": {
        "count": 1368.0,
        "sum": 1252317830554.999,
        "mean": 915437010.6396191,
        "median": 466851.38729280053,
        "min": 372,
        "max": 85176973626,
        "variance_ns2": 1.1624934232885195e+19,
        "iqr_ns": 33553861.03386389,
        "q1_ns": 119639.43180857917,
        "q3_ns": 33673500.46567247
      },
      "futex_op_counts": {
        "128": 1368
      },
      "first_seen_ts_ns": 255936631012,
      "last_seen_ts_ns": 435936988992
    },
    {
      "tgid": 8537,
      "comm": "config-reloader",
      "cgroup_id": 9408,
      "wait_duration_stats_ns": {
        "count": 109.0,
        "sum": 1056373168481.9998,
        "mean": 9691496958.550457,
        "median": 2015450400.2104003,
        "min": 714,
        "max": 99646546219,
        "variance_ns2": 4.538938847761173e+20,
        "iqr_ns": 9393291748.464817,
        "q1_ns": 47133706.050465256,
        "q3_ns": 9440425454.515282
      },
      "futex_op_counts": {
        "128": 109
      },
      "first_seen_ts_ns": 272843437816,
      "last_seen_ts_ns": 433928898823
    },
    {
      "tgid": 3854,
      "comm": "node-problem-de",
      "cgroup_id": 6700,
      "wait_duration_stats_ns": {
        "count": 679.0,
        "sum": 927755544713.9982,
        "mean": 1366355735.9558146,
        "median": 692586885.7033471,
        "min": 1786,
        "max": 142109441108,
        "variance_ns2": 5.038202805575101e+19,
        "iqr_ns": 954928537.5065897,
        "q1_ns": 46633059.86955105,
        "q3_ns": 1001561597.3761407
      },
      "futex_op_counts": {
        "128": 679
      },
      "first_seen_ts_ns": 271093435073,
      "last_seen_ts_ns": 435093849194
    },
    {
      "tgid": 7670,
      "comm": "containerd-shim",
      "cgroup_id": 6520,
      "wait_duration_stats_ns": {
        "count": 130452.0,
        "sum": 890476217785.0026,
        "mean": 6826083.293356963,
        "median": 82807.61549566372,
        "min": 448,
        "max": 75146084837,
        "variance_ns2": 7.448203661130547e+16,
        "iqr_ns": 462172.7295011134,
        "q1_ns": 30416.7106922092,
        "q3_ns": 492589.4401933226
      },
      "futex_op_counts": {
        "128": 130452
      },
      "first_seen_ts_ns": 270742457940,
      "last_seen_ts_ns": 435958169117
    },
    {
      "tgid": 7917,
      "comm": "containerd-shim",
      "cgroup_id": 6520,
      "wait_duration_stats_ns": {
        "count": 359.0,
        "sum": 869225974134.9999,
        "mean": 2421242267.785515,
        "median": 3312006.041538218,
        "min": 1182,
        "max": 29998512176,
        "variance_ns2": 2.5621226061054075e+19,
        "iqr_ns": 3330052581.9958363,
        "q1_ns": 777372.4485936362,
        "q3_ns": 3330829954.44443
      },
      "futex_op_counts": {
        "128": 359
      },
      "first_seen_ts_ns": 273228710382,
      "last_seen_ts_ns": 435847854403
    },
    {
      "tgid": 6345,
      "comm": "containerd-shim",
      "cgroup_id": 6520,
      "wait_duration_stats_ns": {
        "count": 508.0,
        "sum": 859947554992.0002,
        "mean": 1692810147.6220477,
        "median": 4297383.917411502,
        "min": 693,
        "max": 28151193507,
        "variance_ns2": 1.959151932551316e+19,
        "iqr_ns": 2977048005.0047956,
        "q1_ns": 1861291.244858507,
        "q3_ns": 2978909296.2496543
      },
      "futex_op_counts": {
        "128": 508
      },
      "first_seen_ts_ns": 273233609637,
      "last_seen_ts_ns": 434579733726
    },
    {
      "tgid": 8292,
      "comm": "csi-node-driver",
      "cgroup_id": 9250,
      "wait_duration_stats_ns": {
        "count": 31.0,
        "sum": 840008787211.0001,
        "mean": 27097057651.967747,
        "median": 772694927.2029886,
        "min": 9657,
        "max": 120002008307,
        "variance_ns2": 2.12132714358421e+21,
        "iqr_ns": 44328326302.830284,
        "q1_ns": 113691682.00024663,
        "q3_ns": 44442017984.83053
      },
      "futex_op_counts": {
        "128": 31
      },
      "first_seen_ts_ns": 305425013934,
      "last_seen_ts_ns": 425427915784
    },
    {
      "tgid": 3981,
      "comm": "containerd-shim",
      "cgroup_id": 6520,
      "wait_duration_stats_ns": {
        "count": 203.0,
        "sum": 831336427968.0,
        "mean": 4095253339.7438426,
        "median": 2522622572.5495887,
        "min": 3431,
        "max": 59998239327,
        "variance_ns2": 5.275052493157011e+19,
        "iqr_ns": 5093351013.6100445,
        "q1_ns": 17726442.13023986,
        "q3_ns": 5111077455.740284
      },
      "futex_op_counts": {
        "128": 203
      },
      "first_seen_ts_ns": 273231573529,
      "last_seen_ts_ns": 434573153488
    },
    {
      "tgid": 4035,
      "comm": "kube-proxy",
      "cgroup_id": 7366,
      "wait_duration_stats_ns": {
        "count": 157.0,
        "sum": 818060909784.0002,
        "mean": 5210579043.210193,
        "median": 3169783724.306063,
        "min": 14277,
        "max": 59998973238,
        "variance_ns2": 1.2329113314556061e+20,
        "iqr_ns": 4452931424.936195,
        "q1_ns": 319722293.98812854,
        "q3_ns": 4772653718.924324
      },
      "futex_op_counts": {
        "128": 157
      },
      "first_seen_ts_ns": 273593013013,
      "last_seen_ts_ns": 433593026026
    },
    {
      "tgid": 6484,
      "comm": "containerd-shim",
      "cgroup_id": 6520,
      "wait_duration_stats_ns": {
        "count": 349.0,
        "sum": 808424452678.0,
        "mean": 2316402443.2034383,
        "median": 11052468.0715069,
        "min": 865,
        "max": 30077158341,
        "variance_ns2": 3.054965472956448e+19,
        "iqr_ns": 1738340379.4739237,
        "q1_ns": 1689595.5644920114,
        "q3_ns": 1740029975.0384157
      },
      "futex_op_counts": {
        "128": 349
      },
      "first_seen_ts_ns": 273229399980,
      "last_seen_ts_ns": 434579946168
    },
    {
      "tgid": 7228,
      "comm": "containerd-shim",
      "cgroup_id": 6520,
      "wait_duration_stats_ns": {
        "count": 333.0,
        "sum": 804454560640.9994,
        "mean": 2415779461.3843827,
        "median": 26560402.048057377,
        "min": 4174,
        "max": 40992271081,
        "variance_ns2": 2.7353291568786043e+19,
        "iqr_ns": 2811375969.951165,
        "q1_ns": 1257340.7309679305,
        "q3_ns": 2812633310.682133
      },
      "futex_op_counts": {
        "128": 333
      },
      "first_seen_ts_ns": 255928671812,
      "last_seen_ts_ns": 434575846459
    },
    {
      "tgid": 2772,
      "comm": "dockerd",
      "cgroup_id": 6400,
      "wait_duration_stats_ns": {
        "count": 74.0,
        "sum": 709762201406.0001,
        "mean": 9591381100.081083,
        "median": 4660726292.939709,
        "min": 1225,
        "max": 120013677789,
        "variance_ns2": 5.1281775589788536e+20,
        "iqr_ns": 9447798446.016851,
        "q1_ns": 260417918.23758218,
        "q3_ns": 9708216364.254433
      },
      "futex_op_counts": {
        "128": 74
      },
      "first_seen_ts_ns": 271627736648,
      "last_seen_ts_ns": 431627800166
    },
    {
      "tgid": 1739,
      "comm": "google_guest_ag",
      "cgroup_id": 4174,
      "wait_duration_stats_ns": {
        "count": 135.0,
        "sum": 694669036889.0,
        "mean": 5145696569.548148,
        "median": 3854989736.3621144,
        "min": 3730,
        "max": 120042453672,
        "variance_ns2": 2.9865748457732506e+20,
        "iqr_ns": 4623763678.090026,
        "q1_ns": 348171152.4921352,
        "q3_ns": 4971934830.582161
      },
      "futex_op_counts": {
        "128": 135
      },
      "first_seen_ts_ns": 274266252729,
      "last_seen_ts_ns": 434330316649
    },
    {
      "tgid": 7496,
      "comm": "proxy-agent",
      "cgroup_id": 8453,
      "wait_duration_stats_ns": {
        "count": 290.0,
        "sum": 642204886039.0002,
        "mean": 2214499607.0310354,
        "median": 821075304.5530046,
        "min": 952,
        "max": 21533005298,
        "variance_ns2": 1.0621296569296882e+19,
        "iqr_ns": 3940029426.250771,
        "q1_ns": 17855767.618874393,
        "q3_ns": 3957885193.8696456
      },
      "futex_op_counts": {
        "128": 290
      },
      "first_seen_ts_ns": 255928487764,
      "last_seen_ts_ns": 435935162868
    },
    {
      "tgid": 1740,
      "comm": "google_osconfig",
      "cgroup_id": 4234,
      "wait_duration_stats_ns": {
        "count": 268.0,
        "sum": 479233512416.9999,
        "mean": 1788184747.8246264,
        "median": 1448275280.4112816,
        "min": 3904,
        "max": 30000986836,
        "variance_ns2": 1.848583145558435e+19,
        "iqr_ns": 4251024342.3946257,
        "q1_ns": 38876499.94416229,
        "q3_ns": 4289900842.338788
      },
      "futex_op_counts": {
        "128": 268
      },
      "first_seen_ts_ns": 273880719159,
      "last_seen_ts_ns": 434003117629
    },
    {
      "tgid": 7018,
      "comm": "main",
      "cgroup_id": 8216,
      "wait_duration_stats_ns": {
        "count": 126.0,
        "sum": 464667675478.9999,
        "mean": 3687838694.2777767,
        "median": 4426682359.941923,
        "min": 16566,
        "max": 59986258070,
        "variance_ns2": 5.688892702382984e+19,
        "iqr_ns": 4620701297.2206135,
        "q1_ns": 460880937.5468617,
        "q3_ns": 5081582234.767475
      },
      "futex_op_counts": {
        "128": 126
      },
      "first_seen_ts_ns": 270900384627,
      "last_seen_ts_ns": 435905108477
    },
    {
      "tgid": 7556,
      "comm": "main",
      "cgroup_id": 8532,
      "wait_duration_stats_ns": {
        "count": 136.0,
        "sum": 449615265644.0,
        "mean": 3305994600.3235292,
        "median": 2604956300.179209,
        "min": 954,
        "max": 59971341963,
        "variance_ns2": 5.431589043364669e+19,
        "iqr_ns": 4985244358.734861,
        "q1_ns": 31053276.203838456,
        "q3_ns": 5016297634.9387
      },
      "futex_op_counts": {
        "128": 136
      },
      "first_seen_ts_ns": 271463278594,
      "last_seen_ts_ns": 431473296847
    },
    {
      "tgid": 6721,
      "comm": "main",
      "cgroup_id": 7979,
      "wait_duration_stats_ns": {
        "count": 208.0,
        "sum": 449537594369.00024,
        "mean": 2161238434.466347,
        "median": 1605959598.1029954,
        "min": 21961,
        "max": 59952694216,
        "variance_ns2": 3.785268977429538e+19,
        "iqr_ns": 4927425295.414093,
        "q1_ns": 1022804.3695350811,
        "q3_ns": 4928448099.783628
      },
      "futex_op_counts": {
        "128": 208
      },
      "first_seen_ts_ns": 273988680114,
      "last_seen_ts_ns": 433993372899
    },
    {
      "tgid": 8655,
      "comm": "gce-pd-csi-driv",
      "cgroup_id": 9487,
      "wait_duration_stats_ns": {
        "count": 290.0,
        "sum": 283219561690.0,
        "mean": 976619178.2413794,
        "median": 589912701.5809288,
        "min": 178987358,
        "max": 119999907687,
        "variance_ns2": 4.9196470070073295e+19,
        "iqr_ns": 1739385.7795561552,
        "q1_ns": 588179628.9635047,
        "q3_ns": 589919014.7430608
      },
      "futex_op_counts": {
        "128": 290
      },
      "first_seen_ts_ns": 270724063586,
      "last_seen_ts_ns": 435724067231
    },
    {
      "tgid": 6613,
      "comm": "otelsvc",
      "cgroup_id": 7900,
      "wait_duration_stats_ns": {
        "count": 524.0,
        "sum": 220310331609.99988,
        "mean": 420439564.14122117,
        "median": 479641872.72493887,
        "min": 20553,
        "max": 43129065169,
        "variance_ns2": 3.969666166938672e+18,
        "iqr_ns": 461201682.0568751,
        "q1_ns": 29458011.203694243,
        "q3_ns": 490659693.26056933
      },
      "futex_op_counts": {
        "128": 524
      },
      "first_seen_ts_ns": 271216495074,
      "last_seen_ts_ns": 435716506025
    },
    {
      "tgid": 10302,
      "comm": "log-counter",
      "cgroup_id": 6700,
      "wait_duration_stats_ns": {
        "count": 889.0,
        "sum": 12749050778.999998,
        "mean": 14340889.5151856,
        "median": 290153.389680161,
        "min": 505,
        "max": 1234392768,
        "variance_ns2": 1.3421400982454092e+16,
        "iqr_ns": 1461714.6907470282,
        "q1_ns": 142766.3277073181,
        "q3_ns": 1604481.0184543463
      },
      "futex_op_counts": {
        "128": 889
      },
      "first_seen_ts_ns": 342134255625,
      "last_seen_ts_ns": 343370599408
    },
    {
      "tgid": 10324,
      "comm": "log-counter",
      "cgroup_id": 6700,
      "wait_duration_stats_ns": {
        "count": 731.0,
        "sum": 11385315195.000002,
        "mean": 15574986.586867306,
        "median": 301161.37992966094,
        "min": 515,
        "max": 1217612453,
        "variance_ns2": 1.4125340896386186e+16,
        "iqr_ns": 1625900.8479316225,
        "q1_ns": 123787.86782120782,
        "q3_ns": 1749688.7157528303
      },
      "futex_op_counts": {
        "128": 731
      },
      "first_seen_ts_ns": 343380271343,
      "last_seen_ts_ns": 344598103807
    },
    {
      "tgid": 10278,
      "comm": "log-counter",
      "cgroup_id": 6700,
      "wait_duration_stats_ns": {
        "count": 365.0,
        "sum": 7819686514.0,
        "mean": 21423798.66849315,
        "median": 584610.2177148391,
        "min": 3414,
        "max": 1188310027,
        "variance_ns2": 1.5626520312723202e+16,
        "iqr_ns": 5270206.272907448,
        "q1_ns": 192284.89450505064,
        "q3_ns": 5462491.167412499
      },
      "futex_op_counts": {
        "128": 365
      },
      "first_seen_ts_ns": 341101244781,
      "last_seen_ts_ns": 342289950171
    },
    {
      "tgid": 10276,
      "comm": "log-counter",
      "cgroup_id": 6700,
      "wait_duration_stats_ns": {
        "count": 17.0,
        "sum": 5078683208.0,
        "mean": 298746071.0588235,
        "median": 61715604.584178,
        "min": 12636,
        "max": 1019795288,
        "variance_ns2": 1.8896336839583267e+17,
        "iqr_ns": 443561583.22521174,
        "q1_ns": 8150216.37378118,
        "q3_ns": 451711799.59899294
      },
      "futex_op_counts": {
        "128": 17
      },
      "first_seen_ts_ns": 341101187029,
      "last_seen_ts_ns": 342125184318
    },
    {
      "tgid": 10318,
      "comm": "log-counter",
      "cgroup_id": 6700,
      "wait_duration_stats_ns": {
        "count": 19.0,
        "sum": 4087686485.0000005,
        "mean": 215141393.94736844,
        "median": 23460622.77274826,
        "min": 12026,
        "max": 1020012221,
        "variance_ns2": 1.7532189636115267e+17,
        "iqr_ns": 206227551.06649783,
        "q1_ns": 762267.220138889,
        "q3_ns": 206989818.2866367
      },
      "futex_op_counts": {
        "128": 19
      },
      "first_seen_ts_ns": 342442087108,
      "last_seen_ts_ns": 343471028844
    },
    {
      "tgid": 10297,
      "comm": "log-counter",
      "cgroup_id": 6700,
      "wait_duration_stats_ns": {
        "count": 11.0,
        "sum": 3010645728.0,
        "mean": 273695066.1818182,
        "median": 50765651.1875,
        "min": 16299,
        "max": 1010603468,
        "variance_ns2": 1.843520969350968e+17,
        "iqr_ns": 140377939.66666666,
        "q1_ns": 61360.0,
        "q3_ns": 140439299.66666666
      },
      "futex_op_counts": {
        "128": 11
      },
      "first_seen_ts_ns": 341342234983,
      "last_seen_ts_ns": 342353022962
    },
    {
      "tgid": 10404,
      "comm": "runc",
      "cgroup_id": 6520,
      "wait_duration_stats_ns": {
        "count": 318.0,
        "sum": 969204979.0000002,
        "mean": 3047814.39937107,
        "median": 160225.37336072238,
        "min": 2855,
        "max": 134116623,
        "variance_ns2": 239533359418791.03,
        "iqr_ns": 8054731.910929225,
        "q1_ns": 35434.84231041414,
        "q3_ns": 8090166.753239639
      },
      "futex_op_counts": {
        "128": 318
      },
      "first_seen_ts_ns": 375952346564,
      "last_seen_ts_ns": 376105013162
    },
    {
      "tgid": 9934,
      "comm": "runc",
      "cgroup_id": 6520,
      "wait_duration_stats_ns": {
        "count": 363.0,
        "sum": 932943926.9999999,
        "mean": 2570093.462809917,
        "median": 84854.04720042595,
        "min": 438,
        "max": 110314093,
        "variance_ns2": 228866148628136.5,
        "iqr_ns": 542886.3279265243,
        "q1_ns": 19235.475580067818,
        "q3_ns": 562121.8035065922
      },
      "futex_op_counts": {
        "128": 363
      },
      "first_seen_ts_ns": 295944188397,
      "last_seen_ts_ns": 296069084736
    },
    {
      "tgid": 10336,
      "comm": "runc",
      "cgroup_id": 6520,
      "wait_duration_stats_ns": {
        "count": 241.0,
        "sum": 848976441.0000002,
        "mean": 3522723.8215767643,
        "median": 148432.04658972466,
        "min": 770,
        "max": 123508765,
        "variance_ns2": 311191530632983.3,
        "iqr_ns": 880587.3663754459,
        "q1_ns": 18080.809931185264,
        "q3_ns": 898668.1763066311
      },
      "futex_op_counts": {
        "128": 241
      },
      "first_seen_ts_ns": 345943712097,
      "last_seen_ts_ns": 346070676747
    },
    {
      "tgid": 10651,
      "comm": "runc",
      "cgroup_id": 6520,
      "wait_duration_stats_ns": {
        "count": 321.0,
        "sum": 779997875.0,
        "mean": 2429899.92211838,
        "median": 100710.11836415922,
        "min": 576,
        "max": 110642524,
        "variance_ns2": 179149347124468.7,
        "iqr_ns": 3749569.1357655195,
        "q1_ns": 20103.17019181517,
        "q3_ns": 3769672.3059573346
      },
      "futex_op_counts": {
        "128": 321
      },
      "first_seen_ts_ns": 405953014103,
      "last_seen_ts_ns": 406069038382
    },
    {
      "tgid": 10673,
      "comm": "runc",
      "cgroup_id": 6520,
      "wait_duration_stats_ns": {
        "count": 346.0,
        "sum": 760421042.9999999,
        "mean": 2197748.679190751,
        "median": 84069.26686893671,
        "min": 542,
        "max": 107979208,
        "variance_ns2": 158337002751608.5,
        "iqr_ns": 471371.6559271153,
        "q1_ns": 20321.430442057015,
        "q3_ns": 491693.0863691723
      },
      "futex_op_counts": {
        "128": 346
      },
      "first_seen_ts_ns": 415941071691,
      "last_seen_ts_ns": 416056304215
    },
    {
      "tgid": 9912,
      "comm": "runc",
      "cgroup_id": 6520,
      "wait_duration_stats_ns": {
        "count": 364.0,
        "sum": 728534021.0,
        "mean": 2001467.0906593406,
        "median": 105111.75014976025,
        "min": 499,
        "max": 101814530,
        "variance_ns2": 122109157468318.02,
        "iqr_ns": 537251.0025661336,
        "q1_ns": 21552.827250177943,
        "q3_ns": 558803.8298163116
      },
      "futex_op_counts": {
        "128": 364
      },
      "first_seen_ts_ns": 285941669423,
      "last_seen_ts_ns": 286049240647
    },
    {
      "tgid": 10695,
      "comm": "runc",
      "cgroup_id": 6520,
      "wait_duration_stats_ns": {
        "count": 367.0,
        "sum": 706672226.0,
        "mean": 1925537.4005449591,
        "median": 160945.09968245757,
        "min": 9665,
        "max": 99528158,
        "variance_ns2": 131074424400471.34,
        "iqr_ns": 2375706.9751889813,
        "q1_ns": 21214.20043184181,
        "q3_ns": 2396921.175620823
      },
      "futex_op_counts": {
        "128": 367
      },
      "first_seen_ts_ns": 425947016382,
      "last_seen_ts_ns": 426049351377
    },
    {
      "tgid": 9961,
      "comm": "runc",
      "cgroup_id": 6520,
      "wait_duration_stats_ns": {
        "count": 322.0,
        "sum": 650183879.0,
        "mean": 2019204.593167702,
        "median": 137393.93851930517,
        "min": 2071,
        "max": 97858833,
        "variance_ns2": 98350019865838.8,
        "iqr_ns": 1073645.6468447952,
        "q1_ns": 35775.9740439003,
        "q3_ns": 1109421.6208886956
      },
      "futex_op_counts": {
        "128": 322
      },
      "first_seen_ts_ns": 305943128390,
      "last_seen_ts_ns": 306041388811
    },
    {
      "tgid": 10378,
      "comm": "runc",
      "cgroup_id": 6520,
      "wait_duration_stats_ns": {
        "count": 267.0,
        "sum": 636721986.0,
        "mean": 2384726.5393258426,
        "median": 157004.62328512568,
        "min": 786,
        "max": 77666096,
        "variance_ns2": 149195831551012.34,
        "iqr_ns": 1474926.6880544352,
        "q1_ns": 23865.98015474558,
        "q3_ns": 1498792.6682091807
      },
      "futex_op_counts": {
        "128": 267
      },
      "first_seen_ts_ns": 365942774442,
      "last_seen_ts_ns": 366028511335
    },
    {
      "tgid": 10627,
      "comm": "runc",
      "cgroup_id": 6520,
      "wait_duration_stats_ns": {
        "count": 250.0,
        "sum": 559169046.9999999,
        "mean": 2236676.1879999996,
        "median": 168010.1383212189,
        "min": 7983,
        "max": 89477788,
        "variance_ns2": 116920692229147.88,
        "iqr_ns": 1001083.1739482511,
        "q1_ns": 29201.20014612241,
        "q3_ns": 1030284.3740943734
      },
      "futex_op_counts": {
        "128": 250
      },
      "first_seen_ts_ns": 395939706750,
      "last_seen_ts_ns": 396035888647
    },
    {
      "tgid": 10006,
      "comm": "runc",
      "cgroup_id": 6520,
      "wait_duration_stats_ns": {
        "count": 279.0,
        "sum": 540231634.0,
        "mean": 1936314.1003584228,
        "median": 82650.04784955937,
        "min": 857,
        "max": 69174435,
        "variance_ns2": 89092695846181.55,
        "iqr_ns": 466485.72896363266,
        "q1_ns": 17893.30766985739,
        "q3_ns": 484379.03663349006
      },
      "futex_op_counts": {
        "128": 279
      },
      "first_seen_ts_ns": 325941700413,
      "last_seen_ts_ns": 326016023770
    },
    {
      "tgid": 10358,
      "comm": "runc",
      "cgroup_id": 6520,
      "wait_duration_stats_ns": {
        "count": 379.0,
        "sum": 536831569.0,
        "mean": 1416442.1345646437,
        "median": 52037.847880987596,
        "min": 9651,
        "max": 87488944,
        "variance_ns2": 79449535431258.67,
        "iqr_ns": 518456.1072325239,
        "q1_ns": 21650.300097269628,
        "q3_ns": 540106.4073297936
      },
      "futex_op_counts": {
        "128": 379
      },
      "first_seen_ts_ns": 355941201101,
      "last_seen_ts_ns": 356035083999
    },
    {
      "tgid": 9946,
      "comm": "runc:[2:INIT]",
      "cgroup_id": 9250,
      "wait_duration_stats_ns": {
        "count": 112.0,
        "sum": 485127906.0,
        "mean": 4331499.160714285,
        "median": 319669.6356936164,
        "min": 15477,
        "max": 86437948,
        "variance_ns2": 215035651294416.47,
        "iqr_ns": 3036917.2137838365,
        "q1_ns": 117256.42995854004,
        "q3_ns": 3154173.6437423765
      },
      "futex_op_counts": {
        "128": 112
      },
      "first_seen_ts_ns": 295962122645,
      "last_seen_ts_ns": 296065094091
    },
    {
      "tgid": 10416,
      "comm": "runc:[2:INIT]",
      "cgroup_id": 9250,
      "wait_duration_stats_ns": {
        "count": 34.0,
        "sum": 477954296.0,
        "mean": 14057479.294117646,
        "median": 2227076.722602327,
        "min": 993,
        "max": 79046910,
        "variance_ns2": 623405335663726.2,
        "iqr_ns": 10874373.339431042,
        "q1_ns": 1089219.5333860796,
        "q3_ns": 11963592.872817121
      },
      "futex_op_counts": {
        "128": 34
      },
      "first_seen_ts_ns": 376005335187,
      "last_seen_ts_ns": 376107096218
    },
    {
      "tgid": 9985,
      "comm": "runc",
      "cgroup_id": 6520,
      "wait_duration_stats_ns": {
        "count": 257.0,
        "sum": 471576432.00000006,
        "mean": 1834927.750972763,
        "median": 125847.4864352617,
        "min": 1034,
        "max": 73563531,
        "variance_ns2": 57863384493003.766,
        "iqr_ns": 909649.3576581519,
        "q1_ns": 30322.74152296542,
        "q3_ns": 939972.0991811173
      },
      "futex_op_counts": {
        "128": 257
      },
      "first_seen_ts_ns": 315942994986,
      "last_seen_ts_ns": 316023758422
    },
    {
      "tgid": 10347,
      "comm": "runc:[2:INIT]",
      "cgroup_id": 9250,
      "wait_duration_stats_ns": {
        "count": 33.0,
        "sum": 466499218.00000006,
        "mean": 14136339.939393941,
        "median": 2159302.014089104,
        "min": 27688,
        "max": 76187336,
        "variance_ns2": 657925275808176.0,
        "iqr_ns": 17590607.179547723,
        "q1_ns": 461642.01870693266,
        "q3_ns": 18052249.198254656
      },
      "futex_op_counts": {
        "128": 33
      },
      "first_seen_ts_ns": 345973133854,
      "last_seen_ts_ns": 346074071708
    },
    {
      "tgid": 10663,
      "comm": "runc:[2:INIT]",
      "cgroup_id": 9250,
      "wait_duration_stats_ns": {
        "count": 32.0,
        "sum": 403921853.00000006,
        "mean": 12622557.906250002,
        "median": 2335180.9558082647,
        "min": 3273,
        "max": 68510827,
        "variance_ns2": 519922183044963.3,
        "iqr_ns": 18030464.52541157,
        "q1_ns": 124837.91219136138,
        "q3_ns": 18155302.43760293
      },
      "futex_op_counts": {
        "128": 32
      },
      "first_seen_ts_ns": 405982298913,
      "last_seen_ts_ns": 406066717017
    },
    {
      "tgid": 9923,
      "comm": "runc:[2:INIT]",
      "cgroup_id": 9250,
      "wait_duration_stats_ns": {
        "count": 32.0,
        "sum": 390947908.00000006,
        "mean": 12217122.125000002,
        "median": 1592028.853091873,
        "min": 2177,
        "max": 65144642,
        "variance_ns2": 500382946589142.94,
        "iqr_ns": 15958411.009456191,
        "q1_ns": 108502.60237517375,
        "q3_ns": 16066913.611831365
      },
      "futex_op_counts": {
        "128": 32
      },
      "first_seen_ts_ns": 285965163816,
      "last_seen_ts_ns": 286048912936
    },
    {
      "tgid": 10684,
      "comm": "runc:[2:INIT]",
      "cgroup_id": 9250,
      "wait_duration_stats_ns": {
        "count": 28.0,
        "sum": 385064968.0,
        "mean": 13752320.285714285,
        "median": 1887904.6965633284,
        "min": 697,
        "max": 68740318,
        "variance_ns2": 560058313567603.7,
        "iqr_ns": 20233586.341461852,
        "q1_ns": 92136.1284281236,
        "q3_ns": 20325722.469889976
      },
      "futex_op_counts": {
        "128": 28
      },
      "first_seen_ts_ns": 415971227532,
      "last_seen_ts_ns": 416055646205
    },
    {
      "tgid": 10706,
      "comm": "runc:[2:INIT]",
      "cgroup_id": 9250,
      "wait_duration_stats_ns": {
        "count": 32.0,
        "sum": 355828289.00000006,
        "mean": 11119634.031250002,
        "median": 2260205.473297857,
        "min": 11977,
        "max": 59865519,
        "variance_ns2": 351461212916327.8,
        "iqr_ns": 11857295.592131592,
        "q1_ns": 568767.4603050596,
        "q3_ns": 12426063.052436652
      },
      "futex_op_counts": {
        "128": 32
      },
      "first_seen_ts_ns": 425970115481,
      "last_seen_ts_ns": 426049396344
    },
    {
      "tgid": 10390,
      "comm": "runc:[2:INIT]",
      "cgroup_id": 9250,
      "wait_duration_stats_ns": {
        "count": 33.0,
        "sum": 307448351.0,
        "mean": 9316616.696969697,
        "median": 3255146.4493700047,
        "min": 1608,
        "max": 45731502,
        "variance_ns2": 201199992518482.75,
        "iqr_ns": 11099657.669894926,
        "q1_ns": 254568.79950751684,
        "q3_ns": 11354226.469402444
      },
      "futex_op_counts": {
        "128": 33
      },
      "first_seen_ts_ns": 365961124429,
      "last_seen_ts_ns": 366025490715
    },
    {
      "tgid": 9888,
      "comm": "runc",
      "cgroup_id": 6520,
      "wait_duration_stats_ns": {
        "count": 349.0,
        "sum": 296740975.0,
        "mean": 850260.6733524355,
        "median": 53003.79125911086,
        "min": 769,
        "max": 48484222,
        "variance_ns2": 22256856442913.242,
        "iqr_ns": 254704.38743296603,
        "q1_ns": 20095.64605932829,
        "q3_ns": 274800.0334922943
      },
      "futex_op_counts": {
        "128": 349
      },
      "first_seen_ts_ns": 275938856433,
      "last_seen_ts_ns": 275987556735
    },
    {
      "tgid": 10637,
      "comm": "runc:[2:INIT]",
      "cgroup_id": 9250,
      "wait_duration_stats_ns": {
        "count": 28.0,
        "sum": 293668036.0,
        "mean": 10488144.142857144,
        "median": 847893.0935223015,
        "min": 792,
        "max": 61749098,
        "variance_ns2": 399789087144206.44,
        "iqr_ns": 7032060.070230613,
        "q1_ns": 38572.03816326536,
        "q3_ns": 7070632.108393879
      },
      "futex_op_counts": {
        "128": 28
      },
      "first_seen_ts_ns": 395958077743,
      "last_seen_ts_ns": 396035628274
    },
    {
      "tgid": 10604,
      "comm": "runc",
      "cgroup_id": 6520,
      "wait_duration_stats_ns": {
        "count": 343.0,
        "sum": 271447009.00000006,
        "mean": 791390.696793003,
        "median": 51828.34978121279,
        "min": 1140,
        "max": 42011499,
        "variance_ns2": 18608567452032.137,
        "iqr_ns": 154718.30088419365,
        "q1_ns": 17621.10817111852,
        "q3_ns": 172339.40905531216
      },
      "futex_op_counts": {
        "128": 343
      },
      "first_seen_ts_ns": 385938566581,
      "last_seen_ts_ns": 385983697853
    },
    {
      "tgid": 9972,
      "comm": "runc:[2:INIT]",
      "cgroup_id": 9250,
      "wait_duration_stats_ns": {
        "count": 31.0,
        "sum": 269701354.0,
        "mean": 8700043.677419355,
        "median": 2765754.2275116965,
        "min": 17019,
        "max": 49161646,
        "variance_ns2": 203683823242074.84,
        "iqr_ns": 6248883.469086265,
        "q1_ns": 1072465.5188476485,
        "q3_ns": 7321348.987933914
      },
      "futex_op_counts": {
        "128": 31
      },
      "first_seen_ts_ns": 305964088361,
      "last_seen_ts_ns": 306038563918
    },
    {
      "tgid": 10251,
      "comm": "runc",
      "cgroup_id": 6520,
      "wait_duration_stats_ns": {
        "count": 362.0,
        "sum": 266785181.99999994,
        "mean": 736975.6408839778,
        "median": 49918.80713219811,
        "min": 508,
        "max": 41384269,
        "variance_ns2": 18584562336991.09,
        "iqr_ns": 214486.77062983307,
        "q1_ns": 20699.23104422479,
        "q3_ns": 235186.00167405786
      },
      "futex_op_counts": {
        "128": 362
      },
      "first_seen_ts_ns": 335939166118,
      "last_seen_ts_ns": 335983558875
    },
    {
      "tgid": 10368,
      "comm": "runc:[2:INIT]",
      "cgroup_id": 9250,
      "wait_duration_stats_ns": {
        "count": 28.0,
        "sum": 239293283.0,
        "mean": 8546188.67857143,
        "median": 467195.44665217906,
        "min": 484,
        "max": 48886596,
        "variance_ns2": 264688943936758.28,
        "iqr_ns": 8715383.69060755,
        "q1_ns": 16396.197197420646,
        "q3_ns": 8731779.88780497
      },
      "futex_op_counts": {
        "128": 28
      },
      "first_seen_ts_ns": 355970248458,
      "last_seen_ts_ns": 356035126721
    },
    {
      "tgid": 10018,
      "comm": "runc:[2:INIT]",
      "cgroup_id": 9250,
      "wait_duration_stats_ns": {
        "count": 30.0,
        "sum": 209012088.00000003,
        "mean": 6967069.600000001,
        "median": 1270767.8459441278,
        "min": 24056,
        "max": 34678983,
        "variance_ns2": 80668655385383.2,
        "iqr_ns": 10283846.282001924,
        "q1_ns": 32821.235840961075,
        "q3_ns": 10316667.517842885
      },
      "futex_op_counts": {
        "128": 30
      },
      "first_seen_ts_ns": 325974017338,
      "last_seen_ts_ns": 326013947078
    },
    {
      "tgid": 9995,
      "comm": "runc:[2:INIT]",
      "cgroup_id": 9250,
      "wait_duration_stats_ns": {
        "count": 34.0,
        "sum": 204637039.99999994,
        "mean": 6018736.470588233,
        "median": 1260331.6561342808,
        "min": 12930,
        "max": 24592762,
        "variance_ns2": 68297257178244.79,
        "iqr_ns": 7339533.636733002,
        "q1_ns": 198131.47331102312,
        "q3_ns": 7537665.110044025
      },
      "futex_op_counts": {
        "128": 34
      },
      "first_seen_ts_ns": 315974560545,
      "last_seen_ts_ns": 316021074602
    },
    {
      "tgid": 9899,
      "comm": "runc:[2:INIT]",
      "cgroup_id": 9250,
      "wait_duration_stats_ns": {
        "count": 28.0,
        "sum": 181680215.0,
        "mean": 6488579.107142857,
        "median": 1879381.138229227,
        "min": 24147,
        "max": 23910347,
        "variance_ns2": 85214713656427.64,
        "iqr_ns": 8561335.911937725,
        "q1_ns": 50941.90618362263,
        "q3_ns": 8612277.818121348
      },
      "futex_op_counts": {
        "128": 28
      },
      "first_seen_ts_ns": 275947390731,
      "last_seen_ts_ns": 275987661124
    },
    {
      "tgid": 9555,
      "comm": "runc",
      "cgroup_id": 6520,
      "wait_duration_stats_ns": {
        "count": 378.0,
        "sum": 173864488.00000003,
        "mean": 459958.96296296304,
        "median": 28685.515812116064,
        "min": 2256,
        "max": 30408418,
        "variance_ns2": 10493193401035.305,
        "iqr_ns": 75249.41752912753,
        "q1_ns": 16798.78705852628,
        "q3_ns": 92048.2045876538
      },
      "futex_op_counts": {
        "128": 378
      },
      "first_seen_ts_ns": 255939157111,
      "last_seen_ts_ns": 255972395562
    },
    {
      "tgid": 10616,
      "comm": "runc:[2:INIT]",
      "cgroup_id": 9250,
      "wait_duration_stats_ns": {
        "count": 28.0,
        "sum": 165554612.99999997,
        "mean": 5912664.749999999,
        "median": 642890.7567894352,
        "min": 2543,
        "max": 21424064,
        "variance_ns2": 69558623473681.445,
        "iqr_ns": 7302428.121334495,
        "q1_ns": 57925.01450589919,
        "q3_ns": 7360353.1358403945
      },
      "futex_op_counts": {
        "128": 28
      },
      "first_seen_ts_ns": 385946822246,
      "last_seen_ts_ns": 385983642415
    },
    {
      "tgid": 10263,
      "comm": "runc:[2:INIT]",
      "cgroup_id": 9250,
      "wait_duration_stats_ns": {
        "count": 29.0,
        "sum": 158016617.99999997,
        "mean": 5448848.896551724,
        "median": 1550190.4089557612,
        "min": 20899,
        "max": 19381825,
        "variance_ns2": 58943300166340.67,
        "iqr_ns": 10825960.082347192,
        "q1_ns": 162143.9595342728,
        "q3_ns": 10988104.041881464
      },
      "futex_op_counts": {
        "128": 29
      },
      "first_seen_ts_ns": 335947979865,
      "last_seen_ts_ns": 335983521180
    },
    {
      "tgid": 9565,
      "comm": "runc:[2:INIT]",
      "cgroup_id": 9250,
      "wait_duration_stats_ns": {
        "count": 29.0,
        "sum": 109545283.0,
        "mean": 3777423.5517241377,
        "median": 658682.9945627388,
        "min": 479,
        "max": 15358225,
        "variance_ns2": 30235346081672.6,
        "iqr_ns": 6490719.325135366,
        "q1_ns": 96826.15184248704,
        "q3_ns": 6587545.476977853
      },
      "futex_op_counts": {
        "128": 29
      },
      "first_seen_ts_ns": 255946820394,
      "last_seen_ts_ns": 255972420900
    },
    {
      "tgid": 10731,
      "comm": "runc",
      "cgroup_id": 6520,
      "wait_duration_stats_ns": {
        "count": 376.0,
        "sum": 30705457.000000004,
        "mean": 81663.44946808512,
        "median": 29324.68340853336,
        "min": 900,
        "max": 5119096,
        "variance_ns2": 148684399970.17886,
        "iqr_ns": 27318.92331772944,
        "q1_ns": 19039.777813134246,
        "q3_ns": 46358.70113086369
      },
      "futex_op_counts": {
        "128": 376
      },
      "first_seen_ts_ns": 435938358783,
      "last_seen_ts_ns": 435946787219
    },
    {
      "tgid": 9972,
      "comm": "csi-node-driver",
      "cgroup_id": 9250,
      "wait_duration_stats_ns": {
        "count": 20.0,
        "sum": 12054015.0,
        "mean": 602700.75,
        "median": 225375.88308354595,
        "min": 14820,
        "max": 2916280,
        "variance_ns2": 591138488285.8816,
        "iqr_ns": 972105.1712202169,
        "q1_ns": 19863.92873292824,
        "q3_ns": 991969.0999531451
      },
      "futex_op_counts": {
        "128": 20
      },
      "first_seen_ts_ns": 306040358864,
      "last_seen_ts_ns": 306043694979
    },
    {
      "tgid": 9356,
      "comm": "flux-broker-7",
      "cgroup_id": 9961,
      "wait_duration_stats_ns": {
        "count": 480.0,
        "sum": 11390058.000000006,
        "mean": 23729.287500000013,
        "median": 2573.9479459180006,
        "min": 361,
        "max": 3434861,
        "variance_ns2": 52257294053.737656,
        "iqr_ns": 7183.4283814351265,
        "q1_ns": 640.2142355215741,
        "q3_ns": 7823.6426169567
      },
      "futex_op_counts": {
        "128": 480
      },
      "first_seen_ts_ns": 271067920231,
      "last_seen_ts_ns": 435951299582
    },
    {
      "tgid": 9899,
      "comm": "csi-node-driver",
      "cgroup_id": 9250,
      "wait_duration_stats_ns": {
        "count": 19.0,
        "sum": 10589858.0,
        "mean": 557360.947368421,
        "median": 342809.98165512085,
        "min": 9985,
        "max": 1904959,
        "variance_ns2": 457353839254.16376,
        "iqr_ns": 675369.0576036095,
        "q1_ns": 56826.9248703275,
        "q3_ns": 732195.982473937
      },
      "futex_op_counts": {
        "128": 19
      },
      "first_seen_ts_ns": 275989814627,
      "last_seen_ts_ns": 275993376895
    },
    {
      "tgid": 10744,
      "comm": "runc:[2:INIT]",
      "cgroup_id": 9250,
      "wait_duration_stats_ns": {
        "count": 8.0,
        "sum": 10499331.0,
        "mean": 1312416.375,
        "median": 152432.25,
        "min": 13764,
        "max": 8633798,
        "variance_ns2": 8848387127450.268,
        "iqr_ns": 86478.11111111111,
        "q1_ns": 91742.88888888889,
        "q3_ns": 178221.0
      },
      "futex_op_counts": {
        "128": 8
      },
      "first_seen_ts_ns": 435947543931,
      "last_seen_ts_ns": 435957630719
    },
    {
      "tgid": 9946,
      "comm": "csi-node-driver",
      "cgroup_id": 9250,
      "wait_duration_stats_ns": {
        "count": 19.0,
        "sum": 9690727.0,
        "mean": 510038.2631578947,
        "median": 105941.22470393106,
        "min": 8378,
        "max": 1835196,
        "variance_ns2": 433961670322.2047,
        "iqr_ns": 810874.3863399801,
        "q1_ns": 40701.26058201059,
        "q3_ns": 851575.6469219907
      },
      "futex_op_counts": {
        "128": 19
      },
      "first_seen_ts_ns": 296070582820,
      "last_seen_ts_ns": 296073976514
    },
    {
      "tgid": 10018,
      "comm": "csi-node-driver",
      "cgroup_id": 9250,
      "wait_duration_stats_ns": {
        "count": 20.0,
        "sum": 9649433.0,
        "mean": 482471.64999999997,
        "median": 213623.24113281252,
        "min": 15892,
        "max": 1912992,
        "variance_ns2": 406095542627.2922,
        "iqr_ns": 597993.6475480358,
        "q1_ns": 46122.306944444455,
        "q3_ns": 644115.9544924803
      },
      "futex_op_counts": {
        "128": 20
      },
      "first_seen_ts_ns": 326019583987,
      "last_seen_ts_ns": 326022844354
    },
    {
      "tgid": 10263,
      "comm": "csi-node-driver",
      "cgroup_id": 9250,
      "wait_duration_stats_ns": {
        "count": 22.0,
        "sum": 9472806.999999998,
        "mean": 430582.1363636363,
        "median": 73974.76933788948,
        "min": 1199,
        "max": 1812146,
        "variance_ns2": 344517986646.59955,
        "iqr_ns": 364044.8295092634,
        "q1_ns": 30837.613683127587,
        "q3_ns": 394882.44319239096
      },
      "futex_op_counts": {
        "128": 22
      },
      "first_seen_ts_ns": 335985592546,
      "last_seen_ts_ns": 335988793145
    },
    {
      "tgid": 9995,
      "comm": "csi-node-driver",
      "cgroup_id": 9250,
      "wait_duration_stats_ns": {
        "count": 14.0,
        "sum": 9443382.000000002,
        "mean": 674527.2857142858,
        "median": 131689.59283854166,
        "min": 16881,
        "max": 3137415,
        "variance_ns2": 1085611510214.9889,
        "iqr_ns": 620809.7709992283,
        "q1_ns": 51282.2039236111,
        "q3_ns": 672091.9749228394
      },
      "futex_op_counts": {
        "128": 14
      },
      "first_seen_ts_ns": 316023442008,
      "last_seen_ts_ns": 316026570713
    },
    {
      "tgid": 9565,
      "comm": "csi-node-driver",
      "cgroup_id": 9250,
      "wait_duration_stats_ns": {
        "count": 22.0,
        "sum": 9329003.0,
        "mean": 424045.5909090909,
        "median": 73156.5201818637,
        "min": 12927,
        "max": 1735559,
        "variance_ns2": 349044716976.7295,
        "iqr_ns": 562917.7591704326,
        "q1_ns": 33361.86122242799,
        "q3_ns": 596279.6203928606
      },
      "futex_op_counts": {
        "128": 22
      },
      "first_seen_ts_ns": 255974189286,
      "last_seen_ts_ns": 255977373648
    },
    {
      "tgid": 10368,
      "comm": "csi-node-driver",
      "cgroup_id": 9250,
      "wait_duration_stats_ns": {
        "count": 13.0,
        "sum": 9272347.0,
        "mean": 713257.4615384615,
        "median": 129505.80101851854,
        "min": 19235,
        "max": 3303549,
        "variance_ns2": 1384869882028.9355,
        "iqr_ns": 284355.8019444444,
        "q1_ns": 26032.222222222226,
        "q3_ns": 310388.02416666667
      },
      "futex_op_counts": {
        "128": 13
      },
      "first_seen_ts_ns": 356037703259,
      "last_seen_ts_ns": 356041010813
    },
    {
      "tgid": 10347,
      "comm": "csi-node-driver",
      "cgroup_id": 9250,
      "wait_duration_stats_ns": {
        "count": 18.0,
        "sum": 9253717.0,
        "mean": 514095.3888888889,
        "median": 214617.79142544168,
        "min": 10055,
        "max": 3158573,
        "variance_ns2": 722122295231.0752,
        "iqr_ns": 515403.3356810215,
        "q1_ns": 58242.287068978476,
        "q3_ns": 573645.62275
      },
      "futex_op_counts": {
        "128": 18
      },
      "first_seen_ts_ns": 346077589337,
      "last_seen_ts_ns": 346080752109
    },
    {
      "tgid": 10637,
      "comm": "csi-node-driver",
      "cgroup_id": 9250,
      "wait_duration_stats_ns": {
        "count": 21.0,
        "sum": 9106299.0,
        "mean": 433633.2857142857,
        "median": 91094.16869897049,
        "min": 10886,
        "max": 1846231,
        "variance_ns2": 385605700660.1143,
        "iqr_ns": 622905.8165505879,
        "q1_ns": 21519.13646315586,
        "q3_ns": 644424.9530137437
      },
      "futex_op_counts": {
        "128": 21
      },
      "first_seen_ts_ns": 396038173249,
      "last_seen_ts_ns": 396041283611
    },
    {
      "tgid": 10390,
      "comm": "csi-node-driver",
      "cgroup_id": 9250,
      "wait_duration_stats_ns": {
        "count": 20.0,
        "sum": 9093237.0,
        "mean": 454661.85000000003,
        "median": 250515.7914577908,
        "min": 21277,
        "max": 1698325,
        "variance_ns2": 342134962515.6079,
        "iqr_ns": 465756.57645904314,
        "q1_ns": 41520.404681069966,
        "q3_ns": 507276.9811401131
      },
      "futex_op_counts": {
        "128": 20
      },
      "first_seen_ts_ns": 366027121545,
      "last_seen_ts_ns": 366030182672
    },
    {
      "tgid": 10663,
      "comm": "csi-node-driver",
      "cgroup_id": 9250,
      "wait_duration_stats_ns": {
        "count": 19.0,
        "sum": 8883373.0,
        "mean": 467545.947368421,
        "median": 106066.66197916669,
        "min": 8600,
        "max": 1852451,
        "variance_ns2": 389126115472.0526,
        "iqr_ns": 684880.5326201356,
        "q1_ns": 24121.9384920635,
        "q3_ns": 709002.4711121991
      },
      "futex_op_counts": {
        "128": 19
      },
      "first_seen_ts_ns": 406071377512,
      "last_seen_ts_ns": 406074429340
    },
    {
      "tgid": 10416,
      "comm": "csi-node-driver",
      "cgroup_id": 9250,
      "wait_duration_stats_ns": {
        "count": 22.0,
        "sum": 8815986.000000002,
        "mean": 400726.63636363647,
        "median": 58737.03928016199,
        "min": 11828,
        "max": 1777793,
        "variance_ns2": 345004210660.62335,
        "iqr_ns": 345096.17700755066,
        "q1_ns": 28963.587782118055,
        "q3_ns": 374059.7647896687
      },
      "futex_op_counts": {
        "128": 22
      },
      "first_seen_ts_ns": 376112414428,
      "last_seen_ts_ns": 376115411792
    },
    {
      "tgid": 9923,
      "comm": "csi-node-driver",
      "cgroup_id": 9250,
      "wait_duration_stats_ns": {
        "count": 17.0,
        "sum": 8800785.999999998,
        "mean": 517693.29411764693,
        "median": 240645.57259259257,
        "min": 30494,
        "max": 1596206,
        "variance_ns2": 358313177881.5956,
        "iqr_ns": 497267.3280218855,
        "q1_ns": 74396.5,
        "q3_ns": 571663.8280218855
      },
      "futex_op_counts": {
        "128": 17
      },
      "first_seen_ts_ns": 286051206657,
      "last_seen_ts_ns": 286054241051
    },
    {
      "tgid": 10684,
      "comm": "csi-node-driver",
      "cgroup_id": 9250,
      "wait_duration_stats_ns": {
        "count": 23.0,
        "sum": 8720099.0,
        "mean": 379134.7391304348,
        "median": 55304.36303217776,
        "min": 13617,
        "max": 1754084,
        "variance_ns2": 328058830291.47437,
        "iqr_ns": 400663.5174819373,
        "q1_ns": 22170.825169753087,
        "q3_ns": 422834.3426516904
      },
      "futex_op_counts": {
        "128": 23
      },
      "first_seen_ts_ns": 416057818674,
      "last_seen_ts_ns": 416060792795
    },
    {
      "tgid": 10706,
      "comm": "csi-node-driver",
      "cgroup_id": 9250,
      "wait_duration_stats_ns": {
        "count": 19.0,
        "sum": 8639263.0,
        "mean": 454698.05263157893,
        "median": 102622.35994791667,
        "min": 2572,
        "max": 1756246,
        "variance_ns2": 375936366151.27484,
        "iqr_ns": 615290.2509754038,
        "q1_ns": 25779.347676917998,
        "q3_ns": 641069.5986523218
      },
      "futex_op_counts": {
        "128": 19
      },
      "first_seen_ts_ns": 426051574840,
      "last_seen_ts_ns": 426054504429
    },
    {
      "tgid": 10616,
      "comm": "csi-node-driver",
      "cgroup_id": 9250,
      "wait_duration_stats_ns": {
        "count": 18.0,
        "sum": 8575673.0,
        "mean": 476426.2777777778,
        "median": 227792.14445271163,
        "min": 17242,
        "max": 1708859,
        "variance_ns2": 371801694475.2713,
        "iqr_ns": 468918.76525462966,
        "q1_ns": 68531.37974537037,
        "q3_ns": 537450.145
      },
      "futex_op_counts": {
        "128": 18
      },
      "first_seen_ts_ns": 385985408933,
      "last_seen_ts_ns": 385988323375
    },
    {
      "tgid": 9356,
      "comm": "ZMQbg/Reaper",
      "cgroup_id": 9961,
      "wait_duration_stats_ns": {
        "count": 2.0,
        "sum": 883310.0,
        "mean": 441655.0,
        "median": 866783.0,
        "min": 16527,
        "max": 866783,
        "variance_ns2": 361467632768.0,
        "iqr_ns": 850256.0,
        "q1_ns": 16527.0,
        "q3_ns": 866783.0
      },
      "futex_op_counts": {
        "128": 2
      },
      "first_seen_ts_ns": 435955178913,
      "last_seen_ts_ns": 435955204468
    },
    {
      "tgid": 9356,
      "comm": "ZMQbg/IO/0",
      "cgroup_id": 9961,
      "wait_duration_stats_ns": {
        "count": 49.0,
        "sum": 49612.000000000015,
        "mean": 1012.4897959183677,
        "median": 463.47062247219236,
        "min": 400,
        "max": 13846,
        "variance_ns2": 4758090.75510204,
        "iqr_ns": 133.43996333316176,
        "q1_ns": 451.4557993854458,
        "q3_ns": 584.8957627186076
      },
      "futex_op_counts": {
        "128": 49
      },
      "first_seen_ts_ns": 330677409568,
      "last_seen_ts_ns": 431276081879
    },
    {
      "tgid": 10492,
      "comm": "lmp",
      "cgroup_id": 9961,
      "wait_duration_stats_ns": {
        "count": 1.0,
        "sum": 11860.0,
        "mean": 11860.0,
        "median": 11860.0,
        "min": 11860,
        "max": 11860,
        "variance_ns2": null,
        "iqr_ns": 0.0,
        "q1_ns": 11860.0,
        "q3_ns": 11860.0
      },
      "futex_op_counts": {
        "128": 1
      },
      "first_seen_ts_ns": 431249735521,
      "last_seen_ts_ns": 431249735521
    },
    {
      "tgid": 10500,
      "comm": "lmp",
      "cgroup_id": 9961,
      "wait_duration_stats_ns": {
        "count": 1.0,
        "sum": 10511.0,
        "mean": 10511.0,
        "median": 10511.0,
        "min": 10511,
        "max": 10511,
        "variance_ns2": null,
        "iqr_ns": 0.0,
        "q1_ns": 10511.0,
        "q3_ns": 10511.0
      },
      "futex_op_counts": {
        "128": 1
      },
      "first_seen_ts_ns": 431249738962,
      "last_seen_ts_ns": 431249738962
    },
    {
      "tgid": 9867,
      "comm": "lmp",
      "cgroup_id": 9961,
      "wait_duration_stats_ns": {
        "count": 1.0,
        "sum": 9877.0,
        "mean": 9877.0,
        "median": 9877.0,
        "min": 9877,
        "max": 9877,
        "variance_ns2": null,
        "iqr_ns": 0.0,
        "q1_ns": 9877.0,
        "q3_ns": 9877.0
      },
      "futex_op_counts": {
        "128": 1
      },
      "first_seen_ts_ns": 330661167268,
      "last_seen_ts_ns": 330661167268
    },
    {
      "tgid": 10458,
      "comm": "lmp",
      "cgroup_id": 9961,
      "wait_duration_stats_ns": {
        "count": 1.0,
        "sum": 9779.0,
        "mean": 9779.0,
        "median": 9779.0,
        "min": 9779,
        "max": 9779,
        "variance_ns2": null,
        "iqr_ns": 0.0,
        "q1_ns": 9779.0,
        "q3_ns": 9779.0
      },
      "futex_op_counts": {
        "128": 1
      },
      "first_seen_ts_ns": 431247705689,
      "last_seen_ts_ns": 431247705689
    },
    {
      "tgid": 10051,
      "comm": "lmp",
      "cgroup_id": 9961,
      "wait_duration_stats_ns": {
        "count": 1.0,
        "sum": 9416.0,
        "mean": 9416.0,
        "median": 9416.0,
        "min": 9416,
        "max": 9416,
        "variance_ns2": null,
        "iqr_ns": 0.0,
        "q1_ns": 9416.0,
        "q3_ns": 9416.0
      },
      "futex_op_counts": {
        "128": 1
      },
      "first_seen_ts_ns": 381701215710,
      "last_seen_ts_ns": 381701215710
    },
    {
      "tgid": 10566,
      "comm": "lmp",
      "cgroup_id": 9961,
      "wait_duration_stats_ns": {
        "count": 1.0,
        "sum": 9257.0,
        "mean": 9257.0,
        "median": 9257.0,
        "min": 9257,
        "max": 9257,
        "variance_ns2": null,
        "iqr_ns": 0.0,
        "q1_ns": 9257.0,
        "q3_ns": 9257.0
      },
      "futex_op_counts": {
        "128": 1
      },
      "first_seen_ts_ns": 431244698338,
      "last_seen_ts_ns": 431244698338
    },
    {
      "tgid": 10480,
      "comm": "lmp",
      "cgroup_id": 9961,
      "wait_duration_stats_ns": {
        "count": 1.0,
        "sum": 8978.0,
        "mean": 8978.0,
        "median": 8978.0,
        "min": 8978,
        "max": 8978,
        "variance_ns2": null,
        "iqr_ns": 0.0,
        "q1_ns": 8978.0,
        "q3_ns": 8978.0
      },
      "futex_op_counts": {
        "128": 1
      },
      "first_seen_ts_ns": 431249758726,
      "last_seen_ts_ns": 431249758726
    },
    {
      "tgid": 10494,
      "comm": "lmp",
      "cgroup_id": 9961,
      "wait_duration_stats_ns": {
        "count": 1.0,
        "sum": 8952.0,
        "mean": 8952.0,
        "median": 8952.0,
        "min": 8952,
        "max": 8952,
        "variance_ns2": null,
        "iqr_ns": 0.0,
        "q1_ns": 8952.0,
        "q3_ns": 8952.0
      },
      "futex_op_counts": {
        "128": 1
      },
      "first_seen_ts_ns": 431249604416,
      "last_seen_ts_ns": 431249604416
    },
    {
      "tgid": 9837,
      "comm": "lmp",
      "cgroup_id": 9961,
      "wait_duration_stats_ns": {
        "count": 1.0,
        "sum": 8883.0,
        "mean": 8883.0,
        "median": 8883.0,
        "min": 8883,
        "max": 8883,
        "variance_ns2": null,
        "iqr_ns": 0.0,
        "q1_ns": 8883.0,
        "q3_ns": 8883.0
      },
      "futex_op_counts": {
        "128": 1
      },
      "first_seen_ts_ns": 330652306356,
      "last_seen_ts_ns": 330652306356
    },
    {
      "tgid": 10113,
      "comm": "lmp",
      "cgroup_id": 9961,
      "wait_duration_stats_ns": {
        "count": 1.0,
        "sum": 8678.0,
        "mean": 8678.0,
        "median": 8678.0,
        "min": 8678,
        "max": 8678,
        "variance_ns2": null,
        "iqr_ns": 0.0,
        "q1_ns": 8678.0,
        "q3_ns": 8678.0
      },
      "futex_op_counts": {
        "128": 1
      },
      "first_seen_ts_ns": 381701830981,
      "last_seen_ts_ns": 381701830981
    },
    {
      "tgid": 9777,
      "comm": "lmp",
      "cgroup_id": 9961,
      "wait_duration_stats_ns": {
        "count": 1.0,
        "sum": 8663.0,
        "mean": 8663.0,
        "median": 8663.0,
        "min": 8663,
        "max": 8663,
        "variance_ns2": null,
        "iqr_ns": 0.0,
        "q1_ns": 8663.0,
        "q3_ns": 8663.0
      },
      "futex_op_counts": {
        "128": 1
      },
      "first_seen_ts_ns": 330651768761,
      "last_seen_ts_ns": 330651768761
    },
    {
      "tgid": 10065,
      "comm": "lmp",
      "cgroup_id": 9961,
      "wait_duration_stats_ns": {
        "count": 1.0,
        "sum": 8650.0,
        "mean": 8650.0,
        "median": 8650.0,
        "min": 8650,
        "max": 8650,
        "variance_ns2": null,
        "iqr_ns": 0.0,
        "q1_ns": 8650.0,
        "q3_ns": 8650.0
      },
      "futex_op_counts": {
        "128": 1
      },
      "first_seen_ts_ns": 381695802286,
      "last_seen_ts_ns": 381695802286
    },
    {
      "tgid": 10562,
      "comm": "lmp",
      "cgroup_id": 9961,
      "wait_duration_stats_ns": {
        "count": 1.0,
        "sum": 8578.0,
        "mean": 8578.0,
        "median": 8578.0,
        "min": 8578,
        "max": 8578,
        "variance_ns2": null,
        "iqr_ns": 0.0,
        "q1_ns": 8578.0,
        "q3_ns": 8578.0
      },
      "futex_op_counts": {
        "128": 1
      },
      "first_seen_ts_ns": 431251179814,
      "last_seen_ts_ns": 431251179814
    },
    {
      "tgid": 10484,
      "comm": "lmp",
      "cgroup_id": 9961,
      "wait_duration_stats_ns": {
        "count": 1.0,
        "sum": 8447.0,
        "mean": 8447.0,
        "median": 8447.0,
        "min": 8447,
        "max": 8447,
        "variance_ns2": null,
        "iqr_ns": 0.0,
        "q1_ns": 8447.0,
        "q3_ns": 8447.0
      },
      "futex_op_counts": {
        "128": 1
      },
      "first_seen_ts_ns": 431249658668,
      "last_seen_ts_ns": 431249658668
    },
    {
      "tgid": 10544,
      "comm": "lmp",
      "cgroup_id": 9961,
      "wait_duration_stats_ns": {
        "count": 1.0,
        "sum": 8434.0,
        "mean": 8434.0,
        "median": 8434.0,
        "min": 8434,
        "max": 8434,
        "variance_ns2": null,
        "iqr_ns": 0.0,
        "q1_ns": 8434.0,
        "q3_ns": 8434.0
      },
      "futex_op_counts": {
        "128": 1
      },
      "first_seen_ts_ns": 431254162310,
      "last_seen_ts_ns": 431254162310
    },
    {
      "tgid": 10101,
      "comm": "lmp",
      "cgroup_id": 9961,
      "wait_duration_stats_ns": {
        "count": 1.0,
        "sum": 8237.0,
        "mean": 8237.0,
        "median": 8237.0,
        "min": 8237,
        "max": 8237,
        "variance_ns2": null,
        "iqr_ns": 0.0,
        "q1_ns": 8237.0,
        "q3_ns": 8237.0
      },
      "futex_op_counts": {
        "128": 1
      },
      "first_seen_ts_ns": 381701479167,
      "last_seen_ts_ns": 381701479167
    },
    {
      "tgid": 10478,
      "comm": "lmp",
      "cgroup_id": 9961,
      "wait_duration_stats_ns": {
        "count": 1.0,
        "sum": 8004.0,
        "mean": 8004.0,
        "median": 8004.0,
        "min": 8004,
        "max": 8004,
        "variance_ns2": null,
        "iqr_ns": 0.0,
        "q1_ns": 8004.0,
        "q3_ns": 8004.0
      },
      "futex_op_counts": {
        "128": 1
      },
      "first_seen_ts_ns": 431249643148,
      "last_seen_ts_ns": 431249643148
    },
    {
      "tgid": 9847,
      "comm": "lmp",
      "cgroup_id": 9961,
      "wait_duration_stats_ns": {
        "count": 1.0,
        "sum": 7892.0,
        "mean": 7892.0,
        "median": 7892.0,
        "min": 7892,
        "max": 7892,
        "variance_ns2": null,
        "iqr_ns": 0.0,
        "q1_ns": 7892.0,
        "q3_ns": 7892.0
      },
      "futex_op_counts": {
        "128": 1
      },
      "first_seen_ts_ns": 330651708131,
      "last_seen_ts_ns": 330651708131
    },
    {
      "tgid": 10516,
      "comm": "lmp",
      "cgroup_id": 9961,
      "wait_duration_stats_ns": {
        "count": 1.0,
        "sum": 7765.0,
        "mean": 7765.0,
        "median": 7765.0,
        "min": 7765,
        "max": 7765,
        "variance_ns2": null,
        "iqr_ns": 0.0,
        "q1_ns": 7765.0,
        "q3_ns": 7765.0
      },
      "futex_op_counts": {
        "128": 1
      },
      "first_seen_ts_ns": 431244678001,
      "last_seen_ts_ns": 431244678001
    },
    {
      "tgid": 10173,
      "comm": "lmp",
      "cgroup_id": 9961,
      "wait_duration_stats_ns": {
        "count": 1.0,
        "sum": 7720.0,
        "mean": 7720.0,
        "median": 7720.0,
        "min": 7720,
        "max": 7720,
        "variance_ns2": null,
        "iqr_ns": 0.0,
        "q1_ns": 7720.0,
        "q3_ns": 7720.0
      },
      "futex_op_counts": {
        "128": 1
      },
      "first_seen_ts_ns": 381696737749,
      "last_seen_ts_ns": 381696737749
    },
    {
      "tgid": 10045,
      "comm": "lmp",
      "cgroup_id": 9961,
      "wait_duration_stats_ns": {
        "count": 1.0,
        "sum": 7716.0,
        "mean": 7716.0,
        "median": 7716.0,
        "min": 7716,
        "max": 7716,
        "variance_ns2": null,
        "iqr_ns": 0.0,
        "q1_ns": 7716.0,
        "q3_ns": 7716.0
      },
      "futex_op_counts": {
        "128": 1
      },
      "first_seen_ts_ns": 381701903462,
      "last_seen_ts_ns": 381701903462
    },
    {
      "tgid": 10524,
      "comm": "lmp",
      "cgroup_id": 9961,
      "wait_duration_stats_ns": {
        "count": 1.0,
        "sum": 7626.0,
        "mean": 7626.0,
        "median": 7626.0,
        "min": 7626,
        "max": 7626,
        "variance_ns2": null,
        "iqr_ns": 0.0,
        "q1_ns": 7626.0,
        "q3_ns": 7626.0
      },
      "futex_op_counts": {
        "128": 1
      },
      "first_seen_ts_ns": 431248913411,
      "last_seen_ts_ns": 431248913411
    },
    {
      "tgid": 10201,
      "comm": "lmp",
      "cgroup_id": 9961,
      "wait_duration_stats_ns": {
        "count": 1.0,
        "sum": 7510.0,
        "mean": 7510.0,
        "median": 7510.0,
        "min": 7510,
        "max": 7510,
        "variance_ns2": null,
        "iqr_ns": 0.0,
        "q1_ns": 7510.0,
        "q3_ns": 7510.0
      },
      "futex_op_counts": {
        "128": 1
      },
      "first_seen_ts_ns": 381701742296,
      "last_seen_ts_ns": 381701742296
    },
    {
      "tgid": 10081,
      "comm": "lmp",
      "cgroup_id": 9961,
      "wait_duration_stats_ns": {
        "count": 1.0,
        "sum": 7383.0,
        "mean": 7383.0,
        "median": 7383.0,
        "min": 7383,
        "max": 7383,
        "variance_ns2": null,
        "iqr_ns": 0.0,
        "q1_ns": 7383.0,
        "q3_ns": 7383.0
      },
      "futex_op_counts": {
        "128": 1
      },
      "first_seen_ts_ns": 381696302016,
      "last_seen_ts_ns": 381696302016
    },
    {
      "tgid": 10514,
      "comm": "lmp",
      "cgroup_id": 9961,
      "wait_duration_stats_ns": {
        "count": 1.0,
        "sum": 7305.0,
        "mean": 7305.0,
        "median": 7305.0,
        "min": 7305,
        "max": 7305,
        "variance_ns2": null,
        "iqr_ns": 0.0,
        "q1_ns": 7305.0,
        "q3_ns": 7305.0
      },
      "futex_op_counts": {
        "128": 1
      },
      "first_seen_ts_ns": 431248822300,
      "last_seen_ts_ns": 431248822300
    },
    {
      "tgid": 10570,
      "comm": "lmp",
      "cgroup_id": 9961,
      "wait_duration_stats_ns": {
        "count": 1.0,
        "sum": 6947.0,
        "mean": 6947.0,
        "median": 6947.0,
        "min": 6947,
        "max": 6947,
        "variance_ns2": null,
        "iqr_ns": 0.0,
        "q1_ns": 6947.0,
        "q3_ns": 6947.0
      },
      "futex_op_counts": {
        "128": 1
      },
      "first_seen_ts_ns": 431249821921,
      "last_seen_ts_ns": 431249821921
    },
    {
      "tgid": 10187,
      "comm": "lmp",
      "cgroup_id": 9961,
      "wait_duration_stats_ns": {
        "count": 1.0,
        "sum": 6798.0,
        "mean": 6798.0,
        "median": 6798.0,
        "min": 6798,
        "max": 6798,
        "variance_ns2": null,
        "iqr_ns": 0.0,
        "q1_ns": 6798.0,
        "q3_ns": 6798.0
      },
      "futex_op_counts": {
        "128": 1
      },
      "first_seen_ts_ns": 381701329395,
      "last_seen_ts_ns": 381701329395
    }
  ]
}
[21:55:27] Cleanup complete.
