unlimited
Looking for /opt/programs/futex-model/ebpf-collect.c
[21:52:25] Starting eBPF (Tracepoints for futex syscalls).
[21:52:25] BPF program loaded and tracepoints automatically attached.
[21:52:25] Start Indicator file defined '/mnt/flux/start_ebpf_collection'. Waiting.
[21:52:41] Start indicator found. Proceeding.
[21:52:41] Ring buffers opened. Polling for events...
[21:55:26] 
Indicator file '/mnt/flux/stop_ebpf_collection' found. Stopping.
[21:55:26] Cleaning up BPF resources...
{
  "final_aggregated_futex_summary_river": [
    {
      "tgid": 7034,
      "comm": "fluent-bit-gke-",
      "cgroup_id": 8137,
      "wait_duration_stats_ns": {
        "count": 11009.0,
        "sum": 10425224789982.0,
        "mean": 946972912.1611409,
        "median": 634053.3537449264,
        "min": 418,
        "max": 58978277408,
        "variance_ns2": 3.3317736113524507e+19,
        "iqr_ns": 25592946.03674264,
        "q1_ns": 65806.28626408312,
        "q3_ns": 25658752.323006723
      },
      "futex_op_counts": {
        "128": 11009
      },
      "first_seen_ts_ns": 271000208361,
      "last_seen_ts_ns": 435731533246
    },
    {
      "tgid": 3787,
      "comm": "kubelet",
      "cgroup_id": 6640,
      "wait_duration_stats_ns": {
        "count": 15150.0,
        "sum": 4687759802052.988,
        "mean": 309423089.24442166,
        "median": 13627544.480175804,
        "min": 388,
        "max": 120026953698,
        "variance_ns2": 1.232802575146961e+19,
        "iqr_ns": 40427205.73279665,
        "q1_ns": 2113299.5995560694,
        "q3_ns": 42540505.33235271
      },
      "futex_op_counts": {
        "128": 15150
      },
      "first_seen_ts_ns": 254902328077,
      "last_seen_ts_ns": 435951310451
    },
    {
      "tgid": 3603,
      "comm": "containerd",
      "cgroup_id": 6520,
      "wait_duration_stats_ns": {
        "count": 88026.0,
        "sum": 4250610229300.982,
        "mean": 48288122.02418583,
        "median": 199926.352118655,
        "min": 536,
        "max": 122557897156,
        "variance_ns2": 3.0656730770492396e+18,
        "iqr_ns": 1255204.5155890742,
        "q1_ns": 52790.64832405826,
        "q3_ns": 1307995.1639131324
      },
      "futex_op_counts": {
        "128": 88026
      },
      "first_seen_ts_ns": 255132693082,
      "last_seen_ts_ns": 435956608689
    },
    {
      "tgid": 8454,
      "comm": "prometheus",
      "cgroup_id": 9329,
      "wait_duration_stats_ns": {
        "count": 8434.0,
        "sum": 2476577635193.9956,
        "mean": 293642119.42067766,
        "median": 40815881.33918619,
        "min": 555,
        "max": 76331778004,
        "variance_ns2": 1.1304746423891692e+19,
        "iqr_ns": 16071919.912937753,
        "q1_ns": 34069215.8822929,
        "q3_ns": 50141135.79523065
      },
      "futex_op_counts": {
        "128": 8434
      },
      "first_seen_ts_ns": 254898333685,
      "last_seen_ts_ns": 435955571212
    },
    {
      "tgid": 8130,
      "comm": "containerd-shim",
      "cgroup_id": 6520,
      "wait_duration_stats_ns": {
        "count": 1269.0,
        "sum": 1122079913745.9998,
        "mean": 884223730.2962961,
        "median": 1101791.3642360924,
        "min": 445,
        "max": 29997911115,
        "variance_ns2": 6.464010581040552e+18,
        "iqr_ns": 28024638.771364953,
        "q1_ns": 75794.20527256528,
        "q3_ns": 28100432.97663752
      },
      "futex_op_counts": {
        "128": 1269
      },
      "first_seen_ts_ns": 273092219084,
      "last_seen_ts_ns": 430074632650
    },
    {
      "tgid": 4031,
      "comm": "kube-proxy",
      "cgroup_id": 7366,
      "wait_duration_stats_ns": {
        "count": 151.0,
        "sum": 1034722955577.0002,
        "mean": 6852469904.483445,
        "median": 3518917752.1459,
        "min": 1024,
        "max": 120001686377,
        "variance_ns2": 3.615313819556894e+20,
        "iqr_ns": 4430329178.640573,
        "q1_ns": 310036979.963749,
        "q3_ns": 4740366158.6043215
      },
      "futex_op_counts": {
        "128": 151
      },
      "first_seen_ts_ns": 273864022244,
      "last_seen_ts_ns": 433868269209
    },
    {
      "tgid": 7690,
      "comm": "containerd-shim",
      "cgroup_id": 6520,
      "wait_duration_stats_ns": {
        "count": 133215.0,
        "sum": 869668425229.0035,
        "mean": 6528307.061734816,
        "median": 109768.22416847512,
        "min": 486,
        "max": 42147533313,
        "variance_ns2": 4.410103416203582e+16,
        "iqr_ns": 510531.24424492224,
        "q1_ns": 35313.471280012905,
        "q3_ns": 545844.7155249352
      },
      "futex_op_counts": {
        "128": 133215
      },
      "first_seen_ts_ns": 255356885234,
      "last_seen_ts_ns": 435956628346
    },
    {
      "tgid": 2776,
      "comm": "dockerd",
      "cgroup_id": 6400,
      "wait_duration_stats_ns": {
        "count": 70.0,
        "sum": 859786844050.0001,
        "mean": 12282669200.714287,
        "median": 6602711200.050813,
        "min": 450,
        "max": 130012153577,
        "variance_ns2": 8.37175671279883e+20,
        "iqr_ns": 8397524619.939103,
        "q1_ns": 1140999300.2115319,
        "q3_ns": 9538523920.150635
      },
      "futex_op_counts": {
        "128": 70
      },
      "first_seen_ts_ns": 272027046080,
      "last_seen_ts_ns": 432036184352
    },
    {
      "tgid": 6190,
      "comm": "containerd-shim",
      "cgroup_id": 6520,
      "wait_duration_stats_ns": {
        "count": 490.0,
        "sum": 843540968907.0,
        "mean": 1721512181.4428573,
        "median": 1599008.341379995,
        "min": 957,
        "max": 29996650588,
        "variance_ns2": 1.866728478905202e+19,
        "iqr_ns": 632831782.7218417,
        "q1_ns": 1735269.664799669,
        "q3_ns": 634567052.3866414
      },
      "futex_op_counts": {
        "128": 490
      },
      "first_seen_ts_ns": 273097957426,
      "last_seen_ts_ns": 430078388183
    },
    {
      "tgid": 7973,
      "comm": "containerd-shim",
      "cgroup_id": 6520,
      "wait_duration_stats_ns": {
        "count": 379.0,
        "sum": 820694499741.9996,
        "mean": 2165420843.646437,
        "median": 1677743.4113967698,
        "min": 1597,
        "max": 42547601941,
        "variance_ns2": 2.1724101709743776e+19,
        "iqr_ns": 3066762447.8825593,
        "q1_ns": 107862.95479127648,
        "q3_ns": 3066870310.8373504
      },
      "futex_op_counts": {
        "128": 379
      },
      "first_seen_ts_ns": 255134453269,
      "last_seen_ts_ns": 435643626159
    },
    {
      "tgid": 7255,
      "comm": "containerd-shim",
      "cgroup_id": 6520,
      "wait_duration_stats_ns": {
        "count": 345.0,
        "sum": 811127258432.9998,
        "mean": 2351093502.704347,
        "median": 61035251.43278258,
        "min": 627,
        "max": 41751753301,
        "variance_ns2": 2.8814807069045432e+19,
        "iqr_ns": 2770463930.5445704,
        "q1_ns": 788653.4889858069,
        "q3_ns": 2771252584.0335565
      },
      "futex_op_counts": {
        "128": 345
      },
      "first_seen_ts_ns": 255503722743,
      "last_seen_ts_ns": 430065971650
    },
    {
      "tgid": 3975,
      "comm": "containerd-shim",
      "cgroup_id": 6520,
      "wait_duration_stats_ns": {
        "count": 231.0,
        "sum": 799911812383.0005,
        "mean": 3462821698.6277075,
        "median": 476674889.1333565,
        "min": 3966,
        "max": 64906526746,
        "variance_ns2": 4.773516494923573e+19,
        "iqr_ns": 4843011031.725042,
        "q1_ns": 5219323.945663699,
        "q3_ns": 4848230355.670706
      },
      "futex_op_counts": {
        "128": 231
      },
      "first_seen_ts_ns": 273092789247,
      "last_seen_ts_ns": 430063764928
    },
    {
      "tgid": 3857,
      "comm": "node-problem-de",
      "cgroup_id": 6700,
      "wait_duration_stats_ns": {
        "count": 706.0,
        "sum": 782231814631.0001,
        "mean": 1107977074.548159,
        "median": 554215307.2885431,
        "min": 634,
        "max": 53024078197,
        "variance_ns2": 1.7854983025807921e+19,
        "iqr_ns": 983146190.7598288,
        "q1_ns": 15741377.536492981,
        "q3_ns": 998887568.2963217
      },
      "futex_op_counts": {
        "128": 706
      },
      "first_seen_ts_ns": 255523656865,
      "last_seen_ts_ns": 435870280917
    },
    {
      "tgid": 6268,
      "comm": "containerd-shim",
      "cgroup_id": 6520,
      "wait_duration_stats_ns": {
        "count": 355.0,
        "sum": 775658848692.0,
        "mean": 2184954503.3577466,
        "median": 2708770.5064743925,
        "min": 3588,
        "max": 29998770343,
        "variance_ns2": 2.2072867581570503e+19,
        "iqr_ns": 2398963738.2944365,
        "q1_ns": 3238706.94643478,
        "q3_ns": 2402202445.2408714
      },
      "futex_op_counts": {
        "128": 355
      },
      "first_seen_ts_ns": 273091495723,
      "last_seen_ts_ns": 430076088111
    },
    {
      "tgid": 7575,
      "comm": "manager",
      "cgroup_id": 8532,
      "wait_duration_stats_ns": {
        "count": 1958.0,
        "sum": 757924819395.9995,
        "mean": 387091327.57711923,
        "median": 143595753.1435447,
        "min": 829,
        "max": 63650287013,
        "variance_ns2": 3.46149850846346e+18,
        "iqr_ns": 388259708.87836593,
        "q1_ns": 17115887.161884528,
        "q3_ns": 405375596.0402505
      },
      "futex_op_counts": {
        "128": 1958
      },
      "first_seen_ts_ns": 255254179215,
      "last_seen_ts_ns": 435754948847
    },
    {
      "tgid": 8657,
      "comm": "config-reloader",
      "cgroup_id": 9408,
      "wait_duration_stats_ns": {
        "count": 108.0,
        "sum": 750023176022.0,
        "mean": 6944659037.240741,
        "median": 2249882980.947986,
        "min": 17248,
        "max": 120001194924,
        "variance_ns2": 2.4477864638161e+20,
        "iqr_ns": 9018828272.4922,
        "q1_ns": 25536603.70500697,
        "q3_ns": 9044364876.197208
      },
      "futex_op_counts": {
        "128": 108
      },
      "first_seen_ts_ns": 255132146812,
      "last_seen_ts_ns": 435223174025
    },
    {
      "tgid": 7473,
      "comm": "kube-rbac-proxy",
      "cgroup_id": 8453,
      "wait_duration_stats_ns": {
        "count": 1222.0,
        "sum": 654926547431.0004,
        "mean": 535946438.1595748,
        "median": 2170894.9138184367,
        "min": 696,
        "max": 10000029447,
        "variance_ns2": 2.63195053719181e+18,
        "iqr_ns": 143809407.8185033,
        "q1_ns": 761720.4880389547,
        "q3_ns": 144571128.30654225
      },
      "futex_op_counts": {
        "128": 1222
      },
      "first_seen_ts_ns": 275098919195,
      "last_seen_ts_ns": 435099087852
    },
    {
      "tgid": 8297,
      "comm": "csi-node-driver",
      "cgroup_id": 9250,
      "wait_duration_stats_ns": {
        "count": 27.0,
        "sum": 600009634883.9999,
        "mean": 22222579069.777775,
        "median": 555462561.2950467,
        "min": 21042,
        "max": 120003282419,
        "variance_ns2": 1.7026141353183588e+21,
        "iqr_ns": 17373895446.155838,
        "q1_ns": 100529432.34998587,
        "q3_ns": 17474424878.505825
      },
      "futex_op_counts": {
        "128": 27
      },
      "first_seen_ts_ns": 306452825194,
      "last_seen_ts_ns": 426456817030
    },
    {
      "tgid": 1733,
      "comm": "google_osconfig",
      "cgroup_id": 4234,
      "wait_duration_stats_ns": {
        "count": 284.0,
        "sum": 479253261278.99976,
        "mean": 1687511483.3767598,
        "median": 1544971294.8823814,
        "min": 3204,
        "max": 30000034600,
        "variance_ns2": 1.7746042796553452e+19,
        "iqr_ns": 4336502159.208895,
        "q1_ns": 24709286.625395346,
        "q3_ns": 4361211445.8342905
      },
      "futex_op_counts": {
        "128": 284
      },
      "first_seen_ts_ns": 274334144164,
      "last_seen_ts_ns": 434377364733
    },
    {
      "tgid": 7100,
      "comm": "main",
      "cgroup_id": 8216,
      "wait_duration_stats_ns": {
        "count": 121.0,
        "sum": 449712261711.0,
        "mean": 3716630262.07438,
        "median": 4087807677.183113,
        "min": 16968,
        "max": 59999963966,
        "variance_ns2": 5.911905354288142e+19,
        "iqr_ns": 4368472082.427724,
        "q1_ns": 584353360.4068462,
        "q3_ns": 4952825442.83457
      },
      "futex_op_counts": {
        "128": 121
      },
      "first_seen_ts_ns": 272309339578,
      "last_seen_ts_ns": 432314229028
    },
    {
      "tgid": 6783,
      "comm": "main",
      "cgroup_id": 7979,
      "wait_duration_stats_ns": {
        "count": 221.0,
        "sum": 449569370306.00024,
        "mean": 2034250544.3710418,
        "median": 1416394026.299542,
        "min": 12167,
        "max": 59945858996,
        "variance_ns2": 3.5932380684673384e+19,
        "iqr_ns": 5002613174.908447,
        "q1_ns": 2830883.0320917796,
        "q3_ns": 5005444057.940539
      },
      "futex_op_counts": {
        "128": 221
      },
      "first_seen_ts_ns": 274824957025,
      "last_seen_ts_ns": 434829359297
    },
    {
      "tgid": 1732,
      "comm": "google_guest_ag",
      "cgroup_id": 4174,
      "wait_duration_stats_ns": {
        "count": 126.0,
        "sum": 329674128952.99976,
        "mean": 2616461340.8968234,
        "median": 3458821814.501965,
        "min": 4876,
        "max": 5004057753,
        "variance_ns2": 4.866850691324247e+18,
        "iqr_ns": 4440935255.261679,
        "q1_ns": 389989679.3603055,
        "q3_ns": 4830924934.6219845
      },
      "futex_op_counts": {
        "128": 126
      },
      "first_seen_ts_ns": 274727470912,
      "last_seen_ts_ns": 434793059299
    },
    {
      "tgid": 8714,
      "comm": "gce-pd-csi-driv",
      "cgroup_id": 9487,
      "wait_duration_stats_ns": {
        "count": 292.0,
        "sum": 284068789211.0001,
        "mean": 972838319.2157538,
        "median": 589524495.9624377,
        "min": 180222691,
        "max": 119999979437,
        "variance_ns2": 4.8860822899950535e+19,
        "iqr_ns": 34095880.626348376,
        "q1_ns": 588341174.4247981,
        "q3_ns": 622437055.0511465
      },
      "futex_op_counts": {
        "128": 292
      },
      "first_seen_ts_ns": 255347730367,
      "last_seen_ts_ns": 435947739837
    },
    {
      "tgid": 6658,
      "comm": "otelsvc",
      "cgroup_id": 7900,
      "wait_duration_stats_ns": {
        "count": 550.0,
        "sum": 227678164809.0,
        "mean": 413960299.65272725,
        "median": 462681363.63134044,
        "min": 17481,
        "max": 65475777944,
        "variance_ns2": 7.773433964241363e+18,
        "iqr_ns": 465159719.3694285,
        "q1_ns": 21950795.242750313,
        "q3_ns": 487110514.6121788
      },
      "futex_op_counts": {
        "128": 550
      },
      "first_seen_ts_ns": 255546400198,
      "last_seen_ts_ns": 435546409434
    },
    {
      "tgid": 10343,
      "comm": "log-counter",
      "cgroup_id": 6700,
      "wait_duration_stats_ns": {
        "count": 914.0,
        "sum": 13136213201.000002,
        "mean": 14372224.508752737,
        "median": 270199.2503626161,
        "min": 598,
        "max": 1309958728,
        "variance_ns2": 1.3124566510650538e+16,
        "iqr_ns": 1571605.253214176,
        "q1_ns": 153955.53648068974,
        "q3_ns": 1725560.7896948657
      },
      "futex_op_counts": {
        "128": 914
      },
      "first_seen_ts_ns": 341349388338,
      "last_seen_ts_ns": 342659725320
    },
    {
      "tgid": 10366,
      "comm": "log-counter",
      "cgroup_id": 6700,
      "wait_duration_stats_ns": {
        "count": 916.0,
        "sum": 12776512205.0,
        "mean": 13948157.429039301,
        "median": 238722.9788912458,
        "min": 570,
        "max": 1239101564,
        "variance_ns2": 1.2829787171705996e+16,
        "iqr_ns": 1060558.899144383,
        "q1_ns": 161514.29761241432,
        "q3_ns": 1222073.1967567971
      },
      "futex_op_counts": {
        "128": 916
      },
      "first_seen_ts_ns": 342666304414,
      "last_seen_ts_ns": 343905630716
    },
    {
      "tgid": 10315,
      "comm": "log-counter",
      "cgroup_id": 6700,
      "wait_duration_stats_ns": {
        "count": 674.0,
        "sum": 10446790623.0,
        "mean": 15499689.351632047,
        "median": 338019.56510929635,
        "min": 581,
        "max": 1242567144,
        "variance_ns2": 1.4274402729803334e+16,
        "iqr_ns": 2199725.155375878,
        "q1_ns": 162108.29515476775,
        "q3_ns": 2361833.4505306454
      },
      "futex_op_counts": {
        "128": 674
      },
      "first_seen_ts_ns": 340323636511,
      "last_seen_ts_ns": 341575037150
    },
    {
      "tgid": 10359,
      "comm": "log-counter",
      "cgroup_id": 6700,
      "wait_duration_stats_ns": {
        "count": 15.0,
        "sum": 5102010143.0,
        "mean": 340134009.5333333,
        "median": 91410946.77083334,
        "min": 18375,
        "max": 1018815490,
        "variance_ns2": 2.366118035805235e+17,
        "iqr_ns": 351959228.05369717,
        "q1_ns": 6979444.333333334,
        "q3_ns": 358938672.3870305
      },
      "futex_op_counts": {
        "128": 15
      },
      "first_seen_ts_ns": 341718017553,
      "last_seen_ts_ns": 342737385266
    },
    {
      "tgid": 10336,
      "comm": "log-counter",
      "cgroup_id": 6700,
      "wait_duration_stats_ns": {
        "count": 18.0,
        "sum": 5042017650.0,
        "mean": 280112091.6666667,
        "median": 32876130.449581753,
        "min": 11880,
        "max": 1008949008,
        "variance_ns2": 1.9614582357656694e+17,
        "iqr_ns": 320998619.2589712,
        "q1_ns": 7288256.040228681,
        "q3_ns": 328286875.2991999
      },
      "futex_op_counts": {
        "128": 18
      },
      "first_seen_ts_ns": 340593009587,
      "last_seen_ts_ns": 341613038853
    },
    {
      "tgid": 10314,
      "comm": "log-counter",
      "cgroup_id": 6700,
      "wait_duration_stats_ns": {
        "count": 14.0,
        "sum": 4061365824.9999995,
        "mean": 290097558.9285714,
        "median": 47518562.25875,
        "min": 19010,
        "max": 1019128709,
        "variance_ns2": 1.8221113603769878e+17,
        "iqr_ns": 283629451.0667515,
        "q1_ns": 8168030.794166666,
        "q3_ns": 291797481.86091816
      },
      "futex_op_counts": {
        "128": 14
      },
      "first_seen_ts_ns": 340325081051,
      "last_seen_ts_ns": 341346233231
    },
    {
      "tgid": 10424,
      "comm": "runc",
      "cgroup_id": 6520,
      "wait_duration_stats_ns": {
        "count": 257.0,
        "sum": 875402391.9999998,
        "mean": 3406234.9883268476,
        "median": 202469.44721472787,
        "min": 1318,
        "max": 107474334,
        "variance_ns2": 257041651054622.72,
        "iqr_ns": 1479961.9772784242,
        "q1_ns": 27415.52087426622,
        "q3_ns": 1507377.4981526905
      },
      "futex_op_counts": {
        "128": 257
      },
      "first_seen_ts_ns": 366278016195,
      "last_seen_ts_ns": 366394682537
    },
    {
      "tgid": 10715,
      "comm": "runc",
      "cgroup_id": 6520,
      "wait_duration_stats_ns": {
        "count": 350.0,
        "sum": 767392705.0,
        "mean": 2192550.5857142857,
        "median": 68530.84429764395,
        "min": 583,
        "max": 95958986,
        "variance_ns2": 158111681325535.72,
        "iqr_ns": 441820.4611553755,
        "q1_ns": 19257.76551585317,
        "q3_ns": 461078.2266712287
      },
      "futex_op_counts": {
        "128": 350
      },
      "first_seen_ts_ns": 416278811532,
      "last_seen_ts_ns": 416379076746
    },
    {
      "tgid": 10693,
      "comm": "runc",
      "cgroup_id": 6520,
      "wait_duration_stats_ns": {
        "count": 341.0,
        "sum": 726175570.9999998,
        "mean": 2129547.1290322575,
        "median": 99276.13527355656,
        "min": 579,
        "max": 102944337,
        "variance_ns2": 150320858968651.88,
        "iqr_ns": 1883344.528789204,
        "q1_ns": 22702.836949319197,
        "q3_ns": 1906047.3657385232
      },
      "futex_op_counts": {
        "128": 341
      },
      "first_seen_ts_ns": 406273731945,
      "last_seen_ts_ns": 406386011907
    },
    {
      "tgid": 10447,
      "comm": "runc",
      "cgroup_id": 6520,
      "wait_duration_stats_ns": {
        "count": 353.0,
        "sum": 714418279.0000001,
        "mean": 2023847.815864023,
        "median": 89669.60156750809,
        "min": 6699,
        "max": 102556663,
        "variance_ns2": 153908950496165.75,
        "iqr_ns": 475441.08216968976,
        "q1_ns": 26984.426184856613,
        "q3_ns": 502425.5083545464
      },
      "futex_op_counts": {
        "128": 353
      },
      "first_seen_ts_ns": 376282178628,
      "last_seen_ts_ns": 376388592461
    },
    {
      "tgid": 10082,
      "comm": "runc",
      "cgroup_id": 6520,
      "wait_duration_stats_ns": {
        "count": 396.0,
        "sum": 665081227.0000001,
        "mean": 1679498.0479797984,
        "median": 64702.73976544703,
        "min": 780,
        "max": 95956258,
        "variance_ns2": 106622586640278.72,
        "iqr_ns": 406573.3529322855,
        "q1_ns": 18195.35735639541,
        "q3_ns": 424768.7102886809
      },
      "futex_op_counts": {
        "128": 396
      },
      "first_seen_ts_ns": 326276016284,
      "last_seen_ts_ns": 326378055498
    },
    {
      "tgid": 9996,
      "comm": "runc",
      "cgroup_id": 6520,
      "wait_duration_stats_ns": {
        "count": 249.0,
        "sum": 609832406.9999999,
        "mean": 2449126.13253012,
        "median": 127816.29856690868,
        "min": 8125,
        "max": 101970368,
        "variance_ns2": 153126997337466.9,
        "iqr_ns": 669418.0862882286,
        "q1_ns": 24817.130271483624,
        "q3_ns": 694235.2165597123
      },
      "futex_op_counts": {
        "128": 249
      },
      "first_seen_ts_ns": 286460679266,
      "last_seen_ts_ns": 286565912238
    },
    {
      "tgid": 10016,
      "comm": "runc",
      "cgroup_id": 6520,
      "wait_duration_stats_ns": {
        "count": 292.0,
        "sum": 590636905.0,
        "mean": 2022729.1267123288,
        "median": 76421.46469791094,
        "min": 8890,
        "max": 81956194,
        "variance_ns2": 102607928157036.53,
        "iqr_ns": 610268.2380899413,
        "q1_ns": 19906.399844997704,
        "q3_ns": 630174.637934939
      },
      "futex_op_counts": {
        "128": 292
      },
      "first_seen_ts_ns": 296285213289,
      "last_seen_ts_ns": 296376131101
    },
    {
      "tgid": 10738,
      "comm": "runc",
      "cgroup_id": 6520,
      "wait_duration_stats_ns": {
        "count": 329.0,
        "sum": 570046403.9999999,
        "mean": 1732663.8419452882,
        "median": 162691.71710031538,
        "min": 845,
        "max": 62603053,
        "variance_ns2": 44638793048947.07,
        "iqr_ns": 1009620.6753132077,
        "q1_ns": 35501.32223180555,
        "q3_ns": 1045121.9975450132
      },
      "futex_op_counts": {
        "128": 329
      },
      "first_seen_ts_ns": 426279226224,
      "last_seen_ts_ns": 426361020769
    },
    {
      "tgid": 10669,
      "comm": "runc",
      "cgroup_id": 6520,
      "wait_duration_stats_ns": {
        "count": 324.0,
        "sum": 567985787.9999998,
        "mean": 1753042.5555555548,
        "median": 141871.98224216685,
        "min": 917,
        "max": 82522093,
        "variance_ns2": 67964942019442.71,
        "iqr_ns": 551725.3913002358,
        "q1_ns": 29178.24570717116,
        "q3_ns": 580903.6370074069
      },
      "futex_op_counts": {
        "128": 324
      },
      "first_seen_ts_ns": 396281364658,
      "last_seen_ts_ns": 396375017096
    },
    {
      "tgid": 10038,
      "comm": "runc",
      "cgroup_id": 6520,
      "wait_duration_stats_ns": {
        "count": 358.0,
        "sum": 474447588.99999994,
        "mean": 1325272.5949720668,
        "median": 71966.03437039434,
        "min": 1556,
        "max": 63330837,
        "variance_ns2": 43227648058874.26,
        "iqr_ns": 362791.97916320415,
        "q1_ns": 23837.824171358792,
        "q3_ns": 386629.8033345629
      },
      "futex_op_counts": {
        "128": 358
      },
      "first_seen_ts_ns": 306282625499,
      "last_seen_ts_ns": 306357242762
    },
    {
      "tgid": 10379,
      "comm": "runc",
      "cgroup_id": 6520,
      "wait_duration_stats_ns": {
        "count": 330.0,
        "sum": 442764628.00000006,
        "mean": 1341710.9939393941,
        "median": 64248.77736782976,
        "min": 8652,
        "max": 63653860,
        "variance_ns2": 52435791213027.47,
        "iqr_ns": 409387.076637639,
        "q1_ns": 19122.20505635844,
        "q3_ns": 428509.28169399744
      },
      "futex_op_counts": {
        "128": 330
      },
      "first_seen_ts_ns": 346277484958,
      "last_seen_ts_ns": 346347402211
    },
    {
      "tgid": 10059,
      "comm": "runc",
      "cgroup_id": 6520,
      "wait_duration_stats_ns": {
        "count": 299.0,
        "sum": 427783360.00000006,
        "mean": 1430713.578595318,
        "median": 105928.58619690716,
        "min": 633,
        "max": 67979866,
        "variance_ns2": 46552677611643.305,
        "iqr_ns": 582104.0052298533,
        "q1_ns": 22513.2667586755,
        "q3_ns": 604617.2719885288
      },
      "futex_op_counts": {
        "128": 299
      },
      "first_seen_ts_ns": 316277181893,
      "last_seen_ts_ns": 316345846649
    },
    {
      "tgid": 10400,
      "comm": "runc",
      "cgroup_id": 6520,
      "wait_duration_stats_ns": {
        "count": 296.0,
        "sum": 393995337.0,
        "mean": 1331065.3277027027,
        "median": 59447.594277597025,
        "min": 780,
        "max": 58879186,
        "variance_ns2": 47027060384241.26,
        "iqr_ns": 328819.70642531425,
        "q1_ns": 16574.92791405524,
        "q3_ns": 345394.6343393695
      },
      "futex_op_counts": {
        "128": 296
      },
      "first_seen_ts_ns": 356279256043,
      "last_seen_ts_ns": 356341013922
    },
    {
      "tgid": 10704,
      "comm": "runc:[2:INIT]",
      "cgroup_id": 9250,
      "wait_duration_stats_ns": {
        "count": 33.0,
        "sum": 376325157.00000006,
        "mean": 11403792.636363639,
        "median": 2937217.6858463464,
        "min": 6298,
        "max": 58732093,
        "variance_ns2": 349715776653603.4,
        "iqr_ns": 16582406.029374707,
        "q1_ns": 1111573.178108618,
        "q3_ns": 17693979.207483325
      },
      "futex_op_counts": {
        "128": 33
      },
      "first_seen_ts_ns": 406301739030,
      "last_seen_ts_ns": 406382738248
    },
    {
      "tgid": 10727,
      "comm": "runc:[2:INIT]",
      "cgroup_id": 9250,
      "wait_duration_stats_ns": {
        "count": 33.0,
        "sum": 337287222.0,
        "mean": 10220824.909090908,
        "median": 2169826.1452565533,
        "min": 590,
        "max": 51852529,
        "variance_ns2": 268824738148210.72,
        "iqr_ns": 16042730.48947999,
        "q1_ns": 779414.0481817372,
        "q3_ns": 16822144.537661728
      },
      "futex_op_counts": {
        "128": 33
      },
      "first_seen_ts_ns": 416308015039,
      "last_seen_ts_ns": 416377818726
    },
    {
      "tgid": 10437,
      "comm": "runc:[2:INIT]",
      "cgroup_id": 9250,
      "wait_duration_stats_ns": {
        "count": 29.0,
        "sum": 323200933.0,
        "mean": 11144859.758620689,
        "median": 1256602.6086051813,
        "min": 837,
        "max": 55157210,
        "variance_ns2": 353067711283825.44,
        "iqr_ns": 16363198.084892642,
        "q1_ns": 45071.99190805288,
        "q3_ns": 16408270.076800695
      },
      "futex_op_counts": {
        "128": 29
      },
      "first_seen_ts_ns": 366319189708,
      "last_seen_ts_ns": 366390388481
    },
    {
      "tgid": 10646,
      "comm": "runc",
      "cgroup_id": 6520,
      "wait_duration_stats_ns": {
        "count": 362.0,
        "sum": 315624644.0,
        "mean": 871891.2817679559,
        "median": 70148.8088398246,
        "min": 677,
        "max": 45413416,
        "variance_ns2": 20609337821423.613,
        "iqr_ns": 260012.66139360217,
        "q1_ns": 30315.505580067842,
        "q3_ns": 290328.16697367
      },
      "futex_op_counts": {
        "128": 362
      },
      "first_seen_ts_ns": 386273645016,
      "last_seen_ts_ns": 386322087598
    },
    {
      "tgid": 10093,
      "comm": "runc:[2:INIT]",
      "cgroup_id": 9250,
      "wait_duration_stats_ns": {
        "count": 33.0,
        "sum": 315138950.99999994,
        "mean": 9549665.18181818,
        "median": 950007.1703053945,
        "min": 636,
        "max": 49127877,
        "variance_ns2": 280288864623941.84,
        "iqr_ns": 6586035.613888729,
        "q1_ns": 83912.23215813926,
        "q3_ns": 6669947.846046869
      },
      "futex_op_counts": {
        "128": 33
      },
      "first_seen_ts_ns": 326307403408,
      "last_seen_ts_ns": 326374917257
    },
    {
      "tgid": 10006,
      "comm": "runc:[2:INIT]",
      "cgroup_id": 9250,
      "wait_duration_stats_ns": {
        "count": 34.0,
        "sum": 312229030.9999999,
        "mean": 9183206.794117644,
        "median": 2033400.9091988727,
        "min": 17825,
        "max": 44905659,
        "variance_ns2": 216124242746603.78,
        "iqr_ns": 11244107.513492167,
        "q1_ns": 90767.7890625,
        "q3_ns": 11334875.302554667
      },
      "futex_op_counts": {
        "128": 34
      },
      "first_seen_ts_ns": 286498214097,
      "last_seen_ts_ns": 286565712220
    },
    {
      "tgid": 10458,
      "comm": "runc:[2:INIT]",
      "cgroup_id": 9250,
      "wait_duration_stats_ns": {
        "count": 26.0,
        "sum": 290627308.0,
        "mean": 11177973.384615384,
        "median": 876027.4580244134,
        "min": 603,
        "max": 59871183,
        "variance_ns2": 428084228468500.3,
        "iqr_ns": 10273769.878031548,
        "q1_ns": 44035.058040088465,
        "q3_ns": 10317804.936071636
      },
      "futex_op_counts": {
        "128": 26
      },
      "first_seen_ts_ns": 376308151983,
      "last_seen_ts_ns": 376387653018
    },
    {
      "tgid": 9951,
      "comm": "runc",
      "cgroup_id": 6520,
      "wait_duration_stats_ns": {
        "count": 383.0,
        "sum": 253074320.00000003,
        "mean": 660768.4595300262,
        "median": 49234.50521294789,
        "min": 7559,
        "max": 42885965,
        "variance_ns2": 15684491771740.725,
        "iqr_ns": 202259.7080593241,
        "q1_ns": 20864.913847544613,
        "q3_ns": 223124.6219068687
      },
      "futex_op_counts": {
        "128": 383
      },
      "first_seen_ts_ns": 276273108595,
      "last_seen_ts_ns": 276318997191
    },
    {
      "tgid": 10027,
      "comm": "runc:[2:INIT]",
      "cgroup_id": 9250,
      "wait_duration_stats_ns": {
        "count": 34.0,
        "sum": 250868085.99999997,
        "mean": 7378473.117647058,
        "median": 859683.0084645511,
        "min": 810,
        "max": 37771954,
        "variance_ns2": 125949518802081.39,
        "iqr_ns": 7057456.772676202,
        "q1_ns": 89800.14770170936,
        "q3_ns": 7147256.920377911
      },
      "futex_op_counts": {
        "128": 34
      },
      "first_seen_ts_ns": 296322191964,
      "last_seen_ts_ns": 296376091690
    },
    {
      "tgid": 10680,
      "comm": "runc:[2:INIT]",
      "cgroup_id": 9250,
      "wait_duration_stats_ns": {
        "count": 36.0,
        "sum": 213096554.0,
        "mean": 5919348.722222222,
        "median": 2133591.689019068,
        "min": 1047,
        "max": 33973542,
        "variance_ns2": 97232894990851.72,
        "iqr_ns": 5451750.352698734,
        "q1_ns": 152801.81203291033,
        "q3_ns": 5604552.164731644
      },
      "futex_op_counts": {
        "128": 36
      },
      "first_seen_ts_ns": 396314386380,
      "last_seen_ts_ns": 396372513832
    },
    {
      "tgid": 10049,
      "comm": "runc:[2:INIT]",
      "cgroup_id": 9250,
      "wait_duration_stats_ns": {
        "count": 29.0,
        "sum": 211691298.00000006,
        "mean": 7299699.931034485,
        "median": 4448661.194715127,
        "min": 752,
        "max": 33536184,
        "variance_ns2": 80903365022923.02,
        "iqr_ns": 13271353.585344642,
        "q1_ns": 336250.4945810614,
        "q3_ns": 13607604.079925703
      },
      "futex_op_counts": {
        "128": 29
      },
      "first_seen_ts_ns": 306315036317,
      "last_seen_ts_ns": 306356158224
    },
    {
      "tgid": 10283,
      "comm": "runc",
      "cgroup_id": 6520,
      "wait_duration_stats_ns": {
        "count": 401.0,
        "sum": 208145172.99999997,
        "mean": 519065.26932668325,
        "median": 25528.267028258004,
        "min": 581,
        "max": 38836657,
        "variance_ns2": 15088811346753.5,
        "iqr_ns": 84516.40553262256,
        "q1_ns": 14542.435556131415,
        "q3_ns": 99058.84108875398
      },
      "futex_op_counts": {
        "128": 401
      },
      "first_seen_ts_ns": 336273124974,
      "last_seen_ts_ns": 336312125681
    },
    {
      "tgid": 10070,
      "comm": "runc:[2:INIT]",
      "cgroup_id": 9250,
      "wait_duration_stats_ns": {
        "count": 41.0,
        "sum": 202594136.99999994,
        "mean": 4941320.414634145,
        "median": 469555.5110240156,
        "min": 11572,
        "max": 26712131,
        "variance_ns2": 65823432874671.14,
        "iqr_ns": 5699885.909444588,
        "q1_ns": 90424.43551443469,
        "q3_ns": 5790310.3449590225
      },
      "futex_op_counts": {
        "128": 41
      },
      "first_seen_ts_ns": 316298518821,
      "last_seen_ts_ns": 316346033516
    },
    {
      "tgid": 10412,
      "comm": "runc:[2:INIT]",
      "cgroup_id": 9250,
      "wait_duration_stats_ns": {
        "count": 27.0,
        "sum": 168914212.00000003,
        "mean": 6256081.925925927,
        "median": 3266206.5428546807,
        "min": 23104,
        "max": 23865536,
        "variance_ns2": 53021955343370.695,
        "iqr_ns": 8947583.022560272,
        "q1_ns": 798897.8219658947,
        "q3_ns": 9746480.844526168
      },
      "futex_op_counts": {
        "128": 27
      },
      "first_seen_ts_ns": 356297696258,
      "last_seen_ts_ns": 356342038554
    },
    {
      "tgid": 9961,
      "comm": "runc:[2:INIT]",
      "cgroup_id": 9250,
      "wait_duration_stats_ns": {
        "count": 31.0,
        "sum": 167488783.00000003,
        "mean": 5402863.967741936,
        "median": 1365138.2283139797,
        "min": 798,
        "max": 21627063,
        "variance_ns2": 67129915373191.9,
        "iqr_ns": 8470662.645800108,
        "q1_ns": 73836.5,
        "q3_ns": 8544499.145800108
      },
      "futex_op_counts": {
        "128": 31
      },
      "first_seen_ts_ns": 276281630432,
      "last_seen_ts_ns": 276318901111
    },
    {
      "tgid": 10390,
      "comm": "runc:[2:INIT]",
      "cgroup_id": 9250,
      "wait_duration_stats_ns": {
        "count": 30.0,
        "sum": 155293136.0,
        "mean": 5176437.866666667,
        "median": 3924846.531403721,
        "min": 11770,
        "max": 20677873,
        "variance_ns2": 49744224367297.5,
        "iqr_ns": 8326683.589031667,
        "q1_ns": 109110.81342979246,
        "q3_ns": 8435794.40246146
      },
      "futex_op_counts": {
        "128": 30
      },
      "first_seen_ts_ns": 346318028685,
      "last_seen_ts_ns": 346346709015
    },
    {
      "tgid": 10750,
      "comm": "runc:[2:INIT]",
      "cgroup_id": 9250,
      "wait_duration_stats_ns": {
        "count": 32.0,
        "sum": 139060730.99999997,
        "mean": 4345647.843749999,
        "median": 1274042.243835989,
        "min": 533,
        "max": 18888592,
        "variance_ns2": 41577641425983.74,
        "iqr_ns": 4852938.2890743725,
        "q1_ns": 31274.015557068768,
        "q3_ns": 4884212.304631441
      },
      "futex_op_counts": {
        "128": 32
      },
      "first_seen_ts_ns": 426317528449,
      "last_seen_ts_ns": 426355113957
    },
    {
      "tgid": 10294,
      "comm": "runc:[2:INIT]",
      "cgroup_id": 9250,
      "wait_duration_stats_ns": {
        "count": 28.0,
        "sum": 137074176.00000003,
        "mean": 4895506.285714286,
        "median": 2189006.8409092906,
        "min": 13700,
        "max": 15473626,
        "variance_ns2": 34383213900451.176,
        "iqr_ns": 6017587.801105824,
        "q1_ns": 86005.93938492064,
        "q3_ns": 6103593.740490745
      },
      "futex_op_counts": {
        "128": 28
      },
      "first_seen_ts_ns": 336280990029,
      "last_seen_ts_ns": 336312173141
    },
    {
      "tgid": 10658,
      "comm": "runc:[2:INIT]",
      "cgroup_id": 9250,
      "wait_duration_stats_ns": {
        "count": 24.0,
        "sum": 133178540.0,
        "mean": 5549105.833333333,
        "median": 594870.5490883538,
        "min": 18378,
        "max": 21583771,
        "variance_ns2": 67207377846613.11,
        "iqr_ns": 7576536.088117099,
        "q1_ns": 52008.475147306424,
        "q3_ns": 7628544.563264405
      },
      "futex_op_counts": {
        "128": 24
      },
      "first_seen_ts_ns": 386283849129,
      "last_seen_ts_ns": 386322094400
    },
    {
      "tgid": 9476,
      "comm": "runc",
      "cgroup_id": 6520,
      "wait_duration_stats_ns": {
        "count": 31.0,
        "sum": 21597531.999999996,
        "mean": 696694.5806451612,
        "median": 231143.54450317816,
        "min": 1300,
        "max": 5569622,
        "variance_ns2": 1994294980320.1853,
        "iqr_ns": 642420.0702600081,
        "q1_ns": 39387.080042296475,
        "q3_ns": 681807.1503023045
      },
      "futex_op_counts": {
        "128": 31
      },
      "first_seen_ts_ns": 255359075701,
      "last_seen_ts_ns": 255364684139
    },
    {
      "tgid": 10027,
      "comm": "csi-node-driver",
      "cgroup_id": 9250,
      "wait_duration_stats_ns": {
        "count": 17.0,
        "sum": 16344257.0,
        "mean": 961426.8823529412,
        "median": 1270039.9479220798,
        "min": 18884,
        "max": 3568995,
        "variance_ns2": 1406953865731.1106,
        "iqr_ns": 1227720.0557785893,
        "q1_ns": 79472.56906855517,
        "q3_ns": 1307192.6248471446
      },
      "futex_op_counts": {
        "128": 17
      },
      "first_seen_ts_ns": 296381531028,
      "last_seen_ts_ns": 296386449873
    },
    {
      "tgid": 10093,
      "comm": "csi-node-driver",
      "cgroup_id": 9250,
      "wait_duration_stats_ns": {
        "count": 22.0,
        "sum": 12607854.999999998,
        "mean": 573084.3181818181,
        "median": 59964.66455529973,
        "min": 14483,
        "max": 2656852,
        "variance_ns2": 754389141716.418,
        "iqr_ns": 819740.0679455127,
        "q1_ns": 29390.0,
        "q3_ns": 849130.0679455127
      },
      "futex_op_counts": {
        "128": 22
      },
      "first_seen_ts_ns": 326381237184,
      "last_seen_ts_ns": 326385529311
    },
    {
      "tgid": 10680,
      "comm": "csi-node-driver",
      "cgroup_id": 9250,
      "wait_duration_stats_ns": {
        "count": 15.0,
        "sum": 12244023.0,
        "mean": 816268.2,
        "median": 111750.12098765431,
        "min": 34725,
        "max": 4277291,
        "variance_ns2": 2026990780017.0288,
        "iqr_ns": 412028.1441358024,
        "q1_ns": 48174.37407407408,
        "q3_ns": 460202.5182098765
      },
      "futex_op_counts": {
        "128": 15
      },
      "first_seen_ts_ns": 396378211063,
      "last_seen_ts_ns": 396382460207
    },
    {
      "tgid": 10070,
      "comm": "csi-node-driver",
      "cgroup_id": 9250,
      "wait_duration_stats_ns": {
        "count": 19.0,
        "sum": 10917480.000000002,
        "mean": 574604.2105263158,
        "median": 143155.97634858632,
        "min": 20069,
        "max": 2267475,
        "variance_ns2": 556547964097.731,
        "iqr_ns": 687068.2100604542,
        "q1_ns": 34481.2838429141,
        "q3_ns": 721549.4939033684
      },
      "futex_op_counts": {
        "128": 19
      },
      "first_seen_ts_ns": 316351030665,
      "last_seen_ts_ns": 316354794458
    },
    {
      "tgid": 10437,
      "comm": "csi-node-driver",
      "cgroup_id": 9250,
      "wait_duration_stats_ns": {
        "count": 18.0,
        "sum": 10733810.999999998,
        "mean": 596322.8333333333,
        "median": 369578.30438988097,
        "min": 12308,
        "max": 2289940,
        "variance_ns2": 439186175775.67645,
        "iqr_ns": 900313.3025175142,
        "q1_ns": 39143.167245370365,
        "q3_ns": 939456.4697628845
      },
      "futex_op_counts": {
        "128": 18
      },
      "first_seen_ts_ns": 366392273011,
      "last_seen_ts_ns": 366395737508
    },
    {
      "tgid": 10658,
      "comm": "csi-node-driver",
      "cgroup_id": 9250,
      "wait_duration_stats_ns": {
        "count": 23.0,
        "sum": 10520419.000000002,
        "mean": 457409.5217391305,
        "median": 75326.49801507936,
        "min": 19775,
        "max": 2087226,
        "variance_ns2": 441432705647.5336,
        "iqr_ns": 445124.38592908485,
        "q1_ns": 27367.582870370374,
        "q3_ns": 472491.9687994552
      },
      "futex_op_counts": {
        "128": 23
      },
      "first_seen_ts_ns": 386324065581,
      "last_seen_ts_ns": 386327598763
    },
    {
      "tgid": 10390,
      "comm": "csi-node-driver",
      "cgroup_id": 9250,
      "wait_duration_stats_ns": {
        "count": 22.0,
        "sum": 10008671.0,
        "mean": 454939.59090909094,
        "median": 60493.572447269595,
        "min": 11581,
        "max": 1881391,
        "variance_ns2": 420613839763.6818,
        "iqr_ns": 356034.00771501707,
        "q1_ns": 24163.845635931066,
        "q3_ns": 380197.85335094813
      },
      "futex_op_counts": {
        "128": 22
      },
      "first_seen_ts_ns": 346349089497,
      "last_seen_ts_ns": 346352513834
    },
    {
      "tgid": 10704,
      "comm": "csi-node-driver",
      "cgroup_id": 9250,
      "wait_duration_stats_ns": {
        "count": 21.0,
        "sum": 9636929.999999998,
        "mean": 458901.4285714285,
        "median": 75285.02074916443,
        "min": 13087,
        "max": 2123551,
        "variance_ns2": 415305255725.5571,
        "iqr_ns": 815905.7687898492,
        "q1_ns": 24961.129003370417,
        "q3_ns": 840866.8977932197
      },
      "futex_op_counts": {
        "128": 21
      },
      "first_seen_ts_ns": 406388752715,
      "last_seen_ts_ns": 406392104670
    },
    {
      "tgid": 10294,
      "comm": "csi-node-driver",
      "cgroup_id": 9250,
      "wait_duration_stats_ns": {
        "count": 18.0,
        "sum": 9557438.0,
        "mean": 530968.7777777778,
        "median": 233757.56048611112,
        "min": 27311,
        "max": 1993379,
        "variance_ns2": 425870242125.83,
        "iqr_ns": 593297.4748191015,
        "q1_ns": 42837.2462920096,
        "q3_ns": 636134.7211111111
      },
      "futex_op_counts": {
        "128": 18
      },
      "first_seen_ts_ns": 336314196659,
      "last_seen_ts_ns": 336317368517
    },
    {
      "tgid": 10727,
      "comm": "csi-node-driver",
      "cgroup_id": 9250,
      "wait_duration_stats_ns": {
        "count": 18.0,
        "sum": 9457673.0,
        "mean": 525426.2777777778,
        "median": 73592.61792059297,
        "min": 2595,
        "max": 3211491,
        "variance_ns2": 750948770603.9773,
        "iqr_ns": 407023.14169541217,
        "q1_ns": 20127.945381708243,
        "q3_ns": 427151.08707712044
      },
      "futex_op_counts": {
        "128": 18
      },
      "first_seen_ts_ns": 416380294953,
      "last_seen_ts_ns": 416383564252
    },
    {
      "tgid": 10750,
      "comm": "csi-node-driver",
      "cgroup_id": 9250,
      "wait_duration_stats_ns": {
        "count": 19.0,
        "sum": 9335155.999999998,
        "mean": 491323.9999999999,
        "median": 263162.803034668,
        "min": 10182,
        "max": 1827381,
        "variance_ns2": 423460376796.5555,
        "iqr_ns": 435069.5920162038,
        "q1_ns": 26930.22771990741,
        "q3_ns": 461999.8197361112
      },
      "futex_op_counts": {
        "128": 19
      },
      "first_seen_ts_ns": 426356941320,
      "last_seen_ts_ns": 426360136272
    },
    {
      "tgid": 9961,
      "comm": "csi-node-driver",
      "cgroup_id": 9250,
      "wait_duration_stats_ns": {
        "count": 17.0,
        "sum": 9013616.999999998,
        "mean": 530212.7647058823,
        "median": 258177.65026506697,
        "min": 17179,
        "max": 1792405,
        "variance_ns2": 406022554470.81616,
        "iqr_ns": 652396.2131085156,
        "q1_ns": 90354.14250716491,
        "q3_ns": 742750.3556156806
      },
      "futex_op_counts": {
        "128": 17
      },
      "first_seen_ts_ns": 276320607680,
      "last_seen_ts_ns": 276323658475
    },
    {
      "tgid": 10006,
      "comm": "csi-node-driver",
      "cgroup_id": 9250,
      "wait_duration_stats_ns": {
        "count": 15.0,
        "sum": 9008737.0,
        "mean": 600582.4666666667,
        "median": 157962.25185185185,
        "min": 15207,
        "max": 3007874,
        "variance_ns2": 822459863243.4095,
        "iqr_ns": 582981.6290922619,
        "q1_ns": 21797.194444444445,
        "q3_ns": 604778.8235367064
      },
      "futex_op_counts": {
        "128": 15
      },
      "first_seen_ts_ns": 286568107745,
      "last_seen_ts_ns": 286571168655
    },
    {
      "tgid": 10458,
      "comm": "csi-node-driver",
      "cgroup_id": 9250,
      "wait_duration_stats_ns": {
        "count": 21.0,
        "sum": 8887516.0,
        "mean": 423215.0476190476,
        "median": 198090.14756574715,
        "min": 10330,
        "max": 1636542,
        "variance_ns2": 338731889364.6476,
        "iqr_ns": 740080.925473986,
        "q1_ns": 24321.351080246906,
        "q3_ns": 764402.2765542328
      },
      "futex_op_counts": {
        "128": 21
      },
      "first_seen_ts_ns": 376390012923,
      "last_seen_ts_ns": 376393020227
    },
    {
      "tgid": 10412,
      "comm": "csi-node-driver",
      "cgroup_id": 9250,
      "wait_duration_stats_ns": {
        "count": 14.0,
        "sum": 8659522.0,
        "mean": 618537.2857142857,
        "median": 171820.02222222224,
        "min": 30680,
        "max": 3379274,
        "variance_ns2": 943866772896.6814,
        "iqr_ns": 403409.26993055554,
        "q1_ns": 37617.910625000004,
        "q3_ns": 441027.18055555556
      },
      "futex_op_counts": {
        "128": 14
      },
      "first_seen_ts_ns": 356350642930,
      "last_seen_ts_ns": 356354015823
    },
    {
      "tgid": 10049,
      "comm": "csi-node-driver",
      "cgroup_id": 9250,
      "wait_duration_stats_ns": {
        "count": 18.0,
        "sum": 7624462.0,
        "mean": 423581.22222222225,
        "median": 88542.23338972381,
        "min": 17352,
        "max": 1710199,
        "variance_ns2": 403802868459.7124,
        "iqr_ns": 552915.6145140113,
        "q1_ns": 26370.666666666668,
        "q3_ns": 579286.2811806779
      },
      "futex_op_counts": {
        "128": 18
      },
      "first_seen_ts_ns": 306359495427,
      "last_seen_ts_ns": 306362615282
    },
    {
      "tgid": 9379,
      "comm": "flux-broker-14",
      "cgroup_id": 9961,
      "wait_duration_stats_ns": {
        "count": 531.0,
        "sum": 7545128.000000003,
        "mean": 14209.28060263654,
        "median": 1120.3263936829374,
        "min": 387,
        "max": 2391301,
        "variance_ns2": 13557005121.828655,
        "iqr_ns": 3555.7295519859795,
        "q1_ns": 624.320285746096,
        "q3_ns": 4180.0498377320755
      },
      "futex_op_counts": {
        "128": 531
      },
      "first_seen_ts_ns": 271072561245,
      "last_seen_ts_ns": 435939467870
    },
    {
      "tgid": 9379,
      "comm": "ZMQbg/IO/0",
      "cgroup_id": 9961,
      "wait_duration_stats_ns": {
        "count": 45.0,
        "sum": 56333.00000000001,
        "mean": 1251.8444444444447,
        "median": 619.4542544781674,
        "min": 394,
        "max": 11706,
        "variance_ns2": 5562328.134343434,
        "iqr_ns": 302.6401132684641,
        "q1_ns": 524.9740450944148,
        "q3_ns": 827.6141583628789
      },
      "futex_op_counts": {
        "128": 45
      },
      "first_seen_ts_ns": 330677687786,
      "last_seen_ts_ns": 431274326941
    },
    {
      "tgid": 10558,
      "comm": "lmp",
      "cgroup_id": 9961,
      "wait_duration_stats_ns": {
        "count": 1.0,
        "sum": 14567.0,
        "mean": 14567.0,
        "median": 14567.0,
        "min": 14567,
        "max": 14567,
        "variance_ns2": null,
        "iqr_ns": 0.0,
        "q1_ns": 14567.0,
        "q3_ns": 14567.0
      },
      "futex_op_counts": {
        "128": 1
      },
      "first_seen_ts_ns": 431250401150,
      "last_seen_ts_ns": 431250401150
    },
    {
      "tgid": 10234,
      "comm": "lmp",
      "cgroup_id": 9961,
      "wait_duration_stats_ns": {
        "count": 1.0,
        "sum": 13675.0,
        "mean": 13675.0,
        "median": 13675.0,
        "min": 13675,
        "max": 13675,
        "variance_ns2": null,
        "iqr_ns": 0.0,
        "q1_ns": 13675.0,
        "q3_ns": 13675.0
      },
      "futex_op_counts": {
        "128": 1
      },
      "first_seen_ts_ns": 381708461185,
      "last_seen_ts_ns": 381708461185
    },
    {
      "tgid": 10220,
      "comm": "lmp",
      "cgroup_id": 9961,
      "wait_duration_stats_ns": {
        "count": 1.0,
        "sum": 13418.0,
        "mean": 13418.0,
        "median": 13418.0,
        "min": 13418,
        "max": 13418,
        "variance_ns2": null,
        "iqr_ns": 0.0,
        "q1_ns": 13418.0,
        "q3_ns": 13418.0
      },
      "futex_op_counts": {
        "128": 1
      },
      "first_seen_ts_ns": 381698405668,
      "last_seen_ts_ns": 381698405668
    },
    {
      "tgid": 10570,
      "comm": "lmp",
      "cgroup_id": 9961,
      "wait_duration_stats_ns": {
        "count": 1.0,
        "sum": 13127.0,
        "mean": 13127.0,
        "median": 13127.0,
        "min": 13127,
        "max": 13127,
        "variance_ns2": null,
        "iqr_ns": 0.0,
        "q1_ns": 13127.0,
        "q3_ns": 13127.0
      },
      "futex_op_counts": {
        "128": 1
      },
      "first_seen_ts_ns": 431252419829,
      "last_seen_ts_ns": 431252419829
    },
    {
      "tgid": 10610,
      "comm": "lmp",
      "cgroup_id": 9961,
      "wait_duration_stats_ns": {
        "count": 1.0,
        "sum": 11906.0,
        "mean": 11906.0,
        "median": 11906.0,
        "min": 11906,
        "max": 11906,
        "variance_ns2": null,
        "iqr_ns": 0.0,
        "q1_ns": 11906.0,
        "q3_ns": 11906.0
      },
      "futex_op_counts": {
        "128": 1
      },
      "first_seen_ts_ns": 431252393995,
      "last_seen_ts_ns": 431252393995
    },
    {
      "tgid": 10196,
      "comm": "lmp",
      "cgroup_id": 9961,
      "wait_duration_stats_ns": {
        "count": 1.0,
        "sum": 11564.0,
        "mean": 11564.0,
        "median": 11564.0,
        "min": 11564,
        "max": 11564,
        "variance_ns2": null,
        "iqr_ns": 0.0,
        "q1_ns": 11564.0,
        "q3_ns": 11564.0
      },
      "futex_op_counts": {
        "128": 1
      },
      "first_seen_ts_ns": 381709078886,
      "last_seen_ts_ns": 381709078886
    },
    {
      "tgid": 9919,
      "comm": "lmp",
      "cgroup_id": 9961,
      "wait_duration_stats_ns": {
        "count": 1.0,
        "sum": 10095.0,
        "mean": 10095.0,
        "median": 10095.0,
        "min": 10095,
        "max": 10095,
        "variance_ns2": null,
        "iqr_ns": 0.0,
        "q1_ns": 10095.0,
        "q3_ns": 10095.0
      },
      "futex_op_counts": {
        "128": 1
      },
      "first_seen_ts_ns": 330659093680,
      "last_seen_ts_ns": 330659093680
    },
    {
      "tgid": 10270,
      "comm": "lmp",
      "cgroup_id": 9961,
      "wait_duration_stats_ns": {
        "count": 1.0,
        "sum": 10024.0,
        "mean": 10024.0,
        "median": 10024.0,
        "min": 10024,
        "max": 10024,
        "variance_ns2": null,
        "iqr_ns": 0.0,
        "q1_ns": 10024.0,
        "q3_ns": 10024.0
      },
      "futex_op_counts": {
        "128": 1
      },
      "first_seen_ts_ns": 381708528129,
      "last_seen_ts_ns": 381708528129
    },
    {
      "tgid": 10548,
      "comm": "lmp",
      "cgroup_id": 9961,
      "wait_duration_stats_ns": {
        "count": 1.0,
        "sum": 9599.0,
        "mean": 9599.0,
        "median": 9599.0,
        "min": 9599,
        "max": 9599,
        "variance_ns2": null,
        "iqr_ns": 0.0,
        "q1_ns": 9599.0,
        "q3_ns": 9599.0
      },
      "futex_op_counts": {
        "128": 1
      },
      "first_seen_ts_ns": 431249691609,
      "last_seen_ts_ns": 431249691609
    },
    {
      "tgid": 10588,
      "comm": "lmp",
      "cgroup_id": 9961,
      "wait_duration_stats_ns": {
        "count": 1.0,
        "sum": 9358.0,
        "mean": 9358.0,
        "median": 9358.0,
        "min": 9358,
        "max": 9358,
        "variance_ns2": null,
        "iqr_ns": 0.0,
        "q1_ns": 9358.0,
        "q3_ns": 9358.0
      },
      "futex_op_counts": {
        "128": 1
      },
      "first_seen_ts_ns": 431252430935,
      "last_seen_ts_ns": 431252430935
    },
    {
      "tgid": 9859,
      "comm": "lmp",
      "cgroup_id": 9961,
      "wait_duration_stats_ns": {
        "count": 1.0,
        "sum": 9335.0,
        "mean": 9335.0,
        "median": 9335.0,
        "min": 9335,
        "max": 9335,
        "variance_ns2": null,
        "iqr_ns": 0.0,
        "q1_ns": 9335.0,
        "q3_ns": 9335.0
      },
      "futex_op_counts": {
        "128": 1
      },
      "first_seen_ts_ns": 330653516767,
      "last_seen_ts_ns": 330653516767
    },
    {
      "tgid": 9867,
      "comm": "lmp",
      "cgroup_id": 9961,
      "wait_duration_stats_ns": {
        "count": 1.0,
        "sum": 9264.0,
        "mean": 9264.0,
        "median": 9264.0,
        "min": 9264,
        "max": 9264,
        "variance_ns2": null,
        "iqr_ns": 0.0,
        "q1_ns": 9264.0,
        "q3_ns": 9264.0
      },
      "futex_op_counts": {
        "128": 1
      },
      "first_seen_ts_ns": 330655467188,
      "last_seen_ts_ns": 330655467188
    },
    {
      "tgid": 9917,
      "comm": "lmp",
      "cgroup_id": 9961,
      "wait_duration_stats_ns": {
        "count": 1.0,
        "sum": 9194.0,
        "mean": 9194.0,
        "median": 9194.0,
        "min": 9194,
        "max": 9194,
        "variance_ns2": null,
        "iqr_ns": 0.0,
        "q1_ns": 9194.0,
        "q3_ns": 9194.0
      },
      "futex_op_counts": {
        "128": 1
      },
      "first_seen_ts_ns": 330657883130,
      "last_seen_ts_ns": 330657883130
    },
    {
      "tgid": 9838,
      "comm": "lmp",
      "cgroup_id": 9961,
      "wait_duration_stats_ns": {
        "count": 1.0,
        "sum": 9170.0,
        "mean": 9170.0,
        "median": 9170.0,
        "min": 9170,
        "max": 9170,
        "variance_ns2": null,
        "iqr_ns": 0.0,
        "q1_ns": 9170.0,
        "q3_ns": 9170.0
      },
      "futex_op_counts": {
        "128": 1
      },
      "first_seen_ts_ns": 330659578453,
      "last_seen_ts_ns": 330659578453
    },
    {
      "tgid": 10506,
      "comm": "lmp",
      "cgroup_id": 9961,
      "wait_duration_stats_ns": {
        "count": 1.0,
        "sum": 8818.0,
        "mean": 8818.0,
        "median": 8818.0,
        "min": 8818,
        "max": 8818,
        "variance_ns2": null,
        "iqr_ns": 0.0,
        "q1_ns": 8818.0,
        "q3_ns": 8818.0
      },
      "futex_op_counts": {
        "128": 1
      },
      "first_seen_ts_ns": 431250305003,
      "last_seen_ts_ns": 431250305003
    },
    {
      "tgid": 10182,
      "comm": "lmp",
      "cgroup_id": 9961,
      "wait_duration_stats_ns": {
        "count": 1.0,
        "sum": 8772.0,
        "mean": 8772.0,
        "median": 8772.0,
        "min": 8772,
        "max": 8772,
        "variance_ns2": null,
        "iqr_ns": 0.0,
        "q1_ns": 8772.0,
        "q3_ns": 8772.0
      },
      "futex_op_counts": {
        "128": 1
      },
      "first_seen_ts_ns": 381709213700,
      "last_seen_ts_ns": 381709213700
    },
    {
      "tgid": 10268,
      "comm": "lmp",
      "cgroup_id": 9961,
      "wait_duration_stats_ns": {
        "count": 1.0,
        "sum": 8643.0,
        "mean": 8643.0,
        "median": 8643.0,
        "min": 8643,
        "max": 8643,
        "variance_ns2": null,
        "iqr_ns": 0.0,
        "q1_ns": 8643.0,
        "q3_ns": 8643.0
      },
      "futex_op_counts": {
        "128": 1
      },
      "first_seen_ts_ns": 381695401828,
      "last_seen_ts_ns": 381695401828
    },
    {
      "tgid": 9855,
      "comm": "lmp",
      "cgroup_id": 9961,
      "wait_duration_stats_ns": {
        "count": 1.0,
        "sum": 8532.0,
        "mean": 8532.0,
        "median": 8532.0,
        "min": 8532,
        "max": 8532,
        "variance_ns2": null,
        "iqr_ns": 0.0,
        "q1_ns": 8532.0,
        "q3_ns": 8532.0
      },
      "futex_op_counts": {
        "128": 1
      },
      "first_seen_ts_ns": 330659625976,
      "last_seen_ts_ns": 330659625976
    },
    {
      "tgid": 10256,
      "comm": "lmp",
      "cgroup_id": 9961,
      "wait_duration_stats_ns": {
        "count": 1.0,
        "sum": 8463.0,
        "mean": 8463.0,
        "median": 8463.0,
        "min": 8463,
        "max": 8463,
        "variance_ns2": null,
        "iqr_ns": 0.0,
        "q1_ns": 8463.0,
        "q3_ns": 8463.0
      },
      "futex_op_counts": {
        "128": 1
      },
      "first_seen_ts_ns": 381700306735,
      "last_seen_ts_ns": 381700306735
    },
    {
      "tgid": 9841,
      "comm": "lmp",
      "cgroup_id": 9961,
      "wait_duration_stats_ns": {
        "count": 1.0,
        "sum": 8441.0,
        "mean": 8441.0,
        "median": 8441.0,
        "min": 8441,
        "max": 8441,
        "variance_ns2": null,
        "iqr_ns": 0.0,
        "q1_ns": 8441.0,
        "q3_ns": 8441.0
      },
      "futex_op_counts": {
        "128": 1
      },
      "first_seen_ts_ns": 330659690154,
      "last_seen_ts_ns": 330659690154
    },
    {
      "tgid": 10622,
      "comm": "lmp",
      "cgroup_id": 9961,
      "wait_duration_stats_ns": {
        "count": 1.0,
        "sum": 8171.0,
        "mean": 8171.0,
        "median": 8171.0,
        "min": 8171,
        "max": 8171,
        "variance_ns2": null,
        "iqr_ns": 0.0,
        "q1_ns": 8171.0,
        "q3_ns": 8171.0
      },
      "futex_op_counts": {
        "128": 1
      },
      "first_seen_ts_ns": 431252486468,
      "last_seen_ts_ns": 431252486468
    },
    {
      "tgid": 10128,
      "comm": "lmp",
      "cgroup_id": 9961,
      "wait_duration_stats_ns": {
        "count": 1.0,
        "sum": 8151.0,
        "mean": 8151.0,
        "median": 8151.0,
        "min": 8151,
        "max": 8151,
        "variance_ns2": null,
        "iqr_ns": 0.0,
        "q1_ns": 8151.0,
        "q3_ns": 8151.0
      },
      "futex_op_counts": {
        "128": 1
      },
      "first_seen_ts_ns": 381704248770,
      "last_seen_ts_ns": 381704248770
    },
    {
      "tgid": 10576,
      "comm": "lmp",
      "cgroup_id": 9961,
      "wait_duration_stats_ns": {
        "count": 1.0,
        "sum": 8055.0,
        "mean": 8055.0,
        "median": 8055.0,
        "min": 8055,
        "max": 8055,
        "variance_ns2": null,
        "iqr_ns": 0.0,
        "q1_ns": 8055.0,
        "q3_ns": 8055.0
      },
      "futex_op_counts": {
        "128": 1
      },
      "first_seen_ts_ns": 431246926263,
      "last_seen_ts_ns": 431246926263
    },
    {
      "tgid": 10516,
      "comm": "lmp",
      "cgroup_id": 9961,
      "wait_duration_stats_ns": {
        "count": 1.0,
        "sum": 8040.0,
        "mean": 8040.0,
        "median": 8040.0,
        "min": 8040,
        "max": 8040,
        "variance_ns2": null,
        "iqr_ns": 0.0,
        "q1_ns": 8040.0,
        "q3_ns": 8040.0
      },
      "futex_op_counts": {
        "128": 1
      },
      "first_seen_ts_ns": 431247055613,
      "last_seen_ts_ns": 431247055613
    },
    {
      "tgid": 9772,
      "comm": "lmp",
      "cgroup_id": 9961,
      "wait_duration_stats_ns": {
        "count": 1.0,
        "sum": 7939.0,
        "mean": 7939.0,
        "median": 7939.0,
        "min": 7939,
        "max": 7939,
        "variance_ns2": null,
        "iqr_ns": 0.0,
        "q1_ns": 7939.0,
        "q3_ns": 7939.0
      },
      "futex_op_counts": {
        "128": 1
      },
      "first_seen_ts_ns": 330659778714,
      "last_seen_ts_ns": 330659778714
    },
    {
      "tgid": 10552,
      "comm": "lmp",
      "cgroup_id": 9961,
      "wait_duration_stats_ns": {
        "count": 1.0,
        "sum": 7760.0,
        "mean": 7760.0,
        "median": 7760.0,
        "min": 7760,
        "max": 7760,
        "variance_ns2": null,
        "iqr_ns": 0.0,
        "q1_ns": 7760.0,
        "q3_ns": 7760.0
      },
      "futex_op_counts": {
        "128": 1
      },
      "first_seen_ts_ns": 431250268715,
      "last_seen_ts_ns": 431250268715
    },
    {
      "tgid": 10470,
      "comm": "lmp",
      "cgroup_id": 9961,
      "wait_duration_stats_ns": {
        "count": 1.0,
        "sum": 7725.0,
        "mean": 7725.0,
        "median": 7725.0,
        "min": 7725,
        "max": 7725,
        "variance_ns2": null,
        "iqr_ns": 0.0,
        "q1_ns": 7725.0,
        "q3_ns": 7725.0
      },
      "futex_op_counts": {
        "128": 1
      },
      "first_seen_ts_ns": 431250498240,
      "last_seen_ts_ns": 431250498240
    },
    {
      "tgid": 10172,
      "comm": "lmp",
      "cgroup_id": 9961,
      "wait_duration_stats_ns": {
        "count": 1.0,
        "sum": 7644.0,
        "mean": 7644.0,
        "median": 7644.0,
        "min": 7644,
        "max": 7644,
        "variance_ns2": null,
        "iqr_ns": 0.0,
        "q1_ns": 7644.0,
        "q3_ns": 7644.0
      },
      "futex_op_counts": {
        "128": 1
      },
      "first_seen_ts_ns": 381709234427,
      "last_seen_ts_ns": 381709234427
    },
    {
      "tgid": 10202,
      "comm": "lmp",
      "cgroup_id": 9961,
      "wait_duration_stats_ns": {
        "count": 1.0,
        "sum": 7580.0,
        "mean": 7580.0,
        "median": 7580.0,
        "min": 7580,
        "max": 7580,
        "variance_ns2": null,
        "iqr_ns": 0.0,
        "q1_ns": 7580.0,
        "q3_ns": 7580.0
      },
      "futex_op_counts": {
        "128": 1
      },
      "first_seen_ts_ns": 381709027600,
      "last_seen_ts_ns": 381709027600
    },
    {
      "tgid": 10536,
      "comm": "lmp",
      "cgroup_id": 9961,
      "wait_duration_stats_ns": {
        "count": 1.0,
        "sum": 7571.0,
        "mean": 7571.0,
        "median": 7571.0,
        "min": 7571,
        "max": 7571,
        "variance_ns2": null,
        "iqr_ns": 0.0,
        "q1_ns": 7571.0,
        "q3_ns": 7571.0
      },
      "futex_op_counts": {
        "128": 1
      },
      "first_seen_ts_ns": 431246789436,
      "last_seen_ts_ns": 431246789436
    },
    {
      "tgid": 9768,
      "comm": "lmp",
      "cgroup_id": 9961,
      "wait_duration_stats_ns": {
        "count": 1.0,
        "sum": 7523.0,
        "mean": 7523.0,
        "median": 7523.0,
        "min": 7523,
        "max": 7523,
        "variance_ns2": null,
        "iqr_ns": 0.0,
        "q1_ns": 7523.0,
        "q3_ns": 7523.0
      },
      "futex_op_counts": {
        "128": 1
      },
      "first_seen_ts_ns": 330656673596,
      "last_seen_ts_ns": 330656673596
    },
    {
      "tgid": 9778,
      "comm": "lmp",
      "cgroup_id": 9961,
      "wait_duration_stats_ns": {
        "count": 1.0,
        "sum": 7464.0,
        "mean": 7464.0,
        "median": 7464.0,
        "min": 7464,
        "max": 7464,
        "variance_ns2": null,
        "iqr_ns": 0.0,
        "q1_ns": 7464.0,
        "q3_ns": 7464.0
      },
      "futex_op_counts": {
        "128": 1
      },
      "first_seen_ts_ns": 330655549134,
      "last_seen_ts_ns": 330655549134
    },
    {
      "tgid": 9774,
      "comm": "lmp",
      "cgroup_id": 9961,
      "wait_duration_stats_ns": {
        "count": 1.0,
        "sum": 7333.0,
        "mean": 7333.0,
        "median": 7333.0,
        "min": 7333,
        "max": 7333,
        "variance_ns2": null,
        "iqr_ns": 0.0,
        "q1_ns": 7333.0,
        "q3_ns": 7333.0
      },
      "futex_op_counts": {
        "128": 1
      },
      "first_seen_ts_ns": 330659780693,
      "last_seen_ts_ns": 330659780693
    },
    {
      "tgid": 10154,
      "comm": "lmp",
      "cgroup_id": 9961,
      "wait_duration_stats_ns": {
        "count": 1.0,
        "sum": 7297.0,
        "mean": 7297.0,
        "median": 7297.0,
        "min": 7297,
        "max": 7297,
        "variance_ns2": null,
        "iqr_ns": 0.0,
        "q1_ns": 7297.0,
        "q3_ns": 7297.0
      },
      "futex_op_counts": {
        "128": 1
      },
      "first_seen_ts_ns": 381709154344,
      "last_seen_ts_ns": 381709154344
    },
    {
      "tgid": 10529,
      "comm": "lmp",
      "cgroup_id": 9961,
      "wait_duration_stats_ns": {
        "count": 1.0,
        "sum": 7204.0,
        "mean": 7204.0,
        "median": 7204.0,
        "min": 7204,
        "max": 7204,
        "variance_ns2": null,
        "iqr_ns": 0.0,
        "q1_ns": 7204.0,
        "q3_ns": 7204.0
      },
      "futex_op_counts": {
        "128": 1
      },
      "first_seen_ts_ns": 431249661016,
      "last_seen_ts_ns": 431249661016
    },
    {
      "tgid": 10104,
      "comm": "lmp",
      "cgroup_id": 9961,
      "wait_duration_stats_ns": {
        "count": 1.0,
        "sum": 6785.0,
        "mean": 6785.0,
        "median": 6785.0,
        "min": 6785,
        "max": 6785,
        "variance_ns2": null,
        "iqr_ns": 0.0,
        "q1_ns": 6785.0,
        "q3_ns": 6785.0
      },
      "futex_op_counts": {
        "128": 1
      },
      "first_seen_ts_ns": 381709429420,
      "last_seen_ts_ns": 381709429420
    },
    {
      "tgid": 10125,
      "comm": "lmp",
      "cgroup_id": 9961,
      "wait_duration_stats_ns": {
        "count": 1.0,
        "sum": 6223.0,
        "mean": 6223.0,
        "median": 6223.0,
        "min": 6223,
        "max": 6223,
        "variance_ns2": null,
        "iqr_ns": 0.0,
        "q1_ns": 6223.0,
        "q3_ns": 6223.0
      },
      "futex_op_counts": {
        "128": 1
      },
      "first_seen_ts_ns": 381709431478,
      "last_seen_ts_ns": 381709431478
    }
  ]
}
[21:55:27] Cleanup complete.
