unlimited
Looking for /opt/programs/futex-model/ebpf-collect.c
[22:54:55] Starting eBPF (Tracepoints for futex syscalls).
[22:54:55] BPF program loaded and tracepoints automatically attached.
[22:54:55] Start Indicator file defined '/mnt/flux/start_ebpf_collection'. Waiting.
[22:55:06] Start indicator found. Proceeding.
[22:55:06] Ring buffers opened. Polling for events...
[23:00:43] 
Indicator file '/mnt/flux/stop_ebpf_collection' found. Stopping.
[23:00:43] Cleaning up BPF resources...
{
  "final_aggregated_futex_summary_river": [
    {
      "tgid": 7253,
      "comm": "fluent-bit-gke-",
      "cgroup_id": 7979,
      "wait_duration_stats_ns": {
        "count": 17317.0,
        "sum": 22196504430440.17,
        "mean": 1281775390.1045315,
        "median": 453931.5663503523,
        "min": 401,
        "max": 109374468436,
        "variance_ns2": 7.500072009913418e+19,
        "iqr_ns": 26514411.584422898,
        "q1_ns": 26513.688376978436,
        "q3_ns": 26540925.272799876
      },
      "futex_op_counts": {
        "128": 17317
      },
      "first_seen_ts_ns": 350111039638,
      "last_seen_ts_ns": 696648281108
    },
    {
      "tgid": 3801,
      "comm": "kubelet",
      "cgroup_id": 6640,
      "wait_duration_stats_ns": {
        "count": 30744.0,
        "sum": 12811799920150.967,
        "mean": 416725212.07881105,
        "median": 13525425.004334662,
        "min": 404,
        "max": 129378423869,
        "variance_ns2": 2.1788174322749874e+19,
        "iqr_ns": 46173205.396604255,
        "q1_ns": 1072865.3397740414,
        "q3_ns": 47246070.7363783
      },
      "futex_op_counts": {
        "128": 30744
      },
      "first_seen_ts_ns": 349009721564,
      "last_seen_ts_ns": 696796986116
    },
    {
      "tgid": 3612,
      "comm": "containerd",
      "cgroup_id": 6520,
      "wait_duration_stats_ns": {
        "count": 139487.0,
        "sum": 11125439445432.14,
        "mean": 79759686.89148194,
        "median": 160322.0688009502,
        "min": 441,
        "max": 240558079651,
        "variance_ns2": 3.6260119715792374e+18,
        "iqr_ns": 1560719.3508511975,
        "q1_ns": 48448.644855430204,
        "q3_ns": 1609167.9957066276
      },
      "futex_op_counts": {
        "128": 139487
      },
      "first_seen_ts_ns": 348993275015,
      "last_seen_ts_ns": 696883619085
    },
    {
      "tgid": 8112,
      "comm": "prometheus",
      "cgroup_id": 8532,
      "wait_duration_stats_ns": {
        "count": 16661.0,
        "sum": 5589145114087.004,
        "mean": 335462764.18504316,
        "median": 45096342.065644085,
        "min": 652,
        "max": 120044067107,
        "variance_ns2": 2.5875262948331913e+19,
        "iqr_ns": 10188374.694558665,
        "q1_ns": 39954918.241841674,
        "q3_ns": 50143292.93640034
      },
      "futex_op_counts": {
        "128": 16661
      },
      "first_seen_ts_ns": 349079575027,
      "last_seen_ts_ns": 696854532053
    },
    {
      "tgid": 4043,
      "comm": "kube-proxy",
      "cgroup_id": 7366,
      "wait_duration_stats_ns": {
        "count": 373.0,
        "sum": 5261352591576.996,
        "mean": 14105502926.479883,
        "median": 2166975766.3291216,
        "min": 918,
        "max": 125000054473,
        "variance_ns2": 1.1204017309709299e+21,
        "iqr_ns": 4476003931.778658,
        "q1_ns": 168884821.77489042,
        "q3_ns": 4644888753.553549
      },
      "futex_op_counts": {
        "128": 373
      },
      "first_seen_ts_ns": 359894559147,
      "last_seen_ts_ns": 694899227202
    },
    {
      "tgid": 1731,
      "comm": "google_osconfig",
      "cgroup_id": 4234,
      "wait_duration_stats_ns": {
        "count": 422.0,
        "sum": 3620192007727.9976,
        "mean": 8578654046.74881,
        "median": 518303519.39432436,
        "min": 548,
        "max": 240066832399,
        "variance_ns2": 7.759596997637466e+20,
        "iqr_ns": 4391681137.562315,
        "q1_ns": 125478738.7908686,
        "q3_ns": 4517159876.353184
      },
      "futex_op_counts": {
        "128": 422
      },
      "first_seen_ts_ns": 350102443917,
      "last_seen_ts_ns": 695766387461
    },
    {
      "tgid": 1730,
      "comm": "google_guest_ag",
      "cgroup_id": 4174,
      "wait_duration_stats_ns": {
        "count": 338.0,
        "sum": 3320003707572.0024,
        "mean": 9822496176.248528,
        "median": 747608738.737104,
        "min": 575,
        "max": 240070878199,
        "variance_ns2": 9.382446498207392e+20,
        "iqr_ns": 4334526921.6979,
        "q1_ns": 284067867.05388945,
        "q3_ns": 4618594788.751789
      },
      "futex_op_counts": {
        "128": 338
      },
      "first_seen_ts_ns": 359920234113,
      "last_seen_ts_ns": 695523931508
    },
    {
      "tgid": 8330,
      "comm": "csi-node-driver",
      "cgroup_id": 8848,
      "wait_duration_stats_ns": {
        "count": 80.0,
        "sum": 3012384734156.0,
        "mean": 37654809176.95,
        "median": 6547074776.111171,
        "min": 581,
        "max": 241036484624,
        "variance_ns2": 3.707522449385597e+21,
        "iqr_ns": 75222395650.41925,
        "q1_ns": 29054915.428882167,
        "q3_ns": 75251450565.84813
      },
      "futex_op_counts": {
        "128": 80
      },
      "first_seen_ts_ns": 427788796558,
      "last_seen_ts_ns": 668828343681
    },
    {
      "tgid": 8213,
      "comm": "config-reloader",
      "cgroup_id": 8611,
      "wait_duration_stats_ns": {
        "count": 255.0,
        "sum": 2836450734697.9985,
        "mean": 11123336214.501955,
        "median": 3406232820.175278,
        "min": 1154,
        "max": 212622029698,
        "variance_ns2": 7.634892072980767e+20,
        "iqr_ns": 6326890077.292779,
        "q1_ns": 502943.50660811237,
        "q3_ns": 6327393020.799387
      },
      "futex_op_counts": {
        "128": 255
      },
      "first_seen_ts_ns": 364214678990,
      "last_seen_ts_ns": 694474122156
    },
    {
      "tgid": 8244,
      "comm": "containerd-shim",
      "cgroup_id": 6520,
      "wait_duration_stats_ns": {
        "count": 2744.0,
        "sum": 2346390287191.9937,
        "mean": 855098501.163263,
        "median": 258495.91729316348,
        "min": 363,
        "max": 25193505798,
        "variance_ns2": 6.236297454268559e+18,
        "iqr_ns": 17525405.0742503,
        "q1_ns": 62949.79678997955,
        "q3_ns": 17588354.871040277
      },
      "futex_op_counts": {
        "128": 2744
      },
      "first_seen_ts_ns": 360502750795,
      "last_seen_ts_ns": 695614399001
    },
    {
      "tgid": 7617,
      "comm": "containerd-shim",
      "cgroup_id": 6520,
      "wait_duration_stats_ns": {
        "count": 838.0,
        "sum": 1858314813281.001,
        "mean": 2217559443.056087,
        "median": 3523966.1780275763,
        "min": 932,
        "max": 105218140343,
        "variance_ns2": 4.486689335922251e+19,
        "iqr_ns": 2483876223.4952493,
        "q1_ns": 974306.540342819,
        "q3_ns": 2484850530.035592
      },
      "futex_op_counts": {
        "128": 838
      },
      "first_seen_ts_ns": 360498820943,
      "last_seen_ts_ns": 695615042371
    },
    {
      "tgid": 2769,
      "comm": "dockerd",
      "cgroup_id": 6400,
      "wait_duration_stats_ns": {
        "count": 120.0,
        "sum": 1729567481751.9998,
        "mean": 14413062347.93333,
        "median": 9710918321.639572,
        "min": 2119,
        "max": 130005966201,
        "variance_ns2": 9.441956335107525e+20,
        "iqr_ns": 9436455882.198233,
        "q1_ns": 604222847.6888503,
        "q3_ns": 10040678729.887083
      },
      "futex_op_counts": {
        "128": 120
      },
      "first_seen_ts_ns": 363430214315,
      "last_seen_ts_ns": 693440177717
    },
    {
      "tgid": 8760,
      "comm": "containerd-shim",
      "cgroup_id": 6520,
      "wait_duration_stats_ns": {
        "count": 182196.0,
        "sum": 1698403606468.998,
        "mean": 9321849.033288317,
        "median": 113453.10939552882,
        "min": 406,
        "max": 89960471621,
        "variance_ns2": 8.942044357941102e+16,
        "iqr_ns": 794512.1207028747,
        "q1_ns": 34390.52245350571,
        "q3_ns": 828902.6431563804
      },
      "futex_op_counts": {
        "128": 182196
      },
      "first_seen_ts_ns": 349051090011,
      "last_seen_ts_ns": 696883631610
    },
    {
      "tgid": 6727,
      "comm": "containerd-shim",
      "cgroup_id": 6520,
      "wait_duration_stats_ns": {
        "count": 1071.0,
        "sum": 1676325176106.0,
        "mean": 1565196242.862745,
        "median": 331836.7944388392,
        "min": 663,
        "max": 48256258441,
        "variance_ns2": 1.7842576842037834e+19,
        "iqr_ns": 117530664.24730405,
        "q1_ns": 62479.30424812037,
        "q3_ns": 117593143.55155218
      },
      "futex_op_counts": {
        "128": 1071
      },
      "first_seen_ts_ns": 360501069769,
      "last_seen_ts_ns": 695618437175
    },
    {
      "tgid": 3870,
      "comm": "node-problem-de",
      "cgroup_id": 6700,
      "wait_duration_stats_ns": {
        "count": 1440.0,
        "sum": 1644194983634.9998,
        "mean": 1141802071.9687498,
        "median": 775853952.182166,
        "min": 699,
        "max": 101378783511,
        "variance_ns2": 2.649739532459464e+19,
        "iqr_ns": 952087092.350095,
        "q1_ns": 40110409.25263375,
        "q3_ns": 992197501.6027287
      },
      "futex_op_counts": {
        "128": 1440
      },
      "first_seen_ts_ns": 360389724736,
      "last_seen_ts_ns": 696389927423
    },
    {
      "tgid": 6742,
      "comm": "containerd-shim",
      "cgroup_id": 6520,
      "wait_duration_stats_ns": {
        "count": 788.0,
        "sum": 1634036255360.001,
        "mean": 2073650070.2538085,
        "median": 3027431.486302248,
        "min": 500,
        "max": 47597238692,
        "variance_ns2": 2.4963966514601517e+19,
        "iqr_ns": 1471572991.6557758,
        "q1_ns": 180875.5741831452,
        "q3_ns": 1471753867.229959
      },
      "futex_op_counts": {
        "128": 788
      },
      "first_seen_ts_ns": 360496549005,
      "last_seen_ts_ns": 695615201825
    },
    {
      "tgid": 3987,
      "comm": "containerd-shim",
      "cgroup_id": 6520,
      "wait_duration_stats_ns": {
        "count": 542.0,
        "sum": 1630717734563.9993,
        "mean": 3008704307.3136516,
        "median": 126468094.54780187,
        "min": 3438,
        "max": 60005736578,
        "variance_ns2": 3.806939089365783e+19,
        "iqr_ns": 3735002325.3588524,
        "q1_ns": 4097598.641467042,
        "q3_ns": 3739099924.0003195
      },
      "futex_op_counts": {
        "128": 542
      },
      "first_seen_ts_ns": 360498239127,
      "last_seen_ts_ns": 695614167861
    },
    {
      "tgid": 7972,
      "comm": "main",
      "cgroup_id": 8453,
      "wait_duration_stats_ns": {
        "count": 512.0,
        "sum": 968874874733.9994,
        "mean": 1892333739.7148426,
        "median": 28284250.0440088,
        "min": 588,
        "max": 59943542283,
        "variance_ns2": 3.801686212519595e+19,
        "iqr_ns": 4737373331.208352,
        "q1_ns": 1567033.6815112815,
        "q3_ns": 4738940364.889863
      },
      "futex_op_counts": {
        "128": 512
      },
      "first_seen_ts_ns": 349007768506,
      "last_seen_ts_ns": 694012382884
    },
    {
      "tgid": 7316,
      "comm": "main",
      "cgroup_id": 8058,
      "wait_duration_stats_ns": {
        "count": 295.0,
        "sum": 929343620514.001,
        "mean": 3150317357.6745796,
        "median": 2341592867.3618407,
        "min": 13009,
        "max": 59999626457,
        "variance_ns2": 5.022706240501814e+19,
        "iqr_ns": 4998003592.665237,
        "q1_ns": 23726091.971466437,
        "q3_ns": 5021729684.6367035
      },
      "futex_op_counts": {
        "128": 295
      },
      "first_seen_ts_ns": 361194941023,
      "last_seen_ts_ns": 696199317447
    },
    {
      "tgid": 7921,
      "comm": "otelsvc",
      "cgroup_id": 8374,
      "wait_duration_stats_ns": {
        "count": 1200.0,
        "sum": 626307318667.9994,
        "mean": 521922765.55666614,
        "median": 398448130.0673734,
        "min": 7222,
        "max": 109499986425,
        "variance_ns2": 1.9547336396119794e+19,
        "iqr_ns": 472062775.32276577,
        "q1_ns": 17434341.987191036,
        "q3_ns": 489497117.3099568
      },
      "futex_op_counts": {
        "128": 1200
      },
      "first_seen_ts_ns": 349459157329,
      "last_seen_ts_ns": 696459166703
    },
    {
      "tgid": 8514,
      "comm": "gce-pd-csi-driv",
      "cgroup_id": 8927,
      "wait_duration_stats_ns": {
        "count": 592.0,
        "sum": 574204461129.0001,
        "mean": 969939968.123311,
        "median": 590195574.72464,
        "min": 179818221,
        "max": 119999941641,
        "variance_ns2": 4.811609990128878e+19,
        "iqr_ns": 7956071.791427612,
        "q1_ns": 589907495.4320183,
        "q3_ns": 597863567.2234459
      },
      "futex_op_counts": {
        "128": 592
      },
      "first_seen_ts_ns": 349657910730,
      "last_seen_ts_ns": 696457918840
    },
    {
      "tgid": 11536,
      "comm": "log-counter",
      "cgroup_id": 6700,
      "wait_duration_stats_ns": {
        "count": 791.0,
        "sum": 12680313099.0,
        "mean": 16030737.16687737,
        "median": 270954.4096366973,
        "min": 487,
        "max": 1212502961,
        "variance_ns2": 1.5188426911620378e+16,
        "iqr_ns": 1462400.918683913,
        "q1_ns": 117184.93183478541,
        "q3_ns": 1579585.8505186986
      },
      "futex_op_counts": {
        "128": 791
      },
      "first_seen_ts_ns": 642976010829,
      "last_seen_ts_ns": 644189084353
    },
    {
      "tgid": 10651,
      "comm": "kubectl",
      "cgroup_id": 6580,
      "wait_duration_stats_ns": {
        "count": 551.0,
        "sum": 12507844579.000004,
        "mean": 22700262.39382941,
        "median": 2716738.238683289,
        "min": 644,
        "max": 718535731,
        "variance_ns2": 5535803533801711.0,
        "iqr_ns": 24192967.802286472,
        "q1_ns": 289329.2449230694,
        "q3_ns": 24482297.047209542
      },
      "futex_op_counts": {
        "128": 551
      },
      "first_seen_ts_ns": 458764016738,
      "last_seen_ts_ns": 459489157830
    },
    {
      "tgid": 11515,
      "comm": "log-counter",
      "cgroup_id": 6700,
      "wait_duration_stats_ns": {
        "count": 1172.0,
        "sum": 12301422147.999996,
        "mean": 10496093.982935151,
        "median": 185906.54668514102,
        "min": 711,
        "max": 1535113645,
        "variance_ns2": 8757953630815020.0,
        "iqr_ns": 494457.14032727527,
        "q1_ns": 158042.37679954266,
        "q3_ns": 652499.517126818
      },
      "futex_op_counts": {
        "128": 1172
      },
      "first_seen_ts_ns": 641431127664,
      "last_seen_ts_ns": 642968344775
    },
    {
      "tgid": 11487,
      "comm": "log-counter",
      "cgroup_id": 6700,
      "wait_duration_stats_ns": {
        "count": 602.0,
        "sum": 9252578119.000002,
        "mean": 15369731.094684388,
        "median": 411170.7440933746,
        "min": 639,
        "max": 1245330817,
        "variance_ns2": 1.3099348759416666e+16,
        "iqr_ns": 2236579.9000165816,
        "q1_ns": 163726.67022370198,
        "q3_ns": 2400306.570240284
      },
      "futex_op_counts": {
        "128": 602
      },
      "first_seen_ts_ns": 640400013264,
      "last_seen_ts_ns": 641645492092
    },
    {
      "tgid": 11529,
      "comm": "log-counter",
      "cgroup_id": 6700,
      "wait_duration_stats_ns": {
        "count": 20.0,
        "sum": 5221569520.0,
        "mean": 261078476.0,
        "median": 64237835.2725913,
        "min": 870,
        "max": 1035062090,
        "variance_ns2": 1.9385029254822307e+17,
        "iqr_ns": 353785741.45484793,
        "q1_ns": 3472903.506423612,
        "q3_ns": 357258644.9612715
      },
      "futex_op_counts": {
        "128": 20
      },
      "first_seen_ts_ns": 641811017022,
      "last_seen_ts_ns": 642848031932
    },
    {
      "tgid": 11489,
      "comm": "log-counter",
      "cgroup_id": 6700,
      "wait_duration_stats_ns": {
        "count": 19.0,
        "sum": 5074571787.0,
        "mean": 267082725.63157892,
        "median": 73799295.46450645,
        "min": 31079,
        "max": 1017066452,
        "variance_ns2": 1.7705627934159405e+17,
        "iqr_ns": 364228144.4666454,
        "q1_ns": 2798384.0,
        "q3_ns": 367026528.4666454
      },
      "futex_op_counts": {
        "128": 19
      },
      "first_seen_ts_ns": 640399725093,
      "last_seen_ts_ns": 641425293978
    },
    {
      "tgid": 11508,
      "comm": "log-counter",
      "cgroup_id": 6700,
      "wait_duration_stats_ns": {
        "count": 20.0,
        "sum": 4087226820.0,
        "mean": 204361341.0,
        "median": 24164529.012979478,
        "min": 5685,
        "max": 1030442347,
        "variance_ns2": 1.4767182313163107e+17,
        "iqr_ns": 191506250.36590204,
        "q1_ns": 1712194.5049272482,
        "q3_ns": 193218444.87082928
      },
      "futex_op_counts": {
        "128": 20
      },
      "first_seen_ts_ns": 640643594371,
      "last_seen_ts_ns": 641674215602
    },
    {
      "tgid": 11343,
      "comm": "runc",
      "cgroup_id": 6520,
      "wait_duration_stats_ns": {
        "count": 243.0,
        "sum": 2342927121.0000005,
        "mean": 9641675.39506173,
        "median": 627463.2620349033,
        "min": 3804,
        "max": 250670122,
        "variance_ns2": 1629526973237100.8,
        "iqr_ns": 4955604.587824353,
        "q1_ns": 64795.57370530553,
        "q3_ns": 5020400.161529658
      },
      "futex_op_counts": {
        "128": 243
      },
      "first_seen_ts_ns": 584112018242,
      "last_seen_ts_ns": 584428563894
    },
    {
      "tgid": 11617,
      "comm": "runc",
      "cgroup_id": 6520,
      "wait_duration_stats_ns": {
        "count": 322.0,
        "sum": 938117765.0,
        "mean": 2913409.2080745343,
        "median": 101345.81274596255,
        "min": 680,
        "max": 110410109,
        "variance_ns2": 255025266025807.56,
        "iqr_ns": 449997.77522068226,
        "q1_ns": 23954.299756971177,
        "q3_ns": 473952.07497765345
      },
      "futex_op_counts": {
        "128": 322
      },
      "first_seen_ts_ns": 674083742353,
      "last_seen_ts_ns": 674204581996
    },
    {
      "tgid": 10619,
      "comm": "runc",
      "cgroup_id": 6520,
      "wait_duration_stats_ns": {
        "count": 356.0,
        "sum": 931358494.0,
        "mean": 2616175.54494382,
        "median": 67639.47449866327,
        "min": 612,
        "max": 129735241,
        "variance_ns2": 231632383580646.4,
        "iqr_ns": 570507.1375611317,
        "q1_ns": 17312.970887624524,
        "q3_ns": 587820.1084487563
      },
      "futex_op_counts": {
        "128": 356
      },
      "first_seen_ts_ns": 454087011709,
      "last_seen_ts_ns": 454221805677
    },
    {
      "tgid": 11356,
      "comm": "runc:[2:INIT]",
      "cgroup_id": 8848,
      "wait_duration_stats_ns": {
        "count": 27.0,
        "sum": 857663680.9999998,
        "mean": 31765321.51851851,
        "median": 2299789.584438125,
        "min": 18420,
        "max": 199758366,
        "variance_ns2": 4880883091467342.0,
        "iqr_ns": 17918400.577537872,
        "q1_ns": 215813.99762904836,
        "q3_ns": 18134214.575166922
      },
      "futex_op_counts": {
        "128": 27
      },
      "first_seen_ts_ns": 584210095957,
      "last_seen_ts_ns": 584428499202
    },
    {
      "tgid": 10708,
      "comm": "runc",
      "cgroup_id": 6520,
      "wait_duration_stats_ns": {
        "count": 252.0,
        "sum": 856670096.9999999,
        "mean": 3399484.5119047617,
        "median": 106728.42233960459,
        "min": 4225,
        "max": 121703377,
        "variance_ns2": 275407421526326.16,
        "iqr_ns": 716431.3403016025,
        "q1_ns": 17874.658508270357,
        "q3_ns": 734305.9988098729
      },
      "futex_op_counts": {
        "128": 252
      },
      "first_seen_ts_ns": 464083568742,
      "last_seen_ts_ns": 464208424441
    },
    {
      "tgid": 10572,
      "comm": "runc",
      "cgroup_id": 6520,
      "wait_duration_stats_ns": {
        "count": 324.0,
        "sum": 842827227.0000001,
        "mean": 2601318.601851852,
        "median": 122432.9537400555,
        "min": 779,
        "max": 88907596,
        "variance_ns2": 152972325453385.25,
        "iqr_ns": 741001.6476271949,
        "q1_ns": 22484.815633173734,
        "q3_ns": 763486.4632603686
      },
      "futex_op_counts": {
        "128": 324
      },
      "first_seen_ts_ns": 434087493564,
      "last_seen_ts_ns": 434198851869
    },
    {
      "tgid": 10662,
      "comm": "gke-exec-auth-p",
      "cgroup_id": 6580,
      "wait_duration_stats_ns": {
        "count": 217.0,
        "sum": 832111735.9999999,
        "mean": 3834616.294930875,
        "median": 1205422.4048784438,
        "min": 884,
        "max": 64040603,
        "variance_ns2": 135466954540455.89,
        "iqr_ns": 8706726.68129342,
        "q1_ns": 34939.62106873724,
        "q3_ns": 8741666.302362157
      },
      "futex_op_counts": {
        "128": 217
      },
      "first_seen_ts_ns": 458984011783,
      "last_seen_ts_ns": 459113055230
    },
    {
      "tgid": 11596,
      "comm": "runc",
      "cgroup_id": 6520,
      "wait_duration_stats_ns": {
        "count": 295.0,
        "sum": 828599196.0000002,
        "mean": 2808810.833898306,
        "median": 189812.07126503624,
        "min": 10774,
        "max": 116949603,
        "variance_ns2": 213208097437174.84,
        "iqr_ns": 957646.0960013114,
        "q1_ns": 41239.20409853071,
        "q3_ns": 998885.3000998421
      },
      "futex_op_counts": {
        "128": 295
      },
      "first_seen_ts_ns": 664088011703,
      "last_seen_ts_ns": 664209209501
    },
    {
      "tgid": 11141,
      "comm": "runc",
      "cgroup_id": 6520,
      "wait_duration_stats_ns": {
        "count": 371.0,
        "sum": 822574528.0,
        "mean": 2217182.016172507,
        "median": 147499.67478318795,
        "min": 7215,
        "max": 109274885,
        "variance_ns2": 153992156517881.38,
        "iqr_ns": 2291585.5036803237,
        "q1_ns": 28716.67854366071,
        "q3_ns": 2320302.1822239845
      },
      "futex_op_counts": {
        "128": 371
      },
      "first_seen_ts_ns": 574083989233,
      "last_seen_ts_ns": 574206196004
    },
    {
      "tgid": 11573,
      "comm": "runc",
      "cgroup_id": 6520,
      "wait_duration_stats_ns": {
        "count": 264.0,
        "sum": 812204773.0,
        "mean": 3076533.231060606,
        "median": 99076.61152078141,
        "min": 651,
        "max": 117537972,
        "variance_ns2": 272653278125056.53,
        "iqr_ns": 818103.6105644598,
        "q1_ns": 19489.240084189267,
        "q3_ns": 837592.850648649
      },
      "futex_op_counts": {
        "128": 264
      },
      "first_seen_ts_ns": 654086154230,
      "last_seen_ts_ns": 654206719220
    },
    {
      "tgid": 11006,
      "comm": "runc",
      "cgroup_id": 6520,
      "wait_duration_stats_ns": {
        "count": 370.0,
        "sum": 808240674.0,
        "mean": 2184434.254054054,
        "median": 68432.11673491956,
        "min": 10049,
        "max": 114433036,
        "variance_ns2": 186371517305170.84,
        "iqr_ns": 288399.3261942264,
        "q1_ns": 18269.84330663695,
        "q3_ns": 306669.16950086335
      },
      "futex_op_counts": {
        "128": 370
      },
      "first_seen_ts_ns": 514084898412,
      "last_seen_ts_ns": 514207029013
    },
    {
      "tgid": 10502,
      "comm": "runc",
      "cgroup_id": 6520,
      "wait_duration_stats_ns": {
        "count": 295.0,
        "sum": 794334951.0,
        "mean": 2692660.8508474575,
        "median": 114317.93034109313,
        "min": 2233,
        "max": 111381158,
        "variance_ns2": 212959427542649.53,
        "iqr_ns": 2642451.1791732437,
        "q1_ns": 27449.57823908326,
        "q3_ns": 2669900.757412327
      },
      "futex_op_counts": {
        "128": 295
      },
      "first_seen_ts_ns": 404083243673,
      "last_seen_ts_ns": 404206015064
    },
    {
      "tgid": 11031,
      "comm": "runc",
      "cgroup_id": 6520,
      "wait_duration_stats_ns": {
        "count": 233.0,
        "sum": 791235645.9999999,
        "mean": 3395861.141630901,
        "median": 176583.6187631641,
        "min": 2686,
        "max": 116800044,
        "variance_ns2": 294333174949696.9,
        "iqr_ns": 776399.8788306552,
        "q1_ns": 33768.01547918416,
        "q3_ns": 810167.8943098395
      },
      "futex_op_counts": {
        "128": 233
      },
      "first_seen_ts_ns": 524083909836,
      "last_seen_ts_ns": 524203558045
    },
    {
      "tgid": 11054,
      "comm": "runc",
      "cgroup_id": 6520,
      "wait_duration_stats_ns": {
        "count": 373.0,
        "sum": 789306740.9999999,
        "mean": 2116103.8632707773,
        "median": 203851.2211815027,
        "min": 716,
        "max": 131476279,
        "variance_ns2": 150663793094573.6,
        "iqr_ns": 2500668.335514034,
        "q1_ns": 31451.705234272362,
        "q3_ns": 2532120.0407483066
      },
      "futex_op_counts": {
        "128": 373
      },
      "first_seen_ts_ns": 534090400556,
      "last_seen_ts_ns": 534225611195
    },
    {
      "tgid": 11639,
      "comm": "runc",
      "cgroup_id": 6520,
      "wait_duration_stats_ns": {
        "count": 322.0,
        "sum": 771359482.0,
        "mean": 2395526.3416149067,
        "median": 87928.02733900542,
        "min": 557,
        "max": 109835576,
        "variance_ns2": 183723613545263.62,
        "iqr_ns": 331641.16024746717,
        "q1_ns": 20699.893086322536,
        "q3_ns": 352341.0533337897
      },
      "futex_op_counts": {
        "128": 322
      },
      "first_seen_ts_ns": 684088068296,
      "last_seen_ts_ns": 684203571755
    },
    {
      "tgid": 11442,
      "comm": "runc",
      "cgroup_id": 6520,
      "wait_duration_stats_ns": {
        "count": 280.0,
        "sum": 754622597.0000001,
        "mean": 2695080.703571429,
        "median": 96396.71074807865,
        "min": 8960,
        "max": 112874420,
        "variance_ns2": 234968012086092.84,
        "iqr_ns": 708226.5992230895,
        "q1_ns": 23119.172676298364,
        "q3_ns": 731345.7718993879
      },
      "futex_op_counts": {
        "128": 280
      },
      "first_seen_ts_ns": 624090689570,
      "last_seen_ts_ns": 624207012143
    },
    {
      "tgid": 10547,
      "comm": "runc",
      "cgroup_id": 6520,
      "wait_duration_stats_ns": {
        "count": 313.0,
        "sum": 719713202.0,
        "mean": 2299403.2012779554,
        "median": 77983.29097222397,
        "min": 4332,
        "max": 104883738,
        "variance_ns2": 158418006124561.53,
        "iqr_ns": 434993.0431040753,
        "q1_ns": 21273.81603461208,
        "q3_ns": 456266.8591386874
      },
      "futex_op_counts": {
        "128": 313
      },
      "first_seen_ts_ns": 424085170934,
      "last_seen_ts_ns": 424193142596
    },
    {
      "tgid": 11074,
      "comm": "runc",
      "cgroup_id": 6520,
      "wait_duration_stats_ns": {
        "count": 334.0,
        "sum": 718119172.0,
        "mean": 2150057.401197605,
        "median": 69845.81554414082,
        "min": 9529,
        "max": 95764103,
        "variance_ns2": 121673088921290.55,
        "iqr_ns": 247786.92085005395,
        "q1_ns": 23195.856575225767,
        "q3_ns": 270982.7774252797
      },
      "futex_op_counts": {
        "128": 334
      },
      "first_seen_ts_ns": 544092012953,
      "last_seen_ts_ns": 544196916506
    },
    {
      "tgid": 11463,
      "comm": "runc",
      "cgroup_id": 6520,
      "wait_duration_stats_ns": {
        "count": 353.0,
        "sum": 714538246.0000001,
        "mean": 2024187.66572238,
        "median": 77555.61407737808,
        "min": 576,
        "max": 100006417,
        "variance_ns2": 145635784165160.12,
        "iqr_ns": 438292.07150535786,
        "q1_ns": 25620.765030778275,
        "q3_ns": 463912.83653613616
      },
      "futex_op_counts": {
        "128": 353
      },
      "first_seen_ts_ns": 634090935406,
      "last_seen_ts_ns": 634195342202
    },
    {
      "tgid": 11119,
      "comm": "runc",
      "cgroup_id": 6520,
      "wait_duration_stats_ns": {
        "count": 319.0,
        "sum": 685694016.9999998,
        "mean": 2149511.0250783693,
        "median": 94728.86490367827,
        "min": 8888,
        "max": 95827515,
        "variance_ns2": 152663158627048.2,
        "iqr_ns": 390444.98688541376,
        "q1_ns": 23387.45813371099,
        "q3_ns": 413832.4450191248
      },
      "futex_op_counts": {
        "128": 319
      },
      "first_seen_ts_ns": 564087087031,
      "last_seen_ts_ns": 564189754340
    },
    {
      "tgid": 11549,
      "comm": "runc",
      "cgroup_id": 6520,
      "wait_duration_stats_ns": {
        "count": 271.0,
        "sum": 685622329.0,
        "mean": 2529971.6937269373,
        "median": 107919.62499659554,
        "min": 3796,
        "max": 93160383,
        "variance_ns2": 186657302754411.8,
        "iqr_ns": 521574.400558735,
        "q1_ns": 20390.447854777565,
        "q3_ns": 541964.8484135126
      },
      "futex_op_counts": {
        "128": 271
      },
      "first_seen_ts_ns": 644084025333,
      "last_seen_ts_ns": 644187740765
    },
    {
      "tgid": 10525,
      "comm": "runc",
      "cgroup_id": 6520,
      "wait_duration_stats_ns": {
        "count": 264.0,
        "sum": 662979360.0,
        "mean": 2511285.4545454546,
        "median": 172448.58890691042,
        "min": 2207,
        "max": 100713801,
        "variance_ns2": 141828301654292.6,
        "iqr_ns": 959732.0247995701,
        "q1_ns": 30965.707000035163,
        "q3_ns": 990697.7317996053
      },
      "futex_op_counts": {
        "128": 264
      },
      "first_seen_ts_ns": 414086454405,
      "last_seen_ts_ns": 414190013046
    },
    {
      "tgid": 10596,
      "comm": "runc",
      "cgroup_id": 6520,
      "wait_duration_stats_ns": {
        "count": 288.0,
        "sum": 635616647.0,
        "mean": 2207002.246527778,
        "median": 92954.74744545398,
        "min": 7478,
        "max": 92072606,
        "variance_ns2": 122209711105887.89,
        "iqr_ns": 580172.3754706172,
        "q1_ns": 21293.493338096407,
        "q3_ns": 601465.8688087136
      },
      "futex_op_counts": {
        "128": 288
      },
      "first_seen_ts_ns": 444089012469,
      "last_seen_ts_ns": 444186028379
    },
    {
      "tgid": 11097,
      "comm": "runc",
      "cgroup_id": 6520,
      "wait_duration_stats_ns": {
        "count": 337.0,
        "sum": 616369093.0000001,
        "mean": 1828988.4065281902,
        "median": 77228.40633685737,
        "min": 7756,
        "max": 86071810,
        "variance_ns2": 112366126391021.31,
        "iqr_ns": 433377.40357207484,
        "q1_ns": 21734.68816398782,
        "q3_ns": 455112.09173606266
      },
      "futex_op_counts": {
        "128": 337
      },
      "first_seen_ts_ns": 554085165294,
      "last_seen_ts_ns": 554181662179
    },
    {
      "tgid": 11064,
      "comm": "runc:[2:INIT]",
      "cgroup_id": 8848,
      "wait_duration_stats_ns": {
        "count": 32.0,
        "sum": 497569091.0000001,
        "mean": 15549034.093750004,
        "median": 1518286.9643778934,
        "min": 756,
        "max": 81904339,
        "variance_ns2": 785367763798302.2,
        "iqr_ns": 21517120.791636843,
        "q1_ns": 59728.96657950057,
        "q3_ns": 21576849.758216344
      },
      "futex_op_counts": {
        "128": 32
      },
      "first_seen_ts_ns": 534123209989,
      "last_seen_ts_ns": 534224702340
    },
    {
      "tgid": 10631,
      "comm": "runc:[2:INIT]",
      "cgroup_id": 8848,
      "wait_duration_stats_ns": {
        "count": 27.0,
        "sum": 496906644.00000006,
        "mean": 18403949.77777778,
        "median": 3807805.6852777777,
        "min": 3856,
        "max": 85080102,
        "variance_ns2": 966737915705446.5,
        "iqr_ns": 21463583.884739194,
        "q1_ns": 943453.8082590008,
        "q3_ns": 22407037.692998193
      },
      "futex_op_counts": {
        "128": 27
      },
      "first_seen_ts_ns": 454118204273,
      "last_seen_ts_ns": 454220860703
    },
    {
      "tgid": 11629,
      "comm": "runc:[2:INIT]",
      "cgroup_id": 8848,
      "wait_duration_stats_ns": {
        "count": 28.0,
        "sum": 476397937.00000006,
        "mean": 17014212.035714287,
        "median": 2046522.7601857665,
        "min": 5780,
        "max": 83280370,
        "variance_ns2": 956944572910401.5,
        "iqr_ns": 23398914.915132936,
        "q1_ns": 47435.55185185186,
        "q3_ns": 23446350.466984786
      },
      "futex_op_counts": {
        "128": 28
      },
      "first_seen_ts_ns": 674104877125,
      "last_seen_ts_ns": 674204501440
    },
    {
      "tgid": 11607,
      "comm": "runc:[2:INIT]",
      "cgroup_id": 8848,
      "wait_duration_stats_ns": {
        "count": 33.0,
        "sum": 460959385.0,
        "mean": 13968466.212121213,
        "median": 2964930.969929284,
        "min": 3803,
        "max": 79581863,
        "variance_ns2": 726023535266626.4,
        "iqr_ns": 16801365.419056904,
        "q1_ns": 117029.90531100353,
        "q3_ns": 16918395.324367907
      },
      "futex_op_counts": {
        "128": 33
      },
      "first_seen_ts_ns": 664112135991,
      "last_seen_ts_ns": 664207846009
    },
    {
      "tgid": 10719,
      "comm": "runc:[2:INIT]",
      "cgroup_id": 8848,
      "wait_duration_stats_ns": {
        "count": 34.0,
        "sum": 457783851.0000002,
        "mean": 13464230.911764711,
        "median": 1015016.2679568899,
        "min": 15397,
        "max": 80099950,
        "variance_ns2": 734570273379469.0,
        "iqr_ns": 9150995.799214737,
        "q1_ns": 46410.11104409174,
        "q3_ns": 9197405.91025883
      },
      "futex_op_counts": {
        "128": 34
      },
      "first_seen_ts_ns": 464112250484,
      "last_seen_ts_ns": 464208460754
    },
    {
      "tgid": 11042,
      "comm": "runc:[2:INIT]",
      "cgroup_id": 8848,
      "wait_duration_stats_ns": {
        "count": 35.0,
        "sum": 444866848.00000006,
        "mean": 12710481.371428574,
        "median": 1907923.5525523764,
        "min": 947,
        "max": 76591468,
        "variance_ns2": 617980638711807.4,
        "iqr_ns": 12419192.740259688,
        "q1_ns": 47730.64523711518,
        "q3_ns": 12466923.385496803
      },
      "futex_op_counts": {
        "128": 35
      },
      "first_seen_ts_ns": 524110138757,
      "last_seen_ts_ns": 524203529815
    },
    {
      "tgid": 11453,
      "comm": "runc:[2:INIT]",
      "cgroup_id": 8848,
      "wait_duration_stats_ns": {
        "count": 30.0,
        "sum": 434856400.0,
        "mean": 14495213.333333334,
        "median": 2956439.5679224334,
        "min": 14594,
        "max": 71192008,
        "variance_ns2": 624464236736065.1,
        "iqr_ns": 20569779.86798842,
        "q1_ns": 809687.2300896526,
        "q3_ns": 21379467.098078072
      },
      "futex_op_counts": {
        "128": 30
      },
      "first_seen_ts_ns": 624113301586,
      "last_seen_ts_ns": 624203770032
    },
    {
      "tgid": 11584,
      "comm": "runc:[2:INIT]",
      "cgroup_id": 8848,
      "wait_duration_stats_ns": {
        "count": 27.0,
        "sum": 434669013.0,
        "mean": 16098852.333333334,
        "median": 2652805.6471127765,
        "min": 10849,
        "max": 78266556,
        "variance_ns2": 663650747883150.5,
        "iqr_ns": 18474569.442876566,
        "q1_ns": 356942.46293294796,
        "q3_ns": 18831511.905809514
      },
      "futex_op_counts": {
        "128": 27
      },
      "first_seen_ts_ns": 654119013261,
      "last_seen_ts_ns": 654205984608
    },
    {
      "tgid": 11152,
      "comm": "runc:[2:INIT]",
      "cgroup_id": 8848,
      "wait_duration_stats_ns": {
        "count": 34.0,
        "sum": 420106730.99999994,
        "mean": 12356080.32352941,
        "median": 1068474.8107342501,
        "min": 14283,
        "max": 73100922,
        "variance_ns2": 587409979094183.2,
        "iqr_ns": 10651903.882858591,
        "q1_ns": 95856.68566468255,
        "q3_ns": 10747760.568523273
      },
      "futex_op_counts": {
        "128": 34
      },
      "first_seen_ts_ns": 574116163305,
      "last_seen_ts_ns": 574205377418
    },
    {
      "tgid": 11130,
      "comm": "runc:[2:INIT]",
      "cgroup_id": 8848,
      "wait_duration_stats_ns": {
        "count": 32.0,
        "sum": 395032857.0000001,
        "mean": 12344776.781250004,
        "median": 1548818.3107904508,
        "min": 523,
        "max": 66536301,
        "variance_ns2": 517596620096525.25,
        "iqr_ns": 20408958.09913428,
        "q1_ns": 37987.842142949004,
        "q3_ns": 20446945.941277232
      },
      "futex_op_counts": {
        "128": 32
      },
      "first_seen_ts_ns": 564107596421,
      "last_seen_ts_ns": 564190133699
    },
    {
      "tgid": 10558,
      "comm": "runc:[2:INIT]",
      "cgroup_id": 8848,
      "wait_duration_stats_ns": {
        "count": 35.0,
        "sum": 384578167.0,
        "mean": 10987947.628571428,
        "median": 1519991.8677926369,
        "min": 19669,
        "max": 64873924,
        "variance_ns2": 388245080748832.0,
        "iqr_ns": 7146000.460149492,
        "q1_ns": 861101.5054000076,
        "q3_ns": 8007101.9655495
      },
      "futex_op_counts": {
        "128": 35
      },
      "first_seen_ts_ns": 424116139345,
      "last_seen_ts_ns": 424193241066
    },
    {
      "tgid": 11560,
      "comm": "runc:[2:INIT]",
      "cgroup_id": 8848,
      "wait_duration_stats_ns": {
        "count": 27.0,
        "sum": 380964276.0000001,
        "mean": 14109788.000000004,
        "median": 4509808.500458553,
        "min": 462,
        "max": 64033897,
        "variance_ns2": 370995048933042.56,
        "iqr_ns": 16851936.95605303,
        "q1_ns": 1453792.9728141548,
        "q3_ns": 18305729.928867184
      },
      "futex_op_counts": {
        "128": 27
      },
      "first_seen_ts_ns": 644113014561,
      "last_seen_ts_ns": 644187746868
    },
    {
      "tgid": 11650,
      "comm": "runc:[2:INIT]",
      "cgroup_id": 8848,
      "wait_duration_stats_ns": {
        "count": 26.0,
        "sum": 334477993.00000006,
        "mean": 12864538.192307694,
        "median": 531015.9202206023,
        "min": 570,
        "max": 71815481,
        "variance_ns2": 635502982535868.9,
        "iqr_ns": 7750487.965078233,
        "q1_ns": 100792.47870074614,
        "q3_ns": 7851280.443778979
      },
      "futex_op_counts": {
        "128": 26
      },
      "first_seen_ts_ns": 684115103792,
      "last_seen_ts_ns": 684202896847
    },
    {
      "tgid": 10585,
      "comm": "runc:[2:INIT]",
      "cgroup_id": 8848,
      "wait_duration_stats_ns": {
        "count": 29.0,
        "sum": 332134989.0,
        "mean": 11452930.655172413,
        "median": 4451518.0606589895,
        "min": 15317,
        "max": 51701104,
        "variance_ns2": 299334388003229.1,
        "iqr_ns": 16753655.608084328,
        "q1_ns": 302216.9403296717,
        "q3_ns": 17055872.548414
      },
      "futex_op_counts": {
        "128": 29
      },
      "first_seen_ts_ns": 434128017087,
      "last_seen_ts_ns": 434197701570
    },
    {
      "tgid": 11018,
      "comm": "runc:[2:INIT]",
      "cgroup_id": 8848,
      "wait_duration_stats_ns": {
        "count": 30.0,
        "sum": 331125941.0,
        "mean": 11037531.366666667,
        "median": 2617119.834184231,
        "min": 16725,
        "max": 64022565,
        "variance_ns2": 387927431990173.9,
        "iqr_ns": 8847203.917965472,
        "q1_ns": 363270.25688845513,
        "q3_ns": 9210474.174853927
      },
      "futex_op_counts": {
        "128": 30
      },
      "first_seen_ts_ns": 514118012488,
      "last_seen_ts_ns": 514203556768
    },
    {
      "tgid": 11474,
      "comm": "runc:[2:INIT]",
      "cgroup_id": 8848,
      "wait_duration_stats_ns": {
        "count": 27.0,
        "sum": 322605915.00000006,
        "mean": 11948367.222222224,
        "median": 4130758.608467832,
        "min": 785,
        "max": 57108350,
        "variance_ns2": 283560931717041.44,
        "iqr_ns": 15955388.37974313,
        "q1_ns": 290949.9458764351,
        "q3_ns": 16246338.325619565
      },
      "futex_op_counts": {
        "128": 27
      },
      "first_seen_ts_ns": 634129017658,
      "last_seen_ts_ns": 634195167683
    },
    {
      "tgid": 10513,
      "comm": "runc:[2:INIT]",
      "cgroup_id": 8848,
      "wait_duration_stats_ns": {
        "count": 24.0,
        "sum": 316266947.0,
        "mean": 13177789.458333332,
        "median": 2259427.525877235,
        "min": 22188,
        "max": 60410476,
        "variance_ns2": 423137843622436.44,
        "iqr_ns": 15479988.660726555,
        "q1_ns": 656561.5499472215,
        "q3_ns": 16136550.210673776
      },
      "futex_op_counts": {
        "128": 24
      },
      "first_seen_ts_ns": 404123094925,
      "last_seen_ts_ns": 404206073383
    },
    {
      "tgid": 11086,
      "comm": "runc:[2:INIT]",
      "cgroup_id": 8848,
      "wait_duration_stats_ns": {
        "count": 30.0,
        "sum": 311321969.99999994,
        "mean": 10377398.999999998,
        "median": 1524040.8707888054,
        "min": 18902,
        "max": 50897850,
        "variance_ns2": 304797190351498.6,
        "iqr_ns": 18405782.45307838,
        "q1_ns": 57758.0021368728,
        "q3_ns": 18463540.455215253
      },
      "futex_op_counts": {
        "128": 30
      },
      "first_seen_ts_ns": 544129184883,
      "last_seen_ts_ns": 544196026509
    },
    {
      "tgid": 10536,
      "comm": "runc:[2:INIT]",
      "cgroup_id": 8848,
      "wait_duration_stats_ns": {
        "count": 30.0,
        "sum": 294913268.0,
        "mean": 9830442.266666668,
        "median": 1565885.9330938356,
        "min": 834,
        "max": 50389218,
        "variance_ns2": 267801090392622.78,
        "iqr_ns": 13449864.265944261,
        "q1_ns": 158458.65655897924,
        "q3_ns": 13608322.92250324
      },
      "futex_op_counts": {
        "128": 30
      },
      "first_seen_ts_ns": 414121168776,
      "last_seen_ts_ns": 414187393687
    },
    {
      "tgid": 11108,
      "comm": "runc:[2:INIT]",
      "cgroup_id": 8848,
      "wait_duration_stats_ns": {
        "count": 27.0,
        "sum": 257340210.99999994,
        "mean": 9531118.925925924,
        "median": 2387060.207044728,
        "min": 426,
        "max": 51795078,
        "variance_ns2": 277180999748368.06,
        "iqr_ns": 7409633.074029891,
        "q1_ns": 31520.671334509087,
        "q3_ns": 7441153.7453644
      },
      "futex_op_counts": {
        "128": 27
      },
      "first_seen_ts_ns": 554114116125,
      "last_seen_ts_ns": 554181725057
    },
    {
      "tgid": 10608,
      "comm": "runc:[2:INIT]",
      "cgroup_id": 8848,
      "wait_duration_stats_ns": {
        "count": 29.0,
        "sum": 251760997.00000003,
        "mean": 8681413.689655174,
        "median": 2236413.291621516,
        "min": 1142,
        "max": 37928358,
        "variance_ns2": 161307625638047.2,
        "iqr_ns": 13550372.304020958,
        "q1_ns": 194364.42391911137,
        "q3_ns": 13744736.72794007
      },
      "futex_op_counts": {
        "128": 29
      },
      "first_seen_ts_ns": 444130207271,
      "last_seen_ts_ns": 444184176909
    },
    {
      "tgid": 10454,
      "comm": "runc",
      "cgroup_id": 6520,
      "wait_duration_stats_ns": {
        "count": 389.0,
        "sum": 238576221.99999997,
        "mean": 613306.4832904884,
        "median": 29266.35342403513,
        "min": 7292,
        "max": 35241960,
        "variance_ns2": 17330218248005.652,
        "iqr_ns": 120189.29600375835,
        "q1_ns": 14081.540392851724,
        "q3_ns": 134270.83639661007
      },
      "futex_op_counts": {
        "128": 389
      },
      "first_seen_ts_ns": 384082376258,
      "last_seen_ts_ns": 384120612794
    },
    {
      "tgid": 10908,
      "comm": "runc",
      "cgroup_id": 6520,
      "wait_duration_stats_ns": {
        "count": 389.0,
        "sum": 227632097.00000003,
        "mean": 585172.4858611826,
        "median": 26663.5472915641,
        "min": 785,
        "max": 33718936,
        "variance_ns2": 15838783695082.95,
        "iqr_ns": 108736.32157282297,
        "q1_ns": 13801.54738474674,
        "q3_ns": 122537.8689575697
      },
      "futex_op_counts": {
        "128": 389
      },
      "first_seen_ts_ns": 474082955558,
      "last_seen_ts_ns": 474119636002
    },
    {
      "tgid": 10938,
      "comm": "runc",
      "cgroup_id": 6520,
      "wait_duration_stats_ns": {
        "count": 371.0,
        "sum": 225009548.00000003,
        "mean": 606494.7385444745,
        "median": 39028.80789809882,
        "min": 1412,
        "max": 33492495,
        "variance_ns2": 15623951448459.125,
        "iqr_ns": 125592.0524242074,
        "q1_ns": 18171.969536587643,
        "q3_ns": 143764.02196079504
      },
      "futex_op_counts": {
        "128": 371
      },
      "first_seen_ts_ns": 484082294532,
      "last_seen_ts_ns": 484118709007
    },
    {
      "tgid": 10983,
      "comm": "runc",
      "cgroup_id": 6520,
      "wait_duration_stats_ns": {
        "count": 352.0,
        "sum": 222424024.99999997,
        "mean": 631886.4346590908,
        "median": 36754.84550362307,
        "min": 614,
        "max": 33251081,
        "variance_ns2": 16214541562325.076,
        "iqr_ns": 130829.54909778456,
        "q1_ns": 17557.173889085305,
        "q3_ns": 148386.72298686986
      },
      "futex_op_counts": {
        "128": 352
      },
      "first_seen_ts_ns": 504082659395,
      "last_seen_ts_ns": 504118775112
    },
    {
      "tgid": 11368,
      "comm": "runc",
      "cgroup_id": 6520,
      "wait_duration_stats_ns": {
        "count": 367.0,
        "sum": 217440354.00000003,
        "mean": 592480.5286103543,
        "median": 34649.43848272252,
        "min": 682,
        "max": 37422071,
        "variance_ns2": 16922552361371.445,
        "iqr_ns": 101353.65680818651,
        "q1_ns": 18700.59845193605,
        "q3_ns": 120054.25526012256
      },
      "futex_op_counts": {
        "128": 367
      },
      "first_seen_ts_ns": 594082678499,
      "last_seen_ts_ns": 594123186353
    },
    {
      "tgid": 11388,
      "comm": "runc",
      "cgroup_id": 6520,
      "wait_duration_stats_ns": {
        "count": 361.0,
        "sum": 205859979.0,
        "mean": 570249.2493074792,
        "median": 35302.31695691529,
        "min": 634,
        "max": 30588555,
        "variance_ns2": 13367808680948.055,
        "iqr_ns": 131057.80116803374,
        "q1_ns": 19176.583672603305,
        "q3_ns": 150234.38484063704
      },
      "futex_op_counts": {
        "128": 361
      },
      "first_seen_ts_ns": 604083168184,
      "last_seen_ts_ns": 604116677173
    },
    {
      "tgid": 11660,
      "comm": "runc",
      "cgroup_id": 6520,
      "wait_duration_stats_ns": {
        "count": 397.0,
        "sum": 202937613.0,
        "mean": 511177.86649874056,
        "median": 26567.937859993297,
        "min": 7667,
        "max": 35168123,
        "variance_ns2": 14072631882140.55,
        "iqr_ns": 111527.36958468446,
        "q1_ns": 13074.356353923371,
        "q3_ns": 124601.72593860784
      },
      "futex_op_counts": {
        "128": 397
      },
      "first_seen_ts_ns": 694082234266,
      "last_seen_ts_ns": 694120350367
    },
    {
      "tgid": 11410,
      "comm": "runc",
      "cgroup_id": 6520,
      "wait_duration_stats_ns": {
        "count": 358.0,
        "sum": 200195528.0,
        "mean": 559205.3854748603,
        "median": 30253.761850267718,
        "min": 675,
        "max": 34812850,
        "variance_ns2": 15029894847344.553,
        "iqr_ns": 79900.58961550794,
        "q1_ns": 14587.872120645095,
        "q3_ns": 94488.46173615304
      },
      "futex_op_counts": {
        "128": 358
      },
      "first_seen_ts_ns": 614082850719,
      "last_seen_ts_ns": 614120641355
    },
    {
      "tgid": 10433,
      "comm": "runc",
      "cgroup_id": 6520,
      "wait_duration_stats_ns": {
        "count": 354.0,
        "sum": 198385403.00000003,
        "mean": 560410.7429378532,
        "median": 34154.22102247652,
        "min": 8388,
        "max": 34291843,
        "variance_ns2": 14026950425580.215,
        "iqr_ns": 98382.00941490143,
        "q1_ns": 21009.236024324582,
        "q3_ns": 119391.24543922601
      },
      "futex_op_counts": {
        "128": 354
      },
      "first_seen_ts_ns": 374082861695,
      "last_seen_ts_ns": 374120013315
    },
    {
      "tgid": 10380,
      "comm": "runc",
      "cgroup_id": 6520,
      "wait_duration_stats_ns": {
        "count": 372.0,
        "sum": 197309699.00000003,
        "mean": 530402.4166666667,
        "median": 27988.33091257985,
        "min": 7279,
        "max": 34267434,
        "variance_ns2": 13932679868393.871,
        "iqr_ns": 99839.12264001358,
        "q1_ns": 15380.656711511358,
        "q3_ns": 115219.77935152494
      },
      "futex_op_counts": {
        "128": 372
      },
      "first_seen_ts_ns": 364083439996,
      "last_seen_ts_ns": 364120650858
    },
    {
      "tgid": 10962,
      "comm": "runc",
      "cgroup_id": 6520,
      "wait_duration_stats_ns": {
        "count": 381.0,
        "sum": 179977034.0,
        "mean": 472380.6666666667,
        "median": 28407.301036818048,
        "min": 7383,
        "max": 31486847,
        "variance_ns2": 11384319731388.402,
        "iqr_ns": 109039.08823146968,
        "q1_ns": 14842.696703076681,
        "q3_ns": 123881.78493454636
      },
      "futex_op_counts": {
        "128": 381
      },
      "first_seen_ts_ns": 494083450788,
      "last_seen_ts_ns": 494117742993
    },
    {
      "tgid": 10477,
      "comm": "runc",
      "cgroup_id": 6520,
      "wait_duration_stats_ns": {
        "count": 377.0,
        "sum": 175410764.00000003,
        "mean": 465280.54111405846,
        "median": 30800.238794834586,
        "min": 7992,
        "max": 30490482,
        "variance_ns2": 10434510864244.244,
        "iqr_ns": 86528.0726140785,
        "q1_ns": 18824.56739126768,
        "q3_ns": 105352.64000534618
      },
      "futex_op_counts": {
        "128": 377
      },
      "first_seen_ts_ns": 394083130648,
      "last_seen_ts_ns": 394116568243
    },
    {
      "tgid": 11378,
      "comm": "runc:[2:INIT]",
      "cgroup_id": 8848,
      "wait_duration_stats_ns": {
        "count": 29.0,
        "sum": 140327108.99999997,
        "mean": 4838865.827586206,
        "median": 1178159.1354625928,
        "min": 14082,
        "max": 16004809,
        "variance_ns2": 45096157461556.87,
        "iqr_ns": 9660173.214024669,
        "q1_ns": 93647.41160868156,
        "q3_ns": 9753820.62563335
      },
      "futex_op_counts": {
        "128": 29
      },
      "first_seen_ts_ns": 594091275280,
      "last_seen_ts_ns": 594123217603
    },
    {
      "tgid": 10466,
      "comm": "runc:[2:INIT]",
      "cgroup_id": 8848,
      "wait_duration_stats_ns": {
        "count": 27.0,
        "sum": 132742902.0,
        "mean": 4916403.777777778,
        "median": 1310655.0141638927,
        "min": 639,
        "max": 15491344,
        "variance_ns2": 42148265025636.734,
        "iqr_ns": 7862859.431629091,
        "q1_ns": 46992.000718400945,
        "q3_ns": 7909851.432347491
      },
      "futex_op_counts": {
        "128": 27
      },
      "first_seen_ts_ns": 384090290842,
      "last_seen_ts_ns": 384120605688
    },
    {
      "tgid": 11670,
      "comm": "runc:[2:INIT]",
      "cgroup_id": 8848,
      "wait_duration_stats_ns": {
        "count": 28.0,
        "sum": 132122576.00000001,
        "mean": 4718663.428571429,
        "median": 790996.2695764068,
        "min": 811,
        "max": 17247451,
        "variance_ns2": 41325490080779.37,
        "iqr_ns": 7822164.749686648,
        "q1_ns": 60890.102194787374,
        "q3_ns": 7883054.851881435
      },
      "futex_op_counts": {
        "128": 28
      },
      "first_seen_ts_ns": 694089874165,
      "last_seen_ts_ns": 694120376106
    },
    {
      "tgid": 11420,
      "comm": "runc:[2:INIT]",
      "cgroup_id": 8848,
      "wait_duration_stats_ns": {
        "count": 29.0,
        "sum": 130563740.0,
        "mean": 4502197.931034483,
        "median": 734675.2729215656,
        "min": 13173,
        "max": 15563557,
        "variance_ns2": 39796157743021.79,
        "iqr_ns": 8187540.861558982,
        "q1_ns": 74738.04196020543,
        "q3_ns": 8262278.903519188
      },
      "futex_op_counts": {
        "128": 29
      },
      "first_seen_ts_ns": 614090791423,
      "last_seen_ts_ns": 614120645571
    },
    {
      "tgid": 10390,
      "comm": "runc:[2:INIT]",
      "cgroup_id": 8848,
      "wait_duration_stats_ns": {
        "count": 28.0,
        "sum": 127664817.00000003,
        "mean": 4559457.750000001,
        "median": 387253.87511100713,
        "min": 575,
        "max": 15481745,
        "variance_ns2": 38938856314566.8,
        "iqr_ns": 6255732.121381417,
        "q1_ns": 40522.77777777778,
        "q3_ns": 6296254.899159195
      },
      "futex_op_counts": {
        "128": 28
      },
      "first_seen_ts_ns": 364091376708,
      "last_seen_ts_ns": 364120661543
    },
    {
      "tgid": 10919,
      "comm": "runc:[2:INIT]",
      "cgroup_id": 8848,
      "wait_duration_stats_ns": {
        "count": 28.0,
        "sum": 126654971.99999997,
        "mean": 4523391.857142856,
        "median": 656408.9064743083,
        "min": 504,
        "max": 15549896,
        "variance_ns2": 37700808400756.56,
        "iqr_ns": 8096820.80763564,
        "q1_ns": 55738.211318076996,
        "q3_ns": 8152559.018953716
      },
      "futex_op_counts": {
        "128": 28
      },
      "first_seen_ts_ns": 474090538088,
      "last_seen_ts_ns": 474119604565
    },
    {
      "tgid": 10443,
      "comm": "runc:[2:INIT]",
      "cgroup_id": 8848,
      "wait_duration_stats_ns": {
        "count": 26.0,
        "sum": 121897213.0,
        "mean": 4688354.346153846,
        "median": 881124.86992144,
        "min": 29349,
        "max": 15605037,
        "variance_ns2": 36044871097942.15,
        "iqr_ns": 6542469.4918118445,
        "q1_ns": 71911.27654320988,
        "q3_ns": 6614380.768355055
      },
      "futex_op_counts": {
        "128": 26
      },
      "first_seen_ts_ns": 374091785644,
      "last_seen_ts_ns": 374119951090
    },
    {
      "tgid": 10950,
      "comm": "runc:[2:INIT]",
      "cgroup_id": 8848,
      "wait_duration_stats_ns": {
        "count": 32.0,
        "sum": 120866290.99999999,
        "mean": 3777071.5937499995,
        "median": 421922.00699471525,
        "min": 527,
        "max": 15604653,
        "variance_ns2": 32730842448234.184,
        "iqr_ns": 6356757.776807189,
        "q1_ns": 46913.33125000002,
        "q3_ns": 6403671.108057189
      },
      "futex_op_counts": {
        "128": 32
      },
      "first_seen_ts_ns": 484090752351,
      "last_seen_ts_ns": 484118721982
    },
    {
      "tgid": 10995,
      "comm": "runc:[2:INIT]",
      "cgroup_id": 8848,
      "wait_duration_stats_ns": {
        "count": 29.0,
        "sum": 120631630.99999999,
        "mean": 4159711.413793103,
        "median": 785678.2641002401,
        "min": 724,
        "max": 15527307,
        "variance_ns2": 33814798833111.832,
        "iqr_ns": 6836629.486188387,
        "q1_ns": 69613.72335791102,
        "q3_ns": 6906243.209546298
      },
      "futex_op_counts": {
        "128": 29
      },
      "first_seen_ts_ns": 504090827191,
      "last_seen_ts_ns": 504118693519
    },
    {
      "tgid": 10972,
      "comm": "runc:[2:INIT]",
      "cgroup_id": 8848,
      "wait_duration_stats_ns": {
        "count": 28.0,
        "sum": 114853789.99999999,
        "mean": 4101921.071428571,
        "median": 458373.09488660406,
        "min": 740,
        "max": 15558159,
        "variance_ns2": 32652684436603.4,
        "iqr_ns": 7078814.9107562825,
        "q1_ns": 54831.19341563786,
        "q3_ns": 7133646.104171921
      },
      "futex_op_counts": {
        "128": 28
      },
      "first_seen_ts_ns": 494091013426,
      "last_seen_ts_ns": 494117742893
    },
    {
      "tgid": 10488,
      "comm": "runc:[2:INIT]",
      "cgroup_id": 8848,
      "wait_duration_stats_ns": {
        "count": 29.0,
        "sum": 107155028.0,
        "mean": 3695000.9655172415,
        "median": 711401.2069644445,
        "min": 13932,
        "max": 15501204,
        "variance_ns2": 29274541374679.395,
        "iqr_ns": 6152961.832211517,
        "q1_ns": 92953.45352254764,
        "q3_ns": 6245915.285734065
      },
      "futex_op_counts": {
        "128": 29
      },
      "first_seen_ts_ns": 394091370140,
      "last_seen_ts_ns": 394116523448
    },
    {
      "tgid": 11399,
      "comm": "runc:[2:INIT]",
      "cgroup_id": 8848,
      "wait_duration_stats_ns": {
        "count": 26.0,
        "sum": 106377024.00000003,
        "mean": 4091424.000000001,
        "median": 578377.909911673,
        "min": 19951,
        "max": 15610668,
        "variance_ns2": 31115247810148.316,
        "iqr_ns": 5794582.8873811,
        "q1_ns": 80729.21141732394,
        "q3_ns": 5875312.098798424
      },
      "futex_op_counts": {
        "128": 26
      },
      "first_seen_ts_ns": 604091691901,
      "last_seen_ts_ns": 604116748102
    },
    {
      "tgid": 11431,
      "comm": "gce_workload_ce",
      "cgroup_id": 9724,
      "wait_duration_stats_ns": {
        "count": 331.0,
        "sum": 62663916.99999997,
        "mean": 189316.96978851955,
        "median": 28861.49744152855,
        "min": 546,
        "max": 11387852,
        "variance_ns2": 820714855537.1384,
        "iqr_ns": 96640.84583671755,
        "q1_ns": 13209.847569916821,
        "q3_ns": 109850.69340663437
      },
      "futex_op_counts": {
        "128": 331
      },
      "first_seen_ts_ns": 614967589678,
      "last_seen_ts_ns": 614979142634
    },
    {
      "tgid": 10136,
      "comm": "runc",
      "cgroup_id": 6520,
      "wait_duration_stats_ns": {
        "count": 30.0,
        "sum": 22067443.999999996,
        "mean": 735581.4666666666,
        "median": 377435.46009396424,
        "min": 14858,
        "max": 5458747,
        "variance_ns2": 1532673153962.9473,
        "iqr_ns": 1011091.6858244243,
        "q1_ns": 113119.56197258765,
        "q3_ns": 1124211.2477970119
      },
      "futex_op_counts": {
        "128": 30
      },
      "first_seen_ts_ns": 350181441784,
      "last_seen_ts_ns": 350187033951
    },
    {
      "tgid": 9885,
      "comm": "flux-broker-10",
      "cgroup_id": 9645,
      "wait_duration_stats_ns": {
        "count": 459.0,
        "sum": 20004901.00000001,
        "mean": 43583.662309368214,
        "median": 4510.678663551519,
        "min": 388,
        "max": 3863885,
        "variance_ns2": 117709667310.818,
        "iqr_ns": 5914.328087419491,
        "q1_ns": 640.1597062965287,
        "q3_ns": 6554.487793716019
      },
      "futex_op_counts": {
        "128": 459
      },
      "first_seen_ts_ns": 360330714828,
      "last_seen_ts_ns": 696878839961
    },
    {
      "tgid": 10585,
      "comm": "csi-node-driver",
      "cgroup_id": 8848,
      "wait_duration_stats_ns": {
        "count": 14.0,
        "sum": 19888904.0,
        "mean": 1420636.0,
        "median": 806112.7020576134,
        "min": 25071,
        "max": 5767541,
        "variance_ns2": 3570850154495.846,
        "iqr_ns": 1362645.625,
        "q1_ns": 38532.375,
        "q3_ns": 1401178.0
      },
      "futex_op_counts": {
        "128": 14
      },
      "first_seen_ts_ns": 434205011595,
      "last_seen_ts_ns": 434208099367
    },
    {
      "tgid": 10142,
      "comm": "runc",
      "cgroup_id": 6520,
      "wait_duration_stats_ns": {
        "count": 25.0,
        "sum": 18276722.000000004,
        "mean": 731068.8800000001,
        "median": 191607.4683579867,
        "min": 16548,
        "max": 4664053,
        "variance_ns2": 1425259047995.2766,
        "iqr_ns": 743616.8578667783,
        "q1_ns": 81560.3433706093,
        "q3_ns": 825177.2012373876
      },
      "futex_op_counts": {
        "128": 25
      },
      "first_seen_ts_ns": 350254629694,
      "last_seen_ts_ns": 350259430814
    },
    {
      "tgid": 11474,
      "comm": "csi-node-driver",
      "cgroup_id": 8848,
      "wait_duration_stats_ns": {
        "count": 18.0,
        "sum": 15980385.999999998,
        "mean": 887799.2222222221,
        "median": 344940.1770408164,
        "min": 26007,
        "max": 3598135,
        "variance_ns2": 943410758065.83,
        "iqr_ns": 1077248.1967915187,
        "q1_ns": 64227.6127025463,
        "q3_ns": 1141475.8094940651
      },
      "futex_op_counts": {
        "128": 18
      },
      "first_seen_ts_ns": 634197537198,
      "last_seen_ts_ns": 634202446084
    },
    {
      "tgid": 11453,
      "comm": "csi-node-driver",
      "cgroup_id": 8848,
      "wait_duration_stats_ns": {
        "count": 14.0,
        "sum": 12340150.0,
        "mean": 881439.2857142857,
        "median": 263743.8351851852,
        "min": 18794,
        "max": 3813982,
        "variance_ns2": 1850494213873.758,
        "iqr_ns": 878378.9959623015,
        "q1_ns": 56756.84444444445,
        "q3_ns": 935135.8404067459
      },
      "futex_op_counts": {
        "128": 14
      },
      "first_seen_ts_ns": 624211483906,
      "last_seen_ts_ns": 624215301258
    },
    {
      "tgid": 11018,
      "comm": "csi-node-driver",
      "cgroup_id": 8848,
      "wait_duration_stats_ns": {
        "count": 14.0,
        "sum": 11731355.0,
        "mean": 837953.9285714286,
        "median": 246560.1074074074,
        "min": 24438,
        "max": 3634629,
        "variance_ns2": 1655778495307.7634,
        "iqr_ns": 1338025.1159687927,
        "q1_ns": 62577.681947873796,
        "q3_ns": 1400602.7979166666
      },
      "futex_op_counts": {
        "128": 14
      },
      "first_seen_ts_ns": 514211654476,
      "last_seen_ts_ns": 514215291129
    },
    {
      "tgid": 11356,
      "comm": "csi-node-driver",
      "cgroup_id": 8848,
      "wait_duration_stats_ns": {
        "count": 21.0,
        "sum": 11570670.0,
        "mean": 550984.2857142857,
        "median": 221819.1548622414,
        "min": 15618,
        "max": 1819832,
        "variance_ns2": 442398629772.5143,
        "iqr_ns": 984418.976746972,
        "q1_ns": 60512.0274822146,
        "q3_ns": 1044931.0042291866
      },
      "futex_op_counts": {
        "128": 21
      },
      "first_seen_ts_ns": 584430687005,
      "last_seen_ts_ns": 584434206206
    },
    {
      "tgid": 11130,
      "comm": "csi-node-driver",
      "cgroup_id": 8848,
      "wait_duration_stats_ns": {
        "count": 20.0,
        "sum": 10448794.0,
        "mean": 522439.7,
        "median": 235613.73424108367,
        "min": 16638,
        "max": 2081375,
        "variance_ns2": 517003846377.379,
        "iqr_ns": 555768.8741685792,
        "q1_ns": 29297.932854295268,
        "q3_ns": 585066.8070228745
      },
      "futex_op_counts": {
        "128": 20
      },
      "first_seen_ts_ns": 564192330181,
      "last_seen_ts_ns": 564195877836
    },
    {
      "tgid": 11607,
      "comm": "csi-node-driver",
      "cgroup_id": 8848,
      "wait_duration_stats_ns": {
        "count": 21.0,
        "sum": 10439246.0,
        "mean": 497106.95238095237,
        "median": 90450.42339837475,
        "min": 13756,
        "max": 2083223,
        "variance_ns2": 520798895383.44763,
        "iqr_ns": 733205.3907898798,
        "q1_ns": 25740.15849135803,
        "q3_ns": 758945.5492812379
      },
      "futex_op_counts": {
        "128": 21
      },
      "first_seen_ts_ns": 664211179366,
      "last_seen_ts_ns": 664214703498
    },
    {
      "tgid": 11064,
      "comm": "csi-node-driver",
      "cgroup_id": 8848,
      "wait_duration_stats_ns": {
        "count": 15.0,
        "sum": 10386505.0,
        "mean": 692433.6666666666,
        "median": 246766.3469387755,
        "min": 20922,
        "max": 4008226,
        "variance_ns2": 1210127081146.9524,
        "iqr_ns": 445455.1553457754,
        "q1_ns": 43935.73354311343,
        "q3_ns": 489390.8888888889
      },
      "futex_op_counts": {
        "128": 15
      },
      "first_seen_ts_ns": 534226987038,
      "last_seen_ts_ns": 534231018263
    },
    {
      "tgid": 10608,
      "comm": "csi-node-driver",
      "cgroup_id": 8848,
      "wait_duration_stats_ns": {
        "count": 21.0,
        "sum": 10071921.999999998,
        "mean": 479615.33333333326,
        "median": 74116.4217107469,
        "min": 12789,
        "max": 2143459,
        "variance_ns2": 497750358438.4333,
        "iqr_ns": 897118.0443814697,
        "q1_ns": 24388.94265138154,
        "q3_ns": 921506.9870328512
      },
      "futex_op_counts": {
        "128": 21
      },
      "first_seen_ts_ns": 444187506461,
      "last_seen_ts_ns": 444190940154
    },
    {
      "tgid": 11650,
      "comm": "csi-node-driver",
      "cgroup_id": 8848,
      "wait_duration_stats_ns": {
        "count": 21.0,
        "sum": 9849741.0,
        "mean": 469035.28571428574,
        "median": 88862.57731481481,
        "min": 17536,
        "max": 1997705,
        "variance_ns2": 444444204435.11426,
        "iqr_ns": 802699.0539957265,
        "q1_ns": 31242.531250000004,
        "q3_ns": 833941.5852457265
      },
      "futex_op_counts": {
        "128": 21
      },
      "first_seen_ts_ns": 684205012514,
      "last_seen_ts_ns": 684208362533
    },
    {
      "tgid": 11560,
      "comm": "csi-node-driver",
      "cgroup_id": 8848,
      "wait_duration_stats_ns": {
        "count": 13.0,
        "sum": 9727227.0,
        "mean": 748248.2307692308,
        "median": 102320.98541666666,
        "min": 13564,
        "max": 3572210,
        "variance_ns2": 1587932322257.5256,
        "iqr_ns": 237847.65583333338,
        "q1_ns": 18307.770833333336,
        "q3_ns": 256155.42666666672
      },
      "futex_op_counts": {
        "128": 13
      },
      "first_seen_ts_ns": 644193342830,
      "last_seen_ts_ns": 644197011793
    },
    {
      "tgid": 11108,
      "comm": "csi-node-driver",
      "cgroup_id": 8848,
      "wait_duration_stats_ns": {
        "count": 17.0,
        "sum": 9681495.000000002,
        "mean": 569499.705882353,
        "median": 82987.62441812441,
        "min": 15312,
        "max": 3288694,
        "variance_ns2": 793680788743.5956,
        "iqr_ns": 698894.8978810926,
        "q1_ns": 27580.720833333333,
        "q3_ns": 726475.618714426
      },
      "futex_op_counts": {
        "128": 17
      },
      "first_seen_ts_ns": 554187370025,
      "last_seen_ts_ns": 554190710128
    },
    {
      "tgid": 10536,
      "comm": "csi-node-driver",
      "cgroup_id": 8848,
      "wait_duration_stats_ns": {
        "count": 20.0,
        "sum": 9663430.0,
        "mean": 483171.5,
        "median": 254118.01376929015,
        "min": 11527,
        "max": 1819910,
        "variance_ns2": 410772528537.5263,
        "iqr_ns": 493348.4282548652,
        "q1_ns": 33240.42524005487,
        "q3_ns": 526588.8534949201
      },
      "futex_op_counts": {
        "128": 20
      },
      "first_seen_ts_ns": 414196606102,
      "last_seen_ts_ns": 414199877749
    },
    {
      "tgid": 10558,
      "comm": "csi-node-driver",
      "cgroup_id": 8848,
      "wait_duration_stats_ns": {
        "count": 20.0,
        "sum": 9529059.999999998,
        "mean": 476452.99999999994,
        "median": 175194.62796700408,
        "min": 14064,
        "max": 1745218,
        "variance_ns2": 386530584227.0526,
        "iqr_ns": 631085.0248408297,
        "q1_ns": 31081.839291838136,
        "q3_ns": 662166.8641326678
      },
      "futex_op_counts": {
        "128": 20
      },
      "first_seen_ts_ns": 424197493927,
      "last_seen_ts_ns": 424200723869
    },
    {
      "tgid": 11670,
      "comm": "csi-node-driver",
      "cgroup_id": 8848,
      "wait_duration_stats_ns": {
        "count": 28.0,
        "sum": 9494612.999999998,
        "mean": 339093.32142857136,
        "median": 73510.64906159269,
        "min": 8865,
        "max": 1393294,
        "variance_ns2": 230622798366.078,
        "iqr_ns": 369632.7285586426,
        "q1_ns": 37573.70050151249,
        "q3_ns": 407206.4290601551
      },
      "futex_op_counts": {
        "128": 28
      },
      "first_seen_ts_ns": 694122488895,
      "last_seen_ts_ns": 694125673882
    },
    {
      "tgid": 11042,
      "comm": "csi-node-driver",
      "cgroup_id": 8848,
      "wait_duration_stats_ns": {
        "count": 18.0,
        "sum": 9465704.0,
        "mean": 525872.4444444445,
        "median": 200376.32959242724,
        "min": 14083,
        "max": 1813257,
        "variance_ns2": 449224046817.32025,
        "iqr_ns": 380395.1552649069,
        "q1_ns": 34867.88580916709,
        "q3_ns": 415263.041074074
      },
      "futex_op_counts": {
        "128": 18
      },
      "first_seen_ts_ns": 524205695373,
      "last_seen_ts_ns": 524208890087
    },
    {
      "tgid": 10513,
      "comm": "csi-node-driver",
      "cgroup_id": 8848,
      "wait_duration_stats_ns": {
        "count": 20.0,
        "sum": 9417227.0,
        "mean": 470861.35,
        "median": 208551.58087191358,
        "min": 781,
        "max": 1828161,
        "variance_ns2": 432333622922.3448,
        "iqr_ns": 689574.03093894,
        "q1_ns": 33505.25555555556,
        "q3_ns": 723079.2864944956
      },
      "futex_op_counts": {
        "128": 20
      },
      "first_seen_ts_ns": 404210504848,
      "last_seen_ts_ns": 404213694064
    },
    {
      "tgid": 11584,
      "comm": "csi-node-driver",
      "cgroup_id": 8848,
      "wait_duration_stats_ns": {
        "count": 20.0,
        "sum": 9338245.0,
        "mean": 466912.25,
        "median": 56054.2443452381,
        "min": 2331,
        "max": 1738196,
        "variance_ns2": 397762099797.24994,
        "iqr_ns": 614615.3906143013,
        "q1_ns": 15103.583420138897,
        "q3_ns": 629718.9740344402
      },
      "futex_op_counts": {
        "128": 20
      },
      "first_seen_ts_ns": 654208025128,
      "last_seen_ts_ns": 654211234858
    },
    {
      "tgid": 10390,
      "comm": "csi-node-driver",
      "cgroup_id": 8848,
      "wait_duration_stats_ns": {
        "count": 19.0,
        "sum": 9313783.0,
        "mean": 490199.1052631579,
        "median": 299691.4107879477,
        "min": 12842,
        "max": 1756744,
        "variance_ns2": 394728499306.65497,
        "iqr_ns": 465506.5578164499,
        "q1_ns": 31501.759596836426,
        "q3_ns": 497008.3174132863
      },
      "futex_op_counts": {
        "128": 19
      },
      "first_seen_ts_ns": 364122468230,
      "last_seen_ts_ns": 364125639044
    },
    {
      "tgid": 11152,
      "comm": "csi-node-driver",
      "cgroup_id": 8848,
      "wait_duration_stats_ns": {
        "count": 19.0,
        "sum": 9189817.0,
        "mean": 483674.5789473684,
        "median": 236324.700968502,
        "min": 14879,
        "max": 1746971,
        "variance_ns2": 388619069263.3684,
        "iqr_ns": 331191.4749486312,
        "q1_ns": 29350.189871970742,
        "q3_ns": 360541.66482060193
      },
      "futex_op_counts": {
        "128": 19
      },
      "first_seen_ts_ns": 574207542016,
      "last_seen_ts_ns": 574210684317
    },
    {
      "tgid": 11086,
      "comm": "csi-node-driver",
      "cgroup_id": 8848,
      "wait_duration_stats_ns": {
        "count": 21.0,
        "sum": 9058928.000000002,
        "mean": 431377.5238095239,
        "median": 224931.68034156156,
        "min": 20064,
        "max": 1674307,
        "variance_ns2": 331607669629.26184,
        "iqr_ns": 443740.8650362797,
        "q1_ns": 52592.971913580244,
        "q3_ns": 496333.83694986
      },
      "futex_op_counts": {
        "128": 21
      },
      "first_seen_ts_ns": 544198451247,
      "last_seen_ts_ns": 544201510109
    },
    {
      "tgid": 11378,
      "comm": "csi-node-driver",
      "cgroup_id": 8848,
      "wait_duration_stats_ns": {
        "count": 16.0,
        "sum": 9040400.0,
        "mean": 565025.0,
        "median": 355522.0849256297,
        "min": 574,
        "max": 1845684,
        "variance_ns2": 446737822152.1334,
        "iqr_ns": 720110.1461566725,
        "q1_ns": 32119.54285622428,
        "q3_ns": 752229.6890128967
      },
      "futex_op_counts": {
        "128": 16
      },
      "first_seen_ts_ns": 594125126734,
      "last_seen_ts_ns": 594128184798
    },
    {
      "tgid": 10466,
      "comm": "csi-node-driver",
      "cgroup_id": 8848,
      "wait_duration_stats_ns": {
        "count": 22.0,
        "sum": 9033755.000000002,
        "mean": 410625.22727272735,
        "median": 42338.44260173754,
        "min": 14518,
        "max": 1787430,
        "variance_ns2": 364364665472.1839,
        "iqr_ns": 530282.8352339916,
        "q1_ns": 25852.72988888889,
        "q3_ns": 556135.5651228805
      },
      "futex_op_counts": {
        "128": 22
      },
      "first_seen_ts_ns": 384122290325,
      "last_seen_ts_ns": 384125366918
    },
    {
      "tgid": 10719,
      "comm": "csi-node-driver",
      "cgroup_id": 8848,
      "wait_duration_stats_ns": {
        "count": 18.0,
        "sum": 9026229.000000002,
        "mean": 501457.16666666674,
        "median": 195202.17182777938,
        "min": 14210,
        "max": 1766052,
        "variance_ns2": 414162558869.55884,
        "iqr_ns": 376532.6350623648,
        "q1_ns": 32476.72994184385,
        "q3_ns": 409009.36500420864
      },
      "futex_op_counts": {
        "128": 18
      },
      "first_seen_ts_ns": 464214495750,
      "last_seen_ts_ns": 464217555077
    },
    {
      "tgid": 10950,
      "comm": "csi-node-driver",
      "cgroup_id": 8848,
      "wait_duration_stats_ns": {
        "count": 21.0,
        "sum": 9015012.0,
        "mean": 429286.28571428574,
        "median": 219732.19460599922,
        "min": 12433,
        "max": 1735277,
        "variance_ns2": 340566844005.2143,
        "iqr_ns": 480617.0924782528,
        "q1_ns": 59366.5394278459,
        "q3_ns": 539983.6319060987
      },
      "futex_op_counts": {
        "128": 21
      },
      "first_seen_ts_ns": 484120746926,
      "last_seen_ts_ns": 484123774692
    },
    {
      "tgid": 10443,
      "comm": "csi-node-driver",
      "cgroup_id": 8848,
      "wait_duration_stats_ns": {
        "count": 20.0,
        "sum": 8956656.0,
        "mean": 447832.8,
        "median": 69802.932583602,
        "min": 9170,
        "max": 1816292,
        "variance_ns2": 375970986289.6421,
        "iqr_ns": 752630.7474885677,
        "q1_ns": 20935.99609375,
        "q3_ns": 773566.7435823177
      },
      "futex_op_counts": {
        "128": 20
      },
      "first_seen_ts_ns": 374121776525,
      "last_seen_ts_ns": 374124813970
    },
    {
      "tgid": 10995,
      "comm": "csi-node-driver",
      "cgroup_id": 8848,
      "wait_duration_stats_ns": {
        "count": 19.0,
        "sum": 8952981.999999998,
        "mean": 471209.57894736837,
        "median": 295741.12955127296,
        "min": 12762,
        "max": 1700611,
        "variance_ns2": 363974346386.59064,
        "iqr_ns": 416761.7200841312,
        "q1_ns": 64038.606031225754,
        "q3_ns": 480800.32611535693
      },
      "futex_op_counts": {
        "128": 19
      },
      "first_seen_ts_ns": 504120564992,
      "last_seen_ts_ns": 504123595148
    },
    {
      "tgid": 10919,
      "comm": "csi-node-driver",
      "cgroup_id": 8848,
      "wait_duration_stats_ns": {
        "count": 19.0,
        "sum": 8842930.0,
        "mean": 465417.36842105264,
        "median": 260578.37515721453,
        "min": 15975,
        "max": 1688556,
        "variance_ns2": 355312393251.46783,
        "iqr_ns": 361844.7427556731,
        "q1_ns": 28188.645318930037,
        "q3_ns": 390033.38807460316
      },
      "futex_op_counts": {
        "128": 19
      },
      "first_seen_ts_ns": 474121288708,
      "last_seen_ts_ns": 474124304879
    },
    {
      "tgid": 10972,
      "comm": "csi-node-driver",
      "cgroup_id": 8848,
      "wait_duration_stats_ns": {
        "count": 23.0,
        "sum": 8705369.0,
        "mean": 378494.30434782605,
        "median": 77822.63930461073,
        "min": 14456,
        "max": 1677177,
        "variance_ns2": 301789383348.85767,
        "iqr_ns": 412834.1464489585,
        "q1_ns": 27197.227565972218,
        "q3_ns": 440031.3740149307
      },
      "futex_op_counts": {
        "128": 23
      },
      "first_seen_ts_ns": 494119596579,
      "last_seen_ts_ns": 494122572849
    },
    {
      "tgid": 11420,
      "comm": "csi-node-driver",
      "cgroup_id": 8848,
      "wait_duration_stats_ns": {
        "count": 20.0,
        "sum": 8696149.0,
        "mean": 434807.44999999995,
        "median": 201043.5600535075,
        "min": 10624,
        "max": 1764187,
        "variance_ns2": 354529256043.4184,
        "iqr_ns": 576272.981518483,
        "q1_ns": 27264.563368055555,
        "q3_ns": 603537.5448865385
      },
      "futex_op_counts": {
        "128": 20
      },
      "first_seen_ts_ns": 614122476857,
      "last_seen_ts_ns": 614125419633
    },
    {
      "tgid": 10488,
      "comm": "csi-node-driver",
      "cgroup_id": 8848,
      "wait_duration_stats_ns": {
        "count": 17.0,
        "sum": 8668058.0,
        "mean": 509885.7647058824,
        "median": 246055.13566956017,
        "min": 19530,
        "max": 1751337,
        "variance_ns2": 389638719589.81616,
        "iqr_ns": 731631.1460963804,
        "q1_ns": 33319.73572530864,
        "q3_ns": 764950.8818216891
      },
      "futex_op_counts": {
        "128": 17
      },
      "first_seen_ts_ns": 394118113416,
      "last_seen_ts_ns": 394121051568
    },
    {
      "tgid": 11629,
      "comm": "csi-node-driver",
      "cgroup_id": 8848,
      "wait_duration_stats_ns": {
        "count": 17.0,
        "sum": 8620214.000000002,
        "mean": 507071.41176470596,
        "median": 239590.39051783265,
        "min": 13971,
        "max": 1750541,
        "variance_ns2": 396441037213.13226,
        "iqr_ns": 731914.0407212753,
        "q1_ns": 30860.970486111113,
        "q3_ns": 762775.0112073864
      },
      "futex_op_counts": {
        "128": 17
      },
      "first_seen_ts_ns": 674206719626,
      "last_seen_ts_ns": 674209665296
    },
    {
      "tgid": 11399,
      "comm": "csi-node-driver",
      "cgroup_id": 8848,
      "wait_duration_stats_ns": {
        "count": 16.0,
        "sum": 8404933.0,
        "mean": 525308.3125,
        "median": 339523.78802221117,
        "min": 19656,
        "max": 1733927,
        "variance_ns2": 379629804041.2959,
        "iqr_ns": 689880.1811765138,
        "q1_ns": 31720.508134002055,
        "q3_ns": 721600.6893105159
      },
      "futex_op_counts": {
        "128": 16
      },
      "first_seen_ts_ns": 604118589003,
      "last_seen_ts_ns": 604121442893
    },
    {
      "tgid": 10631,
      "comm": "csi-node-driver",
      "cgroup_id": 8848,
      "wait_duration_stats_ns": {
        "count": 12.0,
        "sum": 7816029.999999999,
        "mean": 651335.8333333333,
        "median": 51866.512037037035,
        "min": 18971,
        "max": 4585276,
        "variance_ns2": 1783164300228.879,
        "iqr_ns": 41627.16975308642,
        "q1_ns": 27546.83024691358,
        "q3_ns": 69174.0
      },
      "futex_op_counts": {
        "128": 12
      },
      "first_seen_ts_ns": 454225438478,
      "last_seen_ts_ns": 454230015773
    },
    {
      "tgid": 9885,
      "comm": "ZMQbg/IO/0",
      "cgroup_id": 9645,
      "wait_duration_stats_ns": {
        "count": 57.0,
        "sum": 93197.0,
        "mean": 1635.0350877192982,
        "median": 487.9349097868686,
        "min": 413,
        "max": 15874,
        "variance_ns2": 11550738.641604012,
        "iqr_ns": 353.17239697315665,
        "q1_ns": 469.71288314212984,
        "q3_ns": 822.8852801152865
      },
      "futex_op_counts": {
        "128": 57
      },
      "first_seen_ts_ns": 468369155971,
      "last_seen_ts_ns": 691348758294
    },
    {
      "tgid": 10246,
      "comm": "lmp",
      "cgroup_id": 9645,
      "wait_duration_stats_ns": {
        "count": 1.0,
        "sum": 32131.0,
        "mean": 32131.0,
        "median": 32131.0,
        "min": 32131,
        "max": 32131,
        "variance_ns2": null,
        "iqr_ns": 0.0,
        "q1_ns": 32131.0,
        "q3_ns": 32131.0
      },
      "futex_op_counts": {
        "128": 1
      },
      "first_seen_ts_ns": 468346029152,
      "last_seen_ts_ns": 468346029152
    },
    {
      "tgid": 11178,
      "comm": "lmp",
      "cgroup_id": 9645,
      "wait_duration_stats_ns": {
        "count": 1.0,
        "sum": 12083.0,
        "mean": 12083.0,
        "median": 12083.0,
        "min": 12083,
        "max": 12083,
        "variance_ns2": null,
        "iqr_ns": 0.0,
        "q1_ns": 12083.0,
        "q3_ns": 12083.0
      },
      "futex_op_counts": {
        "128": 1
      },
      "first_seen_ts_ns": 691324132368,
      "last_seen_ts_ns": 691324132368
    },
    {
      "tgid": 10890,
      "comm": "lmp",
      "cgroup_id": 9645,
      "wait_duration_stats_ns": {
        "count": 1.0,
        "sum": 11293.0,
        "mean": 11293.0,
        "median": 11293.0,
        "min": 11293,
        "max": 11293,
        "variance_ns2": null,
        "iqr_ns": 0.0,
        "q1_ns": 11293.0,
        "q3_ns": 11293.0
      },
      "futex_op_counts": {
        "128": 1
      },
      "first_seen_ts_ns": 581819550858,
      "last_seen_ts_ns": 581819550858
    },
    {
      "tgid": 11172,
      "comm": "lmp",
      "cgroup_id": 9645,
      "wait_duration_stats_ns": {
        "count": 1.0,
        "sum": 11270.0,
        "mean": 11270.0,
        "median": 11270.0,
        "min": 11270,
        "max": 11270,
        "variance_ns2": null,
        "iqr_ns": 0.0,
        "q1_ns": 11270.0,
        "q3_ns": 11270.0
      },
      "futex_op_counts": {
        "128": 1
      },
      "first_seen_ts_ns": 691324091466,
      "last_seen_ts_ns": 691324091466
    },
    {
      "tgid": 10334,
      "comm": "lmp",
      "cgroup_id": 9645,
      "wait_duration_stats_ns": {
        "count": 1.0,
        "sum": 9847.0,
        "mean": 9847.0,
        "median": 9847.0,
        "min": 9847,
        "max": 9847,
        "variance_ns2": null,
        "iqr_ns": 0.0,
        "q1_ns": 9847.0,
        "q3_ns": 9847.0
      },
      "futex_op_counts": {
        "128": 1
      },
      "first_seen_ts_ns": 468344447392,
      "last_seen_ts_ns": 468344447392
    },
    {
      "tgid": 10300,
      "comm": "lmp",
      "cgroup_id": 9645,
      "wait_duration_stats_ns": {
        "count": 1.0,
        "sum": 9682.0,
        "mean": 9682.0,
        "median": 9682.0,
        "min": 9682,
        "max": 9682,
        "variance_ns2": null,
        "iqr_ns": 0.0,
        "q1_ns": 9682.0,
        "q3_ns": 9682.0
      },
      "futex_op_counts": {
        "128": 1
      },
      "first_seen_ts_ns": 468344392249,
      "last_seen_ts_ns": 468344392249
    },
    {
      "tgid": 10346,
      "comm": "lmp",
      "cgroup_id": 9645,
      "wait_duration_stats_ns": {
        "count": 1.0,
        "sum": 8867.0,
        "mean": 8867.0,
        "median": 8867.0,
        "min": 8867,
        "max": 8867,
        "variance_ns2": null,
        "iqr_ns": 0.0,
        "q1_ns": 8867.0,
        "q3_ns": 8867.0
      },
      "futex_op_counts": {
        "128": 1
      },
      "first_seen_ts_ns": 468344568926,
      "last_seen_ts_ns": 468344568926
    },
    {
      "tgid": 11285,
      "comm": "lmp",
      "cgroup_id": 9645,
      "wait_duration_stats_ns": {
        "count": 1.0,
        "sum": 8847.0,
        "mean": 8847.0,
        "median": 8847.0,
        "min": 8847,
        "max": 8847,
        "variance_ns2": null,
        "iqr_ns": 0.0,
        "q1_ns": 8847.0,
        "q3_ns": 8847.0
      },
      "futex_op_counts": {
        "128": 1
      },
      "first_seen_ts_ns": 691323801597,
      "last_seen_ts_ns": 691323801597
    },
    {
      "tgid": 11305,
      "comm": "lmp",
      "cgroup_id": 9645,
      "wait_duration_stats_ns": {
        "count": 1.0,
        "sum": 8774.0,
        "mean": 8774.0,
        "median": 8774.0,
        "min": 8774,
        "max": 8774,
        "variance_ns2": null,
        "iqr_ns": 0.0,
        "q1_ns": 8774.0,
        "q3_ns": 8774.0
      },
      "futex_op_counts": {
        "128": 1
      },
      "first_seen_ts_ns": 691319581610,
      "last_seen_ts_ns": 691319581610
    },
    {
      "tgid": 11245,
      "comm": "lmp",
      "cgroup_id": 9645,
      "wait_duration_stats_ns": {
        "count": 1.0,
        "sum": 8695.0,
        "mean": 8695.0,
        "median": 8695.0,
        "min": 8695,
        "max": 8695,
        "variance_ns2": null,
        "iqr_ns": 0.0,
        "q1_ns": 8695.0,
        "q3_ns": 8695.0
      },
      "futex_op_counts": {
        "128": 1
      },
      "first_seen_ts_ns": 691324112125,
      "last_seen_ts_ns": 691324112125
    },
    {
      "tgid": 10260,
      "comm": "lmp",
      "cgroup_id": 9645,
      "wait_duration_stats_ns": {
        "count": 1.0,
        "sum": 8487.0,
        "mean": 8487.0,
        "median": 8487.0,
        "min": 8487,
        "max": 8487,
        "variance_ns2": null,
        "iqr_ns": 0.0,
        "q1_ns": 8487.0,
        "q3_ns": 8487.0
      },
      "futex_op_counts": {
        "128": 1
      },
      "first_seen_ts_ns": 468345985584,
      "last_seen_ts_ns": 468345985584
    },
    {
      "tgid": 10878,
      "comm": "lmp",
      "cgroup_id": 9645,
      "wait_duration_stats_ns": {
        "count": 1.0,
        "sum": 8451.0,
        "mean": 8451.0,
        "median": 8451.0,
        "min": 8451,
        "max": 8451,
        "variance_ns2": null,
        "iqr_ns": 0.0,
        "q1_ns": 8451.0,
        "q3_ns": 8451.0
      },
      "futex_op_counts": {
        "128": 1
      },
      "first_seen_ts_ns": 581818335643,
      "last_seen_ts_ns": 581818335643
    },
    {
      "tgid": 10230,
      "comm": "lmp",
      "cgroup_id": 9645,
      "wait_duration_stats_ns": {
        "count": 1.0,
        "sum": 8350.0,
        "mean": 8350.0,
        "median": 8350.0,
        "min": 8350,
        "max": 8350,
        "variance_ns2": null,
        "iqr_ns": 0.0,
        "q1_ns": 8350.0,
        "q3_ns": 8350.0
      },
      "futex_op_counts": {
        "128": 1
      },
      "first_seen_ts_ns": 468345567015,
      "last_seen_ts_ns": 468345567015
    },
    {
      "tgid": 10896,
      "comm": "lmp",
      "cgroup_id": 9645,
      "wait_duration_stats_ns": {
        "count": 1.0,
        "sum": 8335.0,
        "mean": 8335.0,
        "median": 8335.0,
        "min": 8335,
        "max": 8335,
        "variance_ns2": null,
        "iqr_ns": 0.0,
        "q1_ns": 8335.0,
        "q3_ns": 8335.0
      },
      "futex_op_counts": {
        "128": 1
      },
      "first_seen_ts_ns": 581813493597,
      "last_seen_ts_ns": 581813493597
    },
    {
      "tgid": 10872,
      "comm": "lmp",
      "cgroup_id": 9645,
      "wait_duration_stats_ns": {
        "count": 1.0,
        "sum": 8153.0,
        "mean": 8153.0,
        "median": 8153.0,
        "min": 8153,
        "max": 8153,
        "variance_ns2": null,
        "iqr_ns": 0.0,
        "q1_ns": 8153.0,
        "q3_ns": 8153.0
      },
      "futex_op_counts": {
        "128": 1
      },
      "first_seen_ts_ns": 581818320764,
      "last_seen_ts_ns": 581818320764
    },
    {
      "tgid": 10738,
      "comm": "lmp",
      "cgroup_id": 9645,
      "wait_duration_stats_ns": {
        "count": 1.0,
        "sum": 8128.0,
        "mean": 8128.0,
        "median": 8128.0,
        "min": 8128,
        "max": 8128,
        "variance_ns2": null,
        "iqr_ns": 0.0,
        "q1_ns": 8128.0,
        "q3_ns": 8128.0
      },
      "futex_op_counts": {
        "128": 1
      },
      "first_seen_ts_ns": 581819533587,
      "last_seen_ts_ns": 581819533587
    },
    {
      "tgid": 11323,
      "comm": "lmp",
      "cgroup_id": 9645,
      "wait_duration_stats_ns": {
        "count": 1.0,
        "sum": 8035.0,
        "mean": 8035.0,
        "median": 8035.0,
        "min": 8035,
        "max": 8035,
        "variance_ns2": null,
        "iqr_ns": 0.0,
        "q1_ns": 8035.0,
        "q3_ns": 8035.0
      },
      "futex_op_counts": {
        "128": 1
      },
      "first_seen_ts_ns": 691325389425,
      "last_seen_ts_ns": 691325389425
    },
    {
      "tgid": 11225,
      "comm": "lmp",
      "cgroup_id": 9645,
      "wait_duration_stats_ns": {
        "count": 1.0,
        "sum": 8027.0,
        "mean": 8027.0,
        "median": 8027.0,
        "min": 8027,
        "max": 8027,
        "variance_ns2": null,
        "iqr_ns": 0.0,
        "q1_ns": 8027.0,
        "q3_ns": 8027.0
      },
      "futex_op_counts": {
        "128": 1
      },
      "first_seen_ts_ns": 691323601000,
      "last_seen_ts_ns": 691323601000
    },
    {
      "tgid": 11192,
      "comm": "lmp",
      "cgroup_id": 9645,
      "wait_duration_stats_ns": {
        "count": 1.0,
        "sum": 7949.0,
        "mean": 7949.0,
        "median": 7949.0,
        "min": 7949,
        "max": 7949,
        "variance_ns2": null,
        "iqr_ns": 0.0,
        "q1_ns": 7949.0,
        "q3_ns": 7949.0
      },
      "futex_op_counts": {
        "128": 1
      },
      "first_seen_ts_ns": 691324211930,
      "last_seen_ts_ns": 691324211930
    },
    {
      "tgid": 10884,
      "comm": "lmp",
      "cgroup_id": 9645,
      "wait_duration_stats_ns": {
        "count": 1.0,
        "sum": 7742.0,
        "mean": 7742.0,
        "median": 7742.0,
        "min": 7742,
        "max": 7742,
        "variance_ns2": null,
        "iqr_ns": 0.0,
        "q1_ns": 7742.0,
        "q3_ns": 7742.0
      },
      "futex_op_counts": {
        "128": 1
      },
      "first_seen_ts_ns": 581819144762,
      "last_seen_ts_ns": 581819144762
    },
    {
      "tgid": 10310,
      "comm": "lmp",
      "cgroup_id": 9645,
      "wait_duration_stats_ns": {
        "count": 1.0,
        "sum": 7733.0,
        "mean": 7733.0,
        "median": 7733.0,
        "min": 7733,
        "max": 7733,
        "variance_ns2": null,
        "iqr_ns": 0.0,
        "q1_ns": 7733.0,
        "q3_ns": 7733.0
      },
      "futex_op_counts": {
        "128": 1
      },
      "first_seen_ts_ns": 468345590884,
      "last_seen_ts_ns": 468345590884
    },
    {
      "tgid": 10270,
      "comm": "lmp",
      "cgroup_id": 9645,
      "wait_duration_stats_ns": {
        "count": 1.0,
        "sum": 7579.0,
        "mean": 7579.0,
        "median": 7579.0,
        "min": 7579,
        "max": 7579,
        "variance_ns2": null,
        "iqr_ns": 0.0,
        "q1_ns": 7579.0,
        "q3_ns": 7579.0
      },
      "futex_op_counts": {
        "128": 1
      },
      "first_seen_ts_ns": 468344737987,
      "last_seen_ts_ns": 468344737987
    },
    {
      "tgid": 10898,
      "comm": "lmp",
      "cgroup_id": 9645,
      "wait_duration_stats_ns": {
        "count": 1.0,
        "sum": 7495.0,
        "mean": 7495.0,
        "median": 7495.0,
        "min": 7495,
        "max": 7495,
        "variance_ns2": null,
        "iqr_ns": 0.0,
        "q1_ns": 7495.0,
        "q3_ns": 7495.0
      },
      "futex_op_counts": {
        "128": 1
      },
      "first_seen_ts_ns": 581819463753,
      "last_seen_ts_ns": 581819463753
    },
    {
      "tgid": 10862,
      "comm": "lmp",
      "cgroup_id": 9645,
      "wait_duration_stats_ns": {
        "count": 1.0,
        "sum": 7318.0,
        "mean": 7318.0,
        "median": 7318.0,
        "min": 7318,
        "max": 7318,
        "variance_ns2": null,
        "iqr_ns": 0.0,
        "q1_ns": 7318.0,
        "q3_ns": 7318.0
      },
      "futex_op_counts": {
        "128": 1
      },
      "first_seen_ts_ns": 581819436061,
      "last_seen_ts_ns": 581819436061
    },
    {
      "tgid": 10860,
      "comm": "lmp",
      "cgroup_id": 9645,
      "wait_duration_stats_ns": {
        "count": 1.0,
        "sum": 7179.0,
        "mean": 7179.0,
        "median": 7179.0,
        "min": 7179,
        "max": 7179,
        "variance_ns2": null,
        "iqr_ns": 0.0,
        "q1_ns": 7179.0,
        "q3_ns": 7179.0
      },
      "futex_op_counts": {
        "128": 1
      },
      "first_seen_ts_ns": 581819384957,
      "last_seen_ts_ns": 581819384957
    },
    {
      "tgid": 11321,
      "comm": "lmp",
      "cgroup_id": 9645,
      "wait_duration_stats_ns": {
        "count": 1.0,
        "sum": 6882.0,
        "mean": 6882.0,
        "median": 6882.0,
        "min": 6882,
        "max": 6882,
        "variance_ns2": null,
        "iqr_ns": 0.0,
        "q1_ns": 6882.0,
        "q3_ns": 6882.0
      },
      "futex_op_counts": {
        "128": 1
      },
      "first_seen_ts_ns": 691323675738,
      "last_seen_ts_ns": 691323675738
    },
    {
      "tgid": 11319,
      "comm": "lmp",
      "cgroup_id": 9645,
      "wait_duration_stats_ns": {
        "count": 1.0,
        "sum": 6750.0,
        "mean": 6750.0,
        "median": 6750.0,
        "min": 6750,
        "max": 6750,
        "variance_ns2": null,
        "iqr_ns": 0.0,
        "q1_ns": 6750.0,
        "q3_ns": 6750.0
      },
      "futex_op_counts": {
        "128": 1
      },
      "first_seen_ts_ns": 691323557571,
      "last_seen_ts_ns": 691323557571
    }
  ]
}
[23:00:43] Cleanup complete.
