# OSU MPI Latency Test v5.8
# Size          Latency (us)
0                      16.60
1                      16.69
2                      16.68
4                      16.66
8                      16.72
16                     16.69
32                     16.65
64                     16.74
128                    16.76
256                    18.24
512                    18.39
1024                   18.58
2048                   19.29
4096                   20.96
8192                   23.31
16384                  27.52
32768                  35.32
65536                  82.33
131072                101.18
262144                137.26
524288                208.42
1048576               347.02
2097152               631.66
4194304              1148.01
START OF JOBSPEC
{"resources": [{"type": "node", "count": 2, "with": [{"type": "slot", "count": 1, "with": [{"type": "core", "count": 1}], "label": "task"}]}], "tasks": [{"command": ["singularity", "exec", "/opt/containers/metric-osu-cpu_rocky-8.sif", "/opt/osu-benchmark/build.openmpi/mpi/pt2pt/osu_latency"], "slot": "task", "count": {"per_slot": 1}}], "attributes": {"system": {"duration": 0, "cwd": "/opt/containers", "shell": {"options": {"rlimit": {"cpu": -1, "fsize": -1, "data": -1, "stack": -1, "core": 0, "nofile": 262144, "as": -1, "rss": -1, "nproc": -1}, "cpu-affinity": "per-task"}}, "constraints": {"hostlist": ["flux-001,flux-003"]}}, "user": {"study_id": "osu-2-iter-4"}}, "version": 1}
START OF EVENTLOG
{"timestamp":1745009953.3233023,"name":"init"}
{"timestamp":1745009953.3238573,"name":"starting"}
{"timestamp":1745009953.3341234,"name":"shell.init","context":{"service":"501043911-shell-fseHE63q","leader-rank":0,"size":2}}
{"timestamp":1745009953.3372231,"name":"shell.start","context":{"taskmap":{"version":1,"map":[[0,2,1,1]]}}}
{"timestamp":1745009964.6019645,"name":"shell.task-exit","context":{"localid":0,"rank":1,"state":"Exited","pid":140825,"wait_status":0,"signaled":0,"exitcode":0}}
{"timestamp":1745009964.6039188,"name":"complete","context":{"status":0}}
{"timestamp":1745009964.6039484,"name":"done"}

