unlimited
Looking for /opt/programs/cpu-model/ebpf-collect.c
[23:17:11] Waiting for start indicator file: '/mnt/flux/start_ebpf_collection'.
[23:17:26] Start indicator found. Proceeding with monitoring.
[23:17:26] Initializing eBPF for CPU Scheduling monitoring...
[23:17:26] BPF C code compiled and loaded.
[23:17:26] Attached tracepoints.
[23:17:26] Monitoring CPU scheduling events (polling aggregated map)... Press Ctrl+C to stop.
[23:23:30] Stop indicator file '/mnt/flux/stop_ebpf_collection' found. Stopping.
[23:23:30] Initiating cleanup sequence...
{
  "final_aggregated_summary_river": [
    {
      "tgid": 722,
      "comm": "lmp",
      "cgroup_id": 11321,
      "on_cpu_stats_ns": {
        "count": 84.0,
        "sum_ns": 45504890.50000001,
        "mean_ns": 541724.886904762,
        "median_ns": 24255.02126270321,
        "min_ns": 7232.0,
        "max_ns": 43200520.0,
        "variance_ns2": 22189316034644.277,
        "iqr_ns": 140717.37852659813,
        "q1_ns": 21185.422719211496,
        "q3_ns": 161902.80124580962
      },
      "runq_latency_stats_ns": {
        "count": 85.0,
        "sum_ns": 3557487.0000000005,
        "mean_ns": 41852.78823529412,
        "median_ns": 5529.013805409216,
        "min_ns": 1060.0,
        "max_ns": 1995097.0,
        "variance_ns2": 52190508222.74032,
        "iqr_ns": 2651.071681249896,
        "q1_ns": 4054.6086896547868,
        "q3_ns": 6705.680370904683
      },
      "first_seen_ts_ns": 1747523962374941689,
      "last_seen_ts_ns": 1747524074326241570,
      "duration_active_s": 111.951299881
    },
    {
      "tgid": 200,
      "comm": "python3",
      "cgroup_id": 10926,
      "on_cpu_stats_ns": {
        "count": 1291.0,
        "sum_ns": 26415411.51366128,
        "mean_ns": 20461.201792146614,
        "median_ns": 18539.288314661866,
        "min_ns": 3798.0,
        "max_ns": 638240.0,
        "variance_ns2": 921111738.5592567,
        "iqr_ns": 11050.18375756804,
        "q1_ns": 10676.33388269668,
        "q3_ns": 21726.51764026472
      },
      "runq_latency_stats_ns": {
        "count": 1292.0,
        "sum_ns": 33597275.269707024,
        "mean_ns": 26004.083026089025,
        "median_ns": 5781.869082668917,
        "min_ns": 699.1428571428571,
        "max_ns": 3998522.0,
        "variance_ns2": 52487205772.95894,
        "iqr_ns": 1429.981069421564,
        "q1_ns": 4923.360593864636,
        "q3_ns": 6353.3416632862
      },
      "first_seen_ts_ns": 1747523846973813666,
      "last_seen_ts_ns": 1747524210827625858,
      "duration_active_s": 363.853812192
    },
    {
      "tgid": 264,
      "comm": "python3",
      "cgroup_id": 11005,
      "on_cpu_stats_ns": {
        "count": 1036.0,
        "sum_ns": 21949351.413217347,
        "mean_ns": 21186.632638240684,
        "median_ns": 19193.045766422143,
        "min_ns": 4296.0,
        "max_ns": 775211.25,
        "variance_ns2": 1232058911.045969,
        "iqr_ns": 10281.095238501563,
        "q1_ns": 12182.845548315516,
        "q3_ns": 22463.94078681708
      },
      "runq_latency_stats_ns": {
        "count": 1036.0,
        "sum_ns": 9589888.319055872,
        "mean_ns": 9256.648956617637,
        "median_ns": 6419.8737121097065,
        "min_ns": 941.6470588235294,
        "max_ns": 951710.0,
        "variance_ns2": 1890293489.242882,
        "iqr_ns": 2020.0715580172655,
        "q1_ns": 5408.085162521343,
        "q3_ns": 7428.156720538608
      },
      "first_seen_ts_ns": 1747523846973813666,
      "last_seen_ts_ns": 1747524210827625858,
      "duration_active_s": 363.853812192
    },
    {
      "tgid": 329,
      "comm": "python3",
      "cgroup_id": 11163,
      "on_cpu_stats_ns": {
        "count": 974.0,
        "sum_ns": 20840186.631059825,
        "mean_ns": 21396.49551443514,
        "median_ns": 18335.85538892112,
        "min_ns": 4323.0,
        "max_ns": 1578834.2,
        "variance_ns2": 3073856700.180945,
        "iqr_ns": 9572.132419738566,
        "q1_ns": 11505.963299464707,
        "q3_ns": 21078.095719203273
      },
      "runq_latency_stats_ns": {
        "count": 973.0,
        "sum_ns": 11542294.258685397,
        "mean_ns": 11862.584027425895,
        "median_ns": 6507.212319907293,
        "min_ns": 588.0,
        "max_ns": 3988348.0,
        "variance_ns2": 17307986891.89358,
        "iqr_ns": 1949.259845523984,
        "q1_ns": 5556.877915412968,
        "q3_ns": 7506.137760936952
      },
      "first_seen_ts_ns": 1747523846973813666,
      "last_seen_ts_ns": 1747524210827625858,
      "duration_active_s": 363.853812192
    },
    {
      "tgid": 542,
      "comm": "lmp",
      "cgroup_id": 11321,
      "on_cpu_stats_ns": {
        "count": 152.0,
        "sum_ns": 8517288.768226698,
        "mean_ns": 56034.79452780723,
        "median_ns": 6835.221581120683,
        "min_ns": 1730.0581395348838,
        "max_ns": 1528654.0,
        "variance_ns2": 44942524440.28926,
        "iqr_ns": 5148.540600764822,
        "q1_ns": 4694.98763121067,
        "q3_ns": 9843.528231975492
      },
      "runq_latency_stats_ns": {
        "count": 150.0,
        "sum_ns": 12657689.72352957,
        "mean_ns": 84384.5981568638,
        "median_ns": 2413.938208140326,
        "min_ns": 894.0172166427546,
        "max_ns": 3249875.0,
        "variance_ns2": 153140141155.9026,
        "iqr_ns": 3850.3317899405406,
        "q1_ns": 1839.69406074088,
        "q3_ns": 5690.025850681421
      },
      "first_seen_ts_ns": 1747523861146130892,
      "last_seen_ts_ns": 1747523960028927688,
      "duration_active_s": 98.882796796
    },
    {
      "tgid": 1,
      "comm": "pause",
      "cgroup_id": 10768,
      "on_cpu_stats_ns": {
        "count": 49.0,
        "sum_ns": 8279046.833333336,
        "mean_ns": 168960.13945578237,
        "median_ns": 145153.4827958158,
        "min_ns": 71672.5,
        "max_ns": 797823.8,
        "variance_ns2": 15452487277.890265,
        "iqr_ns": 35562.865338871256,
        "q1_ns": 125146.24826416705,
        "q3_ns": 160709.1136030383
      },
      "runq_latency_stats_ns": {
        "count": 49.0,
        "sum_ns": 6511105.033333334,
        "mean_ns": 132879.69455782315,
        "median_ns": 6637.801511321279,
        "min_ns": 1606.4,
        "max_ns": 3945513.0,
        "variance_ns2": 365366378675.94684,
        "iqr_ns": 5390.725695440258,
        "q1_ns": 3119.542621012817,
        "q3_ns": 8510.268316453075
      },
      "first_seen_ts_ns": 1747523856557966326,
      "last_seen_ts_ns": 1747524210827625858,
      "duration_active_s": 354.269659532
    },
    {
      "tgid": 554,
      "comm": "lmp",
      "cgroup_id": 11321,
      "on_cpu_stats_ns": {
        "count": 274.0,
        "sum_ns": 5357769.849682444,
        "mean_ns": 19553.904560884832,
        "median_ns": 12928.587950316603,
        "min_ns": 1824.25,
        "max_ns": 875485.0,
        "variance_ns2": 5461623624.822103,
        "iqr_ns": 11821.198460422847,
        "q1_ns": 7216.2998982474255,
        "q3_ns": 19037.498358670273
      },
      "runq_latency_stats_ns": {
        "count": 269.0,
        "sum_ns": 18595953.774065457,
        "mean_ns": 69129.93968054073,
        "median_ns": 4191.179180809499,
        "min_ns": 952.0,
        "max_ns": 4001781.0,
        "variance_ns2": 173962063885.2821,
        "iqr_ns": 2717.5653710036445,
        "q1_ns": 2833.443756874243,
        "q3_ns": 5551.009127877887
      },
      "first_seen_ts_ns": 1747523856862880220,
      "last_seen_ts_ns": 1747523959624320034,
      "duration_active_s": 102.761439814
    },
    {
      "tgid": 637,
      "comm": "lmp",
      "cgroup_id": 11321,
      "on_cpu_stats_ns": {
        "count": 211.0,
        "sum_ns": 5292216.499999999,
        "mean_ns": 25081.594786729853,
        "median_ns": 23411.75786769616,
        "min_ns": 8084.0,
        "max_ns": 142034.0,
        "variance_ns2": 173205375.9981155,
        "iqr_ns": 12566.768376234839,
        "q1_ns": 17442.640699577412,
        "q3_ns": 30009.40907581225
      },
      "runq_latency_stats_ns": {
        "count": 211.0,
        "sum_ns": 15029302.50000001,
        "mean_ns": 71228.92180094791,
        "median_ns": 4295.017129913532,
        "min_ns": 967.0,
        "max_ns": 3039218.0,
        "variance_ns2": 162903761565.13303,
        "iqr_ns": 2213.1795956059077,
        "q1_ns": 2924.917630618388,
        "q3_ns": 5138.097226224296
      },
      "first_seen_ts_ns": 1747523960267403169,
      "last_seen_ts_ns": 1747524075244315718,
      "duration_active_s": 114.976912549
    },
    {
      "tgid": 609,
      "comm": "lmp",
      "cgroup_id": 11321,
      "on_cpu_stats_ns": {
        "count": 183.0,
        "sum_ns": 5201673.500000002,
        "mean_ns": 28424.445355191267,
        "median_ns": 26517.860976978718,
        "min_ns": 9395.0,
        "max_ns": 128984.0,
        "variance_ns2": 203087968.3623822,
        "iqr_ns": 10181.053342436291,
        "q1_ns": 21552.485513306572,
        "q3_ns": 31733.538855742863
      },
      "runq_latency_stats_ns": {
        "count": 183.0,
        "sum_ns": 11445314.499999998,
        "mean_ns": 62542.70218579234,
        "median_ns": 4637.541910175447,
        "min_ns": 1580.0,
        "max_ns": 3999526.0,
        "variance_ns2": 163234103545.64847,
        "iqr_ns": 3399.9904988447893,
        "q1_ns": 3527.472992006136,
        "q3_ns": 6927.463490850925
      },
      "first_seen_ts_ns": 1747523962374941689,
      "last_seen_ts_ns": 1747524074014807919,
      "duration_active_s": 111.63986623
    },
    {
      "tgid": 854,
      "comm": "lmp",
      "cgroup_id": 11321,
      "on_cpu_stats_ns": {
        "count": 109.0,
        "sum_ns": 4769536.0,
        "mean_ns": 43757.21100917431,
        "median_ns": 47752.804149325646,
        "min_ns": 17035.0,
        "max_ns": 80436.0,
        "variance_ns2": 277584643.0383964,
        "iqr_ns": 29197.60444230589,
        "q1_ns": 26737.243640229895,
        "q3_ns": 55934.848082535784
      },
      "runq_latency_stats_ns": {
        "count": 109.0,
        "sum_ns": 688765.9999999998,
        "mean_ns": 6318.954128440365,
        "median_ns": 6054.548242958422,
        "min_ns": 3506.0,
        "max_ns": 11935.0,
        "variance_ns2": 1827157.5812096507,
        "iqr_ns": 1977.1496261468064,
        "q1_ns": 5205.754255035068,
        "q3_ns": 7182.903881181875
      },
      "first_seen_ts_ns": 1747524080092579901,
      "last_seen_ts_ns": 1747524189097277297,
      "duration_active_s": 109.004697396
    },
    {
      "tgid": 615,
      "comm": "lmp",
      "cgroup_id": 11321,
      "on_cpu_stats_ns": {
        "count": 173.0,
        "sum_ns": 4356874.0,
        "mean_ns": 25184.24277456647,
        "median_ns": 24649.910353338335,
        "min_ns": 8850.0,
        "max_ns": 108549.0,
        "variance_ns2": 95747198.82734576,
        "iqr_ns": 5445.329676645324,
        "q1_ns": 22351.259782551155,
        "q3_ns": 27796.58945919648
      },
      "runq_latency_stats_ns": {
        "count": 173.0,
        "sum_ns": 4215896.500000002,
        "mean_ns": 24369.34393063585,
        "median_ns": 4461.563924068486,
        "min_ns": 1591.0,
        "max_ns": 2001539.0,
        "variance_ns2": 29093414460.21968,
        "iqr_ns": 1630.746877200891,
        "q1_ns": 3607.0507584552147,
        "q3_ns": 5237.797635656106
      },
      "first_seen_ts_ns": 1747523964011264923,
      "last_seen_ts_ns": 1747524074014807919,
      "duration_active_s": 110.003542996
    },
    {
      "tgid": 635,
      "comm": "lmp",
      "cgroup_id": 11321,
      "on_cpu_stats_ns": {
        "count": 114.0,
        "sum_ns": 4046524.500000001,
        "mean_ns": 35495.82894736843,
        "median_ns": 32906.59077727149,
        "min_ns": 10988.0,
        "max_ns": 67534.0,
        "variance_ns2": 179806159.41074747,
        "iqr_ns": 21256.49681782665,
        "q1_ns": 24667.906554755224,
        "q3_ns": 45924.40337258187
      },
      "runq_latency_stats_ns": {
        "count": 114.0,
        "sum_ns": 5125900.999999999,
        "mean_ns": 44964.043859649115,
        "median_ns": 4481.700179685375,
        "min_ns": 1192.0,
        "max_ns": 2999343.0,
        "variance_ns2": 91668979065.98914,
        "iqr_ns": 3085.7805025286575,
        "q1_ns": 3231.4242303624874,
        "q3_ns": 6317.204732891145
      },
      "first_seen_ts_ns": 1747523971231524455,
      "last_seen_ts_ns": 1747524073272590567,
      "duration_active_s": 102.041066112
    },
    {
      "tgid": 625,
      "comm": "lmp",
      "cgroup_id": 11321,
      "on_cpu_stats_ns": {
        "count": 178.0,
        "sum_ns": 3805236.000000002,
        "mean_ns": 21377.73033707866,
        "median_ns": 20738.764945305586,
        "min_ns": 6464.0,
        "max_ns": 95686.0,
        "variance_ns2": 110384268.5003174,
        "iqr_ns": 13678.881845365882,
        "q1_ns": 14443.70779394271,
        "q3_ns": 28122.589639308593
      },
      "runq_latency_stats_ns": {
        "count": 178.0,
        "sum_ns": 11714024.500000006,
        "mean_ns": 65809.12640449441,
        "median_ns": 3787.402904685442,
        "min_ns": 722.5,
        "max_ns": 3007831.0,
        "variance_ns2": 132476519910.02489,
        "iqr_ns": 2116.429791700171,
        "q1_ns": 2720.8118709144997,
        "q3_ns": 4837.2416626146705
      },
      "first_seen_ts_ns": 1747523962374941689,
      "last_seen_ts_ns": 1747524073385302589,
      "duration_active_s": 111.0103609
    },
    {
      "tgid": 553,
      "comm": "lmp",
      "cgroup_id": 11321,
      "on_cpu_stats_ns": {
        "count": 215.0,
        "sum_ns": 3689991.9999999995,
        "mean_ns": 17162.75348837209,
        "median_ns": 18007.75091481891,
        "min_ns": 4926.0,
        "max_ns": 279991.0,
        "variance_ns2": 367808892.6165181,
        "iqr_ns": 10277.40478953221,
        "q1_ns": 12321.922183772314,
        "q3_ns": 22599.326973304524
      },
      "runq_latency_stats_ns": {
        "count": 215.0,
        "sum_ns": 8982372.000000006,
        "mean_ns": 41778.474418604674,
        "median_ns": 3693.1318483212917,
        "min_ns": 1127.0,
        "max_ns": 4041825.0,
        "variance_ns2": 149295227223.0635,
        "iqr_ns": 2699.5330688818335,
        "q1_ns": 3113.8875499692754,
        "q3_ns": 5813.420618851109
      },
      "first_seen_ts_ns": 1747523847492529736,
      "last_seen_ts_ns": 1747523958902190919,
      "duration_active_s": 111.409661183
    },
    {
      "tgid": 631,
      "comm": "lmp",
      "cgroup_id": 11321,
      "on_cpu_stats_ns": {
        "count": 110.0,
        "sum_ns": 3637941.5000000005,
        "mean_ns": 33072.19545454546,
        "median_ns": 31505.474404286804,
        "min_ns": 10542.0,
        "max_ns": 65736.0,
        "variance_ns2": 146706810.15640116,
        "iqr_ns": 17908.57118131917,
        "q1_ns": 24799.310609430013,
        "q3_ns": 42707.88179074918
      },
      "runq_latency_stats_ns": {
        "count": 110.0,
        "sum_ns": 1435634.9999999995,
        "mean_ns": 13051.227272727268,
        "median_ns": 4500.199179045237,
        "min_ns": 1233.0,
        "max_ns": 1000070.0,
        "variance_ns2": 9021497581.626772,
        "iqr_ns": 3235.2262793820055,
        "q1_ns": 3307.646290222773,
        "q3_ns": 6542.872569604779
      },
      "first_seen_ts_ns": 1747523962988624628,
      "last_seen_ts_ns": 1747524074014807919,
      "duration_active_s": 111.026183291
    },
    {
      "tgid": 579,
      "comm": "lmp",
      "cgroup_id": 11321,
      "on_cpu_stats_ns": {
        "count": 2.0,
        "sum_ns": 3612672.666666667,
        "mean_ns": 1806336.3333333335,
        "median_ns": 2041015.0,
        "min_ns": 1571657.6666666667,
        "max_ns": 2041015.0,
        "variance_ns2": 110148153176.8888,
        "iqr_ns": 469357.33333333326,
        "q1_ns": 1571657.6666666667,
        "q3_ns": 2041015.0
      },
      "runq_latency_stats_ns": {
        "count": 2.0,
        "sum_ns": 1007470.3333333333,
        "mean_ns": 503735.1666666666,
        "median_ns": 1003819.0,
        "min_ns": 3651.3333333333335,
        "max_ns": 1003819.0,
        "variance_ns2": 500167680722.7222,
        "iqr_ns": 1000167.6666666666,
        "q1_ns": 3651.3333333333335,
        "q3_ns": 1003819.0
      },
      "first_seen_ts_ns": 1747523966245285388,
      "last_seen_ts_ns": 1747524027712410817,
      "duration_active_s": 61.467125429
    },
    {
      "tgid": 738,
      "comm": "lmp",
      "cgroup_id": 11321,
      "on_cpu_stats_ns": {
        "count": 113.0,
        "sum_ns": 3264066.0,
        "mean_ns": 28885.53982300885,
        "median_ns": 23397.312195251427,
        "min_ns": 8672.0,
        "max_ns": 81677.0,
        "variance_ns2": 194943557.0006321,
        "iqr_ns": 18407.421635292827,
        "q1_ns": 21044.50223645073,
        "q3_ns": 39451.92387174356
      },
      "runq_latency_stats_ns": {
        "count": 113.0,
        "sum_ns": 2470534.0000000023,
        "mean_ns": 21863.132743362854,
        "median_ns": 4673.379436554446,
        "min_ns": 1197.0,
        "max_ns": 1909533.0,
        "variance_ns2": 32129011840.52689,
        "iqr_ns": 1745.4817058533736,
        "q1_ns": 3521.143331275841,
        "q3_ns": 5266.625037129214
      },
      "first_seen_ts_ns": 1747523965632610779,
      "last_seen_ts_ns": 1747524074428837578,
      "duration_active_s": 108.796226799
    },
    {
      "tgid": 619,
      "comm": "lmp",
      "cgroup_id": 11321,
      "on_cpu_stats_ns": {
        "count": 122.0,
        "sum_ns": 3135791.5,
        "mean_ns": 25703.20901639344,
        "median_ns": 21841.17001900364,
        "min_ns": 5148.0,
        "max_ns": 78165.0,
        "variance_ns2": 201762288.69355443,
        "iqr_ns": 17656.39552518105,
        "q1_ns": 16229.518396315409,
        "q3_ns": 33885.91392149646
      },
      "runq_latency_stats_ns": {
        "count": 122.0,
        "sum_ns": 4856394.500000003,
        "mean_ns": 39806.51229508199,
        "median_ns": 3892.4352991760516,
        "min_ns": 1026.0,
        "max_ns": 3996381.0,
        "variance_ns2": 130614978547.31602,
        "iqr_ns": 10858.670989055034,
        "q1_ns": 3164.9582103160606,
        "q3_ns": 14023.629199371095
      },
      "first_seen_ts_ns": 1747523966758400396,
      "last_seen_ts_ns": 1747524074428837578,
      "duration_active_s": 107.670437182
    },
    {
      "tgid": 633,
      "comm": "lmp",
      "cgroup_id": 11321,
      "on_cpu_stats_ns": {
        "count": 97.0,
        "sum_ns": 3060448.3333333344,
        "mean_ns": 31551.01374570448,
        "median_ns": 24598.200394519423,
        "min_ns": 10413.0,
        "max_ns": 286885.0,
        "variance_ns2": 1496698301.9158974,
        "iqr_ns": 4035.1344691695267,
        "q1_ns": 23176.355324146774,
        "q3_ns": 27211.4897933163
      },
      "runq_latency_stats_ns": {
        "count": 97.0,
        "sum_ns": 10189629.0,
        "mean_ns": 105047.72164948453,
        "median_ns": 4615.7178822748065,
        "min_ns": 996.0,
        "max_ns": 2972635.0,
        "variance_ns2": 184285049950.78113,
        "iqr_ns": 4959.684387412019,
        "q1_ns": 3380.3708379964464,
        "q3_ns": 8340.055225408465
      },
      "first_seen_ts_ns": 1747523960563055023,
      "last_seen_ts_ns": 1747524073272590567,
      "duration_active_s": 112.709535544
    },
    {
      "tgid": 558,
      "comm": "lmp",
      "cgroup_id": 11321,
      "on_cpu_stats_ns": {
        "count": 193.0,
        "sum_ns": 2906887.0,
        "mean_ns": 15061.590673575129,
        "median_ns": 15169.487235347262,
        "min_ns": 4042.0,
        "max_ns": 35734.0,
        "variance_ns2": 43149629.81595426,
        "iqr_ns": 9478.55805524218,
        "q1_ns": 10603.654271732548,
        "q3_ns": 20082.212326974728
      },
      "runq_latency_stats_ns": {
        "count": 193.0,
        "sum_ns": 2944313.0,
        "mean_ns": 15255.507772020725,
        "median_ns": 4062.276907490634,
        "min_ns": 1004.0,
        "max_ns": 2000621.0,
        "variance_ns2": 20656859528.032482,
        "iqr_ns": 1587.1844728952738,
        "q1_ns": 3206.2031618939573,
        "q3_ns": 4793.387634789231
      },
      "first_seen_ts_ns": 1747523857166939900,
      "last_seen_ts_ns": 1747523959417546465,
      "duration_active_s": 102.250606565
    },
    {
      "tgid": 551,
      "comm": "lmp",
      "cgroup_id": 11321,
      "on_cpu_stats_ns": {
        "count": 194.0,
        "sum_ns": 2855754.9999999995,
        "mean_ns": 14720.386597938143,
        "median_ns": 14485.5274552012,
        "min_ns": 3410.0,
        "max_ns": 38608.0,
        "variance_ns2": 40632173.305726185,
        "iqr_ns": 10320.978555251942,
        "q1_ns": 10017.732760937437,
        "q3_ns": 20338.71131618938
      },
      "runq_latency_stats_ns": {
        "count": 194.0,
        "sum_ns": 2980660.0,
        "mean_ns": 15364.226804123711,
        "median_ns": 3925.2397618150703,
        "min_ns": 1435.0,
        "max_ns": 2000617.0,
        "variance_ns2": 20547075603.347256,
        "iqr_ns": 1371.5273503353992,
        "q1_ns": 2889.0662890548556,
        "q3_ns": 4260.593639390255
      },
      "first_seen_ts_ns": 1747523857166939900,
      "last_seen_ts_ns": 1747523959004306685,
      "duration_active_s": 101.837366785
    },
    {
      "tgid": 830,
      "comm": "lmp",
      "cgroup_id": 11321,
      "on_cpu_stats_ns": {
        "count": 108.0,
        "sum_ns": 2824123.9999999995,
        "mean_ns": 26149.296296296292,
        "median_ns": 27469.570046982863,
        "min_ns": 9630.0,
        "max_ns": 49915.0,
        "variance_ns2": 79529858.60297686,
        "iqr_ns": 15035.901014215218,
        "q1_ns": 18596.05957547581,
        "q3_ns": 33631.96058969103
      },
      "runq_latency_stats_ns": {
        "count": 108.0,
        "sum_ns": 593324.0000000001,
        "mean_ns": 5493.740740740742,
        "median_ns": 5449.427783125758,
        "min_ns": 2165.0,
        "max_ns": 10388.0,
        "variance_ns2": 2436751.633091035,
        "iqr_ns": 2092.7164538906145,
        "q1_ns": 4166.055862986097,
        "q3_ns": 6258.772316876712
      },
      "first_seen_ts_ns": 1747524081106019420,
      "last_seen_ts_ns": 1747524189097277297,
      "duration_active_s": 107.991257877
    },
    {
      "tgid": 728,
      "comm": "lmp",
      "cgroup_id": 11321,
      "on_cpu_stats_ns": {
        "count": 81.0,
        "sum_ns": 2518063.2500000005,
        "mean_ns": 31087.200617283954,
        "median_ns": 27680.565549145882,
        "min_ns": 6400.0,
        "max_ns": 218898.75,
        "variance_ns2": 654474388.2381558,
        "iqr_ns": 10699.595440518984,
        "q1_ns": 23287.26325861027,
        "q3_ns": 33986.858699129254
      },
      "runq_latency_stats_ns": {
        "count": 81.0,
        "sum_ns": 5834729.250000003,
        "mean_ns": 72033.69444444448,
        "median_ns": 6142.094947732767,
        "min_ns": 1735.0,
        "max_ns": 2994509.0,
        "variance_ns2": 159526250691.5438,
        "iqr_ns": 6682.735231740461,
        "q1_ns": 3930.7145012192987,
        "q3_ns": 10613.44973295976
      },
      "first_seen_ts_ns": 1747523960145972517,
      "last_seen_ts_ns": 1747524073272590567,
      "duration_active_s": 113.12661805
    },
    {
      "tgid": 639,
      "comm": "lmp",
      "cgroup_id": 11321,
      "on_cpu_stats_ns": {
        "count": 98.0,
        "sum_ns": 2494811.0000000005,
        "mean_ns": 25457.25510204082,
        "median_ns": 24424.63521671012,
        "min_ns": 10385.0,
        "max_ns": 55952.0,
        "variance_ns2": 57219380.39816955,
        "iqr_ns": 6611.302606654026,
        "q1_ns": 21813.109878658186,
        "q3_ns": 28424.412485312212
      },
      "runq_latency_stats_ns": {
        "count": 98.0,
        "sum_ns": 8284790.500000002,
        "mean_ns": 84538.6785714286,
        "median_ns": 4539.367322074892,
        "min_ns": 1253.0,
        "max_ns": 3999033.0,
        "variance_ns2": 251931873129.55792,
        "iqr_ns": 10658.859731489938,
        "q1_ns": 3214.275553949476,
        "q3_ns": 13873.135285439414
      },
      "first_seen_ts_ns": 1747523964416829619,
      "last_seen_ts_ns": 1747524073272590567,
      "duration_active_s": 108.855760948
    },
    {
      "tgid": 607,
      "comm": "lmp",
      "cgroup_id": 11321,
      "on_cpu_stats_ns": {
        "count": 85.0,
        "sum_ns": 2474374.0999999996,
        "mean_ns": 29110.28352941176,
        "median_ns": 25208.951184947127,
        "min_ns": 11860.6,
        "max_ns": 133557.5,
        "variance_ns2": 219045221.0925827,
        "iqr_ns": 11463.137170313203,
        "q1_ns": 20127.880255214175,
        "q3_ns": 31591.017425527378
      },
      "runq_latency_stats_ns": {
        "count": 85.0,
        "sum_ns": 8056570.250000004,
        "mean_ns": 94783.17941176475,
        "median_ns": 4192.818485661714,
        "min_ns": 1725.0,
        "max_ns": 4001212.0,
        "variance_ns2": 291747427654.2121,
        "iqr_ns": 519.0030303109079,
        "q1_ns": 3082.2241080863714,
        "q3_ns": 3601.2271383972793
      },
      "first_seen_ts_ns": 1747523968589420717,
      "last_seen_ts_ns": 1747524073272590567,
      "duration_active_s": 104.68316985
    },
    {
      "tgid": 629,
      "comm": "lmp",
      "cgroup_id": 11321,
      "on_cpu_stats_ns": {
        "count": 89.0,
        "sum_ns": 2460140.9999999995,
        "mean_ns": 27642.03370786516,
        "median_ns": 24633.05748284627,
        "min_ns": 8794.0,
        "max_ns": 78725.0,
        "variance_ns2": 142875608.55566904,
        "iqr_ns": 3964.1714307121765,
        "q1_ns": 21890.432014689173,
        "q3_ns": 25854.60344540135
      },
      "runq_latency_stats_ns": {
        "count": 89.0,
        "sum_ns": 7752587.000000003,
        "mean_ns": 87107.71910112363,
        "median_ns": 4179.245976129139,
        "min_ns": 1312.0,
        "max_ns": 4000956.0,
        "variance_ns2": 275586374078.9314,
        "iqr_ns": 9585.957835732926,
        "q1_ns": 3294.4550588529523,
        "q3_ns": 12880.41289458588
      },
      "first_seen_ts_ns": 1747523964824007647,
      "last_seen_ts_ns": 1747524074732953681,
      "duration_active_s": 109.908946034
    },
    {
      "tgid": 689,
      "comm": "lmp",
      "cgroup_id": 11321,
      "on_cpu_stats_ns": {
        "count": 87.0,
        "sum_ns": 2456339.000000001,
        "mean_ns": 28233.781609195412,
        "median_ns": 27439.81518641315,
        "min_ns": 7811.0,
        "max_ns": 110943.0,
        "variance_ns2": 180426098.31221604,
        "iqr_ns": 14512.747321896342,
        "q1_ns": 18588.939314300187,
        "q3_ns": 33101.68663619653
      },
      "runq_latency_stats_ns": {
        "count": 87.0,
        "sum_ns": 13846724.000000004,
        "mean_ns": 159157.74712643682,
        "median_ns": 4546.325703328588,
        "min_ns": 1766.0,
        "max_ns": 3014652.0,
        "variance_ns2": 415983152322.91223,
        "iqr_ns": 5780.271849976848,
        "q1_ns": 3961.9868297373696,
        "q3_ns": 9742.258679714218
      },
      "first_seen_ts_ns": 1747523960145972517,
      "last_seen_ts_ns": 1747524073272590567,
      "duration_active_s": 113.12661805
    },
    {
      "tgid": 603,
      "comm": "lmp",
      "cgroup_id": 11321,
      "on_cpu_stats_ns": {
        "count": 88.0,
        "sum_ns": 2412772.0,
        "mean_ns": 27417.863636363636,
        "median_ns": 26144.386264081077,
        "min_ns": 7376.0,
        "max_ns": 103381.0,
        "variance_ns2": 153274388.831766,
        "iqr_ns": 11940.406007422142,
        "q1_ns": 20223.65735783973,
        "q3_ns": 32164.06336526187
      },
      "runq_latency_stats_ns": {
        "count": 88.0,
        "sum_ns": 8134438.000000002,
        "mean_ns": 92436.79545454547,
        "median_ns": 4804.791191088431,
        "min_ns": 1487.0,
        "max_ns": 3000359.0,
        "variance_ns2": 177213169846.23358,
        "iqr_ns": 148000.9788722068,
        "q1_ns": 4154.9305651947,
        "q3_ns": 152155.90943740148
      },
      "first_seen_ts_ns": 1747523960563055023,
      "last_seen_ts_ns": 1747524074014807919,
      "duration_active_s": 113.451752896
    },
    {
      "tgid": 734,
      "comm": "lmp",
      "cgroup_id": 11321,
      "on_cpu_stats_ns": {
        "count": 84.0,
        "sum_ns": 2406244.0,
        "mean_ns": 28645.761904761905,
        "median_ns": 26456.0155011832,
        "min_ns": 10226.666666666666,
        "max_ns": 120798.0,
        "variance_ns2": 197244905.88104805,
        "iqr_ns": 7986.3664235852775,
        "q1_ns": 23343.795281529143,
        "q3_ns": 31330.16170511442
      },
      "runq_latency_stats_ns": {
        "count": 84.0,
        "sum_ns": 9502720.333333338,
        "mean_ns": 113127.62301587306,
        "median_ns": 3777.460180838929,
        "min_ns": 1675.0,
        "max_ns": 3998551.0,
        "variance_ns2": 311790195351.6006,
        "iqr_ns": 2616.9795402703357,
        "q1_ns": 3866.9202342845774,
        "q3_ns": 6483.899774554913
      },
      "first_seen_ts_ns": 1747523966245285388,
      "last_seen_ts_ns": 1747524074014807919,
      "duration_active_s": 107.769522531
    },
    {
      "tgid": 724,
      "comm": "lmp",
      "cgroup_id": 11321,
      "on_cpu_stats_ns": {
        "count": 85.0,
        "sum_ns": 2358600.5,
        "mean_ns": 27748.24117647059,
        "median_ns": 26241.75400085104,
        "min_ns": 7190.0,
        "max_ns": 179301.5,
        "variance_ns2": 382659959.7655461,
        "iqr_ns": 10237.017762070514,
        "q1_ns": 21624.290985688756,
        "q3_ns": 31861.30874775927
      },
      "runq_latency_stats_ns": {
        "count": 85.0,
        "sum_ns": 494230572.5000002,
        "mean_ns": 5814477.323529414,
        "median_ns": 4161.224203382834,
        "min_ns": 1364.5,
        "max_ns": 491998437.0,
        "variance_ns2": 2847503198509735.0,
        "iqr_ns": 8389.670067778217,
        "q1_ns": 3595.4526988537787,
        "q3_ns": 11985.122766631996
      },
      "first_seen_ts_ns": 1747523966245285388,
      "last_seen_ts_ns": 1747524074014807919,
      "duration_active_s": 107.769522531
    },
    {
      "tgid": 808,
      "comm": "lmp",
      "cgroup_id": 11321,
      "on_cpu_stats_ns": {
        "count": 87.0,
        "sum_ns": 2351123.5,
        "mean_ns": 27024.408045977012,
        "median_ns": 26488.577769351334,
        "min_ns": 5932.0,
        "max_ns": 94789.0,
        "variance_ns2": 98855527.78795777,
        "iqr_ns": 7080.083897937286,
        "q1_ns": 23219.950054764868,
        "q3_ns": 30300.033952702153
      },
      "runq_latency_stats_ns": {
        "count": 86.0,
        "sum_ns": 7034884.0,
        "mean_ns": 81800.97674418605,
        "median_ns": 5466.101998312705,
        "min_ns": 1102.0,
        "max_ns": 2999574.0,
        "variance_ns2": 161231061223.50534,
        "iqr_ns": 6510.368846192152,
        "q1_ns": 4014.317846784699,
        "q3_ns": 10524.686692976851
      },
      "first_seen_ts_ns": 1747524075576045399,
      "last_seen_ts_ns": 1747524186268344752,
      "duration_active_s": 110.692299353
    },
    {
      "tgid": 732,
      "comm": "lmp",
      "cgroup_id": 11321,
      "on_cpu_stats_ns": {
        "count": 78.0,
        "sum_ns": 2214806.9999999995,
        "mean_ns": 28394.961538461535,
        "median_ns": 27255.080959042647,
        "min_ns": 12341.0,
        "max_ns": 54469.0,
        "variance_ns2": 77182630.11538462,
        "iqr_ns": 6998.094028869858,
        "q1_ns": 23283.110085000877,
        "q3_ns": 30281.204113870735
      },
      "runq_latency_stats_ns": {
        "count": 78.0,
        "sum_ns": 6633579.999999999,
        "mean_ns": 85045.89743589742,
        "median_ns": 4588.318125821763,
        "min_ns": 1269.0,
        "max_ns": 3001090.0,
        "variance_ns2": 225487425457.13217,
        "iqr_ns": 6347.123981116145,
        "q1_ns": 3840.4747140179497,
        "q3_ns": 10187.598695134095
      },
      "first_seen_ts_ns": 1747523972145678455,
      "last_seen_ts_ns": 1747524073272590567,
      "duration_active_s": 101.126912112
    },
    {
      "tgid": 703,
      "comm": "lmp",
      "cgroup_id": 11321,
      "on_cpu_stats_ns": {
        "count": 101.0,
        "sum_ns": 2104623.1333333342,
        "mean_ns": 20837.852805280538,
        "median_ns": 20801.472799049312,
        "min_ns": 5460.0,
        "max_ns": 61405.0,
        "variance_ns2": 96904104.3726281,
        "iqr_ns": 8812.90621516452,
        "q1_ns": 14786.249626474295,
        "q3_ns": 23599.155841638814
      },
      "runq_latency_stats_ns": {
        "count": 100.0,
        "sum_ns": 5199783.466666666,
        "mean_ns": 51997.834666666655,
        "median_ns": 4654.225910528581,
        "min_ns": 1319.0,
        "max_ns": 2000669.0,
        "variance_ns2": 62051560371.5892,
        "iqr_ns": 2391.379734463176,
        "q1_ns": 3175.3496896405036,
        "q3_ns": 5566.72942410368
      },
      "first_seen_ts_ns": 1747523963909617666,
      "last_seen_ts_ns": 1747524074014807919,
      "duration_active_s": 110.105190253
    },
    {
      "tgid": 711,
      "comm": "lmp",
      "cgroup_id": 11321,
      "on_cpu_stats_ns": {
        "count": 97.0,
        "sum_ns": 2072007.9999999995,
        "mean_ns": 21360.90721649484,
        "median_ns": 21411.217301501423,
        "min_ns": 5127.0,
        "max_ns": 66227.0,
        "variance_ns2": 80323637.10588485,
        "iqr_ns": 6420.133392489952,
        "q1_ns": 17397.771647755257,
        "q3_ns": 23817.90504024521
      },
      "runq_latency_stats_ns": {
        "count": 95.0,
        "sum_ns": 10552853.000000007,
        "mean_ns": 111082.66315789481,
        "median_ns": 5196.291994892625,
        "min_ns": 1262.0,
        "max_ns": 2996993.0,
        "variance_ns2": 180819545656.4811,
        "iqr_ns": 327085.51066480984,
        "q1_ns": 4260.16580156366,
        "q3_ns": 331345.6764663735
      },
      "first_seen_ts_ns": 1747523966245285388,
      "last_seen_ts_ns": 1747524074014807919,
      "duration_active_s": 107.769522531
    },
    {
      "tgid": 614,
      "comm": "lmp",
      "cgroup_id": 11321,
      "on_cpu_stats_ns": {
        "count": 85.0,
        "sum_ns": 1912136.9999999998,
        "mean_ns": 22495.729411764703,
        "median_ns": 22504.006953176482,
        "min_ns": 9475.0,
        "max_ns": 40582.0,
        "variance_ns2": 33716180.247338906,
        "iqr_ns": 6900.529073517886,
        "q1_ns": 18789.552038413673,
        "q3_ns": 25690.08111193156
      },
      "runq_latency_stats_ns": {
        "count": 85.0,
        "sum_ns": 2541408.000000001,
        "mean_ns": 29898.917647058835,
        "median_ns": 3840.6622243737684,
        "min_ns": 1780.0,
        "max_ns": 1998277.0,
        "variance_ns2": 46844680883.31456,
        "iqr_ns": 6886.234654724163,
        "q1_ns": 3001.863028263269,
        "q3_ns": 9888.097682987433
      },
      "first_seen_ts_ns": 1747523969196249495,
      "last_seen_ts_ns": 1747524074530771796,
      "duration_active_s": 105.334522301
    },
    {
      "tgid": 740,
      "comm": "lmp",
      "cgroup_id": 11321,
      "on_cpu_stats_ns": {
        "count": 81.0,
        "sum_ns": 1912111.0000000002,
        "mean_ns": 23606.308641975313,
        "median_ns": 22452.880216731533,
        "min_ns": 7101.0,
        "max_ns": 55937.0,
        "variance_ns2": 52293272.491049394,
        "iqr_ns": 7069.713292329245,
        "q1_ns": 18981.531750940856,
        "q3_ns": 26051.2450432701
      },
      "runq_latency_stats_ns": {
        "count": 81.0,
        "sum_ns": 8230266.500000002,
        "mean_ns": 101608.22839506176,
        "median_ns": 5942.347638336089,
        "min_ns": 2056.0,
        "max_ns": 4003453.0,
        "variance_ns2": 305881078337.6503,
        "iqr_ns": 3453.1622170988335,
        "q1_ns": 3700.455775707031,
        "q3_ns": 7153.617992805865
      },
      "first_seen_ts_ns": 1747523972043143079,
      "last_seen_ts_ns": 1747524074014807919,
      "duration_active_s": 101.97166484
    },
    {
      "tgid": 627,
      "comm": "lmp",
      "cgroup_id": 11321,
      "on_cpu_stats_ns": {
        "count": 87.0,
        "sum_ns": 1852271.0000000012,
        "mean_ns": 21290.47126436783,
        "median_ns": 21055.858044289333,
        "min_ns": 4388.0,
        "max_ns": 79972.0,
        "variance_ns2": 67744472.39160651,
        "iqr_ns": 4524.091945607812,
        "q1_ns": 18904.33691531504,
        "q3_ns": 23428.428860922853
      },
      "runq_latency_stats_ns": {
        "count": 86.0,
        "sum_ns": 2233734.999999999,
        "mean_ns": 25973.662790697665,
        "median_ns": 4218.687285595857,
        "min_ns": 984.0,
        "max_ns": 1238268.0,
        "variance_ns2": 21807037255.708485,
        "iqr_ns": 3987.505889251121,
        "q1_ns": 3584.784127610558,
        "q3_ns": 7572.290016861679
      },
      "first_seen_ts_ns": 1747523964112863826,
      "last_seen_ts_ns": 1747524074014807919,
      "duration_active_s": 109.901944093
    },
    {
      "tgid": 623,
      "comm": "lmp",
      "cgroup_id": 11321,
      "on_cpu_stats_ns": {
        "count": 79.0,
        "sum_ns": 1626269.9999999998,
        "mean_ns": 20585.696202531642,
        "median_ns": 21562.81633599653,
        "min_ns": 10488.0,
        "max_ns": 33141.0,
        "variance_ns2": 25887960.82960077,
        "iqr_ns": 8731.714454704193,
        "q1_ns": 15633.273611186316,
        "q3_ns": 24364.98806589051
      },
      "runq_latency_stats_ns": {
        "count": 79.0,
        "sum_ns": 2314260.0,
        "mean_ns": 29294.43037974684,
        "median_ns": 4909.25588199845,
        "min_ns": 1362.0,
        "max_ns": 1998251.0,
        "variance_ns2": 50347560256.47906,
        "iqr_ns": 1301.0763875299676,
        "q1_ns": 3668.0337692434928,
        "q3_ns": 4969.11015677346
      },
      "first_seen_ts_ns": 1747523990271061064,
      "last_seen_ts_ns": 1747524073169765324,
      "duration_active_s": 82.89870426
    },
    {
      "tgid": 585,
      "comm": "lmp",
      "cgroup_id": 11321,
      "on_cpu_stats_ns": {
        "count": 74.0,
        "sum_ns": 1583040.0000000002,
        "mean_ns": 21392.432432432437,
        "median_ns": 19793.367418915623,
        "min_ns": 6970.0,
        "max_ns": 51050.0,
        "variance_ns2": 103908454.22824876,
        "iqr_ns": 13208.71800385745,
        "q1_ns": 15240.357249628616,
        "q3_ns": 28449.075253486066
      },
      "runq_latency_stats_ns": {
        "count": 73.0,
        "sum_ns": 10430436.333333334,
        "mean_ns": 142882.6894977169,
        "median_ns": 4353.729682465371,
        "min_ns": 724.8333333333334,
        "max_ns": 4000658.0,
        "variance_ns2": 366574110464.6421,
        "iqr_ns": 1857.8635240184167,
        "q1_ns": 2913.5578983697023,
        "q3_ns": 4771.421422388119
      },
      "first_seen_ts_ns": 1747523962374941689,
      "last_seen_ts_ns": 1747524045736364255,
      "duration_active_s": 83.361422566
    },
    {
      "tgid": 328,
      "comm": "python3",
      "cgroup_id": 11084,
      "on_cpu_stats_ns": {
        "count": 90.0,
        "sum_ns": 1497809.4382716047,
        "mean_ns": 16642.327091906718,
        "median_ns": 17873.137204166476,
        "min_ns": 5539.0,
        "max_ns": 39745.0,
        "variance_ns2": 40937808.68859101,
        "iqr_ns": 10329.744879023352,
        "q1_ns": 10162.62034632436,
        "q3_ns": 20492.365225347712
      },
      "runq_latency_stats_ns": {
        "count": 90.0,
        "sum_ns": 549522.6322751326,
        "mean_ns": 6105.80702527925,
        "median_ns": 6190.463462559096,
        "min_ns": 1221.7037037037037,
        "max_ns": 12050.0,
        "variance_ns2": 2834577.5822553574,
        "iqr_ns": 1698.8789611944849,
        "q1_ns": 5294.105456536682,
        "q3_ns": 6992.984417731167
      },
      "first_seen_ts_ns": 1747523846973813666,
      "last_seen_ts_ns": 1747524206968182769,
      "duration_active_s": 359.994369103
    },
    {
      "tgid": 28,
      "comm": "bash",
      "cgroup_id": 10926,
      "on_cpu_stats_ns": {
        "count": 101.0,
        "sum_ns": 1384076.55719323,
        "mean_ns": 13703.728289041881,
        "median_ns": 12168.480340122003,
        "min_ns": 4312.0,
        "max_ns": 28162.0,
        "variance_ns2": 40039949.76709254,
        "iqr_ns": 11361.343817407316,
        "q1_ns": 7689.141624919314,
        "q3_ns": 19050.48544232663
      },
      "runq_latency_stats_ns": {
        "count": 101.0,
        "sum_ns": 584559.388250288,
        "mean_ns": 5787.716715349386,
        "median_ns": 6210.209960698229,
        "min_ns": 1071.6741573033707,
        "max_ns": 11727.0,
        "variance_ns2": 4395666.934130079,
        "iqr_ns": 1253.914655894684,
        "q1_ns": 5621.528219293974,
        "q3_ns": 6875.442875188658
      },
      "first_seen_ts_ns": 1747523846973813666,
      "last_seen_ts_ns": 1747524206968182769,
      "duration_active_s": 359.994369103
    },
    {
      "tgid": 169,
      "comm": "connector-local",
      "cgroup_id": 11321,
      "on_cpu_stats_ns": {
        "count": 94.0,
        "sum_ns": 1381788.1012606793,
        "mean_ns": 14699.873417666802,
        "median_ns": 15376.36112848012,
        "min_ns": 4697.0,
        "max_ns": 30725.0,
        "variance_ns2": 46589526.75930375,
        "iqr_ns": 12594.111972166347,
        "q1_ns": 8239.484629993081,
        "q3_ns": 20833.59660215943
      },
      "runq_latency_stats_ns": {
        "count": 94.0,
        "sum_ns": 519647.6046896922,
        "mean_ns": 5528.166007337151,
        "median_ns": 5718.521151601061,
        "min_ns": 1052.625,
        "max_ns": 9118.0,
        "variance_ns2": 2149198.5390577386,
        "iqr_ns": 1259.2433512673515,
        "q1_ns": 5061.362738012732,
        "q3_ns": 6320.606089280083
      },
      "first_seen_ts_ns": 1747523846973813666,
      "last_seen_ts_ns": 1747524206968182769,
      "duration_active_s": 359.994369103
    },
    {
      "tgid": 169,
      "comm": "kvs-watch",
      "cgroup_id": 11321,
      "on_cpu_stats_ns": {
        "count": 91.0,
        "sum_ns": 1342965.4838398828,
        "mean_ns": 14757.862459778931,
        "median_ns": 14247.450159136913,
        "min_ns": 5003.0,
        "max_ns": 29275.0,
        "variance_ns2": 40972422.85148315,
        "iqr_ns": 11643.857907525664,
        "q1_ns": 8935.725729784273,
        "q3_ns": 20579.583637309937
      },
      "runq_latency_stats_ns": {
        "count": 91.0,
        "sum_ns": 528570.2102935225,
        "mean_ns": 5808.463849379368,
        "median_ns": 5839.358199808266,
        "min_ns": 1122.0224719101125,
        "max_ns": 13328.0,
        "variance_ns2": 3067690.280416355,
        "iqr_ns": 1203.288316775196,
        "q1_ns": 5306.565653695841,
        "q3_ns": 6509.853970471037
      },
      "first_seen_ts_ns": 1747523846973813666,
      "last_seen_ts_ns": 1747524206968182769,
      "duration_active_s": 359.994369103
    },
    {
      "tgid": 665,
      "comm": "lmp",
      "cgroup_id": 11321,
      "on_cpu_stats_ns": {
        "count": 131.0,
        "sum_ns": 1285884.1716033546,
        "mean_ns": 9815.909706895836,
        "median_ns": 9015.067507055868,
        "min_ns": 6345.035714285715,
        "max_ns": 28567.666666666668,
        "variance_ns2": 9422806.217703324,
        "iqr_ns": 2367.140848234859,
        "q1_ns": 7895.28525809692,
        "q3_ns": 10262.426106331779
      },
      "runq_latency_stats_ns": {
        "count": 131.0,
        "sum_ns": 4694264.561367386,
        "mean_ns": 35834.08062112508,
        "median_ns": 3257.794988411025,
        "min_ns": 1356.375,
        "max_ns": 542028.7407407408,
        "variance_ns2": 6481100139.145486,
        "iqr_ns": 45818.38614824681,
        "q1_ns": 1852.410313248714,
        "q3_ns": 47670.79646149553
      },
      "first_seen_ts_ns": 1747523969094358771,
      "last_seen_ts_ns": 1747524074122003433,
      "duration_active_s": 105.027644662
    },
    {
      "tgid": 169,
      "comm": "job-ingest",
      "cgroup_id": 11321,
      "on_cpu_stats_ns": {
        "count": 90.0,
        "sum_ns": 1251331.2380214392,
        "mean_ns": 13903.680422460435,
        "median_ns": 13064.156233081496,
        "min_ns": 4236.0,
        "max_ns": 33270.0,
        "variance_ns2": 47153155.95964817,
        "iqr_ns": 11654.486490419034,
        "q1_ns": 8266.464613236547,
        "q3_ns": 19920.95110365558
      },
      "runq_latency_stats_ns": {
        "count": 90.0,
        "sum_ns": 539617.0300916957,
        "mean_ns": 5995.744778796619,
        "median_ns": 6285.046373234052,
        "min_ns": 1101.191011235955,
        "max_ns": 12957.0,
        "variance_ns2": 3588440.6383052594,
        "iqr_ns": 1857.7258217905828,
        "q1_ns": 4993.214236430414,
        "q3_ns": 6850.940058220996
      },
      "first_seen_ts_ns": 1747523846973813666,
      "last_seen_ts_ns": 1747524206968182769,
      "duration_active_s": 359.994369103
    },
    {
      "tgid": 668,
      "comm": "lmp",
      "cgroup_id": 11321,
      "on_cpu_stats_ns": {
        "count": 143.0,
        "sum_ns": 1250398.8155549434,
        "mean_ns": 8744.04766122338,
        "median_ns": 8444.66472069006,
        "min_ns": 7075.473684210527,
        "max_ns": 24632.0,
        "variance_ns2": 5067103.7797665065,
        "iqr_ns": 1218.1739658945362,
        "q1_ns": 7567.093234494058,
        "q3_ns": 8785.267200388595
      },
      "runq_latency_stats_ns": {
        "count": 143.0,
        "sum_ns": 304164.49055339873,
        "mean_ns": 2127.0244094643267,
        "median_ns": 1828.9085235157625,
        "min_ns": 1087.6666666666667,
        "max_ns": 16209.421052631578,
        "variance_ns2": 2779570.3257054267,
        "iqr_ns": 1359.5010017684317,
        "q1_ns": 1348.7256705057075,
        "q3_ns": 2708.226672274139
      },
      "first_seen_ts_ns": 1747523961113010878,
      "last_seen_ts_ns": 1747524074122003433,
      "duration_active_s": 113.008992555
    },
    {
      "tgid": 544,
      "comm": "lmp",
      "cgroup_id": 11321,
      "on_cpu_stats_ns": {
        "count": 107.0,
        "sum_ns": 1037042.2030115805,
        "mean_ns": 9691.983205715705,
        "median_ns": 6616.381465766323,
        "min_ns": 2768.4920634920636,
        "max_ns": 155918.0,
        "variance_ns2": 223161354.02751663,
        "iqr_ns": 4566.256901917557,
        "q1_ns": 5327.234498712603,
        "q3_ns": 9893.49140063016
      },
      "runq_latency_stats_ns": {
        "count": 107.0,
        "sum_ns": 1580219.2470623248,
        "mean_ns": 14768.404178152568,
        "median_ns": 4283.407194212375,
        "min_ns": 861.7964824120603,
        "max_ns": 1117118.0,
        "variance_ns2": 11583256288.655478,
        "iqr_ns": 1561.422031722259,
        "q1_ns": 3212.728420280735,
        "q3_ns": 4774.150452002994
      },
      "first_seen_ts_ns": 1747523848291630417,
      "last_seen_ts_ns": 1747523892514763515,
      "duration_active_s": 44.223133098
    },
    {
      "tgid": 750,
      "comm": "lmp",
      "cgroup_id": 11321,
      "on_cpu_stats_ns": {
        "count": 116.0,
        "sum_ns": 964002.0594498755,
        "mean_ns": 8310.362581464444,
        "median_ns": 7132.044610655959,
        "min_ns": 6032.5,
        "max_ns": 38351.0,
        "variance_ns2": 20862502.045173503,
        "iqr_ns": 871.2651016882528,
        "q1_ns": 6654.659139903478,
        "q3_ns": 7525.924241591731
      },
      "runq_latency_stats_ns": {
        "count": 116.0,
        "sum_ns": 372359.34297079325,
        "mean_ns": 3209.9943359551144,
        "median_ns": 1202.5223513355875,
        "min_ns": 1026.375,
        "max_ns": 102833.35897435897,
        "variance_ns2": 155211751.02356428,
        "iqr_ns": 583.1039662499884,
        "q1_ns": 1165.7741266809721,
        "q3_ns": 1748.8780929309605
      },
      "first_seen_ts_ns": 1747524103122053181,
      "last_seen_ts_ns": 1747524189097277297,
      "duration_active_s": 85.975224116
    },
    {
      "tgid": 59,
      "comm": "bash",
      "cgroup_id": 11084,
      "on_cpu_stats_ns": {
        "count": 38.0,
        "sum_ns": 849856.8333333334,
        "mean_ns": 22364.65350877193,
        "median_ns": 18972.090902297867,
        "min_ns": 6401.0,
        "max_ns": 57703.0,
        "variance_ns2": 159545431.7558282,
        "iqr_ns": 19674.341407593594,
        "q1_ns": 10873.76240341738,
        "q3_ns": 30548.103811010977
      },
      "runq_latency_stats_ns": {
        "count": 38.0,
        "sum_ns": 3142271.083333333,
        "mean_ns": 82691.3442982456,
        "median_ns": 2753.9271168232053,
        "min_ns": 1353.5,
        "max_ns": 2988937.0,
        "variance_ns2": 234511936642.29507,
        "iqr_ns": 583.2169861702992,
        "q1_ns": 2478.7316900520295,
        "q3_ns": 3061.9486762223287
      },
      "first_seen_ts_ns": 1747523848503395443,
      "last_seen_ts_ns": 1747524185854823347,
      "duration_active_s": 337.351427904
    },
    {
      "tgid": 169,
      "comm": "barrier",
      "cgroup_id": 11321,
      "on_cpu_stats_ns": {
        "count": 9.0,
        "sum_ns": 745650.5,
        "mean_ns": 82850.05555555556,
        "median_ns": 17532.333333333332,
        "min_ns": 9662.0,
        "max_ns": 497162.5,
        "variance_ns2": 25673085331.527786,
        "iqr_ns": 32347.418981481474,
        "q1_ns": 13338.625,
        "q3_ns": 45686.043981481474
      },
      "runq_latency_stats_ns": {
        "count": 9.0,
        "sum_ns": 79585.0,
        "mean_ns": 8842.777777777777,
        "median_ns": 3306.222222222222,
        "min_ns": 1416.0,
        "max_ns": 41748.0,
        "variance_ns2": 179875185.19444445,
        "iqr_ns": 1856.3715277777774,
        "q1_ns": 2431.6284722222226,
        "q3_ns": 4288.0
      },
      "first_seen_ts_ns": 1747523847492529736,
      "last_seen_ts_ns": 1747524187958101527,
      "duration_active_s": 340.465571791
    },
    {
      "tgid": 137,
      "comm": "bash",
      "cgroup_id": 11321,
      "on_cpu_stats_ns": {
        "count": 9.0,
        "sum_ns": 524444.9999999999,
        "mean_ns": 58271.66666666666,
        "median_ns": 21169.0,
        "min_ns": 11054.0,
        "max_ns": 251269.0,
        "variance_ns2": 6390604292.499999,
        "iqr_ns": 38446.83333333333,
        "q1_ns": 15966.5,
        "q3_ns": 54413.33333333333
      },
      "runq_latency_stats_ns": {
        "count": 9.0,
        "sum_ns": 46491.0,
        "mean_ns": 5165.666666666667,
        "median_ns": 2259.3733333333334,
        "min_ns": 1514.0,
        "max_ns": 28608.0,
        "variance_ns2": 77725446.99999999,
        "iqr_ns": 1183.4250000000002,
        "q1_ns": 1734.9083333333333,
        "q3_ns": 2918.3333333333335
      },
      "first_seen_ts_ns": 1747523847492529736,
      "last_seen_ts_ns": 1747524187958101527,
      "duration_active_s": 340.465571791
    },
    {
      "tgid": 534,
      "comm": "lmp",
      "cgroup_id": 11321,
      "on_cpu_stats_ns": {
        "count": 66.0,
        "sum_ns": 501085.66910070006,
        "mean_ns": 7592.207107586364,
        "median_ns": 6661.090452130257,
        "min_ns": 6027.574468085107,
        "max_ns": 20389.0,
        "variance_ns2": 7668683.48008736,
        "iqr_ns": 1142.805976007844,
        "q1_ns": 6386.780669179644,
        "q3_ns": 7529.586645187488
      },
      "runq_latency_stats_ns": {
        "count": 66.0,
        "sum_ns": 91582.21151356082,
        "mean_ns": 1387.6092653569822,
        "median_ns": 1314.7126436800477,
        "min_ns": 930.75,
        "max_ns": 2268.0,
        "variance_ns2": 64196.588978825,
        "iqr_ns": 199.00243560640206,
        "q1_ns": 1246.6250741004094,
        "q3_ns": 1445.6275097068115
      },
      "first_seen_ts_ns": 1747523889065339794,
      "last_seen_ts_ns": 1747523959110653141,
      "duration_active_s": 70.045313347
    },
    {
      "tgid": 406,
      "comm": "lmp",
      "cgroup_id": 11321,
      "on_cpu_stats_ns": {
        "count": 27.0,
        "sum_ns": 440327.0,
        "mean_ns": 16308.407407407407,
        "median_ns": 16977.091552869857,
        "min_ns": 7742.0,
        "max_ns": 30147.0,
        "variance_ns2": 32272034.481481496,
        "iqr_ns": 8531.76938062609,
        "q1_ns": 11277.198109212939,
        "q3_ns": 19808.96748983903
      },
      "runq_latency_stats_ns": {
        "count": 27.0,
        "sum_ns": 215335.00000000003,
        "mean_ns": 7975.370370370371,
        "median_ns": 6618.984676384964,
        "min_ns": 2036.0,
        "max_ns": 53087.0,
        "variance_ns2": 84440428.85754989,
        "iqr_ns": 4568.437943544697,
        "q1_ns": 5053.684596482548,
        "q3_ns": 9622.122540027245
      },
      "first_seen_ts_ns": 1747523847492529736,
      "last_seen_ts_ns": 1747523955790413120,
      "duration_active_s": 108.297883384
    },
    {
      "tgid": 532,
      "comm": "lmp",
      "cgroup_id": 11321,
      "on_cpu_stats_ns": {
        "count": 23.0,
        "sum_ns": 432304.00000000006,
        "mean_ns": 18795.826086956524,
        "median_ns": 17640.34950095486,
        "min_ns": 9396.0,
        "max_ns": 40598.0,
        "variance_ns2": 60625237.24110672,
        "iqr_ns": 5651.811923618674,
        "q1_ns": 15195.552413359788,
        "q3_ns": 20847.364336978462
      },
      "runq_latency_stats_ns": {
        "count": 22.0,
        "sum_ns": 120662.0,
        "mean_ns": 5484.636363636364,
        "median_ns": 6342.466205056055,
        "min_ns": 1587.0,
        "max_ns": 6974.0,
        "variance_ns2": 2512789.8614718607,
        "iqr_ns": 944.1857722955283,
        "q1_ns": 5511.956034593622,
        "q3_ns": 6456.14180688915
      },
      "first_seen_ts_ns": 1747523858991370828,
      "last_seen_ts_ns": 1747523950970962014,
      "duration_active_s": 91.979591186
    },
    {
      "tgid": 394,
      "comm": "flux-shell",
      "cgroup_id": 11321,
      "on_cpu_stats_ns": {
        "count": 26.0,
        "sum_ns": 429957.8571428571,
        "mean_ns": 16536.840659340658,
        "median_ns": 15884.88273454332,
        "min_ns": 6467.0,
        "max_ns": 31177.0,
        "variance_ns2": 55897879.52869702,
        "iqr_ns": 13991.038048266222,
        "q1_ns": 9664.439051097554,
        "q3_ns": 23655.477099363776
      },
      "runq_latency_stats_ns": {
        "count": 26.0,
        "sum_ns": 171264.1428571429,
        "mean_ns": 6587.082417582419,
        "median_ns": 6891.776123094806,
        "min_ns": 1865.142857142857,
        "max_ns": 8620.0,
        "variance_ns2": 1867085.948037675,
        "iqr_ns": 867.0363295734915,
        "q1_ns": 6720.370327832914,
        "q3_ns": 7587.406657406405
      },
      "first_seen_ts_ns": 1747523846973813666,
      "last_seen_ts_ns": 1747523950970962014,
      "duration_active_s": 103.997148348
    },
    {
      "tgid": 418,
      "comm": "lmp",
      "cgroup_id": 11321,
      "on_cpu_stats_ns": {
        "count": 25.0,
        "sum_ns": 421511.9999999999,
        "mean_ns": 16860.479999999996,
        "median_ns": 16924.093227830144,
        "min_ns": 6386.0,
        "max_ns": 39777.0,
        "variance_ns2": 52993328.26000002,
        "iqr_ns": 10876.55237355781,
        "q1_ns": 10000.738922575016,
        "q3_ns": 20877.291296132826
      },
      "runq_latency_stats_ns": {
        "count": 25.0,
        "sum_ns": 240594.0,
        "mean_ns": 9623.76,
        "median_ns": 5662.906512528307,
        "min_ns": 1503.0,
        "max_ns": 82117.0,
        "variance_ns2": 236676927.18999994,
        "iqr_ns": 3056.7404197608184,
        "q1_ns": 5751.288980238841,
        "q3_ns": 8808.02939999966
      },
      "first_seen_ts_ns": 1747523847492529736,
      "last_seen_ts_ns": 1747523950970962014,
      "duration_active_s": 103.478432278
    },
    {
      "tgid": 412,
      "comm": "lmp",
      "cgroup_id": 11321,
      "on_cpu_stats_ns": {
        "count": 25.0,
        "sum_ns": 417020.0,
        "mean_ns": 16680.8,
        "median_ns": 16932.53087155422,
        "min_ns": 6830.0,
        "max_ns": 32415.0,
        "variance_ns2": 39949886.24999999,
        "iqr_ns": 10407.807090468508,
        "q1_ns": 11207.936237938644,
        "q3_ns": 21615.743328407152
      },
      "runq_latency_stats_ns": {
        "count": 25.0,
        "sum_ns": 156694.99999999997,
        "mean_ns": 6267.799999999999,
        "median_ns": 6145.777330820476,
        "min_ns": 1949.0,
        "max_ns": 11446.0,
        "variance_ns2": 4745861.083333334,
        "iqr_ns": 2829.940095058638,
        "q1_ns": 5393.552447671377,
        "q3_ns": 8223.492542730015
      },
      "first_seen_ts_ns": 1747523855743185295,
      "last_seen_ts_ns": 1747523950970962014,
      "duration_active_s": 95.227776719
    },
    {
      "tgid": 442,
      "comm": "lmp",
      "cgroup_id": 11321,
      "on_cpu_stats_ns": {
        "count": 25.0,
        "sum_ns": 412571.0,
        "mean_ns": 16502.84,
        "median_ns": 17044.233475849524,
        "min_ns": 7110.0,
        "max_ns": 25890.0,
        "variance_ns2": 36468955.556666665,
        "iqr_ns": 9550.04196159767,
        "q1_ns": 11296.444160308716,
        "q3_ns": 20846.486121906386
      },
      "runq_latency_stats_ns": {
        "count": 25.0,
        "sum_ns": 186948.00000000006,
        "mean_ns": 7477.920000000002,
        "median_ns": 5492.328315829023,
        "min_ns": 1721.0,
        "max_ns": 37374.0,
        "variance_ns2": 42270020.410000004,
        "iqr_ns": 664.2491201867961,
        "q1_ns": 4942.446777825642,
        "q3_ns": 5606.695898012438
      },
      "first_seen_ts_ns": 1747523847492529736,
      "last_seen_ts_ns": 1747523950970962014,
      "duration_active_s": 103.478432278
    },
    {
      "tgid": 436,
      "comm": "lmp",
      "cgroup_id": 11321,
      "on_cpu_stats_ns": {
        "count": 26.0,
        "sum_ns": 407911.0,
        "mean_ns": 15688.884615384615,
        "median_ns": 15251.06359630991,
        "min_ns": 6491.0,
        "max_ns": 25936.0,
        "variance_ns2": 35472245.14615384,
        "iqr_ns": 11385.7229678695,
        "q1_ns": 9458.574599214324,
        "q3_ns": 20844.297567083824
      },
      "runq_latency_stats_ns": {
        "count": 26.0,
        "sum_ns": 152984.0,
        "mean_ns": 5884.0,
        "median_ns": 5957.058101851852,
        "min_ns": 1844.0,
        "max_ns": 12039.0,
        "variance_ns2": 3839365.0400000005,
        "iqr_ns": 1465.955141460905,
        "q1_ns": 5049.044858539095,
        "q3_ns": 6515.0
      },
      "first_seen_ts_ns": 1747523847602413413,
      "last_seen_ts_ns": 1747523950970962014,
      "duration_active_s": 103.368548601
    },
    {
      "tgid": 448,
      "comm": "lmp",
      "cgroup_id": 11321,
      "on_cpu_stats_ns": {
        "count": 25.0,
        "sum_ns": 407351.0,
        "mean_ns": 16294.04,
        "median_ns": 16992.691460194175,
        "min_ns": 6535.0,
        "max_ns": 32227.0,
        "variance_ns2": 42778248.70666667,
        "iqr_ns": 8697.746452142326,
        "q1_ns": 11112.911816840138,
        "q3_ns": 19810.658268982465
      },
      "runq_latency_stats_ns": {
        "count": 25.0,
        "sum_ns": 187101.99999999997,
        "mean_ns": 7484.079999999999,
        "median_ns": 7110.758012034753,
        "min_ns": 4053.0,
        "max_ns": 19362.0,
        "variance_ns2": 9284430.743333334,
        "iqr_ns": 1167.451294754478,
        "q1_ns": 5923.070075141059,
        "q3_ns": 7090.521369895537
      },
      "first_seen_ts_ns": 1747523847492529736,
      "last_seen_ts_ns": 1747523950970962014,
      "duration_active_s": 103.478432278
    },
    {
      "tgid": 424,
      "comm": "lmp",
      "cgroup_id": 11321,
      "on_cpu_stats_ns": {
        "count": 26.0,
        "sum_ns": 401461.0,
        "mean_ns": 15440.807692307693,
        "median_ns": 16321.189756686197,
        "min_ns": 6075.0,
        "max_ns": 26026.0,
        "variance_ns2": 33080700.40153846,
        "iqr_ns": 10608.822560868892,
        "q1_ns": 9204.638086185409,
        "q3_ns": 19813.4606470543
      },
      "runq_latency_stats_ns": {
        "count": 26.0,
        "sum_ns": 205594.00000000006,
        "mean_ns": 7907.461538461541,
        "median_ns": 6570.046676391097,
        "min_ns": 1788.0,
        "max_ns": 49564.0,
        "variance_ns2": 75470688.65846153,
        "iqr_ns": 1767.8599093454222,
        "q1_ns": 5737.335476986577,
        "q3_ns": 7505.1953863319995
      },
      "first_seen_ts_ns": 1747523847492529736,
      "last_seen_ts_ns": 1747523950970962014,
      "duration_active_s": 103.478432278
    },
    {
      "tgid": 395,
      "comm": "lmp",
      "cgroup_id": 11321,
      "on_cpu_stats_ns": {
        "count": 23.0,
        "sum_ns": 400799.9999999998,
        "mean_ns": 17426.086956521733,
        "median_ns": 15768.860905792922,
        "min_ns": 9211.0,
        "max_ns": 32369.0,
        "variance_ns2": 42587330.810276695,
        "iqr_ns": 7067.909546426166,
        "q1_ns": 13297.230482847219,
        "q3_ns": 20365.140029273385
      },
      "runq_latency_stats_ns": {
        "count": 23.0,
        "sum_ns": 144609.99999999997,
        "mean_ns": 6287.391304347825,
        "median_ns": 6663.779965673772,
        "min_ns": 4114.0,
        "max_ns": 8193.0,
        "variance_ns2": 1410498.2490118572,
        "iqr_ns": 1843.9422832825612,
        "q1_ns": 5489.695936213991,
        "q3_ns": 7333.638219496553
      },
      "first_seen_ts_ns": 1747523858991370828,
      "last_seen_ts_ns": 1747523950970962014,
      "duration_active_s": 91.979591186
    },
    {
      "tgid": 508,
      "comm": "lmp",
      "cgroup_id": 11321,
      "on_cpu_stats_ns": {
        "count": 21.0,
        "sum_ns": 398097.0,
        "mean_ns": 18957.0,
        "median_ns": 19559.098450444668,
        "min_ns": 9034.0,
        "max_ns": 34629.0,
        "variance_ns2": 42704936.000000015,
        "iqr_ns": 7779.036922113981,
        "q1_ns": 14564.526536017773,
        "q3_ns": 22343.563458131754
      },
      "runq_latency_stats_ns": {
        "count": 21.0,
        "sum_ns": 133856.0,
        "mean_ns": 6374.095238095238,
        "median_ns": 6579.810732323232,
        "min_ns": 1426.0,
        "max_ns": 7672.0,
        "variance_ns2": 1669505.6904761908,
        "iqr_ns": 925.4483049743476,
        "q1_ns": 6084.284860008818,
        "q3_ns": 7009.733164983166
      },
      "first_seen_ts_ns": 1747523858991370828,
      "last_seen_ts_ns": 1747523950970962014,
      "duration_active_s": 91.979591186
    },
    {
      "tgid": 466,
      "comm": "lmp",
      "cgroup_id": 11321,
      "on_cpu_stats_ns": {
        "count": 23.0,
        "sum_ns": 386301.99999999994,
        "mean_ns": 16795.73913043478,
        "median_ns": 16888.40015093901,
        "min_ns": 7824.0,
        "max_ns": 25034.0,
        "variance_ns2": 26178154.837944675,
        "iqr_ns": 9540.368552993943,
        "q1_ns": 10848.138471905848,
        "q3_ns": 20388.50702489979
      },
      "runq_latency_stats_ns": {
        "count": 23.0,
        "sum_ns": 154438.0,
        "mean_ns": 6714.695652173913,
        "median_ns": 6004.157164139621,
        "min_ns": 5226.0,
        "max_ns": 10745.0,
        "variance_ns2": 2332055.4031620547,
        "iqr_ns": 1279.6596703184614,
        "q1_ns": 5597.654767521771,
        "q3_ns": 6877.314437840232
      },
      "first_seen_ts_ns": 1747523858991370828,
      "last_seen_ts_ns": 1747523950970962014,
      "duration_active_s": 91.979591186
    },
    {
      "tgid": 502,
      "comm": "lmp",
      "cgroup_id": 11321,
      "on_cpu_stats_ns": {
        "count": 22.0,
        "sum_ns": 378552.0,
        "mean_ns": 17206.909090909092,
        "median_ns": 17705.34809705914,
        "min_ns": 7102.0,
        "max_ns": 29755.0,
        "variance_ns2": 44369411.991341986,
        "iqr_ns": 12487.986243703015,
        "q1_ns": 9979.31456020464,
        "q3_ns": 22467.300803907656
      },
      "runq_latency_stats_ns": {
        "count": 22.0,
        "sum_ns": 127822.99999999999,
        "mean_ns": 5810.136363636363,
        "median_ns": 5869.4542840608465,
        "min_ns": 2240.0,
        "max_ns": 7162.0,
        "variance_ns2": 1606285.5519480517,
        "iqr_ns": 1696.3095120778198,
        "q1_ns": 4967.459892310917,
        "q3_ns": 6663.769404388737
      },
      "first_seen_ts_ns": 1747523847313665547,
      "last_seen_ts_ns": 1747523950970962014,
      "duration_active_s": 103.657296467
    },
    {
      "tgid": 430,
      "comm": "lmp",
      "cgroup_id": 11321,
      "on_cpu_stats_ns": {
        "count": 24.0,
        "sum_ns": 377282.0,
        "mean_ns": 15720.083333333332,
        "median_ns": 18345.40612592526,
        "min_ns": 5608.0,
        "max_ns": 31009.0,
        "variance_ns2": 38942637.0362319,
        "iqr_ns": 10687.566077269,
        "q1_ns": 9657.685980054512,
        "q3_ns": 20345.252057323512
      },
      "runq_latency_stats_ns": {
        "count": 24.0,
        "sum_ns": 151664.0,
        "mean_ns": 6319.333333333333,
        "median_ns": 5775.311813605718,
        "min_ns": 3764.0,
        "max_ns": 15466.0,
        "variance_ns2": 4741821.536231885,
        "iqr_ns": 1270.9303568207588,
        "q1_ns": 5445.175850340136,
        "q3_ns": 6716.106207160895
      },
      "first_seen_ts_ns": 1747523858991370828,
      "last_seen_ts_ns": 1747523950970962014,
      "duration_active_s": 91.979591186
    },
    {
      "tgid": 496,
      "comm": "lmp",
      "cgroup_id": 11321,
      "on_cpu_stats_ns": {
        "count": 22.0,
        "sum_ns": 371823.0,
        "mean_ns": 16901.045454545456,
        "median_ns": 15435.169983708722,
        "min_ns": 8462.0,
        "max_ns": 32760.0,
        "variance_ns2": 39070329.75974026,
        "iqr_ns": 9352.528248840588,
        "q1_ns": 11363.56877508653,
        "q3_ns": 20716.09702392712
      },
      "runq_latency_stats_ns": {
        "count": 22.0,
        "sum_ns": 136582.99999999997,
        "mean_ns": 6208.318181818181,
        "median_ns": 6233.032954545454,
        "min_ns": 2860.0,
        "max_ns": 7840.0,
        "variance_ns2": 985397.5606060603,
        "iqr_ns": 799.1008955803109,
        "q1_ns": 5893.603998192784,
        "q3_ns": 6692.704893773095
      },
      "first_seen_ts_ns": 1747523847492529736,
      "last_seen_ts_ns": 1747523950970962014,
      "duration_active_s": 103.478432278
    },
    {
      "tgid": 484,
      "comm": "lmp",
      "cgroup_id": 11321,
      "on_cpu_stats_ns": {
        "count": 24.0,
        "sum_ns": 367232.0,
        "mean_ns": 15301.333333333332,
        "median_ns": 14930.903956275393,
        "min_ns": 6442.0,
        "max_ns": 27879.0,
        "variance_ns2": 34946292.92753624,
        "iqr_ns": 8107.96816810553,
        "q1_ns": 11633.268535454325,
        "q3_ns": 19741.236703559855
      },
      "runq_latency_stats_ns": {
        "count": 24.0,
        "sum_ns": 3242008.999999999,
        "mean_ns": 135083.70833333328,
        "median_ns": 6378.07076419819,
        "min_ns": 4632.0,
        "max_ns": 2995067.0,
        "variance_ns2": 371404582238.9113,
        "iqr_ns": 2682.063370942078,
        "q1_ns": 5872.460845076279,
        "q3_ns": 8554.524216018357
      },
      "first_seen_ts_ns": 1747523847492529736,
      "last_seen_ts_ns": 1747523950970962014,
      "duration_active_s": 103.478432278
    },
    {
      "tgid": 454,
      "comm": "lmp",
      "cgroup_id": 11321,
      "on_cpu_stats_ns": {
        "count": 24.0,
        "sum_ns": 360130.99999999994,
        "mean_ns": 15005.45833333333,
        "median_ns": 15505.419351686765,
        "min_ns": 4760.0,
        "max_ns": 31117.0,
        "variance_ns2": 45552962.08514495,
        "iqr_ns": 12520.35822713734,
        "q1_ns": 7354.183525965693,
        "q3_ns": 19874.541753103033
      },
      "runq_latency_stats_ns": {
        "count": 24.0,
        "sum_ns": 144451.0,
        "mean_ns": 6018.791666666666,
        "median_ns": 6258.487185846561,
        "min_ns": 3071.0,
        "max_ns": 7767.0,
        "variance_ns2": 1354481.5634057967,
        "iqr_ns": 1856.063688865148,
        "q1_ns": 5244.4529778015185,
        "q3_ns": 7100.516666666666
      },
      "first_seen_ts_ns": 1747523858991370828,
      "last_seen_ts_ns": 1747523950970962014,
      "duration_active_s": 91.979591186
    },
    {
      "tgid": 460,
      "comm": "lmp",
      "cgroup_id": 11321,
      "on_cpu_stats_ns": {
        "count": 23.0,
        "sum_ns": 351364.0,
        "mean_ns": 15276.695652173914,
        "median_ns": 15740.696646657469,
        "min_ns": 5547.0,
        "max_ns": 29725.0,
        "variance_ns2": 38549362.494071126,
        "iqr_ns": 10134.144877506627,
        "q1_ns": 9918.42806373457,
        "q3_ns": 20052.572941241197
      },
      "runq_latency_stats_ns": {
        "count": 23.0,
        "sum_ns": 128317.0,
        "mean_ns": 5579.0,
        "median_ns": 5227.700787211827,
        "min_ns": 3770.0,
        "max_ns": 8347.0,
        "variance_ns2": 1556619.5454545454,
        "iqr_ns": 2254.542435419253,
        "q1_ns": 4487.587194210377,
        "q3_ns": 6742.12962962963
      },
      "first_seen_ts_ns": 1747523858991370828,
      "last_seen_ts_ns": 1747523950970962014,
      "duration_active_s": 91.979591186
    },
    {
      "tgid": 514,
      "comm": "lmp",
      "cgroup_id": 11321,
      "on_cpu_stats_ns": {
        "count": 20.0,
        "sum_ns": 350987.0,
        "mean_ns": 17549.35,
        "median_ns": 18630.507417548502,
        "min_ns": 7050.0,
        "max_ns": 29703.0,
        "variance_ns2": 35878942.76578949,
        "iqr_ns": 11636.037328362576,
        "q1_ns": 10651.692939455783,
        "q3_ns": 22287.73026781836
      },
      "runq_latency_stats_ns": {
        "count": 20.0,
        "sum_ns": 131898.0,
        "mean_ns": 6594.9,
        "median_ns": 6690.755543650794,
        "min_ns": 5256.0,
        "max_ns": 7900.0,
        "variance_ns2": 449107.252631579,
        "iqr_ns": 687.4834981261038,
        "q1_ns": 6289.02655478395,
        "q3_ns": 6976.510052910054
      },
      "first_seen_ts_ns": 1747523858991370828,
      "last_seen_ts_ns": 1747523950970962014,
      "duration_active_s": 91.979591186
    },
    {
      "tgid": 472,
      "comm": "lmp",
      "cgroup_id": 11321,
      "on_cpu_stats_ns": {
        "count": 22.0,
        "sum_ns": 348874.0,
        "mean_ns": 15857.909090909092,
        "median_ns": 16660.748640124184,
        "min_ns": 6598.0,
        "max_ns": 25859.0,
        "variance_ns2": 35628252.18181818,
        "iqr_ns": 10925.847879004796,
        "q1_ns": 10274.892604020319,
        "q3_ns": 21200.740483025114
      },
      "runq_latency_stats_ns": {
        "count": 22.0,
        "sum_ns": 145393.0,
        "mean_ns": 6608.772727272728,
        "median_ns": 6375.693426358074,
        "min_ns": 5326.0,
        "max_ns": 9117.0,
        "variance_ns2": 825413.8982683981,
        "iqr_ns": 1130.232276187272,
        "q1_ns": 5941.727245751504,
        "q3_ns": 7071.959521938776
      },
      "first_seen_ts_ns": 1747523858991370828,
      "last_seen_ts_ns": 1747523950970962014,
      "duration_active_s": 91.979591186
    },
    {
      "tgid": 520,
      "comm": "lmp",
      "cgroup_id": 11321,
      "on_cpu_stats_ns": {
        "count": 20.0,
        "sum_ns": 342468.0,
        "mean_ns": 17123.4,
        "median_ns": 19756.97430510201,
        "min_ns": 6757.0,
        "max_ns": 23406.0,
        "variance_ns2": 24947298.77894737,
        "iqr_ns": 6069.372460963024,
        "q1_ns": 14200.909727551023,
        "q3_ns": 20270.282188514047
      },
      "runq_latency_stats_ns": {
        "count": 20.0,
        "sum_ns": 170914.0,
        "mean_ns": 8545.7,
        "median_ns": 6271.512849584278,
        "min_ns": 4675.0,
        "max_ns": 48768.0,
        "variance_ns2": 90246027.16842104,
        "iqr_ns": 1053.1575531207436,
        "q1_ns": 5544.76527777778,
        "q3_ns": 6597.922830898524
      },
      "first_seen_ts_ns": 1747523847492529736,
      "last_seen_ts_ns": 1747523950970962014,
      "duration_active_s": 103.478432278
    },
    {
      "tgid": 490,
      "comm": "lmp",
      "cgroup_id": 11321,
      "on_cpu_stats_ns": {
        "count": 23.0,
        "sum_ns": 340138.00000000006,
        "mean_ns": 14788.608695652176,
        "median_ns": 15450.822882172999,
        "min_ns": 6737.0,
        "max_ns": 31442.0,
        "variance_ns2": 39458525.88537549,
        "iqr_ns": 9046.81801428443,
        "q1_ns": 10673.172325838057,
        "q3_ns": 19719.990340122487
      },
      "runq_latency_stats_ns": {
        "count": 23.0,
        "sum_ns": 125175.00000000001,
        "mean_ns": 5442.391304347827,
        "median_ns": 5664.196919761838,
        "min_ns": 2650.0,
        "max_ns": 9010.0,
        "variance_ns2": 2009287.794466403,
        "iqr_ns": 1726.5652323274198,
        "q1_ns": 4583.4179291855635,
        "q3_ns": 6309.983161512983
      },
      "first_seen_ts_ns": 1747523858991370828,
      "last_seen_ts_ns": 1747523950970962014,
      "duration_active_s": 91.979591186
    },
    {
      "tgid": 538,
      "comm": "lmp",
      "cgroup_id": 11321,
      "on_cpu_stats_ns": {
        "count": 20.0,
        "sum_ns": 334554.0,
        "mean_ns": 16727.7,
        "median_ns": 15966.64714357185,
        "min_ns": 7048.0,
        "max_ns": 30062.0,
        "variance_ns2": 35492116.32631578,
        "iqr_ns": 8970.81854206063,
        "q1_ns": 11939.592267195769,
        "q3_ns": 20910.4108092564
      },
      "runq_latency_stats_ns": {
        "count": 20.0,
        "sum_ns": 128150.00000000001,
        "mean_ns": 6407.500000000001,
        "median_ns": 6726.295995309132,
        "min_ns": 2245.0,
        "max_ns": 10951.0,
        "variance_ns2": 3812763.000000001,
        "iqr_ns": 2196.1058372525968,
        "q1_ns": 5416.2,
        "q3_ns": 7612.305837252597
      },
      "first_seen_ts_ns": 1747523858991370828,
      "last_seen_ts_ns": 1747523950970962014,
      "duration_active_s": 91.979591186
    },
    {
      "tgid": 526,
      "comm": "lmp",
      "cgroup_id": 11321,
      "on_cpu_stats_ns": {
        "count": 20.0,
        "sum_ns": 319620.0,
        "mean_ns": 15981.0,
        "median_ns": 17202.779232804234,
        "min_ns": 8196.0,
        "max_ns": 32689.0,
        "variance_ns2": 36675255.263157904,
        "iqr_ns": 10310.41402408344,
        "q1_ns": 9672.52816481138,
        "q3_ns": 19982.94218889482
      },
      "runq_latency_stats_ns": {
        "count": 20.0,
        "sum_ns": 114706.99999999999,
        "mean_ns": 5735.349999999999,
        "median_ns": 5754.451666666666,
        "min_ns": 1703.0,
        "max_ns": 9200.0,
        "variance_ns2": 2094331.3973684208,
        "iqr_ns": 1738.5545943562602,
        "q1_ns": 4832.2436419753085,
        "q3_ns": 6570.798236331569
      },
      "first_seen_ts_ns": 1747523858991370828,
      "last_seen_ts_ns": 1747523950970962014,
      "duration_active_s": 91.979591186
    },
    {
      "tgid": 478,
      "comm": "lmp",
      "cgroup_id": 11321,
      "on_cpu_stats_ns": {
        "count": 24.0,
        "sum_ns": 267041.0,
        "mean_ns": 11126.708333333332,
        "median_ns": 10241.154469108245,
        "min_ns": 6718.0,
        "max_ns": 26815.0,
        "variance_ns2": 16299625.954710145,
        "iqr_ns": 1683.50756518042,
        "q1_ns": 9675.887747154708,
        "q3_ns": 11359.395312335128
      },
      "runq_latency_stats_ns": {
        "count": 24.0,
        "sum_ns": 187856.0,
        "mean_ns": 7827.333333333334,
        "median_ns": 3870.9990635288063,
        "min_ns": 3053.0,
        "max_ns": 89092.0,
        "variance_ns2": 300687797.536232,
        "iqr_ns": 1319.0127176292308,
        "q1_ns": 3459.2847540384,
        "q3_ns": 4778.297471667631
      },
      "first_seen_ts_ns": 1747523847492529736,
      "last_seen_ts_ns": 1747523950970962014,
      "duration_active_s": 103.478432278
    },
    {
      "tgid": 705,
      "comm": "lmp",
      "cgroup_id": 11321,
      "on_cpu_stats_ns": {
        "count": 12.0,
        "sum_ns": 226106.0833333333,
        "mean_ns": 18842.17361111111,
        "median_ns": 14912.0,
        "min_ns": 10908.25,
        "max_ns": 34777.0,
        "variance_ns2": 64836859.81371002,
        "iqr_ns": 4544.164583333335,
        "q1_ns": 13732.708333333332,
        "q3_ns": 18276.872916666667
      },
      "runq_latency_stats_ns": {
        "count": 12.0,
        "sum_ns": 38035.26666666668,
        "mean_ns": 3169.6055555555563,
        "median_ns": 3373.263703703704,
        "min_ns": 1255.0,
        "max_ns": 4531.0,
        "variance_ns2": 1427307.027441077,
        "iqr_ns": 1986.6953125,
        "q1_ns": 2296.3046875,
        "q3_ns": 4283.0
      },
      "first_seen_ts_ns": 1747523961113010878,
      "last_seen_ts_ns": 1747524058045162567,
      "duration_active_s": 96.932151689
    },
    {
      "tgid": 753,
      "comm": "lmp",
      "cgroup_id": 11321,
      "on_cpu_stats_ns": {
        "count": 2.0,
        "sum_ns": 221367.0,
        "mean_ns": 110683.5,
        "median_ns": 142105.0,
        "min_ns": 79262.0,
        "max_ns": 142105.0,
        "variance_ns2": 1974621324.5,
        "iqr_ns": 62843.0,
        "q1_ns": 79262.0,
        "q3_ns": 142105.0
      },
      "runq_latency_stats_ns": {
        "count": 2.0,
        "sum_ns": 12404.0,
        "mean_ns": 6202.0,
        "median_ns": 7470.0,
        "min_ns": 4934.0,
        "max_ns": 7470.0,
        "variance_ns2": 3215648.0,
        "iqr_ns": 2536.0,
        "q1_ns": 4934.0,
        "q3_ns": 7470.0
      },
      "first_seen_ts_ns": 1747524126860062470,
      "last_seen_ts_ns": 1747524169859431424,
      "duration_active_s": 42.999368954
    },
    {
      "tgid": 397,
      "comm": "lmp",
      "cgroup_id": 11321,
      "on_cpu_stats_ns": {
        "count": 19.0,
        "sum_ns": 207331.17976190476,
        "mean_ns": 10912.167355889724,
        "median_ns": 8792.259523462431,
        "min_ns": 7160.125,
        "max_ns": 21624.0,
        "variance_ns2": 18406673.853211973,
        "iqr_ns": 3492.7796689808247,
        "q1_ns": 8030.942724736499,
        "q3_ns": 11523.722393717324
      },
      "runq_latency_stats_ns": {
        "count": 19.0,
        "sum_ns": 1691302.3726190475,
        "mean_ns": 89015.91434837092,
        "median_ns": 2929.0651573671785,
        "min_ns": 2388.625,
        "max_ns": 1634078.0,
        "variance_ns2": 139991541141.50143,
        "iqr_ns": 581.9928411579526,
        "q1_ns": 2729.546470565025,
        "q3_ns": 3311.539311722978
      },
      "first_seen_ts_ns": 1747523849118480226,
      "last_seen_ts_ns": 1747523934077304251,
      "duration_active_s": 84.958824025
    },
    {
      "tgid": 671,
      "comm": "lmp",
      "cgroup_id": 11321,
      "on_cpu_stats_ns": {
        "count": 15.0,
        "sum_ns": 192339.6444444444,
        "mean_ns": 12822.64296296296,
        "median_ns": 12714.881944444445,
        "min_ns": 7951.0,
        "max_ns": 17969.0,
        "variance_ns2": 10404911.975500291,
        "iqr_ns": 6388.304320987652,
        "q1_ns": 9197.041666666668,
        "q3_ns": 15585.34598765432
      },
      "runq_latency_stats_ns": {
        "count": 15.0,
        "sum_ns": 821382.9999999998,
        "mean_ns": 54758.866666666654,
        "median_ns": 2391.8389112654318,
        "min_ns": 693.3333333333334,
        "max_ns": 787876.0,
        "variance_ns2": 41135268336.63747,
        "iqr_ns": 1215.264938271605,
        "q1_ns": 1134.1979938271606,
        "q3_ns": 2349.4629320987656
      },
      "first_seen_ts_ns": 1747523985134573997,
      "last_seen_ts_ns": 1747524071081856726,
      "duration_active_s": 85.947282729
    },
    {
      "tgid": 836,
      "comm": "lmp",
      "cgroup_id": 11321,
      "on_cpu_stats_ns": {
        "count": 11.0,
        "sum_ns": 183360.35384615386,
        "mean_ns": 16669.12307692308,
        "median_ns": 15368.98271011396,
        "min_ns": 7550.153846153846,
        "max_ns": 38022.0,
        "variance_ns2": 75992034.27331099,
        "iqr_ns": 10670.12717236467,
        "q1_ns": 10892.583333333334,
        "q3_ns": 21562.710505698004
      },
      "runq_latency_stats_ns": {
        "count": 11.0,
        "sum_ns": 1839333.1846153848,
        "mean_ns": 167212.1076923077,
        "median_ns": 4069.8051282051288,
        "min_ns": 622.0,
        "max_ns": 1810968.0,
        "variance_ns2": 297215119210.75574,
        "iqr_ns": 123172.22428205128,
        "q1_ns": 1433.0442307692308,
        "q3_ns": 124605.2685128205
      },
      "first_seen_ts_ns": 1747524126129962776,
      "last_seen_ts_ns": 1747524188076450181,
      "duration_active_s": 61.946487405
    },
    {
      "tgid": 663,
      "comm": "lmp",
      "cgroup_id": 11321,
      "on_cpu_stats_ns": {
        "count": 12.0,
        "sum_ns": 158414.34583333333,
        "mean_ns": 13201.19548611111,
        "median_ns": 12269.989895833332,
        "min_ns": 7684.25,
        "max_ns": 23712.0,
        "variance_ns2": 26772272.707403596,
        "iqr_ns": 5721.25798611111,
        "q1_ns": 9445.342013888889,
        "q3_ns": 15166.599999999999
      },
      "runq_latency_stats_ns": {
        "count": 12.0,
        "sum_ns": 42819.70972222222,
        "mean_ns": 3568.3091435185183,
        "median_ns": 2849.881666666666,
        "min_ns": 1932.0,
        "max_ns": 10915.0,
        "variance_ns2": 6237758.534161917,
        "iqr_ns": 2280.3829166666665,
        "q1_ns": 2094.9504166666666,
        "q3_ns": 4375.333333333333
      },
      "first_seen_ts_ns": 1747523973362691777,
      "last_seen_ts_ns": 1747524074326241570,
      "duration_active_s": 100.963549793
    },
    {
      "tgid": 577,
      "comm": "lmp",
      "cgroup_id": 11321,
      "on_cpu_stats_ns": {
        "count": 10.0,
        "sum_ns": 157623.60535714283,
        "mean_ns": 15762.360535714284,
        "median_ns": 14055.644444444442,
        "min_ns": 8673.0625,
        "max_ns": 28824.0,
        "variance_ns2": 48270804.43997465,
        "iqr_ns": 3548.2444444444445,
        "q1_ns": 11794.555555555555,
        "q3_ns": 15342.8
      },
      "runq_latency_stats_ns": {
        "count": 10.0,
        "sum_ns": 937544.6142857145,
        "mean_ns": 93754.46142857145,
        "median_ns": 3683.71,
        "min_ns": 1776.7142857142858,
        "max_ns": 908152.3333333334,
        "variance_ns2": 81883483697.03006,
        "iqr_ns": 2602.107142857142,
        "q1_ns": 2264.4732142857147,
        "q3_ns": 4866.580357142857
      },
      "first_seen_ts_ns": 1747523987108030226,
      "last_seen_ts_ns": 1747524074122003433,
      "duration_active_s": 87.013973207
    },
    {
      "tgid": 842,
      "comm": "lmp",
      "cgroup_id": 11321,
      "on_cpu_stats_ns": {
        "count": 1.0,
        "sum_ns": 155750.0,
        "mean_ns": 155750.0,
        "median_ns": 155750.0,
        "min_ns": 155750.0,
        "max_ns": 155750.0,
        "variance_ns2": null,
        "iqr_ns": 0.0,
        "q1_ns": 155750.0,
        "q3_ns": 155750.0
      },
      "runq_latency_stats_ns": {
        "count": 1.0,
        "sum_ns": 18556.0,
        "mean_ns": 18556.0,
        "median_ns": 18556.0,
        "min_ns": 18556.0,
        "max_ns": 18556.0,
        "variance_ns2": null,
        "iqr_ns": 0.0,
        "q1_ns": 18556.0,
        "q3_ns": 18556.0
      },
      "first_seen_ts_ns": 1747524119816302691,
      "last_seen_ts_ns": 1747524119816302691,
      "duration_active_s": 0
    },
    {
      "tgid": 749,
      "comm": "lmp",
      "cgroup_id": 11321,
      "on_cpu_stats_ns": {
        "count": 7.0,
        "sum_ns": 133288.61666666664,
        "mean_ns": 19041.23095238095,
        "median_ns": 17407.5,
        "min_ns": 12977.0,
        "max_ns": 31816.0,
        "variance_ns2": 49823295.31226192,
        "iqr_ns": 2514.4416666666657,
        "q1_ns": 14893.058333333334,
        "q3_ns": 17407.5
      },
      "runq_latency_stats_ns": {
        "count": 7.0,
        "sum_ns": 1985381.5500000003,
        "mean_ns": 283625.93571428576,
        "median_ns": 2850.025,
        "min_ns": 2316.0,
        "max_ns": 1967571.0,
        "variance_ns2": 551381112794.4374,
        "iqr_ns": 525.1312500000004,
        "q1_ns": 2613.66875,
        "q3_ns": 3138.8
      },
      "first_seen_ts_ns": 1747524121052772343,
      "last_seen_ts_ns": 1747524183049546497,
      "duration_active_s": 61.996774154
    },
    {
      "tgid": 758,
      "comm": "lmp",
      "cgroup_id": 11321,
      "on_cpu_stats_ns": {
        "count": 7.0,
        "sum_ns": 129548.09999999999,
        "mean_ns": 18506.871428571427,
        "median_ns": 14971.6,
        "min_ns": 8390.666666666666,
        "max_ns": 32546.0,
        "variance_ns2": 63788794.197195776,
        "iqr_ns": 4909.016666666665,
        "q1_ns": 12928.583333333334,
        "q3_ns": 17837.6
      },
      "runq_latency_stats_ns": {
        "count": 7.0,
        "sum_ns": 95428.76666666666,
        "mean_ns": 13632.680952380952,
        "median_ns": 2716.0,
        "min_ns": 1587.6666666666667,
        "max_ns": 80450.6,
        "variance_ns2": 868882230.2347621,
        "iqr_ns": 4817.922222222222,
        "q1_ns": 2056.0,
        "q3_ns": 6873.922222222222
      },
      "first_seen_ts_ns": 1747524103122053181,
      "last_seen_ts_ns": 1747524161119259979,
      "duration_active_s": 57.997206798
    },
    {
      "tgid": 770,
      "comm": "lmp",
      "cgroup_id": 11321,
      "on_cpu_stats_ns": {
        "count": 7.0,
        "sum_ns": 117596.25,
        "mean_ns": 16799.464285714286,
        "median_ns": 16854.083333333332,
        "min_ns": 13136.0,
        "max_ns": 24089.5,
        "variance_ns2": 14984081.032076722,
        "iqr_ns": 2919.375,
        "q1_ns": 15290.958333333332,
        "q3_ns": 18210.333333333332
      },
      "runq_latency_stats_ns": {
        "count": 7.0,
        "sum_ns": 577788.5166666667,
        "mean_ns": 82541.21666666667,
        "median_ns": 2048.0,
        "min_ns": 1562.6666666666667,
        "max_ns": 564830.75,
        "variance_ns2": 45228589339.90176,
        "iqr_ns": 62812.93518518518,
        "q1_ns": 1958.8333333333335,
        "q3_ns": 64771.76851851852
      },
      "first_seen_ts_ns": 1747524125081092833,
      "last_seen_ts_ns": 1747524186060397606,
      "duration_active_s": 60.979304773
    },
    {
      "tgid": 909,
      "comm": "lmp",
      "cgroup_id": 11321,
      "on_cpu_stats_ns": {
        "count": 5.0,
        "sum_ns": 90207.66666666666,
        "mean_ns": 18041.533333333333,
        "median_ns": 16349.5,
        "min_ns": 10337.0,
        "max_ns": 26759.5,
        "variance_ns2": 38213692.29722223,
        "iqr_ns": 5366.333333333334,
        "q1_ns": 15697.666666666666,
        "q3_ns": 21064.0
      },
      "runq_latency_stats_ns": {
        "count": 5.0,
        "sum_ns": 572289.1666666666,
        "mean_ns": 114457.83333333333,
        "median_ns": 3145.5,
        "min_ns": 2175.6666666666665,
        "max_ns": 559654.5,
        "variance_ns2": 61938419385.34723,
        "iqr_ns": 2061.5,
        "q1_ns": 2626.0,
        "q3_ns": 4687.5
      },
      "first_seen_ts_ns": 1747524102127030752,
      "last_seen_ts_ns": 1747524157070690365,
      "duration_active_s": 54.943659613
    },
    {
      "tgid": 862,
      "comm": "lmp",
      "cgroup_id": 11321,
      "on_cpu_stats_ns": {
        "count": 4.0,
        "sum_ns": 75658.0,
        "mean_ns": 18914.5,
        "median_ns": 17742.0,
        "min_ns": 8041.0,
        "max_ns": 37804.0,
        "variance_ns2": 174418153.66666666,
        "iqr_ns": 25733.0,
        "q1_ns": 12071.0,
        "q3_ns": 37804.0
      },
      "runq_latency_stats_ns": {
        "count": 4.0,
        "sum_ns": 10793.2,
        "mean_ns": 2698.3,
        "median_ns": 2811.0,
        "min_ns": 943.0,
        "max_ns": 4326.0,
        "variance_ns2": 1914469.5599999998,
        "iqr_ns": 1612.8000000000002,
        "q1_ns": 2713.2,
        "q3_ns": 4326.0
      },
      "first_seen_ts_ns": 1747524082128650385,
      "last_seen_ts_ns": 1747524126860062470,
      "duration_active_s": 44.731412085
    },
    {
      "tgid": 822,
      "comm": "lmp",
      "cgroup_id": 11321,
      "on_cpu_stats_ns": {
        "count": 3.0,
        "sum_ns": 67403.83333333334,
        "mean_ns": 22467.944444444445,
        "median_ns": 13969.0,
        "min_ns": 11078.833333333334,
        "max_ns": 42356.0,
        "variance_ns2": 298739331.1759259,
        "iqr_ns": 31277.166666666664,
        "q1_ns": 11078.833333333334,
        "q3_ns": 42356.0
      },
      "runq_latency_stats_ns": {
        "count": 3.0,
        "sum_ns": 17806.166666666664,
        "mean_ns": 5935.388888888889,
        "median_ns": 2789.0,
        "min_ns": 2410.1666666666665,
        "max_ns": 12607.0,
        "variance_ns2": 33418674.787037037,
        "iqr_ns": 10196.833333333334,
        "q1_ns": 2410.1666666666665,
        "q3_ns": 12607.0
      },
      "first_seen_ts_ns": 1747524091068848614,
      "last_seen_ts_ns": 1747524093099085461,
      "duration_active_s": 2.030236847
    },
    {
      "tgid": 913,
      "comm": "lmp",
      "cgroup_id": 11321,
      "on_cpu_stats_ns": {
        "count": 6.0,
        "sum_ns": 60316.84722222222,
        "mean_ns": 10052.80787037037,
        "median_ns": 11069.0,
        "min_ns": 6395.041666666667,
        "max_ns": 15610.333333333334,
        "variance_ns2": 17259691.19694573,
        "iqr_ns": 2528.064814814814,
        "q1_ns": 8540.935185185186,
        "q3_ns": 11069.0
      },
      "runq_latency_stats_ns": {
        "count": 6.0,
        "sum_ns": 15222.194444444445,
        "mean_ns": 2537.0324074074074,
        "median_ns": 1669.8333333333333,
        "min_ns": 1264.0277777777778,
        "max_ns": 5794.0,
        "variance_ns2": 3563753.604449588,
        "iqr_ns": 186.53472222222217,
        "q1_ns": 1483.298611111111,
        "q3_ns": 1669.8333333333333
      },
      "first_seen_ts_ns": 1747524098881202132,
      "last_seen_ts_ns": 1747524166105398034,
      "duration_active_s": 67.224195902
    },
    {
      "tgid": 762,
      "comm": "lmp",
      "cgroup_id": 11321,
      "on_cpu_stats_ns": {
        "count": 3.0,
        "sum_ns": 54826.16666666666,
        "mean_ns": 18275.388888888887,
        "median_ns": 14292.0,
        "min_ns": 8647.166666666666,
        "max_ns": 31887.0,
        "variance_ns2": 146923003.6203704,
        "iqr_ns": 23239.833333333336,
        "q1_ns": 8647.166666666666,
        "q3_ns": 31887.0
      },
      "runq_latency_stats_ns": {
        "count": 3.0,
        "sum_ns": 9801.0,
        "mean_ns": 3267.0,
        "median_ns": 3114.0,
        "min_ns": 2586.0,
        "max_ns": 4101.0,
        "variance_ns2": 591363.0,
        "iqr_ns": 1515.0,
        "q1_ns": 2586.0,
        "q3_ns": 4101.0
      },
      "first_seen_ts_ns": 1747524087611924598,
      "last_seen_ts_ns": 1747524089127762347,
      "duration_active_s": 1.515837749
    },
    {
      "tgid": 911,
      "comm": "lmp",
      "cgroup_id": 11321,
      "on_cpu_stats_ns": {
        "count": 3.0,
        "sum_ns": 43144.0,
        "mean_ns": 14381.333333333334,
        "median_ns": 16031.0,
        "min_ns": 10883.0,
        "max_ns": 16230.0,
        "variance_ns2": 9188652.333333336,
        "iqr_ns": 5347.0,
        "q1_ns": 10883.0,
        "q3_ns": 16230.0
      },
      "runq_latency_stats_ns": {
        "count": 3.0,
        "sum_ns": 11243.0,
        "mean_ns": 3747.6666666666665,
        "median_ns": 1983.0,
        "min_ns": 1866.0,
        "max_ns": 7394.0,
        "variance_ns2": 9975232.333333334,
        "iqr_ns": 5528.0,
        "q1_ns": 1866.0,
        "q3_ns": 7394.0
      },
      "first_seen_ts_ns": 1747524098072001010,
      "last_seen_ts_ns": 1747524105455019012,
      "duration_active_s": 7.383018002
    },
    {
      "tgid": 876,
      "comm": "lmp",
      "cgroup_id": 11321,
      "on_cpu_stats_ns": {
        "count": 2.0,
        "sum_ns": 39823.666666666664,
        "mean_ns": 19911.833333333332,
        "median_ns": 28218.0,
        "min_ns": 11605.666666666666,
        "max_ns": 28218.0,
        "variance_ns2": 137984809.3888889,
        "iqr_ns": 16612.333333333336,
        "q1_ns": 11605.666666666666,
        "q3_ns": 28218.0
      },
      "runq_latency_stats_ns": {
        "count": 2.0,
        "sum_ns": 2845.3333333333335,
        "mean_ns": 1422.6666666666667,
        "median_ns": 1973.0,
        "min_ns": 872.3333333333334,
        "max_ns": 1973.0,
        "variance_ns2": 605733.5555555555,
        "iqr_ns": 1100.6666666666665,
        "q1_ns": 872.3333333333334,
        "q3_ns": 1973.0
      },
      "first_seen_ts_ns": 1747524125505253675,
      "last_seen_ts_ns": 1747524163106715979,
      "duration_active_s": 37.601462304
    },
    {
      "tgid": 742,
      "comm": "lmp",
      "cgroup_id": 11321,
      "on_cpu_stats_ns": {
        "count": 1.0,
        "sum_ns": 39112.0,
        "mean_ns": 39112.0,
        "median_ns": 39112.0,
        "min_ns": 39112.0,
        "max_ns": 39112.0,
        "variance_ns2": null,
        "iqr_ns": 0.0,
        "q1_ns": 39112.0,
        "q3_ns": 39112.0
      },
      "runq_latency_stats_ns": {
        "count": 1.0,
        "sum_ns": 12240.0,
        "mean_ns": 12240.0,
        "median_ns": 12240.0,
        "min_ns": 12240.0,
        "max_ns": 12240.0,
        "variance_ns2": null,
        "iqr_ns": 0.0,
        "q1_ns": 12240.0,
        "q3_ns": 12240.0
      },
      "first_seen_ts_ns": 1747524056373088458,
      "last_seen_ts_ns": 1747524056373088458,
      "duration_active_s": 0
    },
    {
      "tgid": 818,
      "comm": "lmp",
      "cgroup_id": 11321,
      "on_cpu_stats_ns": {
        "count": 3.0,
        "sum_ns": 37633.8,
        "mean_ns": 12544.6,
        "median_ns": 12995.0,
        "min_ns": 9476.8,
        "max_ns": 15162.0,
        "variance_ns2": 8232519.880000004,
        "iqr_ns": 5685.200000000001,
        "q1_ns": 9476.8,
        "q3_ns": 15162.0
      },
      "runq_latency_stats_ns": {
        "count": 3.0,
        "sum_ns": 12356.2,
        "mean_ns": 4118.733333333334,
        "median_ns": 2762.0,
        "min_ns": 2626.2,
        "max_ns": 6968.0,
        "variance_ns2": 6093350.813333334,
        "iqr_ns": 4341.8,
        "q1_ns": 2626.2,
        "q3_ns": 6968.0
      },
      "first_seen_ts_ns": 1747524078356922056,
      "last_seen_ts_ns": 1747524096045006331,
      "duration_active_s": 17.688084275
    },
    {
      "tgid": 917,
      "comm": "lmp",
      "cgroup_id": 11321,
      "on_cpu_stats_ns": {
        "count": 1.0,
        "sum_ns": 36379.0,
        "mean_ns": 36379.0,
        "median_ns": 36379.0,
        "min_ns": 36379.0,
        "max_ns": 36379.0,
        "variance_ns2": null,
        "iqr_ns": 0.0,
        "q1_ns": 36379.0,
        "q3_ns": 36379.0
      },
      "runq_latency_stats_ns": {
        "count": 1.0,
        "sum_ns": 3305.0,
        "mean_ns": 3305.0,
        "median_ns": 3305.0,
        "min_ns": 3305.0,
        "max_ns": 3305.0,
        "variance_ns2": null,
        "iqr_ns": 0.0,
        "q1_ns": 3305.0,
        "q3_ns": 3305.0
      },
      "first_seen_ts_ns": 1747524163106715979,
      "last_seen_ts_ns": 1747524163106715979,
      "duration_active_s": 0
    },
    {
      "tgid": 396,
      "comm": "lmp",
      "cgroup_id": 11321,
      "on_cpu_stats_ns": {
        "count": 2.0,
        "sum_ns": 29430.0,
        "mean_ns": 14715.0,
        "median_ns": 17100.0,
        "min_ns": 12330.0,
        "max_ns": 17100.0,
        "variance_ns2": 11376450.0,
        "iqr_ns": 4770.0,
        "q1_ns": 12330.0,
        "q3_ns": 17100.0
      },
      "runq_latency_stats_ns": {
        "count": 2.0,
        "sum_ns": 115011.0,
        "mean_ns": 57505.5,
        "median_ns": 112747.0,
        "min_ns": 2264.0,
        "max_ns": 112747.0,
        "variance_ns2": 6103246644.5,
        "iqr_ns": 110483.0,
        "q1_ns": 2264.0,
        "q3_ns": 112747.0
      },
      "first_seen_ts_ns": 1747523912826493112,
      "last_seen_ts_ns": 1747523925850414056,
      "duration_active_s": 13.023920944
    },
    {
      "tgid": 903,
      "comm": "lmp",
      "cgroup_id": 11321,
      "on_cpu_stats_ns": {
        "count": 2.0,
        "sum_ns": 23924.0,
        "mean_ns": 11962.0,
        "median_ns": 12359.0,
        "min_ns": 11565.0,
        "max_ns": 12359.0,
        "variance_ns2": 315218.0,
        "iqr_ns": 794.0,
        "q1_ns": 11565.0,
        "q3_ns": 12359.0
      },
      "runq_latency_stats_ns": {
        "count": 2.0,
        "sum_ns": 8088.5,
        "mean_ns": 4044.25,
        "median_ns": 4160.5,
        "min_ns": 3928.0,
        "max_ns": 4160.5,
        "variance_ns2": 27028.125,
        "iqr_ns": 232.5,
        "q1_ns": 3928.0,
        "q3_ns": 4160.5
      },
      "first_seen_ts_ns": 1747524101112450994,
      "last_seen_ts_ns": 1747524102127030752,
      "duration_active_s": 1.014579758
    },
    {
      "tgid": 832,
      "comm": "lmp",
      "cgroup_id": 11321,
      "on_cpu_stats_ns": {
        "count": 2.0,
        "sum_ns": 19333.666666666664,
        "mean_ns": 9666.833333333332,
        "median_ns": 10307.666666666666,
        "min_ns": 9026.0,
        "max_ns": 10307.666666666666,
        "variance_ns2": 821334.7222222203,
        "iqr_ns": 1281.666666666666,
        "q1_ns": 9026.0,
        "q3_ns": 10307.666666666666
      },
      "runq_latency_stats_ns": {
        "count": 2.0,
        "sum_ns": 7366.666666666667,
        "mean_ns": 3683.3333333333335,
        "median_ns": 4697.666666666667,
        "min_ns": 2669.0,
        "max_ns": 4697.666666666667,
        "variance_ns2": 2057744.222222223,
        "iqr_ns": 2028.666666666667,
        "q1_ns": 2669.0,
        "q3_ns": 4697.666666666667
      },
      "first_seen_ts_ns": 1747524090050688229,
      "last_seen_ts_ns": 1747524091068848614,
      "duration_active_s": 1.018160385
    },
    {
      "tgid": 897,
      "comm": "lmp",
      "cgroup_id": 11321,
      "on_cpu_stats_ns": {
        "count": 2.0,
        "sum_ns": 17611.333333333336,
        "mean_ns": 8805.666666666668,
        "median_ns": 9865.833333333334,
        "min_ns": 7745.5,
        "max_ns": 9865.833333333334,
        "variance_ns2": 2247906.7222222215,
        "iqr_ns": 2120.333333333334,
        "q1_ns": 7745.5,
        "q3_ns": 9865.833333333334
      },
      "runq_latency_stats_ns": {
        "count": 2.0,
        "sum_ns": 6070.333333333334,
        "mean_ns": 3035.166666666667,
        "median_ns": 3282.8333333333335,
        "min_ns": 2787.5,
        "max_ns": 3282.8333333333335,
        "variance_ns2": 122677.55555555552,
        "iqr_ns": 495.3333333333335,
        "q1_ns": 2787.5,
        "q3_ns": 3282.8333333333335
      },
      "first_seen_ts_ns": 1747524099089226948,
      "last_seen_ts_ns": 1747524100100746312,
      "duration_active_s": 1.011519364
    },
    {
      "tgid": 399,
      "comm": "lmp",
      "cgroup_id": 11321,
      "on_cpu_stats_ns": {
        "count": 1.0,
        "sum_ns": 10878.0,
        "mean_ns": 10878.0,
        "median_ns": 10878.0,
        "min_ns": 10878.0,
        "max_ns": 10878.0,
        "variance_ns2": null,
        "iqr_ns": 0.0,
        "q1_ns": 10878.0,
        "q3_ns": 10878.0
      },
      "runq_latency_stats_ns": {
        "count": 1.0,
        "sum_ns": 54592.0,
        "mean_ns": 54592.0,
        "median_ns": 54592.0,
        "min_ns": 54592.0,
        "max_ns": 54592.0,
        "variance_ns2": null,
        "iqr_ns": 0.0,
        "q1_ns": 54592.0,
        "q3_ns": 54592.0
      },
      "first_seen_ts_ns": 1747523847492529736,
      "last_seen_ts_ns": 1747523847492529736,
      "duration_active_s": 0
    }
  ]
}
[23:23:30] Cleanup complete. Exiting.
