unlimited
Looking for /opt/programs/cpu-model/ebpf-collect.c
[23:17:08] Waiting for start indicator file: '/mnt/flux/start_ebpf_collection'.
[23:17:26] Start indicator found. Proceeding with monitoring.
[23:17:26] Initializing eBPF for CPU Scheduling monitoring...
[23:17:26] BPF C code compiled and loaded.
[23:17:26] Attached tracepoints.
[23:17:26] Monitoring CPU scheduling events (polling aggregated map)... Press Ctrl+C to stop.
[23:23:30] Stop indicator file '/mnt/flux/stop_ebpf_collection' found. Stopping.
[23:23:30] Initiating cleanup sequence...
{
  "final_aggregated_summary_river": [
    {
      "tgid": 201,
      "comm": "python3",
      "cgroup_id": 11400,
      "on_cpu_stats_ns": {
        "count": 1568.0,
        "sum_ns": 30874792.84962867,
        "mean_ns": 19690.556664303997,
        "median_ns": 18383.790418013912,
        "min_ns": 4108.0,
        "max_ns": 411263.5,
        "variance_ns2": 397012345.15180886,
        "iqr_ns": 11818.382801019681,
        "q1_ns": 11056.031246005175,
        "q3_ns": 22874.414047024857
      },
      "runq_latency_stats_ns": {
        "count": 1566.0,
        "sum_ns": 64771004.01408216,
        "mean_ns": 41360.794389579925,
        "median_ns": 5435.269970513069,
        "min_ns": 923.0,
        "max_ns": 4552606.0,
        "variance_ns2": 101663616371.16286,
        "iqr_ns": 2523.696713670972,
        "q1_ns": 4227.3243676100155,
        "q3_ns": 6751.021081280987
      },
      "first_seen_ts_ns": 1747523846814798925,
      "last_seen_ts_ns": 1747524210777286935,
      "duration_active_s": 363.96248801
    },
    {
      "tgid": 265,
      "comm": "python3",
      "cgroup_id": 11479,
      "on_cpu_stats_ns": {
        "count": 1411.0,
        "sum_ns": 29907364.85048052,
        "mean_ns": 21195.8645290436,
        "median_ns": 19612.56806534619,
        "min_ns": 4546.0,
        "max_ns": 1674303.4,
        "variance_ns2": 2222053198.5111575,
        "iqr_ns": 11588.619327674187,
        "q1_ns": 12820.415352283842,
        "q3_ns": 24409.03467995803
      },
      "runq_latency_stats_ns": {
        "count": 1412.0,
        "sum_ns": 33874505.247683495,
        "mean_ns": 23990.44280997415,
        "median_ns": 5959.691064108701,
        "min_ns": 993.1463414634146,
        "max_ns": 4034679.0,
        "variance_ns2": 55014769194.48366,
        "iqr_ns": 2703.6822452511506,
        "q1_ns": 4468.29336603121,
        "q3_ns": 7171.975611282361
      },
      "first_seen_ts_ns": 1747523847228144033,
      "last_seen_ts_ns": 1747524210777286935,
      "duration_active_s": 363.549142902
    },
    {
      "tgid": 330,
      "comm": "python3",
      "cgroup_id": 11637,
      "on_cpu_stats_ns": {
        "count": 1396.0,
        "sum_ns": 29715688.86999129,
        "mean_ns": 21286.310078790324,
        "median_ns": 20874.367752129452,
        "min_ns": 4136.0,
        "max_ns": 733180.0,
        "variance_ns2": 620134119.9783344,
        "iqr_ns": 12890.235653644195,
        "q1_ns": 12859.443757043606,
        "q3_ns": 25749.6794106878
      },
      "runq_latency_stats_ns": {
        "count": 1392.0,
        "sum_ns": 39321952.72697164,
        "mean_ns": 28248.529257881924,
        "median_ns": 5844.081140114127,
        "min_ns": 864.6,
        "max_ns": 3999931.0,
        "variance_ns2": 56366651315.29348,
        "iqr_ns": 2797.91748222543,
        "q1_ns": 4194.841701312658,
        "q3_ns": 6992.759183538088
      },
      "first_seen_ts_ns": 1747523847121213222,
      "last_seen_ts_ns": 1747524210473115272,
      "duration_active_s": 363.35190205
    },
    {
      "tgid": 692,
      "comm": "lmp",
      "cgroup_id": 11795,
      "on_cpu_stats_ns": {
        "count": 105.0,
        "sum_ns": 10829532.500000004,
        "mean_ns": 103138.40476190479,
        "median_ns": 20504.082663669462,
        "min_ns": 6970.0,
        "max_ns": 8761175.5,
        "variance_ns2": 727790416065.2694,
        "iqr_ns": 3317.0349012980787,
        "q1_ns": 15416.917621780829,
        "q3_ns": 18733.952523078908
      },
      "runq_latency_stats_ns": {
        "count": 105.0,
        "sum_ns": 7990674.000000002,
        "mean_ns": 76101.65714285716,
        "median_ns": 4867.392147992215,
        "min_ns": 908.0,
        "max_ns": 3003931.0,
        "variance_ns2": 170791181655.9967,
        "iqr_ns": 707.6945459115109,
        "q1_ns": 3435.8042316056885,
        "q3_ns": 4143.498777517199
      },
      "first_seen_ts_ns": 1747523962463029707,
      "last_seen_ts_ns": 1747524073392646251,
      "duration_active_s": 110.929616544
    },
    {
      "tgid": 171,
      "comm": "job-ingest",
      "cgroup_id": 11795,
      "on_cpu_stats_ns": {
        "count": 295.0,
        "sum_ns": 8336622.166666673,
        "mean_ns": 28259.73615819211,
        "median_ns": 26132.14657708078,
        "min_ns": 5691.0,
        "max_ns": 281208.0,
        "variance_ns2": 614321834.653035,
        "iqr_ns": 29789.548757333607,
        "q1_ns": 16488.226905486947,
        "q3_ns": 46277.77566282055
      },
      "runq_latency_stats_ns": {
        "count": 295.0,
        "sum_ns": 167109992.3333332,
        "mean_ns": 566474.5502824854,
        "median_ns": 4540.641496050649,
        "min_ns": 1266.0,
        "max_ns": 134110965.5,
        "variance_ns2": 61048466099175.68,
        "iqr_ns": -163.95673298387464,
        "q1_ns": 4420.399258596338,
        "q3_ns": 4256.442525612463
      },
      "first_seen_ts_ns": 1747523847335866157,
      "last_seen_ts_ns": 1747524210777286935,
      "duration_active_s": 363.441420778
    },
    {
      "tgid": 619,
      "comm": "lmp",
      "cgroup_id": 11795,
      "on_cpu_stats_ns": {
        "count": 230.0,
        "sum_ns": 7579310.499999995,
        "mean_ns": 32953.52391304346,
        "median_ns": 26304.448392061426,
        "min_ns": 9036.0,
        "max_ns": 123751.0,
        "variance_ns2": 303757845.7952773,
        "iqr_ns": 22248.329630196928,
        "q1_ns": 21442.261549445957,
        "q3_ns": 43690.591179642885
      },
      "runq_latency_stats_ns": {
        "count": 230.0,
        "sum_ns": 7508887.000000008,
        "mean_ns": 32647.33478260873,
        "median_ns": 3801.5768583514414,
        "min_ns": 1258.0,
        "max_ns": 3002517.0,
        "variance_ns2": 60441948380.05992,
        "iqr_ns": 1318.8458574794286,
        "q1_ns": 3472.2795977628402,
        "q3_ns": 4791.125455242269
      },
      "first_seen_ts_ns": 1747523963884526455,
      "last_seen_ts_ns": 1747524073920618824,
      "duration_active_s": 110.036092369
    },
    {
      "tgid": 1,
      "comm": "pause",
      "cgroup_id": 11242,
      "on_cpu_stats_ns": {
        "count": 44.0,
        "sum_ns": 6031430.717857145,
        "mean_ns": 137077.97086038964,
        "median_ns": 120584.89531143334,
        "min_ns": 68740.66666666667,
        "max_ns": 713247.6,
        "variance_ns2": 8935586070.60172,
        "iqr_ns": 37291.936399435144,
        "q1_ns": 98603.92626560289,
        "q3_ns": 135895.86266503803
      },
      "runq_latency_stats_ns": {
        "count": 44.0,
        "sum_ns": 8603953.17142857,
        "mean_ns": 195544.39025974023,
        "median_ns": 5927.049122299715,
        "min_ns": 2127.6,
        "max_ns": 3968855.0,
        "variance_ns2": 552590106922.8561,
        "iqr_ns": 31056.627693321712,
        "q1_ns": 3292.455074149739,
        "q3_ns": 34349.08276747145
      },
      "first_seen_ts_ns": 1747523857449131385,
      "last_seen_ts_ns": 1747524210777286935,
      "duration_active_s": 353.32815555
    },
    {
      "tgid": 623,
      "comm": "lmp",
      "cgroup_id": 11795,
      "on_cpu_stats_ns": {
        "count": 230.0,
        "sum_ns": 5846206.999999997,
        "mean_ns": 25418.291304347815,
        "median_ns": 23721.78079379606,
        "min_ns": 7100.0,
        "max_ns": 66550.0,
        "variance_ns2": 126227869.9475223,
        "iqr_ns": 12335.467170533455,
        "q1_ns": 17670.335510345558,
        "q3_ns": 30005.802680879013
      },
      "runq_latency_stats_ns": {
        "count": 230.0,
        "sum_ns": 6479462.999999996,
        "mean_ns": 28171.578260869548,
        "median_ns": 4173.6004226913665,
        "min_ns": 1347.0,
        "max_ns": 1996050.0,
        "variance_ns2": 35867504003.30166,
        "iqr_ns": 1422.8353986295133,
        "q1_ns": 3271.9657314467786,
        "q3_ns": 4694.801130076292
      },
      "first_seen_ts_ns": 1747523961444306449,
      "last_seen_ts_ns": 1747524073392646251,
      "duration_active_s": 111.948339802
    },
    {
      "tgid": 850,
      "comm": "lmp",
      "cgroup_id": 11795,
      "on_cpu_stats_ns": {
        "count": 106.0,
        "sum_ns": 4937125.0,
        "mean_ns": 46576.65094339623,
        "median_ns": 51915.81933540799,
        "min_ns": 14474.0,
        "max_ns": 137488.0,
        "variance_ns2": 314784917.44842756,
        "iqr_ns": 20016.14507766618,
        "q1_ns": 35113.84696151883,
        "q3_ns": 55129.99203918501
      },
      "runq_latency_stats_ns": {
        "count": 106.0,
        "sum_ns": 769482.9999999999,
        "mean_ns": 7259.273584905659,
        "median_ns": 7158.393101074278,
        "min_ns": 4722.0,
        "max_ns": 14303.0,
        "variance_ns2": 2907974.905390836,
        "iqr_ns": 1701.2594200109697,
        "q1_ns": 6112.960135987705,
        "q3_ns": 7814.219555998675
      },
      "first_seen_ts_ns": 1747524079930459473,
      "last_seen_ts_ns": 1747524186940878303,
      "duration_active_s": 107.01041883
    },
    {
      "tgid": 587,
      "comm": "lmp",
      "cgroup_id": 11795,
      "on_cpu_stats_ns": {
        "count": 179.0,
        "sum_ns": 4794120.999999999,
        "mean_ns": 26782.79888268156,
        "median_ns": 26089.922173105104,
        "min_ns": 6073.0,
        "max_ns": 61441.0,
        "variance_ns2": 167898379.5014594,
        "iqr_ns": 21399.812413373653,
        "q1_ns": 15019.612829611524,
        "q3_ns": 36419.42524298518
      },
      "runq_latency_stats_ns": {
        "count": 179.0,
        "sum_ns": 4276626.499999998,
        "mean_ns": 23891.76815642457,
        "median_ns": 3281.6231599449375,
        "min_ns": 1138.0,
        "max_ns": 3043914.0,
        "variance_ns2": 51685573237.7479,
        "iqr_ns": 1201.5991741365124,
        "q1_ns": 2345.346695191784,
        "q3_ns": 3546.9458693282963
      },
      "first_seen_ts_ns": 1747523963884526455,
      "last_seen_ts_ns": 1747524075164304883,
      "duration_active_s": 111.279778428
    },
    {
      "tgid": 627,
      "comm": "lmp",
      "cgroup_id": 11795,
      "on_cpu_stats_ns": {
        "count": 144.0,
        "sum_ns": 4363472.999999999,
        "mean_ns": 30301.895833333325,
        "median_ns": 27050.239997140623,
        "min_ns": 6596.0,
        "max_ns": 59196.0,
        "variance_ns2": 169858228.62543705,
        "iqr_ns": 21619.73108644709,
        "q1_ns": 20834.187686259957,
        "q3_ns": 42453.918772707046
      },
      "runq_latency_stats_ns": {
        "count": 143.0,
        "sum_ns": 3476384.4999999995,
        "mean_ns": 24310.381118881116,
        "median_ns": 4791.680102907343,
        "min_ns": 1127.0,
        "max_ns": 1545917.0,
        "variance_ns2": 23990751637.20759,
        "iqr_ns": 2212.487423623617,
        "q1_ns": 2612.3189732891083,
        "q3_ns": 4824.806396912725
      },
      "first_seen_ts_ns": 1747523970106288969,
      "last_seen_ts_ns": 1747524074147243530,
      "duration_active_s": 104.040954561
    },
    {
      "tgid": 617,
      "comm": "lmp",
      "cgroup_id": 11795,
      "on_cpu_stats_ns": {
        "count": 131.0,
        "sum_ns": 4265958.333333333,
        "mean_ns": 32564.567430025443,
        "median_ns": 30690.668648244544,
        "min_ns": 9256.333333333334,
        "max_ns": 68721.0,
        "variance_ns2": 187210583.1597344,
        "iqr_ns": 20518.767567880222,
        "q1_ns": 22855.09547627132,
        "q3_ns": 43373.86304415154
      },
      "runq_latency_stats_ns": {
        "count": 131.0,
        "sum_ns": 2625764.5000000005,
        "mean_ns": 20044.0038167939,
        "median_ns": 4272.3490824320015,
        "min_ns": 1062.0,
        "max_ns": 1501195.0,
        "variance_ns2": 17927709482.12884,
        "iqr_ns": 3287.001737686742,
        "q1_ns": 2824.944669860977,
        "q3_ns": 6111.946407547719
      },
      "first_seen_ts_ns": 1747523962970562919,
      "last_seen_ts_ns": 1747524074147243530,
      "duration_active_s": 111.176680611
    },
    {
      "tgid": 751,
      "comm": "lmp",
      "cgroup_id": 11795,
      "on_cpu_stats_ns": {
        "count": 131.0,
        "sum_ns": 3882249.500000001,
        "mean_ns": 29635.49236641222,
        "median_ns": 23544.776080633514,
        "min_ns": 7885.0,
        "max_ns": 92330.0,
        "variance_ns2": 187497636.70378745,
        "iqr_ns": 20969.858100221227,
        "q1_ns": 20849.9103954422,
        "q3_ns": 41819.768495663426
      },
      "runq_latency_stats_ns": {
        "count": 131.0,
        "sum_ns": 6219572.500000004,
        "mean_ns": 47477.65267175576,
        "median_ns": 3922.669456715727,
        "min_ns": 1215.0,
        "max_ns": 2976765.0,
        "variance_ns2": 99329277455.37259,
        "iqr_ns": 1697.1194329893005,
        "q1_ns": 2892.9844998929293,
        "q3_ns": 4590.10393288223
      },
      "first_seen_ts_ns": 1747524080032016679,
      "last_seen_ts_ns": 1747524187256984062,
      "duration_active_s": 107.224967383
    },
    {
      "tgid": 746,
      "comm": "lmp",
      "cgroup_id": 11795,
      "on_cpu_stats_ns": {
        "count": 178.0,
        "sum_ns": 3582282.4999999995,
        "mean_ns": 20125.18258426966,
        "median_ns": 19213.46121324229,
        "min_ns": 6792.0,
        "max_ns": 127471.0,
        "variance_ns2": 133632912.13172884,
        "iqr_ns": 9695.425455716377,
        "q1_ns": 14090.751434094102,
        "q3_ns": 23786.17688981048
      },
      "runq_latency_stats_ns": {
        "count": 178.0,
        "sum_ns": 10927392.000000002,
        "mean_ns": 61389.842696629225,
        "median_ns": 2717.2007821389134,
        "min_ns": 1049.5,
        "max_ns": 3998099.0,
        "variance_ns2": 187877527199.58798,
        "iqr_ns": 2130.963028760285,
        "q1_ns": 2647.8996297017284,
        "q3_ns": 4778.862658462013
      },
      "first_seen_ts_ns": 1747523966236614511,
      "last_seen_ts_ns": 1747524074044336421,
      "duration_active_s": 107.80772191
    },
    {
      "tgid": 553,
      "comm": "lmp",
      "cgroup_id": 11795,
      "on_cpu_stats_ns": {
        "count": 197.0,
        "sum_ns": 3568867.999999999,
        "mean_ns": 18116.081218274107,
        "median_ns": 18786.313726985267,
        "min_ns": 5703.0,
        "max_ns": 272277.0,
        "variance_ns2": 378223606.9831649,
        "iqr_ns": 12825.381416887343,
        "q1_ns": 11969.422375158323,
        "q3_ns": 24794.803792045666
      },
      "runq_latency_stats_ns": {
        "count": 197.0,
        "sum_ns": 3960965.0000000014,
        "mean_ns": 20106.421319796962,
        "median_ns": 4236.308872474746,
        "min_ns": 1151.0,
        "max_ns": 1998075.0,
        "variance_ns2": 25351923096.07155,
        "iqr_ns": 2092.136337297611,
        "q1_ns": 3127.7082189322828,
        "q3_ns": 5219.844556229894
      },
      "first_seen_ts_ns": 1747523857140813501,
      "last_seen_ts_ns": 1747523958354298757,
      "duration_active_s": 101.213485256
    },
    {
      "tgid": 762,
      "comm": "lmp",
      "cgroup_id": 11795,
      "on_cpu_stats_ns": {
        "count": 109.0,
        "sum_ns": 3295201.000000001,
        "mean_ns": 30231.201834862393,
        "median_ns": 26180.539561798054,
        "min_ns": 8447.0,
        "max_ns": 81038.0,
        "variance_ns2": 202421980.29221877,
        "iqr_ns": 20440.13490065794,
        "q1_ns": 18213.585761695387,
        "q3_ns": 38653.72066235333
      },
      "runq_latency_stats_ns": {
        "count": 109.0,
        "sum_ns": 11834870.500000002,
        "mean_ns": 108576.79357798168,
        "median_ns": 3007.2300401855828,
        "min_ns": 1473.0,
        "max_ns": 4000184.0,
        "variance_ns2": 309456305655.63525,
        "iqr_ns": 3114.7151971687404,
        "q1_ns": 2362.6710793499537,
        "q3_ns": 5477.386276518694
      },
      "first_seen_ts_ns": 1747524075585055734,
      "last_seen_ts_ns": 1747524187994954304,
      "duration_active_s": 112.40989857
    },
    {
      "tgid": 578,
      "comm": "lmp",
      "cgroup_id": 11795,
      "on_cpu_stats_ns": {
        "count": 101.0,
        "sum_ns": 3290802.0,
        "mean_ns": 32582.19801980198,
        "median_ns": 30544.51314637588,
        "min_ns": 11119.0,
        "max_ns": 61190.0,
        "variance_ns2": 126420989.38039611,
        "iqr_ns": 15775.289177704839,
        "q1_ns": 25743.773137826054,
        "q3_ns": 41519.06231553089
      },
      "runq_latency_stats_ns": {
        "count": 101.0,
        "sum_ns": 10428487.500000006,
        "mean_ns": 103252.35148514857,
        "median_ns": 4935.437765370238,
        "min_ns": 1688.0,
        "max_ns": 3999814.0,
        "variance_ns2": 323506759158.0175,
        "iqr_ns": 9408.454874323026,
        "q1_ns": 4233.345433552638,
        "q3_ns": 13641.800307875665
      },
      "first_seen_ts_ns": 1747523964290061496,
      "last_seen_ts_ns": 1747524073276911559,
      "duration_active_s": 108.986850063
    },
    {
      "tgid": 609,
      "comm": "lmp",
      "cgroup_id": 11795,
      "on_cpu_stats_ns": {
        "count": 99.0,
        "sum_ns": 3233642.499999999,
        "mean_ns": 32663.055555555544,
        "median_ns": 28399.558621060016,
        "min_ns": 11477.0,
        "max_ns": 88358.0,
        "variance_ns2": 185675838.9126984,
        "iqr_ns": 13634.509846162575,
        "q1_ns": 24224.144068011665,
        "q3_ns": 37858.65391417424
      },
      "runq_latency_stats_ns": {
        "count": 99.0,
        "sum_ns": 3467947.9999999995,
        "mean_ns": 35029.777777777774,
        "median_ns": 4348.510891473296,
        "min_ns": 1785.0,
        "max_ns": 2000978.5,
        "variance_ns2": 49289849743.74096,
        "iqr_ns": 2875.9894044386606,
        "q1_ns": 3797.856261024833,
        "q3_ns": 6673.845665463494
      },
      "first_seen_ts_ns": 1747523966236614511,
      "last_seen_ts_ns": 1747524073276911559,
      "duration_active_s": 107.040297048
    },
    {
      "tgid": 648,
      "comm": "lmp",
      "cgroup_id": 11795,
      "on_cpu_stats_ns": {
        "count": 136.0,
        "sum_ns": 3172055.833333334,
        "mean_ns": 23323.939950980395,
        "median_ns": 21155.08721212286,
        "min_ns": 6030.0,
        "max_ns": 56865.0,
        "variance_ns2": 111047255.15212871,
        "iqr_ns": 13823.009499741984,
        "q1_ns": 14772.686596447522,
        "q3_ns": 28595.696096189506
      },
      "runq_latency_stats_ns": {
        "count": 136.0,
        "sum_ns": 2637929.000000001,
        "mean_ns": 19396.53676470589,
        "median_ns": 3146.9033463953374,
        "min_ns": 1364.0,
        "max_ns": 1998934.0,
        "variance_ns2": 29252919210.431965,
        "iqr_ns": 848.9615766896427,
        "q1_ns": 2393.5070044487584,
        "q3_ns": 3242.468581138401
      },
      "first_seen_ts_ns": 1747523963176210240,
      "last_seen_ts_ns": 1747524075164304883,
      "duration_active_s": 111.988094643
    },
    {
      "tgid": 742,
      "comm": "lmp",
      "cgroup_id": 11795,
      "on_cpu_stats_ns": {
        "count": 128.0,
        "sum_ns": 3155418.999999998,
        "mean_ns": 24651.710937499985,
        "median_ns": 20249.9818122327,
        "min_ns": 6257.0,
        "max_ns": 74280.0,
        "variance_ns2": 227292983.5929504,
        "iqr_ns": 20863.057988766188,
        "q1_ns": 14343.588347427058,
        "q3_ns": 35206.64633619325
      },
      "runq_latency_stats_ns": {
        "count": 127.0,
        "sum_ns": 3062159.5,
        "mean_ns": 24111.492125984252,
        "median_ns": 3436.000937117935,
        "min_ns": 1102.0,
        "max_ns": 1996321.0,
        "variance_ns2": 32393835321.091198,
        "iqr_ns": 4429.807989762374,
        "q1_ns": 2284.7261749716345,
        "q3_ns": 6714.534164734008
      },
      "first_seen_ts_ns": 1747523962565142895,
      "last_seen_ts_ns": 1747524075866142892,
      "duration_active_s": 113.300999997
    },
    {
      "tgid": 558,
      "comm": "lmp",
      "cgroup_id": 11795,
      "on_cpu_stats_ns": {
        "count": 192.0,
        "sum_ns": 3116774.9999999986,
        "mean_ns": 16233.203124999993,
        "median_ns": 17104.76301821156,
        "min_ns": 3586.0,
        "max_ns": 37006.0,
        "variance_ns2": 52008282.58156093,
        "iqr_ns": 13817.777381673664,
        "q1_ns": 8358.66093891566,
        "q3_ns": 22176.438320589325
      },
      "runq_latency_stats_ns": {
        "count": 192.0,
        "sum_ns": 5026569.000000002,
        "mean_ns": 26180.046875000007,
        "median_ns": 3767.448176156634,
        "min_ns": 915.0,
        "max_ns": 3997230.0,
        "variance_ns2": 83041397868.55795,
        "iqr_ns": 3453.238666458926,
        "q1_ns": 2678.9261588995837,
        "q3_ns": 6132.16482535851
      },
      "first_seen_ts_ns": 1747523857140813501,
      "last_seen_ts_ns": 1747523957497937448,
      "duration_active_s": 100.357123947
    },
    {
      "tgid": 760,
      "comm": "lmp",
      "cgroup_id": 11795,
      "on_cpu_stats_ns": {
        "count": 96.0,
        "sum_ns": 3101485.4999999995,
        "mean_ns": 32307.140624999996,
        "median_ns": 27923.832391240063,
        "min_ns": 10039.0,
        "max_ns": 265044.0,
        "variance_ns2": 1035768950.9510691,
        "iqr_ns": 10465.658609507365,
        "q1_ns": 23338.0917904777,
        "q3_ns": 33803.75039998507
      },
      "runq_latency_stats_ns": {
        "count": 95.0,
        "sum_ns": 8333521.500000003,
        "mean_ns": 87721.27894736845,
        "median_ns": 4510.083518811556,
        "min_ns": 1760.0,
        "max_ns": 3998135.0,
        "variance_ns2": 261610018771.1473,
        "iqr_ns": 4064.955201260838,
        "q1_ns": 3922.8748356168867,
        "q3_ns": 7987.8300368777245
      },
      "first_seen_ts_ns": 1747524075585055734,
      "last_seen_ts_ns": 1747524187994954304,
      "duration_active_s": 112.40989857
    },
    {
      "tgid": 555,
      "comm": "lmp",
      "cgroup_id": 11795,
      "on_cpu_stats_ns": {
        "count": 195.0,
        "sum_ns": 2933887.0,
        "mean_ns": 15045.57435897436,
        "median_ns": 14500.677947438486,
        "min_ns": 4693.0,
        "max_ns": 32554.0,
        "variance_ns2": 30567736.730266973,
        "iqr_ns": 8864.323165645557,
        "q1_ns": 10887.899475492799,
        "q3_ns": 19752.222641138356
      },
      "runq_latency_stats_ns": {
        "count": 195.0,
        "sum_ns": 2892441.0000000005,
        "mean_ns": 14833.03076923077,
        "median_ns": 3419.564012166234,
        "min_ns": 1203.0,
        "max_ns": 2001464.0,
        "variance_ns2": 20472706857.287704,
        "iqr_ns": 2729.351901692038,
        "q1_ns": 2376.3146297774665,
        "q3_ns": 5105.666531469505
      },
      "first_seen_ts_ns": 1747523857038846041,
      "last_seen_ts_ns": 1747523958354298757,
      "duration_active_s": 101.315452716
    },
    {
      "tgid": 754,
      "comm": "lmp",
      "cgroup_id": 11795,
      "on_cpu_stats_ns": {
        "count": 95.0,
        "sum_ns": 2795317.000000001,
        "mean_ns": 29424.38947368422,
        "median_ns": 27540.697114672086,
        "min_ns": 10921.0,
        "max_ns": 151300.0,
        "variance_ns2": 317227174.66584533,
        "iqr_ns": 11596.869497154836,
        "q1_ns": 22128.923958335992,
        "q3_ns": 33725.79345549083
      },
      "runq_latency_stats_ns": {
        "count": 95.0,
        "sum_ns": 6192510.999999998,
        "mean_ns": 65184.326315789454,
        "median_ns": 4313.916192110613,
        "min_ns": 930.5,
        "max_ns": 2988049.0,
        "variance_ns2": 136473220004.17429,
        "iqr_ns": 3882.2137877516893,
        "q1_ns": 3856.580517592843,
        "q3_ns": 7738.794305344532
      },
      "first_seen_ts_ns": 1747524076414276248,
      "last_seen_ts_ns": 1747524187994954304,
      "duration_active_s": 111.580678056
    },
    {
      "tgid": 836,
      "comm": "lmp",
      "cgroup_id": 11795,
      "on_cpu_stats_ns": {
        "count": 107.0,
        "sum_ns": 2753784.000000001,
        "mean_ns": 25736.299065420568,
        "median_ns": 25792.374116578452,
        "min_ns": 13942.0,
        "max_ns": 51534.0,
        "variance_ns2": 70887979.83896133,
        "iqr_ns": 14236.508808472972,
        "q1_ns": 19510.407989319552,
        "q3_ns": 33746.916797792524
      },
      "runq_latency_stats_ns": {
        "count": 107.0,
        "sum_ns": 580374.5000000003,
        "mean_ns": 5424.060747663554,
        "median_ns": 4624.3589137350555,
        "min_ns": 3153.0,
        "max_ns": 12670.0,
        "variance_ns2": 4519416.79108623,
        "iqr_ns": 1808.0762400509416,
        "q1_ns": 3979.929829010123,
        "q3_ns": 5788.006069061064
      },
      "first_seen_ts_ns": 1747524079930459473,
      "last_seen_ts_ns": 1747524188916921210,
      "duration_active_s": 108.986461737
    },
    {
      "tgid": 486,
      "comm": "lmp",
      "cgroup_id": 11795,
      "on_cpu_stats_ns": {
        "count": 97.0,
        "sum_ns": 2723072.4999999995,
        "mean_ns": 28072.912371134014,
        "median_ns": 22563.376412154717,
        "min_ns": 7420.0,
        "max_ns": 131026.0,
        "variance_ns2": 494252350.65109533,
        "iqr_ns": 4500.694913725041,
        "q1_ns": 19448.713166786198,
        "q3_ns": 23949.40808051124
      },
      "runq_latency_stats_ns": {
        "count": 97.0,
        "sum_ns": 8965305.000000002,
        "mean_ns": 92425.82474226806,
        "median_ns": 4230.274709193631,
        "min_ns": 1331.0,
        "max_ns": 3996375.0,
        "variance_ns2": 228597885853.22928,
        "iqr_ns": 739.5170512125364,
        "q1_ns": 3460.309126437975,
        "q3_ns": 4199.826177650511
      },
      "first_seen_ts_ns": 1747523847480385315,
      "last_seen_ts_ns": 1747523958141929522,
      "duration_active_s": 110.661544207
    },
    {
      "tgid": 740,
      "comm": "lmp",
      "cgroup_id": 11795,
      "on_cpu_stats_ns": {
        "count": 115.0,
        "sum_ns": 2585089.499999999,
        "mean_ns": 22479.039130434776,
        "median_ns": 21611.270231845345,
        "min_ns": 6142.0,
        "max_ns": 63763.0,
        "variance_ns2": 93523013.30766594,
        "iqr_ns": 14148.231418887428,
        "q1_ns": 14744.633229441044,
        "q3_ns": 28892.864648328472
      },
      "runq_latency_stats_ns": {
        "count": 115.0,
        "sum_ns": 7846970.000000001,
        "mean_ns": 68234.52173913045,
        "median_ns": 3802.9778531500974,
        "min_ns": 1026.0,
        "max_ns": 4003943.0,
        "variance_ns2": 215635105064.37466,
        "iqr_ns": 1544.9320291039398,
        "q1_ns": 3173.2333081423135,
        "q3_ns": 4718.165337246253
      },
      "first_seen_ts_ns": 1747523965822035516,
      "last_seen_ts_ns": 1747524073920618824,
      "duration_active_s": 108.098583308
    },
    {
      "tgid": 581,
      "comm": "lmp",
      "cgroup_id": 11795,
      "on_cpu_stats_ns": {
        "count": 2.0,
        "sum_ns": 2583161.333333333,
        "mean_ns": 1291580.6666666665,
        "median_ns": 1953205.3333333333,
        "min_ns": 629956.0,
        "max_ns": 1953205.3333333333,
        "variance_ns2": 875494399083.5553,
        "iqr_ns": 1323249.3333333333,
        "q1_ns": 629956.0,
        "q3_ns": 1953205.3333333333
      },
      "runq_latency_stats_ns": {
        "count": 2.0,
        "sum_ns": 1004165.3333333334,
        "mean_ns": 502082.6666666667,
        "median_ns": 1003051.3333333334,
        "min_ns": 1114.0,
        "max_ns": 1003051.3333333334,
        "variance_ns2": 501939209963.5556,
        "iqr_ns": 1001937.3333333334,
        "q1_ns": 1114.0,
        "q3_ns": 1003051.3333333334
      },
      "first_seen_ts_ns": 1747523961102164325,
      "last_seen_ts_ns": 1747524022538519745,
      "duration_active_s": 61.43635542
    },
    {
      "tgid": 752,
      "comm": "lmp",
      "cgroup_id": 11795,
      "on_cpu_stats_ns": {
        "count": 89.0,
        "sum_ns": 2512266.9999999995,
        "mean_ns": 28227.719101123592,
        "median_ns": 28315.682641962187,
        "min_ns": 8752.0,
        "max_ns": 139125.0,
        "variance_ns2": 221021351.49974453,
        "iqr_ns": 14739.783020988227,
        "q1_ns": 19854.7000702645,
        "q3_ns": 34594.483091252725
      },
      "runq_latency_stats_ns": {
        "count": 88.0,
        "sum_ns": 5812572.000000001,
        "mean_ns": 66051.95454545456,
        "median_ns": 4520.156515304356,
        "min_ns": 1462.0,
        "max_ns": 3001151.0,
        "variance_ns2": 114692448085.1243,
        "iqr_ns": 623.4507074238836,
        "q1_ns": 4392.032126831542,
        "q3_ns": 5015.482834255426
      },
      "first_seen_ts_ns": 1747524076196996810,
      "last_seen_ts_ns": 1747524187994954304,
      "duration_active_s": 111.797957494
    },
    {
      "tgid": 551,
      "comm": "lmp",
      "cgroup_id": 11795,
      "on_cpu_stats_ns": {
        "count": 194.0,
        "sum_ns": 2479604.9999999995,
        "mean_ns": 12781.469072164946,
        "median_ns": 12366.767125916882,
        "min_ns": 3598.0,
        "max_ns": 33538.0,
        "variance_ns2": 31086404.623390894,
        "iqr_ns": 8525.46876539389,
        "q1_ns": 8989.871366505502,
        "q3_ns": 17515.340131899393
      },
      "runq_latency_stats_ns": {
        "count": 194.0,
        "sum_ns": 4932425.000000002,
        "mean_ns": 25424.87113402063,
        "median_ns": 3368.344601973215,
        "min_ns": 1207.0,
        "max_ns": 4002199.0,
        "variance_ns2": 82387149200.50665,
        "iqr_ns": 2338.914179700457,
        "q1_ns": 2721.6559690784775,
        "q3_ns": 5060.570148778935
      },
      "first_seen_ts_ns": 1747523857243181330,
      "last_seen_ts_ns": 1747523959589478478,
      "duration_active_s": 102.346297148
    },
    {
      "tgid": 758,
      "comm": "lmp",
      "cgroup_id": 11795,
      "on_cpu_stats_ns": {
        "count": 93.0,
        "sum_ns": 2393998.0000000005,
        "mean_ns": 25741.913978494627,
        "median_ns": 26227.80595915548,
        "min_ns": 10774.0,
        "max_ns": 119058.0,
        "variance_ns2": 144949171.31860685,
        "iqr_ns": 8727.422186372405,
        "q1_ns": 21253.098172356462,
        "q3_ns": 29980.520358728867
      },
      "runq_latency_stats_ns": {
        "count": 93.0,
        "sum_ns": 5850912.999999999,
        "mean_ns": 62913.04301075268,
        "median_ns": 3749.268938892842,
        "min_ns": 1579.0,
        "max_ns": 2982420.0,
        "variance_ns2": 136669591524.67198,
        "iqr_ns": 2478.935217367829,
        "q1_ns": 3039.4432685264246,
        "q3_ns": 5518.378485894254
      },
      "first_seen_ts_ns": 1747524080344201016,
      "last_seen_ts_ns": 1747524187994954304,
      "duration_active_s": 107.650753288
    },
    {
      "tgid": 633,
      "comm": "lmp",
      "cgroup_id": 11795,
      "on_cpu_stats_ns": {
        "count": 99.0,
        "sum_ns": 2392511.0,
        "mean_ns": 24166.777777777777,
        "median_ns": 22473.214960605157,
        "min_ns": 10798.0,
        "max_ns": 89304.0,
        "variance_ns2": 96397583.78684805,
        "iqr_ns": 9799.322435025046,
        "q1_ns": 19003.55587404367,
        "q3_ns": 28802.878309068717
      },
      "runq_latency_stats_ns": {
        "count": 99.0,
        "sum_ns": 8482377.000000004,
        "mean_ns": 85680.5757575758,
        "median_ns": 4386.92341677886,
        "min_ns": 1098.0,
        "max_ns": 3004199.0,
        "variance_ns2": 217180745562.11923,
        "iqr_ns": 1788.8629055932179,
        "q1_ns": 3582.9707505029883,
        "q3_ns": 5371.833656096206
      },
      "first_seen_ts_ns": 1747523965414512771,
      "last_seen_ts_ns": 1747524074352417014,
      "duration_active_s": 108.937904243
    },
    {
      "tgid": 611,
      "comm": "lmp",
      "cgroup_id": 11795,
      "on_cpu_stats_ns": {
        "count": 82.0,
        "sum_ns": 2389611.666666667,
        "mean_ns": 29141.605691056913,
        "median_ns": 23720.171671692893,
        "min_ns": 7583.666666666667,
        "max_ns": 93923.0,
        "variance_ns2": 303884699.9674294,
        "iqr_ns": 4616.889067088283,
        "q1_ns": 21542.90856092331,
        "q3_ns": 26159.797628011594
      },
      "runq_latency_stats_ns": {
        "count": 82.0,
        "sum_ns": 8635095.999999993,
        "mean_ns": 105306.04878048772,
        "median_ns": 4548.795440495082,
        "min_ns": 1083.0,
        "max_ns": 2993533.0,
        "variance_ns2": 236593356727.13333,
        "iqr_ns": 5632.069615709055,
        "q1_ns": 3717.798194816933,
        "q3_ns": 9349.867810525988
      },
      "first_seen_ts_ns": 1747523970819367010,
      "last_seen_ts_ns": 1747524073276911559,
      "duration_active_s": 102.457544549
    },
    {
      "tgid": 631,
      "comm": "lmp",
      "cgroup_id": 11795,
      "on_cpu_stats_ns": {
        "count": 93.0,
        "sum_ns": 2352580.000000001,
        "mean_ns": 25296.559139784957,
        "median_ns": 23889.12504302294,
        "min_ns": 9719.0,
        "max_ns": 91118.0,
        "variance_ns2": 144237222.57526872,
        "iqr_ns": 12613.504496093385,
        "q1_ns": 17634.404409413448,
        "q3_ns": 30247.908905506833
      },
      "runq_latency_stats_ns": {
        "count": 93.0,
        "sum_ns": 3407999.500000001,
        "mean_ns": 36645.1559139785,
        "median_ns": 3757.7612153408045,
        "min_ns": 1474.0,
        "max_ns": 1895952.0,
        "variance_ns2": 47525764898.47814,
        "iqr_ns": 4653.011390036769,
        "q1_ns": 2533.5305258595577,
        "q3_ns": 7186.541915896327
      },
      "first_seen_ts_ns": 1747523962463029707,
      "last_seen_ts_ns": 1747524074352417014,
      "duration_active_s": 111.889387307
    },
    {
      "tgid": 643,
      "comm": "lmp",
      "cgroup_id": 11795,
      "on_cpu_stats_ns": {
        "count": 86.0,
        "sum_ns": 2270579.0,
        "mean_ns": 26402.081395348836,
        "median_ns": 25540.63944835345,
        "min_ns": 10675.0,
        "max_ns": 94702.0,
        "variance_ns2": 119670618.19329683,
        "iqr_ns": 7185.154104283851,
        "q1_ns": 22651.233140013628,
        "q3_ns": 29836.38724429748
      },
      "runq_latency_stats_ns": {
        "count": 86.0,
        "sum_ns": 8952658.000000004,
        "mean_ns": 104100.67441860469,
        "median_ns": 5648.126930164204,
        "min_ns": 1458.0,
        "max_ns": 2996274.0,
        "variance_ns2": 223339083569.84564,
        "iqr_ns": 9180.99768661552,
        "q1_ns": 4391.1611431846295,
        "q3_ns": 13572.158829800148
      },
      "first_seen_ts_ns": 1747523969287449173,
      "last_seen_ts_ns": 1747524073920618824,
      "duration_active_s": 104.633169651
    },
    {
      "tgid": 764,
      "comm": "lmp",
      "cgroup_id": 11795,
      "on_cpu_stats_ns": {
        "count": 82.0,
        "sum_ns": 2249184.6,
        "mean_ns": 27429.08048780488,
        "median_ns": 25986.437941409917,
        "min_ns": 7293.0,
        "max_ns": 66288.0,
        "variance_ns2": 75197979.5781331,
        "iqr_ns": 8379.075336278514,
        "q1_ns": 21199.87116160449,
        "q3_ns": 29578.946497883004
      },
      "runq_latency_stats_ns": {
        "count": 80.0,
        "sum_ns": 3603831.5999999987,
        "mean_ns": 45047.89499999998,
        "median_ns": 4420.629200344346,
        "min_ns": 2152.0,
        "max_ns": 1997094.0,
        "variance_ns2": 67697235324.6187,
        "iqr_ns": 3525.377824122183,
        "q1_ns": 3676.1086614709343,
        "q3_ns": 7201.486485593117
      },
      "first_seen_ts_ns": 1747524096523783893,
      "last_seen_ts_ns": 1747524187994954304,
      "duration_active_s": 91.471170411
    },
    {
      "tgid": 770,
      "comm": "lmp",
      "cgroup_id": 11795,
      "on_cpu_stats_ns": {
        "count": 85.0,
        "sum_ns": 2186185.000000001,
        "mean_ns": 25719.823529411773,
        "median_ns": 23713.4155196725,
        "min_ns": 9536.0,
        "max_ns": 123690.0,
        "variance_ns2": 178263104.67086846,
        "iqr_ns": 8988.752967696157,
        "q1_ns": 21048.508754610495,
        "q3_ns": 30037.26172230665
      },
      "runq_latency_stats_ns": {
        "count": 85.0,
        "sum_ns": 2410302.0,
        "mean_ns": 28356.49411764706,
        "median_ns": 3689.039223162994,
        "min_ns": 1009.0,
        "max_ns": 1999076.0,
        "variance_ns2": 46839423684.80057,
        "iqr_ns": 817.4181604736132,
        "q1_ns": 3181.795642032768,
        "q3_ns": 3999.213802506381
      },
      "first_seen_ts_ns": 1747524082595383379,
      "last_seen_ts_ns": 1747524187994954304,
      "duration_active_s": 105.399570925
    },
    {
      "tgid": 615,
      "comm": "lmp",
      "cgroup_id": 11795,
      "on_cpu_stats_ns": {
        "count": 93.0,
        "sum_ns": 2158298.666666666,
        "mean_ns": 23207.512544802863,
        "median_ns": 22935.972340652366,
        "min_ns": 8980.0,
        "max_ns": 88839.0,
        "variance_ns2": 85212500.1849254,
        "iqr_ns": 7883.321871537508,
        "q1_ns": 19618.909432654084,
        "q3_ns": 27502.23130419159
      },
      "runq_latency_stats_ns": {
        "count": 92.0,
        "sum_ns": 4117977.999999998,
        "mean_ns": 44760.630434782586,
        "median_ns": 3852.4331870040387,
        "min_ns": 1389.0,
        "max_ns": 2916355.0,
        "variance_ns2": 95070704160.76305,
        "iqr_ns": 1579.0458379036268,
        "q1_ns": 3160.7012902787933,
        "q3_ns": 4739.74712818242
      },
      "first_seen_ts_ns": 1747523963277281943,
      "last_seen_ts_ns": 1747524073171863323,
      "duration_active_s": 109.89458138
    },
    {
      "tgid": 777,
      "comm": "lmp",
      "cgroup_id": 11795,
      "on_cpu_stats_ns": {
        "count": 77.0,
        "sum_ns": 1880352.0,
        "mean_ns": 24420.155844155845,
        "median_ns": 23644.366185970448,
        "min_ns": 10832.0,
        "max_ns": 43460.0,
        "variance_ns2": 39771665.2911825,
        "iqr_ns": 4896.241137469879,
        "q1_ns": 21550.211243034257,
        "q3_ns": 26446.452380504135
      },
      "runq_latency_stats_ns": {
        "count": 77.0,
        "sum_ns": 7386275.000000003,
        "mean_ns": 95925.64935064939,
        "median_ns": 5949.546738246582,
        "min_ns": 1705.0,
        "max_ns": 4001062.0,
        "variance_ns2": 317651602659.75696,
        "iqr_ns": 5265.094460476678,
        "q1_ns": 3492.9781339860083,
        "q3_ns": 8758.072594462687
      },
      "first_seen_ts_ns": 1747524084218736061,
      "last_seen_ts_ns": 1747524187884699851,
      "duration_active_s": 103.66596379
    },
    {
      "tgid": 705,
      "comm": "lmp",
      "cgroup_id": 11795,
      "on_cpu_stats_ns": {
        "count": 95.0,
        "sum_ns": 1788871.666666666,
        "mean_ns": 18830.22807017543,
        "median_ns": 16742.265644598767,
        "min_ns": 6815.0,
        "max_ns": 46696.0,
        "variance_ns2": 62902984.79967648,
        "iqr_ns": 8361.020902382572,
        "q1_ns": 13918.310724315814,
        "q3_ns": 22279.331626698386
      },
      "runq_latency_stats_ns": {
        "count": 95.0,
        "sum_ns": 8754256.66666667,
        "mean_ns": 92150.07017543862,
        "median_ns": 4521.821703954277,
        "min_ns": 1970.0,
        "max_ns": 2999094.0,
        "variance_ns2": 224550770103.46783,
        "iqr_ns": 1586.7314906181741,
        "q1_ns": 3864.3630645038206,
        "q3_ns": 5451.094555121995
      },
      "first_seen_ts_ns": 1747523967459122499,
      "last_seen_ts_ns": 1747524073920618824,
      "duration_active_s": 106.461496325
    },
    {
      "tgid": 669,
      "comm": "lmp",
      "cgroup_id": 11795,
      "on_cpu_stats_ns": {
        "count": 149.0,
        "sum_ns": 1598437.5292191647,
        "mean_ns": 10727.768652477616,
        "median_ns": 10332.284549545322,
        "min_ns": 6165.9375,
        "max_ns": 41771.8,
        "variance_ns2": 17272313.194623705,
        "iqr_ns": 3681.979149551673,
        "q1_ns": 8064.64243046873,
        "q3_ns": 11746.621580020403
      },
      "runq_latency_stats_ns": {
        "count": 149.0,
        "sum_ns": 32616590.11043493,
        "mean_ns": 218903.28933177807,
        "median_ns": 164343.88012383893,
        "min_ns": 1510.2121212121212,
        "max_ns": 938867.2222222222,
        "variance_ns2": 53021181857.47483,
        "iqr_ns": 401874.64588737383,
        "q1_ns": 21222.99981636742,
        "q3_ns": 423097.64570374123
      },
      "first_seen_ts_ns": 1747523960119045012,
      "last_seen_ts_ns": 1747524073069413850,
      "duration_active_s": 112.950368838
    },
    {
      "tgid": 171,
      "comm": "content",
      "cgroup_id": 11795,
      "on_cpu_stats_ns": {
        "count": 5.0,
        "sum_ns": 1576949.6,
        "mean_ns": 315389.92000000004,
        "median_ns": 22135.0,
        "min_ns": 10825.0,
        "max_ns": 1482504.6,
        "variance_ns2": 425826879334.0321,
        "iqr_ns": 26241.0,
        "q1_ns": 17622.0,
        "q3_ns": 43863.0
      },
      "runq_latency_stats_ns": {
        "count": 5.0,
        "sum_ns": 40400.0,
        "mean_ns": 8080.0,
        "median_ns": 2013.0,
        "min_ns": 1828.0,
        "max_ns": 31861.0,
        "variance_ns2": 176864629.5,
        "iqr_ns": 822.0,
        "q1_ns": 1938.0,
        "q3_ns": 2760.0
      },
      "first_seen_ts_ns": 1747523851338067759,
      "last_seen_ts_ns": 1747524187994954304,
      "duration_active_s": 336.656886545
    },
    {
      "tgid": 394,
      "comm": "python3",
      "cgroup_id": 11716,
      "on_cpu_stats_ns": {
        "count": 86.0,
        "sum_ns": 1448304.9381634404,
        "mean_ns": 16840.755094923727,
        "median_ns": 16447.441923600873,
        "min_ns": 7480.0,
        "max_ns": 39686.0,
        "variance_ns2": 49083940.31835939,
        "iqr_ns": 10772.783289901063,
        "q1_ns": 11433.125244262867,
        "q3_ns": 22205.90853416393
      },
      "runq_latency_stats_ns": {
        "count": 86.0,
        "sum_ns": 485611.3829193381,
        "mean_ns": 5646.643987434164,
        "median_ns": 5981.119655779024,
        "min_ns": 879.7,
        "max_ns": 9253.0,
        "variance_ns2": 3174359.504204173,
        "iqr_ns": 1623.0986254195223,
        "q1_ns": 5242.439761826077,
        "q3_ns": 6865.5383872456
      },
      "first_seen_ts_ns": 1747523848235921925,
      "last_seen_ts_ns": 1747524209955277725,
      "duration_active_s": 361.7193558
    },
    {
      "tgid": 171,
      "comm": "job-info",
      "cgroup_id": 11795,
      "on_cpu_stats_ns": {
        "count": 93.0,
        "sum_ns": 1323977.144705482,
        "mean_ns": 14236.313383929913,
        "median_ns": 14097.061991136774,
        "min_ns": 3824.0,
        "max_ns": 29585.0,
        "variance_ns2": 48648288.87584183,
        "iqr_ns": 12623.214471012048,
        "q1_ns": 7460.015294522477,
        "q3_ns": 20083.229765534525
      },
      "runq_latency_stats_ns": {
        "count": 93.0,
        "sum_ns": 525209.5898146798,
        "mean_ns": 5647.414944243868,
        "median_ns": 5807.397428923847,
        "min_ns": 1137.3820224719102,
        "max_ns": 14903.0,
        "variance_ns2": 3156356.89655599,
        "iqr_ns": 1331.0495791445928,
        "q1_ns": 5161.731516418944,
        "q3_ns": 6492.781095563537
      },
      "first_seen_ts_ns": 1747523848235921925,
      "last_seen_ts_ns": 1747524210777286935,
      "duration_active_s": 362.54136501
    },
    {
      "tgid": 171,
      "comm": "ZMQbg/Reaper",
      "cgroup_id": 11795,
      "on_cpu_stats_ns": {
        "count": 90.0,
        "sum_ns": 1293557.832476044,
        "mean_ns": 14372.864805289379,
        "median_ns": 14649.28557413733,
        "min_ns": 4908.0,
        "max_ns": 29316.0,
        "variance_ns2": 44700205.743180305,
        "iqr_ns": 11685.167619628475,
        "q1_ns": 7608.277083586095,
        "q3_ns": 19293.44470321457
      },
      "runq_latency_stats_ns": {
        "count": 90.0,
        "sum_ns": 554704.978817063,
        "mean_ns": 6163.388653522923,
        "median_ns": 6197.749487691938,
        "min_ns": 1259.404761904762,
        "max_ns": 11363.0,
        "variance_ns2": 2551421.353996807,
        "iqr_ns": 1191.4646317792058,
        "q1_ns": 5651.3285991429775,
        "q3_ns": 6842.793230922183
      },
      "first_seen_ts_ns": 1747523848235921925,
      "last_seen_ts_ns": 1747524209955277725,
      "duration_active_s": 361.7193558
    },
    {
      "tgid": 82,
      "comm": "bash",
      "cgroup_id": 11637,
      "on_cpu_stats_ns": {
        "count": 94.0,
        "sum_ns": 1271805.677153558,
        "mean_ns": 13529.84762929317,
        "median_ns": 12573.408208994508,
        "min_ns": 4023.0,
        "max_ns": 38069.0,
        "variance_ns2": 43222351.23441768,
        "iqr_ns": 10649.869754061368,
        "q1_ns": 7540.548245619068,
        "q3_ns": 18190.417999680438
      },
      "runq_latency_stats_ns": {
        "count": 94.0,
        "sum_ns": 549536.708988764,
        "mean_ns": 5846.135202008128,
        "median_ns": 6067.753942807522,
        "min_ns": 1221.876404494382,
        "max_ns": 10479.0,
        "variance_ns2": 2218630.837226902,
        "iqr_ns": 1755.9753116159845,
        "q1_ns": 4955.75714277573,
        "q3_ns": 6711.732454391715
      },
      "first_seen_ts_ns": 1747523848235921925,
      "last_seen_ts_ns": 1747524209955277725,
      "duration_active_s": 361.7193558
    },
    {
      "tgid": 171,
      "comm": "kvs",
      "cgroup_id": 11795,
      "on_cpu_stats_ns": {
        "count": 91.0,
        "sum_ns": 1247466.0678717352,
        "mean_ns": 13708.418328260826,
        "median_ns": 14900.753674526894,
        "min_ns": 4160.0,
        "max_ns": 26024.0,
        "variance_ns2": 36837123.40464815,
        "iqr_ns": 11345.201722717553,
        "q1_ns": 7878.448807800585,
        "q3_ns": 19223.650530518138
      },
      "runq_latency_stats_ns": {
        "count": 91.0,
        "sum_ns": 574147.2948465393,
        "mean_ns": 6309.3109323795525,
        "median_ns": 6152.856622301156,
        "min_ns": 1180.2619047619048,
        "max_ns": 13480.0,
        "variance_ns2": 4155525.5864843708,
        "iqr_ns": 1468.6198780124678,
        "q1_ns": 5317.7750683751,
        "q3_ns": 6786.394946387568
      },
      "first_seen_ts_ns": 1747523848235921925,
      "last_seen_ts_ns": 1747524209955277725,
      "duration_active_s": 361.7193558
    },
    {
      "tgid": 29,
      "comm": "bash",
      "cgroup_id": 11400,
      "on_cpu_stats_ns": {
        "count": 25.0,
        "sum_ns": 638263.0,
        "mean_ns": 25530.52,
        "median_ns": 20945.75555647731,
        "min_ns": 8109.0,
        "max_ns": 103302.0,
        "variance_ns2": 423227387.0933333,
        "iqr_ns": 17363.351362729016,
        "q1_ns": 13842.831411559378,
        "q3_ns": 31206.182774288394
      },
      "runq_latency_stats_ns": {
        "count": 25.0,
        "sum_ns": 1210387.3333333335,
        "mean_ns": 48415.49333333334,
        "median_ns": 2329.251560128184,
        "min_ns": 1340.0,
        "max_ns": 993457.3333333334,
        "variance_ns2": 39125536737.501114,
        "iqr_ns": 4797.735791736308,
        "q1_ns": 2140.8523953595195,
        "q3_ns": 6938.588187095827
      },
      "first_seen_ts_ns": 1747523865413336088,
      "last_seen_ts_ns": 1747524187884699851,
      "duration_active_s": 322.471363763
    },
    {
      "tgid": 406,
      "comm": "lmp",
      "cgroup_id": 11795,
      "on_cpu_stats_ns": {
        "count": 30.0,
        "sum_ns": 544507.072972973,
        "mean_ns": 18150.235765765767,
        "median_ns": 19138.204934118836,
        "min_ns": 5236.1,
        "max_ns": 41905.0,
        "variance_ns2": 66109447.73354812,
        "iqr_ns": 12463.008995311058,
        "q1_ns": 9668.398958797166,
        "q3_ns": 22131.407954108225
      },
      "runq_latency_stats_ns": {
        "count": 30.0,
        "sum_ns": 173812.97567567567,
        "mean_ns": 5793.765855855856,
        "median_ns": 6581.697819667456,
        "min_ns": 887.3,
        "max_ns": 9358.0,
        "variance_ns2": 4798093.766978405,
        "iqr_ns": 2235.1362574847635,
        "q1_ns": 5006.698011476689,
        "q3_ns": 7241.834268961453
      },
      "first_seen_ts_ns": 1747523847228144033,
      "last_seen_ts_ns": 1747523957914285430,
      "duration_active_s": 110.686141397
    },
    {
      "tgid": 418,
      "comm": "lmp",
      "cgroup_id": 11795,
      "on_cpu_stats_ns": {
        "count": 28.0,
        "sum_ns": 467108.4216216215,
        "mean_ns": 16682.443629343627,
        "median_ns": 16111.482904404556,
        "min_ns": 4976.0,
        "max_ns": 38037.0,
        "variance_ns2": 66302448.51039565,
        "iqr_ns": 11183.42386839422,
        "q1_ns": 10693.747674907841,
        "q3_ns": 21877.17154330206
      },
      "runq_latency_stats_ns": {
        "count": 28.0,
        "sum_ns": 185322.5945945946,
        "mean_ns": 6618.664092664092,
        "median_ns": 5874.6956024751435,
        "min_ns": 931.0,
        "max_ns": 13501.0,
        "variance_ns2": 7507433.71590123,
        "iqr_ns": 4573.81845075992,
        "q1_ns": 5395.155517329049,
        "q3_ns": 9968.973968088969
      },
      "first_seen_ts_ns": 1747523848235921925,
      "last_seen_ts_ns": 1747523957914285430,
      "duration_active_s": 109.678363505
    },
    {
      "tgid": 834,
      "comm": "lmp",
      "cgroup_id": 11795,
      "on_cpu_stats_ns": {
        "count": 60.0,
        "sum_ns": 453184.8922294279,
        "mean_ns": 7553.081537157132,
        "median_ns": 6559.514699501861,
        "min_ns": 6044.333333333333,
        "max_ns": 25446.0,
        "variance_ns2": 8374906.831403398,
        "iqr_ns": 474.88308763211444,
        "q1_ns": 6485.242450362051,
        "q3_ns": 6960.125537994166
      },
      "runq_latency_stats_ns": {
        "count": 60.0,
        "sum_ns": 83916.59212247453,
        "mean_ns": 1398.6098687079088,
        "median_ns": 1199.2242440699742,
        "min_ns": 1003.4571428571429,
        "max_ns": 3763.125,
        "variance_ns2": 286252.0783767733,
        "iqr_ns": 174.60217312681425,
        "q1_ns": 1142.9400784500235,
        "q3_ns": 1317.5422515768378
      },
      "first_seen_ts_ns": 1747524140089285466,
      "last_seen_ts_ns": 1747524189017708540,
      "duration_active_s": 48.928423074
    },
    {
      "tgid": 454,
      "comm": "lmp",
      "cgroup_id": 11795,
      "on_cpu_stats_ns": {
        "count": 28.0,
        "sum_ns": 449005.0999999999,
        "mean_ns": 16035.896428571426,
        "median_ns": 16435.03960403804,
        "min_ns": 6404.0,
        "max_ns": 31712.0,
        "variance_ns2": 48568130.50776455,
        "iqr_ns": 11487.686762472307,
        "q1_ns": 10653.989327984464,
        "q3_ns": 22141.67609045677
      },
      "runq_latency_stats_ns": {
        "count": 28.0,
        "sum_ns": 154105.26666666666,
        "mean_ns": 5503.759523809524,
        "median_ns": 6124.402711481634,
        "min_ns": 1182.9666666666667,
        "max_ns": 10694.0,
        "variance_ns2": 3800787.034761905,
        "iqr_ns": 3204.482871523921,
        "q1_ns": 3349.5536954982517,
        "q3_ns": 6554.036567022173
      },
      "first_seen_ts_ns": 1747523847588416615,
      "last_seen_ts_ns": 1747523957914285430,
      "duration_active_s": 110.325868815
    },
    {
      "tgid": 442,
      "comm": "lmp",
      "cgroup_id": 11795,
      "on_cpu_stats_ns": {
        "count": 26.0,
        "sum_ns": 431564.5870967742,
        "mean_ns": 16598.637965260546,
        "median_ns": 15754.462516585472,
        "min_ns": 5254.2,
        "max_ns": 23399.0,
        "variance_ns2": 31798073.88934635,
        "iqr_ns": 9971.776225677642,
        "q1_ns": 11558.013102565661,
        "q3_ns": 21529.789328243303
      },
      "runq_latency_stats_ns": {
        "count": 26.0,
        "sum_ns": 158286.54516129033,
        "mean_ns": 6087.944044665012,
        "median_ns": 6271.14387095589,
        "min_ns": 954.9,
        "max_ns": 10344.0,
        "variance_ns2": 3429466.4481156664,
        "iqr_ns": 1964.7347046507493,
        "q1_ns": 5540.237053571429,
        "q3_ns": 7504.971758222178
      },
      "first_seen_ts_ns": 1747523848235921925,
      "last_seen_ts_ns": 1747523957914285430,
      "duration_active_s": 109.678363505
    },
    {
      "tgid": 466,
      "comm": "lmp",
      "cgroup_id": 11795,
      "on_cpu_stats_ns": {
        "count": 28.0,
        "sum_ns": 426532.1025641026,
        "mean_ns": 15233.289377289379,
        "median_ns": 13247.139510469426,
        "min_ns": 5371.0,
        "max_ns": 33591.0,
        "variance_ns2": 60523274.401678085,
        "iqr_ns": 9824.652258837239,
        "q1_ns": 9788.540265676445,
        "q3_ns": 19613.192524513684
      },
      "runq_latency_stats_ns": {
        "count": 28.0,
        "sum_ns": 139273.68717948714,
        "mean_ns": 4974.0602564102555,
        "median_ns": 5472.27646689685,
        "min_ns": 978.1538461538462,
        "max_ns": 7416.0,
        "variance_ns2": 3216990.279061288,
        "iqr_ns": 1859.4793689585267,
        "q1_ns": 4296.946311790353,
        "q3_ns": 6156.42568074888
      },
      "first_seen_ts_ns": 1747523848235921925,
      "last_seen_ts_ns": 1747523958471483931,
      "duration_active_s": 110.235562006
    },
    {
      "tgid": 424,
      "comm": "lmp",
      "cgroup_id": 11795,
      "on_cpu_stats_ns": {
        "count": 26.0,
        "sum_ns": 424741.1666666666,
        "mean_ns": 16336.198717948717,
        "median_ns": 15828.565199301614,
        "min_ns": 5120.1,
        "max_ns": 28659.0,
        "variance_ns2": 34531425.57284275,
        "iqr_ns": 7249.94383271422,
        "q1_ns": 13967.868844199245,
        "q3_ns": 21217.812676913465
      },
      "runq_latency_stats_ns": {
        "count": 26.0,
        "sum_ns": 183878.66666666666,
        "mean_ns": 7072.25641025641,
        "median_ns": 6634.799501817552,
        "min_ns": 945.9,
        "max_ns": 14278.0,
        "variance_ns2": 7263596.278201711,
        "iqr_ns": 3217.943830056467,
        "q1_ns": 5902.005536729157,
        "q3_ns": 9119.949366785624
      },
      "first_seen_ts_ns": 1747523848235921925,
      "last_seen_ts_ns": 1747523957914285430,
      "duration_active_s": 109.678363505
    },
    {
      "tgid": 478,
      "comm": "lmp",
      "cgroup_id": 11795,
      "on_cpu_stats_ns": {
        "count": 27.0,
        "sum_ns": 416786.56666666665,
        "mean_ns": 15436.53950617284,
        "median_ns": 14962.633518042612,
        "min_ns": 5366.0,
        "max_ns": 26583.0,
        "variance_ns2": 37740542.35624247,
        "iqr_ns": 11093.672488811619,
        "q1_ns": 9249.317258349565,
        "q3_ns": 20342.989747161184
      },
      "runq_latency_stats_ns": {
        "count": 27.0,
        "sum_ns": 157514.11025641026,
        "mean_ns": 5833.855935422603,
        "median_ns": 6222.614781270622,
        "min_ns": 1042.076923076923,
        "max_ns": 10089.0,
        "variance_ns2": 3600779.9339442854,
        "iqr_ns": -111.71280485022362,
        "q1_ns": 6754.904780158866,
        "q3_ns": 6643.191975308642
      },
      "first_seen_ts_ns": 1747523848235921925,
      "last_seen_ts_ns": 1747523957914285430,
      "duration_active_s": 109.678363505
    },
    {
      "tgid": 400,
      "comm": "lmp",
      "cgroup_id": 11795,
      "on_cpu_stats_ns": {
        "count": 27.0,
        "sum_ns": 416767.5891891891,
        "mean_ns": 15435.836636636634,
        "median_ns": 15074.267871367276,
        "min_ns": 5118.0,
        "max_ns": 25289.0,
        "variance_ns2": 35916854.83283103,
        "iqr_ns": 8305.091139996026,
        "q1_ns": 11735.004667264495,
        "q3_ns": 20040.09580726052
      },
      "runq_latency_stats_ns": {
        "count": 27.0,
        "sum_ns": 172685.62432432434,
        "mean_ns": 6395.763863863865,
        "median_ns": 6755.029093121862,
        "min_ns": 1029.3243243243244,
        "max_ns": 13696.0,
        "variance_ns2": 6516276.368936981,
        "iqr_ns": 2667.2011480825304,
        "q1_ns": 5299.0817540894295,
        "q3_ns": 7966.28290217196
      },
      "first_seen_ts_ns": 1747523847121213222,
      "last_seen_ts_ns": 1747523957914285430,
      "duration_active_s": 110.793072208
    },
    {
      "tgid": 430,
      "comm": "lmp",
      "cgroup_id": 11795,
      "on_cpu_stats_ns": {
        "count": 27.0,
        "sum_ns": 413929.46666666673,
        "mean_ns": 15330.720987654324,
        "median_ns": 17568.110970440757,
        "min_ns": 5138.0,
        "max_ns": 28080.0,
        "variance_ns2": 41967641.322405815,
        "iqr_ns": 10367.746733053355,
        "q1_ns": 10035.242181291276,
        "q3_ns": 20402.98891434463
      },
      "runq_latency_stats_ns": {
        "count": 27.0,
        "sum_ns": 157923.3,
        "mean_ns": 5849.011111111111,
        "median_ns": 6267.934434997643,
        "min_ns": 877.6,
        "max_ns": 8638.0,
        "variance_ns2": 3461319.124871797,
        "iqr_ns": 556.1743535635715,
        "q1_ns": 6361.24156565924,
        "q3_ns": 6917.415919222812
      },
      "first_seen_ts_ns": 1747523848235921925,
      "last_seen_ts_ns": 1747523957914285430,
      "duration_active_s": 109.678363505
    },
    {
      "tgid": 448,
      "comm": "lmp",
      "cgroup_id": 11795,
      "on_cpu_stats_ns": {
        "count": 26.0,
        "sum_ns": 400363.1,
        "mean_ns": 15398.580769230768,
        "median_ns": 16265.853278396093,
        "min_ns": 5288.0,
        "max_ns": 23206.0,
        "variance_ns2": 33649891.611215375,
        "iqr_ns": 11010.27249067719,
        "q1_ns": 9033.821186484145,
        "q3_ns": 20044.093677161334
      },
      "runq_latency_stats_ns": {
        "count": 26.0,
        "sum_ns": 157785.96666666667,
        "mean_ns": 6068.691025641026,
        "median_ns": 6902.006434279235,
        "min_ns": 934.7,
        "max_ns": 7507.0,
        "variance_ns2": 2583091.4644940174,
        "iqr_ns": 784.7546794684094,
        "q1_ns": 6288.164021164021,
        "q3_ns": 7072.91870063243
      },
      "first_seen_ts_ns": 1747523848235921925,
      "last_seen_ts_ns": 1747523957914285430,
      "duration_active_s": 109.678363505
    },
    {
      "tgid": 563,
      "comm": "lmp",
      "cgroup_id": 11795,
      "on_cpu_stats_ns": {
        "count": 24.0,
        "sum_ns": 399981.3333333334,
        "mean_ns": 16665.88888888889,
        "median_ns": 14875.62626606198,
        "min_ns": 6471.0,
        "max_ns": 45163.0,
        "variance_ns2": 68258189.45571658,
        "iqr_ns": 10251.205336969946,
        "q1_ns": 9157.519864783033,
        "q3_ns": 19408.72520175298
      },
      "runq_latency_stats_ns": {
        "count": 22.0,
        "sum_ns": 2781332.4999999995,
        "mean_ns": 126424.20454545453,
        "median_ns": 23559.397420634916,
        "min_ns": 591.0,
        "max_ns": 1358090.0,
        "variance_ns2": 101434982429.4919,
        "iqr_ns": 125000.51892696177,
        "q1_ns": 4151.528086419753,
        "q3_ns": 129152.04701338153
      },
      "first_seen_ts_ns": 1747523857855921543,
      "last_seen_ts_ns": 1747523891259755778,
      "duration_active_s": 33.403834235
    },
    {
      "tgid": 460,
      "comm": "lmp",
      "cgroup_id": 11795,
      "on_cpu_stats_ns": {
        "count": 27.0,
        "sum_ns": 390410.996969697,
        "mean_ns": 14459.666554433223,
        "median_ns": 14521.626543152908,
        "min_ns": 5854.363636363636,
        "max_ns": 22712.0,
        "variance_ns2": 29130300.749572977,
        "iqr_ns": 8507.163408751185,
        "q1_ns": 10901.102065515712,
        "q3_ns": 19408.265474266896
      },
      "runq_latency_stats_ns": {
        "count": 27.0,
        "sum_ns": 179230.0454545455,
        "mean_ns": 6638.149831649834,
        "median_ns": 6269.296671002684,
        "min_ns": 1150.5454545454545,
        "max_ns": 30662.0,
        "variance_ns2": 26896589.039703563,
        "iqr_ns": 930.0704570807984,
        "q1_ns": 5683.958194444444,
        "q3_ns": 6614.028651525243
      },
      "first_seen_ts_ns": 1747523848235921925,
      "last_seen_ts_ns": 1747523957914285430,
      "duration_active_s": 109.678363505
    },
    {
      "tgid": 514,
      "comm": "lmp",
      "cgroup_id": 11795,
      "on_cpu_stats_ns": {
        "count": 26.0,
        "sum_ns": 377099.2467532467,
        "mean_ns": 14503.817182817182,
        "median_ns": 14765.870461821773,
        "min_ns": 6544.0,
        "max_ns": 22635.0,
        "variance_ns2": 26500948.180144027,
        "iqr_ns": 10308.328581401232,
        "q1_ns": 9412.759939236812,
        "q3_ns": 19721.088520638044
      },
      "runq_latency_stats_ns": {
        "count": 26.0,
        "sum_ns": 4130937.0389610403,
        "mean_ns": 158882.19380619386,
        "median_ns": 26877.6279278973,
        "min_ns": 1079.857142857143,
        "max_ns": 3989638.0,
        "variance_ns2": 610469839209.338,
        "iqr_ns": 263.34585015681205,
        "q1_ns": 6469.00330355477,
        "q3_ns": 6732.349153711582
      },
      "first_seen_ts_ns": 1747523848235921925,
      "last_seen_ts_ns": 1747523953933819135,
      "duration_active_s": 105.69789721
    },
    {
      "tgid": 436,
      "comm": "lmp",
      "cgroup_id": 11795,
      "on_cpu_stats_ns": {
        "count": 29.0,
        "sum_ns": 376972.045945946,
        "mean_ns": 12999.036067101586,
        "median_ns": 13192.523723470798,
        "min_ns": 5169.1,
        "max_ns": 25036.0,
        "variance_ns2": 26606047.135214586,
        "iqr_ns": 7177.677553304402,
        "q1_ns": 9884.2679144039,
        "q3_ns": 17061.9454677083
      },
      "runq_latency_stats_ns": {
        "count": 29.0,
        "sum_ns": 154488.01351351352,
        "mean_ns": 5327.172879776328,
        "median_ns": 5502.224436740645,
        "min_ns": 909.0,
        "max_ns": 7490.0,
        "variance_ns2": 3747196.8310208097,
        "iqr_ns": 2939.96203629705,
        "q1_ns": 3983.2336587524533,
        "q3_ns": 6923.195695049503
      },
      "first_seen_ts_ns": 1747523848235921925,
      "last_seen_ts_ns": 1747523957914285430,
      "duration_active_s": 109.678363505
    },
    {
      "tgid": 472,
      "comm": "lmp",
      "cgroup_id": 11795,
      "on_cpu_stats_ns": {
        "count": 25.0,
        "sum_ns": 370015.75384615385,
        "mean_ns": 14800.630153846154,
        "median_ns": 14262.854248519852,
        "min_ns": 5709.153846153846,
        "max_ns": 22978.0,
        "variance_ns2": 30800764.742731366,
        "iqr_ns": 10175.386011849632,
        "q1_ns": 10082.63840439114,
        "q3_ns": 20258.024416240773
      },
      "runq_latency_stats_ns": {
        "count": 25.0,
        "sum_ns": 141396.80000000002,
        "mean_ns": 5655.872,
        "median_ns": 5663.5216091913,
        "min_ns": 1016.0,
        "max_ns": 8031.0,
        "variance_ns2": 2837669.9095999994,
        "iqr_ns": 635.5462950297388,
        "q1_ns": 5835.486470269097,
        "q3_ns": 6471.032765298835
      },
      "first_seen_ts_ns": 1747523848235921925,
      "last_seen_ts_ns": 1747523957914285430,
      "duration_active_s": 109.678363505
    },
    {
      "tgid": 526,
      "comm": "lmp",
      "cgroup_id": 11795,
      "on_cpu_stats_ns": {
        "count": 26.0,
        "sum_ns": 368788.9194847021,
        "mean_ns": 14184.189210950082,
        "median_ns": 14696.427659811725,
        "min_ns": 5079.95652173913,
        "max_ns": 24438.0,
        "variance_ns2": 32438753.08231795,
        "iqr_ns": 9925.74492027181,
        "q1_ns": 8059.721825340135,
        "q3_ns": 17985.466745611946
      },
      "runq_latency_stats_ns": {
        "count": 26.0,
        "sum_ns": 144243.3349436393,
        "mean_ns": 5547.8205747553575,
        "median_ns": 6176.90076863354,
        "min_ns": 963.2608695652174,
        "max_ns": 7171.0,
        "variance_ns2": 2864625.427689104,
        "iqr_ns": 1018.8637525029371,
        "q1_ns": 5538.483629820069,
        "q3_ns": 6557.347382323006
      },
      "first_seen_ts_ns": 1747523848235921925,
      "last_seen_ts_ns": 1747523953933819135,
      "duration_active_s": 105.69789721
    },
    {
      "tgid": 490,
      "comm": "lmp",
      "cgroup_id": 11795,
      "on_cpu_stats_ns": {
        "count": 22.0,
        "sum_ns": 367089.99999999994,
        "mean_ns": 16685.90909090909,
        "median_ns": 17899.316203220536,
        "min_ns": 7265.0,
        "max_ns": 22961.0,
        "variance_ns2": 29111757.51515152,
        "iqr_ns": 7650.145001809064,
        "q1_ns": 14115.55128501509,
        "q3_ns": 21765.696286824154
      },
      "runq_latency_stats_ns": {
        "count": 22.0,
        "sum_ns": 131359.0,
        "mean_ns": 5970.863636363637,
        "median_ns": 6500.200542481139,
        "min_ns": 1805.0,
        "max_ns": 7324.0,
        "variance_ns2": 1829917.3614718616,
        "iqr_ns": 816.5311973905718,
        "q1_ns": 5858.539947089947,
        "q3_ns": 6675.071144480519
      },
      "first_seen_ts_ns": 1747523857957897843,
      "last_seen_ts_ns": 1747523960119045012,
      "duration_active_s": 102.161147169
    },
    {
      "tgid": 496,
      "comm": "lmp",
      "cgroup_id": 11795,
      "on_cpu_stats_ns": {
        "count": 25.0,
        "sum_ns": 366284.29230769235,
        "mean_ns": 14651.371692307694,
        "median_ns": 14635.469661006702,
        "min_ns": 6561.0,
        "max_ns": 24416.0,
        "variance_ns2": 31130483.08080237,
        "iqr_ns": 10264.619099555945,
        "q1_ns": 9436.063525374615,
        "q3_ns": 19700.68262493056
      },
      "runq_latency_stats_ns": {
        "count": 25.0,
        "sum_ns": 145626.91794871795,
        "mean_ns": 5825.0767179487175,
        "median_ns": 6391.578337096005,
        "min_ns": 949.3846153846154,
        "max_ns": 7775.0,
        "variance_ns2": 2858949.2326111775,
        "iqr_ns": 807.92305783357,
        "q1_ns": 6036.399422587348,
        "q3_ns": 6844.3224804209185
      },
      "first_seen_ts_ns": 1747523848235921925,
      "last_seen_ts_ns": 1747523953933819135,
      "duration_active_s": 105.69789721
    },
    {
      "tgid": 404,
      "comm": "lmp",
      "cgroup_id": 11795,
      "on_cpu_stats_ns": {
        "count": 27.0,
        "sum_ns": 362249.0027027027,
        "mean_ns": 13416.62972972973,
        "median_ns": 12333.701995002122,
        "min_ns": 5326.3,
        "max_ns": 25684.0,
        "variance_ns2": 26709953.296712372,
        "iqr_ns": 8002.230768279491,
        "q1_ns": 9007.965696982532,
        "q3_ns": 17010.196465262023
      },
      "runq_latency_stats_ns": {
        "count": 27.0,
        "sum_ns": 157762.92432432435,
        "mean_ns": 5843.071271271272,
        "median_ns": 5188.191080874213,
        "min_ns": 898.6,
        "max_ns": 11541.0,
        "variance_ns2": 7198075.477273781,
        "iqr_ns": 2424.799413576281,
        "q1_ns": 4854.339832394919,
        "q3_ns": 7279.1392459712
      },
      "first_seen_ts_ns": 1747523848235921925,
      "last_seen_ts_ns": 1747523957914285430,
      "duration_active_s": 109.678363505
    },
    {
      "tgid": 810,
      "comm": "lmp",
      "cgroup_id": 11795,
      "on_cpu_stats_ns": {
        "count": 7.0,
        "sum_ns": 359521.8,
        "mean_ns": 51360.25714285714,
        "median_ns": 13830.8,
        "min_ns": 10567.0,
        "max_ns": 239046.0,
        "variance_ns2": 6933723610.529525,
        "iqr_ns": 4518.466666666667,
        "q1_ns": 13830.8,
        "q3_ns": 18349.266666666666
      },
      "runq_latency_stats_ns": {
        "count": 7.0,
        "sum_ns": 697132.2000000001,
        "mean_ns": 99590.3142857143,
        "median_ns": 4298.0,
        "min_ns": 1258.0,
        "max_ns": 676339.2,
        "variance_ns2": 64682361498.15808,
        "iqr_ns": 75728.35555555554,
        "q1_ns": 3600.5555555555557,
        "q3_ns": 79328.9111111111
      },
      "first_seen_ts_ns": 1747524081264707780,
      "last_seen_ts_ns": 1747524151387284258,
      "duration_active_s": 70.122576478
    },
    {
      "tgid": 484,
      "comm": "lmp",
      "cgroup_id": 11795,
      "on_cpu_stats_ns": {
        "count": 26.0,
        "sum_ns": 357558.676923077,
        "mean_ns": 13752.25680473373,
        "median_ns": 11114.885222015608,
        "min_ns": 5411.0,
        "max_ns": 20860.0,
        "variance_ns2": 34574991.05620391,
        "iqr_ns": 8922.540422729517,
        "q1_ns": 9617.452296537662,
        "q3_ns": 18539.99271926718
      },
      "runq_latency_stats_ns": {
        "count": 26.0,
        "sum_ns": 136253.57179487182,
        "mean_ns": 5240.521992110454,
        "median_ns": 5948.190992377296,
        "min_ns": 945.5384615384615,
        "max_ns": 7123.0,
        "variance_ns2": 3506485.0115493345,
        "iqr_ns": 1916.4159629234136,
        "q1_ns": 4557.100043607777,
        "q3_ns": 6473.51600653119
      },
      "first_seen_ts_ns": 1747523848235921925,
      "last_seen_ts_ns": 1747523953933819135,
      "duration_active_s": 105.69789721
    },
    {
      "tgid": 532,
      "comm": "lmp",
      "cgroup_id": 11795,
      "on_cpu_stats_ns": {
        "count": 26.0,
        "sum_ns": 355297.7971014492,
        "mean_ns": 13665.299888517278,
        "median_ns": 13403.509806107617,
        "min_ns": 5723.130434782609,
        "max_ns": 22962.0,
        "variance_ns2": 29268335.225217722,
        "iqr_ns": 8318.96942217094,
        "q1_ns": 8387.785318659127,
        "q3_ns": 16706.754740830067
      },
      "runq_latency_stats_ns": {
        "count": 26.0,
        "sum_ns": 139286.87784679089,
        "mean_ns": 5357.187609491957,
        "median_ns": 5421.356726747614,
        "min_ns": 1002.7826086956521,
        "max_ns": 8699.0,
        "variance_ns2": 2380871.91024423,
        "iqr_ns": 1060.7464343495894,
        "q1_ns": 4953.7099897102,
        "q3_ns": 6014.456424059789
      },
      "first_seen_ts_ns": 1747523848235921925,
      "last_seen_ts_ns": 1747523953933819135,
      "duration_active_s": 105.69789721
    },
    {
      "tgid": 502,
      "comm": "lmp",
      "cgroup_id": 11795,
      "on_cpu_stats_ns": {
        "count": 25.0,
        "sum_ns": 351630.52307692304,
        "mean_ns": 14065.220923076922,
        "median_ns": 14082.86279958417,
        "min_ns": 6491.0,
        "max_ns": 23595.0,
        "variance_ns2": 29459448.79838028,
        "iqr_ns": 7092.741264394343,
        "q1_ns": 10834.781122528348,
        "q3_ns": 17927.52238692269
      },
      "runq_latency_stats_ns": {
        "count": 25.0,
        "sum_ns": 137960.06923076924,
        "mean_ns": 5518.402769230769,
        "median_ns": 5600.6658716242555,
        "min_ns": 995.7692307692307,
        "max_ns": 7761.0,
        "variance_ns2": 2897347.44852505,
        "iqr_ns": 1655.184422574569,
        "q1_ns": 5151.736021994654,
        "q3_ns": 6806.920444569223
      },
      "first_seen_ts_ns": 1747523848235921925,
      "last_seen_ts_ns": 1747523953933819135,
      "duration_active_s": 105.69789721
    },
    {
      "tgid": 538,
      "comm": "lmp",
      "cgroup_id": 11795,
      "on_cpu_stats_ns": {
        "count": 25.0,
        "sum_ns": 343339.18440779607,
        "mean_ns": 13733.567376311843,
        "median_ns": 12795.377041785538,
        "min_ns": 5418.0,
        "max_ns": 22847.0,
        "variance_ns2": 24677398.333379254,
        "iqr_ns": 7013.633563862159,
        "q1_ns": 11606.740552557994,
        "q3_ns": 18620.374116420153
      },
      "runq_latency_stats_ns": {
        "count": 25.0,
        "sum_ns": 159878.27286356824,
        "mean_ns": 6395.130914542729,
        "median_ns": 6829.511609246397,
        "min_ns": 925.6521739130435,
        "max_ns": 9283.0,
        "variance_ns2": 3789550.7074509445,
        "iqr_ns": 1876.9416239607745,
        "q1_ns": 5399.375691148168,
        "q3_ns": 7276.317315108942
      },
      "first_seen_ts_ns": 1747523848235921925,
      "last_seen_ts_ns": 1747523953933819135,
      "duration_active_s": 105.69789721
    },
    {
      "tgid": 520,
      "comm": "lmp",
      "cgroup_id": 11795,
      "on_cpu_stats_ns": {
        "count": 25.0,
        "sum_ns": 335495.92173913046,
        "mean_ns": 13419.836869565219,
        "median_ns": 12078.958955807322,
        "min_ns": 5521.521739130435,
        "max_ns": 25001.0,
        "variance_ns2": 34230787.463839196,
        "iqr_ns": 11127.535270741111,
        "q1_ns": 7559.378537890075,
        "q3_ns": 18686.913808631187
      },
      "runq_latency_stats_ns": {
        "count": 25.0,
        "sum_ns": 140095.96231884058,
        "mean_ns": 5603.8384927536235,
        "median_ns": 6080.975382285768,
        "min_ns": 1148.2666666666667,
        "max_ns": 8114.0,
        "variance_ns2": 2486801.138588196,
        "iqr_ns": 1117.966024429129,
        "q1_ns": 5516.920074147083,
        "q3_ns": 6634.886098576212
      },
      "first_seen_ts_ns": 1747523848235921925,
      "last_seen_ts_ns": 1747523953933819135,
      "duration_active_s": 105.69789721
    },
    {
      "tgid": 720,
      "comm": "lmp",
      "cgroup_id": 11795,
      "on_cpu_stats_ns": {
        "count": 3.0,
        "sum_ns": 305886.6666666666,
        "mean_ns": 101962.22222222222,
        "median_ns": 103547.0,
        "min_ns": 70090.0,
        "max_ns": 132249.66666666666,
        "variance_ns2": 967839680.4814812,
        "iqr_ns": 62159.66666666666,
        "q1_ns": 70090.0,
        "q3_ns": 132249.66666666666
      },
      "runq_latency_stats_ns": {
        "count": 3.0,
        "sum_ns": 14813.166666666664,
        "mean_ns": 4937.722222222222,
        "median_ns": 5120.0,
        "min_ns": 2900.1666666666665,
        "max_ns": 6793.0,
        "variance_ns2": 3813456.731481483,
        "iqr_ns": 3892.8333333333335,
        "q1_ns": 2900.1666666666665,
        "q3_ns": 6793.0
      },
      "first_seen_ts_ns": 1747523976912069875,
      "last_seen_ts_ns": 1747523988215867977,
      "duration_active_s": 11.303798102
    },
    {
      "tgid": 508,
      "comm": "lmp",
      "cgroup_id": 11795,
      "on_cpu_stats_ns": {
        "count": 25.0,
        "sum_ns": 289283.9545454546,
        "mean_ns": 11571.358181818183,
        "median_ns": 10749.20847123016,
        "min_ns": 5791.0,
        "max_ns": 20135.0,
        "variance_ns2": 10407978.442203853,
        "iqr_ns": 2982.3387809007872,
        "q1_ns": 10294.216951086903,
        "q3_ns": 13276.55573198769
      },
      "runq_latency_stats_ns": {
        "count": 25.0,
        "sum_ns": 123504.6878787879,
        "mean_ns": 4940.187515151516,
        "median_ns": 4343.280875172515,
        "min_ns": 952.9545454545455,
        "max_ns": 11802.0,
        "variance_ns2": 3740622.465916988,
        "iqr_ns": 2638.2027798156596,
        "q1_ns": 4146.798207880147,
        "q3_ns": 6785.0009876958065
      },
      "first_seen_ts_ns": 1747523848235921925,
      "last_seen_ts_ns": 1747523953933819135,
      "duration_active_s": 105.69789721
    },
    {
      "tgid": 171,
      "comm": "ZMQbg/IO/0",
      "cgroup_id": 11795,
      "on_cpu_stats_ns": {
        "count": 9.0,
        "sum_ns": 282116.0,
        "mean_ns": 31346.222222222223,
        "median_ns": 19251.0,
        "min_ns": 11820.0,
        "max_ns": 123270.0,
        "variance_ns2": 1262361160.1944444,
        "iqr_ns": 30936.6574074074,
        "q1_ns": 14191.0,
        "q3_ns": 45127.6574074074
      },
      "runq_latency_stats_ns": {
        "count": 9.0,
        "sum_ns": 56981.999999999985,
        "mean_ns": 6331.333333333332,
        "median_ns": 3373.0,
        "min_ns": 1779.0,
        "max_ns": 28878.0,
        "variance_ns2": 72185610.5,
        "iqr_ns": 4378.958333333334,
        "q1_ns": 2912.888888888889,
        "q3_ns": 7291.847222222223
      },
      "first_seen_ts_ns": 1747523849496621590,
      "last_seen_ts_ns": 1747524194524920477,
      "duration_active_s": 345.028298887
    },
    {
      "tgid": 852,
      "comm": "lmp",
      "cgroup_id": 11795,
      "on_cpu_stats_ns": {
        "count": 1.0,
        "sum_ns": 159482.0,
        "mean_ns": 159482.0,
        "median_ns": 159482.0,
        "min_ns": 159482.0,
        "max_ns": 159482.0,
        "variance_ns2": null,
        "iqr_ns": 0.0,
        "q1_ns": 159482.0,
        "q3_ns": 159482.0
      },
      "runq_latency_stats_ns": {
        "count": 1.0,
        "sum_ns": 2640083.0,
        "mean_ns": 2640083.0,
        "median_ns": 2640083.0,
        "min_ns": 2640083.0,
        "max_ns": 2640083.0,
        "variance_ns2": null,
        "iqr_ns": 0.0,
        "q1_ns": 2640083.0,
        "q3_ns": 2640083.0
      },
      "first_seen_ts_ns": 1747524156922284632,
      "last_seen_ts_ns": 1747524156922284632,
      "duration_active_s": 0
    },
    {
      "tgid": 329,
      "comm": "python3",
      "cgroup_id": 11558,
      "on_cpu_stats_ns": {
        "count": 4.0,
        "sum_ns": 129827.0,
        "mean_ns": 32456.75,
        "median_ns": 43848.0,
        "min_ns": 15616.0,
        "max_ns": 54202.0,
        "variance_ns2": 383926267.5833333,
        "iqr_ns": 38041.0,
        "q1_ns": 16161.0,
        "q3_ns": 54202.0
      },
      "runq_latency_stats_ns": {
        "count": 4.0,
        "sum_ns": 48467.0,
        "mean_ns": 12116.75,
        "median_ns": 19080.0,
        "min_ns": 2326.0,
        "max_ns": 21968.0,
        "variance_ns2": 96908608.91666667,
        "iqr_ns": 16875.0,
        "q1_ns": 5093.0,
        "q3_ns": 21968.0
      },
      "first_seen_ts_ns": 1747523921444459515,
      "last_seen_ts_ns": 1747524187994954304,
      "duration_active_s": 266.550494789
    },
    {
      "tgid": 800,
      "comm": "lmp",
      "cgroup_id": 11795,
      "on_cpu_stats_ns": {
        "count": 6.0,
        "sum_ns": 110855.96666666665,
        "mean_ns": 18475.99444444444,
        "median_ns": 18256.0,
        "min_ns": 8595.166666666666,
        "max_ns": 32025.0,
        "variance_ns2": 72159808.3201852,
        "iqr_ns": 4155.425925925925,
        "q1_ns": 14100.574074074075,
        "q3_ns": 18256.0
      },
      "runq_latency_stats_ns": {
        "count": 6.0,
        "sum_ns": 2368373.766666667,
        "mean_ns": 394728.96111111116,
        "median_ns": 3702.0,
        "min_ns": 1643.6,
        "max_ns": 2351958.0,
        "variance_ns2": 919380145681.0358,
        "iqr_ns": 882.0444444444443,
        "q1_ns": 2819.9555555555557,
        "q3_ns": 3702.0
      },
      "first_seen_ts_ns": 1747524096018449861,
      "last_seen_ts_ns": 1747524126112277524,
      "duration_active_s": 30.093827663
    },
    {
      "tgid": 774,
      "comm": "lmp",
      "cgroup_id": 11795,
      "on_cpu_stats_ns": {
        "count": 8.0,
        "sum_ns": 107932.11666666667,
        "mean_ns": 13491.514583333334,
        "median_ns": 12238.096296296295,
        "min_ns": 8905.0,
        "max_ns": 23464.0,
        "variance_ns2": 20641944.177733134,
        "iqr_ns": 1747.032921810698,
        "q1_ns": 11416.666666666666,
        "q3_ns": 13163.699588477364
      },
      "runq_latency_stats_ns": {
        "count": 8.0,
        "sum_ns": 1679372.7333333334,
        "mean_ns": 209921.59166666667,
        "median_ns": 3121.0,
        "min_ns": 2699.0,
        "max_ns": 899525.3333333334,
        "variance_ns2": 147990724391.06436,
        "iqr_ns": 112965.03333333333,
        "q1_ns": 2807.05,
        "q3_ns": 115772.08333333333
      },
      "first_seen_ts_ns": 1747524091023851948,
      "last_seen_ts_ns": 1747524124102965344,
      "duration_active_s": 33.079113396
    },
    {
      "tgid": 818,
      "comm": "lmp",
      "cgroup_id": 11795,
      "on_cpu_stats_ns": {
        "count": 5.0,
        "sum_ns": 102258.80000000002,
        "mean_ns": 20451.760000000002,
        "median_ns": 11991.4,
        "min_ns": 9988.4,
        "max_ns": 35707.0,
        "variance_ns2": 163782984.008,
        "iqr_ns": 21662.0,
        "q1_ns": 11455.0,
        "q3_ns": 33117.0
      },
      "runq_latency_stats_ns": {
        "count": 5.0,
        "sum_ns": 640491.3999999999,
        "mean_ns": 128098.27999999998,
        "median_ns": 3528.0,
        "min_ns": 2596.6,
        "max_ns": 627057.8,
        "variance_ns2": 77800613251.65201,
        "iqr_ns": 1353.0,
        "q1_ns": 2978.0,
        "q3_ns": 4331.0
      },
      "first_seen_ts_ns": 1747524098053979861,
      "last_seen_ts_ns": 1747524128007280188,
      "duration_active_s": 29.953300327
    },
    {
      "tgid": 903,
      "comm": "lmp",
      "cgroup_id": 11795,
      "on_cpu_stats_ns": {
        "count": 6.0,
        "sum_ns": 94189.16666666667,
        "mean_ns": 15698.194444444445,
        "median_ns": 12868.0,
        "min_ns": 9588.333333333334,
        "max_ns": 30887.0,
        "variance_ns2": 58415457.7824074,
        "iqr_ns": 0.0,
        "q1_ns": 12868.0,
        "q3_ns": 12868.0
      },
      "runq_latency_stats_ns": {
        "count": 6.0,
        "sum_ns": 591617.7333333333,
        "mean_ns": 98602.95555555554,
        "median_ns": 2780.6666666666665,
        "min_ns": 670.0,
        "max_ns": 580166.6666666666,
        "variance_ns2": 55658948644.68739,
        "iqr_ns": 0.0,
        "q1_ns": 2780.6666666666665,
        "q3_ns": 2780.6666666666665
      },
      "first_seen_ts_ns": 1747524078105982103,
      "last_seen_ts_ns": 1747524136098572892,
      "duration_active_s": 57.992590789
    },
    {
      "tgid": 690,
      "comm": "lmp",
      "cgroup_id": 11795,
      "on_cpu_stats_ns": {
        "count": 6.0,
        "sum_ns": 92594.25,
        "mean_ns": 15432.375,
        "median_ns": 16576.0,
        "min_ns": 10545.5,
        "max_ns": 21524.0,
        "variance_ns2": 16023262.69375,
        "iqr_ns": 1755.583333333334,
        "q1_ns": 14820.416666666666,
        "q3_ns": 16576.0
      },
      "runq_latency_stats_ns": {
        "count": 6.0,
        "sum_ns": 922312.0,
        "mean_ns": 153718.66666666666,
        "median_ns": 4477.25,
        "min_ns": 1778.25,
        "max_ns": 905422.0,
        "variance_ns2": 135615000643.31668,
        "iqr_ns": 808.3055555555557,
        "q1_ns": 3668.9444444444443,
        "q3_ns": 4477.25
      },
      "first_seen_ts_ns": 1747523990055277663,
      "last_seen_ts_ns": 1747524048098283591,
      "duration_active_s": 58.043005928
    },
    {
      "tgid": 885,
      "comm": "lmp",
      "cgroup_id": 11795,
      "on_cpu_stats_ns": {
        "count": 5.0,
        "sum_ns": 88467.16666666667,
        "mean_ns": 17693.433333333334,
        "median_ns": 14173.0,
        "min_ns": 8846.166666666666,
        "max_ns": 33132.0,
        "variance_ns2": 92052559.52222222,
        "iqr_ns": 8304.0,
        "q1_ns": 12006.0,
        "q3_ns": 20310.0
      },
      "runq_latency_stats_ns": {
        "count": 5.0,
        "sum_ns": 466530.5,
        "mean_ns": 93306.1,
        "median_ns": 2518.5,
        "min_ns": 1601.0,
        "max_ns": 456853.5,
        "variance_ns2": 41302754031.425,
        "iqr_ns": 1837.5,
        "q1_ns": 1860.0,
        "q3_ns": 3697.5
      },
      "first_seen_ts_ns": 1747524100081655890,
      "last_seen_ts_ns": 1747524130121281713,
      "duration_active_s": 30.039625823
    },
    {
      "tgid": 909,
      "comm": "lmp",
      "cgroup_id": 11795,
      "on_cpu_stats_ns": {
        "count": 6.0,
        "sum_ns": 86156.0,
        "mean_ns": 14359.333333333334,
        "median_ns": 14656.0,
        "min_ns": 10409.75,
        "max_ns": 16990.0,
        "variance_ns2": 9772649.102777777,
        "iqr_ns": 0.0,
        "q1_ns": 14656.0,
        "q3_ns": 14656.0
      },
      "runq_latency_stats_ns": {
        "count": 6.0,
        "sum_ns": 1086582.0,
        "mean_ns": 181097.0,
        "median_ns": 2784.0,
        "min_ns": 2027.0,
        "max_ns": 777723.0,
        "variance_ns2": 99459447997.3,
        "iqr_ns": 158.41666666666697,
        "q1_ns": 2625.583333333333,
        "q3_ns": 2784.0
      },
      "first_seen_ts_ns": 1747524076084152717,
      "last_seen_ts_ns": 1747524133053145064,
      "duration_active_s": 56.968992347
    },
    {
      "tgid": 734,
      "comm": "lmp",
      "cgroup_id": 11795,
      "on_cpu_stats_ns": {
        "count": 4.0,
        "sum_ns": 79418.0,
        "mean_ns": 19854.5,
        "median_ns": 25172.0,
        "min_ns": 12134.0,
        "max_ns": 27715.0,
        "variance_ns2": 59817897.66666668,
        "iqr_ns": 13318.0,
        "q1_ns": 14397.0,
        "q3_ns": 27715.0
      },
      "runq_latency_stats_ns": {
        "count": 4.0,
        "sum_ns": 31104.0,
        "mean_ns": 7776.0,
        "median_ns": 11934.0,
        "min_ns": 2515.0,
        "max_ns": 13994.0,
        "variance_ns2": 36597944.66666667,
        "iqr_ns": 11333.0,
        "q1_ns": 2661.0,
        "q3_ns": 13994.0
      },
      "first_seen_ts_ns": 1747523978035639586,
      "last_seen_ts_ns": 1747523988215867977,
      "duration_active_s": 10.180228391
    },
    {
      "tgid": 866,
      "comm": "lmp",
      "cgroup_id": 11795,
      "on_cpu_stats_ns": {
        "count": 5.0,
        "sum_ns": 71510.5,
        "mean_ns": 14302.1,
        "median_ns": 15208.5,
        "min_ns": 7965.75,
        "max_ns": 23679.0,
        "variance_ns2": 38895173.581250004,
        "iqr_ns": 6147.25,
        "q1_ns": 9255.0,
        "q3_ns": 15402.25
      },
      "runq_latency_stats_ns": {
        "count": 5.0,
        "sum_ns": 847255.9166666665,
        "mean_ns": 169451.1833333333,
        "median_ns": 3273.5,
        "min_ns": 2570.0,
        "max_ns": 831068.0,
        "variance_ns2": 136796984529.48056,
        "iqr_ns": 4818.916666666667,
        "q1_ns": 2762.75,
        "q3_ns": 7581.666666666667
      },
      "first_seen_ts_ns": 1747524090111825258,
      "last_seen_ts_ns": 1747524120084278389,
      "duration_active_s": 29.972453131
    },
    {
      "tgid": 832,
      "comm": "lmp",
      "cgroup_id": 11795,
      "on_cpu_stats_ns": {
        "count": 4.0,
        "sum_ns": 67233.46666666666,
        "mean_ns": 16808.366666666665,
        "median_ns": 14472.333333333334,
        "min_ns": 13087.833333333334,
        "max_ns": 25523.5,
        "variance_ns2": 34106981.91925926,
        "iqr_ns": 11373.7,
        "q1_ns": 14149.8,
        "q3_ns": 25523.5
      },
      "runq_latency_stats_ns": {
        "count": 4.0,
        "sum_ns": 467267.70000000007,
        "mean_ns": 116816.92500000002,
        "median_ns": 3170.0,
        "min_ns": 2253.8333333333335,
        "max_ns": 459559.6666666667,
        "variance_ns2": 52210219198.42991,
        "iqr_ns": 457275.4666666667,
        "q1_ns": 2284.2,
        "q3_ns": 459559.6666666667
      },
      "first_seen_ts_ns": 1747524148113161494,
      "last_seen_ts_ns": 1747524177055281195,
      "duration_active_s": 28.942119701
    },
    {
      "tgid": 675,
      "comm": "lmp",
      "cgroup_id": 11795,
      "on_cpu_stats_ns": {
        "count": 4.0,
        "sum_ns": 66774.0,
        "mean_ns": 16693.5,
        "median_ns": 19032.0,
        "min_ns": 7445.0,
        "max_ns": 26739.0,
        "variance_ns2": 67248921.66666667,
        "iqr_ns": 13181.0,
        "q1_ns": 13558.0,
        "q3_ns": 26739.0
      },
      "runq_latency_stats_ns": {
        "count": 4.0,
        "sum_ns": 2013477.0,
        "mean_ns": 503369.25,
        "median_ns": 8849.0,
        "min_ns": 2557.0,
        "max_ns": 1999391.0,
        "variance_ns2": 994711329649.5834,
        "iqr_ns": 1996711.0,
        "q1_ns": 2680.0,
        "q3_ns": 1999391.0
      },
      "first_seen_ts_ns": 1747523970106288969,
      "last_seen_ts_ns": 1747524021473279751,
      "duration_active_s": 51.366990782
    },
    {
      "tgid": 816,
      "comm": "lmp",
      "cgroup_id": 11795,
      "on_cpu_stats_ns": {
        "count": 5.0,
        "sum_ns": 65805.83333333333,
        "mean_ns": 13161.166666666666,
        "median_ns": 12331.0,
        "min_ns": 8739.166666666666,
        "max_ns": 19584.0,
        "variance_ns2": 15677846.416666666,
        "iqr_ns": 1029.666666666666,
        "q1_ns": 12061.0,
        "q3_ns": 13090.666666666666
      },
      "runq_latency_stats_ns": {
        "count": 5.0,
        "sum_ns": 1611162.3333333335,
        "mean_ns": 322232.4666666667,
        "median_ns": 2924.0,
        "min_ns": 1624.3333333333333,
        "max_ns": 1600669.5,
        "variance_ns2": 510750765592.71387,
        "iqr_ns": 583.5,
        "q1_ns": 2680.5,
        "q3_ns": 3264.0
      },
      "first_seen_ts_ns": 1747524092040984902,
      "last_seen_ts_ns": 1747524122110455700,
      "duration_active_s": 30.069470798
    },
    {
      "tgid": 887,
      "comm": "lmp",
      "cgroup_id": 11795,
      "on_cpu_stats_ns": {
        "count": 4.0,
        "sum_ns": 60278.23333333333,
        "mean_ns": 15069.558333333332,
        "median_ns": 16027.4,
        "min_ns": 12914.0,
        "max_ns": 16900.333333333332,
        "variance_ns2": 3105464.113611107,
        "iqr_ns": 2463.833333333332,
        "q1_ns": 14436.5,
        "q3_ns": 16900.333333333332
      },
      "runq_latency_stats_ns": {
        "count": 4.0,
        "sum_ns": 1694056.9499999997,
        "mean_ns": 423514.23749999993,
        "median_ns": 1786.25,
        "min_ns": 869.2,
        "max_ns": 1690445.5,
        "variance_ns2": 713384537047.7089,
        "iqr_ns": 1689489.5,
        "q1_ns": 956.0,
        "q3_ns": 1690445.5
      },
      "first_seen_ts_ns": 1747524099068630492,
      "last_seen_ts_ns": 1747524129045034948,
      "duration_active_s": 29.976404456
    },
    {
      "tgid": 917,
      "comm": "lmp",
      "cgroup_id": 11795,
      "on_cpu_stats_ns": {
        "count": 5.0,
        "sum_ns": 54155.333333333336,
        "mean_ns": 10831.066666666668,
        "median_ns": 11038.333333333334,
        "min_ns": 9014.5,
        "max_ns": 12246.0,
        "variance_ns2": 1626717.8659722223,
        "iqr_ns": 1512.0,
        "q1_ns": 10172.25,
        "q3_ns": 11684.25
      },
      "runq_latency_stats_ns": {
        "count": 5.0,
        "sum_ns": 16307.666666666666,
        "mean_ns": 3261.5333333333333,
        "median_ns": 3368.0,
        "min_ns": 2738.0,
        "max_ns": 3990.0,
        "variance_ns2": 272871.0888888889,
        "iqr_ns": 673.6666666666665,
        "q1_ns": 2769.0,
        "q3_ns": 3442.6666666666665
      },
      "first_seen_ts_ns": 1747524086047076589,
      "last_seen_ts_ns": 1747524116028313176,
      "duration_active_s": 29.981236587
    },
    {
      "tgid": 784,
      "comm": "lmp",
      "cgroup_id": 11795,
      "on_cpu_stats_ns": {
        "count": 2.0,
        "sum_ns": 47733.46666666667,
        "mean_ns": 23866.733333333334,
        "median_ns": 27123.8,
        "min_ns": 20609.666666666668,
        "max_ns": 27123.8,
        "variance_ns2": 21216966.54222221,
        "iqr_ns": 6514.133333333331,
        "q1_ns": 20609.666666666668,
        "q3_ns": 27123.8
      },
      "runq_latency_stats_ns": {
        "count": 2.0,
        "sum_ns": 7119.333333333334,
        "mean_ns": 3559.666666666667,
        "median_ns": 4852.0,
        "min_ns": 2267.3333333333335,
        "max_ns": 4852.0,
        "variance_ns2": 3340250.888888889,
        "iqr_ns": 2584.6666666666665,
        "q1_ns": 2267.3333333333335,
        "q3_ns": 4852.0
      },
      "first_seen_ts_ns": 1747524160086583749,
      "last_seen_ts_ns": 1747524161023769946,
      "duration_active_s": 0.937186197
    },
    {
      "tgid": 510,
      "comm": "lmp",
      "cgroup_id": 11795,
      "on_cpu_stats_ns": {
        "count": 1.0,
        "sum_ns": 45104.0,
        "mean_ns": 45104.0,
        "median_ns": 45104.0,
        "min_ns": 45104.0,
        "max_ns": 45104.0,
        "variance_ns2": null,
        "iqr_ns": 0.0,
        "q1_ns": 45104.0,
        "q3_ns": 45104.0
      },
      "runq_latency_stats_ns": {
        "count": 1.0,
        "sum_ns": 1322.0,
        "mean_ns": 1322.0,
        "median_ns": 1322.0,
        "min_ns": 1322.0,
        "max_ns": 1322.0,
        "variance_ns2": null,
        "iqr_ns": 0.0,
        "q1_ns": 1322.0,
        "q3_ns": 1322.0
      },
      "first_seen_ts_ns": 1747523956970279917,
      "last_seen_ts_ns": 1747523956970279917,
      "duration_active_s": 0
    },
    {
      "tgid": 919,
      "comm": "lmp",
      "cgroup_id": 11795,
      "on_cpu_stats_ns": {
        "count": 1.0,
        "sum_ns": 37396.0,
        "mean_ns": 37396.0,
        "median_ns": 37396.0,
        "min_ns": 37396.0,
        "max_ns": 37396.0,
        "variance_ns2": null,
        "iqr_ns": 0.0,
        "q1_ns": 37396.0,
        "q3_ns": 37396.0
      },
      "runq_latency_stats_ns": {
        "count": 1.0,
        "sum_ns": 4205.0,
        "mean_ns": 4205.0,
        "median_ns": 4205.0,
        "min_ns": 4205.0,
        "max_ns": 4205.0,
        "variance_ns2": null,
        "iqr_ns": 0.0,
        "q1_ns": 4205.0,
        "q3_ns": 4205.0
      },
      "first_seen_ts_ns": 1747524129045034948,
      "last_seen_ts_ns": 1747524129045034948,
      "duration_active_s": 0
    },
    {
      "tgid": 798,
      "comm": "lmp",
      "cgroup_id": 11795,
      "on_cpu_stats_ns": {
        "count": 1.0,
        "sum_ns": 34088.0,
        "mean_ns": 34088.0,
        "median_ns": 34088.0,
        "min_ns": 34088.0,
        "max_ns": 34088.0,
        "variance_ns2": null,
        "iqr_ns": 0.0,
        "q1_ns": 34088.0,
        "q3_ns": 34088.0
      },
      "runq_latency_stats_ns": {
        "count": 1.0,
        "sum_ns": 4694.0,
        "mean_ns": 4694.0,
        "median_ns": 4694.0,
        "min_ns": 4694.0,
        "max_ns": 4694.0,
        "variance_ns2": null,
        "iqr_ns": 0.0,
        "q1_ns": 4694.0,
        "q3_ns": 4694.0
      },
      "first_seen_ts_ns": 1747524088078389932,
      "last_seen_ts_ns": 1747524088078389932,
      "duration_active_s": 0
    },
    {
      "tgid": 60,
      "comm": "bash",
      "cgroup_id": 11558,
      "on_cpu_stats_ns": {
        "count": 1.0,
        "sum_ns": 29788.0,
        "mean_ns": 29788.0,
        "median_ns": 29788.0,
        "min_ns": 29788.0,
        "max_ns": 29788.0,
        "variance_ns2": null,
        "iqr_ns": 0.0,
        "q1_ns": 29788.0,
        "q3_ns": 29788.0
      },
      "runq_latency_stats_ns": {
        "count": 1.0,
        "sum_ns": 10450.0,
        "mean_ns": 10450.0,
        "median_ns": 10450.0,
        "min_ns": 10450.0,
        "max_ns": 10450.0,
        "variance_ns2": null,
        "iqr_ns": 0.0,
        "q1_ns": 10450.0,
        "q3_ns": 10450.0
      },
      "first_seen_ts_ns": 1747523859086937297,
      "last_seen_ts_ns": 1747523859086937297,
      "duration_active_s": 0
    },
    {
      "tgid": 411,
      "comm": "lmp",
      "cgroup_id": 11795,
      "on_cpu_stats_ns": {
        "count": 1.0,
        "sum_ns": 29447.0,
        "mean_ns": 29447.0,
        "median_ns": 29447.0,
        "min_ns": 29447.0,
        "max_ns": 29447.0,
        "variance_ns2": null,
        "iqr_ns": 0.0,
        "q1_ns": 29447.0,
        "q3_ns": 29447.0
      },
      "runq_latency_stats_ns": {
        "count": 1.0,
        "sum_ns": 1241.0,
        "mean_ns": 1241.0,
        "median_ns": 1241.0,
        "min_ns": 1241.0,
        "max_ns": 1241.0,
        "variance_ns2": null,
        "iqr_ns": 0.0,
        "q1_ns": 1241.0,
        "q3_ns": 1241.0
      },
      "first_seen_ts_ns": 1747523922823571837,
      "last_seen_ts_ns": 1747523922823571837,
      "duration_active_s": 0
    },
    {
      "tgid": 665,
      "comm": "lmp",
      "cgroup_id": 11795,
      "on_cpu_stats_ns": {
        "count": 1.0,
        "sum_ns": 23499.0,
        "mean_ns": 23499.0,
        "median_ns": 23499.0,
        "min_ns": 23499.0,
        "max_ns": 23499.0,
        "variance_ns2": null,
        "iqr_ns": 0.0,
        "q1_ns": 23499.0,
        "q3_ns": 23499.0
      },
      "runq_latency_stats_ns": {
        "count": 1.0,
        "sum_ns": 2871991.0,
        "mean_ns": 2871991.0,
        "median_ns": 2871991.0,
        "min_ns": 2871991.0,
        "max_ns": 2871991.0,
        "variance_ns2": null,
        "iqr_ns": 0.0,
        "q1_ns": 2871991.0,
        "q3_ns": 2871991.0
      },
      "first_seen_ts_ns": 1747524052101886204,
      "last_seen_ts_ns": 1747524052101886204,
      "duration_active_s": 0
    },
    {
      "tgid": 768,
      "comm": "lmp",
      "cgroup_id": 11795,
      "on_cpu_stats_ns": {
        "count": 1.0,
        "sum_ns": 17474.0,
        "mean_ns": 17474.0,
        "median_ns": 17474.0,
        "min_ns": 17474.0,
        "max_ns": 17474.0,
        "variance_ns2": null,
        "iqr_ns": 0.0,
        "q1_ns": 17474.0,
        "q3_ns": 17474.0
      },
      "runq_latency_stats_ns": {
        "count": 1.0,
        "sum_ns": 1152.0,
        "mean_ns": 1152.0,
        "median_ns": 1152.0,
        "min_ns": 1152.0,
        "max_ns": 1152.0,
        "variance_ns2": null,
        "iqr_ns": 0.0,
        "q1_ns": 1152.0,
        "q3_ns": 1152.0
      },
      "first_seen_ts_ns": 1747524111285094176,
      "last_seen_ts_ns": 1747524111285094176,
      "duration_active_s": 0
    },
    {
      "tgid": 716,
      "comm": "lmp",
      "cgroup_id": 11795,
      "on_cpu_stats_ns": {
        "count": 1.0,
        "sum_ns": 13947.0,
        "mean_ns": 13947.0,
        "median_ns": 13947.0,
        "min_ns": 13947.0,
        "max_ns": 13947.0,
        "variance_ns2": null,
        "iqr_ns": 0.0,
        "q1_ns": 13947.0,
        "q3_ns": 13947.0
      },
      "runq_latency_stats_ns": {
        "count": 1.0,
        "sum_ns": 6956.0,
        "mean_ns": 6956.0,
        "median_ns": 6956.0,
        "min_ns": 6956.0,
        "max_ns": 6956.0,
        "variance_ns2": null,
        "iqr_ns": 0.0,
        "q1_ns": 6956.0,
        "q3_ns": 6956.0
      },
      "first_seen_ts_ns": 1747523967766804231,
      "last_seen_ts_ns": 1747523967766804231,
      "duration_active_s": 0
    },
    {
      "tgid": 401,
      "comm": "lmp",
      "cgroup_id": 11795,
      "on_cpu_stats_ns": {
        "count": 1.0,
        "sum_ns": 12996.0,
        "mean_ns": 12996.0,
        "median_ns": 12996.0,
        "min_ns": 12996.0,
        "max_ns": 12996.0,
        "variance_ns2": null,
        "iqr_ns": 0.0,
        "q1_ns": 12996.0,
        "q3_ns": 12996.0
      },
      "runq_latency_stats_ns": {
        "count": 1.0,
        "sum_ns": 1821.0,
        "mean_ns": 1821.0,
        "median_ns": 1821.0,
        "min_ns": 1821.0,
        "max_ns": 1821.0,
        "variance_ns2": null,
        "iqr_ns": 0.0,
        "q1_ns": 1821.0,
        "q3_ns": 1821.0
      },
      "first_seen_ts_ns": 1747523958354298757,
      "last_seen_ts_ns": 1747523958354298757,
      "duration_active_s": 0
    },
    {
      "tgid": 874,
      "comm": "lmp",
      "cgroup_id": 11795,
      "on_cpu_stats_ns": {
        "count": 1.0,
        "sum_ns": 12509.0,
        "mean_ns": 12509.0,
        "median_ns": 12509.0,
        "min_ns": 12509.0,
        "max_ns": 12509.0,
        "variance_ns2": null,
        "iqr_ns": 0.0,
        "q1_ns": 12509.0,
        "q3_ns": 12509.0
      },
      "runq_latency_stats_ns": {
        "count": 1.0,
        "sum_ns": 6210.0,
        "mean_ns": 6210.0,
        "median_ns": 6210.0,
        "min_ns": 6210.0,
        "max_ns": 6210.0,
        "variance_ns2": null,
        "iqr_ns": 0.0,
        "q1_ns": 6210.0,
        "q3_ns": 6210.0
      },
      "first_seen_ts_ns": 1747524109047598237,
      "last_seen_ts_ns": 1747524109047598237,
      "duration_active_s": 0
    }
  ]
}
[23:23:30] Cleanup complete. Exiting.
