unlimited
PROGRAM: futex
Looking for /opt/programs/futex/ebpf-collect.c
[16:36:38] Starting eBPF (Tracepoints for futex syscalls).
[16:36:38] BPF program loaded and tracepoints automatically attached.
[16:36:38] Start Indicator file defined '/mnt/flux/start_ebpf_collection'. Waiting.
[16:37:10] Start indicator found. Proceeding.
[16:37:10] Ring buffers opened. Polling for events...
[16:38:19] 
Indicator file '/mnt/flux/stop_ebpf_collection' found. Stopping.
[16:38:19] Cleaning up BPF resources...
{
  "final_aggregated_futex_summary_river": [
    {
      "tgid": 3859,
      "comm": "kubelet",
      "cgroup_id": 6640,
      "wait_duration_stats_ns": {
        "count": 6313.0,
        "sum": 2616201270446.0,
        "mean": 414414901.0685886,
        "median": 14086081.525879538,
        "min": 673,
        "max": 63767172854,
        "variance_ns2": 1.7259412423772865e+19,
        "iqr_ns": 41679978.674726166,
        "q1_ns": 2058945.4590515695,
        "q3_ns": 43738924.13377774
      },
      "futex_op_counts": {
        "128": 6313
      },
      "first_seen_ts_ns": 451602399343,
      "last_seen_ts_ns": 551981410092
    },
    {
      "tgid": 3673,
      "comm": "containerd",
      "cgroup_id": 6520,
      "wait_duration_stats_ns": {
        "count": 2760.0,
        "sum": 893220674412.0013,
        "mean": 323630679.1347831,
        "median": 244500.7937342538,
        "min": 530,
        "max": 32780625160,
        "variance_ns2": 5.864878688264546e+18,
        "iqr_ns": 121921900.50990829,
        "q1_ns": 53833.41181381972,
        "q3_ns": 121975733.92172211
      },
      "futex_op_counts": {
        "128": 2760
      },
      "first_seen_ts_ns": 451635065544,
      "last_seen_ts_ns": 551989505820
    },
    {
      "tgid": 8534,
      "comm": "containerd-shim",
      "cgroup_id": 6520,
      "wait_duration_stats_ns": {
        "count": 521.0,
        "sum": 454272680737.0001,
        "mean": 871924531.1650674,
        "median": 850319.6795718888,
        "min": 563,
        "max": 19935476459,
        "variance_ns2": 6.554860507467997e+18,
        "iqr_ns": 21597651.877652425,
        "q1_ns": 171202.44656380525,
        "q3_ns": 21768854.32421623
      },
      "futex_op_counts": {
        "128": 521
      },
      "first_seen_ts_ns": 453266375020,
      "last_seen_ts_ns": 546760067318
    },
    {
      "tgid": 9979,
      "comm": "prometheus",
      "cgroup_id": 9164,
      "wait_duration_stats_ns": {
        "count": 3467.0,
        "sum": 400583798485.9998,
        "mean": 115541908.99509656,
        "median": 41878457.72516852,
        "min": 1024,
        "max": 35449967860,
        "variance_ns2": 1.2170580108453627e+18,
        "iqr_ns": 10204090.8669734,
        "q1_ns": 39929738.91271848,
        "q3_ns": 50133829.77969188
      },
      "futex_op_counts": {
        "128": 3467
      },
      "first_seen_ts_ns": 451585254876,
      "last_seen_ts_ns": 551950704068
    },
    {
      "tgid": 10080,
      "comm": "config-reloader",
      "cgroup_id": 9243,
      "wait_duration_stats_ns": {
        "count": 49.0,
        "sum": 392835262525.99994,
        "mean": 8017046173.999999,
        "median": 4159396051.108482,
        "min": 22041,
        "max": 60821068440,
        "variance_ns2": 2.7102119665772842e+20,
        "iqr_ns": 5526356396.587225,
        "q1_ns": 30665183.9926076,
        "q3_ns": 5557021580.579833
      },
      "futex_op_counts": {
        "128": 49
      },
      "first_seen_ts_ns": 490795506295,
      "last_seen_ts_ns": 550845358934
    },
    {
      "tgid": 4250,
      "comm": "containerd-shim",
      "cgroup_id": 6520,
      "wait_duration_stats_ns": {
        "count": 89.0,
        "sum": 383010217820.9999,
        "mean": 4303485593.494381,
        "median": 3051707983.368327,
        "min": 4377,
        "max": 30003293906,
        "variance_ns2": 5.7098641426077e+19,
        "iqr_ns": 4619072157.890945,
        "q1_ns": 13016101.85987553,
        "q3_ns": 4632088259.750821
      },
      "futex_op_counts": {
        "128": 89
      },
      "first_seen_ts_ns": 486747493548,
      "last_seen_ts_ns": 551019760136
    },
    {
      "tgid": 9131,
      "comm": "containerd-shim",
      "cgroup_id": 6520,
      "wait_duration_stats_ns": {
        "count": 189.0,
        "sum": 382997019256.9999,
        "mean": 2026439255.3280416,
        "median": 4490071.372735709,
        "min": 2724,
        "max": 30006762602,
        "variance_ns2": 2.746494774975658e+19,
        "iqr_ns": 2832196940.1660757,
        "q1_ns": 481086.42032716936,
        "q3_ns": 2832678026.586403
      },
      "futex_op_counts": {
        "128": 189
      },
      "first_seen_ts_ns": 453266917057,
      "last_seen_ts_ns": 550662435715
    },
    {
      "tgid": 7532,
      "comm": "containerd-shim",
      "cgroup_id": 6520,
      "wait_duration_stats_ns": {
        "count": 204.0,
        "sum": 370204052404.00006,
        "mean": 1814725747.0784316,
        "median": 5985603.253722803,
        "min": 2720,
        "max": 30009855508,
        "variance_ns2": 2.4106087309458e+19,
        "iqr_ns": 1523098215.2955124,
        "q1_ns": 137695.24226473505,
        "q3_ns": 1523235910.5377772
      },
      "futex_op_counts": {
        "128": 204
      },
      "first_seen_ts_ns": 453265814273,
      "last_seen_ts_ns": 546761086694
    },
    {
      "tgid": 11812,
      "comm": "containerd-shim",
      "cgroup_id": 6520,
      "wait_duration_stats_ns": {
        "count": 181.0,
        "sum": 366305194315.0002,
        "mean": 2023785603.9502773,
        "median": 68289560.5982149,
        "min": 373,
        "max": 54166694598,
        "variance_ns2": 3.146836693053335e+19,
        "iqr_ns": 2878665802.605487,
        "q1_ns": 10082620.254426898,
        "q3_ns": 2888748422.859914
      },
      "futex_op_counts": {
        "128": 181
      },
      "first_seen_ts_ns": 453261891315,
      "last_seen_ts_ns": 551992223160
    },
    {
      "tgid": 7550,
      "comm": "containerd-shim",
      "cgroup_id": 6520,
      "wait_duration_stats_ns": {
        "count": 180.0,
        "sum": 340201324851.99994,
        "mean": 1890007360.2888887,
        "median": 2333711.4548268616,
        "min": 1080,
        "max": 30003105902,
        "variance_ns2": 2.3036405255650533e+19,
        "iqr_ns": 1430747201.0598695,
        "q1_ns": 662495.3248967389,
        "q3_ns": 1431409696.3847663
      },
      "futex_op_counts": {
        "128": 180
      },
      "first_seen_ts_ns": 453262448923,
      "last_seen_ts_ns": 546761727329
    },
    {
      "tgid": 9359,
      "comm": "proxy-agent",
      "cgroup_id": 8848,
      "wait_duration_stats_ns": {
        "count": 330.0,
        "sum": 338399860287.0,
        "mean": 1025454122.0818182,
        "median": 4584305.338820571,
        "min": 1080,
        "max": 60002427693,
        "variance_ns2": 1.4676246393363433e+19,
        "iqr_ns": 511273695.36185825,
        "q1_ns": 414161.29087880655,
        "q3_ns": 511687856.6527371
      },
      "futex_op_counts": {
        "128": 330
      },
      "first_seen_ts_ns": 452178109030,
      "last_seen_ts_ns": 551602461916
    },
    {
      "tgid": 3928,
      "comm": "node-problem-de",
      "cgroup_id": 6700,
      "wait_duration_stats_ns": {
        "count": 237.0,
        "sum": 332112660526.99994,
        "mean": 1401319242.7299576,
        "median": 880357955.4136065,
        "min": 3263,
        "max": 44771086966,
        "variance_ns2": 2.193385497383625e+19,
        "iqr_ns": 736319990.6963181,
        "q1_ns": 244337267.9777053,
        "q3_ns": 980657258.6740234
      },
      "futex_op_counts": {
        "128": 237
      },
      "first_seen_ts_ns": 453467868114,
      "last_seen_ts_ns": 551468636960
    },
    {
      "tgid": 9573,
      "comm": "containerd-shim",
      "cgroup_id": 6520,
      "wait_duration_stats_ns": {
        "count": 174.0,
        "sum": 310225501420.00006,
        "mean": 1782905180.574713,
        "median": 5812040.525553644,
        "min": 2942,
        "max": 30011573357,
        "variance_ns2": 2.4794744606707274e+19,
        "iqr_ns": 1037650888.0209092,
        "q1_ns": 1816045.7961571212,
        "q3_ns": 1039466933.8170663
      },
      "futex_op_counts": {
        "128": 174
      },
      "first_seen_ts_ns": 453263549046,
      "last_seen_ts_ns": 546762572926
    },
    {
      "tgid": 4308,
      "comm": "kube-proxy",
      "cgroup_id": 7366,
      "wait_duration_stats_ns": {
        "count": 144.0,
        "sum": 297800413663.99994,
        "mean": 2068058428.2222216,
        "median": 483552511.57392156,
        "min": 12500,
        "max": 50486813611,
        "variance_ns2": 3.4363257170292535e+19,
        "iqr_ns": 2181457249.7760043,
        "q1_ns": 24828653.34716284,
        "q3_ns": 2206285903.123167
      },
      "futex_op_counts": {
        "128": 144
      },
      "first_seen_ts_ns": 486243419112,
      "last_seen_ts_ns": 551243486170
    },
    {
      "tgid": 8110,
      "comm": "fluent-bit-gke-",
      "cgroup_id": 7979,
      "wait_duration_stats_ns": {
        "count": 245.0,
        "sum": 289859217538.0,
        "mean": 1183098847.0938776,
        "median": 709821807.5175596,
        "min": 1566,
        "max": 21036341830,
        "variance_ns2": 6.664157114667429e+18,
        "iqr_ns": 1255565314.7775185,
        "q1_ns": 118594024.19497508,
        "q3_ns": 1374159338.9724936
      },
      "futex_op_counts": {
        "128": 245
      },
      "first_seen_ts_ns": 453000104766,
      "last_seen_ts_ns": 551939957462
    },
    {
      "tgid": 1731,
      "comm": "google_osconfig",
      "cgroup_id": 4234,
      "wait_duration_stats_ns": {
        "count": 78.0,
        "sum": 230519949679.99988,
        "mean": 2955383970.2564087,
        "median": 1564658322.8170202,
        "min": 3091,
        "max": 30002552883,
        "variance_ns2": 2.9034878992032772e+19,
        "iqr_ns": 4585095346.999605,
        "q1_ns": 105866350.13155128,
        "q3_ns": 4690961697.131157
      },
      "futex_op_counts": {
        "128": 78
      },
      "first_seen_ts_ns": 484189500765,
      "last_seen_ts_ns": 549463535382
    },
    {
      "tgid": 8174,
      "comm": "main",
      "cgroup_id": 8058,
      "wait_duration_stats_ns": {
        "count": 76.0,
        "sum": 200671545266.00003,
        "mean": 2640415069.289474,
        "median": 2450524143.6618123,
        "min": 13650,
        "max": 59964108596,
        "variance_ns2": 4.989113985271721e+19,
        "iqr_ns": 4732788284.87614,
        "q1_ns": 3657385.4548070063,
        "q3_ns": 4736445670.330947
      },
      "futex_op_counts": {
        "128": 76
      },
      "first_seen_ts_ns": 484523644903,
      "last_seen_ts_ns": 549902038233
    },
    {
      "tgid": 9411,
      "comm": "main",
      "cgroup_id": 8927,
      "wait_duration_stats_ns": {
        "count": 53.0,
        "sum": 199806390032.9999,
        "mean": 3769931887.4150925,
        "median": 4582248216.470429,
        "min": 244273,
        "max": 59961451553,
        "variance_ns2": 6.802193419009039e+19,
        "iqr_ns": 4353297134.686499,
        "q1_ns": 484834997.6347495,
        "q3_ns": 4838132132.321248
      },
      "futex_op_counts": {
        "128": 53
      },
      "first_seen_ts_ns": 451908605413,
      "last_seen_ts_ns": 551908405668
    },
    {
      "tgid": 8619,
      "comm": "csi-node-driver",
      "cgroup_id": 8532,
      "wait_duration_stats_ns": {
        "count": 5.0,
        "sum": 183001996550.0,
        "mean": 36600399310.0,
        "median": 60000071983.0,
        "min": 1000035493,
        "max": 61001078597,
        "variance_ns2": 1.0563032255130698e+21,
        "iqr_ns": 58999479861.0,
        "q1_ns": 1000665308.0,
        "q3_ns": 60000145169.0
      },
      "futex_op_counts": {
        "128": 5
      },
      "first_seen_ts_ns": 519641237681,
      "last_seen_ts_ns": 520642089288
    },
    {
      "tgid": 1730,
      "comm": "google_guest_ag",
      "cgroup_id": 4174,
      "wait_duration_stats_ns": {
        "count": 62.0,
        "sum": 139954385013.0,
        "mean": 2257328790.532258,
        "median": 2760158968.0184755,
        "min": 574,
        "max": 5069131393,
        "variance_ns2": 4.825511092462497e+18,
        "iqr_ns": 4523740894.170982,
        "q1_ns": 68266161.06765836,
        "q3_ns": 4592007055.238641
      },
      "futex_op_counts": {
        "128": 62
      },
      "first_seen_ts_ns": 484756078011,
      "last_seen_ts_ns": 549803464001
    },
    {
      "tgid": 2765,
      "comm": "dockerd",
      "cgroup_id": 6400,
      "wait_duration_stats_ns": {
        "count": 35.0,
        "sum": 139888432300.0,
        "mean": 3996812351.428571,
        "median": 2830308444.1536818,
        "min": 2536,
        "max": 10002859285,
        "variance_ns2": 2.456543516828586e+19,
        "iqr_ns": 9434511405.057503,
        "q1_ns": 155142467.23815078,
        "q3_ns": 9589653872.295654
      },
      "futex_op_counts": {
        "128": 35
      },
      "first_seen_ts_ns": 491922678180,
      "last_seen_ts_ns": 551932218076
    },
    {
      "tgid": 8459,
      "comm": "main",
      "cgroup_id": 8216,
      "wait_duration_stats_ns": {
        "count": 98.0,
        "sum": 129947034591.0,
        "mean": 1325990148.8877552,
        "median": 326225201.626621,
        "min": 26078,
        "max": 5003840083,
        "variance_ns2": 4.86966745270253e+18,
        "iqr_ns": 3599388089.616966,
        "q1_ns": 3147278.9524150416,
        "q3_ns": 3602535368.5693808
      },
      "futex_op_counts": {
        "128": 98
      },
      "first_seen_ts_ns": 452394511572,
      "last_seen_ts_ns": 547399068022
    },
    {
      "tgid": 8422,
      "comm": "otelsvc",
      "cgroup_id": 8137,
      "wait_duration_stats_ns": {
        "count": 226.0,
        "sum": 68487592259.99998,
        "mean": 303042443.6283185,
        "median": 453019743.56684595,
        "min": 28630,
        "max": 499500338,
        "variance_ns2": 4.923909858654439e+16,
        "iqr_ns": 474527813.0925043,
        "q1_ns": 17511754.159031942,
        "q3_ns": 492039567.25153625
      },
      "futex_op_counts": {
        "128": 226
      },
      "first_seen_ts_ns": 452312675154,
      "last_seen_ts_ns": 551852909056
    },
    {
      "tgid": 8985,
      "comm": "gce-pd-csi-driv",
      "cgroup_id": 8611,
      "wait_duration_stats_ns": {
        "count": 123.0,
        "sum": 68355298388.999985,
        "mean": 555734133.2439023,
        "median": 589920935.6652567,
        "min": 54695833,
        "max": 590566346,
        "variance_ns2": 1.1915753138617866e+16,
        "iqr_ns": 430010.9480859041,
        "q1_ns": 589478129.9219177,
        "q3_ns": 589908140.8700036
      },
      "futex_op_counts": {
        "128": 123
      },
      "first_seen_ts_ns": 452501392160,
      "last_seen_ts_ns": 551501386106
    },
    {
      "tgid": 13021,
      "comm": "runc",
      "cgroup_id": 6520,
      "wait_duration_stats_ns": {
        "count": 325.0,
        "sum": 729522268.0,
        "mean": 2244683.9015384614,
        "median": 102919.18942908975,
        "min": 685,
        "max": 99307600,
        "variance_ns2": 164266195873930.72,
        "iqr_ns": 2979190.487583883,
        "q1_ns": 26481.645496832316,
        "q3_ns": 3005672.1330807153
      },
      "futex_op_counts": {
        "128": 325
      },
      "first_seen_ts_ns": 543879113618,
      "last_seen_ts_ns": 543992401056
    },
    {
      "tgid": 12875,
      "comm": "runc",
      "cgroup_id": 6520,
      "wait_duration_stats_ns": {
        "count": 336.0,
        "sum": 711339947.9999999,
        "mean": 2117083.178571428,
        "median": 90351.75899382372,
        "min": 2896,
        "max": 102677908,
        "variance_ns2": 153156107473772.9,
        "iqr_ns": 404046.44600289065,
        "q1_ns": 18116.595799196217,
        "q3_ns": 422163.04180208687
      },
      "futex_op_counts": {
        "128": 336
      },
      "first_seen_ts_ns": 493878015558,
      "last_seen_ts_ns": 493986012822
    },
    {
      "tgid": 12899,
      "comm": "runc",
      "cgroup_id": 6520,
      "wait_duration_stats_ns": {
        "count": 351.0,
        "sum": 676650961.0,
        "mean": 1927780.5156695158,
        "median": 69182.68912433149,
        "min": 3823,
        "max": 79353487,
        "variance_ns2": 112458506364164.83,
        "iqr_ns": 268510.127288505,
        "q1_ns": 21550.033327183748,
        "q3_ns": 290060.1606156888
      },
      "futex_op_counts": {
        "128": 351
      },
      "first_seen_ts_ns": 503877533862,
      "last_seen_ts_ns": 503979181356
    },
    {
      "tgid": 12978,
      "comm": "runc",
      "cgroup_id": 6520,
      "wait_duration_stats_ns": {
        "count": 275.0,
        "sum": 556275618.0,
        "mean": 2022820.429090909,
        "median": 150297.207122826,
        "min": 1209,
        "max": 81247748,
        "variance_ns2": 74676977858131.7,
        "iqr_ns": 897526.4748279195,
        "q1_ns": 26278.83386692629,
        "q3_ns": 923805.3086948458
      },
      "futex_op_counts": {
        "128": 275
      },
      "first_seen_ts_ns": 523877409421,
      "last_seen_ts_ns": 523961814277
    },
    {
      "tgid": 12920,
      "comm": "runc",
      "cgroup_id": 6520,
      "wait_duration_stats_ns": {
        "count": 309.0,
        "sum": 539339172.0,
        "mean": 1745434.2135922331,
        "median": 134697.6237894756,
        "min": 1130,
        "max": 52330157,
        "variance_ns2": 49617761442155.555,
        "iqr_ns": 849361.0808561121,
        "q1_ns": 32311.103093392237,
        "q3_ns": 881672.1839495043
      },
      "futex_op_counts": {
        "128": 309
      },
      "first_seen_ts_ns": 513880869122,
      "last_seen_ts_ns": 513957777610
    },
    {
      "tgid": 12999,
      "comm": "runc",
      "cgroup_id": 6520,
      "wait_duration_stats_ns": {
        "count": 266.0,
        "sum": 496268373.9999999,
        "mean": 1865670.578947368,
        "median": 127651.20605397153,
        "min": 799,
        "max": 71838215,
        "variance_ns2": 79738522548657.53,
        "iqr_ns": 507614.9674724985,
        "q1_ns": 33294.18737383856,
        "q3_ns": 540909.154846337
      },
      "futex_op_counts": {
        "128": 266
      },
      "first_seen_ts_ns": 533882395061,
      "last_seen_ts_ns": 533962013363
    },
    {
      "tgid": 13032,
      "comm": "runc:[2:INIT]",
      "cgroup_id": 8532,
      "wait_duration_stats_ns": {
        "count": 25.0,
        "sum": 370958914.99999994,
        "mean": 14838356.599999998,
        "median": 1929163.0335833058,
        "min": 13718,
        "max": 62904861,
        "variance_ns2": 562972230441408.4,
        "iqr_ns": 20208052.758167643,
        "q1_ns": 304718.550561865,
        "q3_ns": 20512771.308729507
      },
      "futex_op_counts": {
        "128": 25
      },
      "first_seen_ts_ns": 543913013150,
      "last_seen_ts_ns": 543991679581
    },
    {
      "tgid": 12887,
      "comm": "runc:[2:INIT]",
      "cgroup_id": 8532,
      "wait_duration_stats_ns": {
        "count": 34.0,
        "sum": 334286945.0,
        "mean": 9831968.970588235,
        "median": 1840095.8584479159,
        "min": 503,
        "max": 51894766,
        "variance_ns2": 231274654632037.16,
        "iqr_ns": 6432272.0824113805,
        "q1_ns": 1147043.023223718,
        "q3_ns": 7579315.105635098
      },
      "futex_op_counts": {
        "128": 34
      },
      "first_seen_ts_ns": 493915112712,
      "last_seen_ts_ns": 493984867136
    },
    {
      "tgid": 12910,
      "comm": "runc:[2:INIT]",
      "cgroup_id": 8532,
      "wait_duration_stats_ns": {
        "count": 29.0,
        "sum": 315449775.0,
        "mean": 10877578.448275862,
        "median": 2500246.940100364,
        "min": 16915,
        "max": 50182870,
        "variance_ns2": 284317923177226.3,
        "iqr_ns": 11654885.022936743,
        "q1_ns": 98031.10683398315,
        "q3_ns": 11752916.129770726
      },
      "futex_op_counts": {
        "128": 29
      },
      "first_seen_ts_ns": 503912152874,
      "last_seen_ts_ns": 503979154655
    },
    {
      "tgid": 12722,
      "comm": "runc",
      "cgroup_id": 6520,
      "wait_duration_stats_ns": {
        "count": 400.0,
        "sum": 237491811.0,
        "mean": 593729.5275,
        "median": 40745.84623645137,
        "min": 6405,
        "max": 40250883,
        "variance_ns2": 13259648987020.965,
        "iqr_ns": 150644.09316654308,
        "q1_ns": 15111.829758470843,
        "q3_ns": 165755.92292501393
      },
      "futex_op_counts": {
        "128": 400
      },
      "first_seen_ts_ns": 483876505550,
      "last_seen_ts_ns": 483919821164
    },
    {
      "tgid": 12989,
      "comm": "runc:[2:INIT]",
      "cgroup_id": 8532,
      "wait_duration_stats_ns": {
        "count": 34.0,
        "sum": 191397949.0,
        "mean": 5629351.44117647,
        "median": 395207.0566332064,
        "min": 592,
        "max": 32199383,
        "variance_ns2": 98586536873679.17,
        "iqr_ns": 2487541.0003587254,
        "q1_ns": 33996.817828508545,
        "q3_ns": 2521537.818187234
      },
      "futex_op_counts": {
        "128": 34
      },
      "first_seen_ts_ns": 523908014686,
      "last_seen_ts_ns": 523957815090
    },
    {
      "tgid": 13010,
      "comm": "runc:[2:INIT]",
      "cgroup_id": 8532,
      "wait_duration_stats_ns": {
        "count": 30.0,
        "sum": 180738913.00000003,
        "mean": 6024630.4333333345,
        "median": 1282015.927821875,
        "min": 15438,
        "max": 19702573,
        "variance_ns2": 55541300097650.52,
        "iqr_ns": 12141688.554032957,
        "q1_ns": 290076.92614891124,
        "q3_ns": 12431765.48018187
      },
      "futex_op_counts": {
        "128": 30
      },
      "first_seen_ts_ns": 533921264027,
      "last_seen_ts_ns": 533959927318
    },
    {
      "tgid": 12740,
      "comm": "runc:[2:INIT]",
      "cgroup_id": 8532,
      "wait_duration_stats_ns": {
        "count": 29.0,
        "sum": 155764212.99999997,
        "mean": 5371179.758620689,
        "median": 1083061.404427934,
        "min": 17058,
        "max": 19302937,
        "variance_ns2": 58715171346548.125,
        "iqr_ns": 9191760.872894026,
        "q1_ns": 87725.06976271437,
        "q3_ns": 9279485.94265674
      },
      "futex_op_counts": {
        "128": 29
      },
      "first_seen_ts_ns": 483884901721,
      "last_seen_ts_ns": 483919786131
    },
    {
      "tgid": 12932,
      "comm": "runc:[2:INIT]",
      "cgroup_id": 8532,
      "wait_duration_stats_ns": {
        "count": 23.0,
        "sum": 128854307.99999999,
        "mean": 5602361.217391304,
        "median": 2524255.3893865026,
        "min": 17359,
        "max": 16815664,
        "variance_ns2": 39578603862607.81,
        "iqr_ns": 9904356.035096243,
        "q1_ns": 39386.271045157126,
        "q3_ns": 9943742.3061414
      },
      "futex_op_counts": {
        "128": 23
      },
      "first_seen_ts_ns": 513924574804,
      "last_seen_ts_ns": 513957552360
    },
    {
      "tgid": 12887,
      "comm": "csi-node-driver",
      "cgroup_id": 8532,
      "wait_duration_stats_ns": {
        "count": 15.0,
        "sum": 12490114.0,
        "mean": 832674.2666666666,
        "median": 92685.87688078702,
        "min": 25000,
        "max": 6069388,
        "variance_ns2": 2871398527677.067,
        "iqr_ns": 325021.62834362144,
        "q1_ns": 32943.958333333336,
        "q3_ns": 357965.58667695476
      },
      "futex_op_counts": {
        "128": 15
      },
      "first_seen_ts_ns": 493989884502,
      "last_seen_ts_ns": 493996009456
    },
    {
      "tgid": 12910,
      "comm": "csi-node-driver",
      "cgroup_id": 8532,
      "wait_duration_stats_ns": {
        "count": 19.0,
        "sum": 12304314.0,
        "mean": 647595.4736842106,
        "median": 138956.18240871464,
        "min": 2658,
        "max": 6470228,
        "variance_ns2": 2178318463585.0413,
        "iqr_ns": 457181.747330333,
        "q1_ns": 12143.776388888891,
        "q3_ns": 469325.5237192219
      },
      "futex_op_counts": {
        "128": 19
      },
      "first_seen_ts_ns": 503987504417,
      "last_seen_ts_ns": 503994024307
    },
    {
      "tgid": 12932,
      "comm": "csi-node-driver",
      "cgroup_id": 8532,
      "wait_duration_stats_ns": {
        "count": 24.0,
        "sum": 9982681.0,
        "mean": 415945.0416666666,
        "median": 115110.0593353653,
        "min": 11508,
        "max": 1882311,
        "variance_ns2": 338237827221.17206,
        "iqr_ns": 568209.0349385194,
        "q1_ns": 21599.318470752507,
        "q3_ns": 589808.3534092719
      },
      "futex_op_counts": {
        "128": 24
      },
      "first_seen_ts_ns": 513965809036,
      "last_seen_ts_ns": 513969307787
    },
    {
      "tgid": 12458,
      "comm": "runc",
      "cgroup_id": 6520,
      "wait_duration_stats_ns": {
        "count": 17.0,
        "sum": 9721574.0,
        "mean": 571857.2941176471,
        "median": 146368.99907705025,
        "min": 8286,
        "max": 3175961,
        "variance_ns2": 983519229758.9706,
        "iqr_ns": 180360.37534391534,
        "q1_ns": 79805.57037037038,
        "q3_ns": 260165.9457142857
      },
      "futex_op_counts": {
        "128": 17
      },
      "first_seen_ts_ns": 453654403963,
      "last_seen_ts_ns": 453657940759
    },
    {
      "tgid": 13010,
      "comm": "csi-node-driver",
      "cgroup_id": 8532,
      "wait_duration_stats_ns": {
        "count": 22.0,
        "sum": 9650121.0,
        "mean": 438641.86363636365,
        "median": 69329.69715801705,
        "min": 11489,
        "max": 2071293,
        "variance_ns2": 367201469532.31384,
        "iqr_ns": 584808.7447015236,
        "q1_ns": 24997.232368827164,
        "q3_ns": 609805.9770703508
      },
      "futex_op_counts": {
        "128": 22
      },
      "first_seen_ts_ns": 533967476669,
      "last_seen_ts_ns": 533970858461
    },
    {
      "tgid": 13032,
      "comm": "csi-node-driver",
      "cgroup_id": 8532,
      "wait_duration_stats_ns": {
        "count": 22.0,
        "sum": 9495467.0,
        "mean": 431612.13636363635,
        "median": 152974.6344480525,
        "min": 13866,
        "max": 1794580,
        "variance_ns2": 328688899822.02814,
        "iqr_ns": 595068.7852622886,
        "q1_ns": 50627.0555067091,
        "q3_ns": 645695.8407689978
      },
      "futex_op_counts": {
        "128": 22
      },
      "first_seen_ts_ns": 543993862125,
      "last_seen_ts_ns": 543997104407
    },
    {
      "tgid": 12740,
      "comm": "csi-node-driver",
      "cgroup_id": 8532,
      "wait_duration_stats_ns": {
        "count": 22.0,
        "sum": 9447032.999999998,
        "mean": 429410.5909090908,
        "median": 105196.32357395104,
        "min": 14797,
        "max": 1836983,
        "variance_ns2": 319197871697.30084,
        "iqr_ns": 463793.634626893,
        "q1_ns": 24504.180117514767,
        "q3_ns": 488297.8147444077
      },
      "futex_op_counts": {
        "128": 22
      },
      "first_seen_ts_ns": 483921371276,
      "last_seen_ts_ns": 483924616872
    },
    {
      "tgid": 12989,
      "comm": "csi-node-driver",
      "cgroup_id": 8532,
      "wait_duration_stats_ns": {
        "count": 24.0,
        "sum": 8410806.0,
        "mean": 350450.25,
        "median": 55107.066993619796,
        "min": 482,
        "max": 1677562,
        "variance_ns2": 367015145472.2826,
        "iqr_ns": 379161.61048588925,
        "q1_ns": 13780.871565873018,
        "q3_ns": 392942.4820517623
      },
      "futex_op_counts": {
        "128": 24
      },
      "first_seen_ts_ns": 523959656127,
      "last_seen_ts_ns": 523963225398
    },
    {
      "tgid": 12363,
      "comm": "flux-broker-5",
      "cgroup_id": 10047,
      "wait_duration_stats_ns": {
        "count": 140.0,
        "sum": 1954403.0000000002,
        "mean": 13960.02142857143,
        "median": 1817.4719630909726,
        "min": 364,
        "max": 973848,
        "variance_ns2": 6902511350.222561,
        "iqr_ns": 2812.4794405805706,
        "q1_ns": 501.4215406209121,
        "q3_ns": 3313.900981201483
      },
      "futex_op_counts": {
        "128": 140
      },
      "first_seen_ts_ns": 483700776110,
      "last_seen_ts_ns": 551986683147
    },
    {
      "tgid": 12363,
      "comm": "ZMQbg/Reaper",
      "cgroup_id": 10047,
      "wait_duration_stats_ns": {
        "count": 1.0,
        "sum": 35886.0,
        "mean": 35886.0,
        "median": 35886.0,
        "min": 35886,
        "max": 35886,
        "variance_ns2": null,
        "iqr_ns": 0.0,
        "q1_ns": 35886.0,
        "q3_ns": 35886.0
      },
      "futex_op_counts": {
        "128": 1
      },
      "first_seen_ts_ns": 551987700374,
      "last_seen_ts_ns": 551987700374
    },
    {
      "tgid": 12712,
      "comm": "lmp",
      "cgroup_id": 10047,
      "wait_duration_stats_ns": {
        "count": 1.0,
        "sum": 17755.0,
        "mean": 17755.0,
        "median": 17755.0,
        "min": 17755,
        "max": 17755,
        "variance_ns2": null,
        "iqr_ns": 0.0,
        "q1_ns": 17755.0,
        "q3_ns": 17755.0
      },
      "futex_op_counts": {
        "128": 1
      },
      "first_seen_ts_ns": 547613012591,
      "last_seen_ts_ns": 547613012591
    },
    {
      "tgid": 841,
      "comm": "multipathd",
      "cgroup_id": 1702,
      "wait_duration_stats_ns": {
        "count": 5.0,
        "sum": 16907.0,
        "mean": 3381.4,
        "median": 2758.0,
        "min": 2477,
        "max": 5209,
        "variance_ns2": 1261910.3,
        "iqr_ns": 955.0,
        "q1_ns": 2754.0,
        "q3_ns": 3709.0
      },
      "futex_op_counts": {
        "128": 5
      },
      "first_seen_ts_ns": 503687049726,
      "last_seen_ts_ns": 542689353985
    },
    {
      "tgid": 12807,
      "comm": "lmp",
      "cgroup_id": 10047,
      "wait_duration_stats_ns": {
        "count": 1.0,
        "sum": 9382.0,
        "mean": 9382.0,
        "median": 9382.0,
        "min": 9382,
        "max": 9382,
        "variance_ns2": null,
        "iqr_ns": 0.0,
        "q1_ns": 9382.0,
        "q3_ns": 9382.0
      },
      "futex_op_counts": {
        "128": 1
      },
      "first_seen_ts_ns": 547617068804,
      "last_seen_ts_ns": 547617068804
    },
    {
      "tgid": 12795,
      "comm": "lmp",
      "cgroup_id": 10047,
      "wait_duration_stats_ns": {
        "count": 1.0,
        "sum": 8706.0,
        "mean": 8706.0,
        "median": 8706.0,
        "min": 8706,
        "max": 8706,
        "variance_ns2": null,
        "iqr_ns": 0.0,
        "q1_ns": 8706.0,
        "q3_ns": 8706.0
      },
      "futex_op_counts": {
        "128": 1
      },
      "first_seen_ts_ns": 547612865108,
      "last_seen_ts_ns": 547612865108
    },
    {
      "tgid": 12793,
      "comm": "lmp",
      "cgroup_id": 10047,
      "wait_duration_stats_ns": {
        "count": 1.0,
        "sum": 8701.0,
        "mean": 8701.0,
        "median": 8701.0,
        "min": 8701,
        "max": 8701,
        "variance_ns2": null,
        "iqr_ns": 0.0,
        "q1_ns": 8701.0,
        "q3_ns": 8701.0
      },
      "futex_op_counts": {
        "128": 1
      },
      "first_seen_ts_ns": 547612883032,
      "last_seen_ts_ns": 547612883032
    },
    {
      "tgid": 12785,
      "comm": "lmp",
      "cgroup_id": 10047,
      "wait_duration_stats_ns": {
        "count": 1.0,
        "sum": 8591.0,
        "mean": 8591.0,
        "median": 8591.0,
        "min": 8591,
        "max": 8591,
        "variance_ns2": null,
        "iqr_ns": 0.0,
        "q1_ns": 8591.0,
        "q3_ns": 8591.0
      },
      "futex_op_counts": {
        "128": 1
      },
      "first_seen_ts_ns": 547613362108,
      "last_seen_ts_ns": 547613362108
    },
    {
      "tgid": 12823,
      "comm": "lmp",
      "cgroup_id": 10047,
      "wait_duration_stats_ns": {
        "count": 1.0,
        "sum": 8488.0,
        "mean": 8488.0,
        "median": 8488.0,
        "min": 8488,
        "max": 8488,
        "variance_ns2": null,
        "iqr_ns": 0.0,
        "q1_ns": 8488.0,
        "q3_ns": 8488.0
      },
      "futex_op_counts": {
        "128": 1
      },
      "first_seen_ts_ns": 547612675550,
      "last_seen_ts_ns": 547612675550
    },
    {
      "tgid": 12700,
      "comm": "lmp",
      "cgroup_id": 10047,
      "wait_duration_stats_ns": {
        "count": 1.0,
        "sum": 8470.0,
        "mean": 8470.0,
        "median": 8470.0,
        "min": 8470,
        "max": 8470,
        "variance_ns2": null,
        "iqr_ns": 0.0,
        "q1_ns": 8470.0,
        "q3_ns": 8470.0
      },
      "futex_op_counts": {
        "128": 1
      },
      "first_seen_ts_ns": 547613560202,
      "last_seen_ts_ns": 547613560202
    },
    {
      "tgid": 12791,
      "comm": "lmp",
      "cgroup_id": 10047,
      "wait_duration_stats_ns": {
        "count": 1.0,
        "sum": 8440.0,
        "mean": 8440.0,
        "median": 8440.0,
        "min": 8440,
        "max": 8440,
        "variance_ns2": null,
        "iqr_ns": 0.0,
        "q1_ns": 8440.0,
        "q3_ns": 8440.0
      },
      "futex_op_counts": {
        "128": 1
      },
      "first_seen_ts_ns": 547612801122,
      "last_seen_ts_ns": 547612801122
    },
    {
      "tgid": 12837,
      "comm": "lmp",
      "cgroup_id": 10047,
      "wait_duration_stats_ns": {
        "count": 1.0,
        "sum": 8433.0,
        "mean": 8433.0,
        "median": 8433.0,
        "min": 8433,
        "max": 8433,
        "variance_ns2": null,
        "iqr_ns": 0.0,
        "q1_ns": 8433.0,
        "q3_ns": 8433.0
      },
      "futex_op_counts": {
        "128": 1
      },
      "first_seen_ts_ns": 547613709591,
      "last_seen_ts_ns": 547613709591
    },
    {
      "tgid": 12825,
      "comm": "lmp",
      "cgroup_id": 10047,
      "wait_duration_stats_ns": {
        "count": 1.0,
        "sum": 8398.0,
        "mean": 8398.0,
        "median": 8398.0,
        "min": 8398,
        "max": 8398,
        "variance_ns2": null,
        "iqr_ns": 0.0,
        "q1_ns": 8398.0,
        "q3_ns": 8398.0
      },
      "futex_op_counts": {
        "128": 1
      },
      "first_seen_ts_ns": 547612675538,
      "last_seen_ts_ns": 547612675538
    },
    {
      "tgid": 12799,
      "comm": "lmp",
      "cgroup_id": 10047,
      "wait_duration_stats_ns": {
        "count": 1.0,
        "sum": 8396.0,
        "mean": 8396.0,
        "median": 8396.0,
        "min": 8396,
        "max": 8396,
        "variance_ns2": null,
        "iqr_ns": 0.0,
        "q1_ns": 8396.0,
        "q3_ns": 8396.0
      },
      "futex_op_counts": {
        "128": 1
      },
      "first_seen_ts_ns": 547612784232,
      "last_seen_ts_ns": 547612784232
    },
    {
      "tgid": 12736,
      "comm": "lmp",
      "cgroup_id": 10047,
      "wait_duration_stats_ns": {
        "count": 1.0,
        "sum": 8359.0,
        "mean": 8359.0,
        "median": 8359.0,
        "min": 8359,
        "max": 8359,
        "variance_ns2": null,
        "iqr_ns": 0.0,
        "q1_ns": 8359.0,
        "q3_ns": 8359.0
      },
      "futex_op_counts": {
        "128": 1
      },
      "first_seen_ts_ns": 547612693522,
      "last_seen_ts_ns": 547612693522
    },
    {
      "tgid": 12813,
      "comm": "lmp",
      "cgroup_id": 10047,
      "wait_duration_stats_ns": {
        "count": 1.0,
        "sum": 8348.0,
        "mean": 8348.0,
        "median": 8348.0,
        "min": 8348,
        "max": 8348,
        "variance_ns2": null,
        "iqr_ns": 0.0,
        "q1_ns": 8348.0,
        "q3_ns": 8348.0
      },
      "futex_op_counts": {
        "128": 1
      },
      "first_seen_ts_ns": 547613798286,
      "last_seen_ts_ns": 547613798286
    },
    {
      "tgid": 12849,
      "comm": "lmp",
      "cgroup_id": 10047,
      "wait_duration_stats_ns": {
        "count": 1.0,
        "sum": 8329.0,
        "mean": 8329.0,
        "median": 8329.0,
        "min": 8329,
        "max": 8329,
        "variance_ns2": null,
        "iqr_ns": 0.0,
        "q1_ns": 8329.0,
        "q3_ns": 8329.0
      },
      "futex_op_counts": {
        "128": 1
      },
      "first_seen_ts_ns": 547612675461,
      "last_seen_ts_ns": 547612675461
    },
    {
      "tgid": 12829,
      "comm": "lmp",
      "cgroup_id": 10047,
      "wait_duration_stats_ns": {
        "count": 1.0,
        "sum": 8317.0,
        "mean": 8317.0,
        "median": 8317.0,
        "min": 8317,
        "max": 8317,
        "variance_ns2": null,
        "iqr_ns": 0.0,
        "q1_ns": 8317.0,
        "q3_ns": 8317.0
      },
      "futex_op_counts": {
        "128": 1
      },
      "first_seen_ts_ns": 547613694158,
      "last_seen_ts_ns": 547613694158
    },
    {
      "tgid": 12683,
      "comm": "lmp",
      "cgroup_id": 10047,
      "wait_duration_stats_ns": {
        "count": 1.0,
        "sum": 8311.0,
        "mean": 8311.0,
        "median": 8311.0,
        "min": 8311,
        "max": 8311,
        "variance_ns2": null,
        "iqr_ns": 0.0,
        "q1_ns": 8311.0,
        "q3_ns": 8311.0
      },
      "futex_op_counts": {
        "128": 1
      },
      "first_seen_ts_ns": 547613494325,
      "last_seen_ts_ns": 547613494325
    },
    {
      "tgid": 12815,
      "comm": "lmp",
      "cgroup_id": 10047,
      "wait_duration_stats_ns": {
        "count": 1.0,
        "sum": 8306.0,
        "mean": 8306.0,
        "median": 8306.0,
        "min": 8306,
        "max": 8306,
        "variance_ns2": null,
        "iqr_ns": 0.0,
        "q1_ns": 8306.0,
        "q3_ns": 8306.0
      },
      "futex_op_counts": {
        "128": 1
      },
      "first_seen_ts_ns": 547612663798,
      "last_seen_ts_ns": 547612663798
    },
    {
      "tgid": 12797,
      "comm": "lmp",
      "cgroup_id": 10047,
      "wait_duration_stats_ns": {
        "count": 1.0,
        "sum": 8249.0,
        "mean": 8249.0,
        "median": 8249.0,
        "min": 8249,
        "max": 8249,
        "variance_ns2": null,
        "iqr_ns": 0.0,
        "q1_ns": 8249.0,
        "q3_ns": 8249.0
      },
      "futex_op_counts": {
        "128": 1
      },
      "first_seen_ts_ns": 547612647452,
      "last_seen_ts_ns": 547612647452
    },
    {
      "tgid": 12857,
      "comm": "lmp",
      "cgroup_id": 10047,
      "wait_duration_stats_ns": {
        "count": 1.0,
        "sum": 8172.0,
        "mean": 8172.0,
        "median": 8172.0,
        "min": 8172,
        "max": 8172,
        "variance_ns2": null,
        "iqr_ns": 0.0,
        "q1_ns": 8172.0,
        "q3_ns": 8172.0
      },
      "futex_op_counts": {
        "128": 1
      },
      "first_seen_ts_ns": 547611178758,
      "last_seen_ts_ns": 547611178758
    },
    {
      "tgid": 12827,
      "comm": "lmp",
      "cgroup_id": 10047,
      "wait_duration_stats_ns": {
        "count": 1.0,
        "sum": 8169.0,
        "mean": 8169.0,
        "median": 8169.0,
        "min": 8169,
        "max": 8169,
        "variance_ns2": null,
        "iqr_ns": 0.0,
        "q1_ns": 8169.0,
        "q3_ns": 8169.0
      },
      "futex_op_counts": {
        "128": 1
      },
      "first_seen_ts_ns": 547613645754,
      "last_seen_ts_ns": 547613645754
    },
    {
      "tgid": 12789,
      "comm": "lmp",
      "cgroup_id": 10047,
      "wait_duration_stats_ns": {
        "count": 1.0,
        "sum": 8139.0,
        "mean": 8139.0,
        "median": 8139.0,
        "min": 8139,
        "max": 8139,
        "variance_ns2": null,
        "iqr_ns": 0.0,
        "q1_ns": 8139.0,
        "q3_ns": 8139.0
      },
      "futex_op_counts": {
        "128": 1
      },
      "first_seen_ts_ns": 547613664131,
      "last_seen_ts_ns": 547613664131
    },
    {
      "tgid": 12720,
      "comm": "lmp",
      "cgroup_id": 10047,
      "wait_duration_stats_ns": {
        "count": 1.0,
        "sum": 8134.0,
        "mean": 8134.0,
        "median": 8134.0,
        "min": 8134,
        "max": 8134,
        "variance_ns2": null,
        "iqr_ns": 0.0,
        "q1_ns": 8134.0,
        "q3_ns": 8134.0
      },
      "futex_op_counts": {
        "128": 1
      },
      "first_seen_ts_ns": 547613043468,
      "last_seen_ts_ns": 547613043468
    },
    {
      "tgid": 12704,
      "comm": "lmp",
      "cgroup_id": 10047,
      "wait_duration_stats_ns": {
        "count": 1.0,
        "sum": 8050.0,
        "mean": 8050.0,
        "median": 8050.0,
        "min": 8050,
        "max": 8050,
        "variance_ns2": null,
        "iqr_ns": 0.0,
        "q1_ns": 8050.0,
        "q3_ns": 8050.0
      },
      "futex_op_counts": {
        "128": 1
      },
      "first_seen_ts_ns": 547613060010,
      "last_seen_ts_ns": 547613060010
    },
    {
      "tgid": 12867,
      "comm": "lmp",
      "cgroup_id": 10047,
      "wait_duration_stats_ns": {
        "count": 1.0,
        "sum": 8008.0,
        "mean": 8008.0,
        "median": 8008.0,
        "min": 8008,
        "max": 8008,
        "variance_ns2": null,
        "iqr_ns": 0.0,
        "q1_ns": 8008.0,
        "q3_ns": 8008.0
      },
      "futex_op_counts": {
        "128": 1
      },
      "first_seen_ts_ns": 547611646762,
      "last_seen_ts_ns": 547611646762
    },
    {
      "tgid": 12811,
      "comm": "lmp",
      "cgroup_id": 10047,
      "wait_duration_stats_ns": {
        "count": 1.0,
        "sum": 7995.0,
        "mean": 7995.0,
        "median": 7995.0,
        "min": 7995,
        "max": 7995,
        "variance_ns2": null,
        "iqr_ns": 0.0,
        "q1_ns": 7995.0,
        "q3_ns": 7995.0
      },
      "futex_op_counts": {
        "128": 1
      },
      "first_seen_ts_ns": 547613767041,
      "last_seen_ts_ns": 547613767041
    },
    {
      "tgid": 12801,
      "comm": "lmp",
      "cgroup_id": 10047,
      "wait_duration_stats_ns": {
        "count": 1.0,
        "sum": 7985.0,
        "mean": 7985.0,
        "median": 7985.0,
        "min": 7985,
        "max": 7985,
        "variance_ns2": null,
        "iqr_ns": 0.0,
        "q1_ns": 7985.0,
        "q3_ns": 7985.0
      },
      "futex_op_counts": {
        "128": 1
      },
      "first_seen_ts_ns": 547613630456,
      "last_seen_ts_ns": 547613630456
    },
    {
      "tgid": 12819,
      "comm": "lmp",
      "cgroup_id": 10047,
      "wait_duration_stats_ns": {
        "count": 1.0,
        "sum": 7980.0,
        "mean": 7980.0,
        "median": 7980.0,
        "min": 7980,
        "max": 7980,
        "variance_ns2": null,
        "iqr_ns": 0.0,
        "q1_ns": 7980.0,
        "q3_ns": 7980.0
      },
      "futex_op_counts": {
        "128": 1
      },
      "first_seen_ts_ns": 547613739098,
      "last_seen_ts_ns": 547613739098
    },
    {
      "tgid": 12748,
      "comm": "lmp",
      "cgroup_id": 10047,
      "wait_duration_stats_ns": {
        "count": 1.0,
        "sum": 7963.0,
        "mean": 7963.0,
        "median": 7963.0,
        "min": 7963,
        "max": 7963,
        "variance_ns2": null,
        "iqr_ns": 0.0,
        "q1_ns": 7963.0,
        "q3_ns": 7963.0
      },
      "futex_op_counts": {
        "128": 1
      },
      "first_seen_ts_ns": 547612710952,
      "last_seen_ts_ns": 547612710952
    },
    {
      "tgid": 12803,
      "comm": "lmp",
      "cgroup_id": 10047,
      "wait_duration_stats_ns": {
        "count": 1.0,
        "sum": 7913.0,
        "mean": 7913.0,
        "median": 7913.0,
        "min": 7913,
        "max": 7913,
        "variance_ns2": null,
        "iqr_ns": 0.0,
        "q1_ns": 7913.0,
        "q3_ns": 7913.0
      },
      "futex_op_counts": {
        "128": 1
      },
      "first_seen_ts_ns": 547613782247,
      "last_seen_ts_ns": 547613782247
    },
    {
      "tgid": 12845,
      "comm": "lmp",
      "cgroup_id": 10047,
      "wait_duration_stats_ns": {
        "count": 1.0,
        "sum": 7882.0,
        "mean": 7882.0,
        "median": 7882.0,
        "min": 7882,
        "max": 7882,
        "variance_ns2": null,
        "iqr_ns": 0.0,
        "q1_ns": 7882.0,
        "q3_ns": 7882.0
      },
      "futex_op_counts": {
        "128": 1
      },
      "first_seen_ts_ns": 547612663903,
      "last_seen_ts_ns": 547612663903
    },
    {
      "tgid": 12687,
      "comm": "lmp",
      "cgroup_id": 10047,
      "wait_duration_stats_ns": {
        "count": 1.0,
        "sum": 7864.0,
        "mean": 7864.0,
        "median": 7864.0,
        "min": 7864,
        "max": 7864,
        "variance_ns2": null,
        "iqr_ns": 0.0,
        "q1_ns": 7864.0,
        "q3_ns": 7864.0
      },
      "futex_op_counts": {
        "128": 1
      },
      "first_seen_ts_ns": 547612904092,
      "last_seen_ts_ns": 547612904092
    },
    {
      "tgid": 12847,
      "comm": "lmp",
      "cgroup_id": 10047,
      "wait_duration_stats_ns": {
        "count": 1.0,
        "sum": 7857.0,
        "mean": 7857.0,
        "median": 7857.0,
        "min": 7857,
        "max": 7857,
        "variance_ns2": null,
        "iqr_ns": 0.0,
        "q1_ns": 7857.0,
        "q3_ns": 7857.0
      },
      "futex_op_counts": {
        "128": 1
      },
      "first_seen_ts_ns": 547613471978,
      "last_seen_ts_ns": 547613471978
    },
    {
      "tgid": 12708,
      "comm": "lmp",
      "cgroup_id": 10047,
      "wait_duration_stats_ns": {
        "count": 1.0,
        "sum": 7843.0,
        "mean": 7843.0,
        "median": 7843.0,
        "min": 7843,
        "max": 7843,
        "variance_ns2": null,
        "iqr_ns": 0.0,
        "q1_ns": 7843.0,
        "q3_ns": 7843.0
      },
      "futex_op_counts": {
        "128": 1
      },
      "first_seen_ts_ns": 547607970346,
      "last_seen_ts_ns": 547607970346
    },
    {
      "tgid": 12787,
      "comm": "lmp",
      "cgroup_id": 10047,
      "wait_duration_stats_ns": {
        "count": 1.0,
        "sum": 7804.0,
        "mean": 7804.0,
        "median": 7804.0,
        "min": 7804,
        "max": 7804,
        "variance_ns2": null,
        "iqr_ns": 0.0,
        "q1_ns": 7804.0,
        "q3_ns": 7804.0
      },
      "futex_op_counts": {
        "128": 1
      },
      "first_seen_ts_ns": 547612848922,
      "last_seen_ts_ns": 547612848922
    },
    {
      "tgid": 12723,
      "comm": "lmp",
      "cgroup_id": 10047,
      "wait_duration_stats_ns": {
        "count": 1.0,
        "sum": 7772.0,
        "mean": 7772.0,
        "median": 7772.0,
        "min": 7772,
        "max": 7772,
        "variance_ns2": null,
        "iqr_ns": 0.0,
        "q1_ns": 7772.0,
        "q3_ns": 7772.0
      },
      "futex_op_counts": {
        "128": 1
      },
      "first_seen_ts_ns": 547613271872,
      "last_seen_ts_ns": 547613271872
    },
    {
      "tgid": 12843,
      "comm": "lmp",
      "cgroup_id": 10047,
      "wait_duration_stats_ns": {
        "count": 1.0,
        "sum": 7762.0,
        "mean": 7762.0,
        "median": 7762.0,
        "min": 7762,
        "max": 7762,
        "variance_ns2": null,
        "iqr_ns": 0.0,
        "q1_ns": 7762.0,
        "q3_ns": 7762.0
      },
      "futex_op_counts": {
        "128": 1
      },
      "first_seen_ts_ns": 547617099638,
      "last_seen_ts_ns": 547617099638
    },
    {
      "tgid": 12680,
      "comm": "lmp",
      "cgroup_id": 10047,
      "wait_duration_stats_ns": {
        "count": 1.0,
        "sum": 7745.0,
        "mean": 7745.0,
        "median": 7745.0,
        "min": 7745,
        "max": 7745,
        "variance_ns2": null,
        "iqr_ns": 0.0,
        "q1_ns": 7745.0,
        "q3_ns": 7745.0
      },
      "futex_op_counts": {
        "128": 1
      },
      "first_seen_ts_ns": 547612984286,
      "last_seen_ts_ns": 547612984286
    },
    {
      "tgid": 12853,
      "comm": "lmp",
      "cgroup_id": 10047,
      "wait_duration_stats_ns": {
        "count": 1.0,
        "sum": 7731.0,
        "mean": 7731.0,
        "median": 7731.0,
        "min": 7731,
        "max": 7731,
        "variance_ns2": null,
        "iqr_ns": 0.0,
        "q1_ns": 7731.0,
        "q3_ns": 7731.0
      },
      "futex_op_counts": {
        "128": 1
      },
      "first_seen_ts_ns": 547611168145,
      "last_seen_ts_ns": 547611168145
    },
    {
      "tgid": 12859,
      "comm": "lmp",
      "cgroup_id": 10047,
      "wait_duration_stats_ns": {
        "count": 1.0,
        "sum": 7720.0,
        "mean": 7720.0,
        "median": 7720.0,
        "min": 7720,
        "max": 7720,
        "variance_ns2": null,
        "iqr_ns": 0.0,
        "q1_ns": 7720.0,
        "q3_ns": 7720.0
      },
      "futex_op_counts": {
        "128": 1
      },
      "first_seen_ts_ns": 547612642936,
      "last_seen_ts_ns": 547612642936
    },
    {
      "tgid": 12821,
      "comm": "lmp",
      "cgroup_id": 10047,
      "wait_duration_stats_ns": {
        "count": 1.0,
        "sum": 7710.0,
        "mean": 7710.0,
        "median": 7710.0,
        "min": 7710,
        "max": 7710,
        "variance_ns2": null,
        "iqr_ns": 0.0,
        "q1_ns": 7710.0,
        "q3_ns": 7710.0
      },
      "futex_op_counts": {
        "128": 1
      },
      "first_seen_ts_ns": 547613751474,
      "last_seen_ts_ns": 547613751474
    },
    {
      "tgid": 12851,
      "comm": "lmp",
      "cgroup_id": 10047,
      "wait_duration_stats_ns": {
        "count": 1.0,
        "sum": 7690.0,
        "mean": 7690.0,
        "median": 7690.0,
        "min": 7690,
        "max": 7690,
        "variance_ns2": null,
        "iqr_ns": 0.0,
        "q1_ns": 7690.0,
        "q3_ns": 7690.0
      },
      "futex_op_counts": {
        "128": 1
      },
      "first_seen_ts_ns": 547613535836,
      "last_seen_ts_ns": 547613535836
    },
    {
      "tgid": 12777,
      "comm": "lmp",
      "cgroup_id": 10047,
      "wait_duration_stats_ns": {
        "count": 1.0,
        "sum": 7684.0,
        "mean": 7684.0,
        "median": 7684.0,
        "min": 7684,
        "max": 7684,
        "variance_ns2": null,
        "iqr_ns": 0.0,
        "q1_ns": 7684.0,
        "q3_ns": 7684.0
      },
      "futex_op_counts": {
        "128": 1
      },
      "first_seen_ts_ns": 547612831882,
      "last_seen_ts_ns": 547612831882
    },
    {
      "tgid": 12841,
      "comm": "lmp",
      "cgroup_id": 10047,
      "wait_duration_stats_ns": {
        "count": 1.0,
        "sum": 7682.0,
        "mean": 7682.0,
        "median": 7682.0,
        "min": 7682,
        "max": 7682,
        "variance_ns2": null,
        "iqr_ns": 0.0,
        "q1_ns": 7682.0,
        "q3_ns": 7682.0
      },
      "futex_op_counts": {
        "128": 1
      },
      "first_seen_ts_ns": 547612657850,
      "last_seen_ts_ns": 547612657850
    },
    {
      "tgid": 12771,
      "comm": "lmp",
      "cgroup_id": 10047,
      "wait_duration_stats_ns": {
        "count": 1.0,
        "sum": 7668.0,
        "mean": 7668.0,
        "median": 7668.0,
        "min": 7668,
        "max": 7668,
        "variance_ns2": null,
        "iqr_ns": 0.0,
        "q1_ns": 7668.0,
        "q3_ns": 7668.0
      },
      "futex_op_counts": {
        "128": 1
      },
      "first_seen_ts_ns": 547612763872,
      "last_seen_ts_ns": 547612763872
    },
    {
      "tgid": 12809,
      "comm": "lmp",
      "cgroup_id": 10047,
      "wait_duration_stats_ns": {
        "count": 1.0,
        "sum": 7653.0,
        "mean": 7653.0,
        "median": 7653.0,
        "min": 7653,
        "max": 7653,
        "variance_ns2": null,
        "iqr_ns": 0.0,
        "q1_ns": 7653.0,
        "q3_ns": 7653.0
      },
      "futex_op_counts": {
        "128": 1
      },
      "first_seen_ts_ns": 547612606356,
      "last_seen_ts_ns": 547612606356
    },
    {
      "tgid": 12765,
      "comm": "lmp",
      "cgroup_id": 10047,
      "wait_duration_stats_ns": {
        "count": 1.0,
        "sum": 7634.0,
        "mean": 7634.0,
        "median": 7634.0,
        "min": 7634,
        "max": 7634,
        "variance_ns2": null,
        "iqr_ns": 0.0,
        "q1_ns": 7634.0,
        "q3_ns": 7634.0
      },
      "futex_op_counts": {
        "128": 1
      },
      "first_seen_ts_ns": 547613319948,
      "last_seen_ts_ns": 547613319948
    },
    {
      "tgid": 12763,
      "comm": "lmp",
      "cgroup_id": 10047,
      "wait_duration_stats_ns": {
        "count": 1.0,
        "sum": 7609.0,
        "mean": 7609.0,
        "median": 7609.0,
        "min": 7609,
        "max": 7609,
        "variance_ns2": null,
        "iqr_ns": 0.0,
        "q1_ns": 7609.0,
        "q3_ns": 7609.0
      },
      "futex_op_counts": {
        "128": 1
      },
      "first_seen_ts_ns": 547612746706,
      "last_seen_ts_ns": 547612746706
    },
    {
      "tgid": 12831,
      "comm": "lmp",
      "cgroup_id": 10047,
      "wait_duration_stats_ns": {
        "count": 1.0,
        "sum": 7595.0,
        "mean": 7595.0,
        "median": 7595.0,
        "min": 7595,
        "max": 7595,
        "variance_ns2": null,
        "iqr_ns": 0.0,
        "q1_ns": 7595.0,
        "q3_ns": 7595.0
      },
      "futex_op_counts": {
        "128": 1
      },
      "first_seen_ts_ns": 547613680180,
      "last_seen_ts_ns": 547613680180
    },
    {
      "tgid": 12692,
      "comm": "lmp",
      "cgroup_id": 10047,
      "wait_duration_stats_ns": {
        "count": 1.0,
        "sum": 7590.0,
        "mean": 7590.0,
        "median": 7590.0,
        "min": 7590,
        "max": 7590,
        "variance_ns2": null,
        "iqr_ns": 0.0,
        "q1_ns": 7590.0,
        "q3_ns": 7590.0
      },
      "futex_op_counts": {
        "128": 1
      },
      "first_seen_ts_ns": 547613509968,
      "last_seen_ts_ns": 547613509968
    },
    {
      "tgid": 12863,
      "comm": "lmp",
      "cgroup_id": 10047,
      "wait_duration_stats_ns": {
        "count": 1.0,
        "sum": 7586.0,
        "mean": 7586.0,
        "median": 7586.0,
        "min": 7586,
        "max": 7586,
        "variance_ns2": null,
        "iqr_ns": 0.0,
        "q1_ns": 7586.0,
        "q3_ns": 7586.0
      },
      "futex_op_counts": {
        "128": 1
      },
      "first_seen_ts_ns": 547613583652,
      "last_seen_ts_ns": 547613583652
    },
    {
      "tgid": 12679,
      "comm": "lmp",
      "cgroup_id": 10047,
      "wait_duration_stats_ns": {
        "count": 1.0,
        "sum": 7564.0,
        "mean": 7564.0,
        "median": 7564.0,
        "min": 7564,
        "max": 7564,
        "variance_ns2": null,
        "iqr_ns": 0.0,
        "q1_ns": 7564.0,
        "q3_ns": 7564.0
      },
      "futex_op_counts": {
        "128": 1
      },
      "first_seen_ts_ns": 547612952184,
      "last_seen_ts_ns": 547612952184
    },
    {
      "tgid": 12835,
      "comm": "lmp",
      "cgroup_id": 10047,
      "wait_duration_stats_ns": {
        "count": 1.0,
        "sum": 7551.0,
        "mean": 7551.0,
        "median": 7551.0,
        "min": 7551,
        "max": 7551,
        "variance_ns2": null,
        "iqr_ns": 0.0,
        "q1_ns": 7551.0,
        "q3_ns": 7551.0
      },
      "futex_op_counts": {
        "128": 1
      },
      "first_seen_ts_ns": 547612657624,
      "last_seen_ts_ns": 547612657624
    },
    {
      "tgid": 12710,
      "comm": "lmp",
      "cgroup_id": 10047,
      "wait_duration_stats_ns": {
        "count": 1.0,
        "sum": 7544.0,
        "mean": 7544.0,
        "median": 7544.0,
        "min": 7544,
        "max": 7544,
        "variance_ns2": null,
        "iqr_ns": 0.0,
        "q1_ns": 7544.0,
        "q3_ns": 7544.0
      },
      "futex_op_counts": {
        "128": 1
      },
      "first_seen_ts_ns": 547607878276,
      "last_seen_ts_ns": 547607878276
    },
    {
      "tgid": 12732,
      "comm": "lmp",
      "cgroup_id": 10047,
      "wait_duration_stats_ns": {
        "count": 1.0,
        "sum": 7527.0,
        "mean": 7527.0,
        "median": 7527.0,
        "min": 7527,
        "max": 7527,
        "variance_ns2": null,
        "iqr_ns": 0.0,
        "q1_ns": 7527.0,
        "q3_ns": 7527.0
      },
      "futex_op_counts": {
        "128": 1
      },
      "first_seen_ts_ns": 547613268981,
      "last_seen_ts_ns": 547613268981
    },
    {
      "tgid": 12750,
      "comm": "lmp",
      "cgroup_id": 10047,
      "wait_duration_stats_ns": {
        "count": 1.0,
        "sum": 7526.0,
        "mean": 7526.0,
        "median": 7526.0,
        "min": 7526,
        "max": 7526,
        "variance_ns2": null,
        "iqr_ns": 0.0,
        "q1_ns": 7526.0,
        "q3_ns": 7526.0
      },
      "futex_op_counts": {
        "128": 1
      },
      "first_seen_ts_ns": 547613112294,
      "last_seen_ts_ns": 547613112294
    },
    {
      "tgid": 12865,
      "comm": "lmp",
      "cgroup_id": 10047,
      "wait_duration_stats_ns": {
        "count": 1.0,
        "sum": 7491.0,
        "mean": 7491.0,
        "median": 7491.0,
        "min": 7491,
        "max": 7491,
        "variance_ns2": null,
        "iqr_ns": 0.0,
        "q1_ns": 7491.0,
        "q3_ns": 7491.0
      },
      "futex_op_counts": {
        "128": 1
      },
      "first_seen_ts_ns": 547613616488,
      "last_seen_ts_ns": 547613616488
    },
    {
      "tgid": 12698,
      "comm": "lmp",
      "cgroup_id": 10047,
      "wait_duration_stats_ns": {
        "count": 1.0,
        "sum": 7489.0,
        "mean": 7489.0,
        "median": 7489.0,
        "min": 7489,
        "max": 7489,
        "variance_ns2": null,
        "iqr_ns": 0.0,
        "q1_ns": 7489.0,
        "q3_ns": 7489.0
      },
      "futex_op_counts": {
        "128": 1
      },
      "first_seen_ts_ns": 547612920625,
      "last_seen_ts_ns": 547612920625
    },
    {
      "tgid": 12756,
      "comm": "lmp",
      "cgroup_id": 10047,
      "wait_duration_stats_ns": {
        "count": 1.0,
        "sum": 7489.0,
        "mean": 7489.0,
        "median": 7489.0,
        "min": 7489,
        "max": 7489,
        "variance_ns2": null,
        "iqr_ns": 0.0,
        "q1_ns": 7489.0,
        "q3_ns": 7489.0
      },
      "futex_op_counts": {
        "128": 1
      },
      "first_seen_ts_ns": 547613337721,
      "last_seen_ts_ns": 547613337721
    },
    {
      "tgid": 12817,
      "comm": "lmp",
      "cgroup_id": 10047,
      "wait_duration_stats_ns": {
        "count": 1.0,
        "sum": 7489.0,
        "mean": 7489.0,
        "median": 7489.0,
        "min": 7489,
        "max": 7489,
        "variance_ns2": null,
        "iqr_ns": 0.0,
        "q1_ns": 7489.0,
        "q3_ns": 7489.0
      },
      "futex_op_counts": {
        "128": 1
      },
      "first_seen_ts_ns": 547613723599,
      "last_seen_ts_ns": 547613723599
    },
    {
      "tgid": 12769,
      "comm": "lmp",
      "cgroup_id": 10047,
      "wait_duration_stats_ns": {
        "count": 1.0,
        "sum": 7453.0,
        "mean": 7453.0,
        "median": 7453.0,
        "min": 7453,
        "max": 7453,
        "variance_ns2": null,
        "iqr_ns": 0.0,
        "q1_ns": 7453.0,
        "q3_ns": 7453.0
      },
      "futex_op_counts": {
        "128": 1
      },
      "first_seen_ts_ns": 547613413727,
      "last_seen_ts_ns": 547613413727
    },
    {
      "tgid": 12805,
      "comm": "lmp",
      "cgroup_id": 10047,
      "wait_duration_stats_ns": {
        "count": 1.0,
        "sum": 7441.0,
        "mean": 7441.0,
        "median": 7441.0,
        "min": 7441,
        "max": 7441,
        "variance_ns2": null,
        "iqr_ns": 0.0,
        "q1_ns": 7441.0,
        "q3_ns": 7441.0
      },
      "futex_op_counts": {
        "128": 1
      },
      "first_seen_ts_ns": 547612658792,
      "last_seen_ts_ns": 547612658792
    },
    {
      "tgid": 12871,
      "comm": "lmp",
      "cgroup_id": 10047,
      "wait_duration_stats_ns": {
        "count": 1.0,
        "sum": 7376.0,
        "mean": 7376.0,
        "median": 7376.0,
        "min": 7376,
        "max": 7376,
        "variance_ns2": null,
        "iqr_ns": 0.0,
        "q1_ns": 7376.0,
        "q3_ns": 7376.0
      },
      "futex_op_counts": {
        "128": 1
      },
      "first_seen_ts_ns": 547612677018,
      "last_seen_ts_ns": 547612677018
    },
    {
      "tgid": 12767,
      "comm": "lmp",
      "cgroup_id": 10047,
      "wait_duration_stats_ns": {
        "count": 1.0,
        "sum": 7369.0,
        "mean": 7369.0,
        "median": 7369.0,
        "min": 7369,
        "max": 7369,
        "variance_ns2": null,
        "iqr_ns": 0.0,
        "q1_ns": 7369.0,
        "q3_ns": 7369.0
      },
      "futex_op_counts": {
        "128": 1
      },
      "first_seen_ts_ns": 547613255397,
      "last_seen_ts_ns": 547613255397
    },
    {
      "tgid": 12839,
      "comm": "lmp",
      "cgroup_id": 10047,
      "wait_duration_stats_ns": {
        "count": 1.0,
        "sum": 7363.0,
        "mean": 7363.0,
        "median": 7363.0,
        "min": 7363,
        "max": 7363,
        "variance_ns2": null,
        "iqr_ns": 0.0,
        "q1_ns": 7363.0,
        "q3_ns": 7363.0
      },
      "futex_op_counts": {
        "128": 1
      },
      "first_seen_ts_ns": 547612663981,
      "last_seen_ts_ns": 547612663981
    },
    {
      "tgid": 12861,
      "comm": "lmp",
      "cgroup_id": 10047,
      "wait_duration_stats_ns": {
        "count": 1.0,
        "sum": 7345.0,
        "mean": 7345.0,
        "median": 7345.0,
        "min": 7345,
        "max": 7345,
        "variance_ns2": null,
        "iqr_ns": 0.0,
        "q1_ns": 7345.0,
        "q3_ns": 7345.0
      },
      "futex_op_counts": {
        "128": 1
      },
      "first_seen_ts_ns": 547613601432,
      "last_seen_ts_ns": 547613601432
    },
    {
      "tgid": 12678,
      "comm": "lmp",
      "cgroup_id": 10047,
      "wait_duration_stats_ns": {
        "count": 1.0,
        "sum": 7334.0,
        "mean": 7334.0,
        "median": 7334.0,
        "min": 7334,
        "max": 7334,
        "variance_ns2": null,
        "iqr_ns": 0.0,
        "q1_ns": 7334.0,
        "q3_ns": 7334.0
      },
      "futex_op_counts": {
        "128": 1
      },
      "first_seen_ts_ns": 547611574872,
      "last_seen_ts_ns": 547611574872
    },
    {
      "tgid": 12681,
      "comm": "lmp",
      "cgroup_id": 10047,
      "wait_duration_stats_ns": {
        "count": 1.0,
        "sum": 7321.0,
        "mean": 7321.0,
        "median": 7321.0,
        "min": 7321,
        "max": 7321,
        "variance_ns2": null,
        "iqr_ns": 0.0,
        "q1_ns": 7321.0,
        "q3_ns": 7321.0
      },
      "futex_op_counts": {
        "128": 1
      },
      "first_seen_ts_ns": 547613030667,
      "last_seen_ts_ns": 547613030667
    },
    {
      "tgid": 12730,
      "comm": "lmp",
      "cgroup_id": 10047,
      "wait_duration_stats_ns": {
        "count": 1.0,
        "sum": 7308.0,
        "mean": 7308.0,
        "median": 7308.0,
        "min": 7308,
        "max": 7308,
        "variance_ns2": null,
        "iqr_ns": 0.0,
        "q1_ns": 7308.0,
        "q3_ns": 7308.0
      },
      "futex_op_counts": {
        "128": 1
      },
      "first_seen_ts_ns": 547613096142,
      "last_seen_ts_ns": 547613096142
    },
    {
      "tgid": 12741,
      "comm": "lmp",
      "cgroup_id": 10047,
      "wait_duration_stats_ns": {
        "count": 1.0,
        "sum": 7304.0,
        "mean": 7304.0,
        "median": 7304.0,
        "min": 7304,
        "max": 7304,
        "variance_ns2": null,
        "iqr_ns": 0.0,
        "q1_ns": 7304.0,
        "q3_ns": 7304.0
      },
      "futex_op_counts": {
        "128": 1
      },
      "first_seen_ts_ns": 547613285214,
      "last_seen_ts_ns": 547613285214
    },
    {
      "tgid": 12869,
      "comm": "lmp",
      "cgroup_id": 10047,
      "wait_duration_stats_ns": {
        "count": 1.0,
        "sum": 7298.0,
        "mean": 7298.0,
        "median": 7298.0,
        "min": 7298,
        "max": 7298,
        "variance_ns2": null,
        "iqr_ns": 0.0,
        "q1_ns": 7298.0,
        "q3_ns": 7298.0
      },
      "futex_op_counts": {
        "128": 1
      },
      "first_seen_ts_ns": 547612662564,
      "last_seen_ts_ns": 547612662564
    },
    {
      "tgid": 12783,
      "comm": "lmp",
      "cgroup_id": 10047,
      "wait_duration_stats_ns": {
        "count": 1.0,
        "sum": 7283.0,
        "mean": 7283.0,
        "median": 7283.0,
        "min": 7283,
        "max": 7283,
        "variance_ns2": null,
        "iqr_ns": 0.0,
        "q1_ns": 7283.0,
        "q3_ns": 7283.0
      },
      "futex_op_counts": {
        "128": 1
      },
      "first_seen_ts_ns": 547613448634,
      "last_seen_ts_ns": 547613448634
    },
    {
      "tgid": 12716,
      "comm": "lmp",
      "cgroup_id": 10047,
      "wait_duration_stats_ns": {
        "count": 1.0,
        "sum": 7270.0,
        "mean": 7270.0,
        "median": 7270.0,
        "min": 7270,
        "max": 7270,
        "variance_ns2": null,
        "iqr_ns": 0.0,
        "q1_ns": 7270.0,
        "q3_ns": 7270.0
      },
      "futex_op_counts": {
        "128": 1
      },
      "first_seen_ts_ns": 547613159021,
      "last_seen_ts_ns": 547613159021
    },
    {
      "tgid": 12752,
      "comm": "lmp",
      "cgroup_id": 10047,
      "wait_duration_stats_ns": {
        "count": 1.0,
        "sum": 7258.0,
        "mean": 7258.0,
        "median": 7258.0,
        "min": 7258,
        "max": 7258,
        "variance_ns2": null,
        "iqr_ns": 0.0,
        "q1_ns": 7258.0,
        "q3_ns": 7258.0
      },
      "futex_op_counts": {
        "128": 1
      },
      "first_seen_ts_ns": 547613301868,
      "last_seen_ts_ns": 547613301868
    },
    {
      "tgid": 12706,
      "comm": "lmp",
      "cgroup_id": 10047,
      "wait_duration_stats_ns": {
        "count": 1.0,
        "sum": 7248.0,
        "mean": 7248.0,
        "median": 7248.0,
        "min": 7248,
        "max": 7248,
        "variance_ns2": null,
        "iqr_ns": 0.0,
        "q1_ns": 7248.0,
        "q3_ns": 7248.0
      },
      "futex_op_counts": {
        "128": 1
      },
      "first_seen_ts_ns": 547613176596,
      "last_seen_ts_ns": 547613176596
    },
    {
      "tgid": 12758,
      "comm": "lmp",
      "cgroup_id": 10047,
      "wait_duration_stats_ns": {
        "count": 1.0,
        "sum": 7233.0,
        "mean": 7233.0,
        "median": 7233.0,
        "min": 7233,
        "max": 7233,
        "variance_ns2": null,
        "iqr_ns": 0.0,
        "q1_ns": 7233.0,
        "q3_ns": 7233.0
      },
      "futex_op_counts": {
        "128": 1
      },
      "first_seen_ts_ns": 547613194454,
      "last_seen_ts_ns": 547613194454
    },
    {
      "tgid": 12773,
      "comm": "lmp",
      "cgroup_id": 10047,
      "wait_duration_stats_ns": {
        "count": 1.0,
        "sum": 7224.0,
        "mean": 7224.0,
        "median": 7224.0,
        "min": 7224,
        "max": 7224,
        "variance_ns2": null,
        "iqr_ns": 0.0,
        "q1_ns": 7224.0,
        "q3_ns": 7224.0
      },
      "futex_op_counts": {
        "128": 1
      },
      "first_seen_ts_ns": 547613398012,
      "last_seen_ts_ns": 547613398012
    },
    {
      "tgid": 12685,
      "comm": "lmp",
      "cgroup_id": 10047,
      "wait_duration_stats_ns": {
        "count": 1.0,
        "sum": 7196.0,
        "mean": 7196.0,
        "median": 7196.0,
        "min": 7196,
        "max": 7196,
        "variance_ns2": null,
        "iqr_ns": 0.0,
        "q1_ns": 7196.0,
        "q3_ns": 7196.0
      },
      "futex_op_counts": {
        "128": 1
      },
      "first_seen_ts_ns": 547613078785,
      "last_seen_ts_ns": 547613078785
    },
    {
      "tgid": 12754,
      "comm": "lmp",
      "cgroup_id": 10047,
      "wait_duration_stats_ns": {
        "count": 1.0,
        "sum": 7195.0,
        "mean": 7195.0,
        "median": 7195.0,
        "min": 7195,
        "max": 7195,
        "variance_ns2": null,
        "iqr_ns": 0.0,
        "q1_ns": 7195.0,
        "q3_ns": 7195.0
      },
      "futex_op_counts": {
        "128": 1
      },
      "first_seen_ts_ns": 547612727487,
      "last_seen_ts_ns": 547612727487
    },
    {
      "tgid": 12775,
      "comm": "lmp",
      "cgroup_id": 10047,
      "wait_duration_stats_ns": {
        "count": 1.0,
        "sum": 7192.0,
        "mean": 7192.0,
        "median": 7192.0,
        "min": 7192,
        "max": 7192,
        "variance_ns2": null,
        "iqr_ns": 0.0,
        "q1_ns": 7192.0,
        "q3_ns": 7192.0
      },
      "futex_op_counts": {
        "128": 1
      },
      "first_seen_ts_ns": 547613431544,
      "last_seen_ts_ns": 547613431544
    },
    {
      "tgid": 12702,
      "comm": "lmp",
      "cgroup_id": 10047,
      "wait_duration_stats_ns": {
        "count": 1.0,
        "sum": 7183.0,
        "mean": 7183.0,
        "median": 7183.0,
        "min": 7183,
        "max": 7183,
        "variance_ns2": null,
        "iqr_ns": 0.0,
        "q1_ns": 7183.0,
        "q3_ns": 7183.0
      },
      "futex_op_counts": {
        "128": 1
      },
      "first_seen_ts_ns": 547612658331,
      "last_seen_ts_ns": 547612658331
    },
    {
      "tgid": 12718,
      "comm": "lmp",
      "cgroup_id": 10047,
      "wait_duration_stats_ns": {
        "count": 1.0,
        "sum": 7183.0,
        "mean": 7183.0,
        "median": 7183.0,
        "min": 7183,
        "max": 7183,
        "variance_ns2": null,
        "iqr_ns": 0.0,
        "q1_ns": 7183.0,
        "q3_ns": 7183.0
      },
      "futex_op_counts": {
        "128": 1
      },
      "first_seen_ts_ns": 547613142437,
      "last_seen_ts_ns": 547613142437
    },
    {
      "tgid": 12714,
      "comm": "lmp",
      "cgroup_id": 10047,
      "wait_duration_stats_ns": {
        "count": 1.0,
        "sum": 7174.0,
        "mean": 7174.0,
        "median": 7174.0,
        "min": 7174,
        "max": 7174,
        "variance_ns2": null,
        "iqr_ns": 0.0,
        "q1_ns": 7174.0,
        "q3_ns": 7174.0
      },
      "futex_op_counts": {
        "128": 1
      },
      "first_seen_ts_ns": 547613126520,
      "last_seen_ts_ns": 547613126520
    },
    {
      "tgid": 12689,
      "comm": "lmp",
      "cgroup_id": 10047,
      "wait_duration_stats_ns": {
        "count": 1.0,
        "sum": 7158.0,
        "mean": 7158.0,
        "median": 7158.0,
        "min": 7158,
        "max": 7158,
        "variance_ns2": null,
        "iqr_ns": 0.0,
        "q1_ns": 7158.0,
        "q3_ns": 7158.0
      },
      "futex_op_counts": {
        "128": 1
      },
      "first_seen_ts_ns": 547612936206,
      "last_seen_ts_ns": 547612936206
    },
    {
      "tgid": 12833,
      "comm": "lmp",
      "cgroup_id": 10047,
      "wait_duration_stats_ns": {
        "count": 1.0,
        "sum": 6967.0,
        "mean": 6967.0,
        "median": 6967.0,
        "min": 6967,
        "max": 6967,
        "variance_ns2": null,
        "iqr_ns": 0.0,
        "q1_ns": 6967.0,
        "q3_ns": 6967.0
      },
      "futex_op_counts": {
        "128": 1
      },
      "first_seen_ts_ns": 547612660401,
      "last_seen_ts_ns": 547612660401
    },
    {
      "tgid": 12855,
      "comm": "lmp",
      "cgroup_id": 10047,
      "wait_duration_stats_ns": {
        "count": 1.0,
        "sum": 6966.0,
        "mean": 6966.0,
        "median": 6966.0,
        "min": 6966,
        "max": 6966,
        "variance_ns2": null,
        "iqr_ns": 0.0,
        "q1_ns": 6966.0,
        "q3_ns": 6966.0
      },
      "futex_op_counts": {
        "128": 1
      },
      "first_seen_ts_ns": 547612661966,
      "last_seen_ts_ns": 547612661966
    },
    {
      "tgid": 12694,
      "comm": "lmp",
      "cgroup_id": 10047,
      "wait_duration_stats_ns": {
        "count": 1.0,
        "sum": 6882.0,
        "mean": 6882.0,
        "median": 6882.0,
        "min": 6882,
        "max": 6882,
        "variance_ns2": null,
        "iqr_ns": 0.0,
        "q1_ns": 6882.0,
        "q3_ns": 6882.0
      },
      "futex_op_counts": {
        "128": 1
      },
      "first_seen_ts_ns": 547612967928,
      "last_seen_ts_ns": 547612967928
    },
    {
      "tgid": 12760,
      "comm": "lmp",
      "cgroup_id": 10047,
      "wait_duration_stats_ns": {
        "count": 1.0,
        "sum": 6712.0,
        "mean": 6712.0,
        "median": 6712.0,
        "min": 6712,
        "max": 6712,
        "variance_ns2": null,
        "iqr_ns": 0.0,
        "q1_ns": 6712.0,
        "q3_ns": 6712.0
      },
      "futex_op_counts": {
        "128": 1
      },
      "first_seen_ts_ns": 547613378508,
      "last_seen_ts_ns": 547613378508
    },
    {
      "tgid": 12363,
      "comm": "ZMQbg/IO/0",
      "cgroup_id": 10047,
      "wait_duration_stats_ns": {
        "count": 6.0,
        "sum": 6096.0,
        "mean": 1016.0,
        "median": 612.0,
        "min": 533,
        "max": 2886,
        "variance_ns2": 857452.4000000001,
        "iqr_ns": 0.0,
        "q1_ns": 612.0,
        "q3_ns": 612.0
      },
      "futex_op_counts": {
        "128": 6
      },
      "first_seen_ts_ns": 547644400559,
      "last_seen_ts_ns": 547645264577
    },
    {
      "tgid": 12696,
      "comm": "lmp",
      "cgroup_id": 10047,
      "wait_duration_stats_ns": {
        "count": 1.0,
        "sum": 4848.0,
        "mean": 4848.0,
        "median": 4848.0,
        "min": 4848,
        "max": 4848,
        "variance_ns2": null,
        "iqr_ns": 0.0,
        "q1_ns": 4848.0,
        "q3_ns": 4848.0
      },
      "futex_op_counts": {
        "128": 1
      },
      "first_seen_ts_ns": 547613237244,
      "last_seen_ts_ns": 547613237244
    }
  ]
}
[16:38:19] Cleanup complete.
