unlimited
Looking for /opt/programs/cpu-model/ebpf-collect.c
[23:17:07] Waiting for start indicator file: '/mnt/flux/start_ebpf_collection'.
[23:17:26] Start indicator found. Proceeding with monitoring.
[23:17:26] Initializing eBPF for CPU Scheduling monitoring...
[23:17:26] BPF C code compiled and loaded.
[23:17:26] Attached tracepoints.
[23:17:26] Monitoring CPU scheduling events (polling aggregated map)... Press Ctrl+C to stop.
[23:23:30] Stop indicator file '/mnt/flux/stop_ebpf_collection' found. Stopping.
[23:23:30] Initiating cleanup sequence...
{
  "final_aggregated_summary_river": [
    {
      "tgid": 331,
      "comm": "python3",
      "cgroup_id": 10926,
      "on_cpu_stats_ns": {
        "count": 1724.0,
        "sum_ns": 34683047.29181009,
        "mean_ns": 20117.77685139796,
        "median_ns": 19013.262946320545,
        "min_ns": 1881.2608695652175,
        "max_ns": 833433.5,
        "variance_ns2": 577884111.4881849,
        "iqr_ns": 10834.365777899853,
        "q1_ns": 12198.105912490922,
        "q3_ns": 23032.471690390776
      },
      "runq_latency_stats_ns": {
        "count": 1713.0,
        "sum_ns": 64271734.681439005,
        "mean_ns": 37519.985219754235,
        "median_ns": 5266.686277743394,
        "min_ns": 931.7,
        "max_ns": 3999209.0,
        "variance_ns2": 71409387466.8595,
        "iqr_ns": 3367.9554587777334,
        "q1_ns": 3750.1380857675927,
        "q3_ns": 7118.093544545326
      },
      "first_seen_ts_ns": 1747523847263850814,
      "last_seen_ts_ns": 1747524210798313531,
      "duration_active_s": 363.534462717
    },
    {
      "tgid": 201,
      "comm": "python3",
      "cgroup_id": 11005,
      "on_cpu_stats_ns": {
        "count": 1605.0,
        "sum_ns": 34483486.72091086,
        "mean_ns": 21485.038455396178,
        "median_ns": 20679.06820680446,
        "min_ns": 1961.1,
        "max_ns": 1114117.0,
        "variance_ns2": 1081392237.6233592,
        "iqr_ns": 10906.191256654538,
        "q1_ns": 13911.984888866193,
        "q3_ns": 24818.17614552073
      },
      "runq_latency_stats_ns": {
        "count": 1603.0,
        "sum_ns": 54618130.236261606,
        "mean_ns": 34072.445562234316,
        "median_ns": 5414.377158245275,
        "min_ns": 1075.1666666666667,
        "max_ns": 4174919.0,
        "variance_ns2": 82925249745.0207,
        "iqr_ns": 1933.4504876693309,
        "q1_ns": 4353.572195693464,
        "q3_ns": 6287.022683362795
      },
      "first_seen_ts_ns": 1747523847149550134,
      "last_seen_ts_ns": 1747524210798313531,
      "duration_active_s": 363.648763397
    },
    {
      "tgid": 266,
      "comm": "python3",
      "cgroup_id": 11163,
      "on_cpu_stats_ns": {
        "count": 1181.0,
        "sum_ns": 22330002.581405528,
        "mean_ns": 18907.70752024177,
        "median_ns": 18429.052541226345,
        "min_ns": 4920.0,
        "max_ns": 382946.5,
        "variance_ns2": 301950811.85629636,
        "iqr_ns": 11439.096911580975,
        "q1_ns": 10918.26108323906,
        "q3_ns": 22357.357994820035
      },
      "runq_latency_stats_ns": {
        "count": 1172.0,
        "sum_ns": 14646389.96907012,
        "mean_ns": 12496.91976883116,
        "median_ns": 6055.176038860466,
        "min_ns": 795.0,
        "max_ns": 2004501.0,
        "variance_ns2": 9998997929.000948,
        "iqr_ns": 2176.8119562616557,
        "q1_ns": 4807.263505897673,
        "q3_ns": 6984.075462159329
      },
      "first_seen_ts_ns": 1747523847149550134,
      "last_seen_ts_ns": 1747524210798313531,
      "duration_active_s": 363.648763397
    },
    {
      "tgid": 171,
      "comm": "kvs-watch",
      "cgroup_id": 11321,
      "on_cpu_stats_ns": {
        "count": 316.0,
        "sum_ns": 10819094.787878802,
        "mean_ns": 34237.64173379368,
        "median_ns": 26999.571543765593,
        "min_ns": 2220.4545454545455,
        "max_ns": 242570.0,
        "variance_ns2": 805365565.9632683,
        "iqr_ns": 20279.807551617963,
        "q1_ns": 19325.67753643364,
        "q3_ns": 39605.4850880516
      },
      "runq_latency_stats_ns": {
        "count": 315.0,
        "sum_ns": 23531705.233333353,
        "mean_ns": 74703.8261375662,
        "median_ns": 4951.401896129615,
        "min_ns": 1281.0,
        "max_ns": 3997626.0,
        "variance_ns2": 165036250717.53284,
        "iqr_ns": 2575.265589715697,
        "q1_ns": 3499.206137889482,
        "q3_ns": 6074.471727605179
      },
      "first_seen_ts_ns": 1747523847700309581,
      "last_seen_ts_ns": 1747524210798313531,
      "duration_active_s": 363.09800395
    },
    {
      "tgid": 1,
      "comm": "pause",
      "cgroup_id": 10768,
      "on_cpu_stats_ns": {
        "count": 49.0,
        "sum_ns": 8476913.066666668,
        "mean_ns": 172998.22585034015,
        "median_ns": 146701.9387273478,
        "min_ns": 53789.0,
        "max_ns": 818215.6,
        "variance_ns2": 17621378113.977795,
        "iqr_ns": 44301.7049764776,
        "q1_ns": 122873.53601370874,
        "q3_ns": 167175.24099018634
      },
      "runq_latency_stats_ns": {
        "count": 49.0,
        "sum_ns": 3268449.916666666,
        "mean_ns": 66703.05952380951,
        "median_ns": 5022.04298124401,
        "min_ns": 1632.0,
        "max_ns": 2454874.0,
        "variance_ns2": 124220091616.65765,
        "iqr_ns": 23376.712099563025,
        "q1_ns": 2773.231250425898,
        "q3_ns": 26149.943349988924
      },
      "first_seen_ts_ns": 1747523854896420172,
      "last_seen_ts_ns": 1747524210798313531,
      "duration_active_s": 355.901893359
    },
    {
      "tgid": 754,
      "comm": "lmp",
      "cgroup_id": 11321,
      "on_cpu_stats_ns": {
        "count": 226.0,
        "sum_ns": 7311928.500000003,
        "mean_ns": 32353.66592920355,
        "median_ns": 28858.20344123715,
        "min_ns": 6465.0,
        "max_ns": 302007.0,
        "variance_ns2": 512331318.75345594,
        "iqr_ns": 21861.113096063476,
        "q1_ns": 21189.19163885524,
        "q3_ns": 43050.30473491872
      },
      "runq_latency_stats_ns": {
        "count": 225.0,
        "sum_ns": 23846964.49999999,
        "mean_ns": 105986.50888888884,
        "median_ns": 3693.405193759131,
        "min_ns": 1080.0,
        "max_ns": 3002458.0,
        "variance_ns2": 141162355359.924,
        "iqr_ns": 1654.3914402687647,
        "q1_ns": 2863.7920522981753,
        "q3_ns": 4518.18349256694
      },
      "first_seen_ts_ns": 1747524077706288819,
      "last_seen_ts_ns": 1747524188246840217,
      "duration_active_s": 110.540551398
    },
    {
      "tgid": 641,
      "comm": "lmp",
      "cgroup_id": 11321,
      "on_cpu_stats_ns": {
        "count": 249.0,
        "sum_ns": 6833960.000000002,
        "mean_ns": 27445.622489959846,
        "median_ns": 22705.722679160717,
        "min_ns": 4497.0,
        "max_ns": 86592.0,
        "variance_ns2": 255498321.32666963,
        "iqr_ns": 27513.314562041283,
        "q1_ns": 16450.14184958877,
        "q3_ns": 43963.45641163005
      },
      "runq_latency_stats_ns": {
        "count": 248.0,
        "sum_ns": 9019625.5,
        "mean_ns": 36369.457661290326,
        "median_ns": 4107.483737395378,
        "min_ns": 1300.0,
        "max_ns": 3999982.0,
        "variance_ns2": 88709551601.18347,
        "iqr_ns": 2335.237473415458,
        "q1_ns": 2975.1021016322593,
        "q3_ns": 5310.3395750477175
      },
      "first_seen_ts_ns": 1747523961857906603,
      "last_seen_ts_ns": 1747524073931620706,
      "duration_active_s": 112.073714103
    },
    {
      "tgid": 623,
      "comm": "lmp",
      "cgroup_id": 11321,
      "on_cpu_stats_ns": {
        "count": 148.0,
        "sum_ns": 5105721.499999997,
        "mean_ns": 34498.118243243225,
        "median_ns": 30247.520250194128,
        "min_ns": 8631.0,
        "max_ns": 145096.0,
        "variance_ns2": 337546856.07946074,
        "iqr_ns": 22194.87971314038,
        "q1_ns": 23036.890950378798,
        "q3_ns": 45231.77066351918
      },
      "runq_latency_stats_ns": {
        "count": 148.0,
        "sum_ns": 4171571.999999998,
        "mean_ns": 28186.297297297286,
        "median_ns": 3648.9220208478428,
        "min_ns": 1180.0,
        "max_ns": 1998595.0,
        "variance_ns2": 30334402505.060688,
        "iqr_ns": 3081.2303384009397,
        "q1_ns": 3106.4893831111026,
        "q3_ns": 6187.719721512042
      },
      "first_seen_ts_ns": 1747523962164938774,
      "last_seen_ts_ns": 1747524074464780843,
      "duration_active_s": 112.299842069
    },
    {
      "tgid": 649,
      "comm": "lmp",
      "cgroup_id": 11321,
      "on_cpu_stats_ns": {
        "count": 167.0,
        "sum_ns": 5093710.999999998,
        "mean_ns": 30501.26347305388,
        "median_ns": 25074.487974611606,
        "min_ns": 6163.0,
        "max_ns": 71271.0,
        "variance_ns2": 289949856.6078747,
        "iqr_ns": 24635.25543359989,
        "q1_ns": 16613.571876356636,
        "q3_ns": 41248.82730995653
      },
      "runq_latency_stats_ns": {
        "count": 167.0,
        "sum_ns": 7020189.499999996,
        "mean_ns": 42037.062874251475,
        "median_ns": 3864.1302391605955,
        "min_ns": 1061.0,
        "max_ns": 3998777.0,
        "variance_ns2": 110425203423.47652,
        "iqr_ns": 951.4296966814522,
        "q1_ns": 3381.5000570489606,
        "q3_ns": 4332.929753730413
      },
      "first_seen_ts_ns": 1747523962771761097,
      "last_seen_ts_ns": 1747524074156745665,
      "duration_active_s": 111.384984568
    },
    {
      "tgid": 601,
      "comm": "lmp",
      "cgroup_id": 11321,
      "on_cpu_stats_ns": {
        "count": 140.0,
        "sum_ns": 4680677.499999999,
        "mean_ns": 33433.41071428571,
        "median_ns": 28945.380643924153,
        "min_ns": 9135.0,
        "max_ns": 112359.0,
        "variance_ns2": 276117719.75995624,
        "iqr_ns": 21141.8904560643,
        "q1_ns": 22639.580917848005,
        "q3_ns": 43781.4713739123
      },
      "runq_latency_stats_ns": {
        "count": 139.0,
        "sum_ns": 3906351.0,
        "mean_ns": 28103.244604316547,
        "median_ns": 3991.13443529599,
        "min_ns": 1294.0,
        "max_ns": 2001153.0,
        "variance_ns2": 33338312309.302063,
        "iqr_ns": 13149.942447331412,
        "q1_ns": 3803.6888645332087,
        "q3_ns": 16953.63131186462
      },
      "first_seen_ts_ns": 1747523964804580535,
      "last_seen_ts_ns": 1747524073931620706,
      "duration_active_s": 109.127040171
    },
    {
      "tgid": 848,
      "comm": "lmp",
      "cgroup_id": 11321,
      "on_cpu_stats_ns": {
        "count": 107.0,
        "sum_ns": 4600006.999999999,
        "mean_ns": 42990.71962616822,
        "median_ns": 50175.07495682462,
        "min_ns": 14374.0,
        "max_ns": 87796.0,
        "variance_ns2": 258057660.67536598,
        "iqr_ns": 27131.35598910762,
        "q1_ns": 26709.848116042052,
        "q3_ns": 53841.20410514967
      },
      "runq_latency_stats_ns": {
        "count": 107.0,
        "sum_ns": 766786.0000000002,
        "mean_ns": 7166.224299065422,
        "median_ns": 7213.425418000976,
        "min_ns": 4649.0,
        "max_ns": 13663.0,
        "variance_ns2": 2745030.7605360607,
        "iqr_ns": 2420.9582534839847,
        "q1_ns": 5817.718529486701,
        "q3_ns": 8238.676782970686
      },
      "first_seen_ts_ns": 1747524077908775035,
      "last_seen_ts_ns": 1747524187921833086,
      "duration_active_s": 110.013058051
    },
    {
      "tgid": 812,
      "comm": "lmp",
      "cgroup_id": 11321,
      "on_cpu_stats_ns": {
        "count": 136.0,
        "sum_ns": 4452537.499999999,
        "mean_ns": 32739.246323529405,
        "median_ns": 29225.074809427428,
        "min_ns": 5370.0,
        "max_ns": 106371.0,
        "variance_ns2": 223453818.8222086,
        "iqr_ns": 21540.63483931646,
        "q1_ns": 22397.286536088453,
        "q3_ns": 43937.92137540491
      },
      "runq_latency_stats_ns": {
        "count": 135.0,
        "sum_ns": 5603807.999999997,
        "mean_ns": 41509.68888888887,
        "median_ns": 3965.9927887350113,
        "min_ns": 1712.0,
        "max_ns": 3997888.0,
        "variance_ns2": 125032263412.61894,
        "iqr_ns": 2079.640325708258,
        "q1_ns": 3155.6742814963204,
        "q3_ns": 5235.314607204578
      },
      "first_seen_ts_ns": 1747524085746058662,
      "last_seen_ts_ns": 1747524189780585106,
      "duration_active_s": 104.034526444
    },
    {
      "tgid": 643,
      "comm": "lmp",
      "cgroup_id": 11321,
      "on_cpu_stats_ns": {
        "count": 149.0,
        "sum_ns": 4421258.999999998,
        "mean_ns": 29672.879194630863,
        "median_ns": 28268.00801556519,
        "min_ns": 5833.0,
        "max_ns": 97270.0,
        "variance_ns2": 197360711.75219935,
        "iqr_ns": 21420.19356644097,
        "q1_ns": 19867.201143139027,
        "q3_ns": 41287.394709579996
      },
      "runq_latency_stats_ns": {
        "count": 148.0,
        "sum_ns": 4762583.5,
        "mean_ns": 32179.618243243243,
        "median_ns": 2811.1496900834964,
        "min_ns": 1280.0,
        "max_ns": 1998935.0,
        "variance_ns2": 43780158100.15088,
        "iqr_ns": 4395.973993892559,
        "q1_ns": 2272.8302339563115,
        "q3_ns": 6668.80422784887
      },
      "first_seen_ts_ns": 1747523965820491992,
      "last_seen_ts_ns": 1747524075173028873,
      "duration_active_s": 109.352536881
    },
    {
      "tgid": 639,
      "comm": "lmp",
      "cgroup_id": 11321,
      "on_cpu_stats_ns": {
        "count": 192.0,
        "sum_ns": 4307804.500000001,
        "mean_ns": 22436.48177083334,
        "median_ns": 19936.923184528598,
        "min_ns": 5465.0,
        "max_ns": 96511.0,
        "variance_ns2": 131100104.33343557,
        "iqr_ns": 12501.032051684973,
        "q1_ns": 14451.913870201484,
        "q3_ns": 26952.945921886458
      },
      "runq_latency_stats_ns": {
        "count": 191.0,
        "sum_ns": 7144025.500000002,
        "mean_ns": 37403.274869109955,
        "median_ns": 3935.1238565623185,
        "min_ns": 1183.0,
        "max_ns": 3006891.0,
        "variance_ns2": 76304732228.9201,
        "iqr_ns": 2003.0979975107307,
        "q1_ns": 2784.8349131543605,
        "q3_ns": 4787.932910665091
      },
      "first_seen_ts_ns": 1747523960530554988,
      "last_seen_ts_ns": 1747524073931620706,
      "duration_active_s": 113.401065718
    },
    {
      "tgid": 589,
      "comm": "lmp",
      "cgroup_id": 11321,
      "on_cpu_stats_ns": {
        "count": 135.0,
        "sum_ns": 4218322.587689202,
        "mean_ns": 31246.833982882978,
        "median_ns": 7084.752448210642,
        "min_ns": 2053.5727611940297,
        "max_ns": 2501480.3333333335,
        "variance_ns2": 48834081017.11932,
        "iqr_ns": 5404.392357096027,
        "q1_ns": 5382.041964348025,
        "q3_ns": 10786.434321444052
      },
      "runq_latency_stats_ns": {
        "count": 135.0,
        "sum_ns": 2132163.6056747944,
        "mean_ns": 15793.80448647996,
        "median_ns": 3304.2052922996427,
        "min_ns": 753.6,
        "max_ns": 1003937.0,
        "variance_ns2": 8850708154.811546,
        "iqr_ns": 3799.2186400982146,
        "q1_ns": 1444.5442008439106,
        "q3_ns": 5243.762840942125
      },
      "first_seen_ts_ns": 1747523965211275080,
      "last_seen_ts_ns": 1747524073931620706,
      "duration_active_s": 108.720345626
    },
    {
      "tgid": 620,
      "comm": "lmp",
      "cgroup_id": 11321,
      "on_cpu_stats_ns": {
        "count": 171.0,
        "sum_ns": 3981807.4999999995,
        "mean_ns": 23285.423976608185,
        "median_ns": 21833.97148737863,
        "min_ns": 5591.0,
        "max_ns": 65960.0,
        "variance_ns2": 89264969.86771588,
        "iqr_ns": 8362.41073742272,
        "q1_ns": 17964.395538282854,
        "q3_ns": 26326.806275705574
      },
      "runq_latency_stats_ns": {
        "count": 170.0,
        "sum_ns": 12216542.166666666,
        "mean_ns": 71862.01274509804,
        "median_ns": 4048.0650713031496,
        "min_ns": 1125.0,
        "max_ns": 3001063.0,
        "variance_ns2": 168577647084.90326,
        "iqr_ns": 3054.4707122744603,
        "q1_ns": 3200.65014409172,
        "q3_ns": 6255.12085636618
      },
      "first_seen_ts_ns": 1747523966234850621,
      "last_seen_ts_ns": 1747524074156745665,
      "duration_active_s": 107.921895044
    },
    {
      "tgid": 734,
      "comm": "lmp",
      "cgroup_id": 11321,
      "on_cpu_stats_ns": {
        "count": 128.0,
        "sum_ns": 3713088.666666666,
        "mean_ns": 29008.50520833333,
        "median_ns": 25458.9283772733,
        "min_ns": 8128.0,
        "max_ns": 146310.0,
        "variance_ns2": 325093719.33680564,
        "iqr_ns": 21885.959751333587,
        "q1_ns": 19487.66656742722,
        "q3_ns": 41373.626318760806
      },
      "runq_latency_stats_ns": {
        "count": 128.0,
        "sum_ns": 5466745.16666667,
        "mean_ns": 42708.94661458336,
        "median_ns": 3619.056553288391,
        "min_ns": 997.0,
        "max_ns": 3965144.0,
        "variance_ns2": 127719643223.45659,
        "iqr_ns": 3711.867897928768,
        "q1_ns": 2994.9864305628607,
        "q3_ns": 6706.854328491629
      },
      "first_seen_ts_ns": 1747523965414074794,
      "last_seen_ts_ns": 1747524074363646685,
      "duration_active_s": 108.949571891
    },
    {
      "tgid": 755,
      "comm": "lmp",
      "cgroup_id": 11321,
      "on_cpu_stats_ns": {
        "count": 117.0,
        "sum_ns": 3446681.0000000005,
        "mean_ns": 29458.81196581197,
        "median_ns": 28473.52311499645,
        "min_ns": 7615.0,
        "max_ns": 105701.0,
        "variance_ns2": 324913159.90399367,
        "iqr_ns": 28996.045062541045,
        "q1_ns": 15579.885771538377,
        "q3_ns": 44575.93083407942
      },
      "runq_latency_stats_ns": {
        "count": 117.0,
        "sum_ns": 3784273.0000000033,
        "mean_ns": 32344.2136752137,
        "median_ns": 3763.3617746216073,
        "min_ns": 1204.0,
        "max_ns": 2991564.0,
        "variance_ns2": 76922110457.25996,
        "iqr_ns": 2840.255626564308,
        "q1_ns": 2577.6730224890853,
        "q3_ns": 5417.928649053393
      },
      "first_seen_ts_ns": 1747524079333577269,
      "last_seen_ts_ns": 1747524187196916305,
      "duration_active_s": 107.863339036
    },
    {
      "tgid": 555,
      "comm": "lmp",
      "cgroup_id": 11321,
      "on_cpu_stats_ns": {
        "count": 197.0,
        "sum_ns": 3152788.999999999,
        "mean_ns": 16004.005076142128,
        "median_ns": 17311.643844872753,
        "min_ns": 4888.0,
        "max_ns": 33262.0,
        "variance_ns2": 46785237.61732105,
        "iqr_ns": 12039.380400227536,
        "q1_ns": 9848.77138555604,
        "q3_ns": 21888.151785783575
      },
      "runq_latency_stats_ns": {
        "count": 197.0,
        "sum_ns": 2954513.0000000014,
        "mean_ns": 14997.527918781732,
        "median_ns": 4382.592139573823,
        "min_ns": 1552.0,
        "max_ns": 2000207.0,
        "variance_ns2": 20240637840.832134,
        "iqr_ns": 3332.7968682326887,
        "q1_ns": 2738.4177517907033,
        "q3_ns": 6071.214620023392
      },
      "first_seen_ts_ns": 1747523857133788115,
      "last_seen_ts_ns": 1747523959422248401,
      "duration_active_s": 102.288460286
    },
    {
      "tgid": 553,
      "comm": "lmp",
      "cgroup_id": 11321,
      "on_cpu_stats_ns": {
        "count": 196.0,
        "sum_ns": 3136544.9999999995,
        "mean_ns": 16002.780612244895,
        "median_ns": 17154.922787231066,
        "min_ns": 4336.0,
        "max_ns": 280528.0,
        "variance_ns2": 392742471.4849555,
        "iqr_ns": 11080.625716224622,
        "q1_ns": 9733.933970075366,
        "q3_ns": 20814.55968629999
      },
      "runq_latency_stats_ns": {
        "count": 196.0,
        "sum_ns": 2805273.000000002,
        "mean_ns": 14312.617346938785,
        "median_ns": 3873.0579539443916,
        "min_ns": 1109.0,
        "max_ns": 1997420.0,
        "variance_ns2": 20276491255.232307,
        "iqr_ns": 3126.604599723996,
        "q1_ns": 2730.048932206976,
        "q3_ns": 5856.653531930972
      },
      "first_seen_ts_ns": 1747523857133788115,
      "last_seen_ts_ns": 1747523959932500777,
      "duration_active_s": 102.798712662
    },
    {
      "tgid": 450,
      "comm": "lmp",
      "cgroup_id": 11321,
      "on_cpu_stats_ns": {
        "count": 99.0,
        "sum_ns": 3094171.999999999,
        "mean_ns": 31254.262626262618,
        "median_ns": 26600.17323430899,
        "min_ns": 8278.0,
        "max_ns": 149354.0,
        "variance_ns2": 486351790.9303235,
        "iqr_ns": 18849.090028536593,
        "q1_ns": 21311.30906149943,
        "q3_ns": 40160.39909003602
      },
      "runq_latency_stats_ns": {
        "count": 99.0,
        "sum_ns": 12576311.500000004,
        "mean_ns": 127033.44949494953,
        "median_ns": 3878.7141980121846,
        "min_ns": 1259.0,
        "max_ns": 3002648.0,
        "variance_ns2": 279914942394.47205,
        "iqr_ns": 3352.7937051282465,
        "q1_ns": 3384.905714151542,
        "q3_ns": 6737.699419279788
      },
      "first_seen_ts_ns": 1747523847263850814,
      "last_seen_ts_ns": 1747523960262003454,
      "duration_active_s": 112.99815264
    },
    {
      "tgid": 559,
      "comm": "lmp",
      "cgroup_id": 11321,
      "on_cpu_stats_ns": {
        "count": 195.0,
        "sum_ns": 3024196.0,
        "mean_ns": 15508.697435897435,
        "median_ns": 15425.664413701234,
        "min_ns": 3608.0,
        "max_ns": 39283.0,
        "variance_ns2": 51396813.54200373,
        "iqr_ns": 12316.086752977688,
        "q1_ns": 9015.318714958114,
        "q3_ns": 21331.4054679358
      },
      "runq_latency_stats_ns": {
        "count": 195.0,
        "sum_ns": 3931794.0000000005,
        "mean_ns": 20163.046153846157,
        "median_ns": 4237.177376914932,
        "min_ns": 1233.0,
        "max_ns": 3000423.0,
        "variance_ns2": 46028163905.32261,
        "iqr_ns": 3638.945258165994,
        "q1_ns": 3063.936360764364,
        "q3_ns": 6702.881618930358
      },
      "first_seen_ts_ns": 1747523857641317559,
      "last_seen_ts_ns": 1747523959523817128,
      "duration_active_s": 101.882499569
    },
    {
      "tgid": 498,
      "comm": "lmp",
      "cgroup_id": 11321,
      "on_cpu_stats_ns": {
        "count": 87.0,
        "sum_ns": 2970395.0000000005,
        "mean_ns": 34142.47126436782,
        "median_ns": 27344.131871207803,
        "min_ns": 10608.0,
        "max_ns": 243599.0,
        "variance_ns2": 841041848.2753277,
        "iqr_ns": 6924.165424209343,
        "q1_ns": 22903.432701140413,
        "q3_ns": 29827.598125349756
      },
      "runq_latency_stats_ns": {
        "count": 87.0,
        "sum_ns": 10523329.5,
        "mean_ns": 120957.81034482758,
        "median_ns": 4082.440562623445,
        "min_ns": 1490.0,
        "max_ns": 3001216.0,
        "variance_ns2": 294486198632.92,
        "iqr_ns": 3138.695554314824,
        "q1_ns": 3803.958118002586,
        "q3_ns": 6942.65367231741
      },
      "first_seen_ts_ns": 1747523847149550134,
      "last_seen_ts_ns": 1747523959218157910,
      "duration_active_s": 112.068607776
    },
    {
      "tgid": 613,
      "comm": "lmp",
      "cgroup_id": 11321,
      "on_cpu_stats_ns": {
        "count": 80.0,
        "sum_ns": 2913020.5000000005,
        "mean_ns": 36412.756250000006,
        "median_ns": 30289.632352833993,
        "min_ns": 11554.0,
        "max_ns": 164955.0,
        "variance_ns2": 655021595.3100871,
        "iqr_ns": 26630.002338443523,
        "q1_ns": 24408.876652637908,
        "q3_ns": 51038.87899108143
      },
      "runq_latency_stats_ns": {
        "count": 80.0,
        "sum_ns": 6146205.999999995,
        "mean_ns": 76827.57499999994,
        "median_ns": 4658.18783931058,
        "min_ns": 1359.0,
        "max_ns": 2984159.0,
        "variance_ns2": 162020421067.1841,
        "iqr_ns": 2125.2335907906013,
        "q1_ns": 4008.6557617454077,
        "q3_ns": 6133.889352536009
      },
      "first_seen_ts_ns": 1747523972336136646,
      "last_seen_ts_ns": 1747524073931620706,
      "duration_active_s": 101.59548406
    },
    {
      "tgid": 557,
      "comm": "lmp",
      "cgroup_id": 11321,
      "on_cpu_stats_ns": {
        "count": 196.0,
        "sum_ns": 2905486.0,
        "mean_ns": 14823.908163265307,
        "median_ns": 13895.714985248034,
        "min_ns": 5356.0,
        "max_ns": 47262.0,
        "variance_ns2": 37730471.99152277,
        "iqr_ns": 9249.994444056756,
        "q1_ns": 10470.204205042828,
        "q3_ns": 19720.198649099584
      },
      "runq_latency_stats_ns": {
        "count": 196.0,
        "sum_ns": 5057326.000000001,
        "mean_ns": 25802.683673469393,
        "median_ns": 4593.4076057358425,
        "min_ns": 1150.0,
        "max_ns": 4000756.0,
        "variance_ns2": 81464482859.03783,
        "iqr_ns": 6174.152045980205,
        "q1_ns": 3564.990395822193,
        "q3_ns": 9739.142441802398
      },
      "first_seen_ts_ns": 1747523857133788115,
      "last_seen_ts_ns": 1747523959523817128,
      "duration_active_s": 102.390029013
    },
    {
      "tgid": 836,
      "comm": "lmp",
      "cgroup_id": 11321,
      "on_cpu_stats_ns": {
        "count": 107.0,
        "sum_ns": 2793698.9999999977,
        "mean_ns": 26109.33644859811,
        "median_ns": 28107.445417255945,
        "min_ns": 8502.0,
        "max_ns": 57819.0,
        "variance_ns2": 95383312.0555459,
        "iqr_ns": 17543.071307409045,
        "q1_ns": 15290.494118999866,
        "q3_ns": 32833.56542640891
      },
      "runq_latency_stats_ns": {
        "count": 107.0,
        "sum_ns": 618027.9999999997,
        "mean_ns": 5775.962616822427,
        "median_ns": 5924.689266600282,
        "min_ns": 3597.0,
        "max_ns": 10194.0,
        "variance_ns2": 1339203.3948157304,
        "iqr_ns": 1569.4810842076831,
        "q1_ns": 4810.317024723623,
        "q3_ns": 6379.798108931306
      },
      "first_seen_ts_ns": 1747524077908775035,
      "last_seen_ts_ns": 1747524187921833086,
      "duration_active_s": 110.013058051
    },
    {
      "tgid": 719,
      "comm": "lmp",
      "cgroup_id": 11321,
      "on_cpu_stats_ns": {
        "count": 103.0,
        "sum_ns": 2748283.0,
        "mean_ns": 26682.35922330097,
        "median_ns": 25797.343610176664,
        "min_ns": 8639.0,
        "max_ns": 141421.0,
        "variance_ns2": 336935716.70792866,
        "iqr_ns": 16513.86758955573,
        "q1_ns": 17582.8901349637,
        "q3_ns": 34096.75772451943
      },
      "runq_latency_stats_ns": {
        "count": 103.0,
        "sum_ns": 8623266.5,
        "mean_ns": 83721.03398058252,
        "median_ns": 4180.180112890079,
        "min_ns": 1025.0,
        "max_ns": 2996495.0,
        "variance_ns2": 207189441544.03067,
        "iqr_ns": 6778.567295573581,
        "q1_ns": 3448.6708074183425,
        "q3_ns": 10227.238102991923
      },
      "first_seen_ts_ns": 1747523965414074794,
      "last_seen_ts_ns": 1747524073931620706,
      "duration_active_s": 108.517545912
    },
    {
      "tgid": 715,
      "comm": "lmp",
      "cgroup_id": 11321,
      "on_cpu_stats_ns": {
        "count": 91.0,
        "sum_ns": 2709570.250000001,
        "mean_ns": 29775.497252747264,
        "median_ns": 26829.688904099712,
        "min_ns": 10742.0,
        "max_ns": 92274.0,
        "variance_ns2": 181954216.14790908,
        "iqr_ns": 12625.566160198458,
        "q1_ns": 21241.344359187136,
        "q3_ns": 33866.910519385594
      },
      "runq_latency_stats_ns": {
        "count": 91.0,
        "sum_ns": 1292372.5000000002,
        "mean_ns": 14201.895604395606,
        "median_ns": 4687.406935510742,
        "min_ns": 1833.0,
        "max_ns": 266639.0,
        "variance_ns2": 1458508256.3473134,
        "iqr_ns": 926.5008296748788,
        "q1_ns": 4051.612343750439,
        "q3_ns": 4978.113173425318
      },
      "first_seen_ts_ns": 1747523969694007893,
      "last_seen_ts_ns": 1747524073931620706,
      "duration_active_s": 104.237612813
    },
    {
      "tgid": 709,
      "comm": "lmp",
      "cgroup_id": 11321,
      "on_cpu_stats_ns": {
        "count": 99.0,
        "sum_ns": 2431283.5000000005,
        "mean_ns": 24558.419191919198,
        "median_ns": 24307.55569455894,
        "min_ns": 8276.0,
        "max_ns": 135165.0,
        "variance_ns2": 190466923.73319933,
        "iqr_ns": 10170.947936724293,
        "q1_ns": 17466.272120477606,
        "q3_ns": 27637.2200572019
      },
      "runq_latency_stats_ns": {
        "count": 99.0,
        "sum_ns": 3694734.4999999995,
        "mean_ns": 37320.5505050505,
        "median_ns": 5109.018843216404,
        "min_ns": 1065.0,
        "max_ns": 3001241.0,
        "variance_ns2": 90674512082.23718,
        "iqr_ns": 2355.7649247193253,
        "q1_ns": 4000.568235732477,
        "q3_ns": 6356.3331604518025
      },
      "first_seen_ts_ns": 1747523960751962292,
      "last_seen_ts_ns": 1747524073931620706,
      "duration_active_s": 113.179658414
    },
    {
      "tgid": 604,
      "comm": "lmp",
      "cgroup_id": 11321,
      "on_cpu_stats_ns": {
        "count": 86.0,
        "sum_ns": 2274846.500000001,
        "mean_ns": 26451.703488372103,
        "median_ns": 24992.037262244907,
        "min_ns": 8847.0,
        "max_ns": 131338.0,
        "variance_ns2": 181314099.0198701,
        "iqr_ns": 6749.01897886243,
        "q1_ns": 23040.354511333375,
        "q3_ns": 29789.373490195805
      },
      "runq_latency_stats_ns": {
        "count": 86.0,
        "sum_ns": 4103538.499999999,
        "mean_ns": 47715.56395348836,
        "median_ns": 5159.24476862259,
        "min_ns": 1529.0,
        "max_ns": 2001431.0,
        "variance_ns2": 61422034822.281166,
        "iqr_ns": 4484.081412381518,
        "q1_ns": 3405.455412505595,
        "q3_ns": 7889.536824887114
      },
      "first_seen_ts_ns": 1747523966234850621,
      "last_seen_ts_ns": 1747524075375205035,
      "duration_active_s": 109.140354414
    },
    {
      "tgid": 759,
      "comm": "lmp",
      "cgroup_id": 11321,
      "on_cpu_stats_ns": {
        "count": 92.0,
        "sum_ns": 2248596.000000001,
        "mean_ns": 24441.260869565227,
        "median_ns": 21888.706406329136,
        "min_ns": 7757.5,
        "max_ns": 301041.0,
        "variance_ns2": 906149088.2114197,
        "iqr_ns": 8634.384012612314,
        "q1_ns": 17283.318159168506,
        "q3_ns": 25917.70217178082
      },
      "runq_latency_stats_ns": {
        "count": 92.0,
        "sum_ns": 12060177.500000006,
        "mean_ns": 131088.88586956527,
        "median_ns": 4217.643749932345,
        "min_ns": 1130.0,
        "max_ns": 4000480.0,
        "variance_ns2": 361547922616.30835,
        "iqr_ns": 4892.364306738038,
        "q1_ns": 3860.8156316820555,
        "q3_ns": 8753.179938420093
      },
      "first_seen_ts_ns": 1747524080450342785,
      "last_seen_ts_ns": 1747524188959916640,
      "duration_active_s": 108.509573855
    },
    {
      "tgid": 798,
      "comm": "lmp",
      "cgroup_id": 11321,
      "on_cpu_stats_ns": {
        "count": 79.0,
        "sum_ns": 2099377.0,
        "mean_ns": 26574.392405063292,
        "median_ns": 23064.38749606764,
        "min_ns": 9142.0,
        "max_ns": 129826.0,
        "variance_ns2": 326436464.3696852,
        "iqr_ns": 9361.262115839647,
        "q1_ns": 18365.916654749366,
        "q3_ns": 27727.178770589013
      },
      "runq_latency_stats_ns": {
        "count": 79.0,
        "sum_ns": 6830756.999999997,
        "mean_ns": 86465.27848101262,
        "median_ns": 3546.215711449461,
        "min_ns": 1542.0,
        "max_ns": 4000612.0,
        "variance_ns2": 273120173733.43408,
        "iqr_ns": 1547.1702716844766,
        "q1_ns": 2843.434116833758,
        "q3_ns": 4390.604388518234
      },
      "first_seen_ts_ns": 1747524076406686994,
      "last_seen_ts_ns": 1747524186375620778,
      "duration_active_s": 109.968933784
    },
    {
      "tgid": 752,
      "comm": "lmp",
      "cgroup_id": 11321,
      "on_cpu_stats_ns": {
        "count": 87.0,
        "sum_ns": 2088015.382352941,
        "mean_ns": 24000.176808654494,
        "median_ns": 20445.30389190261,
        "min_ns": 2398.8823529411766,
        "max_ns": 73527.0,
        "variance_ns2": 201844040.43177134,
        "iqr_ns": 14203.75303660355,
        "q1_ns": 13181.270530685906,
        "q3_ns": 27385.023567289456
      },
      "runq_latency_stats_ns": {
        "count": 87.0,
        "sum_ns": 7139070.94117647,
        "mean_ns": 82058.28668018931,
        "median_ns": 2257.724949030846,
        "min_ns": 1221.0,
        "max_ns": 2992850.0,
        "variance_ns2": 162809225710.62888,
        "iqr_ns": 7859.552981528534,
        "q1_ns": 2118.913751298507,
        "q3_ns": 9978.46673282704
      },
      "first_seen_ts_ns": 1747524076406686994,
      "last_seen_ts_ns": 1747524188246840217,
      "duration_active_s": 111.840153223
    },
    {
      "tgid": 726,
      "comm": "lmp",
      "cgroup_id": 11321,
      "on_cpu_stats_ns": {
        "count": 85.0,
        "sum_ns": 2056161.0000000005,
        "mean_ns": 24190.129411764712,
        "median_ns": 23988.05435792551,
        "min_ns": 10615.0,
        "max_ns": 43459.0,
        "variance_ns2": 33579060.66162465,
        "iqr_ns": 7222.644322394644,
        "q1_ns": 20656.15410230073,
        "q3_ns": 27878.798424695375
      },
      "runq_latency_stats_ns": {
        "count": 85.0,
        "sum_ns": 6483153.999999999,
        "mean_ns": 76272.4,
        "median_ns": 3809.755024197918,
        "min_ns": 1252.0,
        "max_ns": 2996408.0,
        "variance_ns2": 207485436045.7667,
        "iqr_ns": 2427.4475492126912,
        "q1_ns": 3158.5997105932984,
        "q3_ns": 5586.04725980599
      },
      "first_seen_ts_ns": 1747523971830268647,
      "last_seen_ts_ns": 1747524073931620706,
      "duration_active_s": 102.101352059
    },
    {
      "tgid": 746,
      "comm": "lmp",
      "cgroup_id": 11321,
      "on_cpu_stats_ns": {
        "count": 83.0,
        "sum_ns": 2027328.4999999998,
        "mean_ns": 24425.64457831325,
        "median_ns": 24619.0100024077,
        "min_ns": 11515.0,
        "max_ns": 44282.0,
        "variance_ns2": 33003210.83859831,
        "iqr_ns": 5390.4571567037565,
        "q1_ns": 21600.519459599658,
        "q3_ns": 26990.976616303415
      },
      "runq_latency_stats_ns": {
        "count": 82.0,
        "sum_ns": 3664054.0000000023,
        "mean_ns": 44683.58536585369,
        "median_ns": 4147.497598696847,
        "min_ns": 1847.0,
        "max_ns": 2983918.0,
        "variance_ns2": 108940549172.4926,
        "iqr_ns": 1917.8251623038886,
        "q1_ns": 3733.2920362167024,
        "q3_ns": 5651.117198520591
      },
      "first_seen_ts_ns": 1747523969694007893,
      "last_seen_ts_ns": 1747524073931620706,
      "duration_active_s": 104.237612813
    },
    {
      "tgid": 753,
      "comm": "lmp",
      "cgroup_id": 11321,
      "on_cpu_stats_ns": {
        "count": 97.0,
        "sum_ns": 1865019.4999999995,
        "mean_ns": 19227.00515463917,
        "median_ns": 19725.24472664451,
        "min_ns": 5421.0,
        "max_ns": 38807.5,
        "variance_ns2": 70036605.94007735,
        "iqr_ns": 13841.381813544976,
        "q1_ns": 11120.975500938446,
        "q3_ns": 24962.357314483423
      },
      "runq_latency_stats_ns": {
        "count": 97.0,
        "sum_ns": 6605595.499999999,
        "mean_ns": 68098.92268041236,
        "median_ns": 3458.061611058027,
        "min_ns": 1128.0,
        "max_ns": 3998789.0,
        "variance_ns2": 204621606562.97568,
        "iqr_ns": 2981.168932747089,
        "q1_ns": 2400.95302539495,
        "q3_ns": 5382.121958142039
      },
      "first_seen_ts_ns": 1747524085037947482,
      "last_seen_ts_ns": 1747524187921833086,
      "duration_active_s": 102.883885604
    },
    {
      "tgid": 627,
      "comm": "lmp",
      "cgroup_id": 11321,
      "on_cpu_stats_ns": {
        "count": 86.0,
        "sum_ns": 1777480.000000001,
        "mean_ns": 20668.372093023267,
        "median_ns": 17972.032247586092,
        "min_ns": 8327.0,
        "max_ns": 132198.0,
        "variance_ns2": 189868761.64815322,
        "iqr_ns": 8905.31222822577,
        "q1_ns": 15109.112477306573,
        "q3_ns": 24014.424705532343
      },
      "runq_latency_stats_ns": {
        "count": 86.0,
        "sum_ns": 3267821.500000001,
        "mean_ns": 37997.92441860466,
        "median_ns": 4360.374242296529,
        "min_ns": 1054.5,
        "max_ns": 2846953.0,
        "variance_ns2": 93944752725.39717,
        "iqr_ns": 1487.5530491288218,
        "q1_ns": 3102.9659292609376,
        "q3_ns": 4590.5189783897595
      },
      "first_seen_ts_ns": 1747523966234850621,
      "last_seen_ts_ns": 1747524073203053506,
      "duration_active_s": 106.968202885
    },
    {
      "tgid": 28,
      "comm": "bash",
      "cgroup_id": 10926,
      "on_cpu_stats_ns": {
        "count": 95.0,
        "sum_ns": 1594242.269266358,
        "mean_ns": 16781.497571224823,
        "median_ns": 17055.907236406976,
        "min_ns": 6104.0,
        "max_ns": 33177.0,
        "variance_ns2": 39737378.72481531,
        "iqr_ns": 10312.665613502644,
        "q1_ns": 11233.743768842744,
        "q3_ns": 21546.409382345388
      },
      "runq_latency_stats_ns": {
        "count": 95.0,
        "sum_ns": 652316.6608063453,
        "mean_ns": 6866.4911663825815,
        "median_ns": 6544.863277075296,
        "min_ns": 1309.2247191011236,
        "max_ns": 41354.0,
        "variance_ns2": 17643146.328624748,
        "iqr_ns": 1344.1156310479373,
        "q1_ns": 5833.922094751848,
        "q3_ns": 7178.037725799785
      },
      "first_seen_ts_ns": 1747523847149550134,
      "last_seen_ts_ns": 1747524209880497887,
      "duration_active_s": 362.730947753
    },
    {
      "tgid": 82,
      "comm": "bash",
      "cgroup_id": 11163,
      "on_cpu_stats_ns": {
        "count": 95.0,
        "sum_ns": 1561438.2079958185,
        "mean_ns": 16436.191663113877,
        "median_ns": 15781.200857497632,
        "min_ns": 6498.0,
        "max_ns": 43830.0,
        "variance_ns2": 54952222.822619684,
        "iqr_ns": 11330.183577454041,
        "q1_ns": 10562.838609994873,
        "q3_ns": 21893.022187448914
      },
      "runq_latency_stats_ns": {
        "count": 95.0,
        "sum_ns": 593777.089626339,
        "mean_ns": 6250.285153961463,
        "median_ns": 6362.580034734556,
        "min_ns": 1186.3255813953488,
        "max_ns": 19406.0,
        "variance_ns2": 3905242.9853027286,
        "iqr_ns": 1458.3795561452534,
        "q1_ns": 5639.236671230224,
        "q3_ns": 7097.616227375477
      },
      "first_seen_ts_ns": 1747523848134730053,
      "last_seen_ts_ns": 1747524210798313531,
      "duration_active_s": 362.663583478
    },
    {
      "tgid": 171,
      "comm": "kvs",
      "cgroup_id": 11321,
      "on_cpu_stats_ns": {
        "count": 91.0,
        "sum_ns": 1389152.5084218592,
        "mean_ns": 15265.41218045999,
        "median_ns": 15266.620149692546,
        "min_ns": 5233.0,
        "max_ns": 26211.0,
        "variance_ns2": 33436747.02809359,
        "iqr_ns": 9701.283269617192,
        "q1_ns": 10372.116153684174,
        "q3_ns": 20073.399423301365
      },
      "runq_latency_stats_ns": {
        "count": 91.0,
        "sum_ns": 544028.9214147086,
        "mean_ns": 5978.339795766028,
        "median_ns": 6224.92831854487,
        "min_ns": 1289.5955056179776,
        "max_ns": 10753.0,
        "variance_ns2": 2541081.6558980993,
        "iqr_ns": 1408.7452845759626,
        "q1_ns": 5421.112653456093,
        "q3_ns": 6829.857938032055
      },
      "first_seen_ts_ns": 1747523848134730053,
      "last_seen_ts_ns": 1747524209982166724,
      "duration_active_s": 361.847436671
    },
    {
      "tgid": 171,
      "comm": "job-info",
      "cgroup_id": 11321,
      "on_cpu_stats_ns": {
        "count": 91.0,
        "sum_ns": 1335491.8870131455,
        "mean_ns": 14675.735022122479,
        "median_ns": 12251.499346659066,
        "min_ns": 5568.0,
        "max_ns": 30548.0,
        "variance_ns2": 35815647.59652288,
        "iqr_ns": 10741.667451789723,
        "q1_ns": 9604.072657136054,
        "q3_ns": 20345.740108925776
      },
      "runq_latency_stats_ns": {
        "count": 91.0,
        "sum_ns": 484583.09050384135,
        "mean_ns": 5325.088906635619,
        "median_ns": 5134.801683230302,
        "min_ns": 1166.5113636363637,
        "max_ns": 11109.0,
        "variance_ns2": 2419891.342150668,
        "iqr_ns": 1764.9162816232702,
        "q1_ns": 4393.740887902949,
        "q3_ns": 6158.657169526219
      },
      "first_seen_ts_ns": 1747523848134730053,
      "last_seen_ts_ns": 1747524209982166724,
      "duration_active_s": 361.847436671
    },
    {
      "tgid": 665,
      "comm": "lmp",
      "cgroup_id": 11321,
      "on_cpu_stats_ns": {
        "count": 129.0,
        "sum_ns": 1229119.3470767934,
        "mean_ns": 9528.05695408367,
        "median_ns": 9412.081970111412,
        "min_ns": 6371.375,
        "max_ns": 22168.0,
        "variance_ns2": 6032901.594644551,
        "iqr_ns": 2897.519318745318,
        "q1_ns": 7722.359015430328,
        "q3_ns": 10619.878334175646
      },
      "runq_latency_stats_ns": {
        "count": 129.0,
        "sum_ns": 11990040.025573747,
        "mean_ns": 92946.046709874,
        "median_ns": 23647.023084484546,
        "min_ns": 1560.438596491228,
        "max_ns": 1533516.5,
        "variance_ns2": 38078089824.886,
        "iqr_ns": 160521.0282423159,
        "q1_ns": 2363.300841698885,
        "q3_ns": 162884.32908401478
      },
      "first_seen_ts_ns": 1747523969085382999,
      "last_seen_ts_ns": 1747524075071345080,
      "duration_active_s": 105.985962081
    },
    {
      "tgid": 171,
      "comm": "ZMQbg/Reaper",
      "cgroup_id": 11321,
      "on_cpu_stats_ns": {
        "count": 92.0,
        "sum_ns": 1181530.5578546533,
        "mean_ns": 12842.723454941884,
        "median_ns": 11955.426572947325,
        "min_ns": 3348.0,
        "max_ns": 28780.0,
        "variance_ns2": 23449695.79317335,
        "iqr_ns": 6495.359356547178,
        "q1_ns": 9600.327974746435,
        "q3_ns": 16095.687331293613
      },
      "runq_latency_stats_ns": {
        "count": 92.0,
        "sum_ns": 435128.53145466547,
        "mean_ns": 4729.65795059419,
        "median_ns": 4681.923471564282,
        "min_ns": 1106.0,
        "max_ns": 10912.0,
        "variance_ns2": 1652117.6656435695,
        "iqr_ns": 907.1360630396139,
        "q1_ns": 4035.4495462473706,
        "q3_ns": 4942.585609286984
      },
      "first_seen_ts_ns": 1747523848134730053,
      "last_seen_ts_ns": 1747524209982166724,
      "duration_active_s": 361.847436671
    },
    {
      "tgid": 711,
      "comm": "lmp",
      "cgroup_id": 11321,
      "on_cpu_stats_ns": {
        "count": 5.0,
        "sum_ns": 1094675.6,
        "mean_ns": 218935.12000000002,
        "median_ns": 88414.0,
        "min_ns": 69197.0,
        "max_ns": 697720.0,
        "variance_ns2": 73062219610.772,
        "iqr_ns": 87754.6,
        "q1_ns": 75795.0,
        "q3_ns": 163549.6
      },
      "runq_latency_stats_ns": {
        "count": 5.0,
        "sum_ns": 25999.6,
        "mean_ns": 5199.92,
        "median_ns": 5346.0,
        "min_ns": 1743.6,
        "max_ns": 8649.0,
        "variance_ns2": 7860804.732000001,
        "iqr_ns": 3891.0,
        "q1_ns": 3185.0,
        "q3_ns": 7076.0
      },
      "first_seen_ts_ns": 1747523964090360178,
      "last_seen_ts_ns": 1747523987810953067,
      "duration_active_s": 23.720592889
    },
    {
      "tgid": 792,
      "comm": "lmp",
      "cgroup_id": 11321,
      "on_cpu_stats_ns": {
        "count": 81.0,
        "sum_ns": 701329.3576319631,
        "mean_ns": 8658.387131258803,
        "median_ns": 7614.476003512182,
        "min_ns": 6142.916666666667,
        "max_ns": 26107.0,
        "variance_ns2": 8691814.251734916,
        "iqr_ns": 1533.8398053882756,
        "q1_ns": 7370.642183489561,
        "q3_ns": 8904.481988877837
      },
      "runq_latency_stats_ns": {
        "count": 81.0,
        "sum_ns": 127382.95369549809,
        "mean_ns": 1572.6290579691122,
        "median_ns": 1404.357217076849,
        "min_ns": 682.8125,
        "max_ns": 4793.0,
        "variance_ns2": 298483.1205488484,
        "iqr_ns": 212.31518440663626,
        "q1_ns": 1341.2746903102345,
        "q3_ns": 1553.5898747168708
      },
      "first_seen_ts_ns": 1747524126079109569,
      "last_seen_ts_ns": 1747524189065231314,
      "duration_active_s": 62.986121745
    },
    {
      "tgid": 472,
      "comm": "lmp",
      "cgroup_id": 11321,
      "on_cpu_stats_ns": {
        "count": 34.0,
        "sum_ns": 571959.9298245613,
        "mean_ns": 16822.35087719298,
        "median_ns": 16851.81300755948,
        "min_ns": 7873.0,
        "max_ns": 32490.0,
        "variance_ns2": 38363768.3056978,
        "iqr_ns": 11039.368521873892,
        "q1_ns": 10363.32244122652,
        "q3_ns": 21402.690963100413
      },
      "runq_latency_stats_ns": {
        "count": 34.0,
        "sum_ns": 188277.87719298244,
        "mean_ns": 5537.584623323013,
        "median_ns": 6419.159931832184,
        "min_ns": 1127.3333333333333,
        "max_ns": 7773.0,
        "variance_ns2": 3240511.2545533,
        "iqr_ns": 1024.944916909959,
        "q1_ns": 5848.755419291441,
        "q3_ns": 6873.7003362014
      },
      "first_seen_ts_ns": 1747523848134730053,
      "last_seen_ts_ns": 1747523957947053083,
      "duration_active_s": 109.81232303
    },
    {
      "tgid": 424,
      "comm": "lmp",
      "cgroup_id": 11321,
      "on_cpu_stats_ns": {
        "count": 35.0,
        "sum_ns": 568715.4736842106,
        "mean_ns": 16249.013533834588,
        "median_ns": 17397.95615240653,
        "min_ns": 6376.0,
        "max_ns": 32620.0,
        "variance_ns2": 39141209.77352462,
        "iqr_ns": 10751.30670848598,
        "q1_ns": 9849.18959454896,
        "q3_ns": 20600.49630303494
      },
      "runq_latency_stats_ns": {
        "count": 35.0,
        "sum_ns": 214821.22807017545,
        "mean_ns": 6137.749373433584,
        "median_ns": 6835.851495921169,
        "min_ns": 961.3333333333334,
        "max_ns": 13932.0,
        "variance_ns2": 7668954.374949242,
        "iqr_ns": 1934.0152108031843,
        "q1_ns": 5250.0592156380035,
        "q3_ns": 7184.074426441188
      },
      "first_seen_ts_ns": 1747523848134730053,
      "last_seen_ts_ns": 1747523958386165579,
      "duration_active_s": 110.251435526
    },
    {
      "tgid": 171,
      "comm": "content",
      "cgroup_id": 11321,
      "on_cpu_stats_ns": {
        "count": 7.0,
        "sum_ns": 562258.0,
        "mean_ns": 80322.57142857143,
        "median_ns": 25581.0,
        "min_ns": 13964.0,
        "max_ns": 424364.0,
        "variance_ns2": 23080414523.285717,
        "iqr_ns": 3895.0,
        "q1_ns": 21686.0,
        "q3_ns": 25581.0
      },
      "runq_latency_stats_ns": {
        "count": 7.0,
        "sum_ns": 54789.5,
        "mean_ns": 7827.071428571428,
        "median_ns": 4332.0,
        "min_ns": 1950.0,
        "max_ns": 18556.0,
        "variance_ns2": 40281053.36904762,
        "iqr_ns": 709.5,
        "q1_ns": 3622.5,
        "q3_ns": 4332.0
      },
      "first_seen_ts_ns": 1747523848465787761,
      "last_seen_ts_ns": 1747524187921833086,
      "duration_active_s": 339.456045325
    },
    {
      "tgid": 418,
      "comm": "lmp",
      "cgroup_id": 11321,
      "on_cpu_stats_ns": {
        "count": 32.0,
        "sum_ns": 556352.1228070176,
        "mean_ns": 17386.0038377193,
        "median_ns": 17531.864284057723,
        "min_ns": 5769.0,
        "max_ns": 66091.0,
        "variance_ns2": 110667960.92633437,
        "iqr_ns": 10504.727562954613,
        "q1_ns": 10973.09003615077,
        "q3_ns": 21477.817599105383
      },
      "runq_latency_stats_ns": {
        "count": 32.0,
        "sum_ns": 196637.6842105263,
        "mean_ns": 6144.927631578947,
        "median_ns": 6402.0040916897815,
        "min_ns": 1355.3508771929824,
        "max_ns": 12001.0,
        "variance_ns2": 5054766.784832057,
        "iqr_ns": 839.8297071725037,
        "q1_ns": 5752.371230353972,
        "q3_ns": 6592.200937526476
      },
      "first_seen_ts_ns": 1747523847263850814,
      "last_seen_ts_ns": 1747523957947053083,
      "duration_active_s": 110.683202269
    },
    {
      "tgid": 502,
      "comm": "lmp",
      "cgroup_id": 11321,
      "on_cpu_stats_ns": {
        "count": 30.0,
        "sum_ns": 545526.3859649125,
        "mean_ns": 18184.212865497084,
        "median_ns": 16373.215862850851,
        "min_ns": 7386.0,
        "max_ns": 30881.0,
        "variance_ns2": 52452836.65356415,
        "iqr_ns": 12967.096538791719,
        "q1_ns": 11042.364926644232,
        "q3_ns": 24009.46146543595
      },
      "runq_latency_stats_ns": {
        "count": 30.0,
        "sum_ns": 182802.0,
        "mean_ns": 6093.4,
        "median_ns": 6925.143543768301,
        "min_ns": 1043.3333333333333,
        "max_ns": 13613.0,
        "variance_ns2": 5471412.140996168,
        "iqr_ns": 3531.5854516128143,
        "q1_ns": 3446.2087444607746,
        "q3_ns": 6977.794196073589
      },
      "first_seen_ts_ns": 1747523847149550134,
      "last_seen_ts_ns": 1747523957947053083,
      "duration_active_s": 110.797502949
    },
    {
      "tgid": 412,
      "comm": "lmp",
      "cgroup_id": 11321,
      "on_cpu_stats_ns": {
        "count": 31.0,
        "sum_ns": 518024.36842105264,
        "mean_ns": 16710.46349745331,
        "median_ns": 18416.854254698494,
        "min_ns": 6710.0,
        "max_ns": 35148.0,
        "variance_ns2": 45921771.59695852,
        "iqr_ns": 12768.261006726623,
        "q1_ns": 9896.969731151365,
        "q3_ns": 22665.230737877988
      },
      "runq_latency_stats_ns": {
        "count": 31.0,
        "sum_ns": 414687.5789473684,
        "mean_ns": 13377.018675721562,
        "median_ns": 5806.76065129242,
        "min_ns": 976.0,
        "max_ns": 223577.0,
        "variance_ns2": 1528781268.6985319,
        "iqr_ns": 2083.122740027762,
        "q1_ns": 6255.327479478716,
        "q3_ns": 8338.450219506478
      },
      "first_seen_ts_ns": 1747523847809831432,
      "last_seen_ts_ns": 1747523957947053083,
      "duration_active_s": 110.137221651
    },
    {
      "tgid": 442,
      "comm": "lmp",
      "cgroup_id": 11321,
      "on_cpu_stats_ns": {
        "count": 30.0,
        "sum_ns": 512053.0350877192,
        "mean_ns": 17068.434502923974,
        "median_ns": 16941.702189063948,
        "min_ns": 6179.0,
        "max_ns": 30881.0,
        "variance_ns2": 41163237.29556433,
        "iqr_ns": 11445.855804654539,
        "q1_ns": 10366.89277595325,
        "q3_ns": 21812.74858060779
      },
      "runq_latency_stats_ns": {
        "count": 30.0,
        "sum_ns": 200828.85964912284,
        "mean_ns": 6694.295321637428,
        "median_ns": 6688.359881314072,
        "min_ns": 1012.3333333333334,
        "max_ns": 14424.0,
        "variance_ns2": 6727528.195393454,
        "iqr_ns": 1463.5363850291706,
        "q1_ns": 6791.205087605082,
        "q3_ns": 8254.741472634252
      },
      "first_seen_ts_ns": 1747523848134730053,
      "last_seen_ts_ns": 1747523957947053083,
      "duration_active_s": 109.81232303
    },
    {
      "tgid": 917,
      "comm": "lmp",
      "cgroup_id": 11321,
      "on_cpu_stats_ns": {
        "count": 60.0,
        "sum_ns": 507588.7352824012,
        "mean_ns": 8459.812254706687,
        "median_ns": 8605.301952507252,
        "min_ns": 5977.4,
        "max_ns": 15473.5,
        "variance_ns2": 2969538.095279157,
        "iqr_ns": 1445.2805454150293,
        "q1_ns": 7544.234900828778,
        "q3_ns": 8989.515446243808
      },
      "runq_latency_stats_ns": {
        "count": 60.0,
        "sum_ns": 131063.55790667019,
        "mean_ns": 2184.3926317778364,
        "median_ns": 2200.3454295815,
        "min_ns": 1147.65,
        "max_ns": 5678.058823529412,
        "variance_ns2": 662754.865101512,
        "iqr_ns": 868.7073161005314,
        "q1_ns": 1651.3788105108829,
        "q3_ns": 2520.0861266114143
      },
      "first_seen_ts_ns": 1747524078012826775,
      "last_seen_ts_ns": 1747524126079109569,
      "duration_active_s": 48.066282794
    },
    {
      "tgid": 448,
      "comm": "lmp",
      "cgroup_id": 11321,
      "on_cpu_stats_ns": {
        "count": 32.0,
        "sum_ns": 499613.75438596494,
        "mean_ns": 15612.929824561405,
        "median_ns": 15363.212438555673,
        "min_ns": 7360.0,
        "max_ns": 24087.0,
        "variance_ns2": 30612398.225121375,
        "iqr_ns": 10404.872080278805,
        "q1_ns": 10175.299544994396,
        "q3_ns": 20580.1716252732
      },
      "runq_latency_stats_ns": {
        "count": 32.0,
        "sum_ns": 182623.84210526317,
        "mean_ns": 5706.995065789474,
        "median_ns": 6448.1646538056275,
        "min_ns": 1059.0,
        "max_ns": 8866.0,
        "variance_ns2": 4356758.842884348,
        "iqr_ns": 1222.1227679931617,
        "q1_ns": 5593.429185693132,
        "q3_ns": 6815.551953686294
      },
      "first_seen_ts_ns": 1747523848134730053,
      "last_seen_ts_ns": 1747523957947053083,
      "duration_active_s": 109.81232303
    },
    {
      "tgid": 430,
      "comm": "lmp",
      "cgroup_id": 11321,
      "on_cpu_stats_ns": {
        "count": 30.0,
        "sum_ns": 492737.8947368421,
        "mean_ns": 16424.59649122807,
        "median_ns": 16437.204676476817,
        "min_ns": 6391.0,
        "max_ns": 26638.0,
        "variance_ns2": 35769160.48893558,
        "iqr_ns": 10268.321334444816,
        "q1_ns": 11079.497174646633,
        "q3_ns": 21347.81850909145
      },
      "runq_latency_stats_ns": {
        "count": 30.0,
        "sum_ns": 204979.17543859646,
        "mean_ns": 6832.639181286549,
        "median_ns": 6621.067844912892,
        "min_ns": 1011.0,
        "max_ns": 12889.0,
        "variance_ns2": 5154033.971040072,
        "iqr_ns": 1993.8042680988092,
        "q1_ns": 5574.08014644447,
        "q3_ns": 7567.8844145432795
      },
      "first_seen_ts_ns": 1747523848134730053,
      "last_seen_ts_ns": 1747523957947053083,
      "duration_active_s": 109.81232303
    },
    {
      "tgid": 478,
      "comm": "lmp",
      "cgroup_id": 11321,
      "on_cpu_stats_ns": {
        "count": 29.0,
        "sum_ns": 470797.5964912281,
        "mean_ns": 16234.399879007866,
        "median_ns": 17655.5035880787,
        "min_ns": 6382.0,
        "max_ns": 27776.0,
        "variance_ns2": 37295318.18481245,
        "iqr_ns": 7167.318169511233,
        "q1_ns": 14432.013256091672,
        "q3_ns": 21599.331425602904
      },
      "runq_latency_stats_ns": {
        "count": 29.0,
        "sum_ns": 172164.3684210526,
        "mean_ns": 5936.702359346642,
        "median_ns": 6689.434081745632,
        "min_ns": 1104.0,
        "max_ns": 10174.0,
        "variance_ns2": 3890843.1894095517,
        "iqr_ns": 1263.9931104353582,
        "q1_ns": 6035.104605818513,
        "q3_ns": 7299.097716253871
      },
      "first_seen_ts_ns": 1747523848134730053,
      "last_seen_ts_ns": 1747523957947053083,
      "duration_active_s": 109.81232303
    },
    {
      "tgid": 406,
      "comm": "lmp",
      "cgroup_id": 11321,
      "on_cpu_stats_ns": {
        "count": 30.0,
        "sum_ns": 467676.8596491228,
        "mean_ns": 15589.22865497076,
        "median_ns": 17759.919517197348,
        "min_ns": 5889.0,
        "max_ns": 30033.0,
        "variance_ns2": 41213675.073635034,
        "iqr_ns": 9290.466148614818,
        "q1_ns": 11425.185264623666,
        "q3_ns": 20715.651413238484
      },
      "runq_latency_stats_ns": {
        "count": 30.0,
        "sum_ns": 170691.03508771933,
        "mean_ns": 5689.701169590644,
        "median_ns": 6158.069899130498,
        "min_ns": 1210.701754385965,
        "max_ns": 9547.0,
        "variance_ns2": 3505824.696733921,
        "iqr_ns": 494.9168857383038,
        "q1_ns": 6291.072437504675,
        "q3_ns": 6785.989323242979
      },
      "first_seen_ts_ns": 1747523848134730053,
      "last_seen_ts_ns": 1747523957947053083,
      "duration_active_s": 109.81232303
    },
    {
      "tgid": 400,
      "comm": "lmp",
      "cgroup_id": 11321,
      "on_cpu_stats_ns": {
        "count": 31.0,
        "sum_ns": 457207.57894736837,
        "mean_ns": 14748.631578947367,
        "median_ns": 14760.198460042515,
        "min_ns": 6782.0,
        "max_ns": 32041.0,
        "variance_ns2": 31021679.330953114,
        "iqr_ns": 7968.292563792747,
        "q1_ns": 10657.81589183701,
        "q3_ns": 18626.108455629757
      },
      "runq_latency_stats_ns": {
        "count": 31.0,
        "sum_ns": 159369.85964912278,
        "mean_ns": 5140.9632144878315,
        "median_ns": 5448.473511560856,
        "min_ns": 1101.0,
        "max_ns": 13026.0,
        "variance_ns2": 4187360.286392836,
        "iqr_ns": 1603.6142191032723,
        "q1_ns": 4527.231602073501,
        "q3_ns": 6130.845821176773
      },
      "first_seen_ts_ns": 1747523847149550134,
      "last_seen_ts_ns": 1747523957947053083,
      "duration_active_s": 110.797502949
    },
    {
      "tgid": 466,
      "comm": "lmp",
      "cgroup_id": 11321,
      "on_cpu_stats_ns": {
        "count": 29.0,
        "sum_ns": 453942.85964912275,
        "mean_ns": 15653.202056866301,
        "median_ns": 16000.855427427998,
        "min_ns": 6647.0,
        "max_ns": 22801.0,
        "variance_ns2": 30195350.637198713,
        "iqr_ns": 10857.52732778847,
        "q1_ns": 9347.15855430785,
        "q3_ns": 20204.68588209632
      },
      "runq_latency_stats_ns": {
        "count": 29.0,
        "sum_ns": 168514.36842105267,
        "mean_ns": 5810.840290381127,
        "median_ns": 6412.79964739444,
        "min_ns": 1053.0,
        "max_ns": 8505.0,
        "variance_ns2": 3698230.4051212436,
        "iqr_ns": 885.7914286844398,
        "q1_ns": 6351.4270947682235,
        "q3_ns": 7237.218523452663
      },
      "first_seen_ts_ns": 1747523848134730053,
      "last_seen_ts_ns": 1747523959624660857,
      "duration_active_s": 111.489930804
    },
    {
      "tgid": 460,
      "comm": "lmp",
      "cgroup_id": 11321,
      "on_cpu_stats_ns": {
        "count": 29.0,
        "sum_ns": 451132.38596491225,
        "mean_ns": 15556.28917120387,
        "median_ns": 14563.38871368516,
        "min_ns": 5945.0,
        "max_ns": 31363.0,
        "variance_ns2": 42022671.16892277,
        "iqr_ns": 10492.528445499178,
        "q1_ns": 10243.15619896596,
        "q3_ns": 20735.68464446514
      },
      "runq_latency_stats_ns": {
        "count": 29.0,
        "sum_ns": 151804.12280701753,
        "mean_ns": 5234.624924379915,
        "median_ns": 5193.904533517055,
        "min_ns": 1051.6666666666667,
        "max_ns": 7135.0,
        "variance_ns2": 3251079.87007901,
        "iqr_ns": 2392.5577379772676,
        "q1_ns": 4140.026784482325,
        "q3_ns": 6532.584522459592
      },
      "first_seen_ts_ns": 1747523847149550134,
      "last_seen_ts_ns": 1747523957947053083,
      "duration_active_s": 110.797502949
    },
    {
      "tgid": 538,
      "comm": "lmp",
      "cgroup_id": 11321,
      "on_cpu_stats_ns": {
        "count": 27.0,
        "sum_ns": 443710.1538461539,
        "mean_ns": 16433.709401709402,
        "median_ns": 16704.389076770796,
        "min_ns": 6515.0,
        "max_ns": 30924.0,
        "variance_ns2": 30114732.994575944,
        "iqr_ns": 7095.778949892036,
        "q1_ns": 13630.024237334263,
        "q3_ns": 20725.803187226298
      },
      "runq_latency_stats_ns": {
        "count": 27.0,
        "sum_ns": 163607.88461538465,
        "mean_ns": 6059.551282051283,
        "median_ns": 7270.01802312271,
        "min_ns": 1140.0,
        "max_ns": 9350.0,
        "variance_ns2": 5307686.415680473,
        "iqr_ns": 3394.1933278602683,
        "q1_ns": 4181.810368358079,
        "q3_ns": 7576.003696218348
      },
      "first_seen_ts_ns": 1747523848134730053,
      "last_seen_ts_ns": 1747523957947053083,
      "duration_active_s": 109.81232303
    },
    {
      "tgid": 436,
      "comm": "lmp",
      "cgroup_id": 11321,
      "on_cpu_stats_ns": {
        "count": 30.0,
        "sum_ns": 442272.12280701747,
        "mean_ns": 14742.40409356725,
        "median_ns": 16890.98394105816,
        "min_ns": 5803.0,
        "max_ns": 21969.0,
        "variance_ns2": 30849721.071767088,
        "iqr_ns": 11344.941816720715,
        "q1_ns": 8532.044335861028,
        "q3_ns": 19876.986152581743
      },
      "runq_latency_stats_ns": {
        "count": 30.0,
        "sum_ns": 178856.96491228073,
        "mean_ns": 5961.898830409358,
        "median_ns": 5974.674166569146,
        "min_ns": 1110.3333333333333,
        "max_ns": 8053.0,
        "variance_ns2": 3027594.2743907054,
        "iqr_ns": 1077.3800492480423,
        "q1_ns": 5510.601455396036,
        "q3_ns": 6587.981504644078
      },
      "first_seen_ts_ns": 1747523848134730053,
      "last_seen_ts_ns": 1747523957947053083,
      "duration_active_s": 109.81232303
    },
    {
      "tgid": 484,
      "comm": "lmp",
      "cgroup_id": 11321,
      "on_cpu_stats_ns": {
        "count": 28.0,
        "sum_ns": 440820.6315789473,
        "mean_ns": 15743.593984962403,
        "median_ns": 17130.83662131435,
        "min_ns": 5120.0,
        "max_ns": 28897.0,
        "variance_ns2": 39312989.48168017,
        "iqr_ns": 10944.300670090908,
        "q1_ns": 9473.025229649125,
        "q3_ns": 20417.325899740033
      },
      "runq_latency_stats_ns": {
        "count": 28.0,
        "sum_ns": 162694.08771929826,
        "mean_ns": 5810.503132832081,
        "median_ns": 6450.58298602989,
        "min_ns": 1357.3333333333333,
        "max_ns": 7630.0,
        "variance_ns2": 2853809.999841628,
        "iqr_ns": 978.9006885960725,
        "q1_ns": 5619.578881102809,
        "q3_ns": 6598.479569698881
      },
      "first_seen_ts_ns": 1747523848134730053,
      "last_seen_ts_ns": 1747523959624660857,
      "duration_active_s": 111.489930804
    },
    {
      "tgid": 532,
      "comm": "lmp",
      "cgroup_id": 11321,
      "on_cpu_stats_ns": {
        "count": 27.0,
        "sum_ns": 413563.1474358975,
        "mean_ns": 15317.153608736944,
        "median_ns": 16828.87910041816,
        "min_ns": 5842.0,
        "max_ns": 24172.0,
        "variance_ns2": 33220000.18540587,
        "iqr_ns": 11482.87557465156,
        "q1_ns": 9280.794790308388,
        "q3_ns": 20763.670364959948
      },
      "runq_latency_stats_ns": {
        "count": 27.0,
        "sum_ns": 151462.26923076925,
        "mean_ns": 5609.713675213676,
        "median_ns": 6527.8200433287875,
        "min_ns": 1003.0,
        "max_ns": 8105.0,
        "variance_ns2": 3448028.5803747526,
        "iqr_ns": 3995.3715632081517,
        "q1_ns": 2936.181575540913,
        "q3_ns": 6931.553138749065
      },
      "first_seen_ts_ns": 1747523847263850814,
      "last_seen_ts_ns": 1747523957947053083,
      "duration_active_s": 110.683202269
    },
    {
      "tgid": 526,
      "comm": "lmp",
      "cgroup_id": 11321,
      "on_cpu_stats_ns": {
        "count": 26.0,
        "sum_ns": 410444.3684210526,
        "mean_ns": 15786.321862348175,
        "median_ns": 16039.62318529429,
        "min_ns": 6335.0,
        "max_ns": 22890.0,
        "variance_ns2": 31016697.358742815,
        "iqr_ns": 8263.386766680096,
        "q1_ns": 12212.175104999946,
        "q3_ns": 20475.56187168004
      },
      "runq_latency_stats_ns": {
        "count": 26.0,
        "sum_ns": 156311.3684210526,
        "mean_ns": 6011.975708502024,
        "median_ns": 6517.324892158897,
        "min_ns": 1265.0,
        "max_ns": 7857.0,
        "variance_ns2": 3225642.02002036,
        "iqr_ns": 1132.5391598082706,
        "q1_ns": 5676.7675272108845,
        "q3_ns": 6809.306687019155
      },
      "first_seen_ts_ns": 1747523848134730053,
      "last_seen_ts_ns": 1747523957947053083,
      "duration_active_s": 109.81232303
    },
    {
      "tgid": 496,
      "comm": "lmp",
      "cgroup_id": 11321,
      "on_cpu_stats_ns": {
        "count": 26.0,
        "sum_ns": 408153.47368421056,
        "mean_ns": 15698.210526315792,
        "median_ns": 16625.74535938978,
        "min_ns": 5417.0,
        "max_ns": 29396.0,
        "variance_ns2": 44926794.47913818,
        "iqr_ns": 13216.644111668724,
        "q1_ns": 8273.68869320122,
        "q3_ns": 21490.332804869944
      },
      "runq_latency_stats_ns": {
        "count": 26.0,
        "sum_ns": 161504.52631578952,
        "mean_ns": 6211.712550607289,
        "median_ns": 6454.6232901372,
        "min_ns": 974.3333333333334,
        "max_ns": 8229.0,
        "variance_ns2": 3637715.4512299625,
        "iqr_ns": 2699.268312609983,
        "q1_ns": 4147.486328546477,
        "q3_ns": 6846.75464115646
      },
      "first_seen_ts_ns": 1747523847149550134,
      "last_seen_ts_ns": 1747523957947053083,
      "duration_active_s": 110.797502949
    },
    {
      "tgid": 490,
      "comm": "lmp",
      "cgroup_id": 11321,
      "on_cpu_stats_ns": {
        "count": 26.0,
        "sum_ns": 405881.2280701755,
        "mean_ns": 15610.81646423752,
        "median_ns": 15527.734861492023,
        "min_ns": 5772.0,
        "max_ns": 31587.0,
        "variance_ns2": 47234724.199328534,
        "iqr_ns": 11516.88228019042,
        "q1_ns": 9770.701895482798,
        "q3_ns": 21287.58417567322
      },
      "runq_latency_stats_ns": {
        "count": 26.0,
        "sum_ns": 141616.06140350876,
        "mean_ns": 5446.771592442645,
        "median_ns": 6423.273973376905,
        "min_ns": 989.0,
        "max_ns": 7050.0,
        "variance_ns2": 2786321.756420319,
        "iqr_ns": 2976.0319276755827,
        "q1_ns": 3538.0303547218764,
        "q3_ns": 6514.062282397459
      },
      "first_seen_ts_ns": 1747523847149550134,
      "last_seen_ts_ns": 1747523957947053083,
      "duration_active_s": 110.797502949
    },
    {
      "tgid": 514,
      "comm": "lmp",
      "cgroup_id": 11321,
      "on_cpu_stats_ns": {
        "count": 25.0,
        "sum_ns": 377583.28947368416,
        "mean_ns": 15103.331578947365,
        "median_ns": 14059.324119593424,
        "min_ns": 6550.0,
        "max_ns": 22250.0,
        "variance_ns2": 24577209.244716335,
        "iqr_ns": 9034.805528355308,
        "q1_ns": 10642.901580224403,
        "q3_ns": 19677.70710857971
      },
      "runq_latency_stats_ns": {
        "count": 25.0,
        "sum_ns": 153550.74561403503,
        "mean_ns": 6142.029824561401,
        "median_ns": 6720.653619313571,
        "min_ns": 1150.6666666666667,
        "max_ns": 10614.0,
        "variance_ns2": 3865576.89504463,
        "iqr_ns": 358.3700189399078,
        "q1_ns": 6633.9856811673235,
        "q3_ns": 6992.355700107231
      },
      "first_seen_ts_ns": 1747523848134730053,
      "last_seen_ts_ns": 1747523957947053083,
      "duration_active_s": 109.81232303
    },
    {
      "tgid": 520,
      "comm": "lmp",
      "cgroup_id": 11321,
      "on_cpu_stats_ns": {
        "count": 24.0,
        "sum_ns": 370263.56140350876,
        "mean_ns": 15427.648391812865,
        "median_ns": 16366.663592251703,
        "min_ns": 8610.0,
        "max_ns": 22812.0,
        "variance_ns2": 25633486.542975873,
        "iqr_ns": 9447.217456219936,
        "q1_ns": 10546.061931694068,
        "q3_ns": 19993.279387914004
      },
      "runq_latency_stats_ns": {
        "count": 24.0,
        "sum_ns": 164853.35087719298,
        "mean_ns": 6868.889619883041,
        "median_ns": 6415.394793321284,
        "min_ns": 1039.3333333333333,
        "max_ns": 10690.0,
        "variance_ns2": 5401478.639728055,
        "iqr_ns": 3341.0303593186463,
        "q1_ns": 5490.395409789869,
        "q3_ns": 8831.425769108515
      },
      "first_seen_ts_ns": 1747523848134730053,
      "last_seen_ts_ns": 1747523957947053083,
      "duration_active_s": 109.81232303
    },
    {
      "tgid": 454,
      "comm": "lmp",
      "cgroup_id": 11321,
      "on_cpu_stats_ns": {
        "count": 27.0,
        "sum_ns": 368631.3157894737,
        "mean_ns": 13653.011695906433,
        "median_ns": 12598.599862561357,
        "min_ns": 6183.0,
        "max_ns": 23142.0,
        "variance_ns2": 25022011.95915902,
        "iqr_ns": 9961.194282025412,
        "q1_ns": 7940.332887819356,
        "q3_ns": 17901.52716984477
      },
      "runq_latency_stats_ns": {
        "count": 27.0,
        "sum_ns": 177294.87719298244,
        "mean_ns": 6566.476933073424,
        "median_ns": 6699.909685532848,
        "min_ns": 1080.0,
        "max_ns": 12157.0,
        "variance_ns2": 4816465.95397488,
        "iqr_ns": 2185.5710349706287,
        "q1_ns": 5788.671265589458,
        "q3_ns": 7974.242300560087
      },
      "first_seen_ts_ns": 1747523848134730053,
      "last_seen_ts_ns": 1747523957947053083,
      "duration_active_s": 109.81232303
    },
    {
      "tgid": 508,
      "comm": "lmp",
      "cgroup_id": 11321,
      "on_cpu_stats_ns": {
        "count": 20.0,
        "sum_ns": 344092.00000000006,
        "mean_ns": 17204.600000000002,
        "median_ns": 18936.94498025895,
        "min_ns": 8682.0,
        "max_ns": 23179.0,
        "variance_ns2": 28307284.989473693,
        "iqr_ns": 9823.048250275773,
        "q1_ns": 11475.068663895188,
        "q3_ns": 21298.11691417096
      },
      "runq_latency_stats_ns": {
        "count": 20.0,
        "sum_ns": 134142.0,
        "mean_ns": 6707.099999999999,
        "median_ns": 6434.731547619047,
        "min_ns": 5439.0,
        "max_ns": 8715.0,
        "variance_ns2": 580174.9368421054,
        "iqr_ns": 494.45204743226986,
        "q1_ns": 6475.563100137175,
        "q3_ns": 6970.015147569445
      },
      "first_seen_ts_ns": 1747523857945837213,
      "last_seen_ts_ns": 1747523957947053083,
      "duration_active_s": 100.00121587
    },
    {
      "tgid": 607,
      "comm": "lmp",
      "cgroup_id": 11321,
      "on_cpu_stats_ns": {
        "count": 10.0,
        "sum_ns": 284144.5,
        "mean_ns": 28414.45,
        "median_ns": 19903.833333333332,
        "min_ns": 6896.0,
        "max_ns": 119908.0,
        "variance_ns2": 1072343249.9138889,
        "iqr_ns": 18588.127314814818,
        "q1_ns": 14935.6875,
        "q3_ns": 33523.81481481482
      },
      "runq_latency_stats_ns": {
        "count": 10.0,
        "sum_ns": 437119.21428571426,
        "mean_ns": 43711.921428571426,
        "median_ns": 25009.041666666668,
        "min_ns": 1171.7142857142858,
        "max_ns": 215322.0,
        "variance_ns2": 4391916886.871258,
        "iqr_ns": 20588.5,
        "q1_ns": 9404.0,
        "q3_ns": 29992.5
      },
      "first_seen_ts_ns": 1747523960642712549,
      "last_seen_ts_ns": 1747523979660635808,
      "duration_active_s": 19.017923259
    },
    {
      "tgid": 171,
      "comm": "ZMQbg/IO/0",
      "cgroup_id": 11321,
      "on_cpu_stats_ns": {
        "count": 4.0,
        "sum_ns": 236893.0,
        "mean_ns": 59223.25,
        "median_ns": 50606.0,
        "min_ns": 15860.0,
        "max_ns": 121162.0,
        "variance_ns2": 1963401314.25,
        "iqr_ns": 71897.0,
        "q1_ns": 49265.0,
        "q3_ns": 121162.0
      },
      "runq_latency_stats_ns": {
        "count": 4.0,
        "sum_ns": 21005.0,
        "mean_ns": 5251.25,
        "median_ns": 4222.0,
        "min_ns": 1832.0,
        "max_ns": 12717.0,
        "variance_ns2": 25863948.916666668,
        "iqr_ns": 10483.0,
        "q1_ns": 2234.0,
        "q3_ns": 12717.0
      },
      "first_seen_ts_ns": 1747523958386165579,
      "last_seen_ts_ns": 1747524187921833086,
      "duration_active_s": 229.535667507
    },
    {
      "tgid": 730,
      "comm": "lmp",
      "cgroup_id": 11321,
      "on_cpu_stats_ns": {
        "count": 8.0,
        "sum_ns": 150099.33333333334,
        "mean_ns": 18762.416666666668,
        "median_ns": 18830.88888888889,
        "min_ns": 14273.0,
        "max_ns": 30016.0,
        "variance_ns2": 25601414.746031754,
        "iqr_ns": 3987.57523148148,
        "q1_ns": 16055.42476851852,
        "q3_ns": 20043.0
      },
      "runq_latency_stats_ns": {
        "count": 8.0,
        "sum_ns": 19645.416666666668,
        "mean_ns": 2455.6770833333335,
        "median_ns": 2466.5,
        "min_ns": 1002.0,
        "max_ns": 4002.0,
        "variance_ns2": 805972.9056299605,
        "iqr_ns": 670.875,
        "q1_ns": 2060.125,
        "q3_ns": 2731.0
      },
      "first_seen_ts_ns": 1747523961086701375,
      "last_seen_ts_ns": 1747524043060903357,
      "duration_active_s": 81.974201982
    },
    {
      "tgid": 779,
      "comm": "lmp",
      "cgroup_id": 11321,
      "on_cpu_stats_ns": {
        "count": 6.0,
        "sum_ns": 128099.33333333331,
        "mean_ns": 21349.888888888887,
        "median_ns": 15409.166666666666,
        "min_ns": 12709.0,
        "max_ns": 42294.0,
        "variance_ns2": 119977041.66296299,
        "iqr_ns": 0.0,
        "q1_ns": 15409.166666666666,
        "q3_ns": 15409.166666666666
      },
      "runq_latency_stats_ns": {
        "count": 6.0,
        "sum_ns": 20422.833333333336,
        "mean_ns": 3403.8055555555557,
        "median_ns": 3228.5,
        "min_ns": 2038.8333333333333,
        "max_ns": 5040.0,
        "variance_ns2": 1302876.6601851853,
        "iqr_ns": 0.0,
        "q1_ns": 3228.5,
        "q3_ns": 3228.5
      },
      "first_seen_ts_ns": 1747524076565704606,
      "last_seen_ts_ns": 1747524169064641182,
      "duration_active_s": 92.498936576
    },
    {
      "tgid": 876,
      "comm": "lmp",
      "cgroup_id": 11321,
      "on_cpu_stats_ns": {
        "count": 9.0,
        "sum_ns": 119538.13333333333,
        "mean_ns": 13282.014814814815,
        "median_ns": 11120.833333333334,
        "min_ns": 7133.666666666667,
        "max_ns": 32605.0,
        "variance_ns2": 59949799.39086421,
        "iqr_ns": 2545.375,
        "q1_ns": 9216.291666666666,
        "q3_ns": 11761.666666666666
      },
      "runq_latency_stats_ns": {
        "count": 9.0,
        "sum_ns": 37138.333333333336,
        "mean_ns": 4126.481481481482,
        "median_ns": 4229.081481481481,
        "min_ns": 2635.3333333333335,
        "max_ns": 6201.0,
        "variance_ns2": 1425120.00308642,
        "iqr_ns": 1472.9555555555553,
        "q1_ns": 3387.0444444444447,
        "q3_ns": 4860.0
      },
      "first_seen_ts_ns": 1747524076406686994,
      "last_seen_ts_ns": 1747524110039596838,
      "duration_active_s": 33.632909844
    },
    {
      "tgid": 870,
      "comm": "lmp",
      "cgroup_id": 11321,
      "on_cpu_stats_ns": {
        "count": 4.0,
        "sum_ns": 96850.83333333334,
        "mean_ns": 24212.708333333336,
        "median_ns": 22316.0,
        "min_ns": 14715.5,
        "max_ns": 44196.0,
        "variance_ns2": 188967925.7847222,
        "iqr_ns": 28572.666666666664,
        "q1_ns": 15623.333333333334,
        "q3_ns": 44196.0
      },
      "runq_latency_stats_ns": {
        "count": 4.0,
        "sum_ns": 14060.166666666668,
        "mean_ns": 3515.041666666667,
        "median_ns": 4419.166666666667,
        "min_ns": 2037.0,
        "max_ns": 4601.0,
        "variance_ns2": 1481180.45138889,
        "iqr_ns": 1598.0,
        "q1_ns": 3003.0,
        "q3_ns": 4601.0
      },
      "first_seen_ts_ns": 1747524107088444802,
      "last_seen_ts_ns": 1747524133190325084,
      "duration_active_s": 26.101880282
    },
    {
      "tgid": 923,
      "comm": "lmp",
      "cgroup_id": 11321,
      "on_cpu_stats_ns": {
        "count": 5.0,
        "sum_ns": 89453.2,
        "mean_ns": 17890.64,
        "median_ns": 19042.0,
        "min_ns": 14525.666666666666,
        "max_ns": 21310.333333333332,
        "variance_ns2": 8488140.470222222,
        "iqr_ns": 4214.799999999999,
        "q1_ns": 15180.2,
        "q3_ns": 19395.0
      },
      "runq_latency_stats_ns": {
        "count": 5.0,
        "sum_ns": 15935.633333333335,
        "mean_ns": 3187.126666666667,
        "median_ns": 3153.5,
        "min_ns": 2206.8,
        "max_ns": 4720.0,
        "variance_ns2": 963478.5802222223,
        "iqr_ns": 902.6666666666665,
        "q1_ns": 2476.3333333333335,
        "q3_ns": 3379.0
      },
      "first_seen_ts_ns": 1747524076406686994,
      "last_seen_ts_ns": 1747524170021780567,
      "duration_active_s": 93.615093573
    },
    {
      "tgid": 782,
      "comm": "lmp",
      "cgroup_id": 11321,
      "on_cpu_stats_ns": {
        "count": 5.0,
        "sum_ns": 82051.25,
        "mean_ns": 16410.25,
        "median_ns": 15203.5,
        "min_ns": 11753.0,
        "max_ns": 20758.0,
        "variance_ns2": 17131571.0,
        "iqr_ns": 7117.25,
        "q1_ns": 13609.75,
        "q3_ns": 20727.0
      },
      "runq_latency_stats_ns": {
        "count": 5.0,
        "sum_ns": 12936.333333333332,
        "mean_ns": 2587.2666666666664,
        "median_ns": 2418.5,
        "min_ns": 1876.3333333333333,
        "max_ns": 3975.0,
        "variance_ns2": 655414.3138888888,
        "iqr_ns": 256.5,
        "q1_ns": 2205.0,
        "q3_ns": 2461.5
      },
      "first_seen_ts_ns": 1747524076406686994,
      "last_seen_ts_ns": 1747524171057435237,
      "duration_active_s": 94.650748243
    },
    {
      "tgid": 850,
      "comm": "lmp",
      "cgroup_id": 11321,
      "on_cpu_stats_ns": {
        "count": 1.0,
        "sum_ns": 65132.5,
        "mean_ns": 65132.5,
        "median_ns": 65132.5,
        "min_ns": 65132.5,
        "max_ns": 65132.5,
        "variance_ns2": null,
        "iqr_ns": 0.0,
        "q1_ns": 65132.5,
        "q3_ns": 65132.5
      },
      "runq_latency_stats_ns": {
        "count": 1.0,
        "sum_ns": 7310.0,
        "mean_ns": 7310.0,
        "median_ns": 7310.0,
        "min_ns": 7310.0,
        "max_ns": 7310.0,
        "variance_ns2": null,
        "iqr_ns": 0.0,
        "q1_ns": 7310.0,
        "q3_ns": 7310.0
      },
      "first_seen_ts_ns": 1747524144066887522,
      "last_seen_ts_ns": 1747524144066887522,
      "duration_active_s": 0
    },
    {
      "tgid": 890,
      "comm": "lmp",
      "cgroup_id": 11321,
      "on_cpu_stats_ns": {
        "count": 5.0,
        "sum_ns": 53642.966666666674,
        "mean_ns": 10728.593333333334,
        "median_ns": 10571.8,
        "min_ns": 7295.0,
        "max_ns": 16002.666666666666,
        "variance_ns2": 10780775.09355556,
        "iqr_ns": 2037.5,
        "q1_ns": 8868.0,
        "q3_ns": 10905.5
      },
      "runq_latency_stats_ns": {
        "count": 5.0,
        "sum_ns": 15487.083333333332,
        "mean_ns": 3097.4166666666665,
        "median_ns": 3096.0,
        "min_ns": 2672.3333333333335,
        "max_ns": 3510.75,
        "variance_ns2": 91269.24305555547,
        "iqr_ns": 164.0,
        "q1_ns": 3022.0,
        "q3_ns": 3186.0
      },
      "first_seen_ts_ns": 1747524085037947482,
      "last_seen_ts_ns": 1747524112064940162,
      "duration_active_s": 27.02699268
    },
    {
      "tgid": 913,
      "comm": "lmp",
      "cgroup_id": 11321,
      "on_cpu_stats_ns": {
        "count": 3.0,
        "sum_ns": 46603.33333333333,
        "mean_ns": 15534.444444444443,
        "median_ns": 14350.0,
        "min_ns": 12549.666666666666,
        "max_ns": 19703.666666666668,
        "variance_ns2": 13847110.481481496,
        "iqr_ns": 7154.000000000002,
        "q1_ns": 12549.666666666666,
        "q3_ns": 19703.666666666668
      },
      "runq_latency_stats_ns": {
        "count": 3.0,
        "sum_ns": 6228.766666666666,
        "mean_ns": 2076.2555555555555,
        "median_ns": 2171.6666666666665,
        "min_ns": 1853.6,
        "max_ns": 2203.5,
        "variance_ns2": 37434.9625925926,
        "iqr_ns": 349.9000000000001,
        "q1_ns": 1853.6,
        "q3_ns": 2203.5
      },
      "first_seen_ts_ns": 1747524137064171020,
      "last_seen_ts_ns": 1747524166053006955,
      "duration_active_s": 28.988835935
    },
    {
      "tgid": 866,
      "comm": "lmp",
      "cgroup_id": 11321,
      "on_cpu_stats_ns": {
        "count": 4.0,
        "sum_ns": 45602.40833333334,
        "mean_ns": 11400.602083333335,
        "median_ns": 13309.875,
        "min_ns": 8748.2,
        "max_ns": 13385.0,
        "variance_ns2": 5386381.027795138,
        "iqr_ns": 3225.666666666666,
        "q1_ns": 10159.333333333334,
        "q3_ns": 13385.0
      },
      "runq_latency_stats_ns": {
        "count": 4.0,
        "sum_ns": 17719.35,
        "mean_ns": 4429.8375,
        "median_ns": 4276.0,
        "min_ns": 2756.6,
        "max_ns": 7242.0,
        "variance_ns2": 3900681.6722916663,
        "iqr_ns": 3797.25,
        "q1_ns": 3444.75,
        "q3_ns": 7242.0
      },
      "first_seen_ts_ns": 1747524076406686994,
      "last_seen_ts_ns": 1747524108103811090,
      "duration_active_s": 31.697124096
    },
    {
      "tgid": 893,
      "comm": "lmp",
      "cgroup_id": 11321,
      "on_cpu_stats_ns": {
        "count": 4.0,
        "sum_ns": 43190.333333333336,
        "mean_ns": 10797.583333333334,
        "median_ns": 8848.333333333334,
        "min_ns": 8495.0,
        "max_ns": 17158.0,
        "variance_ns2": 18000829.805555552,
        "iqr_ns": 8469.0,
        "q1_ns": 8689.0,
        "q3_ns": 17158.0
      },
      "runq_latency_stats_ns": {
        "count": 4.0,
        "sum_ns": 17151.416666666664,
        "mean_ns": 4287.854166666666,
        "median_ns": 5237.5,
        "min_ns": 2776.6666666666665,
        "max_ns": 6228.0,
        "variance_ns2": 2950076.7239583344,
        "iqr_ns": 3318.75,
        "q1_ns": 2909.25,
        "q3_ns": 6228.0
      },
      "first_seen_ts_ns": 1747524084022545718,
      "last_seen_ts_ns": 1747524111050660464,
      "duration_active_s": 27.028114746
    },
    {
      "tgid": 744,
      "comm": "lmp",
      "cgroup_id": 11321,
      "on_cpu_stats_ns": {
        "count": 1.0,
        "sum_ns": 40660.0,
        "mean_ns": 40660.0,
        "median_ns": 40660.0,
        "min_ns": 40660.0,
        "max_ns": 40660.0,
        "variance_ns2": null,
        "iqr_ns": 0.0,
        "q1_ns": 40660.0,
        "q3_ns": 40660.0
      },
      "runq_latency_stats_ns": {
        "count": 1.0,
        "sum_ns": 4719.0,
        "mean_ns": 4719.0,
        "median_ns": 4719.0,
        "min_ns": 4719.0,
        "max_ns": 4719.0,
        "variance_ns2": null,
        "iqr_ns": 0.0,
        "q1_ns": 4719.0,
        "q3_ns": 4719.0
      },
      "first_seen_ts_ns": 1747523989853102131,
      "last_seen_ts_ns": 1747523989853102131,
      "duration_active_s": 0
    },
    {
      "tgid": 824,
      "comm": "lmp",
      "cgroup_id": 11321,
      "on_cpu_stats_ns": {
        "count": 1.0,
        "sum_ns": 30066.0,
        "mean_ns": 30066.0,
        "median_ns": 30066.0,
        "min_ns": 30066.0,
        "max_ns": 30066.0,
        "variance_ns2": null,
        "iqr_ns": 0.0,
        "q1_ns": 30066.0,
        "q3_ns": 30066.0
      },
      "runq_latency_stats_ns": {
        "count": 1.0,
        "sum_ns": 3956.0,
        "mean_ns": 3956.0,
        "median_ns": 3956.0,
        "min_ns": 3956.0,
        "max_ns": 3956.0,
        "variance_ns2": null,
        "iqr_ns": 0.0,
        "q1_ns": 3956.0,
        "q3_ns": 3956.0
      },
      "first_seen_ts_ns": 1747524076406686994,
      "last_seen_ts_ns": 1747524076406686994,
      "duration_active_s": 0
    },
    {
      "tgid": 888,
      "comm": "lmp",
      "cgroup_id": 11321,
      "on_cpu_stats_ns": {
        "count": 1.0,
        "sum_ns": 24393.0,
        "mean_ns": 24393.0,
        "median_ns": 24393.0,
        "min_ns": 24393.0,
        "max_ns": 24393.0,
        "variance_ns2": null,
        "iqr_ns": 0.0,
        "q1_ns": 24393.0,
        "q3_ns": 24393.0
      },
      "runq_latency_stats_ns": {
        "count": 1.0,
        "sum_ns": 3441.0,
        "mean_ns": 3441.0,
        "median_ns": 3441.0,
        "min_ns": 3441.0,
        "max_ns": 3441.0,
        "variance_ns2": null,
        "iqr_ns": 0.0,
        "q1_ns": 3441.0,
        "q3_ns": 3441.0
      },
      "first_seen_ts_ns": 1747524076406686994,
      "last_seen_ts_ns": 1747524076406686994,
      "duration_active_s": 0
    },
    {
      "tgid": 826,
      "comm": "lmp",
      "cgroup_id": 11321,
      "on_cpu_stats_ns": {
        "count": 1.0,
        "sum_ns": 22497.0,
        "mean_ns": 22497.0,
        "median_ns": 22497.0,
        "min_ns": 22497.0,
        "max_ns": 22497.0,
        "variance_ns2": null,
        "iqr_ns": 0.0,
        "q1_ns": 22497.0,
        "q3_ns": 22497.0
      },
      "runq_latency_stats_ns": {
        "count": 1.0,
        "sum_ns": 3985.0,
        "mean_ns": 3985.0,
        "median_ns": 3985.0,
        "min_ns": 3985.0,
        "max_ns": 3985.0,
        "variance_ns2": null,
        "iqr_ns": 0.0,
        "q1_ns": 3985.0,
        "q3_ns": 3985.0
      },
      "first_seen_ts_ns": 1747524076406686994,
      "last_seen_ts_ns": 1747524076406686994,
      "duration_active_s": 0
    },
    {
      "tgid": 806,
      "comm": "lmp",
      "cgroup_id": 11321,
      "on_cpu_stats_ns": {
        "count": 1.0,
        "sum_ns": 18403.0,
        "mean_ns": 18403.0,
        "median_ns": 18403.0,
        "min_ns": 18403.0,
        "max_ns": 18403.0,
        "variance_ns2": null,
        "iqr_ns": 0.0,
        "q1_ns": 18403.0,
        "q3_ns": 18403.0
      },
      "runq_latency_stats_ns": {
        "count": 1.0,
        "sum_ns": 3763.0,
        "mean_ns": 3763.0,
        "median_ns": 3763.0,
        "min_ns": 3763.0,
        "max_ns": 3763.0,
        "variance_ns2": null,
        "iqr_ns": 0.0,
        "q1_ns": 3763.0,
        "q3_ns": 3763.0
      },
      "first_seen_ts_ns": 1747524076406686994,
      "last_seen_ts_ns": 1747524076406686994,
      "duration_active_s": 0
    },
    {
      "tgid": 838,
      "comm": "lmp",
      "cgroup_id": 11321,
      "on_cpu_stats_ns": {
        "count": 1.0,
        "sum_ns": 17770.5,
        "mean_ns": 17770.5,
        "median_ns": 17770.5,
        "min_ns": 17770.5,
        "max_ns": 17770.5,
        "variance_ns2": null,
        "iqr_ns": 0.0,
        "q1_ns": 17770.5,
        "q3_ns": 17770.5
      },
      "runq_latency_stats_ns": {
        "count": 1.0,
        "sum_ns": 72086.5,
        "mean_ns": 72086.5,
        "median_ns": 72086.5,
        "min_ns": 72086.5,
        "max_ns": 72086.5,
        "variance_ns2": null,
        "iqr_ns": 0.0,
        "q1_ns": 72086.5,
        "q3_ns": 72086.5
      },
      "first_seen_ts_ns": 1747524099654263128,
      "last_seen_ts_ns": 1747524099654263128,
      "duration_active_s": 0
    },
    {
      "tgid": 814,
      "comm": "lmp",
      "cgroup_id": 11321,
      "on_cpu_stats_ns": {
        "count": 1.0,
        "sum_ns": 16810.0,
        "mean_ns": 16810.0,
        "median_ns": 16810.0,
        "min_ns": 16810.0,
        "max_ns": 16810.0,
        "variance_ns2": null,
        "iqr_ns": 0.0,
        "q1_ns": 16810.0,
        "q3_ns": 16810.0
      },
      "runq_latency_stats_ns": {
        "count": 1.0,
        "sum_ns": 4032.0,
        "mean_ns": 4032.0,
        "median_ns": 4032.0,
        "min_ns": 4032.0,
        "max_ns": 4032.0,
        "variance_ns2": null,
        "iqr_ns": 0.0,
        "q1_ns": 4032.0,
        "q3_ns": 4032.0
      },
      "first_seen_ts_ns": 1747524076406686994,
      "last_seen_ts_ns": 1747524076406686994,
      "duration_active_s": 0
    },
    {
      "tgid": 858,
      "comm": "lmp",
      "cgroup_id": 11321,
      "on_cpu_stats_ns": {
        "count": 1.0,
        "sum_ns": 16701.0,
        "mean_ns": 16701.0,
        "median_ns": 16701.0,
        "min_ns": 16701.0,
        "max_ns": 16701.0,
        "variance_ns2": null,
        "iqr_ns": 0.0,
        "q1_ns": 16701.0,
        "q3_ns": 16701.0
      },
      "runq_latency_stats_ns": {
        "count": 1.0,
        "sum_ns": 3686.0,
        "mean_ns": 3686.0,
        "median_ns": 3686.0,
        "min_ns": 3686.0,
        "max_ns": 3686.0,
        "variance_ns2": null,
        "iqr_ns": 0.0,
        "q1_ns": 3686.0,
        "q3_ns": 3686.0
      },
      "first_seen_ts_ns": 1747524076406686994,
      "last_seen_ts_ns": 1747524076406686994,
      "duration_active_s": 0
    },
    {
      "tgid": 771,
      "comm": "lmp",
      "cgroup_id": 11321,
      "on_cpu_stats_ns": {
        "count": 1.0,
        "sum_ns": 15506.0,
        "mean_ns": 15506.0,
        "median_ns": 15506.0,
        "min_ns": 15506.0,
        "max_ns": 15506.0,
        "variance_ns2": null,
        "iqr_ns": 0.0,
        "q1_ns": 15506.0,
        "q3_ns": 15506.0
      },
      "runq_latency_stats_ns": {
        "count": 1.0,
        "sum_ns": 3760.0,
        "mean_ns": 3760.0,
        "median_ns": 3760.0,
        "min_ns": 3760.0,
        "max_ns": 3760.0,
        "variance_ns2": null,
        "iqr_ns": 0.0,
        "q1_ns": 3760.0,
        "q3_ns": 3760.0
      },
      "first_seen_ts_ns": 1747524076406686994,
      "last_seen_ts_ns": 1747524076406686994,
      "duration_active_s": 0
    },
    {
      "tgid": 808,
      "comm": "lmp",
      "cgroup_id": 11321,
      "on_cpu_stats_ns": {
        "count": 1.0,
        "sum_ns": 15148.0,
        "mean_ns": 15148.0,
        "median_ns": 15148.0,
        "min_ns": 15148.0,
        "max_ns": 15148.0,
        "variance_ns2": null,
        "iqr_ns": 0.0,
        "q1_ns": 15148.0,
        "q3_ns": 15148.0
      },
      "runq_latency_stats_ns": {
        "count": 1.0,
        "sum_ns": 3492.0,
        "mean_ns": 3492.0,
        "median_ns": 3492.0,
        "min_ns": 3492.0,
        "max_ns": 3492.0,
        "variance_ns2": null,
        "iqr_ns": 0.0,
        "q1_ns": 3492.0,
        "q3_ns": 3492.0
      },
      "first_seen_ts_ns": 1747524076406686994,
      "last_seen_ts_ns": 1747524076406686994,
      "duration_active_s": 0
    },
    {
      "tgid": 828,
      "comm": "lmp",
      "cgroup_id": 11321,
      "on_cpu_stats_ns": {
        "count": 1.0,
        "sum_ns": 14842.0,
        "mean_ns": 14842.0,
        "median_ns": 14842.0,
        "min_ns": 14842.0,
        "max_ns": 14842.0,
        "variance_ns2": null,
        "iqr_ns": 0.0,
        "q1_ns": 14842.0,
        "q3_ns": 14842.0
      },
      "runq_latency_stats_ns": {
        "count": 1.0,
        "sum_ns": 3889.0,
        "mean_ns": 3889.0,
        "median_ns": 3889.0,
        "min_ns": 3889.0,
        "max_ns": 3889.0,
        "variance_ns2": null,
        "iqr_ns": 0.0,
        "q1_ns": 3889.0,
        "q3_ns": 3889.0
      },
      "first_seen_ts_ns": 1747524076406686994,
      "last_seen_ts_ns": 1747524076406686994,
      "duration_active_s": 0
    },
    {
      "tgid": 768,
      "comm": "lmp",
      "cgroup_id": 11321,
      "on_cpu_stats_ns": {
        "count": 1.0,
        "sum_ns": 14677.0,
        "mean_ns": 14677.0,
        "median_ns": 14677.0,
        "min_ns": 14677.0,
        "max_ns": 14677.0,
        "variance_ns2": null,
        "iqr_ns": 0.0,
        "q1_ns": 14677.0,
        "q3_ns": 14677.0
      },
      "runq_latency_stats_ns": {
        "count": 1.0,
        "sum_ns": 3441.0,
        "mean_ns": 3441.0,
        "median_ns": 3441.0,
        "min_ns": 3441.0,
        "max_ns": 3441.0,
        "variance_ns2": null,
        "iqr_ns": 0.0,
        "q1_ns": 3441.0,
        "q3_ns": 3441.0
      },
      "first_seen_ts_ns": 1747524076406686994,
      "last_seen_ts_ns": 1747524076406686994,
      "duration_active_s": 0
    },
    {
      "tgid": 862,
      "comm": "lmp",
      "cgroup_id": 11321,
      "on_cpu_stats_ns": {
        "count": 1.0,
        "sum_ns": 13750.0,
        "mean_ns": 13750.0,
        "median_ns": 13750.0,
        "min_ns": 13750.0,
        "max_ns": 13750.0,
        "variance_ns2": null,
        "iqr_ns": 0.0,
        "q1_ns": 13750.0,
        "q3_ns": 13750.0
      },
      "runq_latency_stats_ns": {
        "count": 1.0,
        "sum_ns": 3443.0,
        "mean_ns": 3443.0,
        "median_ns": 3443.0,
        "min_ns": 3443.0,
        "max_ns": 3443.0,
        "variance_ns2": null,
        "iqr_ns": 0.0,
        "q1_ns": 3443.0,
        "q3_ns": 3443.0
      },
      "first_seen_ts_ns": 1747524076406686994,
      "last_seen_ts_ns": 1747524076406686994,
      "duration_active_s": 0
    },
    {
      "tgid": 878,
      "comm": "lmp",
      "cgroup_id": 11321,
      "on_cpu_stats_ns": {
        "count": 1.0,
        "sum_ns": 13616.0,
        "mean_ns": 13616.0,
        "median_ns": 13616.0,
        "min_ns": 13616.0,
        "max_ns": 13616.0,
        "variance_ns2": null,
        "iqr_ns": 0.0,
        "q1_ns": 13616.0,
        "q3_ns": 13616.0
      },
      "runq_latency_stats_ns": {
        "count": 1.0,
        "sum_ns": 891652.0,
        "mean_ns": 891652.0,
        "median_ns": 891652.0,
        "min_ns": 891652.0,
        "max_ns": 891652.0,
        "variance_ns2": null,
        "iqr_ns": 0.0,
        "q1_ns": 891652.0,
        "q3_ns": 891652.0
      },
      "first_seen_ts_ns": 1747524076406686994,
      "last_seen_ts_ns": 1747524076406686994,
      "duration_active_s": 0
    },
    {
      "tgid": 840,
      "comm": "lmp",
      "cgroup_id": 11321,
      "on_cpu_stats_ns": {
        "count": 1.0,
        "sum_ns": 13541.0,
        "mean_ns": 13541.0,
        "median_ns": 13541.0,
        "min_ns": 13541.0,
        "max_ns": 13541.0,
        "variance_ns2": null,
        "iqr_ns": 0.0,
        "q1_ns": 13541.0,
        "q3_ns": 13541.0
      },
      "runq_latency_stats_ns": {
        "count": 1.0,
        "sum_ns": 3690.0,
        "mean_ns": 3690.0,
        "median_ns": 3690.0,
        "min_ns": 3690.0,
        "max_ns": 3690.0,
        "variance_ns2": null,
        "iqr_ns": 0.0,
        "q1_ns": 3690.0,
        "q3_ns": 3690.0
      },
      "first_seen_ts_ns": 1747524076406686994,
      "last_seen_ts_ns": 1747524076406686994,
      "duration_active_s": 0
    },
    {
      "tgid": 629,
      "comm": "lmp",
      "cgroup_id": 11321,
      "on_cpu_stats_ns": {
        "count": 1.0,
        "sum_ns": 13427.5,
        "mean_ns": 13427.5,
        "median_ns": 13427.5,
        "min_ns": 13427.5,
        "max_ns": 13427.5,
        "variance_ns2": null,
        "iqr_ns": 0.0,
        "q1_ns": 13427.5,
        "q3_ns": 13427.5
      },
      "runq_latency_stats_ns": {
        "count": 1.0,
        "sum_ns": 1119.0,
        "mean_ns": 1119.0,
        "median_ns": 1119.0,
        "min_ns": 1119.0,
        "max_ns": 1119.0,
        "variance_ns2": null,
        "iqr_ns": 0.0,
        "q1_ns": 1119.0,
        "q3_ns": 1119.0
      },
      "first_seen_ts_ns": 1747523979660635808,
      "last_seen_ts_ns": 1747523979660635808,
      "duration_active_s": 0
    },
    {
      "tgid": 868,
      "comm": "lmp",
      "cgroup_id": 11321,
      "on_cpu_stats_ns": {
        "count": 1.0,
        "sum_ns": 12399.0,
        "mean_ns": 12399.0,
        "median_ns": 12399.0,
        "min_ns": 12399.0,
        "max_ns": 12399.0,
        "variance_ns2": null,
        "iqr_ns": 0.0,
        "q1_ns": 12399.0,
        "q3_ns": 12399.0
      },
      "runq_latency_stats_ns": {
        "count": 1.0,
        "sum_ns": 3910.0,
        "mean_ns": 3910.0,
        "median_ns": 3910.0,
        "min_ns": 3910.0,
        "max_ns": 3910.0,
        "variance_ns2": null,
        "iqr_ns": 0.0,
        "q1_ns": 3910.0,
        "q3_ns": 3910.0
      },
      "first_seen_ts_ns": 1747524076406686994,
      "last_seen_ts_ns": 1747524076406686994,
      "duration_active_s": 0
    },
    {
      "tgid": 522,
      "comm": "lmp",
      "cgroup_id": 11321,
      "on_cpu_stats_ns": {
        "count": 1.0,
        "sum_ns": 5337.833333333333,
        "mean_ns": 5337.833333333333,
        "median_ns": 5337.833333333333,
        "min_ns": 5337.833333333333,
        "max_ns": 5337.833333333333,
        "variance_ns2": null,
        "iqr_ns": 0.0,
        "q1_ns": 5337.833333333333,
        "q3_ns": 5337.833333333333
      },
      "runq_latency_stats_ns": {
        "count": 1.0,
        "sum_ns": 1492.0,
        "mean_ns": 1492.0,
        "median_ns": 1492.0,
        "min_ns": 1492.0,
        "max_ns": 1492.0,
        "variance_ns2": null,
        "iqr_ns": 0.0,
        "q1_ns": 1492.0,
        "q3_ns": 1492.0
      },
      "first_seen_ts_ns": 1747523879690286642,
      "last_seen_ts_ns": 1747523879690286642,
      "duration_active_s": 0
    }
  ]
}
[23:23:30] Cleanup complete. Exiting.
