unlimited
Looking for /opt/programs/futex-model/ebpf-collect.c
[22:54:50] Starting eBPF (Tracepoints for futex syscalls).
[22:54:51] BPF program loaded and tracepoints automatically attached.
[22:54:51] Start Indicator file defined '/mnt/flux/start_ebpf_collection'. Waiting.
[22:55:06] Start indicator found. Proceeding.
[22:55:06] Ring buffers opened. Polling for events...
[23:00:43] 
Indicator file '/mnt/flux/stop_ebpf_collection' found. Stopping.
[23:00:43] Cleaning up BPF resources...
{
  "final_aggregated_futex_summary_river": [
    {
      "tgid": 7514,
      "comm": "fluent-bit-gke-",
      "cgroup_id": 8216,
      "wait_duration_stats_ns": {
        "count": 17500.0,
        "sum": 20628326238077.05,
        "mean": 1178761499.3186886,
        "median": 289533.01779550826,
        "min": 433,
        "max": 113777142477,
        "variance_ns2": 7.087690210017615e+19,
        "iqr_ns": 26321338.794386607,
        "q1_ns": 28410.88316011266,
        "q3_ns": 26349749.67754672
      },
      "futex_op_counts": {
        "128": 17500
      },
      "first_seen_ts_ns": 344651820328,
      "last_seen_ts_ns": 694153229755
    },
    {
      "tgid": 3798,
      "comm": "kubelet",
      "cgroup_id": 6640,
      "wait_duration_stats_ns": {
        "count": 31354.0,
        "sum": 12888322705101.041,
        "mean": 411058324.4594323,
        "median": 16309239.03202399,
        "min": 435,
        "max": 125026382900,
        "variance_ns2": 2.0231908319914455e+19,
        "iqr_ns": 40823310.224806234,
        "q1_ns": 1158279.1910266825,
        "q3_ns": 41981589.415832914
      },
      "futex_op_counts": {
        "128": 31354
      },
      "first_seen_ts_ns": 342406477110,
      "last_seen_ts_ns": 694859581356
    },
    {
      "tgid": 3607,
      "comm": "containerd",
      "cgroup_id": 6520,
      "wait_duration_stats_ns": {
        "count": 142125.0,
        "sum": 11119456781280.96,
        "mean": 78237162.92897774,
        "median": 188006.0011120693,
        "min": 498,
        "max": 230129957368,
        "variance_ns2": 4.2805856230686536e+18,
        "iqr_ns": 1290638.8950154837,
        "q1_ns": 56441.5494575139,
        "q3_ns": 1347080.4444729977
      },
      "futex_op_counts": {
        "128": 142125
      },
      "first_seen_ts_ns": 342529973734,
      "last_seen_ts_ns": 694873195495
    },
    {
      "tgid": 8333,
      "comm": "csi-node-driver",
      "cgroup_id": 8848,
      "wait_duration_stats_ns": {
        "count": 86.0,
        "sum": 3498282658931.0005,
        "mean": 40677705336.40698,
        "median": 16235909493.949429,
        "min": 697,
        "max": 241307104272,
        "variance_ns2": 3.54149512220942e+21,
        "iqr_ns": 106742785625.897,
        "q1_ns": 88186738.5701368,
        "q3_ns": 106830972364.46713
      },
      "futex_op_counts": {
        "128": 86
      },
      "first_seen_ts_ns": 428567307802,
      "last_seen_ts_ns": 669877383551
    },
    {
      "tgid": 1737,
      "comm": "google_osconfig",
      "cgroup_id": 4234,
      "wait_duration_stats_ns": {
        "count": 373.0,
        "sum": 3369296135077.999,
        "mean": 9032965509.592491,
        "median": 174937822.95486093,
        "min": 1022,
        "max": 120051837361,
        "variance_ns2": 7.224121122163981e+20,
        "iqr_ns": 4699140240.268314,
        "q1_ns": 105726510.83967988,
        "q3_ns": 4804866751.107994
      },
      "futex_op_counts": {
        "128": 373
      },
      "first_seen_ts_ns": 360100218345,
      "last_seen_ts_ns": 690415539344
    },
    {
      "tgid": 8249,
      "comm": "containerd-shim",
      "cgroup_id": 6520,
      "wait_duration_stats_ns": {
        "count": 2660.0,
        "sum": 2518218934051.0005,
        "mean": 946698847.3875942,
        "median": 368259.0826076028,
        "min": 429,
        "max": 179984739816,
        "variance_ns2": 1.818300850495447e+19,
        "iqr_ns": 19951880.51298855,
        "q1_ns": 54661.177341726296,
        "q3_ns": 20006541.690330274
      },
      "futex_op_counts": {
        "128": 2660
      },
      "first_seen_ts_ns": 344860895974,
      "last_seen_ts_ns": 694872995914
    },
    {
      "tgid": 8083,
      "comm": "prometheus",
      "cgroup_id": 8532,
      "wait_duration_stats_ns": {
        "count": 16605.0,
        "sum": 2171434606948.9993,
        "mean": 130769925.1399578,
        "median": 46390323.95365063,
        "min": 863,
        "max": 120014395226,
        "variance_ns2": 4.0647718564657516e+18,
        "iqr_ns": 10086579.211515054,
        "q1_ns": 40069521.19765798,
        "q3_ns": 50156100.409173034
      },
      "futex_op_counts": {
        "128": 16605
      },
      "first_seen_ts_ns": 342462937762,
      "last_seen_ts_ns": 694862075724
    },
    {
      "tgid": 3862,
      "comm": "node-problem-de",
      "cgroup_id": 6700,
      "wait_duration_stats_ns": {
        "count": 1341.0,
        "sum": 2035058585954.9988,
        "mean": 1517567923.9038022,
        "median": 750395005.8316236,
        "min": 536,
        "max": 239998349200,
        "variance_ns2": 9.127694598332467e+19,
        "iqr_ns": 942911123.7418082,
        "q1_ns": 44590327.53427905,
        "q3_ns": 987501451.2760872
      },
      "futex_op_counts": {
        "128": 1341
      },
      "first_seen_ts_ns": 342444511252,
      "last_seen_ts_ns": 694386339385
    },
    {
      "tgid": 8215,
      "comm": "config-reloader",
      "cgroup_id": 8611,
      "wait_duration_stats_ns": {
        "count": 210.0,
        "sum": 1951567070409.0,
        "mean": 9293176525.757143,
        "median": 4136874603.466165,
        "min": 664,
        "max": 135151113506,
        "variance_ns2": 5.628917899648425e+20,
        "iqr_ns": 9922555529.60988,
        "q1_ns": 24365350.444173902,
        "q3_ns": 9946920880.054054
      },
      "futex_op_counts": {
        "128": 210
      },
      "first_seen_ts_ns": 367110428984,
      "last_seen_ts_ns": 687368077434
    },
    {
      "tgid": 4244,
      "comm": "kube-proxy",
      "cgroup_id": 7366,
      "wait_duration_stats_ns": {
        "count": 317.0,
        "sum": 1776250940850.0005,
        "mean": 5603315270.82019,
        "median": 3076151746.5814595,
        "min": 12081,
        "max": 124406199834,
        "variance_ns2": 1.7273271271450218e+20,
        "iqr_ns": 4574634060.3036,
        "q1_ns": 440727556.8862658,
        "q3_ns": 5015361617.189866
      },
      "futex_op_counts": {
        "128": 317
      },
      "first_seen_ts_ns": 360139010471,
      "last_seen_ts_ns": 690143099318
    },
    {
      "tgid": 2777,
      "comm": "dockerd",
      "cgroup_id": 6400,
      "wait_duration_stats_ns": {
        "count": 120.0,
        "sum": 1729572061587.0007,
        "mean": 14413100513.225006,
        "median": 10046044428.642654,
        "min": 984,
        "max": 260007118881,
        "variance_ns2": 1.2282265727436456e+21,
        "iqr_ns": 10060414618.79427,
        "q1_ns": 372894779.4118804,
        "q3_ns": 10433309398.20615
      },
      "futex_op_counts": {
        "128": 120
      },
      "first_seen_ts_ns": 362836660503,
      "last_seen_ts_ns": 692846195886
    },
    {
      "tgid": 7682,
      "comm": "containerd-shim",
      "cgroup_id": 6520,
      "wait_duration_stats_ns": {
        "count": 759.0,
        "sum": 1679960707721.9993,
        "mean": 2213386966.695651,
        "median": 4086183.3918260406,
        "min": 570,
        "max": 85603203603,
        "variance_ns2": 3.612675455064298e+19,
        "iqr_ns": 1734223504.6332462,
        "q1_ns": 1060031.398466719,
        "q3_ns": 1735283536.031713
      },
      "futex_op_counts": {
        "128": 759
      },
      "first_seen_ts_ns": 360386249881,
      "last_seen_ts_ns": 692801435362
    },
    {
      "tgid": 6872,
      "comm": "containerd-shim",
      "cgroup_id": 6520,
      "wait_duration_stats_ns": {
        "count": 1029.0,
        "sum": 1671417217952.0002,
        "mean": 1624312165.1622937,
        "median": 2689115.652222599,
        "min": 492,
        "max": 57772903523,
        "variance_ns2": 1.8545981505918652e+19,
        "iqr_ns": 2304422739.990241,
        "q1_ns": 784558.1585594213,
        "q3_ns": 2305207298.1488004
      },
      "futex_op_counts": {
        "128": 1029
      },
      "first_seen_ts_ns": 360382118774,
      "last_seen_ts_ns": 692800976478
    },
    {
      "tgid": 6881,
      "comm": "containerd-shim",
      "cgroup_id": 6520,
      "wait_duration_stats_ns": {
        "count": 729.0,
        "sum": 1666655651590.0017,
        "mean": 2286221744.2935553,
        "median": 6121202.231164053,
        "min": 1356,
        "max": 32175255642,
        "variance_ns2": 2.352877030936553e+19,
        "iqr_ns": 3361363384.6666713,
        "q1_ns": 323091.98608087155,
        "q3_ns": 3361686476.652752
      },
      "futex_op_counts": {
        "128": 729
      },
      "first_seen_ts_ns": 360387359475,
      "last_seen_ts_ns": 692800467838
    },
    {
      "tgid": 4178,
      "comm": "containerd-shim",
      "cgroup_id": 6520,
      "wait_duration_stats_ns": {
        "count": 456.0,
        "sum": 1630261212186.001,
        "mean": 3575134237.250002,
        "median": 957273264.8777003,
        "min": 3626,
        "max": 59999368056,
        "variance_ns2": 4.183980141037686e+19,
        "iqr_ns": 4598142311.107421,
        "q1_ns": 3480237.543735513,
        "q3_ns": 4601622548.651156
      },
      "futex_op_counts": {
        "128": 456
      },
      "first_seen_ts_ns": 360385067554,
      "last_seen_ts_ns": 692798587365
    },
    {
      "tgid": 8756,
      "comm": "containerd-shim",
      "cgroup_id": 6520,
      "wait_duration_stats_ns": {
        "count": 190435.0,
        "sum": 1626142772095.023,
        "mean": 8539096.13303764,
        "median": 99504.19184723943,
        "min": 487,
        "max": 31910835538,
        "variance_ns2": 3.5803684917318604e+16,
        "iqr_ns": 654294.603478568,
        "q1_ns": 32360.89593370088,
        "q3_ns": 686655.4994122689
      },
      "futex_op_counts": {
        "128": 190435
      },
      "first_seen_ts_ns": 342529903298,
      "last_seen_ts_ns": 694873227556
    },
    {
      "tgid": 1733,
      "comm": "google_guest_ag",
      "cgroup_id": 4174,
      "wait_duration_stats_ns": {
        "count": 317.0,
        "sum": 1509502929553.0,
        "mean": 4761838894.488959,
        "median": 3033461055.8834114,
        "min": 3587,
        "max": 120029809927,
        "variance_ns2": 1.6919172598121877e+20,
        "iqr_ns": 4606978821.512303,
        "q1_ns": 134992638.20151386,
        "q3_ns": 4741971459.713818
      },
      "futex_op_counts": {
        "128": 317
      },
      "first_seen_ts_ns": 359981126037,
      "last_seen_ts_ns": 690571213598
    },
    {
      "tgid": 7574,
      "comm": "main",
      "cgroup_id": 8295,
      "wait_duration_stats_ns": {
        "count": 269.0,
        "sum": 979389866078.9999,
        "mean": 3640854520.7397766,
        "median": 3860715281.721374,
        "min": 13628,
        "max": 59976211455,
        "variance_ns2": 6.3909220636041716e+19,
        "iqr_ns": 4982657213.856826,
        "q1_ns": 31461486.829208758,
        "q3_ns": 5014118700.686034
      },
      "futex_op_counts": {
        "128": 269
      },
      "first_seen_ts_ns": 361235764892,
      "last_seen_ts_ns": 691240154317
    },
    {
      "tgid": 7239,
      "comm": "main",
      "cgroup_id": 7979,
      "wait_duration_stats_ns": {
        "count": 494.0,
        "sum": 978910645768.0006,
        "mean": 1981600497.5060742,
        "median": 132480423.82354628,
        "min": 650,
        "max": 59923885298,
        "variance_ns2": 3.925883580466057e+19,
        "iqr_ns": 4819191685.197822,
        "q1_ns": 3999519.961027233,
        "q3_ns": 4823191205.158849
      },
      "futex_op_counts": {
        "128": 494
      },
      "first_seen_ts_ns": 358886143216,
      "last_seen_ts_ns": 693901529058
    },
    {
      "tgid": 7128,
      "comm": "otelsvc",
      "cgroup_id": 7900,
      "wait_duration_stats_ns": {
        "count": 1089.0,
        "sum": 588280401844.9991,
        "mean": 540202389.2056925,
        "median": 459342104.6936514,
        "min": 17909,
        "max": 60000378430,
        "variance_ns2": 1.0052099395986893e+19,
        "iqr_ns": 461958939.76472515,
        "q1_ns": 34371739.58830235,
        "q3_ns": 496330679.3530275
      },
      "futex_op_counts": {
        "128": 1089
      },
      "first_seen_ts_ns": 343113792658,
      "last_seen_ts_ns": 694657176651
    },
    {
      "tgid": 8518,
      "comm": "gce-pd-csi-driv",
      "cgroup_id": 8927,
      "wait_duration_stats_ns": {
        "count": 604.0,
        "sum": 574754508131.0001,
        "mean": 951580311.4751657,
        "median": 589135187.9508703,
        "min": 466735,
        "max": 119999953250,
        "variance_ns2": 4.717564283739908e+19,
        "iqr_ns": 152945.77541339397,
        "q1_ns": 589875214.8894181,
        "q3_ns": 590028160.6648315
      },
      "futex_op_counts": {
        "128": 604
      },
      "first_seen_ts_ns": 343251393324,
      "last_seen_ts_ns": 694851409727
    },
    {
      "tgid": 11483,
      "comm": "log-counter",
      "cgroup_id": 6700,
      "wait_duration_stats_ns": {
        "count": 919.0,
        "sum": 12764087933.000002,
        "mean": 13889105.476605007,
        "median": 284818.0785201719,
        "min": 455,
        "max": 1231830951,
        "variance_ns2": 1.2322731007799934e+16,
        "iqr_ns": 1540676.6207833262,
        "q1_ns": 150338.2335342918,
        "q3_ns": 1691014.854317618
      },
      "futex_op_counts": {
        "128": 919
      },
      "first_seen_ts_ns": 640333216466,
      "last_seen_ts_ns": 641565712789
    },
    {
      "tgid": 11506,
      "comm": "log-counter",
      "cgroup_id": 6700,
      "wait_duration_stats_ns": {
        "count": 830.0,
        "sum": 11761748174.0,
        "mean": 14170780.93253012,
        "median": 234422.14662944974,
        "min": 679,
        "max": 1232826447,
        "variance_ns2": 1.3382773998544016e+16,
        "iqr_ns": 1016181.198937252,
        "q1_ns": 152525.25421063477,
        "q3_ns": 1168706.4531478868
      },
      "futex_op_counts": {
        "128": 830
      },
      "first_seen_ts_ns": 641572598666,
      "last_seen_ts_ns": 642806829260
    },
    {
      "tgid": 11455,
      "comm": "log-counter",
      "cgroup_id": 6700,
      "wait_duration_stats_ns": {
        "count": 604.0,
        "sum": 9506556816.0,
        "mean": 15739332.476821192,
        "median": 275867.95721325325,
        "min": 701,
        "max": 1261418042,
        "variance_ns2": 1.3633974357885474e+16,
        "iqr_ns": 1945078.2095569377,
        "q1_ns": 144354.65955674887,
        "q3_ns": 2089432.8691136865
      },
      "futex_op_counts": {
        "128": 604
      },
      "first_seen_ts_ns": 639288664413,
      "last_seen_ts_ns": 640569598651
    },
    {
      "tgid": 11453,
      "comm": "log-counter",
      "cgroup_id": 6700,
      "wait_duration_stats_ns": {
        "count": 23.0,
        "sum": 5140596754.0,
        "mean": 223504206.6956522,
        "median": 37138966.86157839,
        "min": 24424,
        "max": 1033125762,
        "variance_ns2": 1.5595119114041443e+17,
        "iqr_ns": 224189814.553975,
        "q1_ns": 2011614.0000000005,
        "q3_ns": 226201428.553975
      },
      "futex_op_counts": {
        "128": 23
      },
      "first_seen_ts_ns": 639292115418,
      "last_seen_ts_ns": 640328299802
    },
    {
      "tgid": 11476,
      "comm": "log-counter",
      "cgroup_id": 6700,
      "wait_duration_stats_ns": {
        "count": 22.0,
        "sum": 5056993123.0,
        "mean": 229863323.77272728,
        "median": 19909079.263570968,
        "min": 16925,
        "max": 1014101814,
        "variance_ns2": 1.7070056792529386e+17,
        "iqr_ns": 156626803.39796892,
        "q1_ns": 3748203.1192236766,
        "q3_ns": 160375006.5171926
      },
      "futex_op_counts": {
        "128": 22
      },
      "first_seen_ts_ns": 639653203816,
      "last_seen_ts_ns": 640669223259
    },
    {
      "tgid": 11499,
      "comm": "log-counter",
      "cgroup_id": 6700,
      "wait_duration_stats_ns": {
        "count": 20.0,
        "sum": 5036971994.0,
        "mean": 251848599.7,
        "median": 18497203.809785523,
        "min": 26706,
        "max": 1010921863,
        "variance_ns2": 1.9652805198115475e+17,
        "iqr_ns": 184064209.48894072,
        "q1_ns": 644882.6529504224,
        "q3_ns": 184709092.14189115
      },
      "futex_op_counts": {
        "128": 20
      },
      "first_seen_ts_ns": 640733041244,
      "last_seen_ts_ns": 641752041982
    },
    {
      "tgid": 10637,
      "comm": "kubectl",
      "cgroup_id": 6580,
      "wait_duration_stats_ns": {
        "count": 510.0,
        "sum": 2258823514.9999995,
        "mean": 4429065.715686274,
        "median": 494178.9666162809,
        "min": 3950,
        "max": 422684385,
        "variance_ns2": 526153785089742.4,
        "iqr_ns": 2700335.4435829967,
        "q1_ns": 77016.03753053155,
        "q3_ns": 2777351.4811135284
      },
      "futex_op_counts": {
        "128": 510
      },
      "first_seen_ts_ns": 458697015001,
      "last_seen_ts_ns": 459120107900
    },
    {
      "tgid": 11019,
      "comm": "runc",
      "cgroup_id": 6520,
      "wait_duration_stats_ns": {
        "count": 314.0,
        "sum": 1000384439.0000001,
        "mean": 3185937.7038216563,
        "median": 268734.98187295086,
        "min": 5212,
        "max": 116567775,
        "variance_ns2": 283750834334288.94,
        "iqr_ns": 2344137.9889524756,
        "q1_ns": 29555.995798231572,
        "q3_ns": 2373693.984750707
      },
      "futex_op_counts": {
        "128": 314
      },
      "first_seen_ts_ns": 534867011304,
      "last_seen_ts_ns": 534997033828
    },
    {
      "tgid": 11428,
      "comm": "runc",
      "cgroup_id": 6520,
      "wait_duration_stats_ns": {
        "count": 273.0,
        "sum": 948875606.0,
        "mean": 3475734.8205128205,
        "median": 148982.17615099598,
        "min": 3821,
        "max": 133180795,
        "variance_ns2": 294448080910650.3,
        "iqr_ns": 848860.5231913289,
        "q1_ns": 20830.55308051829,
        "q3_ns": 869691.0762718471
      },
      "futex_op_counts": {
        "128": 273
      },
      "first_seen_ts_ns": 634867197677,
      "last_seen_ts_ns": 635009826403
    },
    {
      "tgid": 11041,
      "comm": "runc",
      "cgroup_id": 6520,
      "wait_duration_stats_ns": {
        "count": 269.0,
        "sum": 908344374.9999998,
        "mean": 3376744.8884758353,
        "median": 132930.19209223267,
        "min": 9418,
        "max": 130930524,
        "variance_ns2": 319962113409908.25,
        "iqr_ns": 796090.106404075,
        "q1_ns": 28898.5480609828,
        "q3_ns": 824988.6544650579
      },
      "futex_op_counts": {
        "128": 269
      },
      "first_seen_ts_ns": 544866162005,
      "last_seen_ts_ns": 545000693532
    },
    {
      "tgid": 11539,
      "comm": "runc",
      "cgroup_id": 6520,
      "wait_duration_stats_ns": {
        "count": 310.0,
        "sum": 833895845.0,
        "mean": 2689986.5967741935,
        "median": 84102.52224801587,
        "min": 501,
        "max": 119957575,
        "variance_ns2": 223693180418290.88,
        "iqr_ns": 521796.4626714794,
        "q1_ns": 22803.147068191254,
        "q3_ns": 544599.6097396706
      },
      "futex_op_counts": {
        "128": 310
      },
      "first_seen_ts_ns": 654867104286,
      "last_seen_ts_ns": 654989969145
    },
    {
      "tgid": 10517,
      "comm": "runc",
      "cgroup_id": 6520,
      "wait_duration_stats_ns": {
        "count": 299.0,
        "sum": 826174125.9999999,
        "mean": 2763124.16722408,
        "median": 94674.81660551755,
        "min": 9494,
        "max": 116833097,
        "variance_ns2": 230751787184884.88,
        "iqr_ns": 480942.9849025,
        "q1_ns": 18946.574411296126,
        "q3_ns": 499889.5593137961
      },
      "futex_op_counts": {
        "128": 299
      },
      "first_seen_ts_ns": 414869014765,
      "last_seen_ts_ns": 414988742334
    },
    {
      "tgid": 11610,
      "comm": "runc",
      "cgroup_id": 6520,
      "wait_duration_stats_ns": {
        "count": 331.0,
        "sum": 823120911.0,
        "mean": 2486770.1238670694,
        "median": 102733.92820975614,
        "min": 9230,
        "max": 117947573,
        "variance_ns2": 209660496703569.2,
        "iqr_ns": 548827.3653434952,
        "q1_ns": 19470.52725450774,
        "q3_ns": 568297.8925980029
      },
      "futex_op_counts": {
        "128": 331
      },
      "first_seen_ts_ns": 684864611382,
      "last_seen_ts_ns": 684986045228
    },
    {
      "tgid": 11518,
      "comm": "runc",
      "cgroup_id": 6520,
      "wait_duration_stats_ns": {
        "count": 314.0,
        "sum": 806287722.0,
        "mean": 2567795.2929936307,
        "median": 131761.29992364038,
        "min": 6493,
        "max": 116747435,
        "variance_ns2": 166270103964359.94,
        "iqr_ns": 915755.4433533418,
        "q1_ns": 29414.927417157865,
        "q3_ns": 945170.3707704997
      },
      "futex_op_counts": {
        "128": 314
      },
      "first_seen_ts_ns": 644866139922,
      "last_seen_ts_ns": 644985956750
    },
    {
      "tgid": 10664,
      "comm": "runc",
      "cgroup_id": 6520,
      "wait_duration_stats_ns": {
        "count": 270.0,
        "sum": 802690574.9999999,
        "mean": 2972928.055555555,
        "median": 117394.47635845703,
        "min": 6824,
        "max": 105757857,
        "variance_ns2": 205780882661937.12,
        "iqr_ns": 674071.5232816483,
        "q1_ns": 30005.270536485485,
        "q3_ns": 704076.7938181338
      },
      "futex_op_counts": {
        "128": 270
      },
      "first_seen_ts_ns": 464864287106,
      "last_seen_ts_ns": 464972886316
    },
    {
      "tgid": 10539,
      "comm": "runc",
      "cgroup_id": 6520,
      "wait_duration_stats_ns": {
        "count": 358.0,
        "sum": 787082479.0000001,
        "mean": 2198554.4106145254,
        "median": 134448.57710716577,
        "min": 2886,
        "max": 110365632,
        "variance_ns2": 164447657110148.47,
        "iqr_ns": 461871.2387591742,
        "q1_ns": 20123.264192540548,
        "q3_ns": 481994.50295171473
      },
      "futex_op_counts": {
        "128": 358
      },
      "first_seen_ts_ns": 424869013411,
      "last_seen_ts_ns": 424982231193
    },
    {
      "tgid": 10583,
      "comm": "runc",
      "cgroup_id": 6520,
      "wait_duration_stats_ns": {
        "count": 372.0,
        "sum": 768110299.0,
        "mean": 2064812.6317204302,
        "median": 67228.81873958076,
        "min": 6578,
        "max": 109910260,
        "variance_ns2": 157313921070957.12,
        "iqr_ns": 324748.0736789337,
        "q1_ns": 18200.227263321976,
        "q3_ns": 342948.3009422557
      },
      "futex_op_counts": {
        "128": 372
      },
      "first_seen_ts_ns": 444865014321,
      "last_seen_ts_ns": 444977746216
    },
    {
      "tgid": 10971,
      "comm": "runc",
      "cgroup_id": 6520,
      "wait_duration_stats_ns": {
        "count": 257.0,
        "sum": 756205558.0,
        "mean": 2942434.0778210117,
        "median": 115270.0070274673,
        "min": 11246,
        "max": 125844194,
        "variance_ns2": 281543067956037.56,
        "iqr_ns": 586677.02128426,
        "q1_ns": 30038.578122380433,
        "q3_ns": 616715.5994066404
      },
      "futex_op_counts": {
        "128": 257
      },
      "first_seen_ts_ns": 514868200115,
      "last_seen_ts_ns": 514997865757
    },
    {
      "tgid": 11108,
      "comm": "runc",
      "cgroup_id": 6520,
      "wait_duration_stats_ns": {
        "count": 286.0,
        "sum": 743397613.0000001,
        "mean": 2599292.3531468534,
        "median": 79487.03599881606,
        "min": 8681,
        "max": 105139155,
        "variance_ns2": 185846310862907.62,
        "iqr_ns": 454381.7699660205,
        "q1_ns": 22288.4965893378,
        "q3_ns": 476670.2665553583
      },
      "futex_op_counts": {
        "128": 286
      },
      "first_seen_ts_ns": 574865704724,
      "last_seen_ts_ns": 574975270523
    },
    {
      "tgid": 10605,
      "comm": "runc",
      "cgroup_id": 6520,
      "wait_duration_stats_ns": {
        "count": 374.0,
        "sum": 735574303.0000001,
        "mean": 1966776.211229947,
        "median": 54315.227686464044,
        "min": 7084,
        "max": 100841252,
        "variance_ns2": 147526723125854.4,
        "iqr_ns": 3169052.3136287997,
        "q1_ns": 18023.255341335083,
        "q3_ns": 3187075.568970135
      },
      "futex_op_counts": {
        "128": 374
      },
      "first_seen_ts_ns": 454865013737,
      "last_seen_ts_ns": 454975936937
    },
    {
      "tgid": 10495,
      "comm": "runc",
      "cgroup_id": 6520,
      "wait_duration_stats_ns": {
        "count": 321.0,
        "sum": 726042876.9999998,
        "mean": 2261815.8161993762,
        "median": 84457.64815133237,
        "min": 11298,
        "max": 98256361,
        "variance_ns2": 163125653438134.0,
        "iqr_ns": 533623.8681985409,
        "q1_ns": 25549.342718023225,
        "q3_ns": 559173.2109165641
      },
      "futex_op_counts": {
        "128": 321
      },
      "first_seen_ts_ns": 404863300523,
      "last_seen_ts_ns": 404979013124
    },
    {
      "tgid": 11064,
      "comm": "runc",
      "cgroup_id": 6520,
      "wait_duration_stats_ns": {
        "count": 348.0,
        "sum": 705602119.0,
        "mean": 2027592.2959770113,
        "median": 125753.53911883222,
        "min": 1110,
        "max": 99255572,
        "variance_ns2": 95148065079598.48,
        "iqr_ns": 577737.3213479038,
        "q1_ns": 25305.643767085046,
        "q3_ns": 603042.9651149889
      },
      "futex_op_counts": {
        "128": 348
      },
      "first_seen_ts_ns": 554879616827,
      "last_seen_ts_ns": 554982133568
    },
    {
      "tgid": 11408,
      "comm": "runc",
      "cgroup_id": 6520,
      "wait_duration_stats_ns": {
        "count": 233.0,
        "sum": 653970015.0,
        "mean": 2806738.261802575,
        "median": 104237.66926548994,
        "min": 3852,
        "max": 87519738,
        "variance_ns2": 176463103854852.6,
        "iqr_ns": 931427.709955766,
        "q1_ns": 17319.565093940688,
        "q3_ns": 948747.2750497067
      },
      "futex_op_counts": {
        "128": 233
      },
      "first_seen_ts_ns": 624878099753,
      "last_seen_ts_ns": 624982421063
    },
    {
      "tgid": 10562,
      "comm": "runc",
      "cgroup_id": 6520,
      "wait_duration_stats_ns": {
        "count": 354.0,
        "sum": 601938620.0,
        "mean": 1700391.581920904,
        "median": 56333.73816424722,
        "min": 478,
        "max": 100009255,
        "variance_ns2": 119391957024035.58,
        "iqr_ns": 255935.94594182627,
        "q1_ns": 16526.522374605825,
        "q3_ns": 272462.4683164321
      },
      "futex_op_counts": {
        "128": 354
      },
      "first_seen_ts_ns": 434868269932,
      "last_seen_ts_ns": 434971318062
    },
    {
      "tgid": 11565,
      "comm": "runc",
      "cgroup_id": 6520,
      "wait_duration_stats_ns": {
        "count": 270.0,
        "sum": 538579774.9999999,
        "mean": 1994739.9074074072,
        "median": 170065.39428857708,
        "min": 11247,
        "max": 81884883,
        "variance_ns2": 76084427684713.89,
        "iqr_ns": 887586.7336005189,
        "q1_ns": 31083.609931163257,
        "q3_ns": 918670.3435316822
      },
      "futex_op_counts": {
        "128": 270
      },
      "first_seen_ts_ns": 664867169389,
      "last_seen_ts_ns": 664953291613
    },
    {
      "tgid": 11086,
      "comm": "runc",
      "cgroup_id": 6520,
      "wait_duration_stats_ns": {
        "count": 255.0,
        "sum": 532737444.99999994,
        "mean": 2089166.4509803918,
        "median": 149605.62667911657,
        "min": 9578,
        "max": 73748297,
        "variance_ns2": 111604259274174.73,
        "iqr_ns": 2218628.0484111807,
        "q1_ns": 17860.487337948787,
        "q3_ns": 2236488.5357491295
      },
      "futex_op_counts": {
        "128": 255
      },
      "first_seen_ts_ns": 564867013898,
      "last_seen_ts_ns": 564946858333
    },
    {
      "tgid": 10981,
      "comm": "runc:[2:INIT]",
      "cgroup_id": 8848,
      "wait_duration_stats_ns": {
        "count": 30.0,
        "sum": 493817443.9999999,
        "mean": 16460581.466666663,
        "median": 1933846.2883670535,
        "min": 9651,
        "max": 85152992,
        "variance_ns2": 906639036172466.2,
        "iqr_ns": 4330648.895807477,
        "q1_ns": 95248.0213378631,
        "q3_ns": 4425896.91714534
      },
      "futex_op_counts": {
        "128": 30
      },
      "first_seen_ts_ns": 514896011899,
      "last_seen_ts_ns": 514997892618
    },
    {
      "tgid": 10997,
      "comm": "runc",
      "cgroup_id": 6520,
      "wait_duration_stats_ns": {
        "count": 228.0,
        "sum": 490621323.99999994,
        "mean": 2151847.9122807016,
        "median": 111759.80770963416,
        "min": 9636,
        "max": 89747679,
        "variance_ns2": 106561729784250.77,
        "iqr_ns": 893928.6094022075,
        "q1_ns": 22038.047698885548,
        "q3_ns": 915966.6571010931
      },
      "futex_op_counts": {
        "128": 228
      },
      "first_seen_ts_ns": 524867012711,
      "last_seen_ts_ns": 524965014159
    },
    {
      "tgid": 11587,
      "comm": "runc",
      "cgroup_id": 6520,
      "wait_duration_stats_ns": {
        "count": 330.0,
        "sum": 473951337.0000001,
        "mean": 1436216.172727273,
        "median": 73124.82219231967,
        "min": 8469,
        "max": 68934483,
        "variance_ns2": 46675376034667.555,
        "iqr_ns": 540169.2249729511,
        "q1_ns": 21648.44037024382,
        "q3_ns": 561817.665343195
      },
      "futex_op_counts": {
        "128": 330
      },
      "first_seen_ts_ns": 674863565702,
      "last_seen_ts_ns": 674937782382
    },
    {
      "tgid": 11053,
      "comm": "runc:[2:INIT]",
      "cgroup_id": 8848,
      "wait_duration_stats_ns": {
        "count": 34.0,
        "sum": 469449356.0,
        "mean": 13807334.0,
        "median": 1613740.443528442,
        "min": 4678,
        "max": 80135377,
        "variance_ns2": 686331676338368.9,
        "iqr_ns": 11515445.17934663,
        "q1_ns": 97988.64248799795,
        "q3_ns": 11613433.821834628
      },
      "futex_op_counts": {
        "128": 34
      },
      "first_seen_ts_ns": 544901200873,
      "last_seen_ts_ns": 544999719834
    },
    {
      "tgid": 11031,
      "comm": "runc:[2:INIT]",
      "cgroup_id": 8848,
      "wait_duration_stats_ns": {
        "count": 34.0,
        "sum": 469270074.0,
        "mean": 13802061.0,
        "median": 1747320.5851334464,
        "min": 613,
        "max": 80123690,
        "variance_ns2": 652012504776843.4,
        "iqr_ns": 13164922.532246146,
        "q1_ns": 388646.4755741609,
        "q3_ns": 13553569.007820306
      },
      "futex_op_counts": {
        "128": 34
      },
      "first_seen_ts_ns": 534896009753,
      "last_seen_ts_ns": 534992482387
    },
    {
      "tgid": 10528,
      "comm": "runc:[2:INIT]",
      "cgroup_id": 8848,
      "wait_duration_stats_ns": {
        "count": 37.0,
        "sum": 456196807.99999994,
        "mean": 12329643.459459458,
        "median": 1610261.5736322175,
        "min": 22599,
        "max": 79849547,
        "variance_ns2": 693837248285735.8,
        "iqr_ns": 15177976.049268702,
        "q1_ns": 125450.03229800145,
        "q3_ns": 15303426.081566703
      },
      "futex_op_counts": {
        "128": 37
      },
      "first_seen_ts_ns": 414893139302,
      "last_seen_ts_ns": 414988763367
    },
    {
      "tgid": 11440,
      "comm": "runc:[2:INIT]",
      "cgroup_id": 8848,
      "wait_duration_stats_ns": {
        "count": 34.0,
        "sum": 455572315.0000001,
        "mean": 13399185.73529412,
        "median": 3337025.999128474,
        "min": 26787,
        "max": 73223793,
        "variance_ns2": 573524102036102.4,
        "iqr_ns": 18153213.263311956,
        "q1_ns": 100413.60450127459,
        "q3_ns": 18253626.86781323
      },
      "futex_op_counts": {
        "128": 34
      },
      "first_seen_ts_ns": 634912390847,
      "last_seen_ts_ns": 635009879251
    },
    {
      "tgid": 11621,
      "comm": "runc:[2:INIT]",
      "cgroup_id": 8848,
      "wait_duration_stats_ns": {
        "count": 30.0,
        "sum": 452878348.0000001,
        "mean": 15095944.933333337,
        "median": 1788771.4293844234,
        "min": 18322,
        "max": 77598772,
        "variance_ns2": 689462639902825.6,
        "iqr_ns": 20865998.12236549,
        "q1_ns": 786722.897405413,
        "q3_ns": 21652721.0197709
      },
      "futex_op_counts": {
        "128": 30
      },
      "first_seen_ts_ns": 684889153094,
      "last_seen_ts_ns": 684985799659
    },
    {
      "tgid": 11550,
      "comm": "runc:[2:INIT]",
      "cgroup_id": 8848,
      "wait_duration_stats_ns": {
        "count": 34.0,
        "sum": 443264326.0,
        "mean": 13037186.05882353,
        "median": 1936571.072574555,
        "min": 789,
        "max": 70955544,
        "variance_ns2": 512258123880573.5,
        "iqr_ns": 14116945.076818645,
        "q1_ns": 116533.66787878795,
        "q3_ns": 14233478.744697433
      },
      "futex_op_counts": {
        "128": 34
      },
      "first_seen_ts_ns": 654900339233,
      "last_seen_ts_ns": 654993097943
    },
    {
      "tgid": 11529,
      "comm": "runc:[2:INIT]",
      "cgroup_id": 8848,
      "wait_duration_stats_ns": {
        "count": 32.0,
        "sum": 423324924.99999994,
        "mean": 13228903.906249998,
        "median": 1406542.0578797478,
        "min": 765,
        "max": 69463922,
        "variance_ns2": 557262552465399.4,
        "iqr_ns": 13901905.651287155,
        "q1_ns": 87256.66066729288,
        "q3_ns": 13989162.311954448
      },
      "futex_op_counts": {
        "128": 32
      },
      "first_seen_ts_ns": 644897221376,
      "last_seen_ts_ns": 644985731209
    },
    {
      "tgid": 10550,
      "comm": "runc:[2:INIT]",
      "cgroup_id": 8848,
      "wait_duration_stats_ns": {
        "count": 29.0,
        "sum": 393116812.0,
        "mean": 13555752.137931034,
        "median": 3562149.6115676356,
        "min": 1833,
        "max": 69206620,
        "variance_ns2": 479123665495890.3,
        "iqr_ns": 19102763.635515723,
        "q1_ns": 171998.71535234264,
        "q3_ns": 19274762.350868065
      },
      "futex_op_counts": {
        "128": 29
      },
      "first_seen_ts_ns": 424897103637,
      "last_seen_ts_ns": 424982284713
    },
    {
      "tgid": 10675,
      "comm": "runc:[2:INIT]",
      "cgroup_id": 8848,
      "wait_duration_stats_ns": {
        "count": 32.0,
        "sum": 392543149.0,
        "mean": 12266973.40625,
        "median": 1936109.2941653281,
        "min": 24591,
        "max": 63876791,
        "variance_ns2": 433443020715731.9,
        "iqr_ns": 16291589.708311036,
        "q1_ns": 84722.3165772248,
        "q3_ns": 16376312.02488826
      },
      "futex_op_counts": {
        "128": 32
      },
      "first_seen_ts_ns": 464891317753,
      "last_seen_ts_ns": 464972973121
    },
    {
      "tgid": 10616,
      "comm": "runc:[2:INIT]",
      "cgroup_id": 8848,
      "wait_duration_stats_ns": {
        "count": 31.0,
        "sum": 391920981.0,
        "mean": 12642612.290322581,
        "median": 3075864.1269570114,
        "min": 830,
        "max": 66944461,
        "variance_ns2": 533060409996289.0,
        "iqr_ns": 17382736.036472112,
        "q1_ns": 45171.630999239016,
        "q3_ns": 17427907.66747135
      },
      "futex_op_counts": {
        "128": 31
      },
      "first_seen_ts_ns": 454891462097,
      "last_seen_ts_ns": 454974724627
    },
    {
      "tgid": 10572,
      "comm": "runc:[2:INIT]",
      "cgroup_id": 8848,
      "wait_duration_stats_ns": {
        "count": 28.0,
        "sum": 377577843.00000006,
        "mean": 13484922.964285716,
        "median": 1289489.781806163,
        "min": 24340,
        "max": 66216383,
        "variance_ns2": 523507117191447.75,
        "iqr_ns": 12720505.943039048,
        "q1_ns": 51500.628482386135,
        "q3_ns": 12772006.571521435
      },
      "futex_op_counts": {
        "128": 28
      },
      "first_seen_ts_ns": 434889055610,
      "last_seen_ts_ns": 434971359229
    },
    {
      "tgid": 10594,
      "comm": "runc:[2:INIT]",
      "cgroup_id": 8848,
      "wait_duration_stats_ns": {
        "count": 31.0,
        "sum": 372270539.0,
        "mean": 12008727.064516129,
        "median": 1876876.8760244667,
        "min": 449,
        "max": 63820135,
        "variance_ns2": 472094519437872.6,
        "iqr_ns": 17230299.021658417,
        "q1_ns": 43756.74125514403,
        "q3_ns": 17274055.762913562
      },
      "futex_op_counts": {
        "128": 31
      },
      "first_seen_ts_ns": 444898173710,
      "last_seen_ts_ns": 444977781505
    },
    {
      "tgid": 11397,
      "comm": "gce_workload_ce",
      "cgroup_id": 9724,
      "wait_duration_stats_ns": {
        "count": 272.0,
        "sum": 371121672.00000006,
        "mean": 1364417.911764706,
        "median": 113931.2021965989,
        "min": 637,
        "max": 59222566,
        "variance_ns2": 38630851522578.19,
        "iqr_ns": 755288.089723608,
        "q1_ns": 17685.13383822734,
        "q3_ns": 772973.2235618354
      },
      "futex_op_counts": {
        "128": 272
      },
      "first_seen_ts_ns": 619146106458,
      "last_seen_ts_ns": 619212017781
    },
    {
      "tgid": 11006,
      "comm": "runc:[2:INIT]",
      "cgroup_id": 8848,
      "wait_duration_stats_ns": {
        "count": 34.0,
        "sum": 353523141.99999994,
        "mean": 10397739.470588233,
        "median": 1748075.0911610017,
        "min": 585,
        "max": 58121546,
        "variance_ns2": 291894627761561.06,
        "iqr_ns": 12037414.328394866,
        "q1_ns": 178179.02653400582,
        "q3_ns": 12215593.354928872
      },
      "futex_op_counts": {
        "128": 34
      },
      "first_seen_ts_ns": 524885215193,
      "last_seen_ts_ns": 524961769522
    },
    {
      "tgid": 11119,
      "comm": "runc:[2:INIT]",
      "cgroup_id": 8848,
      "wait_duration_stats_ns": {
        "count": 27.0,
        "sum": 340240768.0,
        "mean": 12601509.925925925,
        "median": 3187717.0979706533,
        "min": 14152,
        "max": 59185969,
        "variance_ns2": 341266003184071.75,
        "iqr_ns": 13176800.80529283,
        "q1_ns": 511495.19951223105,
        "q3_ns": 13688296.00480506
      },
      "futex_op_counts": {
        "128": 27
      },
      "first_seen_ts_ns": 574907011905,
      "last_seen_ts_ns": 574975377414
    },
    {
      "tgid": 11075,
      "comm": "runc:[2:INIT]",
      "cgroup_id": 8848,
      "wait_duration_stats_ns": {
        "count": 33.0,
        "sum": 330804525.0,
        "mean": 10024379.545454545,
        "median": 2171035.6473947153,
        "min": 19924,
        "max": 55541971,
        "variance_ns2": 280379110747508.34,
        "iqr_ns": 11346175.45816982,
        "q1_ns": 340778.3064435313,
        "q3_ns": 11686953.76461335
      },
      "futex_op_counts": {
        "128": 33
      },
      "first_seen_ts_ns": 554914012378,
      "last_seen_ts_ns": 554982152421
    },
    {
      "tgid": 10507,
      "comm": "runc:[2:INIT]",
      "cgroup_id": 8848,
      "wait_duration_stats_ns": {
        "count": 29.0,
        "sum": 310768725.0,
        "mean": 10716162.931034483,
        "median": 2150796.644067872,
        "min": 23321,
        "max": 57630716,
        "variance_ns2": 327350519340669.8,
        "iqr_ns": 12027762.332490195,
        "q1_ns": 111946.47318856555,
        "q3_ns": 12139708.80567876
      },
      "futex_op_counts": {
        "128": 29
      },
      "first_seen_ts_ns": 404892350841,
      "last_seen_ts_ns": 404975815220
    },
    {
      "tgid": 10646,
      "comm": "gke-exec-auth-p",
      "cgroup_id": 6580,
      "wait_duration_stats_ns": {
        "count": 235.0,
        "sum": 309792944.0000001,
        "mean": 1318267.846808511,
        "median": 218777.3820024261,
        "min": 578,
        "max": 45156667,
        "variance_ns2": 33602993603445.234,
        "iqr_ns": 1135287.1904147614,
        "q1_ns": 28095.091849215903,
        "q3_ns": 1163382.2822639772
      },
      "futex_op_counts": {
        "128": 235
      },
      "first_seen_ts_ns": 458953474661,
      "last_seen_ts_ns": 459037022187
    },
    {
      "tgid": 11097,
      "comm": "runc:[2:INIT]",
      "cgroup_id": 8848,
      "wait_duration_stats_ns": {
        "count": 28.0,
        "sum": 290974873.00000006,
        "mean": 10391959.750000002,
        "median": 1566982.6096132498,
        "min": 16276,
        "max": 46957533,
        "variance_ns2": 285459810430802.5,
        "iqr_ns": 17176911.36207057,
        "q1_ns": 39285.12178622671,
        "q3_ns": 17216196.483856797
      },
      "futex_op_counts": {
        "128": 28
      },
      "first_seen_ts_ns": 564884165923,
      "last_seen_ts_ns": 564946879865
    },
    {
      "tgid": 11419,
      "comm": "runc:[2:INIT]",
      "cgroup_id": 8848,
      "wait_duration_stats_ns": {
        "count": 32.0,
        "sum": 259476021.0,
        "mean": 8108625.65625,
        "median": 5394483.263629959,
        "min": 14501,
        "max": 38106427,
        "variance_ns2": 95073843158354.77,
        "iqr_ns": 8287013.880127968,
        "q1_ns": 2188687.7500851,
        "q3_ns": 10475701.630213069
      },
      "futex_op_counts": {
        "128": 32
      },
      "first_seen_ts_ns": 624913096401,
      "last_seen_ts_ns": 624981670633
    },
    {
      "tgid": 10886,
      "comm": "runc",
      "cgroup_id": 6520,
      "wait_duration_stats_ns": {
        "count": 384.0,
        "sum": 232158236.0,
        "mean": 604578.7395833334,
        "median": 32766.114752484267,
        "min": 563,
        "max": 37159370,
        "variance_ns2": 17171931167699.318,
        "iqr_ns": 105391.09660489156,
        "q1_ns": 13993.17986062129,
        "q3_ns": 119384.27646551284
      },
      "futex_op_counts": {
        "128": 384
      },
      "first_seen_ts_ns": 474862351110,
      "last_seen_ts_ns": 474899668312
    },
    {
      "tgid": 11312,
      "comm": "runc",
      "cgroup_id": 6520,
      "wait_duration_stats_ns": {
        "count": 384.0,
        "sum": 228613781.99999994,
        "mean": 595348.3906249999,
        "median": 28650.012275267745,
        "min": 4165,
        "max": 33976729,
        "variance_ns2": 16070147359816.426,
        "iqr_ns": 80152.06282745129,
        "q1_ns": 13855.830492404482,
        "q3_ns": 94007.89331985576
      },
      "futex_op_counts": {
        "128": 384
      },
      "first_seen_ts_ns": 584862767196,
      "last_seen_ts_ns": 584899594153
    },
    {
      "tgid": 11598,
      "comm": "runc:[2:INIT]",
      "cgroup_id": 8848,
      "wait_duration_stats_ns": {
        "count": 38.0,
        "sum": 228438589.00000006,
        "mean": 6011541.815789475,
        "median": 458245.5816874256,
        "min": 651,
        "max": 31485147,
        "variance_ns2": 99425093675213.05,
        "iqr_ns": 6789277.485823024,
        "q1_ns": 71634.32777777778,
        "q3_ns": 6860911.813600802
      },
      "futex_op_counts": {
        "128": 38
      },
      "first_seen_ts_ns": 674889028441,
      "last_seen_ts_ns": 674937843332
    },
    {
      "tgid": 10949,
      "comm": "runc",
      "cgroup_id": 6520,
      "wait_duration_stats_ns": {
        "count": 345.0,
        "sum": 228307936.00000003,
        "mean": 661762.1333333334,
        "median": 42442.79936834553,
        "min": 783,
        "max": 33768262,
        "variance_ns2": 17434579916357.457,
        "iqr_ns": 130547.99760525719,
        "q1_ns": 19097.836803286616,
        "q3_ns": 149645.8344085438
      },
      "futex_op_counts": {
        "128": 345
      },
      "first_seen_ts_ns": 504863329691,
      "last_seen_ts_ns": 504900045882
    },
    {
      "tgid": 10387,
      "comm": "runc",
      "cgroup_id": 6520,
      "wait_duration_stats_ns": {
        "count": 342.0,
        "sum": 220940439.0,
        "mean": 646024.6754385965,
        "median": 33309.4559408458,
        "min": 578,
        "max": 32856497,
        "variance_ns2": 16821471963925.908,
        "iqr_ns": 134867.8941204261,
        "q1_ns": 15190.92550123404,
        "q3_ns": 150058.81962166014
      },
      "futex_op_counts": {
        "128": 342
      },
      "first_seen_ts_ns": 364862847384,
      "last_seen_ts_ns": 364898552057
    },
    {
      "tgid": 11355,
      "comm": "runc",
      "cgroup_id": 6520,
      "wait_duration_stats_ns": {
        "count": 385.0,
        "sum": 197540655.0,
        "mean": 513092.6103896104,
        "median": 24920.87069246979,
        "min": 495,
        "max": 34332466,
        "variance_ns2": 13643031763302.084,
        "iqr_ns": 80627.89651282187,
        "q1_ns": 14014.635185967409,
        "q3_ns": 94642.53169878927
      },
      "futex_op_counts": {
        "128": 385
      },
      "first_seen_ts_ns": 604863306315,
      "last_seen_ts_ns": 604900512857
    },
    {
      "tgid": 10449,
      "comm": "runc",
      "cgroup_id": 6520,
      "wait_duration_stats_ns": {
        "count": 362.0,
        "sum": 197012777.9999999,
        "mean": 544234.1933701655,
        "median": 37054.21142146307,
        "min": 1439,
        "max": 36807059,
        "variance_ns2": 14044353928952.797,
        "iqr_ns": 117809.18687641628,
        "q1_ns": 20706.235266147287,
        "q3_ns": 138515.42214256356
      },
      "futex_op_counts": {
        "128": 362
      },
      "first_seen_ts_ns": 384862719668,
      "last_seen_ts_ns": 384899717007
    },
    {
      "tgid": 10929,
      "comm": "runc",
      "cgroup_id": 6520,
      "wait_duration_stats_ns": {
        "count": 371.0,
        "sum": 196169171.99999997,
        "mean": 528757.8760107816,
        "median": 29964.851894429215,
        "min": 684,
        "max": 34015614,
        "variance_ns2": 13491819464449.826,
        "iqr_ns": 80747.23918701508,
        "q1_ns": 17974.6338565661,
        "q3_ns": 98721.87304358117
      },
      "futex_op_counts": {
        "128": 371
      },
      "first_seen_ts_ns": 494863403775,
      "last_seen_ts_ns": 494900327296
    },
    {
      "tgid": 10470,
      "comm": "runc",
      "cgroup_id": 6520,
      "wait_duration_stats_ns": {
        "count": 391.0,
        "sum": 196142424.00000003,
        "mean": 501643.0281329924,
        "median": 26745.604423633984,
        "min": 7266,
        "max": 33967195,
        "variance_ns2": 13182741286626.387,
        "iqr_ns": 65537.08106996563,
        "q1_ns": 13682.24318367253,
        "q3_ns": 79219.32425363816
      },
      "futex_op_counts": {
        "128": 391
      },
      "first_seen_ts_ns": 394863573966,
      "last_seen_ts_ns": 394900668594
    },
    {
      "tgid": 11333,
      "comm": "runc",
      "cgroup_id": 6520,
      "wait_duration_stats_ns": {
        "count": 390.0,
        "sum": 196137256.0,
        "mean": 502916.041025641,
        "median": 24325.6659840373,
        "min": 533,
        "max": 34140365,
        "variance_ns2": 13319485350667.062,
        "iqr_ns": 73718.61615151257,
        "q1_ns": 13347.306570901514,
        "q3_ns": 87065.92272241409
      },
      "futex_op_counts": {
        "128": 390
      },
      "first_seen_ts_ns": 594862730726,
      "last_seen_ts_ns": 594899752895
    },
    {
      "tgid": 10909,
      "comm": "runc",
      "cgroup_id": 6520,
      "wait_duration_stats_ns": {
        "count": 350.0,
        "sum": 189333027.99999997,
        "mean": 540951.5085714285,
        "median": 29318.690503792288,
        "min": 6318,
        "max": 32975401,
        "variance_ns2": 13686029954086.174,
        "iqr_ns": 82544.418393889,
        "q1_ns": 14164.948983710468,
        "q3_ns": 96709.36737759947
      },
      "futex_op_counts": {
        "128": 350
      },
      "first_seen_ts_ns": 484864156543,
      "last_seen_ts_ns": 484900043357
    },
    {
      "tgid": 10429,
      "comm": "runc",
      "cgroup_id": 6520,
      "wait_duration_stats_ns": {
        "count": 353.0,
        "sum": 178959632.0,
        "mean": 506967.7960339943,
        "median": 32008.714035438163,
        "min": 589,
        "max": 33992063,
        "variance_ns2": 12449042422930.232,
        "iqr_ns": 90826.85533337833,
        "q1_ns": 15327.643902864222,
        "q3_ns": 106154.49923624255
      },
      "futex_op_counts": {
        "128": 353
      },
      "first_seen_ts_ns": 374862548109,
      "last_seen_ts_ns": 374896677216
    },
    {
      "tgid": 11377,
      "comm": "runc",
      "cgroup_id": 6520,
      "wait_duration_stats_ns": {
        "count": 365.0,
        "sum": 165346335.0,
        "mean": 453003.65753424657,
        "median": 29975.77623833757,
        "min": 7273,
        "max": 31697351,
        "variance_ns2": 10161644782912.488,
        "iqr_ns": 93882.92275553438,
        "q1_ns": 15721.527764299492,
        "q3_ns": 109604.45051983387
      },
      "futex_op_counts": {
        "128": 365
      },
      "first_seen_ts_ns": 614862762023,
      "last_seen_ts_ns": 614894629342
    },
    {
      "tgid": 11576,
      "comm": "runc:[2:INIT]",
      "cgroup_id": 8848,
      "wait_duration_stats_ns": {
        "count": 26.0,
        "sum": 133903493.99999996,
        "mean": 5150134.384615383,
        "median": 627923.2239357713,
        "min": 12541,
        "max": 25326627,
        "variance_ns2": 57816547974123.3,
        "iqr_ns": 6322091.650694444,
        "q1_ns": 48416.29375,
        "q3_ns": 6370507.944444444
      },
      "futex_op_counts": {
        "128": 26
      },
      "first_seen_ts_ns": 664911273334,
      "last_seen_ts_ns": 664953059596
    },
    {
      "tgid": 10897,
      "comm": "runc:[2:INIT]",
      "cgroup_id": 8848,
      "wait_duration_stats_ns": {
        "count": 26.0,
        "sum": 129173341.99999999,
        "mean": 4968205.461538461,
        "median": 912733.3629860339,
        "min": 23178,
        "max": 15480008,
        "variance_ns2": 40636373138554.58,
        "iqr_ns": 7386553.64758223,
        "q1_ns": 55567.1851851852,
        "q3_ns": 7442120.832767416
      },
      "futex_op_counts": {
        "128": 26
      },
      "first_seen_ts_ns": 474870037864,
      "last_seen_ts_ns": 474899635362
    },
    {
      "tgid": 11366,
      "comm": "runc:[2:INIT]",
      "cgroup_id": 8848,
      "wait_duration_stats_ns": {
        "count": 29.0,
        "sum": 128607324.0,
        "mean": 4434735.310344827,
        "median": 862341.3066147196,
        "min": 3820,
        "max": 15482172,
        "variance_ns2": 38243941546062.79,
        "iqr_ns": 8007698.361396564,
        "q1_ns": 77307.43396924062,
        "q3_ns": 8085005.795365805
      },
      "futex_op_counts": {
        "128": 29
      },
      "first_seen_ts_ns": 604871074164,
      "last_seen_ts_ns": 604900542907
    },
    {
      "tgid": 11344,
      "comm": "runc:[2:INIT]",
      "cgroup_id": 8848,
      "wait_duration_stats_ns": {
        "count": 28.0,
        "sum": 127603495.00000001,
        "mean": 4557267.678571429,
        "median": 709315.2900727869,
        "min": 829,
        "max": 15689463,
        "variance_ns2": 38608067632804.68,
        "iqr_ns": 8092037.435633062,
        "q1_ns": 57001.153383597906,
        "q3_ns": 8149038.58901666
      },
      "futex_op_counts": {
        "128": 28
      },
      "first_seen_ts_ns": 594870525419,
      "last_seen_ts_ns": 594899808819
    },
    {
      "tgid": 11323,
      "comm": "runc:[2:INIT]",
      "cgroup_id": 8848,
      "wait_duration_stats_ns": {
        "count": 26.0,
        "sum": 127245612.99999999,
        "mean": 4894062.038461538,
        "median": 889331.8882488532,
        "min": 21296,
        "max": 15564265,
        "variance_ns2": 39622798078180.914,
        "iqr_ns": 7179110.430058195,
        "q1_ns": 82313.58834913079,
        "q3_ns": 7261424.018407326
      },
      "futex_op_counts": {
        "128": 26
      },
      "first_seen_ts_ns": 584870493534,
      "last_seen_ts_ns": 584899689321
    },
    {
      "tgid": 10480,
      "comm": "runc:[2:INIT]",
      "cgroup_id": 8848,
      "wait_duration_stats_ns": {
        "count": 30.0,
        "sum": 126696672.99999999,
        "mean": 4223222.433333333,
        "median": 753568.8568568936,
        "min": 567,
        "max": 15619369,
        "variance_ns2": 36900267928283.91,
        "iqr_ns": 5834190.11774813,
        "q1_ns": 83366.19043885029,
        "q3_ns": 5917556.30818698
      },
      "futex_op_counts": {
        "128": 30
      },
      "first_seen_ts_ns": 394871601395,
      "last_seen_ts_ns": 394900724882
    },
    {
      "tgid": 10939,
      "comm": "runc:[2:INIT]",
      "cgroup_id": 8848,
      "wait_duration_stats_ns": {
        "count": 27.0,
        "sum": 123555217.99999999,
        "mean": 4576119.185185185,
        "median": 1420902.6053256928,
        "min": 2404,
        "max": 16178465,
        "variance_ns2": 34279788331242.312,
        "iqr_ns": 6369136.885276843,
        "q1_ns": 86519.76332867614,
        "q3_ns": 6455656.648605519
      },
      "futex_op_counts": {
        "128": 27
      },
      "first_seen_ts_ns": 494871870648,
      "last_seen_ts_ns": 494900344492
    },
    {
      "tgid": 10960,
      "comm": "runc:[2:INIT]",
      "cgroup_id": 8848,
      "wait_duration_stats_ns": {
        "count": 27.0,
        "sum": 122378041.0,
        "mean": 4532520.037037037,
        "median": 1014185.3174417501,
        "min": 23326,
        "max": 15611875,
        "variance_ns2": 35695464950633.195,
        "iqr_ns": 8355167.420377678,
        "q1_ns": 54538.54526748972,
        "q3_ns": 8409705.965645168
      },
      "futex_op_counts": {
        "128": 27
      },
      "first_seen_ts_ns": 504871741317,
      "last_seen_ts_ns": 504900011734
    },
    {
      "tgid": 10460,
      "comm": "runc:[2:INIT]",
      "cgroup_id": 8848,
      "wait_duration_stats_ns": {
        "count": 30.0,
        "sum": 121587467.0,
        "mean": 4052915.5666666664,
        "median": 313333.9126296865,
        "min": 596,
        "max": 15559518,
        "variance_ns2": 34370869625904.81,
        "iqr_ns": 6171083.664313118,
        "q1_ns": 46703.77039276247,
        "q3_ns": 6217787.4347058805
      },
      "futex_op_counts": {
        "128": 30
      },
      "first_seen_ts_ns": 384871645296,
      "last_seen_ts_ns": 384899733505
    },
    {
      "tgid": 10919,
      "comm": "runc:[2:INIT]",
      "cgroup_id": 8848,
      "wait_duration_stats_ns": {
        "count": 26.0,
        "sum": 121536656.0,
        "mean": 4674486.769230769,
        "median": 502828.2892409577,
        "min": 27933,
        "max": 15680669,
        "variance_ns2": 35924834370178.83,
        "iqr_ns": 7038538.117248542,
        "q1_ns": 69788.69835390945,
        "q3_ns": 7108326.815602452
      },
      "futex_op_counts": {
        "128": 26
      },
      "first_seen_ts_ns": 484871950416,
      "last_seen_ts_ns": 484900065871
    },
    {
      "tgid": 10399,
      "comm": "runc:[2:INIT]",
      "cgroup_id": 8848,
      "wait_duration_stats_ns": {
        "count": 30.0,
        "sum": 121043892.00000001,
        "mean": 4034796.4000000004,
        "median": 547538.1098169399,
        "min": 635,
        "max": 15469270,
        "variance_ns2": 34230318993954.934,
        "iqr_ns": 6317079.618551483,
        "q1_ns": 41685.92749120199,
        "q3_ns": 6358765.546042685
      },
      "futex_op_counts": {
        "128": 30
      },
      "first_seen_ts_ns": 364870613822,
      "last_seen_ts_ns": 364898542415
    },
    {
      "tgid": 10439,
      "comm": "runc:[2:INIT]",
      "cgroup_id": 8848,
      "wait_duration_stats_ns": {
        "count": 26.0,
        "sum": 112072107.0,
        "mean": 4310465.653846154,
        "median": 503860.2019861661,
        "min": 21869,
        "max": 15473960,
        "variance_ns2": 32410682924847.113,
        "iqr_ns": 6622785.3090575915,
        "q1_ns": 58528.85719714506,
        "q3_ns": 6681314.1662547365
      },
      "futex_op_counts": {
        "128": 26
      },
      "first_seen_ts_ns": 374870491364,
      "last_seen_ts_ns": 374896654640
    },
    {
      "tgid": 11387,
      "comm": "runc:[2:INIT]",
      "cgroup_id": 8848,
      "wait_duration_stats_ns": {
        "count": 27.0,
        "sum": 101170401.0,
        "mean": 3747051.888888889,
        "median": 794099.3764126382,
        "min": 9173,
        "max": 15523547,
        "variance_ns2": 28565654391832.56,
        "iqr_ns": 5724153.585323449,
        "q1_ns": 48113.05606481482,
        "q3_ns": 5772266.6413882645
      },
      "futex_op_counts": {
        "128": 27
      },
      "first_seen_ts_ns": 614870678689,
      "last_seen_ts_ns": 614894644649
    },
    {
      "tgid": 11646,
      "comm": "runc",
      "cgroup_id": 6520,
      "wait_duration_stats_ns": {
        "count": 337.0,
        "sum": 25590638.00000003,
        "mean": 75936.61127596447,
        "median": 20131.907333066978,
        "min": 703,
        "max": 4164821,
        "variance_ns2": 139656370942.23846,
        "iqr_ns": 27470.397584930255,
        "q1_ns": 13850.266970675755,
        "q3_ns": 41320.66455560601
      },
      "futex_op_counts": {
        "128": 337
      },
      "first_seen_ts_ns": 694862694689,
      "last_seen_ts_ns": 694870137540
    },
    {
      "tgid": 10675,
      "comm": "csi-node-driver",
      "cgroup_id": 8848,
      "wait_duration_stats_ns": {
        "count": 16.0,
        "sum": 18720915.0,
        "mean": 1170057.1875,
        "median": 872838.4335499043,
        "min": 13989,
        "max": 5526607,
        "variance_ns2": 2385990220779.4956,
        "iqr_ns": 2283696.886386658,
        "q1_ns": 47629.34528000821,
        "q3_ns": 2331326.2316666665
      },
      "futex_op_counts": {
        "128": 16
      },
      "first_seen_ts_ns": 464981012598,
      "last_seen_ts_ns": 464984063914
    },
    {
      "tgid": 10145,
      "comm": "runc",
      "cgroup_id": 6520,
      "wait_duration_stats_ns": {
        "count": 104.0,
        "sum": 13187946.0,
        "mean": 126807.17307692308,
        "median": 21894.312784344827,
        "min": 6845,
        "max": 2670169,
        "variance_ns2": 222158472249.4067,
        "iqr_ns": 18744.13911206247,
        "q1_ns": 14747.906407123099,
        "q3_ns": 33492.045519185565
      },
      "futex_op_counts": {
        "128": 104
      },
      "first_seen_ts_ns": 344863281687,
      "last_seen_ts_ns": 344866698748
    },
    {
      "tgid": 11550,
      "comm": "csi-node-driver",
      "cgroup_id": 8848,
      "wait_duration_stats_ns": {
        "count": 15.0,
        "sum": 12005883.0,
        "mean": 800392.2,
        "median": 355521.76882716053,
        "min": 26936,
        "max": 5486392,
        "variance_ns2": 2039112216351.6,
        "iqr_ns": 609926.3211728395,
        "q1_ns": 37847.70216049383,
        "q3_ns": 647774.0233333333
      },
      "futex_op_counts": {
        "128": 15
      },
      "first_seen_ts_ns": 654995536255,
      "last_seen_ts_ns": 655001016035
    },
    {
      "tgid": 10616,
      "comm": "csi-node-driver",
      "cgroup_id": 8848,
      "wait_duration_stats_ns": {
        "count": 19.0,
        "sum": 10833162.999999998,
        "mean": 570166.4736842104,
        "median": 226673.21590195107,
        "min": 12916,
        "max": 2306914,
        "variance_ns2": 625380913725.4854,
        "iqr_ns": 459967.7120781894,
        "q1_ns": 24732.64461162551,
        "q3_ns": 484700.35668981494
      },
      "futex_op_counts": {
        "128": 19
      },
      "first_seen_ts_ns": 454977725985,
      "last_seen_ts_ns": 454981412639
    },
    {
      "tgid": 10550,
      "comm": "csi-node-driver",
      "cgroup_id": 8848,
      "wait_duration_stats_ns": {
        "count": 14.0,
        "sum": 10729303.000000002,
        "mean": 766378.7857142858,
        "median": 49160.02888888889,
        "min": 24227,
        "max": 4160832,
        "variance_ns2": 1808567970850.6423,
        "iqr_ns": 233828.33318121696,
        "q1_ns": 48705.240628306885,
        "q3_ns": 282533.57380952383
      },
      "futex_op_counts": {
        "128": 14
      },
      "first_seen_ts_ns": 424984859225,
      "last_seen_ts_ns": 424989017829
    },
    {
      "tgid": 11075,
      "comm": "csi-node-driver",
      "cgroup_id": 8848,
      "wait_duration_stats_ns": {
        "count": 19.0,
        "sum": 10649782.000000002,
        "mean": 560514.8421052633,
        "median": 282832.30022515194,
        "min": 12333,
        "max": 2179832,
        "variance_ns2": 549428196818.58484,
        "iqr_ns": 538054.3136314505,
        "q1_ns": 75168.40658283516,
        "q3_ns": 613222.7202142857
      },
      "futex_op_counts": {
        "128": 19
      },
      "first_seen_ts_ns": 554984492488,
      "last_seen_ts_ns": 554988133704
    },
    {
      "tgid": 11529,
      "comm": "csi-node-driver",
      "cgroup_id": 8848,
      "wait_duration_stats_ns": {
        "count": 15.0,
        "sum": 10305683.0,
        "mean": 687045.5333333333,
        "median": 38382.92160493827,
        "min": 14476,
        "max": 3688718,
        "variance_ns2": 1541581532413.5525,
        "iqr_ns": 270402.53395061725,
        "q1_ns": 25166.194444444445,
        "q3_ns": 295568.7283950617
      },
      "futex_op_counts": {
        "128": 15
      },
      "first_seen_ts_ns": 644988230718,
      "last_seen_ts_ns": 644992012467
    },
    {
      "tgid": 11031,
      "comm": "csi-node-driver",
      "cgroup_id": 8848,
      "wait_duration_stats_ns": {
        "count": 13.0,
        "sum": 10045577.0,
        "mean": 772736.6923076924,
        "median": 149120.62133333337,
        "min": 18705,
        "max": 3677446,
        "variance_ns2": 1617524213074.8975,
        "iqr_ns": 340251.3710185185,
        "q1_ns": 33022.60648148148,
        "q3_ns": 373273.9775
      },
      "futex_op_counts": {
        "128": 13
      },
      "first_seen_ts_ns": 534994342533,
      "last_seen_ts_ns": 534998012092
    },
    {
      "tgid": 10594,
      "comm": "csi-node-driver",
      "cgroup_id": 8848,
      "wait_duration_stats_ns": {
        "count": 21.0,
        "sum": 9916902.999999998,
        "mean": 472233.4761904761,
        "median": 94009.25791681977,
        "min": 16515,
        "max": 1888481,
        "variance_ns2": 428326909525.96185,
        "iqr_ns": 666286.3099685119,
        "q1_ns": 28775.45289707801,
        "q3_ns": 695061.7628655899
      },
      "futex_op_counts": {
        "128": 21
      },
      "first_seen_ts_ns": 444983508516,
      "last_seen_ts_ns": 444986882127
    },
    {
      "tgid": 11598,
      "comm": "csi-node-driver",
      "cgroup_id": 8848,
      "wait_duration_stats_ns": {
        "count": 18.0,
        "sum": 9841847.000000002,
        "mean": 546769.2777777779,
        "median": 234196.94148953434,
        "min": 15876,
        "max": 1916412,
        "variance_ns2": 444026392457.7418,
        "iqr_ns": 439914.2558024692,
        "q1_ns": 38235.617283950625,
        "q3_ns": 478149.87308641983
      },
      "futex_op_counts": {
        "128": 18
      },
      "first_seen_ts_ns": 674940355514,
      "last_seen_ts_ns": 674943728827
    },
    {
      "tgid": 11621,
      "comm": "csi-node-driver",
      "cgroup_id": 8848,
      "wait_duration_stats_ns": {
        "count": 12.0,
        "sum": 9827476.0,
        "mean": 818956.3333333334,
        "median": 1529652.3888888885,
        "min": 10593,
        "max": 1880585,
        "variance_ns2": 683665362699.5151,
        "iqr_ns": 1699738.48125,
        "q1_ns": 142506.51875,
        "q3_ns": 1842245.0
      },
      "futex_op_counts": {
        "128": 12
      },
      "first_seen_ts_ns": 684989380215,
      "last_seen_ts_ns": 684992658861
    },
    {
      "tgid": 10572,
      "comm": "csi-node-driver",
      "cgroup_id": 8848,
      "wait_duration_stats_ns": {
        "count": 22.0,
        "sum": 9819456.0,
        "mean": 446338.9090909091,
        "median": 68957.26946151027,
        "min": 13625,
        "max": 1975656,
        "variance_ns2": 432618186825.1342,
        "iqr_ns": 406578.8761932946,
        "q1_ns": 30922.36720196759,
        "q3_ns": 437501.24339526216
      },
      "futex_op_counts": {
        "128": 22
      },
      "first_seen_ts_ns": 434973767919,
      "last_seen_ts_ns": 434977105835
    },
    {
      "tgid": 11119,
      "comm": "csi-node-driver",
      "cgroup_id": 8848,
      "wait_duration_stats_ns": {
        "count": 20.0,
        "sum": 9753244.0,
        "mean": 487662.2,
        "median": 227461.7789713542,
        "min": 10134,
        "max": 1990669,
        "variance_ns2": 444193258054.8,
        "iqr_ns": 652111.798179612,
        "q1_ns": 27431.468113425926,
        "q3_ns": 679543.2662930379
      },
      "futex_op_counts": {
        "128": 20
      },
      "first_seen_ts_ns": 574979544757,
      "last_seen_ts_ns": 574982870161
    },
    {
      "tgid": 11576,
      "comm": "csi-node-driver",
      "cgroup_id": 8848,
      "wait_duration_stats_ns": {
        "count": 22.0,
        "sum": 9722897.0,
        "mean": 441949.86363636365,
        "median": 63961.04615200618,
        "min": 7445,
        "max": 1984648,
        "variance_ns2": 434242268150.79,
        "iqr_ns": 509488.0252837584,
        "q1_ns": 18733.999612764554,
        "q3_ns": 528222.024896523
      },
      "futex_op_counts": {
        "128": 22
      },
      "first_seen_ts_ns": 664955372922,
      "last_seen_ts_ns": 664958673280
    },
    {
      "tgid": 11006,
      "comm": "csi-node-driver",
      "cgroup_id": 8848,
      "wait_duration_stats_ns": {
        "count": 22.0,
        "sum": 9551062.0,
        "mean": 434139.1818181818,
        "median": 186404.23706553335,
        "min": 16365,
        "max": 1810359,
        "variance_ns2": 387130082992.0606,
        "iqr_ns": 332673.8642568979,
        "q1_ns": 28037.13644547325,
        "q3_ns": 360711.0007023711
      },
      "futex_op_counts": {
        "128": 22
      },
      "first_seen_ts_ns": 524966689574,
      "last_seen_ts_ns": 524969948083
    },
    {
      "tgid": 10528,
      "comm": "csi-node-driver",
      "cgroup_id": 8848,
      "wait_duration_stats_ns": {
        "count": 19.0,
        "sum": 9507759.0,
        "mean": 500408.3684210526,
        "median": 87675.00695219493,
        "min": 16136,
        "max": 1841111,
        "variance_ns2": 425036635760.0233,
        "iqr_ns": 556142.7631006172,
        "q1_ns": 33984.34079613096,
        "q3_ns": 590127.1038967482
      },
      "futex_op_counts": {
        "128": 19
      },
      "first_seen_ts_ns": 414991339319,
      "last_seen_ts_ns": 414994679075
    },
    {
      "tgid": 10480,
      "comm": "csi-node-driver",
      "cgroup_id": 8848,
      "wait_duration_stats_ns": {
        "count": 22.0,
        "sum": 9503893.999999998,
        "mean": 431995.18181818177,
        "median": 65341.787006430255,
        "min": 12459,
        "max": 1872137,
        "variance_ns2": 389086884284.5368,
        "iqr_ns": 632625.3407556466,
        "q1_ns": 28482.11447879464,
        "q3_ns": 661107.4552344412
      },
      "futex_op_counts": {
        "128": 22
      },
      "first_seen_ts_ns": 394902461821,
      "last_seen_ts_ns": 394905744669
    },
    {
      "tgid": 10981,
      "comm": "csi-node-driver",
      "cgroup_id": 8848,
      "wait_duration_stats_ns": {
        "count": 19.0,
        "sum": 9436650.000000002,
        "mean": 496665.7894736843,
        "median": 145643.99575330946,
        "min": 9391,
        "max": 2504294,
        "variance_ns2": 519752780096.5088,
        "iqr_ns": 566772.0298318865,
        "q1_ns": 24216.026945891204,
        "q3_ns": 590988.0567777777
      },
      "futex_op_counts": {
        "128": 19
      },
      "first_seen_ts_ns": 515003514406,
      "last_seen_ts_ns": 515006724956
    },
    {
      "tgid": 11323,
      "comm": "csi-node-driver",
      "cgroup_id": 8848,
      "wait_duration_stats_ns": {
        "count": 19.0,
        "sum": 9420549.0,
        "mean": 495818.36842105264,
        "median": 288447.4811833134,
        "min": 17173,
        "max": 1845480,
        "variance_ns2": 399213853684.69006,
        "iqr_ns": 402225.01595036016,
        "q1_ns": 40702.55439814815,
        "q3_ns": 442927.5703485083
      },
      "futex_op_counts": {
        "128": 19
      },
      "first_seen_ts_ns": 584901831396,
      "last_seen_ts_ns": 584905021657
    },
    {
      "tgid": 11053,
      "comm": "csi-node-driver",
      "cgroup_id": 8848,
      "wait_duration_stats_ns": {
        "count": 16.0,
        "sum": 9326175.0,
        "mean": 582885.9375,
        "median": 292691.3875209263,
        "min": 19675,
        "max": 1949026,
        "variance_ns2": 495184773732.59576,
        "iqr_ns": 701048.7462204219,
        "q1_ns": 30215.14068930041,
        "q3_ns": 731263.8869097222
      },
      "futex_op_counts": {
        "128": 16
      },
      "first_seen_ts_ns": 545002235635,
      "last_seen_ts_ns": 545005431484
    },
    {
      "tgid": 11344,
      "comm": "csi-node-driver",
      "cgroup_id": 8848,
      "wait_duration_stats_ns": {
        "count": 19.0,
        "sum": 9320886.999999998,
        "mean": 490572.99999999994,
        "median": 188288.8586612654,
        "min": 8955,
        "max": 1938171,
        "variance_ns2": 444314092654.55554,
        "iqr_ns": 730542.897777665,
        "q1_ns": 24356.483723958332,
        "q3_ns": 754899.3815016234
      },
      "futex_op_counts": {
        "128": 19
      },
      "first_seen_ts_ns": 594902071178,
      "last_seen_ts_ns": 594905200518
    },
    {
      "tgid": 10897,
      "comm": "csi-node-driver",
      "cgroup_id": 8848,
      "wait_duration_stats_ns": {
        "count": 21.0,
        "sum": 9249864.000000002,
        "mean": 440469.7142857144,
        "median": 233268.83956874383,
        "min": 16167,
        "max": 1755768,
        "variance_ns2": 349887800522.7144,
        "iqr_ns": 522053.80266098486,
        "q1_ns": 35248.856770833336,
        "q3_ns": 557302.6594318182
      },
      "futex_op_counts": {
        "128": 21
      },
      "first_seen_ts_ns": 474901592712,
      "last_seen_ts_ns": 474904710294
    },
    {
      "tgid": 11440,
      "comm": "csi-node-driver",
      "cgroup_id": 8848,
      "wait_duration_stats_ns": {
        "count": 20.0,
        "sum": 9238211.0,
        "mean": 461910.55000000005,
        "median": 244089.99921875,
        "min": 15428,
        "max": 1773339,
        "variance_ns2": 383067493063.41846,
        "iqr_ns": 495654.6927822354,
        "q1_ns": 32649.699690286354,
        "q3_ns": 528304.3924725218
      },
      "futex_op_counts": {
        "128": 20
      },
      "first_seen_ts_ns": 635014391702,
      "last_seen_ts_ns": 635017532982
    },
    {
      "tgid": 10939,
      "comm": "csi-node-driver",
      "cgroup_id": 8848,
      "wait_duration_stats_ns": {
        "count": 20.0,
        "sum": 9235799.0,
        "mean": 461789.94999999995,
        "median": 236191.47639322915,
        "min": 22693,
        "max": 1766747,
        "variance_ns2": 360950729662.7869,
        "iqr_ns": 505097.9030682839,
        "q1_ns": 42036.044753086426,
        "q3_ns": 547133.9478213703
      },
      "futex_op_counts": {
        "128": 20
      },
      "first_seen_ts_ns": 494902032171,
      "last_seen_ts_ns": 494905172454
    },
    {
      "tgid": 10960,
      "comm": "csi-node-driver",
      "cgroup_id": 8848,
      "wait_duration_stats_ns": {
        "count": 20.0,
        "sum": 9150408.0,
        "mean": 457520.4,
        "median": 71774.0331080953,
        "min": 12467,
        "max": 1746677,
        "variance_ns2": 371102491308.25256,
        "iqr_ns": 620503.1553364526,
        "q1_ns": 35559.03335999121,
        "q3_ns": 656062.1886964438
      },
      "futex_op_counts": {
        "128": 20
      },
      "first_seen_ts_ns": 504901847684,
      "last_seen_ts_ns": 504904991059
    },
    {
      "tgid": 10399,
      "comm": "csi-node-driver",
      "cgroup_id": 8848,
      "wait_duration_stats_ns": {
        "count": 16.0,
        "sum": 9068297.0,
        "mean": 566768.5625,
        "median": 355455.4557291666,
        "min": 11280,
        "max": 1898870,
        "variance_ns2": 444313010854.5292,
        "iqr_ns": 762797.2120138889,
        "q1_ns": 34572.50694444445,
        "q3_ns": 797369.7189583334
      },
      "futex_op_counts": {
        "128": 16
      },
      "first_seen_ts_ns": 364900587551,
      "last_seen_ts_ns": 364903686213
    },
    {
      "tgid": 11097,
      "comm": "csi-node-driver",
      "cgroup_id": 8848,
      "wait_duration_stats_ns": {
        "count": 17.0,
        "sum": 9054745.0,
        "mean": 532632.0588235294,
        "median": 210800.53714420437,
        "min": 14316,
        "max": 1899320,
        "variance_ns2": 444476100062.5589,
        "iqr_ns": 722884.4721738995,
        "q1_ns": 34687.97916666667,
        "q3_ns": 757572.4513405662
      },
      "futex_op_counts": {
        "128": 17
      },
      "first_seen_ts_ns": 564949190273,
      "last_seen_ts_ns": 564952286476
    },
    {
      "tgid": 11366,
      "comm": "csi-node-driver",
      "cgroup_id": 8848,
      "wait_duration_stats_ns": {
        "count": 18.0,
        "sum": 9014988.000000002,
        "mean": 500832.66666666674,
        "median": 203429.64118459728,
        "min": 15347,
        "max": 1907184,
        "variance_ns2": 419318836710.3529,
        "iqr_ns": 570294.9936234568,
        "q1_ns": 31013.89737654321,
        "q3_ns": 601308.8910000001
      },
      "futex_op_counts": {
        "128": 18
      },
      "first_seen_ts_ns": 604902430295,
      "last_seen_ts_ns": 604905485807
    },
    {
      "tgid": 10439,
      "comm": "csi-node-driver",
      "cgroup_id": 8848,
      "wait_duration_stats_ns": {
        "count": 17.0,
        "sum": 8943759.0,
        "mean": 526103.4705882353,
        "median": 130241.91225198412,
        "min": 20920,
        "max": 1889740,
        "variance_ns2": 432148703062.8897,
        "iqr_ns": 803051.0157287157,
        "q1_ns": 31230.319444444445,
        "q3_ns": 834281.3351731602
      },
      "futex_op_counts": {
        "128": 17
      },
      "first_seen_ts_ns": 374898420664,
      "last_seen_ts_ns": 374901471315
    },
    {
      "tgid": 10460,
      "comm": "csi-node-driver",
      "cgroup_id": 8848,
      "wait_duration_stats_ns": {
        "count": 21.0,
        "sum": 8783500.000000002,
        "mean": 418261.90476190485,
        "median": 205120.3543332864,
        "min": 9906,
        "max": 1611858,
        "variance_ns2": 320678597360.8905,
        "iqr_ns": 803125.5755101836,
        "q1_ns": 53458.3348058565,
        "q3_ns": 856583.91031604
      },
      "futex_op_counts": {
        "128": 21
      },
      "first_seen_ts_ns": 384901620718,
      "last_seen_ts_ns": 384904606213
    },
    {
      "tgid": 11387,
      "comm": "csi-node-driver",
      "cgroup_id": 8848,
      "wait_duration_stats_ns": {
        "count": 18.0,
        "sum": 8727931.0,
        "mean": 484885.0555555555,
        "median": 195426.0972222222,
        "min": 13890,
        "max": 1794464,
        "variance_ns2": 392127368660.40845,
        "iqr_ns": 548669.8845223064,
        "q1_ns": 26963.846064814818,
        "q3_ns": 575633.7305871212
      },
      "futex_op_counts": {
        "128": 18
      },
      "first_seen_ts_ns": 614896342560,
      "last_seen_ts_ns": 614899291487
    },
    {
      "tgid": 10507,
      "comm": "csi-node-driver",
      "cgroup_id": 8848,
      "wait_duration_stats_ns": {
        "count": 22.0,
        "sum": 8644392.000000002,
        "mean": 392926.9090909092,
        "median": 81712.29894177607,
        "min": 7448,
        "max": 1563754,
        "variance_ns2": 308116533243.22943,
        "iqr_ns": 420356.1830993537,
        "q1_ns": 22988.59227170782,
        "q3_ns": 443344.7753710615
      },
      "futex_op_counts": {
        "128": 22
      },
      "first_seen_ts_ns": 404984648455,
      "last_seen_ts_ns": 404988046065
    },
    {
      "tgid": 10919,
      "comm": "csi-node-driver",
      "cgroup_id": 8848,
      "wait_duration_stats_ns": {
        "count": 16.0,
        "sum": 8461519.0,
        "mean": 528844.9375,
        "median": 319142.39496527775,
        "min": 11090,
        "max": 1718411,
        "variance_ns2": 392390169097.12915,
        "iqr_ns": 612304.9962731482,
        "q1_ns": 39714.48726851852,
        "q3_ns": 652019.4835416668
      },
      "futex_op_counts": {
        "128": 16
      },
      "first_seen_ts_ns": 484901917778,
      "last_seen_ts_ns": 484904848760
    },
    {
      "tgid": 9795,
      "comm": "flux-broker-41",
      "cgroup_id": 9645,
      "wait_duration_stats_ns": {
        "count": 562.0,
        "sum": 8230195.999999996,
        "mean": 14644.476868327396,
        "median": 4433.688683549422,
        "min": 380,
        "max": 2655922,
        "variance_ns2": 17327378304.199974,
        "iqr_ns": 6781.496823382579,
        "q1_ns": 637.8345675038574,
        "q3_ns": 7419.331390886437
      },
      "futex_op_counts": {
        "128": 562
      },
      "first_seen_ts_ns": 358341833485,
      "last_seen_ts_ns": 694869238441
    },
    {
      "tgid": 11419,
      "comm": "csi-node-driver",
      "cgroup_id": 8848,
      "wait_duration_stats_ns": {
        "count": 14.0,
        "sum": 4080482.000000001,
        "mean": 291463.00000000006,
        "median": 39137.933333333334,
        "min": 17347,
        "max": 1731846,
        "variance_ns2": 234554167528.1538,
        "iqr_ns": 379582.5416666666,
        "q1_ns": 27694.0,
        "q3_ns": 407276.5416666666
      },
      "futex_op_counts": {
        "128": 14
      },
      "first_seen_ts_ns": 624986304098,
      "last_seen_ts_ns": 624989656251
    },
    {
      "tgid": 11660,
      "comm": "runc:[2:INIT]",
      "cgroup_id": 6520,
      "wait_duration_stats_ns": {
        "count": 6.0,
        "sum": 1594632.0,
        "mean": 265772.0,
        "median": 113677.0,
        "min": 22598,
        "max": 968460,
        "variance_ns2": 129733023007.99997,
        "iqr_ns": 0.0,
        "q1_ns": 113677.0,
        "q3_ns": 113677.0
      },
      "futex_op_counts": {
        "128": 6
      },
      "first_seen_ts_ns": 694870885195,
      "last_seen_ts_ns": 694872221668
    },
    {
      "tgid": 9795,
      "comm": "ZMQbg/IO/0",
      "cgroup_id": 9645,
      "wait_duration_stats_ns": {
        "count": 61.0,
        "sum": 139792.0,
        "mean": 2291.6721311475408,
        "median": 591.0603572562684,
        "min": 395,
        "max": 16796,
        "variance_ns2": 16613312.95737705,
        "iqr_ns": 389.9245873259857,
        "q1_ns": 509.8788037453984,
        "q3_ns": 899.8033910713841
      },
      "futex_op_counts": {
        "128": 61
      },
      "first_seen_ts_ns": 466354352855,
      "last_seen_ts_ns": 689339516789
    },
    {
      "tgid": 9795,
      "comm": "ZMQbg/Reaper",
      "cgroup_id": 9645,
      "wait_duration_stats_ns": {
        "count": 1.0,
        "sum": 24134.0,
        "mean": 24134.0,
        "median": 24134.0,
        "min": 24134,
        "max": 24134,
        "variance_ns2": null,
        "iqr_ns": 0.0,
        "q1_ns": 24134.0,
        "q3_ns": 24134.0
      },
      "futex_op_counts": {
        "128": 1
      },
      "first_seen_ts_ns": 694870409612,
      "last_seen_ts_ns": 694870409612
    },
    {
      "tgid": 11222,
      "comm": "lmp",
      "cgroup_id": 9645,
      "wait_duration_stats_ns": {
        "count": 1.0,
        "sum": 12934.0,
        "mean": 12934.0,
        "median": 12934.0,
        "min": 12934,
        "max": 12934,
        "variance_ns2": null,
        "iqr_ns": 0.0,
        "q1_ns": 12934.0,
        "q3_ns": 12934.0
      },
      "futex_op_counts": {
        "128": 1
      },
      "first_seen_ts_ns": 689313785089,
      "last_seen_ts_ns": 689313785089
    },
    {
      "tgid": 10730,
      "comm": "lmp",
      "cgroup_id": 9645,
      "wait_duration_stats_ns": {
        "count": 1.0,
        "sum": 11546.0,
        "mean": 11546.0,
        "median": 11546.0,
        "min": 11546,
        "max": 11546,
        "variance_ns2": null,
        "iqr_ns": 0.0,
        "q1_ns": 11546.0,
        "q3_ns": 11546.0
      },
      "futex_op_counts": {
        "128": 1
      },
      "first_seen_ts_ns": 579806912901,
      "last_seen_ts_ns": 579806912901
    },
    {
      "tgid": 11154,
      "comm": "lmp",
      "cgroup_id": 9645,
      "wait_duration_stats_ns": {
        "count": 1.0,
        "sum": 11041.0,
        "mean": 11041.0,
        "median": 11041.0,
        "min": 11041,
        "max": 11041,
        "variance_ns2": null,
        "iqr_ns": 0.0,
        "q1_ns": 11041.0,
        "q3_ns": 11041.0
      },
      "futex_op_counts": {
        "128": 1
      },
      "first_seen_ts_ns": 689311961859,
      "last_seen_ts_ns": 689311961859
    },
    {
      "tgid": 11212,
      "comm": "lmp",
      "cgroup_id": 9645,
      "wait_duration_stats_ns": {
        "count": 1.0,
        "sum": 10353.0,
        "mean": 10353.0,
        "median": 10353.0,
        "min": 10353,
        "max": 10353,
        "variance_ns2": null,
        "iqr_ns": 0.0,
        "q1_ns": 10353.0,
        "q3_ns": 10353.0
      },
      "futex_op_counts": {
        "128": 1
      },
      "first_seen_ts_ns": 689313347116,
      "last_seen_ts_ns": 689313347116
    },
    {
      "tgid": 10784,
      "comm": "lmp",
      "cgroup_id": 9645,
      "wait_duration_stats_ns": {
        "count": 1.0,
        "sum": 10108.0,
        "mean": 10108.0,
        "median": 10108.0,
        "min": 10108,
        "max": 10108,
        "variance_ns2": null,
        "iqr_ns": 0.0,
        "q1_ns": 10108.0,
        "q3_ns": 10108.0
      },
      "futex_op_counts": {
        "128": 1
      },
      "first_seen_ts_ns": 579798717057,
      "last_seen_ts_ns": 579798717057
    },
    {
      "tgid": 10364,
      "comm": "lmp",
      "cgroup_id": 9645,
      "wait_duration_stats_ns": {
        "count": 1.0,
        "sum": 8861.0,
        "mean": 8861.0,
        "median": 8861.0,
        "min": 8861,
        "max": 8861,
        "variance_ns2": null,
        "iqr_ns": 0.0,
        "q1_ns": 8861.0,
        "q3_ns": 8861.0
      },
      "futex_op_counts": {
        "128": 1
      },
      "first_seen_ts_ns": 466336147130,
      "last_seen_ts_ns": 466336147130
    },
    {
      "tgid": 10300,
      "comm": "lmp",
      "cgroup_id": 9645,
      "wait_duration_stats_ns": {
        "count": 1.0,
        "sum": 8771.0,
        "mean": 8771.0,
        "median": 8771.0,
        "min": 8771,
        "max": 8771,
        "variance_ns2": null,
        "iqr_ns": 0.0,
        "q1_ns": 8771.0,
        "q3_ns": 8771.0
      },
      "futex_op_counts": {
        "128": 1
      },
      "first_seen_ts_ns": 466339184569,
      "last_seen_ts_ns": 466339184569
    },
    {
      "tgid": 11198,
      "comm": "lmp",
      "cgroup_id": 9645,
      "wait_duration_stats_ns": {
        "count": 1.0,
        "sum": 8756.0,
        "mean": 8756.0,
        "median": 8756.0,
        "min": 8756,
        "max": 8756,
        "variance_ns2": null,
        "iqr_ns": 0.0,
        "q1_ns": 8756.0,
        "q3_ns": 8756.0
      },
      "futex_op_counts": {
        "128": 1
      },
      "first_seen_ts_ns": 689313370820,
      "last_seen_ts_ns": 689313370820
    },
    {
      "tgid": 11302,
      "comm": "lmp",
      "cgroup_id": 9645,
      "wait_duration_stats_ns": {
        "count": 1.0,
        "sum": 8596.0,
        "mean": 8596.0,
        "median": 8596.0,
        "min": 8596,
        "max": 8596,
        "variance_ns2": null,
        "iqr_ns": 0.0,
        "q1_ns": 8596.0,
        "q3_ns": 8596.0
      },
      "futex_op_counts": {
        "128": 1
      },
      "first_seen_ts_ns": 689313394683,
      "last_seen_ts_ns": 689313394683
    },
    {
      "tgid": 10344,
      "comm": "lmp",
      "cgroup_id": 9645,
      "wait_duration_stats_ns": {
        "count": 1.0,
        "sum": 8554.0,
        "mean": 8554.0,
        "median": 8554.0,
        "min": 8554,
        "max": 8554,
        "variance_ns2": null,
        "iqr_ns": 0.0,
        "q1_ns": 8554.0,
        "q3_ns": 8554.0
      },
      "futex_op_counts": {
        "128": 1
      },
      "first_seen_ts_ns": 466343368683,
      "last_seen_ts_ns": 466343368683
    },
    {
      "tgid": 10786,
      "comm": "lmp",
      "cgroup_id": 9645,
      "wait_duration_stats_ns": {
        "count": 1.0,
        "sum": 8488.0,
        "mean": 8488.0,
        "median": 8488.0,
        "min": 8488,
        "max": 8488,
        "variance_ns2": null,
        "iqr_ns": 0.0,
        "q1_ns": 8488.0,
        "q3_ns": 8488.0
      },
      "futex_op_counts": {
        "128": 1
      },
      "first_seen_ts_ns": 579800624590,
      "last_seen_ts_ns": 579800624590
    },
    {
      "tgid": 10814,
      "comm": "lmp",
      "cgroup_id": 9645,
      "wait_duration_stats_ns": {
        "count": 1.0,
        "sum": 8382.0,
        "mean": 8382.0,
        "median": 8382.0,
        "min": 8382,
        "max": 8382,
        "variance_ns2": null,
        "iqr_ns": 0.0,
        "q1_ns": 8382.0,
        "q3_ns": 8382.0
      },
      "futex_op_counts": {
        "128": 1
      },
      "first_seen_ts_ns": 579806847975,
      "last_seen_ts_ns": 579806847975
    },
    {
      "tgid": 11202,
      "comm": "lmp",
      "cgroup_id": 9645,
      "wait_duration_stats_ns": {
        "count": 1.0,
        "sum": 8187.0,
        "mean": 8187.0,
        "median": 8187.0,
        "min": 8187,
        "max": 8187,
        "variance_ns2": null,
        "iqr_ns": 0.0,
        "q1_ns": 8187.0,
        "q3_ns": 8187.0
      },
      "futex_op_counts": {
        "128": 1
      },
      "first_seen_ts_ns": 689313357014,
      "last_seen_ts_ns": 689313357014
    },
    {
      "tgid": 10842,
      "comm": "lmp",
      "cgroup_id": 9645,
      "wait_duration_stats_ns": {
        "count": 1.0,
        "sum": 8185.0,
        "mean": 8185.0,
        "median": 8185.0,
        "min": 8185,
        "max": 8185,
        "variance_ns2": null,
        "iqr_ns": 0.0,
        "q1_ns": 8185.0,
        "q3_ns": 8185.0
      },
      "futex_op_counts": {
        "128": 1
      },
      "first_seen_ts_ns": 579806859388,
      "last_seen_ts_ns": 579806859388
    },
    {
      "tgid": 10689,
      "comm": "lmp",
      "cgroup_id": 9645,
      "wait_duration_stats_ns": {
        "count": 1.0,
        "sum": 7851.0,
        "mean": 7851.0,
        "median": 7851.0,
        "min": 7851,
        "max": 7851,
        "variance_ns2": null,
        "iqr_ns": 0.0,
        "q1_ns": 7851.0,
        "q3_ns": 7851.0
      },
      "futex_op_counts": {
        "128": 1
      },
      "first_seen_ts_ns": 579806767351,
      "last_seen_ts_ns": 579806767351
    },
    {
      "tgid": 10796,
      "comm": "lmp",
      "cgroup_id": 9645,
      "wait_duration_stats_ns": {
        "count": 1.0,
        "sum": 7183.0,
        "mean": 7183.0,
        "median": 7183.0,
        "min": 7183,
        "max": 7183,
        "variance_ns2": null,
        "iqr_ns": 0.0,
        "q1_ns": 7183.0,
        "q3_ns": 7183.0
      },
      "futex_op_counts": {
        "128": 1
      },
      "first_seen_ts_ns": 579805151693,
      "last_seen_ts_ns": 579805151693
    },
    {
      "tgid": 11194,
      "comm": "lmp",
      "cgroup_id": 9645,
      "wait_duration_stats_ns": {
        "count": 1.0,
        "sum": 6567.0,
        "mean": 6567.0,
        "median": 6567.0,
        "min": 6567,
        "max": 6567,
        "variance_ns2": null,
        "iqr_ns": 0.0,
        "q1_ns": 6567.0,
        "q3_ns": 6567.0
      },
      "futex_op_counts": {
        "128": 1
      },
      "first_seen_ts_ns": 689313332089,
      "last_seen_ts_ns": 689313332089
    }
  ]
}
[23:00:43] Cleanup complete.
