unlimited
Looking for /opt/programs/futex-model/ebpf-collect.c
[22:54:55] Starting eBPF (Tracepoints for futex syscalls).
[22:54:55] BPF program loaded and tracepoints automatically attached.
[22:54:55] Start Indicator file defined '/mnt/flux/start_ebpf_collection'. Waiting.
[22:55:06] Start indicator found. Proceeding.
[22:55:06] Ring buffers opened. Polling for events...
[23:00:43] 
Indicator file '/mnt/flux/stop_ebpf_collection' found. Stopping.
[23:00:43] Cleaning up BPF resources...
{
  "final_aggregated_futex_summary_river": [
    {
      "tgid": 7195,
      "comm": "fluent-bit-gke-",
      "cgroup_id": 7986,
      "wait_duration_stats_ns": {
        "count": 15147.0,
        "sum": 20826723770032.973,
        "mean": 1374973510.928433,
        "median": 671366.8168369791,
        "min": 432,
        "max": 115034149040,
        "variance_ns2": 8.419084931060978e+19,
        "iqr_ns": 27818022.802531946,
        "q1_ns": 33168.37720409512,
        "q3_ns": 27851191.17973604
      },
      "futex_op_counts": {
        "128": 15147
      },
      "first_seen_ts_ns": 359233769424,
      "last_seen_ts_ns": 695718993447
    },
    {
      "tgid": 3597,
      "comm": "containerd",
      "cgroup_id": 6520,
      "wait_duration_stats_ns": {
        "count": 138415.0,
        "sum": 12290118614052.922,
        "mean": 88791811.6826422,
        "median": 150539.66616383268,
        "min": 435,
        "max": 240006515946,
        "variance_ns2": 5.423819651718752e+18,
        "iqr_ns": 1309753.8529706711,
        "q1_ns": 59048.21509800771,
        "q3_ns": 1368802.068068679
      },
      "futex_op_counts": {
        "128": 138415
      },
      "first_seen_ts_ns": 347631908958,
      "last_seen_ts_ns": 695844628519
    },
    {
      "tgid": 3788,
      "comm": "kubelet",
      "cgroup_id": 6640,
      "wait_duration_stats_ns": {
        "count": 30389.0,
        "sum": 12212764982963.035,
        "mean": 401881107.73513556,
        "median": 12980495.786182243,
        "min": 487,
        "max": 135392015781,
        "variance_ns2": 2.2078459401228956e+19,
        "iqr_ns": 39038896.11456225,
        "q1_ns": 1317352.5358647092,
        "q3_ns": 40356248.65042696
      },
      "futex_op_counts": {
        "128": 30389
      },
      "first_seen_ts_ns": 347614312195,
      "last_seen_ts_ns": 695839328425
    },
    {
      "tgid": 3858,
      "comm": "node-problem-de",
      "cgroup_id": 6700,
      "wait_duration_stats_ns": {
        "count": 1481.0,
        "sum": 5996657606184.014,
        "mean": 4049059828.6185102,
        "median": 578526756.8352057,
        "min": 519,
        "max": 240000169791,
        "variance_ns2": 6.442005715188517e+20,
        "iqr_ns": 992330980.4566171,
        "q1_ns": 9358930.992014289,
        "q3_ns": 1001689911.4486314
      },
      "futex_op_counts": {
        "128": 1481
      },
      "first_seen_ts_ns": 348579393976,
      "last_seen_ts_ns": 695579731538
    },
    {
      "tgid": 4249,
      "comm": "kube-proxy",
      "cgroup_id": 7373,
      "wait_duration_stats_ns": {
        "count": 474.0,
        "sum": 5394604772141.002,
        "mean": 11381022726.03587,
        "median": 1104666058.3640776,
        "min": 597,
        "max": 121957119338,
        "variance_ns2": 9.135077598967688e+20,
        "iqr_ns": 4888876656.676401,
        "q1_ns": 49168445.442075044,
        "q3_ns": 4938045102.118476
      },
      "futex_op_counts": {
        "128": 474
      },
      "first_seen_ts_ns": 349041385332,
      "last_seen_ts_ns": 694868804313
    },
    {
      "tgid": 1734,
      "comm": "google_guest_ag",
      "cgroup_id": 4174,
      "wait_duration_stats_ns": {
        "count": 346.0,
        "sum": 3320075385847.996,
        "mean": 9595593600.716751,
        "median": 648440732.5308616,
        "min": 520,
        "max": 120035539653,
        "variance_ns2": 8.353765720946236e+20,
        "iqr_ns": 4672207697.257805,
        "q1_ns": 119836028.22372971,
        "q3_ns": 4792043725.481535
      },
      "futex_op_counts": {
        "128": 346
      },
      "first_seen_ts_ns": 360108279024,
      "last_seen_ts_ns": 695692194731
    },
    {
      "tgid": 7655,
      "comm": "csi-node-driver",
      "cgroup_id": 8539,
      "wait_duration_stats_ns": {
        "count": 75.0,
        "sum": 3256916168858.9995,
        "mean": 43425548918.119995,
        "median": 14935655803.122566,
        "min": 491,
        "max": 121003703638,
        "variance_ns2": 2.7062360912020326e+21,
        "iqr_ns": 93251801092.35983,
        "q1_ns": 270333478.77010983,
        "q3_ns": 93522134571.12994
      },
      "futex_op_counts": {
        "128": 75
      },
      "first_seen_ts_ns": 428724276779,
      "last_seen_ts_ns": 670028346869
    },
    {
      "tgid": 1740,
      "comm": "google_osconfig",
      "cgroup_id": 4234,
      "wait_duration_stats_ns": {
        "count": 357.0,
        "sum": 3138958258605.0015,
        "mean": 8792600164.159668,
        "median": 174334446.65060347,
        "min": 612,
        "max": 120049472391,
        "variance_ns2": 6.826740845627203e+20,
        "iqr_ns": 4911597845.4362335,
        "q1_ns": 55530625.651149035,
        "q3_ns": 4967128471.087382
      },
      "futex_op_counts": {
        "128": 357
      },
      "first_seen_ts_ns": 360141346206,
      "last_seen_ts_ns": 695306165523
    },
    {
      "tgid": 8383,
      "comm": "prometheus",
      "cgroup_id": 8855,
      "wait_duration_stats_ns": {
        "count": 16606.0,
        "sum": 2797081902431.0015,
        "mean": 168438028.56985435,
        "median": 47243877.75814133,
        "min": 602,
        "max": 111706551614,
        "variance_ns2": 8.06169644791678e+18,
        "iqr_ns": 10146851.623246044,
        "q1_ns": 39988707.63470676,
        "q3_ns": 50135559.2579528
      },
      "futex_op_counts": {
        "128": 16606
      },
      "first_seen_ts_ns": 347640799847,
      "last_seen_ts_ns": 695810865831
    },
    {
      "tgid": 7569,
      "comm": "containerd-shim",
      "cgroup_id": 6520,
      "wait_duration_stats_ns": {
        "count": 2831.0,
        "sum": 2543381416069.004,
        "mean": 898403891.2288958,
        "median": 1290928.1491251206,
        "min": 425,
        "max": 101329575789,
        "variance_ns2": 1.1520496816070519e+19,
        "iqr_ns": 21903615.584654078,
        "q1_ns": 155200.14423292287,
        "q3_ns": 22058815.728887
      },
      "futex_op_counts": {
        "128": 2831
      },
      "first_seen_ts_ns": 359462703729,
      "last_seen_ts_ns": 695084306347
    },
    {
      "tgid": 6668,
      "comm": "containerd-shim",
      "cgroup_id": 6520,
      "wait_duration_stats_ns": {
        "count": 1131.0,
        "sum": 1818707020339.999,
        "mean": 1608052184.208664,
        "median": 1353093.9451544457,
        "min": 534,
        "max": 119999723619,
        "variance_ns2": 3.003088454546178e+19,
        "iqr_ns": 186347305.96201017,
        "q1_ns": 136306.9302137587,
        "q3_ns": 186483612.89222392
      },
      "futex_op_counts": {
        "128": 1131
      },
      "first_seen_ts_ns": 359462904452,
      "last_seen_ts_ns": 695084263805
    },
    {
      "tgid": 7758,
      "comm": "containerd-shim",
      "cgroup_id": 6520,
      "wait_duration_stats_ns": {
        "count": 852.0,
        "sum": 1702253004595.0002,
        "mean": 1997949535.9096248,
        "median": 4222366.089119298,
        "min": 540,
        "max": 34223075518,
        "variance_ns2": 2.6066209295633125e+19,
        "iqr_ns": 791384733.2711579,
        "q1_ns": 384890.20421478746,
        "q3_ns": 791769623.4753727
      },
      "futex_op_counts": {
        "128": 852
      },
      "first_seen_ts_ns": 359462870907,
      "last_seen_ts_ns": 695084747223
    },
    {
      "tgid": 6685,
      "comm": "containerd-shim",
      "cgroup_id": 6520,
      "wait_duration_stats_ns": {
        "count": 800.0,
        "sum": 1680031521873.9995,
        "mean": 2100039402.3424993,
        "median": 11819184.897319783,
        "min": 880,
        "max": 38587610466,
        "variance_ns2": 2.3551141661301293e+19,
        "iqr_ns": 1291169493.6586878,
        "q1_ns": 284822.9663015676,
        "q3_ns": 1291454316.6249895
      },
      "futex_op_counts": {
        "128": 800
      },
      "first_seen_ts_ns": 359462885154,
      "last_seen_ts_ns": 695080219641
    },
    {
      "tgid": 4178,
      "comm": "containerd-shim",
      "cgroup_id": 6520,
      "wait_duration_stats_ns": {
        "count": 454.0,
        "sum": 1644113565347.0,
        "mean": 3621395518.3854628,
        "median": 616289586.6837927,
        "min": 3450,
        "max": 30006877698,
        "variance_ns2": 4.150185446871532e+19,
        "iqr_ns": 5991536120.47383,
        "q1_ns": 2649777.289449902,
        "q3_ns": 5994185897.76328
      },
      "futex_op_counts": {
        "128": 454
      },
      "first_seen_ts_ns": 359462863103,
      "last_seen_ts_ns": 695083778360
    },
    {
      "tgid": 8705,
      "comm": "containerd-shim",
      "cgroup_id": 6520,
      "wait_duration_stats_ns": {
        "count": 180920.0,
        "sum": 1623225058294.9854,
        "mean": 8972059.796014732,
        "median": 111108.21968045486,
        "min": 427,
        "max": 41764260403,
        "variance_ns2": 4.941079035490643e+16,
        "iqr_ns": 749938.2676652429,
        "q1_ns": 39196.01311780904,
        "q3_ns": 789134.280783052
      },
      "futex_op_counts": {
        "128": 180920
      },
      "first_seen_ts_ns": 347631830436,
      "last_seen_ts_ns": 695844727448
    },
    {
      "tgid": 2776,
      "comm": "dockerd",
      "cgroup_id": 6400,
      "wait_duration_stats_ns": {
        "count": 159.0,
        "sum": 1459565628391.0,
        "mean": 9179658040.19497,
        "median": 3548844576.4972754,
        "min": 568,
        "max": 130008686946,
        "variance_ns2": 5.69527277954215e+20,
        "iqr_ns": 10079250047.040165,
        "q1_ns": 23663684.862731375,
        "q3_ns": 10102913731.902897
      },
      "futex_op_counts": {
        "128": 159
      },
      "first_seen_ts_ns": 362765732264,
      "last_seen_ts_ns": 692765802127
    },
    {
      "tgid": 8497,
      "comm": "config-reloader",
      "cgroup_id": 8934,
      "wait_duration_stats_ns": {
        "count": 210.0,
        "sum": 1402011076341.0002,
        "mean": 6676243220.67143,
        "median": 2395685168.177156,
        "min": 585,
        "max": 121584530747,
        "variance_ns2": 2.1400129557200998e+20,
        "iqr_ns": 9440866899.965141,
        "q1_ns": 8754281.134074481,
        "q3_ns": 9449621181.099216
      },
      "futex_op_counts": {
        "128": 210
      },
      "first_seen_ts_ns": 361705079072,
      "last_seen_ts_ns": 693702225781
    },
    {
      "tgid": 7522,
      "comm": "main",
      "cgroup_id": 8302,
      "wait_duration_stats_ns": {
        "count": 524.0,
        "sum": 979065886562.9991,
        "mean": 1868446348.4026701,
        "median": 35739965.561378315,
        "min": 592,
        "max": 59957187565,
        "variance_ns2": 3.724064922873238e+19,
        "iqr_ns": 4122831545.2688856,
        "q1_ns": 1603621.206690785,
        "q3_ns": 4124435166.4755764
      },
      "futex_op_counts": {
        "128": 524
      },
      "first_seen_ts_ns": 349453793462,
      "last_seen_ts_ns": 694458514367
    },
    {
      "tgid": 7253,
      "comm": "main",
      "cgroup_id": 8065,
      "wait_duration_stats_ns": {
        "count": 274.0,
        "sum": 914348456267.9994,
        "mean": 3337038161.5620418,
        "median": 3743019976.302923,
        "min": 1406,
        "max": 59980009380,
        "variance_ns2": 5.333865272470151e+19,
        "iqr_ns": 4972198620.951146,
        "q1_ns": 31924712.89621801,
        "q3_ns": 5004123333.847364
      },
      "futex_op_counts": {
        "128": 274
      },
      "first_seen_ts_ns": 361285946997,
      "last_seen_ts_ns": 691290212593
    },
    {
      "tgid": 7485,
      "comm": "otelsvc",
      "cgroup_id": 8223,
      "wait_duration_stats_ns": {
        "count": 1139.0,
        "sum": 597237753359.0002,
        "mean": 524352724.63476753,
        "median": 413742648.94636613,
        "min": 23754,
        "max": 140291871418,
        "variance_ns2": 2.4377525410498335e+19,
        "iqr_ns": 471518706.7277595,
        "q1_ns": 21088332.003610156,
        "q3_ns": 492607038.7313696
      },
      "futex_op_counts": {
        "128": 1139
      },
      "first_seen_ts_ns": 348405137206,
      "last_seen_ts_ns": 695405146186
    },
    {
      "tgid": 8169,
      "comm": "gce-pd-csi-driv",
      "cgroup_id": 8776,
      "wait_duration_stats_ns": {
        "count": 594.0,
        "sum": 574972621148.0,
        "mean": 967967375.6700336,
        "median": 591172115.7623574,
        "min": 180039882,
        "max": 119999978113,
        "variance_ns2": 4.7955078035137946e+19,
        "iqr_ns": 134371.09200906754,
        "q1_ns": 589801983.6196768,
        "q3_ns": 589936354.7116859
      },
      "futex_op_counts": {
        "128": 594
      },
      "first_seen_ts_ns": 347838552278,
      "last_seen_ts_ns": 695838552495
    },
    {
      "tgid": 11472,
      "comm": "log-counter",
      "cgroup_id": 6700,
      "wait_duration_stats_ns": {
        "count": 932.0,
        "sum": 14028840763.999998,
        "mean": 15052404.253218882,
        "median": 262999.77860788815,
        "min": 420,
        "max": 1258042982,
        "variance_ns2": 1.3911438813107544e+16,
        "iqr_ns": 1372927.63505608,
        "q1_ns": 158078.99359926936,
        "q3_ns": 1531006.6286553494
      },
      "futex_op_counts": {
        "128": 932
      },
      "first_seen_ts_ns": 643025011802,
      "last_seen_ts_ns": 644283307581
    },
    {
      "tgid": 11430,
      "comm": "log-counter",
      "cgroup_id": 6700,
      "wait_duration_stats_ns": {
        "count": 1000.0,
        "sum": 11648238260.000002,
        "mean": 11648238.260000002,
        "median": 229588.41885644206,
        "min": 507,
        "max": 1390223606,
        "variance_ns2": 1.004701599754997e+16,
        "iqr_ns": 1064722.1444231188,
        "q1_ns": 152977.69208209802,
        "q3_ns": 1217699.8365052168
      },
      "futex_op_counts": {
        "128": 1000
      },
      "first_seen_ts_ns": 641623014709,
      "last_seen_ts_ns": 643015330227
    },
    {
      "tgid": 11400,
      "comm": "log-counter",
      "cgroup_id": 6700,
      "wait_duration_stats_ns": {
        "count": 999.0,
        "sum": 11483986978.999998,
        "mean": 11495482.46146146,
        "median": 285105.415884118,
        "min": 499,
        "max": 1380929386,
        "variance_ns2": 1.0229493447547416e+16,
        "iqr_ns": 1154396.6158378695,
        "q1_ns": 159910.56982116099,
        "q3_ns": 1314307.1856590305
      },
      "futex_op_counts": {
        "128": 999
      },
      "first_seen_ts_ns": 640593015262,
      "last_seen_ts_ns": 641976023438
    },
    {
      "tgid": 11399,
      "comm": "log-counter",
      "cgroup_id": 6700,
      "wait_duration_stats_ns": {
        "count": 25.0,
        "sum": 6113360160.999999,
        "mean": 244534406.43999997,
        "median": 48692611.41224697,
        "min": 15366,
        "max": 1023903704,
        "variance_ns2": 1.7132858908579933e+17,
        "iqr_ns": 314186784.65160716,
        "q1_ns": 6676352.700301158,
        "q3_ns": 320863137.3519083
      },
      "futex_op_counts": {
        "128": 25
      },
      "first_seen_ts_ns": 640589213328,
      "last_seen_ts_ns": 641613325718
    },
    {
      "tgid": 11444,
      "comm": "log-counter",
      "cgroup_id": 6700,
      "wait_duration_stats_ns": {
        "count": 23.0,
        "sum": 5090111635.0,
        "mean": 221309201.52173913,
        "median": 32822831.058173776,
        "min": 24978,
        "max": 1020850324,
        "variance_ns2": 1.7745179191258832e+17,
        "iqr_ns": 140495351.2788928,
        "q1_ns": 1112173.11984127,
        "q3_ns": 141607524.39873406
      },
      "futex_op_counts": {
        "128": 23
      },
      "first_seen_ts_ns": 642093018839,
      "last_seen_ts_ns": 643114390681
    },
    {
      "tgid": 11423,
      "comm": "log-counter",
      "cgroup_id": 6700,
      "wait_duration_stats_ns": {
        "count": 20.0,
        "sum": 5053807222.0,
        "mean": 252690361.10000002,
        "median": 44768122.296474725,
        "min": 109775,
        "max": 1010914141,
        "variance_ns2": 1.8059885817295923e+17,
        "iqr_ns": 312115350.9320013,
        "q1_ns": 1376041.3812861547,
        "q3_ns": 313491392.31328744
      },
      "futex_op_counts": {
        "128": 20
      },
      "first_seen_ts_ns": 640975076869,
      "last_seen_ts_ns": 641995250925
    },
    {
      "tgid": 10597,
      "comm": "kubectl",
      "cgroup_id": 6580,
      "wait_duration_stats_ns": {
        "count": 616.0,
        "sum": 3212311486.0000014,
        "mean": 5214791.373376626,
        "median": 352037.33930442075,
        "min": 1011,
        "max": 510836816,
        "variance_ns2": 781987065300884.8,
        "iqr_ns": 2849334.819274697,
        "q1_ns": 70308.15741417407,
        "q3_ns": 2919642.976688871
      },
      "futex_op_counts": {
        "128": 616
      },
      "first_seen_ts_ns": 459990039583,
      "last_seen_ts_ns": 460505011503
    },
    {
      "tgid": 11255,
      "comm": "runc",
      "cgroup_id": 6520,
      "wait_duration_stats_ns": {
        "count": 220.0,
        "sum": 2066255611.0,
        "mean": 9392070.959090909,
        "median": 198129.7055368827,
        "min": 4659,
        "max": 408774132,
        "variance_ns2": 2550526529524826.0,
        "iqr_ns": 5164399.260765115,
        "q1_ns": 20609.169530506686,
        "q3_ns": 5185008.430295621
      },
      "futex_op_counts": {
        "128": 220
      },
      "first_seen_ts_ns": 582807084951,
      "last_seen_ts_ns": 583242864360
    },
    {
      "tgid": 11265,
      "comm": "runc:[2:INIT]",
      "cgroup_id": 8539,
      "wait_duration_stats_ns": {
        "count": 31.0,
        "sum": 1558184454.0,
        "mean": 50264014.64516129,
        "median": 5395053.124470894,
        "min": 24318,
        "max": 297958395,
        "variance_ns2": 1.1265189641390968e+16,
        "iqr_ns": 30530677.223372955,
        "q1_ns": 229124.45163398562,
        "q3_ns": 30759801.67500694
      },
      "futex_op_counts": {
        "128": 31
      },
      "first_seen_ts_ns": 582928109697,
      "last_seen_ts_ns": 583240478499
    },
    {
      "tgid": 10543,
      "comm": "runc",
      "cgroup_id": 6520,
      "wait_duration_stats_ns": {
        "count": 335.0,
        "sum": 936587473.0000001,
        "mean": 2795783.5014925376,
        "median": 80234.69509712883,
        "min": 7662,
        "max": 133394675,
        "variance_ns2": 297381471589705.3,
        "iqr_ns": 1800753.6987824682,
        "q1_ns": 20005.331839291655,
        "q3_ns": 1820759.0306217598
      },
      "futex_op_counts": {
        "128": 335
      },
      "first_seen_ts_ns": 442800013013,
      "last_seen_ts_ns": 442939028251
    },
    {
      "tgid": 11032,
      "comm": "runc",
      "cgroup_id": 6520,
      "wait_duration_stats_ns": {
        "count": 333.0,
        "sum": 905980041.0000001,
        "mean": 2720660.783783784,
        "median": 97644.68720740749,
        "min": 744,
        "max": 128488307,
        "variance_ns2": 244750381443083.03,
        "iqr_ns": 498174.0351850211,
        "q1_ns": 29497.75980693196,
        "q3_ns": 527671.7949919531
      },
      "futex_op_counts": {
        "128": 333
      },
      "first_seen_ts_ns": 562801185379,
      "last_seen_ts_ns": 562932788602
    },
    {
      "tgid": 10496,
      "comm": "runc",
      "cgroup_id": 6520,
      "wait_duration_stats_ns": {
        "count": 374.0,
        "sum": 854229667.0,
        "mean": 2284036.5427807486,
        "median": 83273.33766043614,
        "min": 7865,
        "max": 122532343,
        "variance_ns2": 204108144368272.12,
        "iqr_ns": 411774.72920998605,
        "q1_ns": 25378.064999720176,
        "q3_ns": 437152.79420970625
      },
      "futex_op_counts": {
        "128": 374
      },
      "first_seen_ts_ns": 422801087621,
      "last_seen_ts_ns": 422927448727
    },
    {
      "tgid": 10988,
      "comm": "runc",
      "cgroup_id": 6520,
      "wait_duration_stats_ns": {
        "count": 327.0,
        "sum": 839822789.0,
        "mean": 2568265.409785933,
        "median": 88758.31020021945,
        "min": 8621,
        "max": 118786355,
        "variance_ns2": 216969599074965.12,
        "iqr_ns": 415807.8627439012,
        "q1_ns": 19022.32012191101,
        "q3_ns": 434830.1828658122
      },
      "futex_op_counts": {
        "128": 327
      },
      "first_seen_ts_ns": 542803014072,
      "last_seen_ts_ns": 542924669135
    },
    {
      "tgid": 10943,
      "comm": "runc",
      "cgroup_id": 6520,
      "wait_duration_stats_ns": {
        "count": 335.0,
        "sum": 823614143.0000001,
        "mean": 2458549.680597015,
        "median": 157291.32143077624,
        "min": 876,
        "max": 120118033,
        "variance_ns2": 164379712718993.47,
        "iqr_ns": 726292.3869248518,
        "q1_ns": 31389.995575626843,
        "q3_ns": 757682.3825004786
      },
      "futex_op_counts": {
        "128": 335
      },
      "first_seen_ts_ns": 522801749102,
      "last_seen_ts_ns": 522925010954
    },
    {
      "tgid": 10449,
      "comm": "runc",
      "cgroup_id": 6520,
      "wait_duration_stats_ns": {
        "count": 280.0,
        "sum": 760284404.0000001,
        "mean": 2715301.4428571435,
        "median": 104632.59309429971,
        "min": 11135,
        "max": 108685902,
        "variance_ns2": 225133365474898.56,
        "iqr_ns": 589047.3744851844,
        "q1_ns": 26090.469001094847,
        "q3_ns": 615137.8434862792
      },
      "futex_op_counts": {
        "128": 280
      },
      "first_seen_ts_ns": 402798730977,
      "last_seen_ts_ns": 402910484261
    },
    {
      "tgid": 10966,
      "comm": "runc",
      "cgroup_id": 6520,
      "wait_duration_stats_ns": {
        "count": 272.0,
        "sum": 740567959.0,
        "mean": 2722676.319852941,
        "median": 160565.75174983405,
        "min": 792,
        "max": 99645085,
        "variance_ns2": 196814945250094.12,
        "iqr_ns": 2111897.8691340336,
        "q1_ns": 22990.907808923206,
        "q3_ns": 2134888.7769429567
      },
      "futex_op_counts": {
        "128": 272
      },
      "first_seen_ts_ns": 532800013846,
      "last_seen_ts_ns": 532909725509
    },
    {
      "tgid": 10916,
      "comm": "runc",
      "cgroup_id": 6520,
      "wait_duration_stats_ns": {
        "count": 386.0,
        "sum": 737239594.9999999,
        "mean": 1909947.1373056993,
        "median": 61562.59825950542,
        "min": 985,
        "max": 106970307,
        "variance_ns2": 123590656449102.3,
        "iqr_ns": 251016.34484673425,
        "q1_ns": 18870.304496200923,
        "q3_ns": 269886.6493429352
      },
      "futex_op_counts": {
        "128": 386
      },
      "first_seen_ts_ns": 512800785396,
      "last_seen_ts_ns": 512910657854
    },
    {
      "tgid": 11451,
      "comm": "runc",
      "cgroup_id": 6520,
      "wait_duration_stats_ns": {
        "count": 296.0,
        "sum": 729909641.0000001,
        "mean": 2465910.9493243247,
        "median": 87499.53752200399,
        "min": 9361,
        "max": 107108186,
        "variance_ns2": 172197172113837.84,
        "iqr_ns": 620762.9268584318,
        "q1_ns": 21721.14889763722,
        "q3_ns": 642484.075756069
      },
      "futex_op_counts": {
        "128": 296
      },
      "first_seen_ts_ns": 642801016070,
      "last_seen_ts_ns": 642911137446
    },
    {
      "tgid": 11010,
      "comm": "runc",
      "cgroup_id": 6520,
      "wait_duration_stats_ns": {
        "count": 326.0,
        "sum": 717011251.0,
        "mean": 2199421.0153374234,
        "median": 95534.0439876978,
        "min": 615,
        "max": 100676623,
        "variance_ns2": 150988513811106.47,
        "iqr_ns": 590219.6862871255,
        "q1_ns": 22672.095981307368,
        "q3_ns": 612891.7822684328
      },
      "futex_op_counts": {
        "128": 326
      },
      "first_seen_ts_ns": 552801735819,
      "last_seen_ts_ns": 552912014248
    },
    {
      "tgid": 11530,
      "comm": "runc",
      "cgroup_id": 6520,
      "wait_duration_stats_ns": {
        "count": 350.0,
        "sum": 707456986.0,
        "mean": 2021305.6742857143,
        "median": 55784.194816800074,
        "min": 9326,
        "max": 115712663,
        "variance_ns2": 157419307896446.06,
        "iqr_ns": 309542.7604676399,
        "q1_ns": 18497.582302770712,
        "q3_ns": 328040.3427704106
      },
      "futex_op_counts": {
        "128": 350
      },
      "first_seen_ts_ns": 672799979662,
      "last_seen_ts_ns": 672918766059
    },
    {
      "tgid": 11054,
      "comm": "runc",
      "cgroup_id": 6520,
      "wait_duration_stats_ns": {
        "count": 303.0,
        "sum": 676387878.9999999,
        "mean": 2232303.231023102,
        "median": 124007.56808902363,
        "min": 1023,
        "max": 113607239,
        "variance_ns2": 177478022359877.78,
        "iqr_ns": 655312.8974655338,
        "q1_ns": 23542.28700923377,
        "q3_ns": 678855.1844747675
      },
      "futex_op_counts": {
        "128": 303
      },
      "first_seen_ts_ns": 572804022532,
      "last_seen_ts_ns": 572917835161
    },
    {
      "tgid": 11488,
      "comm": "runc",
      "cgroup_id": 6520,
      "wait_duration_stats_ns": {
        "count": 275.0,
        "sum": 653790753.0,
        "mean": 2377420.92,
        "median": 99931.1504944013,
        "min": 12535,
        "max": 113983663,
        "variance_ns2": 193649541665320.34,
        "iqr_ns": 444410.90929978853,
        "q1_ns": 26908.256280160527,
        "q3_ns": 471319.16557994904
      },
      "futex_op_counts": {
        "128": 275
      },
      "first_seen_ts_ns": 652802166796,
      "last_seen_ts_ns": 652916364280
    },
    {
      "tgid": 10520,
      "comm": "runc",
      "cgroup_id": 6520,
      "wait_duration_stats_ns": {
        "count": 343.0,
        "sum": 653725906.0,
        "mean": 1905906.4314868806,
        "median": 82294.08583815029,
        "min": 545,
        "max": 95627785,
        "variance_ns2": 103078188551891.89,
        "iqr_ns": 474327.8562296991,
        "q1_ns": 17827.121888773316,
        "q3_ns": 492154.97811847244
      },
      "futex_op_counts": {
        "128": 343
      },
      "first_seen_ts_ns": 432801097960,
      "last_seen_ts_ns": 432900691487
    },
    {
      "tgid": 11510,
      "comm": "runc",
      "cgroup_id": 6520,
      "wait_duration_stats_ns": {
        "count": 280.0,
        "sum": 637001560.9999999,
        "mean": 2275005.5749999997,
        "median": 58737.20571650693,
        "min": 4335,
        "max": 106745485,
        "variance_ns2": 172496502046163.06,
        "iqr_ns": 423407.8729418755,
        "q1_ns": 19945.669261609743,
        "q3_ns": 443353.5422034852
      },
      "futex_op_counts": {
        "128": 280
      },
      "first_seen_ts_ns": 662800182673,
      "last_seen_ts_ns": 662910100802
    },
    {
      "tgid": 11375,
      "comm": "runc",
      "cgroup_id": 6520,
      "wait_duration_stats_ns": {
        "count": 316.0,
        "sum": 625979112.0000001,
        "mean": 1980946.5569620256,
        "median": 64604.763759761445,
        "min": 484,
        "max": 87741445,
        "variance_ns2": 107709477762684.94,
        "iqr_ns": 333614.79581354023,
        "q1_ns": 15673.740434520529,
        "q3_ns": 349288.53624806076
      },
      "futex_op_counts": {
        "128": 316
      },
      "first_seen_ts_ns": 632806009814,
      "last_seen_ts_ns": 632896640606
    },
    {
      "tgid": 11549,
      "comm": "runc",
      "cgroup_id": 6520,
      "wait_duration_stats_ns": {
        "count": 267.0,
        "sum": 618903218.0,
        "mean": 2317989.5805243445,
        "median": 156844.81447639072,
        "min": 754,
        "max": 96710423,
        "variance_ns2": 167249620449404.06,
        "iqr_ns": 346370.21892774827,
        "q1_ns": 25385.11405052432,
        "q3_ns": 371755.3329782726
      },
      "futex_op_counts": {
        "128": 267
      },
      "first_seen_ts_ns": 682799012967,
      "last_seen_ts_ns": 682905831870
    },
    {
      "tgid": 11355,
      "comm": "runc",
      "cgroup_id": 6520,
      "wait_duration_stats_ns": {
        "count": 252.0,
        "sum": 578856804.9999999,
        "mean": 2297050.813492063,
        "median": 89059.87515141042,
        "min": 586,
        "max": 91832027,
        "variance_ns2": 133458751331695.38,
        "iqr_ns": 608205.7219412267,
        "q1_ns": 18302.62222014869,
        "q3_ns": 626508.3441613754
      },
      "futex_op_counts": {
        "128": 252
      },
      "first_seen_ts_ns": 622802329913,
      "last_seen_ts_ns": 622902548874
    },
    {
      "tgid": 10623,
      "comm": "runc",
      "cgroup_id": 6520,
      "wait_duration_stats_ns": {
        "count": 276.0,
        "sum": 554299447.0000001,
        "mean": 2008331.3297101452,
        "median": 135047.33569268658,
        "min": 616,
        "max": 91710733,
        "variance_ns2": 102939528227073.05,
        "iqr_ns": 700164.6917793935,
        "q1_ns": 21358.67496952079,
        "q3_ns": 721523.3667489142
      },
      "futex_op_counts": {
        "128": 276
      },
      "first_seen_ts_ns": 462805165812,
      "last_seen_ts_ns": 462902012068
    },
    {
      "tgid": 10554,
      "comm": "runc:[2:INIT]",
      "cgroup_id": 8539,
      "wait_duration_stats_ns": {
        "count": 29.0,
        "sum": 550540749.0,
        "mean": 18984163.75862069,
        "median": 2120596.28555038,
        "min": 16584,
        "max": 102811430,
        "variance_ns2": 1106039758398172.1,
        "iqr_ns": 21192247.199225526,
        "q1_ns": 196267.08981241775,
        "q3_ns": 21388514.289037943
      },
      "futex_op_counts": {
        "128": 29
      },
      "first_seen_ts_ns": 442823013730,
      "last_seen_ts_ns": 442936198535
    },
    {
      "tgid": 10565,
      "comm": "runc",
      "cgroup_id": 6520,
      "wait_duration_stats_ns": {
        "count": 342.0,
        "sum": 493470287.9999999,
        "mean": 1442895.578947368,
        "median": 83401.62921681773,
        "min": 4599,
        "max": 70764685,
        "variance_ns2": 51188003707541.75,
        "iqr_ns": 404332.6944266289,
        "q1_ns": 25092.988110267288,
        "q3_ns": 429425.68253689614
      },
      "futex_op_counts": {
        "128": 342
      },
      "first_seen_ts_ns": 452804171633,
      "last_seen_ts_ns": 452880956604
    },
    {
      "tgid": 10474,
      "comm": "runc",
      "cgroup_id": 6520,
      "wait_duration_stats_ns": {
        "count": 226.0,
        "sum": 473361121.0000001,
        "mean": 2094518.2345132749,
        "median": 153300.28884438335,
        "min": 11087,
        "max": 80974901,
        "variance_ns2": 78736013792631.19,
        "iqr_ns": 866950.669024359,
        "q1_ns": 26191.461593714597,
        "q3_ns": 893142.1306180735
      },
      "futex_op_counts": {
        "128": 226
      },
      "first_seen_ts_ns": 412799018212,
      "last_seen_ts_ns": 412880365791
    },
    {
      "tgid": 10508,
      "comm": "runc:[2:INIT]",
      "cgroup_id": 8539,
      "wait_duration_stats_ns": {
        "count": 33.0,
        "sum": 465608881.0,
        "mean": 14109360.030303031,
        "median": 2413940.070948292,
        "min": 10291,
        "max": 81961734,
        "variance_ns2": 659404473995874.2,
        "iqr_ns": 21294267.61765391,
        "q1_ns": 230669.95697939832,
        "q3_ns": 21524937.574633308
      },
      "futex_op_counts": {
        "128": 33
      },
      "first_seen_ts_ns": 422826256458,
      "last_seen_ts_ns": 422926748600
    },
    {
      "tgid": 11043,
      "comm": "runc:[2:INIT]",
      "cgroup_id": 8539,
      "wait_duration_stats_ns": {
        "count": 28.0,
        "sum": 449474274.9999999,
        "mean": 16052652.678571425,
        "median": 1680411.3202543021,
        "min": 662,
        "max": 78905696,
        "variance_ns2": 831510123659555.4,
        "iqr_ns": 16015888.455558179,
        "q1_ns": 58996.814153439154,
        "q3_ns": 16074885.269711617
      },
      "futex_op_counts": {
        "128": 28
      },
      "first_seen_ts_ns": 562838196317,
      "last_seen_ts_ns": 562932815205
    },
    {
      "tgid": 10461,
      "comm": "runc:[2:INIT]",
      "cgroup_id": 8539,
      "wait_duration_stats_ns": {
        "count": 32.0,
        "sum": 424733317.00000006,
        "mean": 13272916.156250002,
        "median": 425064.3274652659,
        "min": 16945,
        "max": 69460858,
        "variance_ns2": 583798144534184.0,
        "iqr_ns": 18585182.1212001,
        "q1_ns": 44334.261330194466,
        "q3_ns": 18629516.382530294
      },
      "futex_op_counts": {
        "128": 32
      },
      "first_seen_ts_ns": 402820043578,
      "last_seen_ts_ns": 402910544945
    },
    {
      "tgid": 10607,
      "comm": "gke-exec-auth-p",
      "cgroup_id": 6580,
      "wait_duration_stats_ns": {
        "count": 236.0,
        "sum": 405978563.99999976,
        "mean": 1720248.1525423718,
        "median": 246831.21914172292,
        "min": 518,
        "max": 65007603,
        "variance_ns2": 42703580100126.74,
        "iqr_ns": 1790048.1114200042,
        "q1_ns": 28092.587559636944,
        "q3_ns": 1818140.698979641
      },
      "futex_op_counts": {
        "128": 236
      },
      "first_seen_ts_ns": 460287013073,
      "last_seen_ts_ns": 460372066504
    },
    {
      "tgid": 11064,
      "comm": "runc:[2:INIT]",
      "cgroup_id": 8539,
      "wait_duration_stats_ns": {
        "count": 29.0,
        "sum": 402434611.00000006,
        "mean": 13877055.55172414,
        "median": 661540.2624256827,
        "min": 1121,
        "max": 69064485,
        "variance_ns2": 595111139103666.1,
        "iqr_ns": 16176889.781862486,
        "q1_ns": 301334.97500027297,
        "q3_ns": 16478224.75686276
      },
      "futex_op_counts": {
        "128": 29
      },
      "first_seen_ts_ns": 572831013619,
      "last_seen_ts_ns": 572913272596
    },
    {
      "tgid": 10999,
      "comm": "runc:[2:INIT]",
      "cgroup_id": 8539,
      "wait_duration_stats_ns": {
        "count": 29.0,
        "sum": 401171869.0,
        "mean": 13833512.724137932,
        "median": 3242690.585672523,
        "min": 17046,
        "max": 68172272,
        "variance_ns2": 498398014496617.2,
        "iqr_ns": 17358910.826803476,
        "q1_ns": 210364.638823959,
        "q3_ns": 17569275.465627436
      },
      "futex_op_counts": {
        "128": 29
      },
      "first_seen_ts_ns": 542837145562,
      "last_seen_ts_ns": 542924712563
    },
    {
      "tgid": 11520,
      "comm": "runc:[2:INIT]",
      "cgroup_id": 8539,
      "wait_duration_stats_ns": {
        "count": 29.0,
        "sum": 390093240.99999994,
        "mean": 13451491.068965515,
        "median": 1966479.1881686845,
        "min": 11065,
        "max": 66129522,
        "variance_ns2": 574174640296847.8,
        "iqr_ns": 18514327.95672612,
        "q1_ns": 176727.74955084338,
        "q3_ns": 18691055.70627696
      },
      "futex_op_counts": {
        "128": 29
      },
      "first_seen_ts_ns": 662828209280,
      "last_seen_ts_ns": 662910107833
    },
    {
      "tgid": 11559,
      "comm": "runc:[2:INIT]",
      "cgroup_id": 8539,
      "wait_duration_stats_ns": {
        "count": 28.0,
        "sum": 380375835.9999999,
        "mean": 13584851.285714282,
        "median": 971100.4584268512,
        "min": 12470,
        "max": 64983426,
        "variance_ns2": 523379810841315.25,
        "iqr_ns": 16405850.369385952,
        "q1_ns": 54849.11870903412,
        "q3_ns": 16460699.488094985
      },
      "futex_op_counts": {
        "128": 28
      },
      "first_seen_ts_ns": 682829012829,
      "last_seen_ts_ns": 682905857924
    },
    {
      "tgid": 11498,
      "comm": "runc:[2:INIT]",
      "cgroup_id": 8539,
      "wait_duration_stats_ns": {
        "count": 29.0,
        "sum": 377850264.9999999,
        "mean": 13029319.482758617,
        "median": 3099718.575081601,
        "min": 589,
        "max": 63616271,
        "variance_ns2": 473154054858892.7,
        "iqr_ns": 19129816.371826313,
        "q1_ns": 82596.7632552177,
        "q3_ns": 19212413.13508153
      },
      "futex_op_counts": {
        "128": 29
      },
      "first_seen_ts_ns": 652834220051,
      "last_seen_ts_ns": 652916410448
    },
    {
      "tgid": 10977,
      "comm": "runc:[2:INIT]",
      "cgroup_id": 8539,
      "wait_duration_stats_ns": {
        "count": 29.0,
        "sum": 373555622.99999994,
        "mean": 12881228.379310343,
        "median": 2538878.948862844,
        "min": 23356,
        "max": 61455345,
        "variance_ns2": 426432656870735.56,
        "iqr_ns": 19119274.09520622,
        "q1_ns": 91643.03169749922,
        "q3_ns": 19210917.12690372
      },
      "futex_op_counts": {
        "128": 29
      },
      "first_seen_ts_ns": 532829169329,
      "last_seen_ts_ns": 532909762408
    },
    {
      "tgid": 11462,
      "comm": "runc:[2:INIT]",
      "cgroup_id": 8539,
      "wait_duration_stats_ns": {
        "count": 29.0,
        "sum": 361979628.00000006,
        "mean": 12482056.137931036,
        "median": 2695675.5648036986,
        "min": 2492,
        "max": 59894037,
        "variance_ns2": 420799766991116.7,
        "iqr_ns": 18338532.88705573,
        "q1_ns": 195270.3559372726,
        "q3_ns": 18533803.242993
      },
      "futex_op_counts": {
        "128": 29
      },
      "first_seen_ts_ns": 642834355261,
      "last_seen_ts_ns": 642911079379
    },
    {
      "tgid": 11540,
      "comm": "runc:[2:INIT]",
      "cgroup_id": 8539,
      "wait_duration_stats_ns": {
        "count": 29.0,
        "sum": 360336205.0,
        "mean": 12425386.379310345,
        "median": 1571134.5627512387,
        "min": 11569,
        "max": 77148717,
        "variance_ns2": 590832828499625.8,
        "iqr_ns": 10976756.35036094,
        "q1_ns": 73440.26951822922,
        "q3_ns": 11050196.61987917
      },
      "futex_op_counts": {
        "128": 29
      },
      "first_seen_ts_ns": 672825928660,
      "last_seen_ts_ns": 672918759553
    },
    {
      "tgid": 10954,
      "comm": "runc:[2:INIT]",
      "cgroup_id": 8539,
      "wait_duration_stats_ns": {
        "count": 29.0,
        "sum": 353730764.0,
        "mean": 12197612.551724138,
        "median": 1376602.817136963,
        "min": 3144,
        "max": 73895357,
        "variance_ns2": 599584625428244.4,
        "iqr_ns": 14381734.255031837,
        "q1_ns": 253693.1337982504,
        "q3_ns": 14635427.388830088
      },
      "futex_op_counts": {
        "128": 29
      },
      "first_seen_ts_ns": 522832119078,
      "last_seen_ts_ns": 522924783306
    },
    {
      "tgid": 10532,
      "comm": "runc:[2:INIT]",
      "cgroup_id": 8539,
      "wait_duration_stats_ns": {
        "count": 37.0,
        "sum": 349048085.0,
        "mean": 9433732.027027028,
        "median": 594493.8534078763,
        "min": 754,
        "max": 57382684,
        "variance_ns2": 297722946241505.75,
        "iqr_ns": 12761624.26415587,
        "q1_ns": 67067.6378815231,
        "q3_ns": 12828691.902037393
      },
      "futex_op_counts": {
        "128": 37
      },
      "first_seen_ts_ns": 432826127404,
      "last_seen_ts_ns": 432900388241
    },
    {
      "tgid": 10633,
      "comm": "runc:[2:INIT]",
      "cgroup_id": 8539,
      "wait_duration_stats_ns": {
        "count": 30.0,
        "sum": 335173077.99999994,
        "mean": 11172435.933333332,
        "median": 1269417.2130390778,
        "min": 665,
        "max": 53772289,
        "variance_ns2": 368726435073239.94,
        "iqr_ns": 15906643.658252258,
        "q1_ns": 142485.3642,
        "q3_ns": 16049129.022452258
      },
      "futex_op_counts": {
        "128": 30
      },
      "first_seen_ts_ns": 462830271817,
      "last_seen_ts_ns": 462902080255
    },
    {
      "tgid": 10928,
      "comm": "runc:[2:INIT]",
      "cgroup_id": 8539,
      "wait_duration_stats_ns": {
        "count": 30.0,
        "sum": 332496133.00000006,
        "mean": 11083204.433333335,
        "median": 1587210.3159826107,
        "min": 18510,
        "max": 50643918,
        "variance_ns2": 271392460220786.56,
        "iqr_ns": 14910905.176494088,
        "q1_ns": 461997.21783645346,
        "q3_ns": 15372902.39433054
      },
      "futex_op_counts": {
        "128": 30
      },
      "first_seen_ts_ns": 512841298536,
      "last_seen_ts_ns": 512910729143
    },
    {
      "tgid": 11022,
      "comm": "runc:[2:INIT]",
      "cgroup_id": 8539,
      "wait_duration_stats_ns": {
        "count": 31.0,
        "sum": 323625554.00000006,
        "mean": 10439534.000000002,
        "median": 2265277.497226777,
        "min": 16551,
        "max": 55011906,
        "variance_ns2": 297507250327964.4,
        "iqr_ns": 12690627.042988278,
        "q1_ns": 47706.90205886238,
        "q3_ns": 12738333.94504714
      },
      "futex_op_counts": {
        "128": 31
      },
      "first_seen_ts_ns": 552837304487,
      "last_seen_ts_ns": 552912015226
    },
    {
      "tgid": 11570,
      "comm": "runc",
      "cgroup_id": 6520,
      "wait_duration_stats_ns": {
        "count": 379.0,
        "sum": 260391406.00000003,
        "mean": 687048.5646437996,
        "median": 36356.548965799484,
        "min": 8719,
        "max": 38172917,
        "variance_ns2": 20725242029277.75,
        "iqr_ns": 126085.88886841242,
        "q1_ns": 19009.76764995807,
        "q3_ns": 145095.6565183705
      },
      "futex_op_counts": {
        "128": 379
      },
      "first_seen_ts_ns": 692797606927,
      "last_seen_ts_ns": 692838895661
    },
    {
      "tgid": 11278,
      "comm": "runc",
      "cgroup_id": 6520,
      "wait_duration_stats_ns": {
        "count": 360.0,
        "sum": 256037987.0,
        "mean": 711216.6305555556,
        "median": 55293.472214312766,
        "min": 769,
        "max": 37326101,
        "variance_ns2": 19433809744070.645,
        "iqr_ns": 175479.99244480213,
        "q1_ns": 25695.568198837995,
        "q3_ns": 201175.5606436401
      },
      "futex_op_counts": {
        "128": 360
      },
      "first_seen_ts_ns": 592797886124,
      "last_seen_ts_ns": 592838402088
    },
    {
      "tgid": 11332,
      "comm": "runc",
      "cgroup_id": 6520,
      "wait_duration_stats_ns": {
        "count": 378.0,
        "sum": 244908718.00000006,
        "mean": 647906.6613756615,
        "median": 38252.11519489872,
        "min": 1350,
        "max": 41638478,
        "variance_ns2": 15160160506051.23,
        "iqr_ns": 165322.2748490564,
        "q1_ns": 15372.944110938308,
        "q3_ns": 180695.21895999473
      },
      "futex_op_counts": {
        "128": 378
      },
      "first_seen_ts_ns": 612797542449,
      "last_seen_ts_ns": 612842133324
    },
    {
      "tgid": 10871,
      "comm": "runc",
      "cgroup_id": 6520,
      "wait_duration_stats_ns": {
        "count": 383.0,
        "sum": 244181913.99999994,
        "mean": 637550.689295039,
        "median": 47701.69226433204,
        "min": 739,
        "max": 41455092,
        "variance_ns2": 14427176859537.854,
        "iqr_ns": 158765.1800620387,
        "q1_ns": 18957.859909914747,
        "q3_ns": 177723.03997195346
      },
      "futex_op_counts": {
        "128": 383
      },
      "first_seen_ts_ns": 492797518810,
      "last_seen_ts_ns": 492841919537
    },
    {
      "tgid": 10403,
      "comm": "runc",
      "cgroup_id": 6520,
      "wait_duration_stats_ns": {
        "count": 356.0,
        "sum": 243420560.00000003,
        "mean": 683765.6179775281,
        "median": 34007.77580984702,
        "min": 606,
        "max": 36084870,
        "variance_ns2": 19870093543591.82,
        "iqr_ns": 145235.3443801086,
        "q1_ns": 14744.831584814556,
        "q3_ns": 159980.17596492317
      },
      "futex_op_counts": {
        "128": 356
      },
      "first_seen_ts_ns": 382797098694,
      "last_seen_ts_ns": 382836042624
    },
    {
      "tgid": 10576,
      "comm": "runc:[2:INIT]",
      "cgroup_id": 8539,
      "wait_duration_stats_ns": {
        "count": 31.0,
        "sum": 242384897.99999997,
        "mean": 7818867.677419354,
        "median": 1593613.5547965385,
        "min": 2613,
        "max": 37163731,
        "variance_ns2": 137214477696560.0,
        "iqr_ns": 8134853.875671216,
        "q1_ns": 173898.66837225237,
        "q3_ns": 8308752.544043468
      },
      "futex_op_counts": {
        "128": 31
      },
      "first_seen_ts_ns": 452832016338,
      "last_seen_ts_ns": 452881499704
    },
    {
      "tgid": 10484,
      "comm": "runc:[2:INIT]",
      "cgroup_id": 8539,
      "wait_duration_stats_ns": {
        "count": 32.0,
        "sum": 240448147.99999994,
        "mean": 7514004.624999998,
        "median": 1274678.1355180126,
        "min": 684,
        "max": 35044862,
        "variance_ns2": 125745008259979.11,
        "iqr_ns": 12621583.369511716,
        "q1_ns": 55583.267380401216,
        "q3_ns": 12677166.636892118
      },
      "futex_op_counts": {
        "128": 32
      },
      "first_seen_ts_ns": 412825356228,
      "last_seen_ts_ns": 412880210573
    },
    {
      "tgid": 11366,
      "comm": "runc:[2:INIT]",
      "cgroup_id": 8539,
      "wait_duration_stats_ns": {
        "count": 24.0,
        "sum": 233285493.0,
        "mean": 9720228.875,
        "median": 1455896.9596678587,
        "min": 20520,
        "max": 41770404,
        "variance_ns2": 205357663794296.6,
        "iqr_ns": 8255294.287329314,
        "q1_ns": 1430028.7014313475,
        "q3_ns": 9685322.988760661
      },
      "futex_op_counts": {
        "128": 24
      },
      "first_seen_ts_ns": 622837089743,
      "last_seen_ts_ns": 622901874061
    },
    {
      "tgid": 11387,
      "comm": "runc:[2:INIT]",
      "cgroup_id": 8539,
      "wait_duration_stats_ns": {
        "count": 30.0,
        "sum": 224760276.00000006,
        "mean": 7492009.200000002,
        "median": 2369711.8912093295,
        "min": 22765,
        "max": 37108073,
        "variance_ns2": 130760092159097.39,
        "iqr_ns": 8465379.968424331,
        "q1_ns": 345337.3211624513,
        "q3_ns": 8810717.289586782
      },
      "futex_op_counts": {
        "128": 30
      },
      "first_seen_ts_ns": 632836097641,
      "last_seen_ts_ns": 632896684545
    },
    {
      "tgid": 10893,
      "comm": "runc",
      "cgroup_id": 6520,
      "wait_duration_stats_ns": {
        "count": 363.0,
        "sum": 223901062.00000006,
        "mean": 616807.3333333335,
        "median": 33631.02756618344,
        "min": 555,
        "max": 33261933,
        "variance_ns2": 15999974167610.121,
        "iqr_ns": 98362.19783449294,
        "q1_ns": 13781.802054505713,
        "q3_ns": 112143.99988899865
      },
      "futex_op_counts": {
        "128": 363
      },
      "first_seen_ts_ns": 502799547233,
      "last_seen_ts_ns": 502835676637
    },
    {
      "tgid": 10826,
      "comm": "runc",
      "cgroup_id": 6520,
      "wait_duration_stats_ns": {
        "count": 378.0,
        "sum": 210606781.99999997,
        "mean": 557160.7989417989,
        "median": 34047.24645173729,
        "min": 8319,
        "max": 31175190,
        "variance_ns2": 13232526086478.184,
        "iqr_ns": 94595.89398829416,
        "q1_ns": 18387.323671955706,
        "q3_ns": 112983.21766024987
      },
      "futex_op_counts": {
        "128": 378
      },
      "first_seen_ts_ns": 472797789011,
      "last_seen_ts_ns": 472831990501
    },
    {
      "tgid": 10337,
      "comm": "runc",
      "cgroup_id": 6520,
      "wait_duration_stats_ns": {
        "count": 384.0,
        "sum": 207043481.0,
        "mean": 539175.7317708334,
        "median": 24920.383570556478,
        "min": 4318,
        "max": 35860710,
        "variance_ns2": 15191537441478.65,
        "iqr_ns": 78257.02468660563,
        "q1_ns": 14093.480547682266,
        "q3_ns": 92350.50523428789
      },
      "futex_op_counts": {
        "128": 384
      },
      "first_seen_ts_ns": 362797971133,
      "last_seen_ts_ns": 362836807714
    },
    {
      "tgid": 10425,
      "comm": "runc",
      "cgroup_id": 6520,
      "wait_duration_stats_ns": {
        "count": 364.0,
        "sum": 196416932.99999997,
        "mean": 539606.9587912087,
        "median": 31691.53110930551,
        "min": 872,
        "max": 34123598,
        "variance_ns2": 13983196116830.496,
        "iqr_ns": 126748.4260381761,
        "q1_ns": 15041.636181447231,
        "q3_ns": 141790.06221962333
      },
      "futex_op_counts": {
        "128": 364
      },
      "first_seen_ts_ns": 392797853584,
      "last_seen_ts_ns": 392834866873
    },
    {
      "tgid": 10382,
      "comm": "runc",
      "cgroup_id": 6520,
      "wait_duration_stats_ns": {
        "count": 396.0,
        "sum": 190572092.0,
        "mean": 481242.65656565654,
        "median": 24919.40443722299,
        "min": 992,
        "max": 33130761,
        "variance_ns2": 12242583258809.379,
        "iqr_ns": 81577.31200314953,
        "q1_ns": 13422.644609589908,
        "q3_ns": 94999.95661273945
      },
      "futex_op_counts": {
        "128": 396
      },
      "first_seen_ts_ns": 372797458253,
      "last_seen_ts_ns": 372833531661
    },
    {
      "tgid": 11300,
      "comm": "runc",
      "cgroup_id": 6520,
      "wait_duration_stats_ns": {
        "count": 400.0,
        "sum": 182484934.0,
        "mean": 456212.33499999996,
        "median": 24520.74484418278,
        "min": 4107,
        "max": 31621944,
        "variance_ns2": 10950294587549.26,
        "iqr_ns": 83382.3045726817,
        "q1_ns": 14839.241958500075,
        "q3_ns": 98221.54653118178
      },
      "futex_op_counts": {
        "128": 400
      },
      "first_seen_ts_ns": 602797891861,
      "last_seen_ts_ns": 602832608195
    },
    {
      "tgid": 10850,
      "comm": "runc",
      "cgroup_id": 6520,
      "wait_duration_stats_ns": {
        "count": 380.0,
        "sum": 169360599.00000006,
        "mean": 445685.7868421054,
        "median": 29459.298326223194,
        "min": 2162,
        "max": 29471483,
        "variance_ns2": 9466420160578.158,
        "iqr_ns": 81913.10648946176,
        "q1_ns": 19366.69122626911,
        "q3_ns": 101279.79771573088
      },
      "futex_op_counts": {
        "128": 380
      },
      "first_seen_ts_ns": 482798228139,
      "last_seen_ts_ns": 482830676181
    },
    {
      "tgid": 11343,
      "comm": "runc:[2:INIT]",
      "cgroup_id": 8539,
      "wait_duration_stats_ns": {
        "count": 31.0,
        "sum": 162599692.00000003,
        "mean": 5245151.35483871,
        "median": 1028297.6255657,
        "min": 2927,
        "max": 20499911,
        "variance_ns2": 62338856281042.71,
        "iqr_ns": 8050294.920650378,
        "q1_ns": 71888.71006785744,
        "q3_ns": 8122183.630718235
      },
      "futex_op_counts": {
        "128": 31
      },
      "first_seen_ts_ns": 612805747863,
      "last_seen_ts_ns": 612842124805
    },
    {
      "tgid": 10881,
      "comm": "runc:[2:INIT]",
      "cgroup_id": 8539,
      "wait_duration_stats_ns": {
        "count": 30.0,
        "sum": 159527126.99999997,
        "mean": 5317570.899999999,
        "median": 529308.4947672742,
        "min": 3271,
        "max": 20125914,
        "variance_ns2": 61310085867897.4,
        "iqr_ns": 8004314.829913515,
        "q1_ns": 51128.27526398791,
        "q3_ns": 8055443.105177502
      },
      "futex_op_counts": {
        "128": 30
      },
      "first_seen_ts_ns": 492806199444,
      "last_seen_ts_ns": 492841836734
    },
    {
      "tgid": 11582,
      "comm": "runc:[2:INIT]",
      "cgroup_id": 8539,
      "wait_duration_stats_ns": {
        "count": 26.0,
        "sum": 144644493.00000003,
        "mean": 5563249.730769232,
        "median": 961386.1157680104,
        "min": 28289,
        "max": 16981133,
        "variance_ns2": 51207666192213.31,
        "iqr_ns": 8890456.561013179,
        "q1_ns": 102132.70958970765,
        "q3_ns": 8992589.270602886
      },
      "futex_op_counts": {
        "128": 26
      },
      "first_seen_ts_ns": 692806217631,
      "last_seen_ts_ns": 692838899247
    },
    {
      "tgid": 10414,
      "comm": "runc:[2:INIT]",
      "cgroup_id": 8539,
      "wait_duration_stats_ns": {
        "count": 31.0,
        "sum": 136140070.0,
        "mean": 4391615.161290322,
        "median": 755121.7586082609,
        "min": 13511,
        "max": 15688673,
        "variance_ns2": 41327703123270.54,
        "iqr_ns": 6429897.492112403,
        "q1_ns": 50292.67615634657,
        "q3_ns": 6480190.1682687495
      },
      "futex_op_counts": {
        "128": 31
      },
      "first_seen_ts_ns": 382804973575,
      "last_seen_ts_ns": 382836024263
    },
    {
      "tgid": 11290,
      "comm": "runc:[2:INIT]",
      "cgroup_id": 8539,
      "wait_duration_stats_ns": {
        "count": 28.0,
        "sum": 133193026.00000001,
        "mean": 4756893.785714286,
        "median": 959857.524107533,
        "min": 1025,
        "max": 16025211,
        "variance_ns2": 41801871942808.62,
        "iqr_ns": 8593917.929024922,
        "q1_ns": 49399.86270006615,
        "q3_ns": 8643317.791724987
      },
      "futex_op_counts": {
        "128": 28
      },
      "first_seen_ts_ns": 592807877445,
      "last_seen_ts_ns": 592838404837
    },
    {
      "tgid": 10436,
      "comm": "runc:[2:INIT]",
      "cgroup_id": 8539,
      "wait_duration_stats_ns": {
        "count": 29.0,
        "sum": 123162834.99999997,
        "mean": 4246994.310344826,
        "median": 802256.9984505572,
        "min": 2475,
        "max": 15590083,
        "variance_ns2": 35354689954240.94,
        "iqr_ns": 7236239.918446375,
        "q1_ns": 70320.99220705223,
        "q3_ns": 7306560.910653427
      },
      "futex_op_counts": {
        "128": 29
      },
      "first_seen_ts_ns": 392806332399,
      "last_seen_ts_ns": 392834804854
    },
    {
      "tgid": 10393,
      "comm": "runc:[2:INIT]",
      "cgroup_id": 8539,
      "wait_duration_stats_ns": {
        "count": 29.0,
        "sum": 122303948.0,
        "mean": 4217377.517241379,
        "median": 984891.2251750978,
        "min": 1770,
        "max": 15436935,
        "variance_ns2": 35387079112248.4,
        "iqr_ns": 7171307.68478184,
        "q1_ns": 85774.87261063856,
        "q3_ns": 7257082.557392479
      },
      "futex_op_counts": {
        "128": 29
      },
      "first_seen_ts_ns": 372805340404,
      "last_seen_ts_ns": 372833523931
    },
    {
      "tgid": 10905,
      "comm": "runc:[2:INIT]",
      "cgroup_id": 8539,
      "wait_duration_stats_ns": {
        "count": 28.0,
        "sum": 120773940.0,
        "mean": 4313355.0,
        "median": 706839.9447093685,
        "min": 581,
        "max": 15516846,
        "variance_ns2": 35214617667325.78,
        "iqr_ns": 7634618.849580006,
        "q1_ns": 34046.812628968255,
        "q3_ns": 7668665.662208974
      },
      "futex_op_counts": {
        "128": 28
      },
      "first_seen_ts_ns": 502807765310,
      "last_seen_ts_ns": 502835674518
    },
    {
      "tgid": 11311,
      "comm": "runc:[2:INIT]",
      "cgroup_id": 8539,
      "wait_duration_stats_ns": {
        "count": 28.0,
        "sum": 114959892.0,
        "mean": 4105710.4285714286,
        "median": 444392.4726004297,
        "min": 512,
        "max": 15569869,
        "variance_ns2": 31874078039882.18,
        "iqr_ns": 6995266.4129566625,
        "q1_ns": 30168.588106342737,
        "q3_ns": 7025435.001063005
      },
      "futex_op_counts": {
        "128": 28
      },
      "first_seen_ts_ns": 602805897404,
      "last_seen_ts_ns": 602832627989
    },
    {
      "tgid": 10838,
      "comm": "runc:[2:INIT]",
      "cgroup_id": 8539,
      "wait_duration_stats_ns": {
        "count": 27.0,
        "sum": 106891674.0,
        "mean": 3958950.888888889,
        "median": 887249.8579147953,
        "min": 622,
        "max": 15749589,
        "variance_ns2": 30671783076526.184,
        "iqr_ns": 5353835.89549267,
        "q1_ns": 63562.27333333333,
        "q3_ns": 5417398.168826004
      },
      "futex_op_counts": {
        "128": 27
      },
      "first_seen_ts_ns": 472806834649,
      "last_seen_ts_ns": 472832037861
    },
    {
      "tgid": 10347,
      "comm": "runc:[2:INIT]",
      "cgroup_id": 8539,
      "wait_duration_stats_ns": {
        "count": 26.0,
        "sum": 106246643.0,
        "mean": 4086409.346153846,
        "median": 540968.1734720984,
        "min": 469,
        "max": 15597419,
        "variance_ns2": 38088616447588.39,
        "iqr_ns": 5760081.686845731,
        "q1_ns": 36800.1,
        "q3_ns": 5796881.786845731
      },
      "futex_op_counts": {
        "128": 26
      },
      "first_seen_ts_ns": 362805529192,
      "last_seen_ts_ns": 362836809326
    },
    {
      "tgid": 10861,
      "comm": "runc:[2:INIT]",
      "cgroup_id": 8539,
      "wait_duration_stats_ns": {
        "count": 26.0,
        "sum": 100144500.0,
        "mean": 3851711.5384615385,
        "median": 606321.7816104288,
        "min": 23783,
        "max": 15554676,
        "variance_ns2": 28865021379531.613,
        "iqr_ns": 4688879.97964732,
        "q1_ns": 61627.964403292186,
        "q3_ns": 4750507.944050612
      },
      "futex_op_counts": {
        "128": 26
      },
      "first_seen_ts_ns": 482806859748,
      "last_seen_ts_ns": 482830635650
    },
    {
      "tgid": 11322,
      "comm": "gce_workload_ce",
      "cgroup_id": 9731,
      "wait_duration_stats_ns": {
        "count": 343.0,
        "sum": 43696089.99999999,
        "mean": 127393.84839650145,
        "median": 35742.489861225295,
        "min": 536,
        "max": 9399280,
        "variance_ns2": 444586307311.8015,
        "iqr_ns": 98683.43185507692,
        "q1_ns": 14854.48148474115,
        "q3_ns": 113537.91333981807
      },
      "futex_op_counts": {
        "128": 343
      },
      "first_seen_ts_ns": 610348568894,
      "last_seen_ts_ns": 610358108687
    },
    {
      "tgid": 10928,
      "comm": "csi-node-driver",
      "cgroup_id": 8539,
      "wait_duration_stats_ns": {
        "count": 22.0,
        "sum": 17613801.0,
        "mean": 800627.3181818182,
        "median": 299825.6462900386,
        "min": 11015,
        "max": 4374772,
        "variance_ns2": 1051933271155.4655,
        "iqr_ns": 1231562.5460895067,
        "q1_ns": 34845.0,
        "q3_ns": 1266407.5460895067
      },
      "futex_op_counts": {
        "128": 22
      },
      "first_seen_ts_ns": 512917697134,
      "last_seen_ts_ns": 512924016426
    },
    {
      "tgid": 10484,
      "comm": "csi-node-driver",
      "cgroup_id": 8539,
      "wait_duration_stats_ns": {
        "count": 15.0,
        "sum": 11746800.0,
        "mean": 783120.0,
        "median": 307932.62127057614,
        "min": 14512,
        "max": 5537400,
        "variance_ns2": 2072901880561.5715,
        "iqr_ns": 558952.9577116402,
        "q1_ns": 27319.678240740745,
        "q3_ns": 586272.635952381
      },
      "futex_op_counts": {
        "128": 15
      },
      "first_seen_ts_ns": 412888497020,
      "last_seen_ts_ns": 412894023970
    },
    {
      "tgid": 11265,
      "comm": "csi-node-driver",
      "cgroup_id": 8539,
      "wait_duration_stats_ns": {
        "count": 18.0,
        "sum": 11299125.0,
        "mean": 627729.1666666666,
        "median": 292570.8901111111,
        "min": 18640,
        "max": 2707041,
        "variance_ns2": 489172446553.08826,
        "iqr_ns": 817551.6151758156,
        "q1_ns": 83572.00828097443,
        "q3_ns": 901123.6234567901
      },
      "futex_op_counts": {
        "128": 18
      },
      "first_seen_ts_ns": 583245716351,
      "last_seen_ts_ns": 583250052876
    },
    {
      "tgid": 11064,
      "comm": "csi-node-driver",
      "cgroup_id": 8539,
      "wait_duration_stats_ns": {
        "count": 17.0,
        "sum": 10096911.0,
        "mean": 593935.9411764706,
        "median": 483247.96768187836,
        "min": 12554,
        "max": 2167420,
        "variance_ns2": 539241987098.30884,
        "iqr_ns": 1013144.0260806407,
        "q1_ns": 82308.01575963717,
        "q3_ns": 1095452.0418402778
      },
      "futex_op_counts": {
        "128": 17
      },
      "first_seen_ts_ns": 572915111578,
      "last_seen_ts_ns": 572918514284
    },
    {
      "tgid": 11462,
      "comm": "csi-node-driver",
      "cgroup_id": 8539,
      "wait_duration_stats_ns": {
        "count": 21.0,
        "sum": 9641703.0,
        "mean": 459128.7142857143,
        "median": 55402.90283210507,
        "min": 13492,
        "max": 1941398,
        "variance_ns2": 429546182431.4143,
        "iqr_ns": 767815.0887705018,
        "q1_ns": 26096.625000000004,
        "q3_ns": 793911.7137705018
      },
      "futex_op_counts": {
        "128": 21
      },
      "first_seen_ts_ns": 642913513895,
      "last_seen_ts_ns": 642916783331
    },
    {
      "tgid": 10977,
      "comm": "csi-node-driver",
      "cgroup_id": 8539,
      "wait_duration_stats_ns": {
        "count": 21.0,
        "sum": 9563253.0,
        "mean": 455393.0,
        "median": 88939.035458194,
        "min": 9663,
        "max": 1718492,
        "variance_ns2": 368770025968.9,
        "iqr_ns": 612572.126861258,
        "q1_ns": 37928.257936507944,
        "q3_ns": 650500.3847977659
      },
      "futex_op_counts": {
        "128": 21
      },
      "first_seen_ts_ns": 532911842897,
      "last_seen_ts_ns": 532915159237
    },
    {
      "tgid": 11559,
      "comm": "csi-node-driver",
      "cgroup_id": 8539,
      "wait_duration_stats_ns": {
        "count": 17.0,
        "sum": 9512745.999999998,
        "mean": 559573.294117647,
        "median": 292190.3653157552,
        "min": 14057,
        "max": 1913370,
        "variance_ns2": 468649251246.09546,
        "iqr_ns": 746384.2253390853,
        "q1_ns": 34105.15219907407,
        "q3_ns": 780489.3775381594
      },
      "futex_op_counts": {
        "128": 17
      },
      "first_seen_ts_ns": 682909598583,
      "last_seen_ts_ns": 682912857485
    },
    {
      "tgid": 10414,
      "comm": "csi-node-driver",
      "cgroup_id": 8539,
      "wait_duration_stats_ns": {
        "count": 21.0,
        "sum": 9427676.999999998,
        "mean": 448936.9999999999,
        "median": 91306.96735360939,
        "min": 13935,
        "max": 1670860,
        "variance_ns2": 374718462410.9,
        "iqr_ns": 751452.5319267196,
        "q1_ns": 28163.666247795423,
        "q3_ns": 779616.198174515
      },
      "futex_op_counts": {
        "128": 21
      },
      "first_seen_ts_ns": 382838020466,
      "last_seen_ts_ns": 382841215370
    },
    {
      "tgid": 10554,
      "comm": "csi-node-driver",
      "cgroup_id": 8539,
      "wait_duration_stats_ns": {
        "count": 19.0,
        "sum": 9376739.0,
        "mean": 493512.5789473684,
        "median": 278452.92834374995,
        "min": 22184,
        "max": 1739807,
        "variance_ns2": 394318385653.03503,
        "iqr_ns": 333149.1198316248,
        "q1_ns": 42142.35802469136,
        "q3_ns": 375291.47785631614
      },
      "futex_op_counts": {
        "128": 19
      },
      "first_seen_ts_ns": 442945377000,
      "last_seen_ts_ns": 442948571455
    },
    {
      "tgid": 11043,
      "comm": "csi-node-driver",
      "cgroup_id": 8539,
      "wait_duration_stats_ns": {
        "count": 20.0,
        "sum": 9358138.0,
        "mean": 467906.9,
        "median": 60198.5998263889,
        "min": 12358,
        "max": 1849257,
        "variance_ns2": 427577867965.5684,
        "iqr_ns": 786540.4104936966,
        "q1_ns": 20099.083333333336,
        "q3_ns": 806639.49382703
      },
      "futex_op_counts": {
        "128": 20
      },
      "first_seen_ts_ns": 562935265571,
      "last_seen_ts_ns": 562938480558
    },
    {
      "tgid": 10532,
      "comm": "csi-node-driver",
      "cgroup_id": 8539,
      "wait_duration_stats_ns": {
        "count": 20.0,
        "sum": 9297464.0,
        "mean": 464873.19999999995,
        "median": 52147.25965581597,
        "min": 17677,
        "max": 1917664,
        "variance_ns2": 415692179152.1684,
        "iqr_ns": 749317.4085028187,
        "q1_ns": 30243.333333333336,
        "q3_ns": 779560.741836152
      },
      "futex_op_counts": {
        "128": 20
      },
      "first_seen_ts_ns": 432909457285,
      "last_seen_ts_ns": 432912634433
    },
    {
      "tgid": 10436,
      "comm": "csi-node-driver",
      "cgroup_id": 8539,
      "wait_duration_stats_ns": {
        "count": 20.0,
        "sum": 9292473.0,
        "mean": 464623.65,
        "median": 239743.78953834815,
        "min": 13145,
        "max": 1681164,
        "variance_ns2": 358248203019.08154,
        "iqr_ns": 862815.9234521408,
        "q1_ns": 36410.86950231482,
        "q3_ns": 899226.7929544556
      },
      "futex_op_counts": {
        "128": 20
      },
      "first_seen_ts_ns": 392836504338,
      "last_seen_ts_ns": 392839638385
    },
    {
      "tgid": 10461,
      "comm": "csi-node-driver",
      "cgroup_id": 8539,
      "wait_duration_stats_ns": {
        "count": 18.0,
        "sum": 9233929.000000002,
        "mean": 512996.0555555556,
        "median": 272193.5125385802,
        "min": 18967,
        "max": 1725855,
        "variance_ns2": 474541317821.4674,
        "iqr_ns": 693429.1549074074,
        "q1_ns": 33021.6875,
        "q3_ns": 726450.8424074074
      },
      "futex_op_counts": {
        "128": 18
      },
      "first_seen_ts_ns": 402922352116,
      "last_seen_ts_ns": 402925499056
    },
    {
      "tgid": 10999,
      "comm": "csi-node-driver",
      "cgroup_id": 8539,
      "wait_duration_stats_ns": {
        "count": 20.0,
        "sum": 9208327.0,
        "mean": 460416.35,
        "median": 57100.379421768725,
        "min": 17063,
        "max": 1931287,
        "variance_ns2": 402679645478.23944,
        "iqr_ns": 763229.9159980128,
        "q1_ns": 33920.00793650794,
        "q3_ns": 797149.9239345207
      },
      "futex_op_counts": {
        "128": 20
      },
      "first_seen_ts_ns": 542927054360,
      "last_seen_ts_ns": 542930175038
    },
    {
      "tgid": 10954,
      "comm": "csi-node-driver",
      "cgroup_id": 8539,
      "wait_duration_stats_ns": {
        "count": 16.0,
        "sum": 9199028.0,
        "mean": 574939.25,
        "median": 104515.85892857143,
        "min": 17127,
        "max": 3045719,
        "variance_ns2": 988335134880.8667,
        "iqr_ns": 728899.9601753869,
        "q1_ns": 26411.61666666667,
        "q3_ns": 755311.5768420536
      },
      "futex_op_counts": {
        "128": 16
      },
      "first_seen_ts_ns": 522927254372,
      "last_seen_ts_ns": 522930328540
    },
    {
      "tgid": 11290,
      "comm": "csi-node-driver",
      "cgroup_id": 8539,
      "wait_duration_stats_ns": {
        "count": 16.0,
        "sum": 9178812.0,
        "mean": 573675.75,
        "median": 289460.76335841045,
        "min": 28093,
        "max": 3108387,
        "variance_ns2": 729526513584.8667,
        "iqr_ns": 705919.8992242615,
        "q1_ns": 51108.65977044753,
        "q3_ns": 757028.558994709
      },
      "futex_op_counts": {
        "128": 16
      },
      "first_seen_ts_ns": 592840316262,
      "last_seen_ts_ns": 592843430479
    },
    {
      "tgid": 10838,
      "comm": "csi-node-driver",
      "cgroup_id": 8539,
      "wait_duration_stats_ns": {
        "count": 19.0,
        "sum": 9098618.0,
        "mean": 478874.63157894736,
        "median": 136719.00858561194,
        "min": 21261,
        "max": 1416624,
        "variance_ns2": 322912786670.1345,
        "iqr_ns": 664063.0496604517,
        "q1_ns": 43178.93671513312,
        "q3_ns": 707241.9863755848
      },
      "futex_op_counts": {
        "128": 19
      },
      "first_seen_ts_ns": 472834034047,
      "last_seen_ts_ns": 472837134721
    },
    {
      "tgid": 11498,
      "comm": "csi-node-driver",
      "cgroup_id": 8539,
      "wait_duration_stats_ns": {
        "count": 19.0,
        "sum": 9091248.0,
        "mean": 478486.7368421053,
        "median": 283568.85481698497,
        "min": 14454,
        "max": 1687525,
        "variance_ns2": 379535961854.7602,
        "iqr_ns": 428364.3604017244,
        "q1_ns": 30284.861796982168,
        "q3_ns": 458649.2221987066
      },
      "futex_op_counts": {
        "128": 19
      },
      "first_seen_ts_ns": 652922104818,
      "last_seen_ts_ns": 652925204748
    },
    {
      "tgid": 11540,
      "comm": "csi-node-driver",
      "cgroup_id": 8539,
      "wait_duration_stats_ns": {
        "count": 23.0,
        "sum": 9053962.0,
        "mean": 393650.52173913043,
        "median": 85347.18895633746,
        "min": 2130,
        "max": 1446369,
        "variance_ns2": 312638004793.1699,
        "iqr_ns": 547429.7195442392,
        "q1_ns": 20725.34770793869,
        "q3_ns": 568155.0672521779
      },
      "futex_op_counts": {
        "128": 23
      },
      "first_seen_ts_ns": 672920841734,
      "last_seen_ts_ns": 672923986595
    },
    {
      "tgid": 10393,
      "comm": "csi-node-driver",
      "cgroup_id": 8539,
      "wait_duration_stats_ns": {
        "count": 21.0,
        "sum": 9045723.0,
        "mean": 430748.71428571426,
        "median": 80158.77280390033,
        "min": 10286,
        "max": 1696267,
        "variance_ns2": 349921784786.3143,
        "iqr_ns": 755612.4926782681,
        "q1_ns": 31188.716666666667,
        "q3_ns": 786801.2093449348
      },
      "futex_op_counts": {
        "128": 21
      },
      "first_seen_ts_ns": 372835164320,
      "last_seen_ts_ns": 372838268717
    },
    {
      "tgid": 10347,
      "comm": "csi-node-driver",
      "cgroup_id": 8539,
      "wait_duration_stats_ns": {
        "count": 20.0,
        "sum": 8998551.999999998,
        "mean": 449927.5999999999,
        "median": 74563.66227678575,
        "min": 9731,
        "max": 1647567,
        "variance_ns2": 343209260313.62115,
        "iqr_ns": 594360.4029866267,
        "q1_ns": 27778.15332892417,
        "q3_ns": 622138.5563155509
      },
      "futex_op_counts": {
        "128": 20
      },
      "first_seen_ts_ns": 362838587274,
      "last_seen_ts_ns": 362841721747
    },
    {
      "tgid": 11311,
      "comm": "csi-node-driver",
      "cgroup_id": 8539,
      "wait_duration_stats_ns": {
        "count": 17.0,
        "sum": 8960635.0,
        "mean": 527096.1764705882,
        "median": 433174.6066120205,
        "min": 15899,
        "max": 1828863,
        "variance_ns2": 424248588464.9044,
        "iqr_ns": 864852.1371653397,
        "q1_ns": 72465.4129230442,
        "q3_ns": 937317.5500883838
      },
      "futex_op_counts": {
        "128": 17
      },
      "first_seen_ts_ns": 602834657834,
      "last_seen_ts_ns": 602837682730
    },
    {
      "tgid": 10508,
      "comm": "csi-node-driver",
      "cgroup_id": 8539,
      "wait_duration_stats_ns": {
        "count": 16.0,
        "sum": 8951065.0,
        "mean": 559441.5625,
        "median": 102719.38888888889,
        "min": 22838,
        "max": 2969624,
        "variance_ns2": 797052931438.1292,
        "iqr_ns": 821752.0005536265,
        "q1_ns": 27303.386666666665,
        "q3_ns": 849055.3872202932
      },
      "futex_op_counts": {
        "128": 16
      },
      "first_seen_ts_ns": 422928913174,
      "last_seen_ts_ns": 422931914468
    },
    {
      "tgid": 11387,
      "comm": "csi-node-driver",
      "cgroup_id": 8539,
      "wait_duration_stats_ns": {
        "count": 18.0,
        "sum": 8947879.0,
        "mean": 497104.3888888889,
        "median": 59790.90867384901,
        "min": 14434,
        "max": 1786983,
        "variance_ns2": 413622774246.72217,
        "iqr_ns": 711121.5330811838,
        "q1_ns": 22052.8081886574,
        "q3_ns": 733174.3412698412
      },
      "futex_op_counts": {
        "128": 18
      },
      "first_seen_ts_ns": 632898918418,
      "last_seen_ts_ns": 632901993166
    },
    {
      "tgid": 10576,
      "comm": "csi-node-driver",
      "cgroup_id": 8539,
      "wait_duration_stats_ns": {
        "count": 18.0,
        "sum": 8939551.0,
        "mean": 496641.72222222225,
        "median": 256747.65854743688,
        "min": 591,
        "max": 1751140,
        "variance_ns2": 406018943010.2124,
        "iqr_ns": 434701.6681731144,
        "q1_ns": 67705.70258136923,
        "q3_ns": 502407.3707544836
      },
      "futex_op_counts": {
        "128": 18
      },
      "first_seen_ts_ns": 452883877804,
      "last_seen_ts_ns": 452886926904
    },
    {
      "tgid": 11582,
      "comm": "csi-node-driver",
      "cgroup_id": 8539,
      "wait_duration_stats_ns": {
        "count": 16.0,
        "sum": 8863649.0,
        "mean": 553978.0625,
        "median": 344665.2174065807,
        "min": 12552,
        "max": 1808736,
        "variance_ns2": 432036648747.39575,
        "iqr_ns": 671066.5135030865,
        "q1_ns": 32757.860628858027,
        "q3_ns": 703824.3741319445
      },
      "futex_op_counts": {
        "128": 16
      },
      "first_seen_ts_ns": 692840620964,
      "last_seen_ts_ns": 692843641048
    },
    {
      "tgid": 11520,
      "comm": "csi-node-driver",
      "cgroup_id": 8539,
      "wait_duration_stats_ns": {
        "count": 18.0,
        "sum": 8835634.0,
        "mean": 490868.55555555556,
        "median": 248766.36602714006,
        "min": 14098,
        "max": 1785595,
        "variance_ns2": 389092562210.8497,
        "iqr_ns": 508967.6602843915,
        "q1_ns": 26459.45717592593,
        "q3_ns": 535427.1174603174
      },
      "futex_op_counts": {
        "128": 18
      },
      "first_seen_ts_ns": 662913529983,
      "last_seen_ts_ns": 662916541742
    },
    {
      "tgid": 10633,
      "comm": "csi-node-driver",
      "cgroup_id": 8539,
      "wait_duration_stats_ns": {
        "count": 20.0,
        "sum": 8800408.0,
        "mean": 440020.4,
        "median": 51875.55179229734,
        "min": 17504,
        "max": 1667280,
        "variance_ns2": 348159238429.83154,
        "iqr_ns": 723466.8029816694,
        "q1_ns": 27527.000239197532,
        "q3_ns": 750993.803220867
      },
      "futex_op_counts": {
        "128": 20
      },
      "first_seen_ts_ns": 462907347976,
      "last_seen_ts_ns": 462910433272
    },
    {
      "tgid": 11022,
      "comm": "csi-node-driver",
      "cgroup_id": 8539,
      "wait_duration_stats_ns": {
        "count": 21.0,
        "sum": 8690233.000000002,
        "mean": 413820.6190476191,
        "median": 72805.98652851264,
        "min": 606,
        "max": 1702390,
        "variance_ns2": 348138305768.9476,
        "iqr_ns": 705440.1613657835,
        "q1_ns": 29086.082312925173,
        "q3_ns": 734526.2436787087
      },
      "futex_op_counts": {
        "128": 21
      },
      "first_seen_ts_ns": 552914082733,
      "last_seen_ts_ns": 552917109775
    },
    {
      "tgid": 11343,
      "comm": "csi-node-driver",
      "cgroup_id": 8539,
      "wait_duration_stats_ns": {
        "count": 19.0,
        "sum": 8654094.0,
        "mean": 455478.63157894736,
        "median": 106971.50101376488,
        "min": 12332,
        "max": 1709353,
        "variance_ns2": 359573532030.46796,
        "iqr_ns": 631276.3695229826,
        "q1_ns": 28103.053240740737,
        "q3_ns": 659379.4227637234
      },
      "futex_op_counts": {
        "128": 19
      },
      "first_seen_ts_ns": 612843918626,
      "last_seen_ts_ns": 612846918935
    },
    {
      "tgid": 10861,
      "comm": "csi-node-driver",
      "cgroup_id": 8539,
      "wait_duration_stats_ns": {
        "count": 20.0,
        "sum": 8639893.999999998,
        "mean": 431994.6999999999,
        "median": 48494.44138309341,
        "min": 10004,
        "max": 1775352,
        "variance_ns2": 359748446268.85266,
        "iqr_ns": 674588.6903039236,
        "q1_ns": 27016.78402777778,
        "q3_ns": 701605.4743317013
      },
      "futex_op_counts": {
        "128": 20
      },
      "first_seen_ts_ns": 482832302311,
      "last_seen_ts_ns": 482835275279
    },
    {
      "tgid": 10905,
      "comm": "csi-node-driver",
      "cgroup_id": 8539,
      "wait_duration_stats_ns": {
        "count": 18.0,
        "sum": 8534224.000000002,
        "mean": 474123.5555555556,
        "median": 228242.6696589191,
        "min": 11713,
        "max": 1711962,
        "variance_ns2": 373640438653.9085,
        "iqr_ns": 469161.4619729036,
        "q1_ns": 65287.46946649031,
        "q3_ns": 534448.9314393939
      },
      "futex_op_counts": {
        "128": 18
      },
      "first_seen_ts_ns": 502837404798,
      "last_seen_ts_ns": 502840309999
    },
    {
      "tgid": 10881,
      "comm": "csi-node-driver",
      "cgroup_id": 8539,
      "wait_duration_stats_ns": {
        "count": 17.0,
        "sum": 8489035.0,
        "mean": 499355.0,
        "median": 400701.2932275132,
        "min": 15455,
        "max": 1819417,
        "variance_ns2": 391466428706.0,
        "iqr_ns": 849007.8451005378,
        "q1_ns": 75478.12350741685,
        "q3_ns": 924485.9686079546
      },
      "futex_op_counts": {
        "128": 17
      },
      "first_seen_ts_ns": 492843683731,
      "last_seen_ts_ns": 492846580979
    },
    {
      "tgid": 11366,
      "comm": "csi-node-driver",
      "cgroup_id": 8539,
      "wait_duration_stats_ns": {
        "count": 11.0,
        "sum": 8123860.999999999,
        "mean": 738532.8181818181,
        "median": 54287.643518518526,
        "min": 24587,
        "max": 5038821,
        "variance_ns2": 2331243164977.1636,
        "iqr_ns": 39476.8962962963,
        "q1_ns": 28744.103703703706,
        "q3_ns": 68221.0
      },
      "futex_op_counts": {
        "128": 11
      },
      "first_seen_ts_ns": 622903977188,
      "last_seen_ts_ns": 622909010199
    },
    {
      "tgid": 9818,
      "comm": "flux-broker-7",
      "cgroup_id": 9652,
      "wait_duration_stats_ns": {
        "count": 515.0,
        "sum": 6717558.0,
        "mean": 13043.801941747573,
        "median": 3531.0562230121755,
        "min": 391,
        "max": 3025767,
        "variance_ns2": 18081445734.66106,
        "iqr_ns": 3957.705333185746,
        "q1_ns": 477.9708935744549,
        "q3_ns": 4435.676226760201
      },
      "futex_op_counts": {
        "128": 515
      },
      "first_seen_ts_ns": 403024355850,
      "last_seen_ts_ns": 695829069744
    },
    {
      "tgid": 9818,
      "comm": "ZMQbg/IO/0",
      "cgroup_id": 9652,
      "wait_duration_stats_ns": {
        "count": 49.0,
        "sum": 66916.0,
        "mean": 1365.6326530612246,
        "median": 534.4781435188244,
        "min": 400,
        "max": 29891,
        "variance_ns2": 18575628.8622449,
        "iqr_ns": 133.1604212431081,
        "q1_ns": 480.8381680195853,
        "q3_ns": 613.9985892626934
      },
      "futex_op_counts": {
        "128": 49
      },
      "first_seen_ts_ns": 467304377080,
      "last_seen_ts_ns": 695841274628
    },
    {
      "tgid": 9818,
      "comm": "ZMQbg/Reaper",
      "cgroup_id": 9652,
      "wait_duration_stats_ns": {
        "count": 1.0,
        "sum": 29469.0,
        "mean": 29469.0,
        "median": 29469.0,
        "min": 29469,
        "max": 29469,
        "variance_ns2": null,
        "iqr_ns": 0.0,
        "q1_ns": 29469.0,
        "q3_ns": 29469.0
      },
      "futex_op_counts": {
        "128": 1
      },
      "first_seen_ts_ns": 695841263724,
      "last_seen_ts_ns": 695841263724
    },
    {
      "tgid": 10780,
      "comm": "lmp",
      "cgroup_id": 9652,
      "wait_duration_stats_ns": {
        "count": 1.0,
        "sum": 10753.0,
        "mean": 10753.0,
        "median": 10753.0,
        "min": 10753,
        "max": 10753,
        "variance_ns2": null,
        "iqr_ns": 0.0,
        "q1_ns": 10753.0,
        "q3_ns": 10753.0
      },
      "futex_op_counts": {
        "128": 1
      },
      "first_seen_ts_ns": 580774568722,
      "last_seen_ts_ns": 580774568722
    },
    {
      "tgid": 10764,
      "comm": "lmp",
      "cgroup_id": 9652,
      "wait_duration_stats_ns": {
        "count": 1.0,
        "sum": 10375.0,
        "mean": 10375.0,
        "median": 10375.0,
        "min": 10375,
        "max": 10375,
        "variance_ns2": null,
        "iqr_ns": 0.0,
        "q1_ns": 10375.0,
        "q3_ns": 10375.0
      },
      "futex_op_counts": {
        "128": 1
      },
      "first_seen_ts_ns": 580783707939,
      "last_seen_ts_ns": 580783707939
    },
    {
      "tgid": 10152,
      "comm": "lmp",
      "cgroup_id": 9652,
      "wait_duration_stats_ns": {
        "count": 1.0,
        "sum": 10321.0,
        "mean": 10321.0,
        "median": 10321.0,
        "min": 10321,
        "max": 10321,
        "variance_ns2": null,
        "iqr_ns": 0.0,
        "q1_ns": 10321.0,
        "q3_ns": 10321.0
      },
      "futex_op_counts": {
        "128": 1
      },
      "first_seen_ts_ns": 467311293780,
      "last_seen_ts_ns": 467311293780
    },
    {
      "tgid": 10782,
      "comm": "lmp",
      "cgroup_id": 9652,
      "wait_duration_stats_ns": {
        "count": 1.0,
        "sum": 9955.0,
        "mean": 9955.0,
        "median": 9955.0,
        "min": 9955,
        "max": 9955,
        "variance_ns2": null,
        "iqr_ns": 0.0,
        "q1_ns": 9955.0,
        "q3_ns": 9955.0
      },
      "futex_op_counts": {
        "128": 1
      },
      "first_seen_ts_ns": 580783703274,
      "last_seen_ts_ns": 580783703274
    },
    {
      "tgid": 11247,
      "comm": "lmp",
      "cgroup_id": 9652,
      "wait_duration_stats_ns": {
        "count": 1.0,
        "sum": 9434.0,
        "mean": 9434.0,
        "median": 9434.0,
        "min": 9434,
        "max": 9434,
        "variance_ns2": null,
        "iqr_ns": 0.0,
        "q1_ns": 9434.0,
        "q3_ns": 9434.0
      },
      "futex_op_counts": {
        "128": 1
      },
      "first_seen_ts_ns": 690286568974,
      "last_seen_ts_ns": 690286568974
    },
    {
      "tgid": 10704,
      "comm": "lmp",
      "cgroup_id": 9652,
      "wait_duration_stats_ns": {
        "count": 1.0,
        "sum": 9424.0,
        "mean": 9424.0,
        "median": 9424.0,
        "min": 9424,
        "max": 9424,
        "variance_ns2": null,
        "iqr_ns": 0.0,
        "q1_ns": 9424.0,
        "q3_ns": 9424.0
      },
      "futex_op_counts": {
        "128": 1
      },
      "first_seen_ts_ns": 580783559223,
      "last_seen_ts_ns": 580783559223
    },
    {
      "tgid": 10205,
      "comm": "lmp",
      "cgroup_id": 9652,
      "wait_duration_stats_ns": {
        "count": 1.0,
        "sum": 9401.0,
        "mean": 9401.0,
        "median": 9401.0,
        "min": 9401,
        "max": 9401,
        "variance_ns2": null,
        "iqr_ns": 0.0,
        "q1_ns": 9401.0,
        "q3_ns": 9401.0
      },
      "futex_op_counts": {
        "128": 1
      },
      "first_seen_ts_ns": 467309250937,
      "last_seen_ts_ns": 467309250937
    },
    {
      "tgid": 10670,
      "comm": "lmp",
      "cgroup_id": 9652,
      "wait_duration_stats_ns": {
        "count": 1.0,
        "sum": 8930.0,
        "mean": 8930.0,
        "median": 8930.0,
        "min": 8930,
        "max": 8930,
        "variance_ns2": null,
        "iqr_ns": 0.0,
        "q1_ns": 8930.0,
        "q3_ns": 8930.0
      },
      "futex_op_counts": {
        "128": 1
      },
      "first_seen_ts_ns": 580783945801,
      "last_seen_ts_ns": 580783945801
    },
    {
      "tgid": 11201,
      "comm": "lmp",
      "cgroup_id": 9652,
      "wait_duration_stats_ns": {
        "count": 1.0,
        "sum": 8921.0,
        "mean": 8921.0,
        "median": 8921.0,
        "min": 8921,
        "max": 8921,
        "variance_ns2": null,
        "iqr_ns": 0.0,
        "q1_ns": 8921.0,
        "q3_ns": 8921.0
      },
      "futex_op_counts": {
        "128": 1
      },
      "first_seen_ts_ns": 690285393054,
      "last_seen_ts_ns": 690285393054
    },
    {
      "tgid": 10650,
      "comm": "lmp",
      "cgroup_id": 9652,
      "wait_duration_stats_ns": {
        "count": 1.0,
        "sum": 8727.0,
        "mean": 8727.0,
        "median": 8727.0,
        "min": 8727,
        "max": 8727,
        "variance_ns2": null,
        "iqr_ns": 0.0,
        "q1_ns": 8727.0,
        "q3_ns": 8727.0
      },
      "futex_op_counts": {
        "128": 1
      },
      "first_seen_ts_ns": 580779556190,
      "last_seen_ts_ns": 580779556190
    },
    {
      "tgid": 11135,
      "comm": "lmp",
      "cgroup_id": 9652,
      "wait_duration_stats_ns": {
        "count": 1.0,
        "sum": 8424.0,
        "mean": 8424.0,
        "median": 8424.0,
        "min": 8424,
        "max": 8424,
        "variance_ns2": null,
        "iqr_ns": 0.0,
        "q1_ns": 8424.0,
        "q3_ns": 8424.0
      },
      "futex_op_counts": {
        "128": 1
      },
      "first_seen_ts_ns": 690285075578,
      "last_seen_ts_ns": 690285075578
    },
    {
      "tgid": 11159,
      "comm": "lmp",
      "cgroup_id": 9652,
      "wait_duration_stats_ns": {
        "count": 1.0,
        "sum": 8164.0,
        "mean": 8164.0,
        "median": 8164.0,
        "min": 8164,
        "max": 8164,
        "variance_ns2": null,
        "iqr_ns": 0.0,
        "q1_ns": 8164.0,
        "q3_ns": 8164.0
      },
      "futex_op_counts": {
        "128": 1
      },
      "first_seen_ts_ns": 690285251314,
      "last_seen_ts_ns": 690285251314
    },
    {
      "tgid": 10724,
      "comm": "lmp",
      "cgroup_id": 9652,
      "wait_duration_stats_ns": {
        "count": 1.0,
        "sum": 8117.0,
        "mean": 8117.0,
        "median": 8117.0,
        "min": 8117,
        "max": 8117,
        "variance_ns2": null,
        "iqr_ns": 0.0,
        "q1_ns": 8117.0,
        "q3_ns": 8117.0
      },
      "futex_op_counts": {
        "128": 1
      },
      "first_seen_ts_ns": 580778742295,
      "last_seen_ts_ns": 580778742295
    },
    {
      "tgid": 11093,
      "comm": "lmp",
      "cgroup_id": 9652,
      "wait_duration_stats_ns": {
        "count": 1.0,
        "sum": 7924.0,
        "mean": 7924.0,
        "median": 7924.0,
        "min": 7924,
        "max": 7924,
        "variance_ns2": null,
        "iqr_ns": 0.0,
        "q1_ns": 7924.0,
        "q3_ns": 7924.0
      },
      "futex_op_counts": {
        "128": 1
      },
      "first_seen_ts_ns": 690288285732,
      "last_seen_ts_ns": 690288285732
    },
    {
      "tgid": 11103,
      "comm": "lmp",
      "cgroup_id": 9652,
      "wait_duration_stats_ns": {
        "count": 1.0,
        "sum": 7782.0,
        "mean": 7782.0,
        "median": 7782.0,
        "min": 7782,
        "max": 7782,
        "variance_ns2": null,
        "iqr_ns": 0.0,
        "q1_ns": 7782.0,
        "q3_ns": 7782.0
      },
      "futex_op_counts": {
        "128": 1
      },
      "first_seen_ts_ns": 690284624010,
      "last_seen_ts_ns": 690284624010
    },
    {
      "tgid": 10790,
      "comm": "lmp",
      "cgroup_id": 9652,
      "wait_duration_stats_ns": {
        "count": 1.0,
        "sum": 7650.0,
        "mean": 7650.0,
        "median": 7650.0,
        "min": 7650,
        "max": 7650,
        "variance_ns2": null,
        "iqr_ns": 0.0,
        "q1_ns": 7650.0,
        "q3_ns": 7650.0
      },
      "futex_op_counts": {
        "128": 1
      },
      "first_seen_ts_ns": 580779195698,
      "last_seen_ts_ns": 580779195698
    },
    {
      "tgid": 10710,
      "comm": "lmp",
      "cgroup_id": 9652,
      "wait_duration_stats_ns": {
        "count": 1.0,
        "sum": 7516.0,
        "mean": 7516.0,
        "median": 7516.0,
        "min": 7516,
        "max": 7516,
        "variance_ns2": null,
        "iqr_ns": 0.0,
        "q1_ns": 7516.0,
        "q3_ns": 7516.0
      },
      "futex_op_counts": {
        "128": 1
      },
      "first_seen_ts_ns": 580783543031,
      "last_seen_ts_ns": 580783543031
    },
    {
      "tgid": 10289,
      "comm": "lmp",
      "cgroup_id": 9652,
      "wait_duration_stats_ns": {
        "count": 1.0,
        "sum": 7292.0,
        "mean": 7292.0,
        "median": 7292.0,
        "min": 7292,
        "max": 7292,
        "variance_ns2": null,
        "iqr_ns": 0.0,
        "q1_ns": 7292.0,
        "q3_ns": 7292.0
      },
      "futex_op_counts": {
        "128": 1
      },
      "first_seen_ts_ns": 467313358452,
      "last_seen_ts_ns": 467313358452
    },
    {
      "tgid": 10319,
      "comm": "lmp",
      "cgroup_id": 9652,
      "wait_duration_stats_ns": {
        "count": 1.0,
        "sum": 7227.0,
        "mean": 7227.0,
        "median": 7227.0,
        "min": 7227,
        "max": 7227,
        "variance_ns2": null,
        "iqr_ns": 0.0,
        "q1_ns": 7227.0,
        "q3_ns": 7227.0
      },
      "futex_op_counts": {
        "128": 1
      },
      "first_seen_ts_ns": 467313707979,
      "last_seen_ts_ns": 467313707979
    },
    {
      "tgid": 10181,
      "comm": "lmp",
      "cgroup_id": 9652,
      "wait_duration_stats_ns": {
        "count": 1.0,
        "sum": 6082.0,
        "mean": 6082.0,
        "median": 6082.0,
        "min": 6082,
        "max": 6082,
        "variance_ns2": null,
        "iqr_ns": 0.0,
        "q1_ns": 6082.0,
        "q3_ns": 6082.0
      },
      "futex_op_counts": {
        "128": 1
      },
      "first_seen_ts_ns": 467313493579,
      "last_seen_ts_ns": 467313493579
    },
    {
      "tgid": 817,
      "comm": "multipathd",
      "cgroup_id": 1702,
      "wait_duration_stats_ns": {
        "count": 2.0,
        "sum": 4884.0,
        "mean": 2442.0,
        "median": 2480.0,
        "min": 2404,
        "max": 2480,
        "variance_ns2": 2888.0,
        "iqr_ns": 76.0,
        "q1_ns": 2404.0,
        "q3_ns": 2480.0
      },
      "futex_op_counts": {
        "128": 2
      },
      "first_seen_ts_ns": 445574167216,
      "last_seen_ts_ns": 449574561593
    }
  ]
}
[23:00:43] Cleanup complete.
