unlimited
Looking for /opt/programs/futex-model/ebpf-collect.c
[22:54:55] Starting eBPF (Tracepoints for futex syscalls).
[22:54:55] BPF program loaded and tracepoints automatically attached.
[22:54:55] Start Indicator file defined '/mnt/flux/start_ebpf_collection'. Waiting.
[22:55:06] Start indicator found. Proceeding.
[22:55:06] Ring buffers opened. Polling for events...
[23:00:43] 
Indicator file '/mnt/flux/stop_ebpf_collection' found. Stopping.
[23:00:43] Cleaning up BPF resources...
{
  "final_aggregated_futex_summary_river": [
    {
      "tgid": 8144,
      "comm": "fluent-bit-gke-",
      "cgroup_id": 8532,
      "wait_duration_stats_ns": {
        "count": 15465.0,
        "sum": 21458105492642.113,
        "mean": 1387527028.2988758,
        "median": 802832.6804551148,
        "min": 355,
        "max": 109996598968,
        "variance_ns2": 8.766099800396325e+19,
        "iqr_ns": 24419358.133775245,
        "q1_ns": 30619.165679999704,
        "q3_ns": 24449977.299455244
      },
      "futex_op_counts": {
        "128": 15465
      },
      "first_seen_ts_ns": 348000408201,
      "last_seen_ts_ns": 694748300487
    },
    {
      "tgid": 3784,
      "comm": "kubelet",
      "cgroup_id": 6640,
      "wait_duration_stats_ns": {
        "count": 29861.0,
        "sum": 12257845755030.041,
        "mean": 410496827.1333861,
        "median": 12983997.37646559,
        "min": 464,
        "max": 180006053728,
        "variance_ns2": 2.119619231840238e+19,
        "iqr_ns": 54148634.438306734,
        "q1_ns": 962397.4870249507,
        "q3_ns": 55111031.92533168
      },
      "futex_op_counts": {
        "128": 29861
      },
      "first_seen_ts_ns": 347033119813,
      "last_seen_ts_ns": 694809058651
    },
    {
      "tgid": 3598,
      "comm": "containerd",
      "cgroup_id": 6520,
      "wait_duration_stats_ns": {
        "count": 131057.0,
        "sum": 11584875894828.018,
        "mean": 88395704.88282211,
        "median": 122190.58999797818,
        "min": 448,
        "max": 213057115459,
        "variance_ns2": 4.853733142076527e+18,
        "iqr_ns": 1385974.4107018549,
        "q1_ns": 46989.20159133311,
        "q3_ns": 1432963.612293188
      },
      "futex_op_counts": {
        "128": 131057
      },
      "first_seen_ts_ns": 347088516846,
      "last_seen_ts_ns": 694848040408
    },
    {
      "tgid": 8355,
      "comm": "csi-node-driver",
      "cgroup_id": 8848,
      "wait_duration_stats_ns": {
        "count": 99.0,
        "sum": 3306026470455.0,
        "mean": 33394206772.272728,
        "median": 517797538.0149878,
        "min": 1224,
        "max": 120301610679,
        "variance_ns2": 2.4447545684093247e+21,
        "iqr_ns": 76772630031.86642,
        "q1_ns": 18097844.197931025,
        "q3_ns": 76790727876.06436
      },
      "futex_op_counts": {
        "128": 99
      },
      "first_seen_ts_ns": 371275162097,
      "last_seen_ts_ns": 671589251337
    },
    {
      "tgid": 1736,
      "comm": "google_guest_ag",
      "cgroup_id": 4174,
      "wait_duration_stats_ns": {
        "count": 335.0,
        "sum": 3080280167504.0005,
        "mean": 9194866171.653732,
        "median": 852697449.3442771,
        "min": 576,
        "max": 120036211993,
        "variance_ns2": 7.869464382554836e+20,
        "iqr_ns": 4280411092.04497,
        "q1_ns": 215201801.60460407,
        "q3_ns": 4495612893.649574
      },
      "futex_op_counts": {
        "128": 335
      },
      "first_seen_ts_ns": 358612624224,
      "last_seen_ts_ns": 694365602213
    },
    {
      "tgid": 8078,
      "comm": "config-reloader",
      "cgroup_id": 8453,
      "wait_duration_stats_ns": {
        "count": 222.0,
        "sum": 3018354539490.0005,
        "mean": 13596191619.324327,
        "median": 2571490643.2095547,
        "min": 572,
        "max": 186862032937,
        "variance_ns2": 9.242176481418615e+20,
        "iqr_ns": 8962712424.56673,
        "q1_ns": 13530315.135480061,
        "q3_ns": 8976242739.702211
      },
      "futex_op_counts": {
        "128": 222
      },
      "first_seen_ts_ns": 363518241835,
      "last_seen_ts_ns": 693795359568
    },
    {
      "tgid": 7873,
      "comm": "prometheus",
      "cgroup_id": 8295,
      "wait_duration_stats_ns": {
        "count": 15868.0,
        "sum": 2561381013145.0024,
        "mean": 161418011.91990185,
        "median": 44288412.134912685,
        "min": 638,
        "max": 240083166052,
        "variance_ns2": 1.2192415948546316e+19,
        "iqr_ns": 10067564.809105627,
        "q1_ns": 40075300.67361015,
        "q3_ns": 50142865.48271578
      },
      "futex_op_counts": {
        "128": 15868
      },
      "first_seen_ts_ns": 346976096202,
      "last_seen_ts_ns": 694801317229
    },
    {
      "tgid": 8274,
      "comm": "containerd-shim",
      "cgroup_id": 6520,
      "wait_duration_stats_ns": {
        "count": 2679.0,
        "sum": 2440258473588.992,
        "mean": 910884088.6857007,
        "median": 1516593.4270744298,
        "min": 395,
        "max": 62127908101,
        "variance_ns2": 8.062122508590207e+18,
        "iqr_ns": 73972133.03218819,
        "q1_ns": 75760.31757315989,
        "q3_ns": 74047893.34976135
      },
      "futex_op_counts": {
        "128": 2679
      },
      "first_seen_ts_ns": 347627985065,
      "last_seen_ts_ns": 692906748130
    },
    {
      "tgid": 4027,
      "comm": "kube-proxy",
      "cgroup_id": 7366,
      "wait_duration_stats_ns": {
        "count": 357.0,
        "sum": 1875549171793.9998,
        "mean": 5253639136.677871,
        "median": 2262062285.9724326,
        "min": 2243,
        "max": 179996919916,
        "variance_ns2": 1.8511225465086755e+20,
        "iqr_ns": 4494214595.364256,
        "q1_ns": 66729210.12678576,
        "q3_ns": 4560943805.491042
      },
      "futex_op_counts": {
        "128": 357
      },
      "first_seen_ts_ns": 358185700387,
      "last_seen_ts_ns": 694840504487
    },
    {
      "tgid": 3851,
      "comm": "node-problem-de",
      "cgroup_id": 6700,
      "wait_duration_stats_ns": {
        "count": 1454.0,
        "sum": 1827168122862.9988,
        "mean": 1256649327.966299,
        "median": 692281362.314614,
        "min": 920,
        "max": 118995029402,
        "variance_ns2": 3.4342484712785756e+19,
        "iqr_ns": 963108459.0152284,
        "q1_ns": 37874981.16660917,
        "q3_ns": 1000983440.1818376
      },
      "futex_op_counts": {
        "128": 1454
      },
      "first_seen_ts_ns": 358526969206,
      "last_seen_ts_ns": 694653822205
    },
    {
      "tgid": 6945,
      "comm": "containerd-shim",
      "cgroup_id": 6520,
      "wait_duration_stats_ns": {
        "count": 762.0,
        "sum": 1802021293974.9993,
        "mean": 2364857341.1745396,
        "median": 21989677.75156702,
        "min": 626,
        "max": 136711375375,
        "variance_ns2": 4.83432852476983e+19,
        "iqr_ns": 3049472032.867614,
        "q1_ns": 1518650.6124966198,
        "q3_ns": 3050990683.4801106
      },
      "futex_op_counts": {
        "128": 762
      },
      "first_seen_ts_ns": 358384013003,
      "last_seen_ts_ns": 692914116747
    },
    {
      "tgid": 1737,
      "comm": "google_osconfig",
      "cgroup_id": 4234,
      "wait_duration_stats_ns": {
        "count": 364.0,
        "sum": 1698718813501.9985,
        "mean": 4666809927.203293,
        "median": 140258377.66596365,
        "min": 3306,
        "max": 240038370561,
        "variance_ns2": 4.086915733051946e+20,
        "iqr_ns": 4617067341.242099,
        "q1_ns": 25632784.66316588,
        "q3_ns": 4642700125.905265
      },
      "futex_op_counts": {
        "128": 364
      },
      "first_seen_ts_ns": 358642448639,
      "last_seen_ts_ns": 693835253363
    },
    {
      "tgid": 7064,
      "comm": "containerd-shim",
      "cgroup_id": 6520,
      "wait_duration_stats_ns": {
        "count": 746.0,
        "sum": 1665299788759.0024,
        "mean": 2232305346.8619337,
        "median": 9455901.96849014,
        "min": 1224,
        "max": 80023810628,
        "variance_ns2": 2.6039000408190788e+19,
        "iqr_ns": 3162946624.252205,
        "q1_ns": 508053.6295716994,
        "q3_ns": 3163454677.881777
      },
      "futex_op_counts": {
        "128": 746
      },
      "first_seen_ts_ns": 358389076913,
      "last_seen_ts_ns": 692910380316
    },
    {
      "tgid": 6989,
      "comm": "containerd-shim",
      "cgroup_id": 6520,
      "wait_duration_stats_ns": {
        "count": 1084.0,
        "sum": 1665040173229.0005,
        "mean": 1536014919.9529524,
        "median": 1232145.553294171,
        "min": 425,
        "max": 54804102596,
        "variance_ns2": 1.5796033876903731e+19,
        "iqr_ns": 1571222719.322338,
        "q1_ns": 136231.57454365108,
        "q3_ns": 1571358950.8968818
      },
      "futex_op_counts": {
        "128": 1084
      },
      "first_seen_ts_ns": 358387985954,
      "last_seen_ts_ns": 692909908203
    },
    {
      "tgid": 8800,
      "comm": "containerd-shim",
      "cgroup_id": 6520,
      "wait_duration_stats_ns": {
        "count": 180040.0,
        "sum": 1622473325078.0305,
        "mean": 9011738.0864143,
        "median": 105274.12460505911,
        "min": 453,
        "max": 35747537749,
        "variance_ns2": 3.665184074485741e+16,
        "iqr_ns": 7652891.544949493,
        "q1_ns": 33375.70831567187,
        "q3_ns": 7686267.253265165
      },
      "futex_op_counts": {
        "128": 180040
      },
      "first_seen_ts_ns": 347088447506,
      "last_seen_ts_ns": 694848010201
    },
    {
      "tgid": 3975,
      "comm": "containerd-shim",
      "cgroup_id": 6520,
      "wait_duration_stats_ns": {
        "count": 435.0,
        "sum": 1622045575050.9988,
        "mean": 3728840402.416089,
        "median": 1111528035.5744789,
        "min": 3349,
        "max": 59998913687,
        "variance_ns2": 4.796826389113696e+19,
        "iqr_ns": 5096207811.5904,
        "q1_ns": 8059309.704799365,
        "q3_ns": 5104267121.295199
      },
      "futex_op_counts": {
        "128": 435
      },
      "first_seen_ts_ns": 358385029560,
      "last_seen_ts_ns": 692913503609
    },
    {
      "tgid": 2776,
      "comm": "dockerd",
      "cgroup_id": 6400,
      "wait_duration_stats_ns": {
        "count": 133.0,
        "sum": 1559582885652.001,
        "mean": 11726187110.16542,
        "median": 9115762582.30625,
        "min": 1319,
        "max": 130009102586,
        "variance_ns2": 6.992280154413044e+20,
        "iqr_ns": 9787127735.41799,
        "q1_ns": 78677430.07367235,
        "q3_ns": 9865805165.491663
      },
      "futex_op_counts": {
        "128": 133
      },
      "first_seen_ts_ns": 361279718493,
      "last_seen_ts_ns": 691289121305
    },
    {
      "tgid": 8206,
      "comm": "main",
      "cgroup_id": 8611,
      "wait_duration_stats_ns": {
        "count": 297.0,
        "sum": 989401305914.9999,
        "mean": 3331317528.333333,
        "median": 2098686646.589094,
        "min": 1770,
        "max": 59986509711,
        "variance_ns2": 6.076784687374242e+19,
        "iqr_ns": 4974606341.620369,
        "q1_ns": 23270282.669599917,
        "q3_ns": 4997876624.2899685
      },
      "futex_op_counts": {
        "128": 297
      },
      "first_seen_ts_ns": 359321115425,
      "last_seen_ts_ns": 694337345185
    },
    {
      "tgid": 7683,
      "comm": "main",
      "cgroup_id": 8216,
      "wait_duration_stats_ns": {
        "count": 496.0,
        "sum": 968791284989.0001,
        "mean": 1953208235.8649197,
        "median": 605979351.7760158,
        "min": 784,
        "max": 59942455972,
        "variance_ns2": 3.915037887502399e+19,
        "iqr_ns": 4878263471.019895,
        "q1_ns": 1440424.384049391,
        "q3_ns": 4879703895.403944
      },
      "futex_op_counts": {
        "128": 496
      },
      "first_seen_ts_ns": 361064451459,
      "last_seen_ts_ns": 691069406289
    },
    {
      "tgid": 7485,
      "comm": "otelsvc",
      "cgroup_id": 8137,
      "wait_duration_stats_ns": {
        "count": 1151.0,
        "sum": 575831970668.9995,
        "mean": 500288419.3475235,
        "median": 399751180.6428628,
        "min": 1974,
        "max": 49999616201,
        "variance_ns2": 7.289314922983481e+18,
        "iqr_ns": 453547562.8868314,
        "q1_ns": 36651645.5547618,
        "q3_ns": 490199208.44159317
      },
      "futex_op_counts": {
        "128": 1151
      },
      "first_seen_ts_ns": 347907685689,
      "last_seen_ts_ns": 694407691120
    },
    {
      "tgid": 8571,
      "comm": "gce-pd-csi-driv",
      "cgroup_id": 8927,
      "wait_duration_stats_ns": {
        "count": 592.0,
        "sum": 573589197398.9999,
        "mean": 968900671.2820944,
        "median": 589225692.2474798,
        "min": 180406673,
        "max": 119999991293,
        "variance_ns2": 4.8117246191206244e+19,
        "iqr_ns": 7648362.608853936,
        "q1_ns": 589904638.5663584,
        "q3_ns": 597553001.1752124
      },
      "futex_op_counts": {
        "128": 592
      },
      "first_seen_ts_ns": 347938290540,
      "last_seen_ts_ns": 694738281178
    },
    {
      "tgid": 11593,
      "comm": "log-counter",
      "cgroup_id": 6700,
      "wait_duration_stats_ns": {
        "count": 921.0,
        "sum": 13784174012.0,
        "mean": 14966529.871878393,
        "median": 277790.66730589315,
        "min": 584,
        "max": 1229966107,
        "variance_ns2": 1.3978932967003798e+16,
        "iqr_ns": 1243889.0839485014,
        "q1_ns": 170681.2060282906,
        "q3_ns": 1414570.289976792
      },
      "futex_op_counts": {
        "128": 921
      },
      "first_seen_ts_ns": 640985012495,
      "last_seen_ts_ns": 642218253237
    },
    {
      "tgid": 11571,
      "comm": "log-counter",
      "cgroup_id": 6700,
      "wait_duration_stats_ns": {
        "count": 973.0,
        "sum": 12049234690.000002,
        "mean": 12383591.664953753,
        "median": 240327.457855132,
        "min": 536,
        "max": 1269076769,
        "variance_ns2": 1.125702570381323e+16,
        "iqr_ns": 1007089.5502028055,
        "q1_ns": 150950.31550115143,
        "q3_ns": 1158039.865703957
      },
      "futex_op_counts": {
        "128": 973
      },
      "first_seen_ts_ns": 639702203690,
      "last_seen_ts_ns": 640979165366
    },
    {
      "tgid": 11545,
      "comm": "log-counter",
      "cgroup_id": 6700,
      "wait_duration_stats_ns": {
        "count": 737.0,
        "sum": 11390820356.0,
        "mean": 15455658.556309361,
        "median": 297246.83217465825,
        "min": 856,
        "max": 1434920623,
        "variance_ns2": 1.3216715771632256e+16,
        "iqr_ns": 3188758.939825678,
        "q1_ns": 143008.12277167756,
        "q3_ns": 3331767.0625973553
      },
      "futex_op_counts": {
        "128": 737
      },
      "first_seen_ts_ns": 638684013067,
      "last_seen_ts_ns": 640119195130
    },
    {
      "tgid": 10683,
      "comm": "kubectl",
      "cgroup_id": 6580,
      "wait_duration_stats_ns": {
        "count": 762.0,
        "sum": 7258269392.999999,
        "mean": 9525287.917322833,
        "median": 1466528.7256715954,
        "min": 439,
        "max": 723770748,
        "variance_ns2": 1751544074404781.2,
        "iqr_ns": 10379231.739477297,
        "q1_ns": 224176.06032186642,
        "q3_ns": 10603407.799799163
      },
      "futex_op_counts": {
        "128": 762
      },
      "first_seen_ts_ns": 457032059346,
      "last_seen_ts_ns": 457758023123
    },
    {
      "tgid": 11562,
      "comm": "log-counter",
      "cgroup_id": 6700,
      "wait_duration_stats_ns": {
        "count": 17.0,
        "sum": 5991981142.000001,
        "mean": 352469478.94117653,
        "median": 144911597.21606466,
        "min": 101906,
        "max": 1004272924,
        "variance_ns2": 2.1458954824148128e+17,
        "iqr_ns": 660638364.5608473,
        "q1_ns": 16381063.996344537,
        "q3_ns": 677019428.5571918
      },
      "futex_op_counts": {
        "128": 17
      },
      "first_seen_ts_ns": 638990677448,
      "last_seen_ts_ns": 639996501351
    },
    {
      "tgid": 11538,
      "comm": "log-counter",
      "cgroup_id": 6700,
      "wait_duration_stats_ns": {
        "count": 21.0,
        "sum": 5115459808.0,
        "mean": 243593324.1904762,
        "median": 41367188.65114973,
        "min": 67143,
        "max": 1023103257,
        "variance_ns2": 1.6683484711703178e+17,
        "iqr_ns": 233045002.81322756,
        "q1_ns": 4974150.897073412,
        "q3_ns": 238019153.71030098
      },
      "futex_op_counts": {
        "128": 21
      },
      "first_seen_ts_ns": 638666747723,
      "last_seen_ts_ns": 639696503377
    },
    {
      "tgid": 11586,
      "comm": "log-counter",
      "cgroup_id": 6700,
      "wait_duration_stats_ns": {
        "count": 17.0,
        "sum": 4999507973.0,
        "mean": 294088704.2941176,
        "median": 28358299.52959183,
        "min": 9455,
        "max": 1003733268,
        "variance_ns2": 2.195277534374285e+17,
        "iqr_ns": 338627964.96050256,
        "q1_ns": 11737343.35430839,
        "q3_ns": 350365308.31481093
      },
      "futex_op_counts": {
        "128": 17
      },
      "first_seen_ts_ns": 640084256260,
      "last_seen_ts_ns": 641091022537
    },
    {
      "tgid": 10512,
      "comm": "runc",
      "cgroup_id": 6520,
      "wait_duration_stats_ns": {
        "count": 324.0,
        "sum": 1152145344.0000002,
        "mean": 3556004.148148149,
        "median": 101283.32037913174,
        "min": 9416,
        "max": 161604803,
        "variance_ns2": 401042040835650.06,
        "iqr_ns": 718547.7861940531,
        "q1_ns": 24961.11082157467,
        "q3_ns": 743508.8970156278
      },
      "futex_op_counts": {
        "128": 324
      },
      "first_seen_ts_ns": 396598017024,
      "last_seen_ts_ns": 396767010607
    },
    {
      "tgid": 10563,
      "comm": "runc",
      "cgroup_id": 6520,
      "wait_duration_stats_ns": {
        "count": 324.0,
        "sum": 986361363.0000001,
        "mean": 3044325.194444445,
        "median": 113312.17226298545,
        "min": 735,
        "max": 136544522,
        "variance_ns2": 278516376884992.9,
        "iqr_ns": 998788.924174561,
        "q1_ns": 26097.236399698613,
        "q3_ns": 1024886.1605742597
      },
      "futex_op_counts": {
        "128": 324
      },
      "first_seen_ts_ns": 416593195061,
      "last_seen_ts_ns": 416740030057
    },
    {
      "tgid": 11651,
      "comm": "runc",
      "cgroup_id": 6520,
      "wait_duration_stats_ns": {
        "count": 333.0,
        "sum": 866097028.9999999,
        "mean": 2600891.9789789785,
        "median": 118405.90798696861,
        "min": 6390,
        "max": 122831747,
        "variance_ns2": 204709139291973.5,
        "iqr_ns": 725464.3697862201,
        "q1_ns": 31420.550176737626,
        "q3_ns": 756884.9199629577
      },
      "futex_op_counts": {
        "128": 333
      },
      "first_seen_ts_ns": 666588192560,
      "last_seen_ts_ns": 666714432815
    },
    {
      "tgid": 11509,
      "comm": "runc",
      "cgroup_id": 6520,
      "wait_duration_stats_ns": {
        "count": 317.0,
        "sum": 863926692.9999998,
        "mean": 2725320.798107255,
        "median": 179480.39172334896,
        "min": 412,
        "max": 111737786,
        "variance_ns2": 209415590216905.5,
        "iqr_ns": 2367002.938227431,
        "q1_ns": 24594.046989545706,
        "q3_ns": 2391596.9852169766
      },
      "futex_op_counts": {
        "128": 317
      },
      "first_seen_ts_ns": 636586699050,
      "last_seen_ts_ns": 636704086730
    },
    {
      "tgid": 11673,
      "comm": "runc",
      "cgroup_id": 6520,
      "wait_duration_stats_ns": {
        "count": 307.0,
        "sum": 855413007.9999999,
        "mean": 2786361.589576547,
        "median": 136577.96311267978,
        "min": 2340,
        "max": 122211445,
        "variance_ns2": 202558274823092.25,
        "iqr_ns": 673099.3021363979,
        "q1_ns": 24401.54399483689,
        "q3_ns": 697500.8461312348
      },
      "futex_op_counts": {
        "128": 307
      },
      "first_seen_ts_ns": 676589243933,
      "last_seen_ts_ns": 676714731182
    },
    {
      "tgid": 10585,
      "comm": "runc",
      "cgroup_id": 6520,
      "wait_duration_stats_ns": {
        "count": 348.0,
        "sum": 849546023.0000002,
        "mean": 2441224.204022989,
        "median": 58374.068579875355,
        "min": 821,
        "max": 122145289,
        "variance_ns2": 219404332315681.47,
        "iqr_ns": 390034.92560049664,
        "q1_ns": 18091.043691658942,
        "q3_ns": 408125.9692921556
      },
      "futex_op_counts": {
        "128": 348
      },
      "first_seen_ts_ns": 426592151707,
      "last_seen_ts_ns": 426718288555
    },
    {
      "tgid": 11488,
      "comm": "runc",
      "cgroup_id": 6520,
      "wait_duration_stats_ns": {
        "count": 269.0,
        "sum": 843573484.0000001,
        "mean": 3135960.9070631973,
        "median": 133981.8867544455,
        "min": 750,
        "max": 115412315,
        "variance_ns2": 281355565955191.7,
        "iqr_ns": 1099669.0989001605,
        "q1_ns": 30251.829394239598,
        "q3_ns": 1129920.9282944002
      },
      "futex_op_counts": {
        "128": 269
      },
      "first_seen_ts_ns": 626590239020,
      "last_seen_ts_ns": 626717019770
    },
    {
      "tgid": 11134,
      "comm": "runc",
      "cgroup_id": 6520,
      "wait_duration_stats_ns": {
        "count": 274.0,
        "sum": 810722439.0,
        "mean": 2958841.0182481753,
        "median": 88695.48931101631,
        "min": 10800,
        "max": 114823829,
        "variance_ns2": 235525568843383.1,
        "iqr_ns": 554827.532857037,
        "q1_ns": 25100.711149816634,
        "q3_ns": 579928.2440068537
      },
      "futex_op_counts": {
        "128": 274
      },
      "first_seen_ts_ns": 556591118485,
      "last_seen_ts_ns": 556712936341
    },
    {
      "tgid": 10539,
      "comm": "runc",
      "cgroup_id": 6520,
      "wait_duration_stats_ns": {
        "count": 304.0,
        "sum": 787511675.0000001,
        "mean": 2590498.930921053,
        "median": 94993.70434129421,
        "min": 10082,
        "max": 114271938,
        "variance_ns2": 204544205594201.53,
        "iqr_ns": 2686526.898604591,
        "q1_ns": 18903.545815174184,
        "q3_ns": 2705430.444419765
      },
      "futex_op_counts": {
        "128": 304
      },
      "first_seen_ts_ns": 406588620500,
      "last_seen_ts_ns": 406705818366
    },
    {
      "tgid": 11112,
      "comm": "runc",
      "cgroup_id": 6520,
      "wait_duration_stats_ns": {
        "count": 366.0,
        "sum": 764830008.0000001,
        "mean": 2089699.4754098363,
        "median": 68125.58702818185,
        "min": 6515,
        "max": 109540204,
        "variance_ns2": 169279157403387.56,
        "iqr_ns": 279606.4430683599,
        "q1_ns": 17634.684843421455,
        "q3_ns": 297241.12791178137
      },
      "futex_op_counts": {
        "128": 366
      },
      "first_seen_ts_ns": 546587293209,
      "last_seen_ts_ns": 546699776308
    },
    {
      "tgid": 11607,
      "comm": "runc",
      "cgroup_id": 6520,
      "wait_duration_stats_ns": {
        "count": 338.0,
        "sum": 687074617.9999999,
        "mean": 2032765.142011834,
        "median": 76923.92186509266,
        "min": 11098,
        "max": 112603830,
        "variance_ns2": 135766565272188.75,
        "iqr_ns": 295706.2103922028,
        "q1_ns": 24501.948268859695,
        "q3_ns": 320208.1586610625
      },
      "futex_op_counts": {
        "128": 338
      },
      "first_seen_ts_ns": 646588185476,
      "last_seen_ts_ns": 646703743024
    },
    {
      "tgid": 11042,
      "comm": "runc",
      "cgroup_id": 6520,
      "wait_duration_stats_ns": {
        "count": 302.0,
        "sum": 679521090.0,
        "mean": 2250069.8344370862,
        "median": 76103.28521227324,
        "min": 9273,
        "max": 111384165,
        "variance_ns2": 188638884253806.03,
        "iqr_ns": 391149.5820747141,
        "q1_ns": 16695.585393295158,
        "q3_ns": 407845.1674680093
      },
      "futex_op_counts": {
        "128": 302
      },
      "first_seen_ts_ns": 516586881139,
      "last_seen_ts_ns": 516703514891
    },
    {
      "tgid": 10630,
      "comm": "runc",
      "cgroup_id": 6520,
      "wait_duration_stats_ns": {
        "count": 337.0,
        "sum": 672708936.0,
        "mean": 1996168.9495548962,
        "median": 155134.60461084574,
        "min": 855,
        "max": 95539588,
        "variance_ns2": 110357547590984.64,
        "iqr_ns": 581737.3112742468,
        "q1_ns": 30438.32053609283,
        "q3_ns": 612175.6318103396
      },
      "futex_op_counts": {
        "128": 337
      },
      "first_seen_ts_ns": 446585976214,
      "last_seen_ts_ns": 446689599538
    },
    {
      "tgid": 10607,
      "comm": "runc",
      "cgroup_id": 6520,
      "wait_duration_stats_ns": {
        "count": 296.0,
        "sum": 671479355.0,
        "mean": 2268511.3344594594,
        "median": 173216.45597773962,
        "min": 2250,
        "max": 89470123,
        "variance_ns2": 115825373000861.69,
        "iqr_ns": 1073890.309658199,
        "q1_ns": 30663.585286474852,
        "q3_ns": 1104553.8949446739
      },
      "futex_op_counts": {
        "128": 296
      },
      "first_seen_ts_ns": 436594010873,
      "last_seen_ts_ns": 436694016691
    },
    {
      "tgid": 11178,
      "comm": "runc",
      "cgroup_id": 6520,
      "wait_duration_stats_ns": {
        "count": 322.0,
        "sum": 622513639.0,
        "mean": 1933272.1708074536,
        "median": 73183.22520965758,
        "min": 9712,
        "max": 101001852,
        "variance_ns2": 130989475023205.53,
        "iqr_ns": 335018.0717370634,
        "q1_ns": 23866.04311562537,
        "q3_ns": 358884.1148526888
      },
      "futex_op_counts": {
        "128": 322
      },
      "first_seen_ts_ns": 576591162713,
      "last_seen_ts_ns": 576699787094
    },
    {
      "tgid": 11155,
      "comm": "runc",
      "cgroup_id": 6520,
      "wait_duration_stats_ns": {
        "count": 296.0,
        "sum": 619144558.0,
        "mean": 2091704.5878378379,
        "median": 91189.4609031362,
        "min": 541,
        "max": 83126560,
        "variance_ns2": 128784036782378.52,
        "iqr_ns": 688962.397219808,
        "q1_ns": 22786.889102097844,
        "q3_ns": 711749.2863219058
      },
      "futex_op_counts": {
        "128": 296
      },
      "first_seen_ts_ns": 566585515563,
      "last_seen_ts_ns": 566679221782
    },
    {
      "tgid": 11627,
      "comm": "runc",
      "cgroup_id": 6520,
      "wait_duration_stats_ns": {
        "count": 312.0,
        "sum": 603215390.0,
        "mean": 1933382.6602564103,
        "median": 91194.92747300352,
        "min": 9586,
        "max": 89036355,
        "variance_ns2": 113898979911036.33,
        "iqr_ns": 394864.1498698931,
        "q1_ns": 26571.147023172845,
        "q3_ns": 421435.2968930659
      },
      "futex_op_counts": {
        "128": 312
      },
      "first_seen_ts_ns": 656590222892,
      "last_seen_ts_ns": 656682215203
    },
    {
      "tgid": 11694,
      "comm": "runc",
      "cgroup_id": 6520,
      "wait_duration_stats_ns": {
        "count": 313.0,
        "sum": 591313037.0,
        "mean": 1889179.031948882,
        "median": 101105.20200609758,
        "min": 9612,
        "max": 84728071,
        "variance_ns2": 91087847961330.31,
        "iqr_ns": 521094.5282915072,
        "q1_ns": 34787.10291500335,
        "q3_ns": 555881.6312065106
      },
      "futex_op_counts": {
        "128": 313
      },
      "first_seen_ts_ns": 686585910994,
      "last_seen_ts_ns": 686673564861
    },
    {
      "tgid": 11067,
      "comm": "runc",
      "cgroup_id": 6520,
      "wait_duration_stats_ns": {
        "count": 263.0,
        "sum": 581303029.0000001,
        "mean": 2210277.676806084,
        "median": 166137.40110943464,
        "min": 723,
        "max": 82452058,
        "variance_ns2": 91960299977212.14,
        "iqr_ns": 875576.106396692,
        "q1_ns": 26919.787452324857,
        "q3_ns": 902495.8938490169
      },
      "futex_op_counts": {
        "128": 263
      },
      "first_seen_ts_ns": 526589200564,
      "last_seen_ts_ns": 526675061742
    },
    {
      "tgid": 11090,
      "comm": "runc",
      "cgroup_id": 6520,
      "wait_duration_stats_ns": {
        "count": 338.0,
        "sum": 511505523.99999994,
        "mean": 1513329.9526627217,
        "median": 65347.58836159537,
        "min": 981,
        "max": 65447873,
        "variance_ns2": 60076360172887.0,
        "iqr_ns": 400096.58660262154,
        "q1_ns": 22014.59576784527,
        "q3_ns": 422111.1823704668
      },
      "futex_op_counts": {
        "128": 338
      },
      "first_seen_ts_ns": 536585291518,
      "last_seen_ts_ns": 536654880075
    },
    {
      "tgid": 10652,
      "comm": "runc",
      "cgroup_id": 6520,
      "wait_duration_stats_ns": {
        "count": 237.0,
        "sum": 503973087.9999998,
        "mean": 2126468.725738396,
        "median": 145029.8138544832,
        "min": 11761,
        "max": 83462449,
        "variance_ns2": 95016583782678.06,
        "iqr_ns": 734605.0938694796,
        "q1_ns": 26021.25648127705,
        "q3_ns": 760626.3503507567
      },
      "futex_op_counts": {
        "128": 237
      },
      "first_seen_ts_ns": 456592170990,
      "last_seen_ts_ns": 456682010709
    },
    {
      "tgid": 10575,
      "comm": "runc:[2:INIT]",
      "cgroup_id": 8848,
      "wait_duration_stats_ns": {
        "count": 28.0,
        "sum": 485483174.00000006,
        "mean": 17338684.785714287,
        "median": 1254439.9819160537,
        "min": 24311,
        "max": 86058483,
        "variance_ns2": 975947960498962.6,
        "iqr_ns": 17564187.1019541,
        "q1_ns": 131733.69049205803,
        "q3_ns": 17695920.792446155
      },
      "futex_op_counts": {
        "128": 28
      },
      "first_seen_ts_ns": 416634298290,
      "last_seen_ts_ns": 416736099507
    },
    {
      "tgid": 10523,
      "comm": "runc:[2:INIT]",
      "cgroup_id": 8848,
      "wait_duration_stats_ns": {
        "count": 27.0,
        "sum": 480608084.0,
        "mean": 17800299.407407407,
        "median": 2067642.938917302,
        "min": 11947,
        "max": 105703876,
        "variance_ns2": 1134103394404965.5,
        "iqr_ns": 10836752.284347424,
        "q1_ns": 532328.4195431565,
        "q3_ns": 11369080.70389058
      },
      "futex_op_counts": {
        "128": 27
      },
      "first_seen_ts_ns": 396638009394,
      "last_seen_ts_ns": 396763758096
    },
    {
      "tgid": 10596,
      "comm": "runc:[2:INIT]",
      "cgroup_id": 8848,
      "wait_duration_stats_ns": {
        "count": 29.0,
        "sum": 446804559.00000006,
        "mean": 15407053.758620692,
        "median": 2465998.8895502435,
        "min": 561,
        "max": 78015815,
        "variance_ns2": 683584696267633.4,
        "iqr_ns": 12298550.65021408,
        "q1_ns": 288017.53826782655,
        "q3_ns": 12586568.188481906
      },
      "futex_op_counts": {
        "128": 29
      },
      "first_seen_ts_ns": 426628011214,
      "last_seen_ts_ns": 426718363947
    },
    {
      "tgid": 11522,
      "comm": "runc:[2:INIT]",
      "cgroup_id": 8848,
      "wait_duration_stats_ns": {
        "count": 32.0,
        "sum": 445865154.0000002,
        "mean": 13933286.062500006,
        "median": 3831048.092932564,
        "min": 19861,
        "max": 75072298,
        "variance_ns2": 440850139314579.9,
        "iqr_ns": 19727005.422663055,
        "q1_ns": 776794.005062159,
        "q3_ns": 20503799.427725215
      },
      "futex_op_counts": {
        "128": 32
      },
      "first_seen_ts_ns": 636615013853,
      "last_seen_ts_ns": 636707097146
    },
    {
      "tgid": 11052,
      "comm": "runc:[2:INIT]",
      "cgroup_id": 8848,
      "wait_duration_stats_ns": {
        "count": 36.0,
        "sum": 443875653.9999999,
        "mean": 12329879.277777774,
        "median": 2915174.6854843074,
        "min": 609,
        "max": 74215211,
        "variance_ns2": 490308118864120.94,
        "iqr_ns": 10734369.546070952,
        "q1_ns": 1069531.4330634144,
        "q3_ns": 11803900.979134366
      },
      "futex_op_counts": {
        "128": 36
      },
      "first_seen_ts_ns": 516612012791,
      "last_seen_ts_ns": 516703560764
    },
    {
      "tgid": 10551,
      "comm": "runc:[2:INIT]",
      "cgroup_id": 8848,
      "wait_duration_stats_ns": {
        "count": 34.0,
        "sum": 425853523.99999994,
        "mean": 12525103.647058822,
        "median": 3664639.8977446216,
        "min": 22246,
        "max": 65449336,
        "variance_ns2": 491100223655600.5,
        "iqr_ns": 13763233.909033898,
        "q1_ns": 613978.8320344936,
        "q3_ns": 14377212.741068391
      },
      "futex_op_counts": {
        "128": 34
      },
      "first_seen_ts_ns": 406619208686,
      "last_seen_ts_ns": 406709092228
    },
    {
      "tgid": 11685,
      "comm": "runc:[2:INIT]",
      "cgroup_id": 8848,
      "wait_duration_stats_ns": {
        "count": 34.0,
        "sum": 422164520.0000001,
        "mean": 12416603.529411769,
        "median": 1803871.367153474,
        "min": 4365,
        "max": 68054325,
        "variance_ns2": 513756315873551.4,
        "iqr_ns": 14931530.537556091,
        "q1_ns": 125779.11017996655,
        "q3_ns": 15057309.647736058
      },
      "futex_op_counts": {
        "128": 34
      },
      "first_seen_ts_ns": 676628278327,
      "last_seen_ts_ns": 676718078705
    },
    {
      "tgid": 11123,
      "comm": "runc:[2:INIT]",
      "cgroup_id": 8848,
      "wait_duration_stats_ns": {
        "count": 29.0,
        "sum": 390017064.0,
        "mean": 13448864.27586207,
        "median": 2924923.1458255006,
        "min": 8444,
        "max": 67687980,
        "variance_ns2": 595644018216534.9,
        "iqr_ns": 20411082.820720717,
        "q1_ns": 99122.48972797845,
        "q3_ns": 20510205.310448695
      },
      "futex_op_counts": {
        "128": 29
      },
      "first_seen_ts_ns": 546616220473,
      "last_seen_ts_ns": 546699828026
    },
    {
      "tgid": 11662,
      "comm": "runc:[2:INIT]",
      "cgroup_id": 8848,
      "wait_duration_stats_ns": {
        "count": 27.0,
        "sum": 377811607.9999999,
        "mean": 13993022.518518515,
        "median": 2803809.0802825177,
        "min": 20750,
        "max": 64011141,
        "variance_ns2": 564991375385432.2,
        "iqr_ns": 17305564.796179853,
        "q1_ns": 58997.99647266314,
        "q3_ns": 17364562.792652518
      },
      "futex_op_counts": {
        "128": 27
      },
      "first_seen_ts_ns": 666634133885,
      "last_seen_ts_ns": 666714042383
    },
    {
      "tgid": 10641,
      "comm": "runc:[2:INIT]",
      "cgroup_id": 8848,
      "wait_duration_stats_ns": {
        "count": 33.0,
        "sum": 361051538.0,
        "mean": 10940955.696969697,
        "median": 3468651.9740241347,
        "min": 953,
        "max": 58237888,
        "variance_ns2": 262871605457617.28,
        "iqr_ns": 16031392.834179696,
        "q1_ns": 94703.35149371959,
        "q3_ns": 16126096.185673416
      },
      "futex_op_counts": {
        "128": 33
      },
      "first_seen_ts_ns": 446621011051,
      "last_seen_ts_ns": 446689359695
    },
    {
      "tgid": 11617,
      "comm": "runc:[2:INIT]",
      "cgroup_id": 8848,
      "wait_duration_stats_ns": {
        "count": 31.0,
        "sum": 358404859.9999999,
        "mean": 11561447.096774189,
        "median": 3015238.210814159,
        "min": 14925,
        "max": 57887381,
        "variance_ns2": 412918694528600.6,
        "iqr_ns": 15751805.552491162,
        "q1_ns": 151719.18834567902,
        "q3_ns": 15903524.74083684
      },
      "futex_op_counts": {
        "128": 31
      },
      "first_seen_ts_ns": 646628106157,
      "last_seen_ts_ns": 646703789893
    },
    {
      "tgid": 11499,
      "comm": "runc:[2:INIT]",
      "cgroup_id": 8848,
      "wait_duration_stats_ns": {
        "count": 27.0,
        "sum": 355483097.9999999,
        "mean": 13166040.666666662,
        "median": 1716847.3901891802,
        "min": 622,
        "max": 75237970,
        "variance_ns2": 639530317497883.9,
        "iqr_ns": 14116080.673576657,
        "q1_ns": 284503.0017195602,
        "q3_ns": 14400583.675296217
      },
      "futex_op_counts": {
        "128": 27
      },
      "first_seen_ts_ns": 626621106434,
      "last_seen_ts_ns": 626715486783
    },
    {
      "tgid": 11145,
      "comm": "runc:[2:INIT]",
      "cgroup_id": 8848,
      "wait_duration_stats_ns": {
        "count": 29.0,
        "sum": 323829595.0,
        "mean": 11166537.758620689,
        "median": 1107827.0946956845,
        "min": 7799,
        "max": 68646118,
        "variance_ns2": 521680053808821.56,
        "iqr_ns": 13996642.288143156,
        "q1_ns": 95413.9974283854,
        "q3_ns": 14092056.285571542
      },
      "futex_op_counts": {
        "128": 29
      },
      "first_seen_ts_ns": 556625252914,
      "last_seen_ts_ns": 556712934253
    },
    {
      "tgid": 11167,
      "comm": "runc:[2:INIT]",
      "cgroup_id": 8848,
      "wait_duration_stats_ns": {
        "count": 26.0,
        "sum": 317571768.99999994,
        "mean": 12214298.807692306,
        "median": 3592220.2068015365,
        "min": 25435,
        "max": 53515651,
        "variance_ns2": 297189743286514.5,
        "iqr_ns": 19641143.996170416,
        "q1_ns": 309964.395245126,
        "q3_ns": 19951108.391415544
      },
      "futex_op_counts": {
        "128": 26
      },
      "first_seen_ts_ns": 566616014599,
      "last_seen_ts_ns": 566679453548
    },
    {
      "tgid": 10618,
      "comm": "runc:[2:INIT]",
      "cgroup_id": 8848,
      "wait_duration_stats_ns": {
        "count": 30.0,
        "sum": 303120181.99999994,
        "mean": 10104006.066666665,
        "median": 2087571.1695054183,
        "min": 3502,
        "max": 46489536,
        "variance_ns2": 258524764984942.1,
        "iqr_ns": 13268844.123241577,
        "q1_ns": 54385.25694444445,
        "q3_ns": 13323229.380186021
      },
      "futex_op_counts": {
        "128": 30
      },
      "first_seen_ts_ns": 436625169449,
      "last_seen_ts_ns": 436690665510
    },
    {
      "tgid": 11078,
      "comm": "runc:[2:INIT]",
      "cgroup_id": 8848,
      "wait_duration_stats_ns": {
        "count": 30.0,
        "sum": 284643741.00000006,
        "mean": 9488124.700000001,
        "median": 1638180.8299774877,
        "min": 590,
        "max": 45306176,
        "variance_ns2": 220040060836937.47,
        "iqr_ns": 14898857.980700992,
        "q1_ns": 163205.31220523684,
        "q3_ns": 15062063.292906228
      },
      "futex_op_counts": {
        "128": 30
      },
      "first_seen_ts_ns": 526612041858,
      "last_seen_ts_ns": 526674768062
    },
    {
      "tgid": 11188,
      "comm": "runc:[2:INIT]",
      "cgroup_id": 8848,
      "wait_duration_stats_ns": {
        "count": 24.0,
        "sum": 275240943.00000006,
        "mean": 11468372.625000002,
        "median": 588704.5875619291,
        "min": 16017,
        "max": 58824505,
        "variance_ns2": 422229383939390.44,
        "iqr_ns": 11702263.713810937,
        "q1_ns": 43842.333333333336,
        "q3_ns": 11746106.047144271
      },
      "futex_op_counts": {
        "128": 24
      },
      "first_seen_ts_ns": 576624186947,
      "last_seen_ts_ns": 576699103087
    },
    {
      "tgid": 10662,
      "comm": "runc:[2:INIT]",
      "cgroup_id": 8848,
      "wait_duration_stats_ns": {
        "count": 30.0,
        "sum": 267250766.00000006,
        "mean": 8908358.866666669,
        "median": 2045087.2013381142,
        "min": 744,
        "max": 43297601,
        "variance_ns2": 174094442606821.3,
        "iqr_ns": 10371281.9420046,
        "q1_ns": 87066.96181948164,
        "q3_ns": 10458348.903824082
      },
      "futex_op_counts": {
        "128": 30
      },
      "first_seen_ts_ns": 456623013547,
      "last_seen_ts_ns": 456678607312
    },
    {
      "tgid": 11638,
      "comm": "runc:[2:INIT]",
      "cgroup_id": 8848,
      "wait_duration_stats_ns": {
        "count": 38.0,
        "sum": 258357981.0,
        "mean": 6798894.236842105,
        "median": 655201.6976390675,
        "min": 541,
        "max": 40595732,
        "variance_ns2": 142434747383138.9,
        "iqr_ns": 5656500.698674335,
        "q1_ns": 66197.03630877164,
        "q3_ns": 5722697.734983107
      },
      "futex_op_counts": {
        "128": 38
      },
      "first_seen_ts_ns": 656625504011,
      "last_seen_ts_ns": 656682265839
    },
    {
      "tgid": 10696,
      "comm": "gke-exec-auth-p",
      "cgroup_id": 6580,
      "wait_duration_stats_ns": {
        "count": 282.0,
        "sum": 250773466.0,
        "mean": 889267.609929078,
        "median": 86347.09736310676,
        "min": 554,
        "max": 27734867,
        "variance_ns2": 13005031346866.67,
        "iqr_ns": 624075.4935211822,
        "q1_ns": 21938.20309826299,
        "q3_ns": 646013.6966194452
      },
      "futex_op_counts": {
        "128": 282
      },
      "first_seen_ts_ns": 457417010442,
      "last_seen_ts_ns": 457478663877
    },
    {
      "tgid": 10741,
      "comm": "runc",
      "cgroup_id": 6520,
      "wait_duration_stats_ns": {
        "count": 357.0,
        "sum": 232574105.99999997,
        "mean": 651468.0840336133,
        "median": 38758.296353983395,
        "min": 699,
        "max": 34504779,
        "variance_ns2": 17571598584524.854,
        "iqr_ns": 133842.95553779075,
        "q1_ns": 17900.72994033648,
        "q3_ns": 151743.68547812724
      },
      "futex_op_counts": {
        "128": 357
      },
      "first_seen_ts_ns": 466585385742,
      "last_seen_ts_ns": 466622781522
    },
    {
      "tgid": 11387,
      "comm": "runc",
      "cgroup_id": 6520,
      "wait_duration_stats_ns": {
        "count": 367.0,
        "sum": 232426966.00000003,
        "mean": 633315.9836512263,
        "median": 38366.82671100737,
        "min": 637,
        "max": 34495170,
        "variance_ns2": 16719271085484.932,
        "iqr_ns": 124475.49469453754,
        "q1_ns": 18774.94200076923,
        "q3_ns": 143250.43669530677
      },
      "futex_op_counts": {
        "128": 367
      },
      "first_seen_ts_ns": 586585062087,
      "last_seen_ts_ns": 586622626086
    },
    {
      "tgid": 10954,
      "comm": "runc",
      "cgroup_id": 6520,
      "wait_duration_stats_ns": {
        "count": 358.0,
        "sum": 230078104.00000006,
        "mean": 642676.2681564247,
        "median": 36185.26417790176,
        "min": 706,
        "max": 34050472,
        "variance_ns2": 16593977929167.74,
        "iqr_ns": 106278.9720085054,
        "q1_ns": 20400.185642521945,
        "q3_ns": 126679.15765102734
      },
      "futex_op_counts": {
        "128": 358
      },
      "first_seen_ts_ns": 476585043200,
      "last_seen_ts_ns": 476621956567
    },
    {
      "tgid": 10997,
      "comm": "runc",
      "cgroup_id": 6520,
      "wait_duration_stats_ns": {
        "count": 352.0,
        "sum": 228250031.00000003,
        "mean": 648437.5880681819,
        "median": 34699.21591166713,
        "min": 4922,
        "max": 33855940,
        "variance_ns2": 17251293072896.453,
        "iqr_ns": 126961.78559034974,
        "q1_ns": 15274.675638446884,
        "q3_ns": 142236.46122879663
      },
      "futex_op_counts": {
        "128": 352
      },
      "first_seen_ts_ns": 496585879581,
      "last_seen_ts_ns": 496622695629
    },
    {
      "tgid": 11020,
      "comm": "runc",
      "cgroup_id": 6520,
      "wait_duration_stats_ns": {
        "count": 369.0,
        "sum": 209619323.00000003,
        "mean": 568074.0460704608,
        "median": 34555.96573099066,
        "min": 1756,
        "max": 31114326,
        "variance_ns2": 13967311616207.082,
        "iqr_ns": 120225.45355223703,
        "q1_ns": 15572.88416474133,
        "q3_ns": 135798.33771697836
      },
      "futex_op_counts": {
        "128": 369
      },
      "first_seen_ts_ns": 506585606349,
      "last_seen_ts_ns": 506619647246
    },
    {
      "tgid": 11409,
      "comm": "runc",
      "cgroup_id": 6520,
      "wait_duration_stats_ns": {
        "count": 358.0,
        "sum": 207250730.99999997,
        "mean": 578912.656424581,
        "median": 30732.919871796345,
        "min": 1171,
        "max": 35844844,
        "variance_ns2": 15975959743686.334,
        "iqr_ns": 95206.046931184,
        "q1_ns": 14574.353444818133,
        "q3_ns": 109780.40037600213
      },
      "futex_op_counts": {
        "128": 358
      },
      "first_seen_ts_ns": 596585816052,
      "last_seen_ts_ns": 596624636227
    },
    {
      "tgid": 10468,
      "comm": "runc",
      "cgroup_id": 6520,
      "wait_duration_stats_ns": {
        "count": 339.0,
        "sum": 204774538.0,
        "mean": 604054.6843657817,
        "median": 36979.54902708319,
        "min": 653,
        "max": 30461468,
        "variance_ns2": 14243146972568.705,
        "iqr_ns": 124232.53265273145,
        "q1_ns": 16906.7950779315,
        "q3_ns": 141139.32773066295
      },
      "futex_op_counts": {
        "128": 339
      },
      "first_seen_ts_ns": 376585206257,
      "last_seen_ts_ns": 376618721930
    },
    {
      "tgid": 11453,
      "comm": "runc",
      "cgroup_id": 6520,
      "wait_duration_stats_ns": {
        "count": 370.0,
        "sum": 204707121.0,
        "mean": 553262.4891891892,
        "median": 43001.327012094276,
        "min": 599,
        "max": 30502368,
        "variance_ns2": 12371774770312.148,
        "iqr_ns": 100948.57262838079,
        "q1_ns": 20898.980368161505,
        "q3_ns": 121847.55299654229
      },
      "futex_op_counts": {
        "128": 370
      },
      "first_seen_ts_ns": 616585065299,
      "last_seen_ts_ns": 616618635140
    },
    {
      "tgid": 11431,
      "comm": "runc",
      "cgroup_id": 6520,
      "wait_duration_stats_ns": {
        "count": 355.0,
        "sum": 204037784.99999997,
        "mean": 574754.3239436619,
        "median": 32065.93211226884,
        "min": 493,
        "max": 30414431,
        "variance_ns2": 13469825115455.777,
        "iqr_ns": 120272.02455702313,
        "q1_ns": 14848.046583179499,
        "q3_ns": 135120.07114020264
      },
      "futex_op_counts": {
        "128": 355
      },
      "first_seen_ts_ns": 606585441393,
      "last_seen_ts_ns": 606618718462
    },
    {
      "tgid": 11102,
      "comm": "runc:[2:INIT]",
      "cgroup_id": 8848,
      "wait_duration_stats_ns": {
        "count": 26.0,
        "sum": 199730936.99999997,
        "mean": 7681959.115384614,
        "median": 1283913.7272310767,
        "min": 18837,
        "max": 27400866,
        "variance_ns2": 95348394269216.92,
        "iqr_ns": 14732385.486831576,
        "q1_ns": 349714.40106621775,
        "q3_ns": 15082099.887897793
      },
      "futex_op_counts": {
        "128": 26
      },
      "first_seen_ts_ns": 536610066216,
      "last_seen_ts_ns": 536653992544
    },
    {
      "tgid": 11705,
      "comm": "runc:[2:INIT]",
      "cgroup_id": 8848,
      "wait_duration_stats_ns": {
        "count": 34.0,
        "sum": 198569040.0,
        "mean": 5840265.882352941,
        "median": 1117258.398458614,
        "min": 821,
        "max": 28273946,
        "variance_ns2": 75984485758465.69,
        "iqr_ns": 6495520.561090062,
        "q1_ns": 144339.13403904013,
        "q3_ns": 6639859.695129102
      },
      "futex_op_counts": {
        "128": 34
      },
      "first_seen_ts_ns": 686629134281,
      "last_seen_ts_ns": 686673600026
    },
    {
      "tgid": 10492,
      "comm": "runc",
      "cgroup_id": 6520,
      "wait_duration_stats_ns": {
        "count": 382.0,
        "sum": 194669516.00000003,
        "mean": 509606.0628272252,
        "median": 32115.056807807952,
        "min": 7357,
        "max": 33726564,
        "variance_ns2": 12789321722835.582,
        "iqr_ns": 87475.60531689874,
        "q1_ns": 18388.65174603373,
        "q3_ns": 105864.25706293248
      },
      "futex_op_counts": {
        "128": 382
      },
      "first_seen_ts_ns": 386586063947,
      "last_seen_ts_ns": 386622698114
    },
    {
      "tgid": 10977,
      "comm": "runc",
      "cgroup_id": 6520,
      "wait_duration_stats_ns": {
        "count": 380.0,
        "sum": 179619798.99999997,
        "mean": 472683.6815789473,
        "median": 29231.36070692486,
        "min": 7236,
        "max": 31280415,
        "variance_ns2": 11026847513264.879,
        "iqr_ns": 100732.74044348425,
        "q1_ns": 16263.222103850794,
        "q3_ns": 116995.96254733505
      },
      "futex_op_counts": {
        "128": 380
      },
      "first_seen_ts_ns": 486585832626,
      "last_seen_ts_ns": 486619967219
    },
    {
      "tgid": 10429,
      "comm": "runc",
      "cgroup_id": 6520,
      "wait_duration_stats_ns": {
        "count": 383.0,
        "sum": 168252265.0,
        "mean": 439300.95300261094,
        "median": 32181.231369861613,
        "min": 7023,
        "max": 29381391,
        "variance_ns2": 9550578876324.363,
        "iqr_ns": 81195.22100036767,
        "q1_ns": 16620.138587511796,
        "q3_ns": 97815.35958787947
      },
      "futex_op_counts": {
        "128": 383
      },
      "first_seen_ts_ns": 366585376148,
      "last_seen_ts_ns": 366617609079
    },
    {
      "tgid": 11420,
      "comm": "runc:[2:INIT]",
      "cgroup_id": 8848,
      "wait_duration_stats_ns": {
        "count": 32.0,
        "sum": 134418136.00000003,
        "mean": 4200566.750000001,
        "median": 440303.01573071815,
        "min": 3649,
        "max": 15503689,
        "variance_ns2": 39956397813458.07,
        "iqr_ns": 6231817.214436253,
        "q1_ns": 36884.09027777778,
        "q3_ns": 6268701.304714031
      },
      "futex_op_counts": {
        "128": 32
      },
      "first_seen_ts_ns": 596593945872,
      "last_seen_ts_ns": 596624581304
    },
    {
      "tgid": 10753,
      "comm": "runc:[2:INIT]",
      "cgroup_id": 8848,
      "wait_duration_stats_ns": {
        "count": 26.0,
        "sum": 125842835.00000001,
        "mean": 4840109.038461539,
        "median": 1011441.844569535,
        "min": 22840,
        "max": 15498858,
        "variance_ns2": 38017254439642.04,
        "iqr_ns": 7047784.349346782,
        "q1_ns": 56417.10003703701,
        "q3_ns": 7104201.4493838195
      },
      "futex_op_counts": {
        "128": 26
      },
      "first_seen_ts_ns": 466593742632,
      "last_seen_ts_ns": 466622742392
    },
    {
      "tgid": 11008,
      "comm": "runc:[2:INIT]",
      "cgroup_id": 8848,
      "wait_duration_stats_ns": {
        "count": 31.0,
        "sum": 123980609.0,
        "mean": 3999374.4838709678,
        "median": 696931.8913508864,
        "min": 621,
        "max": 15562183,
        "variance_ns2": 34882932641123.25,
        "iqr_ns": 6195642.381554543,
        "q1_ns": 31516.69810520466,
        "q3_ns": 6227159.079659748
      },
      "futex_op_counts": {
        "128": 31
      },
      "first_seen_ts_ns": 496594089230,
      "last_seen_ts_ns": 496622638639
    },
    {
      "tgid": 10966,
      "comm": "runc:[2:INIT]",
      "cgroup_id": 8848,
      "wait_duration_stats_ns": {
        "count": 27.0,
        "sum": 121325321.0,
        "mean": 4493530.407407408,
        "median": 1425101.5910846356,
        "min": 24061,
        "max": 15617481,
        "variance_ns2": 35136039937831.79,
        "iqr_ns": 8178981.8469942985,
        "q1_ns": 55579.700127376054,
        "q3_ns": 8234561.547121675
      },
      "futex_op_counts": {
        "128": 27
      },
      "first_seen_ts_ns": 476593867746,
      "last_seen_ts_ns": 476621948953
    },
    {
      "tgid": 11032,
      "comm": "runc:[2:INIT]",
      "cgroup_id": 8848,
      "wait_duration_stats_ns": {
        "count": 28.0,
        "sum": 112454480.99999999,
        "mean": 4016231.4642857136,
        "median": 1044949.4961798089,
        "min": 610,
        "max": 15541009,
        "variance_ns2": 31977070959796.773,
        "iqr_ns": 6861638.991337464,
        "q1_ns": 42747.30852380952,
        "q3_ns": 6904386.299861274
      },
      "futex_op_counts": {
        "128": 28
      },
      "first_seen_ts_ns": 506593396260,
      "last_seen_ts_ns": 506619630509
    },
    {
      "tgid": 10987,
      "comm": "runc:[2:INIT]",
      "cgroup_id": 8848,
      "wait_duration_stats_ns": {
        "count": 28.0,
        "sum": 109983248.99999997,
        "mean": 3927973.1785714277,
        "median": 888645.1446852417,
        "min": 27268,
        "max": 15674997,
        "variance_ns2": 31134617454059.78,
        "iqr_ns": 6915889.804751763,
        "q1_ns": 73061.69047619047,
        "q3_ns": 6988951.495227953
      },
      "futex_op_counts": {
        "128": 28
      },
      "first_seen_ts_ns": 486594121921,
      "last_seen_ts_ns": 486619963138
    },
    {
      "tgid": 10480,
      "comm": "runc:[2:INIT]",
      "cgroup_id": 8848,
      "wait_duration_stats_ns": {
        "count": 28.0,
        "sum": 108199888.99999999,
        "mean": 3864281.7499999995,
        "median": 696540.7872576932,
        "min": 541,
        "max": 15610021,
        "variance_ns2": 30658163528037.6,
        "iqr_ns": 6652745.941980758,
        "q1_ns": 25595.417722239177,
        "q3_ns": 6678341.359702997
      },
      "futex_op_counts": {
        "128": 28
      },
      "first_seen_ts_ns": 376593353837,
      "last_seen_ts_ns": 376618743393
    },
    {
      "tgid": 11443,
      "comm": "runc:[2:INIT]",
      "cgroup_id": 8848,
      "wait_duration_stats_ns": {
        "count": 28.0,
        "sum": 108165495.99999997,
        "mean": 3863053.4285714277,
        "median": 666122.6322106327,
        "min": 598,
        "max": 15508878,
        "variance_ns2": 29659714934732.996,
        "iqr_ns": 6106865.96406667,
        "q1_ns": 32564.695118737607,
        "q3_ns": 6139430.659185408
      },
      "futex_op_counts": {
        "128": 28
      },
      "first_seen_ts_ns": 606593311306,
      "last_seen_ts_ns": 606618697202
    },
    {
      "tgid": 11465,
      "comm": "runc:[2:INIT]",
      "cgroup_id": 8848,
      "wait_duration_stats_ns": {
        "count": 28.0,
        "sum": 103075697.99999999,
        "mean": 3681274.928571428,
        "median": 716835.2767600175,
        "min": 595,
        "max": 15553409,
        "variance_ns2": 27684073741497.176,
        "iqr_ns": 5851576.355902673,
        "q1_ns": 39561.512220495606,
        "q3_ns": 5891137.868123168
      },
      "futex_op_counts": {
        "128": 28
      },
      "first_seen_ts_ns": 616594271914,
      "last_seen_ts_ns": 616618628985
    },
    {
      "tgid": 10439,
      "comm": "runc:[2:INIT]",
      "cgroup_id": 8848,
      "wait_duration_stats_ns": {
        "count": 27.0,
        "sum": 102524529.00000001,
        "mean": 3797204.7777777785,
        "median": 797629.5712185508,
        "min": 675,
        "max": 15523184,
        "variance_ns2": 28980250925564.566,
        "iqr_ns": 5465122.682459889,
        "q1_ns": 38526.46090534979,
        "q3_ns": 5503649.143365239
      },
      "futex_op_counts": {
        "128": 27
      },
      "first_seen_ts_ns": 366593382677,
      "last_seen_ts_ns": 366617608916
    },
    {
      "tgid": 11399,
      "comm": "runc:[2:INIT]",
      "cgroup_id": 8848,
      "wait_duration_stats_ns": {
        "count": 27.0,
        "sum": 96614411.0,
        "mean": 3578311.5185185187,
        "median": 740238.0552704642,
        "min": 646,
        "max": 15557204,
        "variance_ns2": 30684255438653.11,
        "iqr_ns": 4745948.724236411,
        "q1_ns": 41195.5,
        "q3_ns": 4787144.224236411
      },
      "futex_op_counts": {
        "128": 27
      },
      "first_seen_ts_ns": 586593820644,
      "last_seen_ts_ns": 586622632655
    },
    {
      "tgid": 10503,
      "comm": "runc:[2:INIT]",
      "cgroup_id": 8848,
      "wait_duration_stats_ns": {
        "count": 24.0,
        "sum": 94145312.0,
        "mean": 3922721.333333333,
        "median": 374885.36047458695,
        "min": 19708,
        "max": 15561109,
        "variance_ns2": 32052747008647.625,
        "iqr_ns": 5497319.857525248,
        "q1_ns": 38767.869608410525,
        "q3_ns": 5536087.727133659
      },
      "futex_op_counts": {
        "128": 24
      },
      "first_seen_ts_ns": 386594494275,
      "last_seen_ts_ns": 386622688539
    },
    {
      "tgid": 11476,
      "comm": "gce_workload_ce",
      "cgroup_id": 9724,
      "wait_duration_stats_ns": {
        "count": 324.0,
        "sum": 46517692.999999985,
        "mean": 143573.12654320983,
        "median": 31725.931419195196,
        "min": 577,
        "max": 9562457,
        "variance_ns2": 500017394192.5689,
        "iqr_ns": 84223.59813647672,
        "q1_ns": 16427.098563839758,
        "q3_ns": 100650.69670031648
      },
      "futex_op_counts": {
        "128": 324
      },
      "first_seen_ts_ns": 617387534705,
      "last_seen_ts_ns": 617397305941
    },
    {
      "tgid": 11102,
      "comm": "csi-node-driver",
      "cgroup_id": 8848,
      "wait_duration_stats_ns": {
        "count": 20.0,
        "sum": 23914629.999999996,
        "mean": 1195731.4999999998,
        "median": 308408.19060383446,
        "min": 16985,
        "max": 5574719,
        "variance_ns2": 2607704202008.6836,
        "iqr_ns": 1892819.67026749,
        "q1_ns": 32620.518518518515,
        "q3_ns": 1925440.1887860084
      },
      "futex_op_counts": {
        "128": 20
      },
      "first_seen_ts_ns": 536656607637,
      "last_seen_ts_ns": 536663500484
    },
    {
      "tgid": 10180,
      "comm": "runc",
      "cgroup_id": 6520,
      "wait_duration_stats_ns": {
        "count": 33.0,
        "sum": 22689254.0,
        "mean": 687553.1515151515,
        "median": 305120.46991072776,
        "min": 10694,
        "max": 5615620,
        "variance_ns2": 1430228727589.945,
        "iqr_ns": 540502.2698058421,
        "q1_ns": 159147.88535837567,
        "q3_ns": 699650.1551642177
      },
      "futex_op_counts": {
        "128": 33
      },
      "first_seen_ts_ns": 348175102211,
      "last_seen_ts_ns": 348180906855
    },
    {
      "tgid": 10523,
      "comm": "csi-node-driver",
      "cgroup_id": 8848,
      "wait_duration_stats_ns": {
        "count": 18.0,
        "sum": 20352378.0,
        "mean": 1130687.6666666667,
        "median": 623723.9130549481,
        "min": 19248,
        "max": 4421409,
        "variance_ns2": 2423185442074.706,
        "iqr_ns": 1315357.4215219908,
        "q1_ns": 93160.99736689814,
        "q3_ns": 1408518.418888889
      },
      "futex_op_counts": {
        "128": 18
      },
      "first_seen_ts_ns": 396773554223,
      "last_seen_ts_ns": 396781012009
    },
    {
      "tgid": 11052,
      "comm": "csi-node-driver",
      "cgroup_id": 8848,
      "wait_duration_stats_ns": {
        "count": 21.0,
        "sum": 19401041.0,
        "mean": 923859.0952380953,
        "median": 269421.16729645286,
        "min": 738,
        "max": 4480284,
        "variance_ns2": 1468186137863.2903,
        "iqr_ns": 1057550.9538361218,
        "q1_ns": 30623.37777777778,
        "q3_ns": 1088174.3316138997
      },
      "futex_op_counts": {
        "128": 21
      },
      "first_seen_ts_ns": 516705763392,
      "last_seen_ts_ns": 516711514134
    },
    {
      "tgid": 10192,
      "comm": "runc",
      "cgroup_id": 6520,
      "wait_duration_stats_ns": {
        "count": 30.0,
        "sum": 19396405.0,
        "mean": 646546.8333333334,
        "median": 302043.4253737198,
        "min": 6672,
        "max": 4867072,
        "variance_ns2": 1335729368650.9026,
        "iqr_ns": 967975.7344176141,
        "q1_ns": 38204.4640269799,
        "q3_ns": 1006180.1984445939
      },
      "futex_op_counts": {
        "128": 30
      },
      "first_seen_ts_ns": 348198131820,
      "last_seen_ts_ns": 348203158862
    },
    {
      "tgid": 10186,
      "comm": "runc",
      "cgroup_id": 6520,
      "wait_duration_stats_ns": {
        "count": 27.0,
        "sum": 19172767.0,
        "mean": 710102.4814814815,
        "median": 211991.32106650952,
        "min": 1947,
        "max": 5028741,
        "variance_ns2": 1904863460027.3364,
        "iqr_ns": 505477.1443421015,
        "q1_ns": 42958.57531002388,
        "q3_ns": 548435.7196521254
      },
      "futex_op_counts": {
        "128": 27
      },
      "first_seen_ts_ns": 348187075918,
      "last_seen_ts_ns": 348192156436
    },
    {
      "tgid": 9933,
      "comm": "flux-broker-26",
      "cgroup_id": 9645,
      "wait_duration_stats_ns": {
        "count": 454.0,
        "sum": 17235381.99999999,
        "mean": 37963.3964757709,
        "median": 4366.568271060535,
        "min": 376,
        "max": 2953790,
        "variance_ns2": 58321985490.03229,
        "iqr_ns": 7493.765676444321,
        "q1_ns": 699.0554308288438,
        "q3_ns": 8192.821107273165
      },
      "futex_op_counts": {
        "128": 454
      },
      "first_seen_ts_ns": 358527015544,
      "last_seen_ts_ns": 689364465556
    },
    {
      "tgid": 11662,
      "comm": "csi-node-driver",
      "cgroup_id": 8848,
      "wait_duration_stats_ns": {
        "count": 15.0,
        "sum": 11814235.0,
        "mean": 787615.6666666666,
        "median": 329040.9213963192,
        "min": 26596,
        "max": 5581440,
        "variance_ns2": 2108207376823.6665,
        "iqr_ns": 557474.4185763889,
        "q1_ns": 38597.34809027778,
        "q3_ns": 596071.7666666666
      },
      "futex_op_counts": {
        "128": 15
      },
      "first_seen_ts_ns": 666723438670,
      "last_seen_ts_ns": 666729011378
    },
    {
      "tgid": 10662,
      "comm": "csi-node-driver",
      "cgroup_id": 8848,
      "wait_duration_stats_ns": {
        "count": 19.0,
        "sum": 11419996.000000002,
        "mean": 601052.4210526317,
        "median": 242066.07083800517,
        "min": 12466,
        "max": 3875323,
        "variance_ns2": 969891457347.035,
        "iqr_ns": 673992.9452400549,
        "q1_ns": 34821.67013888889,
        "q3_ns": 708814.6153789437
      },
      "futex_op_counts": {
        "128": 19
      },
      "first_seen_ts_ns": 456687340473,
      "last_seen_ts_ns": 456693019015
    },
    {
      "tgid": 10551,
      "comm": "csi-node-driver",
      "cgroup_id": 8848,
      "wait_duration_stats_ns": {
        "count": 16.0,
        "sum": 10449721.0,
        "mean": 653107.5625,
        "median": 526346.9164274691,
        "min": 23069,
        "max": 1881985,
        "variance_ns2": 514063513368.39594,
        "iqr_ns": 1241014.1176339285,
        "q1_ns": 68713.77760416671,
        "q3_ns": 1309727.8952380952
      },
      "futex_op_counts": {
        "128": 16
      },
      "first_seen_ts_ns": 406711531290,
      "last_seen_ts_ns": 406715009583
    },
    {
      "tgid": 10641,
      "comm": "csi-node-driver",
      "cgroup_id": 8848,
      "wait_duration_stats_ns": {
        "count": 23.0,
        "sum": 9859006.999999998,
        "mean": 428652.4782608695,
        "median": 83845.92672987413,
        "min": 749,
        "max": 2103122,
        "variance_ns2": 417831544181.0791,
        "iqr_ns": 597287.69461836,
        "q1_ns": 24517.22919456846,
        "q3_ns": 621804.9238129285
      },
      "futex_op_counts": {
        "128": 23
      },
      "first_seen_ts_ns": 446693810326,
      "last_seen_ts_ns": 446697185388
    },
    {
      "tgid": 10753,
      "comm": "csi-node-driver",
      "cgroup_id": 8848,
      "wait_duration_stats_ns": {
        "count": 18.0,
        "sum": 9644897.0,
        "mean": 535827.6111111111,
        "median": 312911.9686217478,
        "min": 17140,
        "max": 1730918,
        "variance_ns2": 400026760685.8988,
        "iqr_ns": 556910.1312117705,
        "q1_ns": 73225.80661651236,
        "q3_ns": 630135.9378282828
      },
      "futex_op_counts": {
        "128": 18
      },
      "first_seen_ts_ns": 466624542944,
      "last_seen_ts_ns": 466627797324
    },
    {
      "tgid": 11638,
      "comm": "csi-node-driver",
      "cgroup_id": 8848,
      "wait_duration_stats_ns": {
        "count": 22.0,
        "sum": 9609460.0,
        "mean": 436793.63636363635,
        "median": 83119.75734953703,
        "min": 14644,
        "max": 1597249,
        "variance_ns2": 362307412822.8138,
        "iqr_ns": 702104.3570173251,
        "q1_ns": 28763.82783082562,
        "q3_ns": 730868.1848481507
      },
      "futex_op_counts": {
        "128": 22
      },
      "first_seen_ts_ns": 656687535332,
      "last_seen_ts_ns": 656690798791
    },
    {
      "tgid": 10596,
      "comm": "csi-node-driver",
      "cgroup_id": 8848,
      "wait_duration_stats_ns": {
        "count": 20.0,
        "sum": 9601115.999999998,
        "mean": 480055.79999999993,
        "median": 96856.77524320318,
        "min": 15917,
        "max": 1518299,
        "variance_ns2": 365040736907.01056,
        "iqr_ns": 906673.6545300022,
        "q1_ns": 19050.43378862545,
        "q3_ns": 925724.0883186276
      },
      "futex_op_counts": {
        "128": 20
      },
      "first_seen_ts_ns": 426723615586,
      "last_seen_ts_ns": 426726870777
    },
    {
      "tgid": 10987,
      "comm": "csi-node-driver",
      "cgroup_id": 8848,
      "wait_duration_stats_ns": {
        "count": 19.0,
        "sum": 9577662.0,
        "mean": 504087.4736842105,
        "median": 266780.51137288415,
        "min": 11621,
        "max": 1905429,
        "variance_ns2": 430793378336.70764,
        "iqr_ns": 480582.166872428,
        "q1_ns": 36058.01646090535,
        "q3_ns": 516640.18333333335
      },
      "futex_op_counts": {
        "128": 19
      },
      "first_seen_ts_ns": 486621879322,
      "last_seen_ts_ns": 486625114809
    },
    {
      "tgid": 11123,
      "comm": "csi-node-driver",
      "cgroup_id": 8848,
      "wait_duration_stats_ns": {
        "count": 19.0,
        "sum": 9415429.0,
        "mean": 495548.89473684214,
        "median": 120973.69730654763,
        "min": 17010,
        "max": 1624360,
        "variance_ns2": 400099054363.76605,
        "iqr_ns": 805491.5962384259,
        "q1_ns": 22130.164197530867,
        "q3_ns": 827621.7604359568
      },
      "futex_op_counts": {
        "128": 19
      },
      "first_seen_ts_ns": 546705482894,
      "last_seen_ts_ns": 546708685589
    },
    {
      "tgid": 10618,
      "comm": "csi-node-driver",
      "cgroup_id": 8848,
      "wait_duration_stats_ns": {
        "count": 20.0,
        "sum": 9413197.0,
        "mean": 470659.85000000003,
        "median": 60421.97249058315,
        "min": 628,
        "max": 1797379,
        "variance_ns2": 385517555837.6079,
        "iqr_ns": 632016.4834673633,
        "q1_ns": 27645.483716796876,
        "q3_ns": 659661.9671841601
      },
      "futex_op_counts": {
        "128": 20
      },
      "first_seen_ts_ns": 436696059614,
      "last_seen_ts_ns": 436699281691
    },
    {
      "tgid": 11705,
      "comm": "csi-node-driver",
      "cgroup_id": 8848,
      "wait_duration_stats_ns": {
        "count": 19.0,
        "sum": 9399546.0,
        "mean": 494712.94736842107,
        "median": 61771.70433832909,
        "min": 16195,
        "max": 3191862,
        "variance_ns2": 718067826992.7192,
        "iqr_ns": 576136.2035261119,
        "q1_ns": 24162.41277189889,
        "q3_ns": 600298.6162980108
      },
      "futex_op_counts": {
        "128": 19
      },
      "first_seen_ts_ns": 686677669670,
      "last_seen_ts_ns": 686680889393
    },
    {
      "tgid": 11443,
      "comm": "csi-node-driver",
      "cgroup_id": 8848,
      "wait_duration_stats_ns": {
        "count": 19.0,
        "sum": 9321974.000000002,
        "mean": 490630.21052631584,
        "median": 109816.14164806546,
        "min": 1706,
        "max": 1736955,
        "variance_ns2": 397091787861.0643,
        "iqr_ns": 717637.5395030343,
        "q1_ns": 28820.174479166668,
        "q3_ns": 746457.713982201
      },
      "futex_op_counts": {
        "128": 19
      },
      "first_seen_ts_ns": 606620339040,
      "last_seen_ts_ns": 606623553798
    },
    {
      "tgid": 10480,
      "comm": "csi-node-driver",
      "cgroup_id": 8848,
      "wait_duration_stats_ns": {
        "count": 20.0,
        "sum": 9268930.999999998,
        "mean": 463446.54999999993,
        "median": 225232.73109375,
        "min": 9210,
        "max": 1751700,
        "variance_ns2": 385924745190.9974,
        "iqr_ns": 516373.278762196,
        "q1_ns": 24880.549672067904,
        "q3_ns": 541253.8284342639
      },
      "futex_op_counts": {
        "128": 20
      },
      "first_seen_ts_ns": 376620933496,
      "last_seen_ts_ns": 376624128285
    },
    {
      "tgid": 11167,
      "comm": "csi-node-driver",
      "cgroup_id": 8848,
      "wait_duration_stats_ns": {
        "count": 20.0,
        "sum": 9254015.0,
        "mean": 462700.75,
        "median": 211343.4419748264,
        "min": 10695,
        "max": 1858403,
        "variance_ns2": 415310152544.6184,
        "iqr_ns": 582542.7824822061,
        "q1_ns": 24641.26131687243,
        "q3_ns": 607184.0437990786
      },
      "futex_op_counts": {
        "128": 20
      },
      "first_seen_ts_ns": 566688380402,
      "last_seen_ts_ns": 566691547530
    },
    {
      "tgid": 11188,
      "comm": "csi-node-driver",
      "cgroup_id": 8848,
      "wait_duration_stats_ns": {
        "count": 18.0,
        "sum": 9248209.0,
        "mean": 513789.38888888893,
        "median": 267317.968468657,
        "min": 15145,
        "max": 1735748,
        "variance_ns2": 423873914204.6046,
        "iqr_ns": 374945.45460048004,
        "q1_ns": 23888.287251371745,
        "q3_ns": 398833.7418518518
      },
      "futex_op_counts": {
        "128": 18
      },
      "first_seen_ts_ns": 576701413915,
      "last_seen_ts_ns": 576704533424
    },
    {
      "tgid": 10575,
      "comm": "csi-node-driver",
      "cgroup_id": 8848,
      "wait_duration_stats_ns": {
        "count": 18.0,
        "sum": 9233647.999999998,
        "mean": 512980.4444444444,
        "median": 256267.42508818343,
        "min": 18340,
        "max": 1881210,
        "variance_ns2": 425027166417.438,
        "iqr_ns": 558675.2179166666,
        "q1_ns": 36649.958333333336,
        "q3_ns": 595325.17625
      },
      "futex_op_counts": {
        "128": 18
      },
      "first_seen_ts_ns": 416737892925,
      "last_seen_ts_ns": 416741035893
    },
    {
      "tgid": 10966,
      "comm": "csi-node-driver",
      "cgroup_id": 8848,
      "wait_duration_stats_ns": {
        "count": 19.0,
        "sum": 9192734.0,
        "mean": 483828.1052631579,
        "median": 288669.04343387665,
        "min": 14765,
        "max": 1723290,
        "variance_ns2": 383129919319.877,
        "iqr_ns": 337122.57465162035,
        "q1_ns": 33276.938802083336,
        "q3_ns": 370399.51345370366
      },
      "futex_op_counts": {
        "128": 19
      },
      "first_seen_ts_ns": 476623823570,
      "last_seen_ts_ns": 476626975001
    },
    {
      "tgid": 10503,
      "comm": "csi-node-driver",
      "cgroup_id": 8848,
      "wait_duration_stats_ns": {
        "count": 19.0,
        "sum": 9176448.999999998,
        "mean": 482970.99999999994,
        "median": 210657.3310356653,
        "min": 563,
        "max": 1887025,
        "variance_ns2": 419410697452.7778,
        "iqr_ns": 715097.3068663196,
        "q1_ns": 19239.45555555556,
        "q3_ns": 734336.7624218751
      },
      "futex_op_counts": {
        "128": 19
      },
      "first_seen_ts_ns": 386624456221,
      "last_seen_ts_ns": 386627554539
    },
    {
      "tgid": 11078,
      "comm": "csi-node-driver",
      "cgroup_id": 8848,
      "wait_duration_stats_ns": {
        "count": 19.0,
        "sum": 9144480.000000002,
        "mean": 481288.42105263163,
        "median": 28525.201001364094,
        "min": 8896,
        "max": 3103652,
        "variance_ns2": 662854777978.0352,
        "iqr_ns": 403167.887877229,
        "q1_ns": 22328.8,
        "q3_ns": 425496.687877229
      },
      "futex_op_counts": {
        "128": 19
      },
      "first_seen_ts_ns": 526680548130,
      "last_seen_ts_ns": 526683675460
    },
    {
      "tgid": 11008,
      "comm": "csi-node-driver",
      "cgroup_id": 8848,
      "wait_duration_stats_ns": {
        "count": 18.0,
        "sum": 9095126.999999998,
        "mean": 505284.83333333326,
        "median": 265531.6434151785,
        "min": 21806,
        "max": 1782114,
        "variance_ns2": 404919050938.8529,
        "iqr_ns": 422321.7701338383,
        "q1_ns": 43300.33680555556,
        "q3_ns": 465622.10693939385
      },
      "futex_op_counts": {
        "128": 18
      },
      "first_seen_ts_ns": 496624470858,
      "last_seen_ts_ns": 496627562484
    },
    {
      "tgid": 10439,
      "comm": "csi-node-driver",
      "cgroup_id": 8848,
      "wait_duration_stats_ns": {
        "count": 19.0,
        "sum": 8719116.0,
        "mean": 458900.84210526315,
        "median": 101645.73094010416,
        "min": 552,
        "max": 1740005,
        "variance_ns2": 382963896912.02924,
        "iqr_ns": 635710.2275078538,
        "q1_ns": 29945.63712522047,
        "q3_ns": 665655.8646330743
      },
      "futex_op_counts": {
        "128": 19
      },
      "first_seen_ts_ns": 366619265074,
      "last_seen_ts_ns": 366622315060
    },
    {
      "tgid": 11032,
      "comm": "csi-node-driver",
      "cgroup_id": 8848,
      "wait_duration_stats_ns": {
        "count": 17.0,
        "sum": 8680605.0,
        "mean": 510623.82352941175,
        "median": 213770.39077380951,
        "min": 21456,
        "max": 1499122,
        "variance_ns2": 358646385507.7794,
        "iqr_ns": 772055.9804623616,
        "q1_ns": 43182.02083333334,
        "q3_ns": 815238.001295695
      },
      "futex_op_counts": {
        "128": 17
      },
      "first_seen_ts_ns": 506621334238,
      "last_seen_ts_ns": 506624359172
    },
    {
      "tgid": 11499,
      "comm": "csi-node-driver",
      "cgroup_id": 8848,
      "wait_duration_stats_ns": {
        "count": 21.0,
        "sum": 8668631.0,
        "mean": 412791.9523809524,
        "median": 130224.24161008229,
        "min": 13508,
        "max": 1654786,
        "variance_ns2": 342378814930.0476,
        "iqr_ns": 703401.0391486292,
        "q1_ns": 32882.4242527314,
        "q3_ns": 736283.4634013606
      },
      "futex_op_counts": {
        "128": 21
      },
      "first_seen_ts_ns": 626719636219,
      "last_seen_ts_ns": 626722624523
    },
    {
      "tgid": 11465,
      "comm": "csi-node-driver",
      "cgroup_id": 8848,
      "wait_duration_stats_ns": {
        "count": 18.0,
        "sum": 8631956.0,
        "mean": 479553.11111111107,
        "median": 237223.2551605017,
        "min": 14718,
        "max": 1692998,
        "variance_ns2": 357221163058.1047,
        "iqr_ns": 548676.7236079546,
        "q1_ns": 29803.708468364202,
        "q3_ns": 578480.4320763188
      },
      "futex_op_counts": {
        "128": 18
      },
      "first_seen_ts_ns": 616620521453,
      "last_seen_ts_ns": 616623438081
    },
    {
      "tgid": 11399,
      "comm": "csi-node-driver",
      "cgroup_id": 8848,
      "wait_duration_stats_ns": {
        "count": 18.0,
        "sum": 8553197.000000002,
        "mean": 475177.61111111124,
        "median": 158417.85478640016,
        "min": 10821,
        "max": 1767386,
        "variance_ns2": 378425390906.9575,
        "iqr_ns": 516300.7186363636,
        "q1_ns": 32021.875,
        "q3_ns": 548322.5936363636
      },
      "futex_op_counts": {
        "128": 18
      },
      "first_seen_ts_ns": 586624645463,
      "last_seen_ts_ns": 586627559732
    },
    {
      "tgid": 11420,
      "comm": "csi-node-driver",
      "cgroup_id": 8848,
      "wait_duration_stats_ns": {
        "count": 19.0,
        "sum": 8412281.999999998,
        "mean": 442751.68421052623,
        "median": 267538.0972870721,
        "min": 10497,
        "max": 1520838,
        "variance_ns2": 314615428044.11694,
        "iqr_ns": 525362.4813076502,
        "q1_ns": 55338.78104023333,
        "q3_ns": 580701.2623478835
      },
      "futex_op_counts": {
        "128": 19
      },
      "first_seen_ts_ns": 596626282844,
      "last_seen_ts_ns": 596629131348
    },
    {
      "tgid": 11522,
      "comm": "csi-node-driver",
      "cgroup_id": 8848,
      "wait_duration_stats_ns": {
        "count": 21.0,
        "sum": 8265721.999999999,
        "mean": 393605.80952380947,
        "median": 100291.99940330753,
        "min": 13763,
        "max": 1435885,
        "variance_ns2": 291744690152.36194,
        "iqr_ns": 636503.7712705821,
        "q1_ns": 36399.39442212285,
        "q3_ns": 672903.165692705
      },
      "futex_op_counts": {
        "128": 21
      },
      "first_seen_ts_ns": 636709422521,
      "last_seen_ts_ns": 636712636349
    },
    {
      "tgid": 11145,
      "comm": "csi-node-driver",
      "cgroup_id": 8848,
      "wait_duration_stats_ns": {
        "count": 21.0,
        "sum": 7807417.0,
        "mean": 371781.7619047619,
        "median": 64999.97367010341,
        "min": 12435,
        "max": 1508640,
        "variance_ns2": 299304560704.49054,
        "iqr_ns": 541171.6875790756,
        "q1_ns": 30335.60556831275,
        "q3_ns": 571507.2931473883
      },
      "futex_op_counts": {
        "128": 21
      },
      "first_seen_ts_ns": 556720487674,
      "last_seen_ts_ns": 556723632967
    },
    {
      "tgid": 11617,
      "comm": "csi-node-driver",
      "cgroup_id": 8848,
      "wait_duration_stats_ns": {
        "count": 16.0,
        "sum": 7533835.0,
        "mean": 470864.6875,
        "median": 188417.05324074076,
        "min": 16740,
        "max": 1567587,
        "variance_ns2": 340965477405.42914,
        "iqr_ns": 758181.1830941357,
        "q1_ns": 31517.125,
        "q3_ns": 789698.3080941357
      },
      "futex_op_counts": {
        "128": 16
      },
      "first_seen_ts_ns": 646707524540,
      "last_seen_ts_ns": 646711491326
    },
    {
      "tgid": 11685,
      "comm": "csi-node-driver",
      "cgroup_id": 8848,
      "wait_duration_stats_ns": {
        "count": 12.0,
        "sum": 3369115.9999999995,
        "mean": 280759.6666666666,
        "median": 31053.166666666668,
        "min": 22746,
        "max": 1737115,
        "variance_ns2": 328089708461.87885,
        "iqr_ns": 25507.225925925926,
        "q1_ns": 27328.440740740738,
        "q3_ns": 52835.666666666664
      },
      "futex_op_counts": {
        "128": 12
      },
      "first_seen_ts_ns": 676720255632,
      "last_seen_ts_ns": 676723456995
    },
    {
      "tgid": 9933,
      "comm": "ZMQbg/IO/0",
      "cgroup_id": 9645,
      "wait_duration_stats_ns": {
        "count": 55.0,
        "sum": 112334.00000000001,
        "mean": 2042.436363636364,
        "median": 518.7443609122639,
        "min": 376,
        "max": 9614,
        "variance_ns2": 9035588.917171715,
        "iqr_ns": 1560.840910664872,
        "q1_ns": 485.56198295355887,
        "q3_ns": 2046.4028936184309
      },
      "futex_op_counts": {
        "128": 55
      },
      "first_seen_ts_ns": 466330939844,
      "last_seen_ts_ns": 689309887386
    },
    {
      "tgid": 9933,
      "comm": "ZMQbg/Reaper",
      "cgroup_id": 9645,
      "wait_duration_stats_ns": {
        "count": 1.0,
        "sum": 40861.0,
        "mean": 40861.0,
        "median": 40861.0,
        "min": 40861,
        "max": 40861,
        "variance_ns2": null,
        "iqr_ns": 0.0,
        "q1_ns": 40861.0,
        "q3_ns": 40861.0
      },
      "futex_op_counts": {
        "128": 1
      },
      "first_seen_ts_ns": 694844977250,
      "last_seen_ts_ns": 694844977250
    },
    {
      "tgid": 11288,
      "comm": "lmp",
      "cgroup_id": 9645,
      "wait_duration_stats_ns": {
        "count": 1.0,
        "sum": 19841.0,
        "mean": 19841.0,
        "median": 19841.0,
        "min": 19841,
        "max": 19841,
        "variance_ns2": null,
        "iqr_ns": 0.0,
        "q1_ns": 19841.0,
        "q3_ns": 19841.0
      },
      "futex_op_counts": {
        "128": 1
      },
      "first_seen_ts_ns": 689289129229,
      "last_seen_ts_ns": 689289129229
    },
    {
      "tgid": 11360,
      "comm": "lmp",
      "cgroup_id": 9645,
      "wait_duration_stats_ns": {
        "count": 1.0,
        "sum": 12434.0,
        "mean": 12434.0,
        "median": 12434.0,
        "min": 12434,
        "max": 12434,
        "variance_ns2": null,
        "iqr_ns": 0.0,
        "q1_ns": 12434.0,
        "q3_ns": 12434.0
      },
      "futex_op_counts": {
        "128": 1
      },
      "first_seen_ts_ns": 689288965502,
      "last_seen_ts_ns": 689288965502
    },
    {
      "tgid": 11260,
      "comm": "lmp",
      "cgroup_id": 9645,
      "wait_duration_stats_ns": {
        "count": 1.0,
        "sum": 12295.0,
        "mean": 12295.0,
        "median": 12295.0,
        "min": 12295,
        "max": 12295,
        "variance_ns2": null,
        "iqr_ns": 0.0,
        "q1_ns": 12295.0,
        "q3_ns": 12295.0
      },
      "futex_op_counts": {
        "128": 1
      },
      "first_seen_ts_ns": 689292921790,
      "last_seen_ts_ns": 689292921790
    },
    {
      "tgid": 10293,
      "comm": "lmp",
      "cgroup_id": 9645,
      "wait_duration_stats_ns": {
        "count": 1.0,
        "sum": 10562.0,
        "mean": 10562.0,
        "median": 10562.0,
        "min": 10562,
        "max": 10562,
        "variance_ns2": null,
        "iqr_ns": 0.0,
        "q1_ns": 10562.0,
        "q3_ns": 10562.0
      },
      "futex_op_counts": {
        "128": 1
      },
      "first_seen_ts_ns": 466309971172,
      "last_seen_ts_ns": 466309971172
    },
    {
      "tgid": 10270,
      "comm": "lmp",
      "cgroup_id": 9645,
      "wait_duration_stats_ns": {
        "count": 1.0,
        "sum": 10048.0,
        "mean": 10048.0,
        "median": 10048.0,
        "min": 10048,
        "max": 10048,
        "variance_ns2": null,
        "iqr_ns": 0.0,
        "q1_ns": 10048.0,
        "q3_ns": 10048.0
      },
      "futex_op_counts": {
        "128": 1
      },
      "first_seen_ts_ns": 466305525526,
      "last_seen_ts_ns": 466305525526
    },
    {
      "tgid": 11272,
      "comm": "lmp",
      "cgroup_id": 9645,
      "wait_duration_stats_ns": {
        "count": 1.0,
        "sum": 10036.0,
        "mean": 10036.0,
        "median": 10036.0,
        "min": 10036,
        "max": 10036,
        "variance_ns2": null,
        "iqr_ns": 0.0,
        "q1_ns": 10036.0,
        "q3_ns": 10036.0
      },
      "futex_op_counts": {
        "128": 1
      },
      "first_seen_ts_ns": 689289085794,
      "last_seen_ts_ns": 689289085794
    },
    {
      "tgid": 10396,
      "comm": "lmp",
      "cgroup_id": 9645,
      "wait_duration_stats_ns": {
        "count": 1.0,
        "sum": 9657.0,
        "mean": 9657.0,
        "median": 9657.0,
        "min": 9657,
        "max": 9657,
        "variance_ns2": null,
        "iqr_ns": 0.0,
        "q1_ns": 9657.0,
        "q3_ns": 9657.0
      },
      "futex_op_counts": {
        "128": 1
      },
      "first_seen_ts_ns": 466301834247,
      "last_seen_ts_ns": 466301834247
    },
    {
      "tgid": 10284,
      "comm": "lmp",
      "cgroup_id": 9645,
      "wait_duration_stats_ns": {
        "count": 1.0,
        "sum": 9417.0,
        "mean": 9417.0,
        "median": 9417.0,
        "min": 9417,
        "max": 9417,
        "variance_ns2": null,
        "iqr_ns": 0.0,
        "q1_ns": 9417.0,
        "q3_ns": 9417.0
      },
      "futex_op_counts": {
        "128": 1
      },
      "first_seen_ts_ns": 466304887416,
      "last_seen_ts_ns": 466304887416
    },
    {
      "tgid": 10278,
      "comm": "lmp",
      "cgroup_id": 9645,
      "wait_duration_stats_ns": {
        "count": 1.0,
        "sum": 9341.0,
        "mean": 9341.0,
        "median": 9341.0,
        "min": 9341,
        "max": 9341,
        "variance_ns2": null,
        "iqr_ns": 0.0,
        "q1_ns": 9341.0,
        "q3_ns": 9341.0
      },
      "futex_op_counts": {
        "128": 1
      },
      "first_seen_ts_ns": 466305459728,
      "last_seen_ts_ns": 466305459728
    },
    {
      "tgid": 11238,
      "comm": "lmp",
      "cgroup_id": 9645,
      "wait_duration_stats_ns": {
        "count": 1.0,
        "sum": 9246.0,
        "mean": 9246.0,
        "median": 9246.0,
        "min": 9246,
        "max": 9246,
        "variance_ns2": null,
        "iqr_ns": 0.0,
        "q1_ns": 9246.0,
        "q3_ns": 9246.0
      },
      "futex_op_counts": {
        "128": 1
      },
      "first_seen_ts_ns": 689292371179,
      "last_seen_ts_ns": 689292371179
    },
    {
      "tgid": 10286,
      "comm": "lmp",
      "cgroup_id": 9645,
      "wait_duration_stats_ns": {
        "count": 1.0,
        "sum": 9052.0,
        "mean": 9052.0,
        "median": 9052.0,
        "min": 9052,
        "max": 9052,
        "variance_ns2": null,
        "iqr_ns": 0.0,
        "q1_ns": 9052.0,
        "q3_ns": 9052.0
      },
      "futex_op_counts": {
        "128": 1
      },
      "first_seen_ts_ns": 466304976876,
      "last_seen_ts_ns": 466304976876
    },
    {
      "tgid": 11247,
      "comm": "lmp",
      "cgroup_id": 9645,
      "wait_duration_stats_ns": {
        "count": 1.0,
        "sum": 8798.0,
        "mean": 8798.0,
        "median": 8798.0,
        "min": 8798,
        "max": 8798,
        "variance_ns2": null,
        "iqr_ns": 0.0,
        "q1_ns": 8798.0,
        "q3_ns": 8798.0
      },
      "futex_op_counts": {
        "128": 1
      },
      "first_seen_ts_ns": 689292427532,
      "last_seen_ts_ns": 689292427532
    },
    {
      "tgid": 10824,
      "comm": "lmp",
      "cgroup_id": 9645,
      "wait_duration_stats_ns": {
        "count": 1.0,
        "sum": 8541.0,
        "mean": 8541.0,
        "median": 8541.0,
        "min": 8541,
        "max": 8541,
        "variance_ns2": null,
        "iqr_ns": 0.0,
        "q1_ns": 8541.0,
        "q3_ns": 8541.0
      },
      "futex_op_counts": {
        "128": 1
      },
      "first_seen_ts_ns": 579778861141,
      "last_seen_ts_ns": 579778861141
    },
    {
      "tgid": 10919,
      "comm": "lmp",
      "cgroup_id": 9645,
      "wait_duration_stats_ns": {
        "count": 1.0,
        "sum": 8437.0,
        "mean": 8437.0,
        "median": 8437.0,
        "min": 8437,
        "max": 8437,
        "variance_ns2": null,
        "iqr_ns": 0.0,
        "q1_ns": 8437.0,
        "q3_ns": 8437.0
      },
      "futex_op_counts": {
        "128": 1
      },
      "first_seen_ts_ns": 579780610160,
      "last_seen_ts_ns": 579780610160
    },
    {
      "tgid": 10412,
      "comm": "lmp",
      "cgroup_id": 9645,
      "wait_duration_stats_ns": {
        "count": 1.0,
        "sum": 8272.0,
        "mean": 8272.0,
        "median": 8272.0,
        "min": 8272,
        "max": 8272,
        "variance_ns2": null,
        "iqr_ns": 0.0,
        "q1_ns": 8272.0,
        "q3_ns": 8272.0
      },
      "futex_op_counts": {
        "128": 1
      },
      "first_seen_ts_ns": 466309145836,
      "last_seen_ts_ns": 466309145836
    },
    {
      "tgid": 11276,
      "comm": "lmp",
      "cgroup_id": 9645,
      "wait_duration_stats_ns": {
        "count": 1.0,
        "sum": 8081.0,
        "mean": 8081.0,
        "median": 8081.0,
        "min": 8081,
        "max": 8081,
        "variance_ns2": null,
        "iqr_ns": 0.0,
        "q1_ns": 8081.0,
        "q3_ns": 8081.0
      },
      "futex_op_counts": {
        "128": 1
      },
      "first_seen_ts_ns": 689289115923,
      "last_seen_ts_ns": 689289115923
    },
    {
      "tgid": 10360,
      "comm": "lmp",
      "cgroup_id": 9645,
      "wait_duration_stats_ns": {
        "count": 1.0,
        "sum": 8059.0,
        "mean": 8059.0,
        "median": 8059.0,
        "min": 8059,
        "max": 8059,
        "variance_ns2": null,
        "iqr_ns": 0.0,
        "q1_ns": 8059.0,
        "q3_ns": 8059.0
      },
      "futex_op_counts": {
        "128": 1
      },
      "first_seen_ts_ns": 466309967035,
      "last_seen_ts_ns": 466309967035
    },
    {
      "tgid": 11358,
      "comm": "lmp",
      "cgroup_id": 9645,
      "wait_duration_stats_ns": {
        "count": 1.0,
        "sum": 7944.0,
        "mean": 7944.0,
        "median": 7944.0,
        "min": 7944,
        "max": 7944,
        "variance_ns2": null,
        "iqr_ns": 0.0,
        "q1_ns": 7944.0,
        "q3_ns": 7944.0
      },
      "futex_op_counts": {
        "128": 1
      },
      "first_seen_ts_ns": 689296552358,
      "last_seen_ts_ns": 689296552358
    },
    {
      "tgid": 837,
      "comm": "multipathd",
      "cgroup_id": 1702,
      "wait_duration_stats_ns": {
        "count": 5.0,
        "sum": 7815.0,
        "mean": 1563.0,
        "median": 1757.0,
        "min": 888,
        "max": 2025,
        "variance_ns2": 195249.5,
        "iqr_ns": 385.0,
        "q1_ns": 1380.0,
        "q3_ns": 1765.0
      },
      "futex_op_counts": {
        "128": 5
      },
      "first_seen_ts_ns": 365938031824,
      "last_seen_ts_ns": 644954035447
    },
    {
      "tgid": 11295,
      "comm": "lmp",
      "cgroup_id": 9645,
      "wait_duration_stats_ns": {
        "count": 1.0,
        "sum": 7770.0,
        "mean": 7770.0,
        "median": 7770.0,
        "min": 7770,
        "max": 7770,
        "variance_ns2": null,
        "iqr_ns": 0.0,
        "q1_ns": 7770.0,
        "q3_ns": 7770.0
      },
      "futex_op_counts": {
        "128": 1
      },
      "first_seen_ts_ns": 689292863703,
      "last_seen_ts_ns": 689292863703
    },
    {
      "tgid": 10382,
      "comm": "lmp",
      "cgroup_id": 9645,
      "wait_duration_stats_ns": {
        "count": 1.0,
        "sum": 7744.0,
        "mean": 7744.0,
        "median": 7744.0,
        "min": 7744,
        "max": 7744,
        "variance_ns2": null,
        "iqr_ns": 0.0,
        "q1_ns": 7744.0,
        "q3_ns": 7744.0
      },
      "futex_op_counts": {
        "128": 1
      },
      "first_seen_ts_ns": 466309967325,
      "last_seen_ts_ns": 466309967325
    },
    {
      "tgid": 10925,
      "comm": "lmp",
      "cgroup_id": 9645,
      "wait_duration_stats_ns": {
        "count": 1.0,
        "sum": 7619.0,
        "mean": 7619.0,
        "median": 7619.0,
        "min": 7619,
        "max": 7619,
        "variance_ns2": null,
        "iqr_ns": 0.0,
        "q1_ns": 7619.0,
        "q3_ns": 7619.0
      },
      "futex_op_counts": {
        "128": 1
      },
      "first_seen_ts_ns": 579779728033,
      "last_seen_ts_ns": 579779728033
    },
    {
      "tgid": 11239,
      "comm": "lmp",
      "cgroup_id": 9645,
      "wait_duration_stats_ns": {
        "count": 1.0,
        "sum": 7431.0,
        "mean": 7431.0,
        "median": 7431.0,
        "min": 7431,
        "max": 7431,
        "variance_ns2": null,
        "iqr_ns": 0.0,
        "q1_ns": 7431.0,
        "q3_ns": 7431.0
      },
      "futex_op_counts": {
        "128": 1
      },
      "first_seen_ts_ns": 689292319110,
      "last_seen_ts_ns": 689292319110
    },
    {
      "tgid": 10937,
      "comm": "lmp",
      "cgroup_id": 9645,
      "wait_duration_stats_ns": {
        "count": 1.0,
        "sum": 7235.0,
        "mean": 7235.0,
        "median": 7235.0,
        "min": 7235,
        "max": 7235,
        "variance_ns2": null,
        "iqr_ns": 0.0,
        "q1_ns": 7235.0,
        "q3_ns": 7235.0
      },
      "futex_op_counts": {
        "128": 1
      },
      "first_seen_ts_ns": 579780633021,
      "last_seen_ts_ns": 579780633021
    },
    {
      "tgid": 11372,
      "comm": "lmp",
      "cgroup_id": 9645,
      "wait_duration_stats_ns": {
        "count": 1.0,
        "sum": 6927.0,
        "mean": 6927.0,
        "median": 6927.0,
        "min": 6927,
        "max": 6927,
        "variance_ns2": null,
        "iqr_ns": 0.0,
        "q1_ns": 6927.0,
        "q3_ns": 6927.0
      },
      "futex_op_counts": {
        "128": 1
      },
      "first_seen_ts_ns": 689282152859,
      "last_seen_ts_ns": 689282152859
    }
  ]
}
[23:00:43] Cleanup complete.
