unlimited
Looking for /opt/programs/futex-model/ebpf-collect.c
[22:54:55] Starting eBPF (Tracepoints for futex syscalls).
[22:54:55] BPF program loaded and tracepoints automatically attached.
[22:54:55] Start Indicator file defined '/mnt/flux/start_ebpf_collection'. Waiting.
[22:55:06] Start indicator found. Proceeding.
[22:55:06] Ring buffers opened. Polling for events...
[23:00:43] 
Indicator file '/mnt/flux/stop_ebpf_collection' found. Stopping.
[23:00:43] Cleaning up BPF resources...
{
  "final_aggregated_futex_summary_river": [
    {
      "tgid": 8566,
      "comm": "fluent-bit-gke-",
      "cgroup_id": 9006,
      "wait_duration_stats_ns": {
        "count": 17713.0,
        "sum": 21897067979088.02,
        "mean": 1236214530.5192807,
        "median": 1011260.2895198803,
        "min": 363,
        "max": 114149881939,
        "variance_ns2": 7.252303021950513e+19,
        "iqr_ns": 27319385.30059834,
        "q1_ns": 41672.791210696654,
        "q3_ns": 27361058.091809034
      },
      "futex_op_counts": {
        "128": 17713
      },
      "first_seen_ts_ns": 348003839034,
      "last_seen_ts_ns": 695337098960
    },
    {
      "tgid": 3607,
      "comm": "containerd",
      "cgroup_id": 6520,
      "wait_duration_stats_ns": {
        "count": 150178.0,
        "sum": 13068184840100.023,
        "mean": 87017970.94181587,
        "median": 145068.43817596228,
        "min": 423,
        "max": 212695860238,
        "variance_ns2": 4.656312114504138e+18,
        "iqr_ns": 1465400.8483816194,
        "q1_ns": 47764.00228123953,
        "q3_ns": 1513164.850662859
      },
      "futex_op_counts": {
        "128": 150178
      },
      "first_seen_ts_ns": 347998401579,
      "last_seen_ts_ns": 695877055294
    },
    {
      "tgid": 3797,
      "comm": "kubelet",
      "cgroup_id": 6640,
      "wait_duration_stats_ns": {
        "count": 32487.0,
        "sum": 11080192759903.992,
        "mean": 341065434.1707142,
        "median": 14452442.792662578,
        "min": 429,
        "max": 116208186534,
        "variance_ns2": 1.4894045748967576e+19,
        "iqr_ns": 38478757.76459716,
        "q1_ns": 1065279.1233735182,
        "q3_ns": 39544036.88797068
      },
      "futex_op_counts": {
        "128": 32487
      },
      "first_seen_ts_ns": 347994989188,
      "last_seen_ts_ns": 695821292424
    },
    {
      "tgid": 8091,
      "comm": "sidecar",
      "cgroup_id": 8611,
      "wait_duration_stats_ns": {
        "count": 1786.0,
        "sum": 5130425795935.0,
        "mean": 2872578833.1103024,
        "median": 985250.3408445241,
        "min": 665,
        "max": 169998703048,
        "variance_ns2": 1.5907309566437655e+20,
        "iqr_ns": 106454765.61896913,
        "q1_ns": 158492.44749056816,
        "q3_ns": 106613258.0664597
      },
      "futex_op_counts": {
        "128": 1786
      },
      "first_seen_ts_ns": 361669332927,
      "last_seen_ts_ns": 691952340157
    },
    {
      "tgid": 4047,
      "comm": "kube-proxy",
      "cgroup_id": 7366,
      "wait_duration_stats_ns": {
        "count": 408.0,
        "sum": 5105806533699.002,
        "mean": 12514231700.242651,
        "median": 1536452488.6264112,
        "min": 1179,
        "max": 240991442329,
        "variance_ns2": 1.928463196750904e+21,
        "iqr_ns": 5254679614.887083,
        "q1_ns": 59167815.67431256,
        "q3_ns": 5313847430.561396
      },
      "futex_op_counts": {
        "128": 408
      },
      "first_seen_ts_ns": 359563786495,
      "last_seen_ts_ns": 694565987499
    },
    {
      "tgid": 7678,
      "comm": "kube-dns",
      "cgroup_id": 8295,
      "wait_duration_stats_ns": {
        "count": 1137.0,
        "sum": 4036828718755.0044,
        "mean": 3550421036.7238383,
        "median": 805086549.8999249,
        "min": 477,
        "max": 240053034584,
        "variance_ns2": 4.30613826256839e+20,
        "iqr_ns": 983102603.1633878,
        "q1_ns": 56724460.359682,
        "q3_ns": 1039827063.5230697
      },
      "futex_op_counts": {
        "128": 1137
      },
      "first_seen_ts_ns": 348900522113,
      "last_seen_ts_ns": 694194407016
    },
    {
      "tgid": 1738,
      "comm": "google_guest_ag",
      "cgroup_id": 4174,
      "wait_duration_stats_ns": {
        "count": 325.0,
        "sum": 3320167558046.0015,
        "mean": 10215900178.60308,
        "median": 845472931.6081245,
        "min": 903,
        "max": 240073824148,
        "variance_ns2": 1.0608408767118983e+21,
        "iqr_ns": 4625906517.634004,
        "q1_ns": 171641528.4831505,
        "q3_ns": 4797548046.117154
      },
      "futex_op_counts": {
        "128": 325
      },
      "first_seen_ts_ns": 359346318278,
      "last_seen_ts_ns": 695082227937
    },
    {
      "tgid": 8286,
      "comm": "prometheus",
      "cgroup_id": 8690,
      "wait_duration_stats_ns": {
        "count": 16661.0,
        "sum": 3319599449989.0166,
        "mean": 199243709.86069363,
        "median": 44487627.804724395,
        "min": 846,
        "max": 210058561496,
        "variance_ns2": 1.842681922217596e+19,
        "iqr_ns": 10131534.311381646,
        "q1_ns": 40013155.77073944,
        "q3_ns": 50144690.08212109
      },
      "futex_op_counts": {
        "128": 16661
      },
      "first_seen_ts_ns": 348014916785,
      "last_seen_ts_ns": 695877008364
    },
    {
      "tgid": 1739,
      "comm": "google_osconfig",
      "cgroup_id": 4234,
      "wait_duration_stats_ns": {
        "count": 366.0,
        "sum": 3138888128963.9995,
        "mean": 8576197073.67213,
        "median": 267981221.18187496,
        "min": 935,
        "max": 120001345697,
        "variance_ns2": 6.676856486928478e+20,
        "iqr_ns": 4682264764.114506,
        "q1_ns": 94172096.98864192,
        "q3_ns": 4776436861.1031475
      },
      "futex_op_counts": {
        "128": 366
      },
      "first_seen_ts_ns": 359360027945,
      "last_seen_ts_ns": 694565786675
    },
    {
      "tgid": 8741,
      "comm": "csi-node-driver",
      "cgroup_id": 9322,
      "wait_duration_stats_ns": {
        "count": 91.0,
        "sum": 2774327742700.9995,
        "mean": 30487118051.659336,
        "median": 56125095.07186931,
        "min": 2083,
        "max": 241303366985,
        "variance_ns2": 3.827288025048397e+21,
        "iqr_ns": 27550211262.248383,
        "q1_ns": 53961960.708449714,
        "q3_ns": 27604173222.956833
      },
      "futex_op_counts": {
        "128": 91
      },
      "first_seen_ts_ns": 428972689199,
      "last_seen_ts_ns": 670281174224
    },
    {
      "tgid": 8502,
      "comm": "config-reloader",
      "cgroup_id": 8927,
      "wait_duration_stats_ns": {
        "count": 220.0,
        "sum": 2710413309753.0,
        "mean": 12320060498.877274,
        "median": 838365694.1596484,
        "min": 568,
        "max": 290074182404,
        "variance_ns2": 1.0547980531581194e+21,
        "iqr_ns": 9448308230.671928,
        "q1_ns": 2470637.034827521,
        "q3_ns": 9450778867.706757
      },
      "futex_op_counts": {
        "128": 220
      },
      "first_seen_ts_ns": 367846103789,
      "last_seen_ts_ns": 688169864379
    },
    {
      "tgid": 8656,
      "comm": "containerd-shim",
      "cgroup_id": 6520,
      "wait_duration_stats_ns": {
        "count": 2737.0,
        "sum": 2407112990868.9976,
        "mean": 879471315.6262323,
        "median": 1293397.0008778665,
        "min": 390,
        "max": 34694745497,
        "variance_ns2": 6.737762468858531e+18,
        "iqr_ns": 1790214.7438245276,
        "q1_ns": 88759.98960800597,
        "q3_ns": 1878974.7334325337
      },
      "futex_op_counts": {
        "128": 2737
      },
      "first_seen_ts_ns": 359808515748,
      "last_seen_ts_ns": 695516859530
    },
    {
      "tgid": 7934,
      "comm": "dnsmasq-nanny",
      "cgroup_id": 8532,
      "wait_duration_stats_ns": {
        "count": 192.0,
        "sum": 2189560957587.9998,
        "mean": 11403963320.770832,
        "median": 9208066736.244272,
        "min": 1247,
        "max": 130000028470,
        "variance_ns2": 7.061102004790164e+20,
        "iqr_ns": 10241553764.386038,
        "q1_ns": 62458115.13000443,
        "q3_ns": 10304011879.516043
      },
      "futex_op_counts": {
        "128": 192
      },
      "first_seen_ts_ns": 360808984639,
      "last_seen_ts_ns": 690809419856
    },
    {
      "tgid": 2790,
      "comm": "dockerd",
      "cgroup_id": 6400,
      "wait_duration_stats_ns": {
        "count": 154.0,
        "sum": 1939539996360.0,
        "mean": 12594415560.77922,
        "median": 6504177463.831133,
        "min": 569,
        "max": 250004240913,
        "variance_ns2": 1.0820687088683395e+21,
        "iqr_ns": 9925705561.854422,
        "q1_ns": 73761074.94965103,
        "q3_ns": 9999466636.804073
      },
      "futex_op_counts": {
        "128": 154
      },
      "first_seen_ts_ns": 361955375989,
      "last_seen_ts_ns": 691965157482
    },
    {
      "tgid": 7140,
      "comm": "containerd-shim",
      "cgroup_id": 6520,
      "wait_duration_stats_ns": {
        "count": 1522.0,
        "sum": 1918456844230.0015,
        "mean": 1260484128.9290416,
        "median": 1683305.9087999838,
        "min": 516,
        "max": 146355996463,
        "variance_ns2": 2.622443018478352e+19,
        "iqr_ns": 9592206.108665025,
        "q1_ns": 61400.80705625226,
        "q3_ns": 9653606.915721277
      },
      "futex_op_counts": {
        "128": 1522
      },
      "first_seen_ts_ns": 359806160479,
      "last_seen_ts_ns": 694473750502
    },
    {
      "tgid": 3860,
      "comm": "node-problem-de",
      "cgroup_id": 6700,
      "wait_duration_stats_ns": {
        "count": 1457.0,
        "sum": 1822501038194.9958,
        "mean": 1250858639.8043897,
        "median": 790441427.907927,
        "min": 608,
        "max": 80837649287,
        "variance_ns2": 2.8598932426841416e+19,
        "iqr_ns": 987392901.1914676,
        "q1_ns": 12296739.512451762,
        "q3_ns": 999689640.7039194
      },
      "futex_op_counts": {
        "128": 1457
      },
      "first_seen_ts_ns": 358940637108,
      "last_seen_ts_ns": 694940695931
    },
    {
      "tgid": 9258,
      "comm": "containerd-shim",
      "cgroup_id": 6520,
      "wait_duration_stats_ns": {
        "count": 202275.0,
        "sum": 1741385060223.0085,
        "mean": 8608997.94944016,
        "median": 109160.01527117752,
        "min": 443,
        "max": 50973555237,
        "variance_ns2": 6.041560999603832e+16,
        "iqr_ns": 834045.3548056182,
        "q1_ns": 35637.11511050111,
        "q3_ns": 869682.4699161192
      },
      "futex_op_counts": {
        "128": 202275
      },
      "first_seen_ts_ns": 348059378713,
      "last_seen_ts_ns": 695877181772
    },
    {
      "tgid": 6982,
      "comm": "containerd-shim",
      "cgroup_id": 6520,
      "wait_duration_stats_ns": {
        "count": 1136.0,
        "sum": 1731295064373.9998,
        "mean": 1524027345.3996477,
        "median": 2613446.9183551967,
        "min": 652,
        "max": 63810038603,
        "variance_ns2": 2.0305249229803102e+19,
        "iqr_ns": 727880595.2377385,
        "q1_ns": 953986.8306268628,
        "q3_ns": 728834582.0683653
      },
      "futex_op_counts": {
        "128": 1136
      },
      "first_seen_ts_ns": 359807457444,
      "last_seen_ts_ns": 694474273283
    },
    {
      "tgid": 6999,
      "comm": "containerd-shim",
      "cgroup_id": 6520,
      "wait_duration_stats_ns": {
        "count": 779.0,
        "sum": 1705069692013.0007,
        "mean": 2188792929.4133515,
        "median": 4986050.524792984,
        "min": 974,
        "max": 52833765108,
        "variance_ns2": 2.4810450640551522e+19,
        "iqr_ns": 3571404314.2828255,
        "q1_ns": 638204.4929739065,
        "q3_ns": 3572042518.7757993
      },
      "futex_op_counts": {
        "128": 779
      },
      "first_seen_ts_ns": 359804307711,
      "last_seen_ts_ns": 694465672935
    },
    {
      "tgid": 3991,
      "comm": "containerd-shim",
      "cgroup_id": 6520,
      "wait_duration_stats_ns": {
        "count": 445.0,
        "sum": 1642297424529.0002,
        "mean": 3690556010.1775284,
        "median": 836391463.203022,
        "min": 3284,
        "max": 59995765364,
        "variance_ns2": 4.437497407488408e+19,
        "iqr_ns": 5095948718.302837,
        "q1_ns": 14903328.939687245,
        "q3_ns": 5110852047.242524
      },
      "futex_op_counts": {
        "128": 445
      },
      "first_seen_ts_ns": 359805591035,
      "last_seen_ts_ns": 694467843677
    },
    {
      "tgid": 7165,
      "comm": "containerd-shim",
      "cgroup_id": 6520,
      "wait_duration_stats_ns": {
        "count": 799.0,
        "sum": 1611334823567.0015,
        "mean": 2016689391.1977491,
        "median": 3511431.408620054,
        "min": 996,
        "max": 46800747302,
        "variance_ns2": 1.7847524584275653e+19,
        "iqr_ns": 3431136108.5440626,
        "q1_ns": 299408.8909198446,
        "q3_ns": 3431435517.4349823
      },
      "futex_op_counts": {
        "128": 799
      },
      "first_seen_ts_ns": 359804967809,
      "last_seen_ts_ns": 694466696812
    },
    {
      "tgid": 8630,
      "comm": "main",
      "cgroup_id": 9085,
      "wait_duration_stats_ns": {
        "count": 299.0,
        "sum": 989416492372.0,
        "mean": 3309085258.769231,
        "median": 2942694539.7296166,
        "min": 1979,
        "max": 59977192057,
        "variance_ns2": 5.688947771542694e+19,
        "iqr_ns": 4949707213.012809,
        "q1_ns": 23966036.44413446,
        "q3_ns": 4973673249.4569435
      },
      "futex_op_counts": {
        "128": 299
      },
      "first_seen_ts_ns": 359406018895,
      "last_seen_ts_ns": 694406912087
    },
    {
      "tgid": 7896,
      "comm": "main",
      "cgroup_id": 8453,
      "wait_duration_stats_ns": {
        "count": 547.0,
        "sum": 978944462015.0,
        "mean": 1789660808.071298,
        "median": 28776179.158312146,
        "min": 672,
        "max": 59956613810,
        "variance_ns2": 3.5813537789109584e+19,
        "iqr_ns": 3670593754.0814314,
        "q1_ns": 1768326.3759335978,
        "q3_ns": 3672362080.457365
      },
      "futex_op_counts": {
        "128": 547
      },
      "first_seen_ts_ns": 360772187887,
      "last_seen_ts_ns": 695787689216
    },
    {
      "tgid": 8392,
      "comm": "main",
      "cgroup_id": 8769,
      "wait_duration_stats_ns": {
        "count": 288.0,
        "sum": 919225823416.0004,
        "mean": 3191756331.305557,
        "median": 2483891679.0706806,
        "min": 11797,
        "max": 59996803104,
        "variance_ns2": 5.168015435592882e+19,
        "iqr_ns": 4978201374.499632,
        "q1_ns": 4639013.519849731,
        "q3_ns": 4982840388.019482
      },
      "futex_op_counts": {
        "128": 288
      },
      "first_seen_ts_ns": 362855805402,
      "last_seen_ts_ns": 692868375306
    },
    {
      "tgid": 7670,
      "comm": "otelsvc",
      "cgroup_id": 8216,
      "wait_duration_stats_ns": {
        "count": 1148.0,
        "sum": 625942935880.0004,
        "mean": 545246459.8257843,
        "median": 422949135.80333906,
        "min": 17476,
        "max": 138480458570,
        "variance_ns2": 2.6867483410530697e+19,
        "iqr_ns": 470763773.6767492,
        "q1_ns": 19778246.273485,
        "q3_ns": 490542019.95023423
      },
      "futex_op_counts": {
        "128": 1148
      },
      "first_seen_ts_ns": 348736165758,
      "last_seen_ts_ns": 695736169352
    },
    {
      "tgid": 8927,
      "comm": "gce-pd-csi-driv",
      "cgroup_id": 9401,
      "wait_duration_stats_ns": {
        "count": 591.0,
        "sum": 573579069264.0,
        "mean": 970522959.8375635,
        "median": 589426536.1636324,
        "min": 2055,
        "max": 120599984646,
        "variance_ns2": 4.844156166315719e+19,
        "iqr_ns": 8007.509787797928,
        "q1_ns": 589914559.4454199,
        "q3_ns": 589922566.9552077
      },
      "futex_op_counts": {
        "128": 591
      },
      "first_seen_ts_ns": 348611051279,
      "last_seen_ts_ns": 695411045316
    },
    {
      "tgid": 12016,
      "comm": "log-counter",
      "cgroup_id": 6700,
      "wait_duration_stats_ns": {
        "count": 725.0,
        "sum": 11505319624.000002,
        "mean": 15869406.377931036,
        "median": 357549.6586391153,
        "min": 476,
        "max": 1256074280,
        "variance_ns2": 1.4888059133434416e+16,
        "iqr_ns": 2266575.444660136,
        "q1_ns": 152831.46862203564,
        "q3_ns": 2419406.913282172
      },
      "futex_op_counts": {
        "128": 725
      },
      "first_seen_ts_ns": 640982015444,
      "last_seen_ts_ns": 642238568590
    },
    {
      "tgid": 12038,
      "comm": "log-counter",
      "cgroup_id": 6700,
      "wait_duration_stats_ns": {
        "count": 920.0,
        "sum": 11454315704.0,
        "mean": 12450343.15652174,
        "median": 246283.9447974295,
        "min": 441,
        "max": 1202071649,
        "variance_ns2": 1.1645577409678e+16,
        "iqr_ns": 1176277.4292327757,
        "q1_ns": 145573.01611467122,
        "q3_ns": 1321850.445347447
      },
      "futex_op_counts": {
        "128": 920
      },
      "first_seen_ts_ns": 642246194565,
      "last_seen_ts_ns": 643452289263
    },
    {
      "tgid": 11989,
      "comm": "log-counter",
      "cgroup_id": 6700,
      "wait_duration_stats_ns": {
        "count": 562.0,
        "sum": 9596574568.0,
        "mean": 17075755.459074732,
        "median": 406269.44580908003,
        "min": 638,
        "max": 1286930860,
        "variance_ns2": 1.4205403380700684e+16,
        "iqr_ns": 3286701.5050894925,
        "q1_ns": 132609.38800556405,
        "q3_ns": 3419310.8930950565
      },
      "futex_op_counts": {
        "128": 562
      },
      "first_seen_ts_ns": 639951021598,
      "last_seen_ts_ns": 641238252923
    },
    {
      "tgid": 11994,
      "comm": "log-counter",
      "cgroup_id": 6700,
      "wait_duration_stats_ns": {
        "count": 20.0,
        "sum": 5104612961.0,
        "mean": 255230648.05,
        "median": 33722091.24962798,
        "min": 45129,
        "max": 1019070896,
        "variance_ns2": 1.7475483721633408e+17,
        "iqr_ns": 344573357.9286165,
        "q1_ns": 1863184.03125,
        "q3_ns": 346436541.9598665
      },
      "futex_op_counts": {
        "128": 20
      },
      "first_seen_ts_ns": 639957015299,
      "last_seen_ts_ns": 640976625356
    },
    {
      "tgid": 12031,
      "comm": "log-counter",
      "cgroup_id": 6700,
      "wait_duration_stats_ns": {
        "count": 18.0,
        "sum": 4995840608.000001,
        "mean": 277546700.4444445,
        "median": 27715852.4595415,
        "min": 25034,
        "max": 1003259779,
        "variance_ns2": 2.1135549418876742e+17,
        "iqr_ns": 187842636.2435635,
        "q1_ns": 7485487.942160102,
        "q3_ns": 195328124.1857236
      },
      "futex_op_counts": {
        "128": 18
      },
      "first_seen_ts_ns": 641328749987,
      "last_seen_ts_ns": 642332200754
    },
    {
      "tgid": 12010,
      "comm": "log-counter",
      "cgroup_id": 6700,
      "wait_duration_stats_ns": {
        "count": 15.0,
        "sum": 4025581072.0000005,
        "mean": 268372071.4666667,
        "median": 78573457.10416667,
        "min": 5730,
        "max": 1007097880,
        "variance_ns2": 1.947403669374662e+17,
        "iqr_ns": 346199678.70641106,
        "q1_ns": 1134744.8596666667,
        "q3_ns": 347334423.5660777
      },
      "futex_op_counts": {
        "128": 15
      },
      "first_seen_ts_ns": 640174538058,
      "last_seen_ts_ns": 641185124620
    },
    {
      "tgid": 11182,
      "comm": "kubectl",
      "cgroup_id": 6580,
      "wait_duration_stats_ns": {
        "count": 686.0,
        "sum": 3643141976.999999,
        "mean": 5310702.590379007,
        "median": 443491.54503502476,
        "min": 704,
        "max": 471822553,
        "variance_ns2": 718728341940724.4,
        "iqr_ns": 4620087.351757135,
        "q1_ns": 126312.08369629571,
        "q3_ns": 4746399.435453431
      },
      "futex_op_counts": {
        "128": 686
      },
      "first_seen_ts_ns": 458502074924,
      "last_seen_ts_ns": 458974322741
    },
    {
      "tgid": 11576,
      "comm": "runc",
      "cgroup_id": 6520,
      "wait_duration_stats_ns": {
        "count": 346.0,
        "sum": 909189810.0,
        "mean": 2627716.2138728322,
        "median": 75760.83777229328,
        "min": 2444,
        "max": 125422674,
        "variance_ns2": 269763669413701.84,
        "iqr_ns": 528597.1062283168,
        "q1_ns": 20284.275531373438,
        "q3_ns": 548881.3817596902
      },
      "futex_op_counts": {
        "128": 346
      },
      "first_seen_ts_ns": 545472954363,
      "last_seen_ts_ns": 545607581038
    },
    {
      "tgid": 12071,
      "comm": "runc",
      "cgroup_id": 6520,
      "wait_duration_stats_ns": {
        "count": 297.0,
        "sum": 816447028.0000001,
        "mean": 2748979.8922558925,
        "median": 104129.81207245005,
        "min": 537,
        "max": 115649279,
        "variance_ns2": 221601804079201.53,
        "iqr_ns": 724595.3127704209,
        "q1_ns": 24267.574910566258,
        "q3_ns": 748862.8876809871
      },
      "futex_op_counts": {
        "128": 297
      },
      "first_seen_ts_ns": 655474012896,
      "last_seen_ts_ns": 655592648686
    },
    {
      "tgid": 11061,
      "comm": "runc",
      "cgroup_id": 6520,
      "wait_duration_stats_ns": {
        "count": 313.0,
        "sum": 815669404.0000001,
        "mean": 2605972.5367412143,
        "median": 190503.2364862474,
        "min": 9095,
        "max": 110659789,
        "variance_ns2": 173904447746228.38,
        "iqr_ns": 1280361.9048282553,
        "q1_ns": 34176.03927464005,
        "q3_ns": 1314537.9441028954
      },
      "futex_op_counts": {
        "128": 313
      },
      "first_seen_ts_ns": 415475330418,
      "last_seen_ts_ns": 415601466706
    },
    {
      "tgid": 11619,
      "comm": "runc",
      "cgroup_id": 6520,
      "wait_duration_stats_ns": {
        "count": 290.0,
        "sum": 810872537.0,
        "mean": 2796112.1965517243,
        "median": 137355.8398213951,
        "min": 6312,
        "max": 109821273,
        "variance_ns2": 207065101473960.84,
        "iqr_ns": 905917.2508802119,
        "q1_ns": 34351.55567289757,
        "q3_ns": 940268.8065531095
      },
      "futex_op_counts": {
        "128": 290
      },
      "first_seen_ts_ns": 565470807267,
      "last_seen_ts_ns": 565590638985
    },
    {
      "tgid": 11040,
      "comm": "runc",
      "cgroup_id": 6520,
      "wait_duration_stats_ns": {
        "count": 327.0,
        "sum": 807097610.0,
        "mean": 2468188.409785933,
        "median": 92005.37554361847,
        "min": 9297,
        "max": 109421268,
        "variance_ns2": 196294512761929.34,
        "iqr_ns": 403189.5410210893,
        "q1_ns": 21824.98251680227,
        "q3_ns": 425014.52353789157
      },
      "futex_op_counts": {
        "128": 327
      },
      "first_seen_ts_ns": 405471972965,
      "last_seen_ts_ns": 405594690731
    },
    {
      "tgid": 11106,
      "comm": "runc",
      "cgroup_id": 6520,
      "wait_duration_stats_ns": {
        "count": 342.0,
        "sum": 805592218.0,
        "mean": 2355532.8011695906,
        "median": 86473.10411800751,
        "min": 4148,
        "max": 106473536,
        "variance_ns2": 199239262345199.4,
        "iqr_ns": 614388.3433951047,
        "q1_ns": 18355.70137227587,
        "q3_ns": 632744.0447673806
      },
      "futex_op_counts": {
        "128": 342
      },
      "first_seen_ts_ns": 435478014325,
      "last_seen_ts_ns": 435597935908
    },
    {
      "tgid": 11511,
      "comm": "runc",
      "cgroup_id": 6520,
      "wait_duration_stats_ns": {
        "count": 301.0,
        "sum": 793458695.0,
        "mean": 2636075.398671096,
        "median": 110794.39112022426,
        "min": 1180,
        "max": 112582568,
        "variance_ns2": 212977033211052.06,
        "iqr_ns": 529667.8029087204,
        "q1_ns": 29355.95013122634,
        "q3_ns": 559023.7530399468
      },
      "futex_op_counts": {
        "128": 301
      },
      "first_seen_ts_ns": 515474969270,
      "last_seen_ts_ns": 515594315289
    },
    {
      "tgid": 11150,
      "comm": "runc",
      "cgroup_id": 6520,
      "wait_duration_stats_ns": {
        "count": 327.0,
        "sum": 763641078.0000001,
        "mean": 2335293.816513762,
        "median": 79304.38685171265,
        "min": 531,
        "max": 108213233,
        "variance_ns2": 199799139370068.0,
        "iqr_ns": 896035.5696695078,
        "q1_ns": 19392.662426583032,
        "q3_ns": 915428.2320960908
      },
      "futex_op_counts": {
        "128": 327
      },
      "first_seen_ts_ns": 455474994219,
      "last_seen_ts_ns": 455588319443
    },
    {
      "tgid": 11965,
      "comm": "runc",
      "cgroup_id": 6520,
      "wait_duration_stats_ns": {
        "count": 320.0,
        "sum": 729090442.0,
        "mean": 2278407.63125,
        "median": 83025.38326732606,
        "min": 922,
        "max": 118383737,
        "variance_ns2": 187092422721631.5,
        "iqr_ns": 673012.0162625014,
        "q1_ns": 18616.154390118947,
        "q3_ns": 691628.1706526203
      },
      "futex_op_counts": {
        "128": 320
      },
      "first_seen_ts_ns": 635475010980,
      "last_seen_ts_ns": 635601013201
    },
    {
      "tgid": 12094,
      "comm": "runc",
      "cgroup_id": 6520,
      "wait_duration_stats_ns": {
        "count": 251.0,
        "sum": 722000153.0,
        "mean": 2876494.6334661352,
        "median": 226255.05623491213,
        "min": 11514,
        "max": 100465522,
        "variance_ns2": 192916088451665.2,
        "iqr_ns": 1346786.7495017555,
        "q1_ns": 30086.25422988194,
        "q3_ns": 1376873.0037316375
      },
      "futex_op_counts": {
        "128": 251
      },
      "first_seen_ts_ns": 665477761099,
      "last_seen_ts_ns": 665587214251
    },
    {
      "tgid": 11127,
      "comm": "runc",
      "cgroup_id": 6520,
      "wait_duration_stats_ns": {
        "count": 361.0,
        "sum": 700591907.0,
        "mean": 1940697.8033240996,
        "median": 122349.40955476189,
        "min": 8086,
        "max": 112762774,
        "variance_ns2": 145308280137825.25,
        "iqr_ns": 430272.7399625313,
        "q1_ns": 25133.308402965948,
        "q3_ns": 455406.04836549726
      },
      "futex_op_counts": {
        "128": 361
      },
      "first_seen_ts_ns": 445477157380,
      "last_seen_ts_ns": 445596552133
    },
    {
      "tgid": 11597,
      "comm": "runc",
      "cgroup_id": 6520,
      "wait_duration_stats_ns": {
        "count": 365.0,
        "sum": 668067003.0,
        "mean": 1830320.5561643834,
        "median": 61641.70698059966,
        "min": 698,
        "max": 96855141,
        "variance_ns2": 122505422613799.58,
        "iqr_ns": 491374.92873048777,
        "q1_ns": 21430.707294585925,
        "q3_ns": 512805.6360250737
      },
      "futex_op_counts": {
        "128": 365
      },
      "first_seen_ts_ns": 555471314769,
      "last_seen_ts_ns": 555571658134
    },
    {
      "tgid": 12050,
      "comm": "runc",
      "cgroup_id": 6520,
      "wait_duration_stats_ns": {
        "count": 360.0,
        "sum": 666189100.9999998,
        "mean": 1850525.280555555,
        "median": 63083.36322062366,
        "min": 721,
        "max": 107876509,
        "variance_ns2": 125590281513133.69,
        "iqr_ns": 391392.3978183282,
        "q1_ns": 21995.48308500338,
        "q3_ns": 413387.88090333156
      },
      "futex_op_counts": {
        "128": 360
      },
      "first_seen_ts_ns": 645476018545,
      "last_seen_ts_ns": 645586974792
    },
    {
      "tgid": 11642,
      "comm": "runc",
      "cgroup_id": 6520,
      "wait_duration_stats_ns": {
        "count": 311.0,
        "sum": 660963992.9999999,
        "mean": 2125286.1511254017,
        "median": 146327.24380157216,
        "min": 650,
        "max": 92338591,
        "variance_ns2": 112036579419335.98,
        "iqr_ns": 623432.9910674425,
        "q1_ns": 28385.80944230198,
        "q3_ns": 651818.8005097444
      },
      "futex_op_counts": {
        "128": 311
      },
      "first_seen_ts_ns": 575475014434,
      "last_seen_ts_ns": 575574240110
    },
    {
      "tgid": 12121,
      "comm": "runc",
      "cgroup_id": 6520,
      "wait_duration_stats_ns": {
        "count": 242.0,
        "sum": 650853735.9999999,
        "mean": 2689478.2479338837,
        "median": 129670.20115421363,
        "min": 2023,
        "max": 91071138,
        "variance_ns2": 176631852219111.6,
        "iqr_ns": 669549.0777457263,
        "q1_ns": 31533.814131336207,
        "q3_ns": 701082.8918770625
      },
      "futex_op_counts": {
        "128": 242
      },
      "first_seen_ts_ns": 675473935273,
      "last_seen_ts_ns": 675573533996
    },
    {
      "tgid": 11940,
      "comm": "runc",
      "cgroup_id": 6520,
      "wait_duration_stats_ns": {
        "count": 299.0,
        "sum": 626421987.0,
        "mean": 2095056.81270903,
        "median": 164575.60076567947,
        "min": 868,
        "max": 92624085,
        "variance_ns2": 137192627444882.44,
        "iqr_ns": 361874.83879663,
        "q1_ns": 21312.283511443708,
        "q3_ns": 383187.1223080737
      },
      "futex_op_counts": {
        "128": 299
      },
      "first_seen_ts_ns": 625478100280,
      "last_seen_ts_ns": 625574803482
    },
    {
      "tgid": 11218,
      "comm": "runc",
      "cgroup_id": 6520,
      "wait_duration_stats_ns": {
        "count": 348.0,
        "sum": 617506201.9999999,
        "mean": 1774443.109195402,
        "median": 76254.7972159869,
        "min": 804,
        "max": 76735209,
        "variance_ns2": 71531476648258.89,
        "iqr_ns": 534096.3907973816,
        "q1_ns": 23722.319976123305,
        "q3_ns": 557818.7107735049
      },
      "futex_op_counts": {
        "128": 348
      },
      "first_seen_ts_ns": 465476207039,
      "last_seen_ts_ns": 465571019125
    },
    {
      "tgid": 11536,
      "comm": "runc",
      "cgroup_id": 6520,
      "wait_duration_stats_ns": {
        "count": 335.0,
        "sum": 588107452.0,
        "mean": 1755544.6328358208,
        "median": 63167.513136380745,
        "min": 9096,
        "max": 96451286,
        "variance_ns2": 106541720449848.75,
        "iqr_ns": 320480.1395912065,
        "q1_ns": 16273.12041446137,
        "q3_ns": 336753.26000566786
      },
      "futex_op_counts": {
        "128": 335
      },
      "first_seen_ts_ns": 525472192092,
      "last_seen_ts_ns": 525572600100
    },
    {
      "tgid": 11555,
      "comm": "runc",
      "cgroup_id": 6520,
      "wait_duration_stats_ns": {
        "count": 351.0,
        "sum": 570171052.0,
        "mean": 1624418.9515669516,
        "median": 92859.84313968092,
        "min": 662,
        "max": 82403756,
        "variance_ns2": 69908694239487.08,
        "iqr_ns": 497367.4306475924,
        "q1_ns": 26950.201078648213,
        "q3_ns": 524317.6317262406
      },
      "futex_op_counts": {
        "128": 351
      },
      "first_seen_ts_ns": 535474272562,
      "last_seen_ts_ns": 535559707378
    },
    {
      "tgid": 11084,
      "comm": "runc",
      "cgroup_id": 6520,
      "wait_duration_stats_ns": {
        "count": 361.0,
        "sum": 568282112.0,
        "mean": 1574188.675900277,
        "median": 65215.53184582167,
        "min": 8994,
        "max": 78713386,
        "variance_ns2": 93781789586119.02,
        "iqr_ns": 256758.7162671658,
        "q1_ns": 23013.112263922827,
        "q3_ns": 279771.8285310886
      },
      "futex_op_counts": {
        "128": 361
      },
      "first_seen_ts_ns": 425470631755,
      "last_seen_ts_ns": 425556893119
    },
    {
      "tgid": 11587,
      "comm": "runc:[2:INIT]",
      "cgroup_id": 9322,
      "wait_duration_stats_ns": {
        "count": 30.0,
        "sum": 545965257.9999999,
        "mean": 18198841.93333333,
        "median": 2297654.364579042,
        "min": 14413,
        "max": 92703216,
        "variance_ns2": 1070871685228265.1,
        "iqr_ns": 18343302.522434834,
        "q1_ns": 167972.77606963733,
        "q3_ns": 18511275.29850447
      },
      "futex_op_counts": {
        "128": 30
      },
      "first_seen_ts_ns": 545491157997,
      "last_seen_ts_ns": 545603796114
    },
    {
      "tgid": 12145,
      "comm": "runc",
      "cgroup_id": 6520,
      "wait_duration_stats_ns": {
        "count": 226.0,
        "sum": 484276599.00000006,
        "mean": 2142816.8097345135,
        "median": 112150.42316577064,
        "min": 7062,
        "max": 79276486,
        "variance_ns2": 106415169488391.0,
        "iqr_ns": 759814.7704974943,
        "q1_ns": 22372.197586712202,
        "q3_ns": 782186.9680842065
      },
      "futex_op_counts": {
        "128": 226
      },
      "first_seen_ts_ns": 685480171108,
      "last_seen_ts_ns": 685562535342
    },
    {
      "tgid": 11072,
      "comm": "runc:[2:INIT]",
      "cgroup_id": 9322,
      "wait_duration_stats_ns": {
        "count": 36.0,
        "sum": 464843410.00000006,
        "mean": 12912316.944444446,
        "median": 2863330.0514772274,
        "min": 14202,
        "max": 80965965,
        "variance_ns2": 619436605630307.2,
        "iqr_ns": 10320080.67975016,
        "q1_ns": 172560.5753756054,
        "q3_ns": 10492641.255125765
      },
      "futex_op_counts": {
        "128": 36
      },
      "first_seen_ts_ns": 415500883505,
      "last_seen_ts_ns": 415598811682
    },
    {
      "tgid": 11522,
      "comm": "runc:[2:INIT]",
      "cgroup_id": 9322,
      "wait_duration_stats_ns": {
        "count": 31.0,
        "sum": 453140495.99999994,
        "mean": 14617435.354838708,
        "median": 1946074.8346564954,
        "min": 9878,
        "max": 71803539,
        "variance_ns2": 501949084411325.44,
        "iqr_ns": 19503214.80625028,
        "q1_ns": 282901.8370502289,
        "q3_ns": 19786116.64330051
      },
      "futex_op_counts": {
        "128": 31
      },
      "first_seen_ts_ns": 515503136439,
      "last_seen_ts_ns": 515593683081
    },
    {
      "tgid": 12105,
      "comm": "runc:[2:INIT]",
      "cgroup_id": 9322,
      "wait_duration_stats_ns": {
        "count": 33.0,
        "sum": 435551772.0,
        "mean": 13198538.545454545,
        "median": 1595961.794249167,
        "min": 14493,
        "max": 74436918,
        "variance_ns2": 679828342209283.5,
        "iqr_ns": 16031486.940336961,
        "q1_ns": 80527.49000810788,
        "q3_ns": 16112014.43034507
      },
      "futex_op_counts": {
        "128": 33
      },
      "first_seen_ts_ns": 665493348511,
      "last_seen_ts_ns": 665584587172
    },
    {
      "tgid": 11117,
      "comm": "runc:[2:INIT]",
      "cgroup_id": 9322,
      "wait_duration_stats_ns": {
        "count": 32.0,
        "sum": 434287550.00000006,
        "mean": 13571485.937500002,
        "median": 1719505.7856011167,
        "min": 9448,
        "max": 74667087,
        "variance_ns2": 664733366282483.0,
        "iqr_ns": 18828933.93872754,
        "q1_ns": 97724.04159581945,
        "q3_ns": 18926657.98032336
      },
      "futex_op_counts": {
        "128": 32
      },
      "first_seen_ts_ns": 435503469374,
      "last_seen_ts_ns": 435594560819
    },
    {
      "tgid": 11975,
      "comm": "runc:[2:INIT]",
      "cgroup_id": 9322,
      "wait_duration_stats_ns": {
        "count": 31.0,
        "sum": 411305479.00000006,
        "mean": 13267918.677419357,
        "median": 1725160.065858386,
        "min": 552,
        "max": 71813033,
        "variance_ns2": 611007533949024.6,
        "iqr_ns": 15935892.174388865,
        "q1_ns": 41354.9513888889,
        "q3_ns": 15977247.125777753
      },
      "futex_op_counts": {
        "128": 31
      },
      "first_seen_ts_ns": 635507161754,
      "last_seen_ts_ns": 635594864511
    },
    {
      "tgid": 12082,
      "comm": "runc:[2:INIT]",
      "cgroup_id": 9322,
      "wait_duration_stats_ns": {
        "count": 42.0,
        "sum": 410069845.0000001,
        "mean": 9763567.73809524,
        "median": 1985161.6282134652,
        "min": 938,
        "max": 65782863,
        "variance_ns2": 413114140092195.44,
        "iqr_ns": 11437909.491274817,
        "q1_ns": 82299.74824587753,
        "q3_ns": 11520209.239520695
      },
      "futex_op_counts": {
        "128": 42
      },
      "first_seen_ts_ns": 655507014847,
      "last_seen_ts_ns": 655592700084
    },
    {
      "tgid": 11161,
      "comm": "runc:[2:INIT]",
      "cgroup_id": 9322,
      "wait_duration_stats_ns": {
        "count": 30.0,
        "sum": 379973824.00000006,
        "mean": 12665794.133333335,
        "median": 755082.6983044399,
        "min": 577,
        "max": 66130338,
        "variance_ns2": 508824581869292.5,
        "iqr_ns": 16679846.248109115,
        "q1_ns": 149407.47136293136,
        "q3_ns": 16829253.719472047
      },
      "futex_op_counts": {
        "128": 30
      },
      "first_seen_ts_ns": 455505197973,
      "last_seen_ts_ns": 455588334350
    },
    {
      "tgid": 12061,
      "comm": "runc:[2:INIT]",
      "cgroup_id": 9322,
      "wait_duration_stats_ns": {
        "count": 31.0,
        "sum": 379858396.0,
        "mean": 12253496.64516129,
        "median": 3140703.5104062743,
        "min": 514,
        "max": 64731485,
        "variance_ns2": 520452659060839.0,
        "iqr_ns": 17850452.97255256,
        "q1_ns": 27465.97922348483,
        "q3_ns": 17877918.951776046
      },
      "futex_op_counts": {
        "128": 31
      },
      "first_seen_ts_ns": 645506292265,
      "last_seen_ts_ns": 645586719707
    },
    {
      "tgid": 11630,
      "comm": "runc:[2:INIT]",
      "cgroup_id": 9322,
      "wait_duration_stats_ns": {
        "count": 32.0,
        "sum": 347912520.99999994,
        "mean": 10872266.281249998,
        "median": 965312.1885457095,
        "min": 767,
        "max": 58171688,
        "variance_ns2": 352138072141414.1,
        "iqr_ns": 17473614.23202279,
        "q1_ns": 96048.9034367284,
        "q3_ns": 17569663.135459516
      },
      "futex_op_counts": {
        "128": 32
      },
      "first_seen_ts_ns": 565512185771,
      "last_seen_ts_ns": 565586299775
    },
    {
      "tgid": 11195,
      "comm": "gke-exec-auth-p",
      "cgroup_id": 6580,
      "wait_duration_stats_ns": {
        "count": 284.0,
        "sum": 344741287.9999995,
        "mean": 1213877.7746478857,
        "median": 161095.61885772337,
        "min": 679,
        "max": 42227112,
        "variance_ns2": 21863225372381.883,
        "iqr_ns": 477206.27651563036,
        "q1_ns": 43024.571783724714,
        "q3_ns": 520230.8482993551
      },
      "futex_op_counts": {
        "128": 284
      },
      "first_seen_ts_ns": 458768189611,
      "last_seen_ts_ns": 458840015211
    },
    {
      "tgid": 11653,
      "comm": "runc:[2:INIT]",
      "cgroup_id": 9322,
      "wait_duration_stats_ns": {
        "count": 27.0,
        "sum": 334509801.0,
        "mean": 12389251.888888888,
        "median": 3172569.3731829515,
        "min": 1687,
        "max": 58359412,
        "variance_ns2": 335321975691428.2,
        "iqr_ns": 11726366.192616375,
        "q1_ns": 458352.4337060244,
        "q3_ns": 12184718.6263224
      },
      "futex_op_counts": {
        "128": 27
      },
      "first_seen_ts_ns": 575507020225,
      "last_seen_ts_ns": 575573903410
    },
    {
      "tgid": 11608,
      "comm": "runc:[2:INIT]",
      "cgroup_id": 9322,
      "wait_duration_stats_ns": {
        "count": 31.0,
        "sum": 326992195.00000006,
        "mean": 10548135.322580647,
        "median": 2384457.3672575783,
        "min": 1145,
        "max": 58048250,
        "variance_ns2": 245388547027071.22,
        "iqr_ns": 9845404.8721893,
        "q1_ns": 655534.1286582252,
        "q3_ns": 10500939.000847526
      },
      "futex_op_counts": {
        "128": 31
      },
      "first_seen_ts_ns": 555506012763,
      "last_seen_ts_ns": 555571374096
    },
    {
      "tgid": 11052,
      "comm": "runc:[2:INIT]",
      "cgroup_id": 9322,
      "wait_duration_stats_ns": {
        "count": 28.0,
        "sum": 326722937.0,
        "mean": 11668676.32142857,
        "median": 2894346.5978735164,
        "min": 23030,
        "max": 66027003,
        "variance_ns2": 424214087321541.9,
        "iqr_ns": 13117224.906101882,
        "q1_ns": 508584.2448004885,
        "q3_ns": 13625809.150902372
      },
      "futex_op_counts": {
        "128": 28
      },
      "first_seen_ts_ns": 405508107317,
      "last_seen_ts_ns": 405594731208
    },
    {
      "tgid": 11137,
      "comm": "runc:[2:INIT]",
      "cgroup_id": 9322,
      "wait_duration_stats_ns": {
        "count": 28.0,
        "sum": 320552439.0,
        "mean": 11448301.392857144,
        "median": 866220.3173508984,
        "min": 1433,
        "max": 66568115,
        "variance_ns2": 499613104504141.7,
        "iqr_ns": 14245860.596533187,
        "q1_ns": 69675.60324336783,
        "q3_ns": 14315536.199776554
      },
      "futex_op_counts": {
        "128": 28
      },
      "first_seen_ts_ns": 445512087875,
      "last_seen_ts_ns": 445596604778
    },
    {
      "tgid": 12132,
      "comm": "runc:[2:INIT]",
      "cgroup_id": 9322,
      "wait_duration_stats_ns": {
        "count": 27.0,
        "sum": 318336507.0,
        "mean": 11790241.0,
        "median": 2057204.5463991815,
        "min": 21384,
        "max": 54941489,
        "variance_ns2": 274709514497951.0,
        "iqr_ns": 15855862.907892818,
        "q1_ns": 106692.40229663216,
        "q3_ns": 15962555.31018945
      },
      "futex_op_counts": {
        "128": 27
      },
      "first_seen_ts_ns": 675502199723,
      "last_seen_ts_ns": 675573230604
    },
    {
      "tgid": 11566,
      "comm": "runc:[2:INIT]",
      "cgroup_id": 9322,
      "wait_duration_stats_ns": {
        "count": 35.0,
        "sum": 308560199.0,
        "mean": 8816005.685714286,
        "median": 1302155.0150465888,
        "min": 7685,
        "max": 49180062,
        "variance_ns2": 267660996734149.75,
        "iqr_ns": 13247525.704765497,
        "q1_ns": 142482.72843239046,
        "q3_ns": 13390008.433197888
      },
      "futex_op_counts": {
        "128": 35
      },
      "first_seen_ts_ns": 535494552572,
      "last_seen_ts_ns": 535559755825
    },
    {
      "tgid": 11951,
      "comm": "runc:[2:INIT]",
      "cgroup_id": 9322,
      "wait_duration_stats_ns": {
        "count": 28.0,
        "sum": 305194818.0,
        "mean": 10899814.92857143,
        "median": 3164540.342162976,
        "min": 12015,
        "max": 53719207,
        "variance_ns2": 239702181299570.16,
        "iqr_ns": 11545702.865151763,
        "q1_ns": 645825.9112721515,
        "q3_ns": 12191528.776423914
      },
      "futex_op_counts": {
        "128": 28
      },
      "first_seen_ts_ns": 625513012689,
      "last_seen_ts_ns": 625574872395
    },
    {
      "tgid": 11095,
      "comm": "runc:[2:INIT]",
      "cgroup_id": 9322,
      "wait_duration_stats_ns": {
        "count": 34.0,
        "sum": 304398339.0,
        "mean": 8952892.323529411,
        "median": 1059266.611561575,
        "min": 16415,
        "max": 48149722,
        "variance_ns2": 248599944133255.72,
        "iqr_ns": 11888619.27184121,
        "q1_ns": 52382.20375025031,
        "q3_ns": 11941001.47559146
      },
      "futex_op_counts": {
        "128": 34
      },
      "first_seen_ts_ns": 425491160227,
      "last_seen_ts_ns": 425556967670
    },
    {
      "tgid": 11865,
      "comm": "runc",
      "cgroup_id": 6520,
      "wait_duration_stats_ns": {
        "count": 377.0,
        "sum": 298960616.00000006,
        "mean": 792998.9814323608,
        "median": 55911.37888098279,
        "min": 604,
        "max": 45824004,
        "variance_ns2": 19688993262220.484,
        "iqr_ns": 208677.54026147144,
        "q1_ns": 23885.133784474318,
        "q3_ns": 232562.67404594575
      },
      "futex_op_counts": {
        "128": 377
      },
      "first_seen_ts_ns": 595470600603,
      "last_seen_ts_ns": 595519493437
    },
    {
      "tgid": 11229,
      "comm": "runc:[2:INIT]",
      "cgroup_id": 9322,
      "wait_duration_stats_ns": {
        "count": 31.0,
        "sum": 284444388.0,
        "mean": 9175625.41935484,
        "median": 2031455.6062421207,
        "min": 17755,
        "max": 42960391,
        "variance_ns2": 211856667672907.1,
        "iqr_ns": 9792761.032463506,
        "q1_ns": 110202.26524884261,
        "q3_ns": 9902963.297712348
      },
      "futex_op_counts": {
        "128": 31
      },
      "first_seen_ts_ns": 465508278114,
      "last_seen_ts_ns": 465571057813
    },
    {
      "tgid": 10969,
      "comm": "runc",
      "cgroup_id": 6520,
      "wait_duration_stats_ns": {
        "count": 357.0,
        "sum": 271862124.0,
        "mean": 761518.5546218487,
        "median": 57473.501363697105,
        "min": 690,
        "max": 42304255,
        "variance_ns2": 17446699965341.943,
        "iqr_ns": 233411.73665236283,
        "q1_ns": 21384.882419775568,
        "q3_ns": 254796.6190721384
      },
      "futex_op_counts": {
        "128": 357
      },
      "first_seen_ts_ns": 375470573525,
      "last_seen_ts_ns": 375516129540
    },
    {
      "tgid": 11546,
      "comm": "runc:[2:INIT]",
      "cgroup_id": 9322,
      "wait_duration_stats_ns": {
        "count": 43.0,
        "sum": 268219154.99999997,
        "mean": 6237654.7674418595,
        "median": 564734.2456647416,
        "min": 2486,
        "max": 51322463,
        "variance_ns2": 192048166237870.5,
        "iqr_ns": 3202110.910977308,
        "q1_ns": 40919.46774807106,
        "q3_ns": 3243030.3787253792
      },
      "futex_op_counts": {
        "128": 43
      },
      "first_seen_ts_ns": 525501146218,
      "last_seen_ts_ns": 525572674276
    },
    {
      "tgid": 10918,
      "comm": "runc",
      "cgroup_id": 6520,
      "wait_duration_stats_ns": {
        "count": 375.0,
        "sum": 262315800.99999997,
        "mean": 699508.8026666666,
        "median": 53847.19981746629,
        "min": 4470,
        "max": 38416680,
        "variance_ns2": 14553273371288.48,
        "iqr_ns": 176559.05132100993,
        "q1_ns": 19825.626688243927,
        "q3_ns": 196384.67800925387
      },
      "futex_op_counts": {
        "128": 375
      },
      "first_seen_ts_ns": 365470425024,
      "last_seen_ts_ns": 365511782736
    },
    {
      "tgid": 11887,
      "comm": "runc",
      "cgroup_id": 6520,
      "wait_duration_stats_ns": {
        "count": 370.0,
        "sum": 258534103.00000006,
        "mean": 698740.8189189191,
        "median": 46082.15922533958,
        "min": 595,
        "max": 40166894,
        "variance_ns2": 15353595740507.11,
        "iqr_ns": 141158.5287621965,
        "q1_ns": 20919.535184464843,
        "q3_ns": 162078.06394666136
      },
      "futex_op_counts": {
        "128": 370
      },
      "first_seen_ts_ns": 605469966314,
      "last_seen_ts_ns": 605513013458
    },
    {
      "tgid": 11015,
      "comm": "runc",
      "cgroup_id": 6520,
      "wait_duration_stats_ns": {
        "count": 373.0,
        "sum": 226700347.99999997,
        "mean": 607775.7319034851,
        "median": 35377.50063667815,
        "min": 549,
        "max": 33625819,
        "variance_ns2": 16164782278927.844,
        "iqr_ns": 145543.21507645963,
        "q1_ns": 16277.406804661872,
        "q3_ns": 161820.6218811215
      },
      "futex_op_counts": {
        "128": 373
      },
      "first_seen_ts_ns": 395470224227,
      "last_seen_ts_ns": 395506718425
    },
    {
      "tgid": 11423,
      "comm": "runc",
      "cgroup_id": 6520,
      "wait_duration_stats_ns": {
        "count": 373.0,
        "sum": 217966315.0,
        "mean": 584360.0938337801,
        "median": 30797.490298762503,
        "min": 7231,
        "max": 32499103,
        "variance_ns2": 15045603122074.773,
        "iqr_ns": 117998.24248522703,
        "q1_ns": 14764.387921861555,
        "q3_ns": 132762.63040708858
      },
      "futex_op_counts": {
        "128": 373
      },
      "first_seen_ts_ns": 475471308657,
      "last_seen_ts_ns": 475506614727
    },
    {
      "tgid": 12155,
      "comm": "runc:[2:INIT]",
      "cgroup_id": 9322,
      "wait_duration_stats_ns": {
        "count": 28.0,
        "sum": 214734517.99999994,
        "mean": 7669089.928571426,
        "median": 2950545.1641823067,
        "min": 9455,
        "max": 36139560,
        "variance_ns2": 104354884704233.19,
        "iqr_ns": 6117207.713216439,
        "q1_ns": 359806.10860682616,
        "q3_ns": 6477013.821823265
      },
      "futex_op_counts": {
        "128": 28
      },
      "first_seen_ts_ns": 685514014367,
      "last_seen_ts_ns": 685558773271
    },
    {
      "tgid": 12168,
      "comm": "runc",
      "cgroup_id": 6520,
      "wait_duration_stats_ns": {
        "count": 393.0,
        "sum": 200626193.0,
        "mean": 510499.21882951655,
        "median": 25199.162618288246,
        "min": 7269,
        "max": 34831079,
        "variance_ns2": 13860140409586.35,
        "iqr_ns": 82013.33000197902,
        "q1_ns": 14418.938646612725,
        "q3_ns": 96432.26864859175
      },
      "futex_op_counts": {
        "128": 393
      },
      "first_seen_ts_ns": 695469830415,
      "last_seen_ts_ns": 695507547496
    },
    {
      "tgid": 11844,
      "comm": "runc",
      "cgroup_id": 6520,
      "wait_duration_stats_ns": {
        "count": 372.0,
        "sum": 197518895.0,
        "mean": 530964.7715053763,
        "median": 30432.922891984206,
        "min": 4067,
        "max": 29483336,
        "variance_ns2": 12176151543642.09,
        "iqr_ns": 101653.6644868364,
        "q1_ns": 13944.592370487817,
        "q3_ns": 115598.25685732422
      },
      "futex_op_counts": {
        "128": 372
      },
      "first_seen_ts_ns": 585470090163,
      "last_seen_ts_ns": 585502436474
    },
    {
      "tgid": 11469,
      "comm": "runc",
      "cgroup_id": 6520,
      "wait_duration_stats_ns": {
        "count": 385.0,
        "sum": 196527223.0,
        "mean": 510460.3194805195,
        "median": 31703.548332457445,
        "min": 565,
        "max": 29252928,
        "variance_ns2": 11719958041326.27,
        "iqr_ns": 106507.5597989456,
        "q1_ns": 14041.504888425736,
        "q3_ns": 120549.06468737134
      },
      "futex_op_counts": {
        "128": 385
      },
      "first_seen_ts_ns": 495469603093,
      "last_seen_ts_ns": 495501852731
    },
    {
      "tgid": 10990,
      "comm": "runc",
      "cgroup_id": 6520,
      "wait_duration_stats_ns": {
        "count": 372.0,
        "sum": 192181038.00000003,
        "mean": 516615.69354838715,
        "median": 28193.330846029654,
        "min": 1269,
        "max": 33282983,
        "variance_ns2": 13059947935923.69,
        "iqr_ns": 109900.11751751936,
        "q1_ns": 15330.433388648022,
        "q3_ns": 125230.55090616738
      },
      "futex_op_counts": {
        "128": 372
      },
      "first_seen_ts_ns": 385469671941,
      "last_seen_ts_ns": 385506008770
    },
    {
      "tgid": 11448,
      "comm": "runc",
      "cgroup_id": 6520,
      "wait_duration_stats_ns": {
        "count": 355.0,
        "sum": 178346249.99999997,
        "mean": 502383.80281690136,
        "median": 31192.243485590723,
        "min": 782,
        "max": 31063616,
        "variance_ns2": 11751105704362.04,
        "iqr_ns": 91486.69609862419,
        "q1_ns": 14937.59083757205,
        "q3_ns": 106424.28693619624
      },
      "futex_op_counts": {
        "128": 355
      },
      "first_seen_ts_ns": 485469581177,
      "last_seen_ts_ns": 485503666163
    },
    {
      "tgid": 11877,
      "comm": "runc:[2:INIT]",
      "cgroup_id": 9322,
      "wait_duration_stats_ns": {
        "count": 28.0,
        "sum": 177972785.0,
        "mean": 6356170.892857143,
        "median": 673447.939024565,
        "min": 4331,
        "max": 23414485,
        "variance_ns2": 80958257151075.78,
        "iqr_ns": 8113641.813650703,
        "q1_ns": 66023.24109197725,
        "q3_ns": 8179665.05474268
      },
      "futex_op_counts": {
        "128": 28
      },
      "first_seen_ts_ns": 595480028204,
      "last_seen_ts_ns": 595519527763
    },
    {
      "tgid": 11910,
      "comm": "runc",
      "cgroup_id": 6520,
      "wait_duration_stats_ns": {
        "count": 333.0,
        "sum": 173079365.00000003,
        "mean": 519757.8528528529,
        "median": 31836.27182539335,
        "min": 684,
        "max": 30142162,
        "variance_ns2": 11796938167447.145,
        "iqr_ns": 122107.47977611789,
        "q1_ns": 15231.878416864147,
        "q3_ns": 137339.35819298204
      },
      "futex_op_counts": {
        "128": 333
      },
      "first_seen_ts_ns": 615469768528,
      "last_seen_ts_ns": 615503014799
    },
    {
      "tgid": 11489,
      "comm": "runc",
      "cgroup_id": 6520,
      "wait_duration_stats_ns": {
        "count": 349.0,
        "sum": 166739693.99999994,
        "mean": 477764.16618911154,
        "median": 30546.06632180507,
        "min": 700,
        "max": 29131919,
        "variance_ns2": 10348643472314.91,
        "iqr_ns": 108793.96585957978,
        "q1_ns": 14516.019683046383,
        "q3_ns": 123309.98554262616
      },
      "futex_op_counts": {
        "128": 349
      },
      "first_seen_ts_ns": 505470435351,
      "last_seen_ts_ns": 505502610869
    },
    {
      "tgid": 10980,
      "comm": "runc:[2:INIT]",
      "cgroup_id": 9322,
      "wait_duration_stats_ns": {
        "count": 30.0,
        "sum": 163471361.0,
        "mean": 5449045.366666666,
        "median": 240899.85980960578,
        "min": 576,
        "max": 20563119,
        "variance_ns2": 64493587467915.195,
        "iqr_ns": 5679901.962007366,
        "q1_ns": 72824.82434497218,
        "q3_ns": 5752726.786352338
      },
      "futex_op_counts": {
        "128": 30
      },
      "first_seen_ts_ns": 375479653677,
      "last_seen_ts_ns": 375516170106
    },
    {
      "tgid": 11899,
      "comm": "runc:[2:INIT]",
      "cgroup_id": 9322,
      "wait_duration_stats_ns": {
        "count": 26.0,
        "sum": 153222330.00000003,
        "mean": 5893166.53846154,
        "median": 745986.7975292547,
        "min": 41518,
        "max": 18653858,
        "variance_ns2": 58837655126957.69,
        "iqr_ns": 8309549.420090973,
        "q1_ns": 81560.62469135803,
        "q3_ns": 8391110.044782331
      },
      "futex_op_counts": {
        "128": 26
      },
      "first_seen_ts_ns": 605478618287,
      "last_seen_ts_ns": 605513020749
    },
    {
      "tgid": 10929,
      "comm": "runc:[2:INIT]",
      "cgroup_id": 9322,
      "wait_duration_stats_ns": {
        "count": 30.0,
        "sum": 145763947.99999997,
        "mean": 4858798.266666666,
        "median": 761413.9293852013,
        "min": 613,
        "max": 17325454,
        "variance_ns2": 49612766741108.414,
        "iqr_ns": 9659032.578306435,
        "q1_ns": 53027.68613974938,
        "q3_ns": 9712060.264446184
      },
      "futex_op_counts": {
        "128": 30
      },
      "first_seen_ts_ns": 365478855311,
      "last_seen_ts_ns": 365511802087
    },
    {
      "tgid": 12178,
      "comm": "runc:[2:INIT]",
      "cgroup_id": 9322,
      "wait_duration_stats_ns": {
        "count": 31.0,
        "sum": 132360450.0,
        "mean": 4269691.935483871,
        "median": 639372.9851792096,
        "min": 488,
        "max": 15547381,
        "variance_ns2": 39441615637869.945,
        "iqr_ns": 6129441.663360562,
        "q1_ns": 39138.56830530446,
        "q3_ns": 6168580.231665866
      },
      "futex_op_counts": {
        "128": 31
      },
      "first_seen_ts_ns": 695477383374,
      "last_seen_ts_ns": 695507597722
    },
    {
      "tgid": 11026,
      "comm": "runc:[2:INIT]",
      "cgroup_id": 9322,
      "wait_duration_stats_ns": {
        "count": 26.0,
        "sum": 123041055.0,
        "mean": 4732348.269230769,
        "median": 879571.232016196,
        "min": 29811,
        "max": 15455734,
        "variance_ns2": 36936724087191.33,
        "iqr_ns": 6687231.743856985,
        "q1_ns": 90606.31388911136,
        "q3_ns": 6777838.0577460965
      },
      "futex_op_counts": {
        "128": 26
      },
      "first_seen_ts_ns": 395478306163,
      "last_seen_ts_ns": 395506638918
    },
    {
      "tgid": 11001,
      "comm": "runc:[2:INIT]",
      "cgroup_id": 9322,
      "wait_duration_stats_ns": {
        "count": 29.0,
        "sum": 121883219.00000001,
        "mean": 4202869.620689656,
        "median": 713862.1700789188,
        "min": 17875,
        "max": 15727194,
        "variance_ns2": 34683900006114.242,
        "iqr_ns": 8177974.529368073,
        "q1_ns": 83701.1699803375,
        "q3_ns": 8261675.699348411
      },
      "futex_op_counts": {
        "128": 29
      },
      "first_seen_ts_ns": 385477761450,
      "last_seen_ts_ns": 385505924908
    },
    {
      "tgid": 11435,
      "comm": "runc:[2:INIT]",
      "cgroup_id": 9322,
      "wait_duration_stats_ns": {
        "count": 28.0,
        "sum": 119583165.00000001,
        "mean": 4270827.321428572,
        "median": 343200.84395860595,
        "min": 640,
        "max": 15582121,
        "variance_ns2": 34721058546342.008,
        "iqr_ns": 7199665.531618253,
        "q1_ns": 41722.22206669561,
        "q3_ns": 7241387.753684949
      },
      "futex_op_counts": {
        "128": 28
      },
      "first_seen_ts_ns": 475479022639,
      "last_seen_ts_ns": 475506688295
    },
    {
      "tgid": 11458,
      "comm": "runc:[2:INIT]",
      "cgroup_id": 9322,
      "wait_duration_stats_ns": {
        "count": 26.0,
        "sum": 111384809.00000001,
        "mean": 4284031.115384616,
        "median": 529944.4147588606,
        "min": 22347,
        "max": 15488564,
        "variance_ns2": 32703990200953.863,
        "iqr_ns": 6560713.686860522,
        "q1_ns": 50961.08222222223,
        "q3_ns": 6611674.769082745
      },
      "futex_op_counts": {
        "128": 26
      },
      "first_seen_ts_ns": 485477603160,
      "last_seen_ts_ns": 485503622808
    },
    {
      "tgid": 11920,
      "comm": "runc:[2:INIT]",
      "cgroup_id": 9322,
      "wait_duration_stats_ns": {
        "count": 27.0,
        "sum": 107019187.0,
        "mean": 3963673.592592593,
        "median": 860195.623199865,
        "min": 610,
        "max": 15751125,
        "variance_ns2": 30787084772750.79,
        "iqr_ns": 5317074.044108597,
        "q1_ns": 65070.49166666667,
        "q3_ns": 5382144.535775263
      },
      "futex_op_counts": {
        "128": 27
      },
      "first_seen_ts_ns": 615477804741,
      "last_seen_ts_ns": 615503023764
    },
    {
      "tgid": 11855,
      "comm": "runc:[2:INIT]",
      "cgroup_id": 9322,
      "wait_duration_stats_ns": {
        "count": 28.0,
        "sum": 105467474.99999999,
        "mean": 3766695.535714285,
        "median": 434984.39318482974,
        "min": 505,
        "max": 15427483,
        "variance_ns2": 29397060092994.406,
        "iqr_ns": 5737604.990046395,
        "q1_ns": 49526.32834819854,
        "q3_ns": 5787131.318394594
      },
      "futex_op_counts": {
        "128": 28
      },
      "first_seen_ts_ns": 585477660257,
      "last_seen_ts_ns": 585502464968
    },
    {
      "tgid": 11499,
      "comm": "runc:[2:INIT]",
      "cgroup_id": 9322,
      "wait_duration_stats_ns": {
        "count": 29.0,
        "sum": 101425932.99999999,
        "mean": 3497445.965517241,
        "median": 670200.0959101247,
        "min": 18678,
        "max": 15563919,
        "variance_ns2": 27582813364698.895,
        "iqr_ns": 5579173.9812778495,
        "q1_ns": 88231.49594118074,
        "q3_ns": 5667405.47721903
      },
      "futex_op_counts": {
        "128": 29
      },
      "first_seen_ts_ns": 505478591428,
      "last_seen_ts_ns": 505502627495
    },
    {
      "tgid": 11480,
      "comm": "runc:[2:INIT]",
      "cgroup_id": 9322,
      "wait_duration_stats_ns": {
        "count": 25.0,
        "sum": 78641742.0,
        "mean": 3145669.6799999997,
        "median": 654298.6897532265,
        "min": 986,
        "max": 15661888,
        "variance_ns2": 24472889405656.48,
        "iqr_ns": 4425745.179214184,
        "q1_ns": 71979.93649311402,
        "q3_ns": 4497725.115707298
      },
      "futex_op_counts": {
        "128": 25
      },
      "first_seen_ts_ns": 495477443201,
      "last_seen_ts_ns": 495501799763
    },
    {
      "tgid": 11930,
      "comm": "gce_workload_ce",
      "cgroup_id": 10198,
      "wait_duration_stats_ns": {
        "count": 356.0,
        "sum": 50461364.000000015,
        "mean": 141745.40449438206,
        "median": 44431.061481297096,
        "min": 510,
        "max": 9957777,
        "variance_ns2": 515449690591.081,
        "iqr_ns": 125564.47731417752,
        "q1_ns": 14554.919420157144,
        "q3_ns": 140119.39673433467
      },
      "futex_op_counts": {
        "128": 356
      },
      "first_seen_ts_ns": 618748409290,
      "last_seen_ts_ns": 618758514089
    },
    {
      "tgid": 10660,
      "comm": "runc",
      "cgroup_id": 6520,
      "wait_duration_stats_ns": {
        "count": 26.0,
        "sum": 21971022.0,
        "mean": 845039.3076923077,
        "median": 488961.2649467971,
        "min": 30832,
        "max": 5492119,
        "variance_ns2": 1781806847300.5415,
        "iqr_ns": 943360.2441209857,
        "q1_ns": 141924.24884982972,
        "q3_ns": 1085284.4929708154
      },
      "futex_op_counts": {
        "128": 26
      },
      "first_seen_ts_ns": 349278488720,
      "last_seen_ts_ns": 349284140862
    },
    {
      "tgid": 10412,
      "comm": "flux-broker-18",
      "cgroup_id": 10119,
      "wait_duration_stats_ns": {
        "count": 521.0,
        "sum": 14479784.00000001,
        "mean": 27792.291746641095,
        "median": 4855.749711080818,
        "min": 381,
        "max": 3384776,
        "variance_ns2": 58566620367.99928,
        "iqr_ns": 7320.158843257762,
        "q1_ns": 636.3331423062417,
        "q3_ns": 7956.491985564004
      },
      "futex_op_counts": {
        "128": 521
      },
      "first_seen_ts_ns": 359322557158,
      "last_seen_ts_ns": 695873060764
    },
    {
      "tgid": 11608,
      "comm": "csi-node-driver",
      "cgroup_id": 9322,
      "wait_duration_stats_ns": {
        "count": 24.0,
        "sum": 12680153.0,
        "mean": 528339.7083333334,
        "median": 128012.05987116805,
        "min": 9360,
        "max": 3194897,
        "variance_ns2": 654738267596.7373,
        "iqr_ns": 772997.532648325,
        "q1_ns": 41267.31172848896,
        "q3_ns": 814264.844376814
      },
      "futex_op_counts": {
        "128": 24
      },
      "first_seen_ts_ns": 555577824925,
      "last_seen_ts_ns": 555581653482
    },
    {
      "tgid": 12082,
      "comm": "csi-node-driver",
      "cgroup_id": 9322,
      "wait_duration_stats_ns": {
        "count": 17.0,
        "sum": 11736165.000000002,
        "mean": 690362.6470588236,
        "median": 94034.39558023903,
        "min": 25785,
        "max": 5017845,
        "variance_ns2": 1597188868452.1174,
        "iqr_ns": 972459.5030464868,
        "q1_ns": 33032.9724537037,
        "q3_ns": 1005492.4755001904
      },
      "futex_op_counts": {
        "128": 17
      },
      "first_seen_ts_ns": 655594971542,
      "last_seen_ts_ns": 655600027525
    },
    {
      "tgid": 11137,
      "comm": "csi-node-driver",
      "cgroup_id": 9322,
      "wait_duration_stats_ns": {
        "count": 21.0,
        "sum": 11521980.0,
        "mean": 548665.7142857143,
        "median": 172606.36642370603,
        "min": 27128,
        "max": 1943006,
        "variance_ns2": 439953139483.01434,
        "iqr_ns": 941805.356986556,
        "q1_ns": 83543.05978727125,
        "q3_ns": 1025348.4167738273
      },
      "futex_op_counts": {
        "128": 21
      },
      "first_seen_ts_ns": 445601831605,
      "last_seen_ts_ns": 445606266315
    },
    {
      "tgid": 12105,
      "comm": "csi-node-driver",
      "cgroup_id": 9322,
      "wait_duration_stats_ns": {
        "count": 23.0,
        "sum": 11163472.0,
        "mean": 485368.347826087,
        "median": 107127.72985386112,
        "min": 14487,
        "max": 2164007,
        "variance_ns2": 517187788415.9645,
        "iqr_ns": 513690.7508956228,
        "q1_ns": 25162.6526541798,
        "q3_ns": 538853.4035498026
      },
      "futex_op_counts": {
        "128": 23
      },
      "first_seen_ts_ns": 665588864771,
      "last_seen_ts_ns": 665592671616
    },
    {
      "tgid": 11877,
      "comm": "csi-node-driver",
      "cgroup_id": 9322,
      "wait_duration_stats_ns": {
        "count": 21.0,
        "sum": 10571429.0,
        "mean": 503401.38095238095,
        "median": 253135.8261228955,
        "min": 12734,
        "max": 1927870,
        "variance_ns2": 422658495581.9476,
        "iqr_ns": 547455.3528294355,
        "q1_ns": 51085.763611111106,
        "q3_ns": 598541.1164405466
      },
      "futex_op_counts": {
        "128": 21
      },
      "first_seen_ts_ns": 595521457455,
      "last_seen_ts_ns": 595525027750
    },
    {
      "tgid": 10980,
      "comm": "csi-node-driver",
      "cgroup_id": 9322,
      "wait_duration_stats_ns": {
        "count": 19.0,
        "sum": 10302921.0,
        "mean": 542259.0,
        "median": 226191.40349794237,
        "min": 13011,
        "max": 2098737,
        "variance_ns2": 508481929466.2222,
        "iqr_ns": 457485.3209515621,
        "q1_ns": 50103.75655864199,
        "q3_ns": 507589.07751020405
      },
      "futex_op_counts": {
        "128": 19
      },
      "first_seen_ts_ns": 375518302893,
      "last_seen_ts_ns": 375521757384
    },
    {
      "tgid": 11161,
      "comm": "csi-node-driver",
      "cgroup_id": 9322,
      "wait_duration_stats_ns": {
        "count": 19.0,
        "sum": 10297567.000000002,
        "mean": 541977.2105263158,
        "median": 138562.09086177766,
        "min": 2605,
        "max": 2148056,
        "variance_ns2": 542705397874.5088,
        "iqr_ns": 788115.731182923,
        "q1_ns": 24222.338324652777,
        "q3_ns": 812338.0695075757
      },
      "futex_op_counts": {
        "128": 19
      },
      "first_seen_ts_ns": 455593728549,
      "last_seen_ts_ns": 455597295579
    },
    {
      "tgid": 11630,
      "comm": "csi-node-driver",
      "cgroup_id": 9322,
      "wait_duration_stats_ns": {
        "count": 17.0,
        "sum": 10263248.000000002,
        "mean": 603720.4705882354,
        "median": 288007.8039912471,
        "min": 16951,
        "max": 2208980,
        "variance_ns2": 568982259069.5146,
        "iqr_ns": 907306.6306526464,
        "q1_ns": 32487.215534979427,
        "q3_ns": 939793.8461876259
      },
      "futex_op_counts": {
        "128": 17
      },
      "first_seen_ts_ns": 565588151143,
      "last_seen_ts_ns": 565591607472
    },
    {
      "tgid": 11546,
      "comm": "csi-node-driver",
      "cgroup_id": 9322,
      "wait_duration_stats_ns": {
        "count": 20.0,
        "sum": 10156296.0,
        "mean": 507814.8,
        "median": 84570.4902689616,
        "min": 25018,
        "max": 1927252,
        "variance_ns2": 460627181117.958,
        "iqr_ns": 650047.4894979586,
        "q1_ns": 43509.270833333336,
        "q3_ns": 693556.7603312919
      },
      "futex_op_counts": {
        "128": 20
      },
      "first_seen_ts_ns": 525575212597,
      "last_seen_ts_ns": 525578670232
    },
    {
      "tgid": 11566,
      "comm": "csi-node-driver",
      "cgroup_id": 9322,
      "wait_duration_stats_ns": {
        "count": 18.0,
        "sum": 10149180.0,
        "mean": 563843.3333333334,
        "median": 244361.16954943788,
        "min": 11310,
        "max": 2267974,
        "variance_ns2": 566428022040.0001,
        "iqr_ns": 864248.8345360851,
        "q1_ns": 74187.50282186948,
        "q3_ns": 938436.3373579546
      },
      "futex_op_counts": {
        "128": 18
      },
      "first_seen_ts_ns": 535563185373,
      "last_seen_ts_ns": 535566661564
    },
    {
      "tgid": 12178,
      "comm": "csi-node-driver",
      "cgroup_id": 9322,
      "wait_duration_stats_ns": {
        "count": 19.0,
        "sum": 9753726.0,
        "mean": 513354.0,
        "median": 303938.01708730054,
        "min": 15695,
        "max": 1838412,
        "variance_ns2": 423396124286.55566,
        "iqr_ns": 594796.414412963,
        "q1_ns": 28412.354938271612,
        "q3_ns": 623208.7693512345
      },
      "futex_op_counts": {
        "128": 19
      },
      "first_seen_ts_ns": 695509488151,
      "last_seen_ts_ns": 695512803431
    },
    {
      "tgid": 11095,
      "comm": "csi-node-driver",
      "cgroup_id": 9322,
      "wait_duration_stats_ns": {
        "count": 17.0,
        "sum": 9752587.0,
        "mean": 573681.5882352941,
        "median": 246416.26592025696,
        "min": 17498,
        "max": 3334923,
        "variance_ns2": 850506292979.8823,
        "iqr_ns": 847004.9688425927,
        "q1_ns": 33668.990740740745,
        "q3_ns": 880673.9595833335
      },
      "futex_op_counts": {
        "128": 17
      },
      "first_seen_ts_ns": 425562637219,
      "last_seen_ts_ns": 425565969731
    },
    {
      "tgid": 11522,
      "comm": "csi-node-driver",
      "cgroup_id": 9322,
      "wait_duration_stats_ns": {
        "count": 24.0,
        "sum": 9677218.0,
        "mean": 403217.4166666666,
        "median": 199134.20225065958,
        "min": 12454,
        "max": 1556949,
        "variance_ns2": 325017825080.34064,
        "iqr_ns": 560461.6915736955,
        "q1_ns": 22635.966017232513,
        "q3_ns": 583097.657590928
      },
      "futex_op_counts": {
        "128": 24
      },
      "first_seen_ts_ns": 515597465261,
      "last_seen_ts_ns": 515600755687
    },
    {
      "tgid": 11975,
      "comm": "csi-node-driver",
      "cgroup_id": 9322,
      "wait_duration_stats_ns": {
        "count": 18.0,
        "sum": 9665223.0,
        "mean": 536956.8333333334,
        "median": 213991.20255484467,
        "min": 7352,
        "max": 3303254,
        "variance_ns2": 796774242608.1471,
        "iqr_ns": 454052.4412511358,
        "q1_ns": 23343.362139917703,
        "q3_ns": 477395.80339105346
      },
      "futex_op_counts": {
        "128": 18
      },
      "first_seen_ts_ns": 635596720710,
      "last_seen_ts_ns": 635600015399
    },
    {
      "tgid": 11026,
      "comm": "csi-node-driver",
      "cgroup_id": 9322,
      "wait_duration_stats_ns": {
        "count": 18.0,
        "sum": 9475996.0,
        "mean": 526444.2222222222,
        "median": 268535.89928571426,
        "min": 15310,
        "max": 1987242,
        "variance_ns2": 441384172980.7712,
        "iqr_ns": 637916.2659543852,
        "q1_ns": 29136.705246913596,
        "q3_ns": 667052.9712012988
      },
      "futex_op_counts": {
        "128": 18
      },
      "first_seen_ts_ns": 395508647665,
      "last_seen_ts_ns": 395511857344
    },
    {
      "tgid": 11072,
      "comm": "csi-node-driver",
      "cgroup_id": 9322,
      "wait_duration_stats_ns": {
        "count": 19.0,
        "sum": 9460103.0,
        "mean": 497900.1578947368,
        "median": 165419.25826218378,
        "min": 16438,
        "max": 1849689,
        "variance_ns2": 422018639827.0292,
        "iqr_ns": 713256.3567220053,
        "q1_ns": 27895.97348632813,
        "q3_ns": 741152.3302083334
      },
      "futex_op_counts": {
        "128": 19
      },
      "first_seen_ts_ns": 415602682324,
      "last_seen_ts_ns": 415605976897
    },
    {
      "tgid": 11229,
      "comm": "csi-node-driver",
      "cgroup_id": 9322,
      "wait_duration_stats_ns": {
        "count": 19.0,
        "sum": 9297109.0,
        "mean": 489321.5263157895,
        "median": 174455.18129546958,
        "min": 10185,
        "max": 1960973,
        "variance_ns2": 430186634547.7076,
        "iqr_ns": 665277.3003094938,
        "q1_ns": 57352.881026785726,
        "q3_ns": 722630.1813362795
      },
      "futex_op_counts": {
        "128": 19
      },
      "first_seen_ts_ns": 465576649073,
      "last_seen_ts_ns": 465579814781
    },
    {
      "tgid": 10929,
      "comm": "csi-node-driver",
      "cgroup_id": 9322,
      "wait_duration_stats_ns": {
        "count": 17.0,
        "sum": 9270243.999999998,
        "mean": 545308.4705882352,
        "median": 97038.8075,
        "min": 9811,
        "max": 1872543,
        "variance_ns2": 472735787565.6397,
        "iqr_ns": 962622.0239277697,
        "q1_ns": 29036.000000000007,
        "q3_ns": 991658.0239277697
      },
      "futex_op_counts": {
        "128": 17
      },
      "first_seen_ts_ns": 365513631912,
      "last_seen_ts_ns": 365516873330
    },
    {
      "tgid": 11587,
      "comm": "csi-node-driver",
      "cgroup_id": 9322,
      "wait_duration_stats_ns": {
        "count": 20.0,
        "sum": 9251877.0,
        "mean": 462593.85000000003,
        "median": 232442.58515949917,
        "min": 11360,
        "max": 1900281,
        "variance_ns2": 408892439991.608,
        "iqr_ns": 665715.8468053245,
        "q1_ns": 25964.954320987665,
        "q3_ns": 691680.8011263122
      },
      "futex_op_counts": {
        "128": 20
      },
      "first_seen_ts_ns": 545605688546,
      "last_seen_ts_ns": 545608818678
    },
    {
      "tgid": 12061,
      "comm": "csi-node-driver",
      "cgroup_id": 9322,
      "wait_duration_stats_ns": {
        "count": 21.0,
        "sum": 9130256.999999998,
        "mean": 434774.1428571428,
        "median": 75316.42888861867,
        "min": 8464,
        "max": 1692596,
        "variance_ns2": 359420276476.9286,
        "iqr_ns": 773294.5413621974,
        "q1_ns": 25934.50597222222,
        "q3_ns": 799229.0473344196
      },
      "futex_op_counts": {
        "128": 21
      },
      "first_seen_ts_ns": 645588922428,
      "last_seen_ts_ns": 645592043831
    },
    {
      "tgid": 12132,
      "comm": "csi-node-driver",
      "cgroup_id": 9322,
      "wait_duration_stats_ns": {
        "count": 22.0,
        "sum": 9118441.0,
        "mean": 414474.59090909094,
        "median": 45370.2755165102,
        "min": 11711,
        "max": 1893899,
        "variance_ns2": 372900066096.91986,
        "iqr_ns": 557801.6709607347,
        "q1_ns": 29306.62026909722,
        "q3_ns": 587108.291229832
      },
      "futex_op_counts": {
        "128": 22
      },
      "first_seen_ts_ns": 675582325424,
      "last_seen_ts_ns": 675585424527
    },
    {
      "tgid": 11899,
      "comm": "csi-node-driver",
      "cgroup_id": 9322,
      "wait_duration_stats_ns": {
        "count": 19.0,
        "sum": 9037614.0,
        "mean": 475663.8947368421,
        "median": 234453.12415740266,
        "min": 6492,
        "max": 1716838,
        "variance_ns2": 378716792296.5438,
        "iqr_ns": 457310.7259023491,
        "q1_ns": 24308.60647076475,
        "q3_ns": 481619.33237311384
      },
      "futex_op_counts": {
        "128": 19
      },
      "first_seen_ts_ns": 605515156735,
      "last_seen_ts_ns": 605518208541
    },
    {
      "tgid": 11117,
      "comm": "csi-node-driver",
      "cgroup_id": 9322,
      "wait_duration_stats_ns": {
        "count": 18.0,
        "sum": 9027256.0,
        "mean": 501514.2222222222,
        "median": 72007.078125,
        "min": 16350,
        "max": 1819413,
        "variance_ns2": 421110844746.3007,
        "iqr_ns": 567623.8588702877,
        "q1_ns": 32138.36827256944,
        "q3_ns": 599762.2271428572
      },
      "futex_op_counts": {
        "128": 18
      },
      "first_seen_ts_ns": 435596341694,
      "last_seen_ts_ns": 435599489529
    },
    {
      "tgid": 11855,
      "comm": "csi-node-driver",
      "cgroup_id": 9322,
      "wait_duration_stats_ns": {
        "count": 18.0,
        "sum": 9020313.000000002,
        "mean": 501128.50000000006,
        "median": 250566.4621959509,
        "min": 8799,
        "max": 1842384,
        "variance_ns2": 420609917757.08813,
        "iqr_ns": 570409.695794753,
        "q1_ns": 21980.50837191358,
        "q3_ns": 592390.2041666666
      },
      "futex_op_counts": {
        "128": 18
      },
      "first_seen_ts_ns": 585504117229,
      "last_seen_ts_ns": 585507175373
    },
    {
      "tgid": 11653,
      "comm": "csi-node-driver",
      "cgroup_id": 9322,
      "wait_duration_stats_ns": {
        "count": 21.0,
        "sum": 8970539.999999998,
        "mean": 427168.57142857136,
        "median": 124423.13287396086,
        "min": 13396,
        "max": 1487329,
        "variance_ns2": 333655801907.35706,
        "iqr_ns": 798351.3800412178,
        "q1_ns": 19328.379369212962,
        "q3_ns": 817679.7594104308
      },
      "futex_op_counts": {
        "128": 21
      },
      "first_seen_ts_ns": 575578568920,
      "last_seen_ts_ns": 575581629795
    },
    {
      "tgid": 11052,
      "comm": "csi-node-driver",
      "cgroup_id": 9322,
      "wait_duration_stats_ns": {
        "count": 14.0,
        "sum": 8944028.0,
        "mean": 638859.1428571428,
        "median": 101331.07934930557,
        "min": 18573,
        "max": 2981282,
        "variance_ns2": 1013064469951.978,
        "iqr_ns": 377059.08444113744,
        "q1_ns": 32934.03368055556,
        "q3_ns": 409993.118121693
      },
      "futex_op_counts": {
        "128": 14
      },
      "first_seen_ts_ns": 405598478202,
      "last_seen_ts_ns": 405601455582
    },
    {
      "tgid": 11920,
      "comm": "csi-node-driver",
      "cgroup_id": 9322,
      "wait_duration_stats_ns": {
        "count": 17.0,
        "sum": 8867826.0,
        "mean": 521636.82352941175,
        "median": 262962.5073893229,
        "min": 18519,
        "max": 1810513,
        "variance_ns2": 404453423111.40436,
        "iqr_ns": 717395.1484067137,
        "q1_ns": 40603.807002314825,
        "q3_ns": 757998.9554090286
      },
      "futex_op_counts": {
        "128": 17
      },
      "first_seen_ts_ns": 615504968829,
      "last_seen_ts_ns": 615507977495
    },
    {
      "tgid": 12155,
      "comm": "csi-node-driver",
      "cgroup_id": 9322,
      "wait_duration_stats_ns": {
        "count": 19.0,
        "sum": 8865962.0,
        "mean": 466629.5789473684,
        "median": 100842.70064484127,
        "min": 9999,
        "max": 1776193,
        "variance_ns2": 373038160705.2574,
        "iqr_ns": 625992.4456018518,
        "q1_ns": 33880.208333333336,
        "q3_ns": 659872.6539351852
      },
      "futex_op_counts": {
        "128": 19
      },
      "first_seen_ts_ns": 685560471049,
      "last_seen_ts_ns": 685563503988
    },
    {
      "tgid": 11001,
      "comm": "csi-node-driver",
      "cgroup_id": 9322,
      "wait_duration_stats_ns": {
        "count": 18.0,
        "sum": 8765705.000000002,
        "mean": 486983.6111111112,
        "median": 179185.4550917761,
        "min": 11507,
        "max": 1786926,
        "variance_ns2": 387337627387.78107,
        "iqr_ns": 554193.5285616582,
        "q1_ns": 24626.421296296296,
        "q3_ns": 578819.9498579545
      },
      "futex_op_counts": {
        "128": 18
      },
      "first_seen_ts_ns": 385507720416,
      "last_seen_ts_ns": 385510693384
    },
    {
      "tgid": 11435,
      "comm": "csi-node-driver",
      "cgroup_id": 9322,
      "wait_duration_stats_ns": {
        "count": 19.0,
        "sum": 8658794.0,
        "mean": 455726.0,
        "median": 252678.95731404622,
        "min": 12134,
        "max": 1670729,
        "variance_ns2": 350396837643.889,
        "iqr_ns": 323499.52240806876,
        "q1_ns": 31839.285300925927,
        "q3_ns": 355338.8077089947
      },
      "futex_op_counts": {
        "128": 19
      },
      "first_seen_ts_ns": 475508778111,
      "last_seen_ts_ns": 475511741367
    },
    {
      "tgid": 11458,
      "comm": "csi-node-driver",
      "cgroup_id": 9322,
      "wait_duration_stats_ns": {
        "count": 20.0,
        "sum": 8526837.0,
        "mean": 426341.85,
        "median": 55321.56625434028,
        "min": 16286,
        "max": 1663719,
        "variance_ns2": 337530382036.55524,
        "iqr_ns": 665521.8052662946,
        "q1_ns": 27442.395576131687,
        "q3_ns": 692964.2008424263
      },
      "futex_op_counts": {
        "128": 20
      },
      "first_seen_ts_ns": 485505294458,
      "last_seen_ts_ns": 485508228162
    },
    {
      "tgid": 11480,
      "comm": "csi-node-driver",
      "cgroup_id": 9322,
      "wait_duration_stats_ns": {
        "count": 21.0,
        "sum": 8497510.0,
        "mean": 404643.3333333334,
        "median": 85908.60503661685,
        "min": 576,
        "max": 1676901,
        "variance_ns2": 330610829893.6333,
        "iqr_ns": 648636.6081208759,
        "q1_ns": 36011.723895345174,
        "q3_ns": 684648.332016221
      },
      "futex_op_counts": {
        "128": 21
      },
      "first_seen_ts_ns": 495503420572,
      "last_seen_ts_ns": 495506365249
    },
    {
      "tgid": 11499,
      "comm": "csi-node-driver",
      "cgroup_id": 9322,
      "wait_duration_stats_ns": {
        "count": 17.0,
        "sum": 8345860.999999999,
        "mean": 490932.99999999994,
        "median": 200058.6915020576,
        "min": 13966,
        "max": 1722650,
        "variance_ns2": 370364303678.375,
        "iqr_ns": 717877.7935037878,
        "q1_ns": 33686.0,
        "q3_ns": 751563.7935037878
      },
      "futex_op_counts": {
        "128": 17
      },
      "first_seen_ts_ns": 505504422107,
      "last_seen_ts_ns": 505507276727
    },
    {
      "tgid": 11951,
      "comm": "csi-node-driver",
      "cgroup_id": 9322,
      "wait_duration_stats_ns": {
        "count": 14.0,
        "sum": 3741074.000000001,
        "mean": 267219.5714285715,
        "median": 26698.32,
        "min": 14679,
        "max": 1526019,
        "variance_ns2": 233289224658.26373,
        "iqr_ns": 178877.26956018514,
        "q1_ns": 19956.174884259257,
        "q3_ns": 198833.4444444444
      },
      "futex_op_counts": {
        "128": 14
      },
      "first_seen_ts_ns": 625579231375,
      "last_seen_ts_ns": 625581983758
    },
    {
      "tgid": 10666,
      "comm": "runc",
      "cgroup_id": 6520,
      "wait_duration_stats_ns": {
        "count": 4.0,
        "sum": 136947.0,
        "mean": 34236.75,
        "median": 32655.0,
        "min": 9384,
        "max": 77533,
        "variance_ns2": 926348330.9166666,
        "iqr_ns": 60158.0,
        "q1_ns": 17375.0,
        "q3_ns": 77533.0
      },
      "futex_op_counts": {
        "128": 4
      },
      "first_seen_ts_ns": 349339103760,
      "last_seen_ts_ns": 349339141816
    },
    {
      "tgid": 10412,
      "comm": "ZMQbg/IO/0",
      "cgroup_id": 10119,
      "wait_duration_stats_ns": {
        "count": 29.0,
        "sum": 50355.0,
        "mean": 1736.3793103448277,
        "median": 517.8786389759855,
        "min": 380,
        "max": 29977,
        "variance_ns2": 29732332.958128083,
        "iqr_ns": 399.27253865812446,
        "q1_ns": 495.78863495584704,
        "q3_ns": 895.0611736139715
      },
      "futex_op_counts": {
        "128": 29
      },
      "first_seen_ts_ns": 467365841940,
      "last_seen_ts_ns": 690338066999
    },
    {
      "tgid": 11730,
      "comm": "lmp",
      "cgroup_id": 10119,
      "wait_duration_stats_ns": {
        "count": 1.0,
        "sum": 12892.0,
        "mean": 12892.0,
        "median": 12892.0,
        "min": 12892,
        "max": 12892,
        "variance_ns2": null,
        "iqr_ns": 0.0,
        "q1_ns": 12892.0,
        "q3_ns": 12892.0
      },
      "futex_op_counts": {
        "128": 1
      },
      "first_seen_ts_ns": 690314413370,
      "last_seen_ts_ns": 690314413370
    },
    {
      "tgid": 11693,
      "comm": "lmp",
      "cgroup_id": 10119,
      "wait_duration_stats_ns": {
        "count": 1.0,
        "sum": 12877.0,
        "mean": 12877.0,
        "median": 12877.0,
        "min": 12877,
        "max": 12877,
        "variance_ns2": null,
        "iqr_ns": 0.0,
        "q1_ns": 12877.0,
        "q3_ns": 12877.0
      },
      "futex_op_counts": {
        "128": 1
      },
      "first_seen_ts_ns": 690314455005,
      "last_seen_ts_ns": 690314455005
    },
    {
      "tgid": 11772,
      "comm": "lmp",
      "cgroup_id": 10119,
      "wait_duration_stats_ns": {
        "count": 1.0,
        "sum": 11596.0,
        "mean": 11596.0,
        "median": 11596.0,
        "min": 11596,
        "max": 11596,
        "variance_ns2": null,
        "iqr_ns": 0.0,
        "q1_ns": 11596.0,
        "q3_ns": 11596.0
      },
      "futex_op_counts": {
        "128": 1
      },
      "first_seen_ts_ns": 690315185552,
      "last_seen_ts_ns": 690315185552
    },
    {
      "tgid": 10741,
      "comm": "lmp",
      "cgroup_id": 10119,
      "wait_duration_stats_ns": {
        "count": 1.0,
        "sum": 11317.0,
        "mean": 11317.0,
        "median": 11317.0,
        "min": 11317,
        "max": 11317,
        "variance_ns2": null,
        "iqr_ns": 0.0,
        "q1_ns": 11317.0,
        "q3_ns": 11317.0
      },
      "futex_op_counts": {
        "128": 1
      },
      "first_seen_ts_ns": 467335061403,
      "last_seen_ts_ns": 467335061403
    },
    {
      "tgid": 11674,
      "comm": "lmp",
      "cgroup_id": 10119,
      "wait_duration_stats_ns": {
        "count": 1.0,
        "sum": 10444.0,
        "mean": 10444.0,
        "median": 10444.0,
        "min": 10444,
        "max": 10444,
        "variance_ns2": null,
        "iqr_ns": 0.0,
        "q1_ns": 10444.0,
        "q3_ns": 10444.0
      },
      "futex_op_counts": {
        "128": 1
      },
      "first_seen_ts_ns": 690314422742,
      "last_seen_ts_ns": 690314422742
    },
    {
      "tgid": 11265,
      "comm": "lmp",
      "cgroup_id": 10119,
      "wait_duration_stats_ns": {
        "count": 1.0,
        "sum": 9781.0,
        "mean": 9781.0,
        "median": 9781.0,
        "min": 9781,
        "max": 9781,
        "variance_ns2": null,
        "iqr_ns": 0.0,
        "q1_ns": 9781.0,
        "q3_ns": 9781.0
      },
      "futex_op_counts": {
        "128": 1
      },
      "first_seen_ts_ns": 580813234935,
      "last_seen_ts_ns": 580813234935
    },
    {
      "tgid": 10868,
      "comm": "lmp",
      "cgroup_id": 10119,
      "wait_duration_stats_ns": {
        "count": 1.0,
        "sum": 9073.0,
        "mean": 9073.0,
        "median": 9073.0,
        "min": 9073,
        "max": 9073,
        "variance_ns2": null,
        "iqr_ns": 0.0,
        "q1_ns": 9073.0,
        "q3_ns": 9073.0
      },
      "futex_op_counts": {
        "128": 1
      },
      "first_seen_ts_ns": 467331925708,
      "last_seen_ts_ns": 467331925708
    },
    {
      "tgid": 11684,
      "comm": "lmp",
      "cgroup_id": 10119,
      "wait_duration_stats_ns": {
        "count": 1.0,
        "sum": 9019.0,
        "mean": 9019.0,
        "median": 9019.0,
        "min": 9019,
        "max": 9019,
        "variance_ns2": null,
        "iqr_ns": 0.0,
        "q1_ns": 9019.0,
        "q3_ns": 9019.0
      },
      "futex_op_counts": {
        "128": 1
      },
      "first_seen_ts_ns": 690314469474,
      "last_seen_ts_ns": 690314469474
    },
    {
      "tgid": 11830,
      "comm": "lmp",
      "cgroup_id": 10119,
      "wait_duration_stats_ns": {
        "count": 1.0,
        "sum": 8906.0,
        "mean": 8906.0,
        "median": 8906.0,
        "min": 8906,
        "max": 8906,
        "variance_ns2": null,
        "iqr_ns": 0.0,
        "q1_ns": 8906.0,
        "q3_ns": 8906.0
      },
      "futex_op_counts": {
        "128": 1
      },
      "first_seen_ts_ns": 690311112853,
      "last_seen_ts_ns": 690311112853
    },
    {
      "tgid": 11756,
      "comm": "lmp",
      "cgroup_id": 10119,
      "wait_duration_stats_ns": {
        "count": 1.0,
        "sum": 8774.0,
        "mean": 8774.0,
        "median": 8774.0,
        "min": 8774,
        "max": 8774,
        "variance_ns2": null,
        "iqr_ns": 0.0,
        "q1_ns": 8774.0,
        "q3_ns": 8774.0
      },
      "futex_op_counts": {
        "128": 1
      },
      "first_seen_ts_ns": 690314485704,
      "last_seen_ts_ns": 690314485704
    },
    {
      "tgid": 11309,
      "comm": "lmp",
      "cgroup_id": 10119,
      "wait_duration_stats_ns": {
        "count": 1.0,
        "sum": 8735.0,
        "mean": 8735.0,
        "median": 8735.0,
        "min": 8735,
        "max": 8735,
        "variance_ns2": null,
        "iqr_ns": 0.0,
        "q1_ns": 8735.0,
        "q3_ns": 8735.0
      },
      "futex_op_counts": {
        "128": 1
      },
      "first_seen_ts_ns": 580808339180,
      "last_seen_ts_ns": 580808339180
    },
    {
      "tgid": 10870,
      "comm": "lmp",
      "cgroup_id": 10119,
      "wait_duration_stats_ns": {
        "count": 1.0,
        "sum": 8663.0,
        "mean": 8663.0,
        "median": 8663.0,
        "min": 8663,
        "max": 8663,
        "variance_ns2": null,
        "iqr_ns": 0.0,
        "q1_ns": 8663.0,
        "q3_ns": 8663.0
      },
      "futex_op_counts": {
        "128": 1
      },
      "first_seen_ts_ns": 467334896781,
      "last_seen_ts_ns": 467334896781
    },
    {
      "tgid": 11838,
      "comm": "lmp",
      "cgroup_id": 10119,
      "wait_duration_stats_ns": {
        "count": 1.0,
        "sum": 8597.0,
        "mean": 8597.0,
        "median": 8597.0,
        "min": 8597,
        "max": 8597,
        "variance_ns2": null,
        "iqr_ns": 0.0,
        "q1_ns": 8597.0,
        "q3_ns": 8597.0
      },
      "futex_op_counts": {
        "128": 1
      },
      "first_seen_ts_ns": 690311125835,
      "last_seen_ts_ns": 690311125835
    },
    {
      "tgid": 11718,
      "comm": "lmp",
      "cgroup_id": 10119,
      "wait_duration_stats_ns": {
        "count": 1.0,
        "sum": 8562.0,
        "mean": 8562.0,
        "median": 8562.0,
        "min": 8562,
        "max": 8562,
        "variance_ns2": null,
        "iqr_ns": 0.0,
        "q1_ns": 8562.0,
        "q3_ns": 8562.0
      },
      "futex_op_counts": {
        "128": 1
      },
      "first_seen_ts_ns": 690314346916,
      "last_seen_ts_ns": 690314346916
    },
    {
      "tgid": 11379,
      "comm": "lmp",
      "cgroup_id": 10119,
      "wait_duration_stats_ns": {
        "count": 1.0,
        "sum": 8469.0,
        "mean": 8469.0,
        "median": 8469.0,
        "min": 8469,
        "max": 8469,
        "variance_ns2": null,
        "iqr_ns": 0.0,
        "q1_ns": 8469.0,
        "q3_ns": 8469.0
      },
      "futex_op_counts": {
        "128": 1
      },
      "first_seen_ts_ns": 580807895188,
      "last_seen_ts_ns": 580807895188
    },
    {
      "tgid": 11293,
      "comm": "lmp",
      "cgroup_id": 10119,
      "wait_duration_stats_ns": {
        "count": 1.0,
        "sum": 8433.0,
        "mean": 8433.0,
        "median": 8433.0,
        "min": 8433,
        "max": 8433,
        "variance_ns2": null,
        "iqr_ns": 0.0,
        "q1_ns": 8433.0,
        "q3_ns": 8433.0
      },
      "futex_op_counts": {
        "128": 1
      },
      "first_seen_ts_ns": 580813328356,
      "last_seen_ts_ns": 580813328356
    },
    {
      "tgid": 11275,
      "comm": "lmp",
      "cgroup_id": 10119,
      "wait_duration_stats_ns": {
        "count": 1.0,
        "sum": 8384.0,
        "mean": 8384.0,
        "median": 8384.0,
        "min": 8384,
        "max": 8384,
        "variance_ns2": null,
        "iqr_ns": 0.0,
        "q1_ns": 8384.0,
        "q3_ns": 8384.0
      },
      "futex_op_counts": {
        "128": 1
      },
      "first_seen_ts_ns": 580807502543,
      "last_seen_ts_ns": 580807502543
    },
    {
      "tgid": 11784,
      "comm": "lmp",
      "cgroup_id": 10119,
      "wait_duration_stats_ns": {
        "count": 1.0,
        "sum": 8152.0,
        "mean": 8152.0,
        "median": 8152.0,
        "min": 8152,
        "max": 8152,
        "variance_ns2": null,
        "iqr_ns": 0.0,
        "q1_ns": 8152.0,
        "q3_ns": 8152.0
      },
      "futex_op_counts": {
        "128": 1
      },
      "first_seen_ts_ns": 690314056354,
      "last_seen_ts_ns": 690314056354
    },
    {
      "tgid": 10822,
      "comm": "lmp",
      "cgroup_id": 10119,
      "wait_duration_stats_ns": {
        "count": 1.0,
        "sum": 8056.0,
        "mean": 8056.0,
        "median": 8056.0,
        "min": 8056,
        "max": 8056,
        "variance_ns2": null,
        "iqr_ns": 0.0,
        "q1_ns": 8056.0,
        "q3_ns": 8056.0
      },
      "futex_op_counts": {
        "128": 1
      },
      "first_seen_ts_ns": 467335869380,
      "last_seen_ts_ns": 467335869380
    },
    {
      "tgid": 11267,
      "comm": "lmp",
      "cgroup_id": 10119,
      "wait_duration_stats_ns": {
        "count": 1.0,
        "sum": 7996.0,
        "mean": 7996.0,
        "median": 7996.0,
        "min": 7996,
        "max": 7996,
        "variance_ns2": null,
        "iqr_ns": 0.0,
        "q1_ns": 7996.0,
        "q3_ns": 7996.0
      },
      "futex_op_counts": {
        "128": 1
      },
      "first_seen_ts_ns": 580813251328,
      "last_seen_ts_ns": 580813251328
    },
    {
      "tgid": 10762,
      "comm": "lmp",
      "cgroup_id": 10119,
      "wait_duration_stats_ns": {
        "count": 1.0,
        "sum": 7840.0,
        "mean": 7840.0,
        "median": 7840.0,
        "min": 7840,
        "max": 7840,
        "variance_ns2": null,
        "iqr_ns": 0.0,
        "q1_ns": 7840.0,
        "q3_ns": 7840.0
      },
      "futex_op_counts": {
        "128": 1
      },
      "first_seen_ts_ns": 467333921145,
      "last_seen_ts_ns": 467333921145
    },
    {
      "tgid": 11776,
      "comm": "lmp",
      "cgroup_id": 10119,
      "wait_duration_stats_ns": {
        "count": 1.0,
        "sum": 7834.0,
        "mean": 7834.0,
        "median": 7834.0,
        "min": 7834,
        "max": 7834,
        "variance_ns2": null,
        "iqr_ns": 0.0,
        "q1_ns": 7834.0,
        "q3_ns": 7834.0
      },
      "futex_op_counts": {
        "128": 1
      },
      "first_seen_ts_ns": 690313698952,
      "last_seen_ts_ns": 690313698952
    },
    {
      "tgid": 11786,
      "comm": "lmp",
      "cgroup_id": 10119,
      "wait_duration_stats_ns": {
        "count": 1.0,
        "sum": 7834.0,
        "mean": 7834.0,
        "median": 7834.0,
        "min": 7834,
        "max": 7834,
        "variance_ns2": null,
        "iqr_ns": 0.0,
        "q1_ns": 7834.0,
        "q3_ns": 7834.0
      },
      "futex_op_counts": {
        "128": 1
      },
      "first_seen_ts_ns": 690315187102,
      "last_seen_ts_ns": 690315187102
    },
    {
      "tgid": 11714,
      "comm": "lmp",
      "cgroup_id": 10119,
      "wait_duration_stats_ns": {
        "count": 1.0,
        "sum": 7701.0,
        "mean": 7701.0,
        "median": 7701.0,
        "min": 7701,
        "max": 7701,
        "variance_ns2": null,
        "iqr_ns": 0.0,
        "q1_ns": 7701.0,
        "q3_ns": 7701.0
      },
      "futex_op_counts": {
        "128": 1
      },
      "first_seen_ts_ns": 690314505273,
      "last_seen_ts_ns": 690314505273
    },
    {
      "tgid": 10854,
      "comm": "lmp",
      "cgroup_id": 10119,
      "wait_duration_stats_ns": {
        "count": 1.0,
        "sum": 7385.0,
        "mean": 7385.0,
        "median": 7385.0,
        "min": 7385,
        "max": 7385,
        "variance_ns2": null,
        "iqr_ns": 0.0,
        "q1_ns": 7385.0,
        "q3_ns": 7385.0
      },
      "futex_op_counts": {
        "128": 1
      },
      "first_seen_ts_ns": 467335716733,
      "last_seen_ts_ns": 467335716733
    },
    {
      "tgid": 11341,
      "comm": "lmp",
      "cgroup_id": 10119,
      "wait_duration_stats_ns": {
        "count": 1.0,
        "sum": 7279.0,
        "mean": 7279.0,
        "median": 7279.0,
        "min": 7279,
        "max": 7279,
        "variance_ns2": null,
        "iqr_ns": 0.0,
        "q1_ns": 7279.0,
        "q3_ns": 7279.0
      },
      "futex_op_counts": {
        "128": 1
      },
      "first_seen_ts_ns": 580807498122,
      "last_seen_ts_ns": 580807498122
    },
    {
      "tgid": 11712,
      "comm": "lmp",
      "cgroup_id": 10119,
      "wait_duration_stats_ns": {
        "count": 1.0,
        "sum": 7224.0,
        "mean": 7224.0,
        "median": 7224.0,
        "min": 7224,
        "max": 7224,
        "variance_ns2": null,
        "iqr_ns": 0.0,
        "q1_ns": 7224.0,
        "q3_ns": 7224.0
      },
      "futex_op_counts": {
        "128": 1
      },
      "first_seen_ts_ns": 690314364360,
      "last_seen_ts_ns": 690314364360
    },
    {
      "tgid": 11349,
      "comm": "lmp",
      "cgroup_id": 10119,
      "wait_duration_stats_ns": {
        "count": 1.0,
        "sum": 7215.0,
        "mean": 7215.0,
        "median": 7215.0,
        "min": 7215,
        "max": 7215,
        "variance_ns2": null,
        "iqr_ns": 0.0,
        "q1_ns": 7215.0,
        "q3_ns": 7215.0
      },
      "futex_op_counts": {
        "128": 1
      },
      "first_seen_ts_ns": 580808310512,
      "last_seen_ts_ns": 580808310512
    },
    {
      "tgid": 10880,
      "comm": "lmp",
      "cgroup_id": 10119,
      "wait_duration_stats_ns": {
        "count": 1.0,
        "sum": 7210.0,
        "mean": 7210.0,
        "median": 7210.0,
        "min": 7210,
        "max": 7210,
        "variance_ns2": null,
        "iqr_ns": 0.0,
        "q1_ns": 7210.0,
        "q3_ns": 7210.0
      },
      "futex_op_counts": {
        "128": 1
      },
      "first_seen_ts_ns": 467335861301,
      "last_seen_ts_ns": 467335861301
    },
    {
      "tgid": 10874,
      "comm": "lmp",
      "cgroup_id": 10119,
      "wait_duration_stats_ns": {
        "count": 1.0,
        "sum": 7208.0,
        "mean": 7208.0,
        "median": 7208.0,
        "min": 7208,
        "max": 7208,
        "variance_ns2": null,
        "iqr_ns": 0.0,
        "q1_ns": 7208.0,
        "q3_ns": 7208.0
      },
      "futex_op_counts": {
        "128": 1
      },
      "first_seen_ts_ns": 467331561183,
      "last_seen_ts_ns": 467331561183
    },
    {
      "tgid": 11337,
      "comm": "lmp",
      "cgroup_id": 10119,
      "wait_duration_stats_ns": {
        "count": 1.0,
        "sum": 6557.0,
        "mean": 6557.0,
        "median": 6557.0,
        "min": 6557,
        "max": 6557,
        "variance_ns2": null,
        "iqr_ns": 0.0,
        "q1_ns": 6557.0,
        "q3_ns": 6557.0
      },
      "futex_op_counts": {
        "128": 1
      },
      "first_seen_ts_ns": 580807414768,
      "last_seen_ts_ns": 580807414768
    },
    {
      "tgid": 8440,
      "comm": "flb-pipeline",
      "cgroup_id": 8848,
      "wait_duration_stats_ns": {
        "count": 1.0,
        "sum": 2232.0,
        "mean": 2232.0,
        "median": 2232.0,
        "min": 2232,
        "max": 2232,
        "variance_ns2": null,
        "iqr_ns": 0.0,
        "q1_ns": 2232.0,
        "q3_ns": 2232.0
      },
      "futex_op_counts": {
        "128": 1
      },
      "first_seen_ts_ns": 368394817266,
      "last_seen_ts_ns": 368394817266
    }
  ]
}
[23:00:43] Cleanup complete.
