unlimited
Looking for /opt/programs/futex-model/ebpf-collect.c
[22:54:55] Starting eBPF (Tracepoints for futex syscalls).
[22:54:56] BPF program loaded and tracepoints automatically attached.
[22:54:56] Start Indicator file defined '/mnt/flux/start_ebpf_collection'. Waiting.
[22:55:06] Start indicator found. Proceeding.
[22:55:06] Ring buffers opened. Polling for events...
[23:00:43] 
Indicator file '/mnt/flux/stop_ebpf_collection' found. Stopping.
[23:00:43] Cleaning up BPF resources...
{
  "final_aggregated_futex_summary_river": [
    {
      "tgid": 8446,
      "comm": "fluent-bit-gke-",
      "cgroup_id": 8927,
      "wait_duration_stats_ns": {
        "count": 16432.0,
        "sum": 22301838008077.926,
        "mean": 1357219937.200458,
        "median": 894905.1658226014,
        "min": 406,
        "max": 114920211107,
        "variance_ns2": 8.788749356780295e+19,
        "iqr_ns": 20830065.71953867,
        "q1_ns": 39867.52857862033,
        "q3_ns": 20869933.24811729
      },
      "futex_op_counts": {
        "128": 16432
      },
      "first_seen_ts_ns": 348093715893,
      "last_seen_ts_ns": 694703059343
    },
    {
      "tgid": 3786,
      "comm": "kubelet",
      "cgroup_id": 6640,
      "wait_duration_stats_ns": {
        "count": 33541.0,
        "sum": 14043818484970.053,
        "mean": 418706016.0689918,
        "median": 15010994.526604237,
        "min": 420,
        "max": 302532902756,
        "variance_ns2": 2.3423101273042563e+19,
        "iqr_ns": 36711346.94312752,
        "q1_ns": 975144.9841126638,
        "q3_ns": 37686491.927240185
      },
      "futex_op_counts": {
        "128": 33541
      },
      "first_seen_ts_ns": 348084291970,
      "last_seen_ts_ns": 695877782807
    },
    {
      "tgid": 3589,
      "comm": "containerd",
      "cgroup_id": 6520,
      "wait_duration_stats_ns": {
        "count": 148674.0,
        "sum": 10924794837675.129,
        "mean": 73481542.41948915,
        "median": 128126.06807369184,
        "min": 493,
        "max": 130227057428,
        "variance_ns2": 4.128219167067683e+18,
        "iqr_ns": 13038822.838562245,
        "q1_ns": 52413.725710213614,
        "q3_ns": 13091236.564272458
      },
      "futex_op_counts": {
        "128": 148674
      },
      "first_seen_ts_ns": 348101383951,
      "last_seen_ts_ns": 695891925779
    },
    {
      "tgid": 8648,
      "comm": "prometheus",
      "cgroup_id": 9085,
      "wait_duration_stats_ns": {
        "count": 16648.0,
        "sum": 5869999090593.031,
        "mean": 352594851.66945165,
        "median": 44358025.919042714,
        "min": 563,
        "max": 214986504374,
        "variance_ns2": 4.018457743158707e+19,
        "iqr_ns": 10094860.303687528,
        "q1_ns": 40052098.086217426,
        "q3_ns": 50146958.38990495
      },
      "futex_op_counts": {
        "128": 16648
      },
      "first_seen_ts_ns": 348071582959,
      "last_seen_ts_ns": 695887008918
    },
    {
      "tgid": 8071,
      "comm": "sidecar",
      "cgroup_id": 8611,
      "wait_duration_stats_ns": {
        "count": 1968.0,
        "sum": 5072053922582.993,
        "mean": 2577263172.0442038,
        "median": 149753.11418108782,
        "min": 928,
        "max": 153781634685,
        "variance_ns2": 1.350101537437183e+20,
        "iqr_ns": 836301246.9686041,
        "q1_ns": 58376.56293898848,
        "q3_ns": 836359623.5315431
      },
      "futex_op_counts": {
        "128": 1968
      },
      "first_seen_ts_ns": 348821522389,
      "last_seen_ts_ns": 695575780676
    },
    {
      "tgid": 1732,
      "comm": "google_guest_ag",
      "cgroup_id": 4174,
      "wait_duration_stats_ns": {
        "count": 290.0,
        "sum": 3564938722529.999,
        "mean": 12292892146.655169,
        "median": 3688418904.3264413,
        "min": 980,
        "max": 120046540866,
        "variance_ns2": 1.0326265369342534e+21,
        "iqr_ns": 4271688314.5948124,
        "q1_ns": 477313160.5354318,
        "q3_ns": 4749001475.130244
      },
      "futex_op_counts": {
        "128": 290
      },
      "first_seen_ts_ns": 360625033208,
      "last_seen_ts_ns": 691374798784
    },
    {
      "tgid": 1733,
      "comm": "google_osconfig",
      "cgroup_id": 4234,
      "wait_duration_stats_ns": {
        "count": 362.0,
        "sum": 3128963299153.999,
        "mean": 8643545025.28729,
        "median": 195328001.51352483,
        "min": 1640,
        "max": 120034535222,
        "variance_ns2": 6.744988465939422e+20,
        "iqr_ns": 4844027188.555633,
        "q1_ns": 53823886.412239864,
        "q3_ns": 4897851074.967873
      },
      "futex_op_counts": {
        "128": 362
      },
      "first_seen_ts_ns": 360682373466,
      "last_seen_ts_ns": 690919856980
    },
    {
      "tgid": 8977,
      "comm": "csi-node-driver",
      "cgroup_id": 9559,
      "wait_duration_stats_ns": {
        "count": 62.0,
        "sum": 2771323401581.999,
        "mean": 44698764541.64515,
        "median": 19472264375.272964,
        "min": 1253,
        "max": 121013460811,
        "variance_ns2": 2.7254028089771373e+21,
        "iqr_ns": 92154851156.57114,
        "q1_ns": 70041184.31711076,
        "q3_ns": 92224892340.88824
      },
      "futex_op_counts": {
        "128": 62
      },
      "first_seen_ts_ns": 435505876959,
      "last_seen_ts_ns": 676540803077
    },
    {
      "tgid": 7752,
      "comm": "kube-dns",
      "cgroup_id": 8374,
      "wait_duration_stats_ns": {
        "count": 1056.0,
        "sum": 2590308540729.9995,
        "mean": 2452943693.8731055,
        "median": 550473792.0620443,
        "min": 610,
        "max": 240142324561,
        "variance_ns2": 2.1057951388787645e+20,
        "iqr_ns": 1536447269.6005,
        "q1_ns": 26942018.764730886,
        "q3_ns": 1563389288.365231
      },
      "futex_op_counts": {
        "128": 1056
      },
      "first_seen_ts_ns": 348181391322,
      "last_seen_ts_ns": 695393888923
    },
    {
      "tgid": 8894,
      "comm": "containerd-shim",
      "cgroup_id": 6520,
      "wait_duration_stats_ns": {
        "count": 2796.0,
        "sum": 2508741184764.9995,
        "mean": 897260795.6956364,
        "median": 1795475.571171188,
        "min": 390,
        "max": 97028503988,
        "variance_ns2": 1.050337049502584e+19,
        "iqr_ns": 28626875.940176472,
        "q1_ns": 121444.80586991383,
        "q3_ns": 28748320.746046387
      },
      "futex_op_counts": {
        "128": 2796
      },
      "first_seen_ts_ns": 348620655643,
      "last_seen_ts_ns": 693794075393
    },
    {
      "tgid": 8821,
      "comm": "config-reloader",
      "cgroup_id": 9322,
      "wait_duration_stats_ns": {
        "count": 234.0,
        "sum": 2463513743569.999,
        "mean": 10527836510.982903,
        "median": 982937911.4769473,
        "min": 1003,
        "max": 118227709020,
        "variance_ns2": 5.215861157890947e+20,
        "iqr_ns": 10115856560.096909,
        "q1_ns": 28118735.683148485,
        "q3_ns": 10143975295.780058
      },
      "futex_op_counts": {
        "128": 234
      },
      "first_seen_ts_ns": 360227711283,
      "last_seen_ts_ns": 690525087297
    },
    {
      "tgid": 4227,
      "comm": "kube-proxy",
      "cgroup_id": 7366,
      "wait_duration_stats_ns": {
        "count": 399.0,
        "sum": 2215200492164.999,
        "mean": 5551880932.744359,
        "median": 1724780188.8772695,
        "min": 455,
        "max": 120515308100,
        "variance_ns2": 1.97987542233426e+20,
        "iqr_ns": 4801566778.544878,
        "q1_ns": 6187546.73460708,
        "q3_ns": 4807754325.279485
      },
      "futex_op_counts": {
        "128": 399
      },
      "first_seen_ts_ns": 360355387764,
      "last_seen_ts_ns": 695355992250
    },
    {
      "tgid": 3851,
      "comm": "node-problem-de",
      "cgroup_id": 6700,
      "wait_duration_stats_ns": {
        "count": 1332.0,
        "sum": 1867016658063.0032,
        "mean": 1401664157.7049572,
        "median": 812973112.0486041,
        "min": 656,
        "max": 80018330296,
        "variance_ns2": 4.021860823912853e+19,
        "iqr_ns": 957524799.5291903,
        "q1_ns": 43234217.995977454,
        "q3_ns": 1000759017.5251677
      },
      "futex_op_counts": {
        "128": 1332
      },
      "first_seen_ts_ns": 359452121806,
      "last_seen_ts_ns": 695452844283
    },
    {
      "tgid": 7417,
      "comm": "containerd-shim",
      "cgroup_id": 6520,
      "wait_duration_stats_ns": {
        "count": 1483.0,
        "sum": 1837631904458.9985,
        "mean": 1239131425.7983806,
        "median": 1573293.5044070664,
        "min": 713,
        "max": 140220374463,
        "variance_ns2": 2.477732518076346e+19,
        "iqr_ns": 9451110.223639749,
        "q1_ns": 340193.2145694782,
        "q3_ns": 9791303.438209226
      },
      "futex_op_counts": {
        "128": 1483
      },
      "first_seen_ts_ns": 359870491099,
      "last_seen_ts_ns": 693792906455
    },
    {
      "tgid": 6672,
      "comm": "containerd-shim",
      "cgroup_id": 6520,
      "wait_duration_stats_ns": {
        "count": 1097.0,
        "sum": 1827625864627.998,
        "mean": 1666021754.446671,
        "median": 4367606.779490792,
        "min": 746,
        "max": 153178408593,
        "variance_ns2": 3.842527039981748e+19,
        "iqr_ns": 740607386.067334,
        "q1_ns": 1044807.7972480489,
        "q3_ns": 741652193.8645821
      },
      "futex_op_counts": {
        "128": 1097
      },
      "first_seen_ts_ns": 359867988235,
      "last_seen_ts_ns": 693793361595
    },
    {
      "tgid": 7918,
      "comm": "dnsmasq-nanny",
      "cgroup_id": 8453,
      "wait_duration_stats_ns": {
        "count": 193.0,
        "sum": 1799551564798.9998,
        "mean": 9324101372.015543,
        "median": 8261682155.310712,
        "min": 566,
        "max": 130002241580,
        "variance_ns2": 4.832542706197056e+20,
        "iqr_ns": 10004674086.885965,
        "q1_ns": 7029341.317625869,
        "q3_ns": 10011703428.20359
      },
      "futex_op_counts": {
        "128": 193
      },
      "first_seen_ts_ns": 364614140845,
      "last_seen_ts_ns": 694623268346
    },
    {
      "tgid": 7309,
      "comm": "cluster-proport",
      "cgroup_id": 7979,
      "wait_duration_stats_ns": {
        "count": 1086.0,
        "sum": 1690659148286.0015,
        "mean": 1556776379.637202,
        "median": 144996499.82607898,
        "min": 1140,
        "max": 120973963440,
        "variance_ns2": 5.5164074331151426e+19,
        "iqr_ns": 656929272.0258746,
        "q1_ns": 9255638.876637992,
        "q3_ns": 666184910.9025126
      },
      "futex_op_counts": {
        "128": 1086
      },
      "first_seen_ts_ns": 360554786606,
      "last_seen_ts_ns": 693629906047
    },
    {
      "tgid": 7906,
      "comm": "containerd-shim",
      "cgroup_id": 6520,
      "wait_duration_stats_ns": {
        "count": 787.0,
        "sum": 1677173809606.0007,
        "mean": 2131097597.974588,
        "median": 1330730.2487723464,
        "min": 1395,
        "max": 51458716673,
        "variance_ns2": 2.3438517247262118e+19,
        "iqr_ns": 3157409837.728795,
        "q1_ns": 526391.112563476,
        "q3_ns": 3157936228.8413587
      },
      "futex_op_counts": {
        "128": 787
      },
      "first_seen_ts_ns": 359871052517,
      "last_seen_ts_ns": 693792499873
    },
    {
      "tgid": 6748,
      "comm": "containerd-shim",
      "cgroup_id": 6520,
      "wait_duration_stats_ns": {
        "count": 801.0,
        "sum": 1650130357581.9983,
        "mean": 2060087837.1810215,
        "median": 1639311.2869053711,
        "min": 525,
        "max": 60350052861,
        "variance_ns2": 2.6864079967633744e+19,
        "iqr_ns": 1987180869.2802725,
        "q1_ns": 1596665.617021921,
        "q3_ns": 1988777534.8972945
      },
      "futex_op_counts": {
        "128": 801
      },
      "first_seen_ts_ns": 359869375365,
      "last_seen_ts_ns": 693790257385
    },
    {
      "tgid": 4159,
      "comm": "containerd-shim",
      "cgroup_id": 6520,
      "wait_duration_stats_ns": {
        "count": 451.0,
        "sum": 1641019318492.0017,
        "mean": 3638623766.0576534,
        "median": 676032455.3112848,
        "min": 633,
        "max": 60005025008,
        "variance_ns2": 5.622020302176377e+19,
        "iqr_ns": 5779310412.207437,
        "q1_ns": 8100981.6783239655,
        "q3_ns": 5787411393.88576
      },
      "futex_op_counts": {
        "128": 451
      },
      "first_seen_ts_ns": 359871628445,
      "last_seen_ts_ns": 693792056592
    },
    {
      "tgid": 9422,
      "comm": "containerd-shim",
      "cgroup_id": 6520,
      "wait_duration_stats_ns": {
        "count": 214830.0,
        "sum": 1628021154889.991,
        "mean": 7578183.4701391375,
        "median": 101434.72754546597,
        "min": 442,
        "max": 28623442161,
        "variance_ns2": 3.3841338852460284e+16,
        "iqr_ns": 760815.0395880732,
        "q1_ns": 32261.997037339293,
        "q3_ns": 793077.0366254124
      },
      "futex_op_counts": {
        "128": 214830
      },
      "first_seen_ts_ns": 348101306043,
      "last_seen_ts_ns": 695891908903
    },
    {
      "tgid": 7066,
      "comm": "containerd-shim",
      "cgroup_id": 6520,
      "wait_duration_stats_ns": {
        "count": 512.0,
        "sum": 1576779490299.9985,
        "mean": 3079647441.9921846,
        "median": 116039192.88492846,
        "min": 545,
        "max": 59999150284,
        "variance_ns2": 4.830835365858146e+19,
        "iqr_ns": 3249356972.3774776,
        "q1_ns": 404841.2608071342,
        "q3_ns": 3249761813.6382847
      },
      "futex_op_counts": {
        "128": 512
      },
      "first_seen_ts_ns": 359868704449,
      "last_seen_ts_ns": 693789854478
    },
    {
      "tgid": 2776,
      "comm": "dockerd",
      "cgroup_id": 6400,
      "wait_duration_stats_ns": {
        "count": 127.0,
        "sum": 1469471272995.9995,
        "mean": 11570639944.85039,
        "median": 10123476736.495907,
        "min": 2026,
        "max": 259983634513,
        "variance_ns2": 9.348039271321936e+20,
        "iqr_ns": 10181271045.67736,
        "q1_ns": 103676853.7480589,
        "q3_ns": 10284947899.425419
      },
      "futex_op_counts": {
        "128": 127
      },
      "first_seen_ts_ns": 363293104515,
      "last_seen_ts_ns": 693293181677
    },
    {
      "tgid": 8569,
      "comm": "main",
      "cgroup_id": 9006,
      "wait_duration_stats_ns": {
        "count": 299.0,
        "sum": 989386970729.9999,
        "mean": 3308986524.1806016,
        "median": 2317179807.5009356,
        "min": 764,
        "max": 59982973800,
        "variance_ns2": 5.8541262748413166e+19,
        "iqr_ns": 4986203312.410081,
        "q1_ns": 12183146.401385702,
        "q3_ns": 4998386458.811466
      },
      "futex_op_counts": {
        "128": 299
      },
      "first_seen_ts_ns": 359633825452,
      "last_seen_ts_ns": 694650277391
    },
    {
      "tgid": 8285,
      "comm": "main",
      "cgroup_id": 8769,
      "wait_duration_stats_ns": {
        "count": 282.0,
        "sum": 979161646759.0002,
        "mean": 3472204421.1312065,
        "median": 4011585207.785353,
        "min": 784,
        "max": 59998792941,
        "variance_ns2": 6.39169339944265e+19,
        "iqr_ns": 4999777020.468408,
        "q1_ns": 10440238.411871934,
        "q3_ns": 5010217258.88028
      },
      "futex_op_counts": {
        "128": 282
      },
      "first_seen_ts_ns": 362772516860,
      "last_seen_ts_ns": 692777370785
    },
    {
      "tgid": 8784,
      "comm": "main",
      "cgroup_id": 9243,
      "wait_duration_stats_ns": {
        "count": 503.0,
        "sum": 978939343120.0004,
        "mean": 1946201477.3757463,
        "median": 41149021.94823543,
        "min": 641,
        "max": 59932613506,
        "variance_ns2": 3.861559264320909e+19,
        "iqr_ns": 4349956728.785597,
        "q1_ns": 2418696.641282594,
        "q3_ns": 4352375425.42688
      },
      "futex_op_counts": {
        "128": 503
      },
      "first_seen_ts_ns": 360468113220,
      "last_seen_ts_ns": 695483423032
    },
    {
      "tgid": 8732,
      "comm": "otelsvc",
      "cgroup_id": 9164,
      "wait_duration_stats_ns": {
        "count": 1274.0,
        "sum": 656221111189.0001,
        "mean": 515087214.434066,
        "median": 319208686.7032424,
        "min": 16276,
        "max": 86022364887,
        "variance_ns2": 1.4294853871232051e+19,
        "iqr_ns": 479654953.07272524,
        "q1_ns": 10210759.7433619,
        "q3_ns": 489865712.8160871
      },
      "futex_op_counts": {
        "128": 1274
      },
      "first_seen_ts_ns": 348783422894,
      "last_seen_ts_ns": 695783426922
    },
    {
      "tgid": 9162,
      "comm": "gce-pd-csi-driv",
      "cgroup_id": 9638,
      "wait_duration_stats_ns": {
        "count": 593.0,
        "sum": 573931443424.9998,
        "mean": 967843918.086003,
        "median": 590198552.5106906,
        "min": 179945387,
        "max": 119999957247,
        "variance_ns2": 4.8036529452057125e+19,
        "iqr_ns": 9549028.819729447,
        "q1_ns": 587556853.3141487,
        "q3_ns": 597105882.1338781
      },
      "futex_op_counts": {
        "128": 593
      },
      "first_seen_ts_ns": 348917378805,
      "last_seen_ts_ns": 695717361503
    },
    {
      "tgid": 12184,
      "comm": "log-counter",
      "cgroup_id": 6700,
      "wait_duration_stats_ns": {
        "count": 1163.0,
        "sum": 16225608009.000004,
        "mean": 13951511.615649186,
        "median": 263957.41822968586,
        "min": 473,
        "max": 1225142707,
        "variance_ns2": 1.3057883678580996e+16,
        "iqr_ns": 1155502.375990017,
        "q1_ns": 120253.98142829322,
        "q3_ns": 1275756.3574183104
      },
      "futex_op_counts": {
        "128": 1163
      },
      "first_seen_ts_ns": 640504113523,
      "last_seen_ts_ns": 641729596758
    },
    {
      "tgid": 12210,
      "comm": "log-counter",
      "cgroup_id": 6700,
      "wait_duration_stats_ns": {
        "count": 807.0,
        "sum": 11500791434.0,
        "mean": 14251290.50061958,
        "median": 348481.75916538294,
        "min": 713,
        "max": 1216905206,
        "variance_ns2": 1.2708204487380956e+16,
        "iqr_ns": 2675580.913988604,
        "q1_ns": 146425.6184597353,
        "q3_ns": 2822006.5324483397
      },
      "futex_op_counts": {
        "128": 807
      },
      "first_seen_ts_ns": 641737094193,
      "last_seen_ts_ns": 642954482301
    },
    {
      "tgid": 12156,
      "comm": "log-counter",
      "cgroup_id": 6700,
      "wait_duration_stats_ns": {
        "count": 369.0,
        "sum": 9200497499.0,
        "mean": 24933597.55826558,
        "median": 579713.8057840563,
        "min": 707,
        "max": 1299056585,
        "variance_ns2": 2.2392571629516964e+16,
        "iqr_ns": 6811496.913291983,
        "q1_ns": 158693.3126560935,
        "q3_ns": 6970190.225948077
      },
      "futex_op_counts": {
        "128": 369
      },
      "first_seen_ts_ns": 639478015136,
      "last_seen_ts_ns": 640778176380
    },
    {
      "tgid": 11326,
      "comm": "kubectl",
      "cgroup_id": 6580,
      "wait_duration_stats_ns": {
        "count": 1009.0,
        "sum": 8618080591.999998,
        "mean": 8541209.704658076,
        "median": 813953.5684543587,
        "min": 605,
        "max": 995867093,
        "variance_ns2": 2321315813921431.5,
        "iqr_ns": 9930762.92470806,
        "q1_ns": 199747.09803693858,
        "q3_ns": 10130510.022745
      },
      "futex_op_counts": {
        "128": 1009
      },
      "first_seen_ts_ns": 458974014707,
      "last_seen_ts_ns": 459970058242
    },
    {
      "tgid": 12155,
      "comm": "log-counter",
      "cgroup_id": 6700,
      "wait_duration_stats_ns": {
        "count": 23.0,
        "sum": 5154642270.999999,
        "mean": 224114881.34782606,
        "median": 56880092.845095634,
        "min": 36458,
        "max": 1035285707,
        "variance_ns2": 1.5640424660530614e+17,
        "iqr_ns": 239955624.82583812,
        "q1_ns": 3022158.439606954,
        "q3_ns": 242977783.26544508
      },
      "futex_op_counts": {
        "128": 23
      },
      "first_seen_ts_ns": 639459798556,
      "last_seen_ts_ns": 640495445708
    },
    {
      "tgid": 12177,
      "comm": "log-counter",
      "cgroup_id": 6700,
      "wait_duration_stats_ns": {
        "count": 20.0,
        "sum": 5110104899.0,
        "mean": 255505244.95,
        "median": 47351869.54919776,
        "min": 43238,
        "max": 1020024346,
        "variance_ns2": 1.8084023777777306e+17,
        "iqr_ns": 341945615.671246,
        "q1_ns": 7206078.434671203,
        "q3_ns": 349151694.1059172
      },
      "futex_op_counts": {
        "128": 20
      },
      "first_seen_ts_ns": 639861013252,
      "last_seen_ts_ns": 640885434789
    },
    {
      "tgid": 12203,
      "comm": "log-counter",
      "cgroup_id": 6700,
      "wait_duration_stats_ns": {
        "count": 18.0,
        "sum": 5053770167.0,
        "mean": 280765009.2777778,
        "median": 32454210.440840907,
        "min": 131383,
        "max": 1012912587,
        "variance_ns2": 2.1096134035029414e+17,
        "iqr_ns": 344303948.89571303,
        "q1_ns": 8644135.236531558,
        "q3_ns": 352948084.1322446
      },
      "futex_op_counts": {
        "128": 18
      },
      "first_seen_ts_ns": 640967240182,
      "last_seen_ts_ns": 641985161764
    },
    {
      "tgid": 11152,
      "comm": "runc",
      "cgroup_id": 6520,
      "wait_duration_stats_ns": {
        "count": 281.0,
        "sum": 1137539086.0,
        "mean": 4048181.8007117435,
        "median": 168040.648609153,
        "min": 532,
        "max": 122960924,
        "variance_ns2": 368402569653426.5,
        "iqr_ns": 3496898.1111590583,
        "q1_ns": 23574.229501810496,
        "q3_ns": 3520472.3406608687
      },
      "futex_op_counts": {
        "128": 281
      },
      "first_seen_ts_ns": 397616017182,
      "last_seen_ts_ns": 397769027357
    },
    {
      "tgid": 11736,
      "comm": "runc",
      "cgroup_id": 6520,
      "wait_duration_stats_ns": {
        "count": 337.0,
        "sum": 1123126442.0,
        "mean": 3332719.412462908,
        "median": 115632.89121117714,
        "min": 5861,
        "max": 138835197,
        "variance_ns2": 359567663170884.25,
        "iqr_ns": 686696.6751560936,
        "q1_ns": 28218.90435685373,
        "q3_ns": 714915.5795129472
      },
      "futex_op_counts": {
        "128": 337
      },
      "first_seen_ts_ns": 547586015411,
      "last_seen_ts_ns": 547732020339
    },
    {
      "tgid": 11246,
      "comm": "runc",
      "cgroup_id": 6520,
      "wait_duration_stats_ns": {
        "count": 318.0,
        "sum": 984174679.9999999,
        "mean": 3094888.9308176097,
        "median": 127818.80298868685,
        "min": 639,
        "max": 105918272,
        "variance_ns2": 233422614011476.25,
        "iqr_ns": 837544.662819033,
        "q1_ns": 29600.741247544895,
        "q3_ns": 867145.4040665779
      },
      "futex_op_counts": {
        "128": 318
      },
      "first_seen_ts_ns": 437586298537,
      "last_seen_ts_ns": 437714166228
    },
    {
      "tgid": 11668,
      "comm": "runc",
      "cgroup_id": 6520,
      "wait_duration_stats_ns": {
        "count": 364.0,
        "sum": 951559811.0000001,
        "mean": 2614175.3049450554,
        "median": 69772.17221972397,
        "min": 10115,
        "max": 140189294,
        "variance_ns2": 264508132320648.62,
        "iqr_ns": 424090.97986139567,
        "q1_ns": 23585.970093494885,
        "q3_ns": 447676.94995489053
      },
      "futex_op_counts": {
        "128": 364
      },
      "first_seen_ts_ns": 517597133527,
      "last_seen_ts_ns": 517737557552
    },
    {
      "tgid": 11268,
      "comm": "runc",
      "cgroup_id": 6520,
      "wait_duration_stats_ns": {
        "count": 224.0,
        "sum": 942587451.9999999,
        "mean": 4207979.696428571,
        "median": 123954.53306724441,
        "min": 11321,
        "max": 132768376,
        "variance_ns2": 448629130151679.9,
        "iqr_ns": 1073944.220257436,
        "q1_ns": 26919.943077265754,
        "q3_ns": 1100864.1633347017
      },
      "futex_op_counts": {
        "128": 224
      },
      "first_seen_ts_ns": 447588255769,
      "last_seen_ts_ns": 447729282988
    },
    {
      "tgid": 11341,
      "comm": "gke-exec-auth-p",
      "cgroup_id": 6580,
      "wait_duration_stats_ns": {
        "count": 341.0,
        "sum": 937823230.9999998,
        "mean": 2750214.7536656884,
        "median": 182950.8008574886,
        "min": 3810,
        "max": 140950657,
        "variance_ns2": 166475362627922.9,
        "iqr_ns": 480931.42323015217,
        "q1_ns": 43153.82612550323,
        "q3_ns": 524085.2493556554
      },
      "futex_op_counts": {
        "128": 341
      },
      "first_seen_ts_ns": 459571011301,
      "last_seen_ts_ns": 459775340991
    },
    {
      "tgid": 12106,
      "comm": "runc",
      "cgroup_id": 6520,
      "wait_duration_stats_ns": {
        "count": 287.0,
        "sum": 851990777.0000001,
        "mean": 2968608.979094077,
        "median": 127050.00084638243,
        "min": 7190,
        "max": 118752439,
        "variance_ns2": 274775748827487.44,
        "iqr_ns": 1413638.447034563,
        "q1_ns": 23420.227526658593,
        "q3_ns": 1437058.6745612216
      },
      "futex_op_counts": {
        "128": 287
      },
      "first_seen_ts_ns": 627588141991,
      "last_seen_ts_ns": 627714902888
    },
    {
      "tgid": 12222,
      "comm": "runc",
      "cgroup_id": 6520,
      "wait_duration_stats_ns": {
        "count": 355.0,
        "sum": 773968312.0,
        "mean": 2180192.428169014,
        "median": 80582.59708529986,
        "min": 9933,
        "max": 108879104,
        "variance_ns2": 147025505897648.3,
        "iqr_ns": 334498.4304745218,
        "q1_ns": 23608.2697425539,
        "q3_ns": 358106.7002170757
      },
      "futex_op_counts": {
        "128": 355
      },
      "first_seen_ts_ns": 647585010621,
      "last_seen_ts_ns": 647696873820
    },
    {
      "tgid": 12130,
      "comm": "runc",
      "cgroup_id": 6520,
      "wait_duration_stats_ns": {
        "count": 350.0,
        "sum": 747836503.9999999,
        "mean": 2136675.7257142854,
        "median": 65320.261903258855,
        "min": 557,
        "max": 105928289,
        "variance_ns2": 153583980293869.2,
        "iqr_ns": 344031.1564771535,
        "q1_ns": 19001.642158133036,
        "q3_ns": 363032.7986352865
      },
      "futex_op_counts": {
        "128": 350
      },
      "first_seen_ts_ns": 637586321925,
      "last_seen_ts_ns": 637698036894
    },
    {
      "tgid": 11806,
      "comm": "runc",
      "cgroup_id": 6520,
      "wait_duration_stats_ns": {
        "count": 342.0,
        "sum": 726570706.0,
        "mean": 2124475.7485380117,
        "median": 103985.10234029699,
        "min": 6384,
        "max": 102035233,
        "variance_ns2": 144065007300020.66,
        "iqr_ns": 288306.24838557554,
        "q1_ns": 24136.14292569299,
        "q3_ns": 312442.39131126856
      },
      "futex_op_counts": {
        "128": 342
      },
      "first_seen_ts_ns": 577585013897,
      "last_seen_ts_ns": 577689877295
    },
    {
      "tgid": 11293,
      "comm": "runc",
      "cgroup_id": 6520,
      "wait_duration_stats_ns": {
        "count": 274.0,
        "sum": 723992259.0,
        "mean": 2642307.51459854,
        "median": 130533.54590689138,
        "min": 9156,
        "max": 95123168,
        "variance_ns2": 174702024697156.56,
        "iqr_ns": 633156.9550037093,
        "q1_ns": 28444.90679190086,
        "q3_ns": 661601.8617956102
      },
      "futex_op_counts": {
        "128": 274
      },
      "first_seen_ts_ns": 457585012469,
      "last_seen_ts_ns": 457695544647
    },
    {
      "tgid": 11780,
      "comm": "runc",
      "cgroup_id": 6520,
      "wait_duration_stats_ns": {
        "count": 289.0,
        "sum": 723197834.0,
        "mean": 2502414.650519031,
        "median": 112825.73622612546,
        "min": 4000,
        "max": 89909372,
        "variance_ns2": 152887407167040.1,
        "iqr_ns": 2418652.085275501,
        "q1_ns": 20307.193536836083,
        "q3_ns": 2438959.278812337
      },
      "futex_op_counts": {
        "128": 289
      },
      "first_seen_ts_ns": 567588012479,
      "last_seen_ts_ns": 567680852757
    },
    {
      "tgid": 11223,
      "comm": "runc",
      "cgroup_id": 6520,
      "wait_duration_stats_ns": {
        "count": 363.0,
        "sum": 696269664.0000001,
        "mean": 1918098.2479338846,
        "median": 51981.15745191908,
        "min": 4436,
        "max": 100436686,
        "variance_ns2": 144252977109562.9,
        "iqr_ns": 320211.1328056905,
        "q1_ns": 20409.395888119485,
        "q3_ns": 340620.52869381
      },
      "futex_op_counts": {
        "128": 363
      },
      "first_seen_ts_ns": 427588245503,
      "last_seen_ts_ns": 427691935963
    },
    {
      "tgid": 11694,
      "comm": "runc",
      "cgroup_id": 6520,
      "wait_duration_stats_ns": {
        "count": 303.0,
        "sum": 645472415.0,
        "mean": 2130271.99669967,
        "median": 137898.00871784915,
        "min": 9222,
        "max": 89603151,
        "variance_ns2": 148787261237571.56,
        "iqr_ns": 1901774.332982198,
        "q1_ns": 16756.770148742777,
        "q3_ns": 1918531.1031309408
      },
      "futex_op_counts": {
        "128": 303
      },
      "first_seen_ts_ns": 527588014160,
      "last_seen_ts_ns": 527681738324
    },
    {
      "tgid": 12290,
      "comm": "runc",
      "cgroup_id": 6520,
      "wait_duration_stats_ns": {
        "count": 288.0,
        "sum": 643472723.0,
        "mean": 2234280.2881944445,
        "median": 162482.95465608305,
        "min": 9542,
        "max": 90911261,
        "variance_ns2": 143113874123130.03,
        "iqr_ns": 1931751.7507971732,
        "q1_ns": 30048.326347342852,
        "q3_ns": 1961800.0771445162
      },
      "futex_op_counts": {
        "128": 288
      },
      "first_seen_ts_ns": 677589362411,
      "last_seen_ts_ns": 677686784800
    },
    {
      "tgid": 11200,
      "comm": "runc",
      "cgroup_id": 6520,
      "wait_duration_stats_ns": {
        "count": 289.0,
        "sum": 617881289.9999999,
        "mean": 2137997.543252595,
        "median": 113856.71599029339,
        "min": 938,
        "max": 86740698,
        "variance_ns2": 110759051436104.02,
        "iqr_ns": 1684832.3002500637,
        "q1_ns": 22534.53808415339,
        "q3_ns": 1707366.838334217
      },
      "futex_op_counts": {
        "128": 289
      },
      "first_seen_ts_ns": 417588713370,
      "last_seen_ts_ns": 417683013331
    },
    {
      "tgid": 11715,
      "comm": "runc",
      "cgroup_id": 6520,
      "wait_duration_stats_ns": {
        "count": 272.0,
        "sum": 574045614.0,
        "mean": 2110461.8161764704,
        "median": 152009.28916395165,
        "min": 9349,
        "max": 89787349,
        "variance_ns2": 105900627566054.47,
        "iqr_ns": 2721952.147282744,
        "q1_ns": 31851.011581440398,
        "q3_ns": 2753803.1588641843
      },
      "futex_op_counts": {
        "128": 272
      },
      "first_seen_ts_ns": 537588015388,
      "last_seen_ts_ns": 537688154605
    },
    {
      "tgid": 11680,
      "comm": "runc:[2:INIT]",
      "cgroup_id": 9559,
      "wait_duration_stats_ns": {
        "count": 35.0,
        "sum": 557213842.9999999,
        "mean": 15920395.51428571,
        "median": 3698231.775304634,
        "min": 547,
        "max": 90704491,
        "variance_ns2": 802434622737990.1,
        "iqr_ns": 19540798.6135312,
        "q1_ns": 325962.55199849076,
        "q3_ns": 19866761.16552969
      },
      "futex_op_counts": {
        "128": 35
      },
      "first_seen_ts_ns": 517627182739,
      "last_seen_ts_ns": 517737566273
    },
    {
      "tgid": 11279,
      "comm": "runc:[2:INIT]",
      "cgroup_id": 9559,
      "wait_duration_stats_ns": {
        "count": 40.0,
        "sum": 546230601.0000001,
        "mean": 13655765.025000002,
        "median": 771690.2031658911,
        "min": 737,
        "max": 92027832,
        "variance_ns2": 800681698887268.5,
        "iqr_ns": 13337101.809667053,
        "q1_ns": 148365.88956473215,
        "q3_ns": 13485467.699231785
      },
      "futex_op_counts": {
        "128": 40
      },
      "first_seen_ts_ns": 447615011097,
      "last_seen_ts_ns": 447727881150
    },
    {
      "tgid": 11749,
      "comm": "runc:[2:INIT]",
      "cgroup_id": 9559,
      "wait_duration_stats_ns": {
        "count": 32.0,
        "sum": 539499390.0,
        "mean": 16859355.9375,
        "median": 2597742.2243314446,
        "min": 9094,
        "max": 97137804,
        "variance_ns2": 1094642166374597.2,
        "iqr_ns": 13594815.2779113,
        "q1_ns": 82591.2974641741,
        "q3_ns": 13677406.575375473
      },
      "futex_op_counts": {
        "128": 32
      },
      "first_seen_ts_ns": 547616148593,
      "last_seen_ts_ns": 547729166104
    },
    {
      "tgid": 12245,
      "comm": "runc",
      "cgroup_id": 6520,
      "wait_duration_stats_ns": {
        "count": 356.0,
        "sum": 514647644.0,
        "mean": 1445639.4494382022,
        "median": 42947.41637584475,
        "min": 9543,
        "max": 83303769,
        "variance_ns2": 70035966998926.47,
        "iqr_ns": 303997.5410922215,
        "q1_ns": 16230.6592438204,
        "q3_ns": 320228.2003360419
      },
      "futex_op_counts": {
        "128": 356
      },
      "first_seen_ts_ns": 657585417790,
      "last_seen_ts_ns": 657674025354
    },
    {
      "tgid": 12268,
      "comm": "runc",
      "cgroup_id": 6520,
      "wait_duration_stats_ns": {
        "count": 324.0,
        "sum": 509144089.00000006,
        "mean": 1571432.3734567903,
        "median": 61344.795445957425,
        "min": 556,
        "max": 73644505,
        "variance_ns2": 89639626523897.22,
        "iqr_ns": 291467.14381354715,
        "q1_ns": 14738.568076121712,
        "q3_ns": 306205.7118896689
      },
      "futex_op_counts": {
        "128": 324
      },
      "first_seen_ts_ns": 667598123271,
      "last_seen_ts_ns": 667674792976
    },
    {
      "tgid": 11178,
      "comm": "runc",
      "cgroup_id": 6520,
      "wait_duration_stats_ns": {
        "count": 305.0,
        "sum": 498382735.99999994,
        "mean": 1634041.757377049,
        "median": 94370.73097525325,
        "min": 10010,
        "max": 72357942,
        "variance_ns2": 75092798741814.52,
        "iqr_ns": 726465.4508070371,
        "q1_ns": 26289.4065937201,
        "q3_ns": 752754.8574007571
      },
      "futex_op_counts": {
        "128": 305
      },
      "first_seen_ts_ns": 407583180940,
      "last_seen_ts_ns": 407661219373
    },
    {
      "tgid": 12117,
      "comm": "runc:[2:INIT]",
      "cgroup_id": 9559,
      "wait_duration_stats_ns": {
        "count": 27.0,
        "sum": 492180110.0,
        "mean": 18228892.962962963,
        "median": 1685972.2917743986,
        "min": 2682,
        "max": 88417894,
        "variance_ns2": 1058674283747853.9,
        "iqr_ns": 18247642.153610382,
        "q1_ns": 74376.06306094458,
        "q3_ns": 18322018.216671325
      },
      "futex_op_counts": {
        "128": 27
      },
      "first_seen_ts_ns": 627610669959,
      "last_seen_ts_ns": 627714912946
    },
    {
      "tgid": 12311,
      "comm": "runc",
      "cgroup_id": 6520,
      "wait_duration_stats_ns": {
        "count": 297.0,
        "sum": 472652603.0,
        "mean": 1591422.9057239057,
        "median": 91686.93771302741,
        "min": 579,
        "max": 79313439,
        "variance_ns2": 61924896536941.89,
        "iqr_ns": 552285.7195911162,
        "q1_ns": 24377.08805769489,
        "q3_ns": 576662.807648811
      },
      "futex_op_counts": {
        "128": 297
      },
      "first_seen_ts_ns": 687588113102,
      "last_seen_ts_ns": 687672013490
    },
    {
      "tgid": 11759,
      "comm": "runc",
      "cgroup_id": 6520,
      "wait_duration_stats_ns": {
        "count": 316.0,
        "sum": 374580992.00000006,
        "mean": 1185382.8860759495,
        "median": 51772.65710488529,
        "min": 8864,
        "max": 62002310,
        "variance_ns2": 39473437378615.21,
        "iqr_ns": 250280.25748328282,
        "q1_ns": 17628.23563938156,
        "q3_ns": 267908.4931226644
      },
      "futex_op_counts": {
        "128": 316
      },
      "first_seen_ts_ns": 557582680504,
      "last_seen_ts_ns": 557647677950
    },
    {
      "tgid": 11705,
      "comm": "runc:[2:INIT]",
      "cgroup_id": 9559,
      "wait_duration_stats_ns": {
        "count": 33.0,
        "sum": 372303520.0,
        "mean": 11281924.848484848,
        "median": 3070081.731161246,
        "min": 16143,
        "max": 57924752,
        "variance_ns2": 325759662821367.9,
        "iqr_ns": 13661587.570177967,
        "q1_ns": 476366.03813171235,
        "q3_ns": 14137953.608309679
      },
      "futex_op_counts": {
        "128": 33
      },
      "first_seen_ts_ns": 527606012690,
      "last_seen_ts_ns": 527681817527
    },
    {
      "tgid": 11258,
      "comm": "runc:[2:INIT]",
      "cgroup_id": 9559,
      "wait_duration_stats_ns": {
        "count": 30.0,
        "sum": 360485782.0,
        "mean": 12016192.733333334,
        "median": 4167036.6321362606,
        "min": 23204,
        "max": 58877780,
        "variance_ns2": 390390771757422.6,
        "iqr_ns": 22127808.60994846,
        "q1_ns": 139580.78648148148,
        "q3_ns": 22267389.39642994
      },
      "futex_op_counts": {
        "128": 30
      },
      "first_seen_ts_ns": 437626010250,
      "last_seen_ts_ns": 437700807340
    },
    {
      "tgid": 12141,
      "comm": "runc:[2:INIT]",
      "cgroup_id": 9559,
      "wait_duration_stats_ns": {
        "count": 26.0,
        "sum": 355925216.0,
        "mean": 13689431.384615384,
        "median": 3090661.7338931775,
        "min": 17538,
        "max": 59992526,
        "variance_ns2": 435291097016498.25,
        "iqr_ns": 15194315.238835888,
        "q1_ns": 165126.7667299116,
        "q3_ns": 15359442.0055658
      },
      "futex_op_counts": {
        "128": 26
      },
      "first_seen_ts_ns": 637624010969,
      "last_seen_ts_ns": 637698098287
    },
    {
      "tgid": 11792,
      "comm": "runc:[2:INIT]",
      "cgroup_id": 9559,
      "wait_duration_stats_ns": {
        "count": 30.0,
        "sum": 354755688.00000006,
        "mean": 11825189.600000001,
        "median": 2226915.2837368003,
        "min": 1463,
        "max": 59020155,
        "variance_ns2": 458393402466862.06,
        "iqr_ns": 16210896.544245342,
        "q1_ns": 126894.44131944444,
        "q3_ns": 16337790.985564787
      },
      "futex_op_counts": {
        "128": 30
      },
      "first_seen_ts_ns": 567606032150,
      "last_seen_ts_ns": 567680871592
    },
    {
      "tgid": 11165,
      "comm": "runc:[2:INIT]",
      "cgroup_id": 9559,
      "wait_duration_stats_ns": {
        "count": 26.0,
        "sum": 354212302.0,
        "mean": 13623550.076923076,
        "median": 2929537.186855904,
        "min": 33079,
        "max": 68325905,
        "variance_ns2": 401084412063259.7,
        "iqr_ns": 7481836.549555594,
        "q1_ns": 2272156.060519807,
        "q3_ns": 9753992.610075401
      },
      "futex_op_counts": {
        "128": 26
      },
      "first_seen_ts_ns": 397668116511,
      "last_seen_ts_ns": 397768206767
    },
    {
      "tgid": 11235,
      "comm": "runc:[2:INIT]",
      "cgroup_id": 9559,
      "wait_duration_stats_ns": {
        "count": 29.0,
        "sum": 352910135.0000001,
        "mean": 12169315.000000004,
        "median": 2497477.6696056016,
        "min": 471,
        "max": 63591116,
        "variance_ns2": 350714152583360.1,
        "iqr_ns": 14980107.743329322,
        "q1_ns": 442777.4153015231,
        "q3_ns": 15422885.158630844
      },
      "futex_op_counts": {
        "128": 29
      },
      "first_seen_ts_ns": 427620011741,
      "last_seen_ts_ns": 427692028233
    },
    {
      "tgid": 11305,
      "comm": "runc:[2:INIT]",
      "cgroup_id": 9559,
      "wait_duration_stats_ns": {
        "count": 33.0,
        "sum": 348694757.0,
        "mean": 10566507.787878787,
        "median": 1333840.6241368367,
        "min": 15037,
        "max": 57724370,
        "variance_ns2": 400719799872349.6,
        "iqr_ns": 10868903.218188707,
        "q1_ns": 124788.15685913432,
        "q3_ns": 10993691.375047842
      },
      "futex_op_counts": {
        "128": 33
      },
      "first_seen_ts_ns": 457621262036,
      "last_seen_ts_ns": 457695397289
    },
    {
      "tgid": 12233,
      "comm": "runc:[2:INIT]",
      "cgroup_id": 9559,
      "wait_duration_stats_ns": {
        "count": 26.0,
        "sum": 346568021.0,
        "mean": 13329539.26923077,
        "median": 4173668.4279410145,
        "min": 23370,
        "max": 62022102,
        "variance_ns2": 348254489257745.94,
        "iqr_ns": 15673662.105538098,
        "q1_ns": 1223816.9246256596,
        "q3_ns": 16897479.030163758
      },
      "futex_op_counts": {
        "128": 26
      },
      "first_seen_ts_ns": 647628014010,
      "last_seen_ts_ns": 647696942743
    },
    {
      "tgid": 11725,
      "comm": "runc:[2:INIT]",
      "cgroup_id": 9559,
      "wait_duration_stats_ns": {
        "count": 28.0,
        "sum": 342098062.0000001,
        "mean": 12217787.928571433,
        "median": 1964965.1831778137,
        "min": 19656,
        "max": 59357434,
        "variance_ns2": 344359901380479.1,
        "iqr_ns": 17112321.8294124,
        "q1_ns": 451585.97828759346,
        "q3_ns": 17563907.807699993
      },
      "futex_op_counts": {
        "128": 28
      },
      "first_seen_ts_ns": 537612257497,
      "last_seen_ts_ns": 537687990964
    },
    {
      "tgid": 11817,
      "comm": "runc:[2:INIT]",
      "cgroup_id": 9559,
      "wait_duration_stats_ns": {
        "count": 29.0,
        "sum": 297571337.0,
        "mean": 10261080.586206896,
        "median": 2611235.279417269,
        "min": 684,
        "max": 51016411,
        "variance_ns2": 278529874307101.94,
        "iqr_ns": 12078522.366073748,
        "q1_ns": 78951.10389896782,
        "q3_ns": 12157473.469972717
      },
      "futex_op_counts": {
        "128": 29
      },
      "first_seen_ts_ns": 577623136447,
      "last_seen_ts_ns": 577689920206
    },
    {
      "tgid": 11211,
      "comm": "runc:[2:INIT]",
      "cgroup_id": 9559,
      "wait_duration_stats_ns": {
        "count": 31.0,
        "sum": 290054897.0,
        "mean": 9356609.58064516,
        "median": 2485925.0088854963,
        "min": 558,
        "max": 46132831,
        "variance_ns2": 235781103529230.88,
        "iqr_ns": 12975418.293465368,
        "q1_ns": 39564.275,
        "q3_ns": 13014982.568465369
      },
      "futex_op_counts": {
        "128": 31
      },
      "first_seen_ts_ns": 417621012525,
      "last_seen_ts_ns": 417681844139
    },
    {
      "tgid": 12255,
      "comm": "runc:[2:INIT]",
      "cgroup_id": 9559,
      "wait_duration_stats_ns": {
        "count": 28.0,
        "sum": 273813868.00000006,
        "mean": 9779066.714285716,
        "median": 1005688.9321691951,
        "min": 26547,
        "max": 42407588,
        "variance_ns2": 244268822960537.62,
        "iqr_ns": 9787842.16805554,
        "q1_ns": 135135.01481481481,
        "q3_ns": 9922977.182870355
      },
      "futex_op_counts": {
        "128": 28
      },
      "first_seen_ts_ns": 657612843862,
      "last_seen_ts_ns": 657671894376
    },
    {
      "tgid": 11189,
      "comm": "runc:[2:INIT]",
      "cgroup_id": 9559,
      "wait_duration_stats_ns": {
        "count": 32.0,
        "sum": 262754439.99999994,
        "mean": 8211076.249999998,
        "median": 712735.8013799716,
        "min": 512,
        "max": 42971801,
        "variance_ns2": 190602577359710.3,
        "iqr_ns": 8613017.671701144,
        "q1_ns": 49209.81250223791,
        "q3_ns": 8662227.484203381
      },
      "futex_op_counts": {
        "128": 32
      },
      "first_seen_ts_ns": 407605012977,
      "last_seen_ts_ns": 407660684690
    },
    {
      "tgid": 12301,
      "comm": "runc:[2:INIT]",
      "cgroup_id": 9559,
      "wait_duration_stats_ns": {
        "count": 34.0,
        "sum": 261911680.00000003,
        "mean": 7703284.705882354,
        "median": 569128.746098476,
        "min": 787,
        "max": 40706106,
        "variance_ns2": 161060590177815.94,
        "iqr_ns": 8563502.166029686,
        "q1_ns": 97500.03012227337,
        "q3_ns": 8661002.196151959
      },
      "futex_op_counts": {
        "128": 34
      },
      "first_seen_ts_ns": 677628165666,
      "last_seen_ts_ns": 677686783156
    },
    {
      "tgid": 11108,
      "comm": "runc",
      "cgroup_id": 6520,
      "wait_duration_stats_ns": {
        "count": 389.0,
        "sum": 242822472.9999999,
        "mean": 624222.2956298199,
        "median": 40223.72279305516,
        "min": 597,
        "max": 38137538,
        "variance_ns2": 13356657922601.693,
        "iqr_ns": 187791.1455180133,
        "q1_ns": 16436.42854968434,
        "q3_ns": 204227.57406769766
      },
      "futex_op_counts": {
        "128": 389
      },
      "first_seen_ts_ns": 377581963106,
      "last_seen_ts_ns": 377623022187
    },
    {
      "tgid": 11057,
      "comm": "runc",
      "cgroup_id": 6520,
      "wait_duration_stats_ns": {
        "count": 376.0,
        "sum": 229205665.00000006,
        "mean": 609589.5345744683,
        "median": 29704.50843647441,
        "min": 7454,
        "max": 33985822,
        "variance_ns2": 16524435250120.053,
        "iqr_ns": 117701.6552773831,
        "q1_ns": 13865.805249878878,
        "q3_ns": 131567.46052726198
      },
      "futex_op_counts": {
        "128": 376
      },
      "first_seen_ts_ns": 367581836913,
      "last_seen_ts_ns": 367618695174
    },
    {
      "tgid": 12007,
      "comm": "runc",
      "cgroup_id": 6520,
      "wait_duration_stats_ns": {
        "count": 350.0,
        "sum": 226848296.99999994,
        "mean": 648137.9914285713,
        "median": 34767.04775882781,
        "min": 923,
        "max": 33554402,
        "variance_ns2": 17141157742102.674,
        "iqr_ns": 137198.27199585954,
        "q1_ns": 15038.23213715138,
        "q3_ns": 152236.50413301092
      },
      "futex_op_counts": {
        "128": 350
      },
      "first_seen_ts_ns": 587582131423,
      "last_seen_ts_ns": 587618726172
    },
    {
      "tgid": 11375,
      "comm": "runc",
      "cgroup_id": 6520,
      "wait_duration_stats_ns": {
        "count": 371.0,
        "sum": 221481400.99999997,
        "mean": 596984.9083557951,
        "median": 36695.22378840569,
        "min": 618,
        "max": 32682617,
        "variance_ns2": 15003118679082.322,
        "iqr_ns": 117332.03356096162,
        "q1_ns": 19999.55437555672,
        "q3_ns": 137331.58793651834
      },
      "futex_op_counts": {
        "128": 371
      },
      "first_seen_ts_ns": 467581905070,
      "last_seen_ts_ns": 467617658632
    },
    {
      "tgid": 11623,
      "comm": "runc",
      "cgroup_id": 6520,
      "wait_duration_stats_ns": {
        "count": 393.0,
        "sum": 220762833.0,
        "mean": 561737.4885496183,
        "median": 41929.02634551006,
        "min": 2245,
        "max": 37884883,
        "variance_ns2": 11743133237768.176,
        "iqr_ns": 139386.73993186772,
        "q1_ns": 19448.957823599565,
        "q3_ns": 158835.6977554673
      },
      "futex_op_counts": {
        "128": 393
      },
      "first_seen_ts_ns": 497581945453,
      "last_seen_ts_ns": 497622819129
    },
    {
      "tgid": 11602,
      "comm": "runc",
      "cgroup_id": 6520,
      "wait_duration_stats_ns": {
        "count": 403.0,
        "sum": 215812072.0,
        "mean": 535513.8263027295,
        "median": 24843.381430836514,
        "min": 670,
        "max": 37227722,
        "variance_ns2": 15678026645513.453,
        "iqr_ns": 80451.63338700669,
        "q1_ns": 14183.426093695449,
        "q3_ns": 94635.05948070214
      },
      "futex_op_counts": {
        "128": 403
      },
      "first_seen_ts_ns": 487584347789,
      "last_seen_ts_ns": 487624634873
    },
    {
      "tgid": 12321,
      "comm": "runc:[2:INIT]",
      "cgroup_id": 9559,
      "wait_duration_stats_ns": {
        "count": 26.0,
        "sum": 211249076.99999997,
        "mean": 8124964.499999999,
        "median": 991847.9019529149,
        "min": 22392,
        "max": 38243694,
        "variance_ns2": 132311524232372.58,
        "iqr_ns": 8350192.457353871,
        "q1_ns": 479798.058399953,
        "q3_ns": 8829990.515753824
      },
      "futex_op_counts": {
        "128": 26
      },
      "first_seen_ts_ns": 687616012231,
      "last_seen_ts_ns": 687670465139
    },
    {
      "tgid": 12279,
      "comm": "runc:[2:INIT]",
      "cgroup_id": 9559,
      "wait_duration_stats_ns": {
        "count": 28.0,
        "sum": 209507256.99999994,
        "mean": 7482402.035714284,
        "median": 1468895.0409283887,
        "min": 18456,
        "max": 30858654,
        "variance_ns2": 107402179786742.03,
        "iqr_ns": 10805012.886831647,
        "q1_ns": 85614.18302976545,
        "q3_ns": 10890627.069861412
      },
      "futex_op_counts": {
        "128": 28
      },
      "first_seen_ts_ns": 667631011496,
      "last_seen_ts_ns": 667674863924
    },
    {
      "tgid": 11644,
      "comm": "runc",
      "cgroup_id": 6520,
      "wait_duration_stats_ns": {
        "count": 342.0,
        "sum": 209488379.0,
        "mean": 612539.1198830409,
        "median": 31286.238315104933,
        "min": 4772,
        "max": 36314522,
        "variance_ns2": 17228483383020.174,
        "iqr_ns": 121953.23148359705,
        "q1_ns": 14844.812428407055,
        "q3_ns": 136798.0439120041
      },
      "futex_op_counts": {
        "128": 342
      },
      "first_seen_ts_ns": 507582011700,
      "last_seen_ts_ns": 507621231924
    },
    {
      "tgid": 11129,
      "comm": "runc",
      "cgroup_id": 6520,
      "wait_duration_stats_ns": {
        "count": 375.0,
        "sum": 205221445.0,
        "mean": 547257.1866666666,
        "median": 30183.286746116828,
        "min": 482,
        "max": 30649269,
        "variance_ns2": 13017461026476.023,
        "iqr_ns": 102483.82364364433,
        "q1_ns": 14346.099234425199,
        "q3_ns": 116829.92287806953
      },
      "futex_op_counts": {
        "128": 375
      },
      "first_seen_ts_ns": 387582308554,
      "last_seen_ts_ns": 387615846146
    },
    {
      "tgid": 12052,
      "comm": "runc",
      "cgroup_id": 6520,
      "wait_duration_stats_ns": {
        "count": 393.0,
        "sum": 201504205.0,
        "mean": 512733.3460559796,
        "median": 29609.202087760277,
        "min": 7552,
        "max": 34982995,
        "variance_ns2": 13970672909186.105,
        "iqr_ns": 82539.07915759918,
        "q1_ns": 15419.997131773009,
        "q3_ns": 97959.07628937218
      },
      "futex_op_counts": {
        "128": 393
      },
      "first_seen_ts_ns": 607581757760,
      "last_seen_ts_ns": 607619612763
    },
    {
      "tgid": 11580,
      "comm": "runc",
      "cgroup_id": 6520,
      "wait_duration_stats_ns": {
        "count": 368.0,
        "sum": 187559524.99999997,
        "mean": 509672.62228260865,
        "median": 30597.436235807487,
        "min": 6260,
        "max": 32521597,
        "variance_ns2": 12215191559687.902,
        "iqr_ns": 91047.4457658163,
        "q1_ns": 18166.946816028172,
        "q3_ns": 109214.39258184447
      },
      "futex_op_counts": {
        "128": 368
      },
      "first_seen_ts_ns": 477582720157,
      "last_seen_ts_ns": 477618114201
    },
    {
      "tgid": 12030,
      "comm": "runc",
      "cgroup_id": 6520,
      "wait_duration_stats_ns": {
        "count": 367.0,
        "sum": 185205229.00000003,
        "mean": 504646.4005449592,
        "median": 36663.3442770066,
        "min": 6968,
        "max": 32610298,
        "variance_ns2": 12122022945176.498,
        "iqr_ns": 94548.08824950422,
        "q1_ns": 18929.654948489606,
        "q3_ns": 113477.74319799383
      },
      "futex_op_counts": {
        "128": 367
      },
      "first_seen_ts_ns": 597582424125,
      "last_seen_ts_ns": 597617904476
    },
    {
      "tgid": 12073,
      "comm": "runc",
      "cgroup_id": 6520,
      "wait_duration_stats_ns": {
        "count": 397.0,
        "sum": 168187196.0,
        "mean": 423645.3299748111,
        "median": 24759.12735340902,
        "min": 7350,
        "max": 29515219,
        "variance_ns2": 9462394960580.95,
        "iqr_ns": 84269.67221632064,
        "q1_ns": 14315.646028303789,
        "q3_ns": 98585.31824462443
      },
      "futex_op_counts": {
        "128": 397
      },
      "first_seen_ts_ns": 617581692158,
      "last_seen_ts_ns": 617613975964
    },
    {
      "tgid": 11769,
      "comm": "runc:[2:INIT]",
      "cgroup_id": 9559,
      "wait_duration_stats_ns": {
        "count": 29.0,
        "sum": 152949128.0,
        "mean": 5274107.862068965,
        "median": 3720830.8751125997,
        "min": 782,
        "max": 20770456,
        "variance_ns2": 41605053711800.625,
        "iqr_ns": 7940175.456318638,
        "q1_ns": 164572.00184486908,
        "q3_ns": 8104747.458163507
      },
      "futex_op_counts": {
        "128": 29
      },
      "first_seen_ts_ns": 557610419598,
      "last_seen_ts_ns": 557647734850
    },
    {
      "tgid": 11119,
      "comm": "runc:[2:INIT]",
      "cgroup_id": 9559,
      "wait_duration_stats_ns": {
        "count": 33.0,
        "sum": 146650779.0,
        "mean": 4443963.0,
        "median": 551701.9937961441,
        "min": 702,
        "max": 17401716,
        "variance_ns2": 46989208777496.0,
        "iqr_ns": 6958923.266773988,
        "q1_ns": 72693.28113061385,
        "q3_ns": 7031616.547904601
      },
      "futex_op_counts": {
        "128": 33
      },
      "first_seen_ts_ns": 377589889015,
      "last_seen_ts_ns": 377623025759
    },
    {
      "tgid": 11612,
      "comm": "runc:[2:INIT]",
      "cgroup_id": 9559,
      "wait_duration_stats_ns": {
        "count": 26.0,
        "sum": 143089701.0,
        "mean": 5503450.038461538,
        "median": 548907.0922695822,
        "min": 14258,
        "max": 16726980,
        "variance_ns2": 50984769714682.92,
        "iqr_ns": 7557281.347438533,
        "q1_ns": 49910.72763417354,
        "q3_ns": 7607192.075072707
      },
      "futex_op_counts": {
        "128": 26
      },
      "first_seen_ts_ns": 487592342297,
      "last_seen_ts_ns": 487624725928
    },
    {
      "tgid": 11633,
      "comm": "runc:[2:INIT]",
      "cgroup_id": 9559,
      "wait_duration_stats_ns": {
        "count": 30.0,
        "sum": 143086707.99999994,
        "mean": 4769556.933333332,
        "median": 550574.249621914,
        "min": 3199,
        "max": 16795406,
        "variance_ns2": 47545096773440.95,
        "iqr_ns": 5469950.660313663,
        "q1_ns": 54832.89429453268,
        "q3_ns": 5524783.554608196
      },
      "futex_op_counts": {
        "128": 30
      },
      "first_seen_ts_ns": 497590445153,
      "last_seen_ts_ns": 497622828917
    },
    {
      "tgid": 11655,
      "comm": "runc:[2:INIT]",
      "cgroup_id": 9559,
      "wait_duration_stats_ns": {
        "count": 28.0,
        "sum": 135921308.0,
        "mean": 4854332.428571429,
        "median": 632781.1021040173,
        "min": 21107,
        "max": 15850208,
        "variance_ns2": 43571118751693.06,
        "iqr_ns": 7208946.64512578,
        "q1_ns": 64640.95712890623,
        "q3_ns": 7273587.602254687
      },
      "futex_op_counts": {
        "128": 28
      },
      "first_seen_ts_ns": 507590159403,
      "last_seen_ts_ns": 507621195512
    },
    {
      "tgid": 12062,
      "comm": "runc:[2:INIT]",
      "cgroup_id": 9559,
      "wait_duration_stats_ns": {
        "count": 27.0,
        "sum": 132521336.99999999,
        "mean": 4908197.666666666,
        "median": 1201172.392765261,
        "min": 26154,
        "max": 15464679,
        "variance_ns2": 41823765731925.93,
        "iqr_ns": 8962352.675212713,
        "q1_ns": 46029.69816931217,
        "q3_ns": 9008382.373382024
      },
      "futex_op_counts": {
        "128": 27
      },
      "first_seen_ts_ns": 607589381882,
      "last_seen_ts_ns": 607619621052
    },
    {
      "tgid": 11068,
      "comm": "runc:[2:INIT]",
      "cgroup_id": 9559,
      "wait_duration_stats_ns": {
        "count": 28.0,
        "sum": 126717574.0,
        "mean": 4525627.642857143,
        "median": 432012.75008770573,
        "min": 575,
        "max": 15419911,
        "variance_ns2": 38220263928860.31,
        "iqr_ns": 6107078.065548443,
        "q1_ns": 22850.02462519434,
        "q3_ns": 6129928.0901736375
      },
      "futex_op_counts": {
        "128": 28
      },
      "first_seen_ts_ns": 367589570105,
      "last_seen_ts_ns": 367618632523
    },
    {
      "tgid": 12019,
      "comm": "runc:[2:INIT]",
      "cgroup_id": 9559,
      "wait_duration_stats_ns": {
        "count": 29.0,
        "sum": 122981588.00000001,
        "mean": 4240744.413793104,
        "median": 675140.3079674368,
        "min": 3165,
        "max": 15567243,
        "variance_ns2": 35622858043164.18,
        "iqr_ns": 5566529.571404202,
        "q1_ns": 82592.128513761,
        "q3_ns": 5649121.699917963
      },
      "futex_op_counts": {
        "128": 29
      },
      "first_seen_ts_ns": 587590373306,
      "last_seen_ts_ns": 587618713540
    },
    {
      "tgid": 11387,
      "comm": "runc:[2:INIT]",
      "cgroup_id": 9559,
      "wait_duration_stats_ns": {
        "count": 31.0,
        "sum": 116432041.00000003,
        "mean": 3755872.290322582,
        "median": 747622.4019852839,
        "min": 547,
        "max": 15585474,
        "variance_ns2": 31991700807973.14,
        "iqr_ns": 6189198.608660922,
        "q1_ns": 42345.0,
        "q3_ns": 6231543.608660922
      },
      "futex_op_counts": {
        "128": 31
      },
      "first_seen_ts_ns": 467590620520,
      "last_seen_ts_ns": 467617623338
    },
    {
      "tgid": 11591,
      "comm": "runc:[2:INIT]",
      "cgroup_id": 9559,
      "wait_duration_stats_ns": {
        "count": 30.0,
        "sum": 114853342.0,
        "mean": 3828444.7333333334,
        "median": 737719.2971920262,
        "min": 533,
        "max": 15894437,
        "variance_ns2": 31880535179561.035,
        "iqr_ns": 5215681.4591139145,
        "q1_ns": 59257.35566052587,
        "q3_ns": 5274938.814774441
      },
      "futex_op_counts": {
        "128": 30
      },
      "first_seen_ts_ns": 477591363083,
      "last_seen_ts_ns": 477618211505
    },
    {
      "tgid": 12041,
      "comm": "runc:[2:INIT]",
      "cgroup_id": 9559,
      "wait_duration_stats_ns": {
        "count": 27.0,
        "sum": 113495520.0,
        "mean": 4203537.777777778,
        "median": 1242107.3890865226,
        "min": 20714,
        "max": 15655126,
        "variance_ns2": 32386133552322.184,
        "iqr_ns": 7282828.81569902,
        "q1_ns": 47869.88065843622,
        "q3_ns": 7330698.696357457
      },
      "futex_op_counts": {
        "128": 27
      },
      "first_seen_ts_ns": 597591298419,
      "last_seen_ts_ns": 597617798344
    },
    {
      "tgid": 11140,
      "comm": "runc:[2:INIT]",
      "cgroup_id": 9559,
      "wait_duration_stats_ns": {
        "count": 28.0,
        "sum": 110254884.00000001,
        "mean": 3937674.428571429,
        "median": 708884.4555147259,
        "min": 628,
        "max": 15782334,
        "variance_ns2": 31625707508086.848,
        "iqr_ns": 6857773.658540252,
        "q1_ns": 40993.13333333334,
        "q3_ns": 6898766.791873585
      },
      "futex_op_counts": {
        "128": 28
      },
      "first_seen_ts_ns": 387590013127,
      "last_seen_ts_ns": 387615889384
    },
    {
      "tgid": 12084,
      "comm": "runc:[2:INIT]",
      "cgroup_id": 9559,
      "wait_duration_stats_ns": {
        "count": 29.0,
        "sum": 104421019.99999999,
        "mean": 3600724.827586206,
        "median": 762865.5747546271,
        "min": 22457,
        "max": 15664102,
        "variance_ns2": 28344382343474.79,
        "iqr_ns": 5913201.905777721,
        "q1_ns": 115004.02461068169,
        "q3_ns": 6028205.930388402
      },
      "futex_op_counts": {
        "128": 29
      },
      "first_seen_ts_ns": 617589298964,
      "last_seen_ts_ns": 617613995757
    },
    {
      "tgid": 12094,
      "comm": "gce_workload_ce",
      "cgroup_id": 10435,
      "wait_duration_stats_ns": {
        "count": 339.0,
        "sum": 44435434.00000001,
        "mean": 131077.97640117997,
        "median": 35090.94984692984,
        "min": 550,
        "max": 9272241,
        "variance_ns2": 448490412969.4018,
        "iqr_ns": 112399.40230555025,
        "q1_ns": 13181.050613941685,
        "q3_ns": 125580.45291949193
      },
      "futex_op_counts": {
        "128": 339
      },
      "first_seen_ts_ns": 619208510511,
      "last_seen_ts_ns": 619217928052
    },
    {
      "tgid": 11211,
      "comm": "csi-node-driver",
      "cgroup_id": 9559,
      "wait_duration_stats_ns": {
        "count": 22.0,
        "sum": 20334652.000000004,
        "mean": 924302.3636363638,
        "median": 167103.02711123577,
        "min": 15081,
        "max": 2900464,
        "variance_ns2": 1153930836916.909,
        "iqr_ns": 1177730.5696212363,
        "q1_ns": 24461.817678326475,
        "q3_ns": 1202192.3872995628
      },
      "futex_op_counts": {
        "128": 22
      },
      "first_seen_ts_ns": 417685418032,
      "last_seen_ts_ns": 417691348493
    },
    {
      "tgid": 12321,
      "comm": "csi-node-driver",
      "cgroup_id": 9559,
      "wait_duration_stats_ns": {
        "count": 21.0,
        "sum": 16367276.0,
        "mean": 779394.0952380953,
        "median": 458560.09471568395,
        "min": 11080,
        "max": 1786856,
        "variance_ns2": 530820943365.09033,
        "iqr_ns": 1171994.357981684,
        "q1_ns": 35759.23331790124,
        "q3_ns": 1207753.591299585
      },
      "futex_op_counts": {
        "128": 21
      },
      "first_seen_ts_ns": 687675578979,
      "last_seen_ts_ns": 687680629355
    },
    {
      "tgid": 11680,
      "comm": "csi-node-driver",
      "cgroup_id": 9559,
      "wait_duration_stats_ns": {
        "count": 15.0,
        "sum": 15183559.999999998,
        "mean": 1012237.3333333333,
        "median": 656610.2147959184,
        "min": 15243,
        "max": 5391459,
        "variance_ns2": 2180462912087.0955,
        "iqr_ns": 1479547.4791902872,
        "q1_ns": 58410.59375,
        "q3_ns": 1537958.0729402872
      },
      "futex_op_counts": {
        "128": 15
      },
      "first_seen_ts_ns": 517739632081,
      "last_seen_ts_ns": 517745016075
    },
    {
      "tgid": 11705,
      "comm": "csi-node-driver",
      "cgroup_id": 9559,
      "wait_duration_stats_ns": {
        "count": 22.0,
        "sum": 11417428.0,
        "mean": 518974.0,
        "median": 57988.638930224864,
        "min": 1287,
        "max": 2292450,
        "variance_ns2": 579029241684.0001,
        "iqr_ns": 680869.572517862,
        "q1_ns": 39494.98589852608,
        "q3_ns": 720364.558416388
      },
      "futex_op_counts": {
        "128": 22
      },
      "first_seen_ts_ns": 527684178280,
      "last_seen_ts_ns": 527688070055
    },
    {
      "tgid": 11725,
      "comm": "csi-node-driver",
      "cgroup_id": 9559,
      "wait_duration_stats_ns": {
        "count": 16.0,
        "sum": 10854591.000000002,
        "mean": 678411.9375000001,
        "median": 294669.81687242794,
        "min": 32582,
        "max": 3362885,
        "variance_ns2": 945949210505.129,
        "iqr_ns": 816474.7153750001,
        "q1_ns": 47189.05729166667,
        "q3_ns": 863663.7726666668
      },
      "futex_op_counts": {
        "128": 16
      },
      "first_seen_ts_ns": 537690669425,
      "last_seen_ts_ns": 537694281467
    },
    {
      "tgid": 11279,
      "comm": "csi-node-driver",
      "cgroup_id": 9559,
      "wait_duration_stats_ns": {
        "count": 20.0,
        "sum": 10172537.0,
        "mean": 508626.85,
        "median": 242668.01252554054,
        "min": 9191,
        "max": 2116000,
        "variance_ns2": 502967414569.3974,
        "iqr_ns": 680754.3356159187,
        "q1_ns": 27296.47222222223,
        "q3_ns": 708050.807838141
      },
      "futex_op_counts": {
        "128": 20
      },
      "first_seen_ts_ns": 447731604818,
      "last_seen_ts_ns": 447735021417
    },
    {
      "tgid": 10812,
      "comm": "runc",
      "cgroup_id": 6520,
      "wait_duration_stats_ns": {
        "count": 15.0,
        "sum": 9990954.000000002,
        "mean": 666063.6000000001,
        "median": 62543.15158730159,
        "min": 8486,
        "max": 3435520,
        "variance_ns2": 1414863160721.9714,
        "iqr_ns": 215866.7111111111,
        "q1_ns": 42256.88888888889,
        "q3_ns": 258123.6
      },
      "futex_op_counts": {
        "128": 15
      },
      "first_seen_ts_ns": 349440054092,
      "last_seen_ts_ns": 349443528589
    },
    {
      "tgid": 12233,
      "comm": "csi-node-driver",
      "cgroup_id": 9559,
      "wait_duration_stats_ns": {
        "count": 21.0,
        "sum": 9651206.0,
        "mean": 459581.2380952381,
        "median": 89517.92614571085,
        "min": 10339,
        "max": 1788238,
        "variance_ns2": 398812219929.5905,
        "iqr_ns": 630255.089543467,
        "q1_ns": 28963.31753472222,
        "q3_ns": 659218.4070781893
      },
      "futex_op_counts": {
        "128": 21
      },
      "first_seen_ts_ns": 647702507068,
      "last_seen_ts_ns": 647705773378
    },
    {
      "tgid": 12255,
      "comm": "csi-node-driver",
      "cgroup_id": 9559,
      "wait_duration_stats_ns": {
        "count": 20.0,
        "sum": 9638866.0,
        "mean": 481943.30000000005,
        "median": 63219.974513462614,
        "min": 772,
        "max": 1960638,
        "variance_ns2": 456423149882.0105,
        "iqr_ns": 778880.2877814088,
        "q1_ns": 20754.897656250003,
        "q3_ns": 799635.1854376588
      },
      "futex_op_counts": {
        "128": 20
      },
      "first_seen_ts_ns": 657680623720,
      "last_seen_ts_ns": 657683943641
    },
    {
      "tgid": 11612,
      "comm": "csi-node-driver",
      "cgroup_id": 9559,
      "wait_duration_stats_ns": {
        "count": 19.0,
        "sum": 9586972.999999998,
        "mean": 504577.5263157894,
        "median": 301292.7339223226,
        "min": 15171,
        "max": 1771887,
        "variance_ns2": 388322007119.70764,
        "iqr_ns": 565514.547320824,
        "q1_ns": 42345.93431712963,
        "q3_ns": 607860.4816379537
      },
      "futex_op_counts": {
        "128": 19
      },
      "first_seen_ts_ns": 487626860493,
      "last_seen_ts_ns": 487630127080
    },
    {
      "tgid": 11792,
      "comm": "csi-node-driver",
      "cgroup_id": 9559,
      "wait_duration_stats_ns": {
        "count": 22.0,
        "sum": 9558878.0,
        "mean": 434494.4545454546,
        "median": 67182.91838816102,
        "min": 14177,
        "max": 1850529,
        "variance_ns2": 395868113460.6407,
        "iqr_ns": 630609.0765179185,
        "q1_ns": 20229.6777,
        "q3_ns": 650838.7542179185
      },
      "futex_op_counts": {
        "128": 22
      },
      "first_seen_ts_ns": 567689400267,
      "last_seen_ts_ns": 567692644725
    },
    {
      "tgid": 12279,
      "comm": "csi-node-driver",
      "cgroup_id": 9559,
      "wait_duration_stats_ns": {
        "count": 20.0,
        "sum": 9528570.0,
        "mean": 476428.5,
        "median": 53269.41925223214,
        "min": 17369,
        "max": 2016624,
        "variance_ns2": 457340081278.5789,
        "iqr_ns": 809362.2835289926,
        "q1_ns": 23671.219618055555,
        "q3_ns": 833033.5031470481
      },
      "futex_op_counts": {
        "128": 20
      },
      "first_seen_ts_ns": 667678637472,
      "last_seen_ts_ns": 667681902699
    },
    {
      "tgid": 11769,
      "comm": "csi-node-driver",
      "cgroup_id": 9559,
      "wait_duration_stats_ns": {
        "count": 20.0,
        "sum": 9521881.0,
        "mean": 476094.05,
        "median": 69665.39942973762,
        "min": 14180,
        "max": 1814226,
        "variance_ns2": 406222742619.94476,
        "iqr_ns": 825263.8518300919,
        "q1_ns": 28779.772626886144,
        "q3_ns": 854043.624456978
      },
      "futex_op_counts": {
        "128": 20
      },
      "first_seen_ts_ns": 557650137082,
      "last_seen_ts_ns": 557653438463
    },
    {
      "tgid": 12301,
      "comm": "csi-node-driver",
      "cgroup_id": 9559,
      "wait_duration_stats_ns": {
        "count": 21.0,
        "sum": 9517697.0,
        "mean": 453223.6666666667,
        "median": 76598.73941596782,
        "min": 11200,
        "max": 1797015,
        "variance_ns2": 413339329655.13336,
        "iqr_ns": 962132.6776917059,
        "q1_ns": 25068.927448625283,
        "q3_ns": 987201.6051403312
      },
      "futex_op_counts": {
        "128": 21
      },
      "first_seen_ts_ns": 677694375609,
      "last_seen_ts_ns": 677697612363
    },
    {
      "tgid": 11633,
      "comm": "csi-node-driver",
      "cgroup_id": 9559,
      "wait_duration_stats_ns": {
        "count": 20.0,
        "sum": 9481442.0,
        "mean": 474072.10000000003,
        "median": 91279.23379579438,
        "min": 2502,
        "max": 1771128,
        "variance_ns2": 387317829024.72626,
        "iqr_ns": 661509.0167033484,
        "q1_ns": 28874.94883156967,
        "q3_ns": 690383.965534918
      },
      "futex_op_counts": {
        "128": 20
      },
      "first_seen_ts_ns": 497624614257,
      "last_seen_ts_ns": 497627899878
    },
    {
      "tgid": 11305,
      "comm": "csi-node-driver",
      "cgroup_id": 9559,
      "wait_duration_stats_ns": {
        "count": 21.0,
        "sum": 9460915.000000002,
        "mean": 450519.76190476195,
        "median": 170191.72220269393,
        "min": 7811,
        "max": 2012801,
        "variance_ns2": 431514225470.6905,
        "iqr_ns": 673095.524721684,
        "q1_ns": 26825.404320987658,
        "q3_ns": 699920.9290426717
      },
      "futex_op_counts": {
        "128": 21
      },
      "first_seen_ts_ns": 457701468733,
      "last_seen_ts_ns": 457704650776
    },
    {
      "tgid": 11817,
      "comm": "csi-node-driver",
      "cgroup_id": 9559,
      "wait_duration_stats_ns": {
        "count": 21.0,
        "sum": 9460204.0,
        "mean": 450485.90476190473,
        "median": 104607.72041536868,
        "min": 15933,
        "max": 1781122,
        "variance_ns2": 387148028248.9905,
        "iqr_ns": 833451.5645660112,
        "q1_ns": 27114.18259091466,
        "q3_ns": 860565.7471569258
      },
      "futex_op_counts": {
        "128": 21
      },
      "first_seen_ts_ns": 577692020685,
      "last_seen_ts_ns": 577695239113
    },
    {
      "tgid": 12141,
      "comm": "csi-node-driver",
      "cgroup_id": 9559,
      "wait_duration_stats_ns": {
        "count": 21.0,
        "sum": 9420225.0,
        "mean": 448582.1428571429,
        "median": 89467.72732532743,
        "min": 8210,
        "max": 1774151,
        "variance_ns2": 377044935531.9286,
        "iqr_ns": 815590.338471384,
        "q1_ns": 24604.479125,
        "q3_ns": 840194.817596384
      },
      "futex_op_counts": {
        "128": 21
      },
      "first_seen_ts_ns": 637700633127,
      "last_seen_ts_ns": 637703842654
    },
    {
      "tgid": 11140,
      "comm": "csi-node-driver",
      "cgroup_id": 9559,
      "wait_duration_stats_ns": {
        "count": 18.0,
        "sum": 9391441.0,
        "mean": 521746.7222222222,
        "median": 256200.5679615162,
        "min": 17013,
        "max": 1778414,
        "variance_ns2": 411923911284.56537,
        "iqr_ns": 597302.9146324355,
        "q1_ns": 35840.29166666667,
        "q3_ns": 633143.2062991022
      },
      "futex_op_counts": {
        "128": 18
      },
      "first_seen_ts_ns": 387617675954,
      "last_seen_ts_ns": 387620879886
    },
    {
      "tgid": 11189,
      "comm": "csi-node-driver",
      "cgroup_id": 9559,
      "wait_duration_stats_ns": {
        "count": 21.0,
        "sum": 9356423.999999998,
        "mean": 445543.99999999994,
        "median": 97371.26789310516,
        "min": 13736,
        "max": 1783788,
        "variance_ns2": 382495194974.69995,
        "iqr_ns": 632317.7261799135,
        "q1_ns": 28063.329221092372,
        "q3_ns": 660381.0554010059
      },
      "futex_op_counts": {
        "128": 21
      },
      "first_seen_ts_ns": 407665476622,
      "last_seen_ts_ns": 407668662372
    },
    {
      "tgid": 11387,
      "comm": "csi-node-driver",
      "cgroup_id": 9559,
      "wait_duration_stats_ns": {
        "count": 21.0,
        "sum": 9230255.0,
        "mean": 439535.9523809524,
        "median": 96096.33855832499,
        "min": 14499,
        "max": 1768085,
        "variance_ns2": 364843795357.1476,
        "iqr_ns": 772631.621910877,
        "q1_ns": 31483.841968749995,
        "q3_ns": 804115.463879627
      },
      "futex_op_counts": {
        "128": 21
      },
      "first_seen_ts_ns": 467619570268,
      "last_seen_ts_ns": 467622740706
    },
    {
      "tgid": 11235,
      "comm": "csi-node-driver",
      "cgroup_id": 9559,
      "wait_duration_stats_ns": {
        "count": 20.0,
        "sum": 9191337.0,
        "mean": 459566.85000000003,
        "median": 82170.80955131489,
        "min": 14210,
        "max": 1802594,
        "variance_ns2": 401817621629.71326,
        "iqr_ns": 844072.9793381741,
        "q1_ns": 21251.582907407406,
        "q3_ns": 865324.5622455815
      },
      "futex_op_counts": {
        "128": 20
      },
      "first_seen_ts_ns": 427697532193,
      "last_seen_ts_ns": 427700657317
    },
    {
      "tgid": 12062,
      "comm": "csi-node-driver",
      "cgroup_id": 9559,
      "wait_duration_stats_ns": {
        "count": 19.0,
        "sum": 9186770.0,
        "mean": 483514.2105263158,
        "median": 278246.4896693929,
        "min": 14584,
        "max": 1722376,
        "variance_ns2": 384990458754.17554,
        "iqr_ns": 424342.8318074434,
        "q1_ns": 62272.1606958769,
        "q3_ns": 486614.99250332033
      },
      "futex_op_counts": {
        "128": 19
      },
      "first_seen_ts_ns": 607621497838,
      "last_seen_ts_ns": 607624605377
    },
    {
      "tgid": 12117,
      "comm": "csi-node-driver",
      "cgroup_id": 9559,
      "wait_duration_stats_ns": {
        "count": 20.0,
        "sum": 9161774.0,
        "mean": 458088.7,
        "median": 226556.8188409449,
        "min": 11063,
        "max": 1901200,
        "variance_ns2": 399785342988.8526,
        "iqr_ns": 626546.5469650277,
        "q1_ns": 31170.578665123463,
        "q3_ns": 657717.1256301511
      },
      "futex_op_counts": {
        "128": 20
      },
      "first_seen_ts_ns": 627720238713,
      "last_seen_ts_ns": 627723342612
    },
    {
      "tgid": 11258,
      "comm": "csi-node-driver",
      "cgroup_id": 9559,
      "wait_duration_stats_ns": {
        "count": 21.0,
        "sum": 9079971.0,
        "mean": 432379.5714285714,
        "median": 48343.12717759063,
        "min": 11587,
        "max": 1821842,
        "variance_ns2": 393008794411.1571,
        "iqr_ns": 732188.5572922499,
        "q1_ns": 22789.832537615748,
        "q3_ns": 754978.3898298657
      },
      "futex_op_counts": {
        "128": 21
      },
      "first_seen_ts_ns": 437702494415,
      "last_seen_ts_ns": 437705631104
    },
    {
      "tgid": 12084,
      "comm": "csi-node-driver",
      "cgroup_id": 9559,
      "wait_duration_stats_ns": {
        "count": 19.0,
        "sum": 9064442.000000002,
        "mean": 477075.8947368422,
        "median": 238870.71701479313,
        "min": 11937,
        "max": 1712613,
        "variance_ns2": 388102902786.3216,
        "iqr_ns": 510291.7887503007,
        "q1_ns": 26032.55266203704,
        "q3_ns": 536324.3414123377
      },
      "futex_op_counts": {
        "128": 19
      },
      "first_seen_ts_ns": 617615768193,
      "last_seen_ts_ns": 617618863213
    },
    {
      "tgid": 12041,
      "comm": "csi-node-driver",
      "cgroup_id": 9559,
      "wait_duration_stats_ns": {
        "count": 21.0,
        "sum": 8981735.0,
        "mean": 427701.6666666666,
        "median": 76388.41576666504,
        "min": 8981,
        "max": 1692556,
        "variance_ns2": 352003381546.9333,
        "iqr_ns": 787255.8846530946,
        "q1_ns": 20991.792927907325,
        "q3_ns": 808247.6775810019
      },
      "futex_op_counts": {
        "128": 21
      },
      "first_seen_ts_ns": 597619376006,
      "last_seen_ts_ns": 597622452932
    },
    {
      "tgid": 11655,
      "comm": "csi-node-driver",
      "cgroup_id": 9559,
      "wait_duration_stats_ns": {
        "count": 18.0,
        "sum": 8959510.0,
        "mean": 497750.55555555556,
        "median": 196539.17653061223,
        "min": 738,
        "max": 1561087,
        "variance_ns2": 367177115508.0262,
        "iqr_ns": 648968.6384895269,
        "q1_ns": 27086.728754340278,
        "q3_ns": 676055.3672438673
      },
      "futex_op_counts": {
        "128": 18
      },
      "first_seen_ts_ns": 507623106467,
      "last_seen_ts_ns": 507626182246
    },
    {
      "tgid": 11591,
      "comm": "csi-node-driver",
      "cgroup_id": 9559,
      "wait_duration_stats_ns": {
        "count": 18.0,
        "sum": 8939580.0,
        "mean": 496643.3333333334,
        "median": 237422.66762979497,
        "min": 13630,
        "max": 1797499,
        "variance_ns2": 422179160472.58826,
        "iqr_ns": 534646.3938068182,
        "q1_ns": 26050.8125,
        "q3_ns": 560697.2063068182
      },
      "futex_op_counts": {
        "128": 18
      },
      "first_seen_ts_ns": 477620261029,
      "last_seen_ts_ns": 477623286165
    },
    {
      "tgid": 12019,
      "comm": "csi-node-driver",
      "cgroup_id": 9559,
      "wait_duration_stats_ns": {
        "count": 17.0,
        "sum": 8836301.0,
        "mean": 519782.41176470584,
        "median": 334889.65186316014,
        "min": 19516,
        "max": 1809049,
        "variance_ns2": 396903510395.7574,
        "iqr_ns": 615264.7027388219,
        "q1_ns": 87125.6058049493,
        "q3_ns": 702390.3085437712
      },
      "futex_op_counts": {
        "128": 17
      },
      "first_seen_ts_ns": 587620907311,
      "last_seen_ts_ns": 587623925954
    },
    {
      "tgid": 11068,
      "comm": "csi-node-driver",
      "cgroup_id": 9559,
      "wait_duration_stats_ns": {
        "count": 18.0,
        "sum": 8799724.000000002,
        "mean": 488873.5555555557,
        "median": 242097.72076457128,
        "min": 9088,
        "max": 1787815,
        "variance_ns2": 382637789385.7909,
        "iqr_ns": 515703.68956200406,
        "q1_ns": 71838.38743799602,
        "q3_ns": 587542.077
      },
      "futex_op_counts": {
        "128": 18
      },
      "first_seen_ts_ns": 367620354643,
      "last_seen_ts_ns": 367623313692
    },
    {
      "tgid": 11119,
      "comm": "csi-node-driver",
      "cgroup_id": 9559,
      "wait_duration_stats_ns": {
        "count": 17.0,
        "sum": 8793347.0,
        "mean": 517255.70588235295,
        "median": 258742.0804966518,
        "min": 13147,
        "max": 1780001,
        "variance_ns2": 415815893651.5955,
        "iqr_ns": 627814.7687241161,
        "q1_ns": 26870.5234375,
        "q3_ns": 654685.2921616161
      },
      "futex_op_counts": {
        "128": 17
      },
      "first_seen_ts_ns": 377624785639,
      "last_seen_ts_ns": 377627784565
    },
    {
      "tgid": 10567,
      "comm": "flux-broker-16",
      "cgroup_id": 10356,
      "wait_duration_stats_ns": {
        "count": 512.0,
        "sum": 8580031.000000006,
        "mean": 16757.87304687501,
        "median": 2392.734653012034,
        "min": 362,
        "max": 3293140,
        "variance_ns2": 28913886867.31652,
        "iqr_ns": 4449.384170897827,
        "q1_ns": 566.7442470678175,
        "q3_ns": 5016.128417965645
      },
      "futex_op_counts": {
        "128": 512
      },
      "first_seen_ts_ns": 359337451683,
      "last_seen_ts_ns": 695876119386
    },
    {
      "tgid": 11165,
      "comm": "csi-node-driver",
      "cgroup_id": 9559,
      "wait_duration_stats_ns": {
        "count": 15.0,
        "sum": 4515656.0,
        "mean": 301043.73333333334,
        "median": 37444.566666666666,
        "min": 1280,
        "max": 1689246,
        "variance_ns2": 312316017306.20953,
        "iqr_ns": 57993.426851851844,
        "q1_ns": 17923.759259259263,
        "q3_ns": 75917.1861111111
      },
      "futex_op_counts": {
        "128": 15
      },
      "first_seen_ts_ns": 397777257655,
      "last_seen_ts_ns": 397780350803
    },
    {
      "tgid": 11749,
      "comm": "csi-node-driver",
      "cgroup_id": 9559,
      "wait_duration_stats_ns": {
        "count": 12.0,
        "sum": 3334170.0,
        "mean": 277847.5,
        "median": 24596.8125,
        "min": 23977,
        "max": 1745974,
        "variance_ns2": 326293961253.1818,
        "iqr_ns": 222808.34027777775,
        "q1_ns": 26332.104166666664,
        "q3_ns": 249140.4444444444
      },
      "futex_op_counts": {
        "128": 12
      },
      "first_seen_ts_ns": 547733607084,
      "last_seen_ts_ns": 547736786182
    },
    {
      "tgid": 10567,
      "comm": "ZMQbg/IO/0",
      "cgroup_id": 10356,
      "wait_duration_stats_ns": {
        "count": 45.0,
        "sum": 120658.99999999999,
        "mean": 2681.3111111111107,
        "median": 808.532288338872,
        "min": 474,
        "max": 19769,
        "variance_ns2": 21767208.12828283,
        "iqr_ns": 2213.222761235094,
        "q1_ns": 565.0499312158513,
        "q3_ns": 2778.272692450945
      },
      "futex_op_counts": {
        "128": 45
      },
      "first_seen_ts_ns": 467377430056,
      "last_seen_ts_ns": 690353040906
    },
    {
      "tgid": 11525,
      "comm": "lmp",
      "cgroup_id": 10356,
      "wait_duration_stats_ns": {
        "count": 1.0,
        "sum": 14747.0,
        "mean": 14747.0,
        "median": 14747.0,
        "min": 14747,
        "max": 14747,
        "variance_ns2": null,
        "iqr_ns": 0.0,
        "q1_ns": 14747.0,
        "q3_ns": 14747.0
      },
      "futex_op_counts": {
        "128": 1
      },
      "first_seen_ts_ns": 580821714369,
      "last_seen_ts_ns": 580821714369
    },
    {
      "tgid": 11515,
      "comm": "lmp",
      "cgroup_id": 10356,
      "wait_duration_stats_ns": {
        "count": 1.0,
        "sum": 12585.0,
        "mean": 12585.0,
        "median": 12585.0,
        "min": 12585,
        "max": 12585,
        "variance_ns2": null,
        "iqr_ns": 0.0,
        "q1_ns": 12585.0,
        "q3_ns": 12585.0
      },
      "futex_op_counts": {
        "128": 1
      },
      "first_seen_ts_ns": 580821608579,
      "last_seen_ts_ns": 580821608579
    },
    {
      "tgid": 11555,
      "comm": "lmp",
      "cgroup_id": 10356,
      "wait_duration_stats_ns": {
        "count": 1.0,
        "sum": 11619.0,
        "mean": 11619.0,
        "median": 11619.0,
        "min": 11619,
        "max": 11619,
        "variance_ns2": null,
        "iqr_ns": 0.0,
        "q1_ns": 11619.0,
        "q3_ns": 11619.0
      },
      "futex_op_counts": {
        "128": 1
      },
      "first_seen_ts_ns": 580819163639,
      "last_seen_ts_ns": 580819163639
    },
    {
      "tgid": 11963,
      "comm": "lmp",
      "cgroup_id": 10356,
      "wait_duration_stats_ns": {
        "count": 1.0,
        "sum": 10137.0,
        "mean": 10137.0,
        "median": 10137.0,
        "min": 10137,
        "max": 10137,
        "variance_ns2": null,
        "iqr_ns": 0.0,
        "q1_ns": 10137.0,
        "q3_ns": 10137.0
      },
      "futex_op_counts": {
        "128": 1
      },
      "first_seen_ts_ns": 690331570864,
      "last_seen_ts_ns": 690331570864
    },
    {
      "tgid": 11873,
      "comm": "lmp",
      "cgroup_id": 10356,
      "wait_duration_stats_ns": {
        "count": 1.0,
        "sum": 9464.0,
        "mean": 9464.0,
        "median": 9464.0,
        "min": 9464,
        "max": 9464,
        "variance_ns2": null,
        "iqr_ns": 0.0,
        "q1_ns": 9464.0,
        "q3_ns": 9464.0
      },
      "futex_op_counts": {
        "128": 1
      },
      "first_seen_ts_ns": 690331933347,
      "last_seen_ts_ns": 690331933347
    },
    {
      "tgid": 11509,
      "comm": "lmp",
      "cgroup_id": 10356,
      "wait_duration_stats_ns": {
        "count": 1.0,
        "sum": 9134.0,
        "mean": 9134.0,
        "median": 9134.0,
        "min": 9134,
        "max": 9134,
        "variance_ns2": null,
        "iqr_ns": 0.0,
        "q1_ns": 9134.0,
        "q3_ns": 9134.0
      },
      "futex_op_counts": {
        "128": 1
      },
      "first_seen_ts_ns": 580819486621,
      "last_seen_ts_ns": 580819486621
    },
    {
      "tgid": 11832,
      "comm": "lmp",
      "cgroup_id": 10356,
      "wait_duration_stats_ns": {
        "count": 1.0,
        "sum": 8497.0,
        "mean": 8497.0,
        "median": 8497.0,
        "min": 8497,
        "max": 8497,
        "variance_ns2": null,
        "iqr_ns": 0.0,
        "q1_ns": 8497.0,
        "q3_ns": 8497.0
      },
      "futex_op_counts": {
        "128": 1
      },
      "first_seen_ts_ns": 690331812820,
      "last_seen_ts_ns": 690331812820
    },
    {
      "tgid": 11975,
      "comm": "lmp",
      "cgroup_id": 10356,
      "wait_duration_stats_ns": {
        "count": 1.0,
        "sum": 8439.0,
        "mean": 8439.0,
        "median": 8439.0,
        "min": 8439,
        "max": 8439,
        "variance_ns2": null,
        "iqr_ns": 0.0,
        "q1_ns": 8439.0,
        "q3_ns": 8439.0
      },
      "futex_op_counts": {
        "128": 1
      },
      "first_seen_ts_ns": 690323456105,
      "last_seen_ts_ns": 690323456105
    },
    {
      "tgid": 11999,
      "comm": "lmp",
      "cgroup_id": 10356,
      "wait_duration_stats_ns": {
        "count": 1.0,
        "sum": 8273.0,
        "mean": 8273.0,
        "median": 8273.0,
        "min": 8273,
        "max": 8273,
        "variance_ns2": null,
        "iqr_ns": 0.0,
        "q1_ns": 8273.0,
        "q3_ns": 8273.0
      },
      "futex_op_counts": {
        "128": 1
      },
      "first_seen_ts_ns": 690332499166,
      "last_seen_ts_ns": 690332499166
    },
    {
      "tgid": 11848,
      "comm": "lmp",
      "cgroup_id": 10356,
      "wait_duration_stats_ns": {
        "count": 1.0,
        "sum": 8265.0,
        "mean": 8265.0,
        "median": 8265.0,
        "min": 8265,
        "max": 8265,
        "variance_ns2": null,
        "iqr_ns": 0.0,
        "q1_ns": 8265.0,
        "q3_ns": 8265.0
      },
      "futex_op_counts": {
        "128": 1
      },
      "first_seen_ts_ns": 690331691081,
      "last_seen_ts_ns": 690331691081
    },
    {
      "tgid": 11001,
      "comm": "lmp",
      "cgroup_id": 10356,
      "wait_duration_stats_ns": {
        "count": 1.0,
        "sum": 8134.0,
        "mean": 8134.0,
        "median": 8134.0,
        "min": 8134,
        "max": 8134,
        "variance_ns2": null,
        "iqr_ns": 0.0,
        "q1_ns": 8134.0,
        "q3_ns": 8134.0
      },
      "futex_op_counts": {
        "128": 1
      },
      "first_seen_ts_ns": 467349855147,
      "last_seen_ts_ns": 467349855147
    },
    {
      "tgid": 11919,
      "comm": "lmp",
      "cgroup_id": 10356,
      "wait_duration_stats_ns": {
        "count": 1.0,
        "sum": 7870.0,
        "mean": 7870.0,
        "median": 7870.0,
        "min": 7870,
        "max": 7870,
        "variance_ns2": null,
        "iqr_ns": 0.0,
        "q1_ns": 7870.0,
        "q3_ns": 7870.0
      },
      "futex_op_counts": {
        "128": 1
      },
      "first_seen_ts_ns": 690333074715,
      "last_seen_ts_ns": 690333074715
    },
    {
      "tgid": 11927,
      "comm": "lmp",
      "cgroup_id": 10356,
      "wait_duration_stats_ns": {
        "count": 1.0,
        "sum": 7848.0,
        "mean": 7848.0,
        "median": 7848.0,
        "min": 7848,
        "max": 7848,
        "variance_ns2": null,
        "iqr_ns": 0.0,
        "q1_ns": 7848.0,
        "q3_ns": 7848.0
      },
      "futex_op_counts": {
        "128": 1
      },
      "first_seen_ts_ns": 690332951469,
      "last_seen_ts_ns": 690332951469
    },
    {
      "tgid": 10872,
      "comm": "lmp",
      "cgroup_id": 10356,
      "wait_duration_stats_ns": {
        "count": 1.0,
        "sum": 7769.0,
        "mean": 7769.0,
        "median": 7769.0,
        "min": 7769,
        "max": 7769,
        "variance_ns2": null,
        "iqr_ns": 0.0,
        "q1_ns": 7769.0,
        "q3_ns": 7769.0
      },
      "futex_op_counts": {
        "128": 1
      },
      "first_seen_ts_ns": 467350674057,
      "last_seen_ts_ns": 467350674057
    },
    {
      "tgid": 10923,
      "comm": "lmp",
      "cgroup_id": 10356,
      "wait_duration_stats_ns": {
        "count": 1.0,
        "sum": 7671.0,
        "mean": 7671.0,
        "median": 7671.0,
        "min": 7671,
        "max": 7671,
        "variance_ns2": null,
        "iqr_ns": 0.0,
        "q1_ns": 7671.0,
        "q3_ns": 7671.0
      },
      "futex_op_counts": {
        "128": 1
      },
      "first_seen_ts_ns": 467350608690,
      "last_seen_ts_ns": 467350608690
    },
    {
      "tgid": 10890,
      "comm": "lmp",
      "cgroup_id": 10356,
      "wait_duration_stats_ns": {
        "count": 1.0,
        "sum": 7613.0,
        "mean": 7613.0,
        "median": 7613.0,
        "min": 7613,
        "max": 7613,
        "variance_ns2": null,
        "iqr_ns": 0.0,
        "q1_ns": 7613.0,
        "q3_ns": 7613.0
      },
      "futex_op_counts": {
        "128": 1
      },
      "first_seen_ts_ns": 467350590770,
      "last_seen_ts_ns": 467350590770
    },
    {
      "tgid": 11411,
      "comm": "lmp",
      "cgroup_id": 10356,
      "wait_duration_stats_ns": {
        "count": 1.0,
        "sum": 7399.0,
        "mean": 7399.0,
        "median": 7399.0,
        "min": 7399,
        "max": 7399,
        "variance_ns2": null,
        "iqr_ns": 0.0,
        "q1_ns": 7399.0,
        "q3_ns": 7399.0
      },
      "futex_op_counts": {
        "128": 1
      },
      "first_seen_ts_ns": 580823733276,
      "last_seen_ts_ns": 580823733276
    },
    {
      "tgid": 11933,
      "comm": "lmp",
      "cgroup_id": 10356,
      "wait_duration_stats_ns": {
        "count": 1.0,
        "sum": 7028.0,
        "mean": 7028.0,
        "median": 7028.0,
        "min": 7028,
        "max": 7028,
        "variance_ns2": null,
        "iqr_ns": 0.0,
        "q1_ns": 7028.0,
        "q3_ns": 7028.0
      },
      "futex_op_counts": {
        "128": 1
      },
      "first_seen_ts_ns": 690329484551,
      "last_seen_ts_ns": 690329484551
    },
    {
      "tgid": 11467,
      "comm": "lmp",
      "cgroup_id": 10356,
      "wait_duration_stats_ns": {
        "count": 1.0,
        "sum": 6882.0,
        "mean": 6882.0,
        "median": 6882.0,
        "min": 6882,
        "max": 6882,
        "variance_ns2": null,
        "iqr_ns": 0.0,
        "q1_ns": 6882.0,
        "q3_ns": 6882.0
      },
      "futex_op_counts": {
        "128": 1
      },
      "first_seen_ts_ns": 580825356984,
      "last_seen_ts_ns": 580825356984
    },
    {
      "tgid": 10877,
      "comm": "lmp",
      "cgroup_id": 10356,
      "wait_duration_stats_ns": {
        "count": 1.0,
        "sum": 6738.0,
        "mean": 6738.0,
        "median": 6738.0,
        "min": 6738,
        "max": 6738,
        "variance_ns2": null,
        "iqr_ns": 0.0,
        "q1_ns": 6738.0,
        "q3_ns": 6738.0
      },
      "futex_op_counts": {
        "128": 1
      },
      "first_seen_ts_ns": 467350630900,
      "last_seen_ts_ns": 467350630900
    },
    {
      "tgid": 846,
      "comm": "multipathd",
      "cgroup_id": 1702,
      "wait_duration_stats_ns": {
        "count": 2.0,
        "sum": 3411.0,
        "mean": 1705.5,
        "median": 1768.0,
        "min": 1643,
        "max": 1768,
        "variance_ns2": 7812.5,
        "iqr_ns": 125.0,
        "q1_ns": 1643.0,
        "q3_ns": 1768.0
      },
      "futex_op_counts": {
        "128": 2
      },
      "first_seen_ts_ns": 508893026752,
      "last_seen_ts_ns": 629900031858
    },
    {
      "tgid": 10567,
      "comm": "ZMQbg/Reaper",
      "cgroup_id": 10356,
      "wait_duration_stats_ns": {
        "count": 1.0,
        "sum": 1115.0,
        "mean": 1115.0,
        "median": 1115.0,
        "min": 1115,
        "max": 1115,
        "variance_ns2": null,
        "iqr_ns": 0.0,
        "q1_ns": 1115.0,
        "q3_ns": 1115.0
      },
      "futex_op_counts": {
        "128": 1
      },
      "first_seen_ts_ns": 695888857778,
      "last_seen_ts_ns": 695888857778
    }
  ]
}
[23:00:43] Cleanup complete.
