unlimited
Looking for /opt/programs/futex-model/ebpf-collect.c
[22:54:59] Starting eBPF (Tracepoints for futex syscalls).
[22:55:00] BPF program loaded and tracepoints automatically attached.
[22:55:00] Start Indicator file defined '/mnt/flux/start_ebpf_collection'. Waiting.
[22:55:06] Start indicator found. Proceeding.
[22:55:06] Ring buffers opened. Polling for events...
[23:00:43] 
Indicator file '/mnt/flux/stop_ebpf_collection' found. Stopping.
[23:00:43] Cleaning up BPF resources...
{
  "final_aggregated_futex_summary_river": [
    {
      "tgid": 8521,
      "comm": "fluent-bit-gke-",
      "cgroup_id": 8848,
      "wait_duration_stats_ns": {
        "count": 16789.0,
        "sum": 23429357346519.09,
        "mean": 1395518336.2034123,
        "median": 1098561.9853670145,
        "min": 422,
        "max": 224021540938,
        "variance_ns2": 9.85559422407872e+19,
        "iqr_ns": 34710795.19737075,
        "q1_ns": 38358.31110882179,
        "q3_ns": 34749153.50847957
      },
      "futex_op_counts": {
        "128": 16789
      },
      "first_seen_ts_ns": 352296688197,
      "last_seen_ts_ns": 695059370100
    },
    {
      "tgid": 3608,
      "comm": "containerd",
      "cgroup_id": 6520,
      "wait_duration_stats_ns": {
        "count": 140910.0,
        "sum": 12430098035471.016,
        "mean": 88213029.84508562,
        "median": 178782.17222850982,
        "min": 412,
        "max": 135856170554,
        "variance_ns2": 4.4552031124662277e+18,
        "iqr_ns": 1399554.642060685,
        "q1_ns": 52165.50122111478,
        "q3_ns": 1451720.1432817997
      },
      "futex_op_counts": {
        "128": 140910
      },
      "first_seen_ts_ns": 352308196761,
      "last_seen_ts_ns": 695872038431
    },
    {
      "tgid": 3791,
      "comm": "kubelet",
      "cgroup_id": 6640,
      "wait_duration_stats_ns": {
        "count": 30161.0,
        "sum": 11492678919082.021,
        "mean": 381044359.24147147,
        "median": 14265939.599275548,
        "min": 500,
        "max": 260860483191,
        "variance_ns2": 2.2029263423619465e+19,
        "iqr_ns": 52967385.56897808,
        "q1_ns": 1181237.0926043561,
        "q3_ns": 54148622.66158243
      },
      "futex_op_counts": {
        "128": 30161
      },
      "first_seen_ts_ns": 352264159473,
      "last_seen_ts_ns": 695847049456
    },
    {
      "tgid": 4036,
      "comm": "kube-proxy",
      "cgroup_id": 7366,
      "wait_duration_stats_ns": {
        "count": 425.0,
        "sum": 5397352944309.998,
        "mean": 12699653986.61176,
        "median": 1941950393.703065,
        "min": 860,
        "max": 122708466982,
        "variance_ns2": 1.0301151814736773e+21,
        "iqr_ns": 4605313525.726204,
        "q1_ns": 82037554.18927221,
        "q3_ns": 4687351079.915476
      },
      "futex_op_counts": {
        "128": 425
      },
      "first_seen_ts_ns": 361660716385,
      "last_seen_ts_ns": 693812330835
    },
    {
      "tgid": 1732,
      "comm": "google_osconfig",
      "cgroup_id": 4234,
      "wait_duration_stats_ns": {
        "count": 384.0,
        "sum": 3259002835304.9995,
        "mean": 8486986550.273437,
        "median": 187061195.56678954,
        "min": 915,
        "max": 120049400850,
        "variance_ns2": 6.72403140448283e+20,
        "iqr_ns": 4869110526.536324,
        "q1_ns": 60368969.26900061,
        "q3_ns": 4929479495.805325
      },
      "futex_op_counts": {
        "128": 384
      },
      "first_seen_ts_ns": 359498180758,
      "last_seen_ts_ns": 694702020507
    },
    {
      "tgid": 7537,
      "comm": "csi-node-driver",
      "cgroup_id": 8137,
      "wait_duration_stats_ns": {
        "count": 72.0,
        "sum": 3253233865275.999,
        "mean": 45183803684.38888,
        "median": 4199106410.1588416,
        "min": 658,
        "max": 241021553758,
        "variance_ns2": 6.307524808105951e+21,
        "iqr_ns": 74037349778.24527,
        "q1_ns": 192527078.73810196,
        "q3_ns": 74229876856.98337
      },
      "futex_op_counts": {
        "128": 72
      },
      "first_seen_ts_ns": 428469235087,
      "last_seen_ts_ns": 669491682455
    },
    {
      "tgid": 8143,
      "comm": "config-reloader",
      "cgroup_id": 8532,
      "wait_duration_stats_ns": {
        "count": 262.0,
        "sum": 2581906811585.0024,
        "mean": 9854606151.087795,
        "median": 1565332490.751868,
        "min": 702,
        "max": 140102563609,
        "variance_ns2": 4.532295232677474e+20,
        "iqr_ns": 8666675073.595198,
        "q1_ns": 9414597.117065113,
        "q3_ns": 8676089670.712263
      },
      "futex_op_counts": {
        "128": 262
      },
      "first_seen_ts_ns": 361034304557,
      "last_seen_ts_ns": 691261214689
    },
    {
      "tgid": 7361,
      "comm": "containerd-shim",
      "cgroup_id": 6520,
      "wait_duration_stats_ns": {
        "count": 2803.0,
        "sum": 2369506652265.9956,
        "mean": 845346647.2586498,
        "median": 976325.5450660861,
        "min": 403,
        "max": 29873144926,
        "variance_ns2": 6.209616406989895e+18,
        "iqr_ns": 15119802.095319316,
        "q1_ns": 112624.93480138957,
        "q3_ns": 15232427.030120706
      },
      "futex_op_counts": {
        "128": 2803
      },
      "first_seen_ts_ns": 352863387129,
      "last_seen_ts_ns": 694346973580
    },
    {
      "tgid": 7893,
      "comm": "prometheus",
      "cgroup_id": 8295,
      "wait_duration_stats_ns": {
        "count": 15980.0,
        "sum": 2334385961583.992,
        "mean": 146081724.7549432,
        "median": 44760969.73820202,
        "min": 1129,
        "max": 119996119571,
        "variance_ns2": 5.546853727411486e+18,
        "iqr_ns": 10177858.214862362,
        "q1_ns": 39955283.96328313,
        "q3_ns": 50133142.17814549
      },
      "futex_op_counts": {
        "128": 15980
      },
      "first_seen_ts_ns": 352286486038,
      "last_seen_ts_ns": 695822181502
    },
    {
      "tgid": 3860,
      "comm": "node-problem-de",
      "cgroup_id": 6700,
      "wait_duration_stats_ns": {
        "count": 1396.0,
        "sum": 1954632509998.0022,
        "mean": 1400166554.4398296,
        "median": 795431868.4917814,
        "min": 1405,
        "max": 148127321966,
        "variance_ns2": 4.767187236681815e+19,
        "iqr_ns": 964787782.0662501,
        "q1_ns": 35775381.30959959,
        "q3_ns": 1000563163.3758497
      },
      "futex_op_counts": {
        "128": 1396
      },
      "first_seen_ts_ns": 359181128637,
      "last_seen_ts_ns": 695181844344
    },
    {
      "tgid": 8876,
      "comm": "containerd-shim",
      "cgroup_id": 6520,
      "wait_duration_stats_ns": {
        "count": 199960.0,
        "sum": 1749228358534.016,
        "mean": 8747891.370944269,
        "median": 100702.40041513373,
        "min": 410,
        "max": 60007661850,
        "variance_ns2": 6.730677689794001e+16,
        "iqr_ns": 523747.2370438605,
        "q1_ns": 32907.25357708264,
        "q3_ns": 556654.4906209431
      },
      "futex_op_counts": {
        "128": 199960
      },
      "first_seen_ts_ns": 352317388072,
      "last_seen_ts_ns": 695872080765
    },
    {
      "tgid": 7236,
      "comm": "containerd-shim",
      "cgroup_id": 6520,
      "wait_duration_stats_ns": {
        "count": 872.0,
        "sum": 1662599833853.0,
        "mean": 1906651185.6112385,
        "median": 1971596.8374590715,
        "min": 423,
        "max": 38241474908,
        "variance_ns2": 1.8460676246915527e+19,
        "iqr_ns": 2084541533.7073922,
        "q1_ns": 357279.3597810896,
        "q3_ns": 2084898813.0671732
      },
      "futex_op_counts": {
        "128": 872
      },
      "first_seen_ts_ns": 359593157763,
      "last_seen_ts_ns": 694347485676
    },
    {
      "tgid": 6818,
      "comm": "containerd-shim",
      "cgroup_id": 6520,
      "wait_duration_stats_ns": {
        "count": 1139.0,
        "sum": 1661114673561.0012,
        "mean": 1458397430.69447,
        "median": 2602718.515013347,
        "min": 513,
        "max": 30796104600,
        "variance_ns2": 1.5176439711726551e+19,
        "iqr_ns": 323918258.5857329,
        "q1_ns": 381259.4028723231,
        "q3_ns": 324299517.9886052
      },
      "futex_op_counts": {
        "128": 1139
      },
      "first_seen_ts_ns": 359594240920,
      "last_seen_ts_ns": 694348361420
    },
    {
      "tgid": 6830,
      "comm": "containerd-shim",
      "cgroup_id": 6520,
      "wait_duration_stats_ns": {
        "count": 795.0,
        "sum": 1641008438778.0,
        "mean": 2064161558.2113209,
        "median": 8662478.659946326,
        "min": 753,
        "max": 40639985302,
        "variance_ns2": 2.3344779390258676e+19,
        "iqr_ns": 3609099765.6399646,
        "q1_ns": 1028485.8314526968,
        "q3_ns": 3610128251.4714174
      },
      "futex_op_counts": {
        "128": 795
      },
      "first_seen_ts_ns": 359593693593,
      "last_seen_ts_ns": 694347913358
    },
    {
      "tgid": 3981,
      "comm": "containerd-shim",
      "cgroup_id": 6520,
      "wait_duration_stats_ns": {
        "count": 455.0,
        "sum": 1555276157759.0,
        "mean": 3418189357.712088,
        "median": 1069520487.3869728,
        "min": 545,
        "max": 59997541408,
        "variance_ns2": 4.047516385992767e+19,
        "iqr_ns": 4764864820.793866,
        "q1_ns": 9657969.643396916,
        "q3_ns": 4774522790.4372635
      },
      "futex_op_counts": {
        "128": 455
      },
      "first_seen_ts_ns": 359595844048,
      "last_seen_ts_ns": 694341782381
    },
    {
      "tgid": 2767,
      "comm": "dockerd",
      "cgroup_id": 6400,
      "wait_duration_stats_ns": {
        "count": 178.0,
        "sum": 1419531936088.0005,
        "mean": 7974898517.348317,
        "median": 2073586571.8648717,
        "min": 715,
        "max": 129976830055,
        "variance_ns2": 4.9182082987631116e+20,
        "iqr_ns": 9821364042.515049,
        "q1_ns": 92047498.26519263,
        "q3_ns": 9913411540.780241
      },
      "futex_op_counts": {
        "128": 178
      },
      "first_seen_ts_ns": 372043421299,
      "last_seen_ts_ns": 692053150143
    },
    {
      "tgid": 1727,
      "comm": "google_guest_ag",
      "cgroup_id": 4174,
      "wait_duration_stats_ns": {
        "count": 285.0,
        "sum": 1279485000815.0002,
        "mean": 4489421055.491229,
        "median": 4037104968.648079,
        "min": 1774,
        "max": 60021734501,
        "variance_ns2": 1.1714404687986632e+20,
        "iqr_ns": 4532106292.045721,
        "q1_ns": 336435771.4194731,
        "q3_ns": 4868542063.465194
      },
      "futex_op_counts": {
        "128": 285
      },
      "first_seen_ts_ns": 359490941214,
      "last_seen_ts_ns": 695247386769
    },
    {
      "tgid": 8606,
      "comm": "main",
      "cgroup_id": 8927,
      "wait_duration_stats_ns": {
        "count": 296.0,
        "sum": 979375551658.9995,
        "mean": 3308701188.0371604,
        "median": 2628626808.984643,
        "min": 1085,
        "max": 59980383340,
        "variance_ns2": 5.738989316267152e+19,
        "iqr_ns": 4972808543.282512,
        "q1_ns": 12422401.335945219,
        "q3_ns": 4985230944.618457
      },
      "futex_op_counts": {
        "128": 296
      },
      "first_seen_ts_ns": 363124867856,
      "last_seen_ts_ns": 693129248396
    },
    {
      "tgid": 8260,
      "comm": "main",
      "cgroup_id": 8690,
      "wait_duration_stats_ns": {
        "count": 573.0,
        "sum": 968949859640.9995,
        "mean": 1691011971.4502609,
        "median": 9987705.390454404,
        "min": 570,
        "max": 59941085510,
        "variance_ns2": 3.4305642593248838e+19,
        "iqr_ns": 4613427592.062567,
        "q1_ns": 1120660.9090382876,
        "q3_ns": 4614548252.971605
      },
      "futex_op_counts": {
        "128": 573
      },
      "first_seen_ts_ns": 361083796977,
      "last_seen_ts_ns": 691093429178
    },
    {
      "tgid": 8221,
      "comm": "otelsvc",
      "cgroup_id": 8611,
      "wait_duration_stats_ns": {
        "count": 1208.0,
        "sum": 635546671432.0007,
        "mean": 526114794.23178864,
        "median": 372117550.2791011,
        "min": 4809,
        "max": 72254917608,
        "variance_ns2": 1.1282634545497014e+19,
        "iqr_ns": 471852897.0414954,
        "q1_ns": 19211894.288102265,
        "q3_ns": 491064791.32959765
      },
      "futex_op_counts": {
        "128": 1208
      },
      "first_seen_ts_ns": 359026260899,
      "last_seen_ts_ns": 695526272471
    },
    {
      "tgid": 7917,
      "comm": "gce-pd-csi-driv",
      "cgroup_id": 8374,
      "wait_duration_stats_ns": {
        "count": 590.0,
        "sum": 573034192385.0005,
        "mean": 971244393.8728822,
        "median": 591211873.931268,
        "min": 180319359,
        "max": 120003546619,
        "variance_ns2": 4.828043289527346e+19,
        "iqr_ns": 172999.84806859493,
        "q1_ns": 589902957.3678725,
        "q3_ns": 590075957.2159411
      },
      "futex_op_counts": {
        "128": 590
      },
      "first_seen_ts_ns": 358909371333,
      "last_seen_ts_ns": 695509386845
    },
    {
      "tgid": 11611,
      "comm": "log-counter",
      "cgroup_id": 6700,
      "wait_duration_stats_ns": {
        "count": 830.0,
        "sum": 12588086617.000002,
        "mean": 15166369.41807229,
        "median": 302768.85064453783,
        "min": 547,
        "max": 1218010772,
        "variance_ns2": 1.4299560199602032e+16,
        "iqr_ns": 1674577.610907411,
        "q1_ns": 163363.31385276286,
        "q3_ns": 1837940.9247601738
      },
      "futex_op_counts": {
        "128": 830
      },
      "first_seen_ts_ns": 640214014286,
      "last_seen_ts_ns": 641432353034
    },
    {
      "tgid": 11583,
      "comm": "log-counter",
      "cgroup_id": 6700,
      "wait_duration_stats_ns": {
        "count": 1067.0,
        "sum": 12083701552.000002,
        "mean": 11324931.164011247,
        "median": 228467.51983978203,
        "min": 3579,
        "max": 1358845157,
        "variance_ns2": 1.0539217022423208e+16,
        "iqr_ns": 705122.5382670193,
        "q1_ns": 149176.48644946108,
        "q3_ns": 854299.0247164804
      },
      "futex_op_counts": {
        "128": 1067
      },
      "first_seen_ts_ns": 639199011216,
      "last_seen_ts_ns": 640558020832
    },
    {
      "tgid": 11634,
      "comm": "log-counter",
      "cgroup_id": 6700,
      "wait_duration_stats_ns": {
        "count": 971.0,
        "sum": 10612612616.0,
        "mean": 10929570.150360454,
        "median": 219038.40798878137,
        "min": 695,
        "max": 1247428620,
        "variance_ns2": 9858648989645482.0,
        "iqr_ns": 760532.3924135003,
        "q1_ns": 150823.23208611144,
        "q3_ns": 911355.6244996118
      },
      "futex_op_counts": {
        "128": 971
      },
      "first_seen_ts_ns": 641436374597,
      "last_seen_ts_ns": 642684545179
    },
    {
      "tgid": 11627,
      "comm": "log-counter",
      "cgroup_id": 6700,
      "wait_duration_stats_ns": {
        "count": 15.0,
        "sum": 5118926067.0,
        "mean": 341261737.8,
        "median": 142284151.02194732,
        "min": 141121,
        "max": 1016965793,
        "variance_ns2": 2.3342585181761597e+17,
        "iqr_ns": 513535722.90003,
        "q1_ns": 16668555.484166667,
        "q3_ns": 530204278.3841967
      },
      "futex_op_counts": {
        "128": 15
      },
      "first_seen_ts_ns": 640723012922,
      "last_seen_ts_ns": 641744017073
    },
    {
      "tgid": 11604,
      "comm": "log-counter",
      "cgroup_id": 6700,
      "wait_duration_stats_ns": {
        "count": 19.0,
        "sum": 5102592509.999999,
        "mean": 268557500.52631575,
        "median": 79266694.48138103,
        "min": 15185,
        "max": 1020934053,
        "variance_ns2": 1.9758780735770826e+17,
        "iqr_ns": 360237238.49239695,
        "q1_ns": 6898740.59685941,
        "q3_ns": 367135979.08925635
      },
      "futex_op_counts": {
        "128": 19
      },
      "first_seen_ts_ns": 639504105164,
      "last_seen_ts_ns": 640538043872
    },
    {
      "tgid": 11580,
      "comm": "log-counter",
      "cgroup_id": 6700,
      "wait_duration_stats_ns": {
        "count": 16.0,
        "sum": 5018025819.0,
        "mean": 313626613.6875,
        "median": 55058009.60243056,
        "min": 15976,
        "max": 1010925411,
        "variance_ns2": 1.9763329601784006e+17,
        "iqr_ns": 439641597.31511617,
        "q1_ns": 4149323.8144444437,
        "q3_ns": 443790921.1295606
      },
      "futex_op_counts": {
        "128": 16
      },
      "first_seen_ts_ns": 639194213538,
      "last_seen_ts_ns": 640205308363
    },
    {
      "tgid": 10778,
      "comm": "kubectl",
      "cgroup_id": 6580,
      "wait_duration_stats_ns": {
        "count": 681.0,
        "sum": 3851998047.0,
        "mean": 5656384.797356828,
        "median": 255206.52817247083,
        "min": 500,
        "max": 502819952,
        "variance_ns2": 1151912041632221.0,
        "iqr_ns": 6021120.84594481,
        "q1_ns": 76967.48072921122,
        "q3_ns": 6098088.326674021
      },
      "futex_op_counts": {
        "128": 681
      },
      "first_seen_ts_ns": 457651071960,
      "last_seen_ts_ns": 458158015341
    },
    {
      "tgid": 11431,
      "comm": "runc",
      "cgroup_id": 6520,
      "wait_duration_stats_ns": {
        "count": 311.0,
        "sum": 2908311065.0,
        "mean": 9351482.524115756,
        "median": 357968.03999065974,
        "min": 467,
        "max": 345580507,
        "variance_ns2": 2839743773033732.0,
        "iqr_ns": 2445696.3140089996,
        "q1_ns": 35972.669575463224,
        "q3_ns": 2481668.9835844627
      },
      "futex_op_counts": {
        "128": 311
      },
      "first_seen_ts_ns": 582872119461,
      "last_seen_ts_ns": 583245038716
    },
    {
      "tgid": 11443,
      "comm": "runc:[2:INIT]",
      "cgroup_id": 8137,
      "wait_duration_stats_ns": {
        "count": 31.0,
        "sum": 1617704552.0000002,
        "mean": 52184017.80645162,
        "median": 3732554.1201929552,
        "min": 20097,
        "max": 314105042,
        "variance_ns2": 1.3000934615145536e+16,
        "iqr_ns": 37807480.12384936,
        "q1_ns": 262931.5075226587,
        "q3_ns": 38070411.63137202
      },
      "futex_op_counts": {
        "128": 31
      },
      "first_seen_ts_ns": 582912154587,
      "last_seen_ts_ns": 583240164160
    },
    {
      "tgid": 11184,
      "comm": "runc",
      "cgroup_id": 6520,
      "wait_duration_stats_ns": {
        "count": 325.0,
        "sum": 1050091210.0000004,
        "mean": 3231049.876923078,
        "median": 205415.22898544712,
        "min": 939,
        "max": 141865335,
        "variance_ns2": 244503241896732.34,
        "iqr_ns": 1297904.7394019002,
        "q1_ns": 42245.35155472392,
        "q3_ns": 1340150.0909566241
      },
      "futex_op_counts": {
        "128": 325
      },
      "first_seen_ts_ns": 552879013956,
      "last_seen_ts_ns": 553038066446
    },
    {
      "tgid": 11162,
      "comm": "runc",
      "cgroup_id": 6520,
      "wait_duration_stats_ns": {
        "count": 377.0,
        "sum": 941162125.9999999,
        "mean": 2496451.262599469,
        "median": 109210.76672330657,
        "min": 600,
        "max": 132432779,
        "variance_ns2": 241828327210247.53,
        "iqr_ns": 668734.1734194999,
        "q1_ns": 24463.21432914806,
        "q3_ns": 693197.387748648
      },
      "futex_op_counts": {
        "128": 377
      },
      "first_seen_ts_ns": 542872016949,
      "last_seen_ts_ns": 543007559780
    },
    {
      "tgid": 11711,
      "comm": "runc",
      "cgroup_id": 6520,
      "wait_duration_stats_ns": {
        "count": 289.0,
        "sum": 937275081.9999999,
        "mean": 3243166.373702422,
        "median": 137546.91841284806,
        "min": 440,
        "max": 133341955,
        "variance_ns2": 244991445584514.06,
        "iqr_ns": 1201475.1458794684,
        "q1_ns": 25488.700156638966,
        "q3_ns": 1226963.8460361073
      },
      "futex_op_counts": {
        "128": 289
      },
      "first_seen_ts_ns": 672877017155,
      "last_seen_ts_ns": 673014267504
    },
    {
      "tgid": 11532,
      "comm": "runc",
      "cgroup_id": 6520,
      "wait_duration_stats_ns": {
        "count": 311.0,
        "sum": 899234291.0,
        "mean": 2891428.588424437,
        "median": 118248.73166480412,
        "min": 677,
        "max": 115475225,
        "variance_ns2": 238797094425262.66,
        "iqr_ns": 815311.0191966641,
        "q1_ns": 22693.250753451437,
        "q3_ns": 838004.2699501156
      },
      "futex_op_counts": {
        "128": 311
      },
      "first_seen_ts_ns": 622869726626,
      "last_seen_ts_ns": 622989839419
    },
    {
      "tgid": 10631,
      "comm": "runc",
      "cgroup_id": 6520,
      "wait_duration_stats_ns": {
        "count": 308.0,
        "sum": 863172314.0000001,
        "mean": 2802507.5129870134,
        "median": 99747.11559908248,
        "min": 562,
        "max": 97742090,
        "variance_ns2": 212519546822262.97,
        "iqr_ns": 688260.8222998664,
        "q1_ns": 25561.206864122418,
        "q3_ns": 713822.0291639888
      },
      "futex_op_counts": {
        "128": 308
      },
      "first_seen_ts_ns": 402869128823,
      "last_seen_ts_ns": 402982902974
    },
    {
      "tgid": 10702,
      "comm": "runc",
      "cgroup_id": 6520,
      "wait_duration_stats_ns": {
        "count": 299.0,
        "sum": 817042577.0000001,
        "mean": 2732583.8695652178,
        "median": 125161.59181156236,
        "min": 787,
        "max": 101218546,
        "variance_ns2": 168122678634901.06,
        "iqr_ns": 600857.3943857693,
        "q1_ns": 22747.747471001876,
        "q3_ns": 623605.1418567712
      },
      "futex_op_counts": {
        "128": 299
      },
      "first_seen_ts_ns": 432886175477,
      "last_seen_ts_ns": 432994034344
    },
    {
      "tgid": 11094,
      "comm": "runc",
      "cgroup_id": 6520,
      "wait_duration_stats_ns": {
        "count": 278.0,
        "sum": 783589720.9999999,
        "mean": 2818668.061151079,
        "median": 110113.28635412068,
        "min": 9500,
        "max": 108749247,
        "variance_ns2": 221409792672517.6,
        "iqr_ns": 684820.8132761111,
        "q1_ns": 22180.88119519808,
        "q3_ns": 707001.6944713092
      },
      "futex_op_counts": {
        "128": 278
      },
      "first_seen_ts_ns": 512868893184,
      "last_seen_ts_ns": 512987051063
    },
    {
      "tgid": 11141,
      "comm": "runc",
      "cgroup_id": 6520,
      "wait_duration_stats_ns": {
        "count": 288.0,
        "sum": 772029210.0,
        "mean": 2680656.9791666665,
        "median": 86447.11737893055,
        "min": 1224,
        "max": 107968719,
        "variance_ns2": 225774929860259.0,
        "iqr_ns": 1212775.913402711,
        "q1_ns": 25804.436055804137,
        "q3_ns": 1238580.3494585152
      },
      "futex_op_counts": {
        "128": 288
      },
      "first_seen_ts_ns": 532874015435,
      "last_seen_ts_ns": 532985330278
    },
    {
      "tgid": 11117,
      "comm": "runc",
      "cgroup_id": 6520,
      "wait_duration_stats_ns": {
        "count": 268.0,
        "sum": 752884225.0,
        "mean": 2809269.4962686566,
        "median": 161083.24428754917,
        "min": 4265,
        "max": 106599857,
        "variance_ns2": 211590944956440.0,
        "iqr_ns": 1828216.5442295608,
        "q1_ns": 22201.771619226107,
        "q3_ns": 1850418.3158487868
      },
      "futex_op_counts": {
        "128": 268
      },
      "first_seen_ts_ns": 522870011842,
      "last_seen_ts_ns": 522979748964
    },
    {
      "tgid": 10725,
      "comm": "runc",
      "cgroup_id": 6520,
      "wait_duration_stats_ns": {
        "count": 318.0,
        "sum": 744758124.9999999,
        "mean": 2342006.682389937,
        "median": 89166.95957376447,
        "min": 2386,
        "max": 106954658,
        "variance_ns2": 176090524977864.72,
        "iqr_ns": 452299.1611893414,
        "q1_ns": 26543.904370252556,
        "q3_ns": 478843.06555959396
      },
      "futex_op_counts": {
        "128": 318
      },
      "first_seen_ts_ns": 442867434761,
      "last_seen_ts_ns": 442981068169
    },
    {
      "tgid": 10747,
      "comm": "runc",
      "cgroup_id": 6520,
      "wait_duration_stats_ns": {
        "count": 271.0,
        "sum": 731797646.0,
        "mean": 2700360.3173431735,
        "median": 140619.76736229725,
        "min": 678,
        "max": 104855996,
        "variance_ns2": 194470775265469.7,
        "iqr_ns": 689482.0244991978,
        "q1_ns": 25464.84076553367,
        "q3_ns": 714946.8652647315
      },
      "futex_op_counts": {
        "128": 271
      },
      "first_seen_ts_ns": 452870159753,
      "last_seen_ts_ns": 452978950474
    },
    {
      "tgid": 11690,
      "comm": "runc",
      "cgroup_id": 6520,
      "wait_duration_stats_ns": {
        "count": 244.0,
        "sum": 730946332.0,
        "mean": 2995681.6885245903,
        "median": 88508.73027890729,
        "min": 10777,
        "max": 104927884,
        "variance_ns2": 245539986765055.97,
        "iqr_ns": 1888060.421881426,
        "q1_ns": 17526.512570648163,
        "q3_ns": 1905586.934452074
      },
      "futex_op_counts": {
        "128": 244
      },
      "first_seen_ts_ns": 662874178422,
      "last_seen_ts_ns": 662981986682
    },
    {
      "tgid": 10679,
      "comm": "runc",
      "cgroup_id": 6520,
      "wait_duration_stats_ns": {
        "count": 305.0,
        "sum": 692059019.9999999,
        "mean": 2269045.9672131143,
        "median": 94707.74564247654,
        "min": 2010,
        "max": 89658382,
        "variance_ns2": 118360397710091.9,
        "iqr_ns": 510598.2130700677,
        "q1_ns": 22466.22862929161,
        "q3_ns": 533064.4416993593
      },
      "futex_op_counts": {
        "128": 305
      },
      "first_seen_ts_ns": 422866483819,
      "last_seen_ts_ns": 422960135735
    },
    {
      "tgid": 11230,
      "comm": "runc",
      "cgroup_id": 6520,
      "wait_duration_stats_ns": {
        "count": 342.0,
        "sum": 664585408.0,
        "mean": 1943232.187134503,
        "median": 59054.41517151687,
        "min": 590,
        "max": 96338382,
        "variance_ns2": 123155862971636.27,
        "iqr_ns": 300517.20589993894,
        "q1_ns": 17623.545670522017,
        "q3_ns": 318140.75157046097
      },
      "futex_op_counts": {
        "128": 342
      },
      "first_seen_ts_ns": 572867174344,
      "last_seen_ts_ns": 572966605326
    },
    {
      "tgid": 10657,
      "comm": "runc",
      "cgroup_id": 6520,
      "wait_duration_stats_ns": {
        "count": 332.0,
        "sum": 662651414.0000001,
        "mean": 1995937.9939759038,
        "median": 87531.44939781663,
        "min": 1448,
        "max": 96886275,
        "variance_ns2": 115544220209706.08,
        "iqr_ns": 451901.6024748583,
        "q1_ns": 32516.278494085294,
        "q3_ns": 484417.8809689436
      },
      "futex_op_counts": {
        "128": 332
      },
      "first_seen_ts_ns": 412869013445,
      "last_seen_ts_ns": 412969081049
    },
    {
      "tgid": 10805,
      "comm": "runc",
      "cgroup_id": 6520,
      "wait_duration_stats_ns": {
        "count": 292.0,
        "sum": 660166175.0,
        "mean": 2260843.065068493,
        "median": 116951.8099074709,
        "min": 732,
        "max": 98856088,
        "variance_ns2": 156058331993456.56,
        "iqr_ns": 856239.3609607951,
        "q1_ns": 29335.103451026363,
        "q3_ns": 885574.4644118214
      },
      "futex_op_counts": {
        "128": 292
      },
      "first_seen_ts_ns": 462871203652,
      "last_seen_ts_ns": 462973034317
    },
    {
      "tgid": 11207,
      "comm": "runc",
      "cgroup_id": 6520,
      "wait_duration_stats_ns": {
        "count": 309.0,
        "sum": 658017833.0,
        "mean": 2129507.5501618125,
        "median": 85463.93784040597,
        "min": 713,
        "max": 92736855,
        "variance_ns2": 143916144871613.3,
        "iqr_ns": 1408276.29703443,
        "q1_ns": 23865.89684060073,
        "q3_ns": 1432142.1938750308
      },
      "futex_op_counts": {
        "128": 309
      },
      "first_seen_ts_ns": 562868260906,
      "last_seen_ts_ns": 562966852457
    },
    {
      "tgid": 11668,
      "comm": "runc",
      "cgroup_id": 6520,
      "wait_duration_stats_ns": {
        "count": 285.0,
        "sum": 646374762.0,
        "mean": 2267981.6210526316,
        "median": 104525.3328530752,
        "min": 10261,
        "max": 106880748,
        "variance_ns2": 160196849358164.3,
        "iqr_ns": 664206.9209175672,
        "q1_ns": 23635.536879149397,
        "q3_ns": 687842.4577967166
      },
      "futex_op_counts": {
        "128": 285
      },
      "first_seen_ts_ns": 652866709253,
      "last_seen_ts_ns": 652976812678
    },
    {
      "tgid": 11196,
      "comm": "runc:[2:INIT]",
      "cgroup_id": 8137,
      "wait_duration_stats_ns": {
        "count": 31.0,
        "sum": 556465710.0,
        "mean": 17950506.774193548,
        "median": 2472106.509542512,
        "min": 5468,
        "max": 99666595,
        "variance_ns2": 1114401070002956.9,
        "iqr_ns": 19603523.285477113,
        "q1_ns": 65136.89492471908,
        "q3_ns": 19668660.180401832
      },
      "futex_op_counts": {
        "128": 31
      },
      "first_seen_ts_ns": 552921180943,
      "last_seen_ts_ns": 553037309544
    },
    {
      "tgid": 11733,
      "comm": "runc",
      "cgroup_id": 6520,
      "wait_duration_stats_ns": {
        "count": 315.0,
        "sum": 527242969.9999999,
        "mean": 1673787.206349206,
        "median": 54595.90054890548,
        "min": 720,
        "max": 74030897,
        "variance_ns2": 74470050668482.02,
        "iqr_ns": 369292.85758757894,
        "q1_ns": 15383.889404241083,
        "q3_ns": 384676.74699182005
      },
      "futex_op_counts": {
        "128": 315
      },
      "first_seen_ts_ns": 682867571063,
      "last_seen_ts_ns": 682946421071
    },
    {
      "tgid": 11554,
      "comm": "runc",
      "cgroup_id": 6520,
      "wait_duration_stats_ns": {
        "count": 286.0,
        "sum": 521981056.9999999,
        "mean": 1825108.5909090906,
        "median": 131155.19405218665,
        "min": 1390,
        "max": 69867126,
        "variance_ns2": 61055513260923.7,
        "iqr_ns": 1393265.5141987142,
        "q1_ns": 28754.201722446138,
        "q3_ns": 1422019.7159211603
      },
      "futex_op_counts": {
        "128": 286
      },
      "first_seen_ts_ns": 632871146361,
      "last_seen_ts_ns": 632957173591
    },
    {
      "tgid": 11645,
      "comm": "runc",
      "cgroup_id": 6520,
      "wait_duration_stats_ns": {
        "count": 273.0,
        "sum": 519135489.9999999,
        "mean": 1901595.201465201,
        "median": 73331.18538634416,
        "min": 808,
        "max": 73722945,
        "variance_ns2": 94265797667880.95,
        "iqr_ns": 448056.7581265506,
        "q1_ns": 21301.956535546502,
        "q3_ns": 469358.7146620971
      },
      "futex_op_counts": {
        "128": 273
      },
      "first_seen_ts_ns": 642866215762,
      "last_seen_ts_ns": 642945883341
    },
    {
      "tgid": 11152,
      "comm": "runc:[2:INIT]",
      "cgroup_id": 8137,
      "wait_duration_stats_ns": {
        "count": 27.0,
        "sum": 447466033.0,
        "mean": 16572816.037037037,
        "median": 3320578.27646241,
        "min": 3290,
        "max": 75213872,
        "variance_ns2": 814105573008048.5,
        "iqr_ns": 13322783.837119991,
        "q1_ns": 41120.35680183533,
        "q3_ns": 13363904.193921827
      },
      "futex_op_counts": {
        "128": 27
      },
      "first_seen_ts_ns": 532890981743,
      "last_seen_ts_ns": 532984878757
    },
    {
      "tgid": 11173,
      "comm": "runc:[2:INIT]",
      "cgroup_id": 8137,
      "wait_duration_stats_ns": {
        "count": 33.0,
        "sum": 435868602.0,
        "mean": 13208139.454545455,
        "median": 4217240.53654685,
        "min": 11076,
        "max": 73454002,
        "variance_ns2": 572887618975842.2,
        "iqr_ns": 14309511.955460994,
        "q1_ns": 422521.5103445852,
        "q3_ns": 14732033.465805579
      },
      "futex_op_counts": {
        "128": 33
      },
      "first_seen_ts_ns": 542912205061,
      "last_seen_ts_ns": 543004861203
    },
    {
      "tgid": 11544,
      "comm": "runc:[2:INIT]",
      "cgroup_id": 8137,
      "wait_duration_stats_ns": {
        "count": 33.0,
        "sum": 421668317.0,
        "mean": 12777827.787878787,
        "median": 3472121.457630972,
        "min": 12236,
        "max": 71623673,
        "variance_ns2": 469491396590150.56,
        "iqr_ns": 15179911.866470339,
        "q1_ns": 529925.7367223154,
        "q3_ns": 15709837.603192654
      },
      "futex_op_counts": {
        "128": 33
      },
      "first_seen_ts_ns": 622896599944,
      "last_seen_ts_ns": 622987789287
    },
    {
      "tgid": 10644,
      "comm": "runc:[2:INIT]",
      "cgroup_id": 8137,
      "wait_duration_stats_ns": {
        "count": 31.0,
        "sum": 408814941.00000006,
        "mean": 13187578.741935486,
        "median": 3378186.693677035,
        "min": 22953,
        "max": 66178081,
        "variance_ns2": 533223490901839.1,
        "iqr_ns": 16881431.556893878,
        "q1_ns": 77306.45701883853,
        "q3_ns": 16958738.013912715
      },
      "futex_op_counts": {
        "128": 31
      },
      "first_seen_ts_ns": 402898141457,
      "last_seen_ts_ns": 402982689130
    },
    {
      "tgid": 11722,
      "comm": "runc:[2:INIT]",
      "cgroup_id": 8137,
      "wait_duration_stats_ns": {
        "count": 30.0,
        "sum": 402322643.99999994,
        "mean": 13410754.799999999,
        "median": 2028451.8856662507,
        "min": 7011,
        "max": 70473616,
        "variance_ns2": 624512981837385.8,
        "iqr_ns": 19006566.0783495,
        "q1_ns": 86938.44782142858,
        "q3_ns": 19093504.526170928
      },
      "futex_op_counts": {
        "128": 30
      },
      "first_seen_ts_ns": 672925446239,
      "last_seen_ts_ns": 673011987348
    },
    {
      "tgid": 10792,
      "comm": "gke-exec-auth-p",
      "cgroup_id": 6580,
      "wait_duration_stats_ns": {
        "count": 323.0,
        "sum": 394290969.00000036,
        "mean": 1220715.0743034068,
        "median": 165138.05299404814,
        "min": 595,
        "max": 76181204,
        "variance_ns2": 39680843377193.65,
        "iqr_ns": 1671176.4273341082,
        "q1_ns": 35410.44933362965,
        "q3_ns": 1706586.8766677377
      },
      "futex_op_counts": {
        "128": 323
      },
      "first_seen_ts_ns": 457998015589,
      "last_seen_ts_ns": 458078014049
    },
    {
      "tgid": 11701,
      "comm": "runc:[2:INIT]",
      "cgroup_id": 8137,
      "wait_duration_stats_ns": {
        "count": 29.0,
        "sum": 391037907.0,
        "mean": 13484065.758620689,
        "median": 1513769.8444736889,
        "min": 3474,
        "max": 67097516,
        "variance_ns2": 570636199028551.0,
        "iqr_ns": 18921148.206137955,
        "q1_ns": 118722.55889082773,
        "q3_ns": 19039870.765028782
      },
      "futex_op_counts": {
        "128": 29
      },
      "first_seen_ts_ns": 662899210721,
      "last_seen_ts_ns": 662982086155
    },
    {
      "tgid": 11128,
      "comm": "runc:[2:INIT]",
      "cgroup_id": 8137,
      "wait_duration_stats_ns": {
        "count": 32.0,
        "sum": 390823629.00000006,
        "mean": 12213238.406250002,
        "median": 3794192.8975687553,
        "min": 9846,
        "max": 61900282,
        "variance_ns2": 380253355316210.0,
        "iqr_ns": 14032742.783803646,
        "q1_ns": 1184172.8944602264,
        "q3_ns": 15216915.678263871
      },
      "futex_op_counts": {
        "128": 32
      },
      "first_seen_ts_ns": 522902009775,
      "last_seen_ts_ns": 522979761614
    },
    {
      "tgid": 11105,
      "comm": "runc:[2:INIT]",
      "cgroup_id": 8137,
      "wait_duration_stats_ns": {
        "count": 30.0,
        "sum": 385529396.0,
        "mean": 12850979.866666667,
        "median": 3961586.4780774293,
        "min": 38776,
        "max": 62180947,
        "variance_ns2": 438585172956983.75,
        "iqr_ns": 8889121.53638203,
        "q1_ns": 368454.13645833335,
        "q3_ns": 9257575.672840364
      },
      "futex_op_counts": {
        "128": 30
      },
      "first_seen_ts_ns": 512905155856,
      "last_seen_ts_ns": 512986894791
    },
    {
      "tgid": 10737,
      "comm": "runc:[2:INIT]",
      "cgroup_id": 8137,
      "wait_duration_stats_ns": {
        "count": 30.0,
        "sum": 382645732.0,
        "mean": 12754857.733333334,
        "median": 1413045.5424891398,
        "min": 23759,
        "max": 67110467,
        "variance_ns2": 459582329056302.75,
        "iqr_ns": 18273509.634505283,
        "q1_ns": 55159.23170438958,
        "q3_ns": 18328668.86620967
      },
      "futex_op_counts": {
        "128": 30
      },
      "first_seen_ts_ns": 442898177766,
      "last_seen_ts_ns": 442981090669
    },
    {
      "tgid": 11678,
      "comm": "runc:[2:INIT]",
      "cgroup_id": 8137,
      "wait_duration_stats_ns": {
        "count": 28.0,
        "sum": 379801401.0,
        "mean": 13564335.75,
        "median": 1235912.1576375226,
        "min": 20579,
        "max": 64997835,
        "variance_ns2": 533099779639795.56,
        "iqr_ns": 15997327.015897803,
        "q1_ns": 98511.56843453432,
        "q3_ns": 16095838.584332338
      },
      "futex_op_counts": {
        "128": 28
      },
      "first_seen_ts_ns": 652893282983,
      "last_seen_ts_ns": 652974240662
    },
    {
      "tgid": 10758,
      "comm": "runc:[2:INIT]",
      "cgroup_id": 8137,
      "wait_duration_stats_ns": {
        "count": 28.0,
        "sum": 346308493.00000006,
        "mean": 12368160.464285716,
        "median": 1460760.833031271,
        "min": 558,
        "max": 55075064,
        "variance_ns2": 367465277527547.75,
        "iqr_ns": 15908410.71606557,
        "q1_ns": 101952.01642261492,
        "q3_ns": 16010362.732488185
      },
      "futex_op_counts": {
        "128": 28
      },
      "first_seen_ts_ns": 452902904528,
      "last_seen_ts_ns": 452978222861
    },
    {
      "tgid": 11218,
      "comm": "runc:[2:INIT]",
      "cgroup_id": 8137,
      "wait_duration_stats_ns": {
        "count": 29.0,
        "sum": 334970023.0,
        "mean": 11550690.448275862,
        "median": 3229084.687020021,
        "min": 21974,
        "max": 54987346,
        "variance_ns2": 356940484215263.1,
        "iqr_ns": 18409894.076812044,
        "q1_ns": 192402.05292180172,
        "q3_ns": 18602296.129733846
      },
      "futex_op_counts": {
        "128": 29
      },
      "first_seen_ts_ns": 562896011718,
      "last_seen_ts_ns": 562966870928
    },
    {
      "tgid": 10816,
      "comm": "runc:[2:INIT]",
      "cgroup_id": 8137,
      "wait_duration_stats_ns": {
        "count": 29.0,
        "sum": 323741161.00000006,
        "mean": 11163488.31034483,
        "median": 1296877.6160014854,
        "min": 722,
        "max": 52795059,
        "variance_ns2": 374994030535463.1,
        "iqr_ns": 15664066.421061616,
        "q1_ns": 161751.27576407872,
        "q3_ns": 15825817.696825694
      },
      "futex_op_counts": {
        "128": 29
      },
      "first_seen_ts_ns": 462900251369,
      "last_seen_ts_ns": 462968858365
    },
    {
      "tgid": 11241,
      "comm": "runc:[2:INIT]",
      "cgroup_id": 8137,
      "wait_duration_stats_ns": {
        "count": 31.0,
        "sum": 289354671.0,
        "mean": 9334021.64516129,
        "median": 1792331.7343661687,
        "min": 785,
        "max": 48231369,
        "variance_ns2": 206466011233914.88,
        "iqr_ns": 13117508.10570997,
        "q1_ns": 97841.09599139619,
        "q3_ns": 13215349.201701365
      },
      "futex_op_counts": {
        "128": 31
      },
      "first_seen_ts_ns": 572902090511,
      "last_seen_ts_ns": 572966659425
    },
    {
      "tgid": 10715,
      "comm": "runc:[2:INIT]",
      "cgroup_id": 8137,
      "wait_duration_stats_ns": {
        "count": 29.0,
        "sum": 289220773.99999994,
        "mean": 9973130.137931032,
        "median": 7327235.629271774,
        "min": 25004,
        "max": 43026443,
        "variance_ns2": 144793134322126.84,
        "iqr_ns": 11923326.702644736,
        "q1_ns": 2276450.9680386633,
        "q3_ns": 14199777.670683399
      },
      "futex_op_counts": {
        "128": 29
      },
      "first_seen_ts_ns": 432943017866,
      "last_seen_ts_ns": 432992985754
    },
    {
      "tgid": 11656,
      "comm": "runc:[2:INIT]",
      "cgroup_id": 8137,
      "wait_duration_stats_ns": {
        "count": 32.0,
        "sum": 260308178.0,
        "mean": 8134630.5625,
        "median": 673441.5111959402,
        "min": 6807,
        "max": 41266011,
        "variance_ns2": 180949077251951.12,
        "iqr_ns": 7746901.637642391,
        "q1_ns": 67333.60790156772,
        "q3_ns": 7814235.245543959
      },
      "futex_op_counts": {
        "128": 32
      },
      "first_seen_ts_ns": 642887769543,
      "last_seen_ts_ns": 642945930475
    },
    {
      "tgid": 10691,
      "comm": "runc:[2:INIT]",
      "cgroup_id": 8137,
      "wait_duration_stats_ns": {
        "count": 33.0,
        "sum": 257472359.00000003,
        "mean": 7802192.696969698,
        "median": 3044320.2285178695,
        "min": 12569,
        "max": 39353319,
        "variance_ns2": 114581997542211.9,
        "iqr_ns": 11807696.127548886,
        "q1_ns": 154289.80822246603,
        "q3_ns": 11961985.935771352
      },
      "futex_op_counts": {
        "128": 33
      },
      "first_seen_ts_ns": 422901104092,
      "last_seen_ts_ns": 422959392218
    },
    {
      "tgid": 10669,
      "comm": "runc:[2:INIT]",
      "cgroup_id": 8137,
      "wait_duration_stats_ns": {
        "count": 34.0,
        "sum": 249738972.0,
        "mean": 7345263.882352941,
        "median": 1010476.3469881663,
        "min": 19113,
        "max": 40006399,
        "variance_ns2": 142728206947042.25,
        "iqr_ns": 9609888.02155403,
        "q1_ns": 59478.24449850929,
        "q3_ns": 9669366.26605254
      },
      "futex_op_counts": {
        "128": 34
      },
      "first_seen_ts_ns": 412912223219,
      "last_seen_ts_ns": 412968796414
    },
    {
      "tgid": 11027,
      "comm": "runc",
      "cgroup_id": 6520,
      "wait_duration_stats_ns": {
        "count": 358.0,
        "sum": 244501472.99999994,
        "mean": 682965.0083798881,
        "median": 35365.13803129289,
        "min": 587,
        "max": 36056303,
        "variance_ns2": 19409502010375.945,
        "iqr_ns": 137126.3927476032,
        "q1_ns": 19137.35166087697,
        "q3_ns": 156263.74440848018
      },
      "futex_op_counts": {
        "128": 358
      },
      "first_seen_ts_ns": 482866108230,
      "last_seen_ts_ns": 482905132199
    },
    {
      "tgid": 11499,
      "comm": "runc",
      "cgroup_id": 6520,
      "wait_duration_stats_ns": {
        "count": 360.0,
        "sum": 230769957.00000003,
        "mean": 641027.6583333334,
        "median": 38379.851715724995,
        "min": 672,
        "max": 32283978,
        "variance_ns2": 16658731696618.303,
        "iqr_ns": 115616.35532616622,
        "q1_ns": 18935.685931441596,
        "q3_ns": 134552.0412576078
      },
      "futex_op_counts": {
        "128": 360
      },
      "first_seen_ts_ns": 612865320505,
      "last_seen_ts_ns": 612902636126
    },
    {
      "tgid": 11455,
      "comm": "runc",
      "cgroup_id": 6520,
      "wait_duration_stats_ns": {
        "count": 380.0,
        "sum": 228425800.0,
        "mean": 601120.5263157894,
        "median": 37754.34761721749,
        "min": 4545,
        "max": 33662258,
        "variance_ns2": 15660010414111.564,
        "iqr_ns": 126532.56451251889,
        "q1_ns": 18906.243338493823,
        "q3_ns": 145438.8078510127
      },
      "futex_op_counts": {
        "128": 380
      },
      "first_seen_ts_ns": 592866358728,
      "last_seen_ts_ns": 592903036788
    },
    {
      "tgid": 11565,
      "comm": "runc:[2:INIT]",
      "cgroup_id": 8137,
      "wait_duration_stats_ns": {
        "count": 32.0,
        "sum": 227376821.99999997,
        "mean": 7105525.687499999,
        "median": 1311851.2336718668,
        "min": 693,
        "max": 29570905,
        "variance_ns2": 123502632556527.08,
        "iqr_ns": 7841399.6839741785,
        "q1_ns": 77833.63270726011,
        "q3_ns": 7919233.316681439
      },
      "futex_op_counts": {
        "128": 32
      },
      "first_seen_ts_ns": 632906202126,
      "last_seen_ts_ns": 632956517729
    },
    {
      "tgid": 11755,
      "comm": "runc",
      "cgroup_id": 6520,
      "wait_duration_stats_ns": {
        "count": 356.0,
        "sum": 218638242.00000006,
        "mean": 614152.3651685395,
        "median": 37310.540447909974,
        "min": 8770,
        "max": 32239639,
        "variance_ns2": 15056339837105.861,
        "iqr_ns": 152747.62626738218,
        "q1_ns": 21143.052626307683,
        "q3_ns": 173890.67889368985
      },
      "futex_op_counts": {
        "128": 356
      },
      "first_seen_ts_ns": 692865860527,
      "last_seen_ts_ns": 692901125258
    },
    {
      "tgid": 10585,
      "comm": "runc",
      "cgroup_id": 6520,
      "wait_duration_stats_ns": {
        "count": 325.0,
        "sum": 212313858.0,
        "mean": 653273.4092307693,
        "median": 36382.253299012846,
        "min": 715,
        "max": 36872282,
        "variance_ns2": 18815246554201.043,
        "iqr_ns": 151303.23337371607,
        "q1_ns": 15038.903440383481,
        "q3_ns": 166342.13681409953
      },
      "futex_op_counts": {
        "128": 325
      },
      "first_seen_ts_ns": 382865927958,
      "last_seen_ts_ns": 382905704812
    },
    {
      "tgid": 11478,
      "comm": "runc",
      "cgroup_id": 6520,
      "wait_duration_stats_ns": {
        "count": 363.0,
        "sum": 201615246.0,
        "mean": 555413.9008264462,
        "median": 32074.7743291673,
        "min": 7331,
        "max": 34912789,
        "variance_ns2": 14854660965221.535,
        "iqr_ns": 70247.42250056179,
        "q1_ns": 14949.159008391052,
        "q3_ns": 85196.58150895285
      },
      "futex_op_counts": {
        "128": 363
      },
      "first_seen_ts_ns": 602865802552,
      "last_seen_ts_ns": 602903696487
    },
    {
      "tgid": 10530,
      "comm": "runc",
      "cgroup_id": 6520,
      "wait_duration_stats_ns": {
        "count": 380.0,
        "sum": 196555466.0,
        "mean": 517251.22631578945,
        "median": 27514.004562436196,
        "min": 825,
        "max": 36851409,
        "variance_ns2": 14130160280646.768,
        "iqr_ns": 112671.82720285804,
        "q1_ns": 14465.568518535109,
        "q3_ns": 127137.39572139314
      },
      "futex_op_counts": {
        "128": 380
      },
      "first_seen_ts_ns": 362866634924,
      "last_seen_ts_ns": 362903692856
    },
    {
      "tgid": 10607,
      "comm": "runc",
      "cgroup_id": 6520,
      "wait_duration_stats_ns": {
        "count": 384.0,
        "sum": 196470377.99999994,
        "mean": 511641.6093749999,
        "median": 28704.464001482247,
        "min": 548,
        "max": 34080163,
        "variance_ns2": 13517223071643.033,
        "iqr_ns": 90001.288389284,
        "q1_ns": 14308.035550529381,
        "q3_ns": 104309.32393981339
      },
      "futex_op_counts": {
        "128": 384
      },
      "first_seen_ts_ns": 392865732225,
      "last_seen_ts_ns": 392902784965
    },
    {
      "tgid": 10564,
      "comm": "runc",
      "cgroup_id": 6520,
      "wait_duration_stats_ns": {
        "count": 371.0,
        "sum": 195147180.00000003,
        "mean": 526003.180592992,
        "median": 25883.4180558423,
        "min": 8123,
        "max": 33940733,
        "variance_ns2": 13867461094381.09,
        "iqr_ns": 74313.49667934832,
        "q1_ns": 13453.656629712224,
        "q3_ns": 87767.15330906054
      },
      "futex_op_counts": {
        "128": 371
      },
      "first_seen_ts_ns": 372866062407,
      "last_seen_ts_ns": 372902904204
    },
    {
      "tgid": 11744,
      "comm": "runc:[2:INIT]",
      "cgroup_id": 8137,
      "wait_duration_stats_ns": {
        "count": 31.0,
        "sum": 194312091.00000003,
        "mean": 6268131.967741936,
        "median": 1788027.474789466,
        "min": 17112,
        "max": 25957190,
        "variance_ns2": 85897678466351.22,
        "iqr_ns": 10086847.710353168,
        "q1_ns": 46214.742380401236,
        "q3_ns": 10133062.452733569
      },
      "futex_op_counts": {
        "128": 31
      },
      "first_seen_ts_ns": 682901214261,
      "last_seen_ts_ns": 682945278317
    },
    {
      "tgid": 11072,
      "comm": "runc",
      "cgroup_id": 6520,
      "wait_duration_stats_ns": {
        "count": 388.0,
        "sum": 181002445.0,
        "mean": 466501.1469072165,
        "median": 24277.662370435675,
        "min": 596,
        "max": 31461948,
        "variance_ns2": 11131337407786.418,
        "iqr_ns": 87772.6675034719,
        "q1_ns": 14934.75163465962,
        "q3_ns": 102707.41913813152
      },
      "futex_op_counts": {
        "128": 388
      },
      "first_seen_ts_ns": 502866209867,
      "last_seen_ts_ns": 502900627395
    },
    {
      "tgid": 11005,
      "comm": "runc",
      "cgroup_id": 6520,
      "wait_duration_stats_ns": {
        "count": 368.0,
        "sum": 177652774.0,
        "mean": 482752.10326086957,
        "median": 32642.680118909655,
        "min": 548,
        "max": 33612828,
        "variance_ns2": 11318857247306.07,
        "iqr_ns": 85043.22820411222,
        "q1_ns": 17859.944599195165,
        "q3_ns": 102903.17280330739
      },
      "futex_op_counts": {
        "128": 368
      },
      "first_seen_ts_ns": 472865909058,
      "last_seen_ts_ns": 472899680766
    },
    {
      "tgid": 11050,
      "comm": "runc",
      "cgroup_id": 6520,
      "wait_duration_stats_ns": {
        "count": 395.0,
        "sum": 174074269.0,
        "mean": 440694.35189873417,
        "median": 28349.221816557092,
        "min": 7343,
        "max": 30286392,
        "variance_ns2": 10104957643808.676,
        "iqr_ns": 77405.90386421328,
        "q1_ns": 14877.272354547746,
        "q3_ns": 92283.17621876103
      },
      "futex_op_counts": {
        "128": 395
      },
      "first_seen_ts_ns": 492865473961,
      "last_seen_ts_ns": 492898752387
    },
    {
      "tgid": 10596,
      "comm": "runc:[2:INIT]",
      "cgroup_id": 8137,
      "wait_duration_stats_ns": {
        "count": 28.0,
        "sum": 140507743.99999997,
        "mean": 5018133.714285714,
        "median": 434113.4527977827,
        "min": 556,
        "max": 16277165,
        "variance_ns2": 47459126292709.19,
        "iqr_ns": 7380241.646645604,
        "q1_ns": 48573.33266854745,
        "q3_ns": 7428814.979314151
      },
      "futex_op_counts": {
        "128": 28
      },
      "first_seen_ts_ns": 382873857698,
      "last_seen_ts_ns": 382905702465
    },
    {
      "tgid": 11039,
      "comm": "runc:[2:INIT]",
      "cgroup_id": 8137,
      "wait_duration_stats_ns": {
        "count": 26.0,
        "sum": 132820713.00000003,
        "mean": 5108488.961538463,
        "median": 958079.244773102,
        "min": 29454,
        "max": 15760056,
        "variance_ns2": 42492766699333.88,
        "iqr_ns": 7706956.663767334,
        "q1_ns": 66814.32716049383,
        "q3_ns": 7773770.990927828
      },
      "futex_op_counts": {
        "128": 26
      },
      "first_seen_ts_ns": 482874725716,
      "last_seen_ts_ns": 482905155760
    },
    {
      "tgid": 11489,
      "comm": "runc:[2:INIT]",
      "cgroup_id": 8137,
      "wait_duration_stats_ns": {
        "count": 27.0,
        "sum": 129808348.0,
        "mean": 4807716.592592592,
        "median": 743784.0284047653,
        "min": 826,
        "max": 15511778,
        "variance_ns2": 40974695475303.79,
        "iqr_ns": 6384835.938987885,
        "q1_ns": 49902.6255144033,
        "q3_ns": 6434738.564502288
      },
      "futex_op_counts": {
        "128": 27
      },
      "first_seen_ts_ns": 602873961642,
      "last_seen_ts_ns": 602903676213
    },
    {
      "tgid": 10617,
      "comm": "runc:[2:INIT]",
      "cgroup_id": 8137,
      "wait_duration_stats_ns": {
        "count": 29.0,
        "sum": 127572720.0,
        "mean": 4399059.310344827,
        "median": 964555.772577432,
        "min": 596,
        "max": 15535300,
        "variance_ns2": 37933196596578.58,
        "iqr_ns": 7813840.62005204,
        "q1_ns": 91539.63711429355,
        "q3_ns": 7905380.2571663335
      },
      "futex_op_counts": {
        "128": 29
      },
      "first_seen_ts_ns": 392873469186,
      "last_seen_ts_ns": 392902744965
    },
    {
      "tgid": 10574,
      "comm": "runc:[2:INIT]",
      "cgroup_id": 8137,
      "wait_duration_stats_ns": {
        "count": 28.0,
        "sum": 127444772.00000003,
        "mean": 4551599.000000001,
        "median": 441917.2750024927,
        "min": 1602,
        "max": 15743853,
        "variance_ns2": 37973081434460.586,
        "iqr_ns": 8908557.682205983,
        "q1_ns": 61540.30955237898,
        "q3_ns": 8970097.991758361
      },
      "futex_op_counts": {
        "128": 28
      },
      "first_seen_ts_ns": 372873693714,
      "last_seen_ts_ns": 372902988006
    },
    {
      "tgid": 10540,
      "comm": "runc:[2:INIT]",
      "cgroup_id": 8137,
      "wait_duration_stats_ns": {
        "count": 28.0,
        "sum": 127232239.00000001,
        "mean": 4544008.535714286,
        "median": 389395.27631167235,
        "min": 544,
        "max": 15509982,
        "variance_ns2": 38556804294818.78,
        "iqr_ns": 8573324.10909731,
        "q1_ns": 46645.89084717907,
        "q3_ns": 8619969.999944488
      },
      "futex_op_counts": {
        "128": 28
      },
      "first_seen_ts_ns": 362874478161,
      "last_seen_ts_ns": 362903706005
    },
    {
      "tgid": 11511,
      "comm": "runc:[2:INIT]",
      "cgroup_id": 8137,
      "wait_duration_stats_ns": {
        "count": 28.0,
        "sum": 125835543.0,
        "mean": 4494126.535714285,
        "median": 759923.0137880116,
        "min": 529,
        "max": 15455335,
        "variance_ns2": 37444287866621.516,
        "iqr_ns": 7291606.2557711005,
        "q1_ns": 44472.64829447754,
        "q3_ns": 7336078.904065578
      },
      "futex_op_counts": {
        "128": 28
      },
      "first_seen_ts_ns": 612873664940,
      "last_seen_ts_ns": 612902561579
    },
    {
      "tgid": 11467,
      "comm": "runc:[2:INIT]",
      "cgroup_id": 8137,
      "wait_duration_stats_ns": {
        "count": 30.0,
        "sum": 120564913.99999997,
        "mean": 4018830.466666666,
        "median": 681333.1327509121,
        "min": 10300,
        "max": 15766897,
        "variance_ns2": 34148432403713.777,
        "iqr_ns": 6184933.296089685,
        "q1_ns": 51301.82318907075,
        "q3_ns": 6236235.119278755
      },
      "futex_op_counts": {
        "128": 30
      },
      "first_seen_ts_ns": 592875101604,
      "last_seen_ts_ns": 592903054037
    },
    {
      "tgid": 11083,
      "comm": "runc:[2:INIT]",
      "cgroup_id": 8137,
      "wait_duration_stats_ns": {
        "count": 28.0,
        "sum": 113856457.0,
        "mean": 4066302.035714286,
        "median": 387252.0407477591,
        "min": 3908,
        "max": 15572211,
        "variance_ns2": 31419342655745.89,
        "iqr_ns": 6979241.533189063,
        "q1_ns": 37990.19282162452,
        "q3_ns": 7017231.726010688
      },
      "futex_op_counts": {
        "128": 28
      },
      "first_seen_ts_ns": 502874129074,
      "last_seen_ts_ns": 502900632212
    },
    {
      "tgid": 11766,
      "comm": "runc:[2:INIT]",
      "cgroup_id": 8137,
      "wait_duration_stats_ns": {
        "count": 30.0,
        "sum": 113041996.0,
        "mean": 3768066.533333333,
        "median": 345996.07811341505,
        "min": 576,
        "max": 15718273,
        "variance_ns2": 31029766861970.047,
        "iqr_ns": 5794892.931262515,
        "q1_ns": 64003.803369341564,
        "q3_ns": 5858896.734631856
      },
      "futex_op_counts": {
        "128": 30
      },
      "first_seen_ts_ns": 692874636269,
      "last_seen_ts_ns": 692901075697
    },
    {
      "tgid": 11061,
      "comm": "runc:[2:INIT]",
      "cgroup_id": 8137,
      "wait_duration_stats_ns": {
        "count": 26.0,
        "sum": 108560223.00000001,
        "mean": 4175393.192307693,
        "median": 693379.5099403119,
        "min": 22570,
        "max": 15654753,
        "variance_ns2": 31969212666225.12,
        "iqr_ns": 5514445.5034240205,
        "q1_ns": 54754.89950852635,
        "q3_ns": 5569200.402932547
      },
      "futex_op_counts": {
        "128": 26
      },
      "first_seen_ts_ns": 492873291796,
      "last_seen_ts_ns": 492898802522
    },
    {
      "tgid": 11016,
      "comm": "runc:[2:INIT]",
      "cgroup_id": 8137,
      "wait_duration_stats_ns": {
        "count": 26.0,
        "sum": 107339486.99999999,
        "mean": 4128441.807692307,
        "median": 650767.518253962,
        "min": 27290,
        "max": 15655741,
        "variance_ns2": 31457375730425.52,
        "iqr_ns": 5910545.202862077,
        "q1_ns": 59849.70245600553,
        "q3_ns": 5970394.905318083
      },
      "futex_op_counts": {
        "128": 26
      },
      "first_seen_ts_ns": 472874491730,
      "last_seen_ts_ns": 472899740550
    },
    {
      "tgid": 11522,
      "comm": "gce_workload_ce",
      "cgroup_id": 9724,
      "wait_duration_stats_ns": {
        "count": 329.0,
        "sum": 38362931.0,
        "mean": 116604.65349544073,
        "median": 28134.75745555532,
        "min": 520,
        "max": 8967018,
        "variance_ns2": 412170938345.77594,
        "iqr_ns": 102955.76066954943,
        "q1_ns": 12654.96567193896,
        "q3_ns": 115610.7263414884
      },
      "futex_op_counts": {
        "128": 329
      },
      "first_seen_ts_ns": 617970391860,
      "last_seen_ts_ns": 617979479342
    },
    {
      "tgid": 10691,
      "comm": "csi-node-driver",
      "cgroup_id": 8137,
      "wait_duration_stats_ns": {
        "count": 19.0,
        "sum": 19370426.0,
        "mean": 1019496.1052631579,
        "median": 1097866.962103588,
        "min": 11280,
        "max": 4397640,
        "variance_ns2": 1495509909785.766,
        "iqr_ns": 1915941.3438771968,
        "q1_ns": 60544.04529513887,
        "q3_ns": 1976485.3891723356
      },
      "futex_op_counts": {
        "128": 19
      },
      "first_seen_ts_ns": 422961750251,
      "last_seen_ts_ns": 422967405706
    },
    {
      "tgid": 10278,
      "comm": "runc",
      "cgroup_id": 6520,
      "wait_duration_stats_ns": {
        "count": 352.0,
        "sum": 17536590.000000022,
        "mean": 49819.857954545514,
        "median": 17116.877485760233,
        "min": 2103,
        "max": 2761911,
        "variance_ns2": 73013592056.6978,
        "iqr_ns": 11734.689631771425,
        "q1_ns": 11874.446342934252,
        "q3_ns": 23609.135974705678
      },
      "futex_op_counts": {
        "128": 352
      },
      "first_seen_ts_ns": 352865888009,
      "last_seen_ts_ns": 352870435616
    },
    {
      "tgid": 10015,
      "comm": "flux-broker-77",
      "cgroup_id": 9645,
      "wait_duration_stats_ns": {
        "count": 443.0,
        "sum": 14169465.000000015,
        "mean": 31985.248306997775,
        "median": 4174.74933358028,
        "min": 395,
        "max": 3717355,
        "variance_ns2": 78095398859.06033,
        "iqr_ns": 7841.842334382589,
        "q1_ns": 757.4497530008499,
        "q3_ns": 8599.29208738344
      },
      "futex_op_counts": {
        "128": 443
      },
      "first_seen_ts_ns": 359344632444,
      "last_seen_ts_ns": 695868578746
    },
    {
      "tgid": 10758,
      "comm": "csi-node-driver",
      "cgroup_id": 8137,
      "wait_duration_stats_ns": {
        "count": 15.0,
        "sum": 11756474.0,
        "mean": 783764.9333333333,
        "median": 316650.0202546296,
        "min": 14433,
        "max": 5581217,
        "variance_ns2": 2103051522079.6384,
        "iqr_ns": 558154.1487037037,
        "q1_ns": 34296.58796296296,
        "q3_ns": 592450.7366666666
      },
      "futex_op_counts": {
        "128": 15
      },
      "first_seen_ts_ns": 452980442015,
      "last_seen_ts_ns": 452986014452
    },
    {
      "tgid": 11722,
      "comm": "csi-node-driver",
      "cgroup_id": 8137,
      "wait_duration_stats_ns": {
        "count": 19.0,
        "sum": 10530400.0,
        "mean": 554231.5789473684,
        "median": 303889.03971582034,
        "min": 15301,
        "max": 1872123,
        "variance_ns2": 499963807278.70184,
        "iqr_ns": 683375.8862250147,
        "q1_ns": 31190.497620884773,
        "q3_ns": 714566.3838458995
      },
      "futex_op_counts": {
        "128": 19
      },
      "first_seen_ts_ns": 673013827672,
      "last_seen_ts_ns": 673017349659
    },
    {
      "tgid": 11678,
      "comm": "csi-node-driver",
      "cgroup_id": 8137,
      "wait_duration_stats_ns": {
        "count": 18.0,
        "sum": 10276090.999999998,
        "mean": 570893.9444444444,
        "median": 154064.7349997244,
        "min": 13615,
        "max": 2052200,
        "variance_ns2": 486329248424.64386,
        "iqr_ns": 522654.6107455632,
        "q1_ns": 39375.83363715278,
        "q3_ns": 562030.444382716
      },
      "futex_op_counts": {
        "128": 18
      },
      "first_seen_ts_ns": 652976089134,
      "last_seen_ts_ns": 652979631510
    },
    {
      "tgid": 10669,
      "comm": "csi-node-driver",
      "cgroup_id": 8137,
      "wait_duration_stats_ns": {
        "count": 14.0,
        "sum": 10272520.0,
        "mean": 733751.4285714285,
        "median": 281076.0503611111,
        "min": 14397,
        "max": 3345499,
        "variance_ns2": 1088575350310.2639,
        "iqr_ns": 723407.8511904762,
        "q1_ns": 44578.614583333336,
        "q3_ns": 767986.4657738096
      },
      "futex_op_counts": {
        "128": 14
      },
      "first_seen_ts_ns": 412972571665,
      "last_seen_ts_ns": 412975917960
    },
    {
      "tgid": 11173,
      "comm": "csi-node-driver",
      "cgroup_id": 8137,
      "wait_duration_stats_ns": {
        "count": 18.0,
        "sum": 10119675.0,
        "mean": 562204.1666666666,
        "median": 234706.19780613424,
        "min": 21004,
        "max": 2124912,
        "variance_ns2": 505752154009.7941,
        "iqr_ns": 797023.6282476151,
        "q1_ns": 50405.967978395056,
        "q3_ns": 847429.5962260101
      },
      "futex_op_counts": {
        "128": 18
      },
      "first_seen_ts_ns": 543006711032,
      "last_seen_ts_ns": 543010100020
    },
    {
      "tgid": 11656,
      "comm": "csi-node-driver",
      "cgroup_id": 8137,
      "wait_duration_stats_ns": {
        "count": 20.0,
        "sum": 9863949.0,
        "mean": 493197.45,
        "median": 65140.413870804405,
        "min": 8675,
        "max": 1888772,
        "variance_ns2": 483019042279.52374,
        "iqr_ns": 898811.7133161549,
        "q1_ns": 22339.28463648834,
        "q3_ns": 921150.9979526432
      },
      "futex_op_counts": {
        "128": 20
      },
      "first_seen_ts_ns": 642948491522,
      "last_seen_ts_ns": 642952019960
    },
    {
      "tgid": 10816,
      "comm": "csi-node-driver",
      "cgroup_id": 8137,
      "wait_duration_stats_ns": {
        "count": 23.0,
        "sum": 9846279.0,
        "mean": 428099.0869565217,
        "median": 67292.67708333334,
        "min": 17268,
        "max": 2013466,
        "variance_ns2": 408225275128.6285,
        "iqr_ns": 448861.59532334,
        "q1_ns": 27272.333333333336,
        "q3_ns": 476133.9286566733
      },
      "futex_op_counts": {
        "128": 23
      },
      "first_seen_ts_ns": 462970944592,
      "last_seen_ts_ns": 462974276552
    },
    {
      "tgid": 11196,
      "comm": "csi-node-driver",
      "cgroup_id": 8137,
      "wait_duration_stats_ns": {
        "count": 15.0,
        "sum": 9814993.999999998,
        "mean": 654332.9333333332,
        "median": 87811.02808641974,
        "min": 2724,
        "max": 3210903,
        "variance_ns2": 1262212052669.6384,
        "iqr_ns": 424942.3159722222,
        "q1_ns": 21170.86805555556,
        "q3_ns": 446113.18402777775
      },
      "futex_op_counts": {
        "128": 15
      },
      "first_seen_ts_ns": 553039511136,
      "last_seen_ts_ns": 553043009655
    },
    {
      "tgid": 11218,
      "comm": "csi-node-driver",
      "cgroup_id": 8137,
      "wait_duration_stats_ns": {
        "count": 19.0,
        "sum": 9657802.0,
        "mean": 508305.36842105264,
        "median": 243684.41846801116,
        "min": 10851,
        "max": 1960468,
        "variance_ns2": 476837909141.46783,
        "iqr_ns": 401424.3180549052,
        "q1_ns": 27095.41227816358,
        "q3_ns": 428519.7303330688
      },
      "futex_op_counts": {
        "128": 19
      },
      "first_seen_ts_ns": 562972546430,
      "last_seen_ts_ns": 562975821869
    },
    {
      "tgid": 11152,
      "comm": "csi-node-driver",
      "cgroup_id": 8137,
      "wait_duration_stats_ns": {
        "count": 18.0,
        "sum": 9649740.999999998,
        "mean": 536096.7222222221,
        "median": 234408.77308766558,
        "min": 15005,
        "max": 1852766,
        "variance_ns2": 430966269535.7418,
        "iqr_ns": 612510.3306616511,
        "q1_ns": 37255.842399691355,
        "q3_ns": 649766.1730613424
      },
      "futex_op_counts": {
        "128": 18
      },
      "first_seen_ts_ns": 532987375787,
      "last_seen_ts_ns": 532990650788
    },
    {
      "tgid": 11241,
      "comm": "csi-node-driver",
      "cgroup_id": 8137,
      "wait_duration_stats_ns": {
        "count": 20.0,
        "sum": 9625019.0,
        "mean": 481250.95,
        "median": 72873.93177083334,
        "min": 531,
        "max": 1862068,
        "variance_ns2": 449713310090.15515,
        "iqr_ns": 666598.720045194,
        "q1_ns": 17419.02921075839,
        "q3_ns": 684017.7492559524
      },
      "futex_op_counts": {
        "128": 20
      },
      "first_seen_ts_ns": 572968851721,
      "last_seen_ts_ns": 572972155719
    },
    {
      "tgid": 10715,
      "comm": "csi-node-driver",
      "cgroup_id": 8137,
      "wait_duration_stats_ns": {
        "count": 21.0,
        "sum": 9531331.000000002,
        "mean": 453872.90476190485,
        "median": 218447.51139794453,
        "min": 16359,
        "max": 1827323,
        "variance_ns2": 396927362956.69055,
        "iqr_ns": 658984.7052986454,
        "q1_ns": 35009.94566615227,
        "q3_ns": 693994.6509647977
      },
      "futex_op_counts": {
        "128": 21
      },
      "first_seen_ts_ns": 432999418502,
      "last_seen_ts_ns": 433002660899
    },
    {
      "tgid": 10644,
      "comm": "csi-node-driver",
      "cgroup_id": 8137,
      "wait_duration_stats_ns": {
        "count": 13.0,
        "sum": 9529852.0,
        "mean": 733065.5384615385,
        "median": 144033.37023148147,
        "min": 19626,
        "max": 3641649,
        "variance_ns2": 1515088027591.2695,
        "iqr_ns": 301711.7288271605,
        "q1_ns": 21825.63950617284,
        "q3_ns": 323537.36833333335
      },
      "futex_op_counts": {
        "128": 13
      },
      "first_seen_ts_ns": 402991369016,
      "last_seen_ts_ns": 402995014389
    },
    {
      "tgid": 11544,
      "comm": "csi-node-driver",
      "cgroup_id": 8137,
      "wait_duration_stats_ns": {
        "count": 13.0,
        "sum": 9480422.0,
        "mean": 729263.2307692308,
        "median": 134378.43340277777,
        "min": 20326,
        "max": 3598021,
        "variance_ns2": 1565685459349.1921,
        "iqr_ns": 253425.24819444443,
        "q1_ns": 31162.45763888889,
        "q3_ns": 284587.7058333333
      },
      "futex_op_counts": {
        "128": 13
      },
      "first_seen_ts_ns": 622992420836,
      "last_seen_ts_ns": 622996013286
    },
    {
      "tgid": 10540,
      "comm": "csi-node-driver",
      "cgroup_id": 8137,
      "wait_duration_stats_ns": {
        "count": 19.0,
        "sum": 9472372.0,
        "mean": 498545.8947368421,
        "median": 292511.50023430714,
        "min": 14940,
        "max": 1754560,
        "variance_ns2": 398938488267.5439,
        "iqr_ns": 440633.36947016465,
        "q1_ns": 33868.217978395056,
        "q3_ns": 474501.5874485597
      },
      "futex_op_counts": {
        "128": 19
      },
      "first_seen_ts_ns": 362905487921,
      "last_seen_ts_ns": 362908677507
    },
    {
      "tgid": 11701,
      "comm": "csi-node-driver",
      "cgroup_id": 8137,
      "wait_duration_stats_ns": {
        "count": 16.0,
        "sum": 9425053.999999998,
        "mean": 589065.8749999999,
        "median": 55502.63170138889,
        "min": 17769,
        "max": 3141726,
        "variance_ns2": 933357485240.9167,
        "iqr_ns": 600940.2420634922,
        "q1_ns": 28143.594618055555,
        "q3_ns": 629083.8366815477
      },
      "futex_op_counts": {
        "128": 16
      },
      "first_seen_ts_ns": 662987608389,
      "last_seen_ts_ns": 662990788199
    },
    {
      "tgid": 10574,
      "comm": "csi-node-driver",
      "cgroup_id": 8137,
      "wait_duration_stats_ns": {
        "count": 20.0,
        "sum": 9412258.0,
        "mean": 470612.9,
        "median": 239672.7702960431,
        "min": 21620,
        "max": 1758342,
        "variance_ns2": 363293624329.5684,
        "iqr_ns": 534613.9035322969,
        "q1_ns": 27684.897146267365,
        "q3_ns": 562298.8006785642
      },
      "futex_op_counts": {
        "128": 20
      },
      "first_seen_ts_ns": 372905060524,
      "last_seen_ts_ns": 372908256104
    },
    {
      "tgid": 11467,
      "comm": "csi-node-driver",
      "cgroup_id": 8137,
      "wait_duration_stats_ns": {
        "count": 20.0,
        "sum": 9347144.0,
        "mean": 467357.19999999995,
        "median": 258909.43736843532,
        "min": 13534,
        "max": 1753725,
        "variance_ns2": 379297578447.8527,
        "iqr_ns": 514126.0437391239,
        "q1_ns": 34926.81198559671,
        "q3_ns": 549052.8557247206
      },
      "futex_op_counts": {
        "128": 20
      },
      "first_seen_ts_ns": 592904983158,
      "last_seen_ts_ns": 592908146082
    },
    {
      "tgid": 11565,
      "comm": "csi-node-driver",
      "cgroup_id": 8137,
      "wait_duration_stats_ns": {
        "count": 19.0,
        "sum": 9310967.999999998,
        "mean": 490050.94736842095,
        "median": 123179.88341145834,
        "min": 18921,
        "max": 1884515,
        "variance_ns2": 425653452140.8304,
        "iqr_ns": 746573.4982204861,
        "q1_ns": 23897.324305555558,
        "q3_ns": 770470.8225260417
      },
      "futex_op_counts": {
        "128": 19
      },
      "first_seen_ts_ns": 632958557278,
      "last_seen_ts_ns": 632961708073
    },
    {
      "tgid": 10737,
      "comm": "csi-node-driver",
      "cgroup_id": 8137,
      "wait_duration_stats_ns": {
        "count": 19.0,
        "sum": 9281776.999999998,
        "mean": 488514.57894736837,
        "median": 106647.36167224702,
        "min": 15962,
        "max": 1818541,
        "variance_ns2": 433571180674.924,
        "iqr_ns": 709363.7652350639,
        "q1_ns": 22184.295370370375,
        "q3_ns": 731548.0606054342
      },
      "futex_op_counts": {
        "128": 19
      },
      "first_seen_ts_ns": 442983255502,
      "last_seen_ts_ns": 442986421489
    },
    {
      "tgid": 10596,
      "comm": "csi-node-driver",
      "cgroup_id": 8137,
      "wait_duration_stats_ns": {
        "count": 18.0,
        "sum": 9195435.0,
        "mean": 510857.5,
        "median": 216272.36424696178,
        "min": 28097,
        "max": 1745501,
        "variance_ns2": 406100114976.7353,
        "iqr_ns": 333243.7916460904,
        "q1_ns": 46727.5529835391,
        "q3_ns": 379971.3446296295
      },
      "futex_op_counts": {
        "128": 18
      },
      "first_seen_ts_ns": 382907483496,
      "last_seen_ts_ns": 382910644184
    },
    {
      "tgid": 11061,
      "comm": "csi-node-driver",
      "cgroup_id": 8137,
      "wait_duration_stats_ns": {
        "count": 23.0,
        "sum": 9186384.999999998,
        "mean": 399408.0434782608,
        "median": 131599.69791231045,
        "min": 12758,
        "max": 1431535,
        "variance_ns2": 297980769901.67993,
        "iqr_ns": 512213.73425857263,
        "q1_ns": 22633.000118192555,
        "q3_ns": 534846.7343767652
      },
      "futex_op_counts": {
        "128": 23
      },
      "first_seen_ts_ns": 492900465562,
      "last_seen_ts_ns": 492903585324
    },
    {
      "tgid": 11489,
      "comm": "csi-node-driver",
      "cgroup_id": 8137,
      "wait_duration_stats_ns": {
        "count": 19.0,
        "sum": 9160095.999999998,
        "mean": 482110.3157894736,
        "median": 299380.840839386,
        "min": 13270,
        "max": 1703614,
        "variance_ns2": 367917259533.56146,
        "iqr_ns": 328106.5171781995,
        "q1_ns": 50468.870912905084,
        "q3_ns": 378575.38809110457
      },
      "futex_op_counts": {
        "128": 19
      },
      "first_seen_ts_ns": 602905472376,
      "last_seen_ts_ns": 602908593454
    },
    {
      "tgid": 11016,
      "comm": "csi-node-driver",
      "cgroup_id": 8137,
      "wait_duration_stats_ns": {
        "count": 19.0,
        "sum": 9132136.999999998,
        "mean": 480638.78947368416,
        "median": 293262.0726434617,
        "min": 11025,
        "max": 1706277,
        "variance_ns2": 367657200680.1755,
        "iqr_ns": 452432.3328149495,
        "q1_ns": 32048.454378858034,
        "q3_ns": 484480.78719380754
      },
      "futex_op_counts": {
        "128": 19
      },
      "first_seen_ts_ns": 472901916918,
      "last_seen_ts_ns": 472905017981
    },
    {
      "tgid": 11039,
      "comm": "csi-node-driver",
      "cgroup_id": 8137,
      "wait_duration_stats_ns": {
        "count": 18.0,
        "sum": 9071367.0,
        "mean": 503964.8333333333,
        "median": 255047.16629464287,
        "min": 11377,
        "max": 1860772,
        "variance_ns2": 404474659636.3823,
        "iqr_ns": 570769.0415697874,
        "q1_ns": 34700.27593021262,
        "q3_ns": 605469.3175
      },
      "futex_op_counts": {
        "128": 18
      },
      "first_seen_ts_ns": 482907195442,
      "last_seen_ts_ns": 482910233718
    },
    {
      "tgid": 11766,
      "comm": "csi-node-driver",
      "cgroup_id": 8137,
      "wait_duration_stats_ns": {
        "count": 17.0,
        "sum": 9013311.0,
        "mean": 530194.7647058824,
        "median": 117915.24748724488,
        "min": 16174,
        "max": 3059125,
        "variance_ns2": 702288296981.5662,
        "iqr_ns": 588317.592836099,
        "q1_ns": 45115.12132936509,
        "q3_ns": 633432.714165464
      },
      "futex_op_counts": {
        "128": 17
      },
      "first_seen_ts_ns": 692903115171,
      "last_seen_ts_ns": 692906181542
    },
    {
      "tgid": 10617,
      "comm": "csi-node-driver",
      "cgroup_id": 8137,
      "wait_duration_stats_ns": {
        "count": 16.0,
        "sum": 8960448.0,
        "mean": 560028.0,
        "median": 347301.40420386905,
        "min": 18837,
        "max": 1820723,
        "variance_ns2": 435185120448.4001,
        "iqr_ns": 683380.7891049382,
        "q1_ns": 35887.8013117284,
        "q3_ns": 719268.5904166666
      },
      "futex_op_counts": {
        "128": 16
      },
      "first_seen_ts_ns": 392904707057,
      "last_seen_ts_ns": 392907784045
    },
    {
      "tgid": 11511,
      "comm": "csi-node-driver",
      "cgroup_id": 8137,
      "wait_duration_stats_ns": {
        "count": 20.0,
        "sum": 8905352.0,
        "mean": 445267.60000000003,
        "median": 80818.0384160053,
        "min": 2329,
        "max": 1685349,
        "variance_ns2": 355983769766.6736,
        "iqr_ns": 621048.0491757151,
        "q1_ns": 19729.141196952165,
        "q3_ns": 640777.1903726673
      },
      "futex_op_counts": {
        "128": 20
      },
      "first_seen_ts_ns": 612904227922,
      "last_seen_ts_ns": 612907262799
    },
    {
      "tgid": 11083,
      "comm": "csi-node-driver",
      "cgroup_id": 8137,
      "wait_duration_stats_ns": {
        "count": 20.0,
        "sum": 8772386.0,
        "mean": 438619.3,
        "median": 217374.55481738222,
        "min": 11008,
        "max": 1786387,
        "variance_ns2": 363910271984.01056,
        "iqr_ns": 623882.3618190844,
        "q1_ns": 22585.267982681755,
        "q3_ns": 646467.6298017661
      },
      "futex_op_counts": {
        "128": 20
      },
      "first_seen_ts_ns": 502902542145,
      "last_seen_ts_ns": 502905470015
    },
    {
      "tgid": 11128,
      "comm": "csi-node-driver",
      "cgroup_id": 8137,
      "wait_duration_stats_ns": {
        "count": 21.0,
        "sum": 8633723.0,
        "mean": 411129.6666666666,
        "median": 94555.05887832184,
        "min": 15675,
        "max": 1459646,
        "variance_ns2": 317602291614.63336,
        "iqr_ns": 617437.0323953559,
        "q1_ns": 33065.554431405246,
        "q3_ns": 650502.5868267611
      },
      "futex_op_counts": {
        "128": 21
      },
      "first_seen_ts_ns": 522982308834,
      "last_seen_ts_ns": 522985699350
    },
    {
      "tgid": 11443,
      "comm": "csi-node-driver",
      "cgroup_id": 8137,
      "wait_duration_stats_ns": {
        "count": 11.0,
        "sum": 8594462.0,
        "mean": 781314.7272727273,
        "median": 352366.15,
        "min": 8630,
        "max": 2941676,
        "variance_ns2": 892494806666.4182,
        "iqr_ns": 926822.7542592592,
        "q1_ns": 68357.74074074074,
        "q3_ns": 995180.495
      },
      "futex_op_counts": {
        "128": 11
      },
      "first_seen_ts_ns": 583241772132,
      "last_seen_ts_ns": 583244682841
    },
    {
      "tgid": 11744,
      "comm": "csi-node-driver",
      "cgroup_id": 8137,
      "wait_duration_stats_ns": {
        "count": 20.0,
        "sum": 8493020.0,
        "mean": 424651.0,
        "median": 74136.9184539655,
        "min": 8930,
        "max": 1602507,
        "variance_ns2": 339405894994.9474,
        "iqr_ns": 716138.6443370113,
        "q1_ns": 19604.37030266204,
        "q3_ns": 735743.0146396733
      },
      "futex_op_counts": {
        "128": 20
      },
      "first_seen_ts_ns": 682947766130,
      "last_seen_ts_ns": 682951051479
    },
    {
      "tgid": 11105,
      "comm": "csi-node-driver",
      "cgroup_id": 8137,
      "wait_duration_stats_ns": {
        "count": 17.0,
        "sum": 5619384.0,
        "mean": 330552.0,
        "median": 94980.50327153182,
        "min": 9622,
        "max": 1179539,
        "variance_ns2": 232618470689.62503,
        "iqr_ns": 561185.7249856128,
        "q1_ns": 35410.09685180891,
        "q3_ns": 596595.8218374217
      },
      "futex_op_counts": {
        "128": 17
      },
      "first_seen_ts_ns": 512994487638,
      "last_seen_ts_ns": 512997639219
    },
    {
      "tgid": 10015,
      "comm": "ZMQbg/Reaper",
      "cgroup_id": 9645,
      "wait_duration_stats_ns": {
        "count": 1.0,
        "sum": 42968.0,
        "mean": 42968.0,
        "median": 42968.0,
        "min": 42968,
        "max": 42968,
        "variance_ns2": null,
        "iqr_ns": 0.0,
        "q1_ns": 42968.0,
        "q3_ns": 42968.0
      },
      "futex_op_counts": {
        "128": 1
      },
      "first_seen_ts_ns": 695869725679,
      "last_seen_ts_ns": 695869725679
    },
    {
      "tgid": 10015,
      "comm": "ZMQbg/IO/0",
      "cgroup_id": 9645,
      "wait_duration_stats_ns": {
        "count": 41.0,
        "sum": 42194.99999999999,
        "mean": 1029.1463414634145,
        "median": 554.2574038145526,
        "min": 389,
        "max": 14115,
        "variance_ns2": 4554880.378048783,
        "iqr_ns": 575.5565184778413,
        "q1_ns": 490.86504648761417,
        "q3_ns": 1066.4215649654554
      },
      "futex_op_counts": {
        "128": 41
      },
      "first_seen_ts_ns": 467372670730,
      "last_seen_ts_ns": 690361074317
    },
    {
      "tgid": 10454,
      "comm": "lmp",
      "cgroup_id": 9645,
      "wait_duration_stats_ns": {
        "count": 1.0,
        "sum": 14527.0,
        "mean": 14527.0,
        "median": 14527.0,
        "min": 14527,
        "max": 14527,
        "variance_ns2": null,
        "iqr_ns": 0.0,
        "q1_ns": 14527.0,
        "q3_ns": 14527.0
      },
      "futex_op_counts": {
        "128": 1
      },
      "first_seen_ts_ns": 467334550785,
      "last_seen_ts_ns": 467334550785
    },
    {
      "tgid": 10905,
      "comm": "lmp",
      "cgroup_id": 9645,
      "wait_duration_stats_ns": {
        "count": 1.0,
        "sum": 11833.0,
        "mean": 11833.0,
        "median": 11833.0,
        "min": 11833,
        "max": 11833,
        "variance_ns2": null,
        "iqr_ns": 0.0,
        "q1_ns": 11833.0,
        "q3_ns": 11833.0
      },
      "futex_op_counts": {
        "128": 1
      },
      "first_seen_ts_ns": 580816788675,
      "last_seen_ts_ns": 580816788675
    },
    {
      "tgid": 10374,
      "comm": "lmp",
      "cgroup_id": 9645,
      "wait_duration_stats_ns": {
        "count": 1.0,
        "sum": 10956.0,
        "mean": 10956.0,
        "median": 10956.0,
        "min": 10956,
        "max": 10956,
        "variance_ns2": null,
        "iqr_ns": 0.0,
        "q1_ns": 10956.0,
        "q3_ns": 10956.0
      },
      "futex_op_counts": {
        "128": 1
      },
      "first_seen_ts_ns": 467332211812,
      "last_seen_ts_ns": 467332211812
    },
    {
      "tgid": 10847,
      "comm": "lmp",
      "cgroup_id": 9645,
      "wait_duration_stats_ns": {
        "count": 1.0,
        "sum": 9860.0,
        "mean": 9860.0,
        "median": 9860.0,
        "min": 9860,
        "max": 9860,
        "variance_ns2": null,
        "iqr_ns": 0.0,
        "q1_ns": 9860.0,
        "q3_ns": 9860.0
      },
      "futex_op_counts": {
        "128": 1
      },
      "first_seen_ts_ns": 580810124987,
      "last_seen_ts_ns": 580810124987
    },
    {
      "tgid": 10897,
      "comm": "lmp",
      "cgroup_id": 9645,
      "wait_duration_stats_ns": {
        "count": 1.0,
        "sum": 9845.0,
        "mean": 9845.0,
        "median": 9845.0,
        "min": 9845,
        "max": 9845,
        "variance_ns2": null,
        "iqr_ns": 0.0,
        "q1_ns": 9845.0,
        "q3_ns": 9845.0
      },
      "futex_op_counts": {
        "128": 1
      },
      "first_seen_ts_ns": 580816645007,
      "last_seen_ts_ns": 580816645007
    },
    {
      "tgid": 11289,
      "comm": "lmp",
      "cgroup_id": 9645,
      "wait_duration_stats_ns": {
        "count": 1.0,
        "sum": 9636.0,
        "mean": 9636.0,
        "median": 9636.0,
        "min": 9636,
        "max": 9636,
        "variance_ns2": null,
        "iqr_ns": 0.0,
        "q1_ns": 9636.0,
        "q3_ns": 9636.0
      },
      "futex_op_counts": {
        "128": 1
      },
      "first_seen_ts_ns": 690315147984,
      "last_seen_ts_ns": 690315147984
    },
    {
      "tgid": 10372,
      "comm": "lmp",
      "cgroup_id": 9645,
      "wait_duration_stats_ns": {
        "count": 1.0,
        "sum": 9334.0,
        "mean": 9334.0,
        "median": 9334.0,
        "min": 9334,
        "max": 9334,
        "variance_ns2": null,
        "iqr_ns": 0.0,
        "q1_ns": 9334.0,
        "q3_ns": 9334.0
      },
      "futex_op_counts": {
        "128": 1
      },
      "first_seen_ts_ns": 467332258690,
      "last_seen_ts_ns": 467332258690
    },
    {
      "tgid": 10336,
      "comm": "lmp",
      "cgroup_id": 9645,
      "wait_duration_stats_ns": {
        "count": 1.0,
        "sum": 9182.0,
        "mean": 9182.0,
        "median": 9182.0,
        "min": 9182,
        "max": 9182,
        "variance_ns2": null,
        "iqr_ns": 0.0,
        "q1_ns": 9182.0,
        "q3_ns": 9182.0
      },
      "futex_op_counts": {
        "128": 1
      },
      "first_seen_ts_ns": 467340397289,
      "last_seen_ts_ns": 467340397289
    },
    {
      "tgid": 10418,
      "comm": "lmp",
      "cgroup_id": 9645,
      "wait_duration_stats_ns": {
        "count": 1.0,
        "sum": 8998.0,
        "mean": 8998.0,
        "median": 8998.0,
        "min": 8998,
        "max": 8998,
        "variance_ns2": null,
        "iqr_ns": 0.0,
        "q1_ns": 8998.0,
        "q3_ns": 8998.0
      },
      "futex_op_counts": {
        "128": 1
      },
      "first_seen_ts_ns": 467340171081,
      "last_seen_ts_ns": 467340171081
    },
    {
      "tgid": 11391,
      "comm": "lmp",
      "cgroup_id": 9645,
      "wait_duration_stats_ns": {
        "count": 1.0,
        "sum": 8836.0,
        "mean": 8836.0,
        "median": 8836.0,
        "min": 8836,
        "max": 8836,
        "variance_ns2": null,
        "iqr_ns": 0.0,
        "q1_ns": 8836.0,
        "q3_ns": 8836.0
      },
      "futex_op_counts": {
        "128": 1
      },
      "first_seen_ts_ns": 690314817410,
      "last_seen_ts_ns": 690314817410
    },
    {
      "tgid": 10993,
      "comm": "lmp",
      "cgroup_id": 9645,
      "wait_duration_stats_ns": {
        "count": 1.0,
        "sum": 8821.0,
        "mean": 8821.0,
        "median": 8821.0,
        "min": 8821,
        "max": 8821,
        "variance_ns2": null,
        "iqr_ns": 0.0,
        "q1_ns": 8821.0,
        "q3_ns": 8821.0
      },
      "futex_op_counts": {
        "128": 1
      },
      "first_seen_ts_ns": 580816928250,
      "last_seen_ts_ns": 580816928250
    },
    {
      "tgid": 11302,
      "comm": "lmp",
      "cgroup_id": 9645,
      "wait_duration_stats_ns": {
        "count": 1.0,
        "sum": 8529.0,
        "mean": 8529.0,
        "median": 8529.0,
        "min": 8529,
        "max": 8529,
        "variance_ns2": null,
        "iqr_ns": 0.0,
        "q1_ns": 8529.0,
        "q3_ns": 8529.0
      },
      "futex_op_counts": {
        "128": 1
      },
      "first_seen_ts_ns": 690315443158,
      "last_seen_ts_ns": 690315443158
    },
    {
      "tgid": 10422,
      "comm": "lmp",
      "cgroup_id": 9645,
      "wait_duration_stats_ns": {
        "count": 1.0,
        "sum": 8343.0,
        "mean": 8343.0,
        "median": 8343.0,
        "min": 8343,
        "max": 8343,
        "variance_ns2": null,
        "iqr_ns": 0.0,
        "q1_ns": 8343.0,
        "q3_ns": 8343.0
      },
      "futex_op_counts": {
        "128": 1
      },
      "first_seen_ts_ns": 467340402217,
      "last_seen_ts_ns": 467340402217
    },
    {
      "tgid": 10989,
      "comm": "lmp",
      "cgroup_id": 9645,
      "wait_duration_stats_ns": {
        "count": 1.0,
        "sum": 8309.0,
        "mean": 8309.0,
        "median": 8309.0,
        "min": 8309,
        "max": 8309,
        "variance_ns2": null,
        "iqr_ns": 0.0,
        "q1_ns": 8309.0,
        "q3_ns": 8309.0
      },
      "futex_op_counts": {
        "128": 1
      },
      "first_seen_ts_ns": 580817036279,
      "last_seen_ts_ns": 580817036279
    },
    {
      "tgid": 10444,
      "comm": "lmp",
      "cgroup_id": 9645,
      "wait_duration_stats_ns": {
        "count": 1.0,
        "sum": 8284.0,
        "mean": 8284.0,
        "median": 8284.0,
        "min": 8284,
        "max": 8284,
        "variance_ns2": null,
        "iqr_ns": 0.0,
        "q1_ns": 8284.0,
        "q3_ns": 8284.0
      },
      "futex_op_counts": {
        "128": 1
      },
      "first_seen_ts_ns": 467375621526,
      "last_seen_ts_ns": 467375621526
    },
    {
      "tgid": 10404,
      "comm": "lmp",
      "cgroup_id": 9645,
      "wait_duration_stats_ns": {
        "count": 1.0,
        "sum": 8087.0,
        "mean": 8087.0,
        "median": 8087.0,
        "min": 8087,
        "max": 8087,
        "variance_ns2": null,
        "iqr_ns": 0.0,
        "q1_ns": 8087.0,
        "q3_ns": 8087.0
      },
      "futex_op_counts": {
        "128": 1
      },
      "first_seen_ts_ns": 467339972095,
      "last_seen_ts_ns": 467339972095
    },
    {
      "tgid": 11389,
      "comm": "lmp",
      "cgroup_id": 9645,
      "wait_duration_stats_ns": {
        "count": 1.0,
        "sum": 7837.0,
        "mean": 7837.0,
        "median": 7837.0,
        "min": 7837,
        "max": 7837,
        "variance_ns2": null,
        "iqr_ns": 0.0,
        "q1_ns": 7837.0,
        "q3_ns": 7837.0
      },
      "futex_op_counts": {
        "128": 1
      },
      "first_seen_ts_ns": 690314350859,
      "last_seen_ts_ns": 690314350859
    },
    {
      "tgid": 11297,
      "comm": "lmp",
      "cgroup_id": 9645,
      "wait_duration_stats_ns": {
        "count": 1.0,
        "sum": 7725.0,
        "mean": 7725.0,
        "median": 7725.0,
        "min": 7725,
        "max": 7725,
        "variance_ns2": null,
        "iqr_ns": 0.0,
        "q1_ns": 7725.0,
        "q3_ns": 7725.0
      },
      "futex_op_counts": {
        "128": 1
      },
      "first_seen_ts_ns": 690315427263,
      "last_seen_ts_ns": 690315427263
    },
    {
      "tgid": 10456,
      "comm": "lmp",
      "cgroup_id": 9645,
      "wait_duration_stats_ns": {
        "count": 1.0,
        "sum": 7633.0,
        "mean": 7633.0,
        "median": 7633.0,
        "min": 7633,
        "max": 7633,
        "variance_ns2": null,
        "iqr_ns": 0.0,
        "q1_ns": 7633.0,
        "q3_ns": 7633.0
      },
      "futex_op_counts": {
        "128": 1
      },
      "first_seen_ts_ns": 467329394155,
      "last_seen_ts_ns": 467329394155
    },
    {
      "tgid": 11423,
      "comm": "lmp",
      "cgroup_id": 9645,
      "wait_duration_stats_ns": {
        "count": 1.0,
        "sum": 7487.0,
        "mean": 7487.0,
        "median": 7487.0,
        "min": 7487,
        "max": 7487,
        "variance_ns2": null,
        "iqr_ns": 0.0,
        "q1_ns": 7487.0,
        "q3_ns": 7487.0
      },
      "futex_op_counts": {
        "128": 1
      },
      "first_seen_ts_ns": 690314954080,
      "last_seen_ts_ns": 690314954080
    },
    {
      "tgid": 10472,
      "comm": "lmp",
      "cgroup_id": 9645,
      "wait_duration_stats_ns": {
        "count": 1.0,
        "sum": 7062.0,
        "mean": 7062.0,
        "median": 7062.0,
        "min": 7062,
        "max": 7062,
        "variance_ns2": null,
        "iqr_ns": 0.0,
        "q1_ns": 7062.0,
        "q3_ns": 7062.0
      },
      "futex_op_counts": {
        "128": 1
      },
      "first_seen_ts_ns": 467325524148,
      "last_seen_ts_ns": 467325524148
    },
    {
      "tgid": 10432,
      "comm": "lmp",
      "cgroup_id": 9645,
      "wait_duration_stats_ns": {
        "count": 1.0,
        "sum": 7003.0,
        "mean": 7003.0,
        "median": 7003.0,
        "min": 7003,
        "max": 7003,
        "variance_ns2": null,
        "iqr_ns": 0.0,
        "q1_ns": 7003.0,
        "q3_ns": 7003.0
      },
      "futex_op_counts": {
        "128": 1
      },
      "first_seen_ts_ns": 467340281932,
      "last_seen_ts_ns": 467340281932
    },
    {
      "tgid": 834,
      "comm": "multipathd",
      "cgroup_id": 1702,
      "wait_duration_stats_ns": {
        "count": 2.0,
        "sum": 3102.0,
        "mean": 1551.0,
        "median": 1730.0,
        "min": 1372,
        "max": 1730,
        "variance_ns2": 64082.0,
        "iqr_ns": 358.0,
        "q1_ns": 1372.0,
        "q3_ns": 1730.0
      },
      "futex_op_counts": {
        "128": 2
      },
      "first_seen_ts_ns": 441616193226,
      "last_seen_ts_ns": 582624354969
    }
  ]
}
[23:00:43] Cleanup complete.
