unlimited
Looking for /opt/programs/futex-model/ebpf-collect.c
[22:54:54] Starting eBPF (Tracepoints for futex syscalls).
[22:54:55] BPF program loaded and tracepoints automatically attached.
[22:54:55] Start Indicator file defined '/mnt/flux/start_ebpf_collection'. Waiting.
[22:55:06] Start indicator found. Proceeding.
[22:55:06] Ring buffers opened. Polling for events...
[23:00:43] 
Indicator file '/mnt/flux/stop_ebpf_collection' found. Stopping.
[23:00:43] Cleaning up BPF resources...
{
  "final_aggregated_futex_summary_river": [
    {
      "tgid": 8454,
      "comm": "fluent-bit-gke-",
      "cgroup_id": 8848,
      "wait_duration_stats_ns": {
        "count": 15961.0,
        "sum": 22438101591560.02,
        "mean": 1405808006.4883165,
        "median": 538705.707927782,
        "min": 453,
        "max": 113335102601,
        "variance_ns2": 8.698760993752842e+19,
        "iqr_ns": 15943156.940249601,
        "q1_ns": 50955.01624113698,
        "q3_ns": 15994111.956490738
      },
      "futex_op_counts": {
        "128": 15961
      },
      "first_seen_ts_ns": 348018805009,
      "last_seen_ts_ns": 694565379015
    },
    {
      "tgid": 3791,
      "comm": "kubelet",
      "cgroup_id": 6640,
      "wait_duration_stats_ns": {
        "count": 29695.0,
        "sum": 10966474680044.107,
        "mean": 369303744.0661427,
        "median": 13980508.793071365,
        "min": 506,
        "max": 149093706054,
        "variance_ns2": 1.8207839580668264e+19,
        "iqr_ns": 60707388.071146734,
        "q1_ns": 983108.1023357554,
        "q3_ns": 61690496.17348249
      },
      "futex_op_counts": {
        "128": 29695
      },
      "first_seen_ts_ns": 347548579200,
      "last_seen_ts_ns": 695824259949
    },
    {
      "tgid": 3602,
      "comm": "containerd",
      "cgroup_id": 6520,
      "wait_duration_stats_ns": {
        "count": 141983.0,
        "sum": 10241314976824.98,
        "mean": 72130571.80665982,
        "median": 145669.49742294906,
        "min": 461,
        "max": 251191329907,
        "variance_ns2": 4.341500999123902e+18,
        "iqr_ns": 1280558.1982206271,
        "q1_ns": 51373.62807785999,
        "q3_ns": 1331931.8262984871
      },
      "futex_op_counts": {
        "128": 141983
      },
      "first_seen_ts_ns": 347614720865,
      "last_seen_ts_ns": 695863256216
    },
    {
      "tgid": 1732,
      "comm": "google_osconfig",
      "cgroup_id": 4234,
      "wait_duration_stats_ns": {
        "count": 365.0,
        "sum": 3378813202240.9976,
        "mean": 9257022471.893145,
        "median": 232631766.53489944,
        "min": 1190,
        "max": 120048641028,
        "variance_ns2": 7.366868728377808e+20,
        "iqr_ns": 4766798937.690364,
        "q1_ns": 69492896.67325422,
        "q3_ns": 4836291834.363618
      },
      "futex_op_counts": {
        "128": 365
      },
      "first_seen_ts_ns": 360713040561,
      "last_seen_ts_ns": 695734521602
    },
    {
      "tgid": 7548,
      "comm": "prometheus",
      "cgroup_id": 8058,
      "wait_duration_stats_ns": {
        "count": 16672.0,
        "sum": 2877031750341.9966,
        "mean": 172566683.68174163,
        "median": 44708418.614562936,
        "min": 531,
        "max": 120026999128,
        "variance_ns2": 9.506633334044365e+18,
        "iqr_ns": 10140436.710185558,
        "q1_ns": 40016369.14984168,
        "q3_ns": 50156805.86002724
      },
      "futex_op_counts": {
        "128": 16672
      },
      "first_seen_ts_ns": 347522320157,
      "last_seen_ts_ns": 695818370457
    },
    {
      "tgid": 7917,
      "comm": "csi-node-driver",
      "cgroup_id": 8611,
      "wait_duration_stats_ns": {
        "count": 104.0,
        "sum": 2774331470765.001,
        "mean": 26676264141.971165,
        "median": 799786101.010983,
        "min": 1580,
        "max": 241306457671,
        "variance_ns2": 2.881584197932539e+21,
        "iqr_ns": 38499307242.88249,
        "q1_ns": 1072138.6992937543,
        "q3_ns": 38500379381.58179
      },
      "futex_op_counts": {
        "128": 104
      },
      "first_seen_ts_ns": 429385670102,
      "last_seen_ts_ns": 670693224071
    },
    {
      "tgid": 7832,
      "comm": "containerd-shim",
      "cgroup_id": 6520,
      "wait_duration_stats_ns": {
        "count": 2739.0,
        "sum": 2535387843526.9985,
        "mean": 925661863.2811239,
        "median": 801251.5734144843,
        "min": 407,
        "max": 195550564386,
        "variance_ns2": 1.950349823363044e+19,
        "iqr_ns": 21869833.684643872,
        "q1_ns": 107040.1867261362,
        "q3_ns": 21976873.87137001
      },
      "futex_op_counts": {
        "128": 2739
      },
      "first_seen_ts_ns": 361344502047,
      "last_seen_ts_ns": 694006044323
    },
    {
      "tgid": 7651,
      "comm": "config-reloader",
      "cgroup_id": 8137,
      "wait_duration_stats_ns": {
        "count": 239.0,
        "sum": 2298074923744.001,
        "mean": 9615376249.9749,
        "median": 1280532577.7780411,
        "min": 965,
        "max": 180002022474,
        "variance_ns2": 4.930657529554782e+20,
        "iqr_ns": 8250209030.926702,
        "q1_ns": 21286691.377582762,
        "q3_ns": 8271495722.304284
      },
      "futex_op_counts": {
        "128": 239
      },
      "first_seen_ts_ns": 363539357795,
      "last_seen_ts_ns": 693815499247
    },
    {
      "tgid": 4241,
      "comm": "kube-proxy",
      "cgroup_id": 7366,
      "wait_duration_stats_ns": {
        "count": 383.0,
        "sum": 1835324721278.9998,
        "mean": 4791970551.642297,
        "median": 1833186883.7084775,
        "min": 892,
        "max": 156140308900,
        "variance_ns2": 1.2523106986788707e+20,
        "iqr_ns": 4867311523.698738,
        "q1_ns": 121370529.13951392,
        "q3_ns": 4988682052.838252
      },
      "futex_op_counts": {
        "128": 383
      },
      "first_seen_ts_ns": 360483229234,
      "last_seen_ts_ns": 695486066490
    },
    {
      "tgid": 3854,
      "comm": "node-problem-de",
      "cgroup_id": 6700,
      "wait_duration_stats_ns": {
        "count": 1376.0,
        "sum": 1757150109021.0012,
        "mean": 1276998625.7420068,
        "median": 768178965.624613,
        "min": 905,
        "max": 119907719109,
        "variance_ns2": 3.3782715776228786e+19,
        "iqr_ns": 964581588.7801112,
        "q1_ns": 35470404.56981492,
        "q3_ns": 1000051993.3499261
      },
      "futex_op_counts": {
        "128": 1376
      },
      "first_seen_ts_ns": 348624654350,
      "last_seen_ts_ns": 695624817789
    },
    {
      "tgid": 6895,
      "comm": "containerd-shim",
      "cgroup_id": 6520,
      "wait_duration_stats_ns": {
        "count": 772.0,
        "sum": 1687688970897.001,
        "mean": 2186125609.9702086,
        "median": 10501596.311090719,
        "min": 463,
        "max": 45735718427,
        "variance_ns2": 2.6002912329677885e+19,
        "iqr_ns": 2112995807.5252538,
        "q1_ns": 337765.8606339217,
        "q3_ns": 2113333573.3858876
      },
      "futex_op_counts": {
        "128": 772
      },
      "first_seen_ts_ns": 348885679719,
      "last_seen_ts_ns": 694003045948
    },
    {
      "tgid": 6879,
      "comm": "containerd-shim",
      "cgroup_id": 6520,
      "wait_duration_stats_ns": {
        "count": 1073.0,
        "sum": 1677507226150.9985,
        "mean": 1563380453.0764198,
        "median": 2650352.883537458,
        "min": 526,
        "max": 44441845565,
        "variance_ns2": 1.7631185011201563e+19,
        "iqr_ns": 729548691.028398,
        "q1_ns": 606388.4827854617,
        "q3_ns": 730155079.5111835
      },
      "futex_op_counts": {
        "128": 1073
      },
      "first_seen_ts_ns": 348881842002,
      "last_seen_ts_ns": 694006503659
    },
    {
      "tgid": 7171,
      "comm": "containerd-shim",
      "cgroup_id": 6520,
      "wait_duration_stats_ns": {
        "count": 788.0,
        "sum": 1672911164309.0,
        "mean": 2122983711.0520303,
        "median": 9988159.716050945,
        "min": 533,
        "max": 44722848577,
        "variance_ns2": 2.2444174411151507e+19,
        "iqr_ns": 3609698496.3514805,
        "q1_ns": 212536.32236058777,
        "q3_ns": 3609911032.673841
      },
      "futex_op_counts": {
        "128": 788
      },
      "first_seen_ts_ns": 361339543187,
      "last_seen_ts_ns": 694002496644
    },
    {
      "tgid": 4170,
      "comm": "containerd-shim",
      "cgroup_id": 6520,
      "wait_duration_stats_ns": {
        "count": 446.0,
        "sum": 1641997410550.9988,
        "mean": 3681608543.8363204,
        "median": 1363475385.3274667,
        "min": 530,
        "max": 59996022300,
        "variance_ns2": 4.709303752132508e+19,
        "iqr_ns": 4847894326.923601,
        "q1_ns": 9854478.134401485,
        "q3_ns": 4857748805.058002
      },
      "futex_op_counts": {
        "128": 446
      },
      "first_seen_ts_ns": 361341899268,
      "last_seen_ts_ns": 694001438796
    },
    {
      "tgid": 8769,
      "comm": "containerd-shim",
      "cgroup_id": 6520,
      "wait_duration_stats_ns": {
        "count": 191355.0,
        "sum": 1615739700910.0137,
        "mean": 8443676.417705383,
        "median": 106069.3245942494,
        "min": 378,
        "max": 44007512897,
        "variance_ns2": 4.211329509676927e+16,
        "iqr_ns": 628732.9273213812,
        "q1_ns": 36051.974656312974,
        "q3_ns": 664784.9019776941
      },
      "futex_op_counts": {
        "128": 191355
      },
      "first_seen_ts_ns": 347614639214,
      "last_seen_ts_ns": 695863315309
    },
    {
      "tgid": 2778,
      "comm": "dockerd",
      "cgroup_id": 6400,
      "wait_duration_stats_ns": {
        "count": 134.0,
        "sum": 1329443942889.0,
        "mean": 9921223454.395523,
        "median": 8788333208.051432,
        "min": 1577,
        "max": 129994697741,
        "variance_ns2": 4.993448775663387e+20,
        "iqr_ns": 9924012461.284857,
        "q1_ns": 116486765.89041111,
        "q3_ns": 10040499227.175268
      },
      "futex_op_counts": {
        "128": 134
      },
      "first_seen_ts_ns": 363433260776,
      "last_seen_ts_ns": 693443135372
    },
    {
      "tgid": 1731,
      "comm": "google_guest_ag",
      "cgroup_id": 4174,
      "wait_duration_stats_ns": {
        "count": 275.0,
        "sum": 1270258854845.9998,
        "mean": 4619123108.530909,
        "median": 3868453897.911253,
        "min": 577,
        "max": 60020633108,
        "variance_ns2": 1.2053166915195956e+20,
        "iqr_ns": 4376313900.025898,
        "q1_ns": 481267390.9176552,
        "q3_ns": 4857581290.943553
      },
      "futex_op_counts": {
        "128": 275
      },
      "first_seen_ts_ns": 360725012564,
      "last_seen_ts_ns": 691532902765
    },
    {
      "tgid": 8545,
      "comm": "main",
      "cgroup_id": 8927,
      "wait_duration_stats_ns": {
        "count": 291.0,
        "sum": 989361254856.9998,
        "mean": 3399866855.1786933,
        "median": 2410446679.1867995,
        "min": 1090,
        "max": 59983531200,
        "variance_ns2": 5.804961166287367e+19,
        "iqr_ns": 4992913098.228236,
        "q1_ns": 21173948.48648611,
        "q3_ns": 5014087046.714723
      },
      "futex_op_counts": {
        "128": 291
      },
      "first_seen_ts_ns": 359619931574,
      "last_seen_ts_ns": 694624276161
    },
    {
      "tgid": 7744,
      "comm": "main",
      "cgroup_id": 8295,
      "wait_duration_stats_ns": {
        "count": 529.0,
        "sum": 968974626333.0009,
        "mean": 1831710068.6824212,
        "median": 38800934.510010526,
        "min": 637,
        "max": 59967840829,
        "variance_ns2": 3.691046425722812e+19,
        "iqr_ns": 3830878686.238164,
        "q1_ns": 1605166.3768243506,
        "q3_ns": 3832483852.6149883
      },
      "futex_op_counts": {
        "128": 529
      },
      "first_seen_ts_ns": 362486075809,
      "last_seen_ts_ns": 692497258464
    },
    {
      "tgid": 7708,
      "comm": "otelsvc",
      "cgroup_id": 8216,
      "wait_duration_stats_ns": {
        "count": 1130.0,
        "sum": 643728662558.9983,
        "mean": 569671382.7955737,
        "median": 449761053.056298,
        "min": 11557,
        "max": 61401752566,
        "variance_ns2": 1.2371356727078457e+19,
        "iqr_ns": 467697786.68676025,
        "q1_ns": 22679801.20407015,
        "q3_ns": 490377587.8908304
      },
      "futex_op_counts": {
        "128": 1130
      },
      "first_seen_ts_ns": 347958462214,
      "last_seen_ts_ns": 695458461501
    },
    {
      "tgid": 8258,
      "comm": "gce-pd-csi-driv",
      "cgroup_id": 8690,
      "wait_duration_stats_ns": {
        "count": 592.0,
        "sum": 454135650649.9998,
        "mean": 767121031.503378,
        "median": 589915782.4828548,
        "min": 179821060,
        "max": 119999835442,
        "variance_ns2": 2.410311444038721e+19,
        "iqr_ns": 130680.01145553589,
        "q1_ns": 589798343.1727253,
        "q3_ns": 589929023.1841809
      },
      "futex_op_counts": {
        "128": 592
      },
      "first_seen_ts_ns": 348202939636,
      "last_seen_ts_ns": 695813041803
    },
    {
      "tgid": 11511,
      "comm": "log-counter",
      "cgroup_id": 6700,
      "wait_duration_stats_ns": {
        "count": 911.0,
        "sum": 11546999950.0,
        "mean": 12675082.272228321,
        "median": 238653.10444376245,
        "min": 503,
        "max": 1233983332,
        "variance_ns2": 1.1463525764310242e+16,
        "iqr_ns": 808418.9732556448,
        "q1_ns": 156755.48648714792,
        "q3_ns": 965174.4597427926
      },
      "futex_op_counts": {
        "128": 911
      },
      "first_seen_ts_ns": 640680069674,
      "last_seen_ts_ns": 641914291396
    },
    {
      "tgid": 11490,
      "comm": "log-counter",
      "cgroup_id": 6700,
      "wait_duration_stats_ns": {
        "count": 656.0,
        "sum": 10953087354.999998,
        "mean": 16696779.504573168,
        "median": 287591.66240403225,
        "min": 3475,
        "max": 1349889100,
        "variance_ns2": 1.5561146819564036e+16,
        "iqr_ns": 1605873.3238580846,
        "q1_ns": 160917.7830666648,
        "q3_ns": 1766791.1069247494
      },
      "futex_op_counts": {
        "128": 656
      },
      "first_seen_ts_ns": 639678722456,
      "last_seen_ts_ns": 641028851936
    },
    {
      "tgid": 11533,
      "comm": "log-counter",
      "cgroup_id": 6700,
      "wait_duration_stats_ns": {
        "count": 764.0,
        "sum": 10577048209.0,
        "mean": 13844303.938481675,
        "median": 259075.21783044917,
        "min": 390,
        "max": 1244438619,
        "variance_ns2": 1.245662441203766e+16,
        "iqr_ns": 1527096.2993734302,
        "q1_ns": 85904.64089483816,
        "q3_ns": 1613000.9402682683
      },
      "futex_op_counts": {
        "128": 764
      },
      "first_seen_ts_ns": 641917954643,
      "last_seen_ts_ns": 643162679029
    },
    {
      "tgid": 11482,
      "comm": "log-counter",
      "cgroup_id": 6700,
      "wait_duration_stats_ns": {
        "count": 23.0,
        "sum": 5099312205.0,
        "mean": 221709226.3043478,
        "median": 45016355.549027294,
        "min": 12800,
        "max": 1026818474,
        "variance_ns2": 1.573545274841608e+17,
        "iqr_ns": 198205654.43829116,
        "q1_ns": 2256403.1135929227,
        "q3_ns": 200462057.55188408
      },
      "futex_op_counts": {
        "128": 23
      },
      "first_seen_ts_ns": 639645059707,
      "last_seen_ts_ns": 640672085138
    },
    {
      "tgid": 11526,
      "comm": "log-counter",
      "cgroup_id": 6700,
      "wait_duration_stats_ns": {
        "count": 20.0,
        "sum": 5028087445.0,
        "mean": 251404372.25,
        "median": 18601648.633854166,
        "min": 32539,
        "max": 1006686768,
        "variance_ns2": 1.9603257184834186e+17,
        "iqr_ns": 180760257.32239306,
        "q1_ns": 918619.875,
        "q3_ns": 181678877.19739306
      },
      "futex_op_counts": {
        "128": 20
      },
      "first_seen_ts_ns": 641060774435,
      "last_seen_ts_ns": 642075031778
    },
    {
      "tgid": 11505,
      "comm": "log-counter",
      "cgroup_id": 6700,
      "wait_duration_stats_ns": {
        "count": 12.0,
        "sum": 4107670060.9999995,
        "mean": 342305838.4166666,
        "median": 61555955.875,
        "min": 12660,
        "max": 1032272280,
        "variance_ns2": 2.0715132851343018e+17,
        "iqr_ns": 297705582.6545139,
        "q1_ns": 9813675.88888889,
        "q3_ns": 307519258.5434028
      },
      "futex_op_counts": {
        "128": 12
      },
      "first_seen_ts_ns": 639987027673,
      "last_seen_ts_ns": 641004033719
    },
    {
      "tgid": 10679,
      "comm": "kubectl",
      "cgroup_id": 6580,
      "wait_duration_stats_ns": {
        "count": 656.0,
        "sum": 3141453908.0000005,
        "mean": 4788801.689024391,
        "median": 219276.09053468835,
        "min": 649,
        "max": 452485351,
        "variance_ns2": 824482344672914.6,
        "iqr_ns": 2108134.183160532,
        "q1_ns": 94984.50366940303,
        "q3_ns": 2203118.686829935
      },
      "futex_op_counts": {
        "128": 656
      },
      "first_seen_ts_ns": 459054010456,
      "last_seen_ts_ns": 459520010151
    },
    {
      "tgid": 11045,
      "comm": "runc",
      "cgroup_id": 6520,
      "wait_duration_stats_ns": {
        "count": 324.0,
        "sum": 1684124879.0000014,
        "mean": 5197916.293209881,
        "median": 159062.2172585638,
        "min": 779,
        "max": 134089024,
        "variance_ns2": 542427201229334.06,
        "iqr_ns": 1080905.1692055855,
        "q1_ns": 27306.994388799423,
        "q3_ns": 1108212.163594385
      },
      "futex_op_counts": {
        "128": 324
      },
      "first_seen_ts_ns": 536001836782,
      "last_seen_ts_ns": 536229425024
    },
    {
      "tgid": 11455,
      "comm": "runc",
      "cgroup_id": 6520,
      "wait_duration_stats_ns": {
        "count": 324.0,
        "sum": 1105597114.0,
        "mean": 3412336.7716049384,
        "median": 128021.15918983523,
        "min": 4521,
        "max": 143088572,
        "variance_ns2": 274539680384738.62,
        "iqr_ns": 1148358.2674350955,
        "q1_ns": 28602.265506164546,
        "q3_ns": 1176960.5329412601
      },
      "futex_op_counts": {
        "128": 324
      },
      "first_seen_ts_ns": 636001115937,
      "last_seen_ts_ns": 636147248449
    },
    {
      "tgid": 11589,
      "comm": "runc",
      "cgroup_id": 6520,
      "wait_duration_stats_ns": {
        "count": 377.0,
        "sum": 985908975.0000001,
        "mean": 2615143.1697612735,
        "median": 84571.79470128586,
        "min": 9046,
        "max": 130995856,
        "variance_ns2": 245867232034053.62,
        "iqr_ns": 2259764.167733243,
        "q1_ns": 21804.67899868697,
        "q3_ns": 2281568.84673193
      },
      "futex_op_counts": {
        "128": 377
      },
      "first_seen_ts_ns": 666008012989,
      "last_seen_ts_ns": 666154020958
    },
    {
      "tgid": 11110,
      "comm": "runc",
      "cgroup_id": 6520,
      "wait_duration_stats_ns": {
        "count": 302.0,
        "sum": 902267626.0000001,
        "mean": 2987641.1456953646,
        "median": 151038.08419192984,
        "min": 560,
        "max": 111885063,
        "variance_ns2": 199912727780929.38,
        "iqr_ns": 1253635.1983855828,
        "q1_ns": 28469.1288980519,
        "q3_ns": 1282104.3272836346
      },
      "futex_op_counts": {
        "128": 302
      },
      "first_seen_ts_ns": 565999442943,
      "last_seen_ts_ns": 566118877040
    },
    {
      "tgid": 10644,
      "comm": "runc",
      "cgroup_id": 6520,
      "wait_duration_stats_ns": {
        "count": 262.0,
        "sum": 902055623.9999999,
        "mean": 3442960.3969465643,
        "median": 112611.60036262815,
        "min": 607,
        "max": 113823738,
        "variance_ns2": 289910390131474.5,
        "iqr_ns": 631559.7033647561,
        "q1_ns": 28345.200015158065,
        "q3_ns": 659904.9033799141
      },
      "futex_op_counts": {
        "128": 262
      },
      "first_seen_ts_ns": 456003092805,
      "last_seen_ts_ns": 456121945642
    },
    {
      "tgid": 11132,
      "comm": "runc",
      "cgroup_id": 6520,
      "wait_duration_stats_ns": {
        "count": 324.0,
        "sum": 847996980.0,
        "mean": 2617274.6296296297,
        "median": 87175.20604660921,
        "min": 9267,
        "max": 121066481,
        "variance_ns2": 256732932006577.28,
        "iqr_ns": 481462.7493049154,
        "q1_ns": 19699.266234699528,
        "q3_ns": 501162.01553961495
      },
      "futex_op_counts": {
        "128": 324
      },
      "first_seen_ts_ns": 576003717428,
      "last_seen_ts_ns": 576128654403
    },
    {
      "tgid": 11090,
      "comm": "runc",
      "cgroup_id": 6520,
      "wait_duration_stats_ns": {
        "count": 304.0,
        "sum": 821360682.0000001,
        "mean": 2701844.348684211,
        "median": 99829.63032675855,
        "min": 647,
        "max": 134149235,
        "variance_ns2": 254587741654100.8,
        "iqr_ns": 724029.605980399,
        "q1_ns": 23399.02134090974,
        "q3_ns": 747428.6273213087
      },
      "futex_op_counts": {
        "128": 304
      },
      "first_seen_ts_ns": 556002014309,
      "last_seen_ts_ns": 556139251434
    },
    {
      "tgid": 11566,
      "comm": "runc",
      "cgroup_id": 6520,
      "wait_duration_stats_ns": {
        "count": 295.0,
        "sum": 811055242.9999999,
        "mean": 2749339.8067796608,
        "median": 117749.71190601672,
        "min": 9129,
        "max": 113035166,
        "variance_ns2": 247662809035012.94,
        "iqr_ns": 498558.8702252889,
        "q1_ns": 17669.03369759614,
        "q3_ns": 516227.9039228851
      },
      "futex_op_counts": {
        "128": 295
      },
      "first_seen_ts_ns": 656007010562,
      "last_seen_ts_ns": 656123794939
    },
    {
      "tgid": 11611,
      "comm": "runc",
      "cgroup_id": 6520,
      "wait_duration_stats_ns": {
        "count": 254.0,
        "sum": 795295838.9999999,
        "mean": 3131085.9803149602,
        "median": 139969.99922753364,
        "min": 11228,
        "max": 109730978,
        "variance_ns2": 265289505354855.9,
        "iqr_ns": 1911778.2047263756,
        "q1_ns": 26044.876658447552,
        "q3_ns": 1937823.0813848232
      },
      "futex_op_counts": {
        "128": 254
      },
      "first_seen_ts_ns": 676002010937,
      "last_seen_ts_ns": 676116135907
    },
    {
      "tgid": 10599,
      "comm": "runc",
      "cgroup_id": 6520,
      "wait_duration_stats_ns": {
        "count": 313.0,
        "sum": 773640182.0,
        "mean": 2471693.872204473,
        "median": 90469.3417724765,
        "min": 504,
        "max": 111661262,
        "variance_ns2": 189674915499069.38,
        "iqr_ns": 505869.2608488491,
        "q1_ns": 20404.35519725338,
        "q3_ns": 526273.6160461025
      },
      "futex_op_counts": {
        "128": 313
      },
      "first_seen_ts_ns": 436002383495,
      "last_seen_ts_ns": 436117122627
    },
    {
      "tgid": 11069,
      "comm": "runc",
      "cgroup_id": 6520,
      "wait_duration_stats_ns": {
        "count": 251.0,
        "sum": 767744798.9999999,
        "mean": 3058744.2191235055,
        "median": 165855.37698050664,
        "min": 7116,
        "max": 104480422,
        "variance_ns2": 254192243832586.84,
        "iqr_ns": 2150879.380834044,
        "q1_ns": 25537.20806182221,
        "q3_ns": 2176416.588895866
      },
      "futex_op_counts": {
        "128": 251
      },
      "first_seen_ts_ns": 546003022134,
      "last_seen_ts_ns": 546113615090
    },
    {
      "tgid": 10704,
      "comm": "runc",
      "cgroup_id": 6520,
      "wait_duration_stats_ns": {
        "count": 350.0,
        "sum": 760343901.0,
        "mean": 2172411.145714286,
        "median": 126485.2680306464,
        "min": 6986,
        "max": 107936237,
        "variance_ns2": 142962826085379.03,
        "iqr_ns": 633442.7720970844,
        "q1_ns": 31097.073485364024,
        "q3_ns": 664539.8455824484
      },
      "futex_op_counts": {
        "128": 350
      },
      "first_seen_ts_ns": 465998923785,
      "last_seen_ts_ns": 466111242469
    },
    {
      "tgid": 10575,
      "comm": "runc",
      "cgroup_id": 6520,
      "wait_duration_stats_ns": {
        "count": 388.0,
        "sum": 742584521.0,
        "mean": 1913877.6314432991,
        "median": 94393.42734877177,
        "min": 2188,
        "max": 107621277,
        "variance_ns2": 95583362923486.9,
        "iqr_ns": 676536.2569761623,
        "q1_ns": 21858.3878559218,
        "q3_ns": 698394.6448320841
      },
      "futex_op_counts": {
        "128": 388
      },
      "first_seen_ts_ns": 426000033991,
      "last_seen_ts_ns": 426112906103
    },
    {
      "tgid": 11633,
      "comm": "runc",
      "cgroup_id": 6520,
      "wait_duration_stats_ns": {
        "count": 254.0,
        "sum": 740966060.9999999,
        "mean": 2917189.2165354327,
        "median": 216760.4767273144,
        "min": 9499,
        "max": 96795177,
        "variance_ns2": 160181434182949.84,
        "iqr_ns": 2734327.1625873316,
        "q1_ns": 38194.65147741283,
        "q3_ns": 2772521.8140647444
      },
      "futex_op_counts": {
        "128": 254
      },
      "first_seen_ts_ns": 686004013121,
      "last_seen_ts_ns": 686107283358
    },
    {
      "tgid": 10997,
      "comm": "runc",
      "cgroup_id": 6520,
      "wait_duration_stats_ns": {
        "count": 346.0,
        "sum": 739627570.0,
        "mean": 2137651.936416185,
        "median": 68147.70777301714,
        "min": 560,
        "max": 106337676,
        "variance_ns2": 170761517038406.53,
        "iqr_ns": 341480.2114564535,
        "q1_ns": 18086.266811671834,
        "q3_ns": 359566.4782681253
      },
      "futex_op_counts": {
        "128": 346
      },
      "first_seen_ts_ns": 515999353657,
      "last_seen_ts_ns": 516110831471
    },
    {
      "tgid": 10622,
      "comm": "runc",
      "cgroup_id": 6520,
      "wait_duration_stats_ns": {
        "count": 237.0,
        "sum": 735366962.0000001,
        "mean": 3102814.1856540088,
        "median": 215521.3719663181,
        "min": 4280,
        "max": 98503402,
        "variance_ns2": 248347922653769.5,
        "iqr_ns": 2177107.345388619,
        "q1_ns": 28714.28905140642,
        "q3_ns": 2205821.634440026
      },
      "futex_op_counts": {
        "128": 237
      },
      "first_seen_ts_ns": 446002011157,
      "last_seen_ts_ns": 446109142774
    },
    {
      "tgid": 11434,
      "comm": "runc",
      "cgroup_id": 6520,
      "wait_duration_stats_ns": {
        "count": 329.0,
        "sum": 708124401.0,
        "mean": 2152353.802431611,
        "median": 76336.61175787418,
        "min": 910,
        "max": 101468462,
        "variance_ns2": 154867925639362.06,
        "iqr_ns": 376938.788406234,
        "q1_ns": 24228.782020564333,
        "q3_ns": 401167.5704267983
      },
      "futex_op_counts": {
        "128": 329
      },
      "first_seen_ts_ns": 626001797718,
      "last_seen_ts_ns": 626109698582
    },
    {
      "tgid": 10553,
      "comm": "runc",
      "cgroup_id": 6520,
      "wait_duration_stats_ns": {
        "count": 359.0,
        "sum": 616971950.0000001,
        "mean": 1718584.8189415045,
        "median": 71949.70374191877,
        "min": 9336,
        "max": 76603579,
        "variance_ns2": 97265171828031.11,
        "iqr_ns": 269184.0837702297,
        "q1_ns": 23939.253561681577,
        "q3_ns": 293123.3373319113
      },
      "futex_op_counts": {
        "128": 359
      },
      "first_seen_ts_ns": 416000129804,
      "last_seen_ts_ns": 416093016867
    },
    {
      "tgid": 11024,
      "comm": "runc",
      "cgroup_id": 6520,
      "wait_duration_stats_ns": {
        "count": 307.0,
        "sum": 613900184.0,
        "mean": 1999674.8664495114,
        "median": 108247.6012569777,
        "min": 10574,
        "max": 85279111,
        "variance_ns2": 125838467044160.2,
        "iqr_ns": 382442.59358973824,
        "q1_ns": 25218.19538421886,
        "q3_ns": 407660.7889739571
      },
      "futex_op_counts": {
        "128": 307
      },
      "first_seen_ts_ns": 525998617271,
      "last_seen_ts_ns": 526093803537
    },
    {
      "tgid": 11544,
      "comm": "runc",
      "cgroup_id": 6520,
      "wait_duration_stats_ns": {
        "count": 278.0,
        "sum": 612538924.0000001,
        "mean": 2203377.424460432,
        "median": 139220.45768327752,
        "min": 980,
        "max": 89266772,
        "variance_ns2": 115976855531573.12,
        "iqr_ns": 815291.5823849569,
        "q1_ns": 27644.10345137895,
        "q3_ns": 842935.6858363359
      },
      "futex_op_counts": {
        "128": 278
      },
      "first_seen_ts_ns": 645999054683,
      "last_seen_ts_ns": 646093021420
    },
    {
      "tgid": 11058,
      "comm": "runc:[2:INIT]",
      "cgroup_id": 8611,
      "wait_duration_stats_ns": {
        "count": 33.0,
        "sum": 582915236.0,
        "mean": 17664098.060606062,
        "median": 3154761.7183879036,
        "min": 14094,
        "max": 99240580,
        "variance_ns2": 987647554508986.9,
        "iqr_ns": 15320385.58275857,
        "q1_ns": 811128.7999670417,
        "q3_ns": 16131514.382725611
      },
      "futex_op_counts": {
        "128": 33
      },
      "first_seen_ts_ns": 536111014436,
      "last_seen_ts_ns": 536229440516
    },
    {
      "tgid": 10532,
      "comm": "runc",
      "cgroup_id": 6520,
      "wait_duration_stats_ns": {
        "count": 305.0,
        "sum": 546516501.0,
        "mean": 1791857.380327869,
        "median": 114848.13843239956,
        "min": 755,
        "max": 80608366,
        "variance_ns2": 70125807894534.83,
        "iqr_ns": 904325.3141266819,
        "q1_ns": 25976.471977164732,
        "q3_ns": 930301.7861038466
      },
      "futex_op_counts": {
        "128": 305
      },
      "first_seen_ts_ns": 406009639235,
      "last_seen_ts_ns": 406095532013
    },
    {
      "tgid": 11600,
      "comm": "runc:[2:INIT]",
      "cgroup_id": 8611,
      "wait_duration_stats_ns": {
        "count": 28.0,
        "sum": 532652606.9999999,
        "mean": 19023307.392857138,
        "median": 1555201.190466098,
        "min": 2314,
        "max": 96003131,
        "variance_ns2": 1225832111907578.0,
        "iqr_ns": 20481507.756118257,
        "q1_ns": 46905.61270136767,
        "q3_ns": 20528413.368819624
      },
      "futex_op_counts": {
        "128": 28
      },
      "first_seen_ts_ns": 666040312113,
      "last_seen_ts_ns": 666152092419
    },
    {
      "tgid": 11143,
      "comm": "runc:[2:INIT]",
      "cgroup_id": 8611,
      "wait_duration_stats_ns": {
        "count": 32.0,
        "sum": 518576627.0000001,
        "mean": 16205519.593750004,
        "median": 4569464.439117609,
        "min": 13413,
        "max": 85970039,
        "variance_ns2": 794488362516403.8,
        "iqr_ns": 24272367.696235146,
        "q1_ns": 166161.3671510159,
        "q3_ns": 24438529.06338616
      },
      "futex_op_counts": {
        "128": 32
      },
      "first_seen_ts_ns": 576023083906,
      "last_seen_ts_ns": 576127731895
    },
    {
      "tgid": 11100,
      "comm": "runc:[2:INIT]",
      "cgroup_id": 8611,
      "wait_duration_stats_ns": {
        "count": 33.0,
        "sum": 511980065.00000006,
        "mean": 15514547.424242426,
        "median": 2930745.8354098727,
        "min": 13511,
        "max": 85921567,
        "variance_ns2": 843874399748576.1,
        "iqr_ns": 19622793.389515974,
        "q1_ns": 213877.72890210402,
        "q3_ns": 19836671.11841808
      },
      "futex_op_counts": {
        "128": 33
      },
      "first_seen_ts_ns": 556033043268,
      "last_seen_ts_ns": 556139079711
    },
    {
      "tgid": 11080,
      "comm": "runc:[2:INIT]",
      "cgroup_id": 8611,
      "wait_duration_stats_ns": {
        "count": 33.0,
        "sum": 459959367.99999994,
        "mean": 13938162.666666664,
        "median": 3120656.8175689997,
        "min": 9244,
        "max": 76627782,
        "variance_ns2": 639000124667728.1,
        "iqr_ns": 17635020.53484444,
        "q1_ns": 408885.67947164987,
        "q3_ns": 18043906.21431609
      },
      "futex_op_counts": {
        "128": 33
      },
      "first_seen_ts_ns": 546019680762,
      "last_seen_ts_ns": 546116075852
    },
    {
      "tgid": 10656,
      "comm": "runc:[2:INIT]",
      "cgroup_id": 8611,
      "wait_duration_stats_ns": {
        "count": 34.0,
        "sum": 447210562.00000006,
        "mean": 13153251.823529413,
        "median": 1896478.487478903,
        "min": 3575,
        "max": 76728605,
        "variance_ns2": 534394927139591.0,
        "iqr_ns": 6729075.279244249,
        "q1_ns": 892084.285734899,
        "q3_ns": 7621159.564979148
      },
      "futex_op_counts": {
        "128": 34
      },
      "first_seen_ts_ns": 456032013101,
      "last_seen_ts_ns": 456121711506
    },
    {
      "tgid": 10715,
      "comm": "runc:[2:INIT]",
      "cgroup_id": 8611,
      "wait_duration_stats_ns": {
        "count": 27.0,
        "sum": 443657613.00000006,
        "mean": 16431763.444444446,
        "median": 2394364.471864152,
        "min": 17504,
        "max": 77887807,
        "variance_ns2": 778174893874524.5,
        "iqr_ns": 17262714.75373831,
        "q1_ns": 114754.79065500692,
        "q3_ns": 17377469.544393316
      },
      "futex_op_counts": {
        "128": 27
      },
      "first_seen_ts_ns": 466017297568,
      "last_seen_ts_ns": 466110818793
    },
    {
      "tgid": 11122,
      "comm": "runc:[2:INIT]",
      "cgroup_id": 8611,
      "wait_duration_stats_ns": {
        "count": 32.0,
        "sum": 433525272.0,
        "mean": 13547664.75,
        "median": 974244.2995965427,
        "min": 16781,
        "max": 72196678,
        "variance_ns2": 621641380581493.6,
        "iqr_ns": 15010634.546636436,
        "q1_ns": 109328.51029007962,
        "q3_ns": 15119963.056926515
      },
      "futex_op_counts": {
        "128": 32
      },
      "first_seen_ts_ns": 566027061181,
      "last_seen_ts_ns": 566118080152
    },
    {
      "tgid": 11622,
      "comm": "runc:[2:INIT]",
      "cgroup_id": 8611,
      "wait_duration_stats_ns": {
        "count": 32.0,
        "sum": 425123549.0,
        "mean": 13285110.90625,
        "median": 1543828.2176595435,
        "min": 16162,
        "max": 74172903,
        "variance_ns2": 602278875932929.0,
        "iqr_ns": 13213536.055784632,
        "q1_ns": 104432.4639399056,
        "q3_ns": 13317968.519724537
      },
      "futex_op_counts": {
        "128": 32
      },
      "first_seen_ts_ns": 676026150131,
      "last_seen_ts_ns": 676116196577
    },
    {
      "tgid": 10611,
      "comm": "runc:[2:INIT]",
      "cgroup_id": 8611,
      "wait_duration_stats_ns": {
        "count": 30.0,
        "sum": 400795449.00000006,
        "mean": 13359848.300000003,
        "median": 1930042.8222403638,
        "min": 15259,
        "max": 68249752,
        "variance_ns2": 609903336653131.6,
        "iqr_ns": 20017460.472733106,
        "q1_ns": 101474.79702546298,
        "q3_ns": 20118935.26975857
      },
      "futex_op_counts": {
        "128": 30
      },
      "first_seen_ts_ns": 436033074115,
      "last_seen_ts_ns": 436117094939
    },
    {
      "tgid": 11577,
      "comm": "runc:[2:INIT]",
      "cgroup_id": 8611,
      "wait_duration_stats_ns": {
        "count": 26.0,
        "sum": 398250639.00000006,
        "mean": 15317332.269230772,
        "median": 2539933.3277444383,
        "min": 19525,
        "max": 81832689,
        "variance_ns2": 780240921474240.6,
        "iqr_ns": 14024005.751413489,
        "q1_ns": 422260.39500121435,
        "q3_ns": 14446266.146414703
      },
      "futex_op_counts": {
        "128": 26
      },
      "first_seen_ts_ns": 656024009806,
      "last_seen_ts_ns": 656126079124
    },
    {
      "tgid": 10634,
      "comm": "runc:[2:INIT]",
      "cgroup_id": 8611,
      "wait_duration_stats_ns": {
        "count": 29.0,
        "sum": 396920581.0,
        "mean": 13686916.586206896,
        "median": 4240853.498767219,
        "min": 3812,
        "max": 71258326,
        "variance_ns2": 436838578160792.8,
        "iqr_ns": 15211281.036666388,
        "q1_ns": 297549.054950134,
        "q3_ns": 15508830.091616523
      },
      "futex_op_counts": {
        "128": 29
      },
      "first_seen_ts_ns": 446030011691,
      "last_seen_ts_ns": 446109124082
    },
    {
      "tgid": 11445,
      "comm": "runc:[2:INIT]",
      "cgroup_id": 8611,
      "wait_duration_stats_ns": {
        "count": 34.0,
        "sum": 390075599.0,
        "mean": 11472811.735294119,
        "median": 3089360.821214496,
        "min": 21577,
        "max": 60985494,
        "variance_ns2": 338125865490247.2,
        "iqr_ns": 14125849.423043713,
        "q1_ns": 1166254.766812051,
        "q3_ns": 15292104.189855764
      },
      "futex_op_counts": {
        "128": 34
      },
      "first_seen_ts_ns": 626030033749,
      "last_seen_ts_ns": 626109701804
    },
    {
      "tgid": 11644,
      "comm": "runc:[2:INIT]",
      "cgroup_id": 8611,
      "wait_duration_stats_ns": {
        "count": 26.0,
        "sum": 389850495.0000001,
        "mean": 14994249.807692312,
        "median": 1417879.0746093695,
        "min": 22527,
        "max": 66915054,
        "variance_ns2": 631561245835106.2,
        "iqr_ns": 14643953.86085019,
        "q1_ns": 53172.38364197531,
        "q3_ns": 14697126.244492166
      },
      "futex_op_counts": {
        "128": 26
      },
      "first_seen_ts_ns": 686024349010,
      "last_seen_ts_ns": 686106986377
    },
    {
      "tgid": 10586,
      "comm": "runc:[2:INIT]",
      "cgroup_id": 8611,
      "wait_duration_stats_ns": {
        "count": 30.0,
        "sum": 374622801.0,
        "mean": 12487426.7,
        "median": 8718638.78133872,
        "min": 15834,
        "max": 60435365,
        "variance_ns2": 384814498889042.9,
        "iqr_ns": 18260776.685895156,
        "q1_ns": 312442.79353321576,
        "q3_ns": 18573219.479428373
      },
      "futex_op_counts": {
        "128": 30
      },
      "first_seen_ts_ns": 426029866815,
      "last_seen_ts_ns": 426109802412
    },
    {
      "tgid": 11467,
      "comm": "runc:[2:INIT]",
      "cgroup_id": 8611,
      "wait_duration_stats_ns": {
        "count": 23.0,
        "sum": 374396490.0,
        "mean": 16278108.260869564,
        "median": 3398081.095981582,
        "min": 6080,
        "max": 83704479,
        "variance_ns2": 947276697805368.5,
        "iqr_ns": 6197012.738613318,
        "q1_ns": 59751.10084876543,
        "q3_ns": 6256763.839462083
      },
      "futex_op_counts": {
        "128": 23
      },
      "first_seen_ts_ns": 636045284301,
      "last_seen_ts_ns": 636144899497
    },
    {
      "tgid": 11008,
      "comm": "runc:[2:INIT]",
      "cgroup_id": 8611,
      "wait_duration_stats_ns": {
        "count": 34.0,
        "sum": 372213397.00000006,
        "mean": 10947452.852941178,
        "median": 1575430.1730895557,
        "min": 678,
        "max": 61036862,
        "variance_ns2": 387227104355530.6,
        "iqr_ns": 9793054.826858819,
        "q1_ns": 98337.21958661708,
        "q3_ns": 9891392.046445435
      },
      "futex_op_counts": {
        "128": 34
      },
      "first_seen_ts_ns": 516029193690,
      "last_seen_ts_ns": 516110673627
    },
    {
      "tgid": 11555,
      "comm": "runc:[2:INIT]",
      "cgroup_id": 8611,
      "wait_duration_stats_ns": {
        "count": 31.0,
        "sum": 352017503.0,
        "mean": 11355403.322580645,
        "median": 3647649.863971762,
        "min": 963,
        "max": 60133765,
        "variance_ns2": 285157743291878.0,
        "iqr_ns": 16018122.40831812,
        "q1_ns": 565347.2945136216,
        "q3_ns": 16583469.702831741
      },
      "futex_op_counts": {
        "128": 31
      },
      "first_seen_ts_ns": 646013602187,
      "last_seen_ts_ns": 646092239050
    },
    {
      "tgid": 10564,
      "comm": "runc:[2:INIT]",
      "cgroup_id": 8611,
      "wait_duration_stats_ns": {
        "count": 30.0,
        "sum": 322281458.9999999,
        "mean": 10742715.299999997,
        "median": 3254927.986595731,
        "min": 2330,
        "max": 48308978,
        "variance_ns2": 295114138189131.75,
        "iqr_ns": 14317255.483012734,
        "q1_ns": 88332.52633192959,
        "q3_ns": 14405588.009344663
      },
      "futex_op_counts": {
        "128": 30
      },
      "first_seen_ts_ns": 416024828584,
      "last_seen_ts_ns": 416093086582
    },
    {
      "tgid": 11035,
      "comm": "runc:[2:INIT]",
      "cgroup_id": 8611,
      "wait_duration_stats_ns": {
        "count": 32.0,
        "sum": 307510034.0000001,
        "mean": 9609688.562500004,
        "median": 1167032.2874426064,
        "min": 717,
        "max": 47723822,
        "variance_ns2": 245429784471320.7,
        "iqr_ns": 13635434.537362298,
        "q1_ns": 59357.32356770834,
        "q3_ns": 13694791.860930007
      },
      "futex_op_counts": {
        "128": 32
      },
      "first_seen_ts_ns": 526028155297,
      "last_seen_ts_ns": 526093656547
    },
    {
      "tgid": 11357,
      "comm": "runc",
      "cgroup_id": 6520,
      "wait_duration_stats_ns": {
        "count": 359.0,
        "sum": 270139411.0,
        "mean": 752477.4679665738,
        "median": 55851.41104471547,
        "min": 597,
        "max": 39192426,
        "variance_ns2": 16157077157978.693,
        "iqr_ns": 228790.6522880197,
        "q1_ns": 15468.431592198245,
        "q3_ns": 244259.08388021792
      },
      "futex_op_counts": {
        "128": 359
      },
      "first_seen_ts_ns": 595998529904,
      "last_seen_ts_ns": 596040936421
    },
    {
      "tgid": 10952,
      "comm": "runc",
      "cgroup_id": 6520,
      "wait_duration_stats_ns": {
        "count": 399.0,
        "sum": 262730462.0,
        "mean": 658472.335839599,
        "median": 45699.79868398323,
        "min": 619,
        "max": 41655790,
        "variance_ns2": 14888173219995.246,
        "iqr_ns": 161834.77292829097,
        "q1_ns": 19096.555949162197,
        "q3_ns": 180931.32887745317
      },
      "futex_op_counts": {
        "128": 399
      },
      "first_seen_ts_ns": 495998017814,
      "last_seen_ts_ns": 496042763297
    },
    {
      "tgid": 11399,
      "comm": "runc",
      "cgroup_id": 6520,
      "wait_duration_stats_ns": {
        "count": 338.0,
        "sum": 257987347.00000003,
        "mean": 763276.1745562131,
        "median": 63991.12506935366,
        "min": 1192,
        "max": 43271301,
        "variance_ns2": 16909474039810.178,
        "iqr_ns": 197006.99217939406,
        "q1_ns": 28558.214657384207,
        "q3_ns": 225565.20683677826
      },
      "futex_op_counts": {
        "128": 338
      },
      "first_seen_ts_ns": 615999220743,
      "last_seen_ts_ns": 616042661766
    },
    {
      "tgid": 10543,
      "comm": "runc:[2:INIT]",
      "cgroup_id": 8611,
      "wait_duration_stats_ns": {
        "count": 31.0,
        "sum": 257986310.99999997,
        "mean": 8322139.064516128,
        "median": 2545696.5736009656,
        "min": 748,
        "max": 37058210,
        "variance_ns2": 142035814393239.78,
        "iqr_ns": 10887475.739155004,
        "q1_ns": 528299.1376282051,
        "q3_ns": 11415774.876783209
      },
      "futex_op_counts": {
        "128": 31
      },
      "first_seen_ts_ns": 406038086316,
      "last_seen_ts_ns": 406094725100
    },
    {
      "tgid": 10910,
      "comm": "runc",
      "cgroup_id": 6520,
      "wait_duration_stats_ns": {
        "count": 346.0,
        "sum": 240737793.99999997,
        "mean": 695773.9710982658,
        "median": 34223.680845394476,
        "min": 643,
        "max": 35586267,
        "variance_ns2": 19795462957906.977,
        "iqr_ns": 131283.44267886784,
        "q1_ns": 14968.669873210974,
        "q3_ns": 146252.11255207882
      },
      "futex_op_counts": {
        "128": 346
      },
      "first_seen_ts_ns": 475998113483,
      "last_seen_ts_ns": 476036676306
    },
    {
      "tgid": 10690,
      "comm": "gke-exec-auth-p",
      "cgroup_id": 6580,
      "wait_duration_stats_ns": {
        "count": 226.0,
        "sum": 234524619.0,
        "mean": 1037719.5530973452,
        "median": 187100.31112638794,
        "min": 732,
        "max": 27103414,
        "variance_ns2": 10410087412645.773,
        "iqr_ns": 2035122.0870957219,
        "q1_ns": 19332.98264272354,
        "q3_ns": 2054455.0697384453
      },
      "futex_op_counts": {
        "128": 226
      },
      "first_seen_ts_ns": 459322015037,
      "last_seen_ts_ns": 459375771080
    },
    {
      "tgid": 10506,
      "comm": "runc",
      "cgroup_id": 6520,
      "wait_duration_stats_ns": {
        "count": 362.0,
        "sum": 232759991.0,
        "mean": 642983.4005524862,
        "median": 31374.524477602456,
        "min": 7119,
        "max": 34498853,
        "variance_ns2": 17567644703832.53,
        "iqr_ns": 103609.6634234933,
        "q1_ns": 15556.8967972295,
        "q3_ns": 119166.56022072281
      },
      "futex_op_counts": {
        "128": 362
      },
      "first_seen_ts_ns": 395998207684,
      "last_seen_ts_ns": 396035712408
    },
    {
      "tgid": 10975,
      "comm": "runc",
      "cgroup_id": 6520,
      "wait_duration_stats_ns": {
        "count": 390.0,
        "sum": 228733406.99999997,
        "mean": 586495.9153846153,
        "median": 31129.045764124126,
        "min": 1907,
        "max": 33932157,
        "variance_ns2": 15757466145704.084,
        "iqr_ns": 118582.76251447824,
        "q1_ns": 14011.981947158487,
        "q3_ns": 132594.74446163673
      },
      "futex_op_counts": {
        "128": 390
      },
      "first_seen_ts_ns": 505998581632,
      "last_seen_ts_ns": 506035658244
    },
    {
      "tgid": 10461,
      "comm": "runc",
      "cgroup_id": 6520,
      "wait_duration_stats_ns": {
        "count": 387.0,
        "sum": 228546013.0,
        "mean": 590558.173126615,
        "median": 29280.558721760794,
        "min": 7539,
        "max": 33762330,
        "variance_ns2": 15916189626784.342,
        "iqr_ns": 120981.10631588235,
        "q1_ns": 13748.22833769262,
        "q3_ns": 134729.33465357497
      },
      "futex_op_counts": {
        "128": 387
      },
      "first_seen_ts_ns": 375998903166,
      "last_seen_ts_ns": 376035678766
    },
    {
      "tgid": 10439,
      "comm": "runc",
      "cgroup_id": 6520,
      "wait_duration_stats_ns": {
        "count": 374.0,
        "sum": 222960828.0,
        "mean": 596151.9465240642,
        "median": 32292.106200586364,
        "min": 1158,
        "max": 32862850,
        "variance_ns2": 15233990909235.086,
        "iqr_ns": 107298.59312136877,
        "q1_ns": 19413.987652802538,
        "q3_ns": 126712.5807741713
      },
      "futex_op_counts": {
        "128": 374
      },
      "first_seen_ts_ns": 365998671417,
      "last_seen_ts_ns": 366034650400
    },
    {
      "tgid": 10484,
      "comm": "runc",
      "cgroup_id": 6520,
      "wait_duration_stats_ns": {
        "count": 412.0,
        "sum": 221305125.0,
        "mean": 537148.3616504854,
        "median": 35583.302056114866,
        "min": 7448,
        "max": 37997344,
        "variance_ns2": 11494048259731.018,
        "iqr_ns": 136050.1000268494,
        "q1_ns": 15817.192997461452,
        "q3_ns": 151867.29302431084
      },
      "futex_op_counts": {
        "128": 412
      },
      "first_seen_ts_ns": 385998798078,
      "last_seen_ts_ns": 386039773560
    },
    {
      "tgid": 10932,
      "comm": "runc",
      "cgroup_id": 6520,
      "wait_duration_stats_ns": {
        "count": 396.0,
        "sum": 210366775.0,
        "mean": 531229.2297979798,
        "median": 33802.38887821947,
        "min": 8941,
        "max": 36207158,
        "variance_ns2": 14563742372837.3,
        "iqr_ns": 91298.43810050782,
        "q1_ns": 18143.941610447935,
        "q3_ns": 109442.37971095575
      },
      "futex_op_counts": {
        "128": 396
      },
      "first_seen_ts_ns": 485998381071,
      "last_seen_ts_ns": 486037642119
    },
    {
      "tgid": 11379,
      "comm": "runc",
      "cgroup_id": 6520,
      "wait_duration_stats_ns": {
        "count": 367.0,
        "sum": 177372268.00000006,
        "mean": 483303.18256130803,
        "median": 29497.780584077846,
        "min": 709,
        "max": 30878610,
        "variance_ns2": 11228809277898.023,
        "iqr_ns": 79171.43957642895,
        "q1_ns": 14788.444433618932,
        "q3_ns": 93959.88401004788
      },
      "futex_op_counts": {
        "128": 367
      },
      "first_seen_ts_ns": 605997852914,
      "last_seen_ts_ns": 606031763801
    },
    {
      "tgid": 11336,
      "comm": "runc",
      "cgroup_id": 6520,
      "wait_duration_stats_ns": {
        "count": 401.0,
        "sum": 175523098.0,
        "mean": 437713.4613466334,
        "median": 26470.191621783255,
        "min": 622,
        "max": 30470552,
        "variance_ns2": 9934223363077.35,
        "iqr_ns": 76421.38161086902,
        "q1_ns": 14750.070835074244,
        "q3_ns": 91171.45244594327
      },
      "futex_op_counts": {
        "128": 401
      },
      "first_seen_ts_ns": 585998159952,
      "last_seen_ts_ns": 586031620887
    },
    {
      "tgid": 10962,
      "comm": "runc:[2:INIT]",
      "cgroup_id": 8611,
      "wait_duration_stats_ns": {
        "count": 28.0,
        "sum": 163096743.0,
        "mean": 5824883.678571428,
        "median": 647446.7462148743,
        "min": 3199,
        "max": 20853060,
        "variance_ns2": 66807862012622.22,
        "iqr_ns": 8293953.069052424,
        "q1_ns": 30905.522422104666,
        "q3_ns": 8324858.591474529
      },
      "futex_op_counts": {
        "128": 28
      },
      "first_seen_ts_ns": 496006401805,
      "last_seen_ts_ns": 496042706821
    },
    {
      "tgid": 11368,
      "comm": "runc:[2:INIT]",
      "cgroup_id": 8611,
      "wait_duration_stats_ns": {
        "count": 28.0,
        "sum": 151804735.99999994,
        "mean": 5421597.714285713,
        "median": 683807.8787915816,
        "min": 549,
        "max": 18611345,
        "variance_ns2": 56315251553530.66,
        "iqr_ns": 7623439.68870936,
        "q1_ns": 53033.87500000003,
        "q3_ns": 7676473.56370936
      },
      "futex_op_counts": {
        "128": 28
      },
      "first_seen_ts_ns": 596006764352,
      "last_seen_ts_ns": 596040916026
    },
    {
      "tgid": 11411,
      "comm": "runc:[2:INIT]",
      "cgroup_id": 8611,
      "wait_duration_stats_ns": {
        "count": 31.0,
        "sum": 149353673.0,
        "mean": 4817860.419354838,
        "median": 850089.9055882609,
        "min": 2208,
        "max": 17439633,
        "variance_ns2": 50421930680382.25,
        "iqr_ns": 7305715.779851865,
        "q1_ns": 49014.600694444445,
        "q3_ns": 7354730.380546309
      },
      "futex_op_counts": {
        "128": 31
      },
      "first_seen_ts_ns": 616008841246,
      "last_seen_ts_ns": 616042641973
    },
    {
      "tgid": 10494,
      "comm": "runc:[2:INIT]",
      "cgroup_id": 8611,
      "wait_duration_stats_ns": {
        "count": 29.0,
        "sum": 146292737.0,
        "mean": 5044577.137931034,
        "median": 943952.3223862854,
        "min": 593,
        "max": 17450547,
        "variance_ns2": 50726494650734.26,
        "iqr_ns": 6753662.192235615,
        "q1_ns": 127904.84794889248,
        "q3_ns": 6881567.040184507
      },
      "futex_op_counts": {
        "128": 29
      },
      "first_seen_ts_ns": 386006764780,
      "last_seen_ts_ns": 386039742804
    },
    {
      "tgid": 10942,
      "comm": "runc:[2:INIT]",
      "cgroup_id": 8611,
      "wait_duration_stats_ns": {
        "count": 27.0,
        "sum": 135407348.99999997,
        "mean": 5015086.999999999,
        "median": 1005836.0511735696,
        "min": 2843,
        "max": 15540613,
        "variance_ns2": 44065417656617.55,
        "iqr_ns": 8061741.487842372,
        "q1_ns": 47318.24824704078,
        "q3_ns": 8109059.736089412
      },
      "futex_op_counts": {
        "128": 27
      },
      "first_seen_ts_ns": 486006861087,
      "last_seen_ts_ns": 486037666140
    },
    {
      "tgid": 10922,
      "comm": "runc:[2:INIT]",
      "cgroup_id": 8611,
      "wait_duration_stats_ns": {
        "count": 27.0,
        "sum": 133717511.99999999,
        "mean": 4952500.444444444,
        "median": 1212690.0373170965,
        "min": 24326,
        "max": 15455388,
        "variance_ns2": 42661878066491.12,
        "iqr_ns": 8731674.399808062,
        "q1_ns": 57505.32094331767,
        "q3_ns": 8789179.72075138
      },
      "futex_op_counts": {
        "128": 27
      },
      "first_seen_ts_ns": 476006128124,
      "last_seen_ts_ns": 476036622759
    },
    {
      "tgid": 10517,
      "comm": "runc:[2:INIT]",
      "cgroup_id": 8611,
      "wait_duration_stats_ns": {
        "count": 29.0,
        "sum": 128114005.00000001,
        "mean": 4417724.310344828,
        "median": 1048158.3233643164,
        "min": 12849,
        "max": 15408004,
        "variance_ns2": 37636542475753.87,
        "iqr_ns": 7891995.18841777,
        "q1_ns": 113131.31871405077,
        "q3_ns": 8005126.507131821
      },
      "futex_op_counts": {
        "128": 29
      },
      "first_seen_ts_ns": 396006280061,
      "last_seen_ts_ns": 396035648859
    },
    {
      "tgid": 10986,
      "comm": "runc:[2:INIT]",
      "cgroup_id": 8611,
      "wait_duration_stats_ns": {
        "count": 28.0,
        "sum": 126812929.99999999,
        "mean": 4529033.214285714,
        "median": 1077848.4512405228,
        "min": 23215,
        "max": 15437120,
        "variance_ns2": 38359570213267.06,
        "iqr_ns": 8174841.466042979,
        "q1_ns": 42740.06217126116,
        "q3_ns": 8217581.5282142395
      },
      "futex_op_counts": {
        "128": 28
      },
      "first_seen_ts_ns": 506006522761,
      "last_seen_ts_ns": 506035639959
    },
    {
      "tgid": 10473,
      "comm": "runc:[2:INIT]",
      "cgroup_id": 8611,
      "wait_duration_stats_ns": {
        "count": 28.0,
        "sum": 125042586.0,
        "mean": 4465806.642857143,
        "median": 511938.5057307469,
        "min": 2667,
        "max": 15475724,
        "variance_ns2": 36950092928579.57,
        "iqr_ns": 7629111.521360663,
        "q1_ns": 47708.036635476165,
        "q3_ns": 7676819.557996139
      },
      "futex_op_counts": {
        "128": 28
      },
      "first_seen_ts_ns": 376006836347,
      "last_seen_ts_ns": 376035602736
    },
    {
      "tgid": 10450,
      "comm": "runc:[2:INIT]",
      "cgroup_id": 8611,
      "wait_duration_stats_ns": {
        "count": 27.0,
        "sum": 118865252.0,
        "mean": 4402416.740740741,
        "median": 1403155.6499462987,
        "min": 9203,
        "max": 15455035,
        "variance_ns2": 34266905632846.742,
        "iqr_ns": 7103340.829381194,
        "q1_ns": 52479.24588477367,
        "q3_ns": 7155820.075265967
      },
      "futex_op_counts": {
        "128": 27
      },
      "first_seen_ts_ns": 366007062015,
      "last_seen_ts_ns": 366034596956
    },
    {
      "tgid": 11389,
      "comm": "runc:[2:INIT]",
      "cgroup_id": 8611,
      "wait_duration_stats_ns": {
        "count": 30.0,
        "sum": 110280002.99999999,
        "mean": 3676000.0999999996,
        "median": 404003.2570655064,
        "min": 528,
        "max": 15620906,
        "variance_ns2": 29805345207214.44,
        "iqr_ns": 4992232.184068426,
        "q1_ns": 57905.322916666664,
        "q3_ns": 5050137.506985093
      },
      "futex_op_counts": {
        "128": 30
      },
      "first_seen_ts_ns": 606005901714,
      "last_seen_ts_ns": 606031745258
    },
    {
      "tgid": 11347,
      "comm": "runc:[2:INIT]",
      "cgroup_id": 8611,
      "wait_duration_stats_ns": {
        "count": 26.0,
        "sum": 108333370.0,
        "mean": 4166668.076923077,
        "median": 776991.6946424153,
        "min": 29980,
        "max": 15483420,
        "variance_ns2": 31579053222414.79,
        "iqr_ns": 7692273.711085104,
        "q1_ns": 63549.491496913586,
        "q3_ns": 7755823.2025820175
      },
      "futex_op_counts": {
        "128": 26
      },
      "first_seen_ts_ns": 586006251955,
      "last_seen_ts_ns": 586031665269
    },
    {
      "tgid": 11422,
      "comm": "gce_workload_ce",
      "cgroup_id": 9724,
      "wait_duration_stats_ns": {
        "count": 352.0,
        "sum": 44701489.0,
        "mean": 126992.86647727274,
        "median": 29250.64098529671,
        "min": 475,
        "max": 9278122,
        "variance_ns2": 444530898252.8115,
        "iqr_ns": 97042.62014359597,
        "q1_ns": 12589.945739583512,
        "q3_ns": 109632.56588317949
      },
      "futex_op_counts": {
        "128": 352
      },
      "first_seen_ts_ns": 619393398244,
      "last_seen_ts_ns": 619402860936
    },
    {
      "tgid": 11008,
      "comm": "csi-node-driver",
      "cgroup_id": 8611,
      "wait_duration_stats_ns": {
        "count": 15.0,
        "sum": 20750915.0,
        "mean": 1383394.3333333333,
        "median": 484256.4907986112,
        "min": 15454,
        "max": 5567356,
        "variance_ns2": 4034097204753.8096,
        "iqr_ns": 2345393.8749999995,
        "q1_ns": 43175.08333333334,
        "q3_ns": 2388568.958333333
      },
      "futex_op_counts": {
        "128": 15
      },
      "first_seen_ts_ns": 516118402715,
      "last_seen_ts_ns": 516124447624
    },
    {
      "tgid": 9886,
      "comm": "flux-broker-107",
      "cgroup_id": 9645,
      "wait_duration_stats_ns": {
        "count": 489.0,
        "sum": 15234107.00000003,
        "mean": 31153.593047034825,
        "median": 1700.1007078964572,
        "min": 378,
        "max": 3379415,
        "variance_ns2": 66627750284.52459,
        "iqr_ns": 6240.534171898264,
        "q1_ns": 639.3094778944399,
        "q3_ns": 6879.843649792703
      },
      "futex_op_counts": {
        "128": 489
      },
      "first_seen_ts_ns": 359310583721,
      "last_seen_ts_ns": 695860295637
    },
    {
      "tgid": 11445,
      "comm": "csi-node-driver",
      "cgroup_id": 8611,
      "wait_duration_stats_ns": {
        "count": 17.0,
        "sum": 10882466.0,
        "mean": 640145.0588235294,
        "median": 74106.08513321995,
        "min": 15981,
        "max": 4946195,
        "variance_ns2": 1517915147011.9338,
        "iqr_ns": 598951.3683607439,
        "q1_ns": 31016.617621527777,
        "q3_ns": 629967.9859822716
      },
      "futex_op_counts": {
        "128": 17
      },
      "first_seen_ts_ns": 626115019602,
      "last_seen_ts_ns": 626120010010
    },
    {
      "tgid": 11555,
      "comm": "csi-node-driver",
      "cgroup_id": 8611,
      "wait_duration_stats_ns": {
        "count": 18.0,
        "sum": 10499199.000000004,
        "mean": 583288.8333333335,
        "median": 245843.2710865162,
        "min": 37400,
        "max": 2116784,
        "variance_ns2": 512608009548.3824,
        "iqr_ns": 540199.947339892,
        "q1_ns": 58319.8654996142,
        "q3_ns": 598519.8128395062
      },
      "futex_op_counts": {
        "128": 18
      },
      "first_seen_ts_ns": 646096935100,
      "last_seen_ts_ns": 646100453917
    },
    {
      "tgid": 10586,
      "comm": "csi-node-driver",
      "cgroup_id": 8611,
      "wait_duration_stats_ns": {
        "count": 19.0,
        "sum": 10469572.0,
        "mean": 551030.1052631579,
        "median": 292983.0896948544,
        "min": 10367,
        "max": 2037440,
        "variance_ns2": 517686533574.3216,
        "iqr_ns": 324640.74247299385,
        "q1_ns": 33476.692746913584,
        "q3_ns": 358117.43521990743
      },
      "futex_op_counts": {
        "128": 19
      },
      "first_seen_ts_ns": 426111600968,
      "last_seen_ts_ns": 426115227986
    },
    {
      "tgid": 11411,
      "comm": "csi-node-driver",
      "cgroup_id": 8611,
      "wait_duration_stats_ns": {
        "count": 20.0,
        "sum": 10390136.0,
        "mean": 519506.80000000005,
        "median": 252904.27426659854,
        "min": 12367,
        "max": 2204770,
        "variance_ns2": 486881840632.379,
        "iqr_ns": 684238.7448848714,
        "q1_ns": 44520.47175925927,
        "q3_ns": 728759.2166441306
      },
      "futex_op_counts": {
        "128": 20
      },
      "first_seen_ts_ns": 616044886455,
      "last_seen_ts_ns": 616048372923
    },
    {
      "tgid": 11143,
      "comm": "csi-node-driver",
      "cgroup_id": 8611,
      "wait_duration_stats_ns": {
        "count": 19.0,
        "sum": 10150408.0,
        "mean": 534232.0,
        "median": 122512.7471484375,
        "min": 6627,
        "max": 2017296,
        "variance_ns2": 527494435844.6667,
        "iqr_ns": 782641.18482694,
        "q1_ns": 13623.173611111113,
        "q3_ns": 796264.3584380511
      },
      "futex_op_counts": {
        "128": 19
      },
      "first_seen_ts_ns": 576131565899,
      "last_seen_ts_ns": 576135055332
    },
    {
      "tgid": 11347,
      "comm": "csi-node-driver",
      "cgroup_id": 8611,
      "wait_duration_stats_ns": {
        "count": 19.0,
        "sum": 9668935.0,
        "mean": 508891.31578947365,
        "median": 219524.88926060268,
        "min": 11006,
        "max": 1599010,
        "variance_ns2": 387878546363.4503,
        "iqr_ns": 714417.0396867498,
        "q1_ns": 25023.461877893522,
        "q3_ns": 739440.5015646433
      },
      "futex_op_counts": {
        "128": 19
      },
      "first_seen_ts_ns": 586033527470,
      "last_seen_ts_ns": 586036744995
    },
    {
      "tgid": 11644,
      "comm": "csi-node-driver",
      "cgroup_id": 8611,
      "wait_duration_stats_ns": {
        "count": 20.0,
        "sum": 9505337.0,
        "mean": 475266.85,
        "median": 250355.9415388696,
        "min": 691,
        "max": 1778838,
        "variance_ns2": 403834274688.55524,
        "iqr_ns": 634003.2129177089,
        "q1_ns": 26548.162924739936,
        "q3_ns": 660551.3758424488
      },
      "futex_op_counts": {
        "128": 20
      },
      "first_seen_ts_ns": 686109700932,
      "last_seen_ts_ns": 686112920712
    },
    {
      "tgid": 11368,
      "comm": "csi-node-driver",
      "cgroup_id": 8611,
      "wait_duration_stats_ns": {
        "count": 17.0,
        "sum": 9503627.0,
        "mean": 559036.8823529412,
        "median": 233759.9027157738,
        "min": 21471,
        "max": 1931388,
        "variance_ns2": 479894236620.2353,
        "iqr_ns": 682486.0632664141,
        "q1_ns": 43473.347800925934,
        "q3_ns": 725959.41106734
      },
      "futex_op_counts": {
        "128": 17
      },
      "first_seen_ts_ns": 596042808313,
      "last_seen_ts_ns": 596046058093
    },
    {
      "tgid": 11622,
      "comm": "csi-node-driver",
      "cgroup_id": 8611,
      "wait_duration_stats_ns": {
        "count": 18.0,
        "sum": 9454391.0,
        "mean": 525243.9444444445,
        "median": 67222.59448341836,
        "min": 8241,
        "max": 3212269,
        "variance_ns2": 757006573153.2319,
        "iqr_ns": 384998.9561575255,
        "q1_ns": 32903.63241390307,
        "q3_ns": 417902.58857142855
      },
      "futex_op_counts": {
        "128": 18
      },
      "first_seen_ts_ns": 676120373794,
      "last_seen_ts_ns": 676123592041
    },
    {
      "tgid": 11389,
      "comm": "csi-node-driver",
      "cgroup_id": 8611,
      "wait_duration_stats_ns": {
        "count": 21.0,
        "sum": 9382741.000000002,
        "mean": 446797.19047619053,
        "median": 218746.08981493587,
        "min": 10109,
        "max": 1761445,
        "variance_ns2": 370525578091.5619,
        "iqr_ns": 460170.44330558204,
        "q1_ns": 73363.10579774503,
        "q3_ns": 533533.5491033271
      },
      "futex_op_counts": {
        "128": 21
      },
      "first_seen_ts_ns": 606033503644,
      "last_seen_ts_ns": 606036701387
    },
    {
      "tgid": 10543,
      "comm": "csi-node-driver",
      "cgroup_id": 8611,
      "wait_duration_stats_ns": {
        "count": 12.0,
        "sum": 9366772.0,
        "mean": 780564.3333333334,
        "median": 40781.20416666666,
        "min": 18128,
        "max": 3641809,
        "variance_ns2": 1589084227637.697,
        "iqr_ns": 220933.07146990742,
        "q1_ns": 20549.334780092595,
        "q3_ns": 241482.40625
      },
      "futex_op_counts": {
        "128": 12
      },
      "first_seen_ts_ns": 406100346595,
      "last_seen_ts_ns": 406104012679
    },
    {
      "tgid": 10942,
      "comm": "csi-node-driver",
      "cgroup_id": 8611,
      "wait_duration_stats_ns": {
        "count": 16.0,
        "sum": 9355435.999999998,
        "mean": 584714.7499999999,
        "median": 354934.4643614969,
        "min": 21884,
        "max": 1898707,
        "variance_ns2": 482472525257.5334,
        "iqr_ns": 714362.6032986111,
        "q1_ns": 38586.976996527774,
        "q3_ns": 752949.5802951389
      },
      "futex_op_counts": {
        "128": 16
      },
      "first_seen_ts_ns": 486039493073,
      "last_seen_ts_ns": 486042653174
    },
    {
      "tgid": 10473,
      "comm": "csi-node-driver",
      "cgroup_id": 8611,
      "wait_duration_stats_ns": {
        "count": 21.0,
        "sum": 9328326.0,
        "mean": 444206.0,
        "median": 111358.9697402278,
        "min": 14111,
        "max": 1875655,
        "variance_ns2": 385951757432.60004,
        "iqr_ns": 751246.4890861979,
        "q1_ns": 36368.18849206349,
        "q3_ns": 787614.6775782614
      },
      "futex_op_counts": {
        "128": 21
      },
      "first_seen_ts_ns": 376037378369,
      "last_seen_ts_ns": 376040580628
    },
    {
      "tgid": 10494,
      "comm": "csi-node-driver",
      "cgroup_id": 8611,
      "wait_duration_stats_ns": {
        "count": 17.0,
        "sum": 9260719.0,
        "mean": 544748.1764705882,
        "median": 251679.18933545522,
        "min": 9850,
        "max": 1800608,
        "variance_ns2": 451084264175.2794,
        "iqr_ns": 780587.0317432134,
        "q1_ns": 25406.07291666667,
        "q3_ns": 805993.10465988
      },
      "futex_op_counts": {
        "128": 17
      },
      "first_seen_ts_ns": 386041452595,
      "last_seen_ts_ns": 386044567509
    },
    {
      "tgid": 10715,
      "comm": "csi-node-driver",
      "cgroup_id": 8611,
      "wait_duration_stats_ns": {
        "count": 18.0,
        "sum": 9188046.0,
        "mean": 510447.0,
        "median": 204253.68252797064,
        "min": 14180,
        "max": 1838800,
        "variance_ns2": 418831044328.58826,
        "iqr_ns": 389894.3769358709,
        "q1_ns": 34013.29748799726,
        "q3_ns": 423907.6744238682
      },
      "futex_op_counts": {
        "128": 18
      },
      "first_seen_ts_ns": 466113244511,
      "last_seen_ts_ns": 466116394714
    },
    {
      "tgid": 11467,
      "comm": "csi-node-driver",
      "cgroup_id": 8611,
      "wait_duration_stats_ns": {
        "count": 20.0,
        "sum": 9184220.999999998,
        "mean": 459211.04999999993,
        "median": 61550.038016016944,
        "min": 12964,
        "max": 1818490,
        "variance_ns2": 409514664693.3131,
        "iqr_ns": 642345.2635570384,
        "q1_ns": 18876.604253472215,
        "q3_ns": 661221.8678105106
      },
      "futex_op_counts": {
        "128": 20
      },
      "first_seen_ts_ns": 636148619391,
      "last_seen_ts_ns": 636151737049
    },
    {
      "tgid": 11577,
      "comm": "csi-node-driver",
      "cgroup_id": 8611,
      "wait_duration_stats_ns": {
        "count": 18.0,
        "sum": 9154842.0,
        "mean": 508602.3333333334,
        "median": 242003.34654017855,
        "min": 554,
        "max": 1811285,
        "variance_ns2": 424197952138.70575,
        "iqr_ns": 484118.9048427515,
        "q1_ns": 34312.51649305556,
        "q3_ns": 518431.42133580707
      },
      "futex_op_counts": {
        "128": 18
      },
      "first_seen_ts_ns": 656128285239,
      "last_seen_ts_ns": 656131406020
    },
    {
      "tgid": 10962,
      "comm": "csi-node-driver",
      "cgroup_id": 8611,
      "wait_duration_stats_ns": {
        "count": 19.0,
        "sum": 9147453.0,
        "mean": 481444.8947368421,
        "median": 111358.95377604166,
        "min": 18449,
        "max": 1844705,
        "variance_ns2": 412954061632.98834,
        "iqr_ns": 693977.0719742063,
        "q1_ns": 31953.27380952381,
        "q3_ns": 725930.34578373
      },
      "futex_op_counts": {
        "128": 19
      },
      "first_seen_ts_ns": 496044504639,
      "last_seen_ts_ns": 496047664918
    },
    {
      "tgid": 10611,
      "comm": "csi-node-driver",
      "cgroup_id": 8611,
      "wait_duration_stats_ns": {
        "count": 18.0,
        "sum": 9141475.0,
        "mean": 507859.7222222222,
        "median": 267726.80002303,
        "min": 17892,
        "max": 1659051,
        "variance_ns2": 377472973110.8006,
        "iqr_ns": 327535.17825954873,
        "q1_ns": 46088.55896267361,
        "q3_ns": 373623.7372222223
      },
      "futex_op_counts": {
        "128": 18
      },
      "first_seen_ts_ns": 436119179195,
      "last_seen_ts_ns": 436122273456
    },
    {
      "tgid": 10450,
      "comm": "csi-node-driver",
      "cgroup_id": 8611,
      "wait_duration_stats_ns": {
        "count": 19.0,
        "sum": 9099659.0,
        "mean": 478929.4210526316,
        "median": 301084.29208280775,
        "min": 17165,
        "max": 1728868,
        "variance_ns2": 369864819077.2573,
        "iqr_ns": 388019.1519748493,
        "q1_ns": 34397.18185763889,
        "q3_ns": 422416.33383248816
      },
      "futex_op_counts": {
        "128": 19
      },
      "first_seen_ts_ns": 366036370158,
      "last_seen_ts_ns": 366039458334
    },
    {
      "tgid": 10517,
      "comm": "csi-node-driver",
      "cgroup_id": 8611,
      "wait_duration_stats_ns": {
        "count": 16.0,
        "sum": 9054642.0,
        "mean": 565915.125,
        "median": 242580.4351074219,
        "min": 16051,
        "max": 1903430,
        "variance_ns2": 461699392309.3166,
        "iqr_ns": 754497.9093105159,
        "q1_ns": 28126.24565972222,
        "q3_ns": 782624.1549702381
      },
      "futex_op_counts": {
        "128": 16
      },
      "first_seen_ts_ns": 396037307123,
      "last_seen_ts_ns": 396040385834
    },
    {
      "tgid": 10656,
      "comm": "csi-node-driver",
      "cgroup_id": 8611,
      "wait_duration_stats_ns": {
        "count": 23.0,
        "sum": 9026353.0,
        "mean": 392450.1304347826,
        "median": 74058.92453285653,
        "min": 11193,
        "max": 1379953,
        "variance_ns2": 296295753150.02765,
        "iqr_ns": 666423.4689348689,
        "q1_ns": 20352.085229254048,
        "q3_ns": 686775.554164123
      },
      "futex_op_counts": {
        "128": 23
      },
      "first_seen_ts_ns": 456124613243,
      "last_seen_ts_ns": 456127710940
    },
    {
      "tgid": 11080,
      "comm": "csi-node-driver",
      "cgroup_id": 8611,
      "wait_duration_stats_ns": {
        "count": 18.0,
        "sum": 8967907.0,
        "mean": 498217.0555555555,
        "median": 276504.9661613343,
        "min": 14999,
        "max": 1733336,
        "variance_ns2": 376960207341.34973,
        "iqr_ns": 434571.48637037043,
        "q1_ns": 40655.71296296297,
        "q3_ns": 475227.1993333334
      },
      "futex_op_counts": {
        "128": 18
      },
      "first_seen_ts_ns": 546118264626,
      "last_seen_ts_ns": 546121298088
    },
    {
      "tgid": 11100,
      "comm": "csi-node-driver",
      "cgroup_id": 8611,
      "wait_duration_stats_ns": {
        "count": 19.0,
        "sum": 8953548.0,
        "mean": 471239.36842105264,
        "median": 64013.97775297619,
        "min": 18008,
        "max": 1766190,
        "variance_ns2": 393774928835.24554,
        "iqr_ns": 692799.5207765967,
        "q1_ns": 25299.665104166666,
        "q3_ns": 718099.1858807635
      },
      "futex_op_counts": {
        "128": 19
      },
      "first_seen_ts_ns": 556142436352,
      "last_seen_ts_ns": 556145503341
    },
    {
      "tgid": 10986,
      "comm": "csi-node-driver",
      "cgroup_id": 8611,
      "wait_duration_stats_ns": {
        "count": 16.0,
        "sum": 8917464.0,
        "mean": 557341.5,
        "median": 245929.95786752854,
        "min": 8881,
        "max": 1885801,
        "variance_ns2": 442823590709.73346,
        "iqr_ns": 751643.7545258304,
        "q1_ns": 31993.367026748972,
        "q3_ns": 783637.1215525793
      },
      "futex_op_counts": {
        "128": 16
      },
      "first_seen_ts_ns": 506037547183,
      "last_seen_ts_ns": 506040597601
    },
    {
      "tgid": 10564,
      "comm": "csi-node-driver",
      "cgroup_id": 8611,
      "wait_duration_stats_ns": {
        "count": 20.0,
        "sum": 8883299.999999998,
        "mean": 444164.99999999994,
        "median": 67095.05371651785,
        "min": 13297,
        "max": 1891701,
        "variance_ns2": 376414683218.421,
        "iqr_ns": 743638.8722231754,
        "q1_ns": 30602.156635802465,
        "q3_ns": 774241.0288589778
      },
      "futex_op_counts": {
        "128": 20
      },
      "first_seen_ts_ns": 416100280346,
      "last_seen_ts_ns": 416103318371
    },
    {
      "tgid": 11600,
      "comm": "csi-node-driver",
      "cgroup_id": 8611,
      "wait_duration_stats_ns": {
        "count": 14.0,
        "sum": 8865954.0,
        "mean": 633282.4285714285,
        "median": 119445.83961111109,
        "min": 17007,
        "max": 2967048,
        "variance_ns2": 969601136330.5715,
        "iqr_ns": 404840.4629629629,
        "q1_ns": 23223.625,
        "q3_ns": 428064.0879629629
      },
      "futex_op_counts": {
        "128": 14
      },
      "first_seen_ts_ns": 666155585910,
      "last_seen_ts_ns": 666158554138
    },
    {
      "tgid": 11058,
      "comm": "csi-node-driver",
      "cgroup_id": 8611,
      "wait_duration_stats_ns": {
        "count": 21.0,
        "sum": 8854219.0,
        "mean": 421629.4761904762,
        "median": 201747.77897635085,
        "min": 482,
        "max": 1589135,
        "variance_ns2": 341177775460.36194,
        "iqr_ns": 823464.5116395826,
        "q1_ns": 25041.77545492541,
        "q3_ns": 848506.287094508
      },
      "futex_op_counts": {
        "128": 21
      },
      "first_seen_ts_ns": 536231591187,
      "last_seen_ts_ns": 536234588344
    },
    {
      "tgid": 10922,
      "comm": "csi-node-driver",
      "cgroup_id": 8611,
      "wait_duration_stats_ns": {
        "count": 16.0,
        "sum": 8829093.0,
        "mean": 551818.3125,
        "median": 338643.8163519965,
        "min": 18689,
        "max": 1752245,
        "variance_ns2": 417133107876.89575,
        "iqr_ns": 637526.2811747686,
        "q1_ns": 33338.80483217593,
        "q3_ns": 670865.0860069445
      },
      "futex_op_counts": {
        "128": 16
      },
      "first_seen_ts_ns": 476038280505,
      "last_seen_ts_ns": 476041318940
    },
    {
      "tgid": 11122,
      "comm": "csi-node-driver",
      "cgroup_id": 8611,
      "wait_duration_stats_ns": {
        "count": 19.0,
        "sum": 8811476.0,
        "mean": 463761.89473684214,
        "median": 266682.30173238117,
        "min": 16700,
        "max": 1653445,
        "variance_ns2": 354074376859.76605,
        "iqr_ns": 309929.45918788575,
        "q1_ns": 35246.86419753087,
        "q3_ns": 345176.32338541665
      },
      "futex_op_counts": {
        "128": 19
      },
      "first_seen_ts_ns": 566120157844,
      "last_seen_ts_ns": 566123159208
    },
    {
      "tgid": 10634,
      "comm": "csi-node-driver",
      "cgroup_id": 8611,
      "wait_duration_stats_ns": {
        "count": 19.0,
        "sum": 8757392.0,
        "mean": 460915.3684210526,
        "median": 67139.16851438492,
        "min": 17642,
        "max": 1806345,
        "variance_ns2": 381833741912.91235,
        "iqr_ns": 659316.0090130019,
        "q1_ns": 29717.811507936516,
        "q3_ns": 689033.8205209385
      },
      "futex_op_counts": {
        "128": 19
      },
      "first_seen_ts_ns": 446111286798,
      "last_seen_ts_ns": 446114281013
    },
    {
      "tgid": 11035,
      "comm": "csi-node-driver",
      "cgroup_id": 8611,
      "wait_duration_stats_ns": {
        "count": 21.0,
        "sum": 7745381.999999999,
        "mean": 368827.71428571426,
        "median": 67755.99687486878,
        "min": 12995,
        "max": 1479232,
        "variance_ns2": 277736123272.5143,
        "iqr_ns": 563914.8833153072,
        "q1_ns": 30846.596759259268,
        "q3_ns": 594761.4800745664
      },
      "futex_op_counts": {
        "128": 21
      },
      "first_seen_ts_ns": 526095681016,
      "last_seen_ts_ns": 526098791320
    },
    {
      "tgid": 9886,
      "comm": "ZMQbg/Reaper",
      "cgroup_id": 9645,
      "wait_duration_stats_ns": {
        "count": 1.0,
        "sum": 34413.0,
        "mean": 34413.0,
        "median": 34413.0,
        "min": 34413,
        "max": 34413,
        "variance_ns2": null,
        "iqr_ns": 0.0,
        "q1_ns": 34413.0,
        "q3_ns": 34413.0
      },
      "futex_op_counts": {
        "128": 1
      },
      "first_seen_ts_ns": 695860960602,
      "last_seen_ts_ns": 695860960602
    },
    {
      "tgid": 9886,
      "comm": "ZMQbg/IO/0",
      "cgroup_id": 9645,
      "wait_duration_stats_ns": {
        "count": 30.0,
        "sum": 20288.0,
        "mean": 676.2666666666667,
        "median": 485.7878651916702,
        "min": 408,
        "max": 2099,
        "variance_ns2": 268522.5471264367,
        "iqr_ns": 153.7849189785884,
        "q1_ns": 450.1826812102224,
        "q3_ns": 603.9676001888108
      },
      "futex_op_counts": {
        "128": 30
      },
      "first_seen_ts_ns": 467362633430,
      "last_seen_ts_ns": 690344960413
    },
    {
      "tgid": 10197,
      "comm": "lmp",
      "cgroup_id": 9645,
      "wait_duration_stats_ns": {
        "count": 1.0,
        "sum": 11633.0,
        "mean": 11633.0,
        "median": 11633.0,
        "min": 11633,
        "max": 11633,
        "variance_ns2": null,
        "iqr_ns": 0.0,
        "q1_ns": 11633.0,
        "q3_ns": 11633.0
      },
      "futex_op_counts": {
        "128": 1
      },
      "first_seen_ts_ns": 467325034505,
      "last_seen_ts_ns": 467325034505
    },
    {
      "tgid": 11160,
      "comm": "lmp",
      "cgroup_id": 9645,
      "wait_duration_stats_ns": {
        "count": 1.0,
        "sum": 9613.0,
        "mean": 9613.0,
        "median": 9613.0,
        "min": 9613,
        "max": 9613,
        "variance_ns2": null,
        "iqr_ns": 0.0,
        "q1_ns": 9613.0,
        "q3_ns": 9613.0
      },
      "futex_op_counts": {
        "128": 1
      },
      "first_seen_ts_ns": 690300864571,
      "last_seen_ts_ns": 690300864571
    },
    {
      "tgid": 10805,
      "comm": "lmp",
      "cgroup_id": 9645,
      "wait_duration_stats_ns": {
        "count": 1.0,
        "sum": 9539.0,
        "mean": 9539.0,
        "median": 9539.0,
        "min": 9539,
        "max": 9539,
        "variance_ns2": null,
        "iqr_ns": 0.0,
        "q1_ns": 9539.0,
        "q3_ns": 9539.0
      },
      "futex_op_counts": {
        "128": 1
      },
      "first_seen_ts_ns": 580798413119,
      "last_seen_ts_ns": 580798413119
    },
    {
      "tgid": 11201,
      "comm": "lmp",
      "cgroup_id": 9645,
      "wait_duration_stats_ns": {
        "count": 1.0,
        "sum": 9537.0,
        "mean": 9537.0,
        "median": 9537.0,
        "min": 9537,
        "max": 9537,
        "variance_ns2": null,
        "iqr_ns": 0.0,
        "q1_ns": 9537.0,
        "q3_ns": 9537.0
      },
      "futex_op_counts": {
        "128": 1
      },
      "first_seen_ts_ns": 690300599752,
      "last_seen_ts_ns": 690300599752
    },
    {
      "tgid": 10863,
      "comm": "lmp",
      "cgroup_id": 9645,
      "wait_duration_stats_ns": {
        "count": 1.0,
        "sum": 9183.0,
        "mean": 9183.0,
        "median": 9183.0,
        "min": 9183,
        "max": 9183,
        "variance_ns2": null,
        "iqr_ns": 0.0,
        "q1_ns": 9183.0,
        "q3_ns": 9183.0
      },
      "futex_op_counts": {
        "128": 1
      },
      "first_seen_ts_ns": 580795982142,
      "last_seen_ts_ns": 580795982142
    },
    {
      "tgid": 10244,
      "comm": "lmp",
      "cgroup_id": 9645,
      "wait_duration_stats_ns": {
        "count": 1.0,
        "sum": 9135.0,
        "mean": 9135.0,
        "median": 9135.0,
        "min": 9135,
        "max": 9135,
        "variance_ns2": null,
        "iqr_ns": 0.0,
        "q1_ns": 9135.0,
        "q3_ns": 9135.0
      },
      "futex_op_counts": {
        "128": 1
      },
      "first_seen_ts_ns": 467327943248,
      "last_seen_ts_ns": 467327943248
    },
    {
      "tgid": 10236,
      "comm": "lmp",
      "cgroup_id": 9645,
      "wait_duration_stats_ns": {
        "count": 1.0,
        "sum": 9087.0,
        "mean": 9087.0,
        "median": 9087.0,
        "min": 9087,
        "max": 9087,
        "variance_ns2": null,
        "iqr_ns": 0.0,
        "q1_ns": 9087.0,
        "q3_ns": 9087.0
      },
      "futex_op_counts": {
        "128": 1
      },
      "first_seen_ts_ns": 467329628300,
      "last_seen_ts_ns": 467329628300
    },
    {
      "tgid": 10885,
      "comm": "lmp",
      "cgroup_id": 9645,
      "wait_duration_stats_ns": {
        "count": 1.0,
        "sum": 9001.0,
        "mean": 9001.0,
        "median": 9001.0,
        "min": 9001,
        "max": 9001,
        "variance_ns2": null,
        "iqr_ns": 0.0,
        "q1_ns": 9001.0,
        "q3_ns": 9001.0
      },
      "futex_op_counts": {
        "128": 1
      },
      "first_seen_ts_ns": 580789658751,
      "last_seen_ts_ns": 580789658751
    },
    {
      "tgid": 10887,
      "comm": "lmp",
      "cgroup_id": 9645,
      "wait_duration_stats_ns": {
        "count": 1.0,
        "sum": 8965.0,
        "mean": 8965.0,
        "median": 8965.0,
        "min": 8965,
        "max": 8965,
        "variance_ns2": null,
        "iqr_ns": 0.0,
        "q1_ns": 8965.0,
        "q3_ns": 8965.0
      },
      "futex_op_counts": {
        "128": 1
      },
      "first_seen_ts_ns": 580796123342,
      "last_seen_ts_ns": 580796123342
    },
    {
      "tgid": 11181,
      "comm": "lmp",
      "cgroup_id": 9645,
      "wait_duration_stats_ns": {
        "count": 1.0,
        "sum": 8943.0,
        "mean": 8943.0,
        "median": 8943.0,
        "min": 8943,
        "max": 8943,
        "variance_ns2": null,
        "iqr_ns": 0.0,
        "q1_ns": 8943.0,
        "q3_ns": 8943.0
      },
      "futex_op_counts": {
        "128": 1
      },
      "first_seen_ts_ns": 690300470100,
      "last_seen_ts_ns": 690300470100
    },
    {
      "tgid": 10883,
      "comm": "lmp",
      "cgroup_id": 9645,
      "wait_duration_stats_ns": {
        "count": 1.0,
        "sum": 8822.0,
        "mean": 8822.0,
        "median": 8822.0,
        "min": 8822,
        "max": 8822,
        "variance_ns2": null,
        "iqr_ns": 0.0,
        "q1_ns": 8822.0,
        "q3_ns": 8822.0
      },
      "futex_op_counts": {
        "128": 1
      },
      "first_seen_ts_ns": 580792707361,
      "last_seen_ts_ns": 580792707361
    },
    {
      "tgid": 11162,
      "comm": "lmp",
      "cgroup_id": 9645,
      "wait_duration_stats_ns": {
        "count": 1.0,
        "sum": 8725.0,
        "mean": 8725.0,
        "median": 8725.0,
        "min": 8725,
        "max": 8725,
        "variance_ns2": null,
        "iqr_ns": 0.0,
        "q1_ns": 8725.0,
        "q3_ns": 8725.0
      },
      "futex_op_counts": {
        "128": 1
      },
      "first_seen_ts_ns": 690300654128,
      "last_seen_ts_ns": 690300654128
    },
    {
      "tgid": 10280,
      "comm": "lmp",
      "cgroup_id": 9645,
      "wait_duration_stats_ns": {
        "count": 1.0,
        "sum": 8658.0,
        "mean": 8658.0,
        "median": 8658.0,
        "min": 8658,
        "max": 8658,
        "variance_ns2": null,
        "iqr_ns": 0.0,
        "q1_ns": 8658.0,
        "q3_ns": 8658.0
      },
      "futex_op_counts": {
        "128": 1
      },
      "first_seen_ts_ns": 467326873233,
      "last_seen_ts_ns": 467326873233
    },
    {
      "tgid": 10771,
      "comm": "lmp",
      "cgroup_id": 9645,
      "wait_duration_stats_ns": {
        "count": 1.0,
        "sum": 8557.0,
        "mean": 8557.0,
        "median": 8557.0,
        "min": 8557,
        "max": 8557,
        "variance_ns2": null,
        "iqr_ns": 0.0,
        "q1_ns": 8557.0,
        "q3_ns": 8557.0
      },
      "futex_op_counts": {
        "128": 1
      },
      "first_seen_ts_ns": 580798621694,
      "last_seen_ts_ns": 580798621694
    },
    {
      "tgid": 10744,
      "comm": "lmp",
      "cgroup_id": 9645,
      "wait_duration_stats_ns": {
        "count": 1.0,
        "sum": 8425.0,
        "mean": 8425.0,
        "median": 8425.0,
        "min": 8425,
        "max": 8425,
        "variance_ns2": null,
        "iqr_ns": 0.0,
        "q1_ns": 8425.0,
        "q3_ns": 8425.0
      },
      "futex_op_counts": {
        "128": 1
      },
      "first_seen_ts_ns": 580795914220,
      "last_seen_ts_ns": 580795914220
    },
    {
      "tgid": 10314,
      "comm": "lmp",
      "cgroup_id": 9645,
      "wait_duration_stats_ns": {
        "count": 1.0,
        "sum": 8381.0,
        "mean": 8381.0,
        "median": 8381.0,
        "min": 8381,
        "max": 8381,
        "variance_ns2": null,
        "iqr_ns": 0.0,
        "q1_ns": 8381.0,
        "q3_ns": 8381.0
      },
      "futex_op_counts": {
        "128": 1
      },
      "first_seen_ts_ns": 467325517281,
      "last_seen_ts_ns": 467325517281
    },
    {
      "tgid": 10879,
      "comm": "lmp",
      "cgroup_id": 9645,
      "wait_duration_stats_ns": {
        "count": 1.0,
        "sum": 8285.0,
        "mean": 8285.0,
        "median": 8285.0,
        "min": 8285,
        "max": 8285,
        "variance_ns2": null,
        "iqr_ns": 0.0,
        "q1_ns": 8285.0,
        "q3_ns": 8285.0
      },
      "futex_op_counts": {
        "128": 1
      },
      "first_seen_ts_ns": 580798165780,
      "last_seen_ts_ns": 580798165780
    },
    {
      "tgid": 11220,
      "comm": "lmp",
      "cgroup_id": 9645,
      "wait_duration_stats_ns": {
        "count": 1.0,
        "sum": 8242.0,
        "mean": 8242.0,
        "median": 8242.0,
        "min": 8242,
        "max": 8242,
        "variance_ns2": null,
        "iqr_ns": 0.0,
        "q1_ns": 8242.0,
        "q3_ns": 8242.0
      },
      "futex_op_counts": {
        "128": 1
      },
      "first_seen_ts_ns": 690300376562,
      "last_seen_ts_ns": 690300376562
    },
    {
      "tgid": 11193,
      "comm": "lmp",
      "cgroup_id": 9645,
      "wait_duration_stats_ns": {
        "count": 1.0,
        "sum": 8236.0,
        "mean": 8236.0,
        "median": 8236.0,
        "min": 8236,
        "max": 8236,
        "variance_ns2": null,
        "iqr_ns": 0.0,
        "q1_ns": 8236.0,
        "q3_ns": 8236.0
      },
      "futex_op_counts": {
        "128": 1
      },
      "first_seen_ts_ns": 690300625911,
      "last_seen_ts_ns": 690300625911
    },
    {
      "tgid": 10320,
      "comm": "lmp",
      "cgroup_id": 9645,
      "wait_duration_stats_ns": {
        "count": 1.0,
        "sum": 7951.0,
        "mean": 7951.0,
        "median": 7951.0,
        "min": 7951,
        "max": 7951,
        "variance_ns2": null,
        "iqr_ns": 0.0,
        "q1_ns": 7951.0,
        "q3_ns": 7951.0
      },
      "futex_op_counts": {
        "128": 1
      },
      "first_seen_ts_ns": 467324247164,
      "last_seen_ts_ns": 467324247164
    },
    {
      "tgid": 10781,
      "comm": "lmp",
      "cgroup_id": 9645,
      "wait_duration_stats_ns": {
        "count": 1.0,
        "sum": 7911.0,
        "mean": 7911.0,
        "median": 7911.0,
        "min": 7911,
        "max": 7911,
        "variance_ns2": null,
        "iqr_ns": 0.0,
        "q1_ns": 7911.0,
        "q3_ns": 7911.0
      },
      "futex_op_counts": {
        "128": 1
      },
      "first_seen_ts_ns": 580797718491,
      "last_seen_ts_ns": 580797718491
    },
    {
      "tgid": 11284,
      "comm": "lmp",
      "cgroup_id": 9645,
      "wait_duration_stats_ns": {
        "count": 1.0,
        "sum": 7883.0,
        "mean": 7883.0,
        "median": 7883.0,
        "min": 7883,
        "max": 7883,
        "variance_ns2": null,
        "iqr_ns": 0.0,
        "q1_ns": 7883.0,
        "q3_ns": 7883.0
      },
      "futex_op_counts": {
        "128": 1
      },
      "first_seen_ts_ns": 690300341478,
      "last_seen_ts_ns": 690300341478
    },
    {
      "tgid": 11216,
      "comm": "lmp",
      "cgroup_id": 9645,
      "wait_duration_stats_ns": {
        "count": 1.0,
        "sum": 7858.0,
        "mean": 7858.0,
        "median": 7858.0,
        "min": 7858,
        "max": 7858,
        "variance_ns2": null,
        "iqr_ns": 0.0,
        "q1_ns": 7858.0,
        "q3_ns": 7858.0
      },
      "futex_op_counts": {
        "128": 1
      },
      "first_seen_ts_ns": 690300513798,
      "last_seen_ts_ns": 690300513798
    },
    {
      "tgid": 10294,
      "comm": "lmp",
      "cgroup_id": 9645,
      "wait_duration_stats_ns": {
        "count": 1.0,
        "sum": 7852.0,
        "mean": 7852.0,
        "median": 7852.0,
        "min": 7852,
        "max": 7852,
        "variance_ns2": null,
        "iqr_ns": 0.0,
        "q1_ns": 7852.0,
        "q3_ns": 7852.0
      },
      "futex_op_counts": {
        "128": 1
      },
      "first_seen_ts_ns": 467322788459,
      "last_seen_ts_ns": 467322788459
    },
    {
      "tgid": 11204,
      "comm": "lmp",
      "cgroup_id": 9645,
      "wait_duration_stats_ns": {
        "count": 1.0,
        "sum": 7846.0,
        "mean": 7846.0,
        "median": 7846.0,
        "min": 7846,
        "max": 7846,
        "variance_ns2": null,
        "iqr_ns": 0.0,
        "q1_ns": 7846.0,
        "q3_ns": 7846.0
      },
      "futex_op_counts": {
        "128": 1
      },
      "first_seen_ts_ns": 690300494182,
      "last_seen_ts_ns": 690300494182
    },
    {
      "tgid": 10803,
      "comm": "lmp",
      "cgroup_id": 9645,
      "wait_duration_stats_ns": {
        "count": 1.0,
        "sum": 7771.0,
        "mean": 7771.0,
        "median": 7771.0,
        "min": 7771,
        "max": 7771,
        "variance_ns2": null,
        "iqr_ns": 0.0,
        "q1_ns": 7771.0,
        "q3_ns": 7771.0
      },
      "futex_op_counts": {
        "128": 1
      },
      "first_seen_ts_ns": 580798194553,
      "last_seen_ts_ns": 580798194553
    },
    {
      "tgid": 10246,
      "comm": "lmp",
      "cgroup_id": 9645,
      "wait_duration_stats_ns": {
        "count": 1.0,
        "sum": 7681.0,
        "mean": 7681.0,
        "median": 7681.0,
        "min": 7681,
        "max": 7681,
        "variance_ns2": null,
        "iqr_ns": 0.0,
        "q1_ns": 7681.0,
        "q3_ns": 7681.0
      },
      "futex_op_counts": {
        "128": 1
      },
      "first_seen_ts_ns": 467324811464,
      "last_seen_ts_ns": 467324811464
    },
    {
      "tgid": 10849,
      "comm": "lmp",
      "cgroup_id": 9645,
      "wait_duration_stats_ns": {
        "count": 1.0,
        "sum": 7617.0,
        "mean": 7617.0,
        "median": 7617.0,
        "min": 7617,
        "max": 7617,
        "variance_ns2": null,
        "iqr_ns": 0.0,
        "q1_ns": 7617.0,
        "q3_ns": 7617.0
      },
      "futex_op_counts": {
        "128": 1
      },
      "first_seen_ts_ns": 580797613220,
      "last_seen_ts_ns": 580797613220
    },
    {
      "tgid": 11310,
      "comm": "lmp",
      "cgroup_id": 9645,
      "wait_duration_stats_ns": {
        "count": 1.0,
        "sum": 7536.0,
        "mean": 7536.0,
        "median": 7536.0,
        "min": 7536,
        "max": 7536,
        "variance_ns2": null,
        "iqr_ns": 0.0,
        "q1_ns": 7536.0,
        "q3_ns": 7536.0
      },
      "futex_op_counts": {
        "128": 1
      },
      "first_seen_ts_ns": 690299591912,
      "last_seen_ts_ns": 690299591912
    },
    {
      "tgid": 837,
      "comm": "multipathd",
      "cgroup_id": 1702,
      "wait_duration_stats_ns": {
        "count": 2.0,
        "sum": 3147.0,
        "mean": 1573.5,
        "median": 1969.0,
        "min": 1178,
        "max": 1969,
        "variance_ns2": 312840.5,
        "iqr_ns": 791.0,
        "q1_ns": 1178.0,
        "q3_ns": 1969.0
      },
      "futex_op_counts": {
        "128": 2
      },
      "first_seen_ts_ns": 394850025850,
      "last_seen_ts_ns": 669863259141
    }
  ]
}
[23:00:43] Cleanup complete.
