unlimited
Looking for /opt/programs/futex-model/ebpf-collect.c
[22:54:55] Starting eBPF (Tracepoints for futex syscalls).
[22:54:55] BPF program loaded and tracepoints automatically attached.
[22:54:55] Start Indicator file defined '/mnt/flux/start_ebpf_collection'. Waiting.
[22:55:06] Start indicator found. Proceeding.
[22:55:06] Ring buffers opened. Polling for events...
[23:00:43] 
Indicator file '/mnt/flux/stop_ebpf_collection' found. Stopping.
[23:00:43] Cleaning up BPF resources...
{
  "final_aggregated_futex_summary_river": [
    {
      "tgid": 7433,
      "comm": "fluent-bit-gke-",
      "cgroup_id": 7979,
      "wait_duration_stats_ns": {
        "count": 16255.0,
        "sum": 24369739441609.945,
        "mean": 1499214976.4140232,
        "median": 320753.1124449033,
        "min": 363,
        "max": 114111047836,
        "variance_ns2": 1.0366274227379305e+20,
        "iqr_ns": 21064707.083975017,
        "q1_ns": 19967.290443086527,
        "q3_ns": 21084674.374418102
      },
      "futex_op_counts": {
        "128": 16255
      },
      "first_seen_ts_ns": 348000176694,
      "last_seen_ts_ns": 694388566504
    },
    {
      "tgid": 3776,
      "comm": "kubelet",
      "cgroup_id": 6640,
      "wait_duration_stats_ns": {
        "count": 30848.0,
        "sum": 13111940771318.996,
        "mean": 425049947.2030276,
        "median": 13009220.296278615,
        "min": 398,
        "max": 130184558365,
        "variance_ns2": 2.232068678805941e+19,
        "iqr_ns": 47910509.872423396,
        "q1_ns": 1094139.9564056757,
        "q3_ns": 49004649.82882907
      },
      "futex_op_counts": {
        "128": 30848
      },
      "first_seen_ts_ns": 347615257998,
      "last_seen_ts_ns": 695850637436
    },
    {
      "tgid": 3594,
      "comm": "containerd",
      "cgroup_id": 6520,
      "wait_duration_stats_ns": {
        "count": 143946.0,
        "sum": 9960903488378.926,
        "mean": 69198890.47544861,
        "median": 161496.17008042368,
        "min": 461,
        "max": 120933957120,
        "variance_ns2": 3.683708952187846e+18,
        "iqr_ns": 1215430.2909979892,
        "q1_ns": 46761.30752714098,
        "q3_ns": 1262191.5985251302
      },
      "futex_op_counts": {
        "128": 143946
      },
      "first_seen_ts_ns": 347568160212,
      "last_seen_ts_ns": 695868226343
    },
    {
      "tgid": 8600,
      "comm": "prometheus",
      "cgroup_id": 8848,
      "wait_duration_stats_ns": {
        "count": 16733.0,
        "sum": 6397879127678.048,
        "mean": 382350990.7176267,
        "median": 45191817.844727114,
        "min": 566,
        "max": 240039698292,
        "variance_ns2": 3.642368198160099e+19,
        "iqr_ns": 10085593.22917793,
        "q1_ns": 40087017.061696954,
        "q3_ns": 50172610.29087488
      },
      "futex_op_counts": {
        "128": 16733
      },
      "first_seen_ts_ns": 347619697293,
      "last_seen_ts_ns": 695857655595
    },
    {
      "tgid": 3846,
      "comm": "node-problem-de",
      "cgroup_id": 6700,
      "wait_duration_stats_ns": {
        "count": 1423.0,
        "sum": 3729486804864.0024,
        "mean": 2620862125.695012,
        "median": 685570261.7512919,
        "min": 431,
        "max": 99485699794,
        "variance_ns2": 1.5862270249514942e+20,
        "iqr_ns": 979359812.971397,
        "q1_ns": 20861476.595034093,
        "q3_ns": 1000221289.5664312
      },
      "futex_op_counts": {
        "128": 1423
      },
      "first_seen_ts_ns": 349414507966,
      "last_seen_ts_ns": 695414784078
    },
    {
      "tgid": 1724,
      "comm": "google_osconfig",
      "cgroup_id": 4234,
      "wait_duration_stats_ns": {
        "count": 361.0,
        "sum": 3249722843959.0,
        "mean": 9002002337.836565,
        "median": 339452846.3015626,
        "min": 469,
        "max": 120050226135,
        "variance_ns2": 7.101351171441078e+20,
        "iqr_ns": 4546331569.401594,
        "q1_ns": 117413513.53322867,
        "q3_ns": 4663745082.934823
      },
      "futex_op_counts": {
        "128": 361
      },
      "first_seen_ts_ns": 348569718299,
      "last_seen_ts_ns": 693630051135
    },
    {
      "tgid": 1720,
      "comm": "google_guest_ag",
      "cgroup_id": 4174,
      "wait_duration_stats_ns": {
        "count": 283.0,
        "sum": 3207809529955.003,
        "mean": 11335016006.908138,
        "median": 2601875734.8093257,
        "min": 978,
        "max": 120051737789,
        "variance_ns2": 9.303090836707386e+20,
        "iqr_ns": 4453062520.128677,
        "q1_ns": 576656275.2243446,
        "q3_ns": 5029718795.353022
      },
      "futex_op_counts": {
        "128": 283
      },
      "first_seen_ts_ns": 348801308486,
      "last_seen_ts_ns": 693942358308
    },
    {
      "tgid": 7649,
      "comm": "containerd-shim",
      "cgroup_id": 6520,
      "wait_duration_stats_ns": {
        "count": 2747.0,
        "sum": 2646144605797.996,
        "mean": 963285258.754276,
        "median": 747138.9514995266,
        "min": 368,
        "max": 260175364549,
        "variance_ns2": 3.2079818908732477e+19,
        "iqr_ns": 11226291.288379602,
        "q1_ns": 161565.62938796176,
        "q3_ns": 11387856.917767564
      },
      "futex_op_counts": {
        "128": 2747
      },
      "first_seen_ts_ns": 360544654925,
      "last_seen_ts_ns": 693941452859
    },
    {
      "tgid": 8731,
      "comm": "config-reloader",
      "cgroup_id": 8927,
      "wait_duration_stats_ns": {
        "count": 183.0,
        "sum": 2358963792449.0,
        "mean": 12890512527.043716,
        "median": 4831965709.112205,
        "min": 601,
        "max": 120000692141,
        "variance_ns2": 7.786994297584951e+20,
        "iqr_ns": 10009227685.014156,
        "q1_ns": 53154781.551824,
        "q3_ns": 10062382466.56598
      },
      "futex_op_counts": {
        "128": 183
      },
      "first_seen_ts_ns": 349927152025,
      "last_seen_ts_ns": 690231209315
    },
    {
      "tgid": 7735,
      "comm": "csi-node-driver",
      "cgroup_id": 8532,
      "wait_duration_stats_ns": {
        "count": 58.0,
        "sum": 2171398639056.999,
        "mean": 37437907569.94826,
        "median": 14575598837.396046,
        "min": 1650,
        "max": 121001891829,
        "variance_ns2": 2.2714718908419971e+21,
        "iqr_ns": 73723265875.01244,
        "q1_ns": 220980058.78810266,
        "q3_ns": 73944245933.80054
      },
      "futex_op_counts": {
        "128": 58
      },
      "first_seen_ts_ns": 425153222560,
      "last_seen_ts_ns": 666455585535
    },
    {
      "tgid": 4036,
      "comm": "kube-proxy",
      "cgroup_id": 7366,
      "wait_duration_stats_ns": {
        "count": 374.0,
        "sum": 2093042252956.9998,
        "mean": 5596369660.312834,
        "median": 1975667554.1430504,
        "min": 2341,
        "max": 227534503914,
        "variance_ns2": 2.800739854261701e+20,
        "iqr_ns": 4626130881.070068,
        "q1_ns": 276208332.0494605,
        "q3_ns": 4902339213.119529
      },
      "futex_op_counts": {
        "128": 374
      },
      "first_seen_ts_ns": 347903964715,
      "last_seen_ts_ns": 692693149700
    },
    {
      "tgid": 6771,
      "comm": "containerd-shim",
      "cgroup_id": 6520,
      "wait_duration_stats_ns": {
        "count": 1113.0,
        "sum": 1759354287392.997,
        "mean": 1580731614.908353,
        "median": 2083149.353964922,
        "min": 603,
        "max": 44290957614,
        "variance_ns2": 1.746530220306537e+19,
        "iqr_ns": 150213517.3673841,
        "q1_ns": 261439.65019517293,
        "q3_ns": 150474957.0175793
      },
      "futex_op_counts": {
        "128": 1113
      },
      "first_seen_ts_ns": 360507615985,
      "last_seen_ts_ns": 693946902566
    },
    {
      "tgid": 8901,
      "comm": "containerd-shim",
      "cgroup_id": 6520,
      "wait_duration_stats_ns": {
        "count": 207156.0,
        "sum": 1742712214884.021,
        "mean": 8412559.6887564,
        "median": 105679.20269531578,
        "min": 437,
        "max": 59781825202,
        "variance_ns2": 7.203710650230624e+16,
        "iqr_ns": 751073.5998053288,
        "q1_ns": 35621.764241177596,
        "q3_ns": 786695.3640465064
      },
      "futex_op_counts": {
        "128": 207156
      },
      "first_seen_ts_ns": 347664205222,
      "last_seen_ts_ns": 695868245980
    },
    {
      "tgid": 6783,
      "comm": "containerd-shim",
      "cgroup_id": 6520,
      "wait_duration_stats_ns": {
        "count": 820.0,
        "sum": 1718396549307.9993,
        "mean": 2095605547.9365845,
        "median": 5633624.598937345,
        "min": 734,
        "max": 59999687028,
        "variance_ns2": 2.639996887942536e+19,
        "iqr_ns": 2006438240.3354099,
        "q1_ns": 678659.7468823998,
        "q3_ns": 2007116900.0822923
      },
      "futex_op_counts": {
        "128": 820
      },
      "first_seen_ts_ns": 360507864499,
      "last_seen_ts_ns": 693947437004
    },
    {
      "tgid": 7928,
      "comm": "containerd-shim",
      "cgroup_id": 6520,
      "wait_duration_stats_ns": {
        "count": 863.0,
        "sum": 1693887648388.9995,
        "mean": 1962789859.0834293,
        "median": 1195573.586830683,
        "min": 607,
        "max": 60009786940,
        "variance_ns2": 2.954540627860183e+19,
        "iqr_ns": 944511082.6990792,
        "q1_ns": 517090.344217655,
        "q3_ns": 945028173.0432968
      },
      "futex_op_counts": {
        "128": 863
      },
      "first_seen_ts_ns": 360518073897,
      "last_seen_ts_ns": 693948050320
    },
    {
      "tgid": 3974,
      "comm": "containerd-shim",
      "cgroup_id": 6520,
      "wait_duration_stats_ns": {
        "count": 444.0,
        "sum": 1606664446860.9995,
        "mean": 3618613619.056305,
        "median": 347778016.90790725,
        "min": 528,
        "max": 60002980241,
        "variance_ns2": 5.047460856286595e+19,
        "iqr_ns": 4568249826.950248,
        "q1_ns": 4366823.88658273,
        "q3_ns": 4572616650.83683
      },
      "futex_op_counts": {
        "128": 444
      },
      "first_seen_ts_ns": 360514546733,
      "last_seen_ts_ns": 693945015901
    },
    {
      "tgid": 2757,
      "comm": "dockerd",
      "cgroup_id": 6400,
      "wait_duration_stats_ns": {
        "count": 127.0,
        "sum": 1329548856408.0,
        "mean": 10468888633.133858,
        "median": 9493780278.34619,
        "min": 679,
        "max": 129998691967,
        "variance_ns2": 5.758621405638483e+20,
        "iqr_ns": 8604263610.866264,
        "q1_ns": 1422897555.5813704,
        "q3_ns": 10027161166.447634
      },
      "futex_op_counts": {
        "128": 127
      },
      "first_seen_ts_ns": 360970989389,
      "last_seen_ts_ns": 690979135290
    },
    {
      "tgid": 7493,
      "comm": "main",
      "cgroup_id": 8058,
      "wait_duration_stats_ns": {
        "count": 295.0,
        "sum": 989468848652.0002,
        "mean": 3354131690.3457637,
        "median": 1983518238.4667456,
        "min": 864,
        "max": 59979125490,
        "variance_ns2": 5.915816715316859e+19,
        "iqr_ns": 5001902133.7601385,
        "q1_ns": 20435431.557431504,
        "q3_ns": 5022337565.31757
      },
      "futex_op_counts": {
        "128": 295
      },
      "first_seen_ts_ns": 349927853184,
      "last_seen_ts_ns": 694938233844
    },
    {
      "tgid": 7621,
      "comm": "main",
      "cgroup_id": 8295,
      "wait_duration_stats_ns": {
        "count": 532.0,
        "sum": 968941133968.0002,
        "mean": 1821317920.9924817,
        "median": 44588389.586192876,
        "min": 573,
        "max": 59955965558,
        "variance_ns2": 3.6693020245563458e+19,
        "iqr_ns": 3305898790.3179646,
        "q1_ns": 2980954.801077606,
        "q3_ns": 3308879745.1190424
      },
      "futex_op_counts": {
        "128": 532
      },
      "first_seen_ts_ns": 360909658499,
      "last_seen_ts_ns": 690922291809
    },
    {
      "tgid": 7585,
      "comm": "otelsvc",
      "cgroup_id": 8216,
      "wait_duration_stats_ns": {
        "count": 1097.0,
        "sum": 577678970766.0007,
        "mean": 526598879.45852387,
        "median": 457444073.96661913,
        "min": 17891,
        "max": 158010782549,
        "variance_ns2": 2.4958217245057667e+19,
        "iqr_ns": 464806227.91574514,
        "q1_ns": 29779408.293052923,
        "q3_ns": 494585636.20879805
      },
      "futex_op_counts": {
        "128": 1097
      },
      "first_seen_ts_ns": 348382958608,
      "last_seen_ts_ns": 695837577613
    },
    {
      "tgid": 8196,
      "comm": "gce-pd-csi-driv",
      "cgroup_id": 8690,
      "wait_duration_stats_ns": {
        "count": 604.0,
        "sum": 574739622084.0002,
        "mean": 951555665.7019871,
        "median": 590284221.4595364,
        "min": 489852,
        "max": 120600014851,
        "variance_ns2": 4.741452313868456e+19,
        "iqr_ns": 8327732.630021691,
        "q1_ns": 589443266.1088635,
        "q3_ns": 597770998.7388852
      },
      "futex_op_counts": {
        "128": 604
      },
      "first_seen_ts_ns": 348452993163,
      "last_seen_ts_ns": 695852979464
    },
    {
      "tgid": 11703,
      "comm": "log-counter",
      "cgroup_id": 6700,
      "wait_duration_stats_ns": {
        "count": 938.0,
        "sum": 13360713980.999998,
        "mean": 14243831.536247334,
        "median": 239502.414021199,
        "min": 588,
        "max": 1335850732,
        "variance_ns2": 1.3345370404176258e+16,
        "iqr_ns": 1444581.4715276975,
        "q1_ns": 139478.85656166484,
        "q3_ns": 1584060.3280893622
      },
      "futex_op_counts": {
        "128": 938
      },
      "first_seen_ts_ns": 640437448276,
      "last_seen_ts_ns": 641777032675
    },
    {
      "tgid": 11748,
      "comm": "log-counter",
      "cgroup_id": 6700,
      "wait_duration_stats_ns": {
        "count": 1032.0,
        "sum": 11029706842.000002,
        "mean": 10687700.428294575,
        "median": 216858.65425706736,
        "min": 506,
        "max": 1381652868,
        "variance_ns2": 9460201336447302.0,
        "iqr_ns": 746316.1069149182,
        "q1_ns": 160848.6511123418,
        "q3_ns": 907164.75802726
      },
      "futex_op_counts": {
        "128": 1032
      },
      "first_seen_ts_ns": 641780356591,
      "last_seen_ts_ns": 643162474000
    },
    {
      "tgid": 11676,
      "comm": "log-counter",
      "cgroup_id": 6700,
      "wait_duration_stats_ns": {
        "count": 690.0,
        "sum": 10702647875.0,
        "mean": 15511083.876811594,
        "median": 268725.513624598,
        "min": 875,
        "max": 1296972911,
        "variance_ns2": 1.280772347225783e+16,
        "iqr_ns": 1449893.1828066043,
        "q1_ns": 135356.448063441,
        "q3_ns": 1585249.6308700454
      },
      "futex_op_counts": {
        "128": 690
      },
      "first_seen_ts_ns": 639424920234,
      "last_seen_ts_ns": 640722215969
    },
    {
      "tgid": 11675,
      "comm": "log-counter",
      "cgroup_id": 6700,
      "wait_duration_stats_ns": {
        "count": 21.0,
        "sum": 5023773401.0,
        "mean": 239227304.8095238,
        "median": 35567073.073860474,
        "min": 18022,
        "max": 1009011033,
        "variance_ns2": 1.6576567767168237e+17,
        "iqr_ns": 336329571.9702445,
        "q1_ns": 3452121.521116779,
        "q3_ns": 339781693.4913613
      },
      "futex_op_counts": {
        "128": 21
      },
      "first_seen_ts_ns": 639422979139,
      "last_seen_ts_ns": 640434318182
    },
    {
      "tgid": 11719,
      "comm": "log-counter",
      "cgroup_id": 6700,
      "wait_duration_stats_ns": {
        "count": 17.0,
        "sum": 5007436085.0,
        "mean": 294555063.8235294,
        "median": 30069500.617196016,
        "min": 954,
        "max": 1003011229,
        "variance_ns2": 2.1874692720238022e+17,
        "iqr_ns": 342752643.8339089,
        "q1_ns": 8339995.1615929715,
        "q3_ns": 351092638.9955019
      },
      "futex_op_counts": {
        "128": 17
      },
      "first_seen_ts_ns": 640826090717,
      "last_seen_ts_ns": 641832220197
    },
    {
      "tgid": 11697,
      "comm": "log-counter",
      "cgroup_id": 6700,
      "wait_duration_stats_ns": {
        "count": 15.0,
        "sum": 4049969950.0000005,
        "mean": 269997996.6666667,
        "median": 73637490.59496528,
        "min": 8045,
        "max": 1010965886,
        "variance_ns2": 1.756047444795248e+17,
        "iqr_ns": 298297901.98599,
        "q1_ns": 3471453.2958333334,
        "q3_ns": 301769355.28182334
      },
      "futex_op_counts": {
        "128": 15
      },
      "first_seen_ts_ns": 639663100259,
      "last_seen_ts_ns": 640689020024
    },
    {
      "tgid": 10868,
      "comm": "kubectl",
      "cgroup_id": 6580,
      "wait_duration_stats_ns": {
        "count": 579.0,
        "sum": 3535614665.9999986,
        "mean": 6106415.6580310855,
        "median": 854352.2477052861,
        "min": 546,
        "max": 560503917,
        "variance_ns2": 921253142660149.0,
        "iqr_ns": 5632158.775525848,
        "q1_ns": 204187.26740011014,
        "q3_ns": 5836346.0429259585
      },
      "futex_op_counts": {
        "128": 579
      },
      "first_seen_ts_ns": 456490010991,
      "last_seen_ts_ns": 457071156741
    },
    {
      "tgid": 11726,
      "comm": "runc",
      "cgroup_id": 6520,
      "wait_duration_stats_ns": {
        "count": 347.0,
        "sum": 979993880.0,
        "mean": 2824189.855907781,
        "median": 101459.68168633876,
        "min": 8718,
        "max": 135422457,
        "variance_ns2": 278952534109338.44,
        "iqr_ns": 629307.844153259,
        "q1_ns": 26805.10057491352,
        "q3_ns": 656112.9447281725
      },
      "futex_op_counts": {
        "128": 347
      },
      "first_seen_ts_ns": 641622214750,
      "last_seen_ts_ns": 641766557224
    },
    {
      "tgid": 11301,
      "comm": "runc",
      "cgroup_id": 6520,
      "wait_duration_stats_ns": {
        "count": 336.0,
        "sum": 972341323.0000001,
        "mean": 2893872.985119048,
        "median": 88579.25794533841,
        "min": 499,
        "max": 135749941,
        "variance_ns2": 321881122443283.25,
        "iqr_ns": 538237.1804283962,
        "q1_ns": 18760.24963603407,
        "q3_ns": 556997.4300644302
      },
      "futex_op_counts": {
        "128": 336
      },
      "first_seen_ts_ns": 561622232771,
      "last_seen_ts_ns": 561763877568
    },
    {
      "tgid": 10719,
      "comm": "runc",
      "cgroup_id": 6520,
      "wait_duration_stats_ns": {
        "count": 291.0,
        "sum": 909597295.9999999,
        "mean": 3125763.9037800683,
        "median": 138849.39901197917,
        "min": 549,
        "max": 115762213,
        "variance_ns2": 275719338736340.4,
        "iqr_ns": 714263.2676651027,
        "q1_ns": 21458.54689480183,
        "q3_ns": 735721.8145599045
      },
      "futex_op_counts": {
        "128": 291
      },
      "first_seen_ts_ns": 401621051602,
      "last_seen_ts_ns": 401740719498
    },
    {
      "tgid": 11827,
      "comm": "runc",
      "cgroup_id": 6520,
      "wait_duration_stats_ns": {
        "count": 313.0,
        "sum": 906054549.0000001,
        "mean": 2894742.968051119,
        "median": 126246.33070488424,
        "min": 625,
        "max": 124465076,
        "variance_ns2": 280896513785367.38,
        "iqr_ns": 855545.2666072198,
        "q1_ns": 31992.15041562503,
        "q3_ns": 887537.4170228449
      },
      "futex_op_counts": {
        "128": 313
      },
      "first_seen_ts_ns": 681625011261,
      "last_seen_ts_ns": 681759016855
    },
    {
      "tgid": 11626,
      "comm": "runc",
      "cgroup_id": 6520,
      "wait_duration_stats_ns": {
        "count": 350.0,
        "sum": 873557169.9999998,
        "mean": 2495877.628571428,
        "median": 118816.87816798767,
        "min": 1063,
        "max": 128235718,
        "variance_ns2": 177840909108954.44,
        "iqr_ns": 617587.1230709009,
        "q1_ns": 23106.277710448943,
        "q3_ns": 640693.4007813499
      },
      "futex_op_counts": {
        "128": 350
      },
      "first_seen_ts_ns": 621627011398,
      "last_seen_ts_ns": 621758176982
    },
    {
      "tgid": 11214,
      "comm": "runc",
      "cgroup_id": 6520,
      "wait_duration_stats_ns": {
        "count": 323.0,
        "sum": 869937923.0,
        "mean": 2693306.263157895,
        "median": 99180.73501108662,
        "min": 641,
        "max": 121245249,
        "variance_ns2": 241847678344624.2,
        "iqr_ns": 640386.8644566741,
        "q1_ns": 22129.53223954911,
        "q3_ns": 662516.3966962232
      },
      "futex_op_counts": {
        "128": 323
      },
      "first_seen_ts_ns": 521626010244,
      "last_seen_ts_ns": 521751496216
    },
    {
      "tgid": 11761,
      "comm": "runc",
      "cgroup_id": 6520,
      "wait_duration_stats_ns": {
        "count": 317.0,
        "sum": 823686850.0,
        "mean": 2598381.230283912,
        "median": 111162.1850728751,
        "min": 713,
        "max": 117315434,
        "variance_ns2": 190841222033456.84,
        "iqr_ns": 492090.51810287754,
        "q1_ns": 28199.094394027878,
        "q3_ns": 520289.61249690544
      },
      "futex_op_counts": {
        "128": 317
      },
      "first_seen_ts_ns": 651623270501,
      "last_seen_ts_ns": 651745433222
    },
    {
      "tgid": 11648,
      "comm": "runc",
      "cgroup_id": 6520,
      "wait_duration_stats_ns": {
        "count": 367.0,
        "sum": 772275064.0,
        "mean": 2104291.727520436,
        "median": 76308.8096160739,
        "min": 8028,
        "max": 101771450,
        "variance_ns2": 154381990856607.9,
        "iqr_ns": 350513.79797008034,
        "q1_ns": 24199.95927631587,
        "q3_ns": 374713.7572463962
      },
      "futex_op_counts": {
        "128": 367
      },
      "first_seen_ts_ns": 631628014970,
      "last_seen_ts_ns": 631740322013
    },
    {
      "tgid": 10788,
      "comm": "runc",
      "cgroup_id": 6520,
      "wait_duration_stats_ns": {
        "count": 319.0,
        "sum": 766267484.0,
        "mean": 2402092.4263322884,
        "median": 81388.3014369321,
        "min": 5606,
        "max": 107000743,
        "variance_ns2": 159013680905045.44,
        "iqr_ns": 540779.7904713757,
        "q1_ns": 22183.66550168858,
        "q3_ns": 562963.4559730643
      },
      "futex_op_counts": {
        "128": 319
      },
      "first_seen_ts_ns": 431627015720,
      "last_seen_ts_ns": 431739033644
    },
    {
      "tgid": 11259,
      "comm": "runc",
      "cgroup_id": 6520,
      "wait_duration_stats_ns": {
        "count": 269.0,
        "sum": 765059893.0000001,
        "mean": 2844088.821561339,
        "median": 117368.69820476111,
        "min": 540,
        "max": 112080272,
        "variance_ns2": 234782355253742.4,
        "iqr_ns": 734097.347777985,
        "q1_ns": 23543.336674132534,
        "q3_ns": 757640.6844521175
      },
      "futex_op_counts": {
        "128": 269
      },
      "first_seen_ts_ns": 541620078993,
      "last_seen_ts_ns": 541735042331
    },
    {
      "tgid": 11323,
      "comm": "runc",
      "cgroup_id": 6520,
      "wait_duration_stats_ns": {
        "count": 333.0,
        "sum": 750507656.0000002,
        "mean": 2253776.7447447455,
        "median": 91413.26428461242,
        "min": 680,
        "max": 92021313,
        "variance_ns2": 121233261738137.7,
        "iqr_ns": 1651253.3611597647,
        "q1_ns": 22442.062660015206,
        "q3_ns": 1673695.42381978
      },
      "futex_op_counts": {
        "128": 333
      },
      "first_seen_ts_ns": 571622116945,
      "last_seen_ts_ns": 571739299309
    },
    {
      "tgid": 10810,
      "comm": "runc",
      "cgroup_id": 6520,
      "wait_duration_stats_ns": {
        "count": 372.0,
        "sum": 739289246.0,
        "mean": 1987336.682795699,
        "median": 75042.16664104056,
        "min": 8087,
        "max": 94647200,
        "variance_ns2": 132376987903945.64,
        "iqr_ns": 446220.50269694376,
        "q1_ns": 22791.605822534275,
        "q3_ns": 469012.10851947806
      },
      "futex_op_counts": {
        "128": 372
      },
      "first_seen_ts_ns": 441632139276,
      "last_seen_ts_ns": 441732031249
    },
    {
      "tgid": 11237,
      "comm": "runc",
      "cgroup_id": 6520,
      "wait_duration_stats_ns": {
        "count": 331.0,
        "sum": 726546709.0,
        "mean": 2195005.163141994,
        "median": 141433.21957730764,
        "min": 542,
        "max": 92603164,
        "variance_ns2": 119819938137904.88,
        "iqr_ns": 804408.3993105487,
        "q1_ns": 24711.51803040259,
        "q3_ns": 829119.9173409513
      },
      "futex_op_counts": {
        "128": 331
      },
      "first_seen_ts_ns": 531621952956,
      "last_seen_ts_ns": 531723469769
    },
    {
      "tgid": 11805,
      "comm": "runc",
      "cgroup_id": 6520,
      "wait_duration_stats_ns": {
        "count": 384.0,
        "sum": 717844405.0,
        "mean": 1869386.4713541665,
        "median": 64917.85407765143,
        "min": 1127,
        "max": 103192007,
        "variance_ns2": 133176990963946.72,
        "iqr_ns": 303839.90397280286,
        "q1_ns": 22568.690001073912,
        "q3_ns": 326408.5939738768
      },
      "futex_op_counts": {
        "128": 384
      },
      "first_seen_ts_ns": 671621930737,
      "last_seen_ts_ns": 671728015023
    },
    {
      "tgid": 10901,
      "comm": "runc",
      "cgroup_id": 6520,
      "wait_duration_stats_ns": {
        "count": 284.0,
        "sum": 696676943.0000001,
        "mean": 2453087.827464789,
        "median": 105653.20130883779,
        "min": 10085,
        "max": 97481800,
        "variance_ns2": 153114431423398.16,
        "iqr_ns": 681312.8851006718,
        "q1_ns": 28405.108746906168,
        "q3_ns": 709717.993847578
      },
      "futex_op_counts": {
        "128": 284
      },
      "first_seen_ts_ns": 461621471533,
      "last_seen_ts_ns": 461727838671
    },
    {
      "tgid": 11188,
      "comm": "runc",
      "cgroup_id": 6520,
      "wait_duration_stats_ns": {
        "count": 342.0,
        "sum": 621693812.9999998,
        "mean": 1817818.166666666,
        "median": 66076.15838945835,
        "min": 9453,
        "max": 87229194,
        "variance_ns2": 107955247904753.67,
        "iqr_ns": 279228.01097006386,
        "q1_ns": 19341.187474402257,
        "q3_ns": 298569.1984444661
      },
      "futex_op_counts": {
        "128": 342
      },
      "first_seen_ts_ns": 511626030874,
      "last_seen_ts_ns": 511719722335
    },
    {
      "tgid": 11737,
      "comm": "runc:[2:INIT]",
      "cgroup_id": 8532,
      "wait_duration_stats_ns": {
        "count": 38.0,
        "sum": 620064944.0000002,
        "mean": 16317498.526315795,
        "median": 3074808.97287556,
        "min": 1296,
        "max": 88751935,
        "variance_ns2": 846215263590312.9,
        "iqr_ns": 19198354.00137898,
        "q1_ns": 206650.26843603328,
        "q3_ns": 19405004.269815013
      },
      "futex_op_counts": {
        "128": 38
      },
      "first_seen_ts_ns": 641656305091,
      "last_seen_ts_ns": 641764752068
    },
    {
      "tgid": 10834,
      "comm": "runc",
      "cgroup_id": 6520,
      "wait_duration_stats_ns": {
        "count": 410.0,
        "sum": 601703137.0000001,
        "mean": 1467568.6268292686,
        "median": 84363.04852013389,
        "min": 523,
        "max": 92763075,
        "variance_ns2": 68617707176002.46,
        "iqr_ns": 514203.54841734184,
        "q1_ns": 20489.48708817766,
        "q3_ns": 534693.0355055195
      },
      "futex_op_counts": {
        "128": 410
      },
      "first_seen_ts_ns": 451620396122,
      "last_seen_ts_ns": 451722025042
    },
    {
      "tgid": 11784,
      "comm": "runc",
      "cgroup_id": 6520,
      "wait_duration_stats_ns": {
        "count": 334.0,
        "sum": 596741752.0,
        "mean": 1786651.9520958082,
        "median": 71809.79943452055,
        "min": 679,
        "max": 97173066,
        "variance_ns2": 108333333970150.83,
        "iqr_ns": 289206.8718037731,
        "q1_ns": 25232.96284173555,
        "q3_ns": 314439.8346455087
      },
      "futex_op_counts": {
        "128": 334
      },
      "first_seen_ts_ns": 661620712724,
      "last_seen_ts_ns": 661723257090
    },
    {
      "tgid": 10768,
      "comm": "runc",
      "cgroup_id": 6520,
      "wait_duration_stats_ns": {
        "count": 305.0,
        "sum": 554596296.0,
        "mean": 1818348.5114754098,
        "median": 59098.179189685936,
        "min": 9708,
        "max": 91946046,
        "variance_ns2": 122090218808950.12,
        "iqr_ns": 426945.80958850804,
        "q1_ns": 23389.164173261543,
        "q3_ns": 450334.9737617696
      },
      "futex_op_counts": {
        "128": 305
      },
      "first_seen_ts_ns": 421622182874,
      "last_seen_ts_ns": 421717172719
    },
    {
      "tgid": 11280,
      "comm": "runc",
      "cgroup_id": 6520,
      "wait_duration_stats_ns": {
        "count": 315.0,
        "sum": 554550734.0,
        "mean": 1760478.5206349206,
        "median": 68101.04958819953,
        "min": 4426,
        "max": 76965891,
        "variance_ns2": 89810693467683.69,
        "iqr_ns": 2422328.641637007,
        "q1_ns": 16522.913703266666,
        "q3_ns": 2438851.5553402733
      },
      "futex_op_counts": {
        "128": 315
      },
      "first_seen_ts_ns": 551625157168,
      "last_seen_ts_ns": 551710161121
    },
    {
      "tgid": 11312,
      "comm": "runc:[2:INIT]",
      "cgroup_id": 8532,
      "wait_duration_stats_ns": {
        "count": 27.0,
        "sum": 523110064.00000006,
        "mean": 19374446.814814817,
        "median": 3821803.5429482786,
        "min": 22034,
        "max": 92877750,
        "variance_ns2": 1222849042671855.0,
        "iqr_ns": 20183487.659790903,
        "q1_ns": 49117.96296296296,
        "q3_ns": 20232605.622753866
      },
      "futex_op_counts": {
        "128": 27
      },
      "first_seen_ts_ns": 561655145118,
      "last_seen_ts_ns": 561763920356
    },
    {
      "tgid": 10745,
      "comm": "runc",
      "cgroup_id": 6520,
      "wait_duration_stats_ns": {
        "count": 323.0,
        "sum": 484545779.99999994,
        "mean": 1500141.7337461298,
        "median": 84818.10637621584,
        "min": 695,
        "max": 79042590,
        "variance_ns2": 61170538069965.39,
        "iqr_ns": 416178.44173565926,
        "q1_ns": 26061.774282627826,
        "q3_ns": 442240.2160182871
      },
      "futex_op_counts": {
        "128": 323
      },
      "first_seen_ts_ns": 411620459708,
      "last_seen_ts_ns": 411705446970
    },
    {
      "tgid": 11838,
      "comm": "runc:[2:INIT]",
      "cgroup_id": 8532,
      "wait_duration_stats_ns": {
        "count": 31.0,
        "sum": 472650352.0,
        "mean": 15246785.548387097,
        "median": 1659266.0597672751,
        "min": 5529,
        "max": 84143639,
        "variance_ns2": 843628195461797.5,
        "iqr_ns": 23728559.973514836,
        "q1_ns": 52086.592454309124,
        "q3_ns": 23780646.565969147
      },
      "futex_op_counts": {
        "128": 31
      },
      "first_seen_ts_ns": 681653153392,
      "last_seen_ts_ns": 681753270509
    },
    {
      "tgid": 11270,
      "comm": "runc:[2:INIT]",
      "cgroup_id": 8532,
      "wait_duration_stats_ns": {
        "count": 33.0,
        "sum": 452016827.9999999,
        "mean": 13697479.636363633,
        "median": 2174235.819045809,
        "min": 13298,
        "max": 75972298,
        "variance_ns2": 608422410955821.2,
        "iqr_ns": 16670583.262308452,
        "q1_ns": 193662.35793857696,
        "q3_ns": 16864245.62024703
      },
      "futex_op_counts": {
        "128": 33
      },
      "first_seen_ts_ns": 541641889762,
      "last_seen_ts_ns": 541734176744
    },
    {
      "tgid": 11225,
      "comm": "runc:[2:INIT]",
      "cgroup_id": 8532,
      "wait_duration_stats_ns": {
        "count": 28.0,
        "sum": 448645892.99999994,
        "mean": 16023067.607142854,
        "median": 1932984.7449405417,
        "min": 21810,
        "max": 76895868,
        "variance_ns2": 817668818365251.8,
        "iqr_ns": 22329450.160585377,
        "q1_ns": 134998.35787108244,
        "q3_ns": 22464448.51845646
      },
      "futex_op_counts": {
        "128": 28
      },
      "first_seen_ts_ns": 521654177554,
      "last_seen_ts_ns": 521748776827
    },
    {
      "tgid": 10732,
      "comm": "runc:[2:INIT]",
      "cgroup_id": 8532,
      "wait_duration_stats_ns": {
        "count": 31.0,
        "sum": 437786874.00000006,
        "mean": 14122157.225806454,
        "median": 4163218.006576011,
        "min": 16435,
        "max": 72395881,
        "variance_ns2": 529305555396065.0,
        "iqr_ns": 16669541.539511148,
        "q1_ns": 568112.7240688568,
        "q3_ns": 17237654.263580006
      },
      "futex_op_counts": {
        "128": 31
      },
      "first_seen_ts_ns": 401651471209,
      "last_seen_ts_ns": 401739806754
    },
    {
      "tgid": 11772,
      "comm": "runc:[2:INIT]",
      "cgroup_id": 8532,
      "wait_duration_stats_ns": {
        "count": 35.0,
        "sum": 413575834.00000006,
        "mean": 11816452.400000002,
        "median": 1709341.282408157,
        "min": 2725,
        "max": 69128488,
        "variance_ns2": 499716951565822.94,
        "iqr_ns": 11930513.624613894,
        "q1_ns": 39185.817142857144,
        "q3_ns": 11969699.441756751
      },
      "futex_op_counts": {
        "128": 35
      },
      "first_seen_ts_ns": 651660113383,
      "last_seen_ts_ns": 651745560987
    },
    {
      "tgid": 11660,
      "comm": "runc:[2:INIT]",
      "cgroup_id": 8532,
      "wait_duration_stats_ns": {
        "count": 28.0,
        "sum": 410089620.9999999,
        "mean": 14646057.892857138,
        "median": 2818097.099094236,
        "min": 28526,
        "max": 67708933,
        "variance_ns2": 487106858053113.3,
        "iqr_ns": 17540823.961097665,
        "q1_ns": 1076787.2063225117,
        "q3_ns": 18617611.167420175
      },
      "futex_op_counts": {
        "128": 28
      },
      "first_seen_ts_ns": 631661133157,
      "last_seen_ts_ns": 631740237976
    },
    {
      "tgid": 11637,
      "comm": "runc:[2:INIT]",
      "cgroup_id": 8532,
      "wait_duration_stats_ns": {
        "count": 47.0,
        "sum": 397160477.00000006,
        "mean": 8450222.914893618,
        "median": 2782156.6061681947,
        "min": 6082,
        "max": 59040134,
        "variance_ns2": 310961060951110.4,
        "iqr_ns": 9674318.112546813,
        "q1_ns": 301511.5946290016,
        "q3_ns": 9975829.707175814
      },
      "futex_op_counts": {
        "128": 47
      },
      "first_seen_ts_ns": 621672068616,
      "last_seen_ts_ns": 621755797224
    },
    {
      "tgid": 11125,
      "comm": "runc",
      "cgroup_id": 6520,
      "wait_duration_stats_ns": {
        "count": 370.0,
        "sum": 374312301.0,
        "mean": 1011654.8675675676,
        "median": 49984.74683835231,
        "min": 641,
        "max": 63300262,
        "variance_ns2": 39723895733464.34,
        "iqr_ns": 322212.95464704075,
        "q1_ns": 16336.31207632981,
        "q3_ns": 338549.2667233706
      },
      "futex_op_counts": {
        "128": 370
      },
      "first_seen_ts_ns": 481619758372,
      "last_seen_ts_ns": 481685946849
    },
    {
      "tgid": 11816,
      "comm": "runc:[2:INIT]",
      "cgroup_id": 8532,
      "wait_duration_stats_ns": {
        "count": 27.0,
        "sum": 350810632.0000001,
        "mean": 12992986.370370375,
        "median": 1559131.110929798,
        "min": 11986,
        "max": 58998855,
        "variance_ns2": 465130387501305.3,
        "iqr_ns": 12317476.18094946,
        "q1_ns": 43193.04666666666,
        "q3_ns": 12360669.227616128
      },
      "futex_op_counts": {
        "128": 27
      },
      "first_seen_ts_ns": 671653179348,
      "last_seen_ts_ns": 671728010346
    },
    {
      "tgid": 10845,
      "comm": "runc:[2:INIT]",
      "cgroup_id": 8532,
      "wait_duration_stats_ns": {
        "count": 34.0,
        "sum": 340555839.0000001,
        "mean": 10016348.205882356,
        "median": 984813.0524067717,
        "min": 3853,
        "max": 55231816,
        "variance_ns2": 355480914835966.5,
        "iqr_ns": 7839011.674003989,
        "q1_ns": 120867.45235489428,
        "q3_ns": 7959879.126358883
      },
      "futex_op_counts": {
        "128": 34
      },
      "first_seen_ts_ns": 451646215258,
      "last_seen_ts_ns": 451718594016
    },
    {
      "tgid": 11794,
      "comm": "runc:[2:INIT]",
      "cgroup_id": 8532,
      "wait_duration_stats_ns": {
        "count": 30.0,
        "sum": 333567213.0,
        "mean": 11118907.1,
        "median": 3073937.4524199083,
        "min": 22628,
        "max": 52524415,
        "variance_ns2": 299163499567206.56,
        "iqr_ns": 12648980.834536467,
        "q1_ns": 231351.4218600653,
        "q3_ns": 12880332.256396532
      },
      "futex_op_counts": {
        "128": 30
      },
      "first_seen_ts_ns": 661652650450,
      "last_seen_ts_ns": 661722287853
    },
    {
      "tgid": 10912,
      "comm": "runc:[2:INIT]",
      "cgroup_id": 8532,
      "wait_duration_stats_ns": {
        "count": 33.0,
        "sum": 326867739.99999994,
        "mean": 9905083.03030303,
        "median": 3010207.949163413,
        "min": 20795,
        "max": 52563256,
        "variance_ns2": 270872362289283.34,
        "iqr_ns": 11945447.340679856,
        "q1_ns": 105754.69518025432,
        "q3_ns": 12051202.03586011
      },
      "futex_op_counts": {
        "128": 33
      },
      "first_seen_ts_ns": 461656178167,
      "last_seen_ts_ns": 461726050471
    },
    {
      "tgid": 10823,
      "comm": "runc:[2:INIT]",
      "cgroup_id": 8532,
      "wait_duration_stats_ns": {
        "count": 28.0,
        "sum": 316920093.0000001,
        "mean": 11318574.750000004,
        "median": 892671.8720689388,
        "min": 3208,
        "max": 51798191,
        "variance_ns2": 360032285717718.8,
        "iqr_ns": 14237679.5518727,
        "q1_ns": 71477.48240099094,
        "q3_ns": 14309157.034273691
      },
      "futex_op_counts": {
        "128": 28
      },
      "first_seen_ts_ns": 441663292007,
      "last_seen_ts_ns": 441730823910
    },
    {
      "tgid": 11249,
      "comm": "runc:[2:INIT]",
      "cgroup_id": 8532,
      "wait_duration_stats_ns": {
        "count": 32.0,
        "sum": 316058441.00000006,
        "mean": 9876826.281250002,
        "median": 851546.4248411854,
        "min": 1638,
        "max": 54238159,
        "variance_ns2": 283478638738877.4,
        "iqr_ns": 10712185.707959764,
        "q1_ns": 160640.51620550384,
        "q3_ns": 10872826.224165268
      },
      "futex_op_counts": {
        "128": 32
      },
      "first_seen_ts_ns": 531653013976,
      "last_seen_ts_ns": 531723272504
    },
    {
      "tgid": 10800,
      "comm": "runc:[2:INIT]",
      "cgroup_id": 8532,
      "wait_duration_stats_ns": {
        "count": 31.0,
        "sum": 312850059.0,
        "mean": 10091937.387096774,
        "median": 1736057.3432571944,
        "min": 20035,
        "max": 52727398,
        "variance_ns2": 304041380478703.4,
        "iqr_ns": 13870303.411546905,
        "q1_ns": 62442.974089445896,
        "q3_ns": 13932746.38563635
      },
      "futex_op_counts": {
        "128": 31
      },
      "first_seen_ts_ns": 431668151298,
      "last_seen_ts_ns": 431737072697
    },
    {
      "tgid": 11291,
      "comm": "runc:[2:INIT]",
      "cgroup_id": 8532,
      "wait_duration_stats_ns": {
        "count": 30.0,
        "sum": 289342634.0,
        "mean": 9644754.466666667,
        "median": 1489518.1082745893,
        "min": 5378,
        "max": 45564431,
        "variance_ns2": 265445188541206.94,
        "iqr_ns": 11713984.002800629,
        "q1_ns": 110375.81857714843,
        "q3_ns": 11824359.821377777
      },
      "futex_op_counts": {
        "128": 30
      },
      "first_seen_ts_ns": 551647226998,
      "last_seen_ts_ns": 551709098678
    },
    {
      "tgid": 11135,
      "comm": "runc:[2:INIT]",
      "cgroup_id": 8532,
      "wait_duration_stats_ns": {
        "count": 27.0,
        "sum": 273055563.0,
        "mean": 10113169.0,
        "median": 2661631.186260122,
        "min": 23600,
        "max": 42752334,
        "variance_ns2": 257595781713711.38,
        "iqr_ns": 18850114.112094834,
        "q1_ns": 52088.81339561287,
        "q3_ns": 18902202.925490446
      },
      "futex_op_counts": {
        "128": 27
      },
      "first_seen_ts_ns": 481627515868,
      "last_seen_ts_ns": 481685881269
    },
    {
      "tgid": 10778,
      "comm": "runc:[2:INIT]",
      "cgroup_id": 8532,
      "wait_duration_stats_ns": {
        "count": 30.0,
        "sum": 269076928.0,
        "mean": 8969230.933333334,
        "median": 2421135.891342919,
        "min": 16115,
        "max": 51033377,
        "variance_ns2": 192733840834299.44,
        "iqr_ns": 5206158.4548009075,
        "q1_ns": 1782246.4753978648,
        "q3_ns": 6988404.930198772
      },
      "futex_op_counts": {
        "128": 30
      },
      "first_seen_ts_ns": 421641113817,
      "last_seen_ts_ns": 421717154415
    },
    {
      "tgid": 10879,
      "comm": "gke-exec-auth-p",
      "cgroup_id": 6580,
      "wait_duration_stats_ns": {
        "count": 298.0,
        "sum": 267486358.99999994,
        "mean": 897605.231543624,
        "median": 87668.76544542654,
        "min": 851,
        "max": 21721470,
        "variance_ns2": 9212989029005.648,
        "iqr_ns": 275752.74252341595,
        "q1_ns": 22162.80149669447,
        "q3_ns": 297915.5440201104
      },
      "futex_op_counts": {
        "128": 298
      },
      "first_seen_ts_ns": 456868014197,
      "last_seen_ts_ns": 456943011327
    },
    {
      "tgid": 11200,
      "comm": "runc:[2:INIT]",
      "cgroup_id": 8532,
      "wait_duration_stats_ns": {
        "count": 26.0,
        "sum": 245461549.0,
        "mean": 9440828.807692308,
        "median": 932287.0408096181,
        "min": 1216,
        "max": 46834872,
        "variance_ns2": 267195690852375.75,
        "iqr_ns": 6282526.151883614,
        "q1_ns": 27239.07882917396,
        "q3_ns": 6309765.230712788
      },
      "futex_op_counts": {
        "128": 26
      },
      "first_seen_ts_ns": 511657009722,
      "last_seen_ts_ns": 511722071318
    },
    {
      "tgid": 11850,
      "comm": "runc",
      "cgroup_id": 6520,
      "wait_duration_stats_ns": {
        "count": 372.0,
        "sum": 244745293.00000003,
        "mean": 657917.4543010753,
        "median": 28951.58650841435,
        "min": 617,
        "max": 36340462,
        "variance_ns2": 19044590156433.062,
        "iqr_ns": 123067.37858728666,
        "q1_ns": 14108.665624841939,
        "q3_ns": 137176.0442121286
      },
      "futex_op_counts": {
        "128": 372
      },
      "first_seen_ts_ns": 691619383024,
      "last_seen_ts_ns": 691658702335
    },
    {
      "tgid": 11334,
      "comm": "runc:[2:INIT]",
      "cgroup_id": 8532,
      "wait_duration_stats_ns": {
        "count": 28.0,
        "sum": 240926665.0,
        "mean": 8604523.75,
        "median": 668717.2945076127,
        "min": 16756,
        "max": 48211917,
        "variance_ns2": 225240568526354.84,
        "iqr_ns": 9328166.286404304,
        "q1_ns": 53965.38829629631,
        "q3_ns": 9382131.674700601
      },
      "futex_op_counts": {
        "128": 28
      },
      "first_seen_ts_ns": 571673160277,
      "last_seen_ts_ns": 571738477644
    },
    {
      "tgid": 10585,
      "comm": "runc",
      "cgroup_id": 6520,
      "wait_duration_stats_ns": {
        "count": 370.0,
        "sum": 235770373.9999999,
        "mean": 637217.2270270268,
        "median": 38266.104062068734,
        "min": 703,
        "max": 42986007,
        "variance_ns2": 14987778616056.098,
        "iqr_ns": 195062.31199964348,
        "q1_ns": 15088.317279241628,
        "q3_ns": 210150.6292788851
      },
      "futex_op_counts": {
        "128": 370
      },
      "first_seen_ts_ns": 361619802986,
      "last_seen_ts_ns": 361663022513
    },
    {
      "tgid": 11146,
      "comm": "runc",
      "cgroup_id": 6520,
      "wait_duration_stats_ns": {
        "count": 386.0,
        "sum": 235194939.0,
        "mean": 609313.3134715026,
        "median": 27371.18284902076,
        "min": 6757,
        "max": 34828100,
        "variance_ns2": 17084919731858.701,
        "iqr_ns": 84076.92773883119,
        "q1_ns": 13900.396199236277,
        "q3_ns": 97977.32393806746
      },
      "futex_op_counts": {
        "128": 386
      },
      "first_seen_ts_ns": 491619854743,
      "last_seen_ts_ns": 491657589587
    },
    {
      "tgid": 11592,
      "comm": "runc",
      "cgroup_id": 6520,
      "wait_duration_stats_ns": {
        "count": 390.0,
        "sum": 232670453.99999997,
        "mean": 596590.9076923076,
        "median": 27777.4958541619,
        "min": 7561,
        "max": 34352305,
        "variance_ns2": 16466420488901.023,
        "iqr_ns": 110942.14559867911,
        "q1_ns": 14341.474269901111,
        "q3_ns": 125283.61986858022
      },
      "futex_op_counts": {
        "128": 390
      },
      "first_seen_ts_ns": 611619612787,
      "last_seen_ts_ns": 611656962451
    },
    {
      "tgid": 11570,
      "comm": "runc",
      "cgroup_id": 6520,
      "wait_duration_stats_ns": {
        "count": 385.0,
        "sum": 213485327.00000003,
        "mean": 554507.3428571429,
        "median": 37862.38535838358,
        "min": 731,
        "max": 36721343,
        "variance_ns2": 15264265136147.062,
        "iqr_ns": 103991.82325913801,
        "q1_ns": 21140.487747145893,
        "q3_ns": 125132.3110062839
      },
      "futex_op_counts": {
        "128": 385
      },
      "first_seen_ts_ns": 601619310414,
      "last_seen_ts_ns": 601658987781
    },
    {
      "tgid": 10694,
      "comm": "runc",
      "cgroup_id": 6520,
      "wait_duration_stats_ns": {
        "count": 384.0,
        "sum": 210774139.99999997,
        "mean": 548890.9895833333,
        "median": 27187.539626231486,
        "min": 558,
        "max": 36589023,
        "variance_ns2": 15793897487872.955,
        "iqr_ns": 98847.91267978359,
        "q1_ns": 14742.420100973459,
        "q3_ns": 113590.33278075705
      },
      "futex_op_counts": {
        "128": 384
      },
      "first_seen_ts_ns": 391619093990,
      "last_seen_ts_ns": 391658534209
    },
    {
      "tgid": 11167,
      "comm": "runc",
      "cgroup_id": 6520,
      "wait_duration_stats_ns": {
        "count": 405.0,
        "sum": 208427279.0,
        "mean": 514635.2567901235,
        "median": 28650.90066355581,
        "min": 7524,
        "max": 35964048,
        "variance_ns2": 14392889615865.516,
        "iqr_ns": 103639.10053885504,
        "q1_ns": 14823.521511677569,
        "q3_ns": 118462.6220505326
      },
      "futex_op_counts": {
        "128": 405
      },
      "first_seen_ts_ns": 501619712503,
      "last_seen_ts_ns": 501658706202
    },
    {
      "tgid": 11347,
      "comm": "runc",
      "cgroup_id": 6520,
      "wait_duration_stats_ns": {
        "count": 338.0,
        "sum": 196890620.0,
        "mean": 582516.6272189349,
        "median": 31143.705031331992,
        "min": 612,
        "max": 34208480,
        "variance_ns2": 15363235481138.223,
        "iqr_ns": 83045.13214952484,
        "q1_ns": 15137.825907890418,
        "q3_ns": 98182.95805741526
      },
      "futex_op_counts": {
        "128": 338
      },
      "first_seen_ts_ns": 581619494093,
      "last_seen_ts_ns": 581656685297
    },
    {
      "tgid": 11102,
      "comm": "runc",
      "cgroup_id": 6520,
      "wait_duration_stats_ns": {
        "count": 365.0,
        "sum": 196381434.00000006,
        "mean": 538031.3260273974,
        "median": 36139.18125487037,
        "min": 641,
        "max": 29209870,
        "variance_ns2": 11792501990478.104,
        "iqr_ns": 131759.5265191314,
        "q1_ns": 19476.744373827907,
        "q3_ns": 151236.27089295932
      },
      "futex_op_counts": {
        "128": 365
      },
      "first_seen_ts_ns": 471619453455,
      "last_seen_ts_ns": 471651631768
    },
    {
      "tgid": 10673,
      "comm": "runc",
      "cgroup_id": 6520,
      "wait_duration_stats_ns": {
        "count": 403.0,
        "sum": 195882435.99999997,
        "mean": 486060.63523573196,
        "median": 29864.2995040549,
        "min": 4250,
        "max": 33920129,
        "variance_ns2": 12679351926562.875,
        "iqr_ns": 86047.58210510232,
        "q1_ns": 14838.252093992445,
        "q3_ns": 100885.83419909477
      },
      "futex_op_counts": {
        "128": 403
      },
      "first_seen_ts_ns": 381619633520,
      "last_seen_ts_ns": 381656601479
    },
    {
      "tgid": 10652,
      "comm": "runc",
      "cgroup_id": 6520,
      "wait_duration_stats_ns": {
        "count": 352.0,
        "sum": 195780232.0,
        "mean": 556193.8409090909,
        "median": 34057.4373452913,
        "min": 660,
        "max": 29922386,
        "variance_ns2": 12718131265608.139,
        "iqr_ns": 95178.7002307614,
        "q1_ns": 16164.95351514799,
        "q3_ns": 111343.6537459094
      },
      "futex_op_counts": {
        "128": 352
      },
      "first_seen_ts_ns": 371619947527,
      "last_seen_ts_ns": 371652765413
    },
    {
      "tgid": 10756,
      "comm": "runc:[2:INIT]",
      "cgroup_id": 8532,
      "wait_duration_stats_ns": {
        "count": 28.0,
        "sum": 193879931.00000003,
        "mean": 6924283.250000001,
        "median": 1056858.1082800734,
        "min": 18685,
        "max": 27757539,
        "variance_ns2": 87978984017527.08,
        "iqr_ns": 8526838.266146166,
        "q1_ns": 62479.683545131,
        "q3_ns": 8589317.949691297
      },
      "futex_op_counts": {
        "128": 28
      },
      "first_seen_ts_ns": 411661523980,
      "last_seen_ts_ns": 411705083310
    },
    {
      "tgid": 11549,
      "comm": "runc",
      "cgroup_id": 6520,
      "wait_duration_stats_ns": {
        "count": 393.0,
        "sum": 176808262.99999997,
        "mean": 449893.7989821882,
        "median": 28388.94996477722,
        "min": 1681,
        "max": 30664372,
        "variance_ns2": 10528223570289.105,
        "iqr_ns": 88307.53659831738,
        "q1_ns": 14156.191024525595,
        "q3_ns": 102463.72762284298
      },
      "futex_op_counts": {
        "128": 393
      },
      "first_seen_ts_ns": 591619858755,
      "last_seen_ts_ns": 591653717645
    },
    {
      "tgid": 10595,
      "comm": "runc:[2:INIT]",
      "cgroup_id": 8532,
      "wait_duration_stats_ns": {
        "count": 27.0,
        "sum": 156926919.0,
        "mean": 5812108.111111111,
        "median": 1590612.7030897266,
        "min": 29592,
        "max": 19473754,
        "variance_ns2": 60616500030026.79,
        "iqr_ns": 7419703.824688763,
        "q1_ns": 76731.893994709,
        "q3_ns": 7496435.718683472
      },
      "futex_op_counts": {
        "128": 27
      },
      "first_seen_ts_ns": 361627870737,
      "last_seen_ts_ns": 361663022462
    },
    {
      "tgid": 10705,
      "comm": "runc:[2:INIT]",
      "cgroup_id": 8532,
      "wait_duration_stats_ns": {
        "count": 27.0,
        "sum": 140765861.0,
        "mean": 5213550.407407408,
        "median": 1013146.245204255,
        "min": 2919,
        "max": 16365413,
        "variance_ns2": 48021661552244.71,
        "iqr_ns": 8666528.438624643,
        "q1_ns": 48564.17447916667,
        "q3_ns": 8715092.613103809
      },
      "futex_op_counts": {
        "128": 27
      },
      "first_seen_ts_ns": 391626660430,
      "last_seen_ts_ns": 391658555631
    },
    {
      "tgid": 11862,
      "comm": "runc:[2:INIT]",
      "cgroup_id": 8532,
      "wait_duration_stats_ns": {
        "count": 27.0,
        "sum": 137673971.0,
        "mean": 5099035.962962963,
        "median": 1098244.1376829068,
        "min": 12860,
        "max": 15678537,
        "variance_ns2": 45646333984641.18,
        "iqr_ns": 9633261.939725505,
        "q1_ns": 57174.839506172844,
        "q3_ns": 9690436.779231679
      },
      "futex_op_counts": {
        "128": 27
      },
      "first_seen_ts_ns": 691627412721,
      "last_seen_ts_ns": 691658691887
    },
    {
      "tgid": 11178,
      "comm": "runc:[2:INIT]",
      "cgroup_id": 8532,
      "wait_duration_stats_ns": {
        "count": 27.0,
        "sum": 136665274.0,
        "mean": 5061676.814814814,
        "median": 927332.0195963484,
        "min": 11830,
        "max": 15527117,
        "variance_ns2": 45468399374063.305,
        "iqr_ns": 7037003.7813731,
        "q1_ns": 46894.604840290034,
        "q3_ns": 7083898.38621339
      },
      "futex_op_counts": {
        "128": 27
      },
      "first_seen_ts_ns": 501627606855,
      "last_seen_ts_ns": 501658673989
    },
    {
      "tgid": 11581,
      "comm": "runc:[2:INIT]",
      "cgroup_id": 8532,
      "wait_duration_stats_ns": {
        "count": 33.0,
        "sum": 135174634.0,
        "mean": 4096201.0303030303,
        "median": 704177.6039527403,
        "min": 13992,
        "max": 15673228,
        "variance_ns2": 39287204467380.34,
        "iqr_ns": 5580567.48835131,
        "q1_ns": 84181.88750297677,
        "q3_ns": 5664749.375854286
      },
      "futex_op_counts": {
        "128": 33
      },
      "first_seen_ts_ns": 601628170780,
      "last_seen_ts_ns": 601659013533
    },
    {
      "tgid": 11157,
      "comm": "runc:[2:INIT]",
      "cgroup_id": 8532,
      "wait_duration_stats_ns": {
        "count": 31.0,
        "sum": 130920687.0,
        "mean": 4223247.9677419355,
        "median": 805982.6144688962,
        "min": 502,
        "max": 15540109,
        "variance_ns2": 38528515647045.164,
        "iqr_ns": 6115482.602427854,
        "q1_ns": 42292.360746064995,
        "q3_ns": 6157774.963173919
      },
      "futex_op_counts": {
        "128": 31
      },
      "first_seen_ts_ns": 491627711974,
      "last_seen_ts_ns": 491657627238
    },
    {
      "tgid": 11358,
      "comm": "runc:[2:INIT]",
      "cgroup_id": 8532,
      "wait_duration_stats_ns": {
        "count": 27.0,
        "sum": 127986449.0,
        "mean": 4740238.851851852,
        "median": 739327.3184825359,
        "min": 538,
        "max": 15579471,
        "variance_ns2": 39630121512841.2,
        "iqr_ns": 6122976.67869436,
        "q1_ns": 55266.811311973346,
        "q3_ns": 6178243.490006333
      },
      "futex_op_counts": {
        "128": 27
      },
      "first_seen_ts_ns": 581627363660,
      "last_seen_ts_ns": 581656704474
    },
    {
      "tgid": 11604,
      "comm": "runc:[2:INIT]",
      "cgroup_id": 8532,
      "wait_duration_stats_ns": {
        "count": 26.0,
        "sum": 127913814.00000003,
        "mean": 4919762.076923078,
        "median": 935226.4243652995,
        "min": 25099,
        "max": 15634576,
        "variance_ns2": 39386572480988.875,
        "iqr_ns": 7248449.9928527195,
        "q1_ns": 64913.89074074074,
        "q3_ns": 7313363.883593461
      },
      "futex_op_counts": {
        "128": 26
      },
      "first_seen_ts_ns": 611627577928,
      "last_seen_ts_ns": 611656969203
    },
    {
      "tgid": 10683,
      "comm": "runc:[2:INIT]",
      "cgroup_id": 8532,
      "wait_duration_stats_ns": {
        "count": 28.0,
        "sum": 125700167.00000001,
        "mean": 4489291.678571429,
        "median": 511747.32387775154,
        "min": 10621,
        "max": 15500115,
        "variance_ns2": 37465755713620.89,
        "iqr_ns": 7644438.097305917,
        "q1_ns": 57547.0803801073,
        "q3_ns": 7701985.177686024
      },
      "futex_op_counts": {
        "128": 28
      },
      "first_seen_ts_ns": 381627708868,
      "last_seen_ts_ns": 381656606138
    },
    {
      "tgid": 11559,
      "comm": "runc:[2:INIT]",
      "cgroup_id": 8532,
      "wait_duration_stats_ns": {
        "count": 30.0,
        "sum": 111238225.0,
        "mean": 3707940.8333333335,
        "median": 388632.93289173965,
        "min": 543,
        "max": 15625926,
        "variance_ns2": 30286810723064.83,
        "iqr_ns": 5104495.060857741,
        "q1_ns": 66164.37013943278,
        "q3_ns": 5170659.430997174
      },
      "futex_op_counts": {
        "128": 30
      },
      "first_seen_ts_ns": 591627633671,
      "last_seen_ts_ns": 591653677248
    },
    {
      "tgid": 10663,
      "comm": "runc:[2:INIT]",
      "cgroup_id": 8532,
      "wait_duration_stats_ns": {
        "count": 26.0,
        "sum": 103566547.0,
        "mean": 3983328.7307692305,
        "median": 590989.850971598,
        "min": 31809,
        "max": 15637980,
        "variance_ns2": 30067519501194.93,
        "iqr_ns": 4994506.401403157,
        "q1_ns": 58742.25771604938,
        "q3_ns": 5053248.6591192065
      },
      "futex_op_counts": {
        "128": 26
      },
      "first_seen_ts_ns": 371628319230,
      "last_seen_ts_ns": 371652789409
    },
    {
      "tgid": 11114,
      "comm": "runc:[2:INIT]",
      "cgroup_id": 8532,
      "wait_duration_stats_ns": {
        "count": 27.0,
        "sum": 98092394.99999999,
        "mean": 3633051.666666666,
        "median": 749389.0613903095,
        "min": 633,
        "max": 15498144,
        "variance_ns2": 27739328159222.152,
        "iqr_ns": 4568625.352539495,
        "q1_ns": 42130.87540144211,
        "q3_ns": 4610756.227940937
      },
      "futex_op_counts": {
        "128": 27
      },
      "first_seen_ts_ns": 471628265807,
      "last_seen_ts_ns": 471651591016
    },
    {
      "tgid": 11615,
      "comm": "gce_workload_ce",
      "cgroup_id": 9724,
      "wait_duration_stats_ns": {
        "count": 335.0,
        "sum": 40871472.00000001,
        "mean": 122004.39402985077,
        "median": 31789.046467004555,
        "min": 504,
        "max": 8742397,
        "variance_ns2": 405697999526.19763,
        "iqr_ns": 104501.81098276854,
        "q1_ns": 11871.710571068374,
        "q3_ns": 116373.52155383691
      },
      "futex_op_counts": {
        "128": 335
      },
      "first_seen_ts_ns": 616037334641,
      "last_seen_ts_ns": 616046253459
    },
    {
      "tgid": 11772,
      "comm": "csi-node-driver",
      "cgroup_id": 8532,
      "wait_duration_stats_ns": {
        "count": 20.0,
        "sum": 18526732.0,
        "mean": 926336.6000000001,
        "median": 500410.75116416824,
        "min": 682,
        "max": 3098516,
        "variance_ns2": 1017067214073.2002,
        "iqr_ns": 1512328.860101734,
        "q1_ns": 33724.0,
        "q3_ns": 1546052.860101734
      },
      "futex_op_counts": {
        "128": 20
      },
      "first_seen_ts_ns": 651747901959,
      "last_seen_ts_ns": 651753376504
    },
    {
      "tgid": 10098,
      "comm": "flux-broker-29",
      "cgroup_id": 9645,
      "wait_duration_stats_ns": {
        "count": 497.0,
        "sum": 16300847.999999993,
        "mean": 32798.48692152916,
        "median": 3953.7998782996524,
        "min": 375,
        "max": 3759242,
        "variance_ns2": 77498788853.30283,
        "iqr_ns": 6341.404048230623,
        "q1_ns": 513.4438525655929,
        "q3_ns": 6854.847900796216
      },
      "futex_op_counts": {
        "128": 497
      },
      "first_seen_ts_ns": 359316834817,
      "last_seen_ts_ns": 695848461761
    },
    {
      "tgid": 10823,
      "comm": "csi-node-driver",
      "cgroup_id": 8532,
      "wait_duration_stats_ns": {
        "count": 19.0,
        "sum": 11207538.0,
        "mean": 589870.4210526316,
        "median": 142828.38349609374,
        "min": 23771,
        "max": 2258474,
        "variance_ns2": 604857937717.3684,
        "iqr_ns": 806072.4979188456,
        "q1_ns": 33214.352543402776,
        "q3_ns": 839286.8504622484
      },
      "futex_op_counts": {
        "128": 19
      },
      "first_seen_ts_ns": 441737126168,
      "last_seen_ts_ns": 441740925529
    },
    {
      "tgid": 11660,
      "comm": "csi-node-driver",
      "cgroup_id": 8532,
      "wait_duration_stats_ns": {
        "count": 14.0,
        "sum": 11031554.999999998,
        "mean": 787968.2142857142,
        "median": 144101.17462384258,
        "min": 14984,
        "max": 3687093,
        "variance_ns2": 1513730562263.4124,
        "iqr_ns": 526431.8259259259,
        "q1_ns": 24853.738425925927,
        "q3_ns": 551285.5643518518
      },
      "futex_op_counts": {
        "128": 14
      },
      "first_seen_ts_ns": 631742979244,
      "last_seen_ts_ns": 631746664759
    },
    {
      "tgid": 11291,
      "comm": "csi-node-driver",
      "cgroup_id": 8532,
      "wait_duration_stats_ns": {
        "count": 22.0,
        "sum": 10841511.0,
        "mean": 492795.95454545453,
        "median": 60207.16492313024,
        "min": 2951,
        "max": 1936039,
        "variance_ns2": 458684131762.3312,
        "iqr_ns": 365619.9895522171,
        "q1_ns": 40898.57800653933,
        "q3_ns": 406518.56755875645
      },
      "futex_op_counts": {
        "128": 22
      },
      "first_seen_ts_ns": 551711702149,
      "last_seen_ts_ns": 551715415711
    },
    {
      "tgid": 11838,
      "comm": "csi-node-driver",
      "cgroup_id": 8532,
      "wait_duration_stats_ns": {
        "count": 21.0,
        "sum": 10547050.999999998,
        "mean": 502240.52380952373,
        "median": 69587.60435326098,
        "min": 14203,
        "max": 2133526,
        "variance_ns2": 522157109727.2619,
        "iqr_ns": 740830.4799855017,
        "q1_ns": 21109.07319155093,
        "q3_ns": 761939.5531770526
      },
      "futex_op_counts": {
        "128": 21
      },
      "first_seen_ts_ns": 681755124716,
      "last_seen_ts_ns": 681758728946
    },
    {
      "tgid": 10845,
      "comm": "csi-node-driver",
      "cgroup_id": 8532,
      "wait_duration_stats_ns": {
        "count": 23.0,
        "sum": 10093044.0,
        "mean": 438828.0,
        "median": 79445.56854292433,
        "min": 15883,
        "max": 1912804,
        "variance_ns2": 391991890172.7273,
        "iqr_ns": 478260.8895921184,
        "q1_ns": 40397.787924314674,
        "q3_ns": 518658.67751643306
      },
      "futex_op_counts": {
        "128": 23
      },
      "first_seen_ts_ns": 451727706545,
      "last_seen_ts_ns": 451731101689
    },
    {
      "tgid": 10778,
      "comm": "csi-node-driver",
      "cgroup_id": 8532,
      "wait_duration_stats_ns": {
        "count": 12.0,
        "sum": 9880957.0,
        "mean": 823413.0833333334,
        "median": 51597.45648148148,
        "min": 24778,
        "max": 3375211,
        "variance_ns2": 1647125265334.265,
        "iqr_ns": 236485.3041666667,
        "q1_ns": 28312.108333333334,
        "q3_ns": 264797.41250000003
      },
      "futex_op_counts": {
        "128": 12
      },
      "first_seen_ts_ns": 421719624142,
      "last_seen_ts_ns": 421723015320
    },
    {
      "tgid": 11270,
      "comm": "csi-node-driver",
      "cgroup_id": 8532,
      "wait_duration_stats_ns": {
        "count": 19.0,
        "sum": 9744322.0,
        "mean": 512859.05263157893,
        "median": 189834.62684082892,
        "min": 10163,
        "max": 2035976,
        "variance_ns2": 480455904801.0527,
        "iqr_ns": 698915.6889671517,
        "q1_ns": 61934.96036155203,
        "q3_ns": 760850.6493287038
      },
      "futex_op_counts": {
        "128": 19
      },
      "first_seen_ts_ns": 541736302043,
      "last_seen_ts_ns": 541739592164
    },
    {
      "tgid": 11816,
      "comm": "csi-node-driver",
      "cgroup_id": 8532,
      "wait_duration_stats_ns": {
        "count": 20.0,
        "sum": 9719857.0,
        "mean": 485992.85,
        "median": 243283.406686005,
        "min": 14266,
        "max": 1849338,
        "variance_ns2": 440519943351.50275,
        "iqr_ns": 575604.1331717174,
        "q1_ns": 33392.068629972564,
        "q3_ns": 608996.2018016899
      },
      "futex_op_counts": {
        "128": 20
      },
      "first_seen_ts_ns": 671731651433,
      "last_seen_ts_ns": 671734970092
    },
    {
      "tgid": 11225,
      "comm": "csi-node-driver",
      "cgroup_id": 8532,
      "wait_duration_stats_ns": {
        "count": 19.0,
        "sum": 9622700.000000002,
        "mean": 506457.8947368422,
        "median": 228137.26802179788,
        "min": 14607,
        "max": 1824821,
        "variance_ns2": 413900329142.76605,
        "iqr_ns": 328584.4762657537,
        "q1_ns": 47768.09859825104,
        "q3_ns": 376352.57486400474
      },
      "futex_op_counts": {
        "128": 19
      },
      "first_seen_ts_ns": 521750626275,
      "last_seen_ts_ns": 521753892682
    },
    {
      "tgid": 10912,
      "comm": "csi-node-driver",
      "cgroup_id": 8532,
      "wait_duration_stats_ns": {
        "count": 20.0,
        "sum": 9552351.0,
        "mean": 477617.55000000005,
        "median": 95577.80475938585,
        "min": 2848,
        "max": 1949173,
        "variance_ns2": 433742466634.2605,
        "iqr_ns": 826907.0004947531,
        "q1_ns": 31538.091255144034,
        "q3_ns": 858445.0917498971
      },
      "futex_op_counts": {
        "128": 20
      },
      "first_seen_ts_ns": 461728381397,
      "last_seen_ts_ns": 461731710316
    },
    {
      "tgid": 11312,
      "comm": "csi-node-driver",
      "cgroup_id": 8532,
      "wait_duration_stats_ns": {
        "count": 19.0,
        "sum": 9452905.0,
        "mean": 497521.31578947365,
        "median": 77701.37074652778,
        "min": 10438,
        "max": 1936900,
        "variance_ns2": 453397202436.00586,
        "iqr_ns": 725196.8782687718,
        "q1_ns": 19284.161083080147,
        "q3_ns": 744481.0393518519
      },
      "futex_op_counts": {
        "128": 19
      },
      "first_seen_ts_ns": 561766617054,
      "last_seen_ts_ns": 561769898504
    },
    {
      "tgid": 10800,
      "comm": "csi-node-driver",
      "cgroup_id": 8532,
      "wait_duration_stats_ns": {
        "count": 20.0,
        "sum": 9451345.999999998,
        "mean": 472567.29999999993,
        "median": 244025.59307522245,
        "min": 13685,
        "max": 1792693,
        "variance_ns2": 397567888304.22107,
        "iqr_ns": 525943.6518133942,
        "q1_ns": 25404.76971450617,
        "q3_ns": 551348.4215279003
      },
      "futex_op_counts": {
        "128": 20
      },
      "first_seen_ts_ns": 431742540364,
      "last_seen_ts_ns": 431745736045
    },
    {
      "tgid": 11157,
      "comm": "csi-node-driver",
      "cgroup_id": 8532,
      "wait_duration_stats_ns": {
        "count": 20.0,
        "sum": 9421399.0,
        "mean": 471069.94999999995,
        "median": 75440.08405598959,
        "min": 9734,
        "max": 1876848,
        "variance_ns2": 426678452193.83954,
        "iqr_ns": 812613.961468079,
        "q1_ns": 23166.046913580245,
        "q3_ns": 835780.0083816593
      },
      "futex_op_counts": {
        "128": 20
      },
      "first_seen_ts_ns": 491659743884,
      "last_seen_ts_ns": 491662934869
    },
    {
      "tgid": 10663,
      "comm": "csi-node-driver",
      "cgroup_id": 8532,
      "wait_duration_stats_ns": {
        "count": 19.0,
        "sum": 9413056.0,
        "mean": 495424.0,
        "median": 268971.4523428458,
        "min": 14605,
        "max": 1819122,
        "variance_ns2": 404817166876.1111,
        "iqr_ns": 557509.2493045911,
        "q1_ns": 39751.33731192129,
        "q3_ns": 597260.5866165124
      },
      "futex_op_counts": {
        "128": 19
      },
      "first_seen_ts_ns": 371654774662,
      "last_seen_ts_ns": 371657959760
    },
    {
      "tgid": 11249,
      "comm": "csi-node-driver",
      "cgroup_id": 8532,
      "wait_duration_stats_ns": {
        "count": 22.0,
        "sum": 9403236.000000002,
        "mean": 427419.81818181823,
        "median": 66589.5379605517,
        "min": 12823,
        "max": 1986009,
        "variance_ns2": 388348833613.7749,
        "iqr_ns": 589087.8211417655,
        "q1_ns": 20207.090016376926,
        "q3_ns": 609294.9111581424
      },
      "futex_op_counts": {
        "128": 22
      },
      "first_seen_ts_ns": 531725716148,
      "last_seen_ts_ns": 531728902500
    },
    {
      "tgid": 11200,
      "comm": "csi-node-driver",
      "cgroup_id": 8532,
      "wait_duration_stats_ns": {
        "count": 14.0,
        "sum": 9285150.0,
        "mean": 663225.0,
        "median": 143141.63352430554,
        "min": 20229,
        "max": 3064418,
        "variance_ns2": 1065033542102.4614,
        "iqr_ns": 540412.1494204879,
        "q1_ns": 65613.78297222222,
        "q3_ns": 606025.9323927101
      },
      "futex_op_counts": {
        "128": 14
      },
      "first_seen_ts_ns": 511729398021,
      "last_seen_ts_ns": 511732466199
    },
    {
      "tgid": 11178,
      "comm": "csi-node-driver",
      "cgroup_id": 8532,
      "wait_duration_stats_ns": {
        "count": 22.0,
        "sum": 9269596.999999998,
        "mean": 421345.3181818181,
        "median": 81007.16429598987,
        "min": 2260,
        "max": 1431131,
        "variance_ns2": 318747732405.6558,
        "iqr_ns": 671828.1776341953,
        "q1_ns": 28751.45016290798,
        "q3_ns": 700579.6277971033
      },
      "futex_op_counts": {
        "128": 22
      },
      "first_seen_ts_ns": 501660354618,
      "last_seen_ts_ns": 501663552302
    },
    {
      "tgid": 11135,
      "comm": "csi-node-driver",
      "cgroup_id": 8532,
      "wait_duration_stats_ns": {
        "count": 19.0,
        "sum": 9259768.0,
        "mean": 487356.2105263158,
        "median": 89670.76221075148,
        "min": 938,
        "max": 1810613,
        "variance_ns2": 414028861700.6199,
        "iqr_ns": 588693.9942739565,
        "q1_ns": 30869.65520282188,
        "q3_ns": 619563.6494767783
      },
      "futex_op_counts": {
        "128": 19
      },
      "first_seen_ts_ns": 481687607344,
      "last_seen_ts_ns": 481690756546
    },
    {
      "tgid": 11737,
      "comm": "csi-node-driver",
      "cgroup_id": 8532,
      "wait_duration_stats_ns": {
        "count": 18.0,
        "sum": 9259138.000000002,
        "mean": 514396.5555555556,
        "median": 197993.61163087277,
        "min": 13195,
        "max": 1833433,
        "variance_ns2": 442623267100.1439,
        "iqr_ns": 368144.1109490739,
        "q1_ns": 33466.83645833333,
        "q3_ns": 401610.9474074073
      },
      "futex_op_counts": {
        "128": 18
      },
      "first_seen_ts_ns": 641766504794,
      "last_seen_ts_ns": 641769666086
    },
    {
      "tgid": 11794,
      "comm": "csi-node-driver",
      "cgroup_id": 8532,
      "wait_duration_stats_ns": {
        "count": 20.0,
        "sum": 9243947.0,
        "mean": 462197.35,
        "median": 90661.79911545455,
        "min": 15493,
        "max": 1743200,
        "variance_ns2": 377319150195.3974,
        "iqr_ns": 817044.086249231,
        "q1_ns": 27452.104135802467,
        "q3_ns": 844496.1903850335
      },
      "futex_op_counts": {
        "128": 20
      },
      "first_seen_ts_ns": 661724729067,
      "last_seen_ts_ns": 661727932459
    },
    {
      "tgid": 11358,
      "comm": "csi-node-driver",
      "cgroup_id": 8532,
      "wait_duration_stats_ns": {
        "count": 19.0,
        "sum": 9179440.0,
        "mean": 483128.4210526316,
        "median": 269604.75378033676,
        "min": 17630,
        "max": 1806537,
        "variance_ns2": 395602820149.7017,
        "iqr_ns": 375214.2092786596,
        "q1_ns": 25298.697530864196,
        "q3_ns": 400512.9068095238
      },
      "futex_op_counts": {
        "128": 19
      },
      "first_seen_ts_ns": 581658882487,
      "last_seen_ts_ns": 581662019152
    },
    {
      "tgid": 10595,
      "comm": "csi-node-driver",
      "cgroup_id": 8532,
      "wait_duration_stats_ns": {
        "count": 20.0,
        "sum": 9167130.000000002,
        "mean": 458356.5000000001,
        "median": 244390.22979235175,
        "min": 15884,
        "max": 1784767,
        "variance_ns2": 370260139993.8421,
        "iqr_ns": 515145.5831765823,
        "q1_ns": 28761.05751671811,
        "q3_ns": 543906.6406933004
      },
      "futex_op_counts": {
        "128": 20
      },
      "first_seen_ts_ns": 361664906899,
      "last_seen_ts_ns": 361667994628
    },
    {
      "tgid": 11559,
      "comm": "csi-node-driver",
      "cgroup_id": 8532,
      "wait_duration_stats_ns": {
        "count": 21.0,
        "sum": 9140124.0,
        "mean": 435244.0,
        "median": 87265.33721160903,
        "min": 9071,
        "max": 1759539,
        "variance_ns2": 373510091955.49994,
        "iqr_ns": 805983.3154855723,
        "q1_ns": 29276.977916666667,
        "q3_ns": 835260.293402239
      },
      "futex_op_counts": {
        "128": 21
      },
      "first_seen_ts_ns": 591655672076,
      "last_seen_ts_ns": 591658781678
    },
    {
      "tgid": 10705,
      "comm": "csi-node-driver",
      "cgroup_id": 8532,
      "wait_duration_stats_ns": {
        "count": 18.0,
        "sum": 9095067.000000002,
        "mean": 505281.50000000006,
        "median": 108875.0,
        "min": 22097,
        "max": 1775298,
        "variance_ns2": 407764570557.55884,
        "iqr_ns": 755561.800996291,
        "q1_ns": 36207.666666666664,
        "q3_ns": 791769.4676629576
      },
      "futex_op_counts": {
        "128": 18
      },
      "first_seen_ts_ns": 391660386123,
      "last_seen_ts_ns": 391663532628
    },
    {
      "tgid": 11581,
      "comm": "csi-node-driver",
      "cgroup_id": 8532,
      "wait_duration_stats_ns": {
        "count": 18.0,
        "sum": 9088123.0,
        "mean": 504895.72222222225,
        "median": 208774.04631055723,
        "min": 8780,
        "max": 1907738,
        "variance_ns2": 428884329701.0359,
        "iqr_ns": 720256.3824034993,
        "q1_ns": 65680.84503968254,
        "q3_ns": 785937.2274431819
      },
      "futex_op_counts": {
        "128": 18
      },
      "first_seen_ts_ns": 601661036889,
      "last_seen_ts_ns": 601664105615
    },
    {
      "tgid": 11604,
      "comm": "csi-node-driver",
      "cgroup_id": 8532,
      "wait_duration_stats_ns": {
        "count": 17.0,
        "sum": 9061288.0,
        "mean": 533016.9411764706,
        "median": 201341.74482524575,
        "min": 14024,
        "max": 1890878,
        "variance_ns2": 451909577933.80884,
        "iqr_ns": 813764.377428802,
        "q1_ns": 25917.296875000004,
        "q3_ns": 839681.674303802
      },
      "futex_op_counts": {
        "128": 17
      },
      "first_seen_ts_ns": 611658904192,
      "last_seen_ts_ns": 611662007564
    },
    {
      "tgid": 11862,
      "comm": "csi-node-driver",
      "cgroup_id": 8532,
      "wait_duration_stats_ns": {
        "count": 20.0,
        "sum": 9015255.0,
        "mean": 450762.75,
        "median": 68188.7631206302,
        "min": 12118,
        "max": 1706083,
        "variance_ns2": 349433647110.09204,
        "iqr_ns": 786377.4137692641,
        "q1_ns": 25558.895845679013,
        "q3_ns": 811936.3096149431
      },
      "futex_op_counts": {
        "128": 20
      },
      "first_seen_ts_ns": 691660424697,
      "last_seen_ts_ns": 691663498544
    },
    {
      "tgid": 10683,
      "comm": "csi-node-driver",
      "cgroup_id": 8532,
      "wait_duration_stats_ns": {
        "count": 16.0,
        "sum": 8929543.0,
        "mean": 558096.4375,
        "median": 343752.66220238095,
        "min": 9390,
        "max": 1796213,
        "variance_ns2": 438009187431.19586,
        "iqr_ns": 645743.9296527777,
        "q1_ns": 34088.41927083333,
        "q3_ns": 679832.3489236111
      },
      "futex_op_counts": {
        "128": 16
      },
      "first_seen_ts_ns": 381658551031,
      "last_seen_ts_ns": 381661600635
    },
    {
      "tgid": 11114,
      "comm": "csi-node-driver",
      "cgroup_id": 8532,
      "wait_duration_stats_ns": {
        "count": 21.0,
        "sum": 8888940.0,
        "mean": 423282.8571428571,
        "median": 190390.0341886896,
        "min": 11256,
        "max": 1715508,
        "variance_ns2": 340251258383.2286,
        "iqr_ns": 469923.48591172945,
        "q1_ns": 56812.18502489345,
        "q3_ns": 526735.6709366229
      },
      "futex_op_counts": {
        "128": 21
      },
      "first_seen_ts_ns": 471653416245,
      "last_seen_ts_ns": 471656406619
    },
    {
      "tgid": 11334,
      "comm": "csi-node-driver",
      "cgroup_id": 8532,
      "wait_duration_stats_ns": {
        "count": 21.0,
        "sum": 7733268.0,
        "mean": 368250.85714285716,
        "median": 64535.59286349997,
        "min": 12625,
        "max": 1475144,
        "variance_ns2": 316505315217.9286,
        "iqr_ns": 582868.4513441166,
        "q1_ns": 24575.550694444442,
        "q3_ns": 607444.002038561
      },
      "futex_op_counts": {
        "128": 21
      },
      "first_seen_ts_ns": 571740666942,
      "last_seen_ts_ns": 571743948068
    },
    {
      "tgid": 10756,
      "comm": "csi-node-driver",
      "cgroup_id": 8532,
      "wait_duration_stats_ns": {
        "count": 18.0,
        "sum": 6381411.0,
        "mean": 354522.8333333333,
        "median": 41146.60833333334,
        "min": 15273,
        "max": 1432010,
        "variance_ns2": 299688222814.3823,
        "iqr_ns": 245234.09546896414,
        "q1_ns": 21934.145902777775,
        "q3_ns": 267168.2413717419
      },
      "futex_op_counts": {
        "128": 18
      },
      "first_seen_ts_ns": 411709516593,
      "last_seen_ts_ns": 411712706639
    },
    {
      "tgid": 10732,
      "comm": "csi-node-driver",
      "cgroup_id": 8532,
      "wait_duration_stats_ns": {
        "count": 19.0,
        "sum": 5870954.0,
        "mean": 308997.5789473684,
        "median": 56044.68574617347,
        "min": 14015,
        "max": 1606070,
        "variance_ns2": 286142796212.2573,
        "iqr_ns": 370818.38228994433,
        "q1_ns": 16610.02890383874,
        "q3_ns": 387428.41119378305
      },
      "futex_op_counts": {
        "128": 19
      },
      "first_seen_ts_ns": 401742490571,
      "last_seen_ts_ns": 401745682030
    },
    {
      "tgid": 11637,
      "comm": "csi-node-driver",
      "cgroup_id": 8532,
      "wait_duration_stats_ns": {
        "count": 15.0,
        "sum": 5277995.0,
        "mean": 351866.3333333333,
        "median": 154518.07785373263,
        "min": 21281,
        "max": 1104955,
        "variance_ns2": 219771676574.2381,
        "iqr_ns": 592317.91718107,
        "q1_ns": 26163.5,
        "q3_ns": 618481.41718107
      },
      "futex_op_counts": {
        "128": 15
      },
      "first_seen_ts_ns": 621764391286,
      "last_seen_ts_ns": 621767398305
    },
    {
      "tgid": 10098,
      "comm": "ZMQbg/IO/0",
      "cgroup_id": 9645,
      "wait_duration_stats_ns": {
        "count": 42.0,
        "sum": 42481.000000000015,
        "mean": 1011.4523809523813,
        "median": 558.834389616074,
        "min": 375,
        "max": 17891,
        "variance_ns2": 7208726.546457607,
        "iqr_ns": 217.7421619803349,
        "q1_ns": 453.55188266778623,
        "q3_ns": 671.2940446481211
      },
      "futex_op_counts": {
        "128": 42
      },
      "first_seen_ts_ns": 467355021831,
      "last_seen_ts_ns": 690338448526
    },
    {
      "tgid": 10098,
      "comm": "ZMQbg/Reaper",
      "cgroup_id": 9645,
      "wait_duration_stats_ns": {
        "count": 1.0,
        "sum": 40708.0,
        "mean": 40708.0,
        "median": 40708.0,
        "min": 40708,
        "max": 40708,
        "variance_ns2": null,
        "iqr_ns": 0.0,
        "q1_ns": 40708.0,
        "q3_ns": 40708.0
      },
      "futex_op_counts": {
        "128": 1
      },
      "first_seen_ts_ns": 695865112083,
      "last_seen_ts_ns": 695865112083
    },
    {
      "tgid": 10447,
      "comm": "lmp",
      "cgroup_id": 9645,
      "wait_duration_stats_ns": {
        "count": 1.0,
        "sum": 38126.0,
        "mean": 38126.0,
        "median": 38126.0,
        "min": 38126,
        "max": 38126,
        "variance_ns2": null,
        "iqr_ns": 0.0,
        "q1_ns": 38126.0,
        "q3_ns": 38126.0
      },
      "futex_op_counts": {
        "128": 1
      },
      "first_seen_ts_ns": 467330035178,
      "last_seen_ts_ns": 467330035178
    },
    {
      "tgid": 10459,
      "comm": "lmp",
      "cgroup_id": 9645,
      "wait_duration_stats_ns": {
        "count": 1.0,
        "sum": 20128.0,
        "mean": 20128.0,
        "median": 20128.0,
        "min": 20128,
        "max": 20128,
        "variance_ns2": null,
        "iqr_ns": 0.0,
        "q1_ns": 20128.0,
        "q3_ns": 20128.0
      },
      "futex_op_counts": {
        "128": 1
      },
      "first_seen_ts_ns": 467330094972,
      "last_seen_ts_ns": 467330094972
    },
    {
      "tgid": 10533,
      "comm": "lmp",
      "cgroup_id": 9645,
      "wait_duration_stats_ns": {
        "count": 1.0,
        "sum": 15272.0,
        "mean": 15272.0,
        "median": 15272.0,
        "min": 15272,
        "max": 15272,
        "variance_ns2": null,
        "iqr_ns": 0.0,
        "q1_ns": 15272.0,
        "q3_ns": 15272.0
      },
      "futex_op_counts": {
        "128": 1
      },
      "first_seen_ts_ns": 467332112366,
      "last_seen_ts_ns": 467332112366
    },
    {
      "tgid": 11400,
      "comm": "lmp",
      "cgroup_id": 9645,
      "wait_duration_stats_ns": {
        "count": 1.0,
        "sum": 15066.0,
        "mean": 15066.0,
        "median": 15066.0,
        "min": 15066,
        "max": 15066,
        "variance_ns2": null,
        "iqr_ns": 0.0,
        "q1_ns": 15066.0,
        "q3_ns": 15066.0
      },
      "futex_op_counts": {
        "128": 1
      },
      "first_seen_ts_ns": 690309837235,
      "last_seen_ts_ns": 690309837235
    },
    {
      "tgid": 11051,
      "comm": "lmp",
      "cgroup_id": 9645,
      "wait_duration_stats_ns": {
        "count": 1.0,
        "sum": 11760.0,
        "mean": 11760.0,
        "median": 11760.0,
        "min": 11760,
        "max": 11760,
        "variance_ns2": null,
        "iqr_ns": 0.0,
        "q1_ns": 11760.0,
        "q3_ns": 11760.0
      },
      "futex_op_counts": {
        "128": 1
      },
      "first_seen_ts_ns": 580801955105,
      "last_seen_ts_ns": 580801955105
    },
    {
      "tgid": 10926,
      "comm": "lmp",
      "cgroup_id": 9645,
      "wait_duration_stats_ns": {
        "count": 1.0,
        "sum": 11657.0,
        "mean": 11657.0,
        "median": 11657.0,
        "min": 11657,
        "max": 11657,
        "variance_ns2": null,
        "iqr_ns": 0.0,
        "q1_ns": 11657.0,
        "q3_ns": 11657.0
      },
      "futex_op_counts": {
        "128": 1
      },
      "first_seen_ts_ns": 580804428401,
      "last_seen_ts_ns": 580804428401
    },
    {
      "tgid": 10931,
      "comm": "lmp",
      "cgroup_id": 9645,
      "wait_duration_stats_ns": {
        "count": 1.0,
        "sum": 11282.0,
        "mean": 11282.0,
        "median": 11282.0,
        "min": 11282,
        "max": 11282,
        "variance_ns2": null,
        "iqr_ns": 0.0,
        "q1_ns": 11282.0,
        "q3_ns": 11282.0
      },
      "futex_op_counts": {
        "128": 1
      },
      "first_seen_ts_ns": 580804435547,
      "last_seen_ts_ns": 580804435547
    },
    {
      "tgid": 11017,
      "comm": "lmp",
      "cgroup_id": 9645,
      "wait_duration_stats_ns": {
        "count": 1.0,
        "sum": 11003.0,
        "mean": 11003.0,
        "median": 11003.0,
        "min": 11003,
        "max": 11003,
        "variance_ns2": null,
        "iqr_ns": 0.0,
        "q1_ns": 11003.0,
        "q3_ns": 11003.0
      },
      "futex_op_counts": {
        "128": 1
      },
      "first_seen_ts_ns": 580801598175,
      "last_seen_ts_ns": 580801598175
    },
    {
      "tgid": 10441,
      "comm": "lmp",
      "cgroup_id": 9645,
      "wait_duration_stats_ns": {
        "count": 1.0,
        "sum": 9779.0,
        "mean": 9779.0,
        "median": 9779.0,
        "min": 9779,
        "max": 9779,
        "variance_ns2": null,
        "iqr_ns": 0.0,
        "q1_ns": 9779.0,
        "q3_ns": 9779.0
      },
      "futex_op_counts": {
        "128": 1
      },
      "first_seen_ts_ns": 467327482277,
      "last_seen_ts_ns": 467327482277
    },
    {
      "tgid": 10409,
      "comm": "lmp",
      "cgroup_id": 9645,
      "wait_duration_stats_ns": {
        "count": 1.0,
        "sum": 9636.0,
        "mean": 9636.0,
        "median": 9636.0,
        "min": 9636,
        "max": 9636,
        "variance_ns2": null,
        "iqr_ns": 0.0,
        "q1_ns": 9636.0,
        "q3_ns": 9636.0
      },
      "futex_op_counts": {
        "128": 1
      },
      "first_seen_ts_ns": 467328104796,
      "last_seen_ts_ns": 467328104796
    },
    {
      "tgid": 11029,
      "comm": "lmp",
      "cgroup_id": 9645,
      "wait_duration_stats_ns": {
        "count": 1.0,
        "sum": 9560.0,
        "mean": 9560.0,
        "median": 9560.0,
        "min": 9560,
        "max": 9560,
        "variance_ns2": null,
        "iqr_ns": 0.0,
        "q1_ns": 9560.0,
        "q3_ns": 9560.0
      },
      "futex_op_counts": {
        "128": 1
      },
      "first_seen_ts_ns": 580804346055,
      "last_seen_ts_ns": 580804346055
    },
    {
      "tgid": 11091,
      "comm": "lmp",
      "cgroup_id": 9645,
      "wait_duration_stats_ns": {
        "count": 1.0,
        "sum": 9311.0,
        "mean": 9311.0,
        "median": 9311.0,
        "min": 9311,
        "max": 9311,
        "variance_ns2": null,
        "iqr_ns": 0.0,
        "q1_ns": 9311.0,
        "q3_ns": 9311.0
      },
      "futex_op_counts": {
        "128": 1
      },
      "first_seen_ts_ns": 580809358401,
      "last_seen_ts_ns": 580809358401
    },
    {
      "tgid": 10985,
      "comm": "lmp",
      "cgroup_id": 9645,
      "wait_duration_stats_ns": {
        "count": 1.0,
        "sum": 9257.0,
        "mean": 9257.0,
        "median": 9257.0,
        "min": 9257,
        "max": 9257,
        "variance_ns2": null,
        "iqr_ns": 0.0,
        "q1_ns": 9257.0,
        "q3_ns": 9257.0
      },
      "futex_op_counts": {
        "128": 1
      },
      "first_seen_ts_ns": 580804358877,
      "last_seen_ts_ns": 580804358877
    },
    {
      "tgid": 10959,
      "comm": "lmp",
      "cgroup_id": 9645,
      "wait_duration_stats_ns": {
        "count": 1.0,
        "sum": 9092.0,
        "mean": 9092.0,
        "median": 9092.0,
        "min": 9092,
        "max": 9092,
        "variance_ns2": null,
        "iqr_ns": 0.0,
        "q1_ns": 9092.0,
        "q3_ns": 9092.0
      },
      "futex_op_counts": {
        "128": 1
      },
      "first_seen_ts_ns": 580804336888,
      "last_seen_ts_ns": 580804336888
    },
    {
      "tgid": 10499,
      "comm": "lmp",
      "cgroup_id": 9645,
      "wait_duration_stats_ns": {
        "count": 1.0,
        "sum": 8466.0,
        "mean": 8466.0,
        "median": 8466.0,
        "min": 8466,
        "max": 8466,
        "variance_ns2": null,
        "iqr_ns": 0.0,
        "q1_ns": 8466.0,
        "q3_ns": 8466.0
      },
      "futex_op_counts": {
        "128": 1
      },
      "first_seen_ts_ns": 467326357110,
      "last_seen_ts_ns": 467326357110
    },
    {
      "tgid": 11498,
      "comm": "lmp",
      "cgroup_id": 9645,
      "wait_duration_stats_ns": {
        "count": 1.0,
        "sum": 8452.0,
        "mean": 8452.0,
        "median": 8452.0,
        "min": 8452,
        "max": 8452,
        "variance_ns2": null,
        "iqr_ns": 0.0,
        "q1_ns": 8452.0,
        "q3_ns": 8452.0
      },
      "futex_op_counts": {
        "128": 1
      },
      "first_seen_ts_ns": 690309819844,
      "last_seen_ts_ns": 690309819844
    },
    {
      "tgid": 11377,
      "comm": "lmp",
      "cgroup_id": 9645,
      "wait_duration_stats_ns": {
        "count": 1.0,
        "sum": 8304.0,
        "mean": 8304.0,
        "median": 8304.0,
        "min": 8304,
        "max": 8304,
        "variance_ns2": null,
        "iqr_ns": 0.0,
        "q1_ns": 8304.0,
        "q3_ns": 8304.0
      },
      "futex_op_counts": {
        "128": 1
      },
      "first_seen_ts_ns": 690309942735,
      "last_seen_ts_ns": 690309942735
    },
    {
      "tgid": 11458,
      "comm": "lmp",
      "cgroup_id": 9645,
      "wait_duration_stats_ns": {
        "count": 1.0,
        "sum": 8272.0,
        "mean": 8272.0,
        "median": 8272.0,
        "min": 8272,
        "max": 8272,
        "variance_ns2": null,
        "iqr_ns": 0.0,
        "q1_ns": 8272.0,
        "q3_ns": 8272.0
      },
      "futex_op_counts": {
        "128": 1
      },
      "first_seen_ts_ns": 690309945783,
      "last_seen_ts_ns": 690309945783
    },
    {
      "tgid": 10489,
      "comm": "lmp",
      "cgroup_id": 9645,
      "wait_duration_stats_ns": {
        "count": 1.0,
        "sum": 8155.0,
        "mean": 8155.0,
        "median": 8155.0,
        "min": 8155,
        "max": 8155,
        "variance_ns2": null,
        "iqr_ns": 0.0,
        "q1_ns": 8155.0,
        "q3_ns": 8155.0
      },
      "futex_op_counts": {
        "128": 1
      },
      "first_seen_ts_ns": 467327467103,
      "last_seen_ts_ns": 467327467103
    },
    {
      "tgid": 11023,
      "comm": "lmp",
      "cgroup_id": 9645,
      "wait_duration_stats_ns": {
        "count": 1.0,
        "sum": 8155.0,
        "mean": 8155.0,
        "median": 8155.0,
        "min": 8155,
        "max": 8155,
        "variance_ns2": null,
        "iqr_ns": 0.0,
        "q1_ns": 8155.0,
        "q3_ns": 8155.0
      },
      "futex_op_counts": {
        "128": 1
      },
      "first_seen_ts_ns": 580804041923,
      "last_seen_ts_ns": 580804041923
    },
    {
      "tgid": 11093,
      "comm": "lmp",
      "cgroup_id": 9645,
      "wait_duration_stats_ns": {
        "count": 1.0,
        "sum": 8047.0,
        "mean": 8047.0,
        "median": 8047.0,
        "min": 8047,
        "max": 8047,
        "variance_ns2": null,
        "iqr_ns": 0.0,
        "q1_ns": 8047.0,
        "q3_ns": 8047.0
      },
      "futex_op_counts": {
        "128": 1
      },
      "first_seen_ts_ns": 580802088501,
      "last_seen_ts_ns": 580802088501
    },
    {
      "tgid": 11059,
      "comm": "lmp",
      "cgroup_id": 9645,
      "wait_duration_stats_ns": {
        "count": 1.0,
        "sum": 7934.0,
        "mean": 7934.0,
        "median": 7934.0,
        "min": 7934,
        "max": 7934,
        "variance_ns2": null,
        "iqr_ns": 0.0,
        "q1_ns": 7934.0,
        "q3_ns": 7934.0
      },
      "futex_op_counts": {
        "128": 1
      },
      "first_seen_ts_ns": 580804201858,
      "last_seen_ts_ns": 580804201858
    },
    {
      "tgid": 11442,
      "comm": "lmp",
      "cgroup_id": 9645,
      "wait_duration_stats_ns": {
        "count": 1.0,
        "sum": 7724.0,
        "mean": 7724.0,
        "median": 7724.0,
        "min": 7724,
        "max": 7724,
        "variance_ns2": null,
        "iqr_ns": 0.0,
        "q1_ns": 7724.0,
        "q3_ns": 7724.0
      },
      "futex_op_counts": {
        "128": 1
      },
      "first_seen_ts_ns": 690309784010,
      "last_seen_ts_ns": 690309784010
    },
    {
      "tgid": 10999,
      "comm": "lmp",
      "cgroup_id": 9645,
      "wait_duration_stats_ns": {
        "count": 1.0,
        "sum": 7612.0,
        "mean": 7612.0,
        "median": 7612.0,
        "min": 7612,
        "max": 7612,
        "variance_ns2": null,
        "iqr_ns": 0.0,
        "q1_ns": 7612.0,
        "q3_ns": 7612.0
      },
      "futex_op_counts": {
        "128": 1
      },
      "first_seen_ts_ns": 580800125953,
      "last_seen_ts_ns": 580800125953
    },
    {
      "tgid": 11402,
      "comm": "lmp",
      "cgroup_id": 9645,
      "wait_duration_stats_ns": {
        "count": 1.0,
        "sum": 7550.0,
        "mean": 7550.0,
        "median": 7550.0,
        "min": 7550,
        "max": 7550,
        "variance_ns2": null,
        "iqr_ns": 0.0,
        "q1_ns": 7550.0,
        "q3_ns": 7550.0
      },
      "futex_op_counts": {
        "128": 1
      },
      "first_seen_ts_ns": 690309834656,
      "last_seen_ts_ns": 690309834656
    },
    {
      "tgid": 11512,
      "comm": "lmp",
      "cgroup_id": 9645,
      "wait_duration_stats_ns": {
        "count": 1.0,
        "sum": 7499.0,
        "mean": 7499.0,
        "median": 7499.0,
        "min": 7499,
        "max": 7499,
        "variance_ns2": null,
        "iqr_ns": 0.0,
        "q1_ns": 7499.0,
        "q3_ns": 7499.0
      },
      "futex_op_counts": {
        "128": 1
      },
      "first_seen_ts_ns": 690309558192,
      "last_seen_ts_ns": 690309558192
    },
    {
      "tgid": 11532,
      "comm": "lmp",
      "cgroup_id": 9645,
      "wait_duration_stats_ns": {
        "count": 1.0,
        "sum": 7372.0,
        "mean": 7372.0,
        "median": 7372.0,
        "min": 7372,
        "max": 7372,
        "variance_ns2": null,
        "iqr_ns": 0.0,
        "q1_ns": 7372.0,
        "q3_ns": 7372.0
      },
      "futex_op_counts": {
        "128": 1
      },
      "first_seen_ts_ns": 690309857259,
      "last_seen_ts_ns": 690309857259
    },
    {
      "tgid": 11514,
      "comm": "lmp",
      "cgroup_id": 9645,
      "wait_duration_stats_ns": {
        "count": 1.0,
        "sum": 7143.0,
        "mean": 7143.0,
        "median": 7143.0,
        "min": 7143,
        "max": 7143,
        "variance_ns2": null,
        "iqr_ns": 0.0,
        "q1_ns": 7143.0,
        "q3_ns": 7143.0
      },
      "futex_op_counts": {
        "128": 1
      },
      "first_seen_ts_ns": 690309516142,
      "last_seen_ts_ns": 690309516142
    },
    {
      "tgid": 10481,
      "comm": "lmp",
      "cgroup_id": 9645,
      "wait_duration_stats_ns": {
        "count": 1.0,
        "sum": 6883.0,
        "mean": 6883.0,
        "median": 6883.0,
        "min": 6883,
        "max": 6883,
        "variance_ns2": null,
        "iqr_ns": 0.0,
        "q1_ns": 6883.0,
        "q3_ns": 6883.0
      },
      "futex_op_counts": {
        "128": 1
      },
      "first_seen_ts_ns": 467326253833,
      "last_seen_ts_ns": 467326253833
    },
    {
      "tgid": 10433,
      "comm": "lmp",
      "cgroup_id": 9645,
      "wait_duration_stats_ns": {
        "count": 1.0,
        "sum": 6535.0,
        "mean": 6535.0,
        "median": 6535.0,
        "min": 6535,
        "max": 6535,
        "variance_ns2": null,
        "iqr_ns": 0.0,
        "q1_ns": 6535.0,
        "q3_ns": 6535.0
      },
      "futex_op_counts": {
        "128": 1
      },
      "first_seen_ts_ns": 467327269376,
      "last_seen_ts_ns": 467327269376
    },
    {
      "tgid": 11381,
      "comm": "lmp",
      "cgroup_id": 9645,
      "wait_duration_stats_ns": {
        "count": 1.0,
        "sum": 6275.0,
        "mean": 6275.0,
        "median": 6275.0,
        "min": 6275,
        "max": 6275,
        "variance_ns2": null,
        "iqr_ns": 0.0,
        "q1_ns": 6275.0,
        "q3_ns": 6275.0
      },
      "futex_op_counts": {
        "128": 1
      },
      "first_seen_ts_ns": 690310277010,
      "last_seen_ts_ns": 690310277010
    }
  ]
}
[23:00:43] Cleanup complete.
