Using CUDA
Using distributed PyTorch with nccl backend
Downloading http://fashion-mnist.s3-website.eu-central-1.amazonaws.com/train-images-idx3-ubyte.gz
Downloading http://fashion-mnist.s3-website.eu-central-1.amazonaws.com/train-labels-idx1-ubyte.gz
Downloading http://fashion-mnist.s3-website.eu-central-1.amazonaws.com/t10k-images-idx3-ubyte.gz
Downloading http://fashion-mnist.s3-website.eu-central-1.amazonaws.com/t10k-labels-idx1-ubyte.gz
Processing...
Done!
2025-05-03T12:25:59Z INFO     Train Epoch: 1 [0/60000 (0%)]	loss=2.2968
2025-05-03T12:26:00Z INFO     Train Epoch: 1 [1280/60000 (2%)]	loss=2.2968
2025-05-03T12:26:01Z INFO     Train Epoch: 1 [2560/60000 (4%)]	loss=2.2864
2025-05-03T12:26:02Z INFO     Train Epoch: 1 [3840/60000 (6%)]	loss=2.2771
2025-05-03T12:26:03Z INFO     Train Epoch: 1 [5120/60000 (9%)]	loss=2.2604
2025-05-03T12:26:04Z INFO     Train Epoch: 1 [6400/60000 (11%)]	loss=2.2441
2025-05-03T12:26:04Z INFO     Train Epoch: 1 [7680/60000 (13%)]	loss=2.2291
2025-05-03T12:26:05Z INFO     Train Epoch: 1 [8960/60000 (15%)]	loss=2.1889
2025-05-03T12:26:06Z INFO     Train Epoch: 1 [10240/60000 (17%)]	loss=2.1538
2025-05-03T12:26:07Z INFO     Train Epoch: 1 [11520/60000 (19%)]	loss=2.1209
2025-05-03T12:26:08Z INFO     Train Epoch: 1 [12800/60000 (21%)]	loss=2.0503
2025-05-03T12:26:09Z INFO     Train Epoch: 1 [14080/60000 (23%)]	loss=1.8948
2025-05-03T12:26:09Z INFO     Train Epoch: 1 [15360/60000 (26%)]	loss=1.7615
2025-05-03T12:26:10Z INFO     Train Epoch: 1 [16640/60000 (28%)]	loss=1.5673
2025-05-03T12:26:11Z INFO     Train Epoch: 1 [17920/60000 (30%)]	loss=1.4268
2025-05-03T12:26:12Z INFO     Train Epoch: 1 [19200/60000 (32%)]	loss=1.2303
2025-05-03T12:26:12Z INFO     Train Epoch: 1 [20480/60000 (34%)]	loss=1.1260
2025-05-03T12:26:13Z INFO     Train Epoch: 1 [21760/60000 (36%)]	loss=1.0024
2025-05-03T12:26:14Z INFO     Train Epoch: 1 [23040/60000 (38%)]	loss=1.0410
2025-05-03T12:26:15Z INFO     Train Epoch: 1 [24320/60000 (41%)]	loss=0.9851
2025-05-03T12:26:16Z INFO     Train Epoch: 1 [25600/60000 (43%)]	loss=0.9058
2025-05-03T12:26:16Z INFO     Train Epoch: 1 [26880/60000 (45%)]	loss=1.1151
2025-05-03T12:26:17Z INFO     Train Epoch: 1 [28160/60000 (47%)]	loss=0.8895
2025-05-03T12:26:18Z INFO     Train Epoch: 1 [29440/60000 (49%)]	loss=0.9836
2025-05-03T12:26:18Z INFO     Train Epoch: 1 [30720/60000 (51%)]	loss=0.9615
2025-05-03T12:26:19Z INFO     Train Epoch: 1 [32000/60000 (53%)]	loss=0.8002
2025-05-03T12:26:20Z INFO     Train Epoch: 1 [33280/60000 (55%)]	loss=0.9870
2025-05-03T12:26:21Z INFO     Train Epoch: 1 [34560/60000 (58%)]	loss=0.9410
2025-05-03T12:26:22Z INFO     Train Epoch: 1 [35840/60000 (60%)]	loss=0.8523
2025-05-03T12:26:22Z INFO     Train Epoch: 1 [37120/60000 (62%)]	loss=0.8105
2025-05-03T12:26:23Z INFO     Train Epoch: 1 [38400/60000 (64%)]	loss=0.8501
2025-05-03T12:26:24Z INFO     Train Epoch: 1 [39680/60000 (66%)]	loss=0.7478
2025-05-03T12:26:25Z INFO     Train Epoch: 1 [40960/60000 (68%)]	loss=0.8585
2025-05-03T12:26:25Z INFO     Train Epoch: 1 [42240/60000 (70%)]	loss=0.8178
2025-05-03T12:26:26Z INFO     Train Epoch: 1 [43520/60000 (72%)]	loss=0.8409
2025-05-03T12:26:27Z INFO     Train Epoch: 1 [44800/60000 (75%)]	loss=0.7435
2025-05-03T12:26:28Z INFO     Train Epoch: 1 [46080/60000 (77%)]	loss=0.8663
2025-05-03T12:26:28Z INFO     Train Epoch: 1 [47360/60000 (79%)]	loss=0.7621
2025-05-03T12:26:29Z INFO     Train Epoch: 1 [48640/60000 (81%)]	loss=0.6725
2025-05-03T12:26:30Z INFO     Train Epoch: 1 [49920/60000 (83%)]	loss=0.8790
2025-05-03T12:26:30Z INFO     Train Epoch: 1 [51200/60000 (85%)]	loss=0.8756
2025-05-03T12:26:31Z INFO     Train Epoch: 1 [52480/60000 (87%)]	loss=0.6709
2025-05-03T12:26:32Z INFO     Train Epoch: 1 [53760/60000 (90%)]	loss=0.8902
2025-05-03T12:26:33Z INFO     Train Epoch: 1 [55040/60000 (92%)]	loss=0.7120
2025-05-03T12:26:34Z INFO     Train Epoch: 1 [56320/60000 (94%)]	loss=0.8181
2025-05-03T12:26:34Z INFO     Train Epoch: 1 [57600/60000 (96%)]	loss=0.8592
2025-05-03T12:26:35Z INFO     Train Epoch: 1 [58880/60000 (98%)]	loss=0.8290
2025-05-03T12:26:36Z INFO     {metricName: accuracy, metricValue: 0.6847};{metricName: loss, metricValue: 0.8126}

2025-05-03T12:26:37Z INFO     Train Epoch: 2 [0/60000 (0%)]	loss=0.8560
2025-05-03T12:26:38Z INFO     Train Epoch: 2 [1280/60000 (2%)]	loss=0.8157
2025-05-03T12:26:38Z INFO     Train Epoch: 2 [2560/60000 (4%)]	loss=0.7334
2025-05-03T12:26:39Z INFO     Train Epoch: 2 [3840/60000 (6%)]	loss=0.7615
2025-05-03T12:26:40Z INFO     Train Epoch: 2 [5120/60000 (9%)]	loss=0.7882
2025-05-03T12:26:41Z INFO     Train Epoch: 2 [6400/60000 (11%)]	loss=0.7608
2025-05-03T12:26:42Z INFO     Train Epoch: 2 [7680/60000 (13%)]	loss=0.5590
2025-05-03T12:26:42Z INFO     Train Epoch: 2 [8960/60000 (15%)]	loss=0.6862
2025-05-03T12:26:43Z INFO     Train Epoch: 2 [10240/60000 (17%)]	loss=0.7563
2025-05-03T12:26:44Z INFO     Train Epoch: 2 [11520/60000 (19%)]	loss=0.7244
2025-05-03T12:26:45Z INFO     Train Epoch: 2 [12800/60000 (21%)]	loss=0.6011
2025-05-03T12:26:45Z INFO     Train Epoch: 2 [14080/60000 (23%)]	loss=0.8325
2025-05-03T12:26:46Z INFO     Train Epoch: 2 [15360/60000 (26%)]	loss=0.6687
2025-05-03T12:26:47Z INFO     Train Epoch: 2 [16640/60000 (28%)]	loss=0.5826
2025-05-03T12:26:48Z INFO     Train Epoch: 2 [17920/60000 (30%)]	loss=0.7742
2025-05-03T12:26:48Z INFO     Train Epoch: 2 [19200/60000 (32%)]	loss=0.8004
2025-05-03T12:26:49Z INFO     Train Epoch: 2 [20480/60000 (34%)]	loss=0.7057
2025-05-03T12:26:50Z INFO     Train Epoch: 2 [21760/60000 (36%)]	loss=0.7697
2025-05-03T12:26:51Z INFO     Train Epoch: 2 [23040/60000 (38%)]	loss=0.6143
2025-05-03T12:26:52Z INFO     Train Epoch: 2 [24320/60000 (41%)]	loss=0.7364
2025-05-03T12:26:52Z INFO     Train Epoch: 2 [25600/60000 (43%)]	loss=0.6584
2025-05-03T12:26:53Z INFO     Train Epoch: 2 [26880/60000 (45%)]	loss=0.7730
2025-05-03T12:26:54Z INFO     Train Epoch: 2 [28160/60000 (47%)]	loss=0.5299
2025-05-03T12:26:55Z INFO     Train Epoch: 2 [29440/60000 (49%)]	loss=0.6245
2025-05-03T12:26:56Z INFO     Train Epoch: 2 [30720/60000 (51%)]	loss=0.6109
2025-05-03T12:26:57Z INFO     Train Epoch: 2 [32000/60000 (53%)]	loss=0.8244
2025-05-03T12:26:57Z INFO     Train Epoch: 2 [33280/60000 (55%)]	loss=0.7269
2025-05-03T12:26:58Z INFO     Train Epoch: 2 [34560/60000 (58%)]	loss=0.7144
2025-05-03T12:26:59Z INFO     Train Epoch: 2 [35840/60000 (60%)]	loss=0.6528
2025-05-03T12:27:00Z INFO     Train Epoch: 2 [37120/60000 (62%)]	loss=0.8278
2025-05-03T12:27:01Z INFO     Train Epoch: 2 [38400/60000 (64%)]	loss=0.5692
2025-05-03T12:27:02Z INFO     Train Epoch: 2 [39680/60000 (66%)]	loss=0.6903
2025-05-03T12:27:02Z INFO     Train Epoch: 2 [40960/60000 (68%)]	loss=0.5738
2025-05-03T12:27:03Z INFO     Train Epoch: 2 [42240/60000 (70%)]	loss=0.5824
2025-05-03T12:27:04Z INFO     Train Epoch: 2 [43520/60000 (72%)]	loss=0.7388
2025-05-03T12:27:05Z INFO     Train Epoch: 2 [44800/60000 (75%)]	loss=0.6273
2025-05-03T12:27:06Z INFO     Train Epoch: 2 [46080/60000 (77%)]	loss=0.5732
2025-05-03T12:27:06Z INFO     Train Epoch: 2 [47360/60000 (79%)]	loss=0.6571
2025-05-03T12:27:07Z INFO     Train Epoch: 2 [48640/60000 (81%)]	loss=0.6761
2025-05-03T12:27:08Z INFO     Train Epoch: 2 [49920/60000 (83%)]	loss=0.6090
2025-05-03T12:27:09Z INFO     Train Epoch: 2 [51200/60000 (85%)]	loss=0.8363
2025-05-03T12:27:09Z INFO     Train Epoch: 2 [52480/60000 (87%)]	loss=0.6381
2025-05-03T12:27:10Z INFO     Train Epoch: 2 [53760/60000 (90%)]	loss=0.5982
2025-05-03T12:27:11Z INFO     Train Epoch: 2 [55040/60000 (92%)]	loss=0.5006
2025-05-03T12:27:12Z INFO     Train Epoch: 2 [56320/60000 (94%)]	loss=0.6165
2025-05-03T12:27:13Z INFO     Train Epoch: 2 [57600/60000 (96%)]	loss=0.7176
2025-05-03T12:27:13Z INFO     Train Epoch: 2 [58880/60000 (98%)]	loss=0.6264
2025-05-03T12:27:15Z INFO     {metricName: accuracy, metricValue: 0.7207};{metricName: loss, metricValue: 0.7033}

2025-05-03T12:27:15Z INFO     Train Epoch: 3 [0/60000 (0%)]	loss=0.6813
2025-05-03T12:27:16Z INFO     Train Epoch: 3 [1280/60000 (2%)]	loss=0.8834
2025-05-03T12:27:16Z INFO     Train Epoch: 3 [2560/60000 (4%)]	loss=0.7518
2025-05-03T12:27:17Z INFO     Train Epoch: 3 [3840/60000 (6%)]	loss=0.6345
2025-05-03T12:27:18Z INFO     Train Epoch: 3 [5120/60000 (9%)]	loss=0.5840
2025-05-03T12:27:19Z INFO     Train Epoch: 3 [6400/60000 (11%)]	loss=0.6405
2025-05-03T12:27:19Z INFO     Train Epoch: 3 [7680/60000 (13%)]	loss=0.6111
2025-05-03T12:27:20Z INFO     Train Epoch: 3 [8960/60000 (15%)]	loss=0.7165
2025-05-03T12:27:21Z INFO     Train Epoch: 3 [10240/60000 (17%)]	loss=0.5241
2025-05-03T12:27:22Z INFO     Train Epoch: 3 [11520/60000 (19%)]	loss=0.7042
2025-05-03T12:27:22Z INFO     Train Epoch: 3 [12800/60000 (21%)]	loss=0.6369
2025-05-03T12:27:23Z INFO     Train Epoch: 3 [14080/60000 (23%)]	loss=0.5422
2025-05-03T12:27:24Z INFO     Train Epoch: 3 [15360/60000 (26%)]	loss=0.4878
2025-05-03T12:27:25Z INFO     Train Epoch: 3 [16640/60000 (28%)]	loss=0.5781
2025-05-03T12:27:25Z INFO     Train Epoch: 3 [17920/60000 (30%)]	loss=0.6206
2025-05-03T12:27:26Z INFO     Train Epoch: 3 [19200/60000 (32%)]	loss=0.5469
2025-05-03T12:27:27Z INFO     Train Epoch: 3 [20480/60000 (34%)]	loss=0.6192
2025-05-03T12:27:28Z INFO     Train Epoch: 3 [21760/60000 (36%)]	loss=0.6183
2025-05-03T12:27:28Z INFO     Train Epoch: 3 [23040/60000 (38%)]	loss=0.5467
2025-05-03T12:27:29Z INFO     Train Epoch: 3 [24320/60000 (41%)]	loss=0.6463
2025-05-03T12:27:30Z INFO     Train Epoch: 3 [25600/60000 (43%)]	loss=0.4430
2025-05-03T12:27:31Z INFO     Train Epoch: 3 [26880/60000 (45%)]	loss=0.4882
2025-05-03T12:27:31Z INFO     Train Epoch: 3 [28160/60000 (47%)]	loss=0.6371
2025-05-03T12:27:32Z INFO     Train Epoch: 3 [29440/60000 (49%)]	loss=0.6217
2025-05-03T12:27:33Z INFO     Train Epoch: 3 [30720/60000 (51%)]	loss=0.5961
2025-05-03T12:27:34Z INFO     Train Epoch: 3 [32000/60000 (53%)]	loss=0.4869
2025-05-03T12:27:35Z INFO     Train Epoch: 3 [33280/60000 (55%)]	loss=0.6227
2025-05-03T12:27:35Z INFO     Train Epoch: 3 [34560/60000 (58%)]	loss=0.6163
2025-05-03T12:27:36Z INFO     Train Epoch: 3 [35840/60000 (60%)]	loss=0.6076
2025-05-03T12:27:37Z INFO     Train Epoch: 3 [37120/60000 (62%)]	loss=0.4515
2025-05-03T12:27:38Z INFO     Train Epoch: 3 [38400/60000 (64%)]	loss=0.7120
2025-05-03T12:27:38Z INFO     Train Epoch: 3 [39680/60000 (66%)]	loss=0.5429
2025-05-03T12:27:39Z INFO     Train Epoch: 3 [40960/60000 (68%)]	loss=0.5270
2025-05-03T12:27:40Z INFO     Train Epoch: 3 [42240/60000 (70%)]	loss=0.5249
2025-05-03T12:27:41Z INFO     Train Epoch: 3 [43520/60000 (72%)]	loss=0.5864
2025-05-03T12:27:41Z INFO     Train Epoch: 3 [44800/60000 (75%)]	loss=0.6877
2025-05-03T12:27:42Z INFO     Train Epoch: 3 [46080/60000 (77%)]	loss=0.4790
2025-05-03T12:27:43Z INFO     Train Epoch: 3 [47360/60000 (79%)]	loss=0.4124
2025-05-03T12:27:44Z INFO     Train Epoch: 3 [48640/60000 (81%)]	loss=0.5669
2025-05-03T12:27:44Z INFO     Train Epoch: 3 [49920/60000 (83%)]	loss=0.6084
2025-05-03T12:27:45Z INFO     Train Epoch: 3 [51200/60000 (85%)]	loss=0.5980
2025-05-03T12:27:46Z INFO     Train Epoch: 3 [52480/60000 (87%)]	loss=0.5945
2025-05-03T12:27:47Z INFO     Train Epoch: 3 [53760/60000 (90%)]	loss=0.6253
2025-05-03T12:27:47Z INFO     Train Epoch: 3 [55040/60000 (92%)]	loss=0.6702
2025-05-03T12:27:48Z INFO     Train Epoch: 3 [56320/60000 (94%)]	loss=0.7371
2025-05-03T12:27:49Z INFO     Train Epoch: 3 [57600/60000 (96%)]	loss=0.6610
2025-05-03T12:27:50Z INFO     Train Epoch: 3 [58880/60000 (98%)]	loss=0.6025
2025-05-03T12:27:51Z INFO     {metricName: accuracy, metricValue: 0.7954};{metricName: loss, metricValue: 0.5690}

2025-05-03T12:27:51Z INFO     Train Epoch: 4 [0/60000 (0%)]	loss=0.5139
2025-05-03T12:27:52Z INFO     Train Epoch: 4 [1280/60000 (2%)]	loss=0.6259
2025-05-03T12:27:53Z INFO     Train Epoch: 4 [2560/60000 (4%)]	loss=0.6762
2025-05-03T12:27:53Z INFO     Train Epoch: 4 [3840/60000 (6%)]	loss=0.5535
2025-05-03T12:27:54Z INFO     Train Epoch: 4 [5120/60000 (9%)]	loss=0.5439
2025-05-03T12:27:55Z INFO     Train Epoch: 4 [6400/60000 (11%)]	loss=0.4626
2025-05-03T12:27:56Z INFO     Train Epoch: 4 [7680/60000 (13%)]	loss=0.5723
2025-05-03T12:27:56Z INFO     Train Epoch: 4 [8960/60000 (15%)]	loss=0.4752
2025-05-03T12:27:57Z INFO     Train Epoch: 4 [10240/60000 (17%)]	loss=0.6648
2025-05-03T12:27:58Z INFO     Train Epoch: 4 [11520/60000 (19%)]	loss=0.5636
2025-05-03T12:27:59Z INFO     Train Epoch: 4 [12800/60000 (21%)]	loss=0.4287
2025-05-03T12:27:59Z INFO     Train Epoch: 4 [14080/60000 (23%)]	loss=0.5174
2025-05-03T12:28:00Z INFO     Train Epoch: 4 [15360/60000 (26%)]	loss=0.5378
2025-05-03T12:28:01Z INFO     Train Epoch: 4 [16640/60000 (28%)]	loss=0.5512
2025-05-03T12:28:02Z INFO     Train Epoch: 4 [17920/60000 (30%)]	loss=0.6064
2025-05-03T12:28:03Z INFO     Train Epoch: 4 [19200/60000 (32%)]	loss=0.3614
2025-05-03T12:28:03Z INFO     Train Epoch: 4 [20480/60000 (34%)]	loss=0.4909
2025-05-03T12:28:04Z INFO     Train Epoch: 4 [21760/60000 (36%)]	loss=0.6137
2025-05-03T12:28:05Z INFO     Train Epoch: 4 [23040/60000 (38%)]	loss=0.5477
2025-05-03T12:28:06Z INFO     Train Epoch: 4 [24320/60000 (41%)]	loss=0.4992
2025-05-03T12:28:07Z INFO     Train Epoch: 4 [25600/60000 (43%)]	loss=0.5134
2025-05-03T12:28:07Z INFO     Train Epoch: 4 [26880/60000 (45%)]	loss=0.6410
2025-05-03T12:28:08Z INFO     Train Epoch: 4 [28160/60000 (47%)]	loss=0.5729
2025-05-03T12:28:09Z INFO     Train Epoch: 4 [29440/60000 (49%)]	loss=0.4727
2025-05-03T12:28:10Z INFO     Train Epoch: 4 [30720/60000 (51%)]	loss=0.5531
2025-05-03T12:28:11Z INFO     Train Epoch: 4 [32000/60000 (53%)]	loss=0.4175
2025-05-03T12:28:11Z INFO     Train Epoch: 4 [33280/60000 (55%)]	loss=0.5584
2025-05-03T12:28:12Z INFO     Train Epoch: 4 [34560/60000 (58%)]	loss=0.5740
2025-05-03T12:28:13Z INFO     Train Epoch: 4 [35840/60000 (60%)]	loss=0.4661
2025-05-03T12:28:14Z INFO     Train Epoch: 4 [37120/60000 (62%)]	loss=0.4652
2025-05-03T12:28:15Z INFO     Train Epoch: 4 [38400/60000 (64%)]	loss=0.4017
2025-05-03T12:28:15Z INFO     Train Epoch: 4 [39680/60000 (66%)]	loss=0.5666
2025-05-03T12:28:16Z INFO     Train Epoch: 4 [40960/60000 (68%)]	loss=0.4569
2025-05-03T12:28:17Z INFO     Train Epoch: 4 [42240/60000 (70%)]	loss=0.5172
2025-05-03T12:28:17Z INFO     Train Epoch: 4 [43520/60000 (72%)]	loss=0.3825
2025-05-03T12:28:18Z INFO     Train Epoch: 4 [44800/60000 (75%)]	loss=0.5719
2025-05-03T12:28:19Z INFO     Train Epoch: 4 [46080/60000 (77%)]	loss=0.5850
2025-05-03T12:28:20Z INFO     Train Epoch: 4 [47360/60000 (79%)]	loss=0.4073
2025-05-03T12:28:21Z INFO     Train Epoch: 4 [48640/60000 (81%)]	loss=0.5152
2025-05-03T12:28:21Z INFO     Train Epoch: 4 [49920/60000 (83%)]	loss=0.5396
2025-05-03T12:28:22Z INFO     Train Epoch: 4 [51200/60000 (85%)]	loss=0.6768
2025-05-03T12:28:23Z INFO     Train Epoch: 4 [52480/60000 (87%)]	loss=0.4920
2025-05-03T12:28:24Z INFO     Train Epoch: 4 [53760/60000 (90%)]	loss=0.4192
2025-05-03T12:28:24Z INFO     Train Epoch: 4 [55040/60000 (92%)]	loss=0.5506
2025-05-03T12:28:25Z INFO     Train Epoch: 4 [56320/60000 (94%)]	loss=0.3628
2025-05-03T12:28:26Z INFO     Train Epoch: 4 [57600/60000 (96%)]	loss=0.5918
2025-05-03T12:28:27Z INFO     Train Epoch: 4 [58880/60000 (98%)]	loss=0.4772
2025-05-03T12:28:28Z INFO     {metricName: accuracy, metricValue: 0.8106};{metricName: loss, metricValue: 0.5223}

2025-05-03T12:28:28Z INFO     Train Epoch: 5 [0/60000 (0%)]	loss=0.4841
2025-05-03T12:28:29Z INFO     Train Epoch: 5 [1280/60000 (2%)]	loss=0.6850
2025-05-03T12:28:30Z INFO     Train Epoch: 5 [2560/60000 (4%)]	loss=0.4849
2025-05-03T12:28:30Z INFO     Train Epoch: 5 [3840/60000 (6%)]	loss=0.4808
2025-05-03T12:28:31Z INFO     Train Epoch: 5 [5120/60000 (9%)]	loss=0.6191
2025-05-03T12:28:32Z INFO     Train Epoch: 5 [6400/60000 (11%)]	loss=0.3916
2025-05-03T12:28:33Z INFO     Train Epoch: 5 [7680/60000 (13%)]	loss=0.5090
2025-05-03T12:28:34Z INFO     Train Epoch: 5 [8960/60000 (15%)]	loss=0.5270
2025-05-03T12:28:34Z INFO     Train Epoch: 5 [10240/60000 (17%)]	loss=0.6530
2025-05-03T12:28:35Z INFO     Train Epoch: 5 [11520/60000 (19%)]	loss=0.5553
2025-05-03T12:28:36Z INFO     Train Epoch: 5 [12800/60000 (21%)]	loss=0.4643
2025-05-03T12:28:37Z INFO     Train Epoch: 5 [14080/60000 (23%)]	loss=0.5755
2025-05-03T12:28:37Z INFO     Train Epoch: 5 [15360/60000 (26%)]	loss=0.5023
2025-05-03T12:28:38Z INFO     Train Epoch: 5 [16640/60000 (28%)]	loss=0.5064
2025-05-03T12:28:39Z INFO     Train Epoch: 5 [17920/60000 (30%)]	loss=0.5097
2025-05-03T12:28:40Z INFO     Train Epoch: 5 [19200/60000 (32%)]	loss=0.7056
2025-05-03T12:28:40Z INFO     Train Epoch: 5 [20480/60000 (34%)]	loss=0.4739
2025-05-03T12:28:41Z INFO     Train Epoch: 5 [21760/60000 (36%)]	loss=0.4576
2025-05-03T12:28:42Z INFO     Train Epoch: 5 [23040/60000 (38%)]	loss=0.3923
2025-05-03T12:28:43Z INFO     Train Epoch: 5 [24320/60000 (41%)]	loss=0.4276
2025-05-03T12:28:43Z INFO     Train Epoch: 5 [25600/60000 (43%)]	loss=0.4393
2025-05-03T12:28:44Z INFO     Train Epoch: 5 [26880/60000 (45%)]	loss=0.3781
2025-05-03T12:28:45Z INFO     Train Epoch: 5 [28160/60000 (47%)]	loss=0.4194
2025-05-03T12:28:46Z INFO     Train Epoch: 5 [29440/60000 (49%)]	loss=0.5462
2025-05-03T12:28:47Z INFO     Train Epoch: 5 [30720/60000 (51%)]	loss=0.4224
2025-05-03T12:28:47Z INFO     Train Epoch: 5 [32000/60000 (53%)]	loss=0.3845
2025-05-03T12:28:48Z INFO     Train Epoch: 5 [33280/60000 (55%)]	loss=0.3422
2025-05-03T12:28:49Z INFO     Train Epoch: 5 [34560/60000 (58%)]	loss=0.3913
2025-05-03T12:28:49Z INFO     Train Epoch: 5 [35840/60000 (60%)]	loss=0.4154
2025-05-03T12:28:50Z INFO     Train Epoch: 5 [37120/60000 (62%)]	loss=0.5598
2025-05-03T12:28:51Z INFO     Train Epoch: 5 [38400/60000 (64%)]	loss=0.4432
2025-05-03T12:28:52Z INFO     Train Epoch: 5 [39680/60000 (66%)]	loss=0.5095
2025-05-03T12:28:53Z INFO     Train Epoch: 5 [40960/60000 (68%)]	loss=0.5097
2025-05-03T12:28:53Z INFO     Train Epoch: 5 [42240/60000 (70%)]	loss=0.4176
2025-05-03T12:28:54Z INFO     Train Epoch: 5 [43520/60000 (72%)]	loss=0.4663
2025-05-03T12:28:55Z INFO     Train Epoch: 5 [44800/60000 (75%)]	loss=0.4664
2025-05-03T12:28:56Z INFO     Train Epoch: 5 [46080/60000 (77%)]	loss=0.5208
2025-05-03T12:28:56Z INFO     Train Epoch: 5 [47360/60000 (79%)]	loss=0.5150
2025-05-03T12:28:57Z INFO     Train Epoch: 5 [48640/60000 (81%)]	loss=0.4683
2025-05-03T12:28:58Z INFO     Train Epoch: 5 [49920/60000 (83%)]	loss=0.4774
2025-05-03T12:28:59Z INFO     Train Epoch: 5 [51200/60000 (85%)]	loss=0.3412
2025-05-03T12:28:59Z INFO     Train Epoch: 5 [52480/60000 (87%)]	loss=0.4382
2025-05-03T12:29:00Z INFO     Train Epoch: 5 [53760/60000 (90%)]	loss=0.4138
2025-05-03T12:29:01Z INFO     Train Epoch: 5 [55040/60000 (92%)]	loss=0.5097
2025-05-03T12:29:02Z INFO     Train Epoch: 5 [56320/60000 (94%)]	loss=0.2902
2025-05-03T12:29:03Z INFO     Train Epoch: 5 [57600/60000 (96%)]	loss=0.5509
2025-05-03T12:29:03Z INFO     Train Epoch: 5 [58880/60000 (98%)]	loss=0.3878
2025-05-03T12:29:05Z INFO     {metricName: accuracy, metricValue: 0.8332};{metricName: loss, metricValue: 0.4739}

2025-05-03T12:29:05Z INFO     Train Epoch: 6 [0/60000 (0%)]	loss=0.5894
2025-05-03T12:29:06Z INFO     Train Epoch: 6 [1280/60000 (2%)]	loss=0.3865
2025-05-03T12:29:07Z INFO     Train Epoch: 6 [2560/60000 (4%)]	loss=0.4363
2025-05-03T12:29:07Z INFO     Train Epoch: 6 [3840/60000 (6%)]	loss=0.6142
2025-05-03T12:29:08Z INFO     Train Epoch: 6 [5120/60000 (9%)]	loss=0.3934
2025-05-03T12:29:09Z INFO     Train Epoch: 6 [6400/60000 (11%)]	loss=0.4623
2025-05-03T12:29:10Z INFO     Train Epoch: 6 [7680/60000 (13%)]	loss=0.4151
2025-05-03T12:29:11Z INFO     Train Epoch: 6 [8960/60000 (15%)]	loss=0.5739
2025-05-03T12:29:11Z INFO     Train Epoch: 6 [10240/60000 (17%)]	loss=0.4532
2025-05-03T12:29:12Z INFO     Train Epoch: 6 [11520/60000 (19%)]	loss=0.5195
2025-05-03T12:29:13Z INFO     Train Epoch: 6 [12800/60000 (21%)]	loss=0.5369
2025-05-03T12:29:14Z INFO     Train Epoch: 6 [14080/60000 (23%)]	loss=0.5052
2025-05-03T12:29:14Z INFO     Train Epoch: 6 [15360/60000 (26%)]	loss=0.4589
2025-05-03T12:29:15Z INFO     Train Epoch: 6 [16640/60000 (28%)]	loss=0.3878
2025-05-03T12:29:16Z INFO     Train Epoch: 6 [17920/60000 (30%)]	loss=0.4061
2025-05-03T12:29:17Z INFO     Train Epoch: 6 [19200/60000 (32%)]	loss=0.3621
2025-05-03T12:29:17Z INFO     Train Epoch: 6 [20480/60000 (34%)]	loss=0.3716
2025-05-03T12:29:18Z INFO     Train Epoch: 6 [21760/60000 (36%)]	loss=0.3767
2025-05-03T12:29:19Z INFO     Train Epoch: 6 [23040/60000 (38%)]	loss=0.3545
2025-05-03T12:29:19Z INFO     Train Epoch: 6 [24320/60000 (41%)]	loss=0.3850
2025-05-03T12:29:20Z INFO     Train Epoch: 6 [25600/60000 (43%)]	loss=0.5275
2025-05-03T12:29:21Z INFO     Train Epoch: 6 [26880/60000 (45%)]	loss=0.5757
2025-05-03T12:29:22Z INFO     Train Epoch: 6 [28160/60000 (47%)]	loss=0.5426
2025-05-03T12:29:23Z INFO     Train Epoch: 6 [29440/60000 (49%)]	loss=0.4630
2025-05-03T12:29:23Z INFO     Train Epoch: 6 [30720/60000 (51%)]	loss=0.4302
2025-05-03T12:29:24Z INFO     Train Epoch: 6 [32000/60000 (53%)]	loss=0.3512
2025-05-03T12:29:25Z INFO     Train Epoch: 6 [33280/60000 (55%)]	loss=0.4114
2025-05-03T12:29:26Z INFO     Train Epoch: 6 [34560/60000 (58%)]	loss=0.4066
2025-05-03T12:29:26Z INFO     Train Epoch: 6 [35840/60000 (60%)]	loss=0.5233
2025-05-03T12:29:27Z INFO     Train Epoch: 6 [37120/60000 (62%)]	loss=0.4360
2025-05-03T12:29:28Z INFO     Train Epoch: 6 [38400/60000 (64%)]	loss=0.4856
2025-05-03T12:29:29Z INFO     Train Epoch: 6 [39680/60000 (66%)]	loss=0.3859
2025-05-03T12:29:29Z INFO     Train Epoch: 6 [40960/60000 (68%)]	loss=0.5392
2025-05-03T12:29:30Z INFO     Train Epoch: 6 [42240/60000 (70%)]	loss=0.4800
2025-05-03T12:29:31Z INFO     Train Epoch: 6 [43520/60000 (72%)]	loss=0.2872
2025-05-03T12:29:32Z INFO     Train Epoch: 6 [44800/60000 (75%)]	loss=0.4112
2025-05-03T12:29:32Z INFO     Train Epoch: 6 [46080/60000 (77%)]	loss=0.4991
2025-05-03T12:29:33Z INFO     Train Epoch: 6 [47360/60000 (79%)]	loss=0.5726
2025-05-03T12:29:34Z INFO     Train Epoch: 6 [48640/60000 (81%)]	loss=0.4294
2025-05-03T12:29:35Z INFO     Train Epoch: 6 [49920/60000 (83%)]	loss=0.4306
2025-05-03T12:29:35Z INFO     Train Epoch: 6 [51200/60000 (85%)]	loss=0.4994
2025-05-03T12:29:36Z INFO     Train Epoch: 6 [52480/60000 (87%)]	loss=0.4154
2025-05-03T12:29:37Z INFO     Train Epoch: 6 [53760/60000 (90%)]	loss=0.3770
2025-05-03T12:29:38Z INFO     Train Epoch: 6 [55040/60000 (92%)]	loss=0.3471
2025-05-03T12:29:38Z INFO     Train Epoch: 6 [56320/60000 (94%)]	loss=0.4030
2025-05-03T12:29:39Z INFO     Train Epoch: 6 [57600/60000 (96%)]	loss=0.4953
2025-05-03T12:29:40Z INFO     Train Epoch: 6 [58880/60000 (98%)]	loss=0.3311
2025-05-03T12:29:41Z INFO     {metricName: accuracy, metricValue: 0.8418};{metricName: loss, metricValue: 0.4485}

2025-05-03T12:29:41Z INFO     Train Epoch: 7 [0/60000 (0%)]	loss=0.5056
2025-05-03T12:29:42Z INFO     Train Epoch: 7 [1280/60000 (2%)]	loss=0.5834
2025-05-03T12:29:43Z INFO     Train Epoch: 7 [2560/60000 (4%)]	loss=0.4461
2025-05-03T12:29:44Z INFO     Train Epoch: 7 [3840/60000 (6%)]	loss=0.3705
2025-05-03T12:29:44Z INFO     Train Epoch: 7 [5120/60000 (9%)]	loss=0.5044
2025-05-03T12:29:45Z INFO     Train Epoch: 7 [6400/60000 (11%)]	loss=0.4584
2025-05-03T12:29:46Z INFO     Train Epoch: 7 [7680/60000 (13%)]	loss=0.4700
2025-05-03T12:29:47Z INFO     Train Epoch: 7 [8960/60000 (15%)]	loss=0.3838
2025-05-03T12:29:47Z INFO     Train Epoch: 7 [10240/60000 (17%)]	loss=0.5306
2025-05-03T12:29:48Z INFO     Train Epoch: 7 [11520/60000 (19%)]	loss=0.4370
2025-05-03T12:29:49Z INFO     Train Epoch: 7 [12800/60000 (21%)]	loss=0.4536
2025-05-03T12:29:50Z INFO     Train Epoch: 7 [14080/60000 (23%)]	loss=0.4799
2025-05-03T12:29:50Z INFO     Train Epoch: 7 [15360/60000 (26%)]	loss=0.4935
2025-05-03T12:29:51Z INFO     Train Epoch: 7 [16640/60000 (28%)]	loss=0.5235
2025-05-03T12:29:52Z INFO     Train Epoch: 7 [17920/60000 (30%)]	loss=0.4104
2025-05-03T12:29:53Z INFO     Train Epoch: 7 [19200/60000 (32%)]	loss=0.3378
2025-05-03T12:29:53Z INFO     Train Epoch: 7 [20480/60000 (34%)]	loss=0.3332
2025-05-03T12:29:54Z INFO     Train Epoch: 7 [21760/60000 (36%)]	loss=0.5004
2025-05-03T12:29:55Z INFO     Train Epoch: 7 [23040/60000 (38%)]	loss=0.4583
2025-05-03T12:29:56Z INFO     Train Epoch: 7 [24320/60000 (41%)]	loss=0.5617
2025-05-03T12:29:57Z INFO     Train Epoch: 7 [25600/60000 (43%)]	loss=0.3967
2025-05-03T12:29:57Z INFO     Train Epoch: 7 [26880/60000 (45%)]	loss=0.3794
2025-05-03T12:29:58Z INFO     Train Epoch: 7 [28160/60000 (47%)]	loss=0.3285
2025-05-03T12:29:59Z INFO     Train Epoch: 7 [29440/60000 (49%)]	loss=0.5232
2025-05-03T12:30:00Z INFO     Train Epoch: 7 [30720/60000 (51%)]	loss=0.4658
2025-05-03T12:30:00Z INFO     Train Epoch: 7 [32000/60000 (53%)]	loss=0.3636
2025-05-03T12:30:01Z INFO     Train Epoch: 7 [33280/60000 (55%)]	loss=0.4899
2025-05-03T12:30:02Z INFO     Train Epoch: 7 [34560/60000 (58%)]	loss=0.3481
2025-05-03T12:30:03Z INFO     Train Epoch: 7 [35840/60000 (60%)]	loss=0.4154
2025-05-03T12:30:04Z INFO     Train Epoch: 7 [37120/60000 (62%)]	loss=0.4688
2025-05-03T12:30:04Z INFO     Train Epoch: 7 [38400/60000 (64%)]	loss=0.4654
2025-05-03T12:30:05Z INFO     Train Epoch: 7 [39680/60000 (66%)]	loss=0.3998
2025-05-03T12:30:06Z INFO     Train Epoch: 7 [40960/60000 (68%)]	loss=0.4005
2025-05-03T12:30:07Z INFO     Train Epoch: 7 [42240/60000 (70%)]	loss=0.3133
2025-05-03T12:30:08Z INFO     Train Epoch: 7 [43520/60000 (72%)]	loss=0.5431
2025-05-03T12:30:08Z INFO     Train Epoch: 7 [44800/60000 (75%)]	loss=0.4285
2025-05-03T12:30:09Z INFO     Train Epoch: 7 [46080/60000 (77%)]	loss=0.4762
2025-05-03T12:30:10Z INFO     Train Epoch: 7 [47360/60000 (79%)]	loss=0.4521
2025-05-03T12:30:11Z INFO     Train Epoch: 7 [48640/60000 (81%)]	loss=0.3275
2025-05-03T12:30:11Z INFO     Train Epoch: 7 [49920/60000 (83%)]	loss=0.4408
2025-05-03T12:30:12Z INFO     Train Epoch: 7 [51200/60000 (85%)]	loss=0.3891
2025-05-03T12:30:13Z INFO     Train Epoch: 7 [52480/60000 (87%)]	loss=0.3909
2025-05-03T12:30:14Z INFO     Train Epoch: 7 [53760/60000 (90%)]	loss=0.4463
2025-05-03T12:30:14Z INFO     Train Epoch: 7 [55040/60000 (92%)]	loss=0.3676
2025-05-03T12:30:15Z INFO     Train Epoch: 7 [56320/60000 (94%)]	loss=0.3767
2025-05-03T12:30:16Z INFO     Train Epoch: 7 [57600/60000 (96%)]	loss=0.2966
2025-05-03T12:30:17Z INFO     Train Epoch: 7 [58880/60000 (98%)]	loss=0.4257
2025-05-03T12:30:18Z INFO     {metricName: accuracy, metricValue: 0.8516};{metricName: loss, metricValue: 0.4274}

2025-05-03T12:30:18Z INFO     Train Epoch: 8 [0/60000 (0%)]	loss=0.3285
2025-05-03T12:30:19Z INFO     Train Epoch: 8 [1280/60000 (2%)]	loss=0.4571
2025-05-03T12:30:20Z INFO     Train Epoch: 8 [2560/60000 (4%)]	loss=0.4748
2025-05-03T12:30:20Z INFO     Train Epoch: 8 [3840/60000 (6%)]	loss=0.5030
2025-05-03T12:30:21Z INFO     Train Epoch: 8 [5120/60000 (9%)]	loss=0.4596
2025-05-03T12:30:22Z INFO     Train Epoch: 8 [6400/60000 (11%)]	loss=0.5472
2025-05-03T12:30:23Z INFO     Train Epoch: 8 [7680/60000 (13%)]	loss=0.4499
2025-05-03T12:30:24Z INFO     Train Epoch: 8 [8960/60000 (15%)]	loss=0.3405
2025-05-03T12:30:24Z INFO     Train Epoch: 8 [10240/60000 (17%)]	loss=0.3854
2025-05-03T12:30:25Z INFO     Train Epoch: 8 [11520/60000 (19%)]	loss=0.4318
2025-05-03T12:30:26Z INFO     Train Epoch: 8 [12800/60000 (21%)]	loss=0.3817
2025-05-03T12:30:27Z INFO     Train Epoch: 8 [14080/60000 (23%)]	loss=0.3549
2025-05-03T12:30:27Z INFO     Train Epoch: 8 [15360/60000 (26%)]	loss=0.3673
2025-05-03T12:30:28Z INFO     Train Epoch: 8 [16640/60000 (28%)]	loss=0.2670
2025-05-03T12:30:29Z INFO     Train Epoch: 8 [17920/60000 (30%)]	loss=0.3722
2025-05-03T12:30:29Z INFO     Train Epoch: 8 [19200/60000 (32%)]	loss=0.3557
2025-05-03T12:30:30Z INFO     Train Epoch: 8 [20480/60000 (34%)]	loss=0.5436
2025-05-03T12:30:31Z INFO     Train Epoch: 8 [21760/60000 (36%)]	loss=0.3930
2025-05-03T12:30:32Z INFO     Train Epoch: 8 [23040/60000 (38%)]	loss=0.3722
2025-05-03T12:30:33Z INFO     Train Epoch: 8 [24320/60000 (41%)]	loss=0.4744
2025-05-03T12:30:33Z INFO     Train Epoch: 8 [25600/60000 (43%)]	loss=0.3490
2025-05-03T12:30:34Z INFO     Train Epoch: 8 [26880/60000 (45%)]	loss=0.5266
2025-05-03T12:30:35Z INFO     Train Epoch: 8 [28160/60000 (47%)]	loss=0.4327
2025-05-03T12:30:36Z INFO     Train Epoch: 8 [29440/60000 (49%)]	loss=0.3565
2025-05-03T12:30:36Z INFO     Train Epoch: 8 [30720/60000 (51%)]	loss=0.4321
2025-05-03T12:30:37Z INFO     Train Epoch: 8 [32000/60000 (53%)]	loss=0.3684
2025-05-03T12:30:38Z INFO     Train Epoch: 8 [33280/60000 (55%)]	loss=0.4511
2025-05-03T12:30:39Z INFO     Train Epoch: 8 [34560/60000 (58%)]	loss=0.5793
2025-05-03T12:30:39Z INFO     Train Epoch: 8 [35840/60000 (60%)]	loss=0.3643
2025-05-03T12:30:40Z INFO     Train Epoch: 8 [37120/60000 (62%)]	loss=0.4063
2025-05-03T12:30:41Z INFO     Train Epoch: 8 [38400/60000 (64%)]	loss=0.4770
2025-05-03T12:30:42Z INFO     Train Epoch: 8 [39680/60000 (66%)]	loss=0.4734
2025-05-03T12:30:42Z INFO     Train Epoch: 8 [40960/60000 (68%)]	loss=0.2700
2025-05-03T12:30:43Z INFO     Train Epoch: 8 [42240/60000 (70%)]	loss=0.2687
2025-05-03T12:30:44Z INFO     Train Epoch: 8 [43520/60000 (72%)]	loss=0.4531
2025-05-03T12:30:44Z INFO     Train Epoch: 8 [44800/60000 (75%)]	loss=0.5357
2025-05-03T12:30:45Z INFO     Train Epoch: 8 [46080/60000 (77%)]	loss=0.4534
2025-05-03T12:30:46Z INFO     Train Epoch: 8 [47360/60000 (79%)]	loss=0.3866
2025-05-03T12:30:47Z INFO     Train Epoch: 8 [48640/60000 (81%)]	loss=0.4491
2025-05-03T12:30:47Z INFO     Train Epoch: 8 [49920/60000 (83%)]	loss=0.3900
2025-05-03T12:30:48Z INFO     Train Epoch: 8 [51200/60000 (85%)]	loss=0.5178
2025-05-03T12:30:49Z INFO     Train Epoch: 8 [52480/60000 (87%)]	loss=0.3091
2025-05-03T12:30:50Z INFO     Train Epoch: 8 [53760/60000 (90%)]	loss=0.3134
2025-05-03T12:30:50Z INFO     Train Epoch: 8 [55040/60000 (92%)]	loss=0.5430
2025-05-03T12:30:51Z INFO     Train Epoch: 8 [56320/60000 (94%)]	loss=0.3679
2025-05-03T12:30:52Z INFO     Train Epoch: 8 [57600/60000 (96%)]	loss=0.3603
2025-05-03T12:30:53Z INFO     Train Epoch: 8 [58880/60000 (98%)]	loss=0.4340
2025-05-03T12:30:54Z INFO     {metricName: accuracy, metricValue: 0.8479};{metricName: loss, metricValue: 0.4265}


real	5m52.049s
user	7m12.609s
sys	3m0.372s
