unlimited
PROGRAM: shmem
Looking for /opt/programs/shmem/ebpf-collect.c
Initializing eBPF for Shared Memory monitoring...
BPF C code compiled and loaded.
[20:39:57] 
Start Indicator file defined '/mnt/flux/start_ebpf_collection'. Waiting.
[20:40:25] Start indicator found. Proceeding.
Attaching tracepoints...
  Kprobes for shm_open/shm_unlink should auto-attach if symbols exist.
Finished attaching probes.

--- Shared Memory Stats Summary at 20:40:30 ---
{"tgid": 7675, "comm": "lmp_gpu", "shmget": 0, "shmat": 0, "shmdt": 0, "rmid": 0, "get_mb": 0.0, "shmopen": 0, "unlink": 0, "mmap_sh": 37, "munmap": 86, "mmap_sh_mb": 87.23046875}
{"tgid": 7706, "comm": "ip6tables", "shmget": 0, "shmat": 0, "shmdt": 0, "rmid": 0, "get_mb": 0.0, "shmopen": 0, "unlink": 0, "mmap_sh": 0, "munmap": 3, "mmap_sh_mb": 0.0}
{"tgid": 7694, "comm": "ip6tables", "shmget": 0, "shmat": 0, "shmdt": 0, "rmid": 0, "get_mb": 0.0, "shmopen": 0, "unlink": 0, "mmap_sh": 0, "munmap": 3, "mmap_sh_mb": 0.0}
{"tgid": 7721, "comm": "modprobe", "shmget": 0, "shmat": 0, "shmdt": 0, "rmid": 0, "get_mb": 0.0, "shmopen": 0, "unlink": 0, "mmap_sh": 0, "munmap": 6, "mmap_sh_mb": 0.0}
{"tgid": 7732, "comm": "6", "shmget": 0, "shmat": 0, "shmdt": 0, "rmid": 0, "get_mb": 0.0, "shmopen": 0, "unlink": 0, "mmap_sh": 0, "munmap": 1, "mmap_sh_mb": 0.0}
{"tgid": 7704, "comm": "ip6tables", "shmget": 0, "shmat": 0, "shmdt": 0, "rmid": 0, "get_mb": 0.0, "shmopen": 0, "unlink": 0, "mmap_sh": 0, "munmap": 3, "mmap_sh_mb": 0.0}
{"tgid": 7720, "comm": "ip6tables-resto", "shmget": 0, "shmat": 0, "shmdt": 0, "rmid": 0, "get_mb": 0.0, "shmopen": 0, "unlink": 0, "mmap_sh": 0, "munmap": 1, "mmap_sh_mb": 0.0}
{"tgid": 7677, "comm": "modprobe", "shmget": 0, "shmat": 0, "shmdt": 0, "rmid": 0, "get_mb": 0.0, "shmopen": 0, "unlink": 0, "mmap_sh": 0, "munmap": 6, "mmap_sh_mb": 0.0}
{"tgid": 7714, "comm": "ip6tables", "shmget": 0, "shmat": 0, "shmdt": 0, "rmid": 0, "get_mb": 0.0, "shmopen": 0, "unlink": 0, "mmap_sh": 0, "munmap": 2, "mmap_sh_mb": 0.0}
{"tgid": 7723, "comm": "runc", "shmget": 0, "shmat": 0, "shmdt": 0, "rmid": 0, "get_mb": 0.0, "shmopen": 0, "unlink": 0, "mmap_sh": 0, "munmap": 8, "mmap_sh_mb": 0.0}
{"tgid": 7700, "comm": "ip6tables", "shmget": 0, "shmat": 0, "shmdt": 0, "rmid": 0, "get_mb": 0.0, "shmopen": 0, "unlink": 0, "mmap_sh": 0, "munmap": 3, "mmap_sh_mb": 0.0}
{"tgid": 7716, "comm": "ip6tables", "shmget": 0, "shmat": 0, "shmdt": 0, "rmid": 0, "get_mb": 0.0, "shmopen": 0, "unlink": 0, "mmap_sh": 0, "munmap": 1, "mmap_sh_mb": 0.0}
{"tgid": 7719, "comm": "ip6tables-save", "shmget": 0, "shmat": 0, "shmdt": 0, "rmid": 0, "get_mb": 0.0, "shmopen": 0, "unlink": 0, "mmap_sh": 0, "munmap": 1, "mmap_sh_mb": 0.0}
{"tgid": 7698, "comm": "ip6tables", "shmget": 0, "shmat": 0, "shmdt": 0, "rmid": 0, "get_mb": 0.0, "shmopen": 0, "unlink": 0, "mmap_sh": 0, "munmap": 3, "mmap_sh_mb": 0.0}
{"tgid": 7722, "comm": "modprobe", "shmget": 0, "shmat": 0, "shmdt": 0, "rmid": 0, "get_mb": 0.0, "shmopen": 0, "unlink": 0, "mmap_sh": 0, "munmap": 6, "mmap_sh_mb": 0.0}
{"tgid": 7710, "comm": "ip6tables", "shmget": 0, "shmat": 0, "shmdt": 0, "rmid": 0, "get_mb": 0.0, "shmopen": 0, "unlink": 0, "mmap_sh": 0, "munmap": 2, "mmap_sh_mb": 0.0}
{"tgid": 7718, "comm": "ip6tables", "shmget": 0, "shmat": 0, "shmdt": 0, "rmid": 0, "get_mb": 0.0, "shmopen": 0, "unlink": 0, "mmap_sh": 0, "munmap": 1, "mmap_sh_mb": 0.0}
{"tgid": 7734, "comm": "runc:[2:INIT]", "shmget": 0, "shmat": 0, "shmdt": 0, "rmid": 0, "get_mb": 0.0, "shmopen": 0, "unlink": 0, "mmap_sh": 0, "munmap": 6, "mmap_sh_mb": 0.0}
{"tgid": 7702, "comm": "ip6tables", "shmget": 0, "shmat": 0, "shmdt": 0, "rmid": 0, "get_mb": 0.0, "shmopen": 0, "unlink": 0, "mmap_sh": 0, "munmap": 3, "mmap_sh_mb": 0.0}
{"tgid": 7712, "comm": "ip6tables", "shmget": 0, "shmat": 0, "shmdt": 0, "rmid": 0, "get_mb": 0.0, "shmopen": 0, "unlink": 0, "mmap_sh": 0, "munmap": 2, "mmap_sh_mb": 0.0}

--- Shared Memory Stats Summary at 20:40:35 ---
{"tgid": 7675, "comm": "lmp_gpu", "shmget": 0, "shmat": 0, "shmdt": 0, "rmid": 0, "get_mb": 0.0, "shmopen": 0, "unlink": 0, "mmap_sh": 37, "munmap": 93, "mmap_sh_mb": 87.23046875}
{"tgid": 7706, "comm": "ip6tables", "shmget": 0, "shmat": 0, "shmdt": 0, "rmid": 0, "get_mb": 0.0, "shmopen": 0, "unlink": 0, "mmap_sh": 0, "munmap": 3, "mmap_sh_mb": 0.0}
{"tgid": 7694, "comm": "ip6tables", "shmget": 0, "shmat": 0, "shmdt": 0, "rmid": 0, "get_mb": 0.0, "shmopen": 0, "unlink": 0, "mmap_sh": 0, "munmap": 3, "mmap_sh_mb": 0.0}
{"tgid": 7721, "comm": "modprobe", "shmget": 0, "shmat": 0, "shmdt": 0, "rmid": 0, "get_mb": 0.0, "shmopen": 0, "unlink": 0, "mmap_sh": 0, "munmap": 6, "mmap_sh_mb": 0.0}
{"tgid": 7732, "comm": "6", "shmget": 0, "shmat": 0, "shmdt": 0, "rmid": 0, "get_mb": 0.0, "shmopen": 0, "unlink": 0, "mmap_sh": 0, "munmap": 1, "mmap_sh_mb": 0.0}
{"tgid": 7704, "comm": "ip6tables", "shmget": 0, "shmat": 0, "shmdt": 0, "rmid": 0, "get_mb": 0.0, "shmopen": 0, "unlink": 0, "mmap_sh": 0, "munmap": 3, "mmap_sh_mb": 0.0}
{"tgid": 7720, "comm": "ip6tables-resto", "shmget": 0, "shmat": 0, "shmdt": 0, "rmid": 0, "get_mb": 0.0, "shmopen": 0, "unlink": 0, "mmap_sh": 0, "munmap": 1, "mmap_sh_mb": 0.0}
{"tgid": 7677, "comm": "modprobe", "shmget": 0, "shmat": 0, "shmdt": 0, "rmid": 0, "get_mb": 0.0, "shmopen": 0, "unlink": 0, "mmap_sh": 0, "munmap": 6, "mmap_sh_mb": 0.0}
{"tgid": 7714, "comm": "ip6tables", "shmget": 0, "shmat": 0, "shmdt": 0, "rmid": 0, "get_mb": 0.0, "shmopen": 0, "unlink": 0, "mmap_sh": 0, "munmap": 2, "mmap_sh_mb": 0.0}
{"tgid": 7723, "comm": "runc", "shmget": 0, "shmat": 0, "shmdt": 0, "rmid": 0, "get_mb": 0.0, "shmopen": 0, "unlink": 0, "mmap_sh": 0, "munmap": 8, "mmap_sh_mb": 0.0}
{"tgid": 7700, "comm": "ip6tables", "shmget": 0, "shmat": 0, "shmdt": 0, "rmid": 0, "get_mb": 0.0, "shmopen": 0, "unlink": 0, "mmap_sh": 0, "munmap": 3, "mmap_sh_mb": 0.0}
{"tgid": 7716, "comm": "ip6tables", "shmget": 0, "shmat": 0, "shmdt": 0, "rmid": 0, "get_mb": 0.0, "shmopen": 0, "unlink": 0, "mmap_sh": 0, "munmap": 1, "mmap_sh_mb": 0.0}
{"tgid": 7719, "comm": "ip6tables-save", "shmget": 0, "shmat": 0, "shmdt": 0, "rmid": 0, "get_mb": 0.0, "shmopen": 0, "unlink": 0, "mmap_sh": 0, "munmap": 1, "mmap_sh_mb": 0.0}
{"tgid": 7698, "comm": "ip6tables", "shmget": 0, "shmat": 0, "shmdt": 0, "rmid": 0, "get_mb": 0.0, "shmopen": 0, "unlink": 0, "mmap_sh": 0, "munmap": 3, "mmap_sh_mb": 0.0}
{"tgid": 7722, "comm": "modprobe", "shmget": 0, "shmat": 0, "shmdt": 0, "rmid": 0, "get_mb": 0.0, "shmopen": 0, "unlink": 0, "mmap_sh": 0, "munmap": 6, "mmap_sh_mb": 0.0}
{"tgid": 7710, "comm": "ip6tables", "shmget": 0, "shmat": 0, "shmdt": 0, "rmid": 0, "get_mb": 0.0, "shmopen": 0, "unlink": 0, "mmap_sh": 0, "munmap": 2, "mmap_sh_mb": 0.0}
{"tgid": 7718, "comm": "ip6tables", "shmget": 0, "shmat": 0, "shmdt": 0, "rmid": 0, "get_mb": 0.0, "shmopen": 0, "unlink": 0, "mmap_sh": 0, "munmap": 1, "mmap_sh_mb": 0.0}
{"tgid": 7734, "comm": "runc:[2:INIT]", "shmget": 0, "shmat": 0, "shmdt": 0, "rmid": 0, "get_mb": 0.0, "shmopen": 0, "unlink": 0, "mmap_sh": 0, "munmap": 6, "mmap_sh_mb": 0.0}
{"tgid": 7702, "comm": "ip6tables", "shmget": 0, "shmat": 0, "shmdt": 0, "rmid": 0, "get_mb": 0.0, "shmopen": 0, "unlink": 0, "mmap_sh": 0, "munmap": 3, "mmap_sh_mb": 0.0}
{"tgid": 7712, "comm": "ip6tables", "shmget": 0, "shmat": 0, "shmdt": 0, "rmid": 0, "get_mb": 0.0, "shmopen": 0, "unlink": 0, "mmap_sh": 0, "munmap": 2, "mmap_sh_mb": 0.0}

--- Shared Memory Stats Summary at 20:40:40 ---
{"tgid": 7675, "comm": "lmp_gpu", "shmget": 0, "shmat": 0, "shmdt": 0, "rmid": 0, "get_mb": 0.0, "shmopen": 0, "unlink": 0, "mmap_sh": 37, "munmap": 132, "mmap_sh_mb": 87.23046875}
{"tgid": 7706, "comm": "ip6tables", "shmget": 0, "shmat": 0, "shmdt": 0, "rmid": 0, "get_mb": 0.0, "shmopen": 0, "unlink": 0, "mmap_sh": 0, "munmap": 3, "mmap_sh_mb": 0.0}
{"tgid": 7694, "comm": "ip6tables", "shmget": 0, "shmat": 0, "shmdt": 0, "rmid": 0, "get_mb": 0.0, "shmopen": 0, "unlink": 0, "mmap_sh": 0, "munmap": 3, "mmap_sh_mb": 0.0}
{"tgid": 7743, "comm": "runc", "shmget": 0, "shmat": 0, "shmdt": 0, "rmid": 0, "get_mb": 0.0, "shmopen": 0, "unlink": 0, "mmap_sh": 0, "munmap": 10, "mmap_sh_mb": 0.0}
{"tgid": 7721, "comm": "modprobe", "shmget": 0, "shmat": 0, "shmdt": 0, "rmid": 0, "get_mb": 0.0, "shmopen": 0, "unlink": 0, "mmap_sh": 0, "munmap": 6, "mmap_sh_mb": 0.0}
{"tgid": 7732, "comm": "6", "shmget": 0, "shmat": 0, "shmdt": 0, "rmid": 0, "get_mb": 0.0, "shmopen": 0, "unlink": 0, "mmap_sh": 0, "munmap": 1, "mmap_sh_mb": 0.0}
{"tgid": 7704, "comm": "ip6tables", "shmget": 0, "shmat": 0, "shmdt": 0, "rmid": 0, "get_mb": 0.0, "shmopen": 0, "unlink": 0, "mmap_sh": 0, "munmap": 3, "mmap_sh_mb": 0.0}
{"tgid": 7720, "comm": "ip6tables-resto", "shmget": 0, "shmat": 0, "shmdt": 0, "rmid": 0, "get_mb": 0.0, "shmopen": 0, "unlink": 0, "mmap_sh": 0, "munmap": 1, "mmap_sh_mb": 0.0}
{"tgid": 7677, "comm": "modprobe", "shmget": 0, "shmat": 0, "shmdt": 0, "rmid": 0, "get_mb": 0.0, "shmopen": 0, "unlink": 0, "mmap_sh": 0, "munmap": 6, "mmap_sh_mb": 0.0}
{"tgid": 7714, "comm": "ip6tables", "shmget": 0, "shmat": 0, "shmdt": 0, "rmid": 0, "get_mb": 0.0, "shmopen": 0, "unlink": 0, "mmap_sh": 0, "munmap": 2, "mmap_sh_mb": 0.0}
{"tgid": 7723, "comm": "runc", "shmget": 0, "shmat": 0, "shmdt": 0, "rmid": 0, "get_mb": 0.0, "shmopen": 0, "unlink": 0, "mmap_sh": 0, "munmap": 8, "mmap_sh_mb": 0.0}
{"tgid": 7700, "comm": "ip6tables", "shmget": 0, "shmat": 0, "shmdt": 0, "rmid": 0, "get_mb": 0.0, "shmopen": 0, "unlink": 0, "mmap_sh": 0, "munmap": 3, "mmap_sh_mb": 0.0}
{"tgid": 7716, "comm": "ip6tables", "shmget": 0, "shmat": 0, "shmdt": 0, "rmid": 0, "get_mb": 0.0, "shmopen": 0, "unlink": 0, "mmap_sh": 0, "munmap": 1, "mmap_sh_mb": 0.0}
{"tgid": 7757, "comm": "runc:[2:INIT]", "shmget": 0, "shmat": 0, "shmdt": 0, "rmid": 0, "get_mb": 0.0, "shmopen": 0, "unlink": 0, "mmap_sh": 0, "munmap": 4, "mmap_sh_mb": 0.0}
{"tgid": 7719, "comm": "ip6tables-save", "shmget": 0, "shmat": 0, "shmdt": 0, "rmid": 0, "get_mb": 0.0, "shmopen": 0, "unlink": 0, "mmap_sh": 0, "munmap": 1, "mmap_sh_mb": 0.0}
{"tgid": 7755, "comm": "6", "shmget": 0, "shmat": 0, "shmdt": 0, "rmid": 0, "get_mb": 0.0, "shmopen": 0, "unlink": 0, "mmap_sh": 0, "munmap": 1, "mmap_sh_mb": 0.0}
{"tgid": 7698, "comm": "ip6tables", "shmget": 0, "shmat": 0, "shmdt": 0, "rmid": 0, "get_mb": 0.0, "shmopen": 0, "unlink": 0, "mmap_sh": 0, "munmap": 3, "mmap_sh_mb": 0.0}
{"tgid": 7722, "comm": "modprobe", "shmget": 0, "shmat": 0, "shmdt": 0, "rmid": 0, "get_mb": 0.0, "shmopen": 0, "unlink": 0, "mmap_sh": 0, "munmap": 6, "mmap_sh_mb": 0.0}
{"tgid": 7710, "comm": "ip6tables", "shmget": 0, "shmat": 0, "shmdt": 0, "rmid": 0, "get_mb": 0.0, "shmopen": 0, "unlink": 0, "mmap_sh": 0, "munmap": 2, "mmap_sh_mb": 0.0}
{"tgid": 7718, "comm": "ip6tables", "shmget": 0, "shmat": 0, "shmdt": 0, "rmid": 0, "get_mb": 0.0, "shmopen": 0, "unlink": 0, "mmap_sh": 0, "munmap": 1, "mmap_sh_mb": 0.0}

--- Shared Memory Stats Summary at 20:40:45 ---
{"tgid": 7766, "comm": "lmp_gpu", "shmget": 1, "shmat": 1, "shmdt": 1, "rmid": 1, "get_mb": 0.00390625, "shmopen": 0, "unlink": 0, "mmap_sh": 37, "munmap": 112, "mmap_sh_mb": 87.23046875}
{"tgid": 7675, "comm": "lmp_gpu", "shmget": 0, "shmat": 0, "shmdt": 0, "rmid": 0, "get_mb": 0.0, "shmopen": 0, "unlink": 0, "mmap_sh": 37, "munmap": 172, "mmap_sh_mb": 87.23046875}
{"tgid": 7765, "comm": "flux-shell", "shmget": 0, "shmat": 0, "shmdt": 0, "rmid": 0, "get_mb": 0.0, "shmopen": 0, "unlink": 0, "mmap_sh": 1, "munmap": 1, "mmap_sh_mb": 0.025751113891601562}
{"tgid": 7706, "comm": "ip6tables", "shmget": 0, "shmat": 0, "shmdt": 0, "rmid": 0, "get_mb": 0.0, "shmopen": 0, "unlink": 0, "mmap_sh": 0, "munmap": 3, "mmap_sh_mb": 0.0}
{"tgid": 7694, "comm": "ip6tables", "shmget": 0, "shmat": 0, "shmdt": 0, "rmid": 0, "get_mb": 0.0, "shmopen": 0, "unlink": 0, "mmap_sh": 0, "munmap": 3, "mmap_sh_mb": 0.0}
{"tgid": 7743, "comm": "runc", "shmget": 0, "shmat": 0, "shmdt": 0, "rmid": 0, "get_mb": 0.0, "shmopen": 0, "unlink": 0, "mmap_sh": 0, "munmap": 10, "mmap_sh_mb": 0.0}
{"tgid": 7721, "comm": "modprobe", "shmget": 0, "shmat": 0, "shmdt": 0, "rmid": 0, "get_mb": 0.0, "shmopen": 0, "unlink": 0, "mmap_sh": 0, "munmap": 6, "mmap_sh_mb": 0.0}
{"tgid": 7732, "comm": "6", "shmget": 0, "shmat": 0, "shmdt": 0, "rmid": 0, "get_mb": 0.0, "shmopen": 0, "unlink": 0, "mmap_sh": 0, "munmap": 1, "mmap_sh_mb": 0.0}
{"tgid": 7704, "comm": "ip6tables", "shmget": 0, "shmat": 0, "shmdt": 0, "rmid": 0, "get_mb": 0.0, "shmopen": 0, "unlink": 0, "mmap_sh": 0, "munmap": 3, "mmap_sh_mb": 0.0}
{"tgid": 7720, "comm": "ip6tables-resto", "shmget": 0, "shmat": 0, "shmdt": 0, "rmid": 0, "get_mb": 0.0, "shmopen": 0, "unlink": 0, "mmap_sh": 0, "munmap": 1, "mmap_sh_mb": 0.0}
{"tgid": 7677, "comm": "modprobe", "shmget": 0, "shmat": 0, "shmdt": 0, "rmid": 0, "get_mb": 0.0, "shmopen": 0, "unlink": 0, "mmap_sh": 0, "munmap": 6, "mmap_sh_mb": 0.0}
{"tgid": 7562, "comm": "flux-broker-30", "shmget": 0, "shmat": 0, "shmdt": 0, "rmid": 0, "get_mb": 0.0, "shmopen": 0, "unlink": 0, "mmap_sh": 0, "munmap": 1, "mmap_sh_mb": 0.0}
{"tgid": 7714, "comm": "ip6tables", "shmget": 0, "shmat": 0, "shmdt": 0, "rmid": 0, "get_mb": 0.0, "shmopen": 0, "unlink": 0, "mmap_sh": 0, "munmap": 2, "mmap_sh_mb": 0.0}
{"tgid": 7723, "comm": "runc", "shmget": 0, "shmat": 0, "shmdt": 0, "rmid": 0, "get_mb": 0.0, "shmopen": 0, "unlink": 0, "mmap_sh": 0, "munmap": 8, "mmap_sh_mb": 0.0}
{"tgid": 7700, "comm": "ip6tables", "shmget": 0, "shmat": 0, "shmdt": 0, "rmid": 0, "get_mb": 0.0, "shmopen": 0, "unlink": 0, "mmap_sh": 0, "munmap": 3, "mmap_sh_mb": 0.0}
{"tgid": 7716, "comm": "ip6tables", "shmget": 0, "shmat": 0, "shmdt": 0, "rmid": 0, "get_mb": 0.0, "shmopen": 0, "unlink": 0, "mmap_sh": 0, "munmap": 1, "mmap_sh_mb": 0.0}
{"tgid": 7757, "comm": "runc:[2:INIT]", "shmget": 0, "shmat": 0, "shmdt": 0, "rmid": 0, "get_mb": 0.0, "shmopen": 0, "unlink": 0, "mmap_sh": 0, "munmap": 4, "mmap_sh_mb": 0.0}
{"tgid": 7719, "comm": "ip6tables-save", "shmget": 0, "shmat": 0, "shmdt": 0, "rmid": 0, "get_mb": 0.0, "shmopen": 0, "unlink": 0, "mmap_sh": 0, "munmap": 1, "mmap_sh_mb": 0.0}
{"tgid": 7755, "comm": "6", "shmget": 0, "shmat": 0, "shmdt": 0, "rmid": 0, "get_mb": 0.0, "shmopen": 0, "unlink": 0, "mmap_sh": 0, "munmap": 1, "mmap_sh_mb": 0.0}
{"tgid": 7698, "comm": "ip6tables", "shmget": 0, "shmat": 0, "shmdt": 0, "rmid": 0, "get_mb": 0.0, "shmopen": 0, "unlink": 0, "mmap_sh": 0, "munmap": 3, "mmap_sh_mb": 0.0}

--- Shared Memory Stats Summary at 20:40:50 ---
{"tgid": 7766, "comm": "lmp_gpu", "shmget": 1, "shmat": 1, "shmdt": 1, "rmid": 1, "get_mb": 0.00390625, "shmopen": 0, "unlink": 0, "mmap_sh": 37, "munmap": 117, "mmap_sh_mb": 87.23046875}
{"tgid": 7675, "comm": "lmp_gpu", "shmget": 0, "shmat": 0, "shmdt": 0, "rmid": 0, "get_mb": 0.0, "shmopen": 0, "unlink": 0, "mmap_sh": 37, "munmap": 172, "mmap_sh_mb": 87.23046875}
{"tgid": 7765, "comm": "flux-shell", "shmget": 0, "shmat": 0, "shmdt": 0, "rmid": 0, "get_mb": 0.0, "shmopen": 0, "unlink": 0, "mmap_sh": 1, "munmap": 1, "mmap_sh_mb": 0.025751113891601562}
{"tgid": 7706, "comm": "ip6tables", "shmget": 0, "shmat": 0, "shmdt": 0, "rmid": 0, "get_mb": 0.0, "shmopen": 0, "unlink": 0, "mmap_sh": 0, "munmap": 3, "mmap_sh_mb": 0.0}
{"tgid": 7694, "comm": "ip6tables", "shmget": 0, "shmat": 0, "shmdt": 0, "rmid": 0, "get_mb": 0.0, "shmopen": 0, "unlink": 0, "mmap_sh": 0, "munmap": 3, "mmap_sh_mb": 0.0}
{"tgid": 7743, "comm": "runc", "shmget": 0, "shmat": 0, "shmdt": 0, "rmid": 0, "get_mb": 0.0, "shmopen": 0, "unlink": 0, "mmap_sh": 0, "munmap": 10, "mmap_sh_mb": 0.0}
{"tgid": 7721, "comm": "modprobe", "shmget": 0, "shmat": 0, "shmdt": 0, "rmid": 0, "get_mb": 0.0, "shmopen": 0, "unlink": 0, "mmap_sh": 0, "munmap": 6, "mmap_sh_mb": 0.0}
{"tgid": 7732, "comm": "6", "shmget": 0, "shmat": 0, "shmdt": 0, "rmid": 0, "get_mb": 0.0, "shmopen": 0, "unlink": 0, "mmap_sh": 0, "munmap": 1, "mmap_sh_mb": 0.0}
{"tgid": 7704, "comm": "ip6tables", "shmget": 0, "shmat": 0, "shmdt": 0, "rmid": 0, "get_mb": 0.0, "shmopen": 0, "unlink": 0, "mmap_sh": 0, "munmap": 3, "mmap_sh_mb": 0.0}
{"tgid": 7720, "comm": "ip6tables-resto", "shmget": 0, "shmat": 0, "shmdt": 0, "rmid": 0, "get_mb": 0.0, "shmopen": 0, "unlink": 0, "mmap_sh": 0, "munmap": 1, "mmap_sh_mb": 0.0}
{"tgid": 7677, "comm": "modprobe", "shmget": 0, "shmat": 0, "shmdt": 0, "rmid": 0, "get_mb": 0.0, "shmopen": 0, "unlink": 0, "mmap_sh": 0, "munmap": 6, "mmap_sh_mb": 0.0}
{"tgid": 7562, "comm": "flux-broker-30", "shmget": 0, "shmat": 0, "shmdt": 0, "rmid": 0, "get_mb": 0.0, "shmopen": 0, "unlink": 0, "mmap_sh": 0, "munmap": 1, "mmap_sh_mb": 0.0}
{"tgid": 7785, "comm": "runc:[2:INIT]", "shmget": 0, "shmat": 0, "shmdt": 0, "rmid": 0, "get_mb": 0.0, "shmopen": 0, "unlink": 0, "mmap_sh": 0, "munmap": 6, "mmap_sh_mb": 0.0}
{"tgid": 7714, "comm": "ip6tables", "shmget": 0, "shmat": 0, "shmdt": 0, "rmid": 0, "get_mb": 0.0, "shmopen": 0, "unlink": 0, "mmap_sh": 0, "munmap": 2, "mmap_sh_mb": 0.0}
{"tgid": 7723, "comm": "runc", "shmget": 0, "shmat": 0, "shmdt": 0, "rmid": 0, "get_mb": 0.0, "shmopen": 0, "unlink": 0, "mmap_sh": 0, "munmap": 8, "mmap_sh_mb": 0.0}
{"tgid": 7700, "comm": "ip6tables", "shmget": 0, "shmat": 0, "shmdt": 0, "rmid": 0, "get_mb": 0.0, "shmopen": 0, "unlink": 0, "mmap_sh": 0, "munmap": 3, "mmap_sh_mb": 0.0}
{"tgid": 7716, "comm": "ip6tables", "shmget": 0, "shmat": 0, "shmdt": 0, "rmid": 0, "get_mb": 0.0, "shmopen": 0, "unlink": 0, "mmap_sh": 0, "munmap": 1, "mmap_sh_mb": 0.0}
{"tgid": 7757, "comm": "runc:[2:INIT]", "shmget": 0, "shmat": 0, "shmdt": 0, "rmid": 0, "get_mb": 0.0, "shmopen": 0, "unlink": 0, "mmap_sh": 0, "munmap": 4, "mmap_sh_mb": 0.0}
{"tgid": 7719, "comm": "ip6tables-save", "shmget": 0, "shmat": 0, "shmdt": 0, "rmid": 0, "get_mb": 0.0, "shmopen": 0, "unlink": 0, "mmap_sh": 0, "munmap": 1, "mmap_sh_mb": 0.0}
{"tgid": 7755, "comm": "6", "shmget": 0, "shmat": 0, "shmdt": 0, "rmid": 0, "get_mb": 0.0, "shmopen": 0, "unlink": 0, "mmap_sh": 0, "munmap": 1, "mmap_sh_mb": 0.0}

--- Shared Memory Stats Summary at 20:40:55 ---
{"tgid": 7766, "comm": "lmp_gpu", "shmget": 1, "shmat": 1, "shmdt": 1, "rmid": 1, "get_mb": 0.00390625, "shmopen": 0, "unlink": 0, "mmap_sh": 37, "munmap": 121, "mmap_sh_mb": 87.23046875}
{"tgid": 7675, "comm": "lmp_gpu", "shmget": 0, "shmat": 0, "shmdt": 0, "rmid": 0, "get_mb": 0.0, "shmopen": 0, "unlink": 0, "mmap_sh": 37, "munmap": 172, "mmap_sh_mb": 87.23046875}
{"tgid": 7765, "comm": "flux-shell", "shmget": 0, "shmat": 0, "shmdt": 0, "rmid": 0, "get_mb": 0.0, "shmopen": 0, "unlink": 0, "mmap_sh": 1, "munmap": 1, "mmap_sh_mb": 0.025751113891601562}
{"tgid": 7706, "comm": "ip6tables", "shmget": 0, "shmat": 0, "shmdt": 0, "rmid": 0, "get_mb": 0.0, "shmopen": 0, "unlink": 0, "mmap_sh": 0, "munmap": 3, "mmap_sh_mb": 0.0}
{"tgid": 7694, "comm": "ip6tables", "shmget": 0, "shmat": 0, "shmdt": 0, "rmid": 0, "get_mb": 0.0, "shmopen": 0, "unlink": 0, "mmap_sh": 0, "munmap": 3, "mmap_sh_mb": 0.0}
{"tgid": 7743, "comm": "runc", "shmget": 0, "shmat": 0, "shmdt": 0, "rmid": 0, "get_mb": 0.0, "shmopen": 0, "unlink": 0, "mmap_sh": 0, "munmap": 10, "mmap_sh_mb": 0.0}
{"tgid": 7721, "comm": "modprobe", "shmget": 0, "shmat": 0, "shmdt": 0, "rmid": 0, "get_mb": 0.0, "shmopen": 0, "unlink": 0, "mmap_sh": 0, "munmap": 6, "mmap_sh_mb": 0.0}
{"tgid": 7732, "comm": "6", "shmget": 0, "shmat": 0, "shmdt": 0, "rmid": 0, "get_mb": 0.0, "shmopen": 0, "unlink": 0, "mmap_sh": 0, "munmap": 1, "mmap_sh_mb": 0.0}
{"tgid": 7704, "comm": "ip6tables", "shmget": 0, "shmat": 0, "shmdt": 0, "rmid": 0, "get_mb": 0.0, "shmopen": 0, "unlink": 0, "mmap_sh": 0, "munmap": 3, "mmap_sh_mb": 0.0}
{"tgid": 7720, "comm": "ip6tables-resto", "shmget": 0, "shmat": 0, "shmdt": 0, "rmid": 0, "get_mb": 0.0, "shmopen": 0, "unlink": 0, "mmap_sh": 0, "munmap": 1, "mmap_sh_mb": 0.0}
{"tgid": 7677, "comm": "modprobe", "shmget": 0, "shmat": 0, "shmdt": 0, "rmid": 0, "get_mb": 0.0, "shmopen": 0, "unlink": 0, "mmap_sh": 0, "munmap": 6, "mmap_sh_mb": 0.0}
{"tgid": 7562, "comm": "flux-broker-30", "shmget": 0, "shmat": 0, "shmdt": 0, "rmid": 0, "get_mb": 0.0, "shmopen": 0, "unlink": 0, "mmap_sh": 0, "munmap": 1, "mmap_sh_mb": 0.0}
{"tgid": 7785, "comm": "runc:[2:INIT]", "shmget": 0, "shmat": 0, "shmdt": 0, "rmid": 0, "get_mb": 0.0, "shmopen": 0, "unlink": 0, "mmap_sh": 0, "munmap": 6, "mmap_sh_mb": 0.0}
{"tgid": 7714, "comm": "ip6tables", "shmget": 0, "shmat": 0, "shmdt": 0, "rmid": 0, "get_mb": 0.0, "shmopen": 0, "unlink": 0, "mmap_sh": 0, "munmap": 2, "mmap_sh_mb": 0.0}
{"tgid": 7723, "comm": "runc", "shmget": 0, "shmat": 0, "shmdt": 0, "rmid": 0, "get_mb": 0.0, "shmopen": 0, "unlink": 0, "mmap_sh": 0, "munmap": 8, "mmap_sh_mb": 0.0}
{"tgid": 7700, "comm": "ip6tables", "shmget": 0, "shmat": 0, "shmdt": 0, "rmid": 0, "get_mb": 0.0, "shmopen": 0, "unlink": 0, "mmap_sh": 0, "munmap": 3, "mmap_sh_mb": 0.0}
{"tgid": 7716, "comm": "ip6tables", "shmget": 0, "shmat": 0, "shmdt": 0, "rmid": 0, "get_mb": 0.0, "shmopen": 0, "unlink": 0, "mmap_sh": 0, "munmap": 1, "mmap_sh_mb": 0.0}
{"tgid": 7757, "comm": "runc:[2:INIT]", "shmget": 0, "shmat": 0, "shmdt": 0, "rmid": 0, "get_mb": 0.0, "shmopen": 0, "unlink": 0, "mmap_sh": 0, "munmap": 4, "mmap_sh_mb": 0.0}
{"tgid": 7719, "comm": "ip6tables-save", "shmget": 0, "shmat": 0, "shmdt": 0, "rmid": 0, "get_mb": 0.0, "shmopen": 0, "unlink": 0, "mmap_sh": 0, "munmap": 1, "mmap_sh_mb": 0.0}
{"tgid": 7755, "comm": "6", "shmget": 0, "shmat": 0, "shmdt": 0, "rmid": 0, "get_mb": 0.0, "shmopen": 0, "unlink": 0, "mmap_sh": 0, "munmap": 1, "mmap_sh_mb": 0.0}

--- Shared Memory Stats Summary at 20:41:00 ---
{"tgid": 7795, "comm": "lmp_gpu", "shmget": 1, "shmat": 1, "shmdt": 1, "rmid": 1, "get_mb": 0.00390625, "shmopen": 0, "unlink": 0, "mmap_sh": 37, "munmap": 100, "mmap_sh_mb": 87.23046875}
{"tgid": 7766, "comm": "lmp_gpu", "shmget": 1, "shmat": 1, "shmdt": 1, "rmid": 1, "get_mb": 0.00390625, "shmopen": 0, "unlink": 0, "mmap_sh": 37, "munmap": 198, "mmap_sh_mb": 87.23046875}
{"tgid": 7675, "comm": "lmp_gpu", "shmget": 0, "shmat": 0, "shmdt": 0, "rmid": 0, "get_mb": 0.0, "shmopen": 0, "unlink": 0, "mmap_sh": 37, "munmap": 172, "mmap_sh_mb": 87.23046875}
{"tgid": 7794, "comm": "flux-shell", "shmget": 0, "shmat": 0, "shmdt": 0, "rmid": 0, "get_mb": 0.0, "shmopen": 0, "unlink": 0, "mmap_sh": 1, "munmap": 1, "mmap_sh_mb": 0.025751113891601562}
{"tgid": 7765, "comm": "flux-shell", "shmget": 0, "shmat": 0, "shmdt": 0, "rmid": 0, "get_mb": 0.0, "shmopen": 0, "unlink": 0, "mmap_sh": 1, "munmap": 4, "mmap_sh_mb": 0.025751113891601562}
{"tgid": 7706, "comm": "ip6tables", "shmget": 0, "shmat": 0, "shmdt": 0, "rmid": 0, "get_mb": 0.0, "shmopen": 0, "unlink": 0, "mmap_sh": 0, "munmap": 3, "mmap_sh_mb": 0.0}
{"tgid": 7694, "comm": "ip6tables", "shmget": 0, "shmat": 0, "shmdt": 0, "rmid": 0, "get_mb": 0.0, "shmopen": 0, "unlink": 0, "mmap_sh": 0, "munmap": 3, "mmap_sh_mb": 0.0}
{"tgid": 7743, "comm": "runc", "shmget": 0, "shmat": 0, "shmdt": 0, "rmid": 0, "get_mb": 0.0, "shmopen": 0, "unlink": 0, "mmap_sh": 0, "munmap": 10, "mmap_sh_mb": 0.0}
{"tgid": 7721, "comm": "modprobe", "shmget": 0, "shmat": 0, "shmdt": 0, "rmid": 0, "get_mb": 0.0, "shmopen": 0, "unlink": 0, "mmap_sh": 0, "munmap": 6, "mmap_sh_mb": 0.0}
{"tgid": 7732, "comm": "6", "shmget": 0, "shmat": 0, "shmdt": 0, "rmid": 0, "get_mb": 0.0, "shmopen": 0, "unlink": 0, "mmap_sh": 0, "munmap": 1, "mmap_sh_mb": 0.0}
{"tgid": 7704, "comm": "ip6tables", "shmget": 0, "shmat": 0, "shmdt": 0, "rmid": 0, "get_mb": 0.0, "shmopen": 0, "unlink": 0, "mmap_sh": 0, "munmap": 3, "mmap_sh_mb": 0.0}
{"tgid": 7720, "comm": "ip6tables-resto", "shmget": 0, "shmat": 0, "shmdt": 0, "rmid": 0, "get_mb": 0.0, "shmopen": 0, "unlink": 0, "mmap_sh": 0, "munmap": 1, "mmap_sh_mb": 0.0}
{"tgid": 7677, "comm": "modprobe", "shmget": 0, "shmat": 0, "shmdt": 0, "rmid": 0, "get_mb": 0.0, "shmopen": 0, "unlink": 0, "mmap_sh": 0, "munmap": 6, "mmap_sh_mb": 0.0}
{"tgid": 7562, "comm": "flux-broker-30", "shmget": 0, "shmat": 0, "shmdt": 0, "rmid": 0, "get_mb": 0.0, "shmopen": 0, "unlink": 0, "mmap_sh": 0, "munmap": 2, "mmap_sh_mb": 0.0}
{"tgid": 7785, "comm": "runc:[2:INIT]", "shmget": 0, "shmat": 0, "shmdt": 0, "rmid": 0, "get_mb": 0.0, "shmopen": 0, "unlink": 0, "mmap_sh": 0, "munmap": 6, "mmap_sh_mb": 0.0}
{"tgid": 7714, "comm": "ip6tables", "shmget": 0, "shmat": 0, "shmdt": 0, "rmid": 0, "get_mb": 0.0, "shmopen": 0, "unlink": 0, "mmap_sh": 0, "munmap": 2, "mmap_sh_mb": 0.0}
{"tgid": 7723, "comm": "runc", "shmget": 0, "shmat": 0, "shmdt": 0, "rmid": 0, "get_mb": 0.0, "shmopen": 0, "unlink": 0, "mmap_sh": 0, "munmap": 8, "mmap_sh_mb": 0.0}
{"tgid": 7700, "comm": "ip6tables", "shmget": 0, "shmat": 0, "shmdt": 0, "rmid": 0, "get_mb": 0.0, "shmopen": 0, "unlink": 0, "mmap_sh": 0, "munmap": 3, "mmap_sh_mb": 0.0}
{"tgid": 7716, "comm": "ip6tables", "shmget": 0, "shmat": 0, "shmdt": 0, "rmid": 0, "get_mb": 0.0, "shmopen": 0, "unlink": 0, "mmap_sh": 0, "munmap": 1, "mmap_sh_mb": 0.0}
{"tgid": 7757, "comm": "runc:[2:INIT]", "shmget": 0, "shmat": 0, "shmdt": 0, "rmid": 0, "get_mb": 0.0, "shmopen": 0, "unlink": 0, "mmap_sh": 0, "munmap": 4, "mmap_sh_mb": 0.0}

--- Shared Memory Stats Summary at 20:41:05 ---
{"tgid": 7795, "comm": "lmp_gpu", "shmget": 1, "shmat": 1, "shmdt": 1, "rmid": 1, "get_mb": 0.00390625, "shmopen": 0, "unlink": 0, "mmap_sh": 37, "munmap": 104, "mmap_sh_mb": 87.23046875}
{"tgid": 7766, "comm": "lmp_gpu", "shmget": 1, "shmat": 1, "shmdt": 1, "rmid": 1, "get_mb": 0.00390625, "shmopen": 0, "unlink": 0, "mmap_sh": 37, "munmap": 198, "mmap_sh_mb": 87.23046875}
{"tgid": 7675, "comm": "lmp_gpu", "shmget": 0, "shmat": 0, "shmdt": 0, "rmid": 0, "get_mb": 0.0, "shmopen": 0, "unlink": 0, "mmap_sh": 37, "munmap": 172, "mmap_sh_mb": 87.23046875}
{"tgid": 7794, "comm": "flux-shell", "shmget": 0, "shmat": 0, "shmdt": 0, "rmid": 0, "get_mb": 0.0, "shmopen": 0, "unlink": 0, "mmap_sh": 1, "munmap": 1, "mmap_sh_mb": 0.025751113891601562}
{"tgid": 7765, "comm": "flux-shell", "shmget": 0, "shmat": 0, "shmdt": 0, "rmid": 0, "get_mb": 0.0, "shmopen": 0, "unlink": 0, "mmap_sh": 1, "munmap": 4, "mmap_sh_mb": 0.025751113891601562}
{"tgid": 7706, "comm": "ip6tables", "shmget": 0, "shmat": 0, "shmdt": 0, "rmid": 0, "get_mb": 0.0, "shmopen": 0, "unlink": 0, "mmap_sh": 0, "munmap": 3, "mmap_sh_mb": 0.0}
{"tgid": 7694, "comm": "ip6tables", "shmget": 0, "shmat": 0, "shmdt": 0, "rmid": 0, "get_mb": 0.0, "shmopen": 0, "unlink": 0, "mmap_sh": 0, "munmap": 3, "mmap_sh_mb": 0.0}
{"tgid": 7743, "comm": "runc", "shmget": 0, "shmat": 0, "shmdt": 0, "rmid": 0, "get_mb": 0.0, "shmopen": 0, "unlink": 0, "mmap_sh": 0, "munmap": 10, "mmap_sh_mb": 0.0}
{"tgid": 7721, "comm": "modprobe", "shmget": 0, "shmat": 0, "shmdt": 0, "rmid": 0, "get_mb": 0.0, "shmopen": 0, "unlink": 0, "mmap_sh": 0, "munmap": 6, "mmap_sh_mb": 0.0}
{"tgid": 7732, "comm": "6", "shmget": 0, "shmat": 0, "shmdt": 0, "rmid": 0, "get_mb": 0.0, "shmopen": 0, "unlink": 0, "mmap_sh": 0, "munmap": 1, "mmap_sh_mb": 0.0}
{"tgid": 7704, "comm": "ip6tables", "shmget": 0, "shmat": 0, "shmdt": 0, "rmid": 0, "get_mb": 0.0, "shmopen": 0, "unlink": 0, "mmap_sh": 0, "munmap": 3, "mmap_sh_mb": 0.0}
{"tgid": 7720, "comm": "ip6tables-resto", "shmget": 0, "shmat": 0, "shmdt": 0, "rmid": 0, "get_mb": 0.0, "shmopen": 0, "unlink": 0, "mmap_sh": 0, "munmap": 1, "mmap_sh_mb": 0.0}
{"tgid": 7677, "comm": "modprobe", "shmget": 0, "shmat": 0, "shmdt": 0, "rmid": 0, "get_mb": 0.0, "shmopen": 0, "unlink": 0, "mmap_sh": 0, "munmap": 6, "mmap_sh_mb": 0.0}
{"tgid": 7562, "comm": "flux-broker-30", "shmget": 0, "shmat": 0, "shmdt": 0, "rmid": 0, "get_mb": 0.0, "shmopen": 0, "unlink": 0, "mmap_sh": 0, "munmap": 2, "mmap_sh_mb": 0.0}
{"tgid": 7785, "comm": "runc:[2:INIT]", "shmget": 0, "shmat": 0, "shmdt": 0, "rmid": 0, "get_mb": 0.0, "shmopen": 0, "unlink": 0, "mmap_sh": 0, "munmap": 6, "mmap_sh_mb": 0.0}
{"tgid": 7714, "comm": "ip6tables", "shmget": 0, "shmat": 0, "shmdt": 0, "rmid": 0, "get_mb": 0.0, "shmopen": 0, "unlink": 0, "mmap_sh": 0, "munmap": 2, "mmap_sh_mb": 0.0}
{"tgid": 7723, "comm": "runc", "shmget": 0, "shmat": 0, "shmdt": 0, "rmid": 0, "get_mb": 0.0, "shmopen": 0, "unlink": 0, "mmap_sh": 0, "munmap": 8, "mmap_sh_mb": 0.0}
{"tgid": 7700, "comm": "ip6tables", "shmget": 0, "shmat": 0, "shmdt": 0, "rmid": 0, "get_mb": 0.0, "shmopen": 0, "unlink": 0, "mmap_sh": 0, "munmap": 3, "mmap_sh_mb": 0.0}
{"tgid": 7716, "comm": "ip6tables", "shmget": 0, "shmat": 0, "shmdt": 0, "rmid": 0, "get_mb": 0.0, "shmopen": 0, "unlink": 0, "mmap_sh": 0, "munmap": 1, "mmap_sh_mb": 0.0}
{"tgid": 7757, "comm": "runc:[2:INIT]", "shmget": 0, "shmat": 0, "shmdt": 0, "rmid": 0, "get_mb": 0.0, "shmopen": 0, "unlink": 0, "mmap_sh": 0, "munmap": 4, "mmap_sh_mb": 0.0}

--- Shared Memory Stats Summary at 20:41:10 ---
{"tgid": 7795, "comm": "lmp_gpu", "shmget": 1, "shmat": 1, "shmdt": 1, "rmid": 1, "get_mb": 0.00390625, "shmopen": 0, "unlink": 0, "mmap_sh": 37, "munmap": 108, "mmap_sh_mb": 87.23046875}
{"tgid": 7766, "comm": "lmp_gpu", "shmget": 1, "shmat": 1, "shmdt": 1, "rmid": 1, "get_mb": 0.00390625, "shmopen": 0, "unlink": 0, "mmap_sh": 37, "munmap": 198, "mmap_sh_mb": 87.23046875}
{"tgid": 7675, "comm": "lmp_gpu", "shmget": 0, "shmat": 0, "shmdt": 0, "rmid": 0, "get_mb": 0.0, "shmopen": 0, "unlink": 0, "mmap_sh": 37, "munmap": 172, "mmap_sh_mb": 87.23046875}
{"tgid": 7794, "comm": "flux-shell", "shmget": 0, "shmat": 0, "shmdt": 0, "rmid": 0, "get_mb": 0.0, "shmopen": 0, "unlink": 0, "mmap_sh": 1, "munmap": 1, "mmap_sh_mb": 0.025751113891601562}
{"tgid": 7765, "comm": "flux-shell", "shmget": 0, "shmat": 0, "shmdt": 0, "rmid": 0, "get_mb": 0.0, "shmopen": 0, "unlink": 0, "mmap_sh": 1, "munmap": 4, "mmap_sh_mb": 0.025751113891601562}
{"tgid": 7706, "comm": "ip6tables", "shmget": 0, "shmat": 0, "shmdt": 0, "rmid": 0, "get_mb": 0.0, "shmopen": 0, "unlink": 0, "mmap_sh": 0, "munmap": 3, "mmap_sh_mb": 0.0}
{"tgid": 7694, "comm": "ip6tables", "shmget": 0, "shmat": 0, "shmdt": 0, "rmid": 0, "get_mb": 0.0, "shmopen": 0, "unlink": 0, "mmap_sh": 0, "munmap": 3, "mmap_sh_mb": 0.0}
{"tgid": 7743, "comm": "runc", "shmget": 0, "shmat": 0, "shmdt": 0, "rmid": 0, "get_mb": 0.0, "shmopen": 0, "unlink": 0, "mmap_sh": 0, "munmap": 10, "mmap_sh_mb": 0.0}
{"tgid": 7721, "comm": "modprobe", "shmget": 0, "shmat": 0, "shmdt": 0, "rmid": 0, "get_mb": 0.0, "shmopen": 0, "unlink": 0, "mmap_sh": 0, "munmap": 6, "mmap_sh_mb": 0.0}
{"tgid": 7732, "comm": "6", "shmget": 0, "shmat": 0, "shmdt": 0, "rmid": 0, "get_mb": 0.0, "shmopen": 0, "unlink": 0, "mmap_sh": 0, "munmap": 1, "mmap_sh_mb": 0.0}
{"tgid": 7704, "comm": "ip6tables", "shmget": 0, "shmat": 0, "shmdt": 0, "rmid": 0, "get_mb": 0.0, "shmopen": 0, "unlink": 0, "mmap_sh": 0, "munmap": 3, "mmap_sh_mb": 0.0}
{"tgid": 7822, "comm": "iptables", "shmget": 0, "shmat": 0, "shmdt": 0, "rmid": 0, "get_mb": 0.0, "shmopen": 0, "unlink": 0, "mmap_sh": 0, "munmap": 1, "mmap_sh_mb": 0.0}
{"tgid": 7720, "comm": "ip6tables-resto", "shmget": 0, "shmat": 0, "shmdt": 0, "rmid": 0, "get_mb": 0.0, "shmopen": 0, "unlink": 0, "mmap_sh": 0, "munmap": 1, "mmap_sh_mb": 0.0}
{"tgid": 7677, "comm": "modprobe", "shmget": 0, "shmat": 0, "shmdt": 0, "rmid": 0, "get_mb": 0.0, "shmopen": 0, "unlink": 0, "mmap_sh": 0, "munmap": 6, "mmap_sh_mb": 0.0}
{"tgid": 7562, "comm": "flux-broker-30", "shmget": 0, "shmat": 0, "shmdt": 0, "rmid": 0, "get_mb": 0.0, "shmopen": 0, "unlink": 0, "mmap_sh": 0, "munmap": 2, "mmap_sh_mb": 0.0}
{"tgid": 7785, "comm": "runc:[2:INIT]", "shmget": 0, "shmat": 0, "shmdt": 0, "rmid": 0, "get_mb": 0.0, "shmopen": 0, "unlink": 0, "mmap_sh": 0, "munmap": 6, "mmap_sh_mb": 0.0}
{"tgid": 7714, "comm": "ip6tables", "shmget": 0, "shmat": 0, "shmdt": 0, "rmid": 0, "get_mb": 0.0, "shmopen": 0, "unlink": 0, "mmap_sh": 0, "munmap": 2, "mmap_sh_mb": 0.0}
{"tgid": 7723, "comm": "runc", "shmget": 0, "shmat": 0, "shmdt": 0, "rmid": 0, "get_mb": 0.0, "shmopen": 0, "unlink": 0, "mmap_sh": 0, "munmap": 8, "mmap_sh_mb": 0.0}
{"tgid": 7700, "comm": "ip6tables", "shmget": 0, "shmat": 0, "shmdt": 0, "rmid": 0, "get_mb": 0.0, "shmopen": 0, "unlink": 0, "mmap_sh": 0, "munmap": 3, "mmap_sh_mb": 0.0}
{"tgid": 7716, "comm": "ip6tables", "shmget": 0, "shmat": 0, "shmdt": 0, "rmid": 0, "get_mb": 0.0, "shmopen": 0, "unlink": 0, "mmap_sh": 0, "munmap": 1, "mmap_sh_mb": 0.0}

--- Shared Memory Stats Summary at 20:41:15 ---
{"tgid": 7795, "comm": "lmp_gpu", "shmget": 1, "shmat": 1, "shmdt": 1, "rmid": 1, "get_mb": 0.00390625, "shmopen": 0, "unlink": 0, "mmap_sh": 37, "munmap": 186, "mmap_sh_mb": 87.23046875}
{"tgid": 7766, "comm": "lmp_gpu", "shmget": 1, "shmat": 1, "shmdt": 1, "rmid": 1, "get_mb": 0.00390625, "shmopen": 0, "unlink": 0, "mmap_sh": 37, "munmap": 198, "mmap_sh_mb": 87.23046875}
{"tgid": 7675, "comm": "lmp_gpu", "shmget": 0, "shmat": 0, "shmdt": 0, "rmid": 0, "get_mb": 0.0, "shmopen": 0, "unlink": 0, "mmap_sh": 37, "munmap": 172, "mmap_sh_mb": 87.23046875}
{"tgid": 7846, "comm": "lsblk", "shmget": 0, "shmat": 0, "shmdt": 0, "rmid": 0, "get_mb": 0.0, "shmopen": 0, "unlink": 0, "mmap_sh": 1, "munmap": 1, "mmap_sh_mb": 0.025775909423828125}
{"tgid": 7794, "comm": "flux-shell", "shmget": 0, "shmat": 0, "shmdt": 0, "rmid": 0, "get_mb": 0.0, "shmopen": 0, "unlink": 0, "mmap_sh": 1, "munmap": 4, "mmap_sh_mb": 0.025751113891601562}
{"tgid": 7765, "comm": "flux-shell", "shmget": 0, "shmat": 0, "shmdt": 0, "rmid": 0, "get_mb": 0.0, "shmopen": 0, "unlink": 0, "mmap_sh": 1, "munmap": 4, "mmap_sh_mb": 0.025751113891601562}
{"tgid": 7706, "comm": "ip6tables", "shmget": 0, "shmat": 0, "shmdt": 0, "rmid": 0, "get_mb": 0.0, "shmopen": 0, "unlink": 0, "mmap_sh": 0, "munmap": 3, "mmap_sh_mb": 0.0}
{"tgid": 7694, "comm": "ip6tables", "shmget": 0, "shmat": 0, "shmdt": 0, "rmid": 0, "get_mb": 0.0, "shmopen": 0, "unlink": 0, "mmap_sh": 0, "munmap": 3, "mmap_sh_mb": 0.0}
{"tgid": 7743, "comm": "runc", "shmget": 0, "shmat": 0, "shmdt": 0, "rmid": 0, "get_mb": 0.0, "shmopen": 0, "unlink": 0, "mmap_sh": 0, "munmap": 10, "mmap_sh_mb": 0.0}
{"tgid": 7721, "comm": "modprobe", "shmget": 0, "shmat": 0, "shmdt": 0, "rmid": 0, "get_mb": 0.0, "shmopen": 0, "unlink": 0, "mmap_sh": 0, "munmap": 6, "mmap_sh_mb": 0.0}
{"tgid": 7732, "comm": "6", "shmget": 0, "shmat": 0, "shmdt": 0, "rmid": 0, "get_mb": 0.0, "shmopen": 0, "unlink": 0, "mmap_sh": 0, "munmap": 1, "mmap_sh_mb": 0.0}
{"tgid": 7844, "comm": "iptables", "shmget": 0, "shmat": 0, "shmdt": 0, "rmid": 0, "get_mb": 0.0, "shmopen": 0, "unlink": 0, "mmap_sh": 0, "munmap": 2, "mmap_sh_mb": 0.0}
{"tgid": 7704, "comm": "ip6tables", "shmget": 0, "shmat": 0, "shmdt": 0, "rmid": 0, "get_mb": 0.0, "shmopen": 0, "unlink": 0, "mmap_sh": 0, "munmap": 3, "mmap_sh_mb": 0.0}
{"tgid": 7822, "comm": "iptables", "shmget": 0, "shmat": 0, "shmdt": 0, "rmid": 0, "get_mb": 0.0, "shmopen": 0, "unlink": 0, "mmap_sh": 0, "munmap": 1, "mmap_sh_mb": 0.0}
{"tgid": 7720, "comm": "ip6tables-resto", "shmget": 0, "shmat": 0, "shmdt": 0, "rmid": 0, "get_mb": 0.0, "shmopen": 0, "unlink": 0, "mmap_sh": 0, "munmap": 1, "mmap_sh_mb": 0.0}
{"tgid": 7677, "comm": "modprobe", "shmget": 0, "shmat": 0, "shmdt": 0, "rmid": 0, "get_mb": 0.0, "shmopen": 0, "unlink": 0, "mmap_sh": 0, "munmap": 6, "mmap_sh_mb": 0.0}
{"tgid": 7562, "comm": "flux-broker-30", "shmget": 0, "shmat": 0, "shmdt": 0, "rmid": 0, "get_mb": 0.0, "shmopen": 0, "unlink": 0, "mmap_sh": 0, "munmap": 2, "mmap_sh_mb": 0.0}
{"tgid": 7785, "comm": "runc:[2:INIT]", "shmget": 0, "shmat": 0, "shmdt": 0, "rmid": 0, "get_mb": 0.0, "shmopen": 0, "unlink": 0, "mmap_sh": 0, "munmap": 6, "mmap_sh_mb": 0.0}
{"tgid": 7714, "comm": "ip6tables", "shmget": 0, "shmat": 0, "shmdt": 0, "rmid": 0, "get_mb": 0.0, "shmopen": 0, "unlink": 0, "mmap_sh": 0, "munmap": 2, "mmap_sh_mb": 0.0}
{"tgid": 7723, "comm": "runc", "shmget": 0, "shmat": 0, "shmdt": 0, "rmid": 0, "get_mb": 0.0, "shmopen": 0, "unlink": 0, "mmap_sh": 0, "munmap": 8, "mmap_sh_mb": 0.0}

--- Shared Memory Stats Summary at 20:41:20 ---
{"tgid": 7795, "comm": "lmp_gpu", "shmget": 1, "shmat": 1, "shmdt": 1, "rmid": 1, "get_mb": 0.00390625, "shmopen": 0, "unlink": 0, "mmap_sh": 37, "munmap": 186, "mmap_sh_mb": 87.23046875}
{"tgid": 7766, "comm": "lmp_gpu", "shmget": 1, "shmat": 1, "shmdt": 1, "rmid": 1, "get_mb": 0.00390625, "shmopen": 0, "unlink": 0, "mmap_sh": 37, "munmap": 198, "mmap_sh_mb": 87.23046875}
{"tgid": 7675, "comm": "lmp_gpu", "shmget": 0, "shmat": 0, "shmdt": 0, "rmid": 0, "get_mb": 0.0, "shmopen": 0, "unlink": 0, "mmap_sh": 37, "munmap": 172, "mmap_sh_mb": 87.23046875}
{"tgid": 7846, "comm": "lsblk", "shmget": 0, "shmat": 0, "shmdt": 0, "rmid": 0, "get_mb": 0.0, "shmopen": 0, "unlink": 0, "mmap_sh": 1, "munmap": 1, "mmap_sh_mb": 0.025775909423828125}
{"tgid": 7865, "comm": "touch", "shmget": 0, "shmat": 0, "shmdt": 0, "rmid": 0, "get_mb": 0.0, "shmopen": 0, "unlink": 0, "mmap_sh": 1, "munmap": 1, "mmap_sh_mb": 0.025751113891601562}
{"tgid": 7794, "comm": "flux-shell", "shmget": 0, "shmat": 0, "shmdt": 0, "rmid": 0, "get_mb": 0.0, "shmopen": 0, "unlink": 0, "mmap_sh": 1, "munmap": 4, "mmap_sh_mb": 0.025751113891601562}
{"tgid": 7847, "comm": "bash", "shmget": 0, "shmat": 0, "shmdt": 0, "rmid": 0, "get_mb": 0.0, "shmopen": 0, "unlink": 0, "mmap_sh": 1, "munmap": 2, "mmap_sh_mb": 0.025751113891601562}
{"tgid": 7864, "comm": "touch", "shmget": 0, "shmat": 0, "shmdt": 0, "rmid": 0, "get_mb": 0.0, "shmopen": 0, "unlink": 0, "mmap_sh": 1, "munmap": 1, "mmap_sh_mb": 0.025751113891601562}
{"tgid": 7765, "comm": "flux-shell", "shmget": 0, "shmat": 0, "shmdt": 0, "rmid": 0, "get_mb": 0.0, "shmopen": 0, "unlink": 0, "mmap_sh": 1, "munmap": 4, "mmap_sh_mb": 0.025751113891601562}
{"tgid": 7872, "comm": "runc", "shmget": 0, "shmat": 0, "shmdt": 0, "rmid": 0, "get_mb": 0.0, "shmopen": 0, "unlink": 0, "mmap_sh": 0, "munmap": 6, "mmap_sh_mb": 0.0}
{"tgid": 7857, "comm": "flux", "shmget": 0, "shmat": 0, "shmdt": 0, "rmid": 0, "get_mb": 0.0, "shmopen": 0, "unlink": 0, "mmap_sh": 0, "munmap": 2, "mmap_sh_mb": 0.0}
{"tgid": 7848, "comm": "flux", "shmget": 0, "shmat": 0, "shmdt": 0, "rmid": 0, "get_mb": 0.0, "shmopen": 0, "unlink": 0, "mmap_sh": 0, "munmap": 1, "mmap_sh_mb": 0.0}
{"tgid": 7706, "comm": "ip6tables", "shmget": 0, "shmat": 0, "shmdt": 0, "rmid": 0, "get_mb": 0.0, "shmopen": 0, "unlink": 0, "mmap_sh": 0, "munmap": 3, "mmap_sh_mb": 0.0}
{"tgid": 7694, "comm": "ip6tables", "shmget": 0, "shmat": 0, "shmdt": 0, "rmid": 0, "get_mb": 0.0, "shmopen": 0, "unlink": 0, "mmap_sh": 0, "munmap": 3, "mmap_sh_mb": 0.0}
{"tgid": 7862, "comm": "flux", "shmget": 0, "shmat": 0, "shmdt": 0, "rmid": 0, "get_mb": 0.0, "shmopen": 0, "unlink": 0, "mmap_sh": 0, "munmap": 1, "mmap_sh_mb": 0.0}
{"tgid": 7743, "comm": "runc", "shmget": 0, "shmat": 0, "shmdt": 0, "rmid": 0, "get_mb": 0.0, "shmopen": 0, "unlink": 0, "mmap_sh": 0, "munmap": 10, "mmap_sh_mb": 0.0}
{"tgid": 7861, "comm": "flux", "shmget": 0, "shmat": 0, "shmdt": 0, "rmid": 0, "get_mb": 0.0, "shmopen": 0, "unlink": 0, "mmap_sh": 0, "munmap": 1, "mmap_sh_mb": 0.0}
{"tgid": 7721, "comm": "modprobe", "shmget": 0, "shmat": 0, "shmdt": 0, "rmid": 0, "get_mb": 0.0, "shmopen": 0, "unlink": 0, "mmap_sh": 0, "munmap": 6, "mmap_sh_mb": 0.0}
{"tgid": 7732, "comm": "6", "shmget": 0, "shmat": 0, "shmdt": 0, "rmid": 0, "get_mb": 0.0, "shmopen": 0, "unlink": 0, "mmap_sh": 0, "munmap": 1, "mmap_sh_mb": 0.0}
{"tgid": 7844, "comm": "iptables", "shmget": 0, "shmat": 0, "shmdt": 0, "rmid": 0, "get_mb": 0.0, "shmopen": 0, "unlink": 0, "mmap_sh": 0, "munmap": 2, "mmap_sh_mb": 0.0}
[20:41:20] 
Indicator file '/mnt/flux/stop_ebpf_collection' found. Stopping.
Cleaning up BPF resources...
Cleanup complete.
