unlimited
PROGRAM: futex
Looking for /opt/programs/futex/ebpf-collect.c
[20:39:57] Starting eBPF (Tracepoints for futex syscalls).
[20:39:58] BPF program loaded and tracepoints automatically attached.
[20:39:58] Start Indicator file defined '/mnt/flux/start_ebpf_collection'. Waiting.
[20:40:25] Start indicator found. Proceeding.
[20:40:25] Ring buffers opened. Polling for events...
[20:41:19] 
Indicator file '/mnt/flux/stop_ebpf_collection' found. Stopping.
[20:41:19] Cleaning up BPF resources...
{
  "final_aggregated_futex_summary_river": [
    {
      "tgid": 5480,
      "comm": "containerd-shim",
      "cgroup_id": 6520,
      "wait_duration_stats_ns": {
        "count": 430.0,
        "sum": 368673107980.0002,
        "mean": 857379320.8837214,
        "median": 3131819.2637724695,
        "min": 971,
        "max": 10043141403,
        "variance_ns2": 5.717680224706859e+18,
        "iqr_ns": 88898696.06147234,
        "q1_ns": 553757.5532039386,
        "q3_ns": 89452453.61467628
      },
      "futex_op_counts": {
        "128": 430
      },
      "first_seen_ts_ns": 516302669317,
      "last_seen_ts_ns": 593226323360
    },
    {
      "tgid": 4052,
      "comm": "containerd-shim",
      "cgroup_id": 6520,
      "wait_duration_stats_ns": {
        "count": 138.0,
        "sum": 296791902306.9998,
        "mean": 2150665958.7463756,
        "median": 555367720.2118558,
        "min": 3977,
        "max": 39074643090,
        "variance_ns2": 2.697335507524832e+19,
        "iqr_ns": 3309988773.4406576,
        "q1_ns": 4045906.58101654,
        "q3_ns": 3314034680.021674
      },
      "futex_op_counts": {
        "128": 138
      },
      "first_seen_ts_ns": 542253677526,
      "last_seen_ts_ns": 593225481693
    },
    {
      "tgid": 3528,
      "comm": "containerd-shim",
      "cgroup_id": 6520,
      "wait_duration_stats_ns": {
        "count": 196.0,
        "sum": 289524347562.9999,
        "mean": 1477165038.586734,
        "median": 11797367.53519939,
        "min": 4570,
        "max": 28175273847,
        "variance_ns2": 1.5076290898274611e+19,
        "iqr_ns": 3865595371.4458747,
        "q1_ns": 1571436.2332005661,
        "q3_ns": 3867166807.6790752
      },
      "futex_op_counts": {
        "128": 196
      },
      "first_seen_ts_ns": 542252682230,
      "last_seen_ts_ns": 593229582642
    },
    {
      "tgid": 3576,
      "comm": "containerd-shim",
      "cgroup_id": 6520,
      "wait_duration_stats_ns": {
        "count": 126.0,
        "sum": 285812155311.9997,
        "mean": 2268350438.9841247,
        "median": 32274806.72113942,
        "min": 5810,
        "max": 30002640357,
        "variance_ns2": 2.920675482980494e+19,
        "iqr_ns": 3524919146.5022335,
        "q1_ns": 3471665.9968202356,
        "q3_ns": 3528390812.499054
      },
      "futex_op_counts": {
        "128": 126
      },
      "first_seen_ts_ns": 542255507021,
      "last_seen_ts_ns": 593230306286
    },
    {
      "tgid": 2233,
      "comm": "containerd",
      "cgroup_id": 6520,
      "wait_duration_stats_ns": {
        "count": 2158.0,
        "sum": 275934317920.0002,
        "mean": 127865763.6329936,
        "median": 1668512.8123640146,
        "min": 4629,
        "max": 39958245957,
        "variance_ns2": 1.1335846474029772e+18,
        "iqr_ns": 129490027.97528724,
        "q1_ns": 310996.39075838885,
        "q3_ns": 129801024.36604564
      },
      "futex_op_counts": {
        "128": 2158
      },
      "first_seen_ts_ns": 514471028016,
      "last_seen_ts_ns": 594958099704
    },
    {
      "tgid": 6458,
      "comm": "containerd-shim",
      "cgroup_id": 6520,
      "wait_duration_stats_ns": {
        "count": 178.0,
        "sum": 270645034923.99994,
        "mean": 1520477724.2921345,
        "median": 32979383.659779802,
        "min": 5186,
        "max": 31638669346,
        "variance_ns2": 1.5517069030336872e+19,
        "iqr_ns": 1703617502.1007597,
        "q1_ns": 3063000.4190219934,
        "q3_ns": 1706680502.5197818
      },
      "futex_op_counts": {
        "128": 178
      },
      "first_seen_ts_ns": 514143568935,
      "last_seen_ts_ns": 594961441948
    },
    {
      "tgid": 5087,
      "comm": "containerd-shim",
      "cgroup_id": 6520,
      "wait_duration_stats_ns": {
        "count": 79.0,
        "sum": 262431141544.9999,
        "mean": 3321913184.113923,
        "median": 1108916572.5234027,
        "min": 2374,
        "max": 29996425312,
        "variance_ns2": 3.2834349997175443e+19,
        "iqr_ns": 3699947638.417627,
        "q1_ns": 2511910.581884137,
        "q3_ns": 3702459548.999511
      },
      "futex_op_counts": {
        "128": 79
      },
      "first_seen_ts_ns": 542264699787,
      "last_seen_ts_ns": 593870910556
    },
    {
      "tgid": 4633,
      "comm": "containerd-shim",
      "cgroup_id": 6520,
      "wait_duration_stats_ns": {
        "count": 67.0,
        "sum": 261837058573.99997,
        "mean": 3908015799.61194,
        "median": 3160781564.181081,
        "min": 5890,
        "max": 30005369006,
        "variance_ns2": 4.011473869344279e+19,
        "iqr_ns": 4819043662.231519,
        "q1_ns": 83665970.37504905,
        "q3_ns": 4902709632.606567
      },
      "futex_op_counts": {
        "128": 67
      },
      "first_seen_ts_ns": 542268800366,
      "last_seen_ts_ns": 593230992671
    },
    {
      "tgid": 2598,
      "comm": "containerd-shim",
      "cgroup_id": 6520,
      "wait_duration_stats_ns": {
        "count": 83.0,
        "sum": 257703291484.0,
        "mean": 3104858933.5421686,
        "median": 2159666351.4406824,
        "min": 6410,
        "max": 30005535424,
        "variance_ns2": 3.3171615404861833e+19,
        "iqr_ns": 3474794508.8874993,
        "q1_ns": 105380925.83755209,
        "q3_ns": 3580175434.7250514
      },
      "futex_op_counts": {
        "128": 83
      },
      "first_seen_ts_ns": 542256596498,
      "last_seen_ts_ns": 593219511488
    },
    {
      "tgid": 5982,
      "comm": "containerd-shim",
      "cgroup_id": 6520,
      "wait_duration_stats_ns": {
        "count": 132.0,
        "sum": 255501676220.00006,
        "mean": 1935618759.2424247,
        "median": 22885269.79295902,
        "min": 3700,
        "max": 29998267949,
        "variance_ns2": 2.0239080269415924e+19,
        "iqr_ns": 3270131689.1392474,
        "q1_ns": 3600377.0564341424,
        "q3_ns": 3273732066.1956816
      },
      "futex_op_counts": {
        "128": 132
      },
      "first_seen_ts_ns": 516187937275,
      "last_seen_ts_ns": 593223822208
    },
    {
      "tgid": 2441,
      "comm": "node-problem-de",
      "cgroup_id": 6700,
      "wait_duration_stats_ns": {
        "count": 320.0,
        "sum": 230765303944.00006,
        "mean": 721141574.8250002,
        "median": 309959346.15630794,
        "min": 1205,
        "max": 43923262200,
        "variance_ns2": 9.720107088756441e+18,
        "iqr_ns": 920908237.7774942,
        "q1_ns": 27424592.946953505,
        "q3_ns": 948332830.7244477
      },
      "futex_op_counts": {
        "128": 320
      },
      "first_seen_ts_ns": 514389292229,
      "last_seen_ts_ns": 594659656963
    },
    {
      "tgid": 2387,
      "comm": "kubelet",
      "cgroup_id": 6640,
      "wait_duration_stats_ns": {
        "count": 4603.0,
        "sum": 207210211123.99976,
        "mean": 45016339.58809467,
        "median": 19974510.670423213,
        "min": 1320,
        "max": 31515388474,
        "variance_ns2": 2.616200837875498e+17,
        "iqr_ns": 39974146.15559863,
        "q1_ns": 3280715.2318212786,
        "q3_ns": 43254861.38741991
      },
      "futex_op_counts": {
        "128": 4603
      },
      "first_seen_ts_ns": 514210189632,
      "last_seen_ts_ns": 594940244616
    },
    {
      "tgid": 5414,
      "comm": "dcgm-exporter",
      "cgroup_id": 9573,
      "wait_duration_stats_ns": {
        "count": 42.0,
        "sum": 172475933978.99994,
        "mean": 4106569856.6428556,
        "median": 882585195.366826,
        "min": 5845,
        "max": 27503104200,
        "variance_ns2": 5.949722492375284e+19,
        "iqr_ns": 4582601270.97853,
        "q1_ns": 2938461.1700328216,
        "q3_ns": 4585539732.148562
      },
      "futex_op_counts": {
        "128": 42
      },
      "first_seen_ts_ns": 546397777689,
      "last_seen_ts_ns": 593912528781
    },
    {
      "tgid": 655,
      "comm": "google_osconfig",
      "cgroup_id": 4234,
      "wait_duration_stats_ns": {
        "count": 47.0,
        "sum": 169886128343.99997,
        "mean": 3614598475.404255,
        "median": 3264421611.3285637,
        "min": 83972939,
        "max": 59999400294,
        "variance_ns2": 7.606201753717267e+19,
        "iqr_ns": 4625559386.38871,
        "q1_ns": 208619562.40176547,
        "q3_ns": 4834178948.790476
      },
      "futex_op_counts": {
        "128": 47
      },
      "first_seen_ts_ns": 514285700168,
      "last_seen_ts_ns": 594294147804
    },
    {
      "tgid": 4515,
      "comm": "main",
      "cgroup_id": 8460,
      "wait_duration_stats_ns": {
        "count": 88.0,
        "sum": 169726181089.00006,
        "mean": 1928706603.2840915,
        "median": 1436277690.8045201,
        "min": 8090,
        "max": 40013811319,
        "variance_ns2": 2.5398489739275895e+19,
        "iqr_ns": 2903364898.214397,
        "q1_ns": 4682671.3007003255,
        "q3_ns": 2908047569.515097
      },
      "futex_op_counts": {
        "128": 88
      },
      "first_seen_ts_ns": 541702495941,
      "last_seen_ts_ns": 591729545537
    },
    {
      "tgid": 4167,
      "comm": "fluent-bit-gke-",
      "cgroup_id": 8223,
      "wait_duration_stats_ns": {
        "count": 134.0,
        "sum": 168224768184.00006,
        "mean": 1255408717.7910452,
        "median": 1020806839.3199805,
        "min": 6140,
        "max": 21637137716,
        "variance_ns2": 5.246003829928527e+18,
        "iqr_ns": 1287331637.0913644,
        "q1_ns": 181706034.43223783,
        "q3_ns": 1469037671.5236022
      },
      "futex_op_counts": {
        "128": 134
      },
      "first_seen_ts_ns": 541299034640,
      "last_seen_ts_ns": 594486663907
    },
    {
      "tgid": 6321,
      "comm": "config-reloader",
      "cgroup_id": 10205,
      "wait_duration_stats_ns": {
        "count": 16.0,
        "sum": 160093484336.0,
        "mean": 10005842771.0,
        "median": 9217101306.563095,
        "min": 29832,
        "max": 56920213686,
        "variance_ns2": 1.7082881100888588e+20,
        "iqr_ns": 4382060400.325781,
        "q1_ns": 5625251460.111719,
        "q3_ns": 10007311860.4375
      },
      "futex_op_counts": {
        "128": 16
      },
      "first_seen_ts_ns": 515768103618,
      "last_seen_ts_ns": 585770109386
    },
    {
      "tgid": 2673,
      "comm": "kube-proxy",
      "cgroup_id": 7373,
      "wait_duration_stats_ns": {
        "count": 87.0,
        "sum": 159850965578.99994,
        "mean": 1837367420.4482753,
        "median": 595272520.8026856,
        "min": 21004,
        "max": 36478297267,
        "variance_ns2": 1.9148928525280973e+19,
        "iqr_ns": 4007262265.790951,
        "q1_ns": 31292863.654781714,
        "q3_ns": 4038555129.4457326
      },
      "futex_op_counts": {
        "128": 87
      },
      "first_seen_ts_ns": 541764073067,
      "last_seen_ts_ns": 592187956000
    },
    {
      "tgid": 6257,
      "comm": "prometheus",
      "cgroup_id": 10126,
      "wait_duration_stats_ns": {
        "count": 2641.0,
        "sum": 158019009459.99985,
        "mean": 59833021.37826575,
        "median": 45697245.25760469,
        "min": 5894,
        "max": 3999670738,
        "variance_ns2": 2.7641435699137424e+16,
        "iqr_ns": 10364445.391668193,
        "q1_ns": 39811682.324527055,
        "q3_ns": 50176127.71619525
      },
      "futex_op_counts": {
        "128": 2641
      },
      "first_seen_ts_ns": 514188917034,
      "last_seen_ts_ns": 594911757300
    },
    {
      "tgid": 5273,
      "comm": "main",
      "cgroup_id": 9494,
      "wait_duration_stats_ns": {
        "count": 34.0,
        "sum": 149978144040.99997,
        "mean": 4411121883.558823,
        "median": 4504283561.406958,
        "min": 251000,
        "max": 50010357853,
        "variance_ns2": 7.084909134759456e+19,
        "iqr_ns": 3192498755.7704506,
        "q1_ns": 1745066188.2422788,
        "q3_ns": 4937564944.01273
      },
      "futex_op_counts": {
        "128": 34
      },
      "first_seen_ts_ns": 545700644455,
      "last_seen_ts_ns": 590738940115
    },
    {
      "tgid": 5033,
      "comm": "gpu-maintenance",
      "cgroup_id": 9178,
      "wait_duration_stats_ns": {
        "count": 67.0,
        "sum": 148148117726.00006,
        "mean": 2211165936.2089562,
        "median": 139742795.9466442,
        "min": 15002,
        "max": 28191925099,
        "variance_ns2": 2.3462646691904324e+19,
        "iqr_ns": 2140946267.9656534,
        "q1_ns": 3896059.6180398217,
        "q3_ns": 2144842327.5836933
      },
      "futex_op_counts": {
        "128": 67
      },
      "first_seen_ts_ns": 541280206069,
      "last_seen_ts_ns": 590177405570
    },
    {
      "tgid": 5207,
      "comm": "nvidia-gpu-devi",
      "cgroup_id": 9415,
      "wait_duration_stats_ns": {
        "count": 94.0,
        "sum": 134660816479.99995,
        "mean": 1432561877.446808,
        "median": 840420907.5705255,
        "min": 6307,
        "max": 29999337529,
        "variance_ns2": 1.0661238338836769e+19,
        "iqr_ns": 527884220.1138908,
        "q1_ns": 403809373.77821773,
        "q3_ns": 931693593.8921086
      },
      "futex_op_counts": {
        "128": 94
      },
      "first_seen_ts_ns": 515428286961,
      "last_seen_ts_ns": 594104435345
    },
    {
      "tgid": 1445,
      "comm": "dockerd",
      "cgroup_id": 6400,
      "wait_duration_stats_ns": {
        "count": 12.0,
        "sum": 119323668636.0,
        "mean": 9943639053.0,
        "median": 9960482878.571178,
        "min": 9677757106,
        "max": 10008952090,
        "variance_ns2": 1.4437748351247822e+16,
        "iqr_ns": 4562018.462963104,
        "q1_ns": 9989853211.0,
        "q3_ns": 9994415229.462963
      },
      "futex_op_counts": {
        "128": 12
      },
      "first_seen_ts_ns": 543064901067,
      "last_seen_ts_ns": 593074087589
    },
    {
      "tgid": 4249,
      "comm": "main",
      "cgroup_id": 8302,
      "wait_duration_stats_ns": {
        "count": 49.0,
        "sum": 109929459554.00002,
        "mean": 2243458358.2448983,
        "median": 2095950817.4918358,
        "min": 8879,
        "max": 5003116762,
        "variance_ns2": 5.684735635182681e+18,
        "iqr_ns": 4715417678.827632,
        "q1_ns": 180222545.13791394,
        "q3_ns": 4895640223.965546
      },
      "futex_op_counts": {
        "128": 49
      },
      "first_seen_ts_ns": 543041160832,
      "last_seen_ts_ns": 593041238402
    },
    {
      "tgid": 654,
      "comm": "google_guest_ag",
      "cgroup_id": 4174,
      "wait_duration_stats_ns": {
        "count": 41.0,
        "sum": 99899318698.00002,
        "mean": 2436568748.7317076,
        "median": 2385741669.99363,
        "min": 6527,
        "max": 5005602437,
        "variance_ns2": 3.783641844832759e+18,
        "iqr_ns": 3124094926.7904983,
        "q1_ns": 972742804.6023673,
        "q3_ns": 4096837731.3928657
      },
      "futex_op_counts": {
        "128": 41
      },
      "first_seen_ts_ns": 545443668273,
      "last_seen_ts_ns": 590467057018
    },
    {
      "tgid": 5887,
      "comm": "gce-pd-csi-driv",
      "cgroup_id": 9889,
      "wait_duration_stats_ns": {
        "count": 98.0,
        "sum": 55415269946.00002,
        "mean": 565461938.22449,
        "median": 589752874.2128689,
        "min": 189708232,
        "max": 597496437,
        "variance_ns2": 7645497902113301.0,
        "iqr_ns": 87108.65487194061,
        "q1_ns": 589865526.5383972,
        "q3_ns": 589952635.1932691
      },
      "futex_op_counts": {
        "128": 98
      },
      "first_seen_ts_ns": 514996111042,
      "last_seen_ts_ns": 594796130186
    },
    {
      "tgid": 4405,
      "comm": "otelsvc",
      "cgroup_id": 8381,
      "wait_duration_stats_ns": {
        "count": 232.0,
        "sum": 54212754881.99999,
        "mean": 233675667.59482756,
        "median": 197540071.68316948,
        "min": 5867,
        "max": 497975814,
        "variance_ns2": 4.764011114241993e+16,
        "iqr_ns": 477665619.8205805,
        "q1_ns": 7291124.962327033,
        "q3_ns": 484956744.7829075
      },
      "futex_op_counts": {
        "128": 232
      },
      "first_seen_ts_ns": 514884651827,
      "last_seen_ts_ns": 594884643454
    },
    {
      "tgid": 8087,
      "comm": "runc",
      "cgroup_id": 6520,
      "wait_duration_stats_ns": {
        "count": 288.0,
        "sum": 382326303.0000001,
        "mean": 1327521.885416667,
        "median": 58485.25494472226,
        "min": 5647,
        "max": 46105595,
        "variance_ns2": 40544434025981.85,
        "iqr_ns": 2329101.6203530813,
        "q1_ns": 19688.46730407474,
        "q3_ns": 2348790.087657156
      },
      "futex_op_counts": {
        "128": 288
      },
      "first_seen_ts_ns": 566314475885,
      "last_seen_ts_ns": 566366620165
    },
    {
      "tgid": 8143,
      "comm": "runc",
      "cgroup_id": 6520,
      "wait_duration_stats_ns": {
        "count": 294.0,
        "sum": 317867148.99999994,
        "mean": 1081180.7789115645,
        "median": 52283.24046541179,
        "min": 637,
        "max": 39563033,
        "variance_ns2": 29944129380126.67,
        "iqr_ns": 257516.72457308724,
        "q1_ns": 17893.424461133305,
        "q3_ns": 275410.14903422055
      },
      "futex_op_counts": {
        "128": 294
      },
      "first_seen_ts_ns": 586313327854,
      "last_seen_ts_ns": 586358116354
    },
    {
      "tgid": 8038,
      "comm": "runc",
      "cgroup_id": 6520,
      "wait_duration_stats_ns": {
        "count": 300.0,
        "sum": 303144577.00000006,
        "mean": 1010481.9233333336,
        "median": 54146.7693817376,
        "min": 5390,
        "max": 40609227,
        "variance_ns2": 27576136227654.65,
        "iqr_ns": 276626.8274289921,
        "q1_ns": 17466.093708348715,
        "q3_ns": 294092.9211373408
      },
      "futex_op_counts": {
        "128": 300
      },
      "first_seen_ts_ns": 546309801841,
      "last_seen_ts_ns": 546358877369
    },
    {
      "tgid": 8058,
      "comm": "runc",
      "cgroup_id": 6520,
      "wait_duration_stats_ns": {
        "count": 279.0,
        "sum": 275678791.00000006,
        "mean": 988096.025089606,
        "median": 53575.13681137138,
        "min": 729,
        "max": 33212690,
        "variance_ns2": 25498404518027.664,
        "iqr_ns": 199187.34522695583,
        "q1_ns": 15373.873011241796,
        "q3_ns": 214561.21823819762
      },
      "futex_op_counts": {
        "128": 279
      },
      "first_seen_ts_ns": 556307176716,
      "last_seen_ts_ns": 556346700221
    },
    {
      "tgid": 8116,
      "comm": "runc",
      "cgroup_id": 6520,
      "wait_duration_stats_ns": {
        "count": 310.0,
        "sum": 266072302.00000003,
        "mean": 858297.7483870969,
        "median": 52863.68334985702,
        "min": 5567,
        "max": 33846911,
        "variance_ns2": 21761113803624.55,
        "iqr_ns": 1455373.8088386098,
        "q1_ns": 18219.821850588276,
        "q3_ns": 1473593.6306891982
      },
      "futex_op_counts": {
        "128": 310
      },
      "first_seen_ts_ns": 576308445728,
      "last_seen_ts_ns": 576352593348
    },
    {
      "tgid": 8099,
      "comm": "runc:[2:INIT]",
      "cgroup_id": 9810,
      "wait_duration_stats_ns": {
        "count": 32.0,
        "sum": 141111887.0,
        "mean": 4409746.46875,
        "median": 834010.11423044,
        "min": 5351,
        "max": 28173818,
        "variance_ns2": 70518423622434.06,
        "iqr_ns": 4919951.310235583,
        "q1_ns": 47840.203077547456,
        "q3_ns": 4967791.5133131305
      },
      "futex_op_counts": {
        "128": 32
      },
      "first_seen_ts_ns": 566333056423,
      "last_seen_ts_ns": 566368096778
    },
    {
      "tgid": 8155,
      "comm": "runc:[2:INIT]",
      "cgroup_id": 9810,
      "wait_duration_stats_ns": {
        "count": 33.0,
        "sum": 124317155.0,
        "mean": 3767186.515151515,
        "median": 568407.0037640502,
        "min": 744,
        "max": 23703702,
        "variance_ns2": 46578719891171.57,
        "iqr_ns": 5172265.5023871865,
        "q1_ns": 60774.48132392187,
        "q3_ns": 5233039.983711109
      },
      "futex_op_counts": {
        "128": 33
      },
      "first_seen_ts_ns": 586328312636,
      "last_seen_ts_ns": 586359702231
    },
    {
      "tgid": 8049,
      "comm": "runc:[2:INIT]",
      "cgroup_id": 9810,
      "wait_duration_stats_ns": {
        "count": 29.0,
        "sum": 119304008.0,
        "mean": 4113931.3103448274,
        "median": 580201.4133236352,
        "min": 6264,
        "max": 23826567,
        "variance_ns2": 52489643722740.8,
        "iqr_ns": 4333868.073259452,
        "q1_ns": 136562.36458737787,
        "q3_ns": 4470430.43784683
      },
      "futex_op_counts": {
        "128": 29
      },
      "first_seen_ts_ns": 546328514945,
      "last_seen_ts_ns": 546359072262
    },
    {
      "tgid": 8070,
      "comm": "runc:[2:INIT]",
      "cgroup_id": 9810,
      "wait_duration_stats_ns": {
        "count": 29.0,
        "sum": 115979414.0,
        "mean": 3999290.1379310344,
        "median": 947420.1986479126,
        "min": 854,
        "max": 20603295,
        "variance_ns2": 40306286304908.695,
        "iqr_ns": 4590694.630521497,
        "q1_ns": 222531.86721271626,
        "q3_ns": 4813226.497734213
      },
      "futex_op_counts": {
        "128": 29
      },
      "first_seen_ts_ns": 556318423057,
      "last_seen_ts_ns": 556346771023
    },
    {
      "tgid": 8127,
      "comm": "runc:[2:INIT]",
      "cgroup_id": 9810,
      "wait_duration_stats_ns": {
        "count": 28.0,
        "sum": 107098098.99999999,
        "mean": 3824932.107142857,
        "median": 363132.52312657685,
        "min": 7429,
        "max": 22020618,
        "variance_ns2": 50062134702878.336,
        "iqr_ns": 3810893.681965325,
        "q1_ns": 64981.70091361887,
        "q3_ns": 3875875.382878944
      },
      "futex_op_counts": {
        "128": 28
      },
      "first_seen_ts_ns": 576324617437,
      "last_seen_ts_ns": 576352283514
    },
    {
      "tgid": 7911,
      "comm": "runc",
      "cgroup_id": 6520,
      "wait_duration_stats_ns": {
        "count": 30.0,
        "sum": 39349576.0,
        "mean": 1311652.5333333334,
        "median": 373806.0382992585,
        "min": 5098,
        "max": 8968299,
        "variance_ns2": 5334236583046.119,
        "iqr_ns": 1149112.7077222005,
        "q1_ns": 91667.55792312577,
        "q3_ns": 1240780.2656453263
      },
      "futex_op_counts": {
        "128": 30
      },
      "first_seen_ts_ns": 516234299251,
      "last_seen_ts_ns": 516244118619
    },
    {
      "tgid": 8049,
      "comm": "csi-node-driver",
      "cgroup_id": 9810,
      "wait_duration_stats_ns": {
        "count": 13.0,
        "sum": 22061954.0,
        "mean": 1697073.3846153845,
        "median": 1167238.6148148149,
        "min": 14576,
        "max": 7590097,
        "variance_ns2": 5560046310918.423,
        "iqr_ns": 3234737.557470238,
        "q1_ns": 177247.14729166677,
        "q3_ns": 3411984.7047619047
      },
      "futex_op_counts": {
        "128": 13
      },
      "first_seen_ts_ns": 546367293727,
      "last_seen_ts_ns": 546374688779
    },
    {
      "tgid": 8127,
      "comm": "csi-node-driver",
      "cgroup_id": 9810,
      "wait_duration_stats_ns": {
        "count": 16.0,
        "sum": 17535820.0,
        "mean": 1095988.75,
        "median": 173549.05533854166,
        "min": 17083,
        "max": 6348369,
        "variance_ns2": 3125036285488.3335,
        "iqr_ns": 826127.1559027777,
        "q1_ns": 35794.310763888876,
        "q3_ns": 861921.4666666666
      },
      "futex_op_counts": {
        "128": 16
      },
      "first_seen_ts_ns": 576354241765,
      "last_seen_ts_ns": 576360707486
    },
    {
      "tgid": 8099,
      "comm": "csi-node-driver",
      "cgroup_id": 9810,
      "wait_duration_stats_ns": {
        "count": 16.0,
        "sum": 10105282.0,
        "mean": 631580.125,
        "median": 270240.78165922617,
        "min": 17003,
        "max": 2425476,
        "variance_ns2": 939345326654.9165,
        "iqr_ns": 1242963.2804480821,
        "q1_ns": 33968.18489583333,
        "q3_ns": 1276931.4653439154
      },
      "futex_op_counts": {
        "128": 16
      },
      "first_seen_ts_ns": 566370431712,
      "last_seen_ts_ns": 566375543679
    },
    {
      "tgid": 8155,
      "comm": "csi-node-driver",
      "cgroup_id": 9810,
      "wait_duration_stats_ns": {
        "count": 20.0,
        "sum": 9226630.000000002,
        "mean": 461331.50000000006,
        "median": 62416.14051190477,
        "min": 1290,
        "max": 2325366,
        "variance_ns2": 529533435009.3158,
        "iqr_ns": 505858.13801587303,
        "q1_ns": 9867.949206349207,
        "q3_ns": 515726.08722222224
      },
      "futex_op_counts": {
        "128": 20
      },
      "first_seen_ts_ns": 586362246688,
      "last_seen_ts_ns": 586366948052
    },
    {
      "tgid": 8070,
      "comm": "csi-node-driver",
      "cgroup_id": 9810,
      "wait_duration_stats_ns": {
        "count": 16.0,
        "sum": 8784498.0,
        "mean": 549031.125,
        "median": 32106.795238095227,
        "min": 13766,
        "max": 2443131,
        "variance_ns2": 654908194023.7167,
        "iqr_ns": 661910.8973726851,
        "q1_ns": 34183.80225694446,
        "q3_ns": 696094.6996296296
      },
      "futex_op_counts": {
        "128": 16
      },
      "first_seen_ts_ns": 556349805516,
      "last_seen_ts_ns": 556354309742
    },
    {
      "tgid": 7877,
      "comm": "flux-broker-23",
      "cgroup_id": 10600,
      "wait_duration_stats_ns": {
        "count": 81.0,
        "sum": 1841617.0,
        "mean": 22736.012345679013,
        "median": 13956.489111018836,
        "min": 816,
        "max": 146526,
        "variance_ns2": 666150979.8623455,
        "iqr_ns": 21196.692352501617,
        "q1_ns": 7176.800795771721,
        "q3_ns": 28373.493148273337
      },
      "futex_op_counts": {
        "128": 81
      },
      "first_seen_ts_ns": 541260298781,
      "last_seen_ts_ns": 594922793926
    },
    {
      "tgid": 8080,
      "comm": "cuda-EvtHandlr",
      "cgroup_id": 10600,
      "wait_duration_stats_ns": {
        "count": 1.0,
        "sum": 416374.0,
        "mean": 416374.0,
        "median": 416374.0,
        "min": 416374,
        "max": 416374,
        "variance_ns2": null,
        "iqr_ns": 0.0,
        "q1_ns": 416374.0,
        "q3_ns": 416374.0
      },
      "futex_op_counts": {
        "128": 1
      },
      "first_seen_ts_ns": 558036317550,
      "last_seen_ts_ns": 558036317550
    },
    {
      "tgid": 7877,
      "comm": "ZMQbg/Reaper",
      "cgroup_id": 10600,
      "wait_duration_stats_ns": {
        "count": 1.0,
        "sum": 109755.0,
        "mean": 109755.0,
        "median": 109755.0,
        "min": 109755,
        "max": 109755,
        "variance_ns2": null,
        "iqr_ns": 0.0,
        "q1_ns": 109755.0,
        "q3_ns": 109755.0
      },
      "futex_op_counts": {
        "128": 1
      },
      "first_seen_ts_ns": 594955150624,
      "last_seen_ts_ns": 594955150624
    },
    {
      "tgid": 7990,
      "comm": "lmp_gpu",
      "cgroup_id": 10600,
      "wait_duration_stats_ns": {
        "count": 1.0,
        "sum": 85342.0,
        "mean": 85342.0,
        "median": 85342.0,
        "min": 85342,
        "max": 85342,
        "variance_ns2": null,
        "iqr_ns": 0.0,
        "q1_ns": 85342.0,
        "q3_ns": 85342.0
      },
      "futex_op_counts": {
        "128": 1
      },
      "first_seen_ts_ns": 557024268256,
      "last_seen_ts_ns": 557024268256
    },
    {
      "tgid": 8080,
      "comm": "lmp_gpu",
      "cgroup_id": 10600,
      "wait_duration_stats_ns": {
        "count": 1.0,
        "sum": 76344.0,
        "mean": 76344.0,
        "median": 76344.0,
        "min": 76344,
        "max": 76344,
        "variance_ns2": null,
        "iqr_ns": 0.0,
        "q1_ns": 76344.0,
        "q3_ns": 76344.0
      },
      "futex_op_counts": {
        "128": 1
      },
      "first_seen_ts_ns": 572606148020,
      "last_seen_ts_ns": 572606148020
    },
    {
      "tgid": 8109,
      "comm": "lmp_gpu",
      "cgroup_id": 10600,
      "wait_duration_stats_ns": {
        "count": 1.0,
        "sum": 71134.0,
        "mean": 71134.0,
        "median": 71134.0,
        "min": 71134,
        "max": 71134,
        "variance_ns2": null,
        "iqr_ns": 0.0,
        "q1_ns": 71134.0,
        "q3_ns": 71134.0
      },
      "futex_op_counts": {
        "128": 1
      },
      "first_seen_ts_ns": 588725857503,
      "last_seen_ts_ns": 588725857503
    },
    {
      "tgid": 7877,
      "comm": "ZMQbg/IO/0",
      "cgroup_id": 10600,
      "wait_duration_stats_ns": {
        "count": 1.0,
        "sum": 21455.0,
        "mean": 21455.0,
        "median": 21455.0,
        "min": 21455,
        "max": 21455,
        "variance_ns2": null,
        "iqr_ns": 0.0,
        "q1_ns": 21455.0,
        "q3_ns": 21455.0
      },
      "futex_op_counts": {
        "128": 1
      },
      "first_seen_ts_ns": 594955017328,
      "last_seen_ts_ns": 594955017328
    },
    {
      "tgid": 186,
      "comm": "multipathd",
      "cgroup_id": 1702,
      "wait_duration_stats_ns": {
        "count": 4.0,
        "sum": 13383.0,
        "mean": 3345.75,
        "median": 3573.0,
        "min": 2864,
        "max": 3918,
        "variance_ns2": 237386.91666666666,
        "iqr_ns": 890.0,
        "q1_ns": 3028.0,
        "q3_ns": 3918.0
      },
      "futex_op_counts": {
        "128": 4
      },
      "first_seen_ts_ns": 542864232081,
      "last_seen_ts_ns": 571866523734
    }
  ]
}
[20:41:19] Cleanup complete.
