MiniFE Mini-App, OpenMP Peer Implementation
Creating OpenMP Thread Pool...
Counted: 352 threads.
Running MiniFE Mini-App...
      creating/filling mesh...0.026736s, total time: 0.026737
generating matrix structure...0.0573342s, total time: 0.0840712
         assembling FE data...0.0742509s, total time: 0.158322
      imposing Dirichlet BC...0.012418s, total time: 0.17074
      imposing Dirichlet BC...0.000505924s, total time: 0.171246
making matrix indices local...0.0617929s, total time: 0.233039
Starting CG solver ... 
Initial Residual = 231.002
Iteration = 20   Residual = 0.0922081
Iteration = 40   Residual = 0.0251403
Iteration = 60   Residual = 0.015028
Iteration = 80   Residual = 0.0100868
Iteration = 100   Residual = 0.00998425
Iteration = 120   Residual = 0.00538619
Iteration = 140   Residual = 0.0038704
Iteration = 160   Residual = 0.00277456
Iteration = 180   Residual = 0.00196061
Iteration = 200   Residual = 0.00890425
Final Resid Norm: 0.00890425
START OF JOBSPEC
{"resources": [{"type": "node", "count": 4, "with": [{"type": "slot", "count": 88, "with": [{"type": "core", "count": 1}], "label": "task"}]}], "tasks": [{"command": ["singularity", "exec", "--env", "OMPI_MCA_btl_vader_single_copy_mechanism=none", "/opt/containers/metric-minife_rocky-8.sif", "miniFE.x", "nx=230", "ny=230", "nz=230", "use_locking=1", "elem_group_size=10", "use_elem_mat_fields=300", "verify_solution=0"], "slot": "task", "count": {"per_slot": 1}}], "attributes": {"system": {"duration": 0, "cwd": "/opt/containers", "shell": {"options": {"rlimit": {"cpu": -1, "fsize": -1, "data": -1, "stack": -1, "core": 0, "nofile": 262144, "as": -1, "rss": -1, "nproc": -1}, "cpu-affinity": "per-task"}}}, "user": {"study_id": "minife-4-iter-1"}}, "version": 1}
START OF EVENTLOG
{"timestamp":1745009574.1149545,"name":"init"}
{"timestamp":1745009574.1154485,"name":"starting"}
{"timestamp":1745009574.1259801,"name":"shell.init","context":{"service":"501043911-shell-fL4PfWm5","leader-rank":0,"size":4}}
{"timestamp":1745009574.3017201,"name":"shell.start","context":{"taskmap":{"version":1,"map":[[0,4,88,1]]}}}
{"timestamp":1745009577.5384588,"name":"shell.task-exit","context":{"localid":44,"rank":132,"state":"Exited","pid":102030,"wait_status":0,"signaled":0,"exitcode":0}}
{"timestamp":1745009577.5982361,"name":"complete","context":{"status":0}}
{"timestamp":1745009577.5982702,"name":"done"}

