unlimited
PROGRAM: cpu
Looking for /opt/programs/cpu/ebpf-collect.c
[05:33:16] Waiting for start indicator file: '/mnt/flux/start_ebpf_collection'.
[05:33:22] Start indicator found. Proceeding with monitoring.
[05:33:22] Initializing eBPF for CPU Scheduling monitoring...
[05:33:22] BPF C code compiled and loaded.
[05:33:22] Attached tracepoints.
[05:33:22] Monitoring CPU scheduling events (polling aggregated map)... Press Ctrl+C to stop.
[05:34:58] Stop indicator file '/mnt/flux/stop_ebpf_collection' found. Stopping.
[05:34:58] Initiating cleanup sequence...
{
  "final_aggregated_summary_river": [
    {
      "tgid": 112,
      "comm": "python3",
      "cgroup_id": 11627,
      "on_cpu_stats_ns": {
        "count": 630.0,
        "sum_ns": 22982002.33590249,
        "mean_ns": 36479.36878714681,
        "median_ns": 29459.872987241688,
        "min_ns": 7095.0,
        "max_ns": 934902.0,
        "variance_ns2": 1868272817.6336102,
        "iqr_ns": 20167.791850429392,
        "q1_ns": 21741.918314701477,
        "q3_ns": 41909.71016513087
      },
      "runq_latency_stats_ns": {
        "count": 630.0,
        "sum_ns": 22555253.05366315,
        "mean_ns": 35801.98897406849,
        "median_ns": 6830.582228247877,
        "min_ns": 904.8947368421053,
        "max_ns": 4005002.0,
        "variance_ns2": 63665074975.467125,
        "iqr_ns": 4046.1285277675233,
        "q1_ns": 4661.262210963167,
        "q3_ns": 8707.39073873069
      },
      "first_seen_ts_ns": 1747546402654366545,
      "last_seen_ts_ns": 1747546498373550704,
      "duration_active_s": 95.719184159
    },
    {
      "tgid": 445,
      "comm": "lmp",
      "cgroup_id": 11706,
      "on_cpu_stats_ns": {
        "count": 59.0,
        "sum_ns": 2658110.0,
        "mean_ns": 45052.71186440678,
        "median_ns": 37989.16446944558,
        "min_ns": 15856.0,
        "max_ns": 115490.0,
        "variance_ns2": 408303928.93278795,
        "iqr_ns": 20865.912745170506,
        "q1_ns": 31006.220885334755,
        "q3_ns": 51872.13363050526
      },
      "runq_latency_stats_ns": {
        "count": 59.0,
        "sum_ns": 341268.0,
        "mean_ns": 5784.203389830508,
        "median_ns": 5426.440574007497,
        "min_ns": 2358.0,
        "max_ns": 11491.0,
        "variance_ns2": 2920883.751022794,
        "iqr_ns": 1676.5214235145013,
        "q1_ns": 4773.050661259868,
        "q3_ns": 6449.57208477437
      },
      "first_seen_ts_ns": 1747546454284710794,
      "last_seen_ts_ns": 1747546495325052716,
      "duration_active_s": 41.040341922
    },
    {
      "tgid": 385,
      "comm": "lmp",
      "cgroup_id": 11706,
      "on_cpu_stats_ns": {
        "count": 61.0,
        "sum_ns": 2613963.9999999995,
        "mean_ns": 42851.86885245901,
        "median_ns": 38577.56974980909,
        "min_ns": 13999.0,
        "max_ns": 88899.0,
        "variance_ns2": 325091422.61584693,
        "iqr_ns": 25890.23228202064,
        "q1_ns": 30324.70455299179,
        "q3_ns": 56214.93683501243
      },
      "runq_latency_stats_ns": {
        "count": 61.0,
        "sum_ns": 346319.9999999998,
        "mean_ns": 5677.377049180325,
        "median_ns": 4899.761719632047,
        "min_ns": 1778.0,
        "max_ns": 23058.0,
        "variance_ns2": 10970405.505464483,
        "iqr_ns": 1531.724911669322,
        "q1_ns": 4514.721195803777,
        "q3_ns": 6046.446107473099
      },
      "first_seen_ts_ns": 1747546455315196471,
      "last_seen_ts_ns": 1747546494816912745,
      "duration_active_s": 39.501716274
    },
    {
      "tgid": 1,
      "comm": "pause",
      "cgroup_id": 11469,
      "on_cpu_stats_ns": {
        "count": 14.0,
        "sum_ns": 2588151.9499999997,
        "mean_ns": 184867.9964285714,
        "median_ns": 146207.02083333334,
        "min_ns": 31328.0,
        "max_ns": 763916.2,
        "variance_ns2": 29695707687.830948,
        "iqr_ns": 33503.04034391533,
        "q1_ns": 128098.54166666667,
        "q3_ns": 161601.582010582
      },
      "runq_latency_stats_ns": {
        "count": 14.0,
        "sum_ns": 2110005.2,
        "mean_ns": 150714.65714285715,
        "median_ns": 5533.504464285714,
        "min_ns": 1828.2,
        "max_ns": 2024552.0,
        "variance_ns2": 290890609796.35345,
        "iqr_ns": 1392.7667245370367,
        "q1_ns": 4595.581481481482,
        "q3_ns": 5988.348206018519
      },
      "first_seen_ts_ns": 1747546407018603120,
      "last_seen_ts_ns": 1747546498373550704,
      "duration_active_s": 91.354947584
    },
    {
      "tgid": 210,
      "comm": "lmp",
      "cgroup_id": 11706,
      "on_cpu_stats_ns": {
        "count": 49.0,
        "sum_ns": 2234480.0000000005,
        "mean_ns": 45601.632653061235,
        "median_ns": 39091.36237871249,
        "min_ns": 8019.0,
        "max_ns": 148174.0,
        "variance_ns2": 845227384.5705785,
        "iqr_ns": 25888.779459817622,
        "q1_ns": 28515.825205309415,
        "q3_ns": 54404.60466512704
      },
      "runq_latency_stats_ns": {
        "count": 49.0,
        "sum_ns": 6425542.833333336,
        "mean_ns": 131133.5272108844,
        "median_ns": 5343.720536414829,
        "min_ns": 1842.0,
        "max_ns": 4000383.0,
        "variance_ns2": 404261402124.11957,
        "iqr_ns": 5353.424319253367,
        "q1_ns": 4671.404863615551,
        "q3_ns": 10024.829182868918
      },
      "first_seen_ts_ns": 1747546403068557589,
      "last_seen_ts_ns": 1747546445342795916,
      "duration_active_s": 42.274238327
    },
    {
      "tgid": 264,
      "comm": "lmp",
      "cgroup_id": 11706,
      "on_cpu_stats_ns": {
        "count": 46.0,
        "sum_ns": 2096130.5,
        "mean_ns": 45568.05434782609,
        "median_ns": 41973.28525265282,
        "min_ns": 9992.5,
        "max_ns": 141055.0,
        "variance_ns2": 653856606.4914254,
        "iqr_ns": 27264.00581639496,
        "q1_ns": 29788.38791796081,
        "q3_ns": 57052.39373435577
      },
      "runq_latency_stats_ns": {
        "count": 46.0,
        "sum_ns": 2968579.499999999,
        "mean_ns": 64534.33695652172,
        "median_ns": 6713.5835341232105,
        "min_ns": 2667.0,
        "max_ns": 1999333.0,
        "variance_ns2": 90906273848.6006,
        "iqr_ns": 15309.533128223124,
        "q1_ns": 4483.2776359484815,
        "q3_ns": 19792.810764171605
      },
      "first_seen_ts_ns": 1747546403068557589,
      "last_seen_ts_ns": 1747546444306943359,
      "duration_active_s": 41.23838577
    },
    {
      "tgid": 186,
      "comm": "lmp",
      "cgroup_id": 11706,
      "on_cpu_stats_ns": {
        "count": 49.0,
        "sum_ns": 2088224.3333333333,
        "mean_ns": 42616.8231292517,
        "median_ns": 39146.322060395105,
        "min_ns": 10664.333333333334,
        "max_ns": 157480.0,
        "variance_ns2": 589762659.2516297,
        "iqr_ns": 22025.668821427014,
        "q1_ns": 26766.358812818176,
        "q3_ns": 48792.02763424519
      },
      "runq_latency_stats_ns": {
        "count": 49.0,
        "sum_ns": 2331166.6666666665,
        "mean_ns": 47574.82993197279,
        "median_ns": 5139.400171538992,
        "min_ns": 2028.0,
        "max_ns": 1999274.0,
        "variance_ns2": 81049854545.5457,
        "iqr_ns": 3870.3862456866964,
        "q1_ns": 4438.400771265685,
        "q3_ns": 8308.787016952381
      },
      "first_seen_ts_ns": 1747546402965579921,
      "last_seen_ts_ns": 1747546445342795916,
      "duration_active_s": 42.377215995
    },
    {
      "tgid": 81,
      "comm": "flux-broker-2",
      "cgroup_id": 11706,
      "on_cpu_stats_ns": {
        "count": 72.0,
        "sum_ns": 2039452.9325842697,
        "mean_ns": 28325.735174781523,
        "median_ns": 26601.744908676308,
        "min_ns": 9298.606741573034,
        "max_ns": 81290.0,
        "variance_ns2": 227768744.6069329,
        "iqr_ns": 14706.098386933169,
        "q1_ns": 19828.519649799855,
        "q3_ns": 34534.61803673302
      },
      "runq_latency_stats_ns": {
        "count": 72.0,
        "sum_ns": 507433.4775280897,
        "mean_ns": 7047.687187890135,
        "median_ns": 7230.359070848531,
        "min_ns": 956.7640449438202,
        "max_ns": 30716.0,
        "variance_ns2": 20776263.870370276,
        "iqr_ns": 3587.7860089431515,
        "q1_ns": 4680.190992111345,
        "q3_ns": 8267.977001054496
      },
      "first_seen_ts_ns": 1747546403068557589,
      "last_seen_ts_ns": 1747546497963193937,
      "duration_active_s": 94.894636348
    },
    {
      "tgid": 463,
      "comm": "lmp",
      "cgroup_id": 11706,
      "on_cpu_stats_ns": {
        "count": 42.0,
        "sum_ns": 1836322.75,
        "mean_ns": 43721.97023809524,
        "median_ns": 35498.159124290614,
        "min_ns": 8742.0,
        "max_ns": 167545.0,
        "variance_ns2": 1117797468.6957388,
        "iqr_ns": 14494.49068267287,
        "q1_ns": 26998.48832437044,
        "q3_ns": 41492.97900704331
      },
      "runq_latency_stats_ns": {
        "count": 42.0,
        "sum_ns": 277192.50000000006,
        "mean_ns": 6599.821428571429,
        "median_ns": 5119.762340463952,
        "min_ns": 2290.0,
        "max_ns": 54089.5,
        "variance_ns2": 59192405.949041806,
        "iqr_ns": 1876.7955852847854,
        "q1_ns": 4511.9071542593965,
        "q3_ns": 6388.702739544182
      },
      "first_seen_ts_ns": 1747546457174625738,
      "last_seen_ts_ns": 1747546495223745499,
      "duration_active_s": 38.049119761
    },
    {
      "tgid": 421,
      "comm": "lmp",
      "cgroup_id": 11706,
      "on_cpu_stats_ns": {
        "count": 37.0,
        "sum_ns": 1653093.4999999995,
        "mean_ns": 44678.20270270269,
        "median_ns": 39376.09368077374,
        "min_ns": 26291.0,
        "max_ns": 131126.0,
        "variance_ns2": 469378367.1869371,
        "iqr_ns": 23421.780590340655,
        "q1_ns": 31734.621986262086,
        "q3_ns": 55156.40257660274
      },
      "runq_latency_stats_ns": {
        "count": 37.0,
        "sum_ns": 259045.5,
        "mean_ns": 7001.22972972973,
        "median_ns": 5249.751614228767,
        "min_ns": 4028.0,
        "max_ns": 58952.5,
        "variance_ns2": 78925856.59159158,
        "iqr_ns": 1296.3304903120752,
        "q1_ns": 4790.3830446151005,
        "q3_ns": 6086.713534927176
      },
      "first_seen_ts_ns": 1747546457282173521,
      "last_seen_ts_ns": 1747546493485937766,
      "duration_active_s": 36.203764245
    },
    {
      "tgid": 366,
      "comm": "lmp",
      "cgroup_id": 11706,
      "on_cpu_stats_ns": {
        "count": 35.0,
        "sum_ns": 1516090.9999999998,
        "mean_ns": 43316.88571428571,
        "median_ns": 41376.23443498533,
        "min_ns": 14573.0,
        "max_ns": 77684.0,
        "variance_ns2": 251252450.10420164,
        "iqr_ns": 22561.563048313095,
        "q1_ns": 31333.612802487383,
        "q3_ns": 53895.17585080048
      },
      "runq_latency_stats_ns": {
        "count": 35.0,
        "sum_ns": 178671.00000000003,
        "mean_ns": 5104.885714285715,
        "median_ns": 4812.02711715628,
        "min_ns": 2078.0,
        "max_ns": 9060.0,
        "variance_ns2": 1850809.280672269,
        "iqr_ns": 1111.2074185422343,
        "q1_ns": 4380.383295431671,
        "q3_ns": 5491.590713973906
      },
      "first_seen_ts_ns": 1747546457282173521,
      "last_seen_ts_ns": 1747546492259147143,
      "duration_active_s": 34.976973622
    },
    {
      "tgid": 505,
      "comm": "lmp",
      "cgroup_id": 11706,
      "on_cpu_stats_ns": {
        "count": 38.0,
        "sum_ns": 1364516.9999999998,
        "mean_ns": 35908.34210526315,
        "median_ns": 31420.013149963223,
        "min_ns": 18877.0,
        "max_ns": 87595.0,
        "variance_ns2": 169237308.98790902,
        "iqr_ns": 8571.789134377683,
        "q1_ns": 28978.944810834826,
        "q3_ns": 37550.73394521251
      },
      "runq_latency_stats_ns": {
        "count": 38.0,
        "sum_ns": 205827.00000000003,
        "mean_ns": 5416.500000000001,
        "median_ns": 4380.316770618982,
        "min_ns": 3711.0,
        "max_ns": 15655.0,
        "variance_ns2": 5291427.013513512,
        "iqr_ns": 1617.694054674289,
        "q1_ns": 4118.197830680812,
        "q3_ns": 5735.891885355101
      },
      "first_seen_ts_ns": 1747546456140126659,
      "last_seen_ts_ns": 1747546492154413897,
      "duration_active_s": 36.014287238
    },
    {
      "tgid": 354,
      "comm": "flux-shell",
      "cgroup_id": 11706,
      "on_cpu_stats_ns": {
        "count": 37.0,
        "sum_ns": 1347713.9999999995,
        "mean_ns": 36424.70270270269,
        "median_ns": 34772.86581101981,
        "min_ns": 21666.0,
        "max_ns": 61899.0,
        "variance_ns2": 80765291.95082587,
        "iqr_ns": 8991.279568603317,
        "q1_ns": 31054.50186264904,
        "q3_ns": 40045.781431252355
      },
      "runq_latency_stats_ns": {
        "count": 37.0,
        "sum_ns": 256295.99999999997,
        "mean_ns": 6926.918918918918,
        "median_ns": 4920.4880858754395,
        "min_ns": 3693.0,
        "max_ns": 58084.0,
        "variance_ns2": 83368853.35435434,
        "iqr_ns": 957.4246552141922,
        "q1_ns": 4434.560239483843,
        "q3_ns": 5391.9848946980355
      },
      "first_seen_ts_ns": 1747546457282173521,
      "last_seen_ts_ns": 1747546493485937766,
      "duration_active_s": 36.203764245
    },
    {
      "tgid": 391,
      "comm": "lmp",
      "cgroup_id": 11706,
      "on_cpu_stats_ns": {
        "count": 38.0,
        "sum_ns": 1318688.0000000005,
        "mean_ns": 34702.315789473694,
        "median_ns": 30805.44486711481,
        "min_ns": 17148.0,
        "max_ns": 60062.0,
        "variance_ns2": 74700255.62731148,
        "iqr_ns": 10295.752004273007,
        "q1_ns": 29297.87129408502,
        "q3_ns": 39593.62329835803
      },
      "runq_latency_stats_ns": {
        "count": 38.0,
        "sum_ns": 196204.00000000003,
        "mean_ns": 5163.263157894738,
        "median_ns": 5074.552041591573,
        "min_ns": 3427.0,
        "max_ns": 8233.0,
        "variance_ns2": 1094536.4694167855,
        "iqr_ns": 1146.427916260308,
        "q1_ns": 4307.725960887628,
        "q3_ns": 5454.153877147936
      },
      "first_seen_ts_ns": 1747546455315196471,
      "last_seen_ts_ns": 1747546492259147143,
      "duration_active_s": 36.943950672
    },
    {
      "tgid": 35,
      "comm": "bash",
      "cgroup_id": 11706,
      "on_cpu_stats_ns": {
        "count": 42.0,
        "sum_ns": 1196089.0,
        "mean_ns": 28478.309523809527,
        "median_ns": 23906.347648699713,
        "min_ns": 9436.0,
        "max_ns": 66270.0,
        "variance_ns2": 224849518.36527288,
        "iqr_ns": 20185.54541946623,
        "q1_ns": 18717.840113849154,
        "q3_ns": 38903.385533315384
      },
      "runq_latency_stats_ns": {
        "count": 42.0,
        "sum_ns": 958084.0,
        "mean_ns": 22811.52380952381,
        "median_ns": 5102.210328465842,
        "min_ns": 1447.0,
        "max_ns": 491558.0,
        "variance_ns2": 6038172223.060394,
        "iqr_ns": 10246.135279716567,
        "q1_ns": 2885.0221458565384,
        "q3_ns": 13131.157425573105
      },
      "first_seen_ts_ns": 1747546403068557589,
      "last_seen_ts_ns": 1747546491745112060,
      "duration_active_s": 88.676554471
    },
    {
      "tgid": 28,
      "comm": "bash",
      "cgroup_id": 11627,
      "on_cpu_stats_ns": {
        "count": 29.0,
        "sum_ns": 804241.6966292134,
        "mean_ns": 27732.472297559085,
        "median_ns": 27721.711216970758,
        "min_ns": 8419.0,
        "max_ns": 58448.0,
        "variance_ns2": 168981347.89126992,
        "iqr_ns": 14386.673296871391,
        "q1_ns": 20126.671715147837,
        "q3_ns": 34513.34501201923
      },
      "runq_latency_stats_ns": {
        "count": 29.0,
        "sum_ns": 221159.5056179775,
        "mean_ns": 7626.189848895776,
        "median_ns": 7861.558576348921,
        "min_ns": 1292.1348314606741,
        "max_ns": 13143.0,
        "variance_ns2": 9692850.212611543,
        "iqr_ns": 3486.2934871222606,
        "q1_ns": 5874.418188637439,
        "q3_ns": 9360.7116757597
      },
      "first_seen_ts_ns": 1747546403723548524,
      "last_seen_ts_ns": 1747546497963193937,
      "duration_active_s": 94.239645413
    },
    {
      "tgid": 358,
      "comm": "lmp",
      "cgroup_id": 11706,
      "on_cpu_stats_ns": {
        "count": 25.0,
        "sum_ns": 641315.3258426966,
        "mean_ns": 25652.613033707865,
        "median_ns": 26800.60946416687,
        "min_ns": 7085.0,
        "max_ns": 49331.0,
        "variance_ns2": 99440896.75635524,
        "iqr_ns": 10880.692539375414,
        "q1_ns": 19292.827834292075,
        "q3_ns": 30173.52037366749
      },
      "runq_latency_stats_ns": {
        "count": 25.0,
        "sum_ns": 173995.65168539327,
        "mean_ns": 6959.826067415731,
        "median_ns": 7499.006828100448,
        "min_ns": 996.8314606741573,
        "max_ns": 10650.0,
        "variance_ns2": 7245865.4345002705,
        "iqr_ns": 5525.47185150674,
        "q1_ns": 3229.5237575678443,
        "q3_ns": 8754.995609074584
      },
      "first_seen_ts_ns": 1747546448204434019,
      "last_seen_ts_ns": 1747546489972532483,
      "duration_active_s": 41.768098464
    },
    {
      "tgid": 81,
      "comm": "ZMQbg/Reaper",
      "cgroup_id": 11706,
      "on_cpu_stats_ns": {
        "count": 27.0,
        "sum_ns": 619919.7078651686,
        "mean_ns": 22959.989180191427,
        "median_ns": 23419.01737848512,
        "min_ns": 8749.67415730337,
        "max_ns": 45947.0,
        "variance_ns2": 86586734.15180175,
        "iqr_ns": 11024.136882908217,
        "q1_ns": 18762.425810773915,
        "q3_ns": 29786.56269368213
      },
      "runq_latency_stats_ns": {
        "count": 27.0,
        "sum_ns": 194796.79775280898,
        "mean_ns": 7214.696213066999,
        "median_ns": 7637.198033605951,
        "min_ns": 1358.1797752808989,
        "max_ns": 10666.0,
        "variance_ns2": 5111458.79606772,
        "iqr_ns": 2499.5940704833374,
        "q1_ns": 6477.1268785022385,
        "q3_ns": 8976.720948985576
      },
      "first_seen_ts_ns": 1747546403723548524,
      "last_seen_ts_ns": 1747546497963193937,
      "duration_active_s": 94.239645413
    },
    {
      "tgid": 250,
      "comm": "lmp",
      "cgroup_id": 11706,
      "on_cpu_stats_ns": {
        "count": 13.0,
        "sum_ns": 563660.8764044944,
        "mean_ns": 43358.528954191876,
        "median_ns": 44492.263127723,
        "min_ns": 14750.876404494382,
        "max_ns": 54562.0,
        "variance_ns2": 137285509.2309359,
        "iqr_ns": 6068.03263596286,
        "q1_ns": 42284.345149617664,
        "q3_ns": 48352.377785580524
      },
      "runq_latency_stats_ns": {
        "count": 13.0,
        "sum_ns": 89106.37078651685,
        "mean_ns": 6854.336214347451,
        "median_ns": 7178.689513108614,
        "min_ns": 1357.370786516854,
        "max_ns": 8641.0,
        "variance_ns2": 3059990.8534162664,
        "iqr_ns": 1089.9032459425725,
        "q1_ns": 6578.930087390761,
        "q3_ns": 7668.833333333334
      },
      "first_seen_ts_ns": 1747546403723548524,
      "last_seen_ts_ns": 1747546445960178616,
      "duration_active_s": 42.236630092
    },
    {
      "tgid": 370,
      "comm": "lmp",
      "cgroup_id": 11706,
      "on_cpu_stats_ns": {
        "count": 24.0,
        "sum_ns": 555917.7303370787,
        "mean_ns": 23163.238764044945,
        "median_ns": 20845.061967012705,
        "min_ns": 8770.0,
        "max_ns": 44858.0,
        "variance_ns2": 76482524.3360275,
        "iqr_ns": 10056.727469905758,
        "q1_ns": 15161.80779368066,
        "q3_ns": 25218.53526358642
      },
      "runq_latency_stats_ns": {
        "count": 24.0,
        "sum_ns": 156019.91011235956,
        "mean_ns": 6500.829588014982,
        "median_ns": 6508.203049890523,
        "min_ns": 1145.5056179775281,
        "max_ns": 10919.0,
        "variance_ns2": 5301389.622024739,
        "iqr_ns": 2297.3885001241106,
        "q1_ns": 5857.703430490101,
        "q3_ns": 8155.091930614211
      },
      "first_seen_ts_ns": 1747546448204434019,
      "last_seen_ts_ns": 1747546489972532483,
      "duration_active_s": 41.768098464
    },
    {
      "tgid": 407,
      "comm": "lmp",
      "cgroup_id": 11706,
      "on_cpu_stats_ns": {
        "count": 18.0,
        "sum_ns": 543785.8651685393,
        "mean_ns": 30210.325842696628,
        "median_ns": 25025.799999999996,
        "min_ns": 8449.0,
        "max_ns": 83303.0,
        "variance_ns2": 289780439.1219617,
        "iqr_ns": 17982.974581363927,
        "q1_ns": 21621.192085302744,
        "q3_ns": 39604.16666666667
      },
      "runq_latency_stats_ns": {
        "count": 18.0,
        "sum_ns": 229031.34831460676,
        "mean_ns": 12723.963795255931,
        "median_ns": 7096.1512053338465,
        "min_ns": 1124.3483146067415,
        "max_ns": 117447.0,
        "variance_ns2": 690223427.1881678,
        "iqr_ns": 3184.8570237654694,
        "q1_ns": 5563.390029438511,
        "q3_ns": 8748.24705320398
      },
      "first_seen_ts_ns": 1747546447439556044,
      "last_seen_ts_ns": 1747546489972532483,
      "duration_active_s": 42.532976439
    },
    {
      "tgid": 256,
      "comm": "lmp",
      "cgroup_id": 11706,
      "on_cpu_stats_ns": {
        "count": 13.0,
        "sum_ns": 539327.606741573,
        "mean_ns": 41486.738980121,
        "median_ns": 45896.07,
        "min_ns": 8525.0,
        "max_ns": 55817.0,
        "variance_ns2": 188067004.59919104,
        "iqr_ns": 7542.6041666666715,
        "q1_ns": 40551.541666666664,
        "q3_ns": 48094.145833333336
      },
      "runq_latency_stats_ns": {
        "count": 13.0,
        "sum_ns": 87853.67415730338,
        "mean_ns": 6757.9749351771825,
        "median_ns": 7613.00074906367,
        "min_ns": 1200.6741573033707,
        "max_ns": 9592.0,
        "variance_ns2": 4973803.459478051,
        "iqr_ns": 500.7372795909869,
        "q1_ns": 7457.03851851852,
        "q3_ns": 7957.7757981095065
      },
      "first_seen_ts_ns": 1747546403723548524,
      "last_seen_ts_ns": 1747546445960178616,
      "duration_active_s": 42.236630092
    },
    {
      "tgid": 184,
      "comm": "lmp",
      "cgroup_id": 11706,
      "on_cpu_stats_ns": {
        "count": 22.0,
        "sum_ns": 509636.43820224714,
        "mean_ns": 23165.29264555669,
        "median_ns": 23531.873294787663,
        "min_ns": 8610.0,
        "max_ns": 41224.0,
        "variance_ns2": 58673290.28095872,
        "iqr_ns": 5724.137359761582,
        "q1_ns": 18391.75851867763,
        "q3_ns": 24115.895878439213
      },
      "runq_latency_stats_ns": {
        "count": 22.0,
        "sum_ns": 138872.04494382022,
        "mean_ns": 6312.365679264556,
        "median_ns": 6768.6898290567015,
        "min_ns": 1208.191011235955,
        "max_ns": 8780.0,
        "variance_ns2": 4261718.926334785,
        "iqr_ns": 1346.3810350269996,
        "q1_ns": 6132.880616735898,
        "q3_ns": 7479.261651762898
      },
      "first_seen_ts_ns": 1747546403723548524,
      "last_seen_ts_ns": 1747546445960178616,
      "duration_active_s": 42.236630092
    },
    {
      "tgid": 431,
      "comm": "lmp",
      "cgroup_id": 11706,
      "on_cpu_stats_ns": {
        "count": 14.0,
        "sum_ns": 490608.9213483146,
        "mean_ns": 35043.49438202247,
        "median_ns": 37394.09612983771,
        "min_ns": 5685.0,
        "max_ns": 67057.0,
        "variance_ns2": 387251101.1780564,
        "iqr_ns": 27909.476108683586,
        "q1_ns": 20829.307116104872,
        "q3_ns": 48738.78322478846
      },
      "runq_latency_stats_ns": {
        "count": 14.0,
        "sum_ns": 85952.25842696629,
        "mean_ns": 6139.447030497592,
        "median_ns": 6364.756141133107,
        "min_ns": 1205.258426966292,
        "max_ns": 9362.0,
        "variance_ns2": 5174628.239367185,
        "iqr_ns": 3307.815129827656,
        "q1_ns": 3767.6839285714286,
        "q3_ns": 7075.499058399085
      },
      "first_seen_ts_ns": 1747546447439556044,
      "last_seen_ts_ns": 1747546489972532483,
      "duration_active_s": 42.532976439
    },
    {
      "tgid": 437,
      "comm": "lmp",
      "cgroup_id": 11706,
      "on_cpu_stats_ns": {
        "count": 16.0,
        "sum_ns": 480581.4719101123,
        "mean_ns": 30036.34199438202,
        "median_ns": 21514.68405602691,
        "min_ns": 9939.47191011236,
        "max_ns": 131262.0,
        "variance_ns2": 796827685.0264187,
        "iqr_ns": 16582.409758882754,
        "q1_ns": 14131.932098765432,
        "q3_ns": 30714.341857648185
      },
      "runq_latency_stats_ns": {
        "count": 16.0,
        "sum_ns": 3328984.3258426967,
        "mean_ns": 208061.52036516854,
        "median_ns": 6495.781315543071,
        "min_ns": 1100.3258426966293,
        "max_ns": 2979225.0,
        "variance_ns2": 548565961979.48755,
        "iqr_ns": 21138.791495749356,
        "q1_ns": 5608.578042328043,
        "q3_ns": 26747.3695380774
      },
      "first_seen_ts_ns": 1747546447439556044,
      "last_seen_ts_ns": 1747546489972532483,
      "duration_active_s": 42.532976439
    },
    {
      "tgid": 377,
      "comm": "lmp",
      "cgroup_id": 11706,
      "on_cpu_stats_ns": {
        "count": 17.0,
        "sum_ns": 449522.3988764045,
        "mean_ns": 26442.494051553207,
        "median_ns": 27266.384626690182,
        "min_ns": 6296.0,
        "max_ns": 60189.0,
        "variance_ns2": 163546562.42967454,
        "iqr_ns": 9188.794230316362,
        "q1_ns": 19757.53971698633,
        "q3_ns": 28946.333947302694
      },
      "runq_latency_stats_ns": {
        "count": 17.0,
        "sum_ns": 153196.55056179778,
        "mean_ns": 9011.56179775281,
        "median_ns": 6900.172781106949,
        "min_ns": 1065.5505617977528,
        "max_ns": 44590.0,
        "variance_ns2": 119550226.15059654,
        "iqr_ns": 6864.211162154681,
        "q1_ns": 3316.0,
        "q3_ns": 10180.211162154681
      },
      "first_seen_ts_ns": 1747546447439556044,
      "last_seen_ts_ns": 1747546490294488314,
      "duration_active_s": 42.85493227
    },
    {
      "tgid": 413,
      "comm": "lmp",
      "cgroup_id": 11706,
      "on_cpu_stats_ns": {
        "count": 17.0,
        "sum_ns": 446476.2134831461,
        "mean_ns": 26263.306675479183,
        "median_ns": 22871.3,
        "min_ns": 9640.0,
        "max_ns": 64901.0,
        "variance_ns2": 175139203.13536426,
        "iqr_ns": 6697.792893474376,
        "q1_ns": 21230.407680505217,
        "q3_ns": 27928.200573979593
      },
      "runq_latency_stats_ns": {
        "count": 17.0,
        "sum_ns": 140307.96629213484,
        "mean_ns": 8253.409781890285,
        "median_ns": 7202.326009155223,
        "min_ns": 1181.9662921348315,
        "max_ns": 45707.0,
        "variance_ns2": 99451876.05269404,
        "iqr_ns": 4404.221332280112,
        "q1_ns": 3920.157848324515,
        "q3_ns": 8324.379180604627
      },
      "first_seen_ts_ns": 1747546447439556044,
      "last_seen_ts_ns": 1747546489972532483,
      "duration_active_s": 42.532976439
    },
    {
      "tgid": 443,
      "comm": "lmp",
      "cgroup_id": 11706,
      "on_cpu_stats_ns": {
        "count": 14.0,
        "sum_ns": 389621.4719101124,
        "mean_ns": 27830.1051364366,
        "median_ns": 25812.924550179618,
        "min_ns": 6343.0,
        "max_ns": 72614.0,
        "variance_ns2": 267732407.3595915,
        "iqr_ns": 10163.559564433344,
        "q1_ns": 22250.844444444443,
        "q3_ns": 32414.404008877787
      },
      "runq_latency_stats_ns": {
        "count": 14.0,
        "sum_ns": 86857.96629213484,
        "mean_ns": 6204.140449438202,
        "median_ns": 6716.24274049799,
        "min_ns": 1157.9662921348315,
        "max_ns": 9770.0,
        "variance_ns2": 8532218.608057452,
        "iqr_ns": 4801.876761951,
        "q1_ns": 2333.3907936507935,
        "q3_ns": 7135.267555601794
      },
      "first_seen_ts_ns": 1747546447553623465,
      "last_seen_ts_ns": 1747546489972532483,
      "duration_active_s": 42.418909018
    },
    {
      "tgid": 521,
      "comm": "lmp",
      "cgroup_id": 11706,
      "on_cpu_stats_ns": {
        "count": 15.0,
        "sum_ns": 384750.64044943824,
        "mean_ns": 25650.042696629218,
        "median_ns": 26265.24773970584,
        "min_ns": 9461.640449438202,
        "max_ns": 50975.0,
        "variance_ns2": 102909160.13649431,
        "iqr_ns": 5142.699685974021,
        "q1_ns": 20971.657407407405,
        "q3_ns": 26114.357093381426
      },
      "runq_latency_stats_ns": {
        "count": 15.0,
        "sum_ns": 154049.33707865168,
        "mean_ns": 10269.955805243446,
        "median_ns": 8582.931775180577,
        "min_ns": 1049.3370786516855,
        "max_ns": 54547.0,
        "variance_ns2": 155383246.762845,
        "iqr_ns": 5549.910208572782,
        "q1_ns": 5644.552380952381,
        "q3_ns": 11194.462589525163
      },
      "first_seen_ts_ns": 1747546447439556044,
      "last_seen_ts_ns": 1747546489972532483,
      "duration_active_s": 42.532976439
    },
    {
      "tgid": 389,
      "comm": "lmp",
      "cgroup_id": 11706,
      "on_cpu_stats_ns": {
        "count": 16.0,
        "sum_ns": 382289.22471910116,
        "mean_ns": 23893.076544943822,
        "median_ns": 22288.922496789724,
        "min_ns": 7868.224719101124,
        "max_ns": 54626.0,
        "variance_ns2": 117281199.91397077,
        "iqr_ns": 13237.38088562161,
        "q1_ns": 15403.372,
        "q3_ns": 28640.75288562161
      },
      "runq_latency_stats_ns": {
        "count": 16.0,
        "sum_ns": 220672.2359550562,
        "mean_ns": 13792.014747191013,
        "median_ns": 6237.907816879092,
        "min_ns": 1069.2359550561798,
        "max_ns": 89594.0,
        "variance_ns2": 547501715.0626557,
        "iqr_ns": 17539.078617522573,
        "q1_ns": 2470.172012476963,
        "q3_ns": 20009.250629999537
      },
      "first_seen_ts_ns": 1747546447439556044,
      "last_seen_ts_ns": 1747546489972532483,
      "duration_active_s": 42.532976439
    },
    {
      "tgid": 467,
      "comm": "lmp",
      "cgroup_id": 11706,
      "on_cpu_stats_ns": {
        "count": 14.0,
        "sum_ns": 373061.7078651685,
        "mean_ns": 26647.264847512037,
        "median_ns": 23356.453212948098,
        "min_ns": 7185.0,
        "max_ns": 51300.0,
        "variance_ns2": 142907921.0546204,
        "iqr_ns": 3568.2899073468616,
        "q1_ns": 22087.68035304194,
        "q3_ns": 25655.9702603888
      },
      "runq_latency_stats_ns": {
        "count": 14.0,
        "sum_ns": 172660.34831460673,
        "mean_ns": 12332.88202247191,
        "median_ns": 6811.915168539325,
        "min_ns": 1280.3483146067415,
        "max_ns": 89815.0,
        "variance_ns2": 501783431.08336645,
        "iqr_ns": 5723.247008629258,
        "q1_ns": 5879.0,
        "q3_ns": 11602.247008629258
      },
      "first_seen_ts_ns": 1747546447553623465,
      "last_seen_ts_ns": 1747546489972532483,
      "duration_active_s": 42.418909018
    },
    {
      "tgid": 455,
      "comm": "lmp",
      "cgroup_id": 11706,
      "on_cpu_stats_ns": {
        "count": 14.0,
        "sum_ns": 367712.22471910116,
        "mean_ns": 26265.158908507226,
        "median_ns": 21839.353863792712,
        "min_ns": 10264.0,
        "max_ns": 42068.0,
        "variance_ns2": 84975695.51169449,
        "iqr_ns": 2029.1402261241528,
        "q1_ns": 30239.73939817292,
        "q3_ns": 32268.87962429707
      },
      "runq_latency_stats_ns": {
        "count": 14.0,
        "sum_ns": 120489.10112359552,
        "mean_ns": 8606.364365971109,
        "median_ns": 7073.017585161406,
        "min_ns": 1186.1011235955057,
        "max_ns": 34007.0,
        "variance_ns2": 58105823.88287638,
        "iqr_ns": 5338.593469101124,
        "q1_ns": 5119.0,
        "q3_ns": 10457.593469101124
      },
      "first_seen_ts_ns": 1747546447439556044,
      "last_seen_ts_ns": 1747546489972532483,
      "duration_active_s": 42.532976439
    },
    {
      "tgid": 515,
      "comm": "lmp",
      "cgroup_id": 11706,
      "on_cpu_stats_ns": {
        "count": 15.0,
        "sum_ns": 366756.7752808989,
        "mean_ns": 24450.451685393262,
        "median_ns": 24455.3256618003,
        "min_ns": 6218.0,
        "max_ns": 46773.0,
        "variance_ns2": 94757674.7826068,
        "iqr_ns": 6839.210708836177,
        "q1_ns": 21146.864197530864,
        "q3_ns": 27986.07490636704
      },
      "runq_latency_stats_ns": {
        "count": 15.0,
        "sum_ns": 205306.51685393255,
        "mean_ns": 13687.101123595503,
        "median_ns": 6911.3853810288165,
        "min_ns": 1082.5168539325844,
        "max_ns": 76689.0,
        "variance_ns2": 383461447.37329346,
        "iqr_ns": 10409.129050822714,
        "q1_ns": 7026.938492063492,
        "q3_ns": 17436.067542886205
      },
      "first_seen_ts_ns": 1747546447439556044,
      "last_seen_ts_ns": 1747546489972532483,
      "duration_active_s": 42.532976439
    },
    {
      "tgid": 328,
      "comm": "lmp",
      "cgroup_id": 11706,
      "on_cpu_stats_ns": {
        "count": 14.0,
        "sum_ns": 362501.82209737826,
        "mean_ns": 25892.987292669877,
        "median_ns": 25442.346938775514,
        "min_ns": 12745.0,
        "max_ns": 38912.0,
        "variance_ns2": 44517543.69658507,
        "iqr_ns": 7353.8985840182395,
        "q1_ns": 22717.680960648147,
        "q3_ns": 30071.579544666387
      },
      "runq_latency_stats_ns": {
        "count": 14.0,
        "sum_ns": 78746.47191011236,
        "mean_ns": 5624.7479935794545,
        "median_ns": 6830.703703703704,
        "min_ns": 925.0,
        "max_ns": 8333.0,
        "variance_ns2": 7004466.346318247,
        "iqr_ns": 1140.5213982521846,
        "q1_ns": 6417.0,
        "q3_ns": 7557.521398252185
      },
      "first_seen_ts_ns": 1747546403723548524,
      "last_seen_ts_ns": 1747546446994462052,
      "duration_active_s": 43.270913528
    },
    {
      "tgid": 461,
      "comm": "lmp",
      "cgroup_id": 11706,
      "on_cpu_stats_ns": {
        "count": 14.0,
        "sum_ns": 352895.8539325843,
        "mean_ns": 25206.84670947031,
        "median_ns": 24307.24903745318,
        "min_ns": 11348.85393258427,
        "max_ns": 40776.0,
        "variance_ns2": 72542189.39206603,
        "iqr_ns": 6935.508031565205,
        "q1_ns": 26056.75564925044,
        "q3_ns": 32992.263680815646
      },
      "runq_latency_stats_ns": {
        "count": 14.0,
        "sum_ns": 284363.96629213484,
        "mean_ns": 20311.71187800963,
        "median_ns": 7795.90746388443,
        "min_ns": 1173.9662921348315,
        "max_ns": 120710.0,
        "variance_ns2": 1240378340.8493218,
        "iqr_ns": 21420.80270668609,
        "q1_ns": 7505.212191358025,
        "q3_ns": 28926.01489804411
      },
      "first_seen_ts_ns": 1747546447439556044,
      "last_seen_ts_ns": 1747546489972532483,
      "duration_active_s": 42.532976439
    },
    {
      "tgid": 419,
      "comm": "lmp",
      "cgroup_id": 11706,
      "on_cpu_stats_ns": {
        "count": 16.0,
        "sum_ns": 352465.0449438202,
        "mean_ns": 22029.065308988764,
        "median_ns": 21905.604166666668,
        "min_ns": 9787.0,
        "max_ns": 41638.0,
        "variance_ns2": 54119884.76037905,
        "iqr_ns": 7575.09162533069,
        "q1_ns": 16450.568055555555,
        "q3_ns": 24025.659680886245
      },
      "runq_latency_stats_ns": {
        "count": 16.0,
        "sum_ns": 259674.92134831467,
        "mean_ns": 16229.682584269667,
        "median_ns": 8036.726956482968,
        "min_ns": 1091.9213483146068,
        "max_ns": 116119.0,
        "variance_ns2": 888488873.1101712,
        "iqr_ns": 14377.389877979906,
        "q1_ns": 5164.399801587301,
        "q3_ns": 19541.789679567206
      },
      "first_seen_ts_ns": 1747546447439556044,
      "last_seen_ts_ns": 1747546490294488314,
      "duration_active_s": 42.85493227
    },
    {
      "tgid": 509,
      "comm": "lmp",
      "cgroup_id": 11706,
      "on_cpu_stats_ns": {
        "count": 14.0,
        "sum_ns": 350692.7303370786,
        "mean_ns": 25049.48073836276,
        "median_ns": 24928.380138108616,
        "min_ns": 9844.0,
        "max_ns": 49613.0,
        "variance_ns2": 112586627.79560034,
        "iqr_ns": 11636.796660424468,
        "q1_ns": 17942.648876404495,
        "q3_ns": 29579.445536828964
      },
      "runq_latency_stats_ns": {
        "count": 14.0,
        "sum_ns": 2090346.2921348317,
        "mean_ns": 149310.44943820225,
        "median_ns": 6999.0,
        "min_ns": 1041.2921348314608,
        "max_ns": 2004074.0,
        "variance_ns2": 284987500102.01385,
        "iqr_ns": 88830.17180607576,
        "q1_ns": 5773.777777777777,
        "q3_ns": 94603.94958385354
      },
      "first_seen_ts_ns": 1747546447439556044,
      "last_seen_ts_ns": 1747546489972532483,
      "duration_active_s": 42.532976439
    },
    {
      "tgid": 479,
      "comm": "lmp",
      "cgroup_id": 11706,
      "on_cpu_stats_ns": {
        "count": 15.0,
        "sum_ns": 350312.91011235956,
        "mean_ns": 23354.194007490638,
        "median_ns": 21600.836211847436,
        "min_ns": 9813.0,
        "max_ns": 40400.0,
        "variance_ns2": 57558551.450618915,
        "iqr_ns": 3189.809351240845,
        "q1_ns": 22159.037037037036,
        "q3_ns": 25348.84638827788
      },
      "runq_latency_stats_ns": {
        "count": 15.0,
        "sum_ns": 1205292.6966292134,
        "mean_ns": 80352.84644194756,
        "median_ns": 9825.143627608348,
        "min_ns": 1167.6966292134832,
        "max_ns": 998922.0,
        "variance_ns2": 65010695813.040695,
        "iqr_ns": 13305.830752647154,
        "q1_ns": 6213.0462962962965,
        "q3_ns": 19518.87704894345
      },
      "first_seen_ts_ns": 1747546447439556044,
      "last_seen_ts_ns": 1747546490294488314,
      "duration_active_s": 42.85493227
    },
    {
      "tgid": 503,
      "comm": "lmp",
      "cgroup_id": 11706,
      "on_cpu_stats_ns": {
        "count": 15.0,
        "sum_ns": 346374.797752809,
        "mean_ns": 23091.6531835206,
        "median_ns": 24403.095518994112,
        "min_ns": 11229.0,
        "max_ns": 36547.0,
        "variance_ns2": 51902836.13969857,
        "iqr_ns": 10752.093563465594,
        "q1_ns": 16177.156592589341,
        "q3_ns": 26929.250156054935
      },
      "runq_latency_stats_ns": {
        "count": 15.0,
        "sum_ns": 146933.29213483143,
        "mean_ns": 9795.552808988761,
        "median_ns": 7723.12497659176,
        "min_ns": 1209.2921348314608,
        "max_ns": 57106.0,
        "variance_ns2": 175173475.06871787,
        "iqr_ns": 5734.438501187341,
        "q1_ns": 5795.333333333333,
        "q3_ns": 11529.771834520674
      },
      "first_seen_ts_ns": 1747546447439556044,
      "last_seen_ts_ns": 1747546489972532483,
      "duration_active_s": 42.532976439
    },
    {
      "tgid": 286,
      "comm": "lmp",
      "cgroup_id": 11706,
      "on_cpu_stats_ns": {
        "count": 12.0,
        "sum_ns": 344894.66292134824,
        "mean_ns": 28741.221910112356,
        "median_ns": 30135.916666666664,
        "min_ns": 10634.0,
        "max_ns": 35851.0,
        "variance_ns2": 52262201.73699658,
        "iqr_ns": 5414.147947010682,
        "q1_ns": 27674.85143570537,
        "q3_ns": 33088.99938271605
      },
      "runq_latency_stats_ns": {
        "count": 12.0,
        "sum_ns": 100935.61797752809,
        "mean_ns": 8411.30149812734,
        "median_ns": 9057.672440699125,
        "min_ns": 1125.6179775280898,
        "max_ns": 19361.0,
        "variance_ns2": 20827939.738413047,
        "iqr_ns": 3847.1555217436526,
        "q1_ns": 7555.0,
        "q3_ns": 11402.155521743653
      },
      "first_seen_ts_ns": 1747546403723548524,
      "last_seen_ts_ns": 1747546445960178616,
      "duration_active_s": 42.236630092
    },
    {
      "tgid": 425,
      "comm": "lmp",
      "cgroup_id": 11706,
      "on_cpu_stats_ns": {
        "count": 14.0,
        "sum_ns": 343807.21348314604,
        "mean_ns": 24557.658105939,
        "median_ns": 22987.17659940381,
        "min_ns": 8421.0,
        "max_ns": 49897.0,
        "variance_ns2": 82549681.72636932,
        "iqr_ns": 5502.167004971456,
        "q1_ns": 22241.285948368117,
        "q3_ns": 27743.452953339573
      },
      "runq_latency_stats_ns": {
        "count": 14.0,
        "sum_ns": 129425.47191011238,
        "mean_ns": 9244.676565008027,
        "median_ns": 7208.846373580643,
        "min_ns": 1138.4719101123596,
        "max_ns": 41446.0,
        "variance_ns2": 91478218.63135345,
        "iqr_ns": 7834.528265015952,
        "q1_ns": 4180.214814814815,
        "q3_ns": 12014.743079830767
      },
      "first_seen_ts_ns": 1747546447439556044,
      "last_seen_ts_ns": 1747546489972532483,
      "duration_active_s": 42.532976439
    },
    {
      "tgid": 280,
      "comm": "lmp",
      "cgroup_id": 11706,
      "on_cpu_stats_ns": {
        "count": 12.0,
        "sum_ns": 334868.34831460676,
        "mean_ns": 27905.695692883895,
        "median_ns": 30957.930555555555,
        "min_ns": 12706.0,
        "max_ns": 38875.0,
        "variance_ns2": 50073316.208271645,
        "iqr_ns": 7045.2839617145255,
        "q1_ns": 25067.013333333332,
        "q3_ns": 32112.297295047858
      },
      "runq_latency_stats_ns": {
        "count": 12.0,
        "sum_ns": 107451.94382022473,
        "mean_ns": 8954.328651685393,
        "median_ns": 8044.255617977528,
        "min_ns": 1888.943820224719,
        "max_ns": 21871.0,
        "variance_ns2": 24376163.138839796,
        "iqr_ns": 4311.8332943196,
        "q1_ns": 7045.0,
        "q3_ns": 11356.8332943196
      },
      "first_seen_ts_ns": 1747546403723548524,
      "last_seen_ts_ns": 1747546445960178616,
      "duration_active_s": 42.236630092
    },
    {
      "tgid": 401,
      "comm": "lmp",
      "cgroup_id": 11706,
      "on_cpu_stats_ns": {
        "count": 14.0,
        "sum_ns": 333889.6067415731,
        "mean_ns": 23849.257624398077,
        "median_ns": 22994.337815569823,
        "min_ns": 10947.606741573034,
        "max_ns": 39053.0,
        "variance_ns2": 52445894.62149231,
        "iqr_ns": 9847.45118453124,
        "q1_ns": 19974.0,
        "q3_ns": 29821.45118453124
      },
      "runq_latency_stats_ns": {
        "count": 14.0,
        "sum_ns": 170663.33707865168,
        "mean_ns": 12190.238362760834,
        "median_ns": 8221.704213483146,
        "min_ns": 1217.3370786516855,
        "max_ns": 50971.0,
        "variance_ns2": 157052659.59923828,
        "iqr_ns": 4187.398796147672,
        "q1_ns": 8996.571428571428,
        "q3_ns": 13183.9702247191
      },
      "first_seen_ts_ns": 1747546447439556044,
      "last_seen_ts_ns": 1747546489972532483,
      "duration_active_s": 42.532976439
    },
    {
      "tgid": 322,
      "comm": "lmp",
      "cgroup_id": 11706,
      "on_cpu_stats_ns": {
        "count": 13.0,
        "sum_ns": 333519.97471910116,
        "mean_ns": 25655.382670700088,
        "median_ns": 24794.914058319955,
        "min_ns": 11321.0,
        "max_ns": 41543.0,
        "variance_ns2": 57055361.22437214,
        "iqr_ns": 8278.742869638263,
        "q1_ns": 20612.224719101123,
        "q3_ns": 28890.967588739386
      },
      "runq_latency_stats_ns": {
        "count": 13.0,
        "sum_ns": 76232.05056179775,
        "mean_ns": 5864.003889369058,
        "median_ns": 6228.135481158755,
        "min_ns": 1098.5505617977528,
        "max_ns": 8511.0,
        "variance_ns2": 6105395.549822122,
        "iqr_ns": 2910.230712195693,
        "q1_ns": 4757.814114583333,
        "q3_ns": 7668.044826779026
      },
      "first_seen_ts_ns": 1747546403723548524,
      "last_seen_ts_ns": 1747546446892462399,
      "duration_active_s": 43.168913875
    },
    {
      "tgid": 383,
      "comm": "lmp",
      "cgroup_id": 11706,
      "on_cpu_stats_ns": {
        "count": 14.0,
        "sum_ns": 331028.1685393258,
        "mean_ns": 23644.869181380418,
        "median_ns": 26179.401505930087,
        "min_ns": 7526.0,
        "max_ns": 40241.0,
        "variance_ns2": 78694765.62420455,
        "iqr_ns": 9170.91387230805,
        "q1_ns": 17372.08612769195,
        "q3_ns": 26543.0
      },
      "runq_latency_stats_ns": {
        "count": 14.0,
        "sum_ns": 146340.03370786516,
        "mean_ns": 10452.859550561798,
        "median_ns": 6908.089308432489,
        "min_ns": 1231.0337078651685,
        "max_ns": 64743.0,
        "variance_ns2": 251134697.0782389,
        "iqr_ns": 10325.398825831136,
        "q1_ns": 3482.8611111111113,
        "q3_ns": 13808.259936942248
      },
      "first_seen_ts_ns": 1747546447439556044,
      "last_seen_ts_ns": 1747546489972532483,
      "duration_active_s": 42.532976439
    },
    {
      "tgid": 497,
      "comm": "lmp",
      "cgroup_id": 11706,
      "on_cpu_stats_ns": {
        "count": 14.0,
        "sum_ns": 328667.011235955,
        "mean_ns": 23476.2150882825,
        "median_ns": 23688.673090957727,
        "min_ns": 6156.0,
        "max_ns": 38830.0,
        "variance_ns2": 60279288.58372305,
        "iqr_ns": 5215.177223782772,
        "q1_ns": 20934.635416666664,
        "q3_ns": 26149.812640449436
      },
      "runq_latency_stats_ns": {
        "count": 14.0,
        "sum_ns": 131345.30337078657,
        "mean_ns": 9381.807383627613,
        "median_ns": 5477.090084248432,
        "min_ns": 1306.3033707865168,
        "max_ns": 55533.0,
        "variance_ns2": 181650204.3482827,
        "iqr_ns": 3727.168416571345,
        "q1_ns": 3447.6518518518524,
        "q3_ns": 7174.820268423197
      },
      "first_seen_ts_ns": 1747546447439556044,
      "last_seen_ts_ns": 1747546489972532483,
      "duration_active_s": 42.532976439
    },
    {
      "tgid": 473,
      "comm": "lmp",
      "cgroup_id": 11706,
      "on_cpu_stats_ns": {
        "count": 13.0,
        "sum_ns": 326500.35955056176,
        "mean_ns": 25115.412273120135,
        "median_ns": 23067.83210272873,
        "min_ns": 7893.0,
        "max_ns": 43917.0,
        "variance_ns2": 92948554.78075968,
        "iqr_ns": 1081.059053167668,
        "q1_ns": 29526.748028258327,
        "q3_ns": 30607.807081425995
      },
      "runq_latency_stats_ns": {
        "count": 13.0,
        "sum_ns": 80842.60674157302,
        "mean_ns": 6218.662057044079,
        "median_ns": 7283.306759407882,
        "min_ns": 1066.6067415730338,
        "max_ns": 8680.0,
        "variance_ns2": 5083301.733734408,
        "iqr_ns": 3708.3513894152643,
        "q1_ns": 3688.40873015873,
        "q3_ns": 7396.760119573994
      },
      "first_seen_ts_ns": 1747546447553623465,
      "last_seen_ts_ns": 1747546489972532483,
      "duration_active_s": 42.418909018
    },
    {
      "tgid": 232,
      "comm": "lmp",
      "cgroup_id": 11706,
      "on_cpu_stats_ns": {
        "count": 14.0,
        "sum_ns": 321437.0224719101,
        "mean_ns": 22959.78731942215,
        "median_ns": 23393.294990636707,
        "min_ns": 11404.0,
        "max_ns": 37759.0,
        "variance_ns2": 51565737.17085964,
        "iqr_ns": 8455.442415730337,
        "q1_ns": 18932.55009363296,
        "q3_ns": 27387.992509363296
      },
      "runq_latency_stats_ns": {
        "count": 14.0,
        "sum_ns": 78802.43820224718,
        "mean_ns": 5628.745585874799,
        "median_ns": 6556.527247191011,
        "min_ns": 1331.438202247191,
        "max_ns": 9243.0,
        "variance_ns2": 7012562.499948669,
        "iqr_ns": 2861.4665533823454,
        "q1_ns": 4383.0,
        "q3_ns": 7244.466553382345
      },
      "first_seen_ts_ns": 1747546403723548524,
      "last_seen_ts_ns": 1747546447662782853,
      "duration_active_s": 43.939234329
    },
    {
      "tgid": 334,
      "comm": "lmp",
      "cgroup_id": 11706,
      "on_cpu_stats_ns": {
        "count": 13.0,
        "sum_ns": 315964.5232744784,
        "mean_ns": 24304.96332880603,
        "median_ns": 23422.425074822764,
        "min_ns": 13592.0,
        "max_ns": 37708.0,
        "variance_ns2": 38688064.98939221,
        "iqr_ns": 8726.529728464418,
        "q1_ns": 20272.375,
        "q3_ns": 28998.90472846442
      },
      "runq_latency_stats_ns": {
        "count": 13.0,
        "sum_ns": 80926.86356340289,
        "mean_ns": 6225.143351030992,
        "median_ns": 6383.938215871035,
        "min_ns": 1012.5714285714286,
        "max_ns": 12277.0,
        "variance_ns2": 8768510.463772947,
        "iqr_ns": 2569.573749479816,
        "q1_ns": 5178.6211111111115,
        "q3_ns": 7748.194860590927
      },
      "first_seen_ts_ns": 1747546403723548524,
      "last_seen_ts_ns": 1747546446994462052,
      "duration_active_s": 43.270913528
    },
    {
      "tgid": 304,
      "comm": "lmp",
      "cgroup_id": 11706,
      "on_cpu_stats_ns": {
        "count": 12.0,
        "sum_ns": 313495.74157303374,
        "mean_ns": 26124.645131086145,
        "median_ns": 27097.0,
        "min_ns": 13560.0,
        "max_ns": 37785.0,
        "variance_ns2": 37978924.09749591,
        "iqr_ns": 5237.679135455681,
        "q1_ns": 24044.217696629214,
        "q3_ns": 29281.896832084894
      },
      "runq_latency_stats_ns": {
        "count": 12.0,
        "sum_ns": 75552.29213483146,
        "mean_ns": 6296.024344569288,
        "median_ns": 6880.9905196629215,
        "min_ns": 1305.2921348314608,
        "max_ns": 8205.0,
        "variance_ns2": 3353554.180758476,
        "iqr_ns": 973.8435809404909,
        "q1_ns": 6308.0,
        "q3_ns": 7281.843580940491
      },
      "first_seen_ts_ns": 1747546403723548524,
      "last_seen_ts_ns": 1747546445960178616,
      "duration_active_s": 42.236630092
    },
    {
      "tgid": 449,
      "comm": "lmp",
      "cgroup_id": 11706,
      "on_cpu_stats_ns": {
        "count": 14.0,
        "sum_ns": 312938.1011235955,
        "mean_ns": 22352.72150882825,
        "median_ns": 23858.8040323745,
        "min_ns": 6941.0,
        "max_ns": 30675.0,
        "variance_ns2": 48684806.96134284,
        "iqr_ns": 6591.77944236371,
        "q1_ns": 20025.0,
        "q3_ns": 26616.77944236371
      },
      "runq_latency_stats_ns": {
        "count": 14.0,
        "sum_ns": 136280.16853932585,
        "mean_ns": 9734.297752808989,
        "median_ns": 6864.108723916533,
        "min_ns": 1210.1685393258426,
        "max_ns": 45509.0,
        "variance_ns2": 114085740.27144495,
        "iqr_ns": 1223.632138646136,
        "q1_ns": 6367.625,
        "q3_ns": 7591.257138646136
      },
      "first_seen_ts_ns": 1747546447439556044,
      "last_seen_ts_ns": 1747546489972532483,
      "duration_active_s": 42.532976439
    },
    {
      "tgid": 292,
      "comm": "lmp",
      "cgroup_id": 11706,
      "on_cpu_stats_ns": {
        "count": 12.0,
        "sum_ns": 309332.4382022472,
        "mean_ns": 25777.7031835206,
        "median_ns": 29769.374885559715,
        "min_ns": 11387.0,
        "max_ns": 38991.0,
        "variance_ns2": 65624015.64351284,
        "iqr_ns": 9247.274601192952,
        "q1_ns": 22573.0,
        "q3_ns": 31820.274601192952
      },
      "runq_latency_stats_ns": {
        "count": 12.0,
        "sum_ns": 85709.74157303371,
        "mean_ns": 7142.478464419475,
        "median_ns": 6978.222222222223,
        "min_ns": 1274.741573033708,
        "max_ns": 12974.0,
        "variance_ns2": 7679981.2456062315,
        "iqr_ns": 2041.5664872034959,
        "q1_ns": 5882.4625,
        "q3_ns": 7924.0289872034955
      },
      "first_seen_ts_ns": 1747546403723548524,
      "last_seen_ts_ns": 1747546445960178616,
      "duration_active_s": 42.236630092
    },
    {
      "tgid": 262,
      "comm": "lmp",
      "cgroup_id": 11706,
      "on_cpu_stats_ns": {
        "count": 13.0,
        "sum_ns": 301374.8539325843,
        "mean_ns": 23182.681071737254,
        "median_ns": 23696.975655430713,
        "min_ns": 8521.0,
        "max_ns": 43975.0,
        "variance_ns2": 66396901.99083742,
        "iqr_ns": 8390.922612359547,
        "q1_ns": 19591.666666666668,
        "q3_ns": 27982.589279026215
      },
      "runq_latency_stats_ns": {
        "count": 13.0,
        "sum_ns": 82037.12359550562,
        "mean_ns": 6310.547968885047,
        "median_ns": 6579.111111111111,
        "min_ns": 1106.123595505618,
        "max_ns": 9126.0,
        "variance_ns2": 4383472.060812058,
        "iqr_ns": 1072.3578700731232,
        "q1_ns": 6222.9375,
        "q3_ns": 7295.295370073123
      },
      "first_seen_ts_ns": 1747546403723548524,
      "last_seen_ts_ns": 1747546445960178616,
      "duration_active_s": 42.236630092
    },
    {
      "tgid": 268,
      "comm": "lmp",
      "cgroup_id": 11706,
      "on_cpu_stats_ns": {
        "count": 13.0,
        "sum_ns": 301183.84269662923,
        "mean_ns": 23167.98789974071,
        "median_ns": 23396.856741573032,
        "min_ns": 10898.0,
        "max_ns": 36644.0,
        "variance_ns2": 42524652.02063001,
        "iqr_ns": 5947.6450530586735,
        "q1_ns": 20197.132724719104,
        "q3_ns": 26144.777777777777
      },
      "runq_latency_stats_ns": {
        "count": 13.0,
        "sum_ns": 85399.68539325842,
        "mean_ns": 6569.206568712186,
        "median_ns": 7131.533139240013,
        "min_ns": 1374.685393258427,
        "max_ns": 9246.0,
        "variance_ns2": 4581616.723257555,
        "iqr_ns": 755.8221553415378,
        "q1_ns": 6454.758333333333,
        "q3_ns": 7210.580488674871
      },
      "first_seen_ts_ns": 1747546403723548524,
      "last_seen_ts_ns": 1747546445960178616,
      "duration_active_s": 42.236630092
    },
    {
      "tgid": 348,
      "comm": "lmp",
      "cgroup_id": 11706,
      "on_cpu_stats_ns": {
        "count": 12.0,
        "sum_ns": 298812.1011235955,
        "mean_ns": 24901.00842696629,
        "median_ns": 25583.0,
        "min_ns": 11844.101123595505,
        "max_ns": 40259.0,
        "variance_ns2": 59267961.20616371,
        "iqr_ns": 5673.166666666668,
        "q1_ns": 23219.333333333332,
        "q3_ns": 28892.5
      },
      "runq_latency_stats_ns": {
        "count": 12.0,
        "sum_ns": 77362.93258426967,
        "mean_ns": 6446.911048689139,
        "median_ns": 6943.873651685393,
        "min_ns": 1160.9325842696628,
        "max_ns": 8666.0,
        "variance_ns2": 4168237.0571543616,
        "iqr_ns": 1024.3939346650022,
        "q1_ns": 6627.0,
        "q3_ns": 7651.393934665002
      },
      "first_seen_ts_ns": 1747546403723548524,
      "last_seen_ts_ns": 1747546445960178616,
      "duration_active_s": 42.236630092
    },
    {
      "tgid": 244,
      "comm": "lmp",
      "cgroup_id": 11706,
      "on_cpu_stats_ns": {
        "count": 13.0,
        "sum_ns": 297694.947565543,
        "mean_ns": 22899.611351195617,
        "median_ns": 24768.389195425363,
        "min_ns": 7860.0,
        "max_ns": 35036.0,
        "variance_ns2": 55360799.78634421,
        "iqr_ns": 7788.417703317282,
        "q1_ns": 21060.0,
        "q3_ns": 28848.417703317282
      },
      "runq_latency_stats_ns": {
        "count": 13.0,
        "sum_ns": 80986.43071161049,
        "mean_ns": 6229.725439354653,
        "median_ns": 6817.042696629213,
        "min_ns": 1305.7640449438202,
        "max_ns": 9251.0,
        "variance_ns2": 6905688.211571642,
        "iqr_ns": 2100.115168539325,
        "q1_ns": 5800.333333333334,
        "q3_ns": 7900.448501872659
      },
      "first_seen_ts_ns": 1747546403723548524,
      "last_seen_ts_ns": 1747546447100696678,
      "duration_active_s": 43.377148154
    },
    {
      "tgid": 220,
      "comm": "lmp",
      "cgroup_id": 11706,
      "on_cpu_stats_ns": {
        "count": 13.0,
        "sum_ns": 297120.1011235955,
        "mean_ns": 22855.39239412273,
        "median_ns": 22143.958764044943,
        "min_ns": 7117.0,
        "max_ns": 41711.0,
        "variance_ns2": 74978906.30314903,
        "iqr_ns": 5614.8202247191,
        "q1_ns": 18170.32958801498,
        "q3_ns": 23785.149812734082
      },
      "runq_latency_stats_ns": {
        "count": 13.0,
        "sum_ns": 75668.51685393258,
        "mean_ns": 5820.655142610199,
        "median_ns": 6461.796676029962,
        "min_ns": 1366.5168539325844,
        "max_ns": 7864.0,
        "variance_ns2": 4837983.379379384,
        "iqr_ns": 2265.099687890137,
        "q1_ns": 5139.666666666667,
        "q3_ns": 7404.766354556804
      },
      "first_seen_ts_ns": 1747546403723548524,
      "last_seen_ts_ns": 1747546446994462052,
      "duration_active_s": 43.270913528
    },
    {
      "tgid": 226,
      "comm": "lmp",
      "cgroup_id": 11706,
      "on_cpu_stats_ns": {
        "count": 12.0,
        "sum_ns": 296885.44943820225,
        "mean_ns": 24740.454119850187,
        "median_ns": 24014.169096441947,
        "min_ns": 9615.0,
        "max_ns": 44922.0,
        "variance_ns2": 76734382.8097338,
        "iqr_ns": 6668.692790262172,
        "q1_ns": 21397.307209737828,
        "q3_ns": 28066.0
      },
      "runq_latency_stats_ns": {
        "count": 12.0,
        "sum_ns": 77898.60674157304,
        "mean_ns": 6491.550561797753,
        "median_ns": 6929.0,
        "min_ns": 1230.6067415730338,
        "max_ns": 9287.0,
        "variance_ns2": 4364327.50871676,
        "iqr_ns": 1549.5625,
        "q1_ns": 5660.6875,
        "q3_ns": 7210.25
      },
      "first_seen_ts_ns": 1747546403723548524,
      "last_seen_ts_ns": 1747546445960178616,
      "duration_active_s": 42.236630092
    },
    {
      "tgid": 298,
      "comm": "lmp",
      "cgroup_id": 11706,
      "on_cpu_stats_ns": {
        "count": 12.0,
        "sum_ns": 291654.0786516854,
        "mean_ns": 24304.506554307114,
        "median_ns": 26920.540886392013,
        "min_ns": 11213.0,
        "max_ns": 36288.0,
        "variance_ns2": 44348688.41726729,
        "iqr_ns": 9364.326465615894,
        "q1_ns": 21540.0,
        "q3_ns": 30904.326465615894
      },
      "runq_latency_stats_ns": {
        "count": 12.0,
        "sum_ns": 83581.96629213484,
        "mean_ns": 6965.163857677903,
        "median_ns": 7177.611111111111,
        "min_ns": 1107.9662921348315,
        "max_ns": 12984.0,
        "variance_ns2": 8193331.139352429,
        "iqr_ns": 855.4076154806489,
        "q1_ns": 6824.0,
        "q3_ns": 7679.407615480649
      },
      "first_seen_ts_ns": 1747546403723548524,
      "last_seen_ts_ns": 1747546445960178616,
      "duration_active_s": 42.236630092
    },
    {
      "tgid": 395,
      "comm": "lmp",
      "cgroup_id": 11706,
      "on_cpu_stats_ns": {
        "count": 14.0,
        "sum_ns": 284448.4157303371,
        "mean_ns": 20317.743980738363,
        "median_ns": 15342.924719101124,
        "min_ns": 6883.0,
        "max_ns": 41848.0,
        "variance_ns2": 113428308.29880024,
        "iqr_ns": 9061.367182391054,
        "q1_ns": 12935.358160929793,
        "q3_ns": 21996.725343320846
      },
      "runq_latency_stats_ns": {
        "count": 14.0,
        "sum_ns": 152145.7528089888,
        "mean_ns": 10867.553772070627,
        "median_ns": 6930.206333919335,
        "min_ns": 1109.752808988764,
        "max_ns": 76302.0,
        "variance_ns2": 359183694.4194775,
        "iqr_ns": 4205.89742137804,
        "q1_ns": 5160.009523809524,
        "q3_ns": 9365.906945187564
      },
      "first_seen_ts_ns": 1747546447439556044,
      "last_seen_ts_ns": 1747546489972532483,
      "duration_active_s": 42.532976439
    },
    {
      "tgid": 238,
      "comm": "lmp",
      "cgroup_id": 11706,
      "on_cpu_stats_ns": {
        "count": 13.0,
        "sum_ns": 282336.31460674154,
        "mean_ns": 21718.178046672427,
        "median_ns": 24265.0,
        "min_ns": 8480.0,
        "max_ns": 35851.0,
        "variance_ns2": 62661956.02634024,
        "iqr_ns": 10275.014466292134,
        "q1_ns": 15117.985533707866,
        "q3_ns": 25393.0
      },
      "runq_latency_stats_ns": {
        "count": 13.0,
        "sum_ns": 82088.83146067415,
        "mean_ns": 6314.525496974935,
        "median_ns": 6843.333467094703,
        "min_ns": 1398.8314606741574,
        "max_ns": 8858.0,
        "variance_ns2": 6627647.348338886,
        "iqr_ns": 2131.43957952829,
        "q1_ns": 5687.0,
        "q3_ns": 7818.43957952829
      },
      "first_seen_ts_ns": 1747546403723548524,
      "last_seen_ts_ns": 1747546447100696678,
      "duration_active_s": 43.377148154
    },
    {
      "tgid": 485,
      "comm": "lmp",
      "cgroup_id": 11706,
      "on_cpu_stats_ns": {
        "count": 13.0,
        "sum_ns": 276646.4719101124,
        "mean_ns": 21280.497839239415,
        "median_ns": 19044.33906835206,
        "min_ns": 7350.0,
        "max_ns": 38423.0,
        "variance_ns2": 76656641.90549143,
        "iqr_ns": 13012.524864752391,
        "q1_ns": 15007.384935497295,
        "q3_ns": 28019.909800249687
      },
      "runq_latency_stats_ns": {
        "count": 13.0,
        "sum_ns": 210785.79775280898,
        "mean_ns": 16214.29213483146,
        "median_ns": 7186.0,
        "min_ns": 1061.7977528089887,
        "max_ns": 101760.0,
        "variance_ns2": 735632693.6525267,
        "iqr_ns": 9087.712983770285,
        "q1_ns": 6055.299625468165,
        "q3_ns": 15143.01260923845
      },
      "first_seen_ts_ns": 1747546447439556044,
      "last_seen_ts_ns": 1747546489972532483,
      "duration_active_s": 42.532976439
    },
    {
      "tgid": 202,
      "comm": "lmp",
      "cgroup_id": 11706,
      "on_cpu_stats_ns": {
        "count": 12.0,
        "sum_ns": 275669.71910112357,
        "mean_ns": 22972.476591760296,
        "median_ns": 24134.987078651684,
        "min_ns": 9464.0,
        "max_ns": 44446.0,
        "variance_ns2": 70435792.39881231,
        "iqr_ns": 10363.414012107263,
        "q1_ns": 19669.254774305555,
        "q3_ns": 30032.668786412818
      },
      "runq_latency_stats_ns": {
        "count": 12.0,
        "sum_ns": 77447.60674157304,
        "mean_ns": 6453.967228464419,
        "median_ns": 7768.3258426966295,
        "min_ns": 1286.6067415730338,
        "max_ns": 8151.0,
        "variance_ns2": 4386134.734031708,
        "iqr_ns": 2078.4515605493134,
        "q1_ns": 5614.333333333334,
        "q3_ns": 7692.784893882647
      },
      "first_seen_ts_ns": 1747546403723548524,
      "last_seen_ts_ns": 1747546445960178616,
      "duration_active_s": 42.236630092
    },
    {
      "tgid": 491,
      "comm": "lmp",
      "cgroup_id": 11706,
      "on_cpu_stats_ns": {
        "count": 12.0,
        "sum_ns": 275523.38202247187,
        "mean_ns": 22960.28183520599,
        "median_ns": 22657.0,
        "min_ns": 10438.0,
        "max_ns": 43684.0,
        "variance_ns2": 67394576.46491969,
        "iqr_ns": 8800.078651685391,
        "q1_ns": 17578.127340823972,
        "q3_ns": 26378.205992509364
      },
      "runq_latency_stats_ns": {
        "count": 12.0,
        "sum_ns": 81460.93258426966,
        "mean_ns": 6788.411048689138,
        "median_ns": 7379.262128589264,
        "min_ns": 1035.9325842696628,
        "max_ns": 9666.0,
        "variance_ns2": 5429682.22977949,
        "iqr_ns": 2454.9124531835205,
        "q1_ns": 5621.0,
        "q3_ns": 8075.9124531835205
      },
      "first_seen_ts_ns": 1747546448204434019,
      "last_seen_ts_ns": 1747546489972532483,
      "duration_active_s": 41.768098464
    },
    {
      "tgid": 208,
      "comm": "lmp",
      "cgroup_id": 11706,
      "on_cpu_stats_ns": {
        "count": 12.0,
        "sum_ns": 272999.5842696629,
        "mean_ns": 22749.96535580524,
        "median_ns": 24350.833333333332,
        "min_ns": 8594.0,
        "max_ns": 44187.0,
        "variance_ns2": 74158638.39029641,
        "iqr_ns": 6926.575218476904,
        "q1_ns": 18990.156367041196,
        "q3_ns": 25916.7315855181
      },
      "runq_latency_stats_ns": {
        "count": 12.0,
        "sum_ns": 78126.01123595505,
        "mean_ns": 6510.500936329588,
        "median_ns": 6915.0,
        "min_ns": 1277.0112359550562,
        "max_ns": 8540.0,
        "variance_ns2": 4324864.126670377,
        "iqr_ns": 1783.6671348314603,
        "q1_ns": 5672.666666666667,
        "q3_ns": 7456.333801498127
      },
      "first_seen_ts_ns": 1747546403723548524,
      "last_seen_ts_ns": 1747546445960178616,
      "duration_active_s": 42.236630092
    },
    {
      "tgid": 214,
      "comm": "lmp",
      "cgroup_id": 11706,
      "on_cpu_stats_ns": {
        "count": 12.0,
        "sum_ns": 267537.2359550562,
        "mean_ns": 22294.76966292135,
        "median_ns": 22900.333333333332,
        "min_ns": 7166.0,
        "max_ns": 39456.0,
        "variance_ns2": 64200251.83175907,
        "iqr_ns": 8644.736563670413,
        "q1_ns": 17835.75,
        "q3_ns": 26480.486563670413
      },
      "runq_latency_stats_ns": {
        "count": 12.0,
        "sum_ns": 72823.14606741573,
        "mean_ns": 6068.595505617977,
        "median_ns": 6370.0,
        "min_ns": 1156.1460674157304,
        "max_ns": 8011.0,
        "variance_ns2": 4036788.345410933,
        "iqr_ns": 1848.3402933832713,
        "q1_ns": 5011.125,
        "q3_ns": 6859.465293383271
      },
      "first_seen_ts_ns": 1747546403723548524,
      "last_seen_ts_ns": 1747546445960178616,
      "duration_active_s": 42.236630092
    },
    {
      "tgid": 196,
      "comm": "lmp",
      "cgroup_id": 11706,
      "on_cpu_stats_ns": {
        "count": 11.0,
        "sum_ns": 263800.5056179776,
        "mean_ns": 23981.86414708887,
        "median_ns": 24000.275,
        "min_ns": 8650.0,
        "max_ns": 39488.0,
        "variance_ns2": 59772416.35133076,
        "iqr_ns": 4370.491364960464,
        "q1_ns": 22478.75,
        "q3_ns": 26849.241364960464
      },
      "runq_latency_stats_ns": {
        "count": 11.0,
        "sum_ns": 70737.25842696629,
        "mean_ns": 6430.659856996936,
        "median_ns": 6985.0,
        "min_ns": 1017.2584269662922,
        "max_ns": 8795.0,
        "variance_ns2": 5291466.254692359,
        "iqr_ns": 2461.7320224719106,
        "q1_ns": 5260.25,
        "q3_ns": 7721.982022471911
      },
      "first_seen_ts_ns": 1747546403723548524,
      "last_seen_ts_ns": 1747546445960178616,
      "duration_active_s": 42.236630092
    },
    {
      "tgid": 346,
      "comm": "lmp",
      "cgroup_id": 11706,
      "on_cpu_stats_ns": {
        "count": 12.0,
        "sum_ns": 260375.4222222222,
        "mean_ns": 21697.95185185185,
        "median_ns": 23473.57037037037,
        "min_ns": 10009.0,
        "max_ns": 30984.0,
        "variance_ns2": 51517845.72882903,
        "iqr_ns": 11849.29074074074,
        "q1_ns": 15249.0,
        "q3_ns": 27098.29074074074
      },
      "runq_latency_stats_ns": {
        "count": 12.0,
        "sum_ns": 79360.06666666668,
        "mean_ns": 6613.338888888889,
        "median_ns": 7147.096875,
        "min_ns": 1164.0666666666666,
        "max_ns": 8894.0,
        "variance_ns2": 3901923.4629966337,
        "iqr_ns": 1454.8666666666659,
        "q1_ns": 6480.3,
        "q3_ns": 7935.166666666666
      },
      "first_seen_ts_ns": 1747546403723548524,
      "last_seen_ts_ns": 1747546445960178616,
      "duration_active_s": 42.236630092
    },
    {
      "tgid": 340,
      "comm": "lmp",
      "cgroup_id": 11706,
      "on_cpu_stats_ns": {
        "count": 12.0,
        "sum_ns": 253645.44444444438,
        "mean_ns": 21137.120370370365,
        "median_ns": 20156.054183813445,
        "min_ns": 9880.0,
        "max_ns": 29901.0,
        "variance_ns2": 44932065.204171345,
        "iqr_ns": 6781.303182441701,
        "q1_ns": 16995.286666666667,
        "q3_ns": 23776.589849108368
      },
      "runq_latency_stats_ns": {
        "count": 12.0,
        "sum_ns": 76323.45555555556,
        "mean_ns": 6360.287962962963,
        "median_ns": 6290.661368312756,
        "min_ns": 1383.0,
        "max_ns": 12731.0,
        "variance_ns2": 9456485.793051813,
        "iqr_ns": 3568.9044581618655,
        "q1_ns": 3999.0,
        "q3_ns": 7567.9044581618655
      },
      "first_seen_ts_ns": 1747546403723548524,
      "last_seen_ts_ns": 1747546445960178616,
      "duration_active_s": 42.236630092
    },
    {
      "tgid": 274,
      "comm": "lmp",
      "cgroup_id": 11706,
      "on_cpu_stats_ns": {
        "count": 12.0,
        "sum_ns": 249390.33707865173,
        "mean_ns": 20782.528089887644,
        "median_ns": 22819.132584269664,
        "min_ns": 8317.0,
        "max_ns": 35922.0,
        "variance_ns2": 44294026.12897821,
        "iqr_ns": 6399.238009779438,
        "q1_ns": 18242.167837078654,
        "q3_ns": 24641.40584685809
      },
      "runq_latency_stats_ns": {
        "count": 12.0,
        "sum_ns": 90066.76404494382,
        "mean_ns": 7505.563670411984,
        "median_ns": 7869.603581460674,
        "min_ns": 1305.7640449438202,
        "max_ns": 9939.0,
        "variance_ns2": 6950143.873979028,
        "iqr_ns": 1748.421894506866,
        "q1_ns": 7462.0,
        "q3_ns": 9210.421894506866
      },
      "first_seen_ts_ns": 1747546403723548524,
      "last_seen_ts_ns": 1747546445960178616,
      "duration_active_s": 42.236630092
    },
    {
      "tgid": 178,
      "comm": "lmp",
      "cgroup_id": 11706,
      "on_cpu_stats_ns": {
        "count": 11.0,
        "sum_ns": 242758.2696629213,
        "mean_ns": 22068.933605720118,
        "median_ns": 21846.23720349563,
        "min_ns": 9328.0,
        "max_ns": 38096.0,
        "variance_ns2": 53817533.304669976,
        "iqr_ns": 5068.506858614233,
        "q1_ns": 19598.65227059925,
        "q3_ns": 24667.159129213484
      },
      "runq_latency_stats_ns": {
        "count": 11.0,
        "sum_ns": 66146.37078651685,
        "mean_ns": 6013.306435137895,
        "median_ns": 6547.0,
        "min_ns": 1139.370786516854,
        "max_ns": 7960.0,
        "variance_ns2": 4191593.767758892,
        "iqr_ns": 1854.0243445692877,
        "q1_ns": 5185.333333333334,
        "q3_ns": 7039.357677902622
      },
      "first_seen_ts_ns": 1747546403723548524,
      "last_seen_ts_ns": 1747546445960178616,
      "duration_active_s": 42.236630092
    },
    {
      "tgid": 310,
      "comm": "lmp",
      "cgroup_id": 11706,
      "on_cpu_stats_ns": {
        "count": 13.0,
        "sum_ns": 237715.46666666665,
        "mean_ns": 18285.805128205127,
        "median_ns": 16447.733333333334,
        "min_ns": 9260.0,
        "max_ns": 33858.0,
        "variance_ns2": 45436491.10478633,
        "iqr_ns": 4025.1303703703707,
        "q1_ns": 15100.748148148148,
        "q3_ns": 19125.87851851852
      },
      "runq_latency_stats_ns": {
        "count": 13.0,
        "sum_ns": 67557.61111111111,
        "mean_ns": 5196.739316239316,
        "median_ns": 6077.6412037037035,
        "min_ns": 1203.0,
        "max_ns": 8528.0,
        "variance_ns2": 6442113.948243115,
        "iqr_ns": 3661.76574074074,
        "q1_ns": 3813.203703703704,
        "q3_ns": 7474.969444444444
      },
      "first_seen_ts_ns": 1747546403723548524,
      "last_seen_ts_ns": 1747546446892462399,
      "duration_active_s": 43.168913875
    },
    {
      "tgid": 316,
      "comm": "lmp",
      "cgroup_id": 11706,
      "on_cpu_stats_ns": {
        "count": 12.0,
        "sum_ns": 213911.28888888884,
        "mean_ns": 17825.940740740738,
        "median_ns": 17346.442222222224,
        "min_ns": 12250.0,
        "max_ns": 27023.0,
        "variance_ns2": 18417328.97951365,
        "iqr_ns": 4097.645627572016,
        "q1_ns": 15477.117335390947,
        "q3_ns": 19574.762962962963
      },
      "runq_latency_stats_ns": {
        "count": 12.0,
        "sum_ns": 67240.25555555557,
        "mean_ns": 5603.354629629631,
        "median_ns": 5886.0,
        "min_ns": 1024.0,
        "max_ns": 8219.0,
        "variance_ns2": 4999631.440459221,
        "iqr_ns": 2605.61340388007,
        "q1_ns": 4074.751851851852,
        "q3_ns": 6680.365255731922
      },
      "first_seen_ts_ns": 1747546403723548524,
      "last_seen_ts_ns": 1747546445960178616,
      "duration_active_s": 42.236630092
    },
    {
      "tgid": 81,
      "comm": "ZMQbg/IO/0",
      "cgroup_id": 11706,
      "on_cpu_stats_ns": {
        "count": 6.0,
        "sum_ns": 165170.5,
        "mean_ns": 27528.416666666668,
        "median_ns": 16585.0,
        "min_ns": 9112.5,
        "max_ns": 54230.0,
        "variance_ns2": 432057879.4416667,
        "iqr_ns": 13149.0,
        "q1_ns": 16585.0,
        "q3_ns": 29734.0
      },
      "runq_latency_stats_ns": {
        "count": 6.0,
        "sum_ns": 116323.5,
        "mean_ns": 19387.25,
        "median_ns": 6697.0,
        "min_ns": 2243.0,
        "max_ns": 65008.0,
        "variance_ns2": 647688579.975,
        "iqr_ns": 1394.333333333333,
        "q1_ns": 5302.666666666667,
        "q3_ns": 6697.0
      },
      "first_seen_ts_ns": 1747546403068557589,
      "last_seen_ts_ns": 1747546493485937766,
      "duration_active_s": 90.417380177
    },
    {
      "tgid": 355,
      "comm": "lmp",
      "cgroup_id": 11706,
      "on_cpu_stats_ns": {
        "count": 3.0,
        "sum_ns": 156160.0,
        "mean_ns": 52053.33333333333,
        "median_ns": 36556.0,
        "min_ns": 26565.0,
        "max_ns": 93039.0,
        "variance_ns2": 1284823674.3333335,
        "iqr_ns": 66474.0,
        "q1_ns": 26565.0,
        "q3_ns": 93039.0
      },
      "runq_latency_stats_ns": {
        "count": 3.0,
        "sum_ns": 71642.0,
        "mean_ns": 23880.666666666668,
        "median_ns": 2057.0,
        "min_ns": 1595.0,
        "max_ns": 67990.0,
        "variance_ns2": 1459278326.3333335,
        "iqr_ns": 66395.0,
        "q1_ns": 1595.0,
        "q3_ns": 67990.0
      },
      "first_seen_ts_ns": 1747546447439556044,
      "last_seen_ts_ns": 1747546448538682112,
      "duration_active_s": 1.099126068
    },
    {
      "tgid": 300,
      "comm": "lmp",
      "cgroup_id": 11706,
      "on_cpu_stats_ns": {
        "count": 2.0,
        "sum_ns": 104375.0,
        "mean_ns": 52187.5,
        "median_ns": 72838.0,
        "min_ns": 31537.0,
        "max_ns": 72838.0,
        "variance_ns2": 852886300.5,
        "iqr_ns": 41301.0,
        "q1_ns": 31537.0,
        "q3_ns": 72838.0
      },
      "runq_latency_stats_ns": {
        "count": 2.0,
        "sum_ns": 77970.0,
        "mean_ns": 38985.0,
        "median_ns": 74500.0,
        "min_ns": 3470.0,
        "max_ns": 74500.0,
        "variance_ns2": 2522630450.0,
        "iqr_ns": 71030.0,
        "q1_ns": 3470.0,
        "q3_ns": 74500.0
      },
      "first_seen_ts_ns": 1747546403068557589,
      "last_seen_ts_ns": 1747546430171793872,
      "duration_active_s": 27.103236283
    },
    {
      "tgid": 318,
      "comm": "lmp",
      "cgroup_id": 11706,
      "on_cpu_stats_ns": {
        "count": 3.0,
        "sum_ns": 99461.0,
        "mean_ns": 33153.666666666664,
        "median_ns": 20151.0,
        "min_ns": 19270.0,
        "max_ns": 60040.0,
        "variance_ns2": 542350230.3333334,
        "iqr_ns": 40770.0,
        "q1_ns": 19270.0,
        "q3_ns": 60040.0
      },
      "runq_latency_stats_ns": {
        "count": 3.0,
        "sum_ns": 15992.0,
        "mean_ns": 5330.666666666667,
        "median_ns": 3432.0,
        "min_ns": 2284.0,
        "max_ns": 10276.0,
        "variance_ns2": 18671717.333333336,
        "iqr_ns": 7992.0,
        "q1_ns": 2284.0,
        "q3_ns": 10276.0
      },
      "first_seen_ts_ns": 1747546403068557589,
      "last_seen_ts_ns": 1747546427256800483,
      "duration_active_s": 24.188242894
    },
    {
      "tgid": 288,
      "comm": "lmp",
      "cgroup_id": 11706,
      "on_cpu_stats_ns": {
        "count": 3.0,
        "sum_ns": 93112.0,
        "mean_ns": 31037.333333333332,
        "median_ns": 28838.0,
        "min_ns": 19356.0,
        "max_ns": 44918.0,
        "variance_ns2": 166981761.33333334,
        "iqr_ns": 25562.0,
        "q1_ns": 19356.0,
        "q3_ns": 44918.0
      },
      "runq_latency_stats_ns": {
        "count": 3.0,
        "sum_ns": 54563.0,
        "mean_ns": 18187.666666666668,
        "median_ns": 4233.0,
        "min_ns": 4156.0,
        "max_ns": 46174.0,
        "variance_ns2": 587427622.3333334,
        "iqr_ns": 42018.0,
        "q1_ns": 4156.0,
        "q3_ns": 46174.0
      },
      "first_seen_ts_ns": 1747546403068557589,
      "last_seen_ts_ns": 1747546408781096782,
      "duration_active_s": 5.712539193
    },
    {
      "tgid": 306,
      "comm": "lmp",
      "cgroup_id": 11706,
      "on_cpu_stats_ns": {
        "count": 3.0,
        "sum_ns": 70995.5,
        "mean_ns": 23665.166666666668,
        "median_ns": 22644.0,
        "min_ns": 20190.0,
        "max_ns": 28161.5,
        "variance_ns2": 16668289.083333336,
        "iqr_ns": 7971.5,
        "q1_ns": 20190.0,
        "q3_ns": 28161.5
      },
      "runq_latency_stats_ns": {
        "count": 3.0,
        "sum_ns": 6273.0,
        "mean_ns": 2091.0,
        "median_ns": 2048.0,
        "min_ns": 1612.0,
        "max_ns": 2613.0,
        "variance_ns2": 251887.0,
        "iqr_ns": 1001.0,
        "q1_ns": 1612.0,
        "q3_ns": 2613.0
      },
      "first_seen_ts_ns": 1747546403068557589,
      "last_seen_ts_ns": 1747546427470769911,
      "duration_active_s": 24.402212322
    },
    {
      "tgid": 493,
      "comm": "lmp",
      "cgroup_id": 11706,
      "on_cpu_stats_ns": {
        "count": 1.0,
        "sum_ns": 65318.0,
        "mean_ns": 65318.0,
        "median_ns": 65318.0,
        "min_ns": 65318.0,
        "max_ns": 65318.0,
        "variance_ns2": null,
        "iqr_ns": 0.0,
        "q1_ns": 65318.0,
        "q3_ns": 65318.0
      },
      "runq_latency_stats_ns": {
        "count": 1.0,
        "sum_ns": 2350.0,
        "mean_ns": 2350.0,
        "median_ns": 2350.0,
        "min_ns": 2350.0,
        "max_ns": 2350.0,
        "variance_ns2": null,
        "iqr_ns": 0.0,
        "q1_ns": 2350.0,
        "q3_ns": 2350.0
      },
      "first_seen_ts_ns": 1747546459986234566,
      "last_seen_ts_ns": 1747546459986234566,
      "duration_active_s": 0
    },
    {
      "tgid": 282,
      "comm": "lmp",
      "cgroup_id": 11706,
      "on_cpu_stats_ns": {
        "count": 2.0,
        "sum_ns": 63650.0,
        "mean_ns": 31825.0,
        "median_ns": 33447.0,
        "min_ns": 30203.0,
        "max_ns": 33447.0,
        "variance_ns2": 5261768.0,
        "iqr_ns": 3244.0,
        "q1_ns": 30203.0,
        "q3_ns": 33447.0
      },
      "runq_latency_stats_ns": {
        "count": 2.0,
        "sum_ns": 66036.0,
        "mean_ns": 33018.0,
        "median_ns": 62661.0,
        "min_ns": 3375.0,
        "max_ns": 62661.0,
        "variance_ns2": 1757414898.0,
        "iqr_ns": 59286.0,
        "q1_ns": 3375.0,
        "q3_ns": 62661.0
      },
      "first_seen_ts_ns": 1747546403723548524,
      "last_seen_ts_ns": 1747546417392874400,
      "duration_active_s": 13.669325876
    },
    {
      "tgid": 527,
      "comm": "lmp",
      "cgroup_id": 11706,
      "on_cpu_stats_ns": {
        "count": 2.0,
        "sum_ns": 62179.0,
        "mean_ns": 31089.5,
        "median_ns": 34120.0,
        "min_ns": 28059.0,
        "max_ns": 34120.0,
        "variance_ns2": 18367860.5,
        "iqr_ns": 6061.0,
        "q1_ns": 28059.0,
        "q3_ns": 34120.0
      },
      "runq_latency_stats_ns": {
        "count": 2.0,
        "sum_ns": 57170.0,
        "mean_ns": 28585.0,
        "median_ns": 55338.0,
        "min_ns": 1832.0,
        "max_ns": 55338.0,
        "variance_ns2": 1431446018.0,
        "iqr_ns": 53506.0,
        "q1_ns": 1832.0,
        "q3_ns": 55338.0
      },
      "first_seen_ts_ns": 1747546447439556044,
      "last_seen_ts_ns": 1747546447553623465,
      "duration_active_s": 0.114067421
    },
    {
      "tgid": 216,
      "comm": "lmp",
      "cgroup_id": 11706,
      "on_cpu_stats_ns": {
        "count": 3.0,
        "sum_ns": 59591.0,
        "mean_ns": 19863.666666666668,
        "median_ns": 19499.0,
        "min_ns": 16528.0,
        "max_ns": 23564.0,
        "variance_ns2": 12476060.333333334,
        "iqr_ns": 7036.0,
        "q1_ns": 16528.0,
        "q3_ns": 23564.0
      },
      "runq_latency_stats_ns": {
        "count": 3.0,
        "sum_ns": 53730.0,
        "mean_ns": 17910.0,
        "median_ns": 6365.0,
        "min_ns": 1380.0,
        "max_ns": 45985.0,
        "variance_ns2": 597366775.0,
        "iqr_ns": 44605.0,
        "q1_ns": 1380.0,
        "q3_ns": 45985.0
      },
      "first_seen_ts_ns": 1747546403068557589,
      "last_seen_ts_ns": 1747546405765996565,
      "duration_active_s": 2.697438976
    },
    {
      "tgid": 228,
      "comm": "lmp",
      "cgroup_id": 11706,
      "on_cpu_stats_ns": {
        "count": 2.0,
        "sum_ns": 54451.0,
        "mean_ns": 27225.5,
        "median_ns": 29357.0,
        "min_ns": 25094.0,
        "max_ns": 29357.0,
        "variance_ns2": 9086584.5,
        "iqr_ns": 4263.0,
        "q1_ns": 25094.0,
        "q3_ns": 29357.0
      },
      "runq_latency_stats_ns": {
        "count": 2.0,
        "sum_ns": 33778.0,
        "mean_ns": 16889.0,
        "median_ns": 32448.0,
        "min_ns": 1330.0,
        "max_ns": 32448.0,
        "variance_ns2": 484164962.0,
        "iqr_ns": 31118.0,
        "q1_ns": 1330.0,
        "q3_ns": 32448.0
      },
      "first_seen_ts_ns": 1747546403068557589,
      "last_seen_ts_ns": 1747546404612588995,
      "duration_active_s": 1.544031406
    },
    {
      "tgid": 222,
      "comm": "lmp",
      "cgroup_id": 11706,
      "on_cpu_stats_ns": {
        "count": 3.0,
        "sum_ns": 49319.0,
        "mean_ns": 16439.666666666668,
        "median_ns": 16518.0,
        "min_ns": 14925.0,
        "max_ns": 17876.0,
        "variance_ns2": 2181702.333333332,
        "iqr_ns": 2951.0,
        "q1_ns": 14925.0,
        "q3_ns": 17876.0
      },
      "runq_latency_stats_ns": {
        "count": 3.0,
        "sum_ns": 129737.0,
        "mean_ns": 43245.666666666664,
        "median_ns": 34081.0,
        "min_ns": 1337.0,
        "max_ns": 94319.0,
        "variance_ns2": 2224406417.3333335,
        "iqr_ns": 92982.0,
        "q1_ns": 1337.0,
        "q3_ns": 94319.0
      },
      "first_seen_ts_ns": 1747546403068557589,
      "last_seen_ts_ns": 1747546415424842262,
      "duration_active_s": 12.356284673
    },
    {
      "tgid": 294,
      "comm": "lmp",
      "cgroup_id": 11706,
      "on_cpu_stats_ns": {
        "count": 2.0,
        "sum_ns": 48528.0,
        "mean_ns": 24264.0,
        "median_ns": 25590.0,
        "min_ns": 22938.0,
        "max_ns": 25590.0,
        "variance_ns2": 3516552.0,
        "iqr_ns": 2652.0,
        "q1_ns": 22938.0,
        "q3_ns": 25590.0
      },
      "runq_latency_stats_ns": {
        "count": 2.0,
        "sum_ns": 76934.0,
        "mean_ns": 38467.0,
        "median_ns": 74550.0,
        "min_ns": 2384.0,
        "max_ns": 74550.0,
        "variance_ns2": 2603965778.0,
        "iqr_ns": 72166.0,
        "q1_ns": 2384.0,
        "q3_ns": 74550.0
      },
      "first_seen_ts_ns": 1747546403068557589,
      "last_seen_ts_ns": 1747546407439080449,
      "duration_active_s": 4.37052286
    },
    {
      "tgid": 269,
      "comm": "lmp",
      "cgroup_id": 11706,
      "on_cpu_stats_ns": {
        "count": 3.0,
        "sum_ns": 44929.0,
        "mean_ns": 14976.333333333334,
        "median_ns": 12369.0,
        "min_ns": 7398.0,
        "max_ns": 25162.0,
        "variance_ns2": 83988564.33333334,
        "iqr_ns": 17764.0,
        "q1_ns": 7398.0,
        "q3_ns": 25162.0
      },
      "runq_latency_stats_ns": {
        "count": 3.0,
        "sum_ns": 116332.0,
        "mean_ns": 38777.333333333336,
        "median_ns": 48231.0,
        "min_ns": 2739.0,
        "max_ns": 65362.0,
        "variance_ns2": 1047438892.3333334,
        "iqr_ns": 62623.0,
        "q1_ns": 2739.0,
        "q3_ns": 65362.0
      },
      "first_seen_ts_ns": 1747546403068557589,
      "last_seen_ts_ns": 1747546403292822994,
      "duration_active_s": 0.224265405
    },
    {
      "tgid": 342,
      "comm": "lmp",
      "cgroup_id": 11706,
      "on_cpu_stats_ns": {
        "count": 2.0,
        "sum_ns": 43632.5,
        "mean_ns": 21816.25,
        "median_ns": 25857.0,
        "min_ns": 17775.5,
        "max_ns": 25857.0,
        "variance_ns2": 32655321.125,
        "iqr_ns": 8081.5,
        "q1_ns": 17775.5,
        "q3_ns": 25857.0
      },
      "runq_latency_stats_ns": {
        "count": 2.0,
        "sum_ns": 387800.5,
        "mean_ns": 193900.25,
        "median_ns": 332658.5,
        "min_ns": 55142.0,
        "max_ns": 332658.5,
        "variance_ns2": 38507703886.125,
        "iqr_ns": 277516.5,
        "q1_ns": 55142.0,
        "q3_ns": 332658.5
      },
      "first_seen_ts_ns": 1747546403068557589,
      "last_seen_ts_ns": 1747546408781096782,
      "duration_active_s": 5.712539193
    },
    {
      "tgid": 330,
      "comm": "lmp",
      "cgroup_id": 11706,
      "on_cpu_stats_ns": {
        "count": 2.0,
        "sum_ns": 41091.0,
        "mean_ns": 20545.5,
        "median_ns": 29623.0,
        "min_ns": 11468.0,
        "max_ns": 29623.0,
        "variance_ns2": 164802012.5,
        "iqr_ns": 18155.0,
        "q1_ns": 11468.0,
        "q3_ns": 29623.0
      },
      "runq_latency_stats_ns": {
        "count": 2.0,
        "sum_ns": 77638.0,
        "mean_ns": 38819.0,
        "median_ns": 62718.0,
        "min_ns": 14920.0,
        "max_ns": 62718.0,
        "variance_ns2": 1142324402.0,
        "iqr_ns": 47798.0,
        "q1_ns": 14920.0,
        "q3_ns": 62718.0
      },
      "first_seen_ts_ns": 1747546403068557589,
      "last_seen_ts_ns": 1747546403723548524,
      "duration_active_s": 0.654990935
    },
    {
      "tgid": 234,
      "comm": "lmp",
      "cgroup_id": 11706,
      "on_cpu_stats_ns": {
        "count": 2.0,
        "sum_ns": 38150.0,
        "mean_ns": 19075.0,
        "median_ns": 21653.0,
        "min_ns": 16497.0,
        "max_ns": 21653.0,
        "variance_ns2": 13292168.0,
        "iqr_ns": 5156.0,
        "q1_ns": 16497.0,
        "q3_ns": 21653.0
      },
      "runq_latency_stats_ns": {
        "count": 2.0,
        "sum_ns": 4962.0,
        "mean_ns": 2481.0,
        "median_ns": 3576.0,
        "min_ns": 1386.0,
        "max_ns": 3576.0,
        "variance_ns2": 2398050.0,
        "iqr_ns": 2190.0,
        "q1_ns": 1386.0,
        "q3_ns": 3576.0
      },
      "first_seen_ts_ns": 1747546403068557589,
      "last_seen_ts_ns": 1747546404612588995,
      "duration_active_s": 1.544031406
    },
    {
      "tgid": 180,
      "comm": "lmp",
      "cgroup_id": 11706,
      "on_cpu_stats_ns": {
        "count": 1.0,
        "sum_ns": 36578.0,
        "mean_ns": 36578.0,
        "median_ns": 36578.0,
        "min_ns": 36578.0,
        "max_ns": 36578.0,
        "variance_ns2": null,
        "iqr_ns": 0.0,
        "q1_ns": 36578.0,
        "q3_ns": 36578.0
      },
      "runq_latency_stats_ns": {
        "count": 1.0,
        "sum_ns": 71637.0,
        "mean_ns": 71637.0,
        "median_ns": 71637.0,
        "min_ns": 71637.0,
        "max_ns": 71637.0,
        "variance_ns2": null,
        "iqr_ns": 0.0,
        "q1_ns": 71637.0,
        "q3_ns": 71637.0
      },
      "first_seen_ts_ns": 1747546403068557589,
      "last_seen_ts_ns": 1747546403068557589,
      "duration_active_s": 0
    },
    {
      "tgid": 198,
      "comm": "lmp",
      "cgroup_id": 11706,
      "on_cpu_stats_ns": {
        "count": 1.0,
        "sum_ns": 36128.0,
        "mean_ns": 36128.0,
        "median_ns": 36128.0,
        "min_ns": 36128.0,
        "max_ns": 36128.0,
        "variance_ns2": null,
        "iqr_ns": 0.0,
        "q1_ns": 36128.0,
        "q3_ns": 36128.0
      },
      "runq_latency_stats_ns": {
        "count": 1.0,
        "sum_ns": 59565.0,
        "mean_ns": 59565.0,
        "median_ns": 59565.0,
        "min_ns": 59565.0,
        "max_ns": 59565.0,
        "variance_ns2": null,
        "iqr_ns": 0.0,
        "q1_ns": 59565.0,
        "q3_ns": 59565.0
      },
      "first_seen_ts_ns": 1747546403068557589,
      "last_seen_ts_ns": 1747546403068557589,
      "duration_active_s": 0
    },
    {
      "tgid": 336,
      "comm": "lmp",
      "cgroup_id": 11706,
      "on_cpu_stats_ns": {
        "count": 1.0,
        "sum_ns": 35577.0,
        "mean_ns": 35577.0,
        "median_ns": 35577.0,
        "min_ns": 35577.0,
        "max_ns": 35577.0,
        "variance_ns2": null,
        "iqr_ns": 0.0,
        "q1_ns": 35577.0,
        "q3_ns": 35577.0
      },
      "runq_latency_stats_ns": {
        "count": 1.0,
        "sum_ns": 42233.0,
        "mean_ns": 42233.0,
        "median_ns": 42233.0,
        "min_ns": 42233.0,
        "max_ns": 42233.0,
        "variance_ns2": null,
        "iqr_ns": 0.0,
        "q1_ns": 42233.0,
        "q3_ns": 42233.0
      },
      "first_seen_ts_ns": 1747546403068557589,
      "last_seen_ts_ns": 1747546403068557589,
      "duration_active_s": 0
    },
    {
      "tgid": 258,
      "comm": "lmp",
      "cgroup_id": 11706,
      "on_cpu_stats_ns": {
        "count": 1.0,
        "sum_ns": 34971.0,
        "mean_ns": 34971.0,
        "median_ns": 34971.0,
        "min_ns": 34971.0,
        "max_ns": 34971.0,
        "variance_ns2": null,
        "iqr_ns": 0.0,
        "q1_ns": 34971.0,
        "q3_ns": 34971.0
      },
      "runq_latency_stats_ns": {
        "count": 1.0,
        "sum_ns": 41011.0,
        "mean_ns": 41011.0,
        "median_ns": 41011.0,
        "min_ns": 41011.0,
        "max_ns": 41011.0,
        "variance_ns2": null,
        "iqr_ns": 0.0,
        "q1_ns": 41011.0,
        "q3_ns": 41011.0
      },
      "first_seen_ts_ns": 1747546403068557589,
      "last_seen_ts_ns": 1747546403068557589,
      "duration_active_s": 0
    },
    {
      "tgid": 324,
      "comm": "lmp",
      "cgroup_id": 11706,
      "on_cpu_stats_ns": {
        "count": 1.0,
        "sum_ns": 34702.0,
        "mean_ns": 34702.0,
        "median_ns": 34702.0,
        "min_ns": 34702.0,
        "max_ns": 34702.0,
        "variance_ns2": null,
        "iqr_ns": 0.0,
        "q1_ns": 34702.0,
        "q3_ns": 34702.0
      },
      "runq_latency_stats_ns": {
        "count": 1.0,
        "sum_ns": 58440.0,
        "mean_ns": 58440.0,
        "median_ns": 58440.0,
        "min_ns": 58440.0,
        "max_ns": 58440.0,
        "variance_ns2": null,
        "iqr_ns": 0.0,
        "q1_ns": 58440.0,
        "q3_ns": 58440.0
      },
      "first_seen_ts_ns": 1747546403068557589,
      "last_seen_ts_ns": 1747546403068557589,
      "duration_active_s": 0
    },
    {
      "tgid": 179,
      "comm": "lmp",
      "cgroup_id": 11706,
      "on_cpu_stats_ns": {
        "count": 1.0,
        "sum_ns": 32245.0,
        "mean_ns": 32245.0,
        "median_ns": 32245.0,
        "min_ns": 32245.0,
        "max_ns": 32245.0,
        "variance_ns2": null,
        "iqr_ns": 0.0,
        "q1_ns": 32245.0,
        "q3_ns": 32245.0
      },
      "runq_latency_stats_ns": {
        "count": 1.0,
        "sum_ns": 46200.0,
        "mean_ns": 46200.0,
        "median_ns": 46200.0,
        "min_ns": 46200.0,
        "max_ns": 46200.0,
        "variance_ns2": null,
        "iqr_ns": 0.0,
        "q1_ns": 46200.0,
        "q3_ns": 46200.0
      },
      "first_seen_ts_ns": 1747546403068557589,
      "last_seen_ts_ns": 1747546403068557589,
      "duration_active_s": 0
    },
    {
      "tgid": 312,
      "comm": "lmp",
      "cgroup_id": 11706,
      "on_cpu_stats_ns": {
        "count": 1.0,
        "sum_ns": 29616.0,
        "mean_ns": 29616.0,
        "median_ns": 29616.0,
        "min_ns": 29616.0,
        "max_ns": 29616.0,
        "variance_ns2": null,
        "iqr_ns": 0.0,
        "q1_ns": 29616.0,
        "q3_ns": 29616.0
      },
      "runq_latency_stats_ns": {
        "count": 1.0,
        "sum_ns": 67500.0,
        "mean_ns": 67500.0,
        "median_ns": 67500.0,
        "min_ns": 67500.0,
        "max_ns": 67500.0,
        "variance_ns2": null,
        "iqr_ns": 0.0,
        "q1_ns": 67500.0,
        "q3_ns": 67500.0
      },
      "first_seen_ts_ns": 1747546403068557589,
      "last_seen_ts_ns": 1747546403068557589,
      "duration_active_s": 0
    },
    {
      "tgid": 276,
      "comm": "lmp",
      "cgroup_id": 11706,
      "on_cpu_stats_ns": {
        "count": 1.0,
        "sum_ns": 28028.0,
        "mean_ns": 28028.0,
        "median_ns": 28028.0,
        "min_ns": 28028.0,
        "max_ns": 28028.0,
        "variance_ns2": null,
        "iqr_ns": 0.0,
        "q1_ns": 28028.0,
        "q3_ns": 28028.0
      },
      "runq_latency_stats_ns": {
        "count": 1.0,
        "sum_ns": 9644.0,
        "mean_ns": 9644.0,
        "median_ns": 9644.0,
        "min_ns": 9644.0,
        "max_ns": 9644.0,
        "variance_ns2": null,
        "iqr_ns": 0.0,
        "q1_ns": 9644.0,
        "q3_ns": 9644.0
      },
      "first_seen_ts_ns": 1747546403068557589,
      "last_seen_ts_ns": 1747546403068557589,
      "duration_active_s": 0
    },
    {
      "tgid": 204,
      "comm": "lmp",
      "cgroup_id": 11706,
      "on_cpu_stats_ns": {
        "count": 1.0,
        "sum_ns": 26569.0,
        "mean_ns": 26569.0,
        "median_ns": 26569.0,
        "min_ns": 26569.0,
        "max_ns": 26569.0,
        "variance_ns2": null,
        "iqr_ns": 0.0,
        "q1_ns": 26569.0,
        "q3_ns": 26569.0
      },
      "runq_latency_stats_ns": {
        "count": 1.0,
        "sum_ns": 67918.0,
        "mean_ns": 67918.0,
        "median_ns": 67918.0,
        "min_ns": 67918.0,
        "max_ns": 67918.0,
        "variance_ns2": null,
        "iqr_ns": 0.0,
        "q1_ns": 67918.0,
        "q3_ns": 67918.0
      },
      "first_seen_ts_ns": 1747546403068557589,
      "last_seen_ts_ns": 1747546403068557589,
      "duration_active_s": 0
    },
    {
      "tgid": 246,
      "comm": "lmp",
      "cgroup_id": 11706,
      "on_cpu_stats_ns": {
        "count": 1.0,
        "sum_ns": 25752.0,
        "mean_ns": 25752.0,
        "median_ns": 25752.0,
        "min_ns": 25752.0,
        "max_ns": 25752.0,
        "variance_ns2": null,
        "iqr_ns": 0.0,
        "q1_ns": 25752.0,
        "q3_ns": 25752.0
      },
      "runq_latency_stats_ns": {
        "count": 1.0,
        "sum_ns": 18583.0,
        "mean_ns": 18583.0,
        "median_ns": 18583.0,
        "min_ns": 18583.0,
        "max_ns": 18583.0,
        "variance_ns2": null,
        "iqr_ns": 0.0,
        "q1_ns": 18583.0,
        "q3_ns": 18583.0
      },
      "first_seen_ts_ns": 1747546403068557589,
      "last_seen_ts_ns": 1747546403068557589,
      "duration_active_s": 0
    },
    {
      "tgid": 252,
      "comm": "lmp",
      "cgroup_id": 11706,
      "on_cpu_stats_ns": {
        "count": 1.0,
        "sum_ns": 21455.0,
        "mean_ns": 21455.0,
        "median_ns": 21455.0,
        "min_ns": 21455.0,
        "max_ns": 21455.0,
        "variance_ns2": null,
        "iqr_ns": 0.0,
        "q1_ns": 21455.0,
        "q3_ns": 21455.0
      },
      "runq_latency_stats_ns": {
        "count": 1.0,
        "sum_ns": 40490.0,
        "mean_ns": 40490.0,
        "median_ns": 40490.0,
        "min_ns": 40490.0,
        "max_ns": 40490.0,
        "variance_ns2": null,
        "iqr_ns": 0.0,
        "q1_ns": 40490.0,
        "q3_ns": 40490.0
      },
      "first_seen_ts_ns": 1747546403068557589,
      "last_seen_ts_ns": 1747546403068557589,
      "duration_active_s": 0
    },
    {
      "tgid": 192,
      "comm": "lmp",
      "cgroup_id": 11706,
      "on_cpu_stats_ns": {
        "count": 1.0,
        "sum_ns": 21016.0,
        "mean_ns": 21016.0,
        "median_ns": 21016.0,
        "min_ns": 21016.0,
        "max_ns": 21016.0,
        "variance_ns2": null,
        "iqr_ns": 0.0,
        "q1_ns": 21016.0,
        "q3_ns": 21016.0
      },
      "runq_latency_stats_ns": {
        "count": 1.0,
        "sum_ns": 35970.0,
        "mean_ns": 35970.0,
        "median_ns": 35970.0,
        "min_ns": 35970.0,
        "max_ns": 35970.0,
        "variance_ns2": null,
        "iqr_ns": 0.0,
        "q1_ns": 35970.0,
        "q3_ns": 35970.0
      },
      "first_seen_ts_ns": 1747546403068557589,
      "last_seen_ts_ns": 1747546403068557589,
      "duration_active_s": 0
    },
    {
      "tgid": 240,
      "comm": "lmp",
      "cgroup_id": 11706,
      "on_cpu_stats_ns": {
        "count": 1.0,
        "sum_ns": 8407.0,
        "mean_ns": 8407.0,
        "median_ns": 8407.0,
        "min_ns": 8407.0,
        "max_ns": 8407.0,
        "variance_ns2": null,
        "iqr_ns": 0.0,
        "q1_ns": 8407.0,
        "q3_ns": 8407.0
      },
      "runq_latency_stats_ns": {
        "count": 1.0,
        "sum_ns": 1554.0,
        "mean_ns": 1554.0,
        "median_ns": 1554.0,
        "min_ns": 1554.0,
        "max_ns": 1554.0,
        "variance_ns2": null,
        "iqr_ns": 0.0,
        "q1_ns": 1554.0,
        "q3_ns": 1554.0
      },
      "first_seen_ts_ns": 1747546404612588995,
      "last_seen_ts_ns": 1747546404612588995,
      "duration_active_s": 0
    }
  ]
}
[05:34:58] Cleanup complete. Exiting.
