unlimited
Looking for /opt/programs/futex-model/ebpf-collect.c
[22:17:00] Starting eBPF (Tracepoints for futex syscalls).
[22:17:01] BPF program loaded and tracepoints automatically attached.
[22:17:01] Start Indicator file defined '/mnt/flux/start_ebpf_collection'. Waiting.
[22:17:14] Start indicator found. Proceeding.
[22:17:14] Ring buffers opened. Polling for events...
[22:21:02] 
Indicator file '/mnt/flux/stop_ebpf_collection' found. Stopping.
[22:21:02] Cleaning up BPF resources...
{
  "final_aggregated_futex_summary_river": [
    {
      "tgid": 6712,
      "comm": "fluent-bit-gke-",
      "cgroup_id": 7986,
      "wait_duration_stats_ns": {
        "count": 13946.0,
        "sum": 15969502352463.908,
        "mean": 1145095536.5311852,
        "median": 290236.9772148708,
        "min": 453,
        "max": 78737245147,
        "variance_ns2": 5.871151134699655e+19,
        "iqr_ns": 19642369.962142006,
        "q1_ns": 26227.114674095,
        "q3_ns": 19668597.0768161
      },
      "futex_op_counts": {
        "128": 13946
      },
      "first_seen_ts_ns": 279633562976,
      "last_seen_ts_ns": 506134167553
    },
    {
      "tgid": 3609,
      "comm": "containerd",
      "cgroup_id": 6520,
      "wait_duration_stats_ns": {
        "count": 109928.0,
        "sum": 7513557248554.0205,
        "mean": 68349803.94943982,
        "median": 199498.0342302828,
        "min": 389,
        "max": 167339581336,
        "variance_ns2": 3.166792663040611e+18,
        "iqr_ns": 1542471.0410438317,
        "q1_ns": 48759.548880017595,
        "q3_ns": 1591230.5899238493
      },
      "futex_op_counts": {
        "128": 109928
      },
      "first_seen_ts_ns": 266465566376,
      "last_seen_ts_ns": 507102551769
    },
    {
      "tgid": 3799,
      "comm": "kubelet",
      "cgroup_id": 6640,
      "wait_duration_stats_ns": {
        "count": 20167.0,
        "sum": 6444097286572.982,
        "mean": 319536732.6113444,
        "median": 13951837.844277699,
        "min": 445,
        "max": 158266809485,
        "variance_ns2": 1.9001399707977146e+19,
        "iqr_ns": 50663378.93512978,
        "q1_ns": 1408565.3851680155,
        "q3_ns": 52071944.32029779
      },
      "futex_op_counts": {
        "128": 20167
      },
      "first_seen_ts_ns": 266295408214,
      "last_seen_ts_ns": 507075863463
    },
    {
      "tgid": 7423,
      "comm": "prometheus",
      "cgroup_id": 8539,
      "wait_duration_stats_ns": {
        "count": 11332.0,
        "sum": 4447228585646.988,
        "mean": 392448692.6974045,
        "median": 42332239.94217562,
        "min": 657,
        "max": 210096969243,
        "variance_ns2": 3.383836169472237e+19,
        "iqr_ns": 10255237.645613417,
        "q1_ns": 39815704.75711129,
        "q3_ns": 50070942.402724706
      },
      "futex_op_counts": {
        "128": 11332
      },
      "first_seen_ts_ns": 266331615285,
      "last_seen_ts_ns": 507060104419
    },
    {
      "tgid": 7581,
      "comm": "containerd-shim",
      "cgroup_id": 6520,
      "wait_duration_stats_ns": {
        "count": 1950.0,
        "sum": 1619273924320.0005,
        "mean": 830396884.2666669,
        "median": 459928.58443065005,
        "min": 471,
        "max": 19901913451,
        "variance_ns2": 6.113328500936389e+18,
        "iqr_ns": 23245947.665554564,
        "q1_ns": 109116.70166504558,
        "q3_ns": 23355064.36721961
      },
      "futex_op_counts": {
        "128": 1950
      },
      "first_seen_ts_ns": 267818271778,
      "last_seen_ts_ns": 502736850336
    },
    {
      "tgid": 3863,
      "comm": "node-problem-de",
      "cgroup_id": 6700,
      "wait_duration_stats_ns": {
        "count": 993.0,
        "sum": 1532109463092.9985,
        "mean": 1542909831.9164135,
        "median": 510325773.3329039,
        "min": 569,
        "max": 98858007066,
        "variance_ns2": 6.13592694682837e+19,
        "iqr_ns": 960406363.8095164,
        "q1_ns": 16944201.513560183,
        "q3_ns": 977350565.3230766
      },
      "futex_op_counts": {
        "128": 993
      },
      "first_seen_ts_ns": 279823029940,
      "last_seen_ts_ns": 506823450005
    },
    {
      "tgid": 4047,
      "comm": "kube-proxy",
      "cgroup_id": 7373,
      "wait_duration_stats_ns": {
        "count": 265.0,
        "sum": 1306427752937.0,
        "mean": 4929916048.818868,
        "median": 1415309359.872193,
        "min": 695,
        "max": 92017068404,
        "variance_ns2": 1.4399334743781879e+20,
        "iqr_ns": 4584885251.482922,
        "q1_ns": 160004448.301878,
        "q3_ns": 4744889699.7848
      },
      "futex_op_counts": {
        "128": 265
      },
      "first_seen_ts_ns": 280404022948,
      "last_seen_ts_ns": 505408261855
    },
    {
      "tgid": 7520,
      "comm": "config-reloader",
      "cgroup_id": 8618,
      "wait_duration_stats_ns": {
        "count": 147.0,
        "sum": 1299925376572.0005,
        "mean": 8843029772.598642,
        "median": 1157902930.2880018,
        "min": 730,
        "max": 120002736658,
        "variance_ns2": 4.2795652760583936e+20,
        "iqr_ns": 9388616879.36014,
        "q1_ns": 26803586.30342166,
        "q3_ns": 9415420465.66356
      },
      "futex_op_counts": {
        "128": 147
      },
      "first_seen_ts_ns": 283652195746,
      "last_seen_ts_ns": 503845194473
    },
    {
      "tgid": 3992,
      "comm": "containerd-shim",
      "cgroup_id": 6520,
      "wait_duration_stats_ns": {
        "count": 342.0,
        "sum": 1211149352794.0005,
        "mean": 3541372376.590645,
        "median": 320134221.55223894,
        "min": 1003,
        "max": 90000411153,
        "variance_ns2": 5.971359130594813e+19,
        "iqr_ns": 5222244056.995568,
        "q1_ns": 6538037.464593626,
        "q3_ns": 5228782094.460162
      },
      "futex_op_counts": {
        "128": 342
      },
      "first_seen_ts_ns": 280014424193,
      "last_seen_ts_ns": 502735773918
    },
    {
      "tgid": 8032,
      "comm": "containerd-shim",
      "cgroup_id": 6520,
      "wait_duration_stats_ns": {
        "count": 157629.0,
        "sum": 1185432665546.9988,
        "mean": 7520397.043354959,
        "median": 109471.50005980505,
        "min": 452,
        "max": 51662198002,
        "variance_ns2": 4.3286906362088664e+16,
        "iqr_ns": 719365.3145990417,
        "q1_ns": 36246.55813820199,
        "q3_ns": 755611.8727372437
      },
      "futex_op_counts": {
        "128": 157629
      },
      "first_seen_ts_ns": 266509434368,
      "last_seen_ts_ns": 507102538398
    },
    {
      "tgid": 6040,
      "comm": "containerd-shim",
      "cgroup_id": 6520,
      "wait_duration_stats_ns": {
        "count": 754.0,
        "sum": 1139391454030.998,
        "mean": 1511129249.3779814,
        "median": 4286451.433528102,
        "min": 472,
        "max": 46758430747,
        "variance_ns2": 1.6905091554453774e+19,
        "iqr_ns": 473941888.58239,
        "q1_ns": 727649.3123637296,
        "q3_ns": 474669537.89475375
      },
      "futex_op_counts": {
        "128": 754
      },
      "first_seen_ts_ns": 267815601504,
      "last_seen_ts_ns": 502736351255
    },
    {
      "tgid": 7020,
      "comm": "containerd-shim",
      "cgroup_id": 6520,
      "wait_duration_stats_ns": {
        "count": 522.0,
        "sum": 1110861354447.9998,
        "mean": 2128086885.9157083,
        "median": 8823562.155072942,
        "min": 543,
        "max": 36504913557,
        "variance_ns2": 2.363201249299501e+19,
        "iqr_ns": 2550137872.338258,
        "q1_ns": 179555.23513557456,
        "q3_ns": 2550317427.5733933
      },
      "futex_op_counts": {
        "128": 522
      },
      "first_seen_ts_ns": 267190017192,
      "last_seen_ts_ns": 502733770850
    },
    {
      "tgid": 6124,
      "comm": "containerd-shim",
      "cgroup_id": 6520,
      "wait_duration_stats_ns": {
        "count": 484.0,
        "sum": 1080199781437.9998,
        "mean": 2231817730.243801,
        "median": 5347427.615924787,
        "min": 393,
        "max": 48150626142,
        "variance_ns2": 2.3607703334372315e+19,
        "iqr_ns": 4045870418.7173014,
        "q1_ns": 1488814.6940412272,
        "q3_ns": 4047359233.4113426
      },
      "futex_op_counts": {
        "128": 484
      },
      "first_seen_ts_ns": 280009664446,
      "last_seen_ts_ns": 502732713362
    },
    {
      "tgid": 1730,
      "comm": "google_osconfig",
      "cgroup_id": 4234,
      "wait_duration_stats_ns": {
        "count": 237.0,
        "sum": 909454089227.0,
        "mean": 3837359026.2742615,
        "median": 184245276.84759426,
        "min": 1001,
        "max": 120019249092,
        "variance_ns2": 1.4299754046878936e+20,
        "iqr_ns": 4768292617.285804,
        "q1_ns": 44468812.160890825,
        "q3_ns": 4812761429.446694
      },
      "futex_op_counts": {
        "128": 237
      },
      "first_seen_ts_ns": 280416274704,
      "last_seen_ts_ns": 505584931617
    },
    {
      "tgid": 7679,
      "comm": "csi-node-driver",
      "cgroup_id": 8855,
      "wait_duration_stats_ns": {
        "count": 35.0,
        "sum": 903009206654.0,
        "mean": 25800263047.25714,
        "median": 2787408336.085266,
        "min": 1263,
        "max": 120001817808,
        "variance_ns2": 1.753720224334865e+21,
        "iqr_ns": 33128886113.209557,
        "q1_ns": 107379183.66060705,
        "q3_ns": 33236265296.870163
      },
      "futex_op_counts": {
        "128": 35
      },
      "first_seen_ts_ns": 283158993418,
      "last_seen_ts_ns": 464163152581
    },
    {
      "tgid": 1729,
      "comm": "google_guest_ag",
      "cgroup_id": 4174,
      "wait_duration_stats_ns": {
        "count": 176.0,
        "sum": 699803931416.9999,
        "mean": 3976158701.2329535,
        "median": 3289069757.3878865,
        "min": 1522,
        "max": 119864193600,
        "variance_ns2": 1.5968846022000224e+20,
        "iqr_ns": 4178713795.397912,
        "q1_ns": 533893027.6945306,
        "q3_ns": 4712606823.0924425
      },
      "futex_op_counts": {
        "128": 176
      },
      "first_seen_ts_ns": 280409032454,
      "last_seen_ts_ns": 506181267995
    },
    {
      "tgid": 6830,
      "comm": "main",
      "cgroup_id": 8144,
      "wait_duration_stats_ns": {
        "count": 188.0,
        "sum": 639629778740.9996,
        "mean": 3402286057.132977,
        "median": 3797972451.369972,
        "min": 13140,
        "max": 59973184013,
        "variance_ns2": 5.479150531672789e+19,
        "iqr_ns": 4814552434.262051,
        "q1_ns": 4204950.147559736,
        "q3_ns": 4818757384.409611
      },
      "futex_op_counts": {
        "128": 188
      },
      "first_seen_ts_ns": 280686058609,
      "last_seen_ts_ns": 505686141891
    },
    {
      "tgid": 6838,
      "comm": "main",
      "cgroup_id": 8223,
      "wait_duration_stats_ns": {
        "count": 369.0,
        "sum": 639296607404.9996,
        "mean": 1732511131.1788607,
        "median": 14311249.19134437,
        "min": 15665,
        "max": 59959930509,
        "variance_ns2": 3.2402345706613277e+19,
        "iqr_ns": 4461228704.942368,
        "q1_ns": 958408.4143219516,
        "q3_ns": 4462187113.356689
      },
      "futex_op_counts": {
        "128": 369
      },
      "first_seen_ts_ns": 280672404758,
      "last_seen_ts_ns": 505687206253
    },
    {
      "tgid": 2788,
      "comm": "dockerd",
      "cgroup_id": 6400,
      "wait_duration_stats_ns": {
        "count": 63.0,
        "sum": 586691679768.0002,
        "mean": 9312566345.523813,
        "median": 9974589105.147703,
        "min": 11501,
        "max": 119002535660,
        "variance_ns2": 2.1527139896574263e+20,
        "iqr_ns": 4362527127.91327,
        "q1_ns": 6138631109.075639,
        "q3_ns": 10501158236.988909
      },
      "futex_op_counts": {
        "128": 63
      },
      "first_seen_ts_ns": 283334849457,
      "last_seen_ts_ns": 503344346968
    },
    {
      "tgid": 6775,
      "comm": "otelsvc",
      "cgroup_id": 8065,
      "wait_duration_stats_ns": {
        "count": 789.0,
        "sum": 409099978529.0001,
        "mean": 518504408.7820027,
        "median": 437436280.4076259,
        "min": 14339,
        "max": 92519260403,
        "variance_ns2": 1.4906509477645687e+19,
        "iqr_ns": 473307871.8331076,
        "q1_ns": 16006621.042960376,
        "q3_ns": 489314492.87606794
      },
      "futex_op_counts": {
        "128": 789
      },
      "first_seen_ts_ns": 266641298752,
      "last_seen_ts_ns": 506640746730
    },
    {
      "tgid": 7866,
      "comm": "gce-pd-csi-driv",
      "cgroup_id": 8934,
      "wait_duration_stats_ns": {
        "count": 400.0,
        "sum": 345134469097.0,
        "mean": 862836172.7425,
        "median": 589904301.8971379,
        "min": 27598,
        "max": 120000029471,
        "variance_ns2": 3.5670499375826645e+19,
        "iqr_ns": 2077589.63467443,
        "q1_ns": 589500453.0548571,
        "q3_ns": 591578042.6895316
      },
      "futex_op_counts": {
        "128": 400
      },
      "first_seen_ts_ns": 267417977509,
      "last_seen_ts_ns": 506817982225
    },
    {
      "tgid": 9740,
      "comm": "log-counter",
      "cgroup_id": 6700,
      "wait_duration_stats_ns": {
        "count": 1178.0,
        "sum": 12082481052.000002,
        "mean": 10256775.086587438,
        "median": 205558.8515906965,
        "min": 705,
        "max": 1279740416,
        "variance_ns2": 9125568632332992.0,
        "iqr_ns": 846468.619078126,
        "q1_ns": 160493.29338167814,
        "q3_ns": 1006961.9124598042
      },
      "futex_op_counts": {
        "128": 1178
      },
      "first_seen_ts_ns": 343119015376,
      "last_seen_ts_ns": 344398939010
    },
    {
      "tgid": 9719,
      "comm": "log-counter",
      "cgroup_id": 6700,
      "wait_duration_stats_ns": {
        "count": 806.0,
        "sum": 10616279303.999998,
        "mean": 13171562.411910668,
        "median": 227656.81536004815,
        "min": 542,
        "max": 1241406543,
        "variance_ns2": 1.21450057137073e+16,
        "iqr_ns": 854038.030454448,
        "q1_ns": 136582.62254619563,
        "q3_ns": 990620.6530006436
      },
      "futex_op_counts": {
        "128": 806
      },
      "first_seen_ts_ns": 341856607194,
      "last_seen_ts_ns": 343108031332
    },
    {
      "tgid": 9691,
      "comm": "log-counter",
      "cgroup_id": 6700,
      "wait_duration_stats_ns": {
        "count": 602.0,
        "sum": 10043201311.0,
        "mean": 16683058.65614618,
        "median": 342577.9111482123,
        "min": 444,
        "max": 1203852029,
        "variance_ns2": 1.4394066135142172e+16,
        "iqr_ns": 1990997.0496076518,
        "q1_ns": 149548.85580695432,
        "q3_ns": 2140545.905414606
      },
      "futex_op_counts": {
        "128": 602
      },
      "first_seen_ts_ns": 340843150101,
      "last_seen_ts_ns": 342052034573
    },
    {
      "tgid": 10370,
      "comm": "kubectl",
      "cgroup_id": 6580,
      "wait_duration_stats_ns": {
        "count": 762.0,
        "sum": 6741346644.0,
        "mean": 8846911.606299212,
        "median": 792983.2707017493,
        "min": 575,
        "max": 658885763,
        "variance_ns2": 1492870552834438.0,
        "iqr_ns": 7076022.604488383,
        "q1_ns": 133669.98401055037,
        "q3_ns": 7209692.588498933
      },
      "futex_op_counts": {
        "128": 762
      },
      "first_seen_ts_ns": 459309012666,
      "last_seen_ts_ns": 459972084856
    },
    {
      "tgid": 9712,
      "comm": "log-counter",
      "cgroup_id": 6700,
      "wait_duration_stats_ns": {
        "count": 19.0,
        "sum": 5096760233.0,
        "mean": 268250538.57894737,
        "median": 81895089.19813615,
        "min": 20293,
        "max": 1011862344,
        "variance_ns2": 1.8942715144180483e+17,
        "iqr_ns": 334244775.32305914,
        "q1_ns": 6509652.331920823,
        "q3_ns": 340754427.65497994
      },
      "futex_op_counts": {
        "128": 19
      },
      "first_seen_ts_ns": 341153018031,
      "last_seen_ts_ns": 342165133328
    },
    {
      "tgid": 9690,
      "comm": "log-counter",
      "cgroup_id": 6700,
      "wait_duration_stats_ns": {
        "count": 19.0,
        "sum": 5075483924.0,
        "mean": 267130732.84210524,
        "median": 67985591.05820437,
        "min": 23432,
        "max": 1016851892,
        "variance_ns2": 1.7618931476899674e+17,
        "iqr_ns": 349414019.5924631,
        "q1_ns": 8458820.831191735,
        "q3_ns": 357872840.4236548
      },
      "futex_op_counts": {
        "128": 19
      },
      "first_seen_ts_ns": 340836012031,
      "last_seen_ts_ns": 341853242864
    },
    {
      "tgid": 9733,
      "comm": "log-counter",
      "cgroup_id": 6700,
      "wait_duration_stats_ns": {
        "count": 12.0,
        "sum": 5041615919.0,
        "mean": 420134659.9166667,
        "median": 73018025.20833334,
        "min": 117772,
        "max": 1012747219,
        "variance_ns2": 2.633098961256004e+17,
        "iqr_ns": 551281499.3732638,
        "q1_ns": 4183594.812500001,
        "q3_ns": 555465094.1857638
      },
      "futex_op_counts": {
        "128": 12
      },
      "first_seen_ts_ns": 342243222783,
      "last_seen_ts_ns": 343259131478
    },
    {
      "tgid": 9573,
      "comm": "runc",
      "cgroup_id": 6520,
      "wait_duration_stats_ns": {
        "count": 290.0,
        "sum": 933983078.0,
        "mean": 3220631.3034482757,
        "median": 126214.50213117118,
        "min": 2160,
        "max": 119608881,
        "variance_ns2": 260848343594765.28,
        "iqr_ns": 927440.9752479789,
        "q1_ns": 28058.705733005594,
        "q3_ns": 955499.6809809845
      },
      "futex_op_counts": {
        "128": 290
      },
      "first_seen_ts_ns": 299507727654,
      "last_seen_ts_ns": 299632012154
    },
    {
      "tgid": 10380,
      "comm": "runc",
      "cgroup_id": 6520,
      "wait_duration_stats_ns": {
        "count": 301.0,
        "sum": 929524948.0000004,
        "mean": 3088122.750830566,
        "median": 170913.34209811906,
        "min": 3781,
        "max": 133125827,
        "variance_ns2": 194588383977787.72,
        "iqr_ns": 1348708.7605623973,
        "q1_ns": 26201.180072059153,
        "q3_ns": 1374909.9406344565
      },
      "futex_op_counts": {
        "128": 301
      },
      "first_seen_ts_ns": 459515127454,
      "last_seen_ts_ns": 459655451303
    },
    {
      "tgid": 10510,
      "comm": "runc",
      "cgroup_id": 6520,
      "wait_duration_stats_ns": {
        "count": 257.0,
        "sum": 887617142.9999999,
        "mean": 3453763.20233463,
        "median": 127509.9306333549,
        "min": 1055,
        "max": 126184607,
        "variance_ns2": 300638004313226.6,
        "iqr_ns": 1105815.6489742147,
        "q1_ns": 27087.108866701892,
        "q3_ns": 1132902.7578409165
      },
      "futex_op_counts": {
        "128": 257
      },
      "first_seen_ts_ns": 499514189131,
      "last_seen_ts_ns": 499649020233
    },
    {
      "tgid": 10338,
      "comm": "runc",
      "cgroup_id": 6520,
      "wait_duration_stats_ns": {
        "count": 303.0,
        "sum": 838213165.0000001,
        "mean": 2766380.082508251,
        "median": 124272.19034382445,
        "min": 537,
        "max": 120273006,
        "variance_ns2": 254560692133551.22,
        "iqr_ns": 757119.3492691257,
        "q1_ns": 19819.438355686005,
        "q3_ns": 776938.7876248118
      },
      "futex_op_counts": {
        "128": 303
      },
      "first_seen_ts_ns": 449511158579,
      "last_seen_ts_ns": 449634538111
    },
    {
      "tgid": 10115,
      "comm": "runc",
      "cgroup_id": 6520,
      "wait_duration_stats_ns": {
        "count": 341.0,
        "sum": 766126085.9999998,
        "mean": 2246704.0645161285,
        "median": 77685.88491321621,
        "min": 4327,
        "max": 109216770,
        "variance_ns2": 156233596813758.53,
        "iqr_ns": 339392.1775910351,
        "q1_ns": 23436.295702480304,
        "q3_ns": 362828.4732935154
      },
      "futex_op_counts": {
        "128": 341
      },
      "first_seen_ts_ns": 429504614361,
      "last_seen_ts_ns": 429616860572
    },
    {
      "tgid": 9665,
      "comm": "runc",
      "cgroup_id": 6520,
      "wait_duration_stats_ns": {
        "count": 363.0,
        "sum": 763493481.0000001,
        "mean": 2103287.8264462813,
        "median": 71187.22576622898,
        "min": 2487,
        "max": 108828695,
        "variance_ns2": 151258810850085.97,
        "iqr_ns": 458315.49594108167,
        "q1_ns": 17642.75663316316,
        "q3_ns": 475958.2525742448
      },
      "futex_op_counts": {
        "128": 363
      },
      "first_seen_ts_ns": 339503961032,
      "last_seen_ts_ns": 339619014816
    },
    {
      "tgid": 10484,
      "comm": "runc",
      "cgroup_id": 6520,
      "wait_duration_stats_ns": {
        "count": 241.0,
        "sum": 752538437.0,
        "mean": 3122566.128630705,
        "median": 122133.88257663656,
        "min": 3993,
        "max": 103897471,
        "variance_ns2": 226639706759080.72,
        "iqr_ns": 911354.6462532757,
        "q1_ns": 16386.098124512522,
        "q3_ns": 927740.7443777882
      },
      "futex_op_counts": {
        "128": 241
      },
      "first_seen_ts_ns": 489508165180,
      "last_seen_ts_ns": 489615300477
    },
    {
      "tgid": 9981,
      "comm": "runc",
      "cgroup_id": 6520,
      "wait_duration_stats_ns": {
        "count": 342.0,
        "sum": 724715795.9999999,
        "mean": 2119052.035087719,
        "median": 68425.8199463587,
        "min": 746,
        "max": 103180023,
        "variance_ns2": 158667932467654.0,
        "iqr_ns": 328805.3077732226,
        "q1_ns": 24720.509265139135,
        "q3_ns": 353525.81703836174
      },
      "futex_op_counts": {
        "128": 342
      },
      "first_seen_ts_ns": 369513011605,
      "last_seen_ts_ns": 369620324112
    },
    {
      "tgid": 10027,
      "comm": "runc",
      "cgroup_id": 6520,
      "wait_duration_stats_ns": {
        "count": 317.0,
        "sum": 710385404.0,
        "mean": 2240963.41955836,
        "median": 145146.29898473644,
        "min": 844,
        "max": 95634359,
        "variance_ns2": 125476916946019.84,
        "iqr_ns": 1090757.536698421,
        "q1_ns": 26431.430196628487,
        "q3_ns": 1117188.9668950494
      },
      "futex_op_counts": {
        "128": 317
      },
      "first_seen_ts_ns": 389505883584,
      "last_seen_ts_ns": 389613017787
    },
    {
      "tgid": 9643,
      "comm": "runc",
      "cgroup_id": 6520,
      "wait_duration_stats_ns": {
        "count": 381.0,
        "sum": 671840415.9999999,
        "mean": 1763360.6719160103,
        "median": 72162.56344871153,
        "min": 755,
        "max": 97557943,
        "variance_ns2": 126202561176402.47,
        "iqr_ns": 395960.50418586686,
        "q1_ns": 22044.464587473485,
        "q3_ns": 418004.96877334034
      },
      "futex_op_counts": {
        "128": 381
      },
      "first_seen_ts_ns": 329504479920,
      "last_seen_ts_ns": 329607187504
    },
    {
      "tgid": 9752,
      "comm": "runc",
      "cgroup_id": 6520,
      "wait_duration_stats_ns": {
        "count": 319.0,
        "sum": 665149828.0,
        "mean": 2085109.1786833857,
        "median": 74273.94894289738,
        "min": 17367,
        "max": 108212737,
        "variance_ns2": 161280943840190.25,
        "iqr_ns": 345687.4047021628,
        "q1_ns": 27724.945243867656,
        "q3_ns": 373412.3499460304
      },
      "futex_op_counts": {
        "128": 319
      },
      "first_seen_ts_ns": 349509787450,
      "last_seen_ts_ns": 349627026004
    },
    {
      "tgid": 10460,
      "comm": "runc",
      "cgroup_id": 6520,
      "wait_duration_stats_ns": {
        "count": 395.0,
        "sum": 664483604.0,
        "mean": 1682236.9721518988,
        "median": 56532.05969712489,
        "min": 407,
        "max": 95787158,
        "variance_ns2": 118837661237170.6,
        "iqr_ns": 293832.3315965708,
        "q1_ns": 16618.568426737867,
        "q3_ns": 310450.90002330864
      },
      "futex_op_counts": {
        "128": 395
      },
      "first_seen_ts_ns": 479508244496,
      "last_seen_ts_ns": 479609193266
    },
    {
      "tgid": 10049,
      "comm": "runc",
      "cgroup_id": 6520,
      "wait_duration_stats_ns": {
        "count": 306.0,
        "sum": 648452394.9999999,
        "mean": 2119125.473856209,
        "median": 70744.5084423557,
        "min": 9468,
        "max": 92380374,
        "variance_ns2": 125236206685641.19,
        "iqr_ns": 489968.7056747794,
        "q1_ns": 23881.95022318221,
        "q3_ns": 513850.65589796164
      },
      "futex_op_counts": {
        "128": 306
      },
      "first_seen_ts_ns": 399503709072,
      "last_seen_ts_ns": 399600011869
    },
    {
      "tgid": 10074,
      "comm": "runc",
      "cgroup_id": 6520,
      "wait_duration_stats_ns": {
        "count": 351.0,
        "sum": 634174761.0,
        "mean": 1806765.700854701,
        "median": 62304.22610412147,
        "min": 678,
        "max": 91840210,
        "variance_ns2": 96377117464175.7,
        "iqr_ns": 281263.00478356786,
        "q1_ns": 20770.794296782584,
        "q3_ns": 302033.79908035044
      },
      "futex_op_counts": {
        "128": 351
      },
      "first_seen_ts_ns": 409508716448,
      "last_seen_ts_ns": 409603676132
    },
    {
      "tgid": 9621,
      "comm": "runc",
      "cgroup_id": 6520,
      "wait_duration_stats_ns": {
        "count": 347.0,
        "sum": 576447080.0,
        "mean": 1661230.7780979828,
        "median": 139056.89389430537,
        "min": 6831,
        "max": 80620336,
        "variance_ns2": 64809073123062.12,
        "iqr_ns": 453476.46550735424,
        "q1_ns": 21525.966257031054,
        "q3_ns": 475002.4317643853
      },
      "futex_op_counts": {
        "128": 347
      },
      "first_seen_ts_ns": 319504341550,
      "last_seen_ts_ns": 319592598240
    },
    {
      "tgid": 9597,
      "comm": "runc",
      "cgroup_id": 6520,
      "wait_duration_stats_ns": {
        "count": 349.0,
        "sum": 564820341.9999999,
        "mean": 1618396.3954154723,
        "median": 87554.20007906957,
        "min": 555,
        "max": 80336212,
        "variance_ns2": 72907547358937.47,
        "iqr_ns": 485909.5563175353,
        "q1_ns": 29452.885407911333,
        "q3_ns": 515362.4417254466
      },
      "futex_op_counts": {
        "128": 349
      },
      "first_seen_ts_ns": 309503299386,
      "last_seen_ts_ns": 309590013174
    },
    {
      "tgid": 10005,
      "comm": "runc",
      "cgroup_id": 6520,
      "wait_duration_stats_ns": {
        "count": 345.0,
        "sum": 499399040.0,
        "mean": 1447533.4492753623,
        "median": 50429.90829047406,
        "min": 6313,
        "max": 81191718,
        "variance_ns2": 69970811222976.055,
        "iqr_ns": 270355.24594632856,
        "q1_ns": 17904.36377070821,
        "q3_ns": 288259.6097170368
      },
      "futex_op_counts": {
        "128": 345
      },
      "first_seen_ts_ns": 379507226827,
      "last_seen_ts_ns": 379591660245
    },
    {
      "tgid": 10095,
      "comm": "runc",
      "cgroup_id": 6520,
      "wait_duration_stats_ns": {
        "count": 284.0,
        "sum": 491520112.0,
        "mean": 1730704.61971831,
        "median": 59264.21243421295,
        "min": 898,
        "max": 76730786,
        "variance_ns2": 92935294629188.67,
        "iqr_ns": 2168652.1290988927,
        "q1_ns": 15972.710909152353,
        "q3_ns": 2184624.840008045
      },
      "futex_op_counts": {
        "128": 284
      },
      "first_seen_ts_ns": 419505854990,
      "last_seen_ts_ns": 419591854841
    },
    {
      "tgid": 10522,
      "comm": "runc:[2:INIT]",
      "cgroup_id": 8855,
      "wait_duration_stats_ns": {
        "count": 31.0,
        "sum": 489101388.0000001,
        "mean": 15777464.129032262,
        "median": 2758536.2250017454,
        "min": 16530,
        "max": 84151489,
        "variance_ns2": 709816846169863.9,
        "iqr_ns": 7774270.318064163,
        "q1_ns": 130077.36091045942,
        "q3_ns": 7904347.678974623
      },
      "futex_op_counts": {
        "128": 31
      },
      "first_seen_ts_ns": 499546191470,
      "last_seen_ts_ns": 499646230202
    },
    {
      "tgid": 10437,
      "comm": "runc",
      "cgroup_id": 6520,
      "wait_duration_stats_ns": {
        "count": 363.0,
        "sum": 486329507.0,
        "mean": 1339750.7079889807,
        "median": 129935.16526494244,
        "min": 6951,
        "max": 71332688,
        "variance_ns2": 42308043933444.26,
        "iqr_ns": 677422.2922849795,
        "q1_ns": 27158.21025640229,
        "q3_ns": 704580.5025413817
      },
      "futex_op_counts": {
        "128": 363
      },
      "first_seen_ts_ns": 469506495345,
      "last_seen_ts_ns": 469586349953
    },
    {
      "tgid": 9585,
      "comm": "runc:[2:INIT]",
      "cgroup_id": 8855,
      "wait_duration_stats_ns": {
        "count": 39.0,
        "sum": 426819912.0,
        "mean": 10944100.307692308,
        "median": 1965964.6154697626,
        "min": 4502,
        "max": 67975953,
        "variance_ns2": 422273688689816.25,
        "iqr_ns": 5346208.285594178,
        "q1_ns": 37387.63415201916,
        "q3_ns": 5383595.919746198
      },
      "futex_op_counts": {
        "128": 39
      },
      "first_seen_ts_ns": 299545045505,
      "last_seen_ts_ns": 299630801252
    },
    {
      "tgid": 10393,
      "comm": "runc:[2:INIT]",
      "cgroup_id": 8855,
      "wait_duration_stats_ns": {
        "count": 47.0,
        "sum": 421167796.0,
        "mean": 8961016.936170213,
        "median": 1598155.5635949366,
        "min": 7960,
        "max": 70217385,
        "variance_ns2": 415336466404854.6,
        "iqr_ns": 8616288.529644344,
        "q1_ns": 52761.296271563115,
        "q3_ns": 8669049.825915907
      },
      "futex_op_counts": {
        "128": 47
      },
      "first_seen_ts_ns": 459558021108,
      "last_seen_ts_ns": 459647038316
    },
    {
      "tgid": 10126,
      "comm": "runc:[2:INIT]",
      "cgroup_id": 8855,
      "wait_duration_stats_ns": {
        "count": 29.0,
        "sum": 395227148.99999994,
        "mean": 13628522.379310343,
        "median": 3058017.884603534,
        "min": 12300,
        "max": 67149919,
        "variance_ns2": 613081764379919.0,
        "iqr_ns": 20257609.482112464,
        "q1_ns": 196327.83733633457,
        "q3_ns": 20453937.3194488
      },
      "futex_op_counts": {
        "128": 29
      },
      "first_seen_ts_ns": 429533944391,
      "last_seen_ts_ns": 429616895743
    },
    {
      "tgid": 10349,
      "comm": "runc:[2:INIT]",
      "cgroup_id": 8855,
      "wait_duration_stats_ns": {
        "count": 34.0,
        "sum": 394565241.0,
        "mean": 11604860.029411765,
        "median": 825663.317978946,
        "min": 13047,
        "max": 85283126,
        "variance_ns2": 718099703471922.0,
        "iqr_ns": 14780650.281768732,
        "q1_ns": 64110.96006646962,
        "q3_ns": 14844761.241835201
      },
      "futex_op_counts": {
        "128": 34
      },
      "first_seen_ts_ns": 449529080136,
      "last_seen_ts_ns": 449634451705
    },
    {
      "tgid": 9762,
      "comm": "runc:[2:INIT]",
      "cgroup_id": 8855,
      "wait_duration_stats_ns": {
        "count": 34.0,
        "sum": 393911839.00000006,
        "mean": 11585642.323529413,
        "median": 705033.0651239994,
        "min": 14337,
        "max": 67651407,
        "variance_ns2": 501458231378567.2,
        "iqr_ns": 8916813.732516779,
        "q1_ns": 44054.22456287203,
        "q3_ns": 8960867.95707965
      },
      "futex_op_counts": {
        "128": 34
      },
      "first_seen_ts_ns": 349541205954,
      "last_seen_ts_ns": 349624808221
    },
    {
      "tgid": 10400,
      "comm": "gke-exec-auth-p",
      "cgroup_id": 6580,
      "wait_duration_stats_ns": {
        "count": 203.0,
        "sum": 387033878.0000002,
        "mean": 1906570.8275862078,
        "median": 113410.08240434961,
        "min": 567,
        "max": 45464058,
        "variance_ns2": 42287621450336.97,
        "iqr_ns": 825855.427576997,
        "q1_ns": 26943.19551450327,
        "q3_ns": 852798.6230915003
      },
      "futex_op_counts": {
        "128": 203
      },
      "first_seen_ts_ns": 459623525961,
      "last_seen_ts_ns": 459714019797
    },
    {
      "tgid": 10038,
      "comm": "runc:[2:INIT]",
      "cgroup_id": 8855,
      "wait_duration_stats_ns": {
        "count": 29.0,
        "sum": 374203592.00000006,
        "mean": 12903572.137931036,
        "median": 2634132.9821519097,
        "min": 19229,
        "max": 64134066,
        "variance_ns2": 428702851924188.8,
        "iqr_ns": 15861891.78705165,
        "q1_ns": 947372.2220246848,
        "q3_ns": 16809264.009076335
      },
      "futex_op_counts": {
        "128": 29
      },
      "first_seen_ts_ns": 389530012832,
      "last_seen_ts_ns": 389606868703
    },
    {
      "tgid": 10495,
      "comm": "runc:[2:INIT]",
      "cgroup_id": 8855,
      "wait_duration_stats_ns": {
        "count": 33.0,
        "sum": 365987981.9999999,
        "mean": 11090544.909090906,
        "median": 1087504.20868245,
        "min": 14686,
        "max": 63093280,
        "variance_ns2": 400989476321870.8,
        "iqr_ns": 11031010.70277027,
        "q1_ns": 123651.87769075148,
        "q3_ns": 11154662.580461022
      },
      "futex_op_counts": {
        "128": 33
      },
      "first_seen_ts_ns": 489536213647,
      "last_seen_ts_ns": 489615113972
    },
    {
      "tgid": 10471,
      "comm": "runc:[2:INIT]",
      "cgroup_id": 8855,
      "wait_duration_stats_ns": {
        "count": 30.0,
        "sum": 355034705.99999994,
        "mean": 11834490.199999997,
        "median": 1590338.1388496517,
        "min": 724,
        "max": 60805044,
        "variance_ns2": 417083270192848.94,
        "iqr_ns": 13092453.195504334,
        "q1_ns": 112773.93568672374,
        "q3_ns": 13205227.131191058
      },
      "futex_op_counts": {
        "128": 30
      },
      "first_seen_ts_ns": 479535015671,
      "last_seen_ts_ns": 479607953104
    },
    {
      "tgid": 9676,
      "comm": "runc:[2:INIT]",
      "cgroup_id": 8855,
      "wait_duration_stats_ns": {
        "count": 31.0,
        "sum": 350614403.99999994,
        "mean": 11310142.064516127,
        "median": 2901968.5062097316,
        "min": 469,
        "max": 57610495,
        "variance_ns2": 343455405032150.56,
        "iqr_ns": 14228813.485020388,
        "q1_ns": 98365.15046296298,
        "q3_ns": 14327178.63548335
      },
      "futex_op_counts": {
        "128": 31
      },
      "first_seen_ts_ns": 339540160432,
      "last_seen_ts_ns": 339615635300
    },
    {
      "tgid": 9654,
      "comm": "runc:[2:INIT]",
      "cgroup_id": 8855,
      "wait_duration_stats_ns": {
        "count": 29.0,
        "sum": 327627930.9999999,
        "mean": 11297514.862068962,
        "median": 1099941.4250694315,
        "min": 787,
        "max": 53919077,
        "variance_ns2": 369611548069597.9,
        "iqr_ns": 15643436.43947078,
        "q1_ns": 134863.7985578598,
        "q3_ns": 15778300.238028638
      },
      "futex_op_counts": {
        "128": 29
      },
      "first_seen_ts_ns": 329535182618,
      "last_seen_ts_ns": 329605351461
    },
    {
      "tgid": 10060,
      "comm": "runc:[2:INIT]",
      "cgroup_id": 8855,
      "wait_duration_stats_ns": {
        "count": 28.0,
        "sum": 305281044.0,
        "mean": 10902894.42857143,
        "median": 1354300.4938047903,
        "min": 23461,
        "max": 49175805,
        "variance_ns2": 318167165165398.7,
        "iqr_ns": 11715309.666681858,
        "q1_ns": 88929.92115815182,
        "q3_ns": 11804239.58784001
      },
      "futex_op_counts": {
        "128": 28
      },
      "first_seen_ts_ns": 399534152520,
      "last_seen_ts_ns": 399599085212
    },
    {
      "tgid": 9994,
      "comm": "runc:[2:INIT]",
      "cgroup_id": 8855,
      "wait_duration_stats_ns": {
        "count": 25.0,
        "sum": 285272310.00000006,
        "mean": 11410892.400000002,
        "median": 1703194.2424235754,
        "min": 3984,
        "max": 59466543,
        "variance_ns2": 434310798920974.5,
        "iqr_ns": 11858856.414525999,
        "q1_ns": 61420.500781250004,
        "q3_ns": 11920276.915307248
      },
      "futex_op_counts": {
        "128": 25
      },
      "first_seen_ts_ns": 369544111790,
      "last_seen_ts_ns": 369621069830
    },
    {
      "tgid": 10105,
      "comm": "runc:[2:INIT]",
      "cgroup_id": 8855,
      "wait_duration_stats_ns": {
        "count": 29.0,
        "sum": 282343540.00000006,
        "mean": 9735984.137931036,
        "median": 2273441.59602963,
        "min": 520,
        "max": 45194441,
        "variance_ns2": 223739022886724.25,
        "iqr_ns": 13007491.967264785,
        "q1_ns": 210906.46289094325,
        "q3_ns": 13218398.430155728
      },
      "futex_op_counts": {
        "128": 29
      },
      "first_seen_ts_ns": 419531114908,
      "last_seen_ts_ns": 419591880842
    },
    {
      "tgid": 10016,
      "comm": "runc:[2:INIT]",
      "cgroup_id": 8855,
      "wait_duration_stats_ns": {
        "count": 34.0,
        "sum": 264967083.0,
        "mean": 7793149.5,
        "median": 1670866.31420158,
        "min": 17057,
        "max": 37752029,
        "variance_ns2": 152770838163629.03,
        "iqr_ns": 7819593.446817623,
        "q1_ns": 76688.29670243674,
        "q3_ns": 7896281.743520061
      },
      "futex_op_counts": {
        "128": 34
      },
      "first_seen_ts_ns": 379534771985,
      "last_seen_ts_ns": 379591470107
    },
    {
      "tgid": 9632,
      "comm": "runc:[2:INIT]",
      "cgroup_id": 8855,
      "wait_duration_stats_ns": {
        "count": 28.0,
        "sum": 256970263.99999997,
        "mean": 9177509.428571427,
        "median": 592039.040711493,
        "min": 19268,
        "max": 39022220,
        "variance_ns2": 209417418892800.75,
        "iqr_ns": 14423246.353488393,
        "q1_ns": 109871.02844775404,
        "q3_ns": 14533117.381936148
      },
      "futex_op_counts": {
        "128": 28
      },
      "first_seen_ts_ns": 319537148607,
      "last_seen_ts_ns": 319592364376
    },
    {
      "tgid": 9303,
      "comm": "runc",
      "cgroup_id": 6520,
      "wait_duration_stats_ns": {
        "count": 369.0,
        "sum": 246420738.0,
        "mean": 667806.8780487805,
        "median": 36362.5426900208,
        "min": 1423,
        "max": 36448025,
        "variance_ns2": 19460853533611.207,
        "iqr_ns": 143587.77450621428,
        "q1_ns": 17870.60977194363,
        "q3_ns": 161458.3842781579
      },
      "futex_op_counts": {
        "128": 369
      },
      "first_seen_ts_ns": 279503740016,
      "last_seen_ts_ns": 279543035344
    },
    {
      "tgid": 10085,
      "comm": "runc:[2:INIT]",
      "cgroup_id": 8855,
      "wait_duration_stats_ns": {
        "count": 25.0,
        "sum": 242683326.00000003,
        "mean": 9707333.040000001,
        "median": 1917772.733315928,
        "min": 18633,
        "max": 43825599,
        "variance_ns2": 164903555109801.4,
        "iqr_ns": 12233577.63251148,
        "q1_ns": 1230922.594193907,
        "q3_ns": 13464500.226705387
      },
      "futex_op_counts": {
        "128": 25
      },
      "first_seen_ts_ns": 409542016123,
      "last_seen_ts_ns": 409603622980
    },
    {
      "tgid": 9551,
      "comm": "runc",
      "cgroup_id": 6520,
      "wait_duration_stats_ns": {
        "count": 355.0,
        "sum": 226324295.00000003,
        "mean": 637533.2253521128,
        "median": 34075.28101488637,
        "min": 545,
        "max": 33577423,
        "variance_ns2": 16752360170257.455,
        "iqr_ns": 98739.00556098895,
        "q1_ns": 14355.590142320438,
        "q3_ns": 113094.59570330939
      },
      "futex_op_counts": {
        "128": 355
      },
      "first_seen_ts_ns": 289505161517,
      "last_seen_ts_ns": 289541685398
    },
    {
      "tgid": 9960,
      "comm": "runc",
      "cgroup_id": 6520,
      "wait_duration_stats_ns": {
        "count": 396.0,
        "sum": 217118945.99999997,
        "mean": 548280.1666666666,
        "median": 22999.56612790605,
        "min": 6988,
        "max": 37620782,
        "variance_ns2": 16277504480992.69,
        "iqr_ns": 93348.77824058832,
        "q1_ns": 13180.25329007202,
        "q3_ns": 106529.03153066034
      },
      "futex_op_counts": {
        "128": 396
      },
      "first_seen_ts_ns": 359503272341,
      "last_seen_ts_ns": 359543686783
    },
    {
      "tgid": 10447,
      "comm": "runc:[2:INIT]",
      "cgroup_id": 8855,
      "wait_duration_stats_ns": {
        "count": 34.0,
        "sum": 214778155.0,
        "mean": 6317004.55882353,
        "median": 795748.0502708396,
        "min": 2880,
        "max": 30626246,
        "variance_ns2": 91732316744603.7,
        "iqr_ns": 7073203.814328677,
        "q1_ns": 40146.83178128322,
        "q3_ns": 7113350.64610996
      },
      "futex_op_counts": {
        "128": 34
      },
      "first_seen_ts_ns": 469537092263,
      "last_seen_ts_ns": 469584334020
    },
    {
      "tgid": 9608,
      "comm": "runc:[2:INIT]",
      "cgroup_id": 8855,
      "wait_duration_stats_ns": {
        "count": 37.0,
        "sum": 211513851.00000003,
        "mean": 5716590.567567568,
        "median": 1457564.2112703202,
        "min": 2068,
        "max": 19255273,
        "variance_ns2": 56730590738110.48,
        "iqr_ns": 10577321.399683604,
        "q1_ns": 219455.0277022429,
        "q3_ns": 10796776.427385846
      },
      "futex_op_counts": {
        "128": 37
      },
      "first_seen_ts_ns": 309544265210,
      "last_seen_ts_ns": 309582689870
    },
    {
      "tgid": 10316,
      "comm": "runc",
      "cgroup_id": 6520,
      "wait_duration_stats_ns": {
        "count": 398.0,
        "sum": 210324687.0,
        "mean": 528453.987437186,
        "median": 27762.190408044225,
        "min": 559,
        "max": 36440040,
        "variance_ns2": 15008125883936.398,
        "iqr_ns": 77643.68793470383,
        "q1_ns": 15427.983275975952,
        "q3_ns": 93071.67121067978
      },
      "futex_op_counts": {
        "128": 398
      },
      "first_seen_ts_ns": 439503286578,
      "last_seen_ts_ns": 439542587339
    },
    {
      "tgid": 9971,
      "comm": "runc:[2:INIT]",
      "cgroup_id": 8855,
      "wait_duration_stats_ns": {
        "count": 26.0,
        "sum": 144927385.99999997,
        "mean": 5574130.23076923,
        "median": 683279.7510814294,
        "min": 17851,
        "max": 17091278,
        "variance_ns2": 52049027125650.34,
        "iqr_ns": 8992203.3865142,
        "q1_ns": 100894.51697929425,
        "q3_ns": 9093097.903493494
      },
      "futex_op_counts": {
        "128": 26
      },
      "first_seen_ts_ns": 359510986669,
      "last_seen_ts_ns": 359543737656
    },
    {
      "tgid": 10327,
      "comm": "runc:[2:INIT]",
      "cgroup_id": 8855,
      "wait_duration_stats_ns": {
        "count": 29.0,
        "sum": 138800908.00000003,
        "mean": 4786238.206896553,
        "median": 696580.5732697847,
        "min": 535,
        "max": 15862449,
        "variance_ns2": 45176323508947.81,
        "iqr_ns": 9269371.796638496,
        "q1_ns": 91514.11376873791,
        "q3_ns": 9360885.910407234
      },
      "futex_op_counts": {
        "128": 29
      },
      "first_seen_ts_ns": 439511176232,
      "last_seen_ts_ns": 439542661319
    },
    {
      "tgid": 9314,
      "comm": "runc:[2:INIT]",
      "cgroup_id": 8855,
      "wait_duration_stats_ns": {
        "count": 27.0,
        "sum": 138151564.00000003,
        "mean": 5116724.592592593,
        "median": 1287853.2308210244,
        "min": 17621,
        "max": 15729203,
        "variance_ns2": 45466576407367.484,
        "iqr_ns": 9631007.572310943,
        "q1_ns": 55443.06238578095,
        "q3_ns": 9686450.634696724
      },
      "futex_op_counts": {
        "128": 27
      },
      "first_seen_ts_ns": 279511596648,
      "last_seen_ts_ns": 279543029537
    },
    {
      "tgid": 9562,
      "comm": "runc:[2:INIT]",
      "cgroup_id": 8855,
      "wait_duration_stats_ns": {
        "count": 28.0,
        "sum": 123555708.0,
        "mean": 4412703.857142857,
        "median": 472706.39681990095,
        "min": 3070,
        "max": 15605870,
        "variance_ns2": 36140614148936.57,
        "iqr_ns": 7609225.899893176,
        "q1_ns": 59259.40258579799,
        "q3_ns": 7668485.302478974
      },
      "futex_op_counts": {
        "128": 28
      },
      "first_seen_ts_ns": 289513275632,
      "last_seen_ts_ns": 289541762222
    },
    {
      "tgid": 9654,
      "comm": "csi-node-driver",
      "cgroup_id": 8855,
      "wait_duration_stats_ns": {
        "count": 20.0,
        "sum": 24753945.0,
        "mean": 1237697.25,
        "median": 415275.7963053379,
        "min": 18331,
        "max": 3918167,
        "variance_ns2": 2190104193297.7764,
        "iqr_ns": 2215670.8066427233,
        "q1_ns": 46858.46666666667,
        "q3_ns": 2262529.27330939
      },
      "futex_op_counts": {
        "128": 20
      },
      "first_seen_ts_ns": 329612436804,
      "last_seen_ts_ns": 329619486401
    },
    {
      "tgid": 10393,
      "comm": "csi-node-driver",
      "cgroup_id": 8855,
      "wait_duration_stats_ns": {
        "count": 16.0,
        "sum": 11368488.0,
        "mean": 710530.5,
        "median": 287127.9159786523,
        "min": 21298,
        "max": 3326226,
        "variance_ns2": 948519574878.1333,
        "iqr_ns": 987876.8609920634,
        "q1_ns": 46671.159722222226,
        "q3_ns": 1034548.0207142857
      },
      "futex_op_counts": {
        "128": 16
      },
      "first_seen_ts_ns": 459653719198,
      "last_seen_ts_ns": 459657511116
    },
    {
      "tgid": 10085,
      "comm": "csi-node-driver",
      "cgroup_id": 8855,
      "wait_duration_stats_ns": {
        "count": 18.0,
        "sum": 10809615.0,
        "mean": 600534.1666666666,
        "median": 255813.09487613375,
        "min": 565,
        "max": 3680636,
        "variance_ns2": 989740829717.3235,
        "iqr_ns": 492547.1575329023,
        "q1_ns": 62892.97095194611,
        "q3_ns": 555440.1284848484
      },
      "futex_op_counts": {
        "128": 18
      },
      "first_seen_ts_ns": 409606077079,
      "last_seen_ts_ns": 409609751787
    },
    {
      "tgid": 10447,
      "comm": "csi-node-driver",
      "cgroup_id": 8855,
      "wait_duration_stats_ns": {
        "count": 20.0,
        "sum": 10809182.000000002,
        "mean": 540459.1000000001,
        "median": 181507.52188543702,
        "min": 15757,
        "max": 1551613,
        "variance_ns2": 365167206117.3579,
        "iqr_ns": 943655.7313963961,
        "q1_ns": 24960.653629758235,
        "q3_ns": 968616.3850261543
      },
      "futex_op_counts": {
        "128": 20
      },
      "first_seen_ts_ns": 469586511567,
      "last_seen_ts_ns": 469590378139
    },
    {
      "tgid": 9585,
      "comm": "csi-node-driver",
      "cgroup_id": 8855,
      "wait_duration_stats_ns": {
        "count": 15.0,
        "sum": 10289021.0,
        "mean": 685934.7333333333,
        "median": 540387.1848495371,
        "min": 12092,
        "max": 1635165,
        "variance_ns2": 435046559414.49524,
        "iqr_ns": 1128451.840915524,
        "q1_ns": 102533.35908447595,
        "q3_ns": 1230985.2
      },
      "futex_op_counts": {
        "128": 15
      },
      "first_seen_ts_ns": 299636421995,
      "last_seen_ts_ns": 299641379110
    },
    {
      "tgid": 9021,
      "comm": "flux-broker-34",
      "cgroup_id": 9652,
      "wait_duration_stats_ns": {
        "count": 441.0,
        "sum": 10266500.999999996,
        "mean": 23280.04761904761,
        "median": 4242.10217768698,
        "min": 386,
        "max": 3609958,
        "variance_ns2": 46049331557.70002,
        "iqr_ns": 20678.50014123119,
        "q1_ns": 524.1564526605727,
        "q3_ns": 21202.656593891763
      },
      "futex_op_counts": {
        "128": 441
      },
      "first_seen_ts_ns": 279753020360,
      "last_seen_ts_ns": 507064252062
    },
    {
      "tgid": 9762,
      "comm": "csi-node-driver",
      "cgroup_id": 8855,
      "wait_duration_stats_ns": {
        "count": 19.0,
        "sum": 9924252.999999998,
        "mean": 522329.1052631578,
        "median": 285382.94560512435,
        "min": 10058,
        "max": 1874822,
        "variance_ns2": 445057868080.87726,
        "iqr_ns": 604165.4880572917,
        "q1_ns": 35443.369401041666,
        "q3_ns": 639608.8574583334
      },
      "futex_op_counts": {
        "128": 19
      },
      "first_seen_ts_ns": 349630700688,
      "last_seen_ts_ns": 349634052404
    },
    {
      "tgid": 9314,
      "comm": "csi-node-driver",
      "cgroup_id": 8855,
      "wait_duration_stats_ns": {
        "count": 20.0,
        "sum": 9837444.999999998,
        "mean": 491872.24999999994,
        "median": 272830.7821004231,
        "min": 13743,
        "max": 1845572,
        "variance_ns2": 412904250301.8816,
        "iqr_ns": 552509.0801110524,
        "q1_ns": 26590.305898491082,
        "q3_ns": 579099.3860095434
      },
      "futex_op_counts": {
        "128": 20
      },
      "first_seen_ts_ns": 279544962077,
      "last_seen_ts_ns": 279548280351
    },
    {
      "tgid": 10038,
      "comm": "csi-node-driver",
      "cgroup_id": 8855,
      "wait_duration_stats_ns": {
        "count": 20.0,
        "sum": 9769357.0,
        "mean": 488467.85,
        "median": 271074.5658338397,
        "min": 12504,
        "max": 1918367,
        "variance_ns2": 434820810601.8185,
        "iqr_ns": 555865.252812996,
        "q1_ns": 27979.021656378605,
        "q3_ns": 583844.2744693747
      },
      "futex_op_counts": {
        "128": 20
      },
      "first_seen_ts_ns": 389609196500,
      "last_seen_ts_ns": 389612546516
    },
    {
      "tgid": 10349,
      "comm": "csi-node-driver",
      "cgroup_id": 8855,
      "wait_duration_stats_ns": {
        "count": 16.0,
        "sum": 9748227.0,
        "mean": 609264.1875,
        "median": 270848.88697824813,
        "min": 15651,
        "max": 3650850,
        "variance_ns2": 916722355380.8292,
        "iqr_ns": 699717.8617380952,
        "q1_ns": 33583.77083333333,
        "q3_ns": 733301.6325714285
      },
      "futex_op_counts": {
        "128": 16
      },
      "first_seen_ts_ns": 449638369201,
      "last_seen_ts_ns": 449642012135
    },
    {
      "tgid": 10060,
      "comm": "csi-node-driver",
      "cgroup_id": 8855,
      "wait_duration_stats_ns": {
        "count": 16.0,
        "sum": 9702915.0,
        "mean": 606432.1875,
        "median": 169615.06327160494,
        "min": 21134,
        "max": 2658692,
        "variance_ns2": 833407878618.5625,
        "iqr_ns": 495112.4200113379,
        "q1_ns": 26859.708333333336,
        "q3_ns": 521972.1283446712
      },
      "futex_op_counts": {
        "128": 16
      },
      "first_seen_ts_ns": 399607363659,
      "last_seen_ts_ns": 399610606713
    },
    {
      "tgid": 9994,
      "comm": "csi-node-driver",
      "cgroup_id": 8855,
      "wait_duration_stats_ns": {
        "count": 14.0,
        "sum": 9620518.0,
        "mean": 687179.8571428572,
        "median": 47415.262518518524,
        "min": 12403,
        "max": 3639373,
        "variance_ns2": 1456224505461.2087,
        "iqr_ns": 308370.40277777775,
        "q1_ns": 25851.722222222223,
        "q3_ns": 334222.125
      },
      "futex_op_counts": {
        "128": 14
      },
      "first_seen_ts_ns": 369624385585,
      "last_seen_ts_ns": 369628014704
    },
    {
      "tgid": 9971,
      "comm": "csi-node-driver",
      "cgroup_id": 8855,
      "wait_duration_stats_ns": {
        "count": 21.0,
        "sum": 9550106.0,
        "mean": 454766.9523809524,
        "median": 106751.42435802106,
        "min": 10260,
        "max": 1817676,
        "variance_ns2": 401683124138.2476,
        "iqr_ns": 823768.4859942547,
        "q1_ns": 33571.746788653734,
        "q3_ns": 857340.2327829085
      },
      "futex_op_counts": {
        "128": 21
      },
      "first_seen_ts_ns": 359545400868,
      "last_seen_ts_ns": 359548680259
    },
    {
      "tgid": 9608,
      "comm": "csi-node-driver",
      "cgroup_id": 8855,
      "wait_duration_stats_ns": {
        "count": 22.0,
        "sum": 9467883.999999998,
        "mean": 430358.36363636353,
        "median": 82898.62352500099,
        "min": 15019,
        "max": 1824848,
        "variance_ns2": 366216768101.3853,
        "iqr_ns": 543628.4614306735,
        "q1_ns": 38757.58998842593,
        "q3_ns": 582386.0514190994
      },
      "futex_op_counts": {
        "128": 22
      },
      "first_seen_ts_ns": 309585900146,
      "last_seen_ts_ns": 309589173045
    },
    {
      "tgid": 10495,
      "comm": "csi-node-driver",
      "cgroup_id": 8855,
      "wait_duration_stats_ns": {
        "count": 20.0,
        "sum": 9371100.0,
        "mean": 468555.0,
        "median": 68780.72010292657,
        "min": 18564,
        "max": 1852803,
        "variance_ns2": 414806265124.9474,
        "iqr_ns": 779386.7341313178,
        "q1_ns": 26559.310185185193,
        "q3_ns": 805946.044316503
      },
      "futex_op_counts": {
        "128": 20
      },
      "first_seen_ts_ns": 489617419906,
      "last_seen_ts_ns": 489620641689
    },
    {
      "tgid": 10105,
      "comm": "csi-node-driver",
      "cgroup_id": 8855,
      "wait_duration_stats_ns": {
        "count": 22.0,
        "sum": 9303641.999999998,
        "mean": 422892.8181818181,
        "median": 53766.96939048545,
        "min": 2295,
        "max": 1855799,
        "variance_ns2": 403033130842.15576,
        "iqr_ns": 353091.8621111465,
        "q1_ns": 14713.21135942227,
        "q3_ns": 367805.07347056875
      },
      "futex_op_counts": {
        "128": 22
      },
      "first_seen_ts_ns": 419597430475,
      "last_seen_ts_ns": 419600633628
    },
    {
      "tgid": 10522,
      "comm": "csi-node-driver",
      "cgroup_id": 8855,
      "wait_duration_stats_ns": {
        "count": 19.0,
        "sum": 9158170.999999998,
        "mean": 482008.9999999999,
        "median": 101829.61999627975,
        "min": 15383,
        "max": 1735939,
        "variance_ns2": 382517072375.5555,
        "iqr_ns": 717275.4902649176,
        "q1_ns": 20448.731228298617,
        "q3_ns": 737724.2214932162
      },
      "futex_op_counts": {
        "128": 19
      },
      "first_seen_ts_ns": 499651619935,
      "last_seen_ts_ns": 499654719195
    },
    {
      "tgid": 9632,
      "comm": "csi-node-driver",
      "cgroup_id": 8855,
      "wait_duration_stats_ns": {
        "count": 19.0,
        "sum": 9056257.0,
        "mean": 476645.1052631579,
        "median": 212084.48213596782,
        "min": 9598,
        "max": 1809700,
        "variance_ns2": 409548178903.9883,
        "iqr_ns": 387028.7463989199,
        "q1_ns": 28883.860050154322,
        "q3_ns": 415912.6064490742
      },
      "futex_op_counts": {
        "128": 19
      },
      "first_seen_ts_ns": 319597530870,
      "last_seen_ts_ns": 319600618522
    },
    {
      "tgid": 10126,
      "comm": "csi-node-driver",
      "cgroup_id": 8855,
      "wait_duration_stats_ns": {
        "count": 21.0,
        "sum": 8981682.0,
        "mean": 427699.14285714284,
        "median": 125862.33134853965,
        "min": 21758,
        "max": 1478345,
        "variance_ns2": 300883030832.82855,
        "iqr_ns": 596764.593130968,
        "q1_ns": 57221.74508578134,
        "q3_ns": 653986.3382167494
      },
      "futex_op_counts": {
        "128": 21
      },
      "first_seen_ts_ns": 429619182005,
      "last_seen_ts_ns": 429622663979
    },
    {
      "tgid": 10327,
      "comm": "csi-node-driver",
      "cgroup_id": 8855,
      "wait_duration_stats_ns": {
        "count": 21.0,
        "sum": 8940619.0,
        "mean": 425743.7619047619,
        "median": 221643.61093468685,
        "min": 13676,
        "max": 1684999,
        "variance_ns2": 337816703469.59045,
        "iqr_ns": 459759.80037917924,
        "q1_ns": 55361.762253624445,
        "q3_ns": 515121.5626328037
      },
      "futex_op_counts": {
        "128": 21
      },
      "first_seen_ts_ns": 439544770263,
      "last_seen_ts_ns": 439547779025
    },
    {
      "tgid": 9562,
      "comm": "csi-node-driver",
      "cgroup_id": 8855,
      "wait_duration_stats_ns": {
        "count": 18.0,
        "sum": 8776503.0,
        "mean": 487583.5,
        "median": 97774.21374716554,
        "min": 5985,
        "max": 1804624,
        "variance_ns2": 397634492474.38245,
        "iqr_ns": 762963.5523801867,
        "q1_ns": 23881.31666666667,
        "q3_ns": 786844.8690468534
      },
      "futex_op_counts": {
        "128": 18
      },
      "first_seen_ts_ns": 289543921228,
      "last_seen_ts_ns": 289546914557
    },
    {
      "tgid": 10471,
      "comm": "csi-node-driver",
      "cgroup_id": 8855,
      "wait_duration_stats_ns": {
        "count": 25.0,
        "sum": 8744292.0,
        "mean": 349771.68,
        "median": 85666.07347699051,
        "min": 20039,
        "max": 1544642,
        "variance_ns2": 264224890021.47665,
        "iqr_ns": 538733.6062432815,
        "q1_ns": 37318.984558268836,
        "q3_ns": 576052.5908015503
      },
      "futex_op_counts": {
        "128": 25
      },
      "first_seen_ts_ns": 479610402088,
      "last_seen_ts_ns": 479613743358
    },
    {
      "tgid": 10016,
      "comm": "csi-node-driver",
      "cgroup_id": 8855,
      "wait_duration_stats_ns": {
        "count": 17.0,
        "sum": 8530241.0,
        "mean": 501778.8823529412,
        "median": 194303.36828403806,
        "min": 11575,
        "max": 1865378,
        "variance_ns2": 448004205694.1103,
        "iqr_ns": 756859.3592824073,
        "q1_ns": 25883.616666666676,
        "q3_ns": 782742.975949074
      },
      "futex_op_counts": {
        "128": 17
      },
      "first_seen_ts_ns": 379596663559,
      "last_seen_ts_ns": 379600016554
    },
    {
      "tgid": 9676,
      "comm": "csi-node-driver",
      "cgroup_id": 8855,
      "wait_duration_stats_ns": {
        "count": 17.0,
        "sum": 8333146.0,
        "mean": 490185.0588235294,
        "median": 308249.30708590534,
        "min": 21591,
        "max": 1849131,
        "variance_ns2": 390129435021.3089,
        "iqr_ns": 736846.4864425925,
        "q1_ns": 43284.16319444445,
        "q3_ns": 780130.649637037
      },
      "futex_op_counts": {
        "128": 17
      },
      "first_seen_ts_ns": 339620691263,
      "last_seen_ts_ns": 339623915689
    },
    {
      "tgid": 9021,
      "comm": "ZMQbg/IO/0",
      "cgroup_id": 9652,
      "wait_duration_stats_ns": {
        "count": 28.0,
        "sum": 51325.000000000015,
        "mean": 1833.0357142857147,
        "median": 515.368502414593,
        "min": 377,
        "max": 28323,
        "variance_ns2": 28488813.14682539,
        "iqr_ns": 108.20026281871895,
        "q1_ns": 501.6778636274475,
        "q3_ns": 609.8781264461664
      },
      "futex_op_counts": {
        "128": 28
      },
      "first_seen_ts_ns": 354835728226,
      "last_seen_ts_ns": 501993553753
    },
    {
      "tgid": 9021,
      "comm": "ZMQbg/Reaper",
      "cgroup_id": 9652,
      "wait_duration_stats_ns": {
        "count": 1.0,
        "sum": 20491.0,
        "mean": 20491.0,
        "median": 20491.0,
        "min": 20491,
        "max": 20491,
        "variance_ns2": null,
        "iqr_ns": 0.0,
        "q1_ns": 20491.0,
        "q3_ns": 20491.0
      },
      "futex_op_counts": {
        "128": 1
      },
      "first_seen_ts_ns": 507096317918,
      "last_seen_ts_ns": 507096317918
    },
    {
      "tgid": 9447,
      "comm": "lmp",
      "cgroup_id": 9652,
      "wait_duration_stats_ns": {
        "count": 1.0,
        "sum": 16378.0,
        "mean": 16378.0,
        "median": 16378.0,
        "min": 16378,
        "max": 16378,
        "variance_ns2": null,
        "iqr_ns": 0.0,
        "q1_ns": 16378.0,
        "q3_ns": 16378.0
      },
      "futex_op_counts": {
        "128": 1
      },
      "first_seen_ts_ns": 354809952102,
      "last_seen_ts_ns": 354809952102
    },
    {
      "tgid": 10270,
      "comm": "lmp",
      "cgroup_id": 9652,
      "wait_duration_stats_ns": {
        "count": 1.0,
        "sum": 12481.0,
        "mean": 12481.0,
        "median": 12481.0,
        "min": 12481,
        "max": 12481,
        "variance_ns2": null,
        "iqr_ns": 0.0,
        "q1_ns": 12481.0,
        "q3_ns": 12481.0
      },
      "futex_op_counts": {
        "128": 1
      },
      "first_seen_ts_ns": 501957353305,
      "last_seen_ts_ns": 501957353305
    },
    {
      "tgid": 9453,
      "comm": "lmp",
      "cgroup_id": 9652,
      "wait_duration_stats_ns": {
        "count": 1.0,
        "sum": 11940.0,
        "mean": 11940.0,
        "median": 11940.0,
        "min": 11940,
        "max": 11940,
        "variance_ns2": null,
        "iqr_ns": 0.0,
        "q1_ns": 11940.0,
        "q3_ns": 11940.0
      },
      "futex_op_counts": {
        "128": 1
      },
      "first_seen_ts_ns": 354810188113,
      "last_seen_ts_ns": 354810188113
    },
    {
      "tgid": 10222,
      "comm": "lmp",
      "cgroup_id": 9652,
      "wait_duration_stats_ns": {
        "count": 1.0,
        "sum": 11567.0,
        "mean": 11567.0,
        "median": 11567.0,
        "min": 11567,
        "max": 11567,
        "variance_ns2": null,
        "iqr_ns": 0.0,
        "q1_ns": 11567.0,
        "q3_ns": 11567.0
      },
      "futex_op_counts": {
        "128": 1
      },
      "first_seen_ts_ns": 501959614062,
      "last_seen_ts_ns": 501959614062
    },
    {
      "tgid": 9499,
      "comm": "lmp",
      "cgroup_id": 9652,
      "wait_duration_stats_ns": {
        "count": 1.0,
        "sum": 11167.0,
        "mean": 11167.0,
        "median": 11167.0,
        "min": 11167,
        "max": 11167,
        "variance_ns2": null,
        "iqr_ns": 0.0,
        "q1_ns": 11167.0,
        "q3_ns": 11167.0
      },
      "futex_op_counts": {
        "128": 1
      },
      "first_seen_ts_ns": 354809876722,
      "last_seen_ts_ns": 354809876722
    },
    {
      "tgid": 9943,
      "comm": "lmp",
      "cgroup_id": 9652,
      "wait_duration_stats_ns": {
        "count": 1.0,
        "sum": 9926.0,
        "mean": 9926.0,
        "median": 9926.0,
        "min": 9926,
        "max": 9926,
        "variance_ns2": null,
        "iqr_ns": 0.0,
        "q1_ns": 9926.0,
        "q3_ns": 9926.0
      },
      "futex_op_counts": {
        "128": 1
      },
      "first_seen_ts_ns": 432807782435,
      "last_seen_ts_ns": 432807782435
    },
    {
      "tgid": 9855,
      "comm": "lmp",
      "cgroup_id": 9652,
      "wait_duration_stats_ns": {
        "count": 1.0,
        "sum": 9797.0,
        "mean": 9797.0,
        "median": 9797.0,
        "min": 9797,
        "max": 9797,
        "variance_ns2": null,
        "iqr_ns": 0.0,
        "q1_ns": 9797.0,
        "q3_ns": 9797.0
      },
      "futex_op_counts": {
        "128": 1
      },
      "first_seen_ts_ns": 432807729361,
      "last_seen_ts_ns": 432807729361
    },
    {
      "tgid": 9419,
      "comm": "lmp",
      "cgroup_id": 9652,
      "wait_duration_stats_ns": {
        "count": 1.0,
        "sum": 9599.0,
        "mean": 9599.0,
        "median": 9599.0,
        "min": 9599,
        "max": 9599,
        "variance_ns2": null,
        "iqr_ns": 0.0,
        "q1_ns": 9599.0,
        "q3_ns": 9599.0
      },
      "futex_op_counts": {
        "128": 1
      },
      "first_seen_ts_ns": 354809917240,
      "last_seen_ts_ns": 354809917240
    },
    {
      "tgid": 10216,
      "comm": "lmp",
      "cgroup_id": 9652,
      "wait_duration_stats_ns": {
        "count": 1.0,
        "sum": 9423.0,
        "mean": 9423.0,
        "median": 9423.0,
        "min": 9423,
        "max": 9423,
        "variance_ns2": null,
        "iqr_ns": 0.0,
        "q1_ns": 9423.0,
        "q3_ns": 9423.0
      },
      "futex_op_counts": {
        "128": 1
      },
      "first_seen_ts_ns": 501960541889,
      "last_seen_ts_ns": 501960541889
    },
    {
      "tgid": 10210,
      "comm": "lmp",
      "cgroup_id": 9652,
      "wait_duration_stats_ns": {
        "count": 1.0,
        "sum": 9366.0,
        "mean": 9366.0,
        "median": 9366.0,
        "min": 9366,
        "max": 9366,
        "variance_ns2": null,
        "iqr_ns": 0.0,
        "q1_ns": 9366.0,
        "q3_ns": 9366.0
      },
      "futex_op_counts": {
        "128": 1
      },
      "first_seen_ts_ns": 501960384671,
      "last_seen_ts_ns": 501960384671
    },
    {
      "tgid": 10192,
      "comm": "lmp",
      "cgroup_id": 9652,
      "wait_duration_stats_ns": {
        "count": 1.0,
        "sum": 9337.0,
        "mean": 9337.0,
        "median": 9337.0,
        "min": 9337,
        "max": 9337,
        "variance_ns2": null,
        "iqr_ns": 0.0,
        "q1_ns": 9337.0,
        "q3_ns": 9337.0
      },
      "futex_op_counts": {
        "128": 1
      },
      "first_seen_ts_ns": 501960501456,
      "last_seen_ts_ns": 501960501456
    },
    {
      "tgid": 9935,
      "comm": "lmp",
      "cgroup_id": 9652,
      "wait_duration_stats_ns": {
        "count": 1.0,
        "sum": 9311.0,
        "mean": 9311.0,
        "median": 9311.0,
        "min": 9311,
        "max": 9311,
        "variance_ns2": null,
        "iqr_ns": 0.0,
        "q1_ns": 9311.0,
        "q3_ns": 9311.0
      },
      "futex_op_counts": {
        "128": 1
      },
      "first_seen_ts_ns": 432807741984,
      "last_seen_ts_ns": 432807741984
    },
    {
      "tgid": 10238,
      "comm": "lmp",
      "cgroup_id": 9652,
      "wait_duration_stats_ns": {
        "count": 1.0,
        "sum": 9231.0,
        "mean": 9231.0,
        "median": 9231.0,
        "min": 9231,
        "max": 9231,
        "variance_ns2": null,
        "iqr_ns": 0.0,
        "q1_ns": 9231.0,
        "q3_ns": 9231.0
      },
      "futex_op_counts": {
        "128": 1
      },
      "first_seen_ts_ns": 501957469254,
      "last_seen_ts_ns": 501957469254
    },
    {
      "tgid": 10151,
      "comm": "lmp",
      "cgroup_id": 9652,
      "wait_duration_stats_ns": {
        "count": 1.0,
        "sum": 8926.0,
        "mean": 8926.0,
        "median": 8926.0,
        "min": 8926,
        "max": 8926,
        "variance_ns2": null,
        "iqr_ns": 0.0,
        "q1_ns": 8926.0,
        "q3_ns": 8926.0
      },
      "futex_op_counts": {
        "128": 1
      },
      "first_seen_ts_ns": 501960467303,
      "last_seen_ts_ns": 501960467303
    },
    {
      "tgid": 9866,
      "comm": "lmp",
      "cgroup_id": 9652,
      "wait_duration_stats_ns": {
        "count": 1.0,
        "sum": 8774.0,
        "mean": 8774.0,
        "median": 8774.0,
        "min": 8774,
        "max": 8774,
        "variance_ns2": null,
        "iqr_ns": 0.0,
        "q1_ns": 8774.0,
        "q3_ns": 8774.0
      },
      "futex_op_counts": {
        "128": 1
      },
      "first_seen_ts_ns": 432807774326,
      "last_seen_ts_ns": 432807774326
    },
    {
      "tgid": 10202,
      "comm": "lmp",
      "cgroup_id": 9652,
      "wait_duration_stats_ns": {
        "count": 1.0,
        "sum": 8694.0,
        "mean": 8694.0,
        "median": 8694.0,
        "min": 8694,
        "max": 8694,
        "variance_ns2": null,
        "iqr_ns": 0.0,
        "q1_ns": 8694.0,
        "q3_ns": 8694.0
      },
      "futex_op_counts": {
        "128": 1
      },
      "first_seen_ts_ns": 501960326420,
      "last_seen_ts_ns": 501960326420
    },
    {
      "tgid": 9809,
      "comm": "lmp",
      "cgroup_id": 9652,
      "wait_duration_stats_ns": {
        "count": 1.0,
        "sum": 8430.0,
        "mean": 8430.0,
        "median": 8430.0,
        "min": 8430,
        "max": 8430,
        "variance_ns2": null,
        "iqr_ns": 0.0,
        "q1_ns": 8430.0,
        "q3_ns": 8430.0
      },
      "futex_op_counts": {
        "128": 1
      },
      "first_seen_ts_ns": 432807686963,
      "last_seen_ts_ns": 432807686963
    },
    {
      "tgid": 9851,
      "comm": "lmp",
      "cgroup_id": 9652,
      "wait_duration_stats_ns": {
        "count": 1.0,
        "sum": 8387.0,
        "mean": 8387.0,
        "median": 8387.0,
        "min": 8387,
        "max": 8387,
        "variance_ns2": null,
        "iqr_ns": 0.0,
        "q1_ns": 8387.0,
        "q3_ns": 8387.0
      },
      "futex_op_counts": {
        "128": 1
      },
      "first_seen_ts_ns": 432807561563,
      "last_seen_ts_ns": 432807561563
    },
    {
      "tgid": 10296,
      "comm": "lmp",
      "cgroup_id": 9652,
      "wait_duration_stats_ns": {
        "count": 1.0,
        "sum": 8372.0,
        "mean": 8372.0,
        "median": 8372.0,
        "min": 8372,
        "max": 8372,
        "variance_ns2": null,
        "iqr_ns": 0.0,
        "q1_ns": 8372.0,
        "q3_ns": 8372.0
      },
      "futex_op_counts": {
        "128": 1
      },
      "first_seen_ts_ns": 501957414231,
      "last_seen_ts_ns": 501957414231
    },
    {
      "tgid": 9775,
      "comm": "lmp",
      "cgroup_id": 9652,
      "wait_duration_stats_ns": {
        "count": 1.0,
        "sum": 8258.0,
        "mean": 8258.0,
        "median": 8258.0,
        "min": 8258,
        "max": 8258,
        "variance_ns2": null,
        "iqr_ns": 0.0,
        "q1_ns": 8258.0,
        "q3_ns": 8258.0
      },
      "futex_op_counts": {
        "128": 1
      },
      "first_seen_ts_ns": 432807505788,
      "last_seen_ts_ns": 432807505788
    },
    {
      "tgid": 9455,
      "comm": "lmp",
      "cgroup_id": 9652,
      "wait_duration_stats_ns": {
        "count": 1.0,
        "sum": 8250.0,
        "mean": 8250.0,
        "median": 8250.0,
        "min": 8250,
        "max": 8250,
        "variance_ns2": null,
        "iqr_ns": 0.0,
        "q1_ns": 8250.0,
        "q3_ns": 8250.0
      },
      "futex_op_counts": {
        "128": 1
      },
      "first_seen_ts_ns": 354809926642,
      "last_seen_ts_ns": 354809926642
    },
    {
      "tgid": 10143,
      "comm": "lmp",
      "cgroup_id": 9652,
      "wait_duration_stats_ns": {
        "count": 1.0,
        "sum": 8143.0,
        "mean": 8143.0,
        "median": 8143.0,
        "min": 8143,
        "max": 8143,
        "variance_ns2": null,
        "iqr_ns": 0.0,
        "q1_ns": 8143.0,
        "q3_ns": 8143.0
      },
      "futex_op_counts": {
        "128": 1
      },
      "first_seen_ts_ns": 501959778857,
      "last_seen_ts_ns": 501959778857
    },
    {
      "tgid": 9463,
      "comm": "lmp",
      "cgroup_id": 9652,
      "wait_duration_stats_ns": {
        "count": 1.0,
        "sum": 8137.0,
        "mean": 8137.0,
        "median": 8137.0,
        "min": 8137,
        "max": 8137,
        "variance_ns2": null,
        "iqr_ns": 0.0,
        "q1_ns": 8137.0,
        "q3_ns": 8137.0
      },
      "futex_op_counts": {
        "128": 1
      },
      "first_seen_ts_ns": 354810079385,
      "last_seen_ts_ns": 354810079385
    },
    {
      "tgid": 9815,
      "comm": "lmp",
      "cgroup_id": 9652,
      "wait_duration_stats_ns": {
        "count": 1.0,
        "sum": 8005.0,
        "mean": 8005.0,
        "median": 8005.0,
        "min": 8005,
        "max": 8005,
        "variance_ns2": null,
        "iqr_ns": 0.0,
        "q1_ns": 8005.0,
        "q3_ns": 8005.0
      },
      "futex_op_counts": {
        "128": 1
      },
      "first_seen_ts_ns": 432807606743,
      "last_seen_ts_ns": 432807606743
    },
    {
      "tgid": 9831,
      "comm": "lmp",
      "cgroup_id": 9652,
      "wait_duration_stats_ns": {
        "count": 1.0,
        "sum": 7927.0,
        "mean": 7927.0,
        "median": 7927.0,
        "min": 7927,
        "max": 7927,
        "variance_ns2": null,
        "iqr_ns": 0.0,
        "q1_ns": 7927.0,
        "q3_ns": 7927.0
      },
      "futex_op_counts": {
        "128": 1
      },
      "first_seen_ts_ns": 432807488907,
      "last_seen_ts_ns": 432807488907
    },
    {
      "tgid": 9792,
      "comm": "lmp",
      "cgroup_id": 9652,
      "wait_duration_stats_ns": {
        "count": 1.0,
        "sum": 6784.0,
        "mean": 6784.0,
        "median": 6784.0,
        "min": 6784,
        "max": 6784,
        "variance_ns2": null,
        "iqr_ns": 0.0,
        "q1_ns": 6784.0,
        "q3_ns": 6784.0
      },
      "futex_op_counts": {
        "128": 1
      },
      "first_seen_ts_ns": 432807305980,
      "last_seen_ts_ns": 432807305980
    },
    {
      "tgid": 9366,
      "comm": "lmp",
      "cgroup_id": 9652,
      "wait_duration_stats_ns": {
        "count": 1.0,
        "sum": 6199.0,
        "mean": 6199.0,
        "median": 6199.0,
        "min": 6199,
        "max": 6199,
        "variance_ns2": null,
        "iqr_ns": 0.0,
        "q1_ns": 6199.0,
        "q3_ns": 6199.0
      },
      "futex_op_counts": {
        "128": 1
      },
      "first_seen_ts_ns": 354811314131,
      "last_seen_ts_ns": 354811314131
    },
    {
      "tgid": 6641,
      "comm": "flb-pipeline",
      "cgroup_id": 7907,
      "wait_duration_stats_ns": {
        "count": 1.0,
        "sum": 2050.0,
        "mean": 2050.0,
        "median": 2050.0,
        "min": 2050,
        "max": 2050,
        "variance_ns2": null,
        "iqr_ns": 0.0,
        "q1_ns": 2050.0,
        "q3_ns": 2050.0
      },
      "futex_op_counts": {
        "128": 1
      },
      "first_seen_ts_ns": 356719233222,
      "last_seen_ts_ns": 356719233222
    },
    {
      "tgid": 844,
      "comm": "multipathd",
      "cgroup_id": 1702,
      "wait_duration_stats_ns": {
        "count": 1.0,
        "sum": 1344.0,
        "mean": 1344.0,
        "median": 1344.0,
        "min": 1344,
        "max": 1344,
        "variance_ns2": null,
        "iqr_ns": 0.0,
        "q1_ns": 1344.0,
        "q3_ns": 1344.0
      },
      "futex_op_counts": {
        "128": 1
      },
      "first_seen_ts_ns": 406931876883,
      "last_seen_ts_ns": 406931876883
    }
  ]
}
[22:21:02] Cleanup complete.
