unlimited
Looking for /opt/programs/futex-model/ebpf-collect.c
[22:16:56] Starting eBPF (Tracepoints for futex syscalls).
[22:16:57] BPF program loaded and tracepoints automatically attached.
[22:16:57] Start Indicator file defined '/mnt/flux/start_ebpf_collection'. Waiting.
[22:17:14] Start indicator found. Proceeding.
[22:17:14] Ring buffers opened. Polling for events...
[22:21:02] 
Indicator file '/mnt/flux/stop_ebpf_collection' found. Stopping.
[22:21:02] Cleaning up BPF resources...
{
  "final_aggregated_futex_summary_river": [
    {
      "tgid": 6664,
      "comm": "fluent-bit-gke-",
      "cgroup_id": 7979,
      "wait_duration_stats_ns": {
        "count": 13284.0,
        "sum": 15401957133839.977,
        "mean": 1159436700.8310733,
        "median": 486231.37535648467,
        "min": 400,
        "max": 149615677899,
        "variance_ns2": 5.351055089537253e+19,
        "iqr_ns": 28616616.669014525,
        "q1_ns": 46888.770216769626,
        "q3_ns": 28663505.439231295
      },
      "futex_op_counts": {
        "128": 13284
      },
      "first_seen_ts_ns": 263135111064,
      "last_seen_ts_ns": 507052014162
    },
    {
      "tgid": 3602,
      "comm": "containerd",
      "cgroup_id": 6520,
      "wait_duration_stats_ns": {
        "count": 110424.0,
        "sum": 9659671851239.074,
        "mean": 87478010.67919178,
        "median": 169728.57239740744,
        "min": 435,
        "max": 237257876974,
        "variance_ns2": 6.553014189771881e+18,
        "iqr_ns": 1491817.9240874525,
        "q1_ns": 49700.90164135102,
        "q3_ns": 1541518.8257288034
      },
      "futex_op_counts": {
        "128": 110424
      },
      "first_seen_ts_ns": 262338911205,
      "last_seen_ts_ns": 507091835025
    },
    {
      "tgid": 3793,
      "comm": "kubelet",
      "cgroup_id": 6640,
      "wait_duration_stats_ns": {
        "count": 21546.0,
        "sum": 6377997315407.991,
        "mean": 296017697.7354493,
        "median": 18404719.8839431,
        "min": 466,
        "max": 119998176461,
        "variance_ns2": 1.5304949827560745e+19,
        "iqr_ns": 38767091.41661247,
        "q1_ns": 2101823.5570637435,
        "q3_ns": 40868914.97367621
      },
      "futex_op_counts": {
        "128": 21546
      },
      "first_seen_ts_ns": 262315140607,
      "last_seen_ts_ns": 507081732824
    },
    {
      "tgid": 7270,
      "comm": "kube-dns",
      "cgroup_id": 8295,
      "wait_duration_stats_ns": {
        "count": 735.0,
        "sum": 2111463106631.9988,
        "mean": 2872738920.5877533,
        "median": 723586716.6886357,
        "min": 2076,
        "max": 120136994397,
        "variance_ns2": 1.970767945989125e+20,
        "iqr_ns": 1168085708.781362,
        "q1_ns": 161943020.0155573,
        "q3_ns": 1330028728.7969193
      },
      "futex_op_counts": {
        "128": 735
      },
      "first_seen_ts_ns": 262482431353,
      "last_seen_ts_ns": 506662911240
    },
    {
      "tgid": 8075,
      "comm": "prometheus",
      "cgroup_id": 9006,
      "wait_duration_stats_ns": {
        "count": 10840.0,
        "sum": 1934330994748.0027,
        "mean": 178443818.7036903,
        "median": 44284512.294427045,
        "min": 850,
        "max": 120011794981,
        "variance_ns2": 9.558311509118376e+18,
        "iqr_ns": 10180041.051175423,
        "q1_ns": 39964147.274436764,
        "q3_ns": 50144188.32561219
      },
      "futex_op_counts": {
        "128": 10840
      },
      "first_seen_ts_ns": 262343832657,
      "last_seen_ts_ns": 507074761619
    },
    {
      "tgid": 4043,
      "comm": "kube-proxy",
      "cgroup_id": 7366,
      "wait_duration_stats_ns": {
        "count": 263.0,
        "sum": 1828400217289.0007,
        "mean": 6952092080.946771,
        "median": 1699098856.7536728,
        "min": 448,
        "max": 125000159925,
        "variance_ns2": 3.221347981448665e+20,
        "iqr_ns": 4790230264.066596,
        "q1_ns": 260845975.70224887,
        "q3_ns": 5051076239.768845
      },
      "futex_op_counts": {
        "128": 263
      },
      "first_seen_ts_ns": 280208697304,
      "last_seen_ts_ns": 505212069849
    },
    {
      "tgid": 8210,
      "comm": "containerd-shim",
      "cgroup_id": 6520,
      "wait_duration_stats_ns": {
        "count": 1922.0,
        "sum": 1681378311563.9976,
        "mean": 874806613.7169602,
        "median": 770374.2323589891,
        "min": 391,
        "max": 59885955695,
        "variance_ns2": 8.413985619795609e+18,
        "iqr_ns": 7613691.732463439,
        "q1_ns": 72601.47059228749,
        "q3_ns": 7686293.203055726
      },
      "futex_op_counts": {
        "128": 1922
      },
      "first_seen_ts_ns": 280545118907,
      "last_seen_ts_ns": 503605115713
    },
    {
      "tgid": 7441,
      "comm": "sidecar",
      "cgroup_id": 8453,
      "wait_duration_stats_ns": {
        "count": 1220.0,
        "sum": 1643217156788.0022,
        "mean": 1346899308.8426247,
        "median": 7771782.374051973,
        "min": 1510,
        "max": 60000977783,
        "variance_ns2": 2.108482965595171e+19,
        "iqr_ns": 1246022662.2102113,
        "q1_ns": 106687.7839963581,
        "q3_ns": 1246129349.9942076
      },
      "futex_op_counts": {
        "128": 1220
      },
      "first_seen_ts_ns": 262520030907,
      "last_seen_ts_ns": 505662232404
    },
    {
      "tgid": 3858,
      "comm": "node-problem-de",
      "cgroup_id": 6700,
      "wait_duration_stats_ns": {
        "count": 1047.0,
        "sum": 1620705314737.0017,
        "mean": 1547951590.0066874,
        "median": 544397727.3967185,
        "min": 452,
        "max": 178118128352,
        "variance_ns2": 7.912640777321597e+19,
        "iqr_ns": 986643188.497451,
        "q1_ns": 19709022.22388818,
        "q3_ns": 1006352210.7213391
      },
      "futex_op_counts": {
        "128": 1047
      },
      "first_seen_ts_ns": 262879504766,
      "last_seen_ts_ns": 506619549566
    },
    {
      "tgid": 8293,
      "comm": "csi-node-driver",
      "cgroup_id": 9322,
      "wait_duration_stats_ns": {
        "count": 46.0,
        "sum": 1503019804852.0005,
        "mean": 32674343583.739143,
        "median": 4657320311.77412,
        "min": 1109,
        "max": 120001578307,
        "variance_ns2": 2.351462629794184e+21,
        "iqr_ns": 75614306712.11282,
        "q1_ns": 502312742.06566983,
        "q3_ns": 76116619454.1785
      },
      "futex_op_counts": {
        "128": 46
      },
      "first_seen_ts_ns": 284131763591,
      "last_seen_ts_ns": 465138022238
    },
    {
      "tgid": 5984,
      "comm": "containerd-shim",
      "cgroup_id": 6520,
      "wait_duration_stats_ns": {
        "count": 787.0,
        "sum": 1324631908959.9995,
        "mean": 1683140926.2515876,
        "median": 4915246.766984505,
        "min": 665,
        "max": 179947595902,
        "variance_ns2": 5.530833816811741e+19,
        "iqr_ns": 493531303.9066041,
        "q1_ns": 983373.5797174117,
        "q3_ns": 494514677.4863215
      },
      "futex_op_counts": {
        "128": 787
      },
      "first_seen_ts_ns": 280557302530,
      "last_seen_ts_ns": 503605923638
    },
    {
      "tgid": 8623,
      "comm": "containerd-shim",
      "cgroup_id": 6520,
      "wait_duration_stats_ns": {
        "count": 153567.0,
        "sum": 1247320401492.973,
        "mean": 8122320.560361099,
        "median": 100567.45634956556,
        "min": 452,
        "max": 83646268816,
        "variance_ns2": 1.007833926725425e+17,
        "iqr_ns": 757482.900192602,
        "q1_ns": 32042.043901644127,
        "q3_ns": 789524.9440942461
      },
      "futex_op_counts": {
        "128": 153567
      },
      "first_seen_ts_ns": 262469329520,
      "last_seen_ts_ns": 507091843755
    },
    {
      "tgid": 8177,
      "comm": "config-reloader",
      "cgroup_id": 9085,
      "wait_duration_stats_ns": {
        "count": 163.0,
        "sum": 1194582186063.0,
        "mean": 7328725067.871165,
        "median": 984576831.4629674,
        "min": 865,
        "max": 112274004118,
        "variance_ns2": 2.5774865071963996e+20,
        "iqr_ns": 9628375743.838081,
        "q1_ns": 28556328.877481543,
        "q3_ns": 9656932072.715563
      },
      "futex_op_counts": {
        "128": 163
      },
      "first_seen_ts_ns": 286455770586,
      "last_seen_ts_ns": 506645245023
    },
    {
      "tgid": 7687,
      "comm": "containerd-shim",
      "cgroup_id": 6520,
      "wait_duration_stats_ns": {
        "count": 582.0,
        "sum": 1189334860891.0,
        "mean": 2043530688.8161514,
        "median": 7215983.79367186,
        "min": 651,
        "max": 54469634094,
        "variance_ns2": 2.556102272063848e+19,
        "iqr_ns": 3911805185.6365976,
        "q1_ns": 252669.0140002982,
        "q3_ns": 3912057854.650598
      },
      "futex_op_counts": {
        "128": 582
      },
      "first_seen_ts_ns": 280605131338,
      "last_seen_ts_ns": 507049271800
    },
    {
      "tgid": 6996,
      "comm": "containerd-shim",
      "cgroup_id": 6520,
      "wait_duration_stats_ns": {
        "count": 1025.0,
        "sum": 1161035052421.0015,
        "mean": 1132717124.313172,
        "median": 2247703.936457176,
        "min": 573,
        "max": 59999950167,
        "variance_ns2": 1.5728858295319712e+19,
        "iqr_ns": 6975716.963176347,
        "q1_ns": 120611.71911503914,
        "q3_ns": 7096328.682291387
      },
      "futex_op_counts": {
        "128": 1025
      },
      "first_seen_ts_ns": 280561596302,
      "last_seen_ts_ns": 503606392275
    },
    {
      "tgid": 5992,
      "comm": "containerd-shim",
      "cgroup_id": 6520,
      "wait_duration_stats_ns": {
        "count": 590.0,
        "sum": 1143992441930.0,
        "mean": 1938970240.5593219,
        "median": 7645006.686376865,
        "min": 580,
        "max": 30009412144,
        "variance_ns2": 2.0858589188801487e+19,
        "iqr_ns": 1786620827.129072,
        "q1_ns": 983499.8839329316,
        "q3_ns": 1787604327.0130048
      },
      "futex_op_counts": {
        "128": 590
      },
      "first_seen_ts_ns": 280594045381,
      "last_seen_ts_ns": 503604503171
    },
    {
      "tgid": 3985,
      "comm": "containerd-shim",
      "cgroup_id": 6520,
      "wait_duration_stats_ns": {
        "count": 375.0,
        "sum": 1100340318628.0002,
        "mean": 2934240849.6746674,
        "median": 82843786.22854722,
        "min": 3430,
        "max": 29999126928,
        "variance_ns2": 3.4245455824930857e+19,
        "iqr_ns": 4437531509.726635,
        "q1_ns": 6243959.489674212,
        "q3_ns": 4443775469.21631
      },
      "futex_op_counts": {
        "128": 375
      },
      "first_seen_ts_ns": 280054613039,
      "last_seen_ts_ns": 503601504244
    },
    {
      "tgid": 1733,
      "comm": "google_guest_ag",
      "cgroup_id": 4174,
      "wait_duration_stats_ns": {
        "count": 212.0,
        "sum": 939671859391.0001,
        "mean": 4432414431.089623,
        "median": 2772336607.4495,
        "min": 3792,
        "max": 120036995963,
        "variance_ns2": 2.6306151282438963e+20,
        "iqr_ns": 4215150504.5068994,
        "q1_ns": 241988163.96801347,
        "q3_ns": 4457138668.474913
      },
      "futex_op_counts": {
        "128": 212
      },
      "first_seen_ts_ns": 280176308936,
      "last_seen_ts_ns": 505871029499
    },
    {
      "tgid": 2762,
      "comm": "dockerd",
      "cgroup_id": 6400,
      "wait_duration_stats_ns": {
        "count": 67.0,
        "sum": 859704262898.0002,
        "mean": 12831406908.925377,
        "median": 9555761458.366299,
        "min": 21602,
        "max": 130004371892,
        "variance_ns2": 6.344773942122744e+20,
        "iqr_ns": 2697202464.722704,
        "q1_ns": 7023111091.361946,
        "q3_ns": 9720313556.08465
      },
      "futex_op_counts": {
        "128": 67
      },
      "first_seen_ts_ns": 282845131115,
      "last_seen_ts_ns": 502854362377
    },
    {
      "tgid": 7373,
      "comm": "dnsmasq-nanny",
      "cgroup_id": 8374,
      "wait_duration_stats_ns": {
        "count": 88.0,
        "sum": 809742900100.0,
        "mean": 9201623864.772728,
        "median": 9866390992.501915,
        "min": 915,
        "max": 120003130077,
        "variance_ns2": 1.608128726828656e+20,
        "iqr_ns": 3419882557.375619,
        "q1_ns": 6782554164.462211,
        "q3_ns": 10202436721.83783
      },
      "futex_op_counts": {
        "128": 88
      },
      "first_seen_ts_ns": 286959013199,
      "last_seen_ts_ns": 506968327926
    },
    {
      "tgid": 1734,
      "comm": "google_osconfig",
      "cgroup_id": 4234,
      "wait_duration_stats_ns": {
        "count": 235.0,
        "sum": 789328500927.9999,
        "mean": 3358844684.7999997,
        "median": 137032999.75312817,
        "min": 1966,
        "max": 120029812655,
        "variance_ns2": 8.526767856346277e+19,
        "iqr_ns": 4640293334.586725,
        "q1_ns": 54617944.6124375,
        "q3_ns": 4694911279.1991625
      },
      "futex_op_counts": {
        "128": 235
      },
      "first_seen_ts_ns": 280240025023,
      "last_seen_ts_ns": 505469675284
    },
    {
      "tgid": 7592,
      "comm": "main",
      "cgroup_id": 8690,
      "wait_duration_stats_ns": {
        "count": 346.0,
        "sum": 639283088984.0,
        "mean": 1847638985.5028903,
        "median": 25402208.448175427,
        "min": 559,
        "max": 59958949092,
        "variance_ns2": 3.4342687103009014e+19,
        "iqr_ns": 4779298743.169185,
        "q1_ns": 405772.0903547654,
        "q3_ns": 4779704515.25954
      },
      "futex_op_counts": {
        "128": 346
      },
      "first_seen_ts_ns": 281475976878,
      "last_seen_ts_ns": 506490070903
    },
    {
      "tgid": 6728,
      "comm": "main",
      "cgroup_id": 8058,
      "wait_duration_stats_ns": {
        "count": 192.0,
        "sum": 634596009133.0002,
        "mean": 3305187547.56771,
        "median": 3291353795.8579187,
        "min": 790,
        "max": 60001993656,
        "variance_ns2": 5.4113294018364015e+19,
        "iqr_ns": 4792684797.573266,
        "q1_ns": 2040921.357621733,
        "q3_ns": 4794725718.930888
      },
      "futex_op_counts": {
        "128": 192
      },
      "first_seen_ts_ns": 283444014295,
      "last_seen_ts_ns": 503448213555
    },
    {
      "tgid": 7491,
      "comm": "main",
      "cgroup_id": 8532,
      "wait_duration_stats_ns": {
        "count": 200.0,
        "sum": 629500856335.9998,
        "mean": 3147504281.679999,
        "median": 3761099124.283997,
        "min": 13521,
        "max": 59999225122,
        "variance_ns2": 5.5454423380196475e+19,
        "iqr_ns": 4743606858.358425,
        "q1_ns": 2175508.3222620897,
        "q3_ns": 4745782366.680687
      },
      "futex_op_counts": {
        "128": 200
      },
      "first_seen_ts_ns": 283075134098,
      "last_seen_ts_ns": 503078900071
    },
    {
      "tgid": 7554,
      "comm": "otelsvc",
      "cgroup_id": 8611,
      "wait_duration_stats_ns": {
        "count": 759.0,
        "sum": 420020843360.9999,
        "mean": 553387145.4031619,
        "median": 453012467.0472669,
        "min": 18185,
        "max": 69071106126,
        "variance_ns2": 1.4108092274968515e+19,
        "iqr_ns": 450532836.6529298,
        "q1_ns": 24367321.155732214,
        "q3_ns": 474900157.808662
      },
      "futex_op_counts": {
        "128": 759
      },
      "first_seen_ts_ns": 262941828880,
      "last_seen_ts_ns": 506941840484
    },
    {
      "tgid": 8492,
      "comm": "gce-pd-csi-driv",
      "cgroup_id": 9401,
      "wait_duration_stats_ns": {
        "count": 408.0,
        "sum": 345322224999.99994,
        "mean": 846378002.4509803,
        "median": 590443550.3196493,
        "min": 527685,
        "max": 119999884284,
        "variance_ns2": 3.4982891800738128e+19,
        "iqr_ns": 15777945.711352944,
        "q1_ns": 589688337.5794796,
        "q3_ns": 605466283.2908325
      },
      "futex_op_counts": {
        "128": 408
      },
      "first_seen_ts_ns": 262610359955,
      "last_seen_ts_ns": 506810362012
    },
    {
      "tgid": 10381,
      "comm": "log-counter",
      "cgroup_id": 6700,
      "wait_duration_stats_ns": {
        "count": 694.0,
        "sum": 13675006444.0,
        "mean": 19704620.23631124,
        "median": 325222.01023328654,
        "min": 470,
        "max": 1206241893,
        "variance_ns2": 1.815502319479934e+16,
        "iqr_ns": 1922400.149714719,
        "q1_ns": 144979.87801283217,
        "q3_ns": 2067380.0277275513
      },
      "futex_op_counts": {
        "128": 694
      },
      "first_seen_ts_ns": 342938719416,
      "last_seen_ts_ns": 344145119256
    },
    {
      "tgid": 10359,
      "comm": "log-counter",
      "cgroup_id": 6700,
      "wait_duration_stats_ns": {
        "count": 1100.0,
        "sum": 11872476533.999998,
        "mean": 10793160.485454544,
        "median": 201648.59071867669,
        "min": 475,
        "max": 1267659898,
        "variance_ns2": 1.0242157090955618e+16,
        "iqr_ns": 604341.0343119584,
        "q1_ns": 156286.2352760405,
        "q3_ns": 760627.2695879989
      },
      "futex_op_counts": {
        "128": 1100
      },
      "first_seen_ts_ns": 341667169338,
      "last_seen_ts_ns": 342935030111
    },
    {
      "tgid": 10317,
      "comm": "log-counter",
      "cgroup_id": 6700,
      "wait_duration_stats_ns": {
        "count": 432.0,
        "sum": 10357782466.0,
        "mean": 23976348.300925925,
        "median": 426886.4542007943,
        "min": 681,
        "max": 1265399927,
        "variance_ns2": 2.1709579109166732e+16,
        "iqr_ns": 3614625.4381467868,
        "q1_ns": 77333.48387384738,
        "q3_ns": 3691958.922020634
      },
      "futex_op_counts": {
        "128": 432
      },
      "first_seen_ts_ns": 340629469731,
      "last_seen_ts_ns": 341895379107
    },
    {
      "tgid": 11016,
      "comm": "kubectl",
      "cgroup_id": 6580,
      "wait_duration_stats_ns": {
        "count": 574.0,
        "sum": 5081327153.999999,
        "mean": 8852486.331010452,
        "median": 644414.1923250154,
        "min": 619,
        "max": 587247550,
        "variance_ns2": 2245797829123627.2,
        "iqr_ns": 5987765.325478041,
        "q1_ns": 62562.007775958635,
        "q3_ns": 6050327.333253999
      },
      "futex_op_counts": {
        "128": 574
      },
      "first_seen_ts_ns": 459062013015,
      "last_seen_ts_ns": 459653220860
    },
    {
      "tgid": 10374,
      "comm": "log-counter",
      "cgroup_id": 6700,
      "wait_duration_stats_ns": {
        "count": 21.0,
        "sum": 5014643549.0,
        "mean": 238792549.95238096,
        "median": 19218956.78543771,
        "min": 14245,
        "max": 1004943536,
        "variance_ns2": 1.8948415315633248e+17,
        "iqr_ns": 299118889.13640726,
        "q1_ns": 3182278.383803722,
        "q3_ns": 302301167.520211
      },
      "futex_op_counts": {
        "128": 21
      },
      "first_seen_ts_ns": 342070217872,
      "last_seen_ts_ns": 343079254504
    },
    {
      "tgid": 10353,
      "comm": "log-counter",
      "cgroup_id": 6700,
      "wait_duration_stats_ns": {
        "count": 16.0,
        "sum": 4168158118.0,
        "mean": 260509882.375,
        "median": 41876264.01481481,
        "min": 2987106,
        "max": 1021861616,
        "variance_ns2": 1.6762980189929728e+17,
        "iqr_ns": 310594532.28641653,
        "q1_ns": 6885985.499305554,
        "q3_ns": 317480517.7857221
      },
      "futex_op_counts": {
        "128": 16
      },
      "first_seen_ts_ns": 340982045392,
      "last_seen_ts_ns": 342004195806
    },
    {
      "tgid": 10324,
      "comm": "log-counter",
      "cgroup_id": 6700,
      "wait_duration_stats_ns": {
        "count": 12.0,
        "sum": 4063779522.0,
        "mean": 338648293.5,
        "median": 62621541.895833336,
        "min": 9849,
        "max": 1022926800,
        "variance_ns2": 2.0065932175999306e+17,
        "iqr_ns": 390209201.95187116,
        "q1_ns": 7441628.375,
        "q3_ns": 397650830.32687116
      },
      "futex_op_counts": {
        "128": 12
      },
      "first_seen_ts_ns": 340634179130,
      "last_seen_ts_ns": 341657113976
    },
    {
      "tgid": 10124,
      "comm": "runc",
      "cgroup_id": 6520,
      "wait_duration_stats_ns": {
        "count": 222.0,
        "sum": 1869086484.0000002,
        "mean": 8419308.486486487,
        "median": 279106.6216889861,
        "min": 3798,
        "max": 353660756,
        "variance_ns2": 2256008582648020.5,
        "iqr_ns": 2062479.1933422792,
        "q1_ns": 45031.66472905556,
        "q3_ns": 2107510.8580713347
      },
      "futex_op_counts": {
        "128": 222
      },
      "first_seen_ts_ns": 280626383969,
      "last_seen_ts_ns": 281008880217
    },
    {
      "tgid": 10134,
      "comm": "runc:[2:INIT]",
      "cgroup_id": 9322,
      "wait_duration_stats_ns": {
        "count": 34.0,
        "sum": 1575837456.0,
        "mean": 46348160.47058824,
        "median": 5926892.093018107,
        "min": 4996,
        "max": 294102202,
        "variance_ns2": 1.0506206011681106e+16,
        "iqr_ns": 9068057.770523291,
        "q1_ns": 1182473.5001920117,
        "q3_ns": 10250531.270715304
      },
      "futex_op_counts": {
        "128": 34
      },
      "first_seen_ts_ns": 280692057951,
      "last_seen_ts_ns": 281010243203
    },
    {
      "tgid": 10687,
      "comm": "runc",
      "cgroup_id": 6520,
      "wait_duration_stats_ns": {
        "count": 283.0,
        "sum": 1050467456.9999999,
        "mean": 3711899.141342756,
        "median": 110213.00264874373,
        "min": 3880,
        "max": 146835773,
        "variance_ns2": 406619382721690.1,
        "iqr_ns": 1176524.1588558932,
        "q1_ns": 16174.326811615887,
        "q3_ns": 1192698.485667509
      },
      "futex_op_counts": {
        "128": 283
      },
      "first_seen_ts_ns": 400631014777,
      "last_seen_ts_ns": 400784034708
    },
    {
      "tgid": 10664,
      "comm": "runc",
      "cgroup_id": 6520,
      "wait_duration_stats_ns": {
        "count": 323.0,
        "sum": 971126841.9999999,
        "mean": 3006584.6501547983,
        "median": 124023.04882026154,
        "min": 7879,
        "max": 137197962,
        "variance_ns2": 332282663812597.44,
        "iqr_ns": 706777.9166324608,
        "q1_ns": 23885.4745543062,
        "q3_ns": 730663.391186767
      },
      "futex_op_counts": {
        "128": 323
      },
      "first_seen_ts_ns": 390619030315,
      "last_seen_ts_ns": 390762486742
    },
    {
      "tgid": 10309,
      "comm": "runc",
      "cgroup_id": 6520,
      "wait_duration_stats_ns": {
        "count": 403.0,
        "sum": 954636277.0000004,
        "mean": 2368824.5086848643,
        "median": 82536.35011319813,
        "min": 1620,
        "max": 135088370,
        "variance_ns2": 219716115624272.03,
        "iqr_ns": 422083.69388103765,
        "q1_ns": 23328.545198507276,
        "q3_ns": 445412.2390795449
      },
      "futex_op_counts": {
        "128": 403
      },
      "first_seen_ts_ns": 340619472908,
      "last_seen_ts_ns": 340764013505
    },
    {
      "tgid": 11045,
      "comm": "runc",
      "cgroup_id": 6520,
      "wait_duration_stats_ns": {
        "count": 351.0,
        "sum": 948088578.0,
        "mean": 2701107.05982906,
        "median": 111957.58892834907,
        "min": 6503,
        "max": 131563441,
        "variance_ns2": 237266045463980.53,
        "iqr_ns": 644030.5429457705,
        "q1_ns": 30383.08289728077,
        "q3_ns": 674413.6258430514
      },
      "futex_op_counts": {
        "128": 351
      },
      "first_seen_ts_ns": 460628012697,
      "last_seen_ts_ns": 460766552690
    },
    {
      "tgid": 11090,
      "comm": "runc",
      "cgroup_id": 6520,
      "wait_duration_stats_ns": {
        "count": 295.0,
        "sum": 881334991.0,
        "mean": 2987576.2406779663,
        "median": 217383.7226860646,
        "min": 5822,
        "max": 124567436,
        "variance_ns2": 282159615148177.06,
        "iqr_ns": 2321482.0281561147,
        "q1_ns": 24211.16587644649,
        "q3_ns": 2345693.194032561
      },
      "futex_op_counts": {
        "128": 295
      },
      "first_seen_ts_ns": 480622012647,
      "last_seen_ts_ns": 480749699256
    },
    {
      "tgid": 11135,
      "comm": "runc",
      "cgroup_id": 6520,
      "wait_duration_stats_ns": {
        "count": 310.0,
        "sum": 823798825.0,
        "mean": 2657415.564516129,
        "median": 99326.94671809711,
        "min": 660,
        "max": 118063922,
        "variance_ns2": 226188862775945.94,
        "iqr_ns": 392985.15606149496,
        "q1_ns": 24264.787292001914,
        "q3_ns": 417249.94335349684
      },
      "futex_op_counts": {
        "128": 310
      },
      "first_seen_ts_ns": 500621665311,
      "last_seen_ts_ns": 500742804553
    },
    {
      "tgid": 10285,
      "comm": "runc",
      "cgroup_id": 6520,
      "wait_duration_stats_ns": {
        "count": 298.0,
        "sum": 797503243.0,
        "mean": 2676185.379194631,
        "median": 75796.5255056429,
        "min": 2018,
        "max": 114902238,
        "variance_ns2": 258002726648580.16,
        "iqr_ns": 405360.1178872997,
        "q1_ns": 19826.84327408746,
        "q3_ns": 425186.96116138715
      },
      "futex_op_counts": {
        "128": 298
      },
      "first_seen_ts_ns": 330632158834,
      "last_seen_ts_ns": 330749897750
    },
    {
      "tgid": 11113,
      "comm": "runc",
      "cgroup_id": 6520,
      "wait_duration_stats_ns": {
        "count": 302.0,
        "sum": 746804193.0,
        "mean": 2472861.5662251655,
        "median": 90326.79794188857,
        "min": 508,
        "max": 121833677,
        "variance_ns2": 199379811485219.78,
        "iqr_ns": 331561.83639497426,
        "q1_ns": 21782.68738044129,
        "q3_ns": 353344.52377541555
      },
      "futex_op_counts": {
        "128": 302
      },
      "first_seen_ts_ns": 490624956204,
      "last_seen_ts_ns": 490757379222
    },
    {
      "tgid": 10241,
      "comm": "runc",
      "cgroup_id": 6520,
      "wait_duration_stats_ns": {
        "count": 306.0,
        "sum": 743955717.0,
        "mean": 2431227.8333333335,
        "median": 90338.81061638329,
        "min": 8345,
        "max": 104884903,
        "variance_ns2": 171200672280266.38,
        "iqr_ns": 385774.94256060297,
        "q1_ns": 20720.885847598744,
        "q3_ns": 406495.8284082017
      },
      "futex_op_counts": {
        "128": 306
      },
      "first_seen_ts_ns": 310623017213,
      "last_seen_ts_ns": 310730725582
    },
    {
      "tgid": 10984,
      "comm": "runc",
      "cgroup_id": 6520,
      "wait_duration_stats_ns": {
        "count": 227.0,
        "sum": 694674372.0000001,
        "mean": 3060239.5242290753,
        "median": 154457.86779147357,
        "min": 10948,
        "max": 94777530,
        "variance_ns2": 229396378302725.62,
        "iqr_ns": 589984.8722559788,
        "q1_ns": 24967.806895643225,
        "q3_ns": 614952.679151622
      },
      "futex_op_counts": {
        "128": 227
      },
      "first_seen_ts_ns": 450622440890,
      "last_seen_ts_ns": 450727914152
    },
    {
      "tgid": 10734,
      "comm": "runc",
      "cgroup_id": 6520,
      "wait_duration_stats_ns": {
        "count": 323.0,
        "sum": 692680473.0,
        "mean": 2144521.588235294,
        "median": 82882.4599100737,
        "min": 6889,
        "max": 100167799,
        "variance_ns2": 134407937293181.06,
        "iqr_ns": 372383.0374371077,
        "q1_ns": 18924.816574023826,
        "q3_ns": 391307.8540111315
      },
      "futex_op_counts": {
        "128": 323
      },
      "first_seen_ts_ns": 420622432646,
      "last_seen_ts_ns": 420729033384
    },
    {
      "tgid": 11068,
      "comm": "runc",
      "cgroup_id": 6520,
      "wait_duration_stats_ns": {
        "count": 288.0,
        "sum": 691600686.0,
        "mean": 2401391.2708333335,
        "median": 119779.62823726909,
        "min": 7677,
        "max": 99532162,
        "variance_ns2": 145258106522485.38,
        "iqr_ns": 581902.184565667,
        "q1_ns": 21807.618817433744,
        "q3_ns": 603709.8033831007
      },
      "futex_op_counts": {
        "128": 288
      },
      "first_seen_ts_ns": 470621114699,
      "last_seen_ts_ns": 470724123773
    },
    {
      "tgid": 10264,
      "comm": "runc",
      "cgroup_id": 6520,
      "wait_duration_stats_ns": {
        "count": 353.0,
        "sum": 681702465.0,
        "mean": 1931168.4560906517,
        "median": 73421.30666818541,
        "min": 592,
        "max": 97296639,
        "variance_ns2": 119806218173438.98,
        "iqr_ns": 356999.78135588736,
        "q1_ns": 19936.93742147199,
        "q3_ns": 376936.71877735935
      },
      "futex_op_counts": {
        "128": 353
      },
      "first_seen_ts_ns": 320619745250,
      "last_seen_ts_ns": 320719903892
    },
    {
      "tgid": 10641,
      "comm": "runc",
      "cgroup_id": 6520,
      "wait_duration_stats_ns": {
        "count": 311.0,
        "sum": 639908791.0,
        "mean": 2057584.5369774918,
        "median": 80542.69773585757,
        "min": 660,
        "max": 89014160,
        "variance_ns2": 120590224387667.97,
        "iqr_ns": 357203.6538918581,
        "q1_ns": 21775.992461718542,
        "q3_ns": 378979.6463535767
      },
      "futex_op_counts": {
        "128": 311
      },
      "first_seen_ts_ns": 380627087332,
      "last_seen_ts_ns": 380719642475
    },
    {
      "tgid": 10220,
      "comm": "runc",
      "cgroup_id": 6520,
      "wait_duration_stats_ns": {
        "count": 375.0,
        "sum": 639513051.0000001,
        "mean": 1705368.1360000004,
        "median": 62498.841166200575,
        "min": 9152,
        "max": 91071643,
        "variance_ns2": 101308384152270.8,
        "iqr_ns": 355721.99709341617,
        "q1_ns": 18633.291855372714,
        "q3_ns": 374355.2889487889
      },
      "futex_op_counts": {
        "128": 375
      },
      "first_seen_ts_ns": 300626192573,
      "last_seen_ts_ns": 300724010339
    },
    {
      "tgid": 10712,
      "comm": "runc",
      "cgroup_id": 6520,
      "wait_duration_stats_ns": {
        "count": 379.0,
        "sum": 637541556.9999999,
        "mean": 1682167.6965699205,
        "median": 102395.96374234096,
        "min": 533,
        "max": 89710467,
        "variance_ns2": 82822658440691.11,
        "iqr_ns": 597838.7099807174,
        "q1_ns": 21337.757777110248,
        "q3_ns": 619176.4677578276
      },
      "futex_op_counts": {
        "128": 379
      },
      "first_seen_ts_ns": 410620476156,
      "last_seen_ts_ns": 410717012155
    },
    {
      "tgid": 10616,
      "comm": "runc",
      "cgroup_id": 6520,
      "wait_duration_stats_ns": {
        "count": 317.0,
        "sum": 629922309.9999999,
        "mean": 1987136.624605678,
        "median": 75786.02464465391,
        "min": 674,
        "max": 103948232,
        "variance_ns2": 143937095160685.88,
        "iqr_ns": 403540.97792348464,
        "q1_ns": 23143.450882184767,
        "q3_ns": 426684.4288056694
      },
      "futex_op_counts": {
        "128": 317
      },
      "first_seen_ts_ns": 370626087258,
      "last_seen_ts_ns": 370732849613
    },
    {
      "tgid": 10756,
      "comm": "runc",
      "cgroup_id": 6520,
      "wait_duration_stats_ns": {
        "count": 372.0,
        "sum": 615249416.0,
        "mean": 1653896.2795698924,
        "median": 97510.86313197753,
        "min": 902,
        "max": 88706039,
        "variance_ns2": 82145786822281.38,
        "iqr_ns": 1833774.940340078,
        "q1_ns": 20201.252690642337,
        "q3_ns": 1853976.1930307203
      },
      "futex_op_counts": {
        "128": 372
      },
      "first_seen_ts_ns": 430624636456,
      "last_seen_ts_ns": 430719649098
    },
    {
      "tgid": 10395,
      "comm": "runc",
      "cgroup_id": 6520,
      "wait_duration_stats_ns": {
        "count": 337.0,
        "sum": 572488769.9999999,
        "mean": 1698779.7329376852,
        "median": 56227.82684579535,
        "min": 4517,
        "max": 81185316,
        "variance_ns2": 101132084020338.08,
        "iqr_ns": 309490.89126727334,
        "q1_ns": 20798.37209913598,
        "q3_ns": 330289.26336640934
      },
      "futex_op_counts": {
        "128": 337
      },
      "first_seen_ts_ns": 350623506787,
      "last_seen_ts_ns": 350711290765
    },
    {
      "tgid": 10675,
      "comm": "runc:[2:INIT]",
      "cgroup_id": 9322,
      "wait_duration_stats_ns": {
        "count": 30.0,
        "sum": 566121675.0,
        "mean": 18870722.5,
        "median": 2244211.2001756513,
        "min": 1828,
        "max": 99901774,
        "variance_ns2": 1189531286586266.0,
        "iqr_ns": 12161415.01481914,
        "q1_ns": 103232.06081674734,
        "q3_ns": 12264647.075635888
      },
      "futex_op_counts": {
        "128": 30
      },
      "first_seen_ts_ns": 390644237450,
      "last_seen_ts_ns": 390759828502
    },
    {
      "tgid": 10699,
      "comm": "runc:[2:INIT]",
      "cgroup_id": 9322,
      "wait_duration_stats_ns": {
        "count": 29.0,
        "sum": 545064735.9999999,
        "mean": 18795335.72413793,
        "median": 2235305.566050645,
        "min": 17931,
        "max": 100189479,
        "variance_ns2": 1200977320462269.5,
        "iqr_ns": 23609589.14009653,
        "q1_ns": 390241.53528009204,
        "q3_ns": 23999830.675376624
      },
      "futex_op_counts": {
        "128": 29
      },
      "first_seen_ts_ns": 400663170760,
      "last_seen_ts_ns": 400779027343
    },
    {
      "tgid": 11031,
      "comm": "gke-exec-auth-p",
      "cgroup_id": 6580,
      "wait_duration_stats_ns": {
        "count": 244.0,
        "sum": 473905849.0000001,
        "mean": 1942237.0860655743,
        "median": 248812.80040929533,
        "min": 2208,
        "max": 63227720,
        "variance_ns2": 48399547518662.83,
        "iqr_ns": 1913545.4858505977,
        "q1_ns": 34333.99092752492,
        "q3_ns": 1947879.4767781226
      },
      "futex_op_counts": {
        "128": 244
      },
      "first_seen_ts_ns": 459453033842,
      "last_seen_ts_ns": 459551010778
    },
    {
      "tgid": 11102,
      "comm": "runc:[2:INIT]",
      "cgroup_id": 9322,
      "wait_duration_stats_ns": {
        "count": 28.0,
        "sum": 472722057.0000001,
        "mean": 16882930.607142862,
        "median": 1448440.6882673122,
        "min": 3983,
        "max": 84057397,
        "variance_ns2": 869926922134433.0,
        "iqr_ns": 17110289.917369284,
        "q1_ns": 201293.0125723794,
        "q3_ns": 17311582.92994166
      },
      "futex_op_counts": {
        "128": 28
      },
      "first_seen_ts_ns": 480650013695,
      "last_seen_ts_ns": 480746196474
    },
    {
      "tgid": 10296,
      "comm": "runc:[2:INIT]",
      "cgroup_id": 9322,
      "wait_duration_stats_ns": {
        "count": 33.0,
        "sum": 457314930.0000002,
        "mean": 13858028.181818187,
        "median": 2107857.767260926,
        "min": 592,
        "max": 80671509,
        "variance_ns2": 784884545463695.9,
        "iqr_ns": 16684315.581908273,
        "q1_ns": 125166.32642642147,
        "q3_ns": 16809481.908334695
      },
      "futex_op_counts": {
        "128": 33
      },
      "first_seen_ts_ns": 330653200435,
      "last_seen_ts_ns": 330749939487
    },
    {
      "tgid": 11123,
      "comm": "runc:[2:INIT]",
      "cgroup_id": 9322,
      "wait_duration_stats_ns": {
        "count": 30.0,
        "sum": 446426567.0,
        "mean": 14880885.566666666,
        "median": 5086811.181778267,
        "min": 5262,
        "max": 74982765,
        "variance_ns2": 739047423125052.8,
        "iqr_ns": 23192636.683489587,
        "q1_ns": 48536.666666666664,
        "q3_ns": 23241173.350156255
      },
      "futex_op_counts": {
        "128": 30
      },
      "first_seen_ts_ns": 490664145950,
      "last_seen_ts_ns": 490757572700
    },
    {
      "tgid": 11057,
      "comm": "runc:[2:INIT]",
      "cgroup_id": 9322,
      "wait_duration_stats_ns": {
        "count": 31.0,
        "sum": 435511535.0,
        "mean": 14048759.193548387,
        "median": 2461777.024969701,
        "min": 14862,
        "max": 77037568,
        "variance_ns2": 649130235610464.4,
        "iqr_ns": 12462403.845413292,
        "q1_ns": 39697.67963474047,
        "q3_ns": 12502101.525048032
      },
      "futex_op_counts": {
        "128": 31
      },
      "first_seen_ts_ns": 460673267219,
      "last_seen_ts_ns": 460766188025
    },
    {
      "tgid": 11146,
      "comm": "runc:[2:INIT]",
      "cgroup_id": 9322,
      "wait_duration_stats_ns": {
        "count": 29.0,
        "sum": 423435134.0000001,
        "mean": 14601211.517241383,
        "median": 2653704.776788139,
        "min": 16335,
        "max": 73778913,
        "variance_ns2": 626532964530220.4,
        "iqr_ns": 21088823.333582032,
        "q1_ns": 240386.87731859047,
        "q3_ns": 21329210.210900623
      },
      "futex_op_counts": {
        "128": 29
      },
      "first_seen_ts_ns": 500653275454,
      "last_seen_ts_ns": 500742721374
    },
    {
      "tgid": 10335,
      "comm": "runc:[2:INIT]",
      "cgroup_id": 9322,
      "wait_duration_stats_ns": {
        "count": 30.0,
        "sum": 403512015.99999994,
        "mean": 13450400.533333331,
        "median": 1744429.0153577337,
        "min": 835,
        "max": 70796699,
        "variance_ns2": 609253490530487.5,
        "iqr_ns": 18261136.546483204,
        "q1_ns": 89708.56881588945,
        "q3_ns": 18350845.115299094
      },
      "futex_op_counts": {
        "128": 30
      },
      "first_seen_ts_ns": 340673556470,
      "last_seen_ts_ns": 340761044388
    },
    {
      "tgid": 10628,
      "comm": "runc:[2:INIT]",
      "cgroup_id": 9322,
      "wait_duration_stats_ns": {
        "count": 31.0,
        "sum": 380306051.99999994,
        "mean": 12267937.161290321,
        "median": 2689349.6018173154,
        "min": 3945,
        "max": 62865424,
        "variance_ns2": 400925538780501.44,
        "iqr_ns": 5876461.904087727,
        "q1_ns": 331916.3800203005,
        "q3_ns": 6208378.284108028
      },
      "futex_op_counts": {
        "128": 31
      },
      "first_seen_ts_ns": 370654133633,
      "last_seen_ts_ns": 370732861320
    },
    {
      "tgid": 10996,
      "comm": "runc:[2:INIT]",
      "cgroup_id": 9322,
      "wait_duration_stats_ns": {
        "count": 39.0,
        "sum": 369178339.99999994,
        "mean": 9466111.28205128,
        "median": 1910748.0515681454,
        "min": 15587,
        "max": 54870075,
        "variance_ns2": 278292304898738.62,
        "iqr_ns": 4718803.145304964,
        "q1_ns": 265976.8727698714,
        "q3_ns": 4984780.018074836
      },
      "futex_op_counts": {
        "128": 39
      },
      "first_seen_ts_ns": 450651091184,
      "last_seen_ts_ns": 450728099038
    },
    {
      "tgid": 10252,
      "comm": "runc:[2:INIT]",
      "cgroup_id": 9322,
      "wait_duration_stats_ns": {
        "count": 39.0,
        "sum": 355008081.0,
        "mean": 9102771.307692308,
        "median": 913999.0979379099,
        "min": 2296,
        "max": 57960036,
        "variance_ns2": 320549056301600.5,
        "iqr_ns": 5001261.573123699,
        "q1_ns": 44380.870051288926,
        "q3_ns": 5045642.443174988
      },
      "futex_op_counts": {
        "128": 39
      },
      "first_seen_ts_ns": 310655108266,
      "last_seen_ts_ns": 310730783927
    },
    {
      "tgid": 10745,
      "comm": "runc:[2:INIT]",
      "cgroup_id": 9322,
      "wait_duration_stats_ns": {
        "count": 29.0,
        "sum": 344973883.00000006,
        "mean": 11895651.137931036,
        "median": 3507868.6096945456,
        "min": 19950,
        "max": 55826187,
        "variance_ns2": 343578354906655.9,
        "iqr_ns": 18075413.80435961,
        "q1_ns": 164883.35922054347,
        "q3_ns": 18240297.163580153
      },
      "futex_op_counts": {
        "128": 29
      },
      "first_seen_ts_ns": 420655152856,
      "last_seen_ts_ns": 420727026923
    },
    {
      "tgid": 10767,
      "comm": "runc:[2:INIT]",
      "cgroup_id": 9322,
      "wait_duration_stats_ns": {
        "count": 36.0,
        "sum": 341032578.00000006,
        "mean": 9473127.166666668,
        "median": 395326.33235414914,
        "min": 436,
        "max": 56251858,
        "variance_ns2": 326855901209771.56,
        "iqr_ns": 7360578.282700169,
        "q1_ns": 112365.65196807391,
        "q3_ns": 7472943.934668243
      },
      "futex_op_counts": {
        "128": 36
      },
      "first_seen_ts_ns": 430647101314,
      "last_seen_ts_ns": 430719342124
    },
    {
      "tgid": 10275,
      "comm": "runc:[2:INIT]",
      "cgroup_id": 9322,
      "wait_duration_stats_ns": {
        "count": 32.0,
        "sum": 328702238.0,
        "mean": 10271944.9375,
        "median": 1678359.200164026,
        "min": 21008,
        "max": 53949183,
        "variance_ns2": 333586594576178.6,
        "iqr_ns": 14842534.460666042,
        "q1_ns": 85627.92672851562,
        "q3_ns": 14928162.387394557
      },
      "futex_op_counts": {
        "128": 32
      },
      "first_seen_ts_ns": 320650275125,
      "last_seen_ts_ns": 320719963202
    },
    {
      "tgid": 10723,
      "comm": "runc:[2:INIT]",
      "cgroup_id": 9322,
      "wait_duration_stats_ns": {
        "count": 30.0,
        "sum": 300486571.99999994,
        "mean": 10016219.066666665,
        "median": 1466757.6080439847,
        "min": 5763,
        "max": 48012931,
        "variance_ns2": 301504344979175.2,
        "iqr_ns": 18469654.88324936,
        "q1_ns": 18618.19113936414,
        "q3_ns": 18488273.074388724
      },
      "futex_op_counts": {
        "128": 30
      },
      "first_seen_ts_ns": 410649214329,
      "last_seen_ts_ns": 410713550862
    },
    {
      "tgid": 10653,
      "comm": "runc:[2:INIT]",
      "cgroup_id": 9322,
      "wait_duration_stats_ns": {
        "count": 36.0,
        "sum": 297013551.0000001,
        "mean": 8250376.41666667,
        "median": 2734365.8886942696,
        "min": 1832,
        "max": 42150521,
        "variance_ns2": 146190553198274.38,
        "iqr_ns": 11587402.721454963,
        "q1_ns": 34491.91755772047,
        "q3_ns": 11621894.639012683
      },
      "futex_op_counts": {
        "128": 36
      },
      "first_seen_ts_ns": 380659162961,
      "last_seen_ts_ns": 380719636312
    },
    {
      "tgid": 10407,
      "comm": "runc:[2:INIT]",
      "cgroup_id": 9322,
      "wait_duration_stats_ns": {
        "count": 39.0,
        "sum": 288655032.00000006,
        "mean": 7401411.076923078,
        "median": 2031588.079738244,
        "min": 1653,
        "max": 45247646,
        "variance_ns2": 158831271201074.4,
        "iqr_ns": 6696083.722717001,
        "q1_ns": 31100.271405035193,
        "q3_ns": 6727183.994122037
      },
      "futex_op_counts": {
        "128": 39
      },
      "first_seen_ts_ns": 350649462537,
      "last_seen_ts_ns": 350712016032
    },
    {
      "tgid": 11080,
      "comm": "runc:[2:INIT]",
      "cgroup_id": 9322,
      "wait_duration_stats_ns": {
        "count": 28.0,
        "sum": 288508742.99999994,
        "mean": 10303883.678571427,
        "median": 1098620.6262472665,
        "min": 575,
        "max": 47988287,
        "variance_ns2": 229012891217282.84,
        "iqr_ns": 10523189.212022226,
        "q1_ns": 56311.11611113338,
        "q3_ns": 10579500.32813336
      },
      "futex_op_counts": {
        "128": 28
      },
      "first_seen_ts_ns": 470665016534,
      "last_seen_ts_ns": 470723858773
    },
    {
      "tgid": 10231,
      "comm": "runc:[2:INIT]",
      "cgroup_id": 9322,
      "wait_duration_stats_ns": {
        "count": 31.0,
        "sum": 263690832.0,
        "mean": 8506155.870967742,
        "median": 2966977.146525034,
        "min": 13678,
        "max": 46176653,
        "variance_ns2": 148716974308858.2,
        "iqr_ns": 7059247.989087161,
        "q1_ns": 944145.1140527199,
        "q3_ns": 8003393.103139881
      },
      "futex_op_counts": {
        "128": 31
      },
      "first_seen_ts_ns": 300650092260,
      "last_seen_ts_ns": 300721067314
    },
    {
      "tgid": 10961,
      "comm": "runc",
      "cgroup_id": 6520,
      "wait_duration_stats_ns": {
        "count": 360.0,
        "sum": 235649035.0,
        "mean": 654580.6527777778,
        "median": 39705.456752734186,
        "min": 644,
        "max": 34779741,
        "variance_ns2": 17377752905055.746,
        "iqr_ns": 145036.282768103,
        "q1_ns": 20113.861028311592,
        "q3_ns": 165150.1437964146
      },
      "futex_op_counts": {
        "128": 360
      },
      "first_seen_ts_ns": 440618876041,
      "last_seen_ts_ns": 440656648748
    },
    {
      "tgid": 10594,
      "comm": "runc",
      "cgroup_id": 6520,
      "wait_duration_stats_ns": {
        "count": 371.0,
        "sum": 208096987.99999997,
        "mean": 560908.3234501347,
        "median": 31110.173921294852,
        "min": 1812,
        "max": 30932727,
        "variance_ns2": 13598260348463.633,
        "iqr_ns": 116647.70996459253,
        "q1_ns": 14212.754875325127,
        "q3_ns": 130860.46483991767
      },
      "futex_op_counts": {
        "128": 371
      },
      "first_seen_ts_ns": 360618052229,
      "last_seen_ts_ns": 360651848856
    },
    {
      "tgid": 10199,
      "comm": "runc",
      "cgroup_id": 6520,
      "wait_duration_stats_ns": {
        "count": 378.0,
        "sum": 198565315.99999997,
        "mean": 525305.0687830687,
        "median": 34293.49709210028,
        "min": 513,
        "max": 29497308,
        "variance_ns2": 11661844053360.54,
        "iqr_ns": 103497.63322209999,
        "q1_ns": 18408.909970304954,
        "q3_ns": 121906.54319240495
      },
      "futex_op_counts": {
        "128": 378
      },
      "first_seen_ts_ns": 290618090942,
      "last_seen_ts_ns": 290650718608
    },
    {
      "tgid": 10973,
      "comm": "runc:[2:INIT]",
      "cgroup_id": 9322,
      "wait_duration_stats_ns": {
        "count": 27.0,
        "sum": 125671994.00000001,
        "mean": 4654518.296296297,
        "median": 882344.7659953705,
        "min": 2198,
        "max": 15466621,
        "variance_ns2": 38062144504656.6,
        "iqr_ns": 7064950.98905762,
        "q1_ns": 44675.548579496004,
        "q3_ns": 7109626.537637116
      },
      "futex_op_counts": {
        "128": 27
      },
      "first_seen_ts_ns": 440627730104,
      "last_seen_ts_ns": 440656575755
    },
    {
      "tgid": 10606,
      "comm": "runc:[2:INIT]",
      "cgroup_id": 9322,
      "wait_duration_stats_ns": {
        "count": 27.0,
        "sum": 109871440.99999999,
        "mean": 4069312.629629629,
        "median": 821714.6113572081,
        "min": 17422,
        "max": 15620131,
        "variance_ns2": 30108484211117.63,
        "iqr_ns": 6369334.8701388,
        "q1_ns": 61927.959215167546,
        "q3_ns": 6431262.829353968
      },
      "futex_op_counts": {
        "128": 27
      },
      "first_seen_ts_ns": 360626094444,
      "last_seen_ts_ns": 360651855844
    },
    {
      "tgid": 10210,
      "comm": "runc:[2:INIT]",
      "cgroup_id": 9322,
      "wait_duration_stats_ns": {
        "count": 30.0,
        "sum": 100841629.0,
        "mean": 3361387.6333333333,
        "median": 391579.28154476796,
        "min": 753,
        "max": 15532070,
        "variance_ns2": 26748599658090.656,
        "iqr_ns": 3925293.6711160787,
        "q1_ns": 83275.76720270727,
        "q3_ns": 4008569.438318786
      },
      "futex_op_counts": {
        "128": 30
      },
      "first_seen_ts_ns": 290626732465,
      "last_seen_ts_ns": 290650643103
    },
    {
      "tgid": 9858,
      "comm": "runc",
      "cgroup_id": 6520,
      "wait_duration_stats_ns": {
        "count": 30.0,
        "sum": 22480210.999999996,
        "mean": 749340.3666666666,
        "median": 255598.81572071434,
        "min": 21484,
        "max": 5573643,
        "variance_ns2": 1602138512715.4126,
        "iqr_ns": 914553.5658748893,
        "q1_ns": 64538.44249234309,
        "q3_ns": 979092.0083672324
      },
      "futex_op_counts": {
        "128": 30
      },
      "first_seen_ts_ns": 263125998060,
      "last_seen_ts_ns": 263131737844
    },
    {
      "tgid": 10767,
      "comm": "csi-node-driver",
      "cgroup_id": 9322,
      "wait_duration_stats_ns": {
        "count": 22.0,
        "sum": 20579578.999999996,
        "mean": 935435.409090909,
        "median": 149935.9310485462,
        "min": 7305,
        "max": 2919962,
        "variance_ns2": 1219730011237.1106,
        "iqr_ns": 1537445.004484837,
        "q1_ns": 36367.72,
        "q3_ns": 1573812.724484837
      },
      "futex_op_counts": {
        "128": 22
      },
      "first_seen_ts_ns": 430724467637,
      "last_seen_ts_ns": 430730496723
    },
    {
      "tgid": 9864,
      "comm": "runc",
      "cgroup_id": 6520,
      "wait_duration_stats_ns": {
        "count": 26.0,
        "sum": 19446909.0,
        "mean": 747958.0384615385,
        "median": 309475.3463523085,
        "min": 18494,
        "max": 4914207,
        "variance_ns2": 1579779628210.0383,
        "iqr_ns": 939656.6167377557,
        "q1_ns": 82987.34541943125,
        "q3_ns": 1022643.9621571869
      },
      "futex_op_counts": {
        "128": 26
      },
      "first_seen_ts_ns": 263297034794,
      "last_seen_ts_ns": 263302076768
    },
    {
      "tgid": 9870,
      "comm": "runc",
      "cgroup_id": 6520,
      "wait_duration_stats_ns": {
        "count": 26.0,
        "sum": 19339573.0,
        "mean": 743829.7307692308,
        "median": 242763.37116883267,
        "min": 13288,
        "max": 4958363,
        "variance_ns2": 1584404526116.7644,
        "iqr_ns": 507306.84824466135,
        "q1_ns": 90467.37400702118,
        "q3_ns": 597774.2222516825
      },
      "futex_op_counts": {
        "128": 26
      },
      "first_seen_ts_ns": 263469244059,
      "last_seen_ts_ns": 263474335558
    },
    {
      "tgid": 9633,
      "comm": "flux-broker-9",
      "cgroup_id": 10119,
      "wait_duration_stats_ns": {
        "count": 434.0,
        "sum": 12755891.0,
        "mean": 29391.45391705069,
        "median": 4914.3960804366625,
        "min": 414,
        "max": 3340917,
        "variance_ns2": 58497789186.90895,
        "iqr_ns": 24345.493150575894,
        "q1_ns": 530.9629008876054,
        "q3_ns": 24876.456051463498
      },
      "futex_op_counts": {
        "128": 434
      },
      "first_seen_ts_ns": 279726503222,
      "last_seen_ts_ns": 507043055351
    },
    {
      "tgid": 10996,
      "comm": "csi-node-driver",
      "cgroup_id": 9322,
      "wait_duration_stats_ns": {
        "count": 14.0,
        "sum": 12398667.999999998,
        "mean": 885619.1428571427,
        "median": 119220.7591049383,
        "min": 19048,
        "max": 6369992,
        "variance_ns2": 2999561611378.4395,
        "iqr_ns": 575162.5908564816,
        "q1_ns": 24417.875,
        "q3_ns": 599580.4658564816
      },
      "futex_op_counts": {
        "128": 14
      },
      "first_seen_ts_ns": 450733656633,
      "last_seen_ts_ns": 450740015474
    },
    {
      "tgid": 10134,
      "comm": "csi-node-driver",
      "cgroup_id": 9322,
      "wait_duration_stats_ns": {
        "count": 20.0,
        "sum": 11142680.0,
        "mean": 557134.0,
        "median": 228981.62541666673,
        "min": 40415,
        "max": 1908603,
        "variance_ns2": 419277868293.0527,
        "iqr_ns": 808129.2862904194,
        "q1_ns": 109623.83333333334,
        "q3_ns": 917753.1196237528
      },
      "futex_op_counts": {
        "128": 20
      },
      "first_seen_ts_ns": 281015635215,
      "last_seen_ts_ns": 281019279873
    },
    {
      "tgid": 10628,
      "comm": "csi-node-driver",
      "cgroup_id": 9322,
      "wait_duration_stats_ns": {
        "count": 21.0,
        "sum": 10354407.0,
        "mean": 493067.0,
        "median": 98556.56468215151,
        "min": 18356,
        "max": 3576025,
        "variance_ns2": 778497881054.0,
        "iqr_ns": 540066.3861406505,
        "q1_ns": 28371.882820987652,
        "q3_ns": 568438.2689616381
      },
      "futex_op_counts": {
        "128": 21
      },
      "first_seen_ts_ns": 370740364452,
      "last_seen_ts_ns": 370746010316
    },
    {
      "tgid": 11123,
      "comm": "csi-node-driver",
      "cgroup_id": 9322,
      "wait_duration_stats_ns": {
        "count": 21.0,
        "sum": 9868824.000000002,
        "mean": 469944.0000000001,
        "median": 80136.46342080816,
        "min": 15345,
        "max": 1800738,
        "variance_ns2": 422090624114.2001,
        "iqr_ns": 614110.4974707405,
        "q1_ns": 37105.68380544458,
        "q3_ns": 651216.1812761851
      },
      "futex_op_counts": {
        "128": 21
      },
      "first_seen_ts_ns": 490759725186,
      "last_seen_ts_ns": 490763053478
    },
    {
      "tgid": 10252,
      "comm": "csi-node-driver",
      "cgroup_id": 9322,
      "wait_duration_stats_ns": {
        "count": 12.0,
        "sum": 9689732.0,
        "mean": 807477.6666666667,
        "median": 61636.571180555555,
        "min": 17446,
        "max": 3618548,
        "variance_ns2": 1643913850072.424,
        "iqr_ns": 241970.46944444443,
        "q1_ns": 21255.405555555557,
        "q3_ns": 263225.875
      },
      "futex_op_counts": {
        "128": 12
      },
      "first_seen_ts_ns": 310734382970,
      "last_seen_ts_ns": 310738017290
    },
    {
      "tgid": 10653,
      "comm": "csi-node-driver",
      "cgroup_id": 9322,
      "wait_duration_stats_ns": {
        "count": 20.0,
        "sum": 9554986.0,
        "mean": 477749.3,
        "median": 119030.22814191712,
        "min": 16500,
        "max": 1443252,
        "variance_ns2": 324964041355.4842,
        "iqr_ns": 891961.4519778469,
        "q1_ns": 29264.13814565249,
        "q3_ns": 921225.5901234994
      },
      "futex_op_counts": {
        "128": 20
      },
      "first_seen_ts_ns": 380721974580,
      "last_seen_ts_ns": 380725232230
    },
    {
      "tgid": 11146,
      "comm": "csi-node-driver",
      "cgroup_id": 9322,
      "wait_duration_stats_ns": {
        "count": 21.0,
        "sum": 9473661.999999998,
        "mean": 451126.76190476184,
        "median": 190943.79054520855,
        "min": 16532,
        "max": 1786786,
        "variance_ns2": 377083342320.7904,
        "iqr_ns": 485934.0972168646,
        "q1_ns": 41044.49231824417,
        "q3_ns": 526978.5895351088
      },
      "futex_op_counts": {
        "128": 21
      },
      "first_seen_ts_ns": 500744866320,
      "last_seen_ts_ns": 500748108090
    },
    {
      "tgid": 11080,
      "comm": "csi-node-driver",
      "cgroup_id": 9322,
      "wait_duration_stats_ns": {
        "count": 22.0,
        "sum": 9453243.0,
        "mean": 429692.86363636365,
        "median": 71359.13259918553,
        "min": 10718,
        "max": 1733565,
        "variance_ns2": 358650549636.59955,
        "iqr_ns": 588395.6004058687,
        "q1_ns": 32396.774897119343,
        "q3_ns": 620792.3753029881
      },
      "futex_op_counts": {
        "128": 22
      },
      "first_seen_ts_ns": 470726026273,
      "last_seen_ts_ns": 470729238079
    },
    {
      "tgid": 10723,
      "comm": "csi-node-driver",
      "cgroup_id": 9322,
      "wait_duration_stats_ns": {
        "count": 21.0,
        "sum": 9392121.0,
        "mean": 447243.85714285716,
        "median": 88328.6609895527,
        "min": 2078,
        "max": 1876866,
        "variance_ns2": 412694255708.2286,
        "iqr_ns": 639028.1269947416,
        "q1_ns": 24024.887499999997,
        "q3_ns": 663053.0144947416
      },
      "futex_op_counts": {
        "128": 21
      },
      "first_seen_ts_ns": 410719479254,
      "last_seen_ts_ns": 410722752544
    },
    {
      "tgid": 10296,
      "comm": "csi-node-driver",
      "cgroup_id": 9322,
      "wait_duration_stats_ns": {
        "count": 15.0,
        "sum": 9365960.000000002,
        "mean": 624397.3333333335,
        "median": 100168.97083333333,
        "min": 20831,
        "max": 3111748,
        "variance_ns2": 819256409662.0951,
        "iqr_ns": 712257.9981095678,
        "q1_ns": 36268.703125,
        "q3_ns": 748526.7012345678
      },
      "futex_op_counts": {
        "128": 15
      },
      "first_seen_ts_ns": 330753442030,
      "last_seen_ts_ns": 330756786927
    },
    {
      "tgid": 10675,
      "comm": "csi-node-driver",
      "cgroup_id": 9322,
      "wait_duration_stats_ns": {
        "count": 21.0,
        "sum": 9283530.0,
        "mean": 442072.85714285716,
        "median": 106941.27276880252,
        "min": 672,
        "max": 1519844,
        "variance_ns2": 310213995647.5285,
        "iqr_ns": 815731.2500716706,
        "q1_ns": 31893.20611472801,
        "q3_ns": 847624.4561863986
      },
      "futex_op_counts": {
        "128": 21
      },
      "first_seen_ts_ns": 390761705564,
      "last_seen_ts_ns": 390764847466
    },
    {
      "tgid": 11057,
      "comm": "csi-node-driver",
      "cgroup_id": 9322,
      "wait_duration_stats_ns": {
        "count": 18.0,
        "sum": 9144425.0,
        "mean": 508023.6111111111,
        "median": 225482.803387139,
        "min": 17490,
        "max": 1746753,
        "variance_ns2": 392128004098.1339,
        "iqr_ns": 564139.3182508681,
        "q1_ns": 46990.82660590278,
        "q3_ns": 611130.1448567709
      },
      "futex_op_counts": {
        "128": 18
      },
      "first_seen_ts_ns": 460771484514,
      "last_seen_ts_ns": 460774551271
    },
    {
      "tgid": 10335,
      "comm": "csi-node-driver",
      "cgroup_id": 9322,
      "wait_duration_stats_ns": {
        "count": 16.0,
        "sum": 9079288.0,
        "mean": 567455.5,
        "median": 221811.9550184462,
        "min": 16487,
        "max": 1862649,
        "variance_ns2": 469952807696.2666,
        "iqr_ns": 710056.4649691358,
        "q1_ns": 25823.234953703708,
        "q3_ns": 735879.6999228395
      },
      "futex_op_counts": {
        "128": 16
      },
      "first_seen_ts_ns": 340766500202,
      "last_seen_ts_ns": 340769590654
    },
    {
      "tgid": 10745,
      "comm": "csi-node-driver",
      "cgroup_id": 9322,
      "wait_duration_stats_ns": {
        "count": 18.0,
        "sum": 9033831.0,
        "mean": 501879.5,
        "median": 51944.71964285714,
        "min": 17889,
        "max": 3067402,
        "variance_ns2": 683966163669.2059,
        "iqr_ns": 551828.6248442093,
        "q1_ns": 28853.962962962964,
        "q3_ns": 580682.5878071722
      },
      "futex_op_counts": {
        "128": 18
      },
      "first_seen_ts_ns": 420753682709,
      "last_seen_ts_ns": 420756791190
    },
    {
      "tgid": 10231,
      "comm": "csi-node-driver",
      "cgroup_id": 9322,
      "wait_duration_stats_ns": {
        "count": 19.0,
        "sum": 9003176.0,
        "mean": 473851.3684210526,
        "median": 114499.26927083335,
        "min": 16943,
        "max": 1801241,
        "variance_ns2": 401902451562.1345,
        "iqr_ns": 707914.4670491623,
        "q1_ns": 24621.600000000002,
        "q3_ns": 732536.0670491622
      },
      "futex_op_counts": {
        "128": 19
      },
      "first_seen_ts_ns": 300728383892,
      "last_seen_ts_ns": 300731440040
    },
    {
      "tgid": 10606,
      "comm": "csi-node-driver",
      "cgroup_id": 9322,
      "wait_duration_stats_ns": {
        "count": 20.0,
        "sum": 8981226.0,
        "mean": 449061.30000000005,
        "median": 84960.40411437665,
        "min": 16159,
        "max": 1700748,
        "variance_ns2": 356485817600.9578,
        "iqr_ns": 607223.6904400546,
        "q1_ns": 34679.95572916667,
        "q3_ns": 641903.6461692213
      },
      "futex_op_counts": {
        "128": 20
      },
      "first_seen_ts_ns": 360653694064,
      "last_seen_ts_ns": 360656751584
    },
    {
      "tgid": 10210,
      "comm": "csi-node-driver",
      "cgroup_id": 9322,
      "wait_duration_stats_ns": {
        "count": 21.0,
        "sum": 8935567.999999998,
        "mean": 425503.23809523805,
        "median": 82472.02450325659,
        "min": 9125,
        "max": 1793511,
        "variance_ns2": 369594445436.5905,
        "iqr_ns": 740071.0522596067,
        "q1_ns": 27345.68219718443,
        "q3_ns": 767416.7344567911
      },
      "futex_op_counts": {
        "128": 21
      },
      "first_seen_ts_ns": 290652319587,
      "last_seen_ts_ns": 290655341215
    },
    {
      "tgid": 10699,
      "comm": "csi-node-driver",
      "cgroup_id": 9322,
      "wait_duration_stats_ns": {
        "count": 23.0,
        "sum": 8892810.0,
        "mean": 386643.9130434783,
        "median": 29153.244084362155,
        "min": 7960,
        "max": 2899243,
        "variance_ns2": 514864958163.26483,
        "iqr_ns": 282314.0700369962,
        "q1_ns": 19423.034173601933,
        "q3_ns": 301737.10421059816
      },
      "futex_op_counts": {
        "128": 23
      },
      "first_seen_ts_ns": 400781122141,
      "last_seen_ts_ns": 400784112433
    },
    {
      "tgid": 10407,
      "comm": "csi-node-driver",
      "cgroup_id": 9322,
      "wait_duration_stats_ns": {
        "count": 17.0,
        "sum": 8892684.0,
        "mean": 523099.0588235294,
        "median": 326381.9418650794,
        "min": 16378,
        "max": 1627924,
        "variance_ns2": 376097365239.3088,
        "iqr_ns": 540559.2547710438,
        "q1_ns": 40095.46527777778,
        "q3_ns": 580654.7200488215
      },
      "futex_op_counts": {
        "128": 17
      },
      "first_seen_ts_ns": 350714256893,
      "last_seen_ts_ns": 350717232448
    },
    {
      "tgid": 10973,
      "comm": "csi-node-driver",
      "cgroup_id": 9322,
      "wait_duration_stats_ns": {
        "count": 16.0,
        "sum": 8432848.0,
        "mean": 527053.0,
        "median": 322002.13975694444,
        "min": 570,
        "max": 1670146,
        "variance_ns2": 382305039686.2666,
        "iqr_ns": 602876.4706134261,
        "q1_ns": 40324.26157407407,
        "q3_ns": 643200.7321875001
      },
      "futex_op_counts": {
        "128": 16
      },
      "first_seen_ts_ns": 440658277618,
      "last_seen_ts_ns": 440661198572
    },
    {
      "tgid": 10275,
      "comm": "csi-node-driver",
      "cgroup_id": 9322,
      "wait_duration_stats_ns": {
        "count": 21.0,
        "sum": 8408263.000000002,
        "mean": 400393.47619047627,
        "median": 84117.97789606753,
        "min": 861,
        "max": 1513080,
        "variance_ns2": 305862839498.962,
        "iqr_ns": 686788.7746573971,
        "q1_ns": 25261.51594050069,
        "q3_ns": 712050.2905978977
      },
      "futex_op_counts": {
        "128": 21
      },
      "first_seen_ts_ns": 320725343822,
      "last_seen_ts_ns": 320728430522
    },
    {
      "tgid": 11102,
      "comm": "csi-node-driver",
      "cgroup_id": 9322,
      "wait_duration_stats_ns": {
        "count": 17.0,
        "sum": 8299327.0,
        "mean": 488195.70588235295,
        "median": 81434.53195861679,
        "min": 15899,
        "max": 1938374,
        "variance_ns2": 435080455343.4706,
        "iqr_ns": 805374.4519391834,
        "q1_ns": 27426.51174768518,
        "q3_ns": 832800.9636868685
      },
      "futex_op_counts": {
        "128": 17
      },
      "first_seen_ts_ns": 480747991447,
      "last_seen_ts_ns": 480751319161
    },
    {
      "tgid": 9633,
      "comm": "ZMQbg/IO/0",
      "cgroup_id": 10119,
      "wait_duration_stats_ns": {
        "count": 42.0,
        "sum": 113755.99999999997,
        "mean": 2708.47619047619,
        "median": 561.1909986975666,
        "min": 413,
        "max": 25075,
        "variance_ns2": 41080989.08478513,
        "iqr_ns": 423.9340580315578,
        "q1_ns": 512.16164913198,
        "q3_ns": 936.0957071635378
      },
      "futex_op_counts": {
        "128": 42
      },
      "first_seen_ts_ns": 354825297464,
      "last_seen_ts_ns": 501976295612
    },
    {
      "tgid": 10076,
      "comm": "lmp",
      "cgroup_id": 10119,
      "wait_duration_stats_ns": {
        "count": 1.0,
        "sum": 10900.0,
        "mean": 10900.0,
        "median": 10900.0,
        "min": 10900,
        "max": 10900,
        "variance_ns2": null,
        "iqr_ns": 0.0,
        "q1_ns": 10900.0,
        "q3_ns": 10900.0
      },
      "futex_op_counts": {
        "128": 1
      },
      "first_seen_ts_ns": 354796338025,
      "last_seen_ts_ns": 354796338025
    },
    {
      "tgid": 10914,
      "comm": "lmp",
      "cgroup_id": 10119,
      "wait_duration_stats_ns": {
        "count": 1.0,
        "sum": 10201.0,
        "mean": 10201.0,
        "median": 10201.0,
        "min": 10201,
        "max": 10201,
        "variance_ns2": null,
        "iqr_ns": 0.0,
        "q1_ns": 10201.0,
        "q3_ns": 10201.0
      },
      "futex_op_counts": {
        "128": 1
      },
      "first_seen_ts_ns": 501943358755,
      "last_seen_ts_ns": 501943358755
    },
    {
      "tgid": 10438,
      "comm": "lmp",
      "cgroup_id": 10119,
      "wait_duration_stats_ns": {
        "count": 1.0,
        "sum": 9916.0,
        "mean": 9916.0,
        "median": 9916.0,
        "min": 9916,
        "max": 9916,
        "variance_ns2": null,
        "iqr_ns": 0.0,
        "q1_ns": 9916.0,
        "q3_ns": 9916.0
      },
      "futex_op_counts": {
        "128": 1
      },
      "first_seen_ts_ns": 432785100111,
      "last_seen_ts_ns": 432785100111
    },
    {
      "tgid": 10918,
      "comm": "lmp",
      "cgroup_id": 10119,
      "wait_duration_stats_ns": {
        "count": 1.0,
        "sum": 9603.0,
        "mean": 9603.0,
        "median": 9603.0,
        "min": 9603,
        "max": 9603,
        "variance_ns2": null,
        "iqr_ns": 0.0,
        "q1_ns": 9603.0,
        "q3_ns": 9603.0
      },
      "futex_op_counts": {
        "128": 1
      },
      "first_seen_ts_ns": 501943294110,
      "last_seen_ts_ns": 501943294110
    },
    {
      "tgid": 10856,
      "comm": "lmp",
      "cgroup_id": 10119,
      "wait_duration_stats_ns": {
        "count": 1.0,
        "sum": 9466.0,
        "mean": 9466.0,
        "median": 9466.0,
        "min": 9466,
        "max": 9466,
        "variance_ns2": null,
        "iqr_ns": 0.0,
        "q1_ns": 9466.0,
        "q3_ns": 9466.0
      },
      "futex_op_counts": {
        "128": 1
      },
      "first_seen_ts_ns": 501944650406,
      "last_seen_ts_ns": 501944650406
    },
    {
      "tgid": 10900,
      "comm": "lmp",
      "cgroup_id": 10119,
      "wait_duration_stats_ns": {
        "count": 1.0,
        "sum": 9058.0,
        "mean": 9058.0,
        "median": 9058.0,
        "min": 9058,
        "max": 9058,
        "variance_ns2": null,
        "iqr_ns": 0.0,
        "q1_ns": 9058.0,
        "q3_ns": 9058.0
      },
      "futex_op_counts": {
        "128": 1
      },
      "first_seen_ts_ns": 501943649430,
      "last_seen_ts_ns": 501943649430
    },
    {
      "tgid": 10566,
      "comm": "lmp",
      "cgroup_id": 10119,
      "wait_duration_stats_ns": {
        "count": 1.0,
        "sum": 8965.0,
        "mean": 8965.0,
        "median": 8965.0,
        "min": 8965,
        "max": 8965,
        "variance_ns2": null,
        "iqr_ns": 0.0,
        "q1_ns": 8965.0,
        "q3_ns": 8965.0
      },
      "futex_op_counts": {
        "128": 1
      },
      "first_seen_ts_ns": 432789490888,
      "last_seen_ts_ns": 432789490888
    },
    {
      "tgid": 10840,
      "comm": "lmp",
      "cgroup_id": 10119,
      "wait_duration_stats_ns": {
        "count": 1.0,
        "sum": 8937.0,
        "mean": 8937.0,
        "median": 8937.0,
        "min": 8937,
        "max": 8937,
        "variance_ns2": null,
        "iqr_ns": 0.0,
        "q1_ns": 8937.0,
        "q3_ns": 8937.0
      },
      "futex_op_counts": {
        "128": 1
      },
      "first_seen_ts_ns": 501943262318,
      "last_seen_ts_ns": 501943262318
    },
    {
      "tgid": 10813,
      "comm": "lmp",
      "cgroup_id": 10119,
      "wait_duration_stats_ns": {
        "count": 1.0,
        "sum": 8807.0,
        "mean": 8807.0,
        "median": 8807.0,
        "min": 8807,
        "max": 8807,
        "variance_ns2": null,
        "iqr_ns": 0.0,
        "q1_ns": 8807.0,
        "q3_ns": 8807.0
      },
      "futex_op_counts": {
        "128": 1
      },
      "first_seen_ts_ns": 501944293472,
      "last_seen_ts_ns": 501944293472
    },
    {
      "tgid": 9986,
      "comm": "lmp",
      "cgroup_id": 10119,
      "wait_duration_stats_ns": {
        "count": 1.0,
        "sum": 8697.0,
        "mean": 8697.0,
        "median": 8697.0,
        "min": 8697,
        "max": 8697,
        "variance_ns2": null,
        "iqr_ns": 0.0,
        "q1_ns": 8697.0,
        "q3_ns": 8697.0
      },
      "futex_op_counts": {
        "128": 1
      },
      "first_seen_ts_ns": 354796511097,
      "last_seen_ts_ns": 354796511097
    },
    {
      "tgid": 10540,
      "comm": "lmp",
      "cgroup_id": 10119,
      "wait_duration_stats_ns": {
        "count": 1.0,
        "sum": 8526.0,
        "mean": 8526.0,
        "median": 8526.0,
        "min": 8526,
        "max": 8526,
        "variance_ns2": null,
        "iqr_ns": 0.0,
        "q1_ns": 8526.0,
        "q3_ns": 8526.0
      },
      "futex_op_counts": {
        "128": 1
      },
      "first_seen_ts_ns": 432786642820,
      "last_seen_ts_ns": 432786642820
    },
    {
      "tgid": 10586,
      "comm": "lmp",
      "cgroup_id": 10119,
      "wait_duration_stats_ns": {
        "count": 1.0,
        "sum": 8495.0,
        "mean": 8495.0,
        "median": 8495.0,
        "min": 8495,
        "max": 8495,
        "variance_ns2": null,
        "iqr_ns": 0.0,
        "q1_ns": 8495.0,
        "q3_ns": 8495.0
      },
      "futex_op_counts": {
        "128": 1
      },
      "first_seen_ts_ns": 432784093170,
      "last_seen_ts_ns": 432784093170
    },
    {
      "tgid": 10884,
      "comm": "lmp",
      "cgroup_id": 10119,
      "wait_duration_stats_ns": {
        "count": 1.0,
        "sum": 8469.0,
        "mean": 8469.0,
        "median": 8469.0,
        "min": 8469,
        "max": 8469,
        "variance_ns2": null,
        "iqr_ns": 0.0,
        "q1_ns": 8469.0,
        "q3_ns": 8469.0
      },
      "futex_op_counts": {
        "128": 1
      },
      "first_seen_ts_ns": 501943682123,
      "last_seen_ts_ns": 501943682123
    },
    {
      "tgid": 10783,
      "comm": "lmp",
      "cgroup_id": 10119,
      "wait_duration_stats_ns": {
        "count": 1.0,
        "sum": 8442.0,
        "mean": 8442.0,
        "median": 8442.0,
        "min": 8442,
        "max": 8442,
        "variance_ns2": null,
        "iqr_ns": 0.0,
        "q1_ns": 8442.0,
        "q3_ns": 8442.0
      },
      "futex_op_counts": {
        "128": 1
      },
      "first_seen_ts_ns": 501944731094,
      "last_seen_ts_ns": 501944731094
    },
    {
      "tgid": 10850,
      "comm": "lmp",
      "cgroup_id": 10119,
      "wait_duration_stats_ns": {
        "count": 1.0,
        "sum": 8407.0,
        "mean": 8407.0,
        "median": 8407.0,
        "min": 8407,
        "max": 8407,
        "variance_ns2": null,
        "iqr_ns": 0.0,
        "q1_ns": 8407.0,
        "q3_ns": 8407.0
      },
      "futex_op_counts": {
        "128": 1
      },
      "first_seen_ts_ns": 501944567036,
      "last_seen_ts_ns": 501944567036
    },
    {
      "tgid": 10452,
      "comm": "lmp",
      "cgroup_id": 10119,
      "wait_duration_stats_ns": {
        "count": 1.0,
        "sum": 8279.0,
        "mean": 8279.0,
        "median": 8279.0,
        "min": 8279,
        "max": 8279,
        "variance_ns2": null,
        "iqr_ns": 0.0,
        "q1_ns": 8279.0,
        "q3_ns": 8279.0
      },
      "futex_op_counts": {
        "128": 1
      },
      "first_seen_ts_ns": 432784726112,
      "last_seen_ts_ns": 432784726112
    },
    {
      "tgid": 10797,
      "comm": "lmp",
      "cgroup_id": 10119,
      "wait_duration_stats_ns": {
        "count": 1.0,
        "sum": 8187.0,
        "mean": 8187.0,
        "median": 8187.0,
        "min": 8187,
        "max": 8187,
        "variance_ns2": null,
        "iqr_ns": 0.0,
        "q1_ns": 8187.0,
        "q3_ns": 8187.0
      },
      "futex_op_counts": {
        "128": 1
      },
      "first_seen_ts_ns": 501942703259,
      "last_seen_ts_ns": 501942703259
    },
    {
      "tgid": 10502,
      "comm": "lmp",
      "cgroup_id": 10119,
      "wait_duration_stats_ns": {
        "count": 1.0,
        "sum": 8144.0,
        "mean": 8144.0,
        "median": 8144.0,
        "min": 8144,
        "max": 8144,
        "variance_ns2": null,
        "iqr_ns": 0.0,
        "q1_ns": 8144.0,
        "q3_ns": 8144.0
      },
      "futex_op_counts": {
        "128": 1
      },
      "first_seen_ts_ns": 432784260425,
      "last_seen_ts_ns": 432784260425
    },
    {
      "tgid": 10906,
      "comm": "lmp",
      "cgroup_id": 10119,
      "wait_duration_stats_ns": {
        "count": 1.0,
        "sum": 8133.0,
        "mean": 8133.0,
        "median": 8133.0,
        "min": 8133,
        "max": 8133,
        "variance_ns2": null,
        "iqr_ns": 0.0,
        "q1_ns": 8133.0,
        "q3_ns": 8133.0
      },
      "futex_op_counts": {
        "128": 1
      },
      "first_seen_ts_ns": 501943384827,
      "last_seen_ts_ns": 501943384827
    },
    {
      "tgid": 9974,
      "comm": "lmp",
      "cgroup_id": 10119,
      "wait_duration_stats_ns": {
        "count": 1.0,
        "sum": 8120.0,
        "mean": 8120.0,
        "median": 8120.0,
        "min": 8120,
        "max": 8120,
        "variance_ns2": null,
        "iqr_ns": 0.0,
        "q1_ns": 8120.0,
        "q3_ns": 8120.0
      },
      "futex_op_counts": {
        "128": 1
      },
      "first_seen_ts_ns": 354797428603,
      "last_seen_ts_ns": 354797428603
    },
    {
      "tgid": 10462,
      "comm": "lmp",
      "cgroup_id": 10119,
      "wait_duration_stats_ns": {
        "count": 1.0,
        "sum": 7996.0,
        "mean": 7996.0,
        "median": 7996.0,
        "min": 7996,
        "max": 7996,
        "variance_ns2": null,
        "iqr_ns": 0.0,
        "q1_ns": 7996.0,
        "q3_ns": 7996.0
      },
      "futex_op_counts": {
        "128": 1
      },
      "first_seen_ts_ns": 432785297395,
      "last_seen_ts_ns": 432785297395
    },
    {
      "tgid": 10824,
      "comm": "lmp",
      "cgroup_id": 10119,
      "wait_duration_stats_ns": {
        "count": 1.0,
        "sum": 7952.0,
        "mean": 7952.0,
        "median": 7952.0,
        "min": 7952,
        "max": 7952,
        "variance_ns2": null,
        "iqr_ns": 0.0,
        "q1_ns": 7952.0,
        "q3_ns": 7952.0
      },
      "futex_op_counts": {
        "128": 1
      },
      "first_seen_ts_ns": 501944439440,
      "last_seen_ts_ns": 501944439440
    },
    {
      "tgid": 10916,
      "comm": "lmp",
      "cgroup_id": 10119,
      "wait_duration_stats_ns": {
        "count": 1.0,
        "sum": 7897.0,
        "mean": 7897.0,
        "median": 7897.0,
        "min": 7897,
        "max": 7897,
        "variance_ns2": null,
        "iqr_ns": 0.0,
        "q1_ns": 7897.0,
        "q3_ns": 7897.0
      },
      "futex_op_counts": {
        "128": 1
      },
      "first_seen_ts_ns": 501943379284,
      "last_seen_ts_ns": 501943379284
    },
    {
      "tgid": 10870,
      "comm": "lmp",
      "cgroup_id": 10119,
      "wait_duration_stats_ns": {
        "count": 1.0,
        "sum": 7879.0,
        "mean": 7879.0,
        "median": 7879.0,
        "min": 7879,
        "max": 7879,
        "variance_ns2": null,
        "iqr_ns": 0.0,
        "q1_ns": 7879.0,
        "q3_ns": 7879.0
      },
      "futex_op_counts": {
        "128": 1
      },
      "first_seen_ts_ns": 501943697044,
      "last_seen_ts_ns": 501943697044
    },
    {
      "tgid": 10010,
      "comm": "lmp",
      "cgroup_id": 10119,
      "wait_duration_stats_ns": {
        "count": 1.0,
        "sum": 7846.0,
        "mean": 7846.0,
        "median": 7846.0,
        "min": 7846,
        "max": 7846,
        "variance_ns2": null,
        "iqr_ns": 0.0,
        "q1_ns": 7846.0,
        "q3_ns": 7846.0
      },
      "futex_op_counts": {
        "128": 1
      },
      "first_seen_ts_ns": 354797111328,
      "last_seen_ts_ns": 354797111328
    },
    {
      "tgid": 10458,
      "comm": "lmp",
      "cgroup_id": 10119,
      "wait_duration_stats_ns": {
        "count": 1.0,
        "sum": 7720.0,
        "mean": 7720.0,
        "median": 7720.0,
        "min": 7720,
        "max": 7720,
        "variance_ns2": null,
        "iqr_ns": 0.0,
        "q1_ns": 7720.0,
        "q3_ns": 7720.0
      },
      "futex_op_counts": {
        "128": 1
      },
      "first_seen_ts_ns": 432784693743,
      "last_seen_ts_ns": 432784693743
    },
    {
      "tgid": 9992,
      "comm": "lmp",
      "cgroup_id": 10119,
      "wait_duration_stats_ns": {
        "count": 1.0,
        "sum": 7711.0,
        "mean": 7711.0,
        "median": 7711.0,
        "min": 7711,
        "max": 7711,
        "variance_ns2": null,
        "iqr_ns": 0.0,
        "q1_ns": 7711.0,
        "q3_ns": 7711.0
      },
      "futex_op_counts": {
        "128": 1
      },
      "first_seen_ts_ns": 354796575641,
      "last_seen_ts_ns": 354796575641
    },
    {
      "tgid": 10810,
      "comm": "lmp",
      "cgroup_id": 10119,
      "wait_duration_stats_ns": {
        "count": 1.0,
        "sum": 7499.0,
        "mean": 7499.0,
        "median": 7499.0,
        "min": 7499,
        "max": 7499,
        "variance_ns2": null,
        "iqr_ns": 0.0,
        "q1_ns": 7499.0,
        "q3_ns": 7499.0
      },
      "futex_op_counts": {
        "128": 1
      },
      "first_seen_ts_ns": 501943966362,
      "last_seen_ts_ns": 501943966362
    },
    {
      "tgid": 10782,
      "comm": "lmp",
      "cgroup_id": 10119,
      "wait_duration_stats_ns": {
        "count": 1.0,
        "sum": 7464.0,
        "mean": 7464.0,
        "median": 7464.0,
        "min": 7464,
        "max": 7464,
        "variance_ns2": null,
        "iqr_ns": 0.0,
        "q1_ns": 7464.0,
        "q3_ns": 7464.0
      },
      "futex_op_counts": {
        "128": 1
      },
      "first_seen_ts_ns": 501943260272,
      "last_seen_ts_ns": 501943260272
    },
    {
      "tgid": 10880,
      "comm": "lmp",
      "cgroup_id": 10119,
      "wait_duration_stats_ns": {
        "count": 1.0,
        "sum": 7429.0,
        "mean": 7429.0,
        "median": 7429.0,
        "min": 7429,
        "max": 7429,
        "variance_ns2": null,
        "iqr_ns": 0.0,
        "q1_ns": 7429.0,
        "q3_ns": 7429.0
      },
      "futex_op_counts": {
        "128": 1
      },
      "first_seen_ts_ns": 501941371837,
      "last_seen_ts_ns": 501941371837
    },
    {
      "tgid": 10898,
      "comm": "lmp",
      "cgroup_id": 10119,
      "wait_duration_stats_ns": {
        "count": 1.0,
        "sum": 7279.0,
        "mean": 7279.0,
        "median": 7279.0,
        "min": 7279,
        "max": 7279,
        "variance_ns2": null,
        "iqr_ns": 0.0,
        "q1_ns": 7279.0,
        "q3_ns": 7279.0
      },
      "futex_op_counts": {
        "128": 1
      },
      "first_seen_ts_ns": 501943212277,
      "last_seen_ts_ns": 501943212277
    }
  ]
}
[22:21:02] Cleanup complete.
