unlimited
Looking for /opt/programs/futex-model/ebpf-collect.c
[22:17:03] Starting eBPF (Tracepoints for futex syscalls).
[22:17:04] BPF program loaded and tracepoints automatically attached.
[22:17:04] Start Indicator file defined '/mnt/flux/start_ebpf_collection'. Waiting.
[22:17:14] Start indicator found. Proceeding.
[22:17:14] Ring buffers opened. Polling for events...
[22:21:02] 
Indicator file '/mnt/flux/stop_ebpf_collection' found. Stopping.
[22:21:02] Cleaning up BPF resources...
{
  "final_aggregated_futex_summary_river": [
    {
      "tgid": 6876,
      "comm": "fluent-bit-gke-",
      "cgroup_id": 8144,
      "wait_duration_stats_ns": {
        "count": 12608.0,
        "sum": 11518997053266.04,
        "mean": 913626035.3161516,
        "median": 706925.1208510206,
        "min": 398,
        "max": 74889356469,
        "variance_ns2": 3.6728893529422197e+19,
        "iqr_ns": 16941718.785794962,
        "q1_ns": 27829.246600964037,
        "q3_ns": 16969548.032395925
      },
      "futex_op_counts": {
        "128": 12608
      },
      "first_seen_ts_ns": 271216976844,
      "last_seen_ts_ns": 506717352530
    },
    {
      "tgid": 3790,
      "comm": "kubelet",
      "cgroup_id": 6640,
      "wait_duration_stats_ns": {
        "count": 20800.0,
        "sum": 7094083662166.001,
        "mean": 341061714.5272116,
        "median": 17222757.150737025,
        "min": 519,
        "max": 165937658379,
        "variance_ns2": 1.7631801568016413e+19,
        "iqr_ns": 42746963.5389777,
        "q1_ns": 1811265.7637988578,
        "q3_ns": 44558229.30277655
      },
      "futex_op_counts": {
        "128": 20800
      },
      "first_seen_ts_ns": 269759963560,
      "last_seen_ts_ns": 507135767733
    },
    {
      "tgid": 3600,
      "comm": "containerd",
      "cgroup_id": 6520,
      "wait_duration_stats_ns": {
        "count": 106553.0,
        "sum": 6385006383558.919,
        "mean": 59923290.602413066,
        "median": 184016.69206817186,
        "min": 477,
        "max": 153822542717,
        "variance_ns2": 2.896141034530569e+18,
        "iqr_ns": 1732358.6494600985,
        "q1_ns": 46142.446534315546,
        "q3_ns": 1778501.095994414
      },
      "futex_op_counts": {
        "128": 106553
      },
      "first_seen_ts_ns": 269733830388,
      "last_seen_ts_ns": 507144279347
    },
    {
      "tgid": 8025,
      "comm": "containerd-shim",
      "cgroup_id": 6520,
      "wait_duration_stats_ns": {
        "count": 1907.0,
        "sum": 1611904985128.0024,
        "mean": 845256940.2873636,
        "median": 822641.8102838212,
        "min": 374,
        "max": 19980506705,
        "variance_ns2": 5.521034302800258e+18,
        "iqr_ns": 35267138.41931057,
        "q1_ns": 85106.90313596181,
        "q3_ns": 35352245.32244653
      },
      "futex_op_counts": {
        "128": 1907
      },
      "first_seen_ts_ns": 271273225740,
      "last_seen_ts_ns": 506088212206
    },
    {
      "tgid": 7489,
      "comm": "prometheus",
      "cgroup_id": 8539,
      "wait_duration_stats_ns": {
        "count": 11157.0,
        "sum": 1530707742810.0042,
        "mean": 137197072.94165134,
        "median": 44994509.717021435,
        "min": 570,
        "max": 119231595044,
        "variance_ns2": 6.214228914683631e+18,
        "iqr_ns": 10080595.232559428,
        "q1_ns": 40070956.425834395,
        "q3_ns": 50151551.65839382
      },
      "futex_op_counts": {
        "128": 11157
      },
      "first_seen_ts_ns": 269778440532,
      "last_seen_ts_ns": 507141777011
    },
    {
      "tgid": 7896,
      "comm": "kube-rbac-proxy",
      "cgroup_id": 8855,
      "wait_duration_stats_ns": {
        "count": 1048.0,
        "sum": 1414914801855.0022,
        "mean": 1350109543.7547731,
        "median": 569942872.9401324,
        "min": 4508,
        "max": 125000607292,
        "variance_ns2": 7.588849115964044e+19,
        "iqr_ns": 2152844817.931671,
        "q1_ns": 26245960.718680166,
        "q3_ns": 2179090778.6503515
      },
      "futex_op_counts": {
        "128": 1048
      },
      "first_seen_ts_ns": 280653295796,
      "last_seen_ts_ns": 505653472219
    },
    {
      "tgid": 3858,
      "comm": "node-problem-de",
      "cgroup_id": 6700,
      "wait_duration_stats_ns": {
        "count": 1015.0,
        "sum": 1387722191321.0007,
        "mean": 1367213981.597045,
        "median": 603956006.0246574,
        "min": 1302,
        "max": 98969056748,
        "variance_ns2": 4.619275149945342e+19,
        "iqr_ns": 966467523.48397,
        "q1_ns": 14374227.227394558,
        "q3_ns": 980841750.7113646
      },
      "futex_op_counts": {
        "128": 1015
      },
      "first_seen_ts_ns": 270908474999,
      "last_seen_ts_ns": 506909074121
    },
    {
      "tgid": 8118,
      "comm": "csi-node-driver",
      "cgroup_id": 9171,
      "wait_duration_stats_ns": {
        "count": 53.0,
        "sum": 1263019367660.0,
        "mean": 23830554106.792454,
        "median": 1431878176.6890693,
        "min": 3874,
        "max": 120005160645,
        "variance_ns2": 1.846690698029942e+21,
        "iqr_ns": 55523987596.36587,
        "q1_ns": 41880216.920744605,
        "q3_ns": 55565867813.28661
      },
      "futex_op_counts": {
        "128": 53
      },
      "first_seen_ts_ns": 284631134916,
      "last_seen_ts_ns": 465638157895
    },
    {
      "tgid": 7680,
      "comm": "containerd-shim",
      "cgroup_id": 6520,
      "wait_duration_stats_ns": {
        "count": 541.0,
        "sum": 1251225658327.0,
        "mean": 2312801586.556377,
        "median": 987013.7051417184,
        "min": 555,
        "max": 54957011083,
        "variance_ns2": 3.5993743537447068e+19,
        "iqr_ns": 1916554015.4857724,
        "q1_ns": 301069.6448373234,
        "q3_ns": 1916855085.1306098
      },
      "futex_op_counts": {
        "128": 541
      },
      "first_seen_ts_ns": 285102537059,
      "last_seen_ts_ns": 506092913836
    },
    {
      "tgid": 7586,
      "comm": "config-reloader",
      "cgroup_id": 8618,
      "wait_duration_stats_ns": {
        "count": 89.0,
        "sum": 1221769217819.0002,
        "mean": 13727744020.438204,
        "median": 6740452368.225179,
        "min": 27008,
        "max": 120418065305,
        "variance_ns2": 7.101056935595073e+20,
        "iqr_ns": 9514940749.550339,
        "q1_ns": 553778680.7274346,
        "q3_ns": 10068719430.277773
      },
      "futex_op_counts": {
        "128": 89
      },
      "first_seen_ts_ns": 288657890796,
      "last_seen_ts_ns": 498823094139
    },
    {
      "tgid": 6126,
      "comm": "containerd-shim",
      "cgroup_id": 6520,
      "wait_duration_stats_ns": {
        "count": 756.0,
        "sum": 1124989112236.9993,
        "mean": 1488080836.292327,
        "median": 1696952.8673389242,
        "min": 570,
        "max": 31818417438,
        "variance_ns2": 1.6392921206125246e+19,
        "iqr_ns": 1208485890.8908987,
        "q1_ns": 339223.205927043,
        "q3_ns": 1208825114.0968258
      },
      "futex_op_counts": {
        "128": 756
      },
      "first_seen_ts_ns": 285097882661,
      "last_seen_ts_ns": 506091362193
    },
    {
      "tgid": 6135,
      "comm": "containerd-shim",
      "cgroup_id": 6520,
      "wait_duration_stats_ns": {
        "count": 647.0,
        "sum": 1114691974838.0012,
        "mean": 1722862403.1499248,
        "median": 9138454.564099737,
        "min": 384,
        "max": 30002198772,
        "variance_ns2": 2.1364600928550363e+19,
        "iqr_ns": 1064907395.3985832,
        "q1_ns": 752222.7108558603,
        "q3_ns": 1065659618.109439
      },
      "futex_op_counts": {
        "128": 647
      },
      "first_seen_ts_ns": 285103585209,
      "last_seen_ts_ns": 506093623326
    },
    {
      "tgid": 4036,
      "comm": "kube-proxy",
      "cgroup_id": 7373,
      "wait_duration_stats_ns": {
        "count": 282.0,
        "sum": 1101835732230.0007,
        "mean": 3907218908.6170235,
        "median": 1171100871.141944,
        "min": 1672,
        "max": 59995230132,
        "variance_ns2": 7.528509768899999e+19,
        "iqr_ns": 4443637064.110237,
        "q1_ns": 36130237.598746836,
        "q3_ns": 4479767301.708984
      },
      "futex_op_counts": {
        "128": 282
      },
      "first_seen_ts_ns": 280610634047,
      "last_seen_ts_ns": 503445186456
    },
    {
      "tgid": 8491,
      "comm": "containerd-shim",
      "cgroup_id": 6520,
      "wait_duration_stats_ns": {
        "count": 156877.0,
        "sum": 1079899217757.9879,
        "mean": 6883731.954065847,
        "median": 108591.97776338084,
        "min": 476,
        "max": 25509310424,
        "variance_ns2": 2.729964183919594e+16,
        "iqr_ns": 508015.3191307216,
        "q1_ns": 33180.59035940559,
        "q3_ns": 541195.9094901272
      },
      "futex_op_counts": {
        "128": 156877
      },
      "first_seen_ts_ns": 269733765187,
      "last_seen_ts_ns": 507144210674
    },
    {
      "tgid": 3978,
      "comm": "containerd-shim",
      "cgroup_id": 6520,
      "wait_duration_stats_ns": {
        "count": 298.0,
        "sum": 1073165862450.0,
        "mean": 3601227726.342282,
        "median": 989008163.0890855,
        "min": 3365,
        "max": 90000715978,
        "variance_ns2": 5.549618727523707e+19,
        "iqr_ns": 6531731119.259927,
        "q1_ns": 4198264.157372608,
        "q3_ns": 6535929383.417299
      },
      "futex_op_counts": {
        "128": 298
      },
      "first_seen_ts_ns": 285105736259,
      "last_seen_ts_ns": 506093118108
    },
    {
      "tgid": 7090,
      "comm": "containerd-shim",
      "cgroup_id": 6520,
      "wait_duration_stats_ns": {
        "count": 506.0,
        "sum": 1052888855769.0004,
        "mean": 2080808015.3537557,
        "median": 26357329.853561375,
        "min": 777,
        "max": 59994343077,
        "variance_ns2": 2.6482807931340825e+19,
        "iqr_ns": 2226722667.8355975,
        "q1_ns": 3740221.377338974,
        "q3_ns": 2230462889.2129364
      },
      "futex_op_counts": {
        "128": 506
      },
      "first_seen_ts_ns": 285100825069,
      "last_seen_ts_ns": 506091881254
    },
    {
      "tgid": 7983,
      "comm": "manager",
      "cgroup_id": 8934,
      "wait_duration_stats_ns": {
        "count": 2738.0,
        "sum": 986831341328.9995,
        "mean": 360420504.50292164,
        "median": 166642224.29017895,
        "min": 990,
        "max": 86569223800,
        "variance_ns2": 3.6861511427775043e+18,
        "iqr_ns": 374072930.5919465,
        "q1_ns": 17684697.33659655,
        "q3_ns": 391757627.92854303
      },
      "futex_op_counts": {
        "128": 2738
      },
      "first_seen_ts_ns": 270123010709,
      "last_seen_ts_ns": 506941701123
    },
    {
      "tgid": 1732,
      "comm": "google_osconfig",
      "cgroup_id": 4234,
      "wait_duration_stats_ns": {
        "count": 527.0,
        "sum": 919321380090.9995,
        "mean": 1744442846.4724848,
        "median": 29122778.888703864,
        "min": 3804,
        "max": 120049462722,
        "variance_ns2": 6.749602056079042e+19,
        "iqr_ns": 3823058891.430008,
        "q1_ns": 275765.70587568835,
        "q3_ns": 3823334657.135884
      },
      "futex_op_counts": {
        "128": 527
      },
      "first_seen_ts_ns": 270190959847,
      "last_seen_ts_ns": 505251218611
    },
    {
      "tgid": 1731,
      "comm": "google_guest_ag",
      "cgroup_id": 4174,
      "wait_duration_stats_ns": {
        "count": 193.0,
        "sum": 821156306733.9998,
        "mean": 4254695889.8134704,
        "median": 1667822883.4161885,
        "min": 18794,
        "max": 120045819795,
        "variance_ns2": 2.172295102198541e+20,
        "iqr_ns": 4030968212.9314313,
        "q1_ns": 440324276.4472623,
        "q3_ns": 4471292489.378694
      },
      "futex_op_counts": {
        "128": 193
      },
      "first_seen_ts_ns": 270645938234,
      "last_seen_ts_ns": 505750097364
    },
    {
      "tgid": 6598,
      "comm": "main",
      "cgroup_id": 7986,
      "wait_duration_stats_ns": {
        "count": 366.0,
        "sum": 639324309405.0004,
        "mean": 1746787730.6147552,
        "median": 10413771.413321016,
        "min": 1415,
        "max": 59962575828,
        "variance_ns2": 3.2688424315150676e+19,
        "iqr_ns": 4721860104.498728,
        "q1_ns": 1886387.5843814178,
        "q3_ns": 4723746492.083109
      },
      "futex_op_counts": {
        "128": 366
      },
      "first_seen_ts_ns": 269997018620,
      "last_seen_ts_ns": 505001818345
    },
    {
      "tgid": 6940,
      "comm": "main",
      "cgroup_id": 8223,
      "wait_duration_stats_ns": {
        "count": 188.0,
        "sum": 629705280753.0001,
        "mean": 3349496174.218086,
        "median": 3750569882.5774956,
        "min": 575,
        "max": 59981600222,
        "variance_ns2": 5.784822964880613e+19,
        "iqr_ns": 4730547010.274952,
        "q1_ns": 622802.6485590355,
        "q3_ns": 4731169812.923511
      },
      "futex_op_counts": {
        "128": 188
      },
      "first_seen_ts_ns": 282760952863,
      "last_seen_ts_ns": 502808702480
    },
    {
      "tgid": 2767,
      "comm": "dockerd",
      "cgroup_id": 6400,
      "wait_duration_stats_ns": {
        "count": 65.0,
        "sum": 596665059803.0,
        "mean": 9179462458.507692,
        "median": 9791203390.719145,
        "min": 9436,
        "max": 119004846309,
        "variance_ns2": 2.098937905694311e+20,
        "iqr_ns": 3970653798.039586,
        "q1_ns": 6027883328.951236,
        "q3_ns": 9998537126.990822
      },
      "futex_op_counts": {
        "128": 65
      },
      "first_seen_ts_ns": 282716816820,
      "last_seen_ts_ns": 502726374464
    },
    {
      "tgid": 6522,
      "comm": "otelsvc",
      "cgroup_id": 7907,
      "wait_duration_stats_ns": {
        "count": 786.0,
        "sum": 404464903189.00024,
        "mean": 514586390.82570004,
        "median": 449108084.54348445,
        "min": 17604,
        "max": 60000013027,
        "variance_ns2": 9.41137694945337e+18,
        "iqr_ns": 468873374.0660591,
        "q1_ns": 18721353.624673974,
        "q3_ns": 487594727.6907331
      },
      "futex_op_counts": {
        "128": 786
      },
      "first_seen_ts_ns": 270376254189,
      "last_seen_ts_ns": 506876734003
    },
    {
      "tgid": 8303,
      "comm": "gce-pd-csi-driv",
      "cgroup_id": 9250,
      "wait_duration_stats_ns": {
        "count": 401.0,
        "sum": 345757029384.00006,
        "mean": 862236981.0074815,
        "median": 590938254.5159092,
        "min": 1597,
        "max": 119999994066,
        "variance_ns2": 3.5581444963070886e+19,
        "iqr_ns": 297083.5735222101,
        "q1_ns": 589673028.1775503,
        "q3_ns": 589970111.7510725
      },
      "futex_op_counts": {
        "128": 401
      },
      "first_seen_ts_ns": 270467744796,
      "last_seen_ts_ns": 506867751882
    },
    {
      "tgid": 10162,
      "comm": "log-counter",
      "cgroup_id": 6700,
      "wait_duration_stats_ns": {
        "count": 996.0,
        "sum": 14576686715.0,
        "mean": 14635227.625502009,
        "median": 230748.7978702979,
        "min": 519,
        "max": 1301243174,
        "variance_ns2": 1.3140230246494498e+16,
        "iqr_ns": 1132891.7576714857,
        "q1_ns": 107422.19260214937,
        "q3_ns": 1240313.950273635
      },
      "futex_op_counts": {
        "128": 996
      },
      "first_seen_ts_ns": 343198404844,
      "last_seen_ts_ns": 344503508024
    },
    {
      "tgid": 10140,
      "comm": "log-counter",
      "cgroup_id": 6700,
      "wait_duration_stats_ns": {
        "count": 1061.0,
        "sum": 11841754453.000002,
        "mean": 11160937.278982094,
        "median": 215664.29996472754,
        "min": 503,
        "max": 1253605031,
        "variance_ns2": 1.0301043143816912e+16,
        "iqr_ns": 644768.5842358293,
        "q1_ns": 159872.09109619836,
        "q3_ns": 804640.6753320276
      },
      "futex_op_counts": {
        "128": 1061
      },
      "first_seen_ts_ns": 341937634290,
      "last_seen_ts_ns": 343191560672
    },
    {
      "tgid": 10088,
      "comm": "log-counter",
      "cgroup_id": 6700,
      "wait_duration_stats_ns": {
        "count": 483.0,
        "sum": 10591411560.0,
        "mean": 21928388.322981365,
        "median": 559274.7825743752,
        "min": 606,
        "max": 1245891074,
        "variance_ns2": 1.8450283547710068e+16,
        "iqr_ns": 3887284.5581081216,
        "q1_ns": 177485.52324323216,
        "q3_ns": 4064770.081351354
      },
      "futex_op_counts": {
        "128": 483
      },
      "first_seen_ts_ns": 340920016108,
      "last_seen_ts_ns": 342168426817
    },
    {
      "tgid": 10155,
      "comm": "log-counter",
      "cgroup_id": 6700,
      "wait_duration_stats_ns": {
        "count": 22.0,
        "sum": 5071000975.0,
        "mean": 230500044.3181818,
        "median": 20308298.461130645,
        "min": 21698,
        "max": 1021751219,
        "variance_ns2": 1.835734816547477e+17,
        "iqr_ns": 131060743.79536836,
        "q1_ns": 3403730.7554032034,
        "q3_ns": 134464474.55077156
      },
      "futex_op_counts": {
        "128": 22
      },
      "first_seen_ts_ns": 342355264120,
      "last_seen_ts_ns": 343377521955
    },
    {
      "tgid": 10089,
      "comm": "log-counter",
      "cgroup_id": 6700,
      "wait_duration_stats_ns": {
        "count": 21.0,
        "sum": 5046151347.0,
        "mean": 240292921.28571427,
        "median": 37447002.8538163,
        "min": 12050,
        "max": 1009997103,
        "variance_ns2": 1.650656153774292e+17,
        "iqr_ns": 221199780.07624486,
        "q1_ns": 7203392.20828941,
        "q3_ns": 228403172.28453428
      },
      "futex_op_counts": {
        "128": 21
      },
      "first_seen_ts_ns": 340924012444,
      "last_seen_ts_ns": 341934200239
    },
    {
      "tgid": 10111,
      "comm": "log-counter",
      "cgroup_id": 6700,
      "wait_duration_stats_ns": {
        "count": 19.0,
        "sum": 4075879816.0,
        "mean": 214519990.31578946,
        "median": 42080667.09804688,
        "min": 17880,
        "max": 1023867703,
        "variance_ns2": 1.555850907864934e+17,
        "iqr_ns": 170829340.80543694,
        "q1_ns": 3103213.6151272366,
        "q3_ns": 173932554.42056417
      },
      "futex_op_counts": {
        "128": 19
      },
      "first_seen_ts_ns": 341217452996,
      "last_seen_ts_ns": 342243146125
    },
    {
      "tgid": 10833,
      "comm": "kubectl",
      "cgroup_id": 6580,
      "wait_duration_stats_ns": {
        "count": 585.0,
        "sum": 3010170410.000001,
        "mean": 5145590.444444446,
        "median": 396049.5435669374,
        "min": 695,
        "max": 416194950,
        "variance_ns2": 634943106549065.4,
        "iqr_ns": 3268873.4912606576,
        "q1_ns": 101152.48991266347,
        "q3_ns": 3370025.981173321
      },
      "futex_op_counts": {
        "128": 585
      },
      "first_seen_ts_ns": 457284018596,
      "last_seen_ts_ns": 457707147233
    },
    {
      "tgid": 9930,
      "comm": "runc",
      "cgroup_id": 6520,
      "wait_duration_stats_ns": {
        "count": 349.0,
        "sum": 1488119004.9999998,
        "mean": 4263951.303724928,
        "median": 175886.69242319264,
        "min": 527,
        "max": 214993075,
        "variance_ns2": 760274812046088.9,
        "iqr_ns": 1390808.6418619917,
        "q1_ns": 37889.397770027776,
        "q3_ns": 1428698.0396320196
      },
      "futex_op_counts": {
        "128": 349
      },
      "first_seen_ts_ns": 281276653373,
      "last_seen_ts_ns": 281495192081
    },
    {
      "tgid": 10117,
      "comm": "runc",
      "cgroup_id": 6520,
      "wait_duration_stats_ns": {
        "count": 284.0,
        "sum": 1056462325.9999998,
        "mean": 3719937.767605633,
        "median": 136454.79705722214,
        "min": 4030,
        "max": 141965680,
        "variance_ns2": 305651333338408.0,
        "iqr_ns": 1058332.2547561731,
        "q1_ns": 19501.125366577387,
        "q3_ns": 1077833.3801227505
      },
      "futex_op_counts": {
        "128": 284
      },
      "first_seen_ts_ns": 341291010548,
      "last_seen_ts_ns": 341440032756
    },
    {
      "tgid": 9941,
      "comm": "runc:[2:INIT]",
      "cgroup_id": 9171,
      "wait_duration_stats_ns": {
        "count": 28.0,
        "sum": 1007115346.0,
        "mean": 35968405.21428572,
        "median": 1798473.0298938076,
        "min": 608,
        "max": 189452926,
        "variance_ns2": 5235765078797848.0,
        "iqr_ns": 32939875.17090304,
        "q1_ns": 96104.46855894438,
        "q3_ns": 33035979.639461983
      },
      "futex_op_counts": {
        "128": 28
      },
      "first_seen_ts_ns": 281289921409,
      "last_seen_ts_ns": 281495231430
    },
    {
      "tgid": 10534,
      "comm": "runc",
      "cgroup_id": 6520,
      "wait_duration_stats_ns": {
        "count": 371.0,
        "sum": 936039148.0,
        "mean": 2523016.5714285714,
        "median": 99822.30310768036,
        "min": 540,
        "max": 127561060,
        "variance_ns2": 237947142162472.75,
        "iqr_ns": 451383.19678200386,
        "q1_ns": 19673.80475556168,
        "q3_ns": 471057.00153756555
      },
      "futex_op_counts": {
        "128": 371
      },
      "first_seen_ts_ns": 411279045122,
      "last_seen_ts_ns": 411422014017
    },
    {
      "tgid": 10934,
      "comm": "runc",
      "cgroup_id": 6520,
      "wait_duration_stats_ns": {
        "count": 275.0,
        "sum": 932487706.9999998,
        "mean": 3390864.389090908,
        "median": 222965.7772119169,
        "min": 704,
        "max": 95062363,
        "variance_ns2": 251478040372682.28,
        "iqr_ns": 2489555.8165507847,
        "q1_ns": 30615.754894458143,
        "q3_ns": 2520171.571445243
      },
      "futex_op_counts": {
        "128": 275
      },
      "first_seen_ts_ns": 491279012512,
      "last_seen_ts_ns": 491387964288
    },
    {
      "tgid": 10580,
      "comm": "runc",
      "cgroup_id": 6520,
      "wait_duration_stats_ns": {
        "count": 349.0,
        "sum": 902539891.0,
        "mean": 2586074.1862464184,
        "median": 80506.36691402225,
        "min": 8512,
        "max": 128697179,
        "variance_ns2": 220473239460955.34,
        "iqr_ns": 418956.7007850275,
        "q1_ns": 23300.35097737023,
        "q3_ns": 442257.05176239775
      },
      "futex_op_counts": {
        "128": 349
      },
      "first_seen_ts_ns": 431276677940,
      "last_seen_ts_ns": 431408390186
    },
    {
      "tgid": 10023,
      "comm": "runc",
      "cgroup_id": 6520,
      "wait_duration_stats_ns": {
        "count": 249.0,
        "sum": 840444130.0,
        "mean": 3375277.630522088,
        "median": 161865.2157774718,
        "min": 730,
        "max": 129273295,
        "variance_ns2": 274087755440972.97,
        "iqr_ns": 961297.5670543928,
        "q1_ns": 41348.582943771704,
        "q3_ns": 1002646.1499981645
      },
      "futex_op_counts": {
        "128": 249
      },
      "first_seen_ts_ns": 311297204079,
      "last_seen_ts_ns": 311445380100
    },
    {
      "tgid": 10439,
      "comm": "runc",
      "cgroup_id": 6520,
      "wait_duration_stats_ns": {
        "count": 375.0,
        "sum": 822538441.9999999,
        "mean": 2193435.845333333,
        "median": 86637.38528093,
        "min": 7028,
        "max": 117817113,
        "variance_ns2": 187749947826441.88,
        "iqr_ns": 452557.6542145425,
        "q1_ns": 21210.821559127773,
        "q3_ns": 473768.47577367024
      },
      "futex_op_counts": {
        "128": 375
      },
      "first_seen_ts_ns": 371279747929,
      "last_seen_ts_ns": 371404082306
    },
    {
      "tgid": 10511,
      "comm": "runc",
      "cgroup_id": 6520,
      "wait_duration_stats_ns": {
        "count": 287.0,
        "sum": 810101290.0,
        "mean": 2822652.5783972126,
        "median": 146423.83200322167,
        "min": 6700,
        "max": 105148987,
        "variance_ns2": 192149251992687.6,
        "iqr_ns": 711787.614918736,
        "q1_ns": 21522.90526255614,
        "q3_ns": 733310.5201812922
      },
      "futex_op_counts": {
        "128": 287
      },
      "first_seen_ts_ns": 401279938196,
      "last_seen_ts_ns": 401391135510
    },
    {
      "tgid": 10176,
      "comm": "runc",
      "cgroup_id": 6520,
      "wait_duration_stats_ns": {
        "count": 244.0,
        "sum": 780332521.0,
        "mean": 3198084.1024590163,
        "median": 137315.86193492485,
        "min": 12957,
        "max": 113839299,
        "variance_ns2": 247555132110516.7,
        "iqr_ns": 1072707.5688205578,
        "q1_ns": 29478.581023276638,
        "q3_ns": 1102186.1498438343
      },
      "futex_op_counts": {
        "128": 244
      },
      "first_seen_ts_ns": 351281724747,
      "last_seen_ts_ns": 351398627571
    },
    {
      "tgid": 10868,
      "comm": "runc",
      "cgroup_id": 6520,
      "wait_duration_stats_ns": {
        "count": 320.0,
        "sum": 749426303.0,
        "mean": 2341957.196875,
        "median": 80884.0585028315,
        "min": 1580,
        "max": 102476473,
        "variance_ns2": 169720914910715.25,
        "iqr_ns": 422754.3191020645,
        "q1_ns": 25173.852366939842,
        "q3_ns": 447928.1714690043
      },
      "futex_op_counts": {
        "128": 320
      },
      "first_seen_ts_ns": 461280571726,
      "last_seen_ts_ns": 461394817312
    },
    {
      "tgid": 10890,
      "comm": "runc",
      "cgroup_id": 6520,
      "wait_duration_stats_ns": {
        "count": 258.0,
        "sum": 746504211.0,
        "mean": 2893427.1744186045,
        "median": 92658.15247961931,
        "min": 8108,
        "max": 121396707,
        "variance_ns2": 250872301514390.1,
        "iqr_ns": 531164.6431491411,
        "q1_ns": 23194.851931324578,
        "q3_ns": 554359.4950804657
      },
      "futex_op_counts": {
        "128": 258
      },
      "first_seen_ts_ns": 471278049797,
      "last_seen_ts_ns": 471406453607
    },
    {
      "tgid": 10910,
      "comm": "runc",
      "cgroup_id": 6520,
      "wait_duration_stats_ns": {
        "count": 342.0,
        "sum": 698264029.0000001,
        "mean": 2041707.6871345032,
        "median": 116405.41286674277,
        "min": 862,
        "max": 98885312,
        "variance_ns2": 118447046293927.81,
        "iqr_ns": 2284780.5590795074,
        "q1_ns": 31091.812860594415,
        "q3_ns": 2315872.371940102
      },
      "futex_op_counts": {
        "128": 342
      },
      "first_seen_ts_ns": 481282012887,
      "last_seen_ts_ns": 481384607747
    },
    {
      "tgid": 9998,
      "comm": "runc",
      "cgroup_id": 6520,
      "wait_duration_stats_ns": {
        "count": 324.0,
        "sum": 692830157.0,
        "mean": 2138364.6820987654,
        "median": 127931.50257575269,
        "min": 1037,
        "max": 92542543,
        "variance_ns2": 95061960176736.25,
        "iqr_ns": 839790.6818150168,
        "q1_ns": 24864.827298095497,
        "q3_ns": 864655.5091131122
      },
      "futex_op_counts": {
        "128": 324
      },
      "first_seen_ts_ns": 301280164517,
      "last_seen_ts_ns": 301379935567
    },
    {
      "tgid": 10800,
      "comm": "runc",
      "cgroup_id": 6520,
      "wait_duration_stats_ns": {
        "count": 248.0,
        "sum": 657420815.0,
        "mean": 2650890.3830645164,
        "median": 200859.50557323196,
        "min": 7891,
        "max": 89414936,
        "variance_ns2": 140279411793033.06,
        "iqr_ns": 1342165.2769892833,
        "q1_ns": 30796.14585064604,
        "q3_ns": 1372961.4228399293
      },
      "futex_op_counts": {
        "128": 248
      },
      "first_seen_ts_ns": 451280015504,
      "last_seen_ts_ns": 451378111677
    },
    {
      "tgid": 10557,
      "comm": "runc",
      "cgroup_id": 6520,
      "wait_duration_stats_ns": {
        "count": 329.0,
        "sum": 638530207.0000001,
        "mean": 1940821.2978723408,
        "median": 187194.00262783407,
        "min": 6888,
        "max": 103845597,
        "variance_ns2": 134937656880220.97,
        "iqr_ns": 1810176.5588145554,
        "q1_ns": 27432.087161045733,
        "q3_ns": 1837608.6459756012
      },
      "futex_op_counts": {
        "128": 329
      },
      "first_seen_ts_ns": 421281015948,
      "last_seen_ts_ns": 421387689252
    },
    {
      "tgid": 10043,
      "comm": "runc",
      "cgroup_id": 6520,
      "wait_duration_stats_ns": {
        "count": 332.0,
        "sum": 623248281.0000001,
        "mean": 1877253.8584337353,
        "median": 120005.72588170026,
        "min": 6644,
        "max": 94385469,
        "variance_ns2": 88690891657324.75,
        "iqr_ns": 542212.9740062548,
        "q1_ns": 31830.401182928847,
        "q3_ns": 574043.3751891836
      },
      "futex_op_counts": {
        "128": 332
      },
      "first_seen_ts_ns": 321282177911,
      "last_seen_ts_ns": 321377655546
    },
    {
      "tgid": 10462,
      "comm": "runc",
      "cgroup_id": 6520,
      "wait_duration_stats_ns": {
        "count": 245.0,
        "sum": 608794919.0,
        "mean": 2484877.220408163,
        "median": 123659.41473732189,
        "min": 2584,
        "max": 85587024,
        "variance_ns2": 145664670547180.72,
        "iqr_ns": 610370.1363504138,
        "q1_ns": 29725.243446412744,
        "q3_ns": 640095.3797968265
      },
      "futex_op_counts": {
        "128": 245
      },
      "first_seen_ts_ns": 381277012947,
      "last_seen_ts_ns": 381369754764
    },
    {
      "tgid": 10129,
      "comm": "runc:[2:INIT]",
      "cgroup_id": 9171,
      "wait_duration_stats_ns": {
        "count": 55.0,
        "sum": 503905415.0000001,
        "mean": 9161916.636363639,
        "median": 991940.3967599472,
        "min": 9869,
        "max": 88962452,
        "variance_ns2": 572689644109734.9,
        "iqr_ns": 6897500.5278238095,
        "q1_ns": 82011.77123745022,
        "q3_ns": 6979512.29906126
      },
      "futex_op_counts": {
        "128": 55
      },
      "first_seen_ts_ns": 341331129349,
      "last_seen_ts_ns": 341435789226
    },
    {
      "tgid": 10033,
      "comm": "runc:[2:INIT]",
      "cgroup_id": 9171,
      "wait_duration_stats_ns": {
        "count": 34.0,
        "sum": 501832012.99999994,
        "mean": 14759765.088235293,
        "median": 3043481.5442700493,
        "min": 26117,
        "max": 82023512,
        "variance_ns2": 681616561523070.4,
        "iqr_ns": 19933152.017881107,
        "q1_ns": 488349.82325102895,
        "q3_ns": 20421501.841132134
      },
      "futex_op_counts": {
        "128": 34
      },
      "first_seen_ts_ns": 311342347719,
      "last_seen_ts_ns": 311445462945
    },
    {
      "tgid": 10545,
      "comm": "runc:[2:INIT]",
      "cgroup_id": 9171,
      "wait_duration_stats_ns": {
        "count": 27.0,
        "sum": 490855949.0,
        "mean": 18179849.962962963,
        "median": 3021030.49877731,
        "min": 3157,
        "max": 88002736,
        "variance_ns2": 974382827166970.6,
        "iqr_ns": 18104175.749920383,
        "q1_ns": 189244.34812488983,
        "q3_ns": 18293420.098045275
      },
      "futex_op_counts": {
        "128": 27
      },
      "first_seen_ts_ns": 411320012453,
      "last_seen_ts_ns": 411420069999
    },
    {
      "tgid": 10065,
      "comm": "runc",
      "cgroup_id": 6520,
      "wait_duration_stats_ns": {
        "count": 265.0,
        "sum": 473854980.99999994,
        "mean": 1788132.0037735847,
        "median": 115351.9010128438,
        "min": 9501,
        "max": 74913049,
        "variance_ns2": 66467525417095.375,
        "iqr_ns": 567964.5823621491,
        "q1_ns": 24974.96475055177,
        "q3_ns": 592939.5471127009
      },
      "futex_op_counts": {
        "128": 265
      },
      "first_seen_ts_ns": 331277038557,
      "last_seen_ts_ns": 331359012876
    },
    {
      "tgid": 10592,
      "comm": "runc:[2:INIT]",
      "cgroup_id": 9171,
      "wait_duration_stats_ns": {
        "count": 27.0,
        "sum": 468821407.00000006,
        "mean": 17363755.814814817,
        "median": 3120217.101664723,
        "min": 15067,
        "max": 82317931,
        "variance_ns2": 898419777548657.5,
        "iqr_ns": 21786757.48492107,
        "q1_ns": 58213.666666666664,
        "q3_ns": 21844971.15158774
      },
      "futex_op_counts": {
        "128": 27
      },
      "first_seen_ts_ns": 431308929487,
      "last_seen_ts_ns": 431408425858
    },
    {
      "tgid": 10486,
      "comm": "runc",
      "cgroup_id": 6520,
      "wait_duration_stats_ns": {
        "count": 225.0,
        "sum": 444085079.00000006,
        "mean": 1973711.4622222225,
        "median": 87092.09793148084,
        "min": 11805,
        "max": 70797702,
        "variance_ns2": 100879938189012.4,
        "iqr_ns": 598854.9617622239,
        "q1_ns": 20101.18419495003,
        "q3_ns": 618956.1459571739
      },
      "futex_op_counts": {
        "128": 225
      },
      "first_seen_ts_ns": 391276632501,
      "last_seen_ts_ns": 391358021523
    },
    {
      "tgid": 10451,
      "comm": "runc:[2:INIT]",
      "cgroup_id": 9171,
      "wait_duration_stats_ns": {
        "count": 32.0,
        "sum": 429808454.00000006,
        "mean": 13431514.187500002,
        "median": 4396446.080909322,
        "min": 23186,
        "max": 67330173,
        "variance_ns2": 464263578087438.9,
        "iqr_ns": 14583442.690716453,
        "q1_ns": 1841516.7655624445,
        "q3_ns": 16424959.456278898
      },
      "futex_op_counts": {
        "128": 32
      },
      "first_seen_ts_ns": 371310148588,
      "last_seen_ts_ns": 371400598986
    },
    {
      "tgid": 10187,
      "comm": "runc:[2:INIT]",
      "cgroup_id": 9171,
      "wait_duration_stats_ns": {
        "count": 32.0,
        "sum": 411345870.9999999,
        "mean": 12854558.468749996,
        "median": 1096396.7760127154,
        "min": 11885,
        "max": 70112512,
        "variance_ns2": 603494084200461.1,
        "iqr_ns": 14151580.799964938,
        "q1_ns": 98112.6968090274,
        "q3_ns": 14249693.496773966
      },
      "futex_op_counts": {
        "128": 32
      },
      "first_seen_ts_ns": 351311176951,
      "last_seen_ts_ns": 351397378661
    },
    {
      "tgid": 10843,
      "comm": "gke-exec-auth-p",
      "cgroup_id": 6580,
      "wait_duration_stats_ns": {
        "count": 257.0,
        "sum": 388801190.0,
        "mean": 1512845.0972762646,
        "median": 471919.3228553347,
        "min": 600,
        "max": 55598835,
        "variance_ns2": 31129530714833.965,
        "iqr_ns": 1726529.1540035906,
        "q1_ns": 24205.456333425842,
        "q3_ns": 1750734.6103370164
      },
      "futex_op_counts": {
        "128": 257
      },
      "first_seen_ts_ns": 457502013777,
      "last_seen_ts_ns": 457591043128
    },
    {
      "tgid": 10948,
      "comm": "runc:[2:INIT]",
      "cgroup_id": 9171,
      "wait_duration_stats_ns": {
        "count": 28.0,
        "sum": 365099546.0000002,
        "mean": 13039269.500000006,
        "median": 1843193.426724917,
        "min": 770,
        "max": 62969596,
        "variance_ns2": 456232498325874.3,
        "iqr_ns": 17473645.222646,
        "q1_ns": 33509.6467817455,
        "q3_ns": 17507154.869427748
      },
      "futex_op_counts": {
        "128": 28
      },
      "first_seen_ts_ns": 491313012105,
      "last_seen_ts_ns": 491387967946
    },
    {
      "tgid": 10879,
      "comm": "runc:[2:INIT]",
      "cgroup_id": 9171,
      "wait_duration_stats_ns": {
        "count": 36.0,
        "sum": 359578769.00000006,
        "mean": 9988299.13888889,
        "median": 2978280.3504056493,
        "min": 7775,
        "max": 55598259,
        "variance_ns2": 245933605311793.75,
        "iqr_ns": 10940901.814780492,
        "q1_ns": 1470006.1548280828,
        "q3_ns": 12410907.969608575
      },
      "futex_op_counts": {
        "128": 36
      },
      "first_seen_ts_ns": 461320010499,
      "last_seen_ts_ns": 461394773694
    },
    {
      "tgid": 10524,
      "comm": "runc:[2:INIT]",
      "cgroup_id": 9171,
      "wait_duration_stats_ns": {
        "count": 29.0,
        "sum": 357142766.99999994,
        "mean": 12315267.827586206,
        "median": 1601774.7250084642,
        "min": 20020,
        "max": 60050968,
        "variance_ns2": 463961681163031.44,
        "iqr_ns": 17065531.365981158,
        "q1_ns": 180148.34346093558,
        "q3_ns": 17245679.709442094
      },
      "futex_op_counts": {
        "128": 29
      },
      "first_seen_ts_ns": 401312147757,
      "last_seen_ts_ns": 401388175801
    },
    {
      "tgid": 10812,
      "comm": "runc:[2:INIT]",
      "cgroup_id": 9171,
      "wait_duration_stats_ns": {
        "count": 30.0,
        "sum": 348593717.0,
        "mean": 11619790.566666666,
        "median": 3419249.289674933,
        "min": 13090,
        "max": 52063700,
        "variance_ns2": 337975994478213.94,
        "iqr_ns": 18952126.82496959,
        "q1_ns": 239559.61158040207,
        "q3_ns": 19191686.43654999
      },
      "futex_op_counts": {
        "128": 30
      },
      "first_seen_ts_ns": 451303166561,
      "last_seen_ts_ns": 451375677849
    },
    {
      "tgid": 10900,
      "comm": "runc:[2:INIT]",
      "cgroup_id": 9171,
      "wait_duration_stats_ns": {
        "count": 29.0,
        "sum": 345886190.0,
        "mean": 11927110.0,
        "median": 1802255.486730616,
        "min": 16329,
        "max": 76200034,
        "variance_ns2": 585227741681187.6,
        "iqr_ns": 11394655.574882485,
        "q1_ns": 61981.83269451838,
        "q3_ns": 11456637.407577004
      },
      "futex_op_counts": {
        "128": 29
      },
      "first_seen_ts_ns": 471314211815,
      "last_seen_ts_ns": 471406492694
    },
    {
      "tgid": 10922,
      "comm": "runc:[2:INIT]",
      "cgroup_id": 9171,
      "wait_duration_stats_ns": {
        "count": 37.0,
        "sum": 339416774.0,
        "mean": 9173426.324324325,
        "median": 1612832.8776837066,
        "min": 1475,
        "max": 54852914,
        "variance_ns2": 300895937255795.06,
        "iqr_ns": 9427797.600269724,
        "q1_ns": 232977.7480693672,
        "q3_ns": 9660775.34833909
      },
      "futex_op_counts": {
        "128": 37
      },
      "first_seen_ts_ns": 481311199809,
      "last_seen_ts_ns": 481383827684
    },
    {
      "tgid": 10567,
      "comm": "runc:[2:INIT]",
      "cgroup_id": 9171,
      "wait_duration_stats_ns": {
        "count": 32.0,
        "sum": 335457266.0000001,
        "mean": 10483039.562500004,
        "median": 4642738.712937274,
        "min": 17629,
        "max": 53155055,
        "variance_ns2": 236116435301943.22,
        "iqr_ns": 14792389.1183025,
        "q1_ns": 105583.49296575587,
        "q3_ns": 14897972.611268256
      },
      "futex_op_counts": {
        "128": 32
      },
      "first_seen_ts_ns": 421310992662,
      "last_seen_ts_ns": 421383863375
    },
    {
      "tgid": 10054,
      "comm": "runc:[2:INIT]",
      "cgroup_id": 9171,
      "wait_duration_stats_ns": {
        "count": 27.0,
        "sum": 298308503.0,
        "mean": 11048463.074074075,
        "median": 2103445.2676,
        "min": 583,
        "max": 49921055,
        "variance_ns2": 289445883519216.6,
        "iqr_ns": 13803913.274377305,
        "q1_ns": 101467.60871178216,
        "q3_ns": 13905380.883089088
      },
      "futex_op_counts": {
        "128": 27
      },
      "first_seen_ts_ns": 321315049947,
      "last_seen_ts_ns": 321376741074
    },
    {
      "tgid": 10474,
      "comm": "runc:[2:INIT]",
      "cgroup_id": 9171,
      "wait_duration_stats_ns": {
        "count": 31.0,
        "sum": 285172583.99999994,
        "mean": 9199115.612903224,
        "median": 2865633.38125,
        "min": 488,
        "max": 41710963,
        "variance_ns2": 200731088838549.9,
        "iqr_ns": 10339112.955881966,
        "q1_ns": 97556.89258562011,
        "q3_ns": 10436669.848467587
      },
      "futex_op_counts": {
        "128": 31
      },
      "first_seen_ts_ns": 381308317378,
      "last_seen_ts_ns": 381369768840
    },
    {
      "tgid": 10009,
      "comm": "runc:[2:INIT]",
      "cgroup_id": 9171,
      "wait_duration_stats_ns": {
        "count": 35.0,
        "sum": 284623283.99999994,
        "mean": 8132093.828571428,
        "median": 2196177.467366134,
        "min": 1988,
        "max": 41998408,
        "variance_ns2": 172962610958514.1,
        "iqr_ns": 8884984.94775327,
        "q1_ns": 96584.08641975306,
        "q3_ns": 8981569.034173023
      },
      "futex_op_counts": {
        "128": 35
      },
      "first_seen_ts_ns": 301318164884,
      "last_seen_ts_ns": 301379693945
    },
    {
      "tgid": 10075,
      "comm": "runc:[2:INIT]",
      "cgroup_id": 9171,
      "wait_duration_stats_ns": {
        "count": 30.0,
        "sum": 246008801.99999997,
        "mean": 8200293.399999999,
        "median": 1239025.1339042545,
        "min": 544,
        "max": 35399818,
        "variance_ns2": 131983196890148.28,
        "iqr_ns": 9869081.003804484,
        "q1_ns": 52126.13617187498,
        "q3_ns": 9921207.13997636
      },
      "futex_op_counts": {
        "128": 30
      },
      "first_seen_ts_ns": 331302180457,
      "last_seen_ts_ns": 331356769769
    },
    {
      "tgid": 10958,
      "comm": "runc",
      "cgroup_id": 6520,
      "wait_duration_stats_ns": {
        "count": 339.0,
        "sum": 236040290.00000003,
        "mean": 696284.0412979352,
        "median": 42299.32677427091,
        "min": 746,
        "max": 34248182,
        "variance_ns2": 18950917523259.47,
        "iqr_ns": 154101.85081932752,
        "q1_ns": 17886.23609527582,
        "q3_ns": 171988.08691460334
      },
      "futex_op_counts": {
        "128": 339
      },
      "first_seen_ts_ns": 501277080527,
      "last_seen_ts_ns": 501315028586
    },
    {
      "tgid": 10497,
      "comm": "runc:[2:INIT]",
      "cgroup_id": 9171,
      "wait_duration_stats_ns": {
        "count": 27.0,
        "sum": 235618435.0,
        "mean": 8726608.703703703,
        "median": 2480483.218331265,
        "min": 517,
        "max": 37012143,
        "variance_ns2": 167316068849095.62,
        "iqr_ns": 8971769.582430627,
        "q1_ns": 61913.61150303744,
        "q3_ns": 9033683.193933664
      },
      "futex_op_counts": {
        "128": 27
      },
      "first_seen_ts_ns": 391304180592,
      "last_seen_ts_ns": 391356975083
    },
    {
      "tgid": 10400,
      "comm": "runc",
      "cgroup_id": 6520,
      "wait_duration_stats_ns": {
        "count": 388.0,
        "sum": 217882221.00000003,
        "mean": 561552.1159793815,
        "median": 28132.24928644341,
        "min": 3946,
        "max": 32384216,
        "variance_ns2": 14333210217323.16,
        "iqr_ns": 98172.86329362035,
        "q1_ns": 14230.136696888168,
        "q3_ns": 112402.99999050851
      },
      "futex_op_counts": {
        "128": 388
      },
      "first_seen_ts_ns": 361276427086,
      "last_seen_ts_ns": 361311736395
    },
    {
      "tgid": 10779,
      "comm": "runc",
      "cgroup_id": 6520,
      "wait_duration_stats_ns": {
        "count": 364.0,
        "sum": 195563634.0,
        "mean": 537262.7307692308,
        "median": 25779.35074138677,
        "min": 7436,
        "max": 29135284,
        "variance_ns2": 12241610664321.637,
        "iqr_ns": 99330.35677331367,
        "q1_ns": 14939.645192639671,
        "q3_ns": 114270.00196595334
      },
      "futex_op_counts": {
        "128": 364
      },
      "first_seen_ts_ns": 441275736234,
      "last_seen_ts_ns": 441307885144
    },
    {
      "tgid": 9977,
      "comm": "runc",
      "cgroup_id": 6520,
      "wait_duration_stats_ns": {
        "count": 371.0,
        "sum": 193260425.00000003,
        "mean": 520917.5876010782,
        "median": 33134.06636158394,
        "min": 682,
        "max": 33392122,
        "variance_ns2": 13022337605906.85,
        "iqr_ns": 97271.17419611214,
        "q1_ns": 19099.644055718763,
        "q3_ns": 116370.8182518309
      },
      "futex_op_counts": {
        "128": 371
      },
      "first_seen_ts_ns": 291276182676,
      "last_seen_ts_ns": 291312650127
    },
    {
      "tgid": 10970,
      "comm": "runc:[2:INIT]",
      "cgroup_id": 9171,
      "wait_duration_stats_ns": {
        "count": 26.0,
        "sum": 128034255.99999999,
        "mean": 4924394.461538461,
        "median": 949194.920311664,
        "min": 29256,
        "max": 15651065,
        "variance_ns2": 39564279050339.22,
        "iqr_ns": 7215074.72472189,
        "q1_ns": 100934.68337271738,
        "q3_ns": 7316009.408094607
      },
      "futex_op_counts": {
        "128": 26
      },
      "first_seen_ts_ns": 501285534677,
      "last_seen_ts_ns": 501314963049
    },
    {
      "tgid": 9987,
      "comm": "runc:[2:INIT]",
      "cgroup_id": 9171,
      "wait_duration_stats_ns": {
        "count": 30.0,
        "sum": 120972568.0,
        "mean": 4032418.933333333,
        "median": 331997.5478988883,
        "min": 573,
        "max": 15581760,
        "variance_ns2": 34228518009549.793,
        "iqr_ns": 6282391.353576895,
        "q1_ns": 45578.960493992505,
        "q3_ns": 6327970.314070887
      },
      "futex_op_counts": {
        "128": 30
      },
      "first_seen_ts_ns": 291284701282,
      "last_seen_ts_ns": 291312671165
    },
    {
      "tgid": 10412,
      "comm": "runc:[2:INIT]",
      "cgroup_id": 9171,
      "wait_duration_stats_ns": {
        "count": 29.0,
        "sum": 118073984.0,
        "mean": 4071516.6896551726,
        "median": 642429.4703082496,
        "min": 612,
        "max": 15679862,
        "variance_ns2": 33486348120397.363,
        "iqr_ns": 7005010.826039119,
        "q1_ns": 83467.12961658274,
        "q3_ns": 7088477.955655701
      },
      "futex_op_counts": {
        "128": 29
      },
      "first_seen_ts_ns": 361284404968,
      "last_seen_ts_ns": 361311794080
    },
    {
      "tgid": 10790,
      "comm": "runc:[2:INIT]",
      "cgroup_id": 9171,
      "wait_duration_stats_ns": {
        "count": 29.0,
        "sum": 102454030.99999999,
        "mean": 3532897.6206896547,
        "median": 643708.2594333834,
        "min": 27460,
        "max": 15645332,
        "variance_ns2": 27293972970322.96,
        "iqr_ns": 5746960.765371723,
        "q1_ns": 119943.10780104306,
        "q3_ns": 5866903.8731727665
      },
      "futex_op_counts": {
        "128": 29
      },
      "first_seen_ts_ns": 441283619552,
      "last_seen_ts_ns": 441307851471
    },
    {
      "tgid": 9562,
      "comm": "runc",
      "cgroup_id": 6520,
      "wait_duration_stats_ns": {
        "count": 163.0,
        "sum": 15460624.999999994,
        "mean": 94850.46012269935,
        "median": 23384.12935830515,
        "min": 799,
        "max": 2781386,
        "variance_ns2": 154797883309.5832,
        "iqr_ns": 18960.005696769098,
        "q1_ns": 16064.573992025538,
        "q3_ns": 35024.579688794634
      },
      "futex_op_counts": {
        "128": 163
      },
      "first_seen_ts_ns": 271276046513,
      "last_seen_ts_ns": 271280074614
    },
    {
      "tgid": 9466,
      "comm": "flux-broker-53",
      "cgroup_id": 9968,
      "wait_duration_stats_ns": {
        "count": 539.0,
        "sum": 13777425.0,
        "mean": 25561.085343228202,
        "median": 2893.3359506721654,
        "min": 366,
        "max": 3321135,
        "variance_ns2": 43595073117.156204,
        "iqr_ns": 6247.672209357677,
        "q1_ns": 639.6711947639894,
        "q3_ns": 6887.343404121667
      },
      "futex_op_counts": {
        "128": 539
      },
      "first_seen_ts_ns": 279797077482,
      "last_seen_ts_ns": 507139128618
    },
    {
      "tgid": 10948,
      "comm": "csi-node-driver",
      "cgroup_id": 9171,
      "wait_duration_stats_ns": {
        "count": 15.0,
        "sum": 11277348.0,
        "mean": 751823.2,
        "median": 325535.36947016465,
        "min": 20147,
        "max": 4808278,
        "variance_ns2": 1650745914987.0286,
        "iqr_ns": 573276.9891319445,
        "q1_ns": 29821.667534722226,
        "q3_ns": 603098.6566666667
      },
      "futex_op_counts": {
        "128": 15
      },
      "first_seen_ts_ns": 491390215676,
      "last_seen_ts_ns": 491395013796
    },
    {
      "tgid": 10812,
      "comm": "csi-node-driver",
      "cgroup_id": 9171,
      "wait_duration_stats_ns": {
        "count": 14.0,
        "sum": 11103388.000000002,
        "mean": 793099.142857143,
        "median": 187013.62133333337,
        "min": 22687,
        "max": 4444362,
        "variance_ns2": 1653158943958.9011,
        "iqr_ns": 578112.8311419752,
        "q1_ns": 62286.13166666665,
        "q3_ns": 640398.962808642
      },
      "futex_op_counts": {
        "128": 14
      },
      "first_seen_ts_ns": 451379607505,
      "last_seen_ts_ns": 451384028957
    },
    {
      "tgid": 10524,
      "comm": "csi-node-driver",
      "cgroup_id": 9171,
      "wait_duration_stats_ns": {
        "count": 19.0,
        "sum": 9898283.0,
        "mean": 520962.2631578947,
        "median": 271717.78091724537,
        "min": 15757,
        "max": 1903607,
        "variance_ns2": 475978601891.87134,
        "iqr_ns": 576113.327107253,
        "q1_ns": 28786.35804398148,
        "q3_ns": 604899.6851512345
      },
      "futex_op_counts": {
        "128": 19
      },
      "first_seen_ts_ns": 401394302807,
      "last_seen_ts_ns": 401397650917
    },
    {
      "tgid": 10497,
      "comm": "csi-node-driver",
      "cgroup_id": 9171,
      "wait_duration_stats_ns": {
        "count": 20.0,
        "sum": 9770262.0,
        "mean": 488513.10000000003,
        "median": 231765.67644759116,
        "min": 11314,
        "max": 1824734,
        "variance_ns2": 446696060287.9895,
        "iqr_ns": 666270.6926951411,
        "q1_ns": 22776.275505829908,
        "q3_ns": 689046.968200971
      },
      "futex_op_counts": {
        "128": 20
      },
      "first_seen_ts_ns": 391359509345,
      "last_seen_ts_ns": 391362808950
    },
    {
      "tgid": 10187,
      "comm": "csi-node-driver",
      "cgroup_id": 9171,
      "wait_duration_stats_ns": {
        "count": 22.0,
        "sum": 9741372.000000002,
        "mean": 442789.6363636364,
        "median": 51503.99769947416,
        "min": 7623,
        "max": 1910914,
        "variance_ns2": 422601290520.14716,
        "iqr_ns": 572338.7996264452,
        "q1_ns": 38361.70732421875,
        "q3_ns": 610700.5069506639
      },
      "futex_op_counts": {
        "128": 22
      },
      "first_seen_ts_ns": 351400017147,
      "last_seen_ts_ns": 351403319355
    },
    {
      "tgid": 10075,
      "comm": "csi-node-driver",
      "cgroup_id": 9171,
      "wait_duration_stats_ns": {
        "count": 19.0,
        "sum": 9629769.999999998,
        "mean": 506829.99999999994,
        "median": 122267.92720377602,
        "min": 18090,
        "max": 1931668,
        "variance_ns2": 465037749182.7778,
        "iqr_ns": 768648.5712590938,
        "q1_ns": 27009.33333333333,
        "q3_ns": 795657.9045924272
      },
      "futex_op_counts": {
        "128": 19
      },
      "first_seen_ts_ns": 331361409104,
      "last_seen_ts_ns": 331364690629
    },
    {
      "tgid": 10009,
      "comm": "csi-node-driver",
      "cgroup_id": 9171,
      "wait_duration_stats_ns": {
        "count": 19.0,
        "sum": 9603947.0,
        "mean": 505470.89473684214,
        "median": 211096.40551697533,
        "min": 572,
        "max": 1914196,
        "variance_ns2": 466808258851.76605,
        "iqr_ns": 683962.1479838926,
        "q1_ns": 54072.999975198414,
        "q3_ns": 738035.147959091
      },
      "futex_op_counts": {
        "128": 19
      },
      "first_seen_ts_ns": 301387475696,
      "last_seen_ts_ns": 301390712633
    },
    {
      "tgid": 10567,
      "comm": "csi-node-driver",
      "cgroup_id": 9171,
      "wait_duration_stats_ns": {
        "count": 19.0,
        "sum": 9597594.0,
        "mean": 505136.52631578944,
        "median": 55756.11120605469,
        "min": 23014,
        "max": 1983050,
        "variance_ns2": 507122478947.37427,
        "iqr_ns": 599349.2081318587,
        "q1_ns": 34455.316666666666,
        "q3_ns": 633804.5247985254
      },
      "futex_op_counts": {
        "128": 19
      },
      "first_seen_ts_ns": 421385578345,
      "last_seen_ts_ns": 421388942611
    },
    {
      "tgid": 9941,
      "comm": "csi-node-driver",
      "cgroup_id": 9171,
      "wait_duration_stats_ns": {
        "count": 18.0,
        "sum": 9457760.0,
        "mean": 525431.1111111111,
        "median": 227106.10189836856,
        "min": 14931,
        "max": 1961728,
        "variance_ns2": 435590903943.86926,
        "iqr_ns": 541000.3359896084,
        "q1_ns": 88706.0606013007,
        "q3_ns": 629706.3965909091
      },
      "futex_op_counts": {
        "128": 18
      },
      "first_seen_ts_ns": 281497088550,
      "last_seen_ts_ns": 281500281652
    },
    {
      "tgid": 10033,
      "comm": "csi-node-driver",
      "cgroup_id": 9171,
      "wait_duration_stats_ns": {
        "count": 18.0,
        "sum": 9402110.0,
        "mean": 522339.44444444444,
        "median": 114313.19022108844,
        "min": 15537,
        "max": 1867894,
        "variance_ns2": 458584375869.0849,
        "iqr_ns": 792802.3402252876,
        "q1_ns": 27935.483900226758,
        "q3_ns": 820737.8241255144
      },
      "futex_op_counts": {
        "128": 18
      },
      "first_seen_ts_ns": 311447716629,
      "last_seen_ts_ns": 311450933842
    },
    {
      "tgid": 10545,
      "comm": "csi-node-driver",
      "cgroup_id": 9171,
      "wait_duration_stats_ns": {
        "count": 20.0,
        "sum": 9321918.000000002,
        "mean": 466095.9000000001,
        "median": 72721.54188330079,
        "min": 11386,
        "max": 1752650,
        "variance_ns2": 389327180233.6736,
        "iqr_ns": 618724.3495710291,
        "q1_ns": 21615.906171875,
        "q3_ns": 640340.255742904
      },
      "futex_op_counts": {
        "128": 20
      },
      "first_seen_ts_ns": 411423593018,
      "last_seen_ts_ns": 411426762717
    },
    {
      "tgid": 9987,
      "comm": "csi-node-driver",
      "cgroup_id": 9171,
      "wait_duration_stats_ns": {
        "count": 20.0,
        "sum": 9319629.999999998,
        "mean": 465981.49999999994,
        "median": 247328.04006518453,
        "min": 13012,
        "max": 1773748,
        "variance_ns2": 375973335269.42096,
        "iqr_ns": 518980.18025094917,
        "q1_ns": 32310.4670621142,
        "q3_ns": 551290.6473130634
      },
      "futex_op_counts": {
        "128": 20
      },
      "first_seen_ts_ns": 291314439426,
      "last_seen_ts_ns": 291317598191
    },
    {
      "tgid": 10592,
      "comm": "csi-node-driver",
      "cgroup_id": 9171,
      "wait_duration_stats_ns": {
        "count": 21.0,
        "sum": 9299652.999999998,
        "mean": 442840.619047619,
        "median": 67834.00816471699,
        "min": 10730,
        "max": 1880646,
        "variance_ns2": 409501132391.14764,
        "iqr_ns": 785933.2329961848,
        "q1_ns": 23193.970833333333,
        "q3_ns": 809127.2038295182
      },
      "futex_op_counts": {
        "128": 21
      },
      "first_seen_ts_ns": 431410815681,
      "last_seen_ts_ns": 431413990423
    },
    {
      "tgid": 10474,
      "comm": "csi-node-driver",
      "cgroup_id": 9171,
      "wait_duration_stats_ns": {
        "count": 15.0,
        "sum": 9264334.0,
        "mean": 617622.2666666666,
        "median": 138842.06790123455,
        "min": 19123,
        "max": 3444735,
        "variance_ns2": 1112812107751.9238,
        "iqr_ns": 606107.4145608282,
        "q1_ns": 23865.152777777777,
        "q3_ns": 629972.567338606
      },
      "futex_op_counts": {
        "128": 15
      },
      "first_seen_ts_ns": 381373540025,
      "last_seen_ts_ns": 381377023710
    },
    {
      "tgid": 10412,
      "comm": "csi-node-driver",
      "cgroup_id": 9171,
      "wait_duration_stats_ns": {
        "count": 18.0,
        "sum": 9218110.000000002,
        "mean": 512117.2222222223,
        "median": 170638.25722789112,
        "min": 16851,
        "max": 1466390,
        "variance_ns2": 358114975356.30066,
        "iqr_ns": 676772.9364552561,
        "q1_ns": 61748.9755160108,
        "q3_ns": 738521.9119712668
      },
      "futex_op_counts": {
        "128": 18
      },
      "first_seen_ts_ns": 361313911750,
      "last_seen_ts_ns": 361316979888
    },
    {
      "tgid": 10790,
      "comm": "csi-node-driver",
      "cgroup_id": 9171,
      "wait_duration_stats_ns": {
        "count": 20.0,
        "sum": 9135462.0,
        "mean": 456773.10000000003,
        "median": 68545.42635091144,
        "min": 11278,
        "max": 1848343,
        "variance_ns2": 394324904227.8843,
        "iqr_ns": 785543.6188543221,
        "q1_ns": 23184.79761904762,
        "q3_ns": 808728.4164733697
      },
      "futex_op_counts": {
        "128": 20
      },
      "first_seen_ts_ns": 441309551785,
      "last_seen_ts_ns": 441312681364
    },
    {
      "tgid": 10054,
      "comm": "csi-node-driver",
      "cgroup_id": 9171,
      "wait_duration_stats_ns": {
        "count": 18.0,
        "sum": 9096043.999999998,
        "mean": 505335.7777777777,
        "median": 56529.42953717201,
        "min": 20576,
        "max": 3064968,
        "variance_ns2": 676675115506.4183,
        "iqr_ns": 553565.3153217643,
        "q1_ns": 30134.819468065005,
        "q3_ns": 583700.1347898294
      },
      "futex_op_counts": {
        "128": 18
      },
      "first_seen_ts_ns": 321378895558,
      "last_seen_ts_ns": 321381991833
    },
    {
      "tgid": 10922,
      "comm": "csi-node-driver",
      "cgroup_id": 9171,
      "wait_duration_stats_ns": {
        "count": 14.0,
        "sum": 9063266.0,
        "mean": 647376.1428571428,
        "median": 179770.18628472218,
        "min": 25193,
        "max": 2995771,
        "variance_ns2": 895052262591.2089,
        "iqr_ns": 498004.5467331258,
        "q1_ns": 53746.90955729166,
        "q3_ns": 551751.4562904175
      },
      "futex_op_counts": {
        "128": 14
      },
      "first_seen_ts_ns": 481385953991,
      "last_seen_ts_ns": 481388947104
    },
    {
      "tgid": 10970,
      "comm": "csi-node-driver",
      "cgroup_id": 9171,
      "wait_duration_stats_ns": {
        "count": 17.0,
        "sum": 8988215.0,
        "mean": 528718.5294117647,
        "median": 266675.2335438368,
        "min": 18620,
        "max": 1879602,
        "variance_ns2": 413875789045.2647,
        "iqr_ns": 842366.1860812991,
        "q1_ns": 38122.570119598764,
        "q3_ns": 880488.7562008979
      },
      "futex_op_counts": {
        "128": 17
      },
      "first_seen_ts_ns": 501316774495,
      "last_seen_ts_ns": 501319838596
    },
    {
      "tgid": 10129,
      "comm": "csi-node-driver",
      "cgroup_id": 9171,
      "wait_duration_stats_ns": {
        "count": 20.0,
        "sum": 8920356.0,
        "mean": 446017.80000000005,
        "median": 103403.35914902997,
        "min": 14453,
        "max": 1590205,
        "variance_ns2": 350981168437.1157,
        "iqr_ns": 734737.0950373362,
        "q1_ns": 22001.137820301785,
        "q3_ns": 756738.232857638
      },
      "futex_op_counts": {
        "128": 20
      },
      "first_seen_ts_ns": 341437681474,
      "last_seen_ts_ns": 341440943220
    },
    {
      "tgid": 10900,
      "comm": "csi-node-driver",
      "cgroup_id": 9171,
      "wait_duration_stats_ns": {
        "count": 21.0,
        "sum": 8759676.000000002,
        "mean": 417127.42857142864,
        "median": 106203.44900427468,
        "min": 15019,
        "max": 1424939,
        "variance_ns2": 292080565454.85706,
        "iqr_ns": 756469.9936442496,
        "q1_ns": 37921.95396050485,
        "q3_ns": 794391.9476047545
      },
      "futex_op_counts": {
        "128": 21
      },
      "first_seen_ts_ns": 471408666953,
      "last_seen_ts_ns": 471411957186
    },
    {
      "tgid": 10451,
      "comm": "csi-node-driver",
      "cgroup_id": 9171,
      "wait_duration_stats_ns": {
        "count": 18.0,
        "sum": 8678111.0,
        "mean": 482117.27777777775,
        "median": 65515.00227997448,
        "min": 1736,
        "max": 1688301,
        "variance_ns2": 388157812052.80066,
        "iqr_ns": 660073.4821031746,
        "q1_ns": 30219.071759259263,
        "q3_ns": 690292.5538624338
      },
      "futex_op_counts": {
        "128": 18
      },
      "first_seen_ts_ns": 371408491406,
      "last_seen_ts_ns": 371411525842
    },
    {
      "tgid": 10879,
      "comm": "csi-node-driver",
      "cgroup_id": 9171,
      "wait_duration_stats_ns": {
        "count": 15.0,
        "sum": 6237205.0,
        "mean": 415813.6666666667,
        "median": 79920.57222222221,
        "min": 581,
        "max": 2675261,
        "variance_ns2": 599681522549.6667,
        "iqr_ns": 175010.75289862172,
        "q1_ns": 28856.889880952378,
        "q3_ns": 203867.6427795741
      },
      "futex_op_counts": {
        "128": 15
      },
      "first_seen_ts_ns": 461399474380,
      "last_seen_ts_ns": 461402536491
    },
    {
      "tgid": 9466,
      "comm": "ZMQbg/IO/0",
      "cgroup_id": 9968,
      "wait_duration_stats_ns": {
        "count": 55.0,
        "sum": 74342.99999999997,
        "mean": 1351.6909090909085,
        "median": 556.3185706241371,
        "min": 362,
        "max": 11567,
        "variance_ns2": 5975132.661952862,
        "iqr_ns": 247.674515734487,
        "q1_ns": 497.7175796718919,
        "q3_ns": 745.3920954063789
      },
      "futex_op_counts": {
        "128": 55
      },
      "first_seen_ts_ns": 354878583958,
      "last_seen_ts_ns": 502027039787
    },
    {
      "tgid": 9466,
      "comm": "ZMQbg/Reaper",
      "cgroup_id": 9968,
      "wait_duration_stats_ns": {
        "count": 2.0,
        "sum": 47356.0,
        "mean": 23678.0,
        "median": 45614.0,
        "min": 1742,
        "max": 45614,
        "variance_ns2": 962376192.0,
        "iqr_ns": 43872.0,
        "q1_ns": 1742.0,
        "q3_ns": 45614.0
      },
      "futex_op_counts": {
        "128": 2
      },
      "first_seen_ts_ns": 507140246553,
      "last_seen_ts_ns": 507140298935
    },
    {
      "tgid": 10277,
      "comm": "lmp",
      "cgroup_id": 9968,
      "wait_duration_stats_ns": {
        "count": 1.0,
        "sum": 11475.0,
        "mean": 11475.0,
        "median": 11475.0,
        "min": 11475,
        "max": 11475,
        "variance_ns2": null,
        "iqr_ns": 0.0,
        "q1_ns": 11475.0,
        "q3_ns": 11475.0
      },
      "futex_op_counts": {
        "128": 1
      },
      "first_seen_ts_ns": 432847024424,
      "last_seen_ts_ns": 432847024424
    },
    {
      "tgid": 10265,
      "comm": "lmp",
      "cgroup_id": 9968,
      "wait_duration_stats_ns": {
        "count": 1.0,
        "sum": 11416.0,
        "mean": 11416.0,
        "median": 11416.0,
        "min": 11416,
        "max": 11416,
        "variance_ns2": null,
        "iqr_ns": 0.0,
        "q1_ns": 11416.0,
        "q3_ns": 11416.0
      },
      "futex_op_counts": {
        "128": 1
      },
      "first_seen_ts_ns": 432846836803,
      "last_seen_ts_ns": 432846836803
    },
    {
      "tgid": 10269,
      "comm": "lmp",
      "cgroup_id": 9968,
      "wait_duration_stats_ns": {
        "count": 1.0,
        "sum": 10710.0,
        "mean": 10710.0,
        "median": 10710.0,
        "min": 10710,
        "max": 10710,
        "variance_ns2": null,
        "iqr_ns": 0.0,
        "q1_ns": 10710.0,
        "q3_ns": 10710.0
      },
      "futex_op_counts": {
        "128": 1
      },
      "first_seen_ts_ns": 432846928977,
      "last_seen_ts_ns": 432846928977
    },
    {
      "tgid": 10233,
      "comm": "lmp",
      "cgroup_id": 9968,
      "wait_duration_stats_ns": {
        "count": 1.0,
        "sum": 10685.0,
        "mean": 10685.0,
        "median": 10685.0,
        "min": 10685,
        "max": 10685,
        "variance_ns2": null,
        "iqr_ns": 0.0,
        "q1_ns": 10685.0,
        "q3_ns": 10685.0
      },
      "futex_op_counts": {
        "128": 1
      },
      "first_seen_ts_ns": 432846442211,
      "last_seen_ts_ns": 432846442211
    },
    {
      "tgid": 10729,
      "comm": "lmp",
      "cgroup_id": 9968,
      "wait_duration_stats_ns": {
        "count": 1.0,
        "sum": 10290.0,
        "mean": 10290.0,
        "median": 10290.0,
        "min": 10290,
        "max": 10290,
        "variance_ns2": null,
        "iqr_ns": 0.0,
        "q1_ns": 10290.0,
        "q3_ns": 10290.0
      },
      "futex_op_counts": {
        "128": 1
      },
      "first_seen_ts_ns": 502001323118,
      "last_seen_ts_ns": 502001323118
    },
    {
      "tgid": 10629,
      "comm": "lmp",
      "cgroup_id": 9968,
      "wait_duration_stats_ns": {
        "count": 1.0,
        "sum": 9160.0,
        "mean": 9160.0,
        "median": 9160.0,
        "min": 9160,
        "max": 9160,
        "variance_ns2": null,
        "iqr_ns": 0.0,
        "q1_ns": 9160.0,
        "q3_ns": 9160.0
      },
      "futex_op_counts": {
        "128": 1
      },
      "first_seen_ts_ns": 502005462437,
      "last_seen_ts_ns": 502005462437
    },
    {
      "tgid": 10299,
      "comm": "lmp",
      "cgroup_id": 9968,
      "wait_duration_stats_ns": {
        "count": 1.0,
        "sum": 8831.0,
        "mean": 8831.0,
        "median": 8831.0,
        "min": 8831,
        "max": 8831,
        "variance_ns2": null,
        "iqr_ns": 0.0,
        "q1_ns": 8831.0,
        "q3_ns": 8831.0
      },
      "futex_op_counts": {
        "128": 1
      },
      "first_seen_ts_ns": 432847407588,
      "last_seen_ts_ns": 432847407588
    },
    {
      "tgid": 10199,
      "comm": "lmp",
      "cgroup_id": 9968,
      "wait_duration_stats_ns": {
        "count": 1.0,
        "sum": 8798.0,
        "mean": 8798.0,
        "median": 8798.0,
        "min": 8798,
        "max": 8798,
        "variance_ns2": null,
        "iqr_ns": 0.0,
        "q1_ns": 8798.0,
        "q3_ns": 8798.0
      },
      "futex_op_counts": {
        "128": 1
      },
      "first_seen_ts_ns": 432846214287,
      "last_seen_ts_ns": 432846214287
    },
    {
      "tgid": 9919,
      "comm": "lmp",
      "cgroup_id": 9968,
      "wait_duration_stats_ns": {
        "count": 1.0,
        "sum": 8757.0,
        "mean": 8757.0,
        "median": 8757.0,
        "min": 8757,
        "max": 8757,
        "variance_ns2": null,
        "iqr_ns": 0.0,
        "q1_ns": 8757.0,
        "q3_ns": 8757.0
      },
      "futex_op_counts": {
        "128": 1
      },
      "first_seen_ts_ns": 354853150270,
      "last_seen_ts_ns": 354853150270
    },
    {
      "tgid": 10359,
      "comm": "lmp",
      "cgroup_id": 9968,
      "wait_duration_stats_ns": {
        "count": 1.0,
        "sum": 8684.0,
        "mean": 8684.0,
        "median": 8684.0,
        "min": 8684,
        "max": 8684,
        "variance_ns2": null,
        "iqr_ns": 0.0,
        "q1_ns": 8684.0,
        "q3_ns": 8684.0
      },
      "futex_op_counts": {
        "128": 1
      },
      "first_seen_ts_ns": 432847282886,
      "last_seen_ts_ns": 432847282886
    },
    {
      "tgid": 10651,
      "comm": "lmp",
      "cgroup_id": 9968,
      "wait_duration_stats_ns": {
        "count": 1.0,
        "sum": 8643.0,
        "mean": 8643.0,
        "median": 8643.0,
        "min": 8643,
        "max": 8643,
        "variance_ns2": null,
        "iqr_ns": 0.0,
        "q1_ns": 8643.0,
        "q3_ns": 8643.0
      },
      "futex_op_counts": {
        "128": 1
      },
      "first_seen_ts_ns": 502001531955,
      "last_seen_ts_ns": 502001531955
    },
    {
      "tgid": 9893,
      "comm": "lmp",
      "cgroup_id": 9968,
      "wait_duration_stats_ns": {
        "count": 1.0,
        "sum": 8564.0,
        "mean": 8564.0,
        "median": 8564.0,
        "min": 8564,
        "max": 8564,
        "variance_ns2": null,
        "iqr_ns": 0.0,
        "q1_ns": 8564.0,
        "q3_ns": 8564.0
      },
      "futex_op_counts": {
        "128": 1
      },
      "first_seen_ts_ns": 354854651082,
      "last_seen_ts_ns": 354854651082
    },
    {
      "tgid": 10745,
      "comm": "lmp",
      "cgroup_id": 9968,
      "wait_duration_stats_ns": {
        "count": 1.0,
        "sum": 8385.0,
        "mean": 8385.0,
        "median": 8385.0,
        "min": 8385,
        "max": 8385,
        "variance_ns2": null,
        "iqr_ns": 0.0,
        "q1_ns": 8385.0,
        "q3_ns": 8385.0
      },
      "futex_op_counts": {
        "128": 1
      },
      "first_seen_ts_ns": 501999443436,
      "last_seen_ts_ns": 501999443436
    },
    {
      "tgid": 9811,
      "comm": "lmp",
      "cgroup_id": 9968,
      "wait_duration_stats_ns": {
        "count": 1.0,
        "sum": 8376.0,
        "mean": 8376.0,
        "median": 8376.0,
        "min": 8376,
        "max": 8376,
        "variance_ns2": null,
        "iqr_ns": 0.0,
        "q1_ns": 8376.0,
        "q3_ns": 8376.0
      },
      "futex_op_counts": {
        "128": 1
      },
      "first_seen_ts_ns": 354853540439,
      "last_seen_ts_ns": 354853540439
    },
    {
      "tgid": 10685,
      "comm": "lmp",
      "cgroup_id": 9968,
      "wait_duration_stats_ns": {
        "count": 1.0,
        "sum": 8205.0,
        "mean": 8205.0,
        "median": 8205.0,
        "min": 8205,
        "max": 8205,
        "variance_ns2": null,
        "iqr_ns": 0.0,
        "q1_ns": 8205.0,
        "q3_ns": 8205.0
      },
      "futex_op_counts": {
        "128": 1
      },
      "first_seen_ts_ns": 501999757559,
      "last_seen_ts_ns": 501999757559
    },
    {
      "tgid": 10622,
      "comm": "lmp",
      "cgroup_id": 9968,
      "wait_duration_stats_ns": {
        "count": 1.0,
        "sum": 8189.0,
        "mean": 8189.0,
        "median": 8189.0,
        "min": 8189,
        "max": 8189,
        "variance_ns2": null,
        "iqr_ns": 0.0,
        "q1_ns": 8189.0,
        "q3_ns": 8189.0
      },
      "futex_op_counts": {
        "128": 1
      },
      "first_seen_ts_ns": 502005387669,
      "last_seen_ts_ns": 502005387669
    },
    {
      "tgid": 10737,
      "comm": "lmp",
      "cgroup_id": 9968,
      "wait_duration_stats_ns": {
        "count": 1.0,
        "sum": 8174.0,
        "mean": 8174.0,
        "median": 8174.0,
        "min": 8174,
        "max": 8174,
        "variance_ns2": null,
        "iqr_ns": 0.0,
        "q1_ns": 8174.0,
        "q3_ns": 8174.0
      },
      "futex_op_counts": {
        "128": 1
      },
      "first_seen_ts_ns": 502001367600,
      "last_seen_ts_ns": 502001367600
    },
    {
      "tgid": 10289,
      "comm": "lmp",
      "cgroup_id": 9968,
      "wait_duration_stats_ns": {
        "count": 1.0,
        "sum": 8140.0,
        "mean": 8140.0,
        "median": 8140.0,
        "min": 8140,
        "max": 8140,
        "variance_ns2": null,
        "iqr_ns": 0.0,
        "q1_ns": 8140.0,
        "q3_ns": 8140.0
      },
      "futex_op_counts": {
        "128": 1
      },
      "first_seen_ts_ns": 432847137129,
      "last_seen_ts_ns": 432847137129
    },
    {
      "tgid": 9784,
      "comm": "lmp",
      "cgroup_id": 9968,
      "wait_duration_stats_ns": {
        "count": 1.0,
        "sum": 8100.0,
        "mean": 8100.0,
        "median": 8100.0,
        "min": 8100,
        "max": 8100,
        "variance_ns2": null,
        "iqr_ns": 0.0,
        "q1_ns": 8100.0,
        "q3_ns": 8100.0
      },
      "futex_op_counts": {
        "128": 1
      },
      "first_seen_ts_ns": 354853229061,
      "last_seen_ts_ns": 354853229061
    },
    {
      "tgid": 10673,
      "comm": "lmp",
      "cgroup_id": 9968,
      "wait_duration_stats_ns": {
        "count": 1.0,
        "sum": 8095.0,
        "mean": 8095.0,
        "median": 8095.0,
        "min": 8095,
        "max": 8095,
        "variance_ns2": null,
        "iqr_ns": 0.0,
        "q1_ns": 8095.0,
        "q3_ns": 8095.0
      },
      "futex_op_counts": {
        "128": 1
      },
      "first_seen_ts_ns": 502005091750,
      "last_seen_ts_ns": 502005091750
    },
    {
      "tgid": 10363,
      "comm": "lmp",
      "cgroup_id": 9968,
      "wait_duration_stats_ns": {
        "count": 1.0,
        "sum": 7914.0,
        "mean": 7914.0,
        "median": 7914.0,
        "min": 7914,
        "max": 7914,
        "variance_ns2": null,
        "iqr_ns": 0.0,
        "q1_ns": 7914.0,
        "q3_ns": 7914.0
      },
      "futex_op_counts": {
        "128": 1
      },
      "first_seen_ts_ns": 432846038479,
      "last_seen_ts_ns": 432846038479
    },
    {
      "tgid": 10699,
      "comm": "lmp",
      "cgroup_id": 9968,
      "wait_duration_stats_ns": {
        "count": 1.0,
        "sum": 7767.0,
        "mean": 7767.0,
        "median": 7767.0,
        "min": 7767,
        "max": 7767,
        "variance_ns2": null,
        "iqr_ns": 0.0,
        "q1_ns": 7767.0,
        "q3_ns": 7767.0
      },
      "futex_op_counts": {
        "128": 1
      },
      "first_seen_ts_ns": 502000847606,
      "last_seen_ts_ns": 502000847606
    },
    {
      "tgid": 10247,
      "comm": "lmp",
      "cgroup_id": 9968,
      "wait_duration_stats_ns": {
        "count": 1.0,
        "sum": 7386.0,
        "mean": 7386.0,
        "median": 7386.0,
        "min": 7386,
        "max": 7386,
        "variance_ns2": null,
        "iqr_ns": 0.0,
        "q1_ns": 7386.0,
        "q3_ns": 7386.0
      },
      "futex_op_counts": {
        "128": 1
      },
      "first_seen_ts_ns": 432846523129,
      "last_seen_ts_ns": 432846523129
    },
    {
      "tgid": 9881,
      "comm": "lmp",
      "cgroup_id": 9968,
      "wait_duration_stats_ns": {
        "count": 1.0,
        "sum": 7231.0,
        "mean": 7231.0,
        "median": 7231.0,
        "min": 7231,
        "max": 7231,
        "variance_ns2": null,
        "iqr_ns": 0.0,
        "q1_ns": 7231.0,
        "q3_ns": 7231.0
      },
      "futex_op_counts": {
        "128": 1
      },
      "first_seen_ts_ns": 354853143118,
      "last_seen_ts_ns": 354853143118
    },
    {
      "tgid": 10711,
      "comm": "lmp",
      "cgroup_id": 9968,
      "wait_duration_stats_ns": {
        "count": 1.0,
        "sum": 6552.0,
        "mean": 6552.0,
        "median": 6552.0,
        "min": 6552,
        "max": 6552,
        "variance_ns2": null,
        "iqr_ns": 0.0,
        "q1_ns": 6552.0,
        "q3_ns": 6552.0
      },
      "futex_op_counts": {
        "128": 1
      },
      "first_seen_ts_ns": 502005566172,
      "last_seen_ts_ns": 502005566172
    }
  ]
}
[22:21:02] Cleanup complete.
