unlimited
Looking for /opt/programs/futex-model/ebpf-collect.c
[22:17:01] Starting eBPF (Tracepoints for futex syscalls).
[22:17:02] BPF program loaded and tracepoints automatically attached.
[22:17:02] Start Indicator file defined '/mnt/flux/start_ebpf_collection'. Waiting.
[22:17:14] Start indicator found. Proceeding.
[22:17:14] Ring buffers opened. Polling for events...
[22:21:02] 
Indicator file '/mnt/flux/stop_ebpf_collection' found. Stopping.
[22:21:02] Cleaning up BPF resources...
{
  "final_aggregated_futex_summary_river": [
    {
      "tgid": 6853,
      "comm": "fluent-bit-gke-",
      "cgroup_id": 8137,
      "wait_duration_stats_ns": {
        "count": 14088.0,
        "sum": 16433827974842.006,
        "mean": 1166512491.1159856,
        "median": 955332.0927337005,
        "min": 393,
        "max": 80020938486,
        "variance_ns2": 5.837753683944176e+19,
        "iqr_ns": 29896467.30483335,
        "q1_ns": 27200.179034677694,
        "q3_ns": 29923667.483868025
      },
      "futex_op_counts": {
        "128": 14088
      },
      "first_seen_ts_ns": 269428850435,
      "last_seen_ts_ns": 506429060802
    },
    {
      "tgid": 3606,
      "comm": "containerd",
      "cgroup_id": 6520,
      "wait_duration_stats_ns": {
        "count": 111527.0,
        "sum": 9943747239688.014,
        "mean": 89159999.27988751,
        "median": 174582.45509305995,
        "min": 390,
        "max": 229037392498,
        "variance_ns2": 7.274974842460392e+18,
        "iqr_ns": 1479142.1229753867,
        "q1_ns": 45844.17526031727,
        "q3_ns": 1524986.298235704
      },
      "futex_op_counts": {
        "128": 111527
      },
      "first_seen_ts_ns": 267441646578,
      "last_seen_ts_ns": 507140486174
    },
    {
      "tgid": 3794,
      "comm": "kubelet",
      "cgroup_id": 6640,
      "wait_duration_stats_ns": {
        "count": 19283.0,
        "sum": 8044392531245.967,
        "mean": 417175363.33796436,
        "median": 12602293.839342255,
        "min": 440,
        "max": 143351978321,
        "variance_ns2": 2.347514646389889e+19,
        "iqr_ns": 52640514.301994696,
        "q1_ns": 1360550.1708845624,
        "q3_ns": 54001064.47287926
      },
      "futex_op_counts": {
        "128": 19283
      },
      "first_seen_ts_ns": 267330866321,
      "last_seen_ts_ns": 507064523986
    },
    {
      "tgid": 3864,
      "comm": "node-problem-de",
      "cgroup_id": 6700,
      "wait_duration_stats_ns": {
        "count": 1059.0,
        "sum": 2569554358368.9995,
        "mean": 2426396938.9697824,
        "median": 500751472.2360685,
        "min": 706,
        "max": 102044199447,
        "variance_ns2": 1.0895721619371054e+20,
        "iqr_ns": 1002920997.4082847,
        "q1_ns": 1788288.5824874886,
        "q3_ns": 1004709285.9907721
      },
      "futex_op_counts": {
        "128": 1059
      },
      "first_seen_ts_ns": 268837476688,
      "last_seen_ts_ns": 506838299693
    },
    {
      "tgid": 7457,
      "comm": "prometheus",
      "cgroup_id": 8532,
      "wait_duration_stats_ns": {
        "count": 11269.0,
        "sum": 2109001469958.9985,
        "mean": 187150720.55719218,
        "median": 46333576.6897952,
        "min": 755,
        "max": 102500476687,
        "variance_ns2": 9.355088753448292e+18,
        "iqr_ns": 10373827.42162393,
        "q1_ns": 39790110.250191644,
        "q3_ns": 50163937.671815574
      },
      "futex_op_counts": {
        "128": 11269
      },
      "first_seen_ts_ns": 267412105187,
      "last_seen_ts_ns": 507110403434
    },
    {
      "tgid": 7592,
      "comm": "containerd-shim",
      "cgroup_id": 6520,
      "wait_duration_stats_ns": {
        "count": 1911.0,
        "sum": 1657150282113.0002,
        "mean": 867163936.2182105,
        "median": 1311604.49803972,
        "min": 430,
        "max": 57498707652,
        "variance_ns2": 8.273124922986016e+18,
        "iqr_ns": 24104383.473898243,
        "q1_ns": 174275.16970904195,
        "q3_ns": 24278658.643607285
      },
      "futex_op_counts": {
        "128": 1911
      },
      "first_seen_ts_ns": 279527663562,
      "last_seen_ts_ns": 504886250144
    },
    {
      "tgid": 4038,
      "comm": "kube-proxy",
      "cgroup_id": 7366,
      "wait_duration_stats_ns": {
        "count": 255.0,
        "sum": 1594823853526.9993,
        "mean": 6254211190.301958,
        "median": 1629674439.1137416,
        "min": 928,
        "max": 121453979532,
        "variance_ns2": 3.287155651050433e+20,
        "iqr_ns": 4895578291.110392,
        "q1_ns": 95982771.03889029,
        "q3_ns": 4991561062.1492815
      },
      "futex_op_counts": {
        "128": 255
      },
      "first_seen_ts_ns": 282864124419,
      "last_seen_ts_ns": 504369489992
    },
    {
      "tgid": 7558,
      "comm": "config-reloader",
      "cgroup_id": 8611,
      "wait_duration_stats_ns": {
        "count": 161.0,
        "sum": 1572441307234.9995,
        "mean": 9766716194.006208,
        "median": 1783886687.2425776,
        "min": 1191,
        "max": 180001125076,
        "variance_ns2": 7.664069709486568e+20,
        "iqr_ns": 8951850312.078287,
        "q1_ns": 21001290.06884588,
        "q3_ns": 8972851602.147133
      },
      "futex_op_counts": {
        "128": 161
      },
      "first_seen_ts_ns": 280701627697,
      "last_seen_ts_ns": 500882103671
    },
    {
      "tgid": 7677,
      "comm": "csi-node-driver",
      "cgroup_id": 8848,
      "wait_duration_stats_ns": {
        "count": 60.0,
        "sum": 1263017405279.0002,
        "mean": 21050290087.983337,
        "median": 1422948768.3981862,
        "min": 800,
        "max": 120001961866,
        "variance_ns2": 1.6871025004252952e+21,
        "iqr_ns": 13857720170.385752,
        "q1_ns": 4253991.408242761,
        "q3_ns": 13861974161.793995
      },
      "futex_op_counts": {
        "128": 60
      },
      "first_seen_ts_ns": 282945173446,
      "last_seen_ts_ns": 463952114159
    },
    {
      "tgid": 6109,
      "comm": "containerd-shim",
      "cgroup_id": 6520,
      "wait_duration_stats_ns": {
        "count": 792.0,
        "sum": 1253851031690.0002,
        "mean": 1583145242.0328286,
        "median": 1333410.1301095255,
        "min": 861,
        "max": 92032124631,
        "variance_ns2": 3.066855798423568e+19,
        "iqr_ns": 1171564998.7692165,
        "q1_ns": 181210.28123031853,
        "q3_ns": 1171746209.0504467
      },
      "futex_op_counts": {
        "128": 792
      },
      "first_seen_ts_ns": 286196207241,
      "last_seen_ts_ns": 504886631012
    },
    {
      "tgid": 8037,
      "comm": "containerd-shim",
      "cgroup_id": 6520,
      "wait_duration_stats_ns": {
        "count": 158177.0,
        "sum": 1188927922337.9988,
        "mean": 7516439.95231923,
        "median": 105282.74981743598,
        "min": 427,
        "max": 68848008285,
        "variance_ns2": 5.910721541735769e+16,
        "iqr_ns": 592339.4663801106,
        "q1_ns": 35327.94425570299,
        "q3_ns": 627667.4106358136
      },
      "futex_op_counts": {
        "128": 158177
      },
      "first_seen_ts_ns": 267441570846,
      "last_seen_ts_ns": 507140462502
    },
    {
      "tgid": 3981,
      "comm": "containerd-shim",
      "cgroup_id": 6520,
      "wait_duration_stats_ns": {
        "count": 285.0,
        "sum": 1109548505883.0002,
        "mean": 3893152652.221053,
        "median": 1075558854.6773868,
        "min": 3865,
        "max": 30005157305,
        "variance_ns2": 3.992619930027693e+19,
        "iqr_ns": 5380921747.624355,
        "q1_ns": 2726643.0316671915,
        "q3_ns": 5383648390.656022
      },
      "futex_op_counts": {
        "128": 285
      },
      "first_seen_ts_ns": 286194812371,
      "last_seen_ts_ns": 504885206455
    },
    {
      "tgid": 7012,
      "comm": "containerd-shim",
      "cgroup_id": 6520,
      "wait_duration_stats_ns": {
        "count": 572.0,
        "sum": 1100262127823.0,
        "mean": 1923535188.5017483,
        "median": 6157312.734338684,
        "min": 706,
        "max": 57856352139,
        "variance_ns2": 2.5569243142857294e+19,
        "iqr_ns": 2130970837.0035608,
        "q1_ns": 520906.23355493625,
        "q3_ns": 2131491743.2371156
      },
      "futex_op_counts": {
        "128": 572
      },
      "first_seen_ts_ns": 286199710646,
      "last_seen_ts_ns": 507030105870
    },
    {
      "tgid": 6096,
      "comm": "containerd-shim",
      "cgroup_id": 6520,
      "wait_duration_stats_ns": {
        "count": 560.0,
        "sum": 1073911673497.9996,
        "mean": 1917699416.9607136,
        "median": 804517.0996911924,
        "min": 1220,
        "max": 32034054586,
        "variance_ns2": 2.1673235533265457e+19,
        "iqr_ns": 2785354411.0574393,
        "q1_ns": 183240.4255551611,
        "q3_ns": 2785537651.4829946
      },
      "futex_op_counts": {
        "128": 560
      },
      "first_seen_ts_ns": 286195571687,
      "last_seen_ts_ns": 504885856896
    },
    {
      "tgid": 1729,
      "comm": "google_osconfig",
      "cgroup_id": 4234,
      "wait_duration_stats_ns": {
        "count": 388.0,
        "sum": 794078637966.0002,
        "mean": 2046594427.7474232,
        "median": 19246463.83273615,
        "min": 3867,
        "max": 120000557095,
        "variance_ns2": 5.434133023799255e+19,
        "iqr_ns": 3738608622.0956078,
        "q1_ns": 3796268.8134724665,
        "q3_ns": 3742404890.90908
      },
      "futex_op_counts": {
        "128": 388
      },
      "first_seen_ts_ns": 280665070084,
      "last_seen_ts_ns": 505830430984
    },
    {
      "tgid": 1728,
      "comm": "google_guest_ag",
      "cgroup_id": 4174,
      "wait_duration_stats_ns": {
        "count": 179.0,
        "sum": 699644571549.0001,
        "mean": 3908628891.3351965,
        "median": 3580464727.0451818,
        "min": 3318,
        "max": 120046564357,
        "variance_ns2": 1.524370153696255e+20,
        "iqr_ns": 4576489846.059496,
        "q1_ns": 324858030.4593184,
        "q3_ns": 4901347876.518814
      },
      "futex_op_counts": {
        "128": 179
      },
      "first_seen_ts_ns": 280607059919,
      "last_seen_ts_ns": 506169312313
    },
    {
      "tgid": 6914,
      "comm": "main",
      "cgroup_id": 8216,
      "wait_duration_stats_ns": {
        "count": 194.0,
        "sum": 639732462396.0,
        "mean": 3297590012.3505154,
        "median": 3853750649.8506393,
        "min": 1352,
        "max": 59982571491,
        "variance_ns2": 5.634024273660658e+19,
        "iqr_ns": 4753367522.159238,
        "q1_ns": 2098555.251507152,
        "q3_ns": 4755466077.410745
      },
      "futex_op_counts": {
        "128": 194
      },
      "first_seen_ts_ns": 280494490308,
      "last_seen_ts_ns": 505548653497
    },
    {
      "tgid": 6572,
      "comm": "main",
      "cgroup_id": 7979,
      "wait_duration_stats_ns": {
        "count": 347.0,
        "sum": 629469903794.0,
        "mean": 1814034304.8818445,
        "median": 19924360.29629089,
        "min": 555,
        "max": 59951693908,
        "variance_ns2": 3.4263337890510815e+19,
        "iqr_ns": 4728159148.006481,
        "q1_ns": 1296612.4487546263,
        "q3_ns": 4729455760.4552355
      },
      "futex_op_counts": {
        "128": 347
      },
      "first_seen_ts_ns": 282890775360,
      "last_seen_ts_ns": 502979728912
    },
    {
      "tgid": 2776,
      "comm": "dockerd",
      "cgroup_id": 6400,
      "wait_duration_stats_ns": {
        "count": 62.0,
        "sum": 576730010134.9999,
        "mean": 9302096937.66129,
        "median": 9819174004.946527,
        "min": 670,
        "max": 119002746791,
        "variance_ns2": 2.1878706518276266e+20,
        "iqr_ns": 3776434611.7763653,
        "q1_ns": 6171758120.6940365,
        "q3_ns": 9948192732.470402
      },
      "futex_op_counts": {
        "128": 62
      },
      "first_seen_ts_ns": 283120872858,
      "last_seen_ts_ns": 503130289879
    },
    {
      "tgid": 7875,
      "comm": "gce-pd-csi-driv",
      "cgroup_id": 8927,
      "wait_duration_stats_ns": {
        "count": 409.0,
        "sum": 346299360616.9999,
        "mean": 846697703.2200485,
        "median": 590988597.6302639,
        "min": 249849,
        "max": 119999952448,
        "variance_ns2": 3.4896494523090182e+19,
        "iqr_ns": 30982.876092910767,
        "q1_ns": 589937908.643321,
        "q3_ns": 589968891.519414
      },
      "futex_op_counts": {
        "128": 409
      },
      "first_seen_ts_ns": 268100349875,
      "last_seen_ts_ns": 506900353355
    },
    {
      "tgid": 6492,
      "comm": "otelsvc",
      "cgroup_id": 7900,
      "wait_duration_stats_ns": {
        "count": 733.0,
        "sum": 343570327079.0003,
        "mean": 468718045.1282405,
        "median": 458596053.87543106,
        "min": 37224,
        "max": 76942469081,
        "variance_ns2": 9.27701151624232e+18,
        "iqr_ns": 441697142.2345557,
        "q1_ns": 44336580.47876403,
        "q3_ns": 486033722.7133198
      },
      "futex_op_counts": {
        "128": 733
      },
      "first_seen_ts_ns": 268291428308,
      "last_seen_ts_ns": 506792201997
    },
    {
      "tgid": 9769,
      "comm": "log-counter",
      "cgroup_id": 6700,
      "wait_duration_stats_ns": {
        "count": 1036.0,
        "sum": 12750754469.000002,
        "mean": 12307678.05888031,
        "median": 231764.29657674744,
        "min": 448,
        "max": 1232323040,
        "variance_ns2": 1.073128352339081e+16,
        "iqr_ns": 1167884.1253908125,
        "q1_ns": 123385.90043038482,
        "q3_ns": 1291270.0258211973
      },
      "futex_op_counts": {
        "128": 1036
      },
      "first_seen_ts_ns": 343130457728,
      "last_seen_ts_ns": 344364913498
    },
    {
      "tgid": 9747,
      "comm": "log-counter",
      "cgroup_id": 6700,
      "wait_duration_stats_ns": {
        "count": 842.0,
        "sum": 11698602874.0,
        "mean": 13893827.641330166,
        "median": 231055.9008644945,
        "min": 543,
        "max": 1232427822,
        "variance_ns2": 1.2382378089159858e+16,
        "iqr_ns": 1195946.5086391824,
        "q1_ns": 77513.29968691117,
        "q3_ns": 1273459.8083260935
      },
      "futex_op_counts": {
        "128": 842
      },
      "first_seen_ts_ns": 341891015780,
      "last_seen_ts_ns": 343123805531
    },
    {
      "tgid": 9719,
      "comm": "log-counter",
      "cgroup_id": 6700,
      "wait_duration_stats_ns": {
        "count": 488.0,
        "sum": 10553671522.000002,
        "mean": 21626376.069672134,
        "median": 375969.54599396454,
        "min": 648,
        "max": 1249722776,
        "variance_ns2": 1.7426281933490312e+16,
        "iqr_ns": 3758348.5131882424,
        "q1_ns": 138537.16814525946,
        "q3_ns": 3896885.681333502
      },
      "futex_op_counts": {
        "128": 488
      },
      "first_seen_ts_ns": 340846264701,
      "last_seen_ts_ns": 342096568206
    },
    {
      "tgid": 9726,
      "comm": "log-counter",
      "cgroup_id": 6700,
      "wait_duration_stats_ns": {
        "count": 18.0,
        "sum": 5123622731.0,
        "mean": 284645707.2777778,
        "median": 68933928.13639285,
        "min": 10921,
        "max": 1021008206,
        "variance_ns2": 1.7964112662626906e+17,
        "iqr_ns": 370336766.5988272,
        "q1_ns": 17370191.922718253,
        "q3_ns": 387706958.5215454
      },
      "futex_op_counts": {
        "128": 18
      },
      "first_seen_ts_ns": 340863015505,
      "last_seen_ts_ns": 341884224872
    },
    {
      "tgid": 9762,
      "comm": "log-counter",
      "cgroup_id": 6700,
      "wait_duration_stats_ns": {
        "count": 13.0,
        "sum": 5060479387.000001,
        "mean": 389267645.1538462,
        "median": 159894400.71229166,
        "min": 134204,
        "max": 1015957695,
        "variance_ns2": 2.5407639296033462e+17,
        "iqr_ns": 490303768.13294876,
        "q1_ns": 13312220.786296299,
        "q3_ns": 503615988.91924506
      },
      "futex_op_counts": {
        "128": 13
      },
      "first_seen_ts_ns": 342240012176,
      "last_seen_ts_ns": 343256399317
    },
    {
      "tgid": 9741,
      "comm": "log-counter",
      "cgroup_id": 6700,
      "wait_duration_stats_ns": {
        "count": 14.0,
        "sum": 4066984082.0,
        "mean": 290498863.0,
        "median": 51998192.142500006,
        "min": 12173,
        "max": 1009989805,
        "variance_ns2": 1.843225277277215e+17,
        "iqr_ns": 292306087.3759645,
        "q1_ns": 14932207.850694444,
        "q3_ns": 307238295.22665894
      },
      "futex_op_counts": {
        "128": 14
      },
      "first_seen_ts_ns": 341153013872,
      "last_seen_ts_ns": 342163185902
    },
    {
      "tgid": 10394,
      "comm": "kubectl",
      "cgroup_id": 6580,
      "wait_duration_stats_ns": {
        "count": 495.0,
        "sum": 3306508310.0000005,
        "mean": 6679814.767676769,
        "median": 587046.1704389699,
        "min": 532,
        "max": 518745160,
        "variance_ns2": 979365840598471.6,
        "iqr_ns": 4922186.3673658,
        "q1_ns": 83520.97148599144,
        "q3_ns": 5005707.338851791
      },
      "futex_op_counts": {
        "128": 495
      },
      "first_seen_ts_ns": 458205256704,
      "last_seen_ts_ns": 458728037436
    },
    {
      "tgid": 9601,
      "comm": "runc",
      "cgroup_id": 6520,
      "wait_duration_stats_ns": {
        "count": 321.0,
        "sum": 913752484.0000001,
        "mean": 2846580.9470404987,
        "median": 123611.66908421868,
        "min": 4009,
        "max": 117578504,
        "variance_ns2": 183660239245177.4,
        "iqr_ns": 819903.0733172414,
        "q1_ns": 30324.978814577888,
        "q3_ns": 850228.0521318193
      },
      "futex_op_counts": {
        "128": 321
      },
      "first_seen_ts_ns": 299537184904,
      "last_seen_ts_ns": 299663022790
    },
    {
      "tgid": 10469,
      "comm": "runc",
      "cgroup_id": 6520,
      "wait_duration_stats_ns": {
        "count": 347.0,
        "sum": 857180498.0,
        "mean": 2470260.801152738,
        "median": 97384.06562095831,
        "min": 6290,
        "max": 124020975,
        "variance_ns2": 218711223595701.0,
        "iqr_ns": 443218.4905827297,
        "q1_ns": 22987.998616512283,
        "q3_ns": 466206.489199242
      },
      "futex_op_counts": {
        "128": 347
      },
      "first_seen_ts_ns": 479531039630,
      "last_seen_ts_ns": 479658047797
    },
    {
      "tgid": 10139,
      "comm": "runc",
      "cgroup_id": 6520,
      "wait_duration_stats_ns": {
        "count": 343.0,
        "sum": 849633800.9999998,
        "mean": 2477066.4752186583,
        "median": 91248.26265369574,
        "min": 6693,
        "max": 121682006,
        "variance_ns2": 206013693670096.03,
        "iqr_ns": 437477.1459088079,
        "q1_ns": 23213.356023946544,
        "q3_ns": 460690.5019327545
      },
      "futex_op_counts": {
        "128": 343
      },
      "first_seen_ts_ns": 429532177796,
      "last_seen_ts_ns": 429658029804
    },
    {
      "tgid": 9650,
      "comm": "runc",
      "cgroup_id": 6520,
      "wait_duration_stats_ns": {
        "count": 306.0,
        "sum": 801614196.0,
        "mean": 2619654.2352941176,
        "median": 123439.68812516495,
        "min": 531,
        "max": 116827463,
        "variance_ns2": 184280293053800.2,
        "iqr_ns": 815688.9866195695,
        "q1_ns": 27740.784957649703,
        "q3_ns": 843429.7715772191
      },
      "futex_op_counts": {
        "128": 306
      },
      "first_seen_ts_ns": 319536177101,
      "last_seen_ts_ns": 319656847438
    },
    {
      "tgid": 9782,
      "comm": "runc",
      "cgroup_id": 6520,
      "wait_duration_stats_ns": {
        "count": 309.0,
        "sum": 787694155.0,
        "mean": 2549172.0226537217,
        "median": 124749.02817130835,
        "min": 804,
        "max": 113473928,
        "variance_ns2": 204807561361815.47,
        "iqr_ns": 517758.7529955629,
        "q1_ns": 34160.05676485803,
        "q3_ns": 551918.8097604209
      },
      "futex_op_counts": {
        "128": 309
      },
      "first_seen_ts_ns": 349533120876,
      "last_seen_ts_ns": 349651013370
    },
    {
      "tgid": 9671,
      "comm": "runc",
      "cgroup_id": 6520,
      "wait_duration_stats_ns": {
        "count": 341.0,
        "sum": 778831751.0,
        "mean": 2283964.0791788856,
        "median": 82530.70820942755,
        "min": 662,
        "max": 110940135,
        "variance_ns2": 169445882448280.03,
        "iqr_ns": 592577.7311446167,
        "q1_ns": 21278.416946620004,
        "q3_ns": 613856.1480912367
      },
      "futex_op_counts": {
        "128": 341
      },
      "first_seen_ts_ns": 329532595743,
      "last_seen_ts_ns": 329646734426
    },
    {
      "tgid": 10008,
      "comm": "runc",
      "cgroup_id": 6520,
      "wait_duration_stats_ns": {
        "count": 345.0,
        "sum": 767224156.0,
        "mean": 2223838.1333333333,
        "median": 71821.11087813402,
        "min": 6375,
        "max": 113759940,
        "variance_ns2": 185889757227595.1,
        "iqr_ns": 352310.0384144735,
        "q1_ns": 19563.511986510974,
        "q3_ns": 371873.5504009845
      },
      "futex_op_counts": {
        "128": 345
      },
      "first_seen_ts_ns": 369534107412,
      "last_seen_ts_ns": 369651773508
    },
    {
      "tgid": 10363,
      "comm": "runc",
      "cgroup_id": 6520,
      "wait_duration_stats_ns": {
        "count": 240.0,
        "sum": 746566952.0000002,
        "mean": 3110695.6333333342,
        "median": 189907.18334548268,
        "min": 930,
        "max": 104601628,
        "variance_ns2": 196509746243177.84,
        "iqr_ns": 1539913.952874933,
        "q1_ns": 37356.239388688555,
        "q3_ns": 1577270.1922636214
      },
      "futex_op_counts": {
        "128": 240
      },
      "first_seen_ts_ns": 449534013789,
      "last_seen_ts_ns": 449642937815
    },
    {
      "tgid": 10493,
      "comm": "runc",
      "cgroup_id": 6520,
      "wait_duration_stats_ns": {
        "count": 325.0,
        "sum": 743812082.9999999,
        "mean": 2288652.5630769227,
        "median": 93745.6620101378,
        "min": 865,
        "max": 106212207,
        "variance_ns2": 170586825031620.66,
        "iqr_ns": 413345.4010027985,
        "q1_ns": 23020.0136153802,
        "q3_ns": 436365.41461817874
      },
      "futex_op_counts": {
        "128": 325
      },
      "first_seen_ts_ns": 489531486438,
      "last_seen_ts_ns": 489640884824
    },
    {
      "tgid": 10516,
      "comm": "runc",
      "cgroup_id": 6520,
      "wait_duration_stats_ns": {
        "count": 317.0,
        "sum": 737687539.0000002,
        "mean": 2327090.028391168,
        "median": 76627.36049721026,
        "min": 7640,
        "max": 120884142,
        "variance_ns2": 184529482222894.94,
        "iqr_ns": 424290.32993240084,
        "q1_ns": 21931.475186436805,
        "q3_ns": 446221.8051188376
      },
      "futex_op_counts": {
        "128": 317
      },
      "first_seen_ts_ns": 499531805255,
      "last_seen_ts_ns": 499655633121
    },
    {
      "tgid": 9626,
      "comm": "runc",
      "cgroup_id": 6520,
      "wait_duration_stats_ns": {
        "count": 285.0,
        "sum": 733965135.0000001,
        "mean": 2575316.2631578953,
        "median": 141440.58410489827,
        "min": 555,
        "max": 97222275,
        "variance_ns2": 133180881327278.42,
        "iqr_ns": 2769767.6444696896,
        "q1_ns": 24059.388794442188,
        "q3_ns": 2793827.0332641318
      },
      "futex_op_counts": {
        "128": 285
      },
      "first_seen_ts_ns": 309535025001,
      "last_seen_ts_ns": 309638016811
    },
    {
      "tgid": 10096,
      "comm": "runc",
      "cgroup_id": 6520,
      "wait_duration_stats_ns": {
        "count": 322.0,
        "sum": 719681340.0000001,
        "mean": 2235035.2173913047,
        "median": 75970.05169756852,
        "min": 2180,
        "max": 98464381,
        "variance_ns2": 152912261557874.03,
        "iqr_ns": 421200.9194826851,
        "q1_ns": 26881.72477648039,
        "q3_ns": 448082.6442591655
      },
      "futex_op_counts": {
        "128": 322
      },
      "first_seen_ts_ns": 409537320793,
      "last_seen_ts_ns": 409647031917
    },
    {
      "tgid": 9694,
      "comm": "runc",
      "cgroup_id": 6520,
      "wait_duration_stats_ns": {
        "count": 345.0,
        "sum": 715091245.9999999,
        "mean": 2072728.2492753621,
        "median": 133629.6314444345,
        "min": 8730,
        "max": 102510680,
        "variance_ns2": 121945616272856.34,
        "iqr_ns": 2544353.043894369,
        "q1_ns": 25845.49872770154,
        "q3_ns": 2570198.5426220708
      },
      "futex_op_counts": {
        "128": 345
      },
      "first_seen_ts_ns": 339537012137,
      "last_seen_ts_ns": 339642316128
    },
    {
      "tgid": 10050,
      "comm": "runc",
      "cgroup_id": 6520,
      "wait_duration_stats_ns": {
        "count": 396.0,
        "sum": 630463770.0,
        "mean": 1592080.2272727273,
        "median": 46193.43927117683,
        "min": 8773,
        "max": 106867211,
        "variance_ns2": 120258568711629.06,
        "iqr_ns": 561725.8371816423,
        "q1_ns": 18281.203875802985,
        "q3_ns": 580007.0410574453
      },
      "futex_op_counts": {
        "128": 396
      },
      "first_seen_ts_ns": 389534283488,
      "last_seen_ts_ns": 389644115664
    },
    {
      "tgid": 10446,
      "comm": "runc",
      "cgroup_id": 6520,
      "wait_duration_stats_ns": {
        "count": 361.0,
        "sum": 598254722.0,
        "mean": 1657215.296398892,
        "median": 116361.08645897736,
        "min": 8015,
        "max": 86961427,
        "variance_ns2": 69841705474887.45,
        "iqr_ns": 619368.8851959092,
        "q1_ns": 32346.75531596257,
        "q3_ns": 651715.6405118718
      },
      "futex_op_counts": {
        "128": 361
      },
      "first_seen_ts_ns": 469534163039,
      "last_seen_ts_ns": 469624244540
    },
    {
      "tgid": 10072,
      "comm": "runc",
      "cgroup_id": 6520,
      "wait_duration_stats_ns": {
        "count": 313.0,
        "sum": 572059888.9999999,
        "mean": 1827667.3769968047,
        "median": 65133.00095106732,
        "min": 2194,
        "max": 82991217,
        "variance_ns2": 95607079111487.73,
        "iqr_ns": 413532.26483391604,
        "q1_ns": 18496.83827725873,
        "q3_ns": 432029.1031111748
      },
      "futex_op_counts": {
        "128": 313
      },
      "first_seen_ts_ns": 399530830831,
      "last_seen_ts_ns": 399616745023
    },
    {
      "tgid": 10423,
      "comm": "runc",
      "cgroup_id": 6520,
      "wait_duration_stats_ns": {
        "count": 257.0,
        "sum": 527272946.0000001,
        "mean": 2051645.7042801562,
        "median": 86871.90296303661,
        "min": 5430,
        "max": 86389962,
        "variance_ns2": 107982283265967.55,
        "iqr_ns": 557064.0025746465,
        "q1_ns": 20096.65575322263,
        "q3_ns": 577160.6583278691
      },
      "futex_op_counts": {
        "128": 257
      },
      "first_seen_ts_ns": 459530363042,
      "last_seen_ts_ns": 459619838080
    },
    {
      "tgid": 10118,
      "comm": "runc",
      "cgroup_id": 6520,
      "wait_duration_stats_ns": {
        "count": 254.0,
        "sum": 500464600.99999994,
        "mean": 1970333.0748031493,
        "median": 121082.8648131331,
        "min": 8865,
        "max": 84936484,
        "variance_ns2": 90418807845837.55,
        "iqr_ns": 1699609.6464208784,
        "q1_ns": 23405.229454592198,
        "q3_ns": 1723014.8758754705
      },
      "futex_op_counts": {
        "128": 254
      },
      "first_seen_ts_ns": 419533195421,
      "last_seen_ts_ns": 419621214745
    },
    {
      "tgid": 10481,
      "comm": "runc:[2:INIT]",
      "cgroup_id": 8848,
      "wait_duration_stats_ns": {
        "count": 28.0,
        "sum": 461230884.00000006,
        "mean": 16472531.571428573,
        "median": 1805369.9283335046,
        "min": 19979,
        "max": 80985070,
        "variance_ns2": 867473929630954.2,
        "iqr_ns": 17578439.17185702,
        "q1_ns": 60065.012244898004,
        "q3_ns": 17638504.18410192
      },
      "futex_op_counts": {
        "128": 28
      },
      "first_seen_ts_ns": 479561275910,
      "last_seen_ts_ns": 479657993681
    },
    {
      "tgid": 10031,
      "comm": "runc",
      "cgroup_id": 6520,
      "wait_duration_stats_ns": {
        "count": 340.0,
        "sum": 456601192.99999994,
        "mean": 1342944.6852941175,
        "median": 38784.7237682211,
        "min": 4597,
        "max": 76600242,
        "variance_ns2": 70725863534495.2,
        "iqr_ns": 246743.8566785235,
        "q1_ns": 14411.17364924978,
        "q3_ns": 261155.03032777327
      },
      "futex_op_counts": {
        "128": 340
      },
      "first_seen_ts_ns": 379538175314,
      "last_seen_ts_ns": 379617676098
    },
    {
      "tgid": 10019,
      "comm": "runc:[2:INIT]",
      "cgroup_id": 8848,
      "wait_duration_stats_ns": {
        "count": 30.0,
        "sum": 433626375.99999994,
        "mean": 14454212.533333331,
        "median": 2641935.2141289297,
        "min": 25505,
        "max": 72465652,
        "variance_ns2": 523265689577898.6,
        "iqr_ns": 19693267.93864477,
        "q1_ns": 1308628.3357011727,
        "q3_ns": 21001896.27434594
      },
      "futex_op_counts": {
        "128": 30
      },
      "first_seen_ts_ns": 369560103502,
      "last_seen_ts_ns": 369651583169
    },
    {
      "tgid": 10526,
      "comm": "runc:[2:INIT]",
      "cgroup_id": 8848,
      "wait_duration_stats_ns": {
        "count": 27.0,
        "sum": 430397761.0000001,
        "mean": 15940657.814814819,
        "median": 3668592.8512818743,
        "min": 27104,
        "max": 76903152,
        "variance_ns2": 696939543832143.1,
        "iqr_ns": 20907060.086673122,
        "q1_ns": 408066.2354793515,
        "q3_ns": 21315126.322152473
      },
      "futex_op_counts": {
        "128": 27
      },
      "first_seen_ts_ns": 499565166082,
      "last_seen_ts_ns": 499655673323
    },
    {
      "tgid": 10150,
      "comm": "runc:[2:INIT]",
      "cgroup_id": 8848,
      "wait_duration_stats_ns": {
        "count": 27.0,
        "sum": 423743565.0000001,
        "mean": 15694206.111111116,
        "median": 2794173.2320903502,
        "min": 20952,
        "max": 75987838,
        "variance_ns2": 620180959469456.4,
        "iqr_ns": 11872759.464281946,
        "q1_ns": 39899.23218321834,
        "q3_ns": 11912658.696465164
      },
      "futex_op_counts": {
        "128": 27
      },
      "first_seen_ts_ns": 429572012668,
      "last_seen_ts_ns": 429656804784
    },
    {
      "tgid": 9706,
      "comm": "runc:[2:INIT]",
      "cgroup_id": 8848,
      "wait_duration_stats_ns": {
        "count": 29.0,
        "sum": 409487891.00000006,
        "mean": 14120272.103448277,
        "median": 2693374.221685542,
        "min": 29662,
        "max": 68080782,
        "variance_ns2": 625898224537808.2,
        "iqr_ns": 9581762.228370491,
        "q1_ns": 356570.8170897863,
        "q3_ns": 9938333.045460278
      },
      "futex_op_counts": {
        "128": 29
      },
      "first_seen_ts_ns": 339555244317,
      "last_seen_ts_ns": 339640665195
    },
    {
      "tgid": 9661,
      "comm": "runc:[2:INIT]",
      "cgroup_id": 8848,
      "wait_duration_stats_ns": {
        "count": 28.0,
        "sum": 382983996.99999994,
        "mean": 13677999.89285714,
        "median": 1208601.7821088142,
        "min": 11861,
        "max": 67155621,
        "variance_ns2": 517293004104318.06,
        "iqr_ns": 17528300.305531263,
        "q1_ns": 62606.16370408843,
        "q3_ns": 17590906.469235353
      },
      "futex_op_counts": {
        "128": 28
      },
      "first_seen_ts_ns": 319573130907,
      "last_seen_ts_ns": 319656033930
    },
    {
      "tgid": 10504,
      "comm": "runc:[2:INIT]",
      "cgroup_id": 8848,
      "wait_duration_stats_ns": {
        "count": 32.0,
        "sum": 382944302.0,
        "mean": 11967009.4375,
        "median": 1997619.7365871123,
        "min": 19510,
        "max": 61156028,
        "variance_ns2": 420714820934126.9,
        "iqr_ns": 9198517.025270453,
        "q1_ns": 126906.1441068672,
        "q3_ns": 9325423.16937732
      },
      "futex_op_counts": {
        "128": 32
      },
      "first_seen_ts_ns": 489560166468,
      "last_seen_ts_ns": 489640660281
    },
    {
      "tgid": 9682,
      "comm": "runc:[2:INIT]",
      "cgroup_id": 8848,
      "wait_duration_stats_ns": {
        "count": 30.0,
        "sum": 368818788.99999994,
        "mean": 12293959.633333331,
        "median": 1901588.5233710443,
        "min": 542,
        "max": 62076880,
        "variance_ns2": 410883686839698.6,
        "iqr_ns": 20389129.144416675,
        "q1_ns": 306168.67239111656,
        "q3_ns": 20695297.81680779
      },
      "futex_op_counts": {
        "128": 30
      },
      "first_seen_ts_ns": 329566099177,
      "last_seen_ts_ns": 329643949936
    },
    {
      "tgid": 10107,
      "comm": "runc:[2:INIT]",
      "cgroup_id": 8848,
      "wait_duration_stats_ns": {
        "count": 31.0,
        "sum": 344733036.00000006,
        "mean": 11120420.516129034,
        "median": 2197979.391554828,
        "min": 542,
        "max": 55199604,
        "variance_ns2": 327011379576262.4,
        "iqr_ns": 13517383.73214222,
        "q1_ns": 65242.273342663786,
        "q3_ns": 13582626.005484883
      },
      "futex_op_counts": {
        "128": 31
      },
      "first_seen_ts_ns": 409574170124,
      "last_seen_ts_ns": 409645063578
    },
    {
      "tgid": 9794,
      "comm": "runc:[2:INIT]",
      "cgroup_id": 8848,
      "wait_duration_stats_ns": {
        "count": 28.0,
        "sum": 342951899.0000001,
        "mean": 12248282.107142862,
        "median": 465602.0028184565,
        "min": 526,
        "max": 73937739,
        "variance_ns2": 607038079309441.9,
        "iqr_ns": 8696381.454343362,
        "q1_ns": 31317.160908850034,
        "q3_ns": 8727698.615252212
      },
      "futex_op_counts": {
        "128": 28
      },
      "first_seen_ts_ns": 349556223920,
      "last_seen_ts_ns": 349649566576
    },
    {
      "tgid": 9614,
      "comm": "runc:[2:INIT]",
      "cgroup_id": 8848,
      "wait_duration_stats_ns": {
        "count": 29.0,
        "sum": 333097000.0,
        "mean": 11486103.448275862,
        "median": 2320101.5608497728,
        "min": 12613,
        "max": 54673371,
        "variance_ns2": 405342895770501.5,
        "iqr_ns": 16105836.902347907,
        "q1_ns": 157498.8069018494,
        "q3_ns": 16263335.709249757
      },
      "futex_op_counts": {
        "128": 29
      },
      "first_seen_ts_ns": 299587212563,
      "last_seen_ts_ns": 299658028524
    },
    {
      "tgid": 10374,
      "comm": "runc:[2:INIT]",
      "cgroup_id": 8848,
      "wait_duration_stats_ns": {
        "count": 28.0,
        "sum": 313461604.0,
        "mean": 11195057.285714285,
        "median": 2832606.985701259,
        "min": 11470,
        "max": 59796610,
        "variance_ns2": 340849370680857.6,
        "iqr_ns": 8415633.864372112,
        "q1_ns": 119561.71574411853,
        "q3_ns": 8535195.580116231
      },
      "futex_op_counts": {
        "128": 28
      },
      "first_seen_ts_ns": 449559096490,
      "last_seen_ts_ns": 449645081498
    },
    {
      "tgid": 10129,
      "comm": "runc:[2:INIT]",
      "cgroup_id": 8848,
      "wait_duration_stats_ns": {
        "count": 29.0,
        "sum": 294854428.00000006,
        "mean": 10167394.068965519,
        "median": 2380560.010720821,
        "min": 570,
        "max": 46951510,
        "variance_ns2": 296503603570727.8,
        "iqr_ns": 18445607.61752877,
        "q1_ns": 125344.13906182001,
        "q3_ns": 18570951.75659059
      },
      "futex_op_counts": {
        "128": 29
      },
      "first_seen_ts_ns": 419558166948,
      "last_seen_ts_ns": 419621025803
    },
    {
      "tgid": 10060,
      "comm": "runc:[2:INIT]",
      "cgroup_id": 8848,
      "wait_duration_stats_ns": {
        "count": 30.0,
        "sum": 289503825.00000006,
        "mean": 9650127.500000002,
        "median": 490325.4466596211,
        "min": 12967,
        "max": 58554613,
        "variance_ns2": 348872170806328.94,
        "iqr_ns": 7472353.759011093,
        "q1_ns": 122914.03319589123,
        "q3_ns": 7595267.792206984
      },
      "futex_op_counts": {
        "128": 30
      },
      "first_seen_ts_ns": 389566199109,
      "last_seen_ts_ns": 389644225344
    },
    {
      "tgid": 9580,
      "comm": "runc",
      "cgroup_id": 6520,
      "wait_duration_stats_ns": {
        "count": 380.0,
        "sum": 288046732.0,
        "mean": 758017.7157894737,
        "median": 51198.39377921784,
        "min": 604,
        "max": 42503226,
        "variance_ns2": 25232085008465.53,
        "iqr_ns": 161825.21861730295,
        "q1_ns": 24570.967246692082,
        "q3_ns": 186396.18586399502
      },
      "futex_op_counts": {
        "128": 380
      },
      "first_seen_ts_ns": 289529778958,
      "last_seen_ts_ns": 289575357560
    },
    {
      "tgid": 10083,
      "comm": "runc:[2:INIT]",
      "cgroup_id": 8848,
      "wait_duration_stats_ns": {
        "count": 33.0,
        "sum": 282638395.0,
        "mean": 8564799.848484848,
        "median": 1767136.636735751,
        "min": 9668,
        "max": 45578915,
        "variance_ns2": 181180121254015.2,
        "iqr_ns": 10435759.059104636,
        "q1_ns": 107856.35001406565,
        "q3_ns": 10543615.409118703
      },
      "futex_op_counts": {
        "128": 33
      },
      "first_seen_ts_ns": 399557019567,
      "last_seen_ts_ns": 399618017303
    },
    {
      "tgid": 10457,
      "comm": "runc:[2:INIT]",
      "cgroup_id": 8848,
      "wait_duration_stats_ns": {
        "count": 34.0,
        "sum": 274694073.0,
        "mean": 8079237.44117647,
        "median": 945754.8936760447,
        "min": 4728,
        "max": 42096928,
        "variance_ns2": 175015004929170.3,
        "iqr_ns": 8929894.103157545,
        "q1_ns": 121473.31204283389,
        "q3_ns": 9051367.415200379
      },
      "futex_op_counts": {
        "128": 34
      },
      "first_seen_ts_ns": 469562178399,
      "last_seen_ts_ns": 469621841558
    },
    {
      "tgid": 10434,
      "comm": "runc:[2:INIT]",
      "cgroup_id": 8848,
      "wait_duration_stats_ns": {
        "count": 28.0,
        "sum": 265827728.99999994,
        "mean": 9493847.464285713,
        "median": 1599324.6708291755,
        "min": 13974,
        "max": 40954817,
        "variance_ns2": 209752156199802.53,
        "iqr_ns": 17801995.916211847,
        "q1_ns": 91067.25333333333,
        "q3_ns": 17893063.16954518
      },
      "futex_op_counts": {
        "128": 28
      },
      "first_seen_ts_ns": 459563153288,
      "last_seen_ts_ns": 459621092602
    },
    {
      "tgid": 10403,
      "comm": "gke-exec-auth-p",
      "cgroup_id": 6580,
      "wait_duration_stats_ns": {
        "count": 239.0,
        "sum": 262794865.0000001,
        "mean": 1099560.1046025108,
        "median": 197527.75634828303,
        "min": 1231,
        "max": 27427183,
        "variance_ns2": 11775610118336.35,
        "iqr_ns": 647827.9100026699,
        "q1_ns": 17929.426956028205,
        "q3_ns": 665757.3369586981
      },
      "futex_op_counts": {
        "128": 239
      },
      "first_seen_ts_ns": 458466013462,
      "last_seen_ts_ns": 458517789505
    },
    {
      "tgid": 9637,
      "comm": "runc:[2:INIT]",
      "cgroup_id": 8848,
      "wait_duration_stats_ns": {
        "count": 35.0,
        "sum": 249609826.00000003,
        "mean": 7131709.314285715,
        "median": 1705669.1338645553,
        "min": 1718,
        "max": 36956508,
        "variance_ns2": 120502326609968.64,
        "iqr_ns": 7493605.952209738,
        "q1_ns": 144303.89504296123,
        "q3_ns": 7637909.8472527
      },
      "futex_op_counts": {
        "128": 35
      },
      "first_seen_ts_ns": 309577403673,
      "last_seen_ts_ns": 309635014175
    },
    {
      "tgid": 9328,
      "comm": "runc",
      "cgroup_id": 6520,
      "wait_duration_stats_ns": {
        "count": 401.0,
        "sum": 243614448.00000003,
        "mean": 607517.3266832918,
        "median": 35713.5968135165,
        "min": 1275,
        "max": 41566468,
        "variance_ns2": 14396761847578.676,
        "iqr_ns": 141124.34425013736,
        "q1_ns": 14040.144710270826,
        "q3_ns": 155164.4889604082
      },
      "futex_op_counts": {
        "128": 401
      },
      "first_seen_ts_ns": 279530353910,
      "last_seen_ts_ns": 279574781208
    },
    {
      "tgid": 10041,
      "comm": "runc:[2:INIT]",
      "cgroup_id": 8848,
      "wait_duration_stats_ns": {
        "count": 28.0,
        "sum": 224380753.0,
        "mean": 8013598.321428572,
        "median": 498916.24608328217,
        "min": 14743,
        "max": 46057467,
        "variance_ns2": 204872765523259.0,
        "iqr_ns": 6782716.474828945,
        "q1_ns": 44887.64676477074,
        "q3_ns": 6827604.121593716
      },
      "futex_op_counts": {
        "128": 28
      },
      "first_seen_ts_ns": 379554982975,
      "last_seen_ts_ns": 379617798604
    },
    {
      "tgid": 9985,
      "comm": "runc",
      "cgroup_id": 6520,
      "wait_duration_stats_ns": {
        "count": 376.0,
        "sum": 207830131.0,
        "mean": 552739.710106383,
        "median": 31300.369361482255,
        "min": 4383,
        "max": 30881999,
        "variance_ns2": 13370610211484.352,
        "iqr_ns": 112745.82872980936,
        "q1_ns": 15050.630143623024,
        "q3_ns": 127796.45887343239
      },
      "futex_op_counts": {
        "128": 376
      },
      "first_seen_ts_ns": 359529859202,
      "last_seen_ts_ns": 359563657436
    },
    {
      "tgid": 10340,
      "comm": "runc",
      "cgroup_id": 6520,
      "wait_duration_stats_ns": {
        "count": 356.0,
        "sum": 190859385.00000003,
        "mean": 536121.8679775281,
        "median": 36036.030207943564,
        "min": 8040,
        "max": 33065091,
        "variance_ns2": 13160643566556.438,
        "iqr_ns": 102948.85479266357,
        "q1_ns": 18892.44367271533,
        "q3_ns": 121841.2984653789
      },
      "futex_op_counts": {
        "128": 356
      },
      "first_seen_ts_ns": 439529695808,
      "last_seen_ts_ns": 439565684690
    },
    {
      "tgid": 9338,
      "comm": "runc:[2:INIT]",
      "cgroup_id": 8848,
      "wait_duration_stats_ns": {
        "count": 29.0,
        "sum": 165826847.99999997,
        "mean": 5718167.172413792,
        "median": 1304158.2747556737,
        "min": 18945,
        "max": 21325068,
        "variance_ns2": 67705805751795.93,
        "iqr_ns": 7680643.492107565,
        "q1_ns": 102812.85195793789,
        "q3_ns": 7783456.344065502
      },
      "futex_op_counts": {
        "128": 29
      },
      "first_seen_ts_ns": 279537807504,
      "last_seen_ts_ns": 279574756778
    },
    {
      "tgid": 9591,
      "comm": "runc:[2:INIT]",
      "cgroup_id": 8848,
      "wait_duration_stats_ns": {
        "count": 40.0,
        "sum": 160416364.99999997,
        "mean": 4010409.1249999995,
        "median": 333625.314033879,
        "min": 865,
        "max": 20104347,
        "variance_ns2": 50011918072648.734,
        "iqr_ns": 4097632.6988886893,
        "q1_ns": 65469.96097222222,
        "q3_ns": 4163102.6598609113
      },
      "futex_op_counts": {
        "128": 40
      },
      "first_seen_ts_ns": 289539239839,
      "last_seen_ts_ns": 289575310353
    },
    {
      "tgid": 10351,
      "comm": "runc:[2:INIT]",
      "cgroup_id": 8848,
      "wait_duration_stats_ns": {
        "count": 28.0,
        "sum": 119260018.0,
        "mean": 4259286.357142857,
        "median": 463040.87834310933,
        "min": 2741,
        "max": 15493682,
        "variance_ns2": 33926503005234.38,
        "iqr_ns": 7079088.518485484,
        "q1_ns": 61800.95847734723,
        "q3_ns": 7140889.476962831
      },
      "futex_op_counts": {
        "128": 28
      },
      "first_seen_ts_ns": 439538058441,
      "last_seen_ts_ns": 439565658052
    },
    {
      "tgid": 9997,
      "comm": "runc:[2:INIT]",
      "cgroup_id": 8848,
      "wait_duration_stats_ns": {
        "count": 27.0,
        "sum": 110411584.00000001,
        "mean": 4089317.9259259263,
        "median": 814432.8956895455,
        "min": 571,
        "max": 15525918,
        "variance_ns2": 32039154898924.77,
        "iqr_ns": 6526689.759521741,
        "q1_ns": 43152.125,
        "q3_ns": 6569841.884521741
      },
      "futex_op_counts": {
        "128": 27
      },
      "first_seen_ts_ns": 359537789516,
      "last_seen_ts_ns": 359563613150
    },
    {
      "tgid": 10457,
      "comm": "csi-node-driver",
      "cgroup_id": 8848,
      "wait_duration_stats_ns": {
        "count": 15.0,
        "sum": 22862961.0,
        "mean": 1524197.4,
        "median": 1436404.1354563495,
        "min": 17414,
        "max": 7164257,
        "variance_ns2": 4105659580746.3994,
        "iqr_ns": 2937405.927012587,
        "q1_ns": 56578.167654079865,
        "q3_ns": 2993984.094666667
      },
      "futex_op_counts": {
        "128": 15
      },
      "first_seen_ts_ns": 469627019634,
      "last_seen_ts_ns": 469631024248
    },
    {
      "tgid": 10019,
      "comm": "csi-node-driver",
      "cgroup_id": 8848,
      "wait_duration_stats_ns": {
        "count": 15.0,
        "sum": 21438673.000000004,
        "mean": 1429244.866666667,
        "median": 537356.8407738095,
        "min": 22832,
        "max": 5960199,
        "variance_ns2": 3681310713656.267,
        "iqr_ns": 1669756.8958333333,
        "q1_ns": 60547.72916666667,
        "q3_ns": 1730304.625
      },
      "futex_op_counts": {
        "128": 15
      },
      "first_seen_ts_ns": 369659355399,
      "last_seen_ts_ns": 369666011205
    },
    {
      "tgid": 9044,
      "comm": "flux-broker-18",
      "cgroup_id": 9645,
      "wait_duration_stats_ns": {
        "count": 402.0,
        "sum": 14265963.999999998,
        "mean": 35487.47263681592,
        "median": 5751.393137959815,
        "min": 398,
        "max": 3470482,
        "variance_ns2": 67275955602.84341,
        "iqr_ns": 21898.00338060132,
        "q1_ns": 618.8025295997776,
        "q3_ns": 22516.805910201096
      },
      "futex_op_counts": {
        "128": 402
      },
      "first_seen_ts_ns": 279781760001,
      "last_seen_ts_ns": 507133403355
    },
    {
      "tgid": 10041,
      "comm": "csi-node-driver",
      "cgroup_id": 8848,
      "wait_duration_stats_ns": {
        "count": 17.0,
        "sum": 12754162.999999998,
        "mean": 750244.8823529411,
        "median": 947272.8325467373,
        "min": 23270,
        "max": 3418666,
        "variance_ns2": 916490464336.1102,
        "iqr_ns": 1202323.1529032702,
        "q1_ns": 58766.374099934874,
        "q3_ns": 1261089.5270032051
      },
      "futex_op_counts": {
        "128": 17
      },
      "first_seen_ts_ns": 379622255375,
      "last_seen_ts_ns": 379625441775
    },
    {
      "tgid": 10374,
      "comm": "csi-node-driver",
      "cgroup_id": 8848,
      "wait_duration_stats_ns": {
        "count": 18.0,
        "sum": 11582275.0,
        "mean": 643459.7222222222,
        "median": 213420.34211319365,
        "min": 15494,
        "max": 5432687,
        "variance_ns2": 1715869111305.2715,
        "iqr_ns": 419616.4288554121,
        "q1_ns": 58318.47123928486,
        "q3_ns": 477934.90009469696
      },
      "futex_op_counts": {
        "128": 18
      },
      "first_seen_ts_ns": 449650589078,
      "last_seen_ts_ns": 449656015955
    },
    {
      "tgid": 10150,
      "comm": "csi-node-driver",
      "cgroup_id": 8848,
      "wait_duration_stats_ns": {
        "count": 21.0,
        "sum": 10981356.0,
        "mean": 522921.71428571426,
        "median": 192808.13221896125,
        "min": 15854,
        "max": 1632107,
        "variance_ns2": 388338407151.3143,
        "iqr_ns": 829838.8695094041,
        "q1_ns": 43273.24687071331,
        "q3_ns": 873112.1163801174
      },
      "futex_op_counts": {
        "128": 21
      },
      "first_seen_ts_ns": 429661746204,
      "last_seen_ts_ns": 429666596067
    },
    {
      "tgid": 10434,
      "comm": "csi-node-driver",
      "cgroup_id": 8848,
      "wait_duration_stats_ns": {
        "count": 17.0,
        "sum": 10295004.0,
        "mean": 605588.4705882353,
        "median": 79141.09851190477,
        "min": 16339,
        "max": 4602012,
        "variance_ns2": 1328288782516.2646,
        "iqr_ns": 845027.1072954603,
        "q1_ns": 23782.933333333334,
        "q3_ns": 868810.0406287936
      },
      "futex_op_counts": {
        "128": 17
      },
      "first_seen_ts_ns": 459631383862,
      "last_seen_ts_ns": 459636013324
    },
    {
      "tgid": 10060,
      "comm": "csi-node-driver",
      "cgroup_id": 8848,
      "wait_duration_stats_ns": {
        "count": 20.0,
        "sum": 10127072.000000002,
        "mean": 506353.6000000001,
        "median": 80746.24162341967,
        "min": 13559,
        "max": 2041929,
        "variance_ns2": 504714662367.9369,
        "iqr_ns": 934837.0143812543,
        "q1_ns": 18002.276017158565,
        "q3_ns": 952839.2903984128
      },
      "futex_op_counts": {
        "128": 20
      },
      "first_seen_ts_ns": 389647471811,
      "last_seen_ts_ns": 389650945351
    },
    {
      "tgid": 9682,
      "comm": "csi-node-driver",
      "cgroup_id": 8848,
      "wait_duration_stats_ns": {
        "count": 22.0,
        "sum": 10062501.0,
        "mean": 457386.40909090906,
        "median": 84444.44566289334,
        "min": 22412,
        "max": 1978683,
        "variance_ns2": 421662587328.25323,
        "iqr_ns": 453323.3948242538,
        "q1_ns": 32443.265833333327,
        "q3_ns": 485766.6606575871
      },
      "futex_op_counts": {
        "128": 22
      },
      "first_seen_ts_ns": 329645758612,
      "last_seen_ts_ns": 329649199919
    },
    {
      "tgid": 9614,
      "comm": "csi-node-driver",
      "cgroup_id": 8848,
      "wait_duration_stats_ns": {
        "count": 17.0,
        "sum": 9973801.000000002,
        "mean": 586694.1764705883,
        "median": 192005.22291666665,
        "min": 14891,
        "max": 2490025,
        "variance_ns2": 709936623488.2794,
        "iqr_ns": 506375.3762811856,
        "q1_ns": 30923.625570666194,
        "q3_ns": 537299.0018518518
      },
      "futex_op_counts": {
        "128": 17
      },
      "first_seen_ts_ns": 299661528553,
      "last_seen_ts_ns": 299667067700
    },
    {
      "tgid": 10107,
      "comm": "csi-node-driver",
      "cgroup_id": 8848,
      "wait_duration_stats_ns": {
        "count": 20.0,
        "sum": 9701934.0,
        "mean": 485096.7,
        "median": 242767.36007086106,
        "min": 11626,
        "max": 1820849,
        "variance_ns2": 419726080860.22107,
        "iqr_ns": 476228.463391434,
        "q1_ns": 35175.06094321558,
        "q3_ns": 511403.52433464956
      },
      "futex_op_counts": {
        "128": 20
      },
      "first_seen_ts_ns": 409652456537,
      "last_seen_ts_ns": 409655729933
    },
    {
      "tgid": 9794,
      "comm": "csi-node-driver",
      "cgroup_id": 8848,
      "wait_duration_stats_ns": {
        "count": 19.0,
        "sum": 9657007.999999998,
        "mean": 508263.57894736837,
        "median": 138492.45154761907,
        "min": 19697,
        "max": 1951076,
        "variance_ns2": 463199106898.59076,
        "iqr_ns": 722601.6410750109,
        "q1_ns": 41780.769047619055,
        "q3_ns": 764382.41012263
      },
      "futex_op_counts": {
        "128": 19
      },
      "first_seen_ts_ns": 349652373131,
      "last_seen_ts_ns": 349655658868
    },
    {
      "tgid": 9338,
      "comm": "csi-node-driver",
      "cgroup_id": 8848,
      "wait_duration_stats_ns": {
        "count": 19.0,
        "sum": 9650570.999999998,
        "mean": 507924.78947368416,
        "median": 296467.91836098966,
        "min": 15656,
        "max": 1879961,
        "variance_ns2": 412756657798.50885,
        "iqr_ns": 598314.5126761348,
        "q1_ns": 34127.760195187475,
        "q3_ns": 632442.2728713223
      },
      "futex_op_counts": {
        "128": 19
      },
      "first_seen_ts_ns": 279576706663,
      "last_seen_ts_ns": 279579976843
    },
    {
      "tgid": 9706,
      "comm": "csi-node-driver",
      "cgroup_id": 8848,
      "wait_duration_stats_ns": {
        "count": 24.0,
        "sum": 9518603.0,
        "mean": 396608.4583333333,
        "median": 70944.21254044994,
        "min": 7904,
        "max": 1453281,
        "variance_ns2": 302396234405.4765,
        "iqr_ns": 563427.9824684208,
        "q1_ns": 26066.683197337967,
        "q3_ns": 589494.6656657588
      },
      "futex_op_counts": {
        "128": 24
      },
      "first_seen_ts_ns": 339643687971,
      "last_seen_ts_ns": 339647164759
    },
    {
      "tgid": 9661,
      "comm": "csi-node-driver",
      "cgroup_id": 8848,
      "wait_duration_stats_ns": {
        "count": 20.0,
        "sum": 9451651.0,
        "mean": 472582.55000000005,
        "median": 76509.23400260808,
        "min": 14910,
        "max": 1755751,
        "variance_ns2": 393886326701.7342,
        "iqr_ns": 804770.629775141,
        "q1_ns": 26571.070703017827,
        "q3_ns": 831341.7004781589
      },
      "futex_op_counts": {
        "128": 20
      },
      "first_seen_ts_ns": 319661459930,
      "last_seen_ts_ns": 319664728990
    },
    {
      "tgid": 10129,
      "comm": "csi-node-driver",
      "cgroup_id": 8848,
      "wait_duration_stats_ns": {
        "count": 21.0,
        "sum": 9439926.0,
        "mean": 449520.2857142857,
        "median": 64202.21349688602,
        "min": 11084,
        "max": 1959238,
        "variance_ns2": 427582384046.0143,
        "iqr_ns": 812154.586451963,
        "q1_ns": 28914.313194444443,
        "q3_ns": 841068.8996464075
      },
      "futex_op_counts": {
        "128": 21
      },
      "first_seen_ts_ns": 419623452027,
      "last_seen_ts_ns": 419626671106
    },
    {
      "tgid": 10481,
      "comm": "csi-node-driver",
      "cgroup_id": 8848,
      "wait_duration_stats_ns": {
        "count": 19.0,
        "sum": 9406939.0,
        "mean": 495102.05263157893,
        "median": 193582.3466796875,
        "min": 11411,
        "max": 1931259,
        "variance_ns2": 446412080326.0526,
        "iqr_ns": 413858.5570130145,
        "q1_ns": 29988.162390689296,
        "q3_ns": 443846.7194037038
      },
      "futex_op_counts": {
        "128": 19
      },
      "first_seen_ts_ns": 479660393779,
      "last_seen_ts_ns": 479663618019
    },
    {
      "tgid": 9997,
      "comm": "csi-node-driver",
      "cgroup_id": 8848,
      "wait_duration_stats_ns": {
        "count": 18.0,
        "sum": 9398782.0,
        "mean": 522154.55555555556,
        "median": 256714.0772514084,
        "min": 17399,
        "max": 1856179,
        "variance_ns2": 433167880429.3202,
        "iqr_ns": 469635.0107407408,
        "q1_ns": 41734.18518518519,
        "q3_ns": 511369.195925926
      },
      "futex_op_counts": {
        "128": 18
      },
      "first_seen_ts_ns": 359565411375,
      "last_seen_ts_ns": 359568592913
    },
    {
      "tgid": 10526,
      "comm": "csi-node-driver",
      "cgroup_id": 8848,
      "wait_duration_stats_ns": {
        "count": 22.0,
        "sum": 9382017.999999998,
        "mean": 426455.36363636353,
        "median": 56564.92685964956,
        "min": 3648,
        "max": 1806065,
        "variance_ns2": 371807083183.4805,
        "iqr_ns": 363419.1879943333,
        "q1_ns": 26168.31367779983,
        "q3_ns": 389587.5016721331
      },
      "futex_op_counts": {
        "128": 22
      },
      "first_seen_ts_ns": 499658135436,
      "last_seen_ts_ns": 499661349572
    },
    {
      "tgid": 10504,
      "comm": "csi-node-driver",
      "cgroup_id": 8848,
      "wait_duration_stats_ns": {
        "count": 22.0,
        "sum": 9344272.0,
        "mean": 424739.63636363635,
        "median": 52691.35226851852,
        "min": 7787,
        "max": 1897439,
        "variance_ns2": 396386824731.7663,
        "iqr_ns": 557824.387832331,
        "q1_ns": 26948.277083333334,
        "q3_ns": 584772.6649156644
      },
      "futex_op_counts": {
        "128": 22
      },
      "first_seen_ts_ns": 489643102441,
      "last_seen_ts_ns": 489646282601
    },
    {
      "tgid": 9591,
      "comm": "csi-node-driver",
      "cgroup_id": 8848,
      "wait_duration_stats_ns": {
        "count": 21.0,
        "sum": 9228827.0,
        "mean": 439467.95238095237,
        "median": 72369.35714902691,
        "min": 12013,
        "max": 1768938,
        "variance_ns2": 371184661480.94763,
        "iqr_ns": 807173.3264219704,
        "q1_ns": 20531.327575231488,
        "q3_ns": 827704.6539972018
      },
      "futex_op_counts": {
        "128": 21
      },
      "first_seen_ts_ns": 289577022200,
      "last_seen_ts_ns": 289580164472
    },
    {
      "tgid": 10351,
      "comm": "csi-node-driver",
      "cgroup_id": 8848,
      "wait_duration_stats_ns": {
        "count": 19.0,
        "sum": 9217805.0,
        "mean": 485147.63157894736,
        "median": 285928.5986738417,
        "min": 20371,
        "max": 1796505,
        "variance_ns2": 384253975494.9123,
        "iqr_ns": 372659.3588624339,
        "q1_ns": 31553.419907407413,
        "q3_ns": 404212.7787698413
      },
      "futex_op_counts": {
        "128": 19
      },
      "first_seen_ts_ns": 439567516619,
      "last_seen_ts_ns": 439570664784
    },
    {
      "tgid": 9637,
      "comm": "csi-node-driver",
      "cgroup_id": 8848,
      "wait_duration_stats_ns": {
        "count": 18.0,
        "sum": 9133555.0,
        "mean": 507419.7222222222,
        "median": 173448.26935040508,
        "min": 13634,
        "max": 1894242,
        "variance_ns2": 442807312123.2713,
        "iqr_ns": 505714.24012345675,
        "q1_ns": 23052.328395061726,
        "q3_ns": 528766.5685185185
      },
      "futex_op_counts": {
        "128": 18
      },
      "first_seen_ts_ns": 309644491078,
      "last_seen_ts_ns": 309647615403
    },
    {
      "tgid": 10083,
      "comm": "csi-node-driver",
      "cgroup_id": 8848,
      "wait_duration_stats_ns": {
        "count": 13.0,
        "sum": 7193647.000000001,
        "mean": 553357.4615384616,
        "median": 145362.86119965278,
        "min": 21940,
        "max": 3195663,
        "variance_ns2": 890496687511.1027,
        "iqr_ns": 435917.7891049383,
        "q1_ns": 63089.08898148149,
        "q3_ns": 499006.8780864198
      },
      "futex_op_counts": {
        "128": 13
      },
      "first_seen_ts_ns": 399625581005,
      "last_seen_ts_ns": 399628777903
    },
    {
      "tgid": 9044,
      "comm": "ZMQbg/IO/0",
      "cgroup_id": 9645,
      "wait_duration_stats_ns": {
        "count": 32.0,
        "sum": 33877.0,
        "mean": 1058.65625,
        "median": 544.6691023742502,
        "min": 454,
        "max": 14054,
        "variance_ns2": 5695612.619959676,
        "iqr_ns": 68.47436469480976,
        "q1_ns": 513.9673947704082,
        "q3_ns": 582.441759465218
      },
      "futex_op_counts": {
        "128": 32
      },
      "first_seen_ts_ns": 354868085166,
      "last_seen_ts_ns": 502022407656
    },
    {
      "tgid": 10334,
      "comm": "lmp",
      "cgroup_id": 9645,
      "wait_duration_stats_ns": {
        "count": 1.0,
        "sum": 13168.0,
        "mean": 13168.0,
        "median": 13168.0,
        "min": 13168,
        "max": 13168,
        "variance_ns2": null,
        "iqr_ns": 0.0,
        "q1_ns": 13168.0,
        "q3_ns": 13168.0
      },
      "futex_op_counts": {
        "128": 1
      },
      "first_seen_ts_ns": 502000544023,
      "last_seen_ts_ns": 502000544023
    },
    {
      "tgid": 9395,
      "comm": "lmp",
      "cgroup_id": 9645,
      "wait_duration_stats_ns": {
        "count": 1.0,
        "sum": 10413.0,
        "mean": 10413.0,
        "median": 10413.0,
        "min": 10413,
        "max": 10413,
        "variance_ns2": null,
        "iqr_ns": 0.0,
        "q1_ns": 10413.0,
        "q3_ns": 10413.0
      },
      "futex_op_counts": {
        "128": 1
      },
      "first_seen_ts_ns": 354845270324,
      "last_seen_ts_ns": 354845270324
    },
    {
      "tgid": 10242,
      "comm": "lmp",
      "cgroup_id": 9645,
      "wait_duration_stats_ns": {
        "count": 1.0,
        "sum": 10148.0,
        "mean": 10148.0,
        "median": 10148.0,
        "min": 10148,
        "max": 10148,
        "variance_ns2": null,
        "iqr_ns": 0.0,
        "q1_ns": 10148.0,
        "q3_ns": 10148.0
      },
      "futex_op_counts": {
        "128": 1
      },
      "first_seen_ts_ns": 501998415935,
      "last_seen_ts_ns": 501998415935
    },
    {
      "tgid": 10234,
      "comm": "lmp",
      "cgroup_id": 9645,
      "wait_duration_stats_ns": {
        "count": 1.0,
        "sum": 9755.0,
        "mean": 9755.0,
        "median": 9755.0,
        "min": 9755,
        "max": 9755,
        "variance_ns2": null,
        "iqr_ns": 0.0,
        "q1_ns": 9755.0,
        "q3_ns": 9755.0
      },
      "futex_op_counts": {
        "128": 1
      },
      "first_seen_ts_ns": 501998433189,
      "last_seen_ts_ns": 501998433189
    },
    {
      "tgid": 10286,
      "comm": "lmp",
      "cgroup_id": 9645,
      "wait_duration_stats_ns": {
        "count": 1.0,
        "sum": 9592.0,
        "mean": 9592.0,
        "median": 9592.0,
        "min": 9592,
        "max": 9592,
        "variance_ns2": null,
        "iqr_ns": 0.0,
        "q1_ns": 9592.0,
        "q3_ns": 9592.0
      },
      "futex_op_counts": {
        "128": 1
      },
      "first_seen_ts_ns": 501992933035,
      "last_seen_ts_ns": 501992933035
    },
    {
      "tgid": 10314,
      "comm": "lmp",
      "cgroup_id": 9645,
      "wait_duration_stats_ns": {
        "count": 1.0,
        "sum": 9490.0,
        "mean": 9490.0,
        "median": 9490.0,
        "min": 9490,
        "max": 9490,
        "variance_ns2": null,
        "iqr_ns": 0.0,
        "q1_ns": 9490.0,
        "q3_ns": 9490.0
      },
      "futex_op_counts": {
        "128": 1
      },
      "first_seen_ts_ns": 501994242953,
      "last_seen_ts_ns": 501994242953
    },
    {
      "tgid": 9834,
      "comm": "lmp",
      "cgroup_id": 9645,
      "wait_duration_stats_ns": {
        "count": 1.0,
        "sum": 9089.0,
        "mean": 9089.0,
        "median": 9089.0,
        "min": 9089,
        "max": 9089,
        "variance_ns2": null,
        "iqr_ns": 0.0,
        "q1_ns": 9089.0,
        "q3_ns": 9089.0
      },
      "futex_op_counts": {
        "128": 1
      },
      "first_seen_ts_ns": 432830139897,
      "last_seen_ts_ns": 432830139897
    },
    {
      "tgid": 9865,
      "comm": "lmp",
      "cgroup_id": 9645,
      "wait_duration_stats_ns": {
        "count": 1.0,
        "sum": 9061.0,
        "mean": 9061.0,
        "median": 9061.0,
        "min": 9061,
        "max": 9061,
        "variance_ns2": null,
        "iqr_ns": 0.0,
        "q1_ns": 9061.0,
        "q3_ns": 9061.0
      },
      "futex_op_counts": {
        "128": 1
      },
      "first_seen_ts_ns": 432844132606,
      "last_seen_ts_ns": 432844132606
    },
    {
      "tgid": 9391,
      "comm": "lmp",
      "cgroup_id": 9645,
      "wait_duration_stats_ns": {
        "count": 1.0,
        "sum": 8767.0,
        "mean": 8767.0,
        "median": 8767.0,
        "min": 8767,
        "max": 8767,
        "variance_ns2": null,
        "iqr_ns": 0.0,
        "q1_ns": 8767.0,
        "q3_ns": 8767.0
      },
      "futex_op_counts": {
        "128": 1
      },
      "first_seen_ts_ns": 354844471187,
      "last_seen_ts_ns": 354844471187
    },
    {
      "tgid": 10254,
      "comm": "lmp",
      "cgroup_id": 9645,
      "wait_duration_stats_ns": {
        "count": 1.0,
        "sum": 8730.0,
        "mean": 8730.0,
        "median": 8730.0,
        "min": 8730,
        "max": 8730,
        "variance_ns2": null,
        "iqr_ns": 0.0,
        "q1_ns": 8730.0,
        "q3_ns": 8730.0
      },
      "futex_op_counts": {
        "128": 1
      },
      "first_seen_ts_ns": 502000833007,
      "last_seen_ts_ns": 502000833007
    },
    {
      "tgid": 10332,
      "comm": "lmp",
      "cgroup_id": 9645,
      "wait_duration_stats_ns": {
        "count": 1.0,
        "sum": 8722.0,
        "mean": 8722.0,
        "median": 8722.0,
        "min": 8722,
        "max": 8722,
        "variance_ns2": null,
        "iqr_ns": 0.0,
        "q1_ns": 8722.0,
        "q3_ns": 8722.0
      },
      "futex_op_counts": {
        "128": 1
      },
      "first_seen_ts_ns": 502000421477,
      "last_seen_ts_ns": 502000421477
    },
    {
      "tgid": 10232,
      "comm": "lmp",
      "cgroup_id": 9645,
      "wait_duration_stats_ns": {
        "count": 1.0,
        "sum": 8703.0,
        "mean": 8703.0,
        "median": 8703.0,
        "min": 8703,
        "max": 8703,
        "variance_ns2": null,
        "iqr_ns": 0.0,
        "q1_ns": 8703.0,
        "q3_ns": 8703.0
      },
      "futex_op_counts": {
        "128": 1
      },
      "first_seen_ts_ns": 501998386531,
      "last_seen_ts_ns": 501998386531
    },
    {
      "tgid": 9932,
      "comm": "lmp",
      "cgroup_id": 9645,
      "wait_duration_stats_ns": {
        "count": 1.0,
        "sum": 8658.0,
        "mean": 8658.0,
        "median": 8658.0,
        "min": 8658,
        "max": 8658,
        "variance_ns2": null,
        "iqr_ns": 0.0,
        "q1_ns": 8658.0,
        "q3_ns": 8658.0
      },
      "futex_op_counts": {
        "128": 1
      },
      "first_seen_ts_ns": 432844636871,
      "last_seen_ts_ns": 432844636871
    },
    {
      "tgid": 9427,
      "comm": "lmp",
      "cgroup_id": 9645,
      "wait_duration_stats_ns": {
        "count": 1.0,
        "sum": 8255.0,
        "mean": 8255.0,
        "median": 8255.0,
        "min": 8255,
        "max": 8255,
        "variance_ns2": null,
        "iqr_ns": 0.0,
        "q1_ns": 8255.0,
        "q3_ns": 8255.0
      },
      "futex_op_counts": {
        "128": 1
      },
      "first_seen_ts_ns": 354844716379,
      "last_seen_ts_ns": 354844716379
    },
    {
      "tgid": 9940,
      "comm": "lmp",
      "cgroup_id": 9645,
      "wait_duration_stats_ns": {
        "count": 1.0,
        "sum": 8181.0,
        "mean": 8181.0,
        "median": 8181.0,
        "min": 8181,
        "max": 8181,
        "variance_ns2": null,
        "iqr_ns": 0.0,
        "q1_ns": 8181.0,
        "q3_ns": 8181.0
      },
      "futex_op_counts": {
        "128": 1
      },
      "first_seen_ts_ns": 432833172992,
      "last_seen_ts_ns": 432833172992
    },
    {
      "tgid": 10203,
      "comm": "lmp",
      "cgroup_id": 9645,
      "wait_duration_stats_ns": {
        "count": 1.0,
        "sum": 8178.0,
        "mean": 8178.0,
        "median": 8178.0,
        "min": 8178,
        "max": 8178,
        "variance_ns2": null,
        "iqr_ns": 0.0,
        "q1_ns": 8178.0,
        "q3_ns": 8178.0
      },
      "futex_op_counts": {
        "128": 1
      },
      "first_seen_ts_ns": 502000622420,
      "last_seen_ts_ns": 502000622420
    },
    {
      "tgid": 10238,
      "comm": "lmp",
      "cgroup_id": 9645,
      "wait_duration_stats_ns": {
        "count": 1.0,
        "sum": 8159.0,
        "mean": 8159.0,
        "median": 8159.0,
        "min": 8159,
        "max": 8159,
        "variance_ns2": null,
        "iqr_ns": 0.0,
        "q1_ns": 8159.0,
        "q3_ns": 8159.0
      },
      "futex_op_counts": {
        "128": 1
      },
      "first_seen_ts_ns": 501994049010,
      "last_seen_ts_ns": 501994049010
    },
    {
      "tgid": 10205,
      "comm": "lmp",
      "cgroup_id": 9645,
      "wait_duration_stats_ns": {
        "count": 1.0,
        "sum": 8147.0,
        "mean": 8147.0,
        "median": 8147.0,
        "min": 8147,
        "max": 8147,
        "variance_ns2": null,
        "iqr_ns": 0.0,
        "q1_ns": 8147.0,
        "q3_ns": 8147.0
      },
      "futex_op_counts": {
        "128": 1
      },
      "first_seen_ts_ns": 502000639286,
      "last_seen_ts_ns": 502000639286
    },
    {
      "tgid": 10216,
      "comm": "lmp",
      "cgroup_id": 9645,
      "wait_duration_stats_ns": {
        "count": 1.0,
        "sum": 7918.0,
        "mean": 7918.0,
        "median": 7918.0,
        "min": 7918,
        "max": 7918,
        "variance_ns2": null,
        "iqr_ns": 0.0,
        "q1_ns": 7918.0,
        "q3_ns": 7918.0
      },
      "futex_op_counts": {
        "128": 1
      },
      "first_seen_ts_ns": 502000871864,
      "last_seen_ts_ns": 502000871864
    },
    {
      "tgid": 9451,
      "comm": "lmp",
      "cgroup_id": 9645,
      "wait_duration_stats_ns": {
        "count": 1.0,
        "sum": 7661.0,
        "mean": 7661.0,
        "median": 7661.0,
        "min": 7661,
        "max": 7661,
        "variance_ns2": null,
        "iqr_ns": 0.0,
        "q1_ns": 7661.0,
        "q3_ns": 7661.0
      },
      "futex_op_counts": {
        "128": 1
      },
      "first_seen_ts_ns": 354845466961,
      "last_seen_ts_ns": 354845466961
    },
    {
      "tgid": 9405,
      "comm": "lmp",
      "cgroup_id": 9645,
      "wait_duration_stats_ns": {
        "count": 1.0,
        "sum": 7593.0,
        "mean": 7593.0,
        "median": 7593.0,
        "min": 7593,
        "max": 7593,
        "variance_ns2": null,
        "iqr_ns": 0.0,
        "q1_ns": 7593.0,
        "q3_ns": 7593.0
      },
      "futex_op_counts": {
        "128": 1
      },
      "first_seen_ts_ns": 354845771187,
      "last_seen_ts_ns": 354845771187
    },
    {
      "tgid": 9362,
      "comm": "lmp",
      "cgroup_id": 9645,
      "wait_duration_stats_ns": {
        "count": 1.0,
        "sum": 7497.0,
        "mean": 7497.0,
        "median": 7497.0,
        "min": 7497,
        "max": 7497,
        "variance_ns2": null,
        "iqr_ns": 0.0,
        "q1_ns": 7497.0,
        "q3_ns": 7497.0
      },
      "futex_op_counts": {
        "128": 1
      },
      "first_seen_ts_ns": 354845729804,
      "last_seen_ts_ns": 354845729804
    },
    {
      "tgid": 10187,
      "comm": "lmp",
      "cgroup_id": 9645,
      "wait_duration_stats_ns": {
        "count": 1.0,
        "sum": 6620.0,
        "mean": 6620.0,
        "median": 6620.0,
        "min": 6620,
        "max": 6620,
        "variance_ns2": null,
        "iqr_ns": 0.0,
        "q1_ns": 6620.0,
        "q3_ns": 6620.0
      },
      "futex_op_counts": {
        "128": 1
      },
      "first_seen_ts_ns": 502000903860,
      "last_seen_ts_ns": 502000903860
    },
    {
      "tgid": 838,
      "comm": "multipathd",
      "cgroup_id": 1702,
      "wait_duration_stats_ns": {
        "count": 1.0,
        "sum": 2156.0,
        "mean": 2156.0,
        "median": 2156.0,
        "min": 2156,
        "max": 2156,
        "variance_ns2": null,
        "iqr_ns": 0.0,
        "q1_ns": 2156.0,
        "q3_ns": 2156.0
      },
      "futex_op_counts": {
        "128": 1
      },
      "first_seen_ts_ns": 496739536102,
      "last_seen_ts_ns": 496739536102
    },
    {
      "tgid": 6783,
      "comm": "flb-pipeline",
      "cgroup_id": 8058,
      "wait_duration_stats_ns": {
        "count": 1.0,
        "sum": 1668.0,
        "mean": 1668.0,
        "median": 1668.0,
        "min": 1668,
        "max": 1668,
        "variance_ns2": null,
        "iqr_ns": 0.0,
        "q1_ns": 1668.0,
        "q3_ns": 1668.0
      },
      "futex_op_counts": {
        "128": 1
      },
      "first_seen_ts_ns": 281506998994,
      "last_seen_ts_ns": 281506998994
    }
  ]
}
[22:21:02] Cleanup complete.
